[I 2025-05-23 02:11:37,464] Trial 99 finished with value: 0.7989438263779948 and parameters: {'interp_param': 0.07078686283105397}. Best is trial 12 with value: 0.800390112779248.
Best hyperparameters: {'interp_param': 0.009705469217808623}
Best optimized value: 0.800390112779248
Tuning threshold scale factor for offline BASE using optuna
  0%|          | 0/100 [00:00<?, ?it/s]                                         0%|          | 0/100 [00:00<?, ?it/s]Best trial: 0. Best value: 0.772728:   0%|          | 0/100 [00:00<?, ?it/s]Best trial: 0. Best value: 0.772728:   1%|          | 1/100 [00:00<00:48,  2.02it/s]                                                                                    Best trial: 0. Best value: 0.772728:   1%|          | 1/100 [00:00<00:48,  2.02it/s]Best trial: 1. Best value: 0.781758:   1%|          | 1/100 [00:00<00:48,  2.02it/s]Best trial: 1. Best value: 0.781758:   2%|▏         | 2/100 [00:00<00:36,  2.66it/s]                                                                                    Best trial: 1. Best value: 0.781758:   2%|▏         | 2/100 [00:01<00:36,  2.66it/s]Best trial: 1. Best value: 0.781758:   2%|▏         | 2/100 [00:01<00:36,  2.66it/s]Best trial: 1. Best value: 0.781758:   3%|▎         | 3/100 [00:01<00:32,  2.96it/s]                                                                                    Best trial: 1. Best value: 0.781758:   3%|▎         | 3/100 [00:01<00:32,  2.96it/s]Best trial: 3. Best value: 0.793703:   3%|▎         | 3/100 [00:01<00:32,  2.96it/s]Best trial: 3. Best value: 0.793703:   4%|▍         | 4/100 [00:01<00:35,  2.69it/s]                                                                                    Best trial: 3. Best value: 0.793703:   4%|▍         | 4/100 [00:01<00:35,  2.69it/s]Best trial: 4. Best value: 0.805877:   4%|▍         | 4/100 [00:01<00:35,  2.69it/s]Best trial: 4. Best value: 0.805877:   5%|▌         | 5/100 [00:01<00:32,  2.91it/s]                                                                                    Best trial: 4. Best value: 0.805877:   5%|▌         | 5/100 [00:02<00:32,  2.91it/s]Best trial: 5. Best value: 0.812085:   5%|▌         | 5/100 [00:02<00:32,  2.91it/s]Best trial: 5. Best value: 0.812085:   6%|▌         | 6/100 [00:02<00:30,  3.07it/s]                                                                                    Best trial: 5. Best value: 0.812085:   6%|▌         | 6/100 [00:02<00:30,  3.07it/s]Best trial: 5. Best value: 0.812085:   6%|▌         | 6/100 [00:02<00:30,  3.07it/s]Best trial: 5. Best value: 0.812085:   7%|▋         | 7/100 [00:02<00:29,  3.18it/s]                                                                                    Best trial: 5. Best value: 0.812085:   7%|▋         | 7/100 [00:02<00:29,  3.18it/s]Best trial: 5. Best value: 0.812085:   7%|▋         | 7/100 [00:02<00:29,  3.18it/s]Best trial: 5. Best value: 0.812085:   8%|▊         | 8/100 [00:02<00:28,  3.25it/s]                                                                                    Best trial: 5. Best value: 0.812085:   8%|▊         | 8/100 [00:03<00:28,  3.25it/s]Best trial: 5. Best value: 0.812085:   8%|▊         | 8/100 [00:03<00:28,  3.25it/s]Best trial: 5. Best value: 0.812085:   9%|▉         | 9/100 [00:03<00:29,  3.06it/s]                                                                                    Best trial: 5. Best value: 0.812085:   9%|▉         | 9/100 [00:03<00:29,  3.06it/s]Best trial: 5. Best value: 0.812085:   9%|▉         | 9/100 [00:03<00:29,  3.06it/s]Best trial: 5. Best value: 0.812085:  10%|█         | 10/100 [00:03<00:28,  3.16it/s]                                                                                     Best trial: 5. Best value: 0.812085:  10%|█         | 10/100 [00:03<00:28,  3.16it/s]Best trial: 5. Best value: 0.812085:  10%|█         | 10/100 [00:03<00:28,  3.16it/s]Best trial: 5. Best value: 0.812085:  11%|█         | 11/100 [00:03<00:27,  3.22it/s]                                                                                     Best trial: 5. Best value: 0.812085:  11%|█         | 11/100 [00:03<00:27,  3.22it/s]Best trial: 5. Best value: 0.812085:  11%|█         | 11/100 [00:03<00:27,  3.22it/s]Best trial: 5. Best value: 0.812085:  12%|█▏        | 12/100 [00:03<00:26,  3.27it/s]                                                                                     Best trial: 5. Best value: 0.812085:  12%|█▏        | 12/100 [00:04<00:26,  3.27it/s]Best trial: 5. Best value: 0.812085:  12%|█▏        | 12/100 [00:04<00:26,  3.27it/s]Best trial: 5. Best value: 0.812085:  13%|█▎        | 13/100 [00:04<00:26,  3.31it/s]                                                                                     Best trial: 5. Best value: 0.812085:  13%|█▎        | 13/100 [00:04<00:26,  3.31it/s]Best trial: 5. Best value: 0.812085:  13%|█▎        | 13/100 [00:04<00:26,  3.31it/s]Best trial: 5. Best value: 0.812085:  14%|█▍        | 14/100 [00:04<00:25,  3.33it/s]                                                                                     Best trial: 5. Best value: 0.812085:  14%|█▍        | 14/100 [00:04<00:25,  3.33it/s]Best trial: 5. Best value: 0.812085:  14%|█▍        | 14/100 [00:04<00:25,  3.33it/s]Best trial: 5. Best value: 0.812085:  15%|█▌        | 15/100 [00:04<00:25,  3.35it/s]                                                                                     Best trial: 5. Best value: 0.812085:  15%|█▌        | 15/100 [00:05<00:25,  3.35it/s]Best trial: 5. Best value: 0.812085:  15%|█▌        | 15/100 [00:05<00:25,  3.35it/s]Best trial: 5. Best value: 0.812085:  16%|█▌        | 16/100 [00:05<00:24,  3.36it/s]                                                                                     Best trial: 5. Best value: 0.812085:  16%|█▌        | 16/100 [00:05<00:24,  3.36it/s]Best trial: 5. Best value: 0.812085:  16%|█▌        | 16/100 [00:05<00:24,  3.36it/s]Best trial: 5. Best value: 0.812085:  17%|█▋        | 17/100 [00:05<00:24,  3.37it/s]                                                                                     Best trial: 5. Best value: 0.812085:  17%|█▋        | 17/100 [00:05<00:24,  3.37it/s]Best trial: 5. Best value: 0.812085:  17%|█▋        | 17/100 [00:05<00:24,  3.37it/s]Best trial: 5. Best value: 0.812085:  18%|█▊        | 18/100 [00:05<00:24,  3.38it/s]                                                                                     Best trial: 5. Best value: 0.812085:  18%|█▊        | 18/100 [00:05<00:24,  3.38it/s]Best trial: 5. Best value: 0.812085:  18%|█▊        | 18/100 [00:05<00:24,  3.38it/s]Best trial: 5. Best value: 0.812085:  19%|█▉        | 19/100 [00:05<00:23,  3.38it/s]                                                                                     Best trial: 5. Best value: 0.812085:  19%|█▉        | 19/100 [00:06<00:23,  3.38it/s]Best trial: 5. Best value: 0.812085:  19%|█▉        | 19/100 [00:06<00:23,  3.38it/s]Best trial: 5. Best value: 0.812085:  20%|██        | 20/100 [00:06<00:23,  3.38it/s]                                                                                     Best trial: 5. Best value: 0.812085:  20%|██        | 20/100 [00:06<00:23,  3.38it/s]Best trial: 5. Best value: 0.812085:  20%|██        | 20/100 [00:06<00:23,  3.38it/s]Best trial: 5. Best value: 0.812085:  21%|██        | 21/100 [00:06<00:23,  3.39it/s]                                                                                     Best trial: 5. Best value: 0.812085:  21%|██        | 21/100 [00:06<00:23,  3.39it/s]Best trial: 21. Best value: 0.812177:  21%|██        | 21/100 [00:06<00:23,  3.39it/s]Best trial: 21. Best value: 0.812177:  22%|██▏       | 22/100 [00:06<00:23,  3.38it/s]                                                                                      Best trial: 21. Best value: 0.812177:  22%|██▏       | 22/100 [00:07<00:23,  3.38it/s]Best trial: 21. Best value: 0.812177:  22%|██▏       | 22/100 [00:07<00:23,  3.38it/s]Best trial: 21. Best value: 0.812177:  23%|██▎       | 23/100 [00:07<00:22,  3.38it/s]                                                                                      Best trial: 21. Best value: 0.812177:  23%|██▎       | 23/100 [00:07<00:22,  3.38it/s]Best trial: 21. Best value: 0.812177:  23%|██▎       | 23/100 [00:07<00:22,  3.38it/s]Best trial: 21. Best value: 0.812177:  24%|██▍       | 24/100 [00:07<00:22,  3.38it/s]                                                                                      Best trial: 21. Best value: 0.812177:  24%|██▍       | 24/100 [00:07<00:22,  3.38it/s]Best trial: 21. Best value: 0.812177:  24%|██▍       | 24/100 [00:07<00:22,  3.38it/s]Best trial: 21. Best value: 0.812177:  25%|██▌       | 25/100 [00:07<00:22,  3.38it/s]                                                                                      Best trial: 21. Best value: 0.812177:  25%|██▌       | 25/100 [00:08<00:22,  3.38it/s]Best trial: 21. Best value: 0.812177:  25%|██▌       | 25/100 [00:08<00:22,  3.38it/s]Best trial: 21. Best value: 0.812177:  26%|██▌       | 26/100 [00:08<00:21,  3.39it/s]                                                                                      Best trial: 21. Best value: 0.812177:  26%|██▌       | 26/100 [00:08<00:21,  3.39it/s]Best trial: 21. Best value: 0.812177:  26%|██▌       | 26/100 [00:08<00:21,  3.39it/s]Best trial: 21. Best value: 0.812177:  27%|██▋       | 27/100 [00:08<00:23,  3.16it/s]                                                                                      Best trial: 21. Best value: 0.812177:  27%|██▋       | 27/100 [00:08<00:23,  3.16it/s]Best trial: 21. Best value: 0.812177:  27%|██▋       | 27/100 [00:08<00:23,  3.16it/s]Best trial: 21. Best value: 0.812177:  28%|██▊       | 28/100 [00:08<00:22,  3.22it/s]                                                                                      Best trial: 21. Best value: 0.812177:  28%|██▊       | 28/100 [00:09<00:22,  3.22it/s]Best trial: 21. Best value: 0.812177:  28%|██▊       | 28/100 [00:09<00:22,  3.22it/s]Best trial: 21. Best value: 0.812177:  29%|██▉       | 29/100 [00:09<00:21,  3.27it/s]                                                                                      Best trial: 21. Best value: 0.812177:  29%|██▉       | 29/100 [00:09<00:21,  3.27it/s]Best trial: 21. Best value: 0.812177:  29%|██▉       | 29/100 [00:09<00:21,  3.27it/s]Best trial: 21. Best value: 0.812177:  30%|███       | 30/100 [00:09<00:21,  3.31it/s]                                                                                      Best trial: 21. Best value: 0.812177:  30%|███       | 30/100 [00:09<00:21,  3.31it/s]Best trial: 21. Best value: 0.812177:  30%|███       | 30/100 [00:09<00:21,  3.31it/s]Best trial: 21. Best value: 0.812177:  31%|███       | 31/100 [00:09<00:20,  3.33it/s]                                                                                      Best trial: 21. Best value: 0.812177:  31%|███       | 31/100 [00:09<00:20,  3.33it/s]Best trial: 21. Best value: 0.812177:  31%|███       | 31/100 [00:09<00:20,  3.33it/s]Best trial: 21. Best value: 0.812177:  32%|███▏      | 32/100 [00:09<00:20,  3.35it/s]                                                                                      Best trial: 21. Best value: 0.812177:  32%|███▏      | 32/100 [00:10<00:20,  3.35it/s]Best trial: 21. Best value: 0.812177:  32%|███▏      | 32/100 [00:10<00:20,  3.35it/s]Best trial: 21. Best value: 0.812177:  33%|███▎      | 33/100 [00:10<00:19,  3.36it/s]                                                                                      Best trial: 21. Best value: 0.812177:  33%|███▎      | 33/100 [00:10<00:19,  3.36it/s]Best trial: 21. Best value: 0.812177:  33%|███▎      | 33/100 [00:10<00:19,  3.36it/s]Best trial: 21. Best value: 0.812177:  34%|███▍      | 34/100 [00:10<00:19,  3.37it/s]                                                                                      Best trial: 21. Best value: 0.812177:  34%|███▍      | 34/100 [00:10<00:19,  3.37it/s]Best trial: 21. Best value: 0.812177:  34%|███▍      | 34/100 [00:10<00:19,  3.37it/s]Best trial: 21. Best value: 0.812177:  35%|███▌      | 35/100 [00:10<00:19,  3.38it/s]                                                                                      Best trial: 21. Best value: 0.812177:  35%|███▌      | 35/100 [00:11<00:19,  3.38it/s]Best trial: 21. Best value: 0.812177:  35%|███▌      | 35/100 [00:11<00:19,  3.38it/s]Best trial: 21. Best value: 0.812177:  36%|███▌      | 36/100 [00:11<00:18,  3.37it/s]                                                                                      Best trial: 21. Best value: 0.812177:  36%|███▌      | 36/100 [00:11<00:18,  3.37it/s]Best trial: 21. Best value: 0.812177:  36%|███▌      | 36/100 [00:11<00:18,  3.37it/s]Best trial: 21. Best value: 0.812177:  37%|███▋      | 37/100 [00:11<00:18,  3.37it/s]                                                                                      Best trial: 21. Best value: 0.812177:  37%|███▋      | 37/100 [00:11<00:18,  3.37it/s]Best trial: 21. Best value: 0.812177:  37%|███▋      | 37/100 [00:11<00:18,  3.37it/s]Best trial: 21. Best value: 0.812177:  38%|███▊      | 38/100 [00:11<00:18,  3.38it/s]                                                                                      Best trial: 21. Best value: 0.812177:  38%|███▊      | 38/100 [00:11<00:18,  3.38it/s]Best trial: 21. Best value: 0.812177:  38%|███▊      | 38/100 [00:11<00:18,  3.38it/s]Best trial: 21. Best value: 0.812177:  39%|███▉      | 39/100 [00:11<00:18,  3.38it/s]                                                                                      Best trial: 21. Best value: 0.812177:  39%|███▉      | 39/100 [00:12<00:18,  3.38it/s]Best trial: 21. Best value: 0.812177:  39%|███▉      | 39/100 [00:12<00:18,  3.38it/s]Best trial: 21. Best value: 0.812177:  40%|████      | 40/100 [00:12<00:17,  3.38it/s]                                                                                      Best trial: 21. Best value: 0.812177:  40%|████      | 40/100 [00:12<00:17,  3.38it/s]Best trial: 21. Best value: 0.812177:  40%|████      | 40/100 [00:12<00:17,  3.38it/s]Best trial: 21. Best value: 0.812177:  41%|████      | 41/100 [00:12<00:17,  3.39it/s]                                                                                      Best trial: 21. Best value: 0.812177:  41%|████      | 41/100 [00:12<00:17,  3.39it/s]Best trial: 41. Best value: 0.812235:  41%|████      | 41/100 [00:12<00:17,  3.39it/s]Best trial: 41. Best value: 0.812235:  42%|████▏     | 42/100 [00:12<00:17,  3.39it/s]                                                                                      Best trial: 41. Best value: 0.812235:  42%|████▏     | 42/100 [00:13<00:17,  3.39it/s]Best trial: 41. Best value: 0.812235:  42%|████▏     | 42/100 [00:13<00:17,  3.39it/s]Best trial: 41. Best value: 0.812235:  43%|████▎     | 43/100 [00:13<00:16,  3.38it/s]                                                                                      Best trial: 41. Best value: 0.812235:  43%|████▎     | 43/100 [00:13<00:16,  3.38it/s]Best trial: 41. Best value: 0.812235:  43%|████▎     | 43/100 [00:13<00:16,  3.38it/s]Best trial: 41. Best value: 0.812235:  44%|████▍     | 44/100 [00:13<00:16,  3.39it/s]                                                                                      Best trial: 41. Best value: 0.812235:  44%|████▍     | 44/100 [00:13<00:16,  3.39it/s]Best trial: 41. Best value: 0.812235:  44%|████▍     | 44/100 [00:13<00:16,  3.39it/s]Best trial: 41. Best value: 0.812235:  45%|████▌     | 45/100 [00:13<00:16,  3.39it/s]                                                                                      Best trial: 41. Best value: 0.812235:  45%|████▌     | 45/100 [00:14<00:16,  3.39it/s]Best trial: 41. Best value: 0.812235:  45%|████▌     | 45/100 [00:14<00:16,  3.39it/s]Best trial: 41. Best value: 0.812235:  46%|████▌     | 46/100 [00:14<00:15,  3.39it/s]                                                                                      Best trial: 41. Best value: 0.812235:  46%|████▌     | 46/100 [00:14<00:15,  3.39it/s]Best trial: 41. Best value: 0.812235:  46%|████▌     | 46/100 [00:14<00:15,  3.39it/s]Best trial: 41. Best value: 0.812235:  47%|████▋     | 47/100 [00:14<00:15,  3.39it/s]                                                                                      Best trial: 41. Best value: 0.812235:  47%|████▋     | 47/100 [00:14<00:15,  3.39it/s]Best trial: 41. Best value: 0.812235:  47%|████▋     | 47/100 [00:14<00:15,  3.39it/s]Best trial: 41. Best value: 0.812235:  48%|████▊     | 48/100 [00:14<00:15,  3.38it/s]                                                                                      Best trial: 41. Best value: 0.812235:  48%|████▊     | 48/100 [00:14<00:15,  3.38it/s]Best trial: 41. Best value: 0.812235:  48%|████▊     | 48/100 [00:14<00:15,  3.38it/s]Best trial: 41. Best value: 0.812235:  49%|████▉     | 49/100 [00:14<00:15,  3.38it/s]                                                                                      Best trial: 41. Best value: 0.812235:  49%|████▉     | 49/100 [00:15<00:15,  3.38it/s]Best trial: 41. Best value: 0.812235:  49%|████▉     | 49/100 [00:15<00:15,  3.38it/s]Best trial: 41. Best value: 0.812235:  50%|█████     | 50/100 [00:15<00:14,  3.38it/s]                                                                                      Best trial: 41. Best value: 0.812235:  50%|█████     | 50/100 [00:15<00:14,  3.38it/s]Best trial: 41. Best value: 0.812235:  50%|█████     | 50/100 [00:15<00:14,  3.38it/s]Best trial: 41. Best value: 0.812235:  51%|█████     | 51/100 [00:15<00:14,  3.38it/s]                                                                                      Best trial: 41. Best value: 0.812235:  51%|█████     | 51/100 [00:15<00:14,  3.38it/s]Best trial: 51. Best value: 0.812335:  51%|█████     | 51/100 [00:15<00:14,  3.38it/s]Best trial: 51. Best value: 0.812335:  52%|█████▏    | 52/100 [00:15<00:14,  3.38it/s]                                                                                      Best trial: 51. Best value: 0.812335:  52%|█████▏    | 52/100 [00:16<00:14,  3.38it/s]Best trial: 51. Best value: 0.812335:  52%|█████▏    | 52/100 [00:16<00:14,  3.38it/s]Best trial: 51. Best value: 0.812335:  53%|█████▎    | 53/100 [00:16<00:13,  3.39it/s]                                                                                      Best trial: 51. Best value: 0.812335:  53%|█████▎    | 53/100 [00:16<00:13,  3.39it/s]Best trial: 51. Best value: 0.812335:  53%|█████▎    | 53/100 [00:16<00:13,  3.39it/s]Best trial: 51. Best value: 0.812335:  54%|█████▍    | 54/100 [00:16<00:13,  3.39it/s]                                                                                      Best trial: 51. Best value: 0.812335:  54%|█████▍    | 54/100 [00:16<00:13,  3.39it/s]Best trial: 51. Best value: 0.812335:  54%|█████▍    | 54/100 [00:16<00:13,  3.39it/s]Best trial: 51. Best value: 0.812335:  55%|█████▌    | 55/100 [00:16<00:13,  3.39it/s]                                                                                      Best trial: 51. Best value: 0.812335:  55%|█████▌    | 55/100 [00:16<00:13,  3.39it/s]Best trial: 51. Best value: 0.812335:  55%|█████▌    | 55/100 [00:16<00:13,  3.39it/s]Best trial: 51. Best value: 0.812335:  56%|█████▌    | 56/100 [00:16<00:12,  3.39it/s]                                                                                      Best trial: 51. Best value: 0.812335:  56%|█████▌    | 56/100 [00:17<00:12,  3.39it/s]Best trial: 51. Best value: 0.812335:  56%|█████▌    | 56/100 [00:17<00:12,  3.39it/s]Best trial: 51. Best value: 0.812335:  57%|█████▋    | 57/100 [00:17<00:12,  3.39it/s]                                                                                      Best trial: 51. Best value: 0.812335:  57%|█████▋    | 57/100 [00:17<00:12,  3.39it/s]Best trial: 51. Best value: 0.812335:  57%|█████▋    | 57/100 [00:17<00:12,  3.39it/s]Best trial: 51. Best value: 0.812335:  58%|█████▊    | 58/100 [00:17<00:12,  3.39it/s]                                                                                      Best trial: 51. Best value: 0.812335:  58%|█████▊    | 58/100 [00:17<00:12,  3.39it/s]Best trial: 51. Best value: 0.812335:  58%|█████▊    | 58/100 [00:17<00:12,  3.39it/s]Best trial: 51. Best value: 0.812335:  59%|█████▉    | 59/100 [00:17<00:12,  3.39it/s]                                                                                      Best trial: 51. Best value: 0.812335:  59%|█████▉    | 59/100 [00:18<00:12,  3.39it/s]Best trial: 51. Best value: 0.812335:  59%|█████▉    | 59/100 [00:18<00:12,  3.39it/s]Best trial: 51. Best value: 0.812335:  60%|██████    | 60/100 [00:18<00:11,  3.38it/s]                                                                                      Best trial: 51. Best value: 0.812335:  60%|██████    | 60/100 [00:18<00:11,  3.38it/s]Best trial: 51. Best value: 0.812335:  60%|██████    | 60/100 [00:18<00:11,  3.38it/s]Best trial: 51. Best value: 0.812335:  61%|██████    | 61/100 [00:18<00:11,  3.39it/s]                                                                                      Best trial: 51. Best value: 0.812335:  61%|██████    | 61/100 [00:18<00:11,  3.39it/s]Best trial: 51. Best value: 0.812335:  61%|██████    | 61/100 [00:18<00:11,  3.39it/s]Best trial: 51. Best value: 0.812335:  62%|██████▏   | 62/100 [00:18<00:11,  3.38it/s]                                                                                      Best trial: 51. Best value: 0.812335:  62%|██████▏   | 62/100 [00:19<00:11,  3.38it/s]Best trial: 51. Best value: 