[I 2025-05-23 02:14:47,927] Trial 0 finished with value: 0.7740209349993061 and parameters: {'threshold_scale_factor': 0.05786989077629001}. Best is trial 0 with value: 0.7740209349993061.
[I 2025-05-23 02:14:48,294] Trial 1 finished with value: 0.8291335890883018 and parameters: {'threshold_scale_factor': 0.6483660674496767}. Best is trial 1 with value: 0.8291335890883018.
[I 2025-05-23 02:14:48,661] Trial 2 finished with value: 0.83243074668116 and parameters: {'threshold_scale_factor': 0.2084907998294544}. Best is trial 2 with value: 0.83243074668116.
[I 2025-05-23 02:14:49,030] Trial 3 finished with value: 0.8298800028331561 and parameters: {'threshold_scale_factor': 0.6427895499895562}. Best is trial 2 with value: 0.83243074668116.
[I 2025-05-23 02:14:49,397] Trial 4 finished with value: 0.8190493243790185 and parameters: {'threshold_scale_factor': 0.7206337878740796}. Best is trial 2 with value: 0.83243074668116.
[I 2025-05-23 02:14:49,763] Trial 5 finished with value: 0.8475579568319533 and parameters: {'threshold_scale_factor': 0.2976584824592031}. Best is trial 5 with value: 0.8475579568319533.
[I 2025-05-23 02:14:50,130] Trial 6 finished with value: 0.826908622045423 and parameters: {'threshold_scale_factor': 0.18352063675596786}. Best is trial 5 with value: 0.8475579568319533.
[I 2025-05-23 02:14:50,497] Trial 7 finished with value: 0.8082179231809982 and parameters: {'threshold_scale_factor': 0.12420956483648227}. Best is trial 5 with value: 0.8475579568319533.
[I 2025-05-23 02:14:50,864] Trial 8 finished with value: 0.8182436456357833 and parameters: {'threshold_scale_factor': 0.7278005247363146}. Best is trial 5 with value: 0.8475579568319533.
[I 2025-05-23 02:14:51,231] Trial 9 finished with value: 0.7976349651926546 and parameters: {'threshold_scale_factor': 0.09963154104308614}. Best is trial 5 with value: 0.8475579568319533.
[I 2025-05-23 02:14:51,603] Trial 10 finished with value: 0.8502554176881447 and parameters: {'threshold_scale_factor': 0.3874165837130205}. Best is trial 10 with value: 0.8502554176881447.
[I 2025-05-23 02:14:51,972] Trial 11 finished with value: 0.8500369683495999 and parameters: {'threshold_scale_factor': 0.3966621621262047}. Best is trial 10 with value: 0.8502554176881447.
[I 2025-05-23 02:14:52,340] Trial 12 finished with value: 0.8496091039710439 and parameters: {'threshold_scale_factor': 0.44225720418467346}. Best is trial 10 with value: 0.8502554176881447.
[I 2025-05-23 02:14:52,708] Trial 13 finished with value: 0.8497108301725335 and parameters: {'threshold_scale_factor': 0.4389763736096642}. Best is trial 10 with value: 0.8502554176881447.
[I 2025-05-23 02:14:53,075] Trial 14 finished with value: 0.7770414623710625 and parameters: {'threshold_scale_factor': 0.9763502157287164}. Best is trial 10 with value: 0.8502554176881447.
[I 2025-05-23 02:14:53,444] Trial 15 finished with value: 0.8500964140339515 and parameters: {'threshold_scale_factor': 0.3435138606665615}. Best is trial 10 with value: 0.8502554176881447.
[I 2025-05-23 02:14:53,811] Trial 16 finished with value: 0.8497659393935889 and parameters: {'threshold_scale_factor': 0.3341540855358628}. Best is trial 10 with value: 0.8502554176881447.
[I 2025-05-23 02:14:54,181] Trial 17 finished with value: 0.8407477219112818 and parameters: {'threshold_scale_factor': 0.5658765737097698}. Best is trial 10 with value: 0.8502554176881447.
[I 2025-05-23 02:14:54,550] Trial 18 finished with value: 0.8440651163328554 and parameters: {'threshold_scale_factor': 0.26926825811759963}. Best is trial 10 with value: 0.8502554176881447.
[I 2025-05-23 02:14:54,918] Trial 19 finished with value: 0.7932249627064157 and parameters: {'threshold_scale_factor': 0.8819837830406898}. Best is trial 10 with value: 0.8502554176881447.
[I 2025-05-23 02:14:55,289] Trial 20 finished with value: 0.7265014281419121 and parameters: {'threshold_scale_factor': 0.0002786704229479353}. Best is trial 10 with value: 0.8502554176881447.
[I 2025-05-23 02:14:55,658] Trial 21 finished with value: 0.8500029993871132 and parameters: {'threshold_scale_factor': 0.39773002305408134}. Best is trial 10 with value: 0.8502554176881447.
[I 2025-05-23 02:14:56,029] Trial 22 finished with value: 0.8455427662010271 and parameters: {'threshold_scale_factor': 0.5142140845532707}. Best is trial 10 with value: 0.8502554176881447.
[I 2025-05-23 02:14:56,397] Trial 23 finished with value: 0.8506005278921319 and parameters: {'threshold_scale_factor': 0.3689675212545449}. Best is trial 23 with value: 0.8506005278921319.
[I 2025-05-23 02:14:56,768] Trial 24 finished with value: 0.849767023509413 and parameters: {'threshold_scale_factor': 0.3339955157085719}. Best is trial 23 with value: 0.8506005278921319.
[I 2025-05-23 02:14:57,138] Trial 25 finished with value: 0.8459778580184099 and parameters: {'threshold_scale_factor': 0.5066925420956949}. Best is trial 23 with value: 0.8506005278921319.
[I 2025-05-23 02:14:57,509] Trial 26 finished with value: 0.8424425563162034 and parameters: {'threshold_scale_factor': 0.2583976633617242}. Best is trial 23 with value: 0.8506005278921319.
[I 2025-05-23 02:14:57,880] Trial 27 finished with value: 0.8391417850039317 and parameters: {'threshold_scale_factor': 0.5784811739612836}. Best is trial 23 with value: 0.8506005278921319.
[I 2025-05-23 02:14:58,251] Trial 28 finished with value: 0.8287252387945787 and parameters: {'threshold_scale_factor': 0.19104756836469544}. Best is trial 23 with value: 0.8506005278921319.
[I 2025-05-23 02:14:58,621] Trial 29 finished with value: 0.8504722408529534 and parameters: {'threshold_scale_factor': 0.38203650385942367}. Best is trial 23 with value: 0.8506005278921319.
[I 2025-05-23 02:14:58,992] Trial 30 finished with value: 0.8496893285420232 and parameters: {'threshold_scale_factor': 0.4153556385781662}. Best is trial 23 with value: 0.8506005278921319.
[I 2025-05-23 02:14:59,361] Trial 31 finished with value: 0.8502870377330125 and parameters: {'threshold_scale_factor': 0.3496648444608955}. Best is trial 23 with value: 0.8506005278921319.
[I 2025-05-23 02:14:59,732] Trial 32 finished with value: 0.8488827463689346 and parameters: {'threshold_scale_factor': 0.46115663755042824}. Best is trial 23 with value: 0.8506005278921319.
[I 2025-05-23 02:15:00,104] Trial 33 finished with value: 0.8423032474328137 and parameters: {'threshold_scale_factor': 0.25722987956862775}. Best is trial 23 with value: 0.8506005278921319.
[I 2025-05-23 02:15:00,473] Trial 34 finished with value: 0.8504995244345253 and parameters: {'threshold_scale_factor': 0.356889381221736}. Best is trial 23 with value: 0.8506005278921319.
[I 2025-05-23 02:15:00,843] Trial 35 finished with value: 0.8421693591285444 and parameters: {'threshold_scale_factor': 0.5532981828000727}. Best is trial 23 with value: 0.8506005278921319.
[I 2025-05-23 02:15:01,212] Trial 36 finished with value: 0.8338408199962996 and parameters: {'threshold_scale_factor': 0.2145204174850806}. Best is trial 23 with value: 0.8506005278921319.
[I 2025-05-23 02:15:01,584] Trial 37 finished with value: 0.8499014538715943 and parameters: {'threshold_scale_factor': 0.33834595335319867}. Best is trial 23 with value: 0.8506005278921319.
[I 2025-05-23 02:15:01,955] Trial 38 finished with value: 0.8183110415028447 and parameters: {'threshold_scale_factor': 0.15313867900018463}. Best is trial 23 with value: 0.8506005278921319.
[I 2025-05-23 02:15:02,463] Trial 39 finished with value: 0.8302952191937648 and parameters: {'threshold_scale_factor': 0.6398081735676394}. Best is trial 23 with value: 0.8506005278921319.
[I 2025-05-23 02:15:02,833] Trial 40 finished with value: 0.8474094329640594 and parameters: {'threshold_scale_factor': 0.48838579531385323}. Best is trial 23 with value: 0.8506005278921319.
[I 2025-05-23 02:15:03,204] Trial 41 finished with value: 0.850652023393774 and parameters: {'threshold_scale_factor': 0.37661812436284786}. Best is trial 41 with value: 0.850652023393774.
[I 2025-05-23 02:15:03,574] Trial 42 finished with value: 0.8486209323974283 and parameters: {'threshold_scale_factor': 0.3092428030000915}. Best is trial 41 with value: 0.850652023393774.
[I 2025-05-23 02:15:03,943] Trial 43 finished with value: 0.8505573439451408 and parameters: {'threshold_scale_factor': 0.36239984814058396}. Best is trial 41 with value: 0.850652023393774.
[I 2025-05-23 02:15:04,314] Trial 44 finished with value: 0.8378688523405338 and parameters: {'threshold_scale_factor': 0.23130357106395455}. Best is trial 41 with value: 0.850652023393774.
[I 2025-05-23 02:15:04,683] Trial 45 finished with value: 0.8501977788634997 and parameters: {'threshold_scale_factor': 0.3896943587127413}. Best is trial 41 with value: 0.850652023393774.
[I 2025-05-23 02:15:05,057] Trial 46 finished with value: 0.8474148535431796 and parameters: {'threshold_scale_factor': 0.29590036831911115}. Best is trial 41 with value: 0.850652023393774.
[I 2025-05-23 02:15:05,427] Trial 47 finished with value: 0.8485172186502614 and parameters: {'threshold_scale_factor': 0.47147779348736574}. Best is trial 41 with value: 0.850652023393774.
[I 2025-05-23 02:15:05,797] Trial 48 finished with value: 0.8505672816735279 and parameters: {'threshold_scale_factor': 0.3630554514191522}. Best is trial 41 with value: 0.850652023393774.
[I 2025-05-23 02:15:06,172] Trial 49 finished with value: 0.8166069921134187 and parameters: {'threshold_scale_factor': 0.14776253433217512}. Best is trial 41 with value: 0.850652023393774.
[I 2025-05-23 02:15:06,542] Trial 50 finished with value: 0.7977256695499328 and parameters: {'threshold_scale_factor': 0.0998208686349279}. Best is trial 41 with value: 0.850652023393774.
[I 2025-05-23 02:15:06,911] Trial 51 finished with value: 0.8506261852999676 and parameters: {'threshold_scale_factor': 0.374991582572426}. Best is trial 41 with value: 0.850652023393774.
[I 2025-05-23 02:15:07,280] Trial 52 finished with value: 0.8497438957051667 and parameters: {'threshold_scale_factor': 0.43626073312564134}. Best is trial 41 with value: 0.850652023393774.
[I 2025-05-23 02:15:07,650] Trial 53 finished with value: 0.8505880605601555 and parameters: {'threshold_scale_factor': 0.35970942232887615}. Best is trial 41 with value: 0.850652023393774.
[I 2025-05-23 02:15:08,019] Trial 54 finished with value: 0.8467445085919794 and parameters: {'threshold_scale_factor': 0.28963655416035416}. Best is trial 41 with value: 0.850652023393774.
[I 2025-05-23 02:15:08,391] Trial 55 finished with value: 0.8446787258892641 and parameters: {'threshold_scale_factor': 0.5267197732917587}. Best is trial 41 with value: 0.850652023393774.
[I 2025-05-23 02:15:08,760] Trial 56 finished with value: 0.8493425921643 and parameters: {'threshold_scale_factor': 0.4470978389813023}. Best is trial 41 with value: 0.850652023393774.
[I 2025-05-23 02:15:09,132] Trial 57 finished with value: 0.8505978176025719 and parameters: {'threshold_scale_factor': 0.36692523662570065}. Best is trial 41 with value: 0.850652023393774.
[I 2025-05-23 02:15:09,500] Trial 58 finished with value: 0.8496826431611082 and parameters: {'threshold_scale_factor': 0.41909400098560473}. Best is trial 41 with value: 0.850652023393774.
[I 2025-05-23 02:15:09,872] Trial 59 finished with value: 0.8357204961492206 and parameters: {'threshold_scale_factor': 0.603047171368984}. Best is trial 41 with value: 0.850652023393774.
[I 2025-05-23 02:15:10,241] Trial 60 finished with value: 0.8144758010893196 and parameters: {'threshold_scale_factor': 0.7587763991315148}. Best is trial 41 with value: 0.850652023393774.
[I 2025-05-23 02:15:10,613] Trial 61 finished with value: 0.850653107509598 and parameters: {'threshold_scale_factor': 0.3772907013295585}. Best is trial 61 with value: 0.850653107509598.
[I 2025-05-23 02:15:10,984] Trial 62 finished with value: 0.8480779710555529 and parameters: {'threshold_scale_factor': 0.3030496015051466}. Best is trial 61 with value: 0.850653107509598.
[I 2025-05-23 02:15:11,353] Trial 63 finished with value: 0.8399234325130672 and parameters: {'threshold_scale_factor': 0.24159936825550932}. Best is trial 61 with value: 0.850653107509598.
[I 2025-05-23 02:15:11,723] Trial 64 finished with value: 0.8503098041653177 and parameters: {'threshold_scale_factor': 0.3858844656278149}. Best is trial 61 with value: 0.850653107509598.
[I 2025-05-23 02:15:12,093] Trial 65 finished with value: 0.8496495776284749 and parameters: {'threshold_scale_factor': 0.32936718411234217}. Best is trial 61 with value: 0.850653107509598.
[I 2025-05-23 02:15:12,462] Trial 66 finished with value: 0.8498387558397706 and parameters: {'threshold_scale_factor': 0.40447816441867085}. Best is trial 61 with value: 0.850653107509598.
[I 2025-05-23 02:15:12,831] Trial 67 finished with value: 0.8481894542994588 and parameters: {'threshold_scale_factor': 0.47629255561294875}. Best is trial 61 with value: 0.850653107509598.
[I 2025-05-23 02:15:13,198] Trial 68 finished with value: 0.8452670394097783 and parameters: {'threshold_scale_factor': 0.2766465493917231}. Best is trial 61 with value: 0.850653107509598.
[I 2025-05-23 02:15:13,569] Trial 69 finished with value: 0.8505983596604838 and parameters: {'threshold_scale_factor': 0.36937962307126365}. Best is trial 61 with value: 0.850653107509598.
[I 2025-05-23 02:15:13,939] Trial 70 finished with value: 0.8496878830542578 and parameters: {'threshold_scale_factor': 0.4252551839727712}. Best is trial 61 with value: 0.850653107509598.
[I 2025-05-23 02:15:14,308] Trial 71 finished with value: 0.8490749962417319 and parameters: {'threshold_scale_factor': 0.3181496254622247}. Best is trial 61 with value: 0.850653107509598.
[I 2025-05-23 02:15:14,678] Trial 72 finished with value: 0.8505943845691291 and parameters: {'threshold_scale_factor': 0.37158255438258425}. Best is trial 61 with value: 0.850653107509598.
[I 2025-05-23 02:15:15,051] Trial 73 finished with value: 0.8505923970234517 and parameters: {'threshold_scale_factor': 0.37295622651428983}. Best is trial 61 with value: 0.850653107509598.
[I 2025-05-23 02:15:15,424] Trial 74 finished with value: 0.8445034604977104 and parameters: {'threshold_scale_factor': 0.5291414444476074}. Best is trial 61 with value: 0.850653107509598.
[I 2025-05-23 02:15:15,794] Trial 75 finished with value: 0.8493106107474907 and parameters: {'threshold_scale_factor': 0.4480592926349916}. Best is trial 61 with value: 0.850653107509598.
[I 2025-05-23 02:15:16,165] Trial 76 finished with value: 0.8503996050927426 and parameters: {'threshold_scale_factor': 0.38325136592114256}. Best is trial 61 with value: 0.850653107509598.
[I 2025-05-23 02:15:16,534] Trial 77 finished with value: 0.8496875216823164 and parameters: {'threshold_scale_factor': 0.4143456945342387}. Best is trial 61 with value: 0.850653107509598.
[I 2025-05-23 02:15:16,905] Trial 78 finished with value: 0.8439894089111429 and parameters: {'threshold_scale_factor': 0.26882027419118576}. Best is trial 61 with value: 0.850653107509598.
[I 2025-05-23 02:15:17,276] Trial 79 finished with value: 0.8474175638327397 and parameters: {'threshold_scale_factor': 0.488303259325993}. Best is trial 61 with value: 0.850653107509598.
[I 2025-05-23 02:15:19,409] Trial 80 finished with value: 0.8493675268282528 and parameters: {'threshold_scale_factor': 0.3231577711606969}. Best is trial 61 with value: 0.850653107509598.
[I 2025-05-23 02:15:20,545] Trial 81 finished with value: 0.8505609576645543 and parameters: {'threshold_scale_factor': 0.3589092415453229}. Best is trial 61 with value: 0.850653107509598.
[I 2025-05-23 02:15:21,006] Trial 82 finished with value: 0.8506019733798973 and parameters: {'threshold_scale_factor': 0.37101282094408267}. Best is trial 61 with value: 0.850653107509598.
[I 2025-05-23 02:15:22,519] Trial 83 finished with value: 0.8505813751792404 and parameters: {'threshold_scale_factor': 0.3796748220582502}. Best is trial 61 with value: 0.850653107509598.
[I 2025-05-23 02:15:23,161] Trial 84 finished with value: 0.8489065969170636 and parameters: {'threshold_scale_factor': 0.4596738473336195}. Best is trial 61 with value: 0.850653107509598.
[I 2025-05-23 02:15:23,866] Trial 85 finished with value: 0.8497663007655303 and parameters: {'threshold_scale_factor': 0.33394924856004726}. Best is trial 61 with value: 0.850653107509598.
[I 2025-05-23 02:15:25,422] Trial 86 finished with value: 0.8497596153846153 and parameters: {'threshold_scale_factor': 0.40652656064258613}. Best is trial 61 with value: 0.850653107509598.
[I 2025-05-23 02:15:26,741] Trial 87 finished with value: 0.8365373774226375 and parameters: {'threshold_scale_factor': 0.2253471892490658}. Best is trial 61 with value: 0.850653107509598.
[I 2025-05-23 02:15:27,169] Trial 88 finished with value: 0.8505996244622785 and parameters: {'threshold_scale_factor': 0.36757977109068374}. Best is trial 61 with value: 0.850653107509598.
[I 2025-05-23 02:15:28,171] Trial 89 finished with value: 0.8302692004139876 and parameters: {'threshold_scale_factor': 0.1988065327433802}. Best is trial 61 with value: 0.850653107509598.
[I 2025-05-23 02:15:29,535] Trial 90 finished with value: 0.84883323841297 and parameters: {'threshold_scale_factor': 0.31280330379724236}. Best is trial 61 with value: 0.850653107509598.
[I 2025-05-23 02:15:30,077] Trial 91 finished with value: 0.8505961914288358 and parameters: {'threshold_scale_factor': 0.36732634680466786}. Best is trial 61 with value: 0.850653107509598.
[I 2025-05-23 02:15:30,479] Trial 92 finished with value: 0.8468619544729173 and parameters: {'threshold_scale_factor': 0.29067866279975185}. Best is trial 61 with value: 0.850653107509598.
[I 2025-05-23 02:15:32,425] Trial 93 finished with value: 0.8502693305078866 and parameters: {'threshold_scale_factor': 0.3489239558333744}. Best is trial 61 with value: 0.850653107509598.
[I 2025-05-23 02:15:33,426] Trial 94 finished with value: 0.8496934843193487 and parameters: {'threshold_scale_factor': 0.4246352764122784}. Best is trial 61 with value: 0.850653107509598.
[I 2025-05-23 02:15:35,180] Trial 95 finished with value: 0.8500315477704796 and parameters: {'threshold_scale_factor': 0.39708625314392837}. Best is trial 61 with value: 0.850653107509598.
[I 2025-05-23 02:15:37,121] Trial 96 finished with value: 0.8500985822655998 and parameters: {'threshold_scale_factor': 0.34357647997375207}. Best is trial 61 with value: 0.850653107509598.
[I 2025-05-23 02:15:39,985] Trial 97 finished with value: 0.8418005790623988 and parameters: {'threshold_scale_factor': 0.25324766630674733}. Best is trial 61 with value: 0.850653107509598.
[I 2025-05-23 02:15:40,390] Trial 98 finished with value: 0.8497019765599704 and parameters: {'threshold_scale_factor': 0.43924567980599816}. Best is trial 61 with value: 0.850653107509598.
