This job can be monitored from: https://job.c3se.chalmers.se/alvis/4540142
/usr/share/lmod/lmod/init/bash: /usr/share/lmod/lmod/libexec/addto: /usr/bin/lua: bad interpreter: No such file or directory
no change     /opt/conda/condabin/conda
no change     /opt/conda/bin/conda
no change     /opt/conda/bin/conda-env
no change     /opt/conda/bin/activate
no change     /opt/conda/bin/deactivate
no change     /opt/conda/etc/profile.d/conda.sh
no change     /opt/conda/etc/fish/conf.d/conda.fish
no change     /opt/conda/shell/condabin/Conda.psm1
no change     /opt/conda/shell/condabin/conda-hook.ps1
no change     /opt/conda/lib/python3.12/site-packages/xontrib/conda.xsh
no change     /opt/conda/etc/profile.d/conda.csh
no change     /cephyr/users/lassila/Alvis/.bashrc
No action taken.
Running MIA...

attacks:
  base:
    attack: base
  base-offline:
    attack: base
    offline: true
  g-base-MIA:
    attack: g-base
    num_sampled_graphs: 8
    prior: 0.5
    sampling_strategy: MIA
  g-base-MIA-offline:
    attack: g-base
    num_sampled_graphs: 8
    offline: true
    prior: 0.5
    sampling_strategy: MIA
    threshold_scale_factor: 0.9
  lira:
    attack: lira
  lira-offline:
    attack: lira
    offline: true
  rmia:
    Z_frac: 0.5
    attack: rmia
    rmia_gamma: 1
  rmia-offline:
    Z_frac: 0.5
    attack: rmia
    offline: true
    rmia_gamma: 1
batch_size: 128
datadir: ./data
dataset: pubmed
device: cuda
dropout: 0.5
early_stopping: 0
epochs: 100
epochs_mlp: 5000
frac_target_nodes: 0.5
hidden_dim:
- 128
hidden_dim_mlp:
- 128
hyperparam_search: false
inductive_inference: true
inductive_split: true
lr: 0.01
max_num_nodes: null
model: GraphSAGE
name: pubmed-GraphSAGE
num_audits: 20
num_processes: 1
num_shadow_models: 8
offline: false
optimizer: Adam
pretrain_shadow_models: true
savedir: results/est-threshold
seed: 0
target_fpr:
- 0.01
train_frac: 0.5
val_frac: 0.0
weight_decay: 0.0001

Dataset properties
#Nodes: 19717
#Edges: 88648
#Features: 500
#Classes: 3
#Class distribution: [0.2081, 0.3925, 0.3994]
Average degree: 4.4960
Fraction isolated nodes: 0.0

Training 8 shadow models:   0%|          | 0/8 [00:00<?, ?it/s]Training 8 shadow models:  12%|█▎        | 1/8 [00:02<00:20,  2.90s/it]Training 8 shadow models:  25%|██▌       | 2/8 [00:03<00:09,  1.57s/it]Training 8 shadow models:  38%|███▊      | 3/8 [00:04<00:06,  1.24s/it]Training 8 shadow models:  50%|█████     | 4/8 [00:05<00:04,  1.11s/it]Training 8 shadow models:  62%|██████▎   | 5/8 [00:05<00:02,  1.14it/s]Training 8 shadow models:  75%|███████▌  | 6/8 [00:06<00:01,  1.32it/s]Training 8 shadow models:  88%|████████▊ | 7/8 [00:06<00:00,  1.45it/s]Training 8 shadow models: 100%|██████████| 8/8 [00:07<00:00,  1.44it/s]Training 8 shadow models: 100%|██████████| 8/8 [00:07<00:00,  1.03it/s]
[I 2025-05-23 02:23:26,922] A new study created in memory with name: no-name-bc140fc9-769e-4e55-b1d7-888412ac4a49
Tuning interpolation parameter for offline RMIA using optuna
  0%|          | 0/100 [00:00<?, ?it/s]                                         0%|          | 0/100 [00:04<?, ?it/s]Best trial: 0. Best value: 0.543742:   0%|          | 0/100 [00:04<?, ?it/s]Best trial: 0. Best value: 0.543742:   1%|          | 1/100 [00:04<07:10,  4.35s/it]                                                                                    Best trial: 0. Best value: 0.543742:   1%|          | 1/100 [00:08<07:10,  4.35s/it]Best trial: 1. Best value: 0.554647:   1%|          | 1/100 [00:09<07:10,  4.35s/it]Best trial: 1. Best value: 0.554647:   2%|▏         | 2/100 [00:09<07:58,  4.88s/it]                                                                                    Best trial: 1. Best value: 0.554647:   2%|▏         | 2/100 [00:14<07:58,  4.88s/it]Best trial: 2. Best value: 0.554933:   2%|▏         | 2/100 [00:14<07:58,  4.88s/it]Best trial: 2. Best value: 0.554933:   3%|▎         | 3/100 [00:14<07:42,  4.77s/it]                                                                                    Best trial: 2. Best value: 0.554933:   3%|▎         | 3/100 [00:18<07:42,  4.77s/it]Best trial: 2. Best value: 0.554933:   3%|▎         | 3/100 [00:18<07:42,  4.77s/it]Best trial: 2. Best value: 0.554933:   4%|▍         | 4/100 [00:18<07:33,  4.72s/it]                                                                                    Best trial: 2. Best value: 0.554933:   4%|▍         | 4/100 [00:22<07:33,  4.72s/it]Best trial: 2. Best value: 0.554933:   4%|▍         | 4/100 [00:22<07:33,  4.72s/it]Best trial: 2. Best value: 0.554933:   5%|▌         | 5/100 [00:22<07:04,  4.46s/it]                                                                                    Best trial: 2. Best value: 0.554933:   5%|▌         | 5/100 [00:26<07:04,  4.46s/it]Best trial: 5. Best value: 0.560355:   5%|▌         | 5/100 [00:26<07:04,  4.46s/it]Best trial: 5. Best value: 0.560355:   6%|▌         | 6/100 [00:26<06:28,  4.13s/it]                                                                                    Best trial: 5. Best value: 0.560355:   6%|▌         | 6/100 [00:29<06:28,  4.13s/it]Best trial: 5. Best value: 0.560355:   6%|▌         | 6/100 [00:30<06:28,  4.13s/it]Best trial: 5. Best value: 0.560355:   7%|▋         | 7/100 [00:30<06:16,  4.05s/it]                                                                                    Best trial: 5. Best value: 0.560355:   7%|▋         | 7/100 [00:33<06:16,  4.05s/it]Best trial: 5. Best value: 0.560355:   7%|▋         | 7/100 [00:33<06:16,  4.05s/it]Best trial: 5. Best value: 0.560355:   8%|▊         | 8/100 [00:33<05:48,  3.79s/it]                                                                                    Best trial: 5. Best value: 0.560355:   8%|▊         | 8/100 [00:36<05:48,  3.79s/it]Best trial: 5. Best value: 0.560355:   8%|▊         | 8/100 [00:36<05:48,  3.79s/it]Best trial: 5. Best value: 0.560355:   9%|▉         | 9/100 [00:36<05:27,  3.60s/it]                                                                                    Best trial: 5. Best value: 0.560355:   9%|▉         | 9/100 [00:39<05:27,  3.60s/it]Best trial: 5. Best value: 0.560355:   9%|▉         | 9/100 [00:39<05:27,  3.60s/it]Best trial: 5. Best value: 0.560355:  10%|█         | 10/100 [00:39<05:11,  3.46s/it]                                                                                     Best trial: 5. Best value: 0.560355:  10%|█         | 10/100 [00:42<05:11,  3.46s/it]Best trial: 10. Best value: 0.563656:  10%|█         | 10/100 [00:42<05:11,  3.46s/it]Best trial: 10. Best value: 0.563656:  11%|█         | 11/100 [00:42<04:59,  3.36s/it]                                                                                      Best trial: 10. Best value: 0.563656:  11%|█         | 11/100 [00:46<04:59,  3.36s/it]Best trial: 11. Best value: 0.563658:  11%|█         | 11/100 [00:46<04:59,  3.36s/it]Best trial: 11. Best value: 0.563658:  12%|█▏        | 12/100 [00:46<04:49,  3.29s/it]                                                                                      Best trial: 11. Best value: 0.563658:  12%|█▏        | 12/100 [00:49<04:49,  3.29s/it]Best trial: 12. Best value: 0.5641:  12%|█▏        | 12/100 [00:49<04:49,  3.29s/it]  Best trial: 12. Best value: 0.5641:  13%|█▎        | 13/100 [00:49<04:46,  3.29s/it]                                                                                    Best trial: 12. Best value: 0.5641:  13%|█▎        | 13/100 [00:52<04:46,  3.29s/it]Best trial: 12. Best value: 0.5641:  13%|█▎        | 13/100 [00:52<04:46,  3.29s/it]Best trial: 12. Best value: 0.5641:  14%|█▍        | 14/100 [00:52<04:39,  3.25s/it]                                                                                    Best trial: 12. Best value: 0.5641:  14%|█▍        | 14/100 [00:55<04:39,  3.25s/it]Best trial: 12. Best value: 0.5641:  14%|█▍        | 14/100 [00:55<04:39,  3.25s/it]Best trial: 12. Best value: 0.5641:  15%|█▌        | 15/100 [00:55<04:33,  3.22s/it]                                                                                    Best trial: 12. Best value: 0.5641:  15%|█▌        | 15/100 [00:58<04:33,  3.22s/it]Best trial: 12. Best value: 0.5641:  15%|█▌        | 15/100 [00:58<04:33,  3.22s/it]Best trial: 12. Best value: 0.5641:  16%|█▌        | 16/100 [00:58<04:28,  3.20s/it]                                                                                    Best trial: 12. Best value: 0.5641:  16%|█▌        | 16/100 [01:01<04:28,  3.20s/it]Best trial: 12. Best value: 0.5641:  16%|█▌        | 16/100 [01:01<04:28,  3.20s/it]Best trial: 12. Best value: 0.5641:  17%|█▋        | 17/100 [01:01<04:24,  3.18s/it]                                                                                    Best trial: 12. Best value: 0.5641:  17%|█▋        | 17/100 [01:05<04:24,  3.18s/it]Best trial: 17. Best value: 0.564239:  17%|█▋        | 17/100 [01:05<04:24,  3.18s/it]Best trial: 17. Best value: 0.564239:  18%|█▊        | 18/100 [01:05<04:20,  3.17s/it]                                                                                      Best trial: 17. Best value: 0.564239:  18%|█▊        | 18/100 [01:08<04:20,  3.17s/it]Best trial: 17. Best value: 0.564239:  18%|█▊        | 18/100 [01:08<04:20,  3.17s/it]Best trial: 17. Best value: 0.564239:  19%|█▉        | 19/100 [01:08<04:16,  3.17s/it]                                                                                      Best trial: 17. Best value: 0.564239:  19%|█▉        | 19/100 [01:11<04:16,  3.17s/it]Best trial: 17. Best value: 0.564239:  19%|█▉        | 19/100 [01:11<04:16,  3.17s/it]Best trial: 17. Best value: 0.564239:  20%|██        | 20/100 [01:11<04:12,  3.16s/it]                                                                                      Best trial: 17. Best value: 0.564239:  20%|██        | 20/100 [01:14<04:12,  3.16s/it]Best trial: 17. Best value: 0.564239:  20%|██        | 20/100 [01:14<04:12,  3.16s/it]Best trial: 17. Best value: 0.564239:  21%|██        | 21/100 [01:14<04:09,  3.16s/it]                                                                                      Best trial: 17. Best value: 0.564239:  21%|██        | 21/100 [01:17<04:09,  3.16s/it]Best trial: 17. Best value: 0.564239:  21%|██        | 21/100 [01:17<04:09,  3.16s/it]Best trial: 17. Best value: 0.564239:  22%|██▏       | 22/100 [01:17<04:06,  3.16s/it]                                                                                      Best trial: 17. Best value: 0.564239:  22%|██▏       | 22/100 [01:20<04:06,  3.16s/it]Best trial: 17. Best value: 0.564239:  22%|██▏       | 22/100 [01:20<04:06,  3.16s/it]Best trial: 17. Best value: 0.564239:  23%|██▎       | 23/100 [01:20<04:02,  3.15s/it]                                                                                      Best trial: 17. Best value: 0.564239:  23%|██▎       | 23/100 [01:24<04:02,  3.15s/it]Best trial: 17. Best value: 0.564239:  23%|██▎       | 23/100 [01:24<04:02,  3.15s/it]Best trial: 17. Best value: 0.564239:  24%|██▍       | 24/100 [01:24<03:59,  3.15s/it]                                                                                      Best trial: 17. Best value: 0.564239:  24%|██▍       | 24/100 [01:27<03:59,  3.15s/it]Best trial: 17. Best value: 0.564239:  24%|██▍       | 24/100 [01:27<03:59,  3.15s/it]Best trial: 17. Best value: 0.564239:  25%|██▌       | 25/100 [01:27<03:56,  3.15s/it]                                                                                      Best trial: 17. Best value: 0.564239:  25%|██▌       | 25/100 [01:30<03:56,  3.15s/it]Best trial: 17. Best value: 0.564239:  25%|██▌       | 25/100 [01:30<03:56,  3.15s/it]Best trial: 17. Best value: 0.564239:  26%|██▌       | 26/100 [01:30<03:52,  3.15s/it]                                                                                      Best trial: 17. Best value: 0.564239:  26%|██▌       | 26/100 [01:33<03:52,  3.15s/it]Best trial: 17. Best value: 0.564239:  26%|██▌       | 26/100 [01:33<03:52,  3.15s/it]Best trial: 17. Best value: 0.564239:  27%|██▋       | 27/100 [01:33<03:49,  3.15s/it]                                                                                      Best trial: 17. Best value: 0.564239:  27%|██▋       | 27/100 [01:36<03:49,  3.15s/it]Best trial: 17. Best value: 0.564239:  27%|██▋       | 27/100 [01:36<03:49,  3.15s/it]Best trial: 17. Best value: 0.564239:  28%|██▊       | 28/100 [01:36<03:46,  3.15s/it]                                                                                      Best trial: 17. Best value: 0.564239:  28%|██▊       | 28/100 [01:39<03:46,  3.15s/it]Best trial: 17. Best value: 0.564239:  28%|██▊       | 28/100 [01:39<03:46,  3.15s/it]Best trial: 17. Best value: 0.564239:  29%|██▉       | 29/100 [01:39<03:43,  3.15s/it]                                                                                      Best trial: 17. Best value: 0.564239:  29%|██▉       | 29/100 [01:42<03:43,  3.15s/it]Best trial: 17. Best value: 0.564239:  29%|██▉       | 29/100 [01:42<03:43,  3.15s/it]Best trial: 17. Best value: 0.564239:  30%|███       | 30/100 [01:42<03:40,  3.15s/it]                                                                                      Best trial: 17. Best value: 0.564239:  30%|███       | 30/100 [01:46<03:40,  3.15s/it]Best trial: 17. Best value: 0.564239:  30%|███       | 30/100 [01:46<03:40,  3.15s/it]Best trial: 17. Best value: 0.564239:  31%|███       | 31/100 [01:46<03:36,  3.14s/it]                                                                                      Best trial: 17. Best value: 0.564239:  31%|███       | 31/100 [01:49<03:36,  3.14s/it]Best trial: 17. Best value: 0.564239:  31%|███       | 31/100 [01:49<03:36,  3.14s/it]Best trial: 17. Best value: 0.564239:  32%|███▏      | 32/100 [01:49<03:36,  3.19s/it]                                                                                      Best trial: 17. Best value: 0.564239:  32%|███▏      | 32/100 [01:52<03:36,  3.19s/it]Best trial: 17. Best value: 0.564239:  32%|███▏      | 32/100 [01:52<03:36,  3.19s/it]Best trial: 17. Best value: 0.564239:  33%|███▎      | 33/100 [01:52<03:32,  3.18s/it]                                                                                      Best trial: 17. Best value: 0.564239:  33%|███▎      | 33/100 [01:55<03:32,  3.18s/it]Best trial: 17. Best value: 0.564239:  33%|███▎      | 33/100 [01:55<03:32,  3.18s/it]Best trial: 17. Best value: 0.564239:  34%|███▍      | 34/100 [01:55<03:28,  3.17s/it]                                                                                      Best trial: 17. Best value: 0.564239:  34%|███▍      | 34/100 [01:58<03:28,  3.17s/it]Best trial: 17. Best value: 0.564239:  34%|███▍      | 34/100 [01:58<03:28,  3.17s/it]Best trial: 17. Best value: 0.564239:  35%|███▌      | 35/100 [01:58<03:25,  3.16s/it]                                                                                      Best trial: 17. Best value: 0.564239:  35%|███▌      | 35/100 [02:01<03:25,  3.16s/it]Best trial: 17. Best value: 0.564239:  35%|███▌      | 35/100 [02:01<03:25,  3.16s/it]Best trial: 17. Best value: 0.564239:  36%|███▌      | 36/100 [02:01<03:22,  3.16s/it]                                                                                      Best trial: 17. Best value: 0.564239:  36%|███▌      | 36/100 [02:05<03:22,  3.16s/it]Best trial: 17. Best value: 0.564239:  36%|███▌      | 36/100 [02:05<03:22,  3.16s/it]Best trial: 17. Best value: 0.564239:  37%|███▋      | 37/100 [02:05<03:18,  3.16s/it]                                                                                      Best trial: 17. Best value: 0.564239:  37%|███▋      | 37/100 [02:08<03:18,  3.16s/it]Best trial: 17. Best value: 0.564239:  37%|███▋      | 37/100 [02:08<03:18,  3.16s/it]Best trial: 17. Best value: 0.564239:  38%|███▊      | 38/100 [02:08<03:15,  3.15s/it]                                                                                      Best trial: 17. Best value: 0.564239:  38%|███▊      | 38/100 [02:11<03:15,  3.15s/it]Best trial: 17. Best value: 0.564239:  38%|███▊      | 38/100 [02:11<03:15,  3.15s/it]Best trial: 17. Best value: 0.564239:  39%|███▉      | 39/100 [02:11<03:12,  3.15s/it]                                                                                      Best trial: 17. Best value: 0.564239:  39%|███▉      | 39/100 [02:14<03:12,  3.15s/it]Best trial: 17. Best value: 0.564239:  39%|███▉      | 39/100 [02:14<03:12,  3.15s/it]Best trial: 17. Best value: 0.564239:  40%|████      | 40/100 [02:14<03:09,  3.15s/it]                                                                                      Best trial: 17. Best value: 0.564239:  40%|████      | 40/100 [02:17<03:09,  3.15s/it]Best trial: 17. Best value: 0.564239:  40%|████      | 40/100 [02:17<03:09,  3.15s/it]Best trial: 17. Best value: 0.564239:  41%|████      | 41/100 [02:17<03:11,  3.25s/it]                                                                                      Best trial: 17. Best value: 0.564239:  41%|████      | 41/100 [02:21<03:11,  3.25s/it]Best trial: 17. Best value: 0.564239:  41%|████      | 41/100 [02:21<03:11,  3.25s/it]Best trial: 17. Best value: 0.564239:  42%|████▏     | 42/100 [02:21<03:06,  3.22s/it]                                                                                      Best trial: 17. Best value: 0.564239:  42%|████▏     | 42/100 [02:24<03:06,  3.22s/it]Best trial: 17. Best value: 0.564239:  42%|████▏     | 42/100 [02:24<03:06,  3.22s/it]Best trial: 17. Best value: 0.564239:  43%|████▎     | 43/100 [02:24<03:02,  3.20s/it]                                                                                      Best trial: 17. Best value: 0.564239:  43%|████▎     | 43/100 [02:27<03:02,  3.20s/it]Best trial: 17. Best value: 0.564239:  43%|████▎     | 43/100 [02:27<03:02,  3.20s/it]Best trial: 17. Best value: 0.564239:  44%|████▍     | 44/100 [02:27<02:58,  3.18s/it]                                                                                      Best trial: 17. Best value: 0.564239:  44%|████▍     | 44/100 [02:30<02:58,  3.18s/it]Best trial: 17. Best value: 0.564239:  44%|████▍     | 44/100 [02:30<02:58,  3.18s/it]Best trial: 17. Best value: 0.564239:  45%|████▌     | 45/100 [02:30<02:54,  3.17s/it]                                                                                      Best trial: 17. Best value: 0.564239:  45%|████▌     | 45/100 [02:33<02:54,  3.17s/it]Best trial: 17. Best value: 0.564239:  45%|████▌     | 45/100 [02:33<02:54,  3.17s/it]Best trial: 17. Best value: 0.564239:  46%|████▌     | 46/100 [02:33<02:52,  3.20s/it]                                                                                      Best trial: 17. Best value: 0.564239:  46%|████▌     | 46/100 [02:36<02:52,  3.20s/it]Best trial: 46. Best value: 0.564268:  46%|████▌     | 46/100 [02:36<02:52,  3.20s/it]Best trial: 46. Best value: 0.564268:  47%|████▋     | 47/100 [02:36<02:48,  3.18s/it]                                                                                      Best trial: 46. Best value: 0.564268:  47%|████▋     | 47/100 [02:40<02:48,  3.18s/it]Best trial: 46. Best value: 0.564268:  47%|████▋     | 47/100 [02:40<02:48,  3.18s/it]Best trial: 46. Best value: 0.564268:  48%|████▊     | 48/100 [02:40<02:45,  3.17s/it]                                                                                      Best trial: 46. Best value: 0.564268:  48%|████▊     | 48/100 [02:43<02:45,  3.17s/it]Best trial: 46. Best value: 0.564268:  48%|████▊     | 48/100 [02:43<02:45,  3.17s/it]Best trial: 46. Best value: 0.564268:  49%|████▉     | 49/100 [02:43<02:41,  3.16s/it]                                                                                      Best trial: 46. Best value: 0.564268:  49%|████▉     | 49/100 [02:46<02:41,  3.16s/it]Best trial: 46. Best value: 0.564268:  49%|████▉     | 49/100 [02:46<02:41,  3.16s/it]Best trial: 46. Best value: 0.564268:  50%|█████     | 50/100 [02:46<02:37,  3.16s/it]                                                                                      Best trial: 46. Best value: 0.564268:  50%|█████     | 50/100 [02:49<02:37,  3.16s/it]Best trial: 46. Best value: 0.564268:  50%|█████     | 50/100 [02:49<02:37,  3.16s/it]Best trial: 46. Best value: 0.564268:  51%|█████     | 51/100 [02:49<02:36,  3.20s/it]                                                                                      Best trial: 46. Best value: 0.564268:  51%|█████     | 51/100 [02:52<02:36,  3.20s/it]Best trial: 46. Best value: 0.564268:  51%|█████     | 51/100 [02:52<02:36,  3.20s/it]Best trial: 46. Best value: 0.564268:  52%|█████▏    | 52/100 [02:52<02:33,  3.19s/it]                                                                                      Best trial: 46. Best value: 0.564268:  52%|█████▏    | 52/100 [02:56<02:33,  3.19s/it]Best trial: 46. Best value: 0.564268:  52%|█████▏    | 52/100 [02:56<02:33,  3.19s/it]Best trial: 46. Best value: 0.564268:  53%|█████▎    | 53/100 [02:56<02:29,  3.18s/it]                                                                                      Best trial: 46. Best value: 0.564268:  53%|█████▎    | 53/100 [02:59<02:29,  3.18s/it]Best trial: 46. Best value: 0.564268:  53%|█████▎    | 53/100 [02:59<02:29,  3.18s/it]Best trial: 46. Best value: 0.564268:  54%|█████▍    | 54/100 [02:59<02:25,  3.17s/it]                                                                                      Best trial: 46. Best value: 0.564268:  54%|█████▍    | 54/100 [03:02<02:25,  3.17s/it]Best trial: 46. Best value: 0.564268:  54%|█████▍    | 54/100 [03:02<02:25,  3.17s/it]Best trial: 46. Best value: 0.564268:  55%|█████▌    | 55/100 [03:02<02:22,  3.16s/it]    