[I 2025-05-23 02:12:09,773] Trial 99 finished with value: 0.8113295798433005 and parameters: {'threshold_scale_factor': 0.22435924887097236}. Best is trial 85 with value: 0.8124725906499479.
Best hyperparameters: {'threshold_scale_factor': 0.25326046005517355}
Best optimized value: 0.8124725906499479
Running audit 1/20
Training a GCN target model on cora...
Training GCN on cuda:   0%|          | 0/200 [00:00<?, ?it/s]Training GCN on cuda:  16%|█▋        | 33/200 [00:00<00:00, 321.43it/s]Training GCN on cuda:  33%|███▎      | 66/200 [00:00<00:00, 184.94it/s]Training GCN on cuda:  44%|████▍     | 88/200 [00:00<00:00, 115.09it/s]Training GCN on cuda:  59%|█████▉    | 118/200 [00:00<00:00, 153.97it/s]Training GCN on cuda:  70%|██████▉   | 139/200 [00:01<00:00, 114.20it/s]Training GCN on cuda:  78%|███████▊  | 155/200 [00:01<00:00, 79.33it/s] Training GCN on cuda:  84%|████████▎ | 167/200 [00:01<00:00, 71.59it/s]Training GCN on cuda:  94%|█████████▍| 189/200 [00:01<00:00, 93.65it/s]Training GCN on cuda: 100%|██████████| 200/200 [00:01<00:00, 109.96it/s]
Train accuracy: 0.9653 | Test accuracy: 0.8080
Computing expactation over sampled graphs:   0%|          | 0/8 [00:00<?, ?it/s]Computing expactation over sampled graphs:  12%|█▎        | 1/8 [00:20<02:20, 20.05s/it]Computing expactation over sampled graphs:  25%|██▌       | 2/8 [00:39<01:58, 19.68s/it]Computing expactation over sampled graphs:  38%|███▊      | 3/8 [00:58<01:37, 19.57s/it]Computing expactation over sampled graphs:  50%|█████     | 4/8 [01:18<01:17, 19.38s/it]Computing expactation over sampled graphs:  62%|██████▎   | 5/8 [01:37<00:58, 19.37s/it]Computing expactation over sampled graphs:  75%|███████▌  | 6/8 [01:56<00:38, 19.42s/it]Computing expactation over sampled graphs:  88%|████████▊ | 7/8 [02:16<00:19, 19.38s/it]Computing expactation over sampled graphs: 100%|██████████| 8/8 [02:35<00:00, 19.35s/it]Computing expactation over sampled graphs: 100%|██████████| 8/8 [02:35<00:00, 19.43s/it]
Computing expactation over sampled graphs:   0%|          | 0/8 [00:00<?, ?it/s]Computing expactation over sampled graphs:  12%|█▎        | 1/8 [00:11<01:23, 11.90s/it]Computing expactation over sampled graphs:  25%|██▌       | 2/8 [00:23<01:11, 11.96s/it]Computing expactation over sampled graphs:  38%|███▊      | 3/8 [00:36<01:00, 12.05s/it]Computing expactation over sampled graphs:  50%|█████     | 4/8 [00:48<00:48, 12.04s/it]Computing expactation over sampled graphs:  62%|██████▎   | 5/8 [01:00<00:36, 12.05s/it]Computing expactation over sampled graphs:  75%|███████▌  | 6/8 [01:12<00:23, 11.99s/it]Computing expactation over sampled graphs:  88%|████████▊ | 7/8 [01:24<00:12, 12.03s/it]Computing expactation over sampled graphs: 100%|██████████| 8/8 [01:36<00:00, 12.05s/it]Computing expactation over sampled graphs: 100%|██████████| 8/8 [01:36<00:00, 12.03s/it]
Running audit 2/20
Training a GCN target model on cora...
Training GCN on cuda:   0%|          | 0/200 [00:00<?, ?it/s]Training GCN on cuda:  16%|█▋        | 33/200 [00:00<00:00, 320.39it/s]Training GCN on cuda:  33%|███▎      | 66/200 [00:00<00:00, 321.33it/s]Training GCN on cuda:  50%|████▉     | 99/200 [00:00<00:00, 322.08it/s]Training GCN on cuda:  66%|██████▌   | 132/200 [00:00<00:00, 321.51it/s]Training GCN on cuda:  82%|████████▎ | 165/200 [00:00<00:00, 323.24it/s]Training GCN on cuda:  99%|█████████▉| 198/200 [00:00<00:00, 322.97it/s]Training GCN on cuda: 100%|██████████| 200/200 [00:00<00:00, 322.33it/s]
Train accuracy: 0.9557 | Test accuracy: 0.7954
Computing expactation over sampled graphs:   0%|          | 0/8 [00:00<?, ?it/s]Computing expactation over sampled graphs:  12%|█▎        | 1/8 [00:19<02:13, 19.06s/it]Computing expactation over sampled graphs:  25%|██▌       | 2/8 [00:38<01:55, 19.32s/it]Computing expactation over sampled graphs:  38%|███▊      | 3/8 [00:57<01:35, 19.16s/it]Computing expactation over sampled graphs:  50%|█████     | 4/8 [01:16<01:16, 19.18s/it]Computing expactation over sampled graphs:  62%|██████▎   | 5/8 [01:35<00:57, 19.17s/it]Computing expactation over sampled graphs:  75%|███████▌  | 6/8 [01:55<00:38, 19.18s/it]Computing expactation over sampled graphs:  88%|████████▊ | 7/8 [02:14<00:19, 19.22s/it]Computing expactation over sampled graphs: 100%|██████████| 8/8 [02:33<00:00, 19.19s/it]Computing expactation over sampled graphs: 100%|██████████| 8/8 [02:33<00:00, 19.19s/it]
Computing expactation over sampled graphs:   0%|          | 0/8 [00:00<?, ?it/s]Computing expactation over sampled graphs:  12%|█▎        | 1/8 [00:12<01:25, 12.19s/it]Computing expactation over sampled graphs:  25%|██▌       | 2/8 [00:24<01:12, 12.13s/it]Computing expactation over sampled graphs:  38%|███▊      | 3/8 [00:36<01:00, 12.07s/it]Computing expactation over sampled graphs:  50%|█████     | 4/8 [00:48<00:48, 12.09s/it]Computing expactation over sampled graphs:  62%|██████▎   | 5/8 [01:00<00:36, 12.12s/it]Computing expactation over sampled graphs:  75%|███████▌  | 6/8 [01:12<00:24, 12.16s/it]Computing expactation over sampled graphs:  88%|████████▊ | 7/8 [01:24<00:12, 12.14s/it]Computing expactation over sampled graphs: 100%|██████████| 8/8 [01:36<00:00, 12.09s/it]Computing expactation over sampled graphs: 100%|██████████| 8/8 [01:36<00:00, 12.11s/it]
Running audit 3/20
Training a GCN target model on cora...
Training GCN on cuda:   0%|          | 0/200 [00:00<?, ?it/s]Training GCN on cuda:  16%|█▋        | 33/200 [00:00<00:00, 327.15it/s]Training GCN on cuda:  33%|███▎      | 66/200 [00:00<00:00, 327.34it/s]Training GCN on cuda:  50%|████▉     | 99/200 [00:00<00:00, 326.91it/s]Training GCN on cuda:  66%|██████▌   | 132/200 [00:00<00:00, 324.49it/s]Training GCN on cuda:  82%|████████▎ | 165/200 [00:00<00:00, 326.12it/s]Training GCN on cuda:  99%|█████████▉| 198/200 [00:00<00:00, 324.87it/s]Training GCN on cuda: 100%|██████████| 200/200 [00:00<00:00, 325.49it/s]
Train accuracy: 0.9668 | Test accuracy: 0.8205
Computing expactation over sampled graphs:   0%|          | 0/8 [00:00<?, ?it/s]Computing expactation over sampled graphs:  12%|█▎        | 1/8 [00:19<02:15, 19.31s/it]Computing expactation over sampled graphs:  25%|██▌       | 2/8 [00:38<01:55, 19.24s/it]Computing expactation over sampled graphs:  38%|███▊      | 3/8 [00:57<01:36, 19.35s/it]Computing expactation over sampled graphs:  50%|█████     | 4/8 [01:17<01:17, 19.39s/it]Computing expactation over sampled graphs:  62%|██████▎   | 5/8 [01:36<00:58, 19.37s/it]Computing expactation over sampled graphs:  75%|███████▌  | 6/8 [01:56<00:38, 19.33s/it]Computing expactation over sampled graphs:  88%|████████▊ | 7/8 [02:15<00:19, 19.30s/it]Computing expactation over sampled graphs: 100%|██████████| 8/8 [02:34<00:00, 19.28s/it]Computing expactation over sampled graphs: 100%|██████████| 8/8 [02:34<00:00, 19.31s/it]
Computing expactation over sampled graphs:   0%|          | 0/8 [00:00<?, ?it/s]Computing expactation over sampled graphs:  12%|█▎        | 1/8 [00:11<01:23, 11.89s/it]Computing expactation over sampled graphs:  25%|██▌       | 2/8 [00:23<01:12, 12.01s/it]Computing expactation over sampled graphs:  38%|███▊      | 3/8 [00:35<00:59, 11.99s/it]Computing expactation over sampled graphs:  50%|█████     | 4/8 [00:47<00:47, 11.91s/it]Computing expactation over sampled graphs:  62%|██████▎   | 5/8 [00:59<00:35, 11.89s/it]Computing expactation over sampled graphs:  75%|███████▌  | 6/8 [01:11<00:23, 11.96s/it]Computing expactation over sampled graphs:  88%|████████▊ | 7/8 [01:23<00:12, 12.01s/it]Computing expactation over sampled graphs: 100%|██████████| 8/8 [01:35<00:00, 12.03s/it]Computing expactation over sampled graphs: 100%|██████████| 8/8 [01:35<00:00, 11.99s/it]
Running audit 4/20
Training a GCN target model on cora...
Training GCN on cuda:   0%|          | 0/200 [00:00<?, ?it/s]Training GCN on cuda:  16%|█▌        | 32/200 [00:00<00:00, 318.82it/s]Training GCN on cuda:  32%|███▎      | 65/200 [00:00<00:00, 322.84it/s]Training GCN on cuda:  49%|████▉     | 98/200 [00:00<00:00, 322.06it/s]Training GCN on cuda:  66%|██████▌   | 131/200 [00:00<00:00, 321.77it/s]Training GCN on cuda:  82%|████████▏ | 164/200 [00:00<00:00, 321.42it/s]Training GCN on cuda:  98%|█████████▊| 197/200 [00:00<00:00, 322.55it/s]Training GCN on cuda: 100%|██████████| 200/200 [00:00<00:00, 322.07it/s]
Train accuracy: 0.9616 | Test accuracy: 0.8227
Computing expactation over sampled graphs:   0%|          | 0/8 [00:00<?, ?it/s]Computing expactation over sampled graphs:  12%|█▎        | 1/8 [00:19<02:14, 19.19s/it]Computing expactation over sampled graphs:  25%|██▌       | 2/8 [00:38<01:54, 19.16s/it]Computing expactation over sampled graphs:  38%|███▊      | 3/8 [00:57<01:36, 19.26s/it]Computing expactation over sampled graphs:  50%|█████     | 4/8 [01:17<01:17, 19.37s/it]Computing expactation over sampled graphs:  62%|██████▎   | 5/8 [01:36<00:58, 19.37s/it]Computing expactation over sampled graphs:  75%|███████▌  | 6/8 [01:56<00:38, 19.45s/it]Computing expactation over sampled graphs:  88%|████████▊ | 7/8 [02:15<00:19, 19.45s/it]Computing expactation over sampled graphs: 100%|██████████| 8/8 [02:34<00:00, 19.36s/it]Computing expactation over sampled graphs: 100%|██████████| 8/8 [02:34<00:00, 19.36s/it]
Computing expactation over sampled graphs:   0%|          | 0/8 [00:00<?, ?it/s]Computing expactation over sampled graphs:  12%|█▎        | 1/8 [00:11<01:23, 11.98s/it]Computing expactation over sampled graphs:  25%|██▌       | 2/8 [00:24<01:12, 12.05s/it]Computing expactation over sampled graphs:  38%|███▊      | 3/8 [00:36<01:00, 12.07s/it]Computing expactation over sampled graphs:  50%|█████     | 4/8 [00:48<00:48, 12.05s/it]Computing expactation over sampled graphs:  62%|██████▎   | 5/8 [01:00<00:36, 12.10s/it]Computing expactation over sampled graphs:  75%|███████▌  | 6/8 [01:12<00:24, 12.11s/it]Computing expactation over sampled graphs:  88%|████████▊ | 7/8 [01:24<00:12, 12.12s/it]Computing expactation over sampled graphs: 100%|██████████| 8/8 [01:36<00:00, 12.08s/it]Computing expactation over sampled graphs: 100%|██████████| 8/8 [01:36<00:00, 12.08s/it]
Running audit 5/20
Training a GCN target model on cora...
Training GCN on cuda:   0%|          | 0/200 [00:00<?, ?it/s]Training GCN on cuda:  16%|█▋        | 33/200 [00:00<00:00, 320.52it/s]Training GCN on cuda:  33%|███▎      | 66/200 [00:00<00:00, 320.45it/s]Training GCN on cuda:  50%|████▉     | 99/200 [00:00<00:00, 322.17it/s]Training GCN on cuda:  66%|██████▌   | 132/200 [00:00<00:00, 321.83it/s]Training GCN on cuda:  82%|████████▎ | 165/200 [00:00<00:00, 322.64it/s]Training GCN on cuda:  99%|█████████▉| 198/200 [00:00<00:00, 321.84it/s]Training GCN on cuda: 100%|██████████| 200/200 [00:00<00:00, 321.71it/s]
Train accuracy: 0.9586 | Test accuracy: 0.8117
Computing expactation over sampled graphs:   0%|          | 0/8 [00:00<?, ?it/s]Computing expactation over sampled graphs:  12%|█▎        | 1/8 [00:19<02:15, 19.32s/it]Computing expactation over sampled graphs:  25%|██▌       | 2/8 [00:38<01:57, 19.51s/it]Computing expactation over sampled graphs:  38%|███▊      | 3/8 [00:58<01:37, 19.51s/it]Computing expactation over sampled graphs:  50%|█████     | 4/8 [01:17<01:17, 19.38s/it]Computing expactation over sampled graphs:  62%|██████▎   | 5/8 [01:36<00:57, 19.27s/it]Computing expactation over sampled graphs:  75%|███████▌  | 6/8 [01:56<00:38, 19.30s/it]Computing expactation over sampled graphs:  88%|████████▊ | 7/8 [02:15<00:19, 19.30s/it]Computing expactation over sampled graphs: 100%|██████████| 8/8 [02:34<00:00, 19.32s/it]Computing expactation over sampled graphs: 100%|██████████| 8/8 [02:34<00:00, 19.34s/it]
Computing expactation over sampled graphs:   0%|          | 0/8 [00:00<?, ?it/s]Computing expactation over sampled graphs:  12%|█▎        | 1/8 [00:12<01:24, 12.11s/it]Computing expactation over sampled graphs:  25%|██▌       | 2/8 [00:24<01:13, 12.23s/it]Computing expactation over sampled graphs:  38%|███▊      | 3/8 [00:36<01:00, 12.11s/it]Computing expactation over sampled graphs:  50%|█████     | 4/8 [00:48<00:48, 12.05s/it]Computing expactation over sampled graphs:  62%|██████▎   | 5/8 [01:00<00:36, 12.15s/it]Computing expactation over sampled graphs:  75%|███████▌  | 6/8 [01:12<00:24, 12.09s/it]Computing expactation over sampled graphs:  88%|████████▊ | 7/8 [01:24<00:12, 12.11s/it]Computing expactation over sampled graphs: 100%|██████████| 8/8 [01:36<00:00, 12.08s/it]Computing expactation over sampled graphs: 100%|██████████| 8/8 [01:36<00:00, 12.10s/it]
Running audit 6/20
Training a GCN target model on cora...
Training GCN on cuda:   0%|          | 0/200 [00:00<?, ?it/s]Training GCN on cuda:  16%|█▋        | 33/200 [00:00<00:00, 326.07it/s]Training GCN on cuda:  33%|███▎      | 66/200 [00:00<00:00, 321.97it/s]Training GCN on cuda:  50%|████▉     | 99/200 [00:00<00:00, 324.05it/s]Training GCN on cuda:  66%|██████▌   | 132/200 [00:00<00:00, 324.65it/s]Training GCN on cuda:  82%|████████▎ | 165/200 [00:00<00:00, 324.84it/s]Training GCN on cuda:  99%|█████████▉| 198/200 [00:00<00:00, 323.98it/s]Training GCN on cuda: 100%|██████████| 200/200 [00:00<00:00, 323.97it/s]
Train accuracy: 0.9535 | Test accuracy: 0.8427
Computing expactation over sampled graphs:   0%|          | 0/8 [00:00<?, ?it/s]Computing expactation over sampled graphs:  12%|█▎        | 1/8 [00:18<02:12, 18.91s/it]Computing expactation over sampled graphs:  25%|██▌       | 2/8 [00:38<01:55, 19.32s/it]Computing expactation over sampled graphs:  38%|███▊      | 3/8 [00:57<01:36, 19.36s/it]Computing expactation over sampled graphs:  50%|█████     | 4/8 [01:17<01:17, 19.39s/it]Computing expactation over sampled graphs:  62%|██████▎   | 5/8 [01:36<00:58, 19.35s/it]Computing expactation over sampled graphs:  75%|███████▌  | 6/8 [01:55<00:38, 19.24s/it]Computing expactation over sampled graphs:  88%|████████▊ | 7/8 [02:14<00:19, 19.25s/it]Computing expactation over sampled graphs: 100%|██████████| 8/8 [02:33<00:00, 19.18s/it]Computing expactation over sampled graphs: 100%|██████████| 8/8 [02:33<00:00, 19.24s/it]
Computing expactation over sampled graphs:   0%|          | 0/8 [00:00<?, ?it/s]Computing expactation over sampled graphs:  12%|█▎        | 1/8 [00:11<01:23, 11.86s/it]Computing expactation over sampled graphs:  25%|██▌       | 2/8 [00:24<01:12, 12.11s/it]Computing expactation over sampled graphs:  38%|███▊      | 3/8 [00:36<01:00, 12.13s/it]Computing expactation over sampled graphs:  50%|█████     | 4/8 [00:48<00:48, 12.05s/it]Computing expactation over sampled graphs:  62%|██████▎   | 5/8 [01:00<00:36, 12.13s/it]Computing expactation over sampled graphs:  75%|███████▌  | 6/8 [01:12<00:24, 12.09s/it]Computing expactation over sampled graphs:  88%|████████▊ | 7/8 [01:24<00:12, 12.11s/it]Computing expactation over sampled graphs: 100%|██████████| 8/8 [01:36<00:00, 12.11s/it]Computing expactation over sampled graphs: 100%|██████████| 8/8 [01:36<00:00, 12.10s/it]
Running audit 7/20
Training a GCN target model on cora...
Training GCN on cuda:   0%|          | 0/200 [00:00<?, ?it/s]Training GCN on cuda:  16%|█▋        | 33/200 [00:00<00:00, 324.23it/s]Training GCN on cuda:  33%|███▎      | 66/200 [00:00<00:00, 325.23it/s]Training GCN on cuda:  50%|████▉     | 99/200 [00:00<00:00, 323.62it/s]Training GCN on cuda:  66%|██████▌   | 132/200 [00:00<00:00, 323.67it/s]Training GCN on cuda:  82%|████████▎ | 165/200 [00:00<00:00, 322.73it/s]Training GCN on cuda:  99%|█████████▉| 198/200 [00:00<00:00, 324.77it/s]Training GCN on cuda: 100%|██████████| 200/200 [00:00<00:00, 324.11it/s]
Train accuracy: 0.9579 | Test accuracy: 0.8191
Computing expactation over sampled graphs:   0%|          | 0/8 [00:00<?, ?it/s]Computing expactation over sampled graphs:  12%|█▎        | 1/8 [00:19<02:13, 19.11s/it]Computing expactation over sampled graphs:  25%|██▌       | 2/8 [00:38<01:55, 19.30s/it]Computing expactation over sampled graphs:  38%|███▊      | 3/8 [00:57<01:36, 19.26s/it]Computing expactation over sampled graphs:  50%|█████     | 4/8 [01:16<01:16, 19.21s/it]Computing expactation over sampled graphs:  62%|██████▎   | 5/8 [01:35<00:57, 19.09s/it]Computing expactation over sampled graphs:  75%|███████▌  | 6/8 [01:55<00:38, 19.20s/it]Computing expactation over sampled graphs:  88%|████████▊ | 7/8 [02:14<00:19, 19.27s/it]Computing expactation over sampled graphs: 100%|██████████| 8/8 [02:33<00:00, 19.29s/it]Computing expactation over sampled graphs: 100%|██████████| 8/8 [02:33<00:00, 19.24s/it]
Computing expactation over sampled graphs:   0%|          | 0/8 [00:00<?, ?it/s]Computing expactation over sampled graphs:  12%|█▎        | 1/8 [00:12<01:24, 12.07s/it]Computing expactation over sampled graphs:  25%|██▌       | 2/8 [00:24<01:12, 12.07s/it]Computing expactation over sampled graphs:  38%|███▊      | 3/8 [00:36<00:59, 11.98s/it]Computing expactation over sampled graphs:  50%|█████     | 4/8 [00:47<00:47, 11.96s/it]Computing expactation over sampled graphs:  62%|██████▎   | 5/8 [00:59<00:35, 11.97s/it]Computing expactation over sampled graphs:  75%|███████▌  | 6/8 [01:12<00:24, 12.06s/it]Computing expactation over sampled graphs:  88%|████████▊ | 7/8 [01:24<00:12, 12.03s/it]Computing expactation over sampled graphs: 100%|██████████| 8/8 [01:36<00:00, 12.02s/it]Computing expactation over sampled graphs: 100%|██████████| 8/8 [01:36<00:00, 12.01s/it]
Running audit 8/20
Training a GCN target model on cora...
Training GCN on cuda:   0%|          | 0/200 [00:00<?, ?it/s]Training GCN on cuda:  16%|█▌        | 32/200 [00:00<00:00, 316.90it/s]Training GCN on cuda:  32%|███▎      | 65/200 [00:00<00:00, 321.52it/s]Training GCN on cuda:  49%|████▉     | 98/200 [00:00<00:00, 321.24it/s]Training GCN on cuda:  66%|██████▌   | 131/200 [00:00<00:00, 321.25it/s]Training GCN on cuda:  82%|████████▏ | 164/200 [00:00<00:00, 322.74it/s]Training GCN on cuda:  98%|█████████▊| 197/200 [00:00<00:00, 322.36it/s]Training GCN on cuda: 100%|██████████| 200/200 [00:00<00:00, 321.68it/s]
Train accuracy: 0.9579 | Test accuracy: 0.7888
Computing expactation over sampled graphs:   0%|          | 0/8 [00:00<?, ?it/s]Computing expactation over sampled graphs:  12%|█▎        | 1/8 [00:19<02:15, 19.38s/it]Computing expactation over sampled graphs:  25%|██▌       | 2/8 [00:38<01:57, 19.51s/it]Computing expactation over sampled graphs:  38%|███▊      | 3/8 [00:58<01:36, 19.39s/it]Computing expactation over sampled graphs:  50%|█████     | 4/8 [01:17<01:16, 19.25s/it]Computing expactation over sampled graphs:  62%|██████▎   | 5/8 [01:36<00:57, 19.25s/it]Computing expactation over sampled graphs:  75%|███████▌  | 6/8 [01:56<00:38, 19.33s/it]Computing expactation over sampled graphs:  88%|████████▊ | 7/8 [02:15<00:19, 19.41s/it]Computing expactation over sampled graphs: 100%|██████████| 8/8 [02:34<00:00, 19.24s/it]Computing expactation over sampled graphs: 100%|██████████| 8/8 [02:34<00:00, 19.31s/it]
Computing expactation over sampled graphs:   0%|          | 0/8 [00:00<?, ?it/s]Computing expactation over sampled graphs:  12%|█▎        | 1/8 [00:12<01:24, 12.05s/it]Computing expactation over sampled graphs:  25%|██▌       | 2/8 [00:24<01:12, 12.05s/it]Computing expactation over sampled graphs:  38%|███▊      | 3/8 [00:36<01:00, 12.06s/it]Computing expactation over sampled graphs:  50%|█████     | 4/8 [00:48<00:48, 12.07s/it]Computing expactation over sampled graphs:  62%|██████▎   | 5/8 [01:00<00:36, 12.05s/it]Computing expactation over sampled graphs:  75%|███████▌  | 6/8 [01:12<00:24, 12.06s/it]Computing expactation over sampled graphs:  88%|████████▊ | 7/8 [01:24<00:12, 12.05s/it]Computing expactation over sampled graphs: 100%|██████████| 8/8 [01:36<00:00, 12.03s/it]Computing expactation over sampled graphs: 100%|██████████| 8/8 [01:36<00:00, 12.05s/it]
Running audit 9/20
Training a GCN target model on cora...
Training GCN on cuda:   0%|          | 0/200 [00:00<?, ?it/s]Training GCN on cuda:  16%|█▋        | 33/200 [00:00<00:00, 320.26it/s]Training GCN on cuda:  33%|███▎      | 66/200 [00:00<00:00, 321.69it/s]Training GCN on cuda:  50%|████▉     | 99/200 [00:00<00:00, 321.77it/s]Training GCN on cuda:  66%|██████▌   | 132/200 [00:00<00:00, 321.33it/s]Training GCN on cuda:  82%|████████▎ | 165/200 [00:00<00:00, 323.56it/s]Training GCN on cuda:  99%|█████████▉| 198/200 [00:00<00:00, 322.80it/s]Training GCN on cuda: 100%|██████████| 200/200 [00:00<00:00, 322.27it/s]
Train accuracy: 0.9520 | Test accuracy: 0.8161
Computing expactation over sampled graphs:   0%|          | 0/8 [00:00<?, ?it/s]Computing expactation over sampled graphs:  12%|█▎        | 1/8 [00:19<02:13, 19.13s/it]Computing expactation over sampled graphs:  25%|██▌       | 2/8 [00:38<01:55, 19.33s/it]Computing expactation over sampled graphs:  38%|███▊      | 3/8 [00:58<01:36, 19.38s/it]Computing expactation over sampled graphs:  50%|█████     | 4/8 [01:17<01:16, 19.22s/it]Computing expactation over sampled graphs:  62%|██████▎   | 5/8 [01:36<00:57, 19.33s/it]Computing expactation over sampled graphs:  75%|███████▌  | 6/8 [01:55<00:38, 19.37s/it]Computing expactation over sampled graphs:  88%|████████▊ | 7/8 [02:15<00:19, 19.40s/it]Computing expactation over sampled graphs: 100%|██████████| 8/8 [02:34<00:00, 19.38s/it]Computing expactation over sampled graphs: 100%|██████████| 8/8 [02:34<00:00, 19.35s/it]
Computing expactation over sampled graphs:   0%|          | 0/8 [00:00<?, ?it/s]Computing expactation over sampled graphs:  12%|█▎        | 1/8 [00:12<01:24, 12.11s/it]Computing expactation over sampled graphs:  25%|██▌       | 2/8 [00:24<01:12, 12.08s/it]Computing expactation over sampled graphs:  38%|███▊      | 3/8 [00:36<01:00, 12.16s/it]Computing expactation over sampled graphs:  50%|█████     | 4/8 [00:48<00:48, 12.16s/it]Computing expactation