[I 2025-05-23 02:28:51,734] Trial 99 finished with value: 0.5637395318214868 and parameters: {'interp_param': 0.9538541147871059}. Best is trial 46 with value: 0.5642675181203272.
Best hyperparameters: {'interp_param': 0.9921529515877107}
Best optimized value: 0.5642675181203272
Tuning threshold scale factor for offline BASE using optuna
  0%|          | 0/100 [00:00<?, ?it/s]                                         0%|          | 0/100 [00:02<?, ?it/s]Best trial: 0. Best value: 0.537282:   0%|          | 0/100 [00:02<?, ?it/s]Best trial: 0. Best value: 0.537282:   1%|          | 1/100 [00:02<04:20,  2.63s/it]                                                                                    Best trial: 0. Best value: 0.537282:   1%|          | 1/100 [00:05<04:20,  2.63s/it]Best trial: 0. Best value: 0.537282:   1%|          | 1/100 [00:05<04:20,  2.63s/it]Best trial: 0. Best value: 0.537282:   2%|▏         | 2/100 [00:05<04:04,  2.49s/it]                                                                                    Best trial: 0. Best value: 0.537282:   2%|▏         | 2/100 [00:07<04:04,  2.49s/it]Best trial: 0. Best value: 0.537282:   2%|▏         | 2/100 [00:07<04:04,  2.49s/it]Best trial: 0. Best value: 0.537282:   3%|▎         | 3/100 [00:07<03:57,  2.45s/it]                                                                                    Best trial: 0. Best value: 0.537282:   3%|▎         | 3/100 [00:09<03:57,  2.45s/it]Best trial: 0. Best value: 0.537282:   3%|▎         | 3/100 [00:09<03:57,  2.45s/it]Best trial: 0. Best value: 0.537282:   4%|▍         | 4/100 [00:09<03:53,  2.43s/it]                                                                                    Best trial: 0. Best value: 0.537282:   4%|▍         | 4/100 [00:12<03:53,  2.43s/it]Best trial: 0. Best value: 0.537282:   4%|▍         | 4/100 [00:12<03:53,  2.43s/it]Best trial: 0. Best value: 0.537282:   5%|▌         | 5/100 [00:12<03:50,  2.42s/it]                                                                                    Best trial: 0. Best value: 0.537282:   5%|▌         | 5/100 [00:14<03:50,  2.42s/it]Best trial: 5. Best value: 0.544927:   5%|▌         | 5/100 [00:14<03:50,  2.42s/it]Best trial: 5. Best value: 0.544927:   6%|▌         | 6/100 [00:14<03:52,  2.48s/it]                                                                                    Best trial: 5. Best value: 0.544927:   6%|▌         | 6/100 [00:17<03:52,  2.48s/it]Best trial: 6. Best value: 0.557821:   6%|▌         | 6/100 [00:17<03:52,  2.48s/it]Best trial: 6. Best value: 0.557821:   7%|▋         | 7/100 [00:17<03:48,  2.45s/it]                                                                                    Best trial: 6. Best value: 0.557821:   7%|▋         | 7/100 [00:19<03:48,  2.45s/it]Best trial: 6. Best value: 0.557821:   7%|▋         | 7/100 [00:19<03:48,  2.45s/it]Best trial: 6. Best value: 0.557821:   8%|▊         | 8/100 [00:19<03:43,  2.43s/it]                                                                                    Best trial: 6. Best value: 0.557821:   8%|▊         | 8/100 [00:22<03:43,  2.43s/it]Best trial: 8. Best value: 0.565067:   8%|▊         | 8/100 [00:22<03:43,  2.43s/it]Best trial: 8. Best value: 0.565067:   9%|▉         | 9/100 [00:22<03:44,  2.47s/it]                                                                                    Best trial: 8. Best value: 0.565067:   9%|▉         | 9/100 [00:24<03:44,  2.47s/it]Best trial: 8. Best value: 0.565067:   9%|▉         | 9/100 [00:24<03:44,  2.47s/it]Best trial: 8. Best value: 0.565067:  10%|█         | 10/100 [00:24<03:40,  2.45s/it]                                                                                     Best trial: 8. Best value: 0.565067:  10%|█         | 10/100 [00:26<03:40,  2.45s/it]Best trial: 8. Best value: 0.565067:  10%|█         | 10/100 [00:26<03:40,  2.45s/it]Best trial: 8. Best value: 0.565067:  11%|█         | 11/100 [00:26<03:36,  2.44s/it]                                                                                     Best trial: 8. Best value: 0.565067:  11%|█         | 11/100 [00:29<03:36,  2.44s/it]Best trial: 8. Best value: 0.565067:  11%|█         | 11/100 [00:29<03:36,  2.44s/it]Best trial: 8. Best value: 0.565067:  12%|█▏        | 12/100 [00:29<03:33,  2.43s/it]                                                                                     Best trial: 8. Best value: 0.565067:  12%|█▏        | 12/100 [00:31<03:33,  2.43s/it]Best trial: 8. Best value: 0.565067:  12%|█▏        | 12/100 [00:31<03:33,  2.43s/it]Best trial: 8. Best value: 0.565067:  13%|█▎        | 13/100 [00:31<03:30,  2.42s/it]                                                                                     Best trial: 8. Best value: 0.565067:  13%|█▎        | 13/100 [00:34<03:30,  2.42s/it]Best trial: 8. Best value: 0.565067:  13%|█▎        | 13/100 [00:34<03:30,  2.42s/it]Best trial: 8. Best value: 0.565067:  14%|█▍        | 14/100 [00:34<03:28,  2.42s/it]                                                                                     Best trial: 8. Best value: 0.565067:  14%|█▍        | 14/100 [00:36<03:28,  2.42s/it]Best trial: 8. Best value: 0.565067:  14%|█▍        | 14/100 [00:36<03:28,  2.42s/it]Best trial: 8. Best value: 0.565067:  15%|█▌        | 15/100 [00:36<03:25,  2.41s/it]                                                                                     Best trial: 8. Best value: 0.565067:  15%|█▌        | 15/100 [00:39<03:25,  2.41s/it]Best trial: 8. Best value: 0.565067:  15%|█▌        | 15/100 [00:39<03:25,  2.41s/it]Best trial: 8. Best value: 0.565067:  16%|█▌        | 16/100 [00:39<03:22,  2.41s/it]                                                                                     Best trial: 8. Best value: 0.565067:  16%|█▌        | 16/100 [00:41<03:22,  2.41s/it]Best trial: 8. Best value: 0.565067:  16%|█▌        | 16/100 [00:41<03:22,  2.41s/it]Best trial: 8. Best value: 0.565067:  17%|█▋        | 17/100 [00:41<03:20,  2.41s/it]                                                                                     Best trial: 8. Best value: 0.565067:  17%|█▋        | 17/100 [00:43<03:20,  2.41s/it]Best trial: 8. Best value: 0.565067:  17%|█▋        | 17/100 [00:43<03:20,  2.41s/it]Best trial: 8. Best value: 0.565067:  18%|█▊        | 18/100 [00:43<03:17,  2.41s/it]                                                                                     Best trial: 8. Best value: 0.565067:  18%|█▊        | 18/100 [00:46<03:17,  2.41s/it]Best trial: 8. Best value: 0.565067:  18%|█▊        | 18/100 [00:46<03:17,  2.41s/it]Best trial: 8. Best value: 0.565067:  19%|█▉        | 19/100 [00:46<03:15,  2.41s/it]                                                                                     Best trial: 8. Best value: 0.565067:  19%|█▉        | 19/100 [00:48<03:15,  2.41s/it]Best trial: 8. Best value: 0.565067:  19%|█▉        | 19/100 [00:48<03:15,  2.41s/it]Best trial: 8. Best value: 0.565067:  20%|██        | 20/100 [00:48<03:12,  2.41s/it]                                                                                     Best trial: 8. Best value: 0.565067:  20%|██        | 20/100 [00:51<03:12,  2.41s/it]Best trial: 8. Best value: 0.565067:  20%|██        | 20/100 [00:51<03:12,  2.41s/it]Best trial: 8. Best value: 0.565067:  21%|██        | 21/100 [00:51<03:09,  2.40s/it]                                                                                     Best trial: 8. Best value: 0.565067:  21%|██        | 21/100 [00:53<03:09,  2.40s/it]Best trial: 8. Best value: 0.565067:  21%|██        | 21/100 [00:53<03:09,  2.40s/it]Best trial: 8. Best value: 0.565067:  22%|██▏       | 22/100 [00:53<03:07,  2.40s/it]                                                                                     Best trial: 8. Best value: 0.565067:  22%|██▏       | 22/100 [00:55<03:07,  2.40s/it]Best trial: 8. Best value: 0.565067:  22%|██▏       | 22/100 [00:55<03:07,  2.40s/it]Best trial: 8. Best value: 0.565067:  23%|██▎       | 23/100 [00:55<03:04,  2.40s/it]                                                                                     Best trial: 8. Best value: 0.565067:  23%|██▎       | 23/100 [00:58<03:04,  2.40s/it]Best trial: 8. Best value: 0.565067:  23%|██▎       | 23/100 [00:58<03:04,  2.40s/it]Best trial: 8. Best value: 0.565067:  24%|██▍       | 24/100 [00:58<03:02,  2.40s/it]                                                                                     Best trial: 8. Best value: 0.565067:  24%|██▍       | 24/100 [01:00<03:02,  2.40s/it]Best trial: 8. Best value: 0.565067:  24%|██▍       | 24/100 [01:00<03:02,  2.40s/it]Best trial: 8. Best value: 0.565067:  25%|██▌       | 25/100 [01:00<03:00,  2.40s/it]                                                                                     Best trial: 8. Best value: 0.565067:  25%|██▌       | 25/100 [01:03<03:00,  2.40s/it]Best trial: 8. Best value: 0.565067:  25%|██▌       | 25/100 [01:03<03:00,  2.40s/it]Best trial: 8. Best value: 0.565067:  26%|██▌       | 26/100 [01:03<02:57,  2.40s/it]                                                                                     Best trial: 8. Best value: 0.565067:  26%|██▌       | 26/100 [01:05<02:57,  2.40s/it]Best trial: 8. Best value: 0.565067:  26%|██▌       | 26/100 [01:05<02:57,  2.40s/it]Best trial: 8. Best value: 0.565067:  27%|██▋       | 27/100 [01:05<02:55,  2.41s/it]                                                                                     Best trial: 8. Best value: 0.565067:  27%|██▋       | 27/100 [01:07<02:55,  2.41s/it]Best trial: 8. Best value: 0.565067:  27%|██▋       | 27/100 [01:07<02:55,  2.41s/it]Best trial: 8. Best value: 0.565067:  28%|██▊       | 28/100 [01:07<02:53,  2.41s/it]                                                                                     Best trial: 8. Best value: 0.565067:  28%|██▊       | 28/100 [01:10<02:53,  2.41s/it]Best trial: 8. Best value: 0.565067:  28%|██▊       | 28/100 [01:10<02:53,  2.41s/it]Best trial: 8. Best value: 0.565067:  29%|██▉       | 29/100 [01:10<02:50,  2.41s/it]                                                                                     Best trial: 8. Best value: 0.565067:  29%|██▉       | 29/100 [01:12<02:50,  2.41s/it]Best trial: 8. Best value: 0.565067:  29%|██▉       | 29/100 [01:12<02:50,  2.41s/it]Best trial: 8. Best value: 0.565067:  30%|███       | 30/100 [01:12<02:48,  2.41s/it]                                                                                     Best trial: 8. Best value: 0.565067:  30%|███       | 30/100 [01:15<02:48,  2.41s/it]Best trial: 8. Best value: 0.565067:  30%|███       | 30/100 [01:15<02:48,  2.41s/it]Best trial: 8. Best value: 0.565067:  31%|███       | 31/100 [01:15<02:49,  2.45s/it]                                                                                     Best trial: 8. Best value: 0.565067:  31%|███       | 31/100 [01:17<02:49,  2.45s/it]Best trial: 8. Best value: 0.565067:  31%|███       | 31/100 [01:17<02:49,  2.45s/it]Best trial: 8. Best value: 0.565067:  32%|███▏      | 32/100 [01:17<02:45,  2.44s/it]                                                                                     Best trial: 8. Best value: 0.565067:  32%|███▏      | 32/100 [01:20<02:45,  2.44s/it]Best trial: 8. Best value: 0.565067:  32%|███▏      | 32/100 [01:20<02:45,  2.44s/it]Best trial: 8. Best value: 0.565067:  33%|███▎      | 33/100 [01:20<02:42,  2.43s/it]                                                                                     Best trial: 8. Best value: 0.565067:  33%|███▎      | 33/100 [01:22<02:42,  2.43s/it]Best trial: 8. Best value: 0.565067:  33%|███▎      | 33/100 [01:22<02:42,  2.43s/it]Best trial: 8. Best value: 0.565067:  34%|███▍      | 34/100 [01:22<02:39,  2.42s/it]                                                                                     Best trial: 8. Best value: 0.565067:  34%|███▍      | 34/100 [01:24<02:39,  2.42s/it]Best trial: 8. Best value: 0.565067:  34%|███▍      | 34/100 [01:24<02:39,  2.42s/it]Best trial: 8. Best value: 0.565067:  35%|███▌      | 35/100 [01:24<02:37,  2.42s/it]                                                                                     Best trial: 8. Best value: 0.565067:  35%|███▌      | 35/100 [01:27<02:37,  2.42s/it]Best trial: 8. Best value: 0.565067:  35%|███▌      | 35/100 [01:27<02:37,  2.42s/it]Best trial: 8. Best value: 0.565067:  36%|███▌      | 36/100 [01:27<02:34,  2.41s/it]                                                                                     Best trial: 8. Best value: 0.565067:  36%|███▌      | 36/100 [01:29<02:34,  2.41s/it]Best trial: 8. Best value: 0.565067:  36%|███▌      | 36/100 [01:29<02:34,  2.41s/it]Best trial: 8. Best value: 0.565067:  37%|███▋      | 37/100 [01:29<02:31,  2.41s/it]                                                                                     Best trial: 8. Best value: 0.565067:  37%|███▋      | 37/100 [01:32<02:31,  2.41s/it]Best trial: 8. Best value: 0.565067:  37%|███▋      | 37/100 [01:32<02:31,  2.41s/it]Best trial: 8. Best value: 0.565067:  38%|███▊      | 38/100 [01:32<02:29,  2.41s/it]                                                                                     Best trial: 8. Best value: 0.565067:  38%|███▊      | 38/100 [01:34<02:29,  2.41s/it]Best trial: 8. Best value: 0.565067:  38%|███▊      | 38/100 [01:34<02:29,  2.41s/it]Best trial: 8. Best value: 0.565067:  39%|███▉      | 39/100 [01:34<02:27,  2.41s/it]                                                                                     Best trial: 8. Best value: 0.565067:  39%|███▉      | 39/100 [01:36<02:27,  2.41s/it]Best trial: 8. Best value: 0.565067:  39%|███▉      | 39/100 [01:36<02:27,  2.41s/it]Best trial: 8. Best value: 0.565067:  40%|████      | 40/100 [01:36<02:24,  2.41s/it]                                                                                     Best trial: 8. Best value: 0.565067:  40%|████      | 40/100 [01:39<02:24,  2.41s/it]Best trial: 8. Best value: 0.565067:  40%|████      | 40/100 [01:39<02:24,  2.41s/it]Best trial: 8. Best value: 0.565067:  41%|████      | 41/100 [01:39<02:22,  2.41s/it]                                                                                     Best trial: 8. Best value: 0.565067:  41%|████      | 41/100 [01:41<02:22,  2.41s/it]Best trial: 8. Best value: 0.565067:  41%|████      | 41/100 [01:41<02:22,  2.41s/it]Best trial: 8. Best value: 0.565067:  42%|████▏     | 42/100 [01:41<02:19,  2.41s/it]                                                                                     Best trial: 8. Best value: 0.565067:  42%|████▏     | 42/100 [01:44<02:19,  2.41s/it]Best trial: 8. Best value: 0.565067:  42%|████▏     | 42/100 [01:44<02:19,  2.41s/it]Best trial: 8. Best value: 0.565067:  43%|████▎     | 43/100 [01:44<02:16,  2.40s/it]                                                                                     Best trial: 8. Best value: 0.565067:  43%|████▎     | 43/100 [01:46<02:16,  2.40s/it]Best trial: 8. Best value: 0.565067:  43%|████▎     | 43/100 [01:46<02:16,  2.40s/it]Best trial: 8. Best value: 0.565067:  44%|████▍     | 44/100 [01:46<02:14,  2.40s/it]                                                                                     Best trial: 8. Best value: 0.565067:  44%|████▍     | 44/100 [01:48<02:14,  2.40s/it]Best trial: 8. Best value: 0.565067:  44%|████▍     | 44/100 [01:48<02:14,  2.40s/it]Best trial: 8. Best value: 0.565067:  45%|████▌     | 45/100 [01:48<02:11,  2.40s/it]                                                                                     Best trial: 8. Best value: 0.565067:  45%|████▌     | 45/100 [01:51<02:11,  2.40s/it]Best trial: 8. Best value: 0.565067:  45%|████▌     | 45/100 [01:51<02:11,  2.40s/it]Best trial: 8. Best value: 0.565067:  46%|████▌     | 46/100 [01:51<02:09,  2.40s/it]                                                                                     Best trial: 8. Best value: 0.565067:  46%|████▌     | 46/100 [01:53<02:09,  2.40s/it]Best trial: 8. Best value: 0.565067:  46%|████▌     | 46/100 [01:53<02:09,  2.40s/it]Best trial: 8. Best value: 0.565067:  47%|████▋     | 47/100 [01:53<02:07,  2.40s/it]                                                                                     Best trial: 8. Best value: 0.565067:  47%|████▋     | 47/100 [01:56<02:07,  2.40s/it]Best trial: 47. Best value: 0.565069:  47%|████▋     | 47/100 [01:56<02:07,  2.40s/it]Best trial: 47. Best value: 0.565069:  48%|████▊     | 48/100 [01:56<02:04,  2.40s/it]                                                                                      Best trial: 47. Best value: 0.565069:  48%|████▊     | 48/100 [01:58<02:04,  2.40s/it]Best trial: 48. Best value: 0.565084:  48%|████▊     | 48/100 [01:58<02:04,  2.40s/it]Best trial: 48. Best value: 0.565084:  49%|████▉     | 49/100 [01:58<02:02,  2.40s/it]                                                                                      Best trial: 48. Best value: 0.565084:  49%|████▉     | 49/100 [02:00<02:02,  2.40s/it]Best trial: 48. Best value: 0.565084:  49%|████▉     | 49/100 [02:00<02:02,  2.40s/it]Best trial: 48. Best value: 0.565084:  50%|█████     | 50/100 [02:00<01:59,  2.40s/it]                                                                                      Best trial: 48. Best value: 0.565084:  50%|█████     | 50/100 [02:03<01:59,  2.40s/it]Best trial: 48. Best value: 0.565084:  50%|█████     | 50/100 [02:03<01:59,  2.40s/it]Best trial: 48. Best value: 0.565084:  51%|█████     | 51/100 [02:03<01:57,  2.40s/it]                                                                                      Best trial: 48. Best value: 0.565084:  51%|█████     | 51/100 [02:05<01:57,  2.40s/it]Best trial: 51. Best value: 0.56509:  51%|█████     | 51/100 [02:05<01:57,  2.40s/it] Best trial: 51. Best value: 0.56509:  52%|█████▏    | 52/100 [02:05<01:55,  2.40s/it]                                                                                     Best trial: 51. Best value: 0.56509:  52%|█████▏    | 52/100 [02:08<01:55,  2.40s/it]Best trial: 51. Best value: 0.56509:  52%|█████▏    | 52/100 [02:08<01:55,  2.40s/it]Best trial: 51. Best value: 0.56509:  53%|█████▎    | 53/100 [02:08<01:54,  2.44s/it]                                                                                     Best trial: 51. Best value: 0.56509:  53%|█████▎    | 53/100 [02:10<01:54,  2.44s/it]Best trial: 51. Best value: 0.56509:  53%|█████▎    | 53/100 [02:10<01:54,  2.44s/it]Best trial: 51. Best value: 0.56509:  54%|█████▍    | 54/100 [02:10<01:51,  2.43s/it]                                                                                     Best trial: 51. Best value: 0.56509:  54%|█████▍    | 54/100 [02:13<01:51,  2.43s/it]Best trial: 51. Best value: 0.56509:  54%|█████▍    | 54/100 [02:13<01:51,  2.43s/it]Best trial: 51. Best value: 0.56509:  55%|█████▌    | 55/100 [02:13<01:48,  2.42s/it]                                                                                     Best trial: 51. Best value: 0.56509:  55%|█████▌    | 55/100 [02:15<01:48,  2.42s/it]Best trial: 51. Best value: 0.56509:  55%|█████▌    | 55/100 [02:15<01:48,  2.42s/it]Best trial: 51. Best value: 0.56509:  56%|█████▌    | 56/100 [02:15<01:46,  2.41s/it]                                                                                     Best trial: 51. Best value: 0.56509:  56%|█████▌    | 56/100 [02:17<01:46,  2.41s/it]Best trial: 51. Best value: 0.56509:  56%|█████▌    | 56/100 [02:17<01:46,  2.41s/it]Best trial: 51. Best value: 0.56509:  57%|█████▋    | 57/100 [02:17<01:43,  2.42s/it]                                                                                     Best trial: 51. Best value: 0.56509:  57%|█████▋    | 57/100 [02:20<01:43,  2.42s/it]Best trial: 51. Best value: 0.56509:  57%|█████▋    | 57/100 [02:20<01:43,  2.42s/it]Best trial: 51. Best value: 0.56509:  58%|█████▊    | 58/100 [02:20<01:41,  2.41s/it]                                                                                     Best trial: 51. Best value: 0.56509:  58%|█████▊    | 58/100 [02:22<01:41,  2.41s/it]Best trial: 51. Best value: 0.56509:  58%|█████▊    | 58/100 [02:22<01:41,  2.41s/it]Best trial: 51. Best value: 0.56509:  59%|█████▉    | 59/100 [02:22<01:38,  2.41s/it]                                                                                     Best trial: 51. Best value: 0.56509:  59%|█████▉    | 59/100 [02:25<01:38,  2.41s/it]Best trial: 51. Best value: 0.56509:  59%|█████▉    | 59/100 [02:25<01:38,  2.41s/it]Best trial: 51. Best value: 0.56509:  60%|██████    | 60/100 [02:25<01:36,  2.41s/it]                                                                                     Best trial: 51. Best value: 0.56509:  60%|██████    | 60/100 [02:27<01:36,  2.41s/it]Best trial: 51. Best value: 0.56509:  60%|██████    | 60/100 [02:27<01:36,  2.41s/it]Best trial: 51. Best value: 0.56509:  61%|██████    | 61/100 [02:27<01:34,  2.41s/it]                                                                                     Best trial: 51. Best value: 0.56509:  61%|██████    | 61/100 [02:29<01:34,  2.41s/it]Best trial: 51. Best value: 0.56509:  61%|██████    | 61/100 [02:29<01:34,  2.41s/it]Best trial: 51. Best value: 0.56509:  62%|██████▏   | 62/100 [02:29<01:31,  2.41s/it]                                                                                     Best trial: 51. Best value: 0.56509:  62%|██████▏   | 62/100 [02:32<01:31,  2.41s/it]Best trial: 51. Best value: 0.56509:  62%|██████▏   | 62/100 [02:32<01:31,  2.41s/it]Best trial: 51. Best value: 0.56509:  63%|██████▎   | 63/100 [02:32<01:29,  2.41s/it]    