[I 2025-05-23 02:14:47,405] Trial 99 finished with value: 0.8362139495351312 and parameters: {'interp_param': 0.23138087112908418}. Best is trial 92 with value: 0.8383409847819047.
Best hyperparameters: {'interp_param': 0.09764525468799874}
Best optimized value: 0.8383409847819047
Tuning threshold scale factor for offline BASE using optuna
  0%|          | 0/100 [00:00<?, ?it/s]                                         0%|          | 0/100 [00:00<?, ?it/s]Best trial: 0. Best value: 0.774021:   0%|          | 0/100 [00:00<?, ?it/s]Best trial: 0. Best value: 0.774021:   1%|          | 1/100 [00:00<00:51,  1.92it/s]                                                                                    Best trial: 0. Best value: 0.774021:   1%|          | 1/100 [00:00<00:51,  1.92it/s]Best trial: 1. Best value: 0.829134:   1%|          | 1/100 [00:00<00:51,  1.92it/s]Best trial: 1. Best value: 0.829134:   2%|▏         | 2/100 [00:00<00:42,  2.32it/s]                                                                                    Best trial: 1. Best value: 0.829134:   2%|▏         | 2/100 [00:01<00:42,  2.32it/s]Best trial: 2. Best value: 0.832431:   2%|▏         | 2/100 [00:01<00:42,  2.32it/s]Best trial: 2. Best value: 0.832431:   3%|▎         | 3/100 [00:01<00:38,  2.49it/s]                                                                                    Best trial: 2. Best value: 0.832431:   3%|▎         | 3/100 [00:01<00:38,  2.49it/s]Best trial: 2. Best value: 0.832431:   3%|▎         | 3/100 [00:01<00:38,  2.49it/s]Best trial: 2. Best value: 0.832431:   4%|▍         | 4/100 [00:01<00:37,  2.58it/s]                                                                                    Best trial: 2. Best value: 0.832431:   4%|▍         | 4/100 [00:01<00:37,  2.58it/s]Best trial: 2. Best value: 0.832431:   4%|▍         | 4/100 [00:01<00:37,  2.58it/s]Best trial: 2. Best value: 0.832431:   5%|▌         | 5/100 [00:01<00:36,  2.63it/s]                                                                                    Best trial: 2. Best value: 0.832431:   5%|▌         | 5/100 [00:02<00:36,  2.63it/s]Best trial: 5. Best value: 0.847558:   5%|▌         | 5/100 [00:02<00:36,  2.63it/s]Best trial: 5. Best value: 0.847558:   6%|▌         | 6/100 [00:02<00:35,  2.66it/s]                                                                                    Best trial: 5. Best value: 0.847558:   6%|▌         | 6/100 [00:02<00:35,  2.66it/s]Best trial: 5. Best value: 0.847558:   6%|▌         | 6/100 [00:02<00:35,  2.66it/s]Best trial: 5. Best value: 0.847558:   7%|▋         | 7/100 [00:02<00:34,  2.68it/s]                                                                                    Best trial: 5. Best value: 0.847558:   7%|▋         | 7/100 [00:03<00:34,  2.68it/s]Best trial: 5. Best value: 0.847558:   7%|▋         | 7/100 [00:03<00:34,  2.68it/s]Best trial: 5. Best value: 0.847558:   8%|▊         | 8/100 [00:03<00:34,  2.70it/s]                                                                                    Best trial: 5. Best value: 0.847558:   8%|▊         | 8/100 [00:03<00:34,  2.70it/s]Best trial: 5. Best value: 0.847558:   8%|▊         | 8/100 [00:03<00:34,  2.70it/s]Best trial: 5. Best value: 0.847558:   9%|▉         | 9/100 [00:03<00:33,  2.71it/s]                                                                                    Best trial: 5. Best value: 0.847558:   9%|▉         | 9/100 [00:03<00:33,  2.71it/s]Best trial: 5. Best value: 0.847558:   9%|▉         | 9/100 [00:03<00:33,  2.71it/s]Best trial: 5. Best value: 0.847558:  10%|█         | 10/100 [00:03<00:33,  2.71it/s]                                                                                     Best trial: 5. Best value: 0.847558:  10%|█         | 10/100 [00:04<00:33,  2.71it/s]Best trial: 10. Best value: 0.850255:  10%|█         | 10/100 [00:04<00:33,  2.71it/s]Best trial: 10. Best value: 0.850255:  11%|█         | 11/100 [00:04<00:32,  2.70it/s]                                                                                      Best trial: 10. Best value: 0.850255:  11%|█         | 11/100 [00:04<00:32,  2.70it/s]Best trial: 10. Best value: 0.850255:  11%|█         | 11/100 [00:04<00:32,  2.70it/s]Best trial: 10. Best value: 0.850255:  12%|█▏        | 12/100 [00:04<00:32,  2.71it/s]                                                                                      Best trial: 10. Best value: 0.850255:  12%|█▏        | 12/100 [00:04<00:32,  2.71it/s]Best trial: 10. Best value: 0.850255:  12%|█▏        | 12/100 [00:04<00:32,  2.71it/s]Best trial: 10. Best value: 0.850255:  13%|█▎        | 13/100 [00:04<00:32,  2.71it/s]                                                                                      Best trial: 10. Best value: 0.850255:  13%|█▎        | 13/100 [00:05<00:32,  2.71it/s]Best trial: 10. Best value: 0.850255:  13%|█▎        | 13/100 [00:05<00:32,  2.71it/s]Best trial: 10. Best value: 0.850255:  14%|█▍        | 14/100 [00:05<00:31,  2.71it/s]                                                                                      Best trial: 10. Best value: 0.850255:  14%|█▍        | 14/100 [00:05<00:31,  2.71it/s]Best trial: 10. Best value: 0.850255:  14%|█▍        | 14/100 [00:05<00:31,  2.71it/s]Best trial: 10. Best value: 0.850255:  15%|█▌        | 15/100 [00:05<00:31,  2.71it/s]                                                                                      Best trial: 10. Best value: 0.850255:  15%|█▌        | 15/100 [00:06<00:31,  2.71it/s]Best trial: 10. Best value: 0.850255:  15%|█▌        | 15/100 [00:06<00:31,  2.71it/s]Best trial: 10. Best value: 0.850255:  16%|█▌        | 16/100 [00:06<00:30,  2.71it/s]                                                                                      Best trial: 10. Best value: 0.850255:  16%|█▌        | 16/100 [00:06<00:30,  2.71it/s]Best trial: 10. Best value: 0.850255:  16%|█▌        | 16/100 [00:06<00:30,  2.71it/s]Best trial: 10. Best value: 0.850255:  17%|█▋        | 17/100 [00:06<00:30,  2.72it/s]                                                                                      Best trial: 10. Best value: 0.850255:  17%|█▋        | 17/100 [00:06<00:30,  2.72it/s]Best trial: 10. Best value: 0.850255:  17%|█▋        | 17/100 [00:06<00:30,  2.72it/s]Best trial: 10. Best value: 0.850255:  18%|█▊        | 18/100 [00:06<00:30,  2.71it/s]                                                                                      Best trial: 10. Best value: 0.850255:  18%|█▊        | 18/100 [00:07<00:30,  2.71it/s]Best trial: 10. Best value: 0.850255:  18%|█▊        | 18/100 [00:07<00:30,  2.71it/s]Best trial: 10. Best value: 0.850255:  19%|█▉        | 19/100 [00:07<00:29,  2.71it/s]                                                                                      Best trial: 10. Best value: 0.850255:  19%|█▉        | 19/100 [00:07<00:29,  2.71it/s]Best trial: 10. Best value: 0.850255:  19%|█▉        | 19/100 [00:07<00:29,  2.71it/s]Best trial: 10. Best value: 0.850255:  20%|██        | 20/100 [00:07<00:29,  2.71it/s]                                                                                      Best trial: 10. Best value: 0.850255:  20%|██        | 20/100 [00:07<00:29,  2.71it/s]Best trial: 10. Best value: 0.850255:  20%|██        | 20/100 [00:07<00:29,  2.71it/s]Best trial: 10. Best value: 0.850255:  21%|██        | 21/100 [00:07<00:29,  2.71it/s]                                                                                      Best trial: 10. Best value: 0.850255:  21%|██        | 21/100 [00:08<00:29,  2.71it/s]Best trial: 10. Best value: 0.850255:  21%|██        | 21/100 [00:08<00:29,  2.71it/s]Best trial: 10. Best value: 0.850255:  22%|██▏       | 22/100 [00:08<00:28,  2.71it/s]                                                                                      Best trial: 10. Best value: 0.850255:  22%|██▏       | 22/100 [00:08<00:28,  2.71it/s]Best trial: 10. Best value: 0.850255:  22%|██▏       | 22/100 [00:08<00:28,  2.71it/s]Best trial: 10. Best value: 0.850255:  23%|██▎       | 23/100 [00:08<00:28,  2.71it/s]                                                                                      Best trial: 10. Best value: 0.850255:  23%|██▎       | 23/100 [00:08<00:28,  2.71it/s]Best trial: 23. Best value: 0.850601:  23%|██▎       | 23/100 [00:08<00:28,  2.71it/s]Best trial: 23. Best value: 0.850601:  24%|██▍       | 24/100 [00:08<00:28,  2.71it/s]                                                                                      Best trial: 23. Best value: 0.850601:  24%|██▍       | 24/100 [00:09<00:28,  2.71it/s]Best trial: 23. Best value: 0.850601:  24%|██▍       | 24/100 [00:09<00:28,  2.71it/s]Best trial: 23. Best value: 0.850601:  25%|██▌       | 25/100 [00:09<00:27,  2.70it/s]                                                                                      Best trial: 23. Best value: 0.850601:  25%|██▌       | 25/100 [00:09<00:27,  2.70it/s]Best trial: 23. Best value: 0.850601:  25%|██▌       | 25/100 [00:09<00:27,  2.70it/s]Best trial: 23. Best value: 0.850601:  26%|██▌       | 26/100 [00:09<00:27,  2.70it/s]                                                                                      Best trial: 23. Best value: 0.850601:  26%|██▌       | 26/100 [00:10<00:27,  2.70it/s]Best trial: 23. Best value: 0.850601:  26%|██▌       | 26/100 [00:10<00:27,  2.70it/s]Best trial: 23. Best value: 0.850601:  27%|██▋       | 27/100 [00:10<00:27,  2.70it/s]                                                                                      Best trial: 23. Best value: 0.850601:  27%|██▋       | 27/100 [00:10<00:27,  2.70it/s]Best trial: 23. Best value: 0.850601:  27%|██▋       | 27/100 [00:10<00:27,  2.70it/s]Best trial: 23. Best value: 0.850601:  28%|██▊       | 28/100 [00:10<00:26,  2.70it/s]                                                                                      Best trial: 23. Best value: 0.850601:  28%|██▊       | 28/100 [00:10<00:26,  2.70it/s]Best trial: 23. Best value: 0.850601:  28%|██▊       | 28/100 [00:10<00:26,  2.70it/s]Best trial: 23. Best value: 0.850601:  29%|██▉       | 29/100 [00:10<00:26,  2.70it/s]                                                                                      Best trial: 23. Best value: 0.850601:  29%|██▉       | 29/100 [00:11<00:26,  2.70it/s]Best trial: 23. Best value: 0.850601:  29%|██▉       | 29/100 [00:11<00:26,  2.70it/s]Best trial: 23. Best value: 0.850601:  30%|███       | 30/100 [00:11<00:25,  2.70it/s]                                                                                      Best trial: 23. Best value: 0.850601:  30%|███       | 30/100 [00:11<00:25,  2.70it/s]Best trial: 23. Best value: 0.850601:  30%|███       | 30/100 [00:11<00:25,  2.70it/s]Best trial: 23. Best value: 0.850601:  31%|███       | 31/100 [00:11<00:25,  2.70it/s]                                                                                      Best trial: 23. Best value: 0.850601:  31%|███       | 31/100 [00:11<00:25,  2.70it/s]Best trial: 23. Best value: 0.850601:  31%|███       | 31/100 [00:11<00:25,  2.70it/s]Best trial: 23. Best value: 0.850601:  32%|███▏      | 32/100 [00:11<00:25,  2.70it/s]                                                                                      Best trial: 23. Best value: 0.850601:  32%|███▏      | 32/100 [00:12<00:25,  2.70it/s]Best trial: 23. Best value: 0.850601:  32%|███▏      | 32/100 [00:12<00:25,  2.70it/s]Best trial: 23. Best value: 0.850601:  33%|███▎      | 33/100 [00:12<00:24,  2.70it/s]                                                                                      Best trial: 23. Best value: 0.850601:  33%|███▎      | 33/100 [00:12<00:24,  2.70it/s]Best trial: 23. Best value: 0.850601:  33%|███▎      | 33/100 [00:12<00:24,  2.70it/s]Best trial: 23. Best value: 0.850601:  34%|███▍      | 34/100 [00:12<00:24,  2.70it/s]                                                                                      Best trial: 23. Best value: 0.850601:  34%|███▍      | 34/100 [00:13<00:24,  2.70it/s]Best trial: 23. Best value: 0.850601:  34%|███▍      | 34/100 [00:13<00:24,  2.70it/s]Best trial: 23. Best value: 0.850601:  35%|███▌      | 35/100 [00:13<00:24,  2.70it/s]                                                                                      Best trial: 23. Best value: 0.850601:  35%|███▌      | 35/100 [00:13<00:24,  2.70it/s]Best trial: 23. Best value: 0.850601:  35%|███▌      | 35/100 [00:13<00:24,  2.70it/s]Best trial: 23. Best value: 0.850601:  36%|███▌      | 36/100 [00:13<00:23,  2.70it/s]                                                                                      Best trial: 23. Best value: 0.850601:  36%|███▌      | 36/100 [00:13<00:23,  2.70it/s]Best trial: 23. Best value: 0.850601:  36%|███▌      | 36/100 [00:13<00:23,  2.70it/s]Best trial: 23. Best value: 0.850601:  37%|███▋      | 37/100 [00:13<00:23,  2.70it/s]                                                                                      Best trial: 23. Best value: 0.850601:  37%|███▋      | 37/100 [00:14<00:23,  2.70it/s]Best trial: 23. Best value: 0.850601:  37%|███▋      | 37/100 [00:14<00:23,  2.70it/s]Best trial: 23. Best value: 0.850601:  38%|███▊      | 38/100 [00:14<00:22,  2.70it/s]                                                                                      Best trial: 23. Best value: 0.850601:  38%|███▊      | 38/100 [00:14<00:22,  2.70it/s]Best trial: 23. Best value: 0.850601:  38%|███▊      | 38/100 [00:14<00:22,  2.70it/s]Best trial: 23. Best value: 0.850601:  39%|███▉      | 39/100 [00:14<00:22,  2.70it/s]                                                                                      Best trial: 23. Best value: 0.850601:  39%|███▉      | 39/100 [00:15<00:22,  2.70it/s]Best trial: 23. Best value: 0.850601:  39%|███▉      | 39/100 [00:15<00:22,  2.70it/s]Best trial: 23. Best value: 0.850601:  40%|████      | 40/100 [00:15<00:24,  2.43it/s]                                                                                      Best trial: 23. Best value: 0.850601:  40%|████      | 40/100 [00:15<00:24,  2.43it/s]Best trial: 23. Best value: 0.850601:  40%|████      | 40/100 [00:15<00:24,  2.43it/s]Best trial: 23. Best value: 0.850601:  41%|████      | 41/100 [00:15<00:23,  2.50it/s]                                                                                      Best trial: 23. Best value: 0.850601:  41%|████      | 41/100 [00:15<00:23,  2.50it/s]Best trial: 41. Best value: 0.850652:  41%|████      | 41/100 [00:15<00:23,  2.50it/s]Best trial: 41. Best value: 0.850652:  42%|████▏     | 42/100 [00:15<00:22,  2.56it/s]                                                                                      Best trial: 41. Best value: 0.850652:  42%|████▏     | 42/100 [00:16<00:22,  2.56it/s]Best trial: 41. Best value: 0.850652:  42%|████▏     | 42/100 [00:16<00:22,  2.56it/s]Best trial: 41. Best value: 0.850652:  43%|████▎     | 43/100 [00:16<00:21,  2.60it/s]                                                                                      Best trial: 41. Best value: 0.850652:  43%|████▎     | 43/100 [00:16<00:21,  2.60it/s]Best trial: 41. Best value: 0.850652:  43%|████▎     | 43/100 [00:16<00:21,  2.60it/s]Best trial: 41. Best value: 0.850652:  44%|████▍     | 44/100 [00:16<00:21,  2.63it/s]                                                                                      Best trial: 41. Best value: 0.850652:  44%|████▍     | 44/100 [00:16<00:21,  2.63it/s]Best trial: 41. Best value: 0.850652:  44%|████▍     | 44/100 [00:16<00:21,  2.63it/s]Best trial: 41. Best value: 0.850652:  45%|████▌     | 45/100 [00:16<00:20,  2.65it/s]                                                                                      Best trial: 41. Best value: 0.850652:  45%|████▌     | 45/100 [00:17<00:20,  2.65it/s]Best trial: 41. Best value: 0.850652:  45%|████▌     | 45/100 [00:17<00:20,  2.65it/s]Best trial: 41. Best value: 0.850652:  46%|████▌     | 46/100 [00:17<00:20,  2.67it/s]                                                                                      Best trial: 41. Best value: 0.850652:  46%|████▌     | 46/100 [00:17<00:20,  2.67it/s]Best trial: 41. Best value: 0.850652:  46%|████▌     | 46/100 [00:17<00:20,  2.67it/s]Best trial: 41. Best value: 0.850652:  47%|████▋     | 47/100 [00:17<00:19,  2.67it/s]                                                                                      Best trial: 41. Best value: 0.850652:  47%|████▋     | 47/100 [00:18<00:19,  2.67it/s]Best trial: 41. Best value: 0.850652:  47%|████▋     | 47/100 [00:18<00:19,  2.67it/s]Best trial: 41. Best value: 0.850652:  48%|████▊     | 48/100 [00:18<00:19,  2.68it/s]                                                                                      Best trial: 41. Best value: 0.850652:  48%|████▊     | 48/100 [00:18<00:19,  2.68it/s]Best trial: 41. Best value: 0.850652:  48%|████▊     | 48/100 [00:18<00:19,  2.68it/s]Best trial: 41. Best value: 0.850652:  49%|████▉     | 49/100 [00:18<00:19,  2.68it/s]                                                                                      Best trial: 41. Best value: 0.850652:  49%|████▉     | 49/100 [00:18<00:19,  2.68it/s]Best trial: 41. Best value: 0.850652:  49%|████▉     | 49/100 [00:18<00:19,  2.68it/s]Best trial: 41. Best value: 0.850652:  50%|█████     | 50/100 [00:18<00:18,  2.68it/s]                                                                                      Best trial: 41. Best value: 0.850652:  50%|█████     | 50/100 [00:19<00:18,  2.68it/s]Best trial: 41. Best value: 0.850652:  50%|█████     | 50/100 [00:19<00:18,  2.68it/s]Best trial: 41. Best value: 0.850652:  51%|█████     | 51/100 [00:19<00:18,  2.69it/s]                                                                                      Best trial: 41. Best value: 0.850652:  51%|█████     | 51/100 [00:19<00:18,  2.69it/s]Best trial: 41. Best value: 0.850652:  51%|█████     | 51/100 [00:19<00:18,  2.69it/s]Best trial: 41. Best value: 0.850652:  52%|█████▏    | 52/100 [00:19<00:17,  2.70it/s]                                                                                      Best trial: 41. Best value: 0.850652:  52%|█████▏    | 52/100 [00:19<00:17,  2.70it/s]Best trial: 41. Best value: 0.850652:  52%|█████▏    | 52/100 [00:19<00:17,  2.70it/s]Best trial: 41. Best value: 0.850652:  53%|█████▎    | 53/100 [00:19<00:17,  2.70it/s]                                                                                      Best trial: 41. Best value: 0.850652:  53%|█████▎    | 53/100 [00:20<00:17,  2.70it/s]Best trial: 41. Best value: 0.850652:  53%|█████▎    | 53/100 [00:20<00:17,  2.70it/s]Best trial: 41. Best value: 0.850652:  54%|█████▍    | 54/100 [00:20<00:17,  2.70it/s]                                                                                      Best trial: 41. Best value: 0.850652:  54%|█████▍    | 54/100 [00:20<00:17,  2.70it/s]Best trial: 41. Best value: 0.850652:  54%|█████▍    | 54/100 [00:20<00:17,  2.70it/s]Best trial: 41. Best value: 0.850652:  55%|█████▌    | 55/100 [00:20<00:16,  2.70it/s]                                                                                      Best trial: 41. Best value: 0.850652:  55%|█████▌    | 55/100 [00:20<00:16,  2.70it/s]Best trial: 41. Best value: 0.850652:  55%|█████▌    | 55/100 [00:20<00:16,  2.70it/s]Best trial: 41. Best value: 0.850652:  56%|█████▌    | 56/100 [00:20<00:16,  2.70it/s]                                                                                      Best trial: 41. Best value: 0.850652:  56%|█████▌    | 56/100 [00:21<00:16,  2.70it/s]Best trial: 41. Best value: 0.850652:  56%|█████▌    | 56/100 [00:21<00:16,  2.70it/s]Best trial: 41. Best value: 0.850652:  57%|█████▋    | 57/100 [00:21<00:15,  2.70it/s]                                                                                      Best trial: 41. Best value: 0.850652:  57%|█████▋    | 57/100 [00:21<00:15,  2.70it/s]Best trial: 41. Best value: 0.850652:  57%|█████▋    | 57/100 [00:21<00:15,  2.70it/s]Best trial: 41. Best value: 0.850652:  58%|█████▊    | 58/100 [00:21<00:15,  2.70it/s]                                                                                      Best trial: 41. Best value: 0.850652:  58%|█████▊    | 58/100 [00:22<00:15,  2.70it/s]Best trial: 41. Best value: 0.850652:  58%|█████▊    | 58/100 [00:22<00:15,  2.70it/s]Best trial: 41. Best value: 0.850652:  59%|█████▉    | 59/100 [00:22<00:15,  2.70it/s]                                                                                      Best trial: 41. Best value: 0.850652:  59%|█████▉    | 59/100 [00:22<00:15,  2.70it/s]Best trial: 41. Best value: 0.850652:  59%|█████▉    | 59/100 [00:22<00:15,  2.70it/s]Best trial: 41. Best value: 0.850652:  60%|██████    | 60/100 [00:22<00:14,  2.70it/s]                                                                                      Best trial: 41. Best value: 0.850652:  60%|██████    | 60/100 [00:22<00:14,  2.70it/s]Best trial: 41. Best value: 0.850652:  60%|██████    | 60/100 [00:22<00:14,  2.70it/s]Best trial: 41. Best value: 0.850652:  61%|██████    | 61/100 [00:22<00:14,  2.70it/s]                                                                                      Best trial: 41. Best value: 0.850652:  61%|██████    | 61/100 [00:23<00:14,  2.70it/s]Best trial: 61. Best value: 0.850653:  61%|██████    | 61/100 [00:23<00:14,  2.70it/s]Best trial: 61. Best value: 0.850653:  62%|██████▏   | 62/100 [00:23<00:14,  2.70it/s]                                                                                      Best trial: 61. Best value: 0.850653:  62%|██████▏   | 62/100 [00:23<0