[I 2025-05-23 02:13:59,884] Trial 0 finished with value: 0.8356447887275081 and parameters: {'interp_param': 0.2799117662917858}. Best is trial 0 with value: 0.8356447887275081.
[I 2025-05-23 02:14:00,359] Trial 1 finished with value: 0.818523708890328 and parameters: {'interp_param': 0.6941688783114485}. Best is trial 0 with value: 0.8356447887275081.
[I 2025-05-23 02:14:00,834] Trial 2 finished with value: 0.8322876433923863 and parameters: {'interp_param': 0.48274306831763025}. Best is trial 0 with value: 0.8356447887275081.
[I 2025-05-23 02:14:01,309] Trial 3 finished with value: 0.8259600206993848 and parameters: {'interp_param': 0.5919779340158874}. Best is trial 0 with value: 0.8356447887275081.
[I 2025-05-23 02:14:01,783] Trial 4 finished with value: 0.8380016565289792 and parameters: {'interp_param': 0.13109538888833427}. Best is trial 4 with value: 0.8380016565289792.
[I 2025-05-23 02:14:02,260] Trial 5 finished with value: 0.8184861262084278 and parameters: {'interp_param': 0.6947941085992578}. Best is trial 4 with value: 0.8380016565289792.
[I 2025-05-23 02:14:02,734] Trial 6 finished with value: 0.8020545440353393 and parameters: {'interp_param': 0.8577026946111611}. Best is trial 4 with value: 0.8380016565289792.
[I 2025-05-23 02:14:03,210] Trial 7 finished with value: 0.8342918121791018 and parameters: {'interp_param': 0.37870548835649864}. Best is trial 4 with value: 0.8380016565289792.
[I 2025-05-23 02:14:03,685] Trial 8 finished with value: 0.8328493960752116 and parameters: {'interp_param': 0.46353458534939906}. Best is trial 4 with value: 0.8380016565289792.
[I 2025-05-23 02:14:04,160] Trial 9 finished with value: 0.8302364962532958 and parameters: {'interp_param': 0.5259285116831118}. Best is trial 4 with value: 0.8380016565289792.
[I 2025-05-23 02:14:04,640] Trial 10 finished with value: 0.8382943678014709 and parameters: {'interp_param': 0.06844707344722445}. Best is trial 10 with value: 0.8382943678014709.
[I 2025-05-23 02:14:05,117] Trial 11 finished with value: 0.8382706979393126 and parameters: {'interp_param': 0.04629986463174404}. Best is trial 10 with value: 0.8382943678014709.
[I 2025-05-23 02:14:05,595] Trial 12 finished with value: 0.8381116942851197 and parameters: {'interp_param': 0.0008629487498993255}. Best is trial 10 with value: 0.8382943678014709.
[I 2025-05-23 02:14:06,070] Trial 13 finished with value: 0.8381115135991489 and parameters: {'interp_param': 0.0007408645209920628}. Best is trial 10 with value: 0.8382943678014709.
[I 2025-05-23 02:14:06,546] Trial 14 finished with value: 0.836509913155095 and parameters: {'interp_param': 0.20373304838666215}. Best is trial 10 with value: 0.8382943678014709.
[I 2025-05-23 02:14:07,020] Trial 15 finished with value: 0.8378639738193255 and parameters: {'interp_param': 0.140348759428491}. Best is trial 10 with value: 0.8382943678014709.
[I 2025-05-23 02:14:07,496] Trial 16 finished with value: 0.835498071719321 and parameters: {'interp_param': 0.3031984541916499}. Best is trial 10 with value: 0.8382943678014709.
[I 2025-05-23 02:14:07,974] Trial 17 finished with value: 0.8383133398283917 and parameters: {'interp_param': 0.09038552749882331}. Best is trial 17 with value: 0.8383133398283917.
[I 2025-05-23 02:14:08,452] Trial 18 finished with value: 0.7860613060271058 and parameters: {'interp_param': 0.952458841322319}. Best is trial 17 with value: 0.8383133398283917.
[I 2025-05-23 02:14:08,931] Trial 19 finished with value: 0.8362950775359638 and parameters: {'interp_param': 0.21290610280876043}. Best is trial 17 with value: 0.8383133398283917.
[I 2025-05-23 02:14:09,408] Trial 20 finished with value: 0.8382049282459874 and parameters: {'interp_param': 0.11572296853915007}. Best is trial 17 with value: 0.8383133398283917.
[I 2025-05-23 02:14:09,883] Trial 21 finished with value: 0.8382978008349137 and parameters: {'interp_param': 0.07100165756529275}. Best is trial 17 with value: 0.8383133398283917.
[I 2025-05-23 02:14:10,361] Trial 22 finished with value: 0.8383200252093066 and parameters: {'interp_param': 0.08810939337298274}. Best is trial 22 with value: 0.8383200252093066.
[I 2025-05-23 02:14:10,838] Trial 23 finished with value: 0.8351988557518849 and parameters: {'interp_param': 0.3386216764421327}. Best is trial 22 with value: 0.8383200252093066.
[I 2025-05-23 02:14:11,315] Trial 24 finished with value: 0.8365317761575466 and parameters: {'interp_param': 0.20291332855830704}. Best is trial 22 with value: 0.8383200252093066.
[I 2025-05-23 02:14:11,793] Trial 25 finished with value: 0.8362556879943568 and parameters: {'interp_param': 0.2164911778050089}. Best is trial 22 with value: 0.8383200252093066.
[I 2025-05-23 02:14:12,270] Trial 26 finished with value: 0.8340215059669736 and parameters: {'interp_param': 0.40166019329432157}. Best is trial 22 with value: 0.8383200252093066.
[I 2025-05-23 02:14:12,748] Trial 27 finished with value: 0.8383288788218697 and parameters: {'interp_param': 0.0970657821931693}. Best is trial 27 with value: 0.8383288788218697.
[I 2025-05-23 02:14:13,225] Trial 28 finished with value: 0.8378715626300939 and parameters: {'interp_param': 0.13854154874751218}. Best is trial 27 with value: 0.8383288788218697.
[I 2025-05-23 02:14:13,700] Trial 29 finished with value: 0.8356617732087516 and parameters: {'interp_param': 0.27872459568392854}. Best is trial 27 with value: 0.8383288788218697.
[I 2025-05-23 02:14:14,178] Trial 30 finished with value: 0.83565599125769 and parameters: {'interp_param': 0.29189158901349344}. Best is trial 27 with value: 0.8383288788218697.
[I 2025-05-23 02:14:14,654] Trial 31 finished with value: 0.8382735889148434 and parameters: {'interp_param': 0.0786198085526314}. Best is trial 27 with value: 0.8383288788218697.
[I 2025-05-23 02:14:15,132] Trial 32 finished with value: 0.8382819004694945 and parameters: {'interp_param': 0.0736688080197481}. Best is trial 27 with value: 0.8383288788218697.
[I 2025-05-23 02:14:15,610] Trial 33 finished with value: 0.8372695169758083 and parameters: {'interp_param': 0.17350427480580619}. Best is trial 27 with value: 0.8383288788218697.
[I 2025-05-23 02:14:16,225] Trial 34 finished with value: 0.8358012627781118 and parameters: {'interp_param': 0.260387151689084}. Best is trial 27 with value: 0.8383288788218697.
[I 2025-05-23 02:14:16,701] Trial 35 finished with value: 0.8382609408968962 and parameters: {'interp_param': 0.03873196066415143}. Best is trial 27 with value: 0.8383288788218697.
[I 2025-05-23 02:14:17,179] Trial 36 finished with value: 0.838197881493131 and parameters: {'interp_param': 0.11809573265470812}. Best is trial 27 with value: 0.8383288788218697.
[I 2025-05-23 02:14:17,657] Trial 37 finished with value: 0.8170238346477634 and parameters: {'interp_param': 0.7168941214466067}. Best is trial 27 with value: 0.8383288788218697.
[I 2025-05-23 02:14:18,133] Trial 38 finished with value: 0.8251588591054166 and parameters: {'interp_param': 0.6013398272000886}. Best is trial 27 with value: 0.8383288788218697.
[I 2025-05-23 02:14:18,610] Trial 39 finished with value: 0.8373716045492391 and parameters: {'interp_param': 0.16865817893653967}. Best is trial 27 with value: 0.8383288788218697.
[I 2025-05-23 02:14:19,089] Trial 40 finished with value: 0.836077712313243 and parameters: {'interp_param': 0.24413037925851147}. Best is trial 27 with value: 0.8383288788218697.
[I 2025-05-23 02:14:19,566] Trial 41 finished with value: 0.8382880437924973 and parameters: {'interp_param': 0.07550577849983381}. Best is trial 27 with value: 0.8383288788218697.
[I 2025-05-23 02:14:20,043] Trial 42 finished with value: 0.8382669035339285 and parameters: {'interp_param': 0.04265108252846271}. Best is trial 27 with value: 0.8383288788218697.
[I 2025-05-23 02:14:20,521] Trial 43 finished with value: 0.8382934643716176 and parameters: {'interp_param': 0.09351185816980978}. Best is trial 27 with value: 0.8383288788218697.
[I 2025-05-23 02:14:21,000] Trial 44 finished with value: 0.8382074578495767 and parameters: {'interp_param': 0.009929328072317695}. Best is trial 27 with value: 0.8383288788218697.
[I 2025-05-23 02:14:21,476] Trial 45 finished with value: 0.8374848946528517 and parameters: {'interp_param': 0.16155976110656506}. Best is trial 27 with value: 0.8383288788218697.
[I 2025-05-23 02:14:21,954] Trial 46 finished with value: 0.8383035827859755 and parameters: {'interp_param': 0.05410400405558704}. Best is trial 27 with value: 0.8383288788218697.
[I 2025-05-23 02:14:22,432] Trial 47 finished with value: 0.8382761185184329 and parameters: {'interp_param': 0.10865727357646657}. Best is trial 27 with value: 0.8383288788218697.
[I 2025-05-23 02:14:22,909] Trial 48 finished with value: 0.8344643672810953 and parameters: {'interp_param': 0.36968035464704135}. Best is trial 27 with value: 0.8383288788218697.
[I 2025-05-23 02:14:23,387] Trial 49 finished with value: 0.8382459439613303 and parameters: {'interp_param': 0.02354546910414622}. Best is trial 27 with value: 0.8383288788218697.
[I 2025-05-23 02:14:23,864] Trial 50 finished with value: 0.814873490910773 and parameters: {'interp_param': 0.7446596285968456}. Best is trial 27 with value: 0.8383288788218697.
[I 2025-05-23 02:14:24,342] Trial 51 finished with value: 0.838300330438503 and parameters: {'interp_param': 0.0637867225313388}. Best is trial 27 with value: 0.8383288788218697.
[I 2025-05-23 02:14:24,820] Trial 52 finished with value: 0.8382757571464914 and parameters: {'interp_param': 0.05029882258472388}. Best is trial 27 with value: 0.8383288788218697.
[I 2025-05-23 02:14:25,298] Trial 53 finished with value: 0.8377842913062584 and parameters: {'interp_param': 0.14721659310876084}. Best is trial 27 with value: 0.8383288788218697.
[I 2025-05-23 02:14:25,776] Trial 54 finished with value: 0.8382927416277348 and parameters: {'interp_param': 0.10441238009954215}. Best is trial 27 with value: 0.8383288788218697.
[I 2025-05-23 02:14:26,254] Trial 55 finished with value: 0.8381483735371664 and parameters: {'interp_param': 0.004059093278290571}. Best is trial 27 with value: 0.8383288788218697.
[I 2025-05-23 02:14:26,732] Trial 56 finished with value: 0.8369887309773809 and parameters: {'interp_param': 0.18553157981108498}. Best is trial 27 with value: 0.8383288788218697.
[I 2025-05-23 02:14:27,209] Trial 57 finished with value: 0.8361761861672602 and parameters: {'interp_param': 0.22455422368852593}. Best is trial 27 with value: 0.8383288788218697.
[I 2025-05-23 02:14:27,687] Trial 58 finished with value: 0.8382983428928257 and parameters: {'interp_param': 0.05985094485534446}. Best is trial 27 with value: 0.8383288788218697.
[I 2025-05-23 02:14:28,167] Trial 59 finished with value: 0.83363718690735 and parameters: {'interp_param': 0.4286286860040547}. Best is trial 27 with value: 0.8383288788218697.
[I 2025-05-23 02:14:28,644] Trial 60 finished with value: 0.8379788900966741 and parameters: {'interp_param': 0.13182647643478987}. Best is trial 27 with value: 0.8383288788218697.
[I 2025-05-23 02:14:29,121] Trial 61 finished with value: 0.8383026793561219 and parameters: {'interp_param': 0.0837236231146076}. Best is trial 27 with value: 0.8383288788218697.
[I 2025-05-23 02:14:29,599] Trial 62 finished with value: 0.8382978008349137 and parameters: {'interp_param': 0.05778125573136467}. Best is trial 27 with value: 0.8383288788218697.
[I 2025-05-23 02:14:30,075] Trial 63 finished with value: 0.8383364676326379 and parameters: {'interp_param': 0.0998684624527556}. Best is trial 63 with value: 0.8383364676326379.
[I 2025-05-23 02:14:30,552] Trial 64 finished with value: 0.8383225548128961 and parameters: {'interp_param': 0.09618550665433183}. Best is trial 63 with value: 0.8383364676326379.
[I 2025-05-23 02:14:31,029] Trial 65 finished with value: 0.8298617535501179 and parameters: {'interp_param': 0.532931511878932}. Best is trial 63 with value: 0.8383364676326379.
[I 2025-05-23 02:14:31,507] Trial 66 finished with value: 0.8382889472223507 and parameters: {'interp_param': 0.10734003819427604}. Best is trial 63 with value: 0.8383364676326379.
[I 2025-05-23 02:14:31,983] Trial 67 finished with value: 0.8369195282506128 and parameters: {'interp_param': 0.18790486093135464}. Best is trial 63 with value: 0.8383364676326379.
[I 2025-05-23 02:14:32,460] Trial 68 finished with value: 0.8378287400550443 and parameters: {'interp_param': 0.14299604502531651}. Best is trial 63 with value: 0.8383364676326379.
[I 2025-05-23 02:14:32,936] Trial 69 finished with value: 0.8361259554674129 and parameters: {'interp_param': 0.24200454999433657}. Best is trial 63 with value: 0.8383364676326379.
[I 2025-05-23 02:14:33,414] Trial 70 finished with value: 0.8382407040681807 and parameters: {'interp_param': 0.03279826340311646}. Best is trial 63 with value: 0.8383364676326379.
[I 2025-05-23 02:14:33,891] Trial 71 finished with value: 0.8382889472223507 and parameters: {'interp_param': 0.09303651674513322}. Best is trial 63 with value: 0.8383364676326379.
[I 2025-05-23 02:14:34,369] Trial 72 finished with value: 0.8380271332508442 and parameters: {'interp_param': 0.12855910014740804}. Best is trial 63 with value: 0.8383364676326379.
[I 2025-05-23 02:14:34,848] Trial 73 finished with value: 0.7758015952402979 and parameters: {'interp_param': 0.9932089529538635}. Best is trial 63 with value: 0.8383364676326379.
[I 2025-05-23 02:14:35,326] Trial 74 finished with value: 0.8383303243096349 and parameters: {'interp_param': 0.0874299550113274}. Best is trial 63 with value: 0.8383364676326379.
[I 2025-05-23 02:14:35,803] Trial 75 finished with value: 0.8374970006128868 and parameters: {'interp_param': 0.16081610125376516}. Best is trial 63 with value: 0.8383364676326379.
[I 2025-05-23 02:14:36,279] Trial 76 finished with value: 0.8382963553471484 and parameters: {'interp_param': 0.09138135457837315}. Best is trial 63 with value: 0.8383364676326379.
[I 2025-05-23 02:14:36,759] Trial 77 finished with value: 0.8053748294324438 and parameters: {'interp_param': 0.8356594492383819}. Best is trial 63 with value: 0.8383364676326379.
[I 2025-05-23 02:14:37,237] Trial 78 finished with value: 0.8353945386581249 and parameters: {'interp_param': 0.31802211355911986}. Best is trial 63 with value: 0.8383364676326379.
[I 2025-05-23 02:14:37,715] Trial 79 finished with value: 0.838247750821037 and parameters: {'interp_param': 0.023282669723043423}. Best is trial 63 with value: 0.8383364676326379.
[I 2025-05-23 02:14:38,192] Trial 80 finished with value: 0.8366054960335816 and parameters: {'interp_param': 0.19933231847095495}. Best is trial 63 with value: 0.8383364676326379.
[I 2025-05-23 02:14:38,670] Trial 81 finished with value: 0.8383052089597114 and parameters: {'interp_param': 0.07043228353709809}. Best is trial 63 with value: 0.8383364676326379.
[I 2025-05-23 02:14:39,149] Trial 82 finished with value: 0.8381996883528379 and parameters: {'interp_param': 0.11913202681936755}. Best is trial 63 with value: 0.8383364676326379.
[I 2025-05-23 02:14:39,626] Trial 83 finished with value: 0.8383014145543273 and parameters: {'interp_param': 0.08174824763426941}. Best is trial 63 with value: 0.8383364676326379.
[I 2025-05-23 02:14:40,240] Trial 84 finished with value: 0.8382679876497525 and parameters: {'interp_param': 0.04193295425508193}. Best is trial 63 with value: 0.8383364676326379.
[I 2025-05-23 02:14:40,719] Trial 85 finished with value: 0.837612097576206 and parameters: {'interp_param': 0.15555890132890648}. Best is trial 63 with value: 0.8383364676326379.
[I 2025-05-23 02:14:41,197] Trial 86 finished with value: 0.8382349221171191 and parameters: {'interp_param': 0.01402412707087515}. Best is trial 63 with value: 0.8383364676326379.
[I 2025-05-23 02:14:41,674] Trial 87 finished with value: 0.8382696138234885 and parameters: {'interp_param': 0.0783336929745044}. Best is trial 63 with value: 0.8383364676326379.
[I 2025-05-23 02:14:42,150] Trial 88 finished with value: 0.8381360868911606 and parameters: {'interp_param': 0.12281731583000641}. Best is trial 63 with value: 0.8383364676326379.
[I 2025-05-23 02:14:42,628] Trial 89 finished with value: 0.8372765637286645 and parameters: {'interp_param': 0.17316539356028124}. Best is trial 63 with value: 0.8383364676326379.
[I 2025-05-23 02:14:43,105] Trial 90 finished with value: 0.8381113329131783 and parameters: {'interp_param': 0.0011176279032234573}. Best is trial 63 with value: 0.8383364676326379.
[I 2025-05-23 02:14:43,581] Trial 91 finished with value: 0.8382929223137054 and parameters: {'interp_param': 0.06688522612459083}. Best is trial 63 with value: 0.8383364676326379.
[I 2025-05-23 02:14:44,059] Trial 92 finished with value: 0.8383409847819047 and parameters: {'interp_param': 0.09764525468799874}. Best is trial 92 with value: 0.8383409847819047.
[I 2025-05-23 02:14:44,534] Trial 93 finished with value: 0.8382640125583977 and parameters: {'interp_param': 0.04027601842968068}. Best is trial 92 with value: 0.8383409847819047.
[I 2025-05-23 02:14:45,012] Trial 94 finished with value: 0.8383326732272538 and parameters: {'interp_param': 0.10003336591203928}. Best is trial 92 with value: 0.8383409847819047.
[I 2025-05-23 02:14:45,492] Trial 95 finished with value: 0.8382927416277348 and parameters: {'interp_param': 0.10409378641663428}. Best is trial 92 with value: 0.8383409847819047.
[I 2025-05-23 02:14:45,968] Trial 96 finished with value: 0.8380486348813545 and parameters: {'interp_param': 0.12763056285924024}. Best is trial 92 with value: 0.8383409847819047.
[I 2025-05-23 02:14:46,444] Trial 97 finished with value: 0.8382999690665619 and parameters: {'interp_param': 0.05233051971752817}. Best is trial 92 with value: 0.8383409847819047.
[I 2025-05-23 02:14:46,923] Trial 98 finished with value: 0.8377302662010269 and parameters: {'interp_param': 0.14912826917034916}. Best is trial 92 with value: 0.8383409847819047.
