[I 2025-05-23 02:28:54,370] Trial 0 finished with value: 0.5372824434590621 and parameters: {'threshold_scale_factor': 0.36596351976876107}. Best is trial 0 with value: 0.5372824434590621.
[I 2025-05-23 02:28:56,764] Trial 1 finished with value: 0.5229408014744559 and parameters: {'threshold_scale_factor': 0.15581040527652024}. Best is trial 0 with value: 0.5372824434590621.
[I 2025-05-23 02:28:59,170] Trial 2 finished with value: 0.5201661133485492 and parameters: {'threshold_scale_factor': 0.09195440086454632}. Best is trial 0 with value: 0.5372824434590621.
[I 2025-05-23 02:29:01,577] Trial 3 finished with value: 0.5191659901054453 and parameters: {'threshold_scale_factor': 0.06231499069655222}. Best is trial 0 with value: 0.5372824434590621.
[I 2025-05-23 02:29:03,982] Trial 4 finished with value: 0.5180315012172751 and parameters: {'threshold_scale_factor': 0.021461452040662965}. Best is trial 0 with value: 0.5372824434590621.
[I 2025-05-23 02:29:06,386] Trial 5 finished with value: 0.5449270913839283 and parameters: {'threshold_scale_factor': 0.4485676058044249}. Best is trial 5 with value: 0.5449270913839283.
[I 2025-05-23 02:29:08,966] Trial 6 finished with value: 0.5578205960278515 and parameters: {'threshold_scale_factor': 0.6205937072368065}. Best is trial 6 with value: 0.5578205960278515.
[I 2025-05-23 02:29:11,360] Trial 7 finished with value: 0.5235079327381982 and parameters: {'threshold_scale_factor': 0.1667203498955908}. Best is trial 6 with value: 0.5578205960278515.
[I 2025-05-23 02:29:13,899] Trial 8 finished with value: 0.5650670703624288 and parameters: {'threshold_scale_factor': 0.8278086714555712}. Best is trial 8 with value: 0.5650670703624288.
[I 2025-05-23 02:29:16,305] Trial 9 finished with value: 0.5258454823685501 and parameters: {'threshold_scale_factor': 0.20813157163889162}. Best is trial 8 with value: 0.5650670703624288.
[I 2025-05-23 02:29:18,718] Trial 10 finished with value: 0.5648972689809659 and parameters: {'threshold_scale_factor': 0.9266828165300002}. Best is trial 8 with value: 0.5650670703624288.
[I 2025-05-23 02:29:21,124] Trial 11 finished with value: 0.5644424331954571 and parameters: {'threshold_scale_factor': 0.9666865848250205}. Best is trial 8 with value: 0.5650670703624288.
[I 2025-05-23 02:29:23,531] Trial 12 finished with value: 0.5648006078237127 and parameters: {'threshold_scale_factor': 0.9469067052828513}. Best is trial 8 with value: 0.5650670703624288.
[I 2025-05-23 02:29:25,944] Trial 13 finished with value: 0.564245345062274 and parameters: {'threshold_scale_factor': 0.7739770534696845}. Best is trial 8 with value: 0.5650670703624288.
[I 2025-05-23 02:29:28,346] Trial 14 finished with value: 0.564750973098864 and parameters: {'threshold_scale_factor': 0.7894178687120059}. Best is trial 8 with value: 0.5650670703624288.
[I 2025-05-23 02:29:30,752] Trial 15 finished with value: 0.5648269273979586 and parameters: {'threshold_scale_factor': 0.7974846311107276}. Best is trial 8 with value: 0.5650670703624288.
[I 2025-05-23 02:29:33,160] Trial 16 finished with value: 0.5582232865427277 and parameters: {'threshold_scale_factor': 0.6277875643016201}. Best is trial 8 with value: 0.5650670703624288.
[I 2025-05-23 02:29:35,575] Trial 17 finished with value: 0.5645213096052185 and parameters: {'threshold_scale_factor': 0.8728537650384725}. Best is trial 8 with value: 0.5650670703624288.
[I 2025-05-23 02:29:37,976] Trial 18 finished with value: 0.5598487671913481 and parameters: {'threshold_scale_factor': 0.6554797637691482}. Best is trial 8 with value: 0.5650670703624288.
[I 2025-05-23 02:29:40,374] Trial 19 finished with value: 0.5528535326393896 and parameters: {'threshold_scale_factor': 0.5416095588216404}. Best is trial 8 with value: 0.5650670703624288.
[I 2025-05-23 02:29:42,769] Trial 20 finished with value: 0.5635949233554036 and parameters: {'threshold_scale_factor': 0.9998845570592904}. Best is trial 8 with value: 0.5650670703624288.
[I 2025-05-23 02:29:45,164] Trial 21 finished with value: 0.5648340063139403 and parameters: {'threshold_scale_factor': 0.8015801643806898}. Best is trial 8 with value: 0.5650670703624288.
[I 2025-05-23 02:29:47,565] Trial 22 finished with value: 0.5647739950094877 and parameters: {'threshold_scale_factor': 0.8605976267333716}. Best is trial 8 with value: 0.5650670703624288.
[I 2025-05-23 02:29:49,974] Trial 23 finished with value: 0.563029880783441 and parameters: {'threshold_scale_factor': 0.7175612568680487}. Best is trial 8 with value: 0.5650670703624288.
[I 2025-05-23 02:29:52,371] Trial 24 finished with value: 0.5646531904273054 and parameters: {'threshold_scale_factor': 0.8855482579890628}. Best is trial 8 with value: 0.5650670703624288.
[I 2025-05-23 02:29:54,771] Trial 25 finished with value: 0.5629753175691224 and parameters: {'threshold_scale_factor': 0.7153017175634552}. Best is trial 8 with value: 0.5650670703624288.
[I 2025-05-23 02:29:57,192] Trial 26 finished with value: 0.5648195140855097 and parameters: {'threshold_scale_factor': 0.9062061033820452}. Best is trial 8 with value: 0.5650670703624288.
[I 2025-05-23 02:29:59,601] Trial 27 finished with value: 0.55265247804965 and parameters: {'threshold_scale_factor': 0.5385069367353816}. Best is trial 8 with value: 0.5650670703624288.
[I 2025-05-23 02:30:02,011] Trial 28 finished with value: 0.5650438941149741 and parameters: {'threshold_scale_factor': 0.8219183674089248}. Best is trial 8 with value: 0.5650670703624288.
[I 2025-05-23 02:30:04,415] Trial 29 finished with value: 0.5334855053330475 and parameters: {'threshold_scale_factor': 0.32118261931403946}. Best is trial 8 with value: 0.5650670703624288.
[I 2025-05-23 02:30:06,967] Trial 30 finished with value: 0.5422364962526709 and parameters: {'threshold_scale_factor': 0.4210118563537101}. Best is trial 8 with value: 0.5650670703624288.
[I 2025-05-23 02:30:09,377] Trial 31 finished with value: 0.5650363213211331 and parameters: {'threshold_scale_factor': 0.8252992617104782}. Best is trial 8 with value: 0.5650670703624288.
[I 2025-05-23 02:30:11,774] Trial 32 finished with value: 0.5626703479910726 and parameters: {'threshold_scale_factor': 0.7055991755921054}. Best is trial 8 with value: 0.5650670703624288.
[I 2025-05-23 02:30:14,181] Trial 33 finished with value: 0.5648364911369195 and parameters: {'threshold_scale_factor': 0.8488980405368756}. Best is trial 8 with value: 0.5650670703624288.
[I 2025-05-23 02:30:16,586] Trial 34 finished with value: 0.5636320516523805 and parameters: {'threshold_scale_factor': 0.9990634222605836}. Best is trial 8 with value: 0.5650670703624288.
[I 2025-05-23 02:30:18,993] Trial 35 finished with value: 0.5649567349619491 and parameters: {'threshold_scale_factor': 0.9223095133250336}. Best is trial 8 with value: 0.5650670703624288.
[I 2025-05-23 02:30:21,400] Trial 36 finished with value: 0.5631643184523614 and parameters: {'threshold_scale_factor': 0.7396505908579153}. Best is trial 8 with value: 0.5650670703624288.
[I 2025-05-23 02:30:23,814] Trial 37 finished with value: 0.5648431276206523 and parameters: {'threshold_scale_factor': 0.8025961657003657}. Best is trial 8 with value: 0.5650670703624288.
[I 2025-05-23 02:30:26,224] Trial 38 finished with value: 0.5649243293720008 and parameters: {'threshold_scale_factor': 0.8419965520613155}. Best is trial 8 with value: 0.5650670703624288.
[I 2025-05-23 02:30:28,636] Trial 39 finished with value: 0.5649157225213922 and parameters: {'threshold_scale_factor': 0.925367274186529}. Best is trial 8 with value: 0.5650670703624288.
[I 2025-05-23 02:30:31,046] Trial 40 finished with value: 0.5612887709810375 and parameters: {'threshold_scale_factor': 0.6756766962788926}. Best is trial 8 with value: 0.5650670703624288.
[I 2025-05-23 02:30:33,438] Trial 41 finished with value: 0.564839361801976 and parameters: {'threshold_scale_factor': 0.8487422891114454}. Best is trial 8 with value: 0.5650670703624288.
[I 2025-05-23 02:30:35,830] Trial 42 finished with value: 0.5569882574982852 and parameters: {'threshold_scale_factor': 0.5998358978458785}. Best is trial 8 with value: 0.5650670703624288.
[I 2025-05-23 02:30:38,224] Trial 43 finished with value: 0.5650359354790557 and parameters: {'threshold_scale_factor': 0.8223882834039271}. Best is trial 8 with value: 0.5650670703624288.
[I 2025-05-23 02:30:40,617] Trial 44 finished with value: 0.5633031187090378 and parameters: {'threshold_scale_factor': 0.7510224702912163}. Best is trial 8 with value: 0.5650670703624288.
[I 2025-05-23 02:30:43,009] Trial 45 finished with value: 0.5646102796437272 and parameters: {'threshold_scale_factor': 0.9563442738135345}. Best is trial 8 with value: 0.5650670703624288.
[I 2025-05-23 02:30:45,413] Trial 46 finished with value: 0.5648163810478405 and parameters: {'threshold_scale_factor': 0.9080745301309202}. Best is trial 8 with value: 0.5650670703624288.
[I 2025-05-23 02:30:47,817] Trial 47 finished with value: 0.5650687474893257 and parameters: {'threshold_scale_factor': 0.8280196089771781}. Best is trial 47 with value: 0.5650687474893257.
[I 2025-05-23 02:30:50,215] Trial 48 finished with value: 0.5650839290889347 and parameters: {'threshold_scale_factor': 0.8298965906510504}. Best is trial 48 with value: 0.5650839290889347.
[I 2025-05-23 02:30:52,610] Trial 49 finished with value: 0.5612276433068407 and parameters: {'threshold_scale_factor': 0.6741183100511949}. Best is trial 48 with value: 0.5650839290889347.
[I 2025-05-23 02:30:55,014] Trial 50 finished with value: 0.5307290495314426 and parameters: {'threshold_scale_factor': 0.28840736019663893}. Best is trial 48 with value: 0.5650839290889347.
[I 2025-05-23 02:30:57,415] Trial 51 finished with value: 0.5650899945263929 and parameters: {'threshold_scale_factor': 0.8192285577850358}. Best is trial 51 with value: 0.5650899945263929.
[I 2025-05-23 02:30:59,954] Trial 52 finished with value: 0.5634340272090894 and parameters: {'threshold_scale_factor': 0.7556475589209228}. Best is trial 51 with value: 0.5650899945263929.
[I 2025-05-23 02:31:02,351] Trial 53 finished with value: 0.5638628881059415 and parameters: {'threshold_scale_factor': 0.765356818051461}. Best is trial 51 with value: 0.5650899945263929.
[I 2025-05-23 02:31:04,748] Trial 54 finished with value: 0.5562397187233892 and parameters: {'threshold_scale_factor': 0.5857330516143273}. Best is trial 51 with value: 0.5650899945263929.
[I 2025-05-23 02:31:07,154] Trial 55 finished with value: 0.5650677700227292 and parameters: {'threshold_scale_factor': 0.8210786503193767}. Best is trial 51 with value: 0.5650899945263929.
[I 2025-05-23 02:31:09,570] Trial 56 finished with value: 0.564656220573754 and parameters: {'threshold_scale_factor': 0.8825252046680082}. Best is trial 51 with value: 0.5650899945263929.
[I 2025-05-23 02:31:11,977] Trial 57 finished with value: 0.520502480182585 and parameters: {'threshold_scale_factor': 0.10103534617078391}. Best is trial 51 with value: 0.5650899945263929.
[I 2025-05-23 02:31:14,393] Trial 58 finished with value: 0.5645891252087586 and parameters: {'threshold_scale_factor': 0.7849023668493507}. Best is trial 51 with value: 0.5650899945263929.
[I 2025-05-23 02:31:16,801] Trial 59 finished with value: 0.5645753120623843 and parameters: {'threshold_scale_factor': 0.9605740749066547}. Best is trial 51 with value: 0.5650899945263929.
[I 2025-05-23 02:31:19,208] Trial 60 finished with value: 0.5624532938165197 and parameters: {'threshold_scale_factor': 0.6952346721419351}. Best is trial 51 with value: 0.5650899945263929.
[I 2025-05-23 02:31:21,607] Trial 61 finished with value: 0.5648225750993245 and parameters: {'threshold_scale_factor': 0.7991660853873784}. Best is trial 51 with value: 0.5650899945263929.
[I 2025-05-23 02:31:24,013] Trial 62 finished with value: 0.5649386878418445 and parameters: {'threshold_scale_factor': 0.8396586430394581}. Best is trial 51 with value: 0.5650899945263929.
[I 2025-05-23 02:31:26,422] Trial 63 finished with value: 0.5649149714154813 and parameters: {'threshold_scale_factor': 0.8090634801844678}. Best is trial 51 with value: 0.5650899945263929.
[I 2025-05-23 02:31:28,822] Trial 64 finished with value: 0.5646557266958948 and parameters: {'threshold_scale_factor': 0.8824872558742244}. Best is trial 51 with value: 0.5650899945263929.
[I 2025-05-23 02:31:31,225] Trial 65 finished with value: 0.5630708417783875 and parameters: {'threshold_scale_factor': 0.7316485196970092}. Best is trial 51 with value: 0.5650899945263929.
[I 2025-05-23 02:31:33,587] Trial 66 finished with value: 0.5645454633192696 and parameters: {'threshold_scale_factor': 0.8749914174913762}. Best is trial 51 with value: 0.5650899945263929.
[I 2025-05-23 02:31:35,995] Trial 67 finished with value: 0.5592605483719306 and parameters: {'threshold_scale_factor': 0.6453351637138348}. Best is trial 51 with value: 0.5650899945263929.
[I 2025-05-23 02:31:38,407] Trial 68 finished with value: 0.5650426851431314 and parameters: {'threshold_scale_factor': 0.8263485400830346}. Best is trial 51 with value: 0.5650899945263929.
[I 2025-05-23 02:31:40,803] Trial 69 finished with value: 0.5461910843069878 and parameters: {'threshold_scale_factor': 0.46194504431734856}. Best is trial 51 with value: 0.5650899945263929.
[I 2025-05-23 02:31:43,196] Trial 70 finished with value: 0.5638034478477637 and parameters: {'threshold_scale_factor': 0.7639296775233332}. Best is trial 51 with value: 0.5650899945263929.
[I 2025-05-23 02:31:45,602] Trial 71 finished with value: 0.5650197352563621 and parameters: {'threshold_scale_factor': 0.8245608497942786}. Best is trial 51 with value: 0.5650899945263929.
[I 2025-05-23 02:31:48,005] Trial 72 finished with value: 0.5648448098921101 and parameters: {'threshold_scale_factor': 0.9031821873922549}. Best is trial 51 with value: 0.5650899945263929.
[I 2025-05-23 02:31:50,407] Trial 73 finished with value: 0.564775893352509 and parameters: {'threshold_scale_factor': 0.8610909435826657}. Best is trial 51 with value: 0.5650899945263929.
[I 2025-05-23 02:31:52,947] Trial 74 finished with value: 0.5645912396233432 and parameters: {'threshold_scale_factor': 0.7851479317353144}. Best is trial 51 with value: 0.5650899945263929.
[I 2025-05-23 02:31:55,357] Trial 75 finished with value: 0.5648880602167166 and parameters: {'threshold_scale_factor': 0.9386299999767094}. Best is trial 51 with value: 0.5650899945263929.
[I 2025-05-23 02:31:57,756] Trial 76 finished with value: 0.5650189121265967 and parameters: {'threshold_scale_factor': 0.824516737110084}. Best is trial 51 with value: 0.5650899945263929.
[I 2025-05-23 02:32:00,171] Trial 77 finished with value: 0.563151575374682 and parameters: {'threshold_scale_factor': 0.7379974676306433}. Best is trial 51 with value: 0.5650899945263929.
[I 2025-05-23 02:32:02,578] Trial 78 finished with value: 0.5641846135192767 and parameters: {'threshold_scale_factor': 0.9823514200177882}. Best is trial 51 with value: 0.5650899945263929.
[I 2025-05-23 02:32:04,985] Trial 79 finished with value: 0.5626349482666029 and parameters: {'threshold_scale_factor': 0.7045464681541785}. Best is trial 51 with value: 0.5650899945263929.
[I 2025-05-23 02:32:07,388] Trial 80 finished with value: 0.5649508290058829 and parameters: {'threshold_scale_factor': 0.8388154856784721}. Best is trial 51 with value: 0.5650899945263929.
[I 2025-05-23 02:32:09,794] Trial 81 finished with value: 0.5650196786661907 and parameters: {'threshold_scale_factor': 0.8150661879187396}. Best is trial 51 with value: 0.5650899945263929.
[I 2025-05-23 02:32:12,193] Trial 82 finished with value: 0.5647774161425747 and parameters: {'threshold_scale_factor': 0.8608675637474018}. Best is trial 51 with value: 0.5650899945263929.
[I 2025-05-23 02:32:14,588] Trial 83 finished with value: 0.5648527685280286 and parameters: {'threshold_scale_factor': 0.9014135421903848}. Best is trial 51 with value: 0.5650899945263929.
[I 2025-05-23 02:32:16,991] Trial 84 finished with value: 0.5650972380683277 and parameters: {'threshold_scale_factor': 0.8185478978708519}. Best is trial 84 with value: 0.5650972380683277.
[I 2025-05-23 02:32:19,404] Trial 85 finished with value: 0.5641196788699152 and parameters: {'threshold_scale_factor': 0.7714073490915269}. Best is trial 84 with value: 0.5650972380683277.
[I 2025-05-23 02:32:21,805] Trial 86 finished with value: 0.5648193854714839 and parameters: {'threshold_scale_factor': 0.7929358150599619}. Best is trial 84 with value: 0.5650972380683277.
[I 2025-05-23 02:32:24,209] Trial 87 finished with value: 0.5649341246162081 and parameters: {'threshold_scale_factor': 0.9242475632367946}. Best is trial 84 with value: 0.5650972380683277.
[I 2025-05-23 02:32:26,614] Trial 88 finished with value: 0.5630711453074885 and parameters: {'threshold_scale_factor': 0.7262366646372104}. Best is trial 84 with value: 0.5650972380683277.
[I 2025-05-23 02:32:29,028] Trial 89 finished with value: 0.564974540287685 and parameters: {'threshold_scale_factor': 0.8366145813892165}. Best is trial 84 with value: 0.5650972380683277.
[I 2025-05-23 02:32:31,430] Trial 90 finished with value: 0.564701744794337 and parameters: {'threshold_scale_factor': 0.8651550392004799}. Best is trial 84 with value: 0.5650972380683277.
[I 2025-05-23 02:32:33,836] Trial 91 finished with value: 0.5650971248879849 and parameters: {'threshold_scale_factor': 0.8184578019235462}. Best is trial 84 with value: 0.5650972380683277.
[I 2025-05-23 02:32:36,243] Trial 92 finished with value: 0.5643633407141322 and parameters: {'threshold_scale_factor': 0.7780648959805433}. Best is trial 84 with value: 0.5650972380683277.
[I 2025-05-23 02:32:38,653] Trial 93 finished with value: 0.564716602286601 and parameters: {'threshold_scale_factor': 0.8913420444121906}. Best is trial 84 with value: 0.5650972380683277.
[I 2025-05-23 02:32:41,053] Trial 94 finished with value: 0.5650791960927841 and parameters: {'threshold_scale_factor': 0.8170308871281996}. Best is trial 84 with value: 0.5650972380683277.
[I 2025-05-23 02:32:43,455] Trial 95 finished with value: 0.5649415739405842 and parameters: {'threshold_scale_factor': 0.8114841660256863}. Best is trial 84 with value: 0.5650972380683277.
[I 2025-05-23 02:32:46,001] Trial 96 finished with value: 0.5617560257368807 and parameters: {'threshold_scale_factor': 0.6835656608665904}. Best is trial 84 with value: 0.5650972380683277.
[I 2025-05-23 02:32:48,410] Trial 97 finished with value: 0.5631964410914527 and parameters: {'threshold_scale_factor': 0.7442288900504396}. Best is trial 84 with value: 0.5650972380683277.
[I 2025-05-23 02:32:50,816] Trial 98 finished with value: 0.5647835947603757 and parameters: {'threshold_scale_factor': 0.8561781173467035}. Best is trial 84 with value: 0.5650972380683277.
