[I 2025-05-23 02:15:42,505] Trial 99 finished with value: 0.8465228069059623 and parameters: {'threshold_scale_factor': 0.287727357535301}. Best is trial 61 with value: 0.850653107509598.
Best hyperparameters: {'threshold_scale_factor': 0.3772907013295585}
Best optimized value: 0.850653107509598
Running audit 1/20
Training a GAT target model on citeseer...
Training GAT on cuda:   0%|          | 0/50 [00:00<?, ?it/s]Training GAT on cuda:  44%|████▍     | 22/50 [00:00<00:00, 217.98it/s]Training GAT on cuda:  88%|████████▊ | 44/50 [00:00<00:00, 47.60it/s] Training GAT on cuda: 100%|██████████| 50/50 [00:01<00:00, 41.73it/s]
Train accuracy: 0.9098 | Test accuracy: 0.7422
Computing expactation over sampled graphs:   0%|          | 0/8 [00:00<?, ?it/s]Computing expactation over sampled graphs:  12%|█▎        | 1/8 [00:29<03:25, 29.43s/it]Computing expactation over sampled graphs:  25%|██▌       | 2/8 [00:58<02:56, 29.38s/it]Computing expactation over sampled graphs:  38%|███▊      | 3/8 [01:27<02:25, 29.09s/it]Computing expactation over sampled graphs:  50%|█████     | 4/8 [01:56<01:56, 29.03s/it]Computing expactation over sampled graphs:  62%|██████▎   | 5/8 [02:24<01:26, 28.83s/it]Computing expactation over sampled graphs:  75%|███████▌  | 6/8 [02:54<00:58, 29.03s/it]Computing expactation over sampled graphs:  88%|████████▊ | 7/8 [03:23<00:28, 28.91s/it]Computing expactation over sampled graphs: 100%|██████████| 8/8 [03:52<00:00, 29.06s/it]Computing expactation over sampled graphs: 100%|██████████| 8/8 [03:52<00:00, 29.05s/it]
Computing expactation over sampled graphs:   0%|          | 0/8 [00:00<?, ?it/s]Computing expactation over sampled graphs:  12%|█▎        | 1/8 [00:18<02:06, 18.04s/it]Computing expactation over sampled graphs:  25%|██▌       | 2/8 [00:36<01:48, 18.04s/it]Computing expactation over sampled graphs:  38%|███▊      | 3/8 [00:54<01:30, 18.10s/it]Computing expactation over sampled graphs:  50%|█████     | 4/8 [01:12<01:12, 18.11s/it]Computing expactation over sampled graphs:  62%|██████▎   | 5/8 [01:30<00:54, 18.07s/it]Computing expactation over sampled graphs:  75%|███████▌  | 6/8 [01:48<00:36, 18.12s/it]Computing expactation over sampled graphs:  88%|████████▊ | 7/8 [02:06<00:18, 18.12s/it]Computing expactation over sampled graphs: 100%|██████████| 8/8 [02:25<00:00, 18.18s/it]Computing expactation over sampled graphs: 100%|██████████| 8/8 [02:25<00:00, 18.13s/it]
Running audit 2/20
Training a GAT target model on citeseer...
Training GAT on cuda:   0%|          | 0/50 [00:00<?, ?it/s]Training GAT on cuda:  44%|████▍     | 22/50 [00:00<00:00, 218.61it/s]Training GAT on cuda:  90%|█████████ | 45/50 [00:00<00:00, 219.89it/s]Training GAT on cuda: 100%|██████████| 50/50 [00:00<00:00, 219.68it/s]
Train accuracy: 0.9110 | Test accuracy: 0.7530
Computing expactation over sampled graphs:   0%|          | 0/8 [00:00<?, ?it/s]Computing expactation over sampled graphs:  12%|█▎        | 1/8 [00:28<03:22, 28.93s/it]Computing expactation over sampled graphs:  25%|██▌       | 2/8 [00:58<02:55, 29.19s/it]Computing expactation over sampled graphs:  38%|███▊      | 3/8 [01:27<02:26, 29.35s/it]Computing expactation over sampled graphs:  50%|█████     | 4/8 [01:57<01:57, 29.41s/it]Computing expactation over sampled graphs:  62%|██████▎   | 5/8 [02:27<01:28, 29.56s/it]Computing expactation over sampled graphs:  75%|███████▌  | 6/8 [02:56<00:59, 29.52s/it]Computing expactation over sampled graphs:  88%|████████▊ | 7/8 [03:25<00:29, 29.44s/it]Computing expactation over sampled graphs: 100%|██████████| 8/8 [03:54<00:00, 29.34s/it]Computing expactation over sampled graphs: 100%|██████████| 8/8 [03:54<00:00, 29.37s/it]
Computing expactation over sampled graphs:   0%|          | 0/8 [00:00<?, ?it/s]Computing expactation over sampled graphs:  12%|█▎        | 1/8 [00:18<02:07, 18.18s/it]Computing expactation over sampled graphs:  25%|██▌       | 2/8 [00:36<01:49, 18.19s/it]Computing expactation over sampled graphs:  38%|███▊      | 3/8 [00:54<01:31, 18.27s/it]Computing expactation over sampled graphs:  50%|█████     | 4/8 [01:13<01:13, 18.27s/it]Computing expactation over sampled graphs:  62%|██████▎   | 5/8 [01:31<00:54, 18.24s/it]Computing expactation over sampled graphs:  75%|███████▌  | 6/8 [01:49<00:36, 18.19s/it]Computing expactation over sampled graphs:  88%|████████▊ | 7/8 [02:07<00:18, 18.23s/it]Computing expactation over sampled graphs: 100%|██████████| 8/8 [02:25<00:00, 18.13s/it]Computing expactation over sampled graphs: 100%|██████████| 8/8 [02:25<00:00, 18.19s/it]
Running audit 3/20
Training a GAT target model on citeseer...
Training GAT on cuda:   0%|          | 0/50 [00:00<?, ?it/s]Training GAT on cuda:  44%|████▍     | 22/50 [00:00<00:00, 218.31it/s]Training GAT on cuda:  90%|█████████ | 45/50 [00:00<00:00, 219.92it/s]Training GAT on cuda: 100%|██████████| 50/50 [00:00<00:00, 219.70it/s]
Train accuracy: 0.9296 | Test accuracy: 0.7242
Computing expactation over sampled graphs:   0%|          | 0/8 [00:00<?, ?it/s]Computing expactation over sampled graphs:  12%|█▎        | 1/8 [00:29<03:28, 29.72s/it]Computing expactation over sampled graphs:  25%|██▌       | 2/8 [00:59<02:57, 29.64s/it]Computing expactation over sampled graphs:  38%|███▊      | 3/8 [01:28<02:27, 29.44s/it]Computing expactation over sampled graphs:  50%|█████     | 4/8 [01:57<01:57, 29.39s/it]Computing expactation over sampled graphs:  62%|██████▎   | 5/8 [02:27<01:28, 29.37s/it]Computing expactation over sampled graphs:  75%|███████▌  | 6/8 [02:56<00:58, 29.39s/it]Computing expactation over sampled graphs:  88%|████████▊ | 7/8 [03:25<00:29, 29.27s/it]Computing expactation over sampled graphs: 100%|██████████| 8/8 [03:54<00:00, 29.30s/it]Computing expactation over sampled graphs: 100%|██████████| 8/8 [03:54<00:00, 29.37s/it]
Computing expactation over sampled graphs:   0%|          | 0/8 [00:00<?, ?it/s]Computing expactation over sampled graphs:  12%|█▎        | 1/8 [00:18<02:07, 18.22s/it]Computing expactation over sampled graphs:  25%|██▌       | 2/8 [00:36<01:48, 18.08s/it]Computing expactation over sampled graphs:  38%|███▊      | 3/8 [00:54<01:30, 18.03s/it]Computing expactation over sampled graphs:  50%|█████     | 4/8 [01:12<01:12, 18.05s/it]Computing expactation over sampled graphs:  62%|██████▎   | 5/8 [01:30<00:54, 18.15s/it]Computing expactation over sampled graphs:  75%|███████▌  | 6/8 [01:48<00:36, 18.13s/it]Computing expactation over sampled graphs:  88%|████████▊ | 7/8 [02:06<00:18, 18.13s/it]Computing expactation over sampled graphs: 100%|██████████| 8/8 [02:24<00:00, 18.09s/it]Computing expactation over sampled graphs: 100%|██████████| 8/8 [02:24<00:00, 18.10s/it]
Running audit 4/20
Training a GAT target model on citeseer...
Training GAT on cuda:   0%|          | 0/50 [00:00<?, ?it/s]Training GAT on cuda:  44%|████▍     | 22/50 [00:00<00:00, 218.81it/s]Training GAT on cuda:  90%|█████████ | 45/50 [00:00<00:00, 219.14it/s]Training GAT on cuda: 100%|██████████| 50/50 [00:00<00:00, 218.85it/s]
Train accuracy: 0.9218 | Test accuracy: 0.7398
Computing expactation over sampled graphs:   0%|          | 0/8 [00:00<?, ?it/s]Computing expactation over sampled graphs:  12%|█▎        | 1/8 [00:29<03:24, 29.20s/it]Computing expactation over sampled graphs:  25%|██▌       | 2/8 [00:58<02:55, 29.25s/it]Computing expactation over sampled graphs:  38%|███▊      | 3/8 [01:27<02:26, 29.23s/it]Computing expactation over sampled graphs:  50%|█████     | 4/8 [01:56<01:56, 29.23s/it]Computing expactation over sampled graphs:  62%|██████▎   | 5/8 [02:26<01:28, 29.40s/it]Computing expactation over sampled graphs:  75%|███████▌  | 6/8 [02:55<00:58, 29.30s/it]Computing expactation over sampled graphs:  88%|████████▊ | 7/8 [03:25<00:29, 29.30s/it]Computing expactation over sampled graphs: 100%|██████████| 8/8 [03:54<00:00, 29.31s/it]Computing expactation over sampled graphs: 100%|██████████| 8/8 [03:54<00:00, 29.30s/it]
Computing expactation over sampled graphs:   0%|          | 0/8 [00:00<?, ?it/s]Computing expactation over sampled graphs:  12%|█▎        | 1/8 [00:18<02:07, 18.17s/it]Computing expactation over sampled graphs:  25%|██▌       | 2/8 [00:36<01:48, 18.08s/it]Computing expactation over sampled graphs:  38%|███▊      | 3/8 [00:54<01:31, 18.21s/it]Computing expactation over sampled graphs:  50%|█████     | 4/8 [01:12<01:12, 18.16s/it]Computing expactation over sampled graphs:  62%|██████▎   | 5/8 [01:30<00:54, 18.12s/it]Computing expactation over sampled graphs:  75%|███████▌  | 6/8 [01:48<00:36, 18.11s/it]Computing expactation over sampled graphs:  88%|████████▊ | 7/8 [02:06<00:18, 18.13s/it]Computing expactation over sampled graphs: 100%|██████████| 8/8 [02:25<00:00, 18.13s/it]Computing expactation over sampled graphs: 100%|██████████| 8/8 [02:25<00:00, 18.13s/it]
Running audit 5/20
Training a GAT target model on citeseer...
Training GAT on cuda:   0%|          | 0/50 [00:00<?, ?it/s]Training GAT on cuda:  44%|████▍     | 22/50 [00:00<00:00, 218.35it/s]Training GAT on cuda:  90%|█████████ | 45/50 [00:00<00:00, 219.48it/s]Training GAT on cuda: 100%|██████████| 50/50 [00:00<00:00, 219.32it/s]
Train accuracy: 0.9170 | Test accuracy: 0.7218
Computing expactation over sampled graphs:   0%|          | 0/8 [00:00<?, ?it/s]Computing expactation over sampled graphs:  12%|█▎        | 1/8 [00:29<03:23, 29.13s/it]Computing expactation over sampled graphs:  25%|██▌       | 2/8 [00:58<02:54, 29.15s/it]Computing expactation over sampled graphs:  38%|███▊      | 3/8 [01:27<02:25, 29.08s/it]Computing expactation over sampled graphs:  50%|█████     | 4/8 [01:56<01:56, 29.17s/it]Computing expactation over sampled graphs:  62%|██████▎   | 5/8 [02:25<01:27, 29.19s/it]Computing expactation over sampled graphs:  75%|███████▌  | 6/8 [02:54<00:58, 29.18s/it]Computing expactation over sampled graphs:  88%|████████▊ | 7/8 [03:24<00:29, 29.17s/it]Computing expactation over sampled graphs: 100%|██████████| 8/8 [03:53<00:00, 29.20s/it]Computing expactation over sampled graphs: 100%|██████████| 8/8 [03:53<00:00, 29.17s/it]
Computing expactation over sampled graphs:   0%|          | 0/8 [00:00<?, ?it/s]Computing expactation over sampled graphs:  12%|█▎        | 1/8 [00:18<02:07, 18.25s/it]Computing expactation over sampled graphs:  25%|██▌       | 2/8 [00:36<01:49, 18.17s/it]Computing expactation over sampled graphs:  38%|███▊      | 3/8 [00:54<01:30, 18.16s/it]Computing expactation over sampled graphs:  50%|█████     | 4/8 [01:12<01:12, 18.10s/it]Computing expactation over sampled graphs:  62%|██████▎   | 5/8 [01:30<00:54, 18.09s/it]Computing expactation over sampled graphs:  75%|███████▌  | 6/8 [01:48<00:36, 18.04s/it]Computing expactation over sampled graphs:  88%|████████▊ | 7/8 [02:06<00:18, 18.03s/it]Computing expactation over sampled graphs: 100%|██████████| 8/8 [02:24<00:00, 18.07s/it]Computing expactation over sampled graphs: 100%|██████████| 8/8 [02:24<00:00, 18.09s/it]
Running audit 6/20
Training a GAT target model on citeseer...
Training GAT on cuda:   0%|          | 0/50 [00:00<?, ?it/s]Training GAT on cuda:  44%|████▍     | 22/50 [00:00<00:00, 218.93it/s]Training GAT on cuda:  90%|█████████ | 45/50 [00:00<00:00, 220.22it/s]Training GAT on cuda: 100%|██████████| 50/50 [00:00<00:00, 220.05it/s]
Train accuracy: 0.9260 | Test accuracy: 0.7308
Computing expactation over sampled graphs:   0%|          | 0/8 [00:00<?, ?it/s]Computing expactation over sampled graphs:  12%|█▎        | 1/8 [00:28<03:22, 28.95s/it]Computing expactation over sampled graphs:  25%|██▌       | 2/8 [00:57<02:53, 28.97s/it]Computing expactation over sampled graphs:  38%|███▊      | 3/8 [01:27<02:25, 29.06s/it]Computing expactation over sampled graphs:  50%|█████     | 4/8 [01:56<01:56, 29.02s/it]Computing expactation over sampled graphs:  62%|██████▎   | 5/8 [02:25<01:27, 29.00s/it]Computing expactation over sampled graphs:  75%|███████▌  | 6/8 [02:53<00:57, 28.83s/it]Computing expactation over sampled graphs:  88%|████████▊ | 7/8 [03:22<00:28, 28.93s/it]Computing expactation over sampled graphs: 100%|██████████| 8/8 [03:52<00:00, 29.07s/it]Computing expactation over sampled graphs: 100%|██████████| 8/8 [03:52<00:00, 29.00s/it]
Computing expactation over sampled graphs:   0%|          | 0/8 [00:00<?, ?it/s]Computing expactation over sampled graphs:  12%|█▎        | 1/8 [00:17<02:05, 17.95s/it]Computing expactation over sampled graphs:  25%|██▌       | 2/8 [00:35<01:47, 17.93s/it]Computing expactation over sampled graphs:  38%|███▊      | 3/8 [00:53<01:29, 17.95s/it]Computing expactation over sampled graphs:  50%|█████     | 4/8 [01:11<01:11, 17.93s/it]Computing expactation over sampled graphs:  62%|██████▎   | 5/8 [01:29<00:53, 17.97s/it]Computing expactation over sampled graphs:  75%|███████▌  | 6/8 [01:47<00:35, 17.93s/it]Computing expactation over sampled graphs:  88%|████████▊ | 7/8 [02:05<00:17, 17.81s/it]Computing expactation over sampled graphs: 100%|██████████| 8/8 [02:22<00:00, 17.77s/it]Computing expactation over sampled graphs: 100%|██████████| 8/8 [02:22<00:00, 17.86s/it]
Running audit 7/20
Training a GAT target model on citeseer...
Training GAT on cuda:   0%|          | 0/50 [00:00<?, ?it/s]Training GAT on cuda:  44%|████▍     | 22/50 [00:00<00:00, 214.39it/s]Training GAT on cuda:  90%|█████████ | 45/50 [00:00<00:00, 219.40it/s]Training GAT on cuda: 100%|██████████| 50/50 [00:00<00:00, 219.01it/s]
Train accuracy: 0.9218 | Test accuracy: 0.7278
Computing expactation over sampled graphs:   0%|          | 0/8 [00:00<?, ?it/s]Computing expactation over sampled graphs:  12%|█▎        | 1/8 [00:28<03:18, 28.39s/it]Computing expactation over sampled graphs:  25%|██▌       | 2/8 [00:56<02:49, 28.30s/it]Computing expactation over sampled graphs:  38%|███▊      | 3/8 [01:24<02:21, 28.27s/it]Computing expactation over sampled graphs:  50%|█████     | 4/8 [01:52<01:52, 28.21s/it]Computing expactation over sampled graphs:  62%|██████▎   | 5/8 [02:21<01:24, 28.32s/it]Computing expactation over sampled graphs:  75%|███████▌  | 6/8 [02:49<00:56, 28.14s/it]Computing expactation over sampled graphs:  88%|████████▊ | 7/8 [03:17<00:28, 28.17s/it]Computing expactation over sampled graphs: 100%|██████████| 8/8 [03:45<00:00, 28.15s/it]Computing expactation over sampled graphs: 100%|██████████| 8/8 [03:45<00:00, 28.20s/it]
Computing expactation over sampled graphs:   0%|          | 0/8 [00:00<?, ?it/s]Computing expactation over sampled graphs:  12%|█▎        | 1/8 [00:17<02:01, 17.43s/it]Computing expactation over sampled graphs:  25%|██▌       | 2/8 [00:34<01:44, 17.46s/it]Computing expactation over sampled graphs:  38%|███▊      | 3/8 [00:52<01:27, 17.47s/it]Computing expactation over sampled graphs:  50%|█████     | 4/8 [01:09<01:09, 17.42s/it]Computing expactation over sampled graphs:  62%|██████▎   | 5/8 [01:27<00:52, 17.41s/it]Computing expactation over sampled graphs:  75%|███████▌  | 6/8 [01:44<00:34, 17.45s/it]Computing expactation over sampled graphs:  88%|████████▊ | 7/8 [02:01<00:17, 17.41s/it]Computing expactation over sampled graphs: 100%|██████████| 8/8 [02:19<00:00, 17.32s/it]Computing expactation over sampled graphs: 100%|██████████| 8/8 [02:19<00:00, 17.39s/it]
Running audit 8/20
Training a GAT target model on citeseer...
Training GAT on cuda:   0%|          | 0/50 [00:00<?, ?it/s]Training GAT on cuda:  46%|████▌     | 23/50 [00:00<00:00, 223.76it/s]Training GAT on cuda:  92%|█████████▏| 46/50 [00:00<00:00, 224.62it/s]Training GAT on cuda: 100%|██████████| 50/50 [00:00<00:00, 224.47it/s]
Train accuracy: 0.9218 | Test accuracy: 0.7338
Computing expactation over sampled graphs:   0%|          | 0/8 [00:00<?, ?it/s]Computing expactation over sampled graphs:  12%|█▎        | 1/8 [00:27<03:15, 27.96s/it]Computing expactation over sampled graphs:  25%|██▌       | 2/8 [00:56<02:48, 28.09s/it]Computing expactation over sampled graphs:  38%|███▊      | 3/8 [01:24<02:20, 28.04s/it]Computing expactation over sampled graphs:  50%|█████     | 4/8 [01:52<01:52, 28.15s/it]Computing expactation over sampled graphs:  62%|██████▎   | 5/8 [02:20<01:24, 28.16s/it]Computing expactation over sampled graphs:  75%|███████▌  | 6/8 [02:49<00:56, 28.27s/it]Computing expactation over sampled graphs:  88%|████████▊ | 7/8 [03:17<00:28, 28.23s/it]Computing expactation over sampled graphs: 100%|██████████| 8/8 [03:45<00:00, 28.21s/it]Computing expactation over sampled graphs: 100%|██████████| 8/8 [03:45<00:00, 28.18s/it]
Computing expactation over sampled graphs:   0%|          | 0/8 [00:00<?, ?it/s]Computing expactation over sampled graphs:  12%|█▎        | 1/8 [00:17<02:03, 17.64s/it]Computing expactation over sampled graphs:  25%|██▌       | 2/8 [00:35<01:45, 17.59s/it]Computing expactation over sampled graphs:  38%|███▊      | 3/8 [00:52<01:27, 17.50s/it]Computing expactation over sampled graphs:  50%|█████     | 4/8 [01:10<01:10, 17.51s/it]Computing expactation over sampled graphs:  62%|██████▎   | 5/8 [01:27<00:52, 17.52s/it]Computing expactation over sampled graphs:  75%|███████▌  | 6/8 [01:45<00:35, 17.51s/it]Computing expactation over sampled graphs:  88%|████████▊ | 7/8 [02:02<00:17, 17.52s/it]Computing expactation over sampled graphs: 100%|██████████| 8/8 [02:20<00:00, 17.47s/it]Computing expactation over sampled graphs: 100%|██████████| 8/8 [02:20<00:00, 17.51s/it]
Running audit 9/20
Training a GAT target model on citeseer...
Training GAT on cuda:   0%|          | 0/50 [00:00<?, ?it/s]Training GAT on cuda:  46%|████▌     | 23/50 [00:00<00:00, 224.11it/s]Training GAT on cuda:  92%|█████████▏| 46/50 [00:00<00:00, 224.84it/s]Training GAT on cuda: 100%|██████████| 50/50 [00:00<00:00, 224.67it/s]
Train accuracy: 0.9296 | Test accuracy: 0.7440
Computing expactation over sampled graphs:   0%|          | 0/8 [00:00<?, ?it/s]Computing expactation over sampled graphs:  12%|█▎        | 1/8 [00:28<03:17, 28.26s/it]Computing expactation over sampled graphs:  25%|██▌       | 2/8 [00:56<02:50, 28.34s/it]Computing expactation over sampled graphs:  38%|███▊      | 3/8 [01:25<02:22, 28.55s/it]Computing expactation over sampled graphs:  50%|█████     | 4/8 [01:53<01:53, 28.50s/it]Computing expactation over sampled graphs:  62%|██████▎   | 5/8 [02:22<01:25, 28.36s/it]Computing expactation over sampled graphs:  75%|███████▌  | 6/8 [02:50<00:56, 28.43s/it]Computing expactation over sampled graphs:  88%|████████▊ | 7/8 [03:19<00:28, 28.49s/it]Computing expactation over sampled graphs: 100%|██████████| 8/8 [03:47<00:00, 28.43s/it]Computing expactation over sampled graphs: 100%|██████████| 8/8 [03:47<00:00, 28.44s/it]
Computing expactation over sampled graphs:   0%|          | 0/8 [00:00<?, ?it/s]Computing expactation over sampled graphs:  12%|█▎        | 1/8 [00:17<02:03, 17.69s/it]Computing expactation over sampled graphs:  25%|██▌       | 2/8 [00:35<01:45, 17.54s/it]Computing expactation over sampled graphs:  38%|███▊      | 3/8 [00:52<01:27, 17.48s/it]Computing expactation over sampled graphs:  50%|█████     | 4/8 [01:10<01:10, 17.51s/it]Computing expactation over sampled graphs:  62%|██████▎   | 5/8 [01:27<00:52, 17.50s/it]Computing expactation over sampled graphs:  75%|███████▌  | 6/8 [01:45<00:35, 17.51s/it]Computing expactation over sampled graphs:  88%|████████▊ | 7/8 [02:02<00:17, 17.50s/it]Computing expactation over sampled graphs: 100%|██████████| 8/8 [02:20<00:00, 17.51s/it]Computing expactation over sampled graphs: 100%|██████████| 8/8 [02:20<00:00, 17.51s/it]
Running audit 10/20
Training a GAT target model on citeseer...
Training GAT on cuda:   0%|          | 0/50 [00:00<?, ?it/s]Training GAT on cuda:  46%|████▌     | 23/50 [00:00<00:00, 224.31it/s]Training GAT on cuda:  92%|█████████▏| 46/50 [00:00<00:00, 224.99it/s]Training GAT on cuda: 100%|██████████| 50/50 [00:00<00:00, 224.83it/s]
Train accuracy: 0.9260 | Test accuracy: 0.7254
Computing expactation over sampled graphs:   0%|          | 0/8 [00:00<?, ?it/s]Computing expactation over sampled graphs:  12%|█▎        | 1/8 [00:28<03:17, 28.27s/it]Computing expactation over sampled graphs:  25%|██▌       | 2/8 [00:56<02:49, 28.18s/it]Computing expactation over sampled graphs:  38%|███▊      | 3/8 [01:24<02:20, 28.15s/it]Computing expactation over sampled graphs:  50%|█████     | 4/8 [01:53<01:53, 28.39s/it]Computing expactation over sampled graphs:  62%|██████▎   | 5/8 [02:21<01:25, 28.50s/it]Computing expactation over sampled graphs:  75%|███████▌  | 6/8 [02:49<00:56, 28.32s/it]Computing expactation over sampled graphs:  88%|████████▊ | 7/8 [03:18<00:28, 28.31s/it]Computing expactation over sampled graphs: 100%|██████████| 8/8 [03:46<00:00, 28.37s/it]Computing expactation over sampled graphs: 100%|██████████| 8/8 [03:46<00:00, 28.34s/it]
Computing expactation over sampled graphs:   0%|          | 0/8 [00:00<?, ?it/s]Computing expactation over sampled graphs:  12%|█▎        | 1/8 [00:17<02:02, 17.53s/it]Computing expactation over sampled graphs:  25%|██▌       | 2/8 [00:35<01:45, 17.55s/it]Computing expactation over sampled graphs:  38%|███▊      | 3/8 [00:52<01:27, 17.55s/it]Computing expactation over sampled graphs:  50%|█████     | 4/8 [01:09<01:09, 17.45s/it]Computing expactation over sampled graphs:  62%|██████▎   | 5/8 [01:27<00:52, 17.50s/it]Computing expactation over sampled graphs:  75%|███████▌  | 6/8 [01:44<00:34, 17.48s/it]Computing expactation over sampled graphs:  88%|████████▊ | 7/8 [02:02<00:17, 17.46s/it]Computing expactation over sampled graphs: 100%|██████████| 8/8 [02:19<00:00, 17.47s/it]Computing expactation over sampled graphs: 100%|██████████| 8/8 [02:19<00:00, 17.49s/it]
Running audit 11/20
Training a GAT target model on citeseer...
Training GAT on cuda:   0%|          | 0/50 [00:00<?, ?it/s]Training GAT on cuda:  46%|████▌     | 23/50 [00:00<00:00, 223.53it/s]Trainin