[I 2025-05-23 02:32:53,216] Trial 99 finished with value: 0.527713158661493 and parameters: {'threshold_scale_factor': 0.2374316800858094}. Best is trial 84 with value: 0.5650972380683277.
Best hyperparameters: {'threshold_scale_factor': 0.8185478978708519}
Best optimized value: 0.5650972380683277
Running audit 1/20
Training a GraphSAGE target model on pubmed...
Training GraphSAGE on cuda:   0%|          | 0/100 [00:00<?, ?it/s]Training GraphSAGE on cuda:  19%|█▉        | 19/100 [00:00<00:00, 189.35it/s]Training GraphSAGE on cuda:  40%|████      | 40/100 [00:00<00:00, 198.06it/s]Training GraphSAGE on cuda:  63%|██████▎   | 63/100 [00:00<00:00, 208.55it/s]Training GraphSAGE on cuda:  86%|████████▌ | 86/100 [00:00<00:00, 213.57it/s]Training GraphSAGE on cuda: 100%|██████████| 100/100 [00:00<00:00, 210.54it/s]
Train accuracy: 0.9630 | Test accuracy: 0.8737
Computing expactation over sampled graphs:   0%|          | 0/8 [00:00<?, ?it/s]Computing expactation over sampled graphs:  12%|█▎        | 1/8 [01:13<08:33, 73.37s/it]Computing expactation over sampled graphs:  25%|██▌       | 2/8 [02:27<07:21, 73.64s/it]Computing expactation over sampled graphs:  38%|███▊      | 3/8 [03:41<06:08, 73.80s/it]Computing expactation over sampled graphs:  50%|█████     | 4/8 [04:55<04:55, 73.98s/it]Computing expactation over sampled graphs:  62%|██████▎   | 5/8 [06:09<03:42, 74.03s/it]Computing expactation over sampled graphs:  75%|███████▌  | 6/8 [07:23<02:27, 73.95s/it]Computing expactation over sampled graphs:  88%|████████▊ | 7/8 [08:36<01:13, 73.84s/it]Computing expactation over sampled graphs: 100%|██████████| 8/8 [09:51<00:00, 74.05s/it]Computing expactation over sampled graphs: 100%|██████████| 8/8 [09:51<00:00, 73.94s/it]
Computing expactation over sampled graphs:   0%|          | 0/8 [00:00<?, ?it/s]Computing expactation over sampled graphs:  12%|█▎        | 1/8 [00:50<05:54, 50.63s/it]Computing expactation over sampled graphs:  25%|██▌       | 2/8 [01:40<05:02, 50.45s/it]Computing expactation over sampled graphs:  38%|███▊      | 3/8 [02:31<04:11, 50.37s/it]Computing expactation over sampled graphs:  50%|█████     | 4/8 [03:21<03:21, 50.36s/it]Computing expactation over sampled graphs:  62%|██████▎   | 5/8 [04:12<02:31, 50.42s/it]Computing expactation over sampled graphs:  75%|███████▌  | 6/8 [05:02<01:40, 50.40s/it]Computing expactation over sampled graphs:  88%|████████▊ | 7/8 [05:52<00:50, 50.30s/it]Computing expactation over sampled graphs: 100%|██████████| 8/8 [06:42<00:00, 50.13s/it]Computing expactation over sampled graphs: 100%|██████████| 8/8 [06:42<00:00, 50.29s/it]
Running audit 2/20
Training a GraphSAGE target model on pubmed...
Training GraphSAGE on cuda:   0%|          | 0/100 [00:00<?, ?it/s]Training GraphSAGE on cuda:  20%|██        | 20/100 [00:00<00:00, 195.05it/s]Training GraphSAGE on cuda:  42%|████▏     | 42/100 [00:00<00:00, 209.50it/s]Training GraphSAGE on cuda:  65%|██████▌   | 65/100 [00:00<00:00, 214.51it/s]Training GraphSAGE on cuda:  88%|████████▊ | 88/100 [00:00<00:00, 216.74it/s]Training GraphSAGE on cuda: 100%|██████████| 100/100 [00:00<00:00, 214.56it/s]
Train accuracy: 0.9630 | Test accuracy: 0.8738
Computing expactation over sampled graphs:   0%|          | 0/8 [00:00<?, ?it/s]Computing expactation over sampled graphs:  12%|█▎        | 1/8 [01:14<08:38, 74.07s/it]Computing expactation over sampled graphs:  25%|██▌       | 2/8 [02:27<07:23, 73.88s/it]Computing expactation over sampled graphs:  38%|███▊      | 3/8 [03:42<06:11, 74.23s/it]Computing expactation over sampled graphs:  50%|█████     | 4/8 [04:56<04:57, 74.29s/it]Computing expactation over sampled graphs:  62%|██████▎   | 5/8 [06:11<03:42, 74.26s/it]Computing expactation over sampled graphs:  75%|███████▌  | 6/8 [07:24<02:27, 73.98s/it]Computing expactation over sampled graphs:  88%|████████▊ | 7/8 [08:39<01:14, 74.18s/it]Computing expactation over sampled graphs: 100%|██████████| 8/8 [09:53<00:00, 74.29s/it]Computing expactation over sampled graphs: 100%|██████████| 8/8 [09:53<00:00, 74.20s/it]
Computing expactation over sampled graphs:   0%|          | 0/8 [00:00<?, ?it/s]Computing expactation over sampled graphs:  12%|█▎        | 1/8 [00:50<05:54, 50.66s/it]Computing expactation over sampled graphs:  25%|██▌       | 2/8 [01:41<05:03, 50.62s/it]Computing expactation over sampled graphs:  38%|███▊      | 3/8 [02:31<04:13, 50.60s/it]Computing expactation over sampled graphs:  50%|█████     | 4/8 [03:22<03:22, 50.59s/it]Computing expactation over sampled graphs:  62%|██████▎   | 5/8 [04:13<02:31, 50.62s/it]Computing expactation over sampled graphs:  75%|███████▌  | 6/8 [05:03<01:41, 50.56s/it]Computing expactation over sampled graphs:  88%|████████▊ | 7/8 [05:54<00:50, 50.59s/it]Computing expactation over sampled graphs: 100%|██████████| 8/8 [06:44<00:00, 50.51s/it]Computing expactation over sampled graphs: 100%|██████████| 8/8 [06:44<00:00, 50.57s/it]
Running audit 3/20
Training a GraphSAGE target model on pubmed...
Training GraphSAGE on cuda:   0%|          | 0/100 [00:00<?, ?it/s]Training GraphSAGE on cuda:  20%|██        | 20/100 [00:00<00:00, 191.70it/s]Training GraphSAGE on cuda:  43%|████▎     | 43/100 [00:00<00:00, 208.60it/s]Training GraphSAGE on cuda:  66%|██████▌   | 66/100 [00:00<00:00, 214.01it/s]Training GraphSAGE on cuda:  89%|████████▉ | 89/100 [00:00<00:00, 216.52it/s]Training GraphSAGE on cuda: 100%|██████████| 100/100 [00:00<00:00, 214.03it/s]
Train accuracy: 0.9603 | Test accuracy: 0.8818
Computing expactation over sampled graphs:   0%|          | 0/8 [00:00<?, ?it/s]Computing expactation over sampled graphs:  12%|█▎        | 1/8 [01:13<08:36, 73.77s/it]Computing expactation over sampled graphs:  25%|██▌       | 2/8 [02:27<07:23, 73.98s/it]Computing expactation over sampled graphs:  38%|███▊      | 3/8 [03:41<06:08, 73.72s/it]Computing expactation over sampled graphs:  50%|█████     | 4/8 [04:54<04:54, 73.51s/it]Computing expactation over sampled graphs:  62%|██████▎   | 5/8 [06:07<03:39, 73.26s/it]Computing expactation over sampled graphs:  75%|███████▌  | 6/8 [07:18<02:25, 72.67s/it]Computing expactation over sampled graphs:  88%|████████▊ | 7/8 [08:30<01:12, 72.39s/it]Computing expactation over sampled graphs: 100%|██████████| 8/8 [09:42<00:00, 72.17s/it]Computing expactation over sampled graphs: 100%|██████████| 8/8 [09:42<00:00, 72.80s/it]
Computing expactation over sampled graphs:   0%|          | 0/8 [00:00<?, ?it/s]Computing expactation over sampled graphs:  12%|█▎        | 1/8 [00:48<05:39, 48.46s/it]Computing expactation over sampled graphs:  25%|██▌       | 2/8 [01:36<04:50, 48.48s/it]Computing expactation over sampled graphs:  38%|███▊      | 3/8 [02:25<04:01, 48.38s/it]Computing expactation over sampled graphs:  50%|█████     | 4/8 [03:13<03:13, 48.49s/it]Computing expactation over sampled graphs:  62%|██████▎   | 5/8 [04:02<02:25, 48.61s/it]Computing expactation over sampled graphs:  75%|███████▌  | 6/8 [04:51<01:37, 48.64s/it]Computing expactation over sampled graphs:  88%|████████▊ | 7/8 [05:39<00:48, 48.46s/it]Computing expactation over sampled graphs: 100%|██████████| 8/8 [06:28<00:00, 48.49s/it]Computing expactation over sampled graphs: 100%|██████████| 8/8 [06:28<00:00, 48.50s/it]
Running audit 4/20
Training a GraphSAGE target model on pubmed...
Training GraphSAGE on cuda:   0%|          | 0/100 [00:00<?, ?it/s]Training GraphSAGE on cuda:  20%|██        | 20/100 [00:00<00:00, 194.09it/s]Training GraphSAGE on cuda:  40%|████      | 40/100 [00:00<00:00, 194.20it/s]Training GraphSAGE on cuda:  62%|██████▏   | 62/100 [00:00<00:00, 205.18it/s]Training GraphSAGE on cuda:  85%|████████▌ | 85/100 [00:00<00:00, 211.82it/s]Training GraphSAGE on cuda: 100%|██████████| 100/100 [00:00<00:00, 209.19it/s]
Train accuracy: 0.9620 | Test accuracy: 0.8711
Computing expactation over sampled graphs:   0%|          | 0/8 [00:00<?, ?it/s]Computing expactation over sampled graphs:  12%|█▎        | 1/8 [01:11<08:17, 71.08s/it]Computing expactation over sampled graphs:  25%|██▌       | 2/8 [02:22<07:08, 71.46s/it]Computing expactation over sampled graphs:  38%|███▊      | 3/8 [03:34<05:58, 71.66s/it]Computing expactation over sampled graphs:  50%|█████     | 4/8 [04:46<04:46, 71.59s/it]Computing expactation over sampled graphs:  62%|██████▎   | 5/8 [05:57<03:34, 71.35s/it]Computing expactation over sampled graphs:  75%|███████▌  | 6/8 [07:09<02:23, 71.67s/it]Computing expactation over sampled graphs:  88%|████████▊ | 7/8 [08:20<01:11, 71.58s/it]Computing expactation over sampled graphs: 100%|██████████| 8/8 [09:32<00:00, 71.54s/it]Computing expactation over sampled graphs: 100%|██████████| 8/8 [09:32<00:00, 71.53s/it]
Computing expactation over sampled graphs:   0%|          | 0/8 [00:00<?, ?it/s]Computing expactation over sampled graphs:  12%|█▎        | 1/8 [00:48<05:41, 48.80s/it]Computing expactation over sampled graphs:  25%|██▌       | 2/8 [01:37<04:52, 48.70s/it]Computing expactation over sampled graphs:  38%|███▊      | 3/8 [02:26<04:03, 48.68s/it]Computing expactation over sampled graphs:  50%|█████     | 4/8 [03:14<03:14, 48.61s/it]Computing expactation over sampled graphs:  62%|██████▎   | 5/8 [04:02<02:25, 48.53s/it]Computing expactation over sampled graphs:  75%|███████▌  | 6/8 [04:51<01:36, 48.48s/it]Computing expactation over sampled graphs:  88%|████████▊ | 7/8 [05:39<00:48, 48.42s/it]Computing expactation over sampled graphs: 100%|██████████| 8/8 [06:28<00:00, 48.42s/it]Computing expactation over sampled graphs: 100%|██████████| 8/8 [06:28<00:00, 48.51s/it]
Running audit 5/20
Training a GraphSAGE target model on pubmed...
Training GraphSAGE on cuda:   0%|          | 0/100 [00:00<?, ?it/s]Training GraphSAGE on cuda:  21%|██        | 21/100 [00:00<00:00, 209.96it/s]Training GraphSAGE on cuda:  43%|████▎     | 43/100 [00:00<00:00, 210.22it/s]Training GraphSAGE on cuda:  65%|██████▌   | 65/100 [00:00<00:00, 214.49it/s]Training GraphSAGE on cuda:  88%|████████▊ | 88/100 [00:00<00:00, 217.99it/s]Training GraphSAGE on cuda: 100%|██████████| 100/100 [00:00<00:00, 216.67it/s]
Train accuracy: 0.9624 | Test accuracy: 0.8716
Computing expactation over sampled graphs:   0%|          | 0/8 [00:00<?, ?it/s]Computing expactation over sampled graphs:  12%|█▎        | 1/8 [01:10<08:13, 70.43s/it]Computing expactation over sampled graphs:  25%|██▌       | 2/8 [02:21<07:05, 70.89s/it]Computing expactation over sampled graphs:  38%|███▊      | 3/8 [03:32<05:54, 70.86s/it]Computing expactation over sampled graphs:  50%|█████     | 4/8 [04:42<04:42, 70.67s/it]Computing expactation over sampled graphs:  62%|██████▎   | 5/8 [05:54<03:33, 71.07s/it]Computing expactation over sampled graphs:  75%|███████▌  | 6/8 [07:06<02:22, 71.30s/it]Computing expactation over sampled graphs:  88%|████████▊ | 7/8 [08:17<01:11, 71.29s/it]Computing expactation over sampled graphs: 100%|██████████| 8/8 [09:29<00:00, 71.50s/it]Computing expactation over sampled graphs: 100%|██████████| 8/8 [09:29<00:00, 71.20s/it]
Computing expactation over sampled graphs:   0%|          | 0/8 [00:00<?, ?it/s]Computing expactation over sampled graphs:  12%|█▎        | 1/8 [00:48<05:37, 48.28s/it]Computing expactation over sampled graphs:  25%|██▌       | 2/8 [01:36<04:49, 48.23s/it]Computing expactation over sampled graphs:  38%|███▊      | 3/8 [02:24<04:01, 48.31s/it]Computing expactation over sampled graphs:  50%|█████     | 4/8 [03:13<03:14, 48.52s/it]Computing expactation over sampled graphs:  62%|██████▎   | 5/8 [04:02<02:26, 48.75s/it]Computing expactation over sampled graphs:  75%|███████▌  | 6/8 [04:51<01:37, 48.58s/it]Computing expactation over sampled graphs:  88%|████████▊ | 7/8 [05:39<00:48, 48.58s/it]Computing expactation over sampled graphs: 100%|██████████| 8/8 [06:28<00:00, 48.55s/it]Computing expactation over sampled graphs: 100%|██████████| 8/8 [06:28<00:00, 48.53s/it]
Running audit 6/20
Training a GraphSAGE target model on pubmed...
Training GraphSAGE on cuda:   0%|          | 0/100 [00:00<?, ?it/s]Training GraphSAGE on cuda:  22%|██▏       | 22/100 [00:00<00:00, 211.18it/s]Training GraphSAGE on cuda:  45%|████▌     | 45/100 [00:00<00:00, 218.33it/s]Training GraphSAGE on cuda:  68%|██████▊   | 68/100 [00:00<00:00, 220.80it/s]Training GraphSAGE on cuda:  91%|█████████ | 91/100 [00:00<00:00, 221.95it/s]Training GraphSAGE on cuda: 100%|██████████| 100/100 [00:00<00:00, 220.69it/s]
Train accuracy: 0.9627 | Test accuracy: 0.8761
Computing expactation over sampled graphs:   0%|          | 0/8 [00:00<?, ?it/s]Computing expactation over sampled graphs:  12%|█▎        | 1/8 [01:11<08:19, 71.34s/it]Computing expactation over sampled graphs:  25%|██▌       | 2/8 [02:22<07:08, 71.36s/it]Computing expactation over sampled graphs:  38%|███▊      | 3/8 [03:33<05:55, 71.14s/it]Computing expactation over sampled graphs:  50%|█████     | 4/8 [04:44<04:44, 71.18s/it]Computing expactation over sampled graphs:  62%|██████▎   | 5/8 [05:56<03:34, 71.40s/it]Computing expactation over sampled graphs:  75%|███████▌  | 6/8 [07:07<02:22, 71.30s/it]Computing expactation over sampled graphs:  88%|████████▊ | 7/8 [08:19<01:11, 71.36s/it]Computing expactation over sampled graphs: 100%|██████████| 8/8 [09:30<00:00, 71.34s/it]Computing expactation over sampled graphs: 100%|██████████| 8/8 [09:30<00:00, 71.32s/it]
Computing expactation over sampled graphs:   0%|          | 0/8 [00:00<?, ?it/s]Computing expactation over sampled graphs:  12%|█▎        | 1/8 [00:48<05:40, 48.62s/it]Computing expactation over sampled graphs:  25%|██▌       | 2/8 [01:36<04:50, 48.35s/it]Computing expactation over sampled graphs:  38%|███▊      | 3/8 [02:24<04:01, 48.27s/it]Computing expactation over sampled graphs:  50%|█████     | 4/8 [03:13<03:13, 48.38s/it]Computing expactation over sampled graphs:  62%|██████▎   | 5/8 [04:01<02:24, 48.25s/it]Computing expactation over sampled graphs:  75%|███████▌  | 6/8 [04:49<01:36, 48.20s/it]Computing expactation over sampled graphs:  88%|████████▊ | 7/8 [05:38<00:48, 48.33s/it]Computing expactation over sampled graphs: 100%|██████████| 8/8 [06:26<00:00, 48.29s/it]Computing expactation over sampled graphs: 100%|██████████| 8/8 [06:26<00:00, 48.30s/it]
Running audit 7/20
Training a GraphSAGE target model on pubmed...
Training GraphSAGE on cuda:   0%|          | 0/100 [00:00<?, ?it/s]Training GraphSAGE on cuda:  22%|██▏       | 22/100 [00:00<00:00, 212.78it/s]Training GraphSAGE on cuda:  44%|████▍     | 44/100 [00:00<00:00, 214.43it/s]Training GraphSAGE on cuda:  67%|██████▋   | 67/100 [00:00<00:00, 218.83it/s]Training GraphSAGE on cuda:  90%|█████████ | 90/100 [00:00<00:00, 220.59it/s]Training GraphSAGE on cuda: 100%|██████████| 100/100 [00:00<00:00, 219.32it/s]
Train accuracy: 0.9633 | Test accuracy: 0.8694
Computing expactation over sampled graphs:   0%|          | 0/8 [00:00<?, ?it/s]Computing expactation over sampled graphs:  12%|█▎        | 1/8 [01:11<08:21, 71.63s/it]Computing expactation over sampled graphs:  25%|██▌       | 2/8 [02:22<07:06, 71.10s/it]Computing expactation over sampled graphs:  38%|███▊      | 3/8 [03:32<05:53, 70.69s/it]Computing expactation over sampled graphs:  50%|█████     | 4/8 [04:43<04:43, 70.89s/it]Computing expactation over sampled graphs:  62%|██████▎   | 5/8 [05:54<03:32, 70.84s/it]Computing expactation over sampled graphs:  75%|███████▌  | 6/8 [07:06<02:22, 71.10s/it]Computing expactation over sampled graphs:  88%|████████▊ | 7/8 [08:16<01:10, 70.82s/it]Computing expactation over sampled graphs: 100%|██████████| 8/8 [09:27<00:00, 70.89s/it]Computing expactation over sampled graphs: 100%|██████████| 8/8 [09:27<00:00, 70.93s/it]
Computing expactation over sampled graphs:   0%|          | 0/8 [00:00<?, ?it/s]Computing expactation over sampled graphs:  12%|█▎        | 1/8 [00:48<05:37, 48.24s/it]Computing expactation over sampled graphs:  25%|██▌       | 2/8 [01:36<04:50, 48.40s/it]Computing expactation over sampled graphs:  38%|███▊      | 3/8 [02:24<04:01, 48.29s/it]Computing expactation over sampled graphs:  50%|█████     | 4/8 [03:13<03:12, 48.24s/it]Computing expactation over sampled graphs:  62%|██████▎   | 5/8 [04:01<02:24, 48.24s/it]Computing expactation over sampled graphs:  75%|███████▌  | 6/8 [04:49<01:36, 48.14s/it]Computing expactation over sampled graphs:  88%|████████▊ | 7/8 [05:37<00:48, 48.16s/it]Computing expactation over sampled graphs: 100%|██████████| 8/8 [06:25<00:00, 48.18s/it]Computing expactation over sampled graphs: 100%|██████████| 8/8 [06:25<00:00, 48.21s/it]
Running audit 8/20
Training a GraphSAGE target model on pubmed...
Training GraphSAGE on cuda:   0%|          | 0/100 [00:00<?, ?it/s]Training GraphSAGE on cuda:  20%|██        | 20/100 [00:00<00:00, 197.35it/s]Training GraphSAGE on cuda:  40%|████      | 40/100 [00:00<00:00, 197.95it/s]Training GraphSAGE on cuda:  63%|██████▎   | 63/100 [00:00<00:00, 208.47it/s]Training GraphSAGE on cuda:  86%|████████▌ | 86/100 [00:00<00:00, 214.51it/s]Training GraphSAGE on cuda: 100%|██████████| 100/100 [00:00<00:00, 211.87it/s]
Train accuracy: 0.9635 | Test accuracy: 0.8715
Computing expactation over sampled graphs:   0%|          | 0/8 [00:00<?, ?it/s]Computing expactation over sampled graphs:  12%|█▎        | 1/8 [01:10<08:12, 70.35s/it]Computing expactation over sampled graphs:  25%|██▌       | 2/8 [02:21<07:04, 70.76s/it]Computing expactation over sampled graphs:  38%|███▊      | 3/8 [03:33<05:55, 71.19s/it]Computing expactation over sampled graphs:  50%|█████     | 4/8 [04:44<04:44, 71.21s/it]Computing expactation over sampled graphs:  62%|██████▎   | 5/8 [05:55<03:33, 71.30s/it]Computing expactation over sampled graphs:  75%|███████▌  | 6/8 [07:06<02:22, 71.00s/it]Computing expactation over sampled graphs:  88%|████████▊ | 7/8 [08:18<01:11, 71.26s/it]Computing expactation over sampled graphs: 100%|██████████| 8/8 [09:29<00:00, 71.24s/it]Computing expactation over sampled graphs: 100%|██████████| 8/8 [09:29<00:00, 71.15s/it]
Computing expactation over sampled graphs:   0%|          | 0/8 [00:00<?, ?it/s]Computing expactation over sampled graphs:  12%|█▎        | 1/8 [00:48<05:37, 48.26s/it]Computing expactation over sampled graphs:  25%|██▌       | 2/8 [01:36<04:48, 48.14s/it]Computing expactation over sampled graphs:  38%|███▊      | 3/8 [02:24<04:01, 48.26s/it]Computing expactation over sampled graphs:  50%|█████     | 4/8 [03:12<03:12, 48.22s/it]Computing expactation over sampled graphs:  62%|██████▎   | 5/8 [04:00<02:24, 48.09s/it]Computing expactation over sampled graphs:  75%|███████▌  | 6/8 [04:49<01:36, 48.18s/it]Computing expactation over sampled graphs:  88%|████████▊ | 7/8 [05:37<00:48, 48.25s/it]Computing expactation over sampled graphs: 100%|██████████| 8/8 [06:25<00:00, 48.19s/it]Computing expactation over sampled graphs: 100%|██████████| 8/8 [06:25<00:00, 48.19s/it]
Running audit 9/20
Training a GraphSAGE target model on pubmed...
Training GraphSAGE on cuda:   0%|          | 0/100 [00:00<?, ?it/s]Training GraphSAGE on cuda:  21%|██        | 21/100 [00:00<00:00, 203.28it/s]Training GraphSAGE on cuda:  44%|████▍     | 44/100 [00:00<00:00, 214.55it/s]Training GraphSAGE on cuda:  67%|██████▋   | 67/100 [00:00<00:00, 217.98it/s]Training GraphSAGE on cuda:  90%|█████████ | 90/100 [00:00<00:00, 219.70it/s]Training GraphSAGE on cuda: 100%|██████████| 100/100 [00:00<00:00, 217.99it/s]
Train accuracy: 0.9631 | Test accuracy: 0.8763
Computing expactation over sampled graphs:   0%|          | 0/8 [00:00<?, ?it/s]Computing expactation over sampled graphs:  12%|█▎        | 1/8 [01:10<08:13, 70.54s/it]Computing expactation over sampled graphs:  25%|██▌       | 2/8 [02:21<07:04, 70.79s/it]Computing expactation over sampled graphs:  38%|███▊      | 3/8 [03:32<05:54, 70.97s/it]Computing expactation over sampled graphs:  50%|█████     | 4/8 [04:43<04:43, 70.91s/it]Computing expactation over sampled graphs:  62%|██████▎   | 5/8 [05:53<03:31, 70.66s/it]Computing expactation over sampled graphs:  75%|███████▌  | 6/8 [07:05<02:21, 70.89s/it]Computing expactation over sampled graphs:  88%|████████▊ | 7/8 [08:17<01:11, 71.36s/it]Computing expactation over sampled graphs: 100%|██████████| 8/8 [09:28<00:00, 71.38s/it]Computing expactation over sampled graphs: 100%|██████████| 8/8 [09:28<00:00, 71.10s/it]
Computing expactation over sampled graphs:   0%|          | 0/8 [00:00<?, ?it/s]Computing expactation over sampled graphs:  12%|█▎        | 1/8 [00:48<05:40, 48.65s/it]Computing expactation over sampled graphs:  25%|██▌       | 2/8 [01:36<04:50, 48.35s/it]Computing expactation over sampled graphs:  38%|███▊      | 3/8 [02:25<04:01, 48.36s/it]Computing expactation over sampled graphs:  50%|█████     | 4/8 [03:13<03:14, 48.52s/it]Computing expactation over sampled graphs:  62%|██████▎   | 5/8 [04:02<02:25, 48.43s/it]Computing expactation over sampled graphs:  75%|███████▌  | 6/8 [04:50<01:36, 48.50s/it]Computing expactation over sampled graphs:  88%|████████▊ | 7/8 [05:39<00:48, 48.49s/it]Computing expactation over sampled graphs: 100%|██████████| 8/8 [06:27<00:00, 48.45s/it]Computing expactation over sampled graphs: 100%|██████████| 8/8 [06:27<00:00, 48.46s/it]
Running audit 10/20
Training a GraphSAGE target model on pubmed...
Training GraphSAGE on cuda:   0%|          | 0/100 [00:00<?, ?it/s]Training GraphSAGE on cuda:  22%|██▏       | 22/100 [00:00<00:00, 211.93it/s]Training GraphSAGE on cuda:  45%|████▌     | 45/100 [00:00<00:00, 218.22it/s]Training GraphSAGE on cuda:  68%|██████▊   | 68/100 [00:00<00:00, 220.39it/s]Training GraphSAGE on cuda:  91%|█████████ | 91/100 [00:00<00:00, 221.35it/s]Training GraphSAGE on cuda: 100%|██████████| 100/100 [00:00<00:00, 220.35it/s]
Train accuracy: 0.9670 | Test accuracy: 0.8751
Computing expactation over sampled graphs:   0%|          | 0/8 [00:00<?, ?