[I 2025-05-23 02:23:30,683] Trial 0 finished with value: 0.5437417485099447 and parameters: {'interp_param': 0.1777983509303589}. Best is trial 0 with value: 0.5437417485099447.
[I 2025-05-23 02:23:35,212] Trial 1 finished with value: 0.554646648809278 and parameters: {'interp_param': 0.4838450058813407}. Best is trial 1 with value: 0.554646648809278.
[I 2025-05-23 02:23:40,562] Trial 2 finished with value: 0.5549334117858313 and parameters: {'interp_param': 0.491955791615042}. Best is trial 2 with value: 0.5549334117858313.
[I 2025-05-23 02:23:44,872] Trial 3 finished with value: 0.5496823789174572 and parameters: {'interp_param': 0.3457766141891575}. Best is trial 2 with value: 0.5549334117858313.
[I 2025-05-23 02:23:50,044] Trial 4 finished with value: 0.5381716139543625 and parameters: {'interp_param': 0.018060360882786175}. Best is trial 2 with value: 0.5549334117858313.
[I 2025-05-23 02:23:53,488] Trial 5 finished with value: 0.5603552235022645 and parameters: {'interp_param': 0.7748810783655806}. Best is trial 5 with value: 0.5603552235022645.
[I 2025-05-23 02:23:56,951] Trial 6 finished with value: 0.5544908406338256 and parameters: {'interp_param': 0.47942154970737527}. Best is trial 5 with value: 0.5603552235022645.
[I 2025-05-23 02:24:00,868] Trial 7 finished with value: 0.5586689289976701 and parameters: {'interp_param': 0.6371507041804475}. Best is trial 5 with value: 0.5603552235022645.
[I 2025-05-23 02:24:04,076] Trial 8 finished with value: 0.538552995697439 and parameters: {'interp_param': 0.02869568019837332}. Best is trial 5 with value: 0.5603552235022645.
[I 2025-05-23 02:24:07,235] Trial 9 finished with value: 0.544816972055012 and parameters: {'interp_param': 0.21338095570476123}. Best is trial 5 with value: 0.5603552235022645.
[I 2025-05-23 02:24:10,389] Trial 10 finished with value: 0.563656277390286 and parameters: {'interp_param': 0.956562560328275}. Best is trial 10 with value: 0.563656277390286.
[I 2025-05-23 02:24:13,527] Trial 11 finished with value: 0.5636581191431359 and parameters: {'interp_param': 0.9489699463002694}. Best is trial 11 with value: 0.5636581191431359.
[I 2025-05-23 02:24:16,817] Trial 12 finished with value: 0.5640995945036416 and parameters: {'interp_param': 0.9958304625598721}. Best is trial 12 with value: 0.5640995945036416.
[I 2025-05-23 02:24:19,964] Trial 13 finished with value: 0.5635404938996722 and parameters: {'interp_param': 0.9626263075599846}. Best is trial 12 with value: 0.5640995945036416.
[I 2025-05-23 02:24:23,107] Trial 14 finished with value: 0.5608117621374753 and parameters: {'interp_param': 0.8195945189254408}. Best is trial 12 with value: 0.5640995945036416.
[I 2025-05-23 02:24:26,253] Trial 15 finished with value: 0.5605492969226821 and parameters: {'interp_param': 0.8015788430204355}. Best is trial 12 with value: 0.5640995945036416.
[I 2025-05-23 02:24:29,411] Trial 16 finished with value: 0.5587542206750401 and parameters: {'interp_param': 0.6628951339715878}. Best is trial 12 with value: 0.5640995945036416.
[I 2025-05-23 02:24:32,563] Trial 17 finished with value: 0.5642389863848369 and parameters: {'interp_param': 0.9886986439212803}. Best is trial 17 with value: 0.5642389863848369.
[I 2025-05-23 02:24:35,716] Trial 18 finished with value: 0.5587424962204454 and parameters: {'interp_param': 0.6605596512145038}. Best is trial 17 with value: 0.5642389863848369.
[I 2025-05-23 02:24:38,864] Trial 19 finished with value: 0.5626974238157905 and parameters: {'interp_param': 0.8765325828419328}. Best is trial 17 with value: 0.5642389863848369.
[I 2025-05-23 02:24:42,007] Trial 20 finished with value: 0.5593170613748806 and parameters: {'interp_param': 0.723059744656574}. Best is trial 17 with value: 0.5642389863848369.
[I 2025-05-23 02:24:45,167] Trial 21 finished with value: 0.5635017141986036 and parameters: {'interp_param': 0.9734653922136131}. Best is trial 17 with value: 0.5642389863848369.
[I 2025-05-23 02:24:48,309] Trial 22 finished with value: 0.5629030261974836 and parameters: {'interp_param': 0.8836754106347587}. Best is trial 17 with value: 0.5642389863848369.
[I 2025-05-23 02:24:51,452] Trial 23 finished with value: 0.5641647812364936 and parameters: {'interp_param': 0.9866101255240952}. Best is trial 17 with value: 0.5642389863848369.
[I 2025-05-23 02:24:54,600] Trial 24 finished with value: 0.5624873147986322 and parameters: {'interp_param': 0.8720282641559495}. Best is trial 17 with value: 0.5642389863848369.
[I 2025-05-23 02:24:57,741] Trial 25 finished with value: 0.5571805611897073 and parameters: {'interp_param': 0.5848242935380896}. Best is trial 17 with value: 0.5642389863848369.
[I 2025-05-23 02:25:00,890] Trial 26 finished with value: 0.5641335125945336 and parameters: {'interp_param': 0.9955046754817212}. Best is trial 17 with value: 0.5642389863848369.
[I 2025-05-23 02:25:04,038] Trial 27 finished with value: 0.562535740551638 and parameters: {'interp_param': 0.8729063121530002}. Best is trial 17 with value: 0.5642389863848369.
[I 2025-05-23 02:25:07,178] Trial 28 finished with value: 0.559760970112755 and parameters: {'interp_param': 0.7514848387065344}. Best is trial 17 with value: 0.5642389863848369.
[I 2025-05-23 02:25:10,322] Trial 29 finished with value: 0.5479008740218209 and parameters: {'interp_param': 0.29910499371572563}. Best is trial 17 with value: 0.5642389863848369.
[I 2025-05-23 02:25:13,463] Trial 30 finished with value: 0.5631563289490766 and parameters: {'interp_param': 0.9070942566580397}. Best is trial 17 with value: 0.5642389863848369.
[I 2025-05-23 02:25:16,760] Trial 31 finished with value: 0.5639823911141826 and parameters: {'interp_param': 0.9979207663092303}. Best is trial 17 with value: 0.5642389863848369.
[I 2025-05-23 02:25:19,904] Trial 32 finished with value: 0.5642351022412568 and parameters: {'interp_param': 0.9934314520606674}. Best is trial 17 with value: 0.5642389863848369.
[I 2025-05-23 02:25:23,046] Trial 33 finished with value: 0.5607714442126581 and parameters: {'interp_param': 0.8170143097320217}. Best is trial 17 with value: 0.5642389863848369.
[I 2025-05-23 02:25:26,189] Trial 34 finished with value: 0.5632195144476868 and parameters: {'interp_param': 0.9080923512730712}. Best is trial 17 with value: 0.5642389863848369.
[I 2025-05-23 02:25:29,344] Trial 35 finished with value: 0.563526377224197 and parameters: {'interp_param': 0.9285752396481555}. Best is trial 17 with value: 0.5642389863848369.
[I 2025-05-23 02:25:32,497] Trial 36 finished with value: 0.5610107949147289 and parameters: {'interp_param': 0.831578657712102}. Best is trial 17 with value: 0.5642389863848369.
[I 2025-05-23 02:25:35,634] Trial 37 finished with value: 0.5636004640476364 and parameters: {'interp_param': 0.9343532515464356}. Best is trial 17 with value: 0.5642389863848369.
[I 2025-05-23 02:25:38,784] Trial 38 finished with value: 0.5593344088346848 and parameters: {'interp_param': 0.7240633852384444}. Best is trial 17 with value: 0.5642389863848369.
[I 2025-05-23 02:25:41,939] Trial 39 finished with value: 0.5616270927482658 and parameters: {'interp_param': 0.8453332462199145}. Best is trial 17 with value: 0.5642389863848369.
[I 2025-05-23 02:25:45,094] Trial 40 finished with value: 0.5557616552448151 and parameters: {'interp_param': 0.5268843748329359}. Best is trial 17 with value: 0.5642389863848369.
[I 2025-05-23 02:25:48,568] Trial 41 finished with value: 0.5638594566837325 and parameters: {'interp_param': 0.9797403659330127}. Best is trial 17 with value: 0.5642389863848369.
[I 2025-05-23 02:25:51,718] Trial 42 finished with value: 0.5641381426994636 and parameters: {'interp_param': 0.9954551501942899}. Best is trial 17 with value: 0.5642389863848369.
[I 2025-05-23 02:25:54,856] Trial 43 finished with value: 0.5523238383462862 and parameters: {'interp_param': 0.40466814221298714}. Best is trial 17 with value: 0.5642389863848369.
[I 2025-05-23 02:25:57,997] Trial 44 finished with value: 0.541224345025871 and parameters: {'interp_param': 0.1036544172828372}. Best is trial 17 with value: 0.5642389863848369.
[I 2025-05-23 02:26:01,140] Trial 45 finished with value: 0.5636052947904466 and parameters: {'interp_param': 0.9460108708438081}. Best is trial 17 with value: 0.5642389863848369.
[I 2025-05-23 02:26:04,411] Trial 46 finished with value: 0.5642675181203272 and parameters: {'interp_param': 0.9921529515877107}. Best is trial 46 with value: 0.5642675181203272.
[I 2025-05-23 02:26:07,561] Trial 47 finished with value: 0.5601431389736695 and parameters: {'interp_param': 0.7660021362658008}. Best is trial 46 with value: 0.5642675181203272.
[I 2025-05-23 02:26:10,705] Trial 48 finished with value: 0.5631304003614692 and parameters: {'interp_param': 0.9067237817136578}. Best is trial 46 with value: 0.5642675181203272.
[I 2025-05-23 02:26:13,853] Trial 49 finished with value: 0.563583975729525 and parameters: {'interp_param': 0.9457523690151352}. Best is trial 46 with value: 0.5642675181203272.
[I 2025-05-23 02:26:17,150] Trial 50 finished with value: 0.5617320315042217 and parameters: {'interp_param': 0.8495603562968908}. Best is trial 46 with value: 0.5642675181203272.
[I 2025-05-23 02:26:20,312] Trial 51 finished with value: 0.5638679606431203 and parameters: {'interp_param': 0.9984191776222092}. Best is trial 46 with value: 0.5642675181203272.
[I 2025-05-23 02:26:23,456] Trial 52 finished with value: 0.5635516781753585 and parameters: {'interp_param': 0.964770970755327}. Best is trial 46 with value: 0.5642675181203272.
[I 2025-05-23 02:26:26,607] Trial 53 finished with value: 0.5635219734799526 and parameters: {'interp_param': 0.9998462621300558}. Best is trial 46 with value: 0.5642675181203272.
[I 2025-05-23 02:26:29,762] Trial 54 finished with value: 0.5634270460397672 and parameters: {'interp_param': 0.9205088165264363}. Best is trial 46 with value: 0.5642675181203272.
[I 2025-05-23 02:26:32,899] Trial 55 finished with value: 0.5629062878491786 and parameters: {'interp_param': 0.9006946439787286}. Best is trial 46 with value: 0.5642675181203272.
[I 2025-05-23 02:26:36,034] Trial 56 finished with value: 0.5605319648965611 and parameters: {'interp_param': 0.7930845009560257}. Best is trial 46 with value: 0.5642675181203272.
[I 2025-05-23 02:26:39,180] Trial 57 finished with value: 0.5637559223929386 and parameters: {'interp_param': 0.9526869482759277}. Best is trial 46 with value: 0.5642675181203272.
[I 2025-05-23 02:26:42,325] Trial 58 finished with value: 0.5626036281790325 and parameters: {'interp_param': 0.874442107079596}. Best is trial 46 with value: 0.5642675181203272.
[I 2025-05-23 02:26:45,466] Trial 59 finished with value: 0.5635672301833617 and parameters: {'interp_param': 0.9659886150722045}. Best is trial 46 with value: 0.5642675181203272.
[I 2025-05-23 02:26:48,615] Trial 60 finished with value: 0.562035046149079 and parameters: {'interp_param': 0.8611401704729182}. Best is trial 46 with value: 0.5642675181203272.
[I 2025-05-23 02:26:51,758] Trial 61 finished with value: 0.5641585408839602 and parameters: {'interp_param': 0.9948269029205542}. Best is trial 46 with value: 0.5642675181203272.
[I 2025-05-23 02:26:54,901] Trial 62 finished with value: 0.5634126309797522 and parameters: {'interp_param': 0.9719511296206319}. Best is trial 46 with value: 0.5642675181203272.
[I 2025-05-23 02:26:58,037] Trial 63 finished with value: 0.5635209908687951 and parameters: {'interp_param': 0.929136887560142}. Best is trial 46 with value: 0.5642675181203272.
[I 2025-05-23 02:27:01,190] Trial 64 finished with value: 0.5642531853732886 and parameters: {'interp_param': 0.9920981040422008}. Best is trial 46 with value: 0.5642675181203272.
[I 2025-05-23 02:27:04,344] Trial 65 finished with value: 0.5628950881398093 and parameters: {'interp_param': 0.8957020041371373}. Best is trial 46 with value: 0.5642675181203272.
[I 2025-05-23 02:27:07,481] Trial 66 finished with value: 0.5635527430994923 and parameters: {'interp_param': 0.9360088685739366}. Best is trial 46 with value: 0.5642675181203272.
[I 2025-05-23 02:27:10,627] Trial 67 finished with value: 0.5634017296549227 and parameters: {'interp_param': 0.9712577706138884}. Best is trial 46 with value: 0.5642675181203272.
[I 2025-05-23 02:27:13,775] Trial 68 finished with value: 0.5456891294869756 and parameters: {'interp_param': 0.24103070910092905}. Best is trial 46 with value: 0.5642675181203272.
[I 2025-05-23 02:27:17,066] Trial 69 finished with value: 0.5628962405214807 and parameters: {'interp_param': 0.8873597065200708}. Best is trial 46 with value: 0.5642675181203272.
[I 2025-05-23 02:27:20,211] Trial 70 finished with value: 0.5606153170744215 and parameters: {'interp_param': 0.8046446742352408}. Best is trial 46 with value: 0.5642675181203272.
[I 2025-05-23 02:27:23,355] Trial 71 finished with value: 0.5639986633607306 and parameters: {'interp_param': 0.997829831865327}. Best is trial 46 with value: 0.5642675181203272.
[I 2025-05-23 02:27:26,504] Trial 72 finished with value: 0.5634120084878672 and parameters: {'interp_param': 0.9719063735446113}. Best is trial 46 with value: 0.5642675181203272.
[I 2025-05-23 02:27:29,651] Trial 73 finished with value: 0.5634541424427293 and parameters: {'interp_param': 0.9249971913910721}. Best is trial 46 with value: 0.5642675181203272.
[I 2025-05-23 02:27:32,801] Trial 74 finished with value: 0.5637078156027169 and parameters: {'interp_param': 0.9988195062207382}. Best is trial 46 with value: 0.5642675181203272.
[I 2025-05-23 02:27:35,955] Trial 75 finished with value: 0.5637154038302409 and parameters: {'interp_param': 0.951595123158596}. Best is trial 46 with value: 0.5642675181203272.
[I 2025-05-23 02:27:39,095] Trial 76 finished with value: 0.5634295823083567 and parameters: {'interp_param': 0.9122998562232741}. Best is trial 46 with value: 0.5642675181203272.
[I 2025-05-23 02:27:42,256] Trial 77 finished with value: 0.5533386750339453 and parameters: {'interp_param': 0.44063102249466635}. Best is trial 46 with value: 0.5642675181203272.
[I 2025-05-23 02:27:45,403] Trial 78 finished with value: 0.5617020490025201 and parameters: {'interp_param': 0.8473250488650007}. Best is trial 46 with value: 0.5642675181203272.
[I 2025-05-23 02:27:48,547] Trial 79 finished with value: 0.5574961028406805 and parameters: {'interp_param': 0.5933705789716215}. Best is trial 46 with value: 0.5642675181203272.
[I 2025-05-23 02:27:51,688] Trial 80 finished with value: 0.5638054439374445 and parameters: {'interp_param': 0.9787830949645822}. Best is trial 46 with value: 0.5642675181203272.
[I 2025-05-23 02:27:54,839] Trial 81 finished with value: 0.563531192533324 and parameters: {'interp_param': 0.9440343236099741}. Best is trial 46 with value: 0.5642675181203272.
[I 2025-05-23 02:27:57,989] Trial 82 finished with value: 0.5640691387023249 and parameters: {'interp_param': 0.9971940838074959}. Best is trial 46 with value: 0.5642675181203272.
[I 2025-05-23 02:28:01,140] Trial 83 finished with value: 0.563655186743347 and parameters: {'interp_param': 0.9566251346770105}. Best is trial 46 with value: 0.5642675181203272.
[I 2025-05-23 02:28:04,280] Trial 84 finished with value: 0.5634258370679245 and parameters: {'interp_param': 0.9218370418111225}. Best is trial 46 with value: 0.5642675181203272.
[I 2025-05-23 02:28:07,428] Trial 85 finished with value: 0.5628774783073925 and parameters: {'interp_param': 0.8977115391851506}. Best is trial 46 with value: 0.5642675181203272.
[I 2025-05-23 02:28:10,574] Trial 86 finished with value: 0.5636463020864425 and parameters: {'interp_param': 0.9763415126193679}. Best is trial 46 with value: 0.5642675181203272.
[I 2025-05-23 02:28:13,713] Trial 87 finished with value: 0.563569437200045 and parameters: {'interp_param': 0.9411525761460455}. Best is trial 46 with value: 0.5642675181203272.
[I 2025-05-23 02:28:17,091] Trial 88 finished with value: 0.5629113552417964 and parameters: {'interp_param': 0.8857698551075877}. Best is trial 46 with value: 0.5642675181203272.
[I 2025-05-23 02:28:20,238] Trial 89 finished with value: 0.5641455714455955 and parameters: {'interp_param': 0.9857839827291766}. Best is trial 46 with value: 0.5642675181203272.
[I 2025-05-23 02:28:23,384] Trial 90 finished with value: 0.5638341917444982 and parameters: {'interp_param': 0.9793307734833808}. Best is trial 46 with value: 0.5642675181203272.
[I 2025-05-23 02:28:26,525] Trial 91 finished with value: 0.5637519353581378 and parameters: {'interp_param': 0.9536662104329822}. Best is trial 46 with value: 0.5642675181203272.
[I 2025-05-23 02:28:29,682] Trial 92 finished with value: 0.5640800091597881 and parameters: {'interp_param': 0.9962775074927352}. Best is trial 46 with value: 0.5642675181203272.
[I 2025-05-23 02:28:32,839] Trial 93 finished with value: 0.5634800967531419 and parameters: {'interp_param': 0.9168196811296361}. Best is trial 46 with value: 0.5642675181203272.
[I 2025-05-23 02:28:35,981] Trial 94 finished with value: 0.5637470068686681 and parameters: {'interp_param': 0.9779957217907072}. Best is trial 46 with value: 0.5642675181203272.
[I 2025-05-23 02:28:39,126] Trial 95 finished with value: 0.5636026864980028 and parameters: {'interp_param': 0.9340713347009082}. Best is trial 46 with value: 0.5642675181203272.
[I 2025-05-23 02:28:42,274] Trial 96 finished with value: 0.5609871299339761 and parameters: {'interp_param': 0.8307274935708757}. Best is trial 46 with value: 0.5642675181203272.
[I 2025-05-23 02:28:45,427] Trial 97 finished with value: 0.5377265528348167 and parameters: {'interp_param': 0.003126760639785453}. Best is trial 46 with value: 0.5642675181203272.
[I 2025-05-23 02:28:48,579] Trial 98 finished with value: 0.5622885135266252 and parameters: {'interp_param': 0.8678752875983978}. Best is trial 46 with value: 0.5642675181203272.
