This job can be monitored from: https://job.c3se.chalmers.se/alvis/4539904
/usr/share/lmod/lmod/init/bash: /usr/share/lmod/lmod/libexec/addto: /usr/bin/lua: bad interpreter: No such file or directory
no change     /opt/conda/condabin/conda
no change     /opt/conda/bin/conda
no change     /opt/conda/bin/conda-env
no change     /opt/conda/bin/activate
no change     /opt/conda/bin/deactivate
no change     /opt/conda/etc/profile.d/conda.sh
no change     /opt/conda/etc/fish/conf.d/conda.fish
no change     /opt/conda/shell/condabin/Conda.psm1
no change     /opt/conda/shell/condabin/conda-hook.ps1
no change     /opt/conda/lib/python3.12/site-packages/xontrib/conda.xsh
no change     /opt/conda/etc/profile.d/conda.csh
no change     /cephyr/users/lassila/Alvis/.bashrc
No action taken.
Running MIA...

attacks:
  base:
    attack: base
  base-offline:
    attack: base
    offline: true
  g-base-MIA:
    attack: g-base
    num_sampled_graphs: 8
    prior: 0.5
    sampling_strategy: MIA
  g-base-MIA-offline:
    attack: g-base
    num_sampled_graphs: 8
    offline: true
    prior: 0.5
    sampling_strategy: MIA
    threshold_scale_factor: 0.9
  lira:
    attack: lira
  lira-offline:
    attack: lira
    offline: true
  rmia:
    Z_frac: 0.5
    attack: rmia
    rmia_gamma: 1
  rmia-offline:
    Z_frac: 0.5
    attack: rmia
    offline: true
    rmia_gamma: 1
batch_size: 128
datadir: ./data
dataset: cora
device: cuda
dropout: 0.5
early_stopping: 0
epochs: 200
epochs_mlp: 5000
frac_target_nodes: 0.5
hidden_dim:
- 64
hidden_dim_mlp:
- 128
hyperparam_search: false
inductive_inference: true
inductive_split: true
lr: 0.001
max_num_nodes: null
model: GCN
name: cora-GCN
num_audits: 20
num_processes: 1
num_shadow_models: 8
offline: false
optimizer: Adam
pretrain_shadow_models: true
savedir: results/est-threshold
seed: 0
target_fpr:
- 0.01
train_frac: 0.5
val_frac: 0.0
weight_decay: 1.0e-05

Dataset properties
#Nodes: 2708
#Edges: 10556
#Features: 1433
#Classes: 7
#Class distribution: [0.1296, 0.0801, 0.1544, 0.3021, 0.1573, 0.1100, 0.0665]
Average degree: 3.8981
Fraction isolated nodes: 0.0

Training 8 shadow models:   0%|          | 0/8 [00:00<?, ?it/s]Training 8 shadow models:  12%|█▎        | 1/8 [00:02<00:17,  2.56s/it]Training 8 shadow models:  25%|██▌       | 2/8 [00:03<00:08,  1.42s/it]Training 8 shadow models:  38%|███▊      | 3/8 [00:03<00:05,  1.06s/it]Training 8 shadow models:  50%|█████     | 4/8 [00:04<00:03,  1.13it/s]Training 8 shadow models:  62%|██████▎   | 5/8 [00:05<00:02,  1.27it/s]Training 8 shadow models:  75%|███████▌  | 6/8 [00:05<00:01,  1.37it/s]Training 8 shadow models:  88%|████████▊ | 7/8 [00:06<00:00,  1.44it/s]Training 8 shadow models: 100%|██████████| 8/8 [00:06<00:00,  1.49it/s]Training 8 shadow models: 100%|██████████| 8/8 [00:06<00:00,  1.16it/s]
[I 2025-05-23 02:10:58,695] A new study created in memory with name: no-name-e691800d-2942-4f22-9a3c-80798cf4067c
Tuning interpolation parameter for offline RMIA using optuna
  0%|          | 0/100 [00:00<?, ?it/s]                                         0%|          | 0/100 [00:00<?, ?it/s]Best trial: 0. Best value: 0.795493:   0%|          | 0/100 [00:00<?, ?it/s]Best trial: 0. Best value: 0.795493:   1%|          | 1/100 [00:00<00:40,  2.43it/s]                                                                                    Best trial: 0. Best value: 0.795493:   1%|          | 1/100 [00:00<00:40,  2.43it/s]Best trial: 1. Best value: 0.797823:   1%|          | 1/100 [00:00<00:40,  2.43it/s]Best trial: 1. Best value: 0.797823:   2%|▏         | 2/100 [00:00<00:38,  2.55it/s]                                                                                    Best trial: 1. Best value: 0.797823:   2%|▏         | 2/100 [00:01<00:38,  2.55it/s]Best trial: 2. Best value: 0.800083:   2%|▏         | 2/100 [00:01<00:38,  2.55it/s]Best trial: 2. Best value: 0.800083:   3%|▎         | 3/100 [00:01<00:37,  2.59it/s]                                                                                    Best trial: 2. Best value: 0.800083:   3%|▎         | 3/100 [00:01<00:37,  2.59it/s]Best trial: 2. Best value: 0.800083:   3%|▎         | 3/100 [00:01<00:37,  2.59it/s]Best trial: 2. Best value: 0.800083:   4%|▍         | 4/100 [00:01<00:36,  2.61it/s]                                                                                    Best trial: 2. Best value: 0.800083:   4%|▍         | 4/100 [00:01<00:36,  2.61it/s]Best trial: 2. Best value: 0.800083:   4%|▍         | 4/100 [00:01<00:36,  2.61it/s]Best trial: 2. Best value: 0.800083:   5%|▌         | 5/100 [00:01<00:36,  2.62it/s]                                                                                    Best trial: 2. Best value: 0.800083:   5%|▌         | 5/100 [00:02<00:36,  2.62it/s]Best trial: 2. Best value: 0.800083:   5%|▌         | 5/100 [00:02<00:36,  2.62it/s]Best trial: 2. Best value: 0.800083:   6%|▌         | 6/100 [00:02<00:35,  2.63it/s]                                                                                    Best trial: 2. Best value: 0.800083:   6%|▌         | 6/100 [00:02<00:35,  2.63it/s]Best trial: 2. Best value: 0.800083:   6%|▌         | 6/100 [00:02<00:35,  2.63it/s]Best trial: 2. Best value: 0.800083:   7%|▋         | 7/100 [00:02<00:35,  2.63it/s]                                                                                    Best trial: 2. Best value: 0.800083:   7%|▋         | 7/100 [00:03<00:35,  2.63it/s]Best trial: 2. Best value: 0.800083:   7%|▋         | 7/100 [00:03<00:35,  2.63it/s]Best trial: 2. Best value: 0.800083:   8%|▊         | 8/100 [00:03<00:34,  2.63it/s]                                                                                    Best trial: 2. Best value: 0.800083:   8%|▊         | 8/100 [00:03<00:34,  2.63it/s]Best trial: 2. Best value: 0.800083:   8%|▊         | 8/100 [00:03<00:34,  2.63it/s]Best trial: 2. Best value: 0.800083:   9%|▉         | 9/100 [00:03<00:34,  2.63it/s]                                                                                    Best trial: 2. Best value: 0.800083:   9%|▉         | 9/100 [00:03<00:34,  2.63it/s]Best trial: 2. Best value: 0.800083:   9%|▉         | 9/100 [00:03<00:34,  2.63it/s]Best trial: 2. Best value: 0.800083:  10%|█         | 10/100 [00:03<00:34,  2.63it/s]                                                                                     Best trial: 2. Best value: 0.800083:  10%|█         | 10/100 [00:04<00:34,  2.63it/s]Best trial: 10. Best value: 0.800292:  10%|█         | 10/100 [00:04<00:34,  2.63it/s]Best trial: 10. Best value: 0.800292:  11%|█         | 11/100 [00:04<00:33,  2.63it/s]                                                                                      Best trial: 10. Best value: 0.800292:  11%|█         | 11/100 [00:04<00:33,  2.63it/s]Best trial: 11. Best value: 0.800332:  11%|█         | 11/100 [00:04<00:33,  2.63it/s]Best trial: 11. Best value: 0.800332:  12%|█▏        | 12/100 [00:04<00:33,  2.63it/s]                                                                                      Best trial: 11. Best value: 0.800332:  12%|█▏        | 12/100 [00:04<00:33,  2.63it/s]Best trial: 12. Best value: 0.80039:  12%|█▏        | 12/100 [00:04<00:33,  2.63it/s] Best trial: 12. Best value: 0.80039:  13%|█▎        | 13/100 [00:04<00:33,  2.62it/s]                                                                                     Best trial: 12. Best value: 0.80039:  13%|█▎        | 13/100 [00:05<00:33,  2.62it/s]Best trial: 12. Best value: 0.80039:  13%|█▎        | 13/100 [00:05<00:33,  2.62it/s]Best trial: 12. Best value: 0.80039:  14%|█▍        | 14/100 [00:05<00:32,  2.62it/s]                                                                                     Best trial: 12. Best value: 0.80039:  14%|█▍        | 14/100 [00:05<00:32,  2.62it/s]Best trial: 12. Best value: 0.80039:  14%|█▍        | 14/100 [00:05<00:32,  2.62it/s]Best trial: 12. Best value: 0.80039:  15%|█▌        | 15/100 [00:05<00:32,  2.62it/s]                                                                                     Best trial: 12. Best value: 0.80039:  15%|█▌        | 15/100 [00:06<00:32,  2.62it/s]Best trial: 12. Best value: 0.80039:  15%|█▌        | 15/100 [00:06<00:32,  2.62it/s]Best trial: 12. Best value: 0.80039:  16%|█▌        | 16/100 [00:06<00:32,  2.62it/s]                                                                                     Best trial: 12. Best value: 0.80039:  16%|█▌        | 16/100 [00:06<00:32,  2.62it/s]Best trial: 12. Best value: 0.80039:  16%|█▌        | 16/100 [00:06<00:32,  2.62it/s]Best trial: 12. Best value: 0.80039:  17%|█▋        | 17/100 [00:06<00:31,  2.62it/s]                                                                                     Best trial: 12. Best value: 0.80039:  17%|█▋        | 17/100 [00:06<00:31,  2.62it/s]Best trial: 12. Best value: 0.80039:  17%|█▋        | 17/100 [00:06<00:31,  2.62it/s]Best trial: 12. Best value: 0.80039:  18%|█▊        | 18/100 [00:06<00:31,  2.62it/s]                                                                                     Best trial: 12. Best value: 0.80039:  18%|█▊        | 18/100 [00:07<00:31,  2.62it/s]Best trial: 12. Best value: 0.80039:  18%|█▊        | 18/100 [00:07<00:31,  2.62it/s]Best trial: 12. Best value: 0.80039:  19%|█▉        | 19/100 [00:07<00:30,  2.61it/s]                                                                                     Best trial: 12. Best value: 0.80039:  19%|█▉        | 19/100 [00:07<00:30,  2.61it/s]Best trial: 12. Best value: 0.80039:  19%|█▉        | 19/100 [00:07<00:30,  2.61it/s]Best trial: 12. Best value: 0.80039:  20%|██        | 20/100 [00:07<00:30,  2.61it/s]                                                                                     Best trial: 12. Best value: 0.80039:  20%|██        | 20/100 [00:08<00:30,  2.61it/s]Best trial: 12. Best value: 0.80039:  20%|██        | 20/100 [00:08<00:30,  2.61it/s]Best trial: 12. Best value: 0.80039:  21%|██        | 21/100 [00:08<00:30,  2.61it/s]                                                                                     Best trial: 12. Best value: 0.80039:  21%|██        | 21/100 [00:08<00:30,  2.61it/s]Best trial: 12. Best value: 0.80039:  21%|██        | 21/100 [00:08<00:30,  2.61it/s]Best trial: 12. Best value: 0.80039:  22%|██▏       | 22/100 [00:08<00:29,  2.61it/s]                                                                                     Best trial: 12. Best value: 0.80039:  22%|██▏       | 22/100 [00:08<00:29,  2.61it/s]Best trial: 12. Best value: 0.80039:  22%|██▏       | 22/100 [00:08<00:29,  2.61it/s]Best trial: 12. Best value: 0.80039:  23%|██▎       | 23/100 [00:08<00:29,  2.61it/s]                                                                                     Best trial: 12. Best value: 0.80039:  23%|██▎       | 23/100 [00:09<00:29,  2.61it/s]Best trial: 12. Best value: 0.80039:  23%|██▎       | 23/100 [00:09<00:29,  2.61it/s]Best trial: 12. Best value: 0.80039:  24%|██▍       | 24/100 [00:09<00:29,  2.62it/s]                                                                                     Best trial: 12. Best value: 0.80039:  24%|██▍       | 24/100 [00:09<00:29,  2.62it/s]Best trial: 12. Best value: 0.80039:  24%|██▍       | 24/100 [00:09<00:29,  2.62it/s]Best trial: 12. Best value: 0.80039:  25%|██▌       | 25/100 [00:09<00:28,  2.61it/s]                                                                                     Best trial: 12. Best value: 0.80039:  25%|██▌       | 25/100 [00:09<00:28,  2.61it/s]Best trial: 12. Best value: 0.80039:  25%|██▌       | 25/100 [00:09<00:28,  2.61it/s]Best trial: 12. Best value: 0.80039:  26%|██▌       | 26/100 [00:09<00:28,  2.62it/s]                                                                                     Best trial: 12. Best value: 0.80039:  26%|██▌       | 26/100 [00:10<00:28,  2.62it/s]Best trial: 12. Best value: 0.80039:  26%|██▌       | 26/100 [00:10<00:28,  2.62it/s]Best trial: 12. Best value: 0.80039:  27%|██▋       | 27/100 [00:10<00:27,  2.62it/s]                                                                                     Best trial: 12. Best value: 0.80039:  27%|██▋       | 27/100 [00:10<00:27,  2.62it/s]Best trial: 12. Best value: 0.80039:  27%|██▋       | 27/100 [00:10<00:27,  2.62it/s]Best trial: 12. Best value: 0.80039:  28%|██▊       | 28/100 [00:10<00:27,  2.62it/s]                                                                                     Best trial: 12. Best value: 0.80039:  28%|██▊       | 28/100 [00:11<00:27,  2.62it/s]Best trial: 12. Best value: 0.80039:  28%|██▊       | 28/100 [00:11<00:27,  2.62it/s]Best trial: 12. Best value: 0.80039:  29%|██▉       | 29/100 [00:11<00:27,  2.62it/s]                                                                                     Best trial: 12. Best value: 0.80039:  29%|██▉       | 29/100 [00:11<00:27,  2.62it/s]Best trial: 12. Best value: 0.80039:  29%|██▉       | 29/100 [00:11<00:27,  2.62it/s]Best trial: 12. Best value: 0.80039:  30%|███       | 30/100 [00:11<00:26,  2.62it/s]                                                                                     Best trial: 12. Best value: 0.80039:  30%|███       | 30/100 [00:11<00:26,  2.62it/s]Best trial: 12. Best value: 0.80039:  30%|███       | 30/100 [00:11<00:26,  2.62it/s]Best trial: 12. Best value: 0.80039:  31%|███       | 31/100 [00:11<00:26,  2.62it/s]                                                                                     Best trial: 12. Best value: 0.80039:  31%|███       | 31/100 [00:12<00:26,  2.62it/s]Best trial: 12. Best value: 0.80039:  31%|███       | 31/100 [00:12<00:26,  2.62it/s]Best trial: 12. Best value: 0.80039:  32%|███▏      | 32/100 [00:12<00:25,  2.62it/s]                                                                                     Best trial: 12. Best value: 0.80039:  32%|███▏      | 32/100 [00:12<00:25,  2.62it/s]Best trial: 12. Best value: 0.80039:  32%|███▏      | 32/100 [00:12<00:25,  2.62it/s]Best trial: 12. Best value: 0.80039:  33%|███▎      | 33/100 [00:12<00:25,  2.62it/s]                                                                                     Best trial: 12. Best value: 0.80039:  33%|███▎      | 33/100 [00:13<00:25,  2.62it/s]Best trial: 12. Best value: 0.80039:  33%|███▎      | 33/100 [00:13<00:25,  2.62it/s]Best trial: 12. Best value: 0.80039:  34%|███▍      | 34/100 [00:13<00:25,  2.61it/s]                                                                                     Best trial: 12. Best value: 0.80039:  34%|███▍      | 34/100 [00:13<00:25,  2.61it/s]Best trial: 12. Best value: 0.80039:  34%|███▍      | 34/100 [00:13<00:25,  2.61it/s]Best trial: 12. Best value: 0.80039:  35%|███▌      | 35/100 [00:13<00:24,  2.61it/s]                                                                                     Best trial: 12. Best value: 0.80039:  35%|███▌      | 35/100 [00:13<00:24,  2.61it/s]Best trial: 12. Best value: 0.80039:  35%|███▌      | 35/100 [00:13<00:24,  2.61it/s]Best trial: 12. Best value: 0.80039:  36%|███▌      | 36/100 [00:13<00:24,  2.62it/s]                                                                                     Best trial: 12. Best value: 0.80039:  36%|███▌      | 36/100 [00:14<00:24,  2.62it/s]Best trial: 12. Best value: 0.80039:  36%|███▌      | 36/100 [00:14<00:24,  2.62it/s]Best trial: 12. Best value: 0.80039:  37%|███▋      | 37/100 [00:14<00:24,  2.62it/s]                                                                                     Best trial: 12. Best value: 0.80039:  37%|███▋      | 37/100 [00:14<00:24,  2.62it/s]Best trial: 12. Best value: 0.80039:  37%|███▋      | 37/100 [00:14<00:24,  2.62it/s]Best trial: 12. Best value: 0.80039:  38%|███▊      | 38/100 [00:14<00:23,  2.62it/s]                                                                                     Best trial: 12. Best value: 0.80039:  38%|███▊      | 38/100 [00:14<00:23,  2.62it/s]Best trial: 12. Best value: 0.80039:  38%|███▊      | 38/100 [00:14<00:23,  2.62it/s]Best trial: 12. Best value: 0.80039:  39%|███▉      | 39/100 [00:14<00:23,  2.61it/s]                                                                                     Best trial: 12. Best value: 0.80039:  39%|███▉      | 39/100 [00:15<00:23,  2.61it/s]Best trial: 12. Best value: 0.80039:  39%|███▉      | 39/100 [00:15<00:23,  2.61it/s]Best trial: 12. Best value: 0.80039:  40%|████      | 40/100 [00:15<00:22,  2.61it/s]                                                                                     Best trial: 12. Best value: 0.80039:  40%|████      | 40/100 [00:15<00:22,  2.61it/s]Best trial: 12. Best value: 0.80039:  40%|████      | 40/100 [00:15<00:22,  2.61it/s]Best trial: 12. Best value: 0.80039:  41%|████      | 41/100 [00:15<00:22,  2.61it/s]                                                                                     Best trial: 12. Best value: 0.80039:  41%|████      | 41/100 [00:16<00:22,  2.61it/s]Best trial: 12. Best value: 0.80039:  41%|████      | 41/100 [00:16<00:22,  2.61it/s]Best trial: 12. Best value: 0.80039:  42%|████▏     | 42/100 [00:16<00:22,  2.62it/s]                                                                                     Best trial: 12. Best value: 0.80039:  42%|████▏     | 42/100 [00:16<00:22,  2.62it/s]Best trial: 12. Best value: 0.80039:  42%|████▏     | 42/100 [00:16<00:22,  2.62it/s]Best trial: 12. Best value: 0.80039:  43%|████▎     | 43/100 [00:16<00:21,  2.61it/s]                                                                                     Best trial: 12. Best value: 0.80039:  43%|████▎     | 43/100 [00:16<00:21,  2.61it/s]Best trial: 12. Best value: 0.80039:  43%|████▎     | 43/100 [00:16<00:21,  2.61it/s]Best trial: 12. Best value: 0.80039:  44%|████▍     | 44/100 [00:16<00:23,  2.36it/s]                                                                                     Best trial: 12. Best value: 0.80039:  44%|████▍     | 44/100 [00:17<00:23,  2.36it/s]Best trial: 12. Best value: 0.80039:  44%|████▍     | 44/100 [00:17<00:23,  2.36it/s]Best trial: 12. Best value: 0.80039:  45%|████▌     | 45/100 [00:17<00:22,  2.43it/s]                                                                                     Best trial: 12. Best value: 0.80039:  45%|████▌     | 45/100 [00:17<00:22,  2.43it/s]Best trial: 12. Best value: 0.80039:  45%|████▌     | 45/100 [00:17<00:22,  2.43it/s]Best trial: 12. Best value: 0.80039:  46%|████▌     | 46/100 [00:17<00:21,  2.49it/s]                                                                                     Best trial: 12. Best value: 0.80039:  46%|████▌     | 46/100 [00:18<00:21,  2.49it/s]Best trial: 12. Best value: 0.80039:  46%|████▌     | 46/100 [00:18<00:21,  2.49it/s]Best trial: 12. Best value: 0.80039:  47%|████▋     | 47/100 [00:18<00:21,  2.52it/s]                                                                                     Best trial: 12. Best value: 0.80039:  47%|████▋     | 47/100 [00:18<00:21,  2.52it/s]Best trial: 12. Best value: 0.80039:  47%|████▋     | 47/100 [00:18<00:21,  2.52it/s]Best trial: 12. Best value: 0.80039:  48%|████▊     | 48/100 [00:18<00:20,  2.55it/s]                                                                                     Best trial: 12. Best value: 0.80039:  48%|████▊     | 48/100 [00:18<00:20,  2.55it/s]Best trial: 12. Best value: 0.80039:  48%|████▊     | 48/100 [00:18<00:20,  2.55it/s]Best trial: 12. Best value: 0.80039:  49%|████▉     | 49/100 [00:18<00:19,  2.57it/s]                                                                                     Best trial: 12. Best value: 0.80039:  49%|████▉     | 49/100 [00:19<00:19,  2.57it/s]Best trial: 12. Best value: 0.80039:  49%|████▉     | 49/100 [00:19<00:19,  2.57it/s]Best trial: 12. Best value: 0.80039:  50%|█████     | 50/100 [00:19<00:19,  2.58it/s]                                                                                     Best trial: 12. Best value: 0.80039:  50%|█████     | 50/100 [00:19<00:19,  2.58it/s]Best trial: 12. Best value: 0.80039:  50%|█████     | 50/100 [00:19<00:19,  2.58it/s]Best trial: 12. Best value: 0.80039:  51%|█████     | 51/100 [00:19<00:18,  2.59it/s]                                                                                     Best trial: 12. Best value: 0.80039:  51%|█████     | 51/100 [00:20<00:18,  2.59it/s]Best trial: 12. Best value: 0.80039:  51%|█████     | 51/100 [00:20<00:18,  2.59it/s]Best trial: 12. Best value: 0.80039:  52%|█████▏    | 52/100 [00:20<00:18,  2.60it/s]                                                                                     Best trial: 12. Best value: 0.80039:  52%|█████▏    | 52/100 [00:20<00:18,  2.60it/s]Best trial: 12. Best value: 0.80039:  52%|█████▏    | 52/100 [00:20<00:18,  2.60it/s]Best trial: 12. Best value: 0.80039:  53%|█████▎    | 53/100 [00:20<00:18,  2.61it/s]                                                                                     Best trial: 12. Best value: 0.80039:  53%|█████▎    | 53/100 [00:20<00:18,  2.61it/s]Best trial: 12. Best value: 0.80039:  53%|█████▎    | 53/100 [00:20<00:18,  2.61it/s]Best trial: 12. Best value: 0.80039:  54%|█████▍    | 54/100 [00:20<00:17,  2.60it/s]                                                                                     Best trial: 12. Best value: 0.80039:  54%|█████▍    | 54/100 [00:21<00:17,  2.60it/s]Best trial: 12. Best value: 0.80039:  54%|█████▍    | 54/100 [00:21<00:17,  2.60it/s]Best trial: 12. Best value: 0.80039:  55%|█████▌    | 55/100 [00:21<00:17,  2.60it/s]                                                                                     Best trial: 12. Best value: 0.8