This job can be monitored from: https://job.c3se.chalmers.se/alvis/4539963
/usr/share/lmod/lmod/init/bash: /usr/share/lmod/lmod/libexec/addto: /usr/bin/lua: bad interpreter: No such file or directory
no change     /opt/conda/condabin/conda
no change     /opt/conda/bin/conda
no change     /opt/conda/bin/conda-env
no change     /opt/conda/bin/activate
no change     /opt/conda/bin/deactivate
no change     /opt/conda/etc/profile.d/conda.sh
no change     /opt/conda/etc/fish/conf.d/conda.fish
no change     /opt/conda/shell/condabin/Conda.psm1
no change     /opt/conda/shell/condabin/conda-hook.ps1
no change     /opt/conda/lib/python3.12/site-packages/xontrib/conda.xsh
no change     /opt/conda/etc/profile.d/conda.csh
no change     /cephyr/users/lassila/Alvis/.bashrc
No action taken.
Running MIA...

attacks:
  base:
    attack: base
  base-offline:
    attack: base
    offline: true
  g-base-MIA:
    attack: g-base
    num_sampled_graphs: 8
    prior: 0.5
    sampling_strategy: MIA
  g-base-MIA-offline:
    attack: g-base
    num_sampled_graphs: 8
    offline: true
    prior: 0.5
    sampling_strategy: MIA
    threshold_scale_factor: 0.9
  lira:
    attack: lira
  lira-offline:
    attack: lira
    offline: true
  rmia:
    Z_frac: 0.5
    attack: rmia
    rmia_gamma: 1
  rmia-offline:
    Z_frac: 0.5
    attack: rmia
    offline: true
    rmia_gamma: 1
batch_size: 128
datadir: ./data
dataset: citeseer
device: cuda
dropout: 0.5
early_stopping: 0
epochs: 50
epochs_mlp: 5000
frac_target_nodes: 0.5
hidden_dim:
- 64
hidden_dim_mlp:
- 128
hyperparam_search: false
inductive_inference: true
inductive_split: true
lr: 0.001
max_num_nodes: null
model: GAT
name: citeseer-GAT
num_audits: 20
num_processes: 1
num_shadow_models: 8
offline: false
optimizer: Adam
pretrain_shadow_models: true
savedir: results/est-threshold
seed: 0
target_fpr:
- 0.01
train_frac: 0.5
val_frac: 0.0
weight_decay: 0.0001

Dataset properties
#Nodes: 3327
#Edges: 9104
#Features: 3703
#Classes: 6
#Class distribution: [0.0794, 0.1773, 0.2008, 0.2107, 0.1791, 0.1527]
Average degree: 2.7364
Fraction isolated nodes: 0.014427412301301956

Training 8 shadow models:   0%|          | 0/8 [00:00<?, ?it/s]Training 8 shadow models:  12%|█▎        | 1/8 [00:02<00:18,  2.65s/it]Training 8 shadow models:  25%|██▌       | 2/8 [00:02<00:07,  1.23s/it]Training 8 shadow models:  38%|███▊      | 3/8 [00:03<00:03,  1.29it/s]Training 8 shadow models:  50%|█████     | 4/8 [00:03<00:02,  1.77it/s]Training 8 shadow models:  62%|██████▎   | 5/8 [00:03<00:01,  2.24it/s]Training 8 shadow models:  75%|███████▌  | 6/8 [00:03<00:00,  2.66it/s]Training 8 shadow models:  88%|████████▊ | 7/8 [00:04<00:00,  3.02it/s]Training 8 shadow models: 100%|██████████| 8/8 [00:04<00:00,  3.32it/s]Training 8 shadow models: 100%|██████████| 8/8 [00:04<00:00,  1.85it/s]
[I 2025-05-23 02:13:59,376] A new study created in memory with name: no-name-ae31200e-c184-409b-9f66-7a8958cfc103
Tuning interpolation parameter for offline RMIA using optuna
  0%|          | 0/100 [00:00<?, ?it/s]                                         0%|          | 0/100 [00:00<?, ?it/s]Best trial: 0. Best value: 0.835645:   0%|          | 0/100 [00:00<?, ?it/s]Best trial: 0. Best value: 0.835645:   1%|          | 1/100 [00:00<00:50,  1.97it/s]                                                                                    Best trial: 0. Best value: 0.835645:   1%|          | 1/100 [00:00<00:50,  1.97it/s]Best trial: 0. Best value: 0.835645:   1%|          | 1/100 [00:00<00:50,  1.97it/s]Best trial: 0. Best value: 0.835645:   2%|▏         | 2/100 [00:00<00:47,  2.05it/s]                                                                                    Best trial: 0. Best value: 0.835645:   2%|▏         | 2/100 [00:01<00:47,  2.05it/s]Best trial: 0. Best value: 0.835645:   2%|▏         | 2/100 [00:01<00:47,  2.05it/s]Best trial: 0. Best value: 0.835645:   3%|▎         | 3/100 [00:01<00:46,  2.07it/s]                                                                                    Best trial: 0. Best value: 0.835645:   3%|▎         | 3/100 [00:01<00:46,  2.07it/s]Best trial: 0. Best value: 0.835645:   3%|▎         | 3/100 [00:01<00:46,  2.07it/s]Best trial: 0. Best value: 0.835645:   4%|▍         | 4/100 [00:01<00:46,  2.09it/s]                                                                                    Best trial: 0. Best value: 0.835645:   4%|▍         | 4/100 [00:02<00:46,  2.09it/s]Best trial: 4. Best value: 0.838002:   4%|▍         | 4/100 [00:02<00:46,  2.09it/s]Best trial: 4. Best value: 0.838002:   5%|▌         | 5/100 [00:02<00:45,  2.09it/s]                                                                                    Best trial: 4. Best value: 0.838002:   5%|▌         | 5/100 [00:02<00:45,  2.09it/s]Best trial: 4. Best value: 0.838002:   5%|▌         | 5/100 [00:02<00:45,  2.09it/s]Best trial: 4. Best value: 0.838002:   6%|▌         | 6/100 [00:02<00:44,  2.10it/s]                                                                                    Best trial: 4. Best value: 0.838002:   6%|▌         | 6/100 [00:03<00:44,  2.10it/s]Best trial: 4. Best value: 0.838002:   6%|▌         | 6/100 [00:03<00:44,  2.10it/s]Best trial: 4. Best value: 0.838002:   7%|▋         | 7/100 [00:03<00:44,  2.10it/s]                                                                                    Best trial: 4. Best value: 0.838002:   7%|▋         | 7/100 [00:03<00:44,  2.10it/s]Best trial: 4. Best value: 0.838002:   7%|▋         | 7/100 [00:03<00:44,  2.10it/s]Best trial: 4. Best value: 0.838002:   8%|▊         | 8/100 [00:03<00:43,  2.10it/s]                                                                                    Best trial: 4. Best value: 0.838002:   8%|▊         | 8/100 [00:04<00:43,  2.10it/s]Best trial: 4. Best value: 0.838002:   8%|▊         | 8/100 [00:04<00:43,  2.10it/s]Best trial: 4. Best value: 0.838002:   9%|▉         | 9/100 [00:04<00:43,  2.10it/s]                                                                                    Best trial: 4. Best value: 0.838002:   9%|▉         | 9/100 [00:04<00:43,  2.10it/s]Best trial: 4. Best value: 0.838002:   9%|▉         | 9/100 [00:04<00:43,  2.10it/s]Best trial: 4. Best value: 0.838002:  10%|█         | 10/100 [00:04<00:42,  2.10it/s]                                                                                     Best trial: 4. Best value: 0.838002:  10%|█         | 10/100 [00:05<00:42,  2.10it/s]Best trial: 10. Best value: 0.838294:  10%|█         | 10/100 [00:05<00:42,  2.10it/s]Best trial: 10. Best value: 0.838294:  11%|█         | 11/100 [00:05<00:42,  2.10it/s]                                                                                      Best trial: 10. Best value: 0.838294:  11%|█         | 11/100 [00:05<00:42,  2.10it/s]Best trial: 10. Best value: 0.838294:  11%|█         | 11/100 [00:05<00:42,  2.10it/s]Best trial: 10. Best value: 0.838294:  12%|█▏        | 12/100 [00:05<00:41,  2.10it/s]                                                                                      Best trial: 10. Best value: 0.838294:  12%|█▏        | 12/100 [00:06<00:41,  2.10it/s]Best trial: 10. Best value: 0.838294:  12%|█▏        | 12/100 [00:06<00:41,  2.10it/s]Best trial: 10. Best value: 0.838294:  13%|█▎        | 13/100 [00:06<00:41,  2.10it/s]                                                                                      Best trial: 10. Best value: 0.838294:  13%|█▎        | 13/100 [00:06<00:41,  2.10it/s]Best trial: 10. Best value: 0.838294:  13%|█▎        | 13/100 [00:06<00:41,  2.10it/s]Best trial: 10. Best value: 0.838294:  14%|█▍        | 14/100 [00:06<00:40,  2.10it/s]                                                                                      Best trial: 10. Best value: 0.838294:  14%|█▍        | 14/100 [00:07<00:40,  2.10it/s]Best trial: 10. Best value: 0.838294:  14%|█▍        | 14/100 [00:07<00:40,  2.10it/s]Best trial: 10. Best value: 0.838294:  15%|█▌        | 15/100 [00:07<00:40,  2.10it/s]                                                                                      Best trial: 10. Best value: 0.838294:  15%|█▌        | 15/100 [00:07<00:40,  2.10it/s]Best trial: 10. Best value: 0.838294:  15%|█▌        | 15/100 [00:07<00:40,  2.10it/s]Best trial: 10. Best value: 0.838294:  16%|█▌        | 16/100 [00:07<00:39,  2.10it/s]                                                                                      Best trial: 10. Best value: 0.838294:  16%|█▌        | 16/100 [00:08<00:39,  2.10it/s]Best trial: 10. Best value: 0.838294:  16%|█▌        | 16/100 [00:08<00:39,  2.10it/s]Best trial: 10. Best value: 0.838294:  17%|█▋        | 17/100 [00:08<00:39,  2.10it/s]                                                                                      Best trial: 10. Best value: 0.838294:  17%|█▋        | 17/100 [00:08<00:39,  2.10it/s]Best trial: 17. Best value: 0.838313:  17%|█▋        | 17/100 [00:08<00:39,  2.10it/s]Best trial: 17. Best value: 0.838313:  18%|█▊        | 18/100 [00:08<00:39,  2.10it/s]                                                                                      Best trial: 17. Best value: 0.838313:  18%|█▊        | 18/100 [00:09<00:39,  2.10it/s]Best trial: 17. Best value: 0.838313:  18%|█▊        | 18/100 [00:09<00:39,  2.10it/s]Best trial: 17. Best value: 0.838313:  19%|█▉        | 19/100 [00:09<00:38,  2.10it/s]                                                                                      Best trial: 17. Best value: 0.838313:  19%|█▉        | 19/100 [00:09<00:38,  2.10it/s]Best trial: 17. Best value: 0.838313:  19%|█▉        | 19/100 [00:09<00:38,  2.10it/s]Best trial: 17. Best value: 0.838313:  20%|██        | 20/100 [00:09<00:38,  2.09it/s]                                                                                      Best trial: 17. Best value: 0.838313:  20%|██        | 20/100 [00:10<00:38,  2.09it/s]Best trial: 17. Best value: 0.838313:  20%|██        | 20/100 [00:10<00:38,  2.09it/s]Best trial: 17. Best value: 0.838313:  21%|██        | 21/100 [00:10<00:37,  2.10it/s]                                                                                      Best trial: 17. Best value: 0.838313:  21%|██        | 21/100 [00:10<00:37,  2.10it/s]Best trial: 17. Best value: 0.838313:  21%|██        | 21/100 [00:10<00:37,  2.10it/s]Best trial: 17. Best value: 0.838313:  22%|██▏       | 22/100 [00:10<00:37,  2.10it/s]                                                                                      Best trial: 17. Best value: 0.838313:  22%|██▏       | 22/100 [00:10<00:37,  2.10it/s]Best trial: 22. Best value: 0.83832:  22%|██▏       | 22/100 [00:10<00:37,  2.10it/s] Best trial: 22. Best value: 0.83832:  23%|██▎       | 23/100 [00:10<00:36,  2.10it/s]                                                                                     Best trial: 22. Best value: 0.83832:  23%|██▎       | 23/100 [00:11<00:36,  2.10it/s]Best trial: 22. Best value: 0.83832:  23%|██▎       | 23/100 [00:11<00:36,  2.10it/s]Best trial: 22. Best value: 0.83832:  24%|██▍       | 24/100 [00:11<00:36,  2.10it/s]                                                                                     Best trial: 22. Best value: 0.83832:  24%|██▍       | 24/100 [00:11<00:36,  2.10it/s]Best trial: 22. Best value: 0.83832:  24%|██▍       | 24/100 [00:11<00:36,  2.10it/s]Best trial: 22. Best value: 0.83832:  25%|██▌       | 25/100 [00:11<00:35,  2.10it/s]                                                                                     Best trial: 22. Best value: 0.83832:  25%|██▌       | 25/100 [00:12<00:35,  2.10it/s]Best trial: 22. Best value: 0.83832:  25%|██▌       | 25/100 [00:12<00:35,  2.10it/s]Best trial: 22. Best value: 0.83832:  26%|██▌       | 26/100 [00:12<00:35,  2.10it/s]                                                                                     Best trial: 22. Best value: 0.83832:  26%|██▌       | 26/100 [00:12<00:35,  2.10it/s]Best trial: 22. Best value: 0.83832:  26%|██▌       | 26/100 [00:12<00:35,  2.10it/s]Best trial: 22. Best value: 0.83832:  27%|██▋       | 27/100 [00:12<00:34,  2.10it/s]                                                                                     Best trial: 22. Best value: 0.83832:  27%|██▋       | 27/100 [00:13<00:34,  2.10it/s]Best trial: 27. Best value: 0.838329:  27%|██▋       | 27/100 [00:13<00:34,  2.10it/s]Best trial: 27. Best value: 0.838329:  28%|██▊       | 28/100 [00:13<00:34,  2.09it/s]                                                                                      Best trial: 27. Best value: 0.838329:  28%|██▊       | 28/100 [00:13<00:34,  2.09it/s]Best trial: 27. Best value: 0.838329:  28%|██▊       | 28/100 [00:13<00:34,  2.09it/s]Best trial: 27. Best value: 0.838329:  29%|██▉       | 29/100 [00:13<00:33,  2.10it/s]                                                                                      Best trial: 27. Best value: 0.838329:  29%|██▉       | 29/100 [00:14<00:33,  2.10it/s]Best trial: 27. Best value: 0.838329:  29%|██▉       | 29/100 [00:14<00:33,  2.10it/s]Best trial: 27. Best value: 0.838329:  30%|███       | 30/100 [00:14<00:33,  2.10it/s]                                                                                      Best trial: 27. Best value: 0.838329:  30%|███       | 30/100 [00:14<00:33,  2.10it/s]Best trial: 27. Best value: 0.838329:  30%|███       | 30/100 [00:14<00:33,  2.10it/s]Best trial: 27. Best value: 0.838329:  31%|███       | 31/100 [00:14<00:32,  2.10it/s]                                                                                      Best trial: 27. Best value: 0.838329:  31%|███       | 31/100 [00:15<00:32,  2.10it/s]Best trial: 27. Best value: 0.838329:  31%|███       | 31/100 [00:15<00:32,  2.10it/s]Best trial: 27. Best value: 0.838329:  32%|███▏      | 32/100 [00:15<00:32,  2.10it/s]                                                                                      Best trial: 27. Best value: 0.838329:  32%|███▏      | 32/100 [00:15<00:32,  2.10it/s]Best trial: 27. Best value: 0.838329:  32%|███▏      | 32/100 [00:15<00:32,  2.10it/s]Best trial: 27. Best value: 0.838329:  33%|███▎      | 33/100 [00:15<00:31,  2.10it/s]                                                                                      Best trial: 27. Best value: 0.838329:  33%|███▎      | 33/100 [00:16<00:31,  2.10it/s]Best trial: 27. Best value: 0.838329:  33%|███▎      | 33/100 [00:16<00:31,  2.10it/s]Best trial: 27. Best value: 0.838329:  34%|███▍      | 34/100 [00:16<00:31,  2.09it/s]                                                                                      Best trial: 27. Best value: 0.838329:  34%|███▍      | 34/100 [00:16<00:31,  2.09it/s]Best trial: 27. Best value: 0.838329:  34%|███▍      | 34/100 [00:16<00:31,  2.09it/s]Best trial: 27. Best value: 0.838329:  35%|███▌      | 35/100 [00:16<00:33,  1.93it/s]                                                                                      Best trial: 27. Best value: 0.838329:  35%|███▌      | 35/100 [00:17<00:33,  1.93it/s]Best trial: 27. Best value: 0.838329:  35%|███▌      | 35/100 [00:17<00:33,  1.93it/s]Best trial: 27. Best value: 0.838329:  36%|███▌      | 36/100 [00:17<00:32,  1.98it/s]                                                                                      Best trial: 27. Best value: 0.838329:  36%|███▌      | 36/100 [00:17<00:32,  1.98it/s]Best trial: 27. Best value: 0.838329:  36%|███▌      | 36/100 [00:17<00:32,  1.98it/s]Best trial: 27. Best value: 0.838329:  37%|███▋      | 37/100 [00:17<00:31,  2.01it/s]                                                                                      Best trial: 27. Best value: 0.838329:  37%|███▋      | 37/100 [00:18<00:31,  2.01it/s]Best trial: 27. Best value: 0.838329:  37%|███▋      | 37/100 [00:18<00:31,  2.01it/s]Best trial: 27. Best value: 0.838329:  38%|███▊      | 38/100 [00:18<00:30,  2.03it/s]                                                                                      Best trial: 27. Best value: 0.838329:  38%|███▊      | 38/100 [00:18<00:30,  2.03it/s]Best trial: 27. Best value: 0.838329:  38%|███▊      | 38/100 [00:18<00:30,  2.03it/s]Best trial: 27. Best value: 0.838329:  39%|███▉      | 39/100 [00:18<00:29,  2.05it/s]                                                                                      Best trial: 27. Best value: 0.838329:  39%|███▉      | 39/100 [00:19<00:29,  2.05it/s]Best trial: 27. Best value: 0.838329:  39%|███▉      | 39/100 [00:19<00:29,  2.05it/s]Best trial: 27. Best value: 0.838329:  40%|████      | 40/100 [00:19<00:29,  2.07it/s]                                                                                      Best trial: 27. Best value: 0.838329:  40%|████      | 40/100 [00:19<00:29,  2.07it/s]Best trial: 27. Best value: 0.838329:  40%|████      | 40/100 [00:19<00:29,  2.07it/s]Best trial: 27. Best value: 0.838329:  41%|████      | 41/100 [00:19<00:28,  2.07it/s]                                                                                      Best trial: 27. Best value: 0.838329:  41%|████      | 41/100 [00:20<00:28,  2.07it/s]Best trial: 27. Best value: 0.838329:  41%|████      | 41/100 [00:20<00:28,  2.07it/s]Best trial: 27. Best value: 0.838329:  42%|████▏     | 42/100 [00:20<00:27,  2.08it/s]                                                                                      Best trial: 27. Best value: 0.838329:  42%|████▏     | 42/100 [00:20<00:27,  2.08it/s]Best trial: 27. Best value: 0.838329:  42%|████▏     | 42/100 [00:20<00:27,  2.08it/s]Best trial: 27. Best value: 0.838329:  43%|████▎     | 43/100 [00:20<00:27,  2.09it/s]                                                                                      Best trial: 27. Best value: 0.838329:  43%|████▎     | 43/100 [00:21<00:27,  2.09it/s]Best trial: 27. Best value: 0.838329:  43%|████▎     | 43/100 [00:21<00:27,  2.09it/s]Best trial: 27. Best value: 0.838329:  44%|████▍     | 44/100 [00:21<00:26,  2.09it/s]                                                                                      Best trial: 27. Best value: 0.838329:  44%|████▍     | 44/100 [00:21<00:26,  2.09it/s]Best trial: 27. Best value: 0.838329:  44%|████▍     | 44/100 [00:21<00:26,  2.09it/s]Best trial: 27. Best value: 0.838329:  45%|████▌     | 45/100 [00:21<00:26,  2.09it/s]                                                                                      Best trial: 27. Best value: 0.838329:  45%|████▌     | 45/100 [00:22<00:26,  2.09it/s]Best trial: 27. Best value: 0.838329:  45%|████▌     | 45/100 [00:22<00:26,  2.09it/s]Best trial: 27. Best value: 0.838329:  46%|████▌     | 46/100 [00:22<00:25,  2.09it/s]                                                                                      Best trial: 27. Best value: 0.838329:  46%|████▌     | 46/100 [00:22<00:25,  2.09it/s]Best trial: 27. Best value: 0.838329:  46%|████▌     | 46/100 [00:22<00:25,  2.09it/s]Best trial: 27. Best value: 0.838329:  47%|████▋     | 47/100 [00:22<00:25,  2.09it/s]                                                                                      Best trial: 27. Best value: 0.838329:  47%|████▋     | 47/100 [00:23<00:25,  2.09it/s]Best trial: 27. Best value: 0.838329:  47%|████▋     | 47/100 [00:23<00:25,  2.09it/s]Best trial: 27. Best value: 0.838329:  48%|████▊     | 48/100 [00:23<00:24,  2.09it/s]                                                                                      Best trial: 27. Best value: 0.838329:  48%|████▊     | 48/100 [00:23<00:24,  2.09it/s]Best trial: 27. Best value: 0.838329:  48%|████▊     | 48/100 [00:23<00:24,  2.09it/s]Best trial: 27. Best value: 0.838329:  49%|████▉     | 49/100 [00:23<00:24,  2.09it/s]                                                                                      Best trial: 27. Best value: 0.838329:  49%|████▉     | 49/100 [00:24<00:24,  2.09it/s]Best trial: 27. Best value: 0.838329:  49%|████▉     | 49/100 [00:24<00:24,  2.09it/s]Best trial: 27. Best value: 0.838329:  50%|█████     | 50/100 [00:24<00:23,  2.09it/s]                                                                                      Best trial: 27. Best value: 0.838329:  50%|█████     | 50/100 [00:24<00:23,  2.09it/s]Best trial: 27. Best value: 0.838329:  50%|█████     | 50/100 [00:24<00:23,  2.09it/s]Best trial: 27. Best value: 0.838329:  51%|█████     | 51/100 [00:24<00:23,  2.09it/s]                                                                                      Best trial: 27. Best value: 0.838329:  51%|█████     | 51/100 [00:24<00:23,  2.09it/s]Best trial: 27. Best value: 0.838329:  51%|█████     | 51/100 [00:24<00:23,  2.09it/s]Best trial: 27. Best value: 0.838329:  52%|█████▏    | 52/100 [00:24<00:22,  2.09it/s]                                                                                      Best trial: 27. Best value: 0.838329:  52%|█████▏    | 52/100 [00:25<00:22,  2.09it/s]Best trial: 27. Best value: 0.838329:  52%|█████▏    | 52/100 [00:25<00:22,  2.09it/s]Best trial: 27. Best value: 0.838329:  53%|█████▎    | 53/100 [00:25<00:22,  2.09it/s]                                                                                      Best trial: 27. Best value: 0.838329:  53%|█████▎    | 53/100 [00:25<00:22,  2.09it/s]Best trial: 27. Best value: 0.838329:  53%|█████▎    | 53/100 [00:25<00:22,  2.09it/s]Best trial: 27. Best value: 0.838329:  54%|█████▍    | 54/100 [00:25<00:21,  2.09it/s]                                                                                      Best trial: 27. Best value: 0.838329:  54%|█████▍    | 54/100 [00:26<00:21,  2.09it/s]Best trial: 27. Best value: 0.838329:  54%|█████▍    | 54/100 [00:26<00:21,  2.09it/s]Best trial: 27. Best value: 0.838329:  55