[I 2025-05-23 02:11:37,960] Trial 0 finished with value: 0.7727276694252383 and parameters: {'threshold_scale_factor': 0.8072512709657124}. Best is trial 0 with value: 0.7727276694252383.
[I 2025-05-23 02:11:38,253] Trial 1 finished with value: 0.7817580275304421 and parameters: {'threshold_scale_factor': 0.7302029616556328}. Best is trial 1 with value: 0.7817580275304421.
[I 2025-05-23 02:11:38,545] Trial 2 finished with value: 0.7641017696894589 and parameters: {'threshold_scale_factor': 0.8673859907465337}. Best is trial 1 with value: 0.7817580275304421.
[I 2025-05-23 02:11:38,971] Trial 3 finished with value: 0.7937025040964022 and parameters: {'threshold_scale_factor': 0.6032722677089639}. Best is trial 3 with value: 0.7937025040964022.
[I 2025-05-23 02:11:39,264] Trial 4 finished with value: 0.8058768919269781 and parameters: {'threshold_scale_factor': 0.15819557205688273}. Best is trial 4 with value: 0.8058768919269781.
[I 2025-05-23 02:11:39,555] Trial 5 finished with value: 0.8120847688014505 and parameters: {'threshold_scale_factor': 0.24287696578943885}. Best is trial 5 with value: 0.8120847688014505.
[I 2025-05-23 02:11:39,847] Trial 6 finished with value: 0.78921637077296 and parameters: {'threshold_scale_factor': 0.07764324423166635}. Best is trial 5 with value: 0.8120847688014505.
[I 2025-05-23 02:11:40,140] Trial 7 finished with value: 0.782562580591671 and parameters: {'threshold_scale_factor': 0.062003561998903}. Best is trial 5 with value: 0.8120847688014505.
[I 2025-05-23 02:11:40,432] Trial 8 finished with value: 0.7716787504172766 and parameters: {'threshold_scale_factor': 0.814775840760091}. Best is trial 5 with value: 0.8120847688014505.
[I 2025-05-23 02:11:40,802] Trial 9 finished with value: 0.7832872238064796 and parameters: {'threshold_scale_factor': 0.7150393650105074}. Best is trial 5 with value: 0.8120847688014505.
[I 2025-05-23 02:11:41,097] Trial 10 finished with value: 0.8104857536834894 and parameters: {'threshold_scale_factor': 0.34445040153110007}. Best is trial 5 with value: 0.8120847688014505.
[I 2025-05-23 02:11:41,392] Trial 11 finished with value: 0.8109652127620116 and parameters: {'threshold_scale_factor': 0.3363127422999674}. Best is trial 5 with value: 0.8120847688014505.
[I 2025-05-23 02:11:41,686] Trial 12 finished with value: 0.8099397485212586 and parameters: {'threshold_scale_factor': 0.34962851429557956}. Best is trial 5 with value: 0.8120847688014505.
[I 2025-05-23 02:11:41,983] Trial 13 finished with value: 0.8114157624762998 and parameters: {'threshold_scale_factor': 0.3256187079222553}. Best is trial 5 with value: 0.8120847688014505.
[I 2025-05-23 02:11:42,278] Trial 14 finished with value: 0.8045986071141036 and parameters: {'threshold_scale_factor': 0.45118184188833965}. Best is trial 5 with value: 0.8120847688014505.
[I 2025-05-23 02:11:42,572] Trial 15 finished with value: 0.8111381234877131 and parameters: {'threshold_scale_factor': 0.22040599195706057}. Best is trial 5 with value: 0.8120847688014505.
[I 2025-05-23 02:11:42,867] Trial 16 finished with value: 0.8000031091203045 and parameters: {'threshold_scale_factor': 0.514741248709634}. Best is trial 5 with value: 0.8120847688014505.
[I 2025-05-23 02:11:43,161] Trial 17 finished with value: 0.7445549485195132 and parameters: {'threshold_scale_factor': 0.9851182189458427}. Best is trial 5 with value: 0.8120847688014505.
[I 2025-05-23 02:11:43,457] Trial 18 finished with value: 0.811298215910405 and parameters: {'threshold_scale_factor': 0.2236786074186124}. Best is trial 5 with value: 0.8120847688014505.
[I 2025-05-23 02:11:43,751] Trial 19 finished with value: 0.8042129671044163 and parameters: {'threshold_scale_factor': 0.45931562258183134}. Best is trial 5 with value: 0.8120847688014505.
[I 2025-05-23 02:11:44,046] Trial 20 finished with value: 0.7216339136297288 and parameters: {'threshold_scale_factor': 0.0013674583018660202}. Best is trial 5 with value: 0.8120847688014505.
[I 2025-05-23 02:11:44,343] Trial 21 finished with value: 0.8121766787613265 and parameters: {'threshold_scale_factor': 0.24633169176129668}. Best is trial 21 with value: 0.8121766787613265.
[I 2025-05-23 02:11:44,639] Trial 22 finished with value: 0.8120029498460712 and parameters: {'threshold_scale_factor': 0.2630785045110161}. Best is trial 21 with value: 0.8121766787613265.
[I 2025-05-23 02:11:44,934] Trial 23 finished with value: 0.8095677450041345 and parameters: {'threshold_scale_factor': 0.19999650957686355}. Best is trial 21 with value: 0.8121766787613265.
[I 2025-05-23 02:11:45,229] Trial 24 finished with value: 0.8120296773714952 and parameters: {'threshold_scale_factor': 0.2755417629445681}. Best is trial 21 with value: 0.8121766787613265.
[I 2025-05-23 02:11:45,524] Trial 25 finished with value: 0.7932410451880636 and parameters: {'threshold_scale_factor': 0.08928245648961153}. Best is trial 21 with value: 0.8121766787613265.
[I 2025-05-23 02:11:45,820] Trial 26 finished with value: 0.8062017131798337 and parameters: {'threshold_scale_factor': 0.4154058871494192}. Best is trial 21 with value: 0.8121766787613265.
[I 2025-05-23 02:11:46,185] Trial 27 finished with value: 0.7983364569992298 and parameters: {'threshold_scale_factor': 0.5521290396802998}. Best is trial 21 with value: 0.8121766787613265.
[I 2025-05-23 02:11:46,481] Trial 28 finished with value: 0.8059333470061898 and parameters: {'threshold_scale_factor': 0.14339877439786436}. Best is trial 21 with value: 0.8121766787613265.
[I 2025-05-23 02:11:46,775] Trial 29 finished with value: 0.8121510421553078 and parameters: {'threshold_scale_factor': 0.28764257398703247}. Best is trial 21 with value: 0.8121766787613265.
[I 2025-05-23 02:11:47,070] Trial 30 finished with value: 0.8059966203316831 and parameters: {'threshold_scale_factor': 0.4189208402717207}. Best is trial 21 with value: 0.8121766787613265.
[I 2025-05-23 02:11:47,365] Trial 31 finished with value: 0.8118191299263192 and parameters: {'threshold_scale_factor': 0.26966097141081463}. Best is trial 21 with value: 0.8121766787613265.
[I 2025-05-23 02:11:47,660] Trial 32 finished with value: 0.8060421662168442 and parameters: {'threshold_scale_factor': 0.15217250138484073}. Best is trial 21 with value: 0.8121766787613265.
[I 2025-05-23 02:11:47,955] Trial 33 finished with value: 0.8121652241075734 and parameters: {'threshold_scale_factor': 0.30668170050048016}. Best is trial 21 with value: 0.8121766787613265.
[I 2025-05-23 02:11:48,250] Trial 34 finished with value: 0.8084893711722365 and parameters: {'threshold_scale_factor': 0.37684098318712583}. Best is trial 21 with value: 0.8121766787613265.
[I 2025-05-23 02:11:48,547] Trial 35 finished with value: 0.7904709280887746 and parameters: {'threshold_scale_factor': 0.6367940252548272}. Best is trial 21 with value: 0.8121766787613265.
[I 2025-05-23 02:11:48,843] Trial 36 finished with value: 0.8120847688014505 and parameters: {'threshold_scale_factor': 0.2763241570683076}. Best is trial 21 with value: 0.8121766787613265.
[I 2025-05-23 02:11:49,138] Trial 37 finished with value: 0.7991731921829079 and parameters: {'threshold_scale_factor': 0.11084547383765106}. Best is trial 21 with value: 0.8121766787613265.
[I 2025-05-23 02:11:49,433] Trial 38 finished with value: 0.7625376639924597 and parameters: {'threshold_scale_factor': 0.028343338331755452}. Best is trial 21 with value: 0.8121766787613265.
[I 2025-05-23 02:11:49,728] Trial 39 finished with value: 0.8069023561677311 and parameters: {'threshold_scale_factor': 0.17167335434084902}. Best is trial 21 with value: 0.8121766787613265.
[I 2025-05-23 02:11:50,023] Trial 40 finished with value: 0.8117026742798297 and parameters: {'threshold_scale_factor': 0.31695127543327456}. Best is trial 21 with value: 0.8121766787613265.
[I 2025-05-23 02:11:50,318] Trial 41 finished with value: 0.8122353156793483 and parameters: {'threshold_scale_factor': 0.280982905832263}. Best is trial 41 with value: 0.8122353156793483.
[I 2025-05-23 02:11:50,615] Trial 42 finished with value: 0.8111643055534343 and parameters: {'threshold_scale_factor': 0.22087804614746118}. Best is trial 41 with value: 0.8122353156793483.
[I 2025-05-23 02:11:50,910] Trial 43 finished with value: 0.8074309066194808 and parameters: {'threshold_scale_factor': 0.3927704775553872}. Best is trial 41 with value: 0.8122353156793483.
[I 2025-05-23 02:11:51,204] Trial 44 finished with value: 0.8121663150269784 and parameters: {'threshold_scale_factor': 0.3063509650260402}. Best is trial 41 with value: 0.8122353156793483.
[I 2025-05-23 02:11:51,499] Trial 45 finished with value: 0.8121458602881336 and parameters: {'threshold_scale_factor': 0.28828121925866884}. Best is trial 41 with value: 0.8122353156793483.
[I 2025-05-23 02:11:51,794] Trial 46 finished with value: 0.8028075901808526 and parameters: {'threshold_scale_factor': 0.48086000767658815}. Best is trial 41 with value: 0.8122353156793483.
[I 2025-05-23 02:11:52,091] Trial 47 finished with value: 0.809134377270476 and parameters: {'threshold_scale_factor': 0.3610354780807073}. Best is trial 41 with value: 0.8122353156793483.
[I 2025-05-23 02:11:52,387] Trial 48 finished with value: 0.8082422779269913 and parameters: {'threshold_scale_factor': 0.1865724983104079}. Best is trial 41 with value: 0.8122353156793483.
[I 2025-05-23 02:11:52,683] Trial 49 finished with value: 0.7992143743904486 and parameters: {'threshold_scale_factor': 0.5334136656183999}. Best is trial 41 with value: 0.8122353156793483.
[I 2025-05-23 02:11:52,979] Trial 50 finished with value: 0.8118464029114457 and parameters: {'threshold_scale_factor': 0.3136827880858344}. Best is trial 41 with value: 0.8122353156793483.
[I 2025-05-23 02:11:53,274] Trial 51 finished with value: 0.8123345893452084 and parameters: {'threshold_scale_factor': 0.2952625126562029}. Best is trial 51 with value: 0.8123345893452084.
[I 2025-05-23 02:11:53,568] Trial 52 finished with value: 0.8042713312925867 and parameters: {'threshold_scale_factor': 0.13262578681388207}. Best is trial 51 with value: 0.8123345893452084.
[I 2025-05-23 02:11:53,863] Trial 53 finished with value: 0.8119912224624669 and parameters: {'threshold_scale_factor': 0.23697576440408877}. Best is trial 51 with value: 0.8123345893452084.
[I 2025-05-23 02:11:54,158] Trial 54 finished with value: 0.8056797082445142 and parameters: {'threshold_scale_factor': 0.42802186556921185}. Best is trial 51 with value: 0.8123345893452084.
[I 2025-05-23 02:11:54,454] Trial 55 finished with value: 0.8120193136371472 and parameters: {'threshold_scale_factor': 0.3109289317756104}. Best is trial 51 with value: 0.8123345893452084.
[I 2025-05-23 02:11:54,749] Trial 56 finished with value: 0.8094883806174169 and parameters: {'threshold_scale_factor': 0.3575799937529446}. Best is trial 51 with value: 0.8123345893452084.
[I 2025-05-23 02:11:55,044] Trial 57 finished with value: 0.8121957698509149 and parameters: {'threshold_scale_factor': 0.246858088383}. Best is trial 51 with value: 0.8123345893452084.
[I 2025-05-23 02:11:55,339] Trial 58 finished with value: 0.8090784676509669 and parameters: {'threshold_scale_factor': 0.19547291685575952}. Best is trial 51 with value: 0.8123345893452084.
[I 2025-05-23 02:11:55,635] Trial 59 finished with value: 0.812284679782427 and parameters: {'threshold_scale_factor': 0.2575392028064286}. Best is trial 51 with value: 0.8123345893452084.
[I 2025-05-23 02:11:55,930] Trial 60 finished with value: 0.8120307682909002 and parameters: {'threshold_scale_factor': 0.24146457652893866}. Best is trial 51 with value: 0.8123345893452084.
[I 2025-05-23 02:11:56,226] Trial 61 finished with value: 0.8106793918778868 and parameters: {'threshold_scale_factor': 0.3404349186086158}. Best is trial 51 with value: 0.8123345893452084.
[I 2025-05-23 02:11:56,522] Trial 62 finished with value: 0.8072969962625101 and parameters: {'threshold_scale_factor': 0.3959348180841297}. Best is trial 51 with value: 0.8123345893452084.
[I 2025-05-23 02:11:56,818] Trial 63 finished with value: 0.812285770701832 and parameters: {'threshold_scale_factor': 0.24807727734777152}. Best is trial 51 with value: 0.8123345893452084.
[I 2025-05-23 02:11:57,114] Trial 64 finished with value: 0.8123954081020401 and parameters: {'threshold_scale_factor': 0.2510017915689499}. Best is trial 64 with value: 0.8123954081020401.
[I 2025-05-23 02:11:57,409] Trial 65 finished with value: 0.7799798289002006 and parameters: {'threshold_scale_factor': 0.05625078583895793}. Best is trial 64 with value: 0.8123954081020401.
[I 2025-05-23 02:11:57,704] Trial 66 finished with value: 0.8123757715527491 and parameters: {'threshold_scale_factor': 0.25488349730520143}. Best is trial 64 with value: 0.8123954081020401.
[I 2025-05-23 02:11:58,000] Trial 67 finished with value: 0.8008684809383653 and parameters: {'threshold_scale_factor': 0.11819997359862838}. Best is trial 64 with value: 0.8123954081020401.
[I 2025-05-23 02:11:58,295] Trial 68 finished with value: 0.8097092917969406 and parameters: {'threshold_scale_factor': 0.2015697324193465}. Best is trial 64 with value: 0.8123954081020401.
[I 2025-05-23 02:11:58,591] Trial 69 finished with value: 0.8060847120736414 and parameters: {'threshold_scale_factor': 0.16261161053681716}. Best is trial 64 with value: 0.8123954081020401.
[I 2025-05-23 02:11:58,886] Trial 70 finished with value: 0.7568256099875854 and parameters: {'threshold_scale_factor': 0.9117245681781839}. Best is trial 64 with value: 0.8123954081020401.
[I 2025-05-23 02:11:59,181] Trial 71 finished with value: 0.812313589146661 and parameters: {'threshold_scale_factor': 0.2495430406933496}. Best is trial 64 with value: 0.8123954081020401.
[I 2025-05-23 02:11:59,476] Trial 72 finished with value: 0.8124022263483218 and parameters: {'threshold_scale_factor': 0.2511406599787831}. Best is trial 72 with value: 0.8124022263483218.
[I 2025-05-23 02:11:59,906] Trial 73 finished with value: 0.8097120190954532 and parameters: {'threshold_scale_factor': 0.20193390024732555}. Best is trial 72 with value: 0.8124022263483218.
[I 2025-05-23 02:12:00,203] Trial 74 finished with value: 0.812158678591143 and parameters: {'threshold_scale_factor': 0.26106155674595094}. Best is trial 72 with value: 0.8124022263483218.
[I 2025-05-23 02:12:00,499] Trial 75 finished with value: 0.81159058231096 and parameters: {'threshold_scale_factor': 0.22799171985655214}. Best is trial 72 with value: 0.8124022263483218.
[I 2025-05-23 02:12:00,795] Trial 76 finished with value: 0.7955955219940262 and parameters: {'threshold_scale_factor': 0.09754873146561172}. Best is trial 72 with value: 0.8124022263483218.
[I 2025-05-23 02:12:01,091] Trial 77 finished with value: 0.8121663150269784 and parameters: {'threshold_scale_factor': 0.27911730338536467}. Best is trial 72 with value: 0.8124022263483218.
[I 2025-05-23 02:12:01,386] Trial 78 finished with value: 0.8108951211902367 and parameters: {'threshold_scale_factor': 0.3370988726490246}. Best is trial 72 with value: 0.8124022263483218.
[I 2025-05-23 02:12:01,681] Trial 79 finished with value: 0.8062559864202352 and parameters: {'threshold_scale_factor': 0.16513948521726676}. Best is trial 72 with value: 0.8124022263483218.
[I 2025-05-23 02:12:01,980] Trial 80 finished with value: 0.7844705986311143 and parameters: {'threshold_scale_factor': 0.7042218059930089}. Best is trial 72 with value: 0.8124022263483218.
[I 2025-05-23 02:12:02,277] Trial 81 finished with value: 0.8124019536184706 and parameters: {'threshold_scale_factor': 0.2511072536410246}. Best is trial 72 with value: 0.8124022263483218.
[I 2025-05-23 02:12:02,574] Trial 82 finished with value: 0.8109532126485559 and parameters: {'threshold_scale_factor': 0.21289649957161944}. Best is trial 72 with value: 0.8124022263483218.
[I 2025-05-23 02:12:02,869] Trial 83 finished with value: 0.8121518603448614 and parameters: {'threshold_scale_factor': 0.28817761349066673}. Best is trial 72 with value: 0.8124022263483218.
[I 2025-05-23 02:12:03,163] Trial 84 finished with value: 0.8123105891182971 and parameters: {'threshold_scale_factor': 0.25638031361749825}. Best is trial 72 with value: 0.8124022263483218.
[I 2025-05-23 02:12:03,459] Trial 85 finished with value: 0.8124725906499479 and parameters: {'threshold_scale_factor': 0.25326046005517355}. Best is trial 85 with value: 0.8124725906499479.
[I 2025-05-23 02:12:03,850] Trial 86 finished with value: 0.808035548699733 and parameters: {'threshold_scale_factor': 0.1824900464813663}. Best is trial 85 with value: 0.8124725906499479.
[I 2025-05-23 02:12:04,147] Trial 87 finished with value: 0.8048877007564434 and parameters: {'threshold_scale_factor': 0.13625579373076963}. Best is trial 85 with value: 0.8124725906499479.
[I 2025-05-23 02:12:04,444] Trial 88 finished with value: 0.8088466472773925 and parameters: {'threshold_scale_factor': 0.3679424147578248}. Best is trial 85 with value: 0.8124725906499479.
[I 2025-05-23 02:12:04,742] Trial 89 finished with value: 0.8120373138073305 and parameters: {'threshold_scale_factor': 0.23512262707650988}. Best is trial 85 with value: 0.8124725906499479.
[I 2025-05-23 02:12:05,898] Trial 90 finished with value: 0.8113996714150751 and parameters: {'threshold_scale_factor': 0.32601235213038365}. Best is trial 85 with value: 0.8124725906499479.
[I 2025-05-23 02:12:06,230] Trial 91 finished with value: 0.8124507722618468 and parameters: {'threshold_scale_factor': 0.2521796918408072}. Best is trial 85 with value: 0.8124725906499479.
[I 2025-05-23 02:12:06,542] Trial 92 finished with value: 0.8110483953666471 and parameters: {'threshold_scale_factor': 0.21577626674121209}. Best is trial 85 with value: 0.8124725906499479.
[I 2025-05-23 02:12:07,082] Trial 93 finished with value: 0.8122505885510191 and parameters: {'threshold_scale_factor': 0.30088861416557483}. Best is trial 85 with value: 0.8124725906499479.
[I 2025-05-23 02:12:07,407] Trial 94 finished with value: 0.8123386802929773 and parameters: {'threshold_scale_factor': 0.2556874475618644}. Best is trial 85 with value: 0.8124725906499479.
[I 2025-05-23 02:12:07,932] Trial 95 finished with value: 0.8081075493804669 and parameters: {'threshold_scale_factor': 0.1835043486765795}. Best is trial 85 with value: 0.8124725906499479.
[I 2025-05-23 02:12:08,296] Trial 96 finished with value: 0.8120825869626405 and parameters: {'threshold_scale_factor': 0.26160273006247875}. Best is trial 85 with value: 0.8124725906499479.
[I 2025-05-23 02:12:08,803] Trial 97 finished with value: 0.8122816797540632 and parameters: {'threshold_scale_factor': 0.2912425046268757}. Best is trial 85 with value: 0.8124725906499479.
[I 2025-05-23 02:12:09,225] Trial 98 finished with value: 0.8061040758930812 and parameters: {'threshold_scale_factor': 0.15170286699328975}. Best is trial 85 with value: 0.8124725906499479.
