[I 2025-05-23 02:10:59,107] Trial 0 finished with value: 0.7954929755699509 and parameters: {'interp_param': 0.24036983453727812}. Best is trial 0 with value: 0.7954929755699509.
[I 2025-05-23 02:10:59,487] Trial 1 finished with value: 0.7978229066892997 and parameters: {'interp_param': 0.13461365856038987}. Best is trial 1 with value: 0.7978229066892997.
[I 2025-05-23 02:10:59,865] Trial 2 finished with value: 0.8000827462368735 and parameters: {'interp_param': 0.026016505959837954}. Best is trial 2 with value: 0.8000827462368735.
[I 2025-05-23 02:11:00,244] Trial 3 finished with value: 0.7900291057297268 and parameters: {'interp_param': 0.38964540861637764}. Best is trial 2 with value: 0.8000827462368735.
[I 2025-05-23 02:11:00,623] Trial 4 finished with value: 0.788351817144453 and parameters: {'interp_param': 0.4470294855075838}. Best is trial 2 with value: 0.8000827462368735.
[I 2025-05-23 02:11:01,002] Trial 5 finished with value: 0.767011524472595 and parameters: {'interp_param': 0.852714983514026}. Best is trial 2 with value: 0.8000827462368735.
[I 2025-05-23 02:11:01,382] Trial 6 finished with value: 0.7864527991901014 and parameters: {'interp_param': 0.5014480622651087}. Best is trial 2 with value: 0.8000827462368735.
[I 2025-05-23 02:11:01,761] Trial 7 finished with value: 0.7948365148179584 and parameters: {'interp_param': 0.2709879310948117}. Best is trial 2 with value: 0.8000827462368735.
[I 2025-05-23 02:11:02,141] Trial 8 finished with value: 0.7816036624346266 and parameters: {'interp_param': 0.5866156692003728}. Best is trial 2 with value: 0.8000827462368735.
[I 2025-05-23 02:11:02,521] Trial 9 finished with value: 0.7833128604124984 and parameters: {'interp_param': 0.5579615933808366}. Best is trial 2 with value: 0.8000827462368735.
[I 2025-05-23 02:11:02,903] Trial 10 finished with value: 0.8002924754924956 and parameters: {'interp_param': 0.004331420341168846}. Best is trial 10 with value: 0.8002924754924956.
[I 2025-05-23 02:11:03,284] Trial 11 finished with value: 0.8003320213209288 and parameters: {'interp_param': 0.0063235868007401235}. Best is trial 11 with value: 0.8003320213209288.
[I 2025-05-23 02:11:03,666] Trial 12 finished with value: 0.800390112779248 and parameters: {'interp_param': 0.009705469217808623}. Best is trial 12 with value: 0.800390112779248.
[I 2025-05-23 02:11:04,048] Trial 13 finished with value: 0.7489824449249338 and parameters: {'interp_param': 0.987797528590419}. Best is trial 12 with value: 0.800390112779248.
[I 2025-05-23 02:11:04,429] Trial 14 finished with value: 0.7972679014419772 and parameters: {'interp_param': 0.15772758992853741}. Best is trial 12 with value: 0.800390112779248.
[I 2025-05-23 02:11:04,810] Trial 15 finished with value: 0.778284267414892 and parameters: {'interp_param': 0.6697670482013309}. Best is trial 12 with value: 0.800390112779248.
[I 2025-05-23 02:11:05,192] Trial 16 finished with value: 0.7930784981967103 and parameters: {'interp_param': 0.3246970493704681}. Best is trial 12 with value: 0.800390112779248.
[I 2025-05-23 02:11:05,576] Trial 17 finished with value: 0.7981226367958387 and parameters: {'interp_param': 0.11583684187677791}. Best is trial 12 with value: 0.800390112779248.
[I 2025-05-23 02:11:05,960] Trial 18 finished with value: 0.8002755662417173 and parameters: {'interp_param': 0.003507795788871536}. Best is trial 12 with value: 0.800390112779248.
[I 2025-05-23 02:11:06,343] Trial 19 finished with value: 0.7964497118881851 and parameters: {'interp_param': 0.204289125875454}. Best is trial 12 with value: 0.800390112779248.
[I 2025-05-23 02:11:06,727] Trial 20 finished with value: 0.7732406742754658 and parameters: {'interp_param': 0.757783782922549}. Best is trial 12 with value: 0.800390112779248.
[I 2025-05-23 02:11:07,110] Trial 21 finished with value: 0.7992162834994077 and parameters: {'interp_param': 0.05932251314173727}. Best is trial 12 with value: 0.800390112779248.
[I 2025-05-23 02:11:07,491] Trial 22 finished with value: 0.7986975513223035 and parameters: {'interp_param': 0.08493692048569963}. Best is trial 12 with value: 0.800390112779248.
[I 2025-05-23 02:11:07,872] Trial 23 finished with value: 0.8003475669224509 and parameters: {'interp_param': 0.007810010548473811}. Best is trial 12 with value: 0.800390112779248.
[I 2025-05-23 02:11:08,256] Trial 24 finished with value: 0.7965615311272034 and parameters: {'interp_param': 0.1965456944456755}. Best is trial 12 with value: 0.800390112779248.
[I 2025-05-23 02:11:08,637] Trial 25 finished with value: 0.7936067759186086 and parameters: {'interp_param': 0.31008247161299146}. Best is trial 12 with value: 0.800390112779248.
[I 2025-05-23 02:11:09,020] Trial 26 finished with value: 0.7987512791030025 and parameters: {'interp_param': 0.0810059738638228}. Best is trial 12 with value: 0.800390112779248.
[I 2025-05-23 02:11:09,402] Trial 27 finished with value: 0.7977083601517687 and parameters: {'interp_param': 0.14311853630890406}. Best is trial 12 with value: 0.800390112779248.
[I 2025-05-23 02:11:09,783] Trial 28 finished with value: 0.7920418520320556 and parameters: {'interp_param': 0.3454136114348147}. Best is trial 12 with value: 0.800390112779248.
[I 2025-05-23 02:11:10,166] Trial 29 finished with value: 0.7952829735844775 and parameters: {'interp_param': 0.2509949872601681}. Best is trial 12 with value: 0.800390112779248.
[I 2025-05-23 02:11:10,548] Trial 30 finished with value: 0.795959889075315 and parameters: {'interp_param': 0.21407402277540794}. Best is trial 12 with value: 0.800390112779248.
[I 2025-05-23 02:11:10,931] Trial 31 finished with value: 0.8003726580687673 and parameters: {'interp_param': 0.010504410257874179}. Best is trial 12 with value: 0.800390112779248.
[I 2025-05-23 02:11:11,312] Trial 32 finished with value: 0.7987872794433692 and parameters: {'interp_param': 0.07666471470979937}. Best is trial 12 with value: 0.800390112779248.
[I 2025-05-23 02:11:11,696] Trial 33 finished with value: 0.8002466568774832 and parameters: {'interp_param': 0.0004443067365532535}. Best is trial 12 with value: 0.800390112779248.
[I 2025-05-23 02:11:12,080] Trial 34 finished with value: 0.7974811761856657 and parameters: {'interp_param': 0.1513502592847683}. Best is trial 12 with value: 0.800390112779248.
[I 2025-05-23 02:11:12,460] Trial 35 finished with value: 0.7992637384935276 and parameters: {'interp_param': 0.057469388392761944}. Best is trial 12 with value: 0.800390112779248.
[I 2025-05-23 02:11:12,842] Trial 36 finished with value: 0.7980135448553332 and parameters: {'interp_param': 0.12205883124215611}. Best is trial 12 with value: 0.800390112779248.
[I 2025-05-23 02:11:13,224] Trial 37 finished with value: 0.7898761042831677 and parameters: {'interp_param': 0.3995151794405705}. Best is trial 12 with value: 0.800390112779248.
[I 2025-05-23 02:11:13,608] Trial 38 finished with value: 0.7992522838397744 and parameters: {'interp_param': 0.05803001389809014}. Best is trial 12 with value: 0.800390112779248.
[I 2025-05-23 02:11:13,990] Trial 39 finished with value: 0.7969542621130236 and parameters: {'interp_param': 0.16755472326353446}. Best is trial 12 with value: 0.800390112779248.
[I 2025-05-23 02:11:14,373] Trial 40 finished with value: 0.800052200493532 and parameters: {'interp_param': 0.0291186740730343}. Best is trial 12 with value: 0.800390112779248.
[I 2025-05-23 02:11:14,755] Trial 41 finished with value: 0.8002444750386731 and parameters: {'interp_param': 0.0016110670364138744}. Best is trial 12 with value: 0.800390112779248.
[I 2025-05-23 02:11:15,138] Trial 42 finished with value: 0.7980075447986054 and parameters: {'interp_param': 0.12212120550414673}. Best is trial 12 with value: 0.800390112779248.
[I 2025-05-23 02:11:15,657] Trial 43 finished with value: 0.7997562886049105 and parameters: {'interp_param': 0.04225196363192923}. Best is trial 12 with value: 0.800390112779248.
[I 2025-05-23 02:11:16,040] Trial 44 finished with value: 0.7986798238819712 and parameters: {'interp_param': 0.08618531453008071}. Best is trial 12 with value: 0.800390112779248.
[I 2025-05-23 02:11:16,421] Trial 45 finished with value: 0.8002911118432393 and parameters: {'interp_param': 0.004261675345706033}. Best is trial 12 with value: 0.800390112779248.
[I 2025-05-23 02:11:16,803] Trial 46 finished with value: 0.7542810404752918 and parameters: {'interp_param': 0.966888432900671}. Best is trial 12 with value: 0.800390112779248.
[I 2025-05-23 02:11:17,185] Trial 47 finished with value: 0.7983839119933498 and parameters: {'interp_param': 0.09704903459667905}. Best is trial 12 with value: 0.800390112779248.
[I 2025-05-23 02:11:17,568] Trial 48 finished with value: 0.7955131575789443 and parameters: {'interp_param': 0.2394777284710431}. Best is trial 12 with value: 0.800390112779248.
[I 2025-05-23 02:11:17,950] Trial 49 finished with value: 0.7875641733340024 and parameters: {'interp_param': 0.47620788952283655}. Best is trial 12 with value: 0.800390112779248.
[I 2025-05-23 02:11:18,333] Trial 50 finished with value: 0.7969725350130583 and parameters: {'interp_param': 0.16675747714775185}. Best is trial 12 with value: 0.800390112779248.
[I 2025-05-23 02:11:18,715] Trial 51 finished with value: 0.8002894754641316 and parameters: {'interp_param': 0.004900945406052116}. Best is trial 12 with value: 0.800390112779248.
[I 2025-05-23 02:11:19,097] Trial 52 finished with value: 0.7999537450172256 and parameters: {'interp_param': 0.03582142001918682}. Best is trial 12 with value: 0.800390112779248.
[I 2025-05-23 02:11:19,482] Trial 53 finished with value: 0.7998495622140428 and parameters: {'interp_param': 0.040393107567054}. Best is trial 12 with value: 0.800390112779248.
[I 2025-05-23 02:11:19,865] Trial 54 finished with value: 0.7981760918466866 and parameters: {'interp_param': 0.11081813656136502}. Best is trial 12 with value: 0.800390112779248.
[I 2025-05-23 02:11:20,246] Trial 55 finished with value: 0.8002491114461446 and parameters: {'interp_param': 0.002015548667005272}. Best is trial 12 with value: 0.800390112779248.
[I 2025-05-23 02:11:20,629] Trial 56 finished with value: 0.7800073746151782 and parameters: {'interp_param': 0.6407178322326663}. Best is trial 12 with value: 0.800390112779248.
[I 2025-05-23 02:11:21,012] Trial 57 finished with value: 0.7992522838397744 and parameters: {'interp_param': 0.05802996938620397}. Best is trial 12 with value: 0.800390112779248.
[I 2025-05-23 02:11:21,394] Trial 58 finished with value: 0.7965969860078677 and parameters: {'interp_param': 0.18058359320765016}. Best is trial 12 with value: 0.800390112779248.
[I 2025-05-23 02:11:21,778] Trial 59 finished with value: 0.7733464934577563 and parameters: {'interp_param': 0.7568937635354984}. Best is trial 12 with value: 0.800390112779248.
[I 2025-05-23 02:11:22,161] Trial 60 finished with value: 0.7944604203530652 and parameters: {'interp_param': 0.2815672042275361}. Best is trial 12 with value: 0.800390112779248.
[I 2025-05-23 02:11:22,543] Trial 61 finished with value: 0.8000636551472851 and parameters: {'interp_param': 0.027350257083695907}. Best is trial 12 with value: 0.800390112779248.
[I 2025-05-23 02:11:22,926] Trial 62 finished with value: 0.8002373840625402 and parameters: {'interp_param': 0.00097352295766463}. Best is trial 12 with value: 0.800390112779248.
[I 2025-05-23 02:11:23,307] Trial 63 finished with value: 0.7987095514357591 and parameters: {'interp_param': 0.08417802600267148}. Best is trial 12 with value: 0.800390112779248.
[I 2025-05-23 02:11:23,690] Trial 64 finished with value: 0.7978818163371726 and parameters: {'interp_param': 0.1274169622593541}. Best is trial 12 with value: 0.800390112779248.
[I 2025-05-23 02:11:24,072] Trial 65 finished with value: 0.7999346539276371 and parameters: {'interp_param': 0.036344385531156126}. Best is trial 12 with value: 0.800390112779248.
[I 2025-05-23 02:11:24,455] Trial 66 finished with value: 0.798809643291173 and parameters: {'interp_param': 0.07560988277174185}. Best is trial 12 with value: 0.800390112779248.
[I 2025-05-23 02:11:24,837] Trial 67 finished with value: 0.7983350933499735 and parameters: {'interp_param': 0.09940684057376187}. Best is trial 12 with value: 0.800390112779248.
[I 2025-05-23 02:11:25,220] Trial 68 finished with value: 0.7838485018403811 and parameters: {'interp_param': 0.5497997747361364}. Best is trial 12 with value: 0.800390112779248.
[I 2025-05-23 02:11:25,602] Trial 69 finished with value: 0.7978229066892997 and parameters: {'interp_param': 0.14097372821840287}. Best is trial 12 with value: 0.800390112779248.
[I 2025-05-23 02:11:25,984] Trial 70 finished with value: 0.8002616570193027 and parameters: {'interp_param': 0.01854322956709742}. Best is trial 12 with value: 0.800390112779248.
[I 2025-05-23 02:11:26,367] Trial 71 finished with value: 0.7991778285903794 and parameters: {'interp_param': 0.06199666588036981}. Best is trial 12 with value: 0.800390112779248.
[I 2025-05-23 02:11:26,751] Trial 72 finished with value: 0.8001896563385691 and parameters: {'interp_param': 0.022946695951493384}. Best is trial 12 with value: 0.800390112779248.
[I 2025-05-23 02:11:27,135] Trial 73 finished with value: 0.7992274654233095 and parameters: {'interp_param': 0.058727316976452996}. Best is trial 12 with value: 0.800390112779248.
[I 2025-05-23 02:11:27,518] Trial 74 finished with value: 0.800243384119268 and parameters: {'interp_param': 0.0013122783097774728}. Best is trial 12 with value: 0.800390112779248.
[I 2025-05-23 02:11:27,901] Trial 75 finished with value: 0.798266365427455 and parameters: {'interp_param': 0.10611063653576093}. Best is trial 12 with value: 0.800390112779248.
[I 2025-05-23 02:11:28,283] Trial 76 finished with value: 0.7997055608525754 and parameters: {'interp_param': 0.04380904278594676}. Best is trial 12 with value: 0.800390112779248.
[I 2025-05-23 02:11:28,665] Trial 77 finished with value: 0.7987567337000276 and parameters: {'interp_param': 0.08054765131847327}. Best is trial 12 with value: 0.800390112779248.
[I 2025-05-23 02:11:29,047] Trial 78 finished with value: 0.795951707179777 and parameters: {'interp_param': 0.2144824673884355}. Best is trial 12 with value: 0.800390112779248.
[I 2025-05-23 02:11:29,429] Trial 79 finished with value: 0.8002433841192682 and parameters: {'interp_param': 0.0009203723158922386}. Best is trial 12 with value: 0.800390112779248.
[I 2025-05-23 02:11:30,193] Trial 80 finished with value: 0.8000775643696995 and parameters: {'interp_param': 0.02642257510180511}. Best is trial 12 with value: 0.800390112779248.
[I 2025-05-23 02:11:30,577] Trial 81 finished with value: 0.8002365658729864 and parameters: {'interp_param': 0.01977940192151062}. Best is trial 12 with value: 0.800390112779248.
[I 2025-05-23 02:11:30,960] Trial 82 finished with value: 0.7992108289023825 and parameters: {'interp_param': 0.06056921733146228}. Best is trial 12 with value: 0.800390112779248.
[I 2025-05-23 02:11:31,339] Trial 83 finished with value: 0.8001880199594613 and parameters: {'interp_param': 0.023276428264230407}. Best is trial 12 with value: 0.800390112779248.
[I 2025-05-23 02:11:31,722] Trial 84 finished with value: 0.7977991791922396 and parameters: {'interp_param': 0.13286816164247414}. Best is trial 12 with value: 0.800390112779248.
[I 2025-05-23 02:11:32,109] Trial 85 finished with value: 0.7982846383274895 and parameters: {'interp_param': 0.10194561752811167}. Best is trial 12 with value: 0.800390112779248.
[I 2025-05-23 02:11:32,492] Trial 86 finished with value: 0.7995010134641273 and parameters: {'interp_param': 0.05022120522335621}. Best is trial 12 with value: 0.800390112779248.
[I 2025-05-23 02:11:32,874] Trial 87 finished with value: 0.7904684735201133 and parameters: {'interp_param': 0.3776288158625412}. Best is trial 12 with value: 0.800390112779248.
[I 2025-05-23 02:11:33,255] Trial 88 finished with value: 0.7988838258107167 and parameters: {'interp_param': 0.07294723289916123}. Best is trial 12 with value: 0.800390112779248.
[I 2025-05-23 02:11:33,639] Trial 89 finished with value: 0.8000835644264273 and parameters: {'interp_param': 0.02597721092416192}. Best is trial 12 with value: 0.800390112779248.
[I 2025-05-23 02:11:34,022] Trial 90 finished with value: 0.7975749952545006 and parameters: {'interp_param': 0.14787049493525714}. Best is trial 12 with value: 0.800390112779248.
[I 2025-05-23 02:11:34,404] Trial 91 finished with value: 0.8003652943627831 and parameters: {'interp_param': 0.01083329333482784}. Best is trial 12 with value: 0.800390112779248.
[I 2025-05-23 02:11:34,787] Trial 92 finished with value: 0.8002472023371857 and parameters: {'interp_param': 0.00010014552866847732}. Best is trial 12 with value: 0.800390112779248.
[I 2025-05-23 02:11:35,169] Trial 93 finished with value: 0.7996275601151137 and parameters: {'interp_param': 0.046347588161384214}. Best is trial 12 with value: 0.800390112779248.
[I 2025-05-23 02:11:35,551] Trial 94 finished with value: 0.8002131111057778 and parameters: {'interp_param': 0.021409135595545997}. Best is trial 12 with value: 0.800390112779248.
[I 2025-05-23 02:11:35,933] Trial 95 finished with value: 0.798709551435759 and parameters: {'interp_param': 0.08459372364316509}. Best is trial 12 with value: 0.800390112779248.
[I 2025-05-23 02:11:36,315] Trial 96 finished with value: 0.79807545453157 and parameters: {'interp_param': 0.11780391117171857}. Best is trial 12 with value: 0.800390112779248.
[I 2025-05-23 02:11:36,698] Trial 97 finished with value: 0.7997251974018663 and parameters: {'interp_param': 0.043141788330167095}. Best is trial 12 with value: 0.800390112779248.
[I 2025-05-23 02:11:37,081] Trial 98 finished with value: 0.8002172020535467 and parameters: {'interp_param': 0.021112862576100396}. Best is trial 12 with value: 0.800390112779248.
