[I 2025-05-15 03:12:11,807] Trial 0 finished with value: 0.5419813197869541 and parameters: {'interp_param': 0.8438883539825045}. Best is trial 0 with value: 0.5419813197869541.
[I 2025-05-15 03:12:19,273] Trial 1 finished with value: 0.5383541810608672 and parameters: {'interp_param': 0.6645217095678077}. Best is trial 0 with value: 0.5419813197869541.
[I 2025-05-15 03:12:26,754] Trial 2 finished with value: 0.5424766599356923 and parameters: {'interp_param': 0.8810283089364329}. Best is trial 2 with value: 0.5424766599356923.
[I 2025-05-15 03:12:34,216] Trial 3 finished with value: 0.5334324493945641 and parameters: {'interp_param': 0.46044124858244984}. Best is trial 2 with value: 0.5424766599356923.
[I 2025-05-15 03:12:41,802] Trial 4 finished with value: 0.5416697056899015 and parameters: {'interp_param': 0.8236552369361407}. Best is trial 2 with value: 0.5424766599356923.
[I 2025-05-15 03:12:49,276] Trial 5 finished with value: 0.5312599990149793 and parameters: {'interp_param': 0.37299236634099364}. Best is trial 2 with value: 0.5424766599356923.
[I 2025-05-15 03:12:56,740] Trial 6 finished with value: 0.5268806957060135 and parameters: {'interp_param': 0.13604314233241765}. Best is trial 2 with value: 0.5424766599356923.
[I 2025-05-15 03:13:04,215] Trial 7 finished with value: 0.5421429954477974 and parameters: {'interp_param': 0.8562944153470344}. Best is trial 2 with value: 0.5424766599356923.
[I 2025-05-15 03:13:11,668] Trial 8 finished with value: 0.5298129262852761 and parameters: {'interp_param': 0.29988557115350944}. Best is trial 2 with value: 0.5424766599356923.
[I 2025-05-15 03:13:19,125] Trial 9 finished with value: 0.5266772720556677 and parameters: {'interp_param': 0.1223776786359243}. Best is trial 2 with value: 0.5424766599356923.
[I 2025-05-15 03:13:26,585] Trial 10 finished with value: 0.537573124415144 and parameters: {'interp_param': 0.6319044683820793}. Best is trial 2 with value: 0.5424766599356923.
[I 2025-05-15 03:13:34,031] Trial 11 finished with value: 0.5433223226786933 and parameters: {'interp_param': 0.9781428667735416}. Best is trial 11 with value: 0.5433223226786933.
[I 2025-05-15 03:13:41,477] Trial 12 finished with value: 0.5430947983873805 and parameters: {'interp_param': 0.9939933081074146}. Best is trial 11 with value: 0.5433223226786933.
[I 2025-05-15 03:13:48,924] Trial 13 finished with value: 0.5430954569440437 and parameters: {'interp_param': 0.993884756061041}. Best is trial 11 with value: 0.5433223226786933.
[I 2025-05-15 03:13:56,382] Trial 14 finished with value: 0.5432694706921177 and parameters: {'interp_param': 0.9826390702736065}. Best is trial 11 with value: 0.5433223226786933.
[I 2025-05-15 03:14:03,817] Trial 15 finished with value: 0.538056002645484 and parameters: {'interp_param': 0.6530026053400879}. Best is trial 11 with value: 0.5433223226786933.
[I 2025-05-15 03:14:11,250] Trial 16 finished with value: 0.5397995848841545 and parameters: {'interp_param': 0.7173760104332415}. Best is trial 11 with value: 0.5433223226786933.
[I 2025-05-15 03:14:18,679] Trial 17 finished with value: 0.5346208036361334 and parameters: {'interp_param': 0.5125211936598848}. Best is trial 11 with value: 0.5433223226786933.
[I 2025-05-15 03:14:26,273] Trial 18 finished with value: 0.54055847434373 and parameters: {'interp_param': 0.7615753368114182}. Best is trial 11 with value: 0.5433223226786933.
[I 2025-05-15 03:14:33,738] Trial 19 finished with value: 0.5432158278746773 and parameters: {'interp_param': 0.9339064287116587}. Best is trial 11 with value: 0.5433223226786933.
[I 2025-05-15 03:14:41,191] Trial 20 finished with value: 0.5405725699892351 and parameters: {'interp_param': 0.7625892371699912}. Best is trial 11 with value: 0.5433223226786933.
[I 2025-05-15 03:14:48,663] Trial 21 finished with value: 0.5432186126687728 and parameters: {'interp_param': 0.9356122902821921}. Best is trial 11 with value: 0.5433223226786933.
[I 2025-05-15 03:14:56,125] Trial 22 finished with value: 0.5432157462586804 and parameters: {'interp_param': 0.9342220229870584}. Best is trial 11 with value: 0.5433223226786933.
[I 2025-05-15 03:15:03,552] Trial 23 finished with value: 0.5431622737090953 and parameters: {'interp_param': 0.9894265973129787}. Best is trial 11 with value: 0.5433223226786933.
[I 2025-05-15 03:15:10,995] Trial 24 finished with value: 0.5427579621329919 and parameters: {'interp_param': 0.9007300275671825}. Best is trial 11 with value: 0.5433223226786933.
[I 2025-05-15 03:15:18,451] Trial 25 finished with value: 0.5351987645026701 and parameters: {'interp_param': 0.5382607625636008}. Best is trial 11 with value: 0.5433223226786933.
[I 2025-05-15 03:15:25,953] Trial 26 finished with value: 0.5410904375602446 and parameters: {'interp_param': 0.7881483380106858}. Best is trial 11 with value: 0.5433223226786933.
[I 2025-05-15 03:15:33,406] Trial 27 finished with value: 0.5254624109084001 and parameters: {'interp_param': 0.03991593354834477}. Best is trial 11 with value: 0.5433223226786933.
[I 2025-05-15 03:15:40,891] Trial 28 finished with value: 0.5431949032217211 and parameters: {'interp_param': 0.9270477014422603}. Best is trial 11 with value: 0.5433223226786933.
[I 2025-05-15 03:15:48,361] Trial 29 finished with value: 0.5419023478670785 and parameters: {'interp_param': 0.8377231116027197}. Best is trial 11 with value: 0.5433223226786933.
[I 2025-05-15 03:15:55,814] Trial 30 finished with value: 0.5359578073440325 and parameters: {'interp_param': 0.5694051070244861}. Best is trial 11 with value: 0.5433223226786933.
[I 2025-05-15 03:16:03,265] Trial 31 finished with value: 0.5432184212933321 and parameters: {'interp_param': 0.9374013971596851}. Best is trial 11 with value: 0.5433223226786933.
[I 2025-05-15 03:16:10,704] Trial 32 finished with value: 0.5432147401304448 and parameters: {'interp_param': 0.9417194748983643}. Best is trial 11 with value: 0.5433223226786933.
[I 2025-05-15 03:16:18,314] Trial 33 finished with value: 0.542444316079055 and parameters: {'interp_param': 0.8777604134237138}. Best is trial 11 with value: 0.5433223226786933.
[I 2025-05-15 03:16:25,774] Trial 34 finished with value: 0.5398818200367271 and parameters: {'interp_param': 0.7204906629278466}. Best is trial 11 with value: 0.5433223226786933.
[I 2025-05-15 03:16:33,222] Trial 35 finished with value: 0.5415837499736156 and parameters: {'interp_param': 0.8170733178041754}. Best is trial 11 with value: 0.5433223226786933.
[I 2025-05-15 03:16:40,692] Trial 36 finished with value: 0.5424889009280301 and parameters: {'interp_param': 0.8826743979352614}. Best is trial 11 with value: 0.5433223226786933.
[I 2025-05-15 03:16:48,128] Trial 37 finished with value: 0.5329444673500834 and parameters: {'interp_param': 0.44105462769884596}. Best is trial 11 with value: 0.5433223226786933.
[I 2025-05-15 03:16:55,576] Trial 38 finished with value: 0.5433317014824561 and parameters: {'interp_param': 0.959234366074416}. Best is trial 38 with value: 0.5433317014824561.
[I 2025-05-15 03:17:03,038] Trial 39 finished with value: 0.5394714773198996 and parameters: {'interp_param': 0.7050744022966117}. Best is trial 38 with value: 0.5433317014824561.
[I 2025-05-15 03:17:10,488] Trial 40 finished with value: 0.5303359103349774 and parameters: {'interp_param': 0.3253550357142646}. Best is trial 38 with value: 0.5433317014824561.
[I 2025-05-15 03:17:17,950] Trial 41 finished with value: 0.5433467230473725 and parameters: {'interp_param': 0.9611680731240491}. Best is trial 41 with value: 0.5433467230473725.
[I 2025-05-15 03:17:25,414] Trial 42 finished with value: 0.5430357055913994 and parameters: {'interp_param': 0.9986901975352873}. Best is trial 41 with value: 0.5433467230473725.
[I 2025-05-15 03:17:32,880] Trial 43 finished with value: 0.5420526901617545 and parameters: {'interp_param': 0.8489823826119425}. Best is trial 41 with value: 0.5433467230473725.
[I 2025-05-15 03:17:40,361] Trial 44 finished with value: 0.5433436399327372 and parameters: {'interp_param': 0.9604143950150367}. Best is trial 41 with value: 0.5433467230473725.
[I 2025-05-15 03:17:47,806] Trial 45 finished with value: 0.5414967051059248 and parameters: {'interp_param': 0.8101469269011016}. Best is trial 41 with value: 0.5433467230473725.
[I 2025-05-15 03:17:55,269] Trial 46 finished with value: 0.5433559442478312 and parameters: {'interp_param': 0.9639797434796934}. Best is trial 46 with value: 0.5433559442478312.
[I 2025-05-15 03:18:02,725] Trial 47 finished with value: 0.5425319871384446 and parameters: {'interp_param': 0.8869657439625664}. Best is trial 46 with value: 0.5433559442478312.
[I 2025-05-15 03:18:10,363] Trial 48 finished with value: 0.5283476053444407 and parameters: {'interp_param': 0.22511080553126872}. Best is trial 46 with value: 0.5433559442478312.
[I 2025-05-15 03:18:17,833] Trial 49 finished with value: 0.5433518338973748 and parameters: {'interp_param': 0.9647462956212867}. Best is trial 46 with value: 0.5433559442478312.
[I 2025-05-15 03:18:25,292] Trial 50 finished with value: 0.5372890261663699 and parameters: {'interp_param': 0.6196467989849523}. Best is trial 46 with value: 0.5433559442478312.
[I 2025-05-15 03:18:32,744] Trial 51 finished with value: 0.5432747377382519 and parameters: {'interp_param': 0.9526885058699559}. Best is trial 46 with value: 0.5433559442478312.
[I 2025-05-15 03:18:40,203] Trial 52 finished with value: 0.5426605689197841 and parameters: {'interp_param': 0.8953762008992552}. Best is trial 46 with value: 0.5433559442478312.
[I 2025-05-15 03:18:47,650] Trial 53 finished with value: 0.543298496436336 and parameters: {'interp_param': 0.9809408104044472}. Best is trial 46 with value: 0.5433559442478312.
[I 2025-05-15 03:18:55,105] Trial 54 finished with value: 0.5433530398440853 and parameters: {'interp_param': 0.970388648750337}. Best is trial 46 with value: 0.5433559442478312.
[I 2025-05-15 03:19:02,565] Trial 55 finished with value: 0.5422170915154543 and parameters: {'interp_param': 0.8609559052497284}. Best is trial 46 with value: 0.5433559442478312.
[I 2025-05-15 03:19:09,998] Trial 56 finished with value: 0.542937805796143 and parameters: {'interp_param': 0.91075145061479}. Best is trial 46 with value: 0.5433559442478312.
[I 2025-05-15 03:19:17,456] Trial 57 finished with value: 0.5432964138212468 and parameters: {'interp_param': 0.9542752370356056}. Best is trial 46 with value: 0.5433559442478312.
[I 2025-05-15 03:19:24,902] Trial 58 finished with value: 0.541133712331755 and parameters: {'interp_param': 0.7903432550450378}. Best is trial 46 with value: 0.5433559442478312.
[I 2025-05-15 03:19:32,354] Trial 59 finished with value: 0.5433538363036396 and parameters: {'interp_param': 0.9627737972423981}. Best is trial 46 with value: 0.5433559442478312.
[I 2025-05-15 03:19:39,810] Trial 60 finished with value: 0.5421036002504767 and parameters: {'interp_param': 0.853228859458316}. Best is trial 46 with value: 0.5433559442478312.
[I 2025-05-15 03:19:47,272] Trial 61 finished with value: 0.5433523995806626 and parameters: {'interp_param': 0.9667957736017778}. Best is trial 46 with value: 0.5433559442478312.
[I 2025-05-15 03:19:54,743] Trial 62 finished with value: 0.5430465844408953 and parameters: {'interp_param': 0.9981697488350357}. Best is trial 46 with value: 0.5433559442478312.
[I 2025-05-15 03:20:02,328] Trial 63 finished with value: 0.542688868563066 and parameters: {'interp_param': 0.8969837505707939}. Best is trial 46 with value: 0.5433559442478312.
[I 2025-05-15 03:20:09,790] Trial 64 finished with value: 0.5433281849587346 and parameters: {'interp_param': 0.958725537406277}. Best is trial 46 with value: 0.5433559442478312.
[I 2025-05-15 03:20:17,243] Trial 65 finished with value: 0.5429906141603754 and parameters: {'interp_param': 0.9133200328199689}. Best is trial 46 with value: 0.5433559442478312.
[I 2025-05-15 03:20:24,628] Trial 66 finished with value: 0.543337168347065 and parameters: {'interp_param': 0.9598348458584411}. Best is trial 46 with value: 0.5433559442478312.
[I 2025-05-15 03:20:32,089] Trial 67 finished with value: 0.5430817257561792 and parameters: {'interp_param': 0.9183435090996445}. Best is trial 46 with value: 0.5433559442478312.
[I 2025-05-15 03:20:39,548] Trial 68 finished with value: 0.5405502747504028 and parameters: {'interp_param': 0.7609400120680601}. Best is trial 46 with value: 0.5433559442478312.
[I 2025-05-15 03:20:46,994] Trial 69 finished with value: 0.542316992309803 and parameters: {'interp_param': 0.8673940447712777}. Best is trial 46 with value: 0.5433559442478312.
[I 2025-05-15 03:20:54,436] Trial 70 finished with value: 0.5416394120833891 and parameters: {'interp_param': 0.8215059001098902}. Best is trial 46 with value: 0.5433559442478312.
[I 2025-05-15 03:21:01,869] Trial 71 finished with value: 0.5433176241301916 and parameters: {'interp_param': 0.9574836373255192}. Best is trial 46 with value: 0.5433559442478312.
[I 2025-05-15 03:21:09,313] Trial 72 finished with value: 0.5433258828247578 and parameters: {'interp_param': 0.9772845696331947}. Best is trial 46 with value: 0.5433559442478312.
[I 2025-05-15 03:21:16,762] Trial 73 finished with value: 0.5431136727902117 and parameters: {'interp_param': 0.9206352954862141}. Best is trial 46 with value: 0.5433559442478312.
[I 2025-05-15 03:21:24,217] Trial 74 finished with value: 0.5433491433838273 and parameters: {'interp_param': 0.9712815317001079}. Best is trial 46 with value: 0.5433559442478312.
[I 2025-05-15 03:21:31,678] Trial 75 finished with value: 0.5433374779249835 and parameters: {'interp_param': 0.9761793637389564}. Best is trial 46 with value: 0.5433559442478312.
[I 2025-05-15 03:21:39,125] Trial 76 finished with value: 0.5431492067065835 and parameters: {'interp_param': 0.9232526081943435}. Best is trial 46 with value: 0.5433559442478312.
[I 2025-05-15 03:21:46,728] Trial 77 finished with value: 0.5430959578974031 and parameters: {'interp_param': 0.9938037923511708}. Best is trial 46 with value: 0.5433559442478312.
[I 2025-05-15 03:21:54,173] Trial 78 finished with value: 0.5424444483532566 and parameters: {'interp_param': 0.8777838180940666}. Best is trial 46 with value: 0.5433559442478312.
[I 2025-05-15 03:22:01,639] Trial 79 finished with value: 0.5419388048885168 and parameters: {'interp_param': 0.8405042769672976}. Best is trial 46 with value: 0.5433559442478312.
[I 2025-05-15 03:22:09,116] Trial 80 finished with value: 0.5432210076761252 and parameters: {'interp_param': 0.9360261849360785}. Best is trial 46 with value: 0.5433559442478312.
[I 2025-05-15 03:22:16,593] Trial 81 finished with value: 0.5433411520520091 and parameters: {'interp_param': 0.9752617017427953}. Best is trial 46 with value: 0.5433559442478312.
[I 2025-05-15 03:22:24,061] Trial 82 finished with value: 0.5429760358547517 and parameters: {'interp_param': 0.999880098455577}. Best is trial 46 with value: 0.5433559442478312.
[I 2025-05-15 03:22:31,509] Trial 83 finished with value: 0.5433553082059256 and parameters: {'interp_param': 0.9692459679726095}. Best is trial 46 with value: 0.5433559442478312.
[I 2025-05-15 03:22:38,949] Trial 84 finished with value: 0.5427533339431081 and parameters: {'interp_param': 0.9004796061280721}. Best is trial 46 with value: 0.5433559442478312.
[I 2025-05-15 03:22:46,415] Trial 85 finished with value: 0.5323628604999684 and parameters: {'interp_param': 0.41865690126204513}. Best is trial 46 with value: 0.5433559442478312.
[I 2025-05-15 03:22:53,866] Trial 86 finished with value: 0.5432149638708498 and parameters: {'interp_param': 0.9401125158597062}. Best is trial 46 with value: 0.5433559442478312.
[I 2025-05-15 03:23:01,322] Trial 87 finished with value: 0.5433540516010104 and parameters: {'interp_param': 0.9689277555512021}. Best is trial 46 with value: 0.5433559442478312.
[I 2025-05-15 03:23:08,790] Trial 88 finished with value: 0.5423217063372007 and parameters: {'interp_param': 0.86772613894881}. Best is trial 46 with value: 0.5433559442478312.
[I 2025-05-15 03:23:16,234] Trial 89 finished with value: 0.524915571065722 and parameters: {'interp_param': 0.0043615695092890094}. Best is trial 46 with value: 0.5433559442478312.
[I 2025-05-15 03:23:23,685] Trial 90 finished with value: 0.5428083951902849 and parameters: {'interp_param': 0.9040378376392525}. Best is trial 46 with value: 0.5433559442478312.
[I 2025-05-15 03:23:31,146] Trial 91 finished with value: 0.5433494529617461 and parameters: {'interp_param': 0.9661852244283715}. Best is trial 46 with value: 0.5433559442478312.
[I 2025-05-15 03:23:38,790] Trial 92 finished with value: 0.5433551477882768 and parameters: {'interp_param': 0.9692279142516327}. Best is trial 46 with value: 0.5433559442478312.
[I 2025-05-15 03:23:46,260] Trial 93 finished with value: 0.5432192895186767 and parameters: {'interp_param': 0.932392890606478}. Best is trial 46 with value: 0.5433559442478312.
[I 2025-05-15 03:23:53,737] Trial 94 finished with value: 0.5432880045592384 and parameters: {'interp_param': 0.9815709092017895}. Best is trial 46 with value: 0.5433559442478312.
[I 2025-05-15 03:24:01,194] Trial 95 finished with value: 0.5433559808343125 and parameters: {'interp_param': 0.9696021961555384}. Best is trial 95 with value: 0.5433559808343125.
[I 2025-05-15 03:24:08,663] Trial 96 finished with value: 0.5432168311885681 and parameters: {'interp_param': 0.942573386157631}. Best is trial 95 with value: 0.5433559808343125.
[I 2025-05-15 03:24:16,125] Trial 97 finished with value: 0.5280967599856469 and parameters: {'interp_param': 0.21115725074442415}. Best is trial 95 with value: 0.5433559808343125.
[I 2025-05-15 03:24:23,571] Trial 98 finished with value: 0.5426563825820205 and parameters: {'interp_param': 0.8951062682194098}. Best is trial 95 with value: 0.5433559808343125.
