[I 2025-05-15 03:12:12,148] Trial 0 finished with value: 0.526307443238185 and parameters: {'interp_param': 0.15533652376979412}. Best is trial 0 with value: 0.526307443238185.
[I 2025-05-15 03:12:19,577] Trial 1 finished with value: 0.527434212581528 and parameters: {'interp_param': 0.21962063807630217}. Best is trial 1 with value: 0.527434212581528.
[I 2025-05-15 03:12:27,005] Trial 2 finished with value: 0.5321212729281146 and parameters: {'interp_param': 0.9911719751891613}. Best is trial 2 with value: 0.5321212729281146.
[I 2025-05-15 03:12:34,448] Trial 3 finished with value: 0.5283993681796115 and parameters: {'interp_param': 0.2851401337019259}. Best is trial 2 with value: 0.5321212729281146.
[I 2025-05-15 03:12:42,032] Trial 4 finished with value: 0.527802341534803 and parameters: {'interp_param': 0.2419186797287084}. Best is trial 2 with value: 0.5321212729281146.
[I 2025-05-15 03:12:49,454] Trial 5 finished with value: 0.5349539896854266 and parameters: {'interp_param': 0.7504385296830668}. Best is trial 5 with value: 0.5349539896854266.
[I 2025-05-15 03:12:56,886] Trial 6 finished with value: 0.5318356338256092 and parameters: {'interp_param': 0.5382633742939475}. Best is trial 5 with value: 0.5349539896854266.
[I 2025-05-15 03:13:04,301] Trial 7 finished with value: 0.527731405976261 and parameters: {'interp_param': 0.237069739113541}. Best is trial 5 with value: 0.5349539896854266.
[I 2025-05-15 03:13:11,755] Trial 8 finished with value: 0.5330790844936643 and parameters: {'interp_param': 0.6168260304819578}. Best is trial 5 with value: 0.5349539896854266.
[I 2025-05-15 03:13:19,194] Trial 9 finished with value: 0.5335356584511254 and parameters: {'interp_param': 0.6432202656274233}. Best is trial 5 with value: 0.5349539896854266.
[I 2025-05-15 03:13:26,631] Trial 10 finished with value: 0.5346570622462692 and parameters: {'interp_param': 0.8827570637324432}. Best is trial 5 with value: 0.5349539896854266.
[I 2025-05-15 03:13:34,066] Trial 11 finished with value: 0.5340563853963651 and parameters: {'interp_param': 0.9166460074630106}. Best is trial 5 with value: 0.5349539896854266.
[I 2025-05-15 03:13:41,516] Trial 12 finished with value: 0.5354625825834278 and parameters: {'interp_param': 0.7896181094316342}. Best is trial 12 with value: 0.5354625825834278.
[I 2025-05-15 03:13:48,936] Trial 13 finished with value: 0.5352112911509966 and parameters: {'interp_param': 0.7712756639763454}. Best is trial 12 with value: 0.5354625825834278.
[I 2025-05-15 03:13:56,367] Trial 14 finished with value: 0.5352591870765291 and parameters: {'interp_param': 0.7742176354008409}. Best is trial 12 with value: 0.5354625825834278.
[I 2025-05-15 03:14:03,793] Trial 15 finished with value: 0.5298610375081793 and parameters: {'interp_param': 0.4072410919001192}. Best is trial 12 with value: 0.5354625825834278.
[I 2025-05-15 03:14:11,250] Trial 16 finished with value: 0.5237170781473168 and parameters: {'interp_param': 0.015302815321653784}. Best is trial 12 with value: 0.5354625825834278.
[I 2025-05-15 03:14:18,686] Trial 17 finished with value: 0.5350149272843684 and parameters: {'interp_param': 0.7562007526315344}. Best is trial 12 with value: 0.5354625825834278.
[I 2025-05-15 03:14:26,273] Trial 18 finished with value: 0.5303507785181069 and parameters: {'interp_param': 0.44509584534165136}. Best is trial 12 with value: 0.5354625825834278.
[I 2025-05-15 03:14:33,706] Trial 19 finished with value: 0.5351239564058003 and parameters: {'interp_param': 0.8583898277951413}. Best is trial 12 with value: 0.5354625825834278.
[I 2025-05-15 03:14:41,140] Trial 20 finished with value: 0.5335540783372852 and parameters: {'interp_param': 0.6444273225803216}. Best is trial 12 with value: 0.5354625825834278.
[I 2025-05-15 03:14:48,577] Trial 21 finished with value: 0.5352579065496837 and parameters: {'interp_param': 0.7741398117210392}. Best is trial 12 with value: 0.5354625825834278.
[I 2025-05-15 03:14:56,014] Trial 22 finished with value: 0.5355483370740666 and parameters: {'interp_param': 0.800098433094433}. Best is trial 22 with value: 0.5355483370740666.
[I 2025-05-15 03:15:03,468] Trial 23 finished with value: 0.5322254810770498 and parameters: {'interp_param': 0.9892772713769145}. Best is trial 22 with value: 0.5355483370740666.
[I 2025-05-15 03:15:10,901] Trial 24 finished with value: 0.5354528055498878 and parameters: {'interp_param': 0.8361805203947987}. Best is trial 22 with value: 0.5355483370740666.
[I 2025-05-15 03:15:18,329] Trial 25 finished with value: 0.5322828092788945 and parameters: {'interp_param': 0.5718035289139616}. Best is trial 22 with value: 0.5355483370740666.
[I 2025-05-15 03:15:25,712] Trial 26 finished with value: 0.534388943846787 and parameters: {'interp_param': 0.7090390377674695}. Best is trial 22 with value: 0.5355483370740666.
[I 2025-05-15 03:15:33,147] Trial 27 finished with value: 0.5340567076388352 and parameters: {'interp_param': 0.916619350853977}. Best is trial 22 with value: 0.5355483370740666.
[I 2025-05-15 03:15:40,559] Trial 28 finished with value: 0.5351106276692301 and parameters: {'interp_param': 0.8592570763051467}. Best is trial 22 with value: 0.5355483370740666.
[I 2025-05-15 03:15:47,991] Trial 29 finished with value: 0.5342646018757609 and parameters: {'interp_param': 0.6991383106121568}. Best is trial 22 with value: 0.5355483370740666.
[I 2025-05-15 03:15:55,429] Trial 30 finished with value: 0.5355421736591407 and parameters: {'interp_param': 0.8259659505994067}. Best is trial 22 with value: 0.5355483370740666.
[I 2025-05-15 03:16:02,862] Trial 31 finished with value: 0.5355464092479367 and parameters: {'interp_param': 0.8250709107317917}. Best is trial 22 with value: 0.5355483370740666.
[I 2025-05-15 03:16:10,296] Trial 32 finished with value: 0.5355342569074574 and parameters: {'interp_param': 0.8272518973961485}. Best is trial 22 with value: 0.5355483370740666.
[I 2025-05-15 03:16:17,878] Trial 33 finished with value: 0.5339281385220469 and parameters: {'interp_param': 0.928960984857955}. Best is trial 22 with value: 0.5355483370740666.
[I 2025-05-15 03:16:25,304] Trial 34 finished with value: 0.5318727916188815 and parameters: {'interp_param': 0.9978132087998479}. Best is trial 22 with value: 0.5355483370740666.
[I 2025-05-15 03:16:32,752] Trial 35 finished with value: 0.5355322784231227 and parameters: {'interp_param': 0.8275772066887489}. Best is trial 22 with value: 0.5355483370740666.
[I 2025-05-15 03:16:40,191] Trial 36 finished with value: 0.5341513202794644 and parameters: {'interp_param': 0.6881305588708526}. Best is trial 22 with value: 0.5355483370740666.
[I 2025-05-15 03:16:47,624] Trial 37 finished with value: 0.5308773058278042 and parameters: {'interp_param': 0.4820053487036058}. Best is trial 22 with value: 0.5355483370740666.
[I 2025-05-15 03:16:55,051] Trial 38 finished with value: 0.5293953619599097 and parameters: {'interp_param': 0.37216267115950097}. Best is trial 22 with value: 0.5355483370740666.
[I 2025-05-15 03:17:02,495] Trial 39 finished with value: 0.532368743887595 and parameters: {'interp_param': 0.5776122952629408}. Best is trial 22 with value: 0.5355483370740666.
[I 2025-05-15 03:17:09,913] Trial 40 finished with value: 0.5332402690513547 and parameters: {'interp_param': 0.9557905590326077}. Best is trial 22 with value: 0.5355483370740666.
[I 2025-05-15 03:17:17,336] Trial 41 finished with value: 0.5355549859634557 and parameters: {'interp_param': 0.8238174001462072}. Best is trial 41 with value: 0.5355549859634557.
[I 2025-05-15 03:17:24,771] Trial 42 finished with value: 0.534644666464972 and parameters: {'interp_param': 0.8833885976125644}. Best is trial 41 with value: 0.5355549859634557.
[I 2025-05-15 03:17:32,208] Trial 43 finished with value: 0.5355951100760576 and parameters: {'interp_param': 0.8122228058878851}. Best is trial 43 with value: 0.5355951100760576.
[I 2025-05-15 03:17:39,655] Trial 44 finished with value: 0.5345241885892393 and parameters: {'interp_param': 0.7183695299111161}. Best is trial 43 with value: 0.5355951100760576.
[I 2025-05-15 03:17:47,095] Trial 45 finished with value: 0.5355963427590429 and parameters: {'interp_param': 0.8084865476072138}. Best is trial 45 with value: 0.5355963427590429.
[I 2025-05-15 03:17:54,516] Trial 46 finished with value: 0.5335163323459675 and parameters: {'interp_param': 0.641935817860294}. Best is trial 45 with value: 0.5355963427590429.
[I 2025-05-15 03:18:01,949] Trial 47 finished with value: 0.5355584462002828 and parameters: {'interp_param': 0.801354271252193}. Best is trial 45 with value: 0.5355963427590429.
[I 2025-05-15 03:18:09,522] Trial 48 finished with value: 0.5346428455839414 and parameters: {'interp_param': 0.7269543353262271}. Best is trial 45 with value: 0.5355963427590429.
[I 2025-05-15 03:18:16,978] Trial 49 finished with value: 0.5256807618431143 and parameters: {'interp_param': 0.12209247376938115}. Best is trial 45 with value: 0.5355963427590429.
[I 2025-05-15 03:18:24,421] Trial 50 finished with value: 0.5339439621752071 and parameters: {'interp_param': 0.6704796501146837}. Best is trial 45 with value: 0.5355963427590429.
[I 2025-05-15 03:18:31,845] Trial 51 finished with value: 0.5354271584264998 and parameters: {'interp_param': 0.7869399469149285}. Best is trial 45 with value: 0.5355963427590429.
[I 2025-05-15 03:18:39,278] Trial 52 finished with value: 0.5345706928213102 and parameters: {'interp_param': 0.8870986794940949}. Best is trial 45 with value: 0.5355963427590429.
[I 2025-05-15 03:18:46,716] Trial 53 finished with value: 0.5335704409374582 and parameters: {'interp_param': 0.946280232533337}. Best is trial 45 with value: 0.5355963427590429.
[I 2025-05-15 03:18:54,160] Trial 54 finished with value: 0.5355761301352997 and parameters: {'interp_param': 0.8045040319706946}. Best is trial 45 with value: 0.5355963427590429.
[I 2025-05-15 03:19:01,589] Trial 55 finished with value: 0.5347698119314145 and parameters: {'interp_param': 0.7364096771760259}. Best is trial 45 with value: 0.5355963427590429.
[I 2025-05-15 03:19:09,026] Trial 56 finished with value: 0.5355253044769188 and parameters: {'interp_param': 0.7963104638724634}. Best is trial 45 with value: 0.5355963427590429.
[I 2025-05-15 03:19:16,476] Trial 57 finished with value: 0.5343695107965298 and parameters: {'interp_param': 0.8975143990987027}. Best is trial 45 with value: 0.5355963427590429.
[I 2025-05-15 03:19:23,925] Trial 58 finished with value: 0.534969944205616 and parameters: {'interp_param': 0.75200959109042}. Best is trial 45 with value: 0.5355963427590429.
[I 2025-05-15 03:19:31,356] Trial 59 finished with value: 0.535060485896615 and parameters: {'interp_param': 0.8624271803687154}. Best is trial 45 with value: 0.5355963427590429.
[I 2025-05-15 03:19:38,805] Trial 60 finished with value: 0.5328454685532157 and parameters: {'interp_param': 0.6044100042563637}. Best is trial 45 with value: 0.5355963427590429.
[I 2025-05-15 03:19:46,226] Trial 61 finished with value: 0.535525737886005 and parameters: {'interp_param': 0.7963929180635667}. Best is trial 45 with value: 0.5355963427590429.
[I 2025-05-15 03:19:53,656] Trial 62 finished with value: 0.5355880432564782 and parameters: {'interp_param': 0.8144850420212311}. Best is trial 45 with value: 0.5355963427590429.
[I 2025-05-15 03:20:01,240] Trial 63 finished with value: 0.5338702657444998 and parameters: {'interp_param': 0.6660081668274125}. Best is trial 45 with value: 0.5355963427590429.
[I 2025-05-15 03:20:08,696] Trial 64 finished with value: 0.5351290095617361 and parameters: {'interp_param': 0.8580704332960302}. Best is trial 45 with value: 0.5355963427590429.
[I 2025-05-15 03:20:16,139] Trial 65 finished with value: 0.5355722477467653 and parameters: {'interp_param': 0.8038243334034264}. Best is trial 45 with value: 0.5355963427590429.
[I 2025-05-15 03:20:23,513] Trial 66 finished with value: 0.535023962738076 and parameters: {'interp_param': 0.7569907732024113}. Best is trial 45 with value: 0.5355963427590429.
[I 2025-05-15 03:20:30,964] Trial 67 finished with value: 0.5329459997607807 and parameters: {'interp_param': 0.9643652076536474}. Best is trial 45 with value: 0.5355963427590429.
[I 2025-05-15 03:20:38,402] Trial 68 finished with value: 0.5343360594952473 and parameters: {'interp_param': 0.8996029000534874}. Best is trial 45 with value: 0.5355963427590429.
[I 2025-05-15 03:20:45,844] Trial 69 finished with value: 0.5355784069401741 and parameters: {'interp_param': 0.8170584050016704}. Best is trial 45 with value: 0.5355963427590429.
[I 2025-05-15 03:20:53,285] Trial 70 finished with value: 0.5351593003539038 and parameters: {'interp_param': 0.7676811517416441}. Best is trial 45 with value: 0.5355963427590429.
[I 2025-05-15 03:21:00,722] Trial 71 finished with value: 0.5355846660428203 and parameters: {'interp_param': 0.8153429454458403}. Best is trial 45 with value: 0.5355963427590429.
[I 2025-05-15 03:21:08,160] Trial 72 finished with value: 0.5351139654820621 and parameters: {'interp_param': 0.8590916715951925}. Best is trial 45 with value: 0.5355963427590429.
[I 2025-05-15 03:21:15,602] Trial 73 finished with value: 0.5355904762574843 and parameters: {'interp_param': 0.8072458472982998}. Best is trial 45 with value: 0.5355963427590429.
[I 2025-05-15 03:21:23,047] Trial 74 finished with value: 0.5347851346312154 and parameters: {'interp_param': 0.7376733479094786}. Best is trial 45 with value: 0.5355963427590429.
[I 2025-05-15 03:21:30,478] Trial 75 finished with value: 0.5353521153318465 and parameters: {'interp_param': 0.8450176807572883}. Best is trial 45 with value: 0.5355963427590429.
[I 2025-05-15 03:21:37,911] Trial 76 finished with value: 0.535599417430644 and parameters: {'interp_param': 0.8108791246283304}. Best is trial 76 with value: 0.535599417430644.
[I 2025-05-15 03:21:45,502] Trial 77 finished with value: 0.5339496429300143 and parameters: {'interp_param': 0.9261178200296571}. Best is trial 76 with value: 0.535599417430644.
[I 2025-05-15 03:21:52,939] Trial 78 finished with value: 0.5342841418711171 and parameters: {'interp_param': 0.7010022480918447}. Best is trial 76 with value: 0.535599417430644.
[I 2025-05-15 03:22:00,378] Trial 79 finished with value: 0.5286123901526079 and parameters: {'interp_param': 0.3037349561404803}. Best is trial 76 with value: 0.535599417430644.
[I 2025-05-15 03:22:07,807] Trial 80 finished with value: 0.5355811523334436 and parameters: {'interp_param': 0.8164334808498601}. Best is trial 76 with value: 0.535599417430644.
[I 2025-05-15 03:22:15,225] Trial 81 finished with value: 0.5352542816736908 and parameters: {'interp_param': 0.773912556079899}. Best is trial 76 with value: 0.535599417430644.
[I 2025-05-15 03:22:22,669] Trial 82 finished with value: 0.5355848447537097 and parameters: {'interp_param': 0.815191292525348}. Best is trial 76 with value: 0.535599417430644.
[I 2025-05-15 03:22:30,101] Trial 83 finished with value: 0.5347473717538292 and parameters: {'interp_param': 0.8779021029708489}. Best is trial 76 with value: 0.535599417430644.
[I 2025-05-15 03:22:37,547] Trial 84 finished with value: 0.5354598878483632 and parameters: {'interp_param': 0.8353958341054468}. Best is trial 76 with value: 0.535599417430644.
[I 2025-05-15 03:22:44,980] Trial 85 finished with value: 0.5341958460272006 and parameters: {'interp_param': 0.9096967510468973}. Best is trial 76 with value: 0.535599417430644.
[I 2025-05-15 03:22:52,408] Trial 86 finished with value: 0.5355703044417396 and parameters: {'interp_param': 0.8190338273175375}. Best is trial 76 with value: 0.535599417430644.
[I 2025-05-15 03:22:59,845] Trial 87 finished with value: 0.5348639362832356 and parameters: {'interp_param': 0.7432329097415554}. Best is trial 76 with value: 0.535599417430644.
[I 2025-05-15 03:23:07,287] Trial 88 finished with value: 0.5353054000239219 and parameters: {'interp_param': 0.7774685155811341}. Best is trial 76 with value: 0.535599417430644.
[I 2025-05-15 03:23:14,731] Trial 89 finished with value: 0.5349247317577693 and parameters: {'interp_param': 0.8692029793656706}. Best is trial 76 with value: 0.535599417430644.
[I 2025-05-15 03:23:22,178] Trial 90 finished with value: 0.5344419478079772 and parameters: {'interp_param': 0.7124498075616797}. Best is trial 76 with value: 0.535599417430644.
[I 2025-05-15 03:23:29,614] Trial 91 finished with value: 0.5355840947308431 and parameters: {'interp_param': 0.8154697630679028}. Best is trial 76 with value: 0.535599417430644.
[I 2025-05-15 03:23:37,202] Trial 92 finished with value: 0.53558242160291 and parameters: {'interp_param': 0.8159174617300781}. Best is trial 76 with value: 0.535599417430644.
[I 2025-05-15 03:23:44,641] Trial 93 finished with value: 0.535332976380612 and parameters: {'interp_param': 0.8463288886447231}. Best is trial 76 with value: 0.535599417430644.
[I 2025-05-15 03:23:52,070] Trial 94 finished with value: 0.5315470213679123 and parameters: {'interp_param': 0.5208007054320003}. Best is trial 76 with value: 0.535599417430644.
[I 2025-05-15 03:23:59,504] Trial 95 finished with value: 0.53532531714147 and parameters: {'interp_param': 0.7789613500783894}. Best is trial 76 with value: 0.535599417430644.
[I 2025-05-15 03:24:06,959] Trial 96 finished with value: 0.5353850502008739 and parameters: {'interp_param': 0.8428272908948096}. Best is trial 76 with value: 0.535599417430644.
[I 2025-05-15 03:24:14,411] Trial 97 finished with value: 0.5349668456120849 and parameters: {'interp_param': 0.7516326511626108}. Best is trial 76 with value: 0.535599417430644.
[I 2025-05-15 03:24:21,852] Trial 98 finished with value: 0.5337732299530709 and parameters: {'interp_param': 0.9390166131507333}. Best is trial 76 with value: 0.535599417430644.
