[I 2025-05-15 03:34:45,008] Trial 99 finished with value: 0.5490390870265744 and parameters: {'threshold_scale_factor': 0.9151923283446791}. Best is trial 36 with value: 0.5490442175769898.
Best hyperparameters: {'threshold_scale_factor': 0.9166540446520834}
Best optimized value: 0.5490442175769898
Running audit 1/1
Training a GraphSAGE target model on github...
Training GraphSAGE on cuda:   0%|          | 0/300 [00:00<?, ?it/s]Training GraphSAGE on cuda:   5%|▍         | 14/300 [00:00<00:02, 135.80it/s]Training GraphSAGE on cuda:   9%|▉         | 28/300 [00:00<00:01, 136.78it/s]Training GraphSAGE on cuda:  15%|█▍        | 44/300 [00:00<00:01, 146.77it/s]Training GraphSAGE on cuda:  20%|██        | 61/300 [00:00<00:01, 152.51it/s]Training GraphSAGE on cuda:  26%|██▌       | 78/300 [00:00<00:01, 155.65it/s]Training GraphSAGE on cuda:  32%|███▏      | 95/300 [00:00<00:01, 157.55it/s]Training GraphSAGE on cuda:  37%|███▋      | 112/300 [00:00<00:01, 158.39it/s]Training GraphSAGE on cuda:  43%|████▎     | 129/300 [00:00<00:01, 159.06it/s]Training GraphSAGE on cuda:  49%|████▊     | 146/300 [00:00<00:00, 159.39it/s]Training GraphSAGE on cuda:  54%|█████▍    | 163/300 [00:01<00:00, 160.04it/s]Training GraphSAGE on cuda:  60%|██████    | 180/300 [00:01<00:00, 160.34it/s]Training GraphSAGE on cuda:  66%|██████▌   | 197/300 [00:01<00:00, 160.36it/s]Training GraphSAGE on cuda:  71%|███████▏  | 214/300 [00:01<00:00, 160.46it/s]Training GraphSAGE on cuda:  77%|███████▋  | 231/300 [00:01<00:00, 160.46it/s]Training GraphSAGE on cuda:  83%|████████▎ | 248/300 [00:01<00:00, 160.64it/s]Training GraphSAGE on cuda:  88%|████████▊ | 265/300 [00:01<00:00, 160.77it/s]Training GraphSAGE on cuda:  94%|█████████▍| 282/300 [00:01<00:00, 160.77it/s]Training GraphSAGE on cuda: 100%|█████████▉| 299/300 [00:01<00:00, 160.68it/s]Training GraphSAGE on cuda: 100%|██████████| 300/300 [00:01<00:00, 158.04it/s]
Train accuracy: 0.9100 | Test accuracy: 0.8410
Training MLP on cuda:   0%|          | 0/1000 [00:00<?, ?it/s]Training MLP on cuda:   0%|          | 1/1000 [00:40<11:11:57, 40.36s/it]Training MLP on cuda:   0%|          | 2/1000 [01:19<11:03:15, 39.88s/it]Training MLP on cuda:   0%|          | 3/1000 [01:59<11:01:53, 39.83s/it]Training MLP on cuda:   0%|          | 4/1000 [02:39<10:59:50, 39.75s/it]Training MLP on cuda:   0%|          | 5/1000 [03:19<11:00:04, 39.80s/it]Training MLP on cuda:   1%|          | 6/1000 [03:58<10:58:12, 39.73s/it]Training MLP on cuda:   1%|          | 7/1000 [04:38<10:57:30, 39.73s/it]Training MLP on cuda:   1%|          | 8/1000 [05:18<10:56:01, 39.68s/it]Training MLP on cuda:   1%|          | 9/1000 [05:57<10:56:13, 39.73s/it]Training MLP on cuda:   1%|          | 10/1000 [06:37<10:55:28, 39.73s/it]Training MLP on cuda:   1%|          | 11/1000 [07:17<10:53:00, 39.62s/it]Training MLP on cuda:   1%|          | 12/1000 [07:56<10:53:02, 39.66s/it]Training MLP on cuda:   1%|▏         | 13/1000 [08:36<10:52:04, 39.64s/it]Training MLP on cuda:   1%|▏         | 14/1000 [09:16<10:51:47, 39.66s/it]Training MLP on cuda:   2%|▏         | 15/1000 [09:55<10:50:03, 39.60s/it]Training MLP on cuda:   2%|▏         | 16/1000 [10:35<10:50:38, 39.67s/it]Training MLP on cuda:   2%|▏         | 17/1000 [11:14<10:49:35, 39.65s/it]Training MLP on cuda:   2%|▏         | 18/1000 [11:54<10:49:20, 39.68s/it]Training MLP on cuda:   2%|▏         | 19/1000 [12:34<10:47:55, 39.63s/it]Training MLP on cuda:   2%|▏         | 20/1000 [13:13<10:47:35, 39.65s/it]Training MLP on cuda:   2%|▏         | 21/1000 [13:53<10:46:56, 39.65s/it]Training MLP on cuda:   2%|▏         | 22/1000 [14:33<10:46:19, 39.65s/it]Training MLP on cuda:   2%|▏         | 23/1000 [15:12<10:45:28, 39.64s/it]Training MLP on cuda:   2%|▏         | 24/1000 [15:52<10:45:19, 39.67s/it]Training MLP on cuda:   2%|▎         | 25/1000 [16:32<10:44:08, 39.64s/it]Training MLP on cuda:   3%|▎         | 26/1000 [17:11<10:44:17, 39.69s/it]Training MLP on cuda:   3%|▎         | 27/1000 [17:51<10:42:42, 39.63s/it]Training MLP on cuda:   3%|▎         | 28/1000 [18:31<10:42:05, 39.64s/it]Training MLP on cuda:   3%|▎         | 29/1000 [19:10<10:40:43, 39.59s/it]Training MLP on cuda:   3%|▎         | 30/1000 [19:50<10:40:44, 39.63s/it]Training MLP on cuda:   3%|▎         | 31/1000 [20:29<10:40:16, 39.65s/it]Training MLP on cuda:   3%|▎         | 32/1000 [21:09<10:39:02, 39.61s/it]Training MLP on cuda:   3%|▎         | 33/1000 [21:49<10:39:19, 39.67s/it]Training MLP on cuda:   3%|▎         | 34/1000 [22:28<10:38:05, 39.63s/it]Training MLP on cuda:   4%|▎         | 35/1000 [23:08<10:37:42, 39.65s/it]Training MLP on cuda:   4%|▎         | 36/1000 [23:48<10:36:48, 39.64s/it]Training MLP on cuda:   4%|▎         | 37/1000 [24:27<10:36:38, 39.67s/it]Training MLP on cuda:   4%|▍         | 38/1000 [25:07<10:35:12, 39.62s/it]Training MLP on cuda:   4%|▍         | 39/1000 [25:47<10:34:41, 39.63s/it]Training MLP on cuda:   4%|▍         | 40/1000 [26:26<10:33:42, 39.61s/it]Training MLP on cuda:   4%|▍         | 41/1000 [27:06<10:33:42, 39.65s/it]Training MLP on cuda:   4%|▍         | 42/1000 [27:45<10:31:51, 39.57s/it]Training MLP on cuda:   4%|▍         | 43/1000 [28:25<10:32:01, 39.63s/it]Training MLP on cuda:   4%|▍         | 44/1000 [29:04<10:30:42, 39.58s/it]Training MLP on cuda:   4%|▍         | 45/1000 [29:44<10:30:59, 39.64s/it]Training MLP on cuda:   5%|▍         | 46/1000 [30:24<10:29:49, 39.61s/it]Training MLP on cuda:   5%|▍         | 47/1000 [31:04<10:29:49, 39.65s/it]Training MLP on cuda:   5%|▍         | 48/1000 [31:43<10:28:31, 39.61s/it]Training MLP on cuda:   5%|▍         | 49/1000 [32:23<10:28:27, 39.65s/it]Training MLP on cuda:   5%|▌         | 50/1000 [33:02<10:27:10, 39.61s/it]Training MLP on cuda:   5%|▌         | 51/1000 [33:42<10:26:40, 39.62s/it]Training MLP on cuda:   5%|▌         | 52/1000 [34:21<10:25:05, 39.56s/it]Training MLP on cuda:   5%|▌         | 53/1000 [35:01<10:25:19, 39.62s/it]Training MLP on cuda:   5%|▌         | 54/1000 [35:41<10:24:56, 39.64s/it]Training MLP on cuda:   6%|▌         | 55/1000 [36:21<10:25:19, 39.70s/it]Training MLP on cuda:   6%|▌         | 56/1000 [37:00<10:24:18, 39.68s/it]Training MLP on cuda:   6%|▌         | 57/1000 [37:40<10:24:02, 39.71s/it]Training MLP on cuda:   6%|▌         | 58/1000 [38:20<10:22:42, 39.66s/it]Training MLP on cuda:   6%|▌         | 59/1000 [38:59<10:22:50, 39.71s/it]Training MLP on cuda:   6%|▌         | 60/1000 [39:39<10:21:11, 39.65s/it]Training MLP on cuda:   6%|▌         | 61/1000 [40:19<10:21:21, 39.70s/it]Training MLP on cuda:   6%|▌         | 62/1000 [40:58<10:20:31, 39.69s/it]Training MLP on cuda:   6%|▋         | 63/1000 [41:38<10:20:10, 39.71s/it]Training MLP on cuda:   6%|▋         | 64/1000 [42:18<10:19:00, 39.68s/it]Training MLP on cuda:   6%|▋         | 65/1000 [42:58<10:18:28, 39.69s/it]Training MLP on cuda:   7%|▋         | 66/1000 [43:37<10:17:18, 39.66s/it]Training MLP on cuda:   7%|▋         | 67/1000 [44:17<10:17:15, 39.70s/it]Training MLP on cuda:   7%|▋         | 68/1000 [44:56<10:15:54, 39.65s/it]Training MLP on cuda:   7%|▋         | 69/1000 [45:36<10:16:02, 39.70s/it]Training MLP on cuda:   7%|▋         | 70/1000 [46:16<10:14:49, 39.67s/it]Training MLP on cuda:   7%|▋         | 71/1000 [46:56<10:14:23, 39.68s/it]Training MLP on cuda:   7%|▋         | 72/1000 [47:35<10:13:27, 39.66s/it]Training MLP on cuda:   7%|▋         | 73/1000 [48:15<10:12:58, 39.68s/it]Training MLP on cuda:   7%|▋         | 74/1000 [48:55<10:12:00, 39.65s/it]Training MLP on cuda:   8%|▊         | 75/1000 [49:34<10:11:49, 39.69s/it]Training MLP on cuda:   8%|▊         | 76/1000 [50:14<10:09:34, 39.58s/it]Training MLP on cuda:   8%|▊         | 77/1000 [50:53<10:07:55, 39.52s/it]Training MLP on cuda:   8%|▊         | 78/1000 [51:32<10:05:58, 39.43s/it]Training MLP on cuda:   8%|▊         | 79/1000 [52:12<10:04:51, 39.40s/it]Training MLP on cuda:   8%|▊         | 80/1000 [52:51<10:02:38, 39.30s/it]Training MLP on cuda:   8%|▊         | 81/1000 [53:30<10:02:33, 39.34s/it]Training MLP on cuda:   8%|▊         | 82/1000 [54:09<10:01:04, 39.29s/it]Training MLP on cuda:   8%|▊         | 83/1000 [54:49<10:00:50, 39.31s/it]Training MLP on cuda:   8%|▊         | 84/1000 [55:28<9:59:18, 39.26s/it] Training MLP on cuda:   8%|▊         | 85/1000 [56:07<9:59:08, 39.29s/it]Training MLP on cuda:   9%|▊         | 86/1000 [56:46<9:57:40, 39.23s/it]Training MLP on cuda:   9%|▊         | 87/1000 [57:26<9:57:24, 39.26s/it]Training MLP on cuda:   9%|▉         | 88/1000 [58:05<9:56:00, 39.21s/it]Training MLP on cuda:   9%|▉         | 89/1000 [58:44<9:56:17, 39.27s/it]Training MLP on cuda:   9%|▉         | 90/1000 [59:23<9:55:22, 39.26s/it]Training MLP on cuda:   9%|▉         | 91/1000 [1:00:03<9:55:04, 39.28s/it]Training MLP on cuda:   9%|▉         | 92/1000 [1:00:42<9:54:08, 39.26s/it]Training MLP on cuda:   9%|▉         | 93/1000 [1:01:21<9:53:54, 39.29s/it]Training MLP on cuda:   9%|▉         | 94/1000 [1:02:00<9:52:57, 39.27s/it]Training MLP on cuda:  10%|▉         | 95/1000 [1:02:40<9:52:13, 39.26s/it]Training MLP on cuda:  10%|▉         | 96/1000 [1:03:19<9:52:12, 39.31s/it]Training MLP on cuda:  10%|▉         | 97/1000 [1:03:58<9:50:37, 39.24s/it]Training MLP on cuda:  10%|▉         | 98/1000 [1:04:37<9:50:33, 39.28s/it]Training MLP on cuda:  10%|▉         | 99/1000 [1:05:17<9:49:23, 39.25s/it]Training MLP on cuda:  10%|█         | 100/1000 [1:05:56<9:49:23, 39.29s/it]Training MLP on cuda:  10%|█         | 101/1000 [1:06:35<9:48:11, 39.26s/it]Training MLP on cuda:  10%|█         | 102/1000 [1:07:15<9:48:13, 39.30s/it]Training MLP on cuda:  10%|█         | 103/1000 [1:07:54<9:47:10, 39.28s/it]Training MLP on cuda:  10%|█         | 104/1000 [1:08:33<9:46:52, 39.30s/it]Training MLP on cuda:  10%|█         | 105/1000 [1:09:12<9:45:35, 39.26s/it]Training MLP on cuda:  11%|█         | 106/1000 [1:09:52<9:45:21, 39.29s/it]Training MLP on cuda:  11%|█         | 107/1000 [1:10:31<9:45:13, 39.32s/it]Training MLP on cuda:  11%|█         | 108/1000 [1:11:10<9:43:18, 39.24s/it]Training MLP on cuda:  11%|█         | 109/1000 [1:11:49<9:42:50, 39.25s/it]Training MLP on cuda:  11%|█         | 110/1000 [1:12:29<9:41:50, 39.22s/it]Training MLP on cuda:  11%|█         | 111/1000 [1:13:08<9:41:59, 39.28s/it]Training MLP on cuda:  11%|█         | 112/1000 [1:13:47<9:41:07, 39.26s/it]Training MLP on cuda:  11%|█▏        | 113/1000 [1:14:27<9:40:53, 39.29s/it]Training MLP on cuda:  11%|█▏        | 114/1000 [1:15:06<9:39:57, 39.28s/it]Training MLP on cuda:  12%|█▏        | 115/1000 [1:15:45<9:39:46, 39.31s/it]Training MLP on cuda:  12%|█▏        | 116/1000 [1:16:24<9:38:18, 39.25s/it]Training MLP on cuda:  12%|█▏        | 117/1000 [1:17:04<9:38:23, 39.30s/it]Training MLP on cuda:  12%|█▏        | 118/1000 [1:17:43<9:37:35, 39.29s/it]Training MLP on cuda:  12%|█▏        | 119/1000 [1:18:22<9:35:42, 39.21s/it]Training MLP on cuda:  12%|█▏        | 120/1000 [1:19:01<9:35:31, 39.24s/it]Training MLP on cuda:  12%|█▏        | 121/1000 [1:19:41<9:34:55, 39.24s/it]Training MLP on cuda:  12%|█▏        | 122/1000 [1:20:20<9:34:51, 39.28s/it]Training MLP on cuda:  12%|█▏        | 123/1000 [1:20:59<9:33:53, 39.26s/it]Training MLP on cuda:  12%|█▏        | 124/1000 [1:21:39<9:33:49, 39.30s/it]Training MLP on cuda:  12%|█▎        | 125/1000 [1:22:18<9:32:51, 39.28s/it]Training MLP on cuda:  13%|█▎        | 126/1000 [1:22:57<9:32:51, 39.33s/it]Training MLP on cuda:  13%|█▎        | 127/1000 [1:23:37<9:31:54, 39.31s/it]Training MLP on cuda:  13%|█▎        | 128/1000 [1:24:16<9:31:38, 39.33s/it]Training MLP on cuda:  13%|█▎        | 129/1000 [1:24:55<9:31:24, 39.36s/it]Training MLP on cuda:  13%|█▎        | 130/1000 [1:25:34<9:29:24, 39.27s/it]Training MLP on cuda:  13%|█▎        | 131/1000 [1:26:14<9:29:10, 39.30s/it]Training MLP on cuda:  13%|█▎        | 132/1000 [1:26:53<9:27:55, 39.26s/it]Training MLP on cuda:  13%|█▎        | 133/1000 [1:27:32<9:27:46, 39.29s/it]Training MLP on cuda:  13%|█▎        | 134/1000 [1:28:11<9:26:29, 39.25s/it]Training MLP on cuda:  14%|█▎        | 135/1000 [1:28:51<9:26:22, 39.29s/it]Training MLP on cuda:  14%|█▎        | 136/1000 [1:29:30<9:25:07, 39.24s/it]Training MLP on cuda:  14%|█▎        | 137/1000 [1:30:09<9:24:53, 39.27s/it]Training MLP on cuda:  14%|█▍        | 138/1000 [1:30:49<9:23:57, 39.25s/it]Training MLP on cuda:  14%|█▍        | 139/1000 [1:31:28<9:23:54, 39.30s/it]Training MLP on cuda:  14%|█▍        | 140/1000 [1:32:07<9:23:17, 39.30s/it]Training MLP on cuda:  14%|█▍        | 141/1000 [1:32:46<9:20:57, 39.18s/it]Training MLP on cuda:  14%|█▍        | 142/1000 [1:33:26<9:21:06, 39.24s/it]Training MLP on cuda:  14%|█▍        | 143/1000 [1:34:05<9:19:55, 39.20s/it]Training MLP on cuda:  14%|█▍        | 144/1000 [1:34:44<9:20:02, 39.25s/it]Training MLP on cuda:  14%|█▍        | 145/1000 [1:35:23<9:18:28, 39.19s/it]Training MLP on cuda:  15%|█▍        | 146/1000 [1:36:02<9:18:39, 39.25s/it]Training MLP on cuda:  15%|█▍        | 147/1000 [1:36:42<9:17:35, 39.22s/it]Training MLP on cuda:  15%|█▍        | 148/1000 [1:37:21<9:17:56, 39.29s/it]Training MLP on cuda:  15%|█▍        | 149/1000 [1:38:00<9:16:31, 39.24s/it]Training MLP on cuda:  15%|█▌        | 150/1000 [1:38:40<9:16:34, 39.29s/it]Training MLP on cuda:  15%|█▌        | 151/1000 [1:39:19<9:16:14, 39.31s/it]Training MLP on cuda:  15%|█▌        | 152/1000 [1:39:58<9:13:54, 39.19s/it]Training MLP on cuda:  15%|█▌        | 153/1000 [1:40:37<9:13:58, 39.24s/it]Training MLP on cuda:  15%|█▌        | 154/1000 [1:41:16<9:12:55, 39.21s/it]Training MLP on cuda:  16%|█▌        | 155/1000 [1:41:56<9:12:31, 39.23s/it]Training MLP on cuda:  16%|█▌        | 156/1000 [1:42:35<9:11:30, 39.21s/it]Training MLP on cuda:  16%|█▌        | 157/1000 [1:43:14<9:11:53, 39.28s/it]Training MLP on cuda:  16%|█▌        | 158/1000 [1:43:53<9:11:00, 39.26s/it]Training MLP on cuda:  16%|█▌        | 159/1000 [1:44:33<9:10:19, 39.26s/it]Training MLP on cuda:  16%|█▌        | 160/1000 [1:45:12<9:09:34, 39.25s/it]Training MLP on cuda:  16%|█▌        | 161/1000 [1:45:51<9:08:47, 39.25s/it]Training MLP on cuda:  16%|█▌        | 162/1000 [1:46:30<9:07:25, 39.20s/it]Training MLP on cuda:  16%|█▋        | 163/1000 [1:47:10<9:07:08, 39.22s/it]Training MLP on cuda:  16%|█▋        | 164/1000 [1:47:49<9:06:00, 39.19s/it]Training MLP on cuda:  16%|█▋        | 165/1000 [1:48:28<9:05:41, 39.21s/it]Training MLP on cuda:  17%|█▋        | 166/1000 [1:49:07<9:04:25, 39.17s/it]Training MLP on cuda:  17%|█▋        | 167/1000 [1:49:46<9:04:40, 39.23s/it]Training MLP on cuda:  17%|█▋        | 168/1000 [1:50:25<9:03:33, 39.20s/it]Training MLP on cuda:  17%|█▋        | 169/1000 [1:51:05<9:03:20, 39.23s/it]Training MLP on cuda:  17%|█▋        | 170/1000 [1:51:44<9:02:07, 39.19s/it]Training MLP on cuda:  17%|█▋        | 171/1000 [1:52:23<9:02:00, 39.23s/it]Training MLP on cuda:  17%|█▋        | 172/1000 [1:53:02<9:01:21, 39.23s/it]Training MLP on cuda:  17%|█▋        | 173/1000 [1:53:41<8:59:34, 39.15s/it]Training MLP on cuda:  17%|█▋        | 174/1000 [1:54:21<8:59:09, 39.16s/it]Training MLP on cuda:  18%|█▊        | 175/1000 [1:55:00<8:58:07, 39.14s/it]Training MLP on cuda:  18%|█▊        | 176/1000 [1:55:39<8:58:02, 39.18s/it]Training MLP on cuda:  18%|█▊        | 177/1000 [1:56:18<8:56:38, 39.12s/it]Training MLP on cuda:  18%|█▊        | 178/1000 [1:56:57<8:56:47, 39.18s/it]Training MLP on cuda:  18%|█▊        | 179/1000 [1:57:36<8:55:46, 39.16s/it]Training MLP on cuda:  18%|█▊        | 180/1000 [1:58:15<8:55:04, 39.15s/it]Training MLP on cuda:  18%|█▊        | 181/1000 [1:58:55<8:54:31, 39.16s/it]Training MLP on cuda:  18%|█▊        | 182/1000 [1:59:34<8:54:26, 39.20s/it]Training MLP on cuda:  18%|█▊        | 183/1000 [2:00:13<8:53:12, 39.16s/it]Training MLP on cuda:  18%|█▊        | 184/1000 [2:00:52<8:53:53, 39.26s/it]Training MLP on cuda:  18%|█▊        | 185/1000 [2:01:32<8:54:36, 39.36s/it]Training MLP on cuda:  19%|█▊        | 186/1000 [2:02:12<8:55:23, 39.46s/it]Training MLP on cuda:  19%|█▊        | 187/1000 [2:02:51<8:54:35, 39.45s/it]Training MLP on cuda:  19%|█▉        | 188/1000 [2:03:31<8:54:53, 39.52s/it]Training MLP on cuda:  19%|█▉        | 189/1000 [2:04:10<8:53:54, 39.50s/it]Training MLP on cuda:  19%|█▉        | 190/1000 [2:04:50<8:53:30, 39.52s/it]Training MLP on cuda:  19%|█▉        | 191/1000 [2:05:29<8:51:19, 39.41s/it]Training MLP on cuda:  19%|█▉        | 192/1000 [2:06:09<8:51:14, 39.45s/it]Training MLP on cuda:  19%|█▉        | 193/1000 [2:06:48<8:49:56, 39.40s/it]Training MLP on cuda:  19%|█▉        | 194/1000 [2:07:27<8:49:38, 39.43s/it]Training MLP on cuda:  20%|█▉        | 195/1000 [2:08:07<8:48:46, 39.41s/it]Training MLP on cuda:  20%|█▉        | 196/1000 [2:08:46<8:47:21, 39.35s/it]Training MLP on cuda:  20%|█▉        | 197/1000 [2:09:25<8:47:08, 39.39s/it]Training MLP on cuda:  20%|█▉        | 198/1000 [2:10:05<8:46:12, 39.37s/it]Training MLP on cuda:  20%|█▉        | 199/1000 [2:10:44<8:45:55, 39.40s/it]Training MLP on cuda:  20%|██        | 200/1000 [2:11:24<8:45:15, 39.39s/it]Training MLP on cuda:  20%|██        | 201/1000 [2:12:03<8:44:59, 39.42s/it]Training MLP on cuda:  20%|██        | 202/1000 [2:12:42<8:43:22, 39.35s/it]Training MLP on cuda:  20%|██        | 203/1000 [2:13:22<8:42:49, 39.36s/it]Training MLP on cuda:  20%|██        | 204/1000 [2:14:01<8:41:47, 39.33s/it]Training MLP on cuda:  20%|██        | 205/1000 [2:14:40<8:41:59, 39.40s/it]Training MLP on cuda:  21%|██        | 206/1000 [2:15:20<8:40:25, 39.33s/it]Training MLP on cuda:  21%|██        | 207/1000 [2:15:59<8:40:29, 39.38s/it]Training MLP on cuda:  21%|██        | 208/1000 [2:16:38<8:39:35, 39.36s/it]Training MLP on cuda:  21%|██        | 209/1000 [2:17:18<8:40:21, 39.47s/it]Training MLP on cuda:  21%|██        | 210/1000 [2:17:57<8:38:51, 39.41s/it]Training MLP on cuda:  21%|██        | 211/1000 [2:18:37<8:38:26, 39.43s/it]Training MLP on cuda:  21%|██        | 212/1000 [2:19:16<8:37:40, 39.42s/it]Training MLP on cuda:  21%|██▏       | 213/1000 [2:19:56<8:37:13, 39.43s/it]Training MLP on cuda:  21%|██▏       | 214/1000 [2:20:35<8:36:08, 39.40s/it]Training MLP on cuda:  22%|██▏       | 215/1000 [2:21:15<8:35:50, 39.43s/it]Training MLP on cuda:  22%|██▏       | 216/1000 [2:21:54<8:34:56, 39.41s/it]Training MLP on cuda:  22%|██▏       | 217/1000 [2:22:33<8:34:16, 39.41s/it]Training MLP on cuda:  22%|██▏       | 218/1000 [2:23:13<8:33:30, 39.40s/it]Training MLP on cuda:  22%|██▏       | 219/1000 [2:23:52<8:32:59, 39.41s/it]Training MLP on cuda:  22%|██▏       | 220/1000 [2:24:32<8:32:12, 39.40s/it]Training MLP on cuda:  22%|██▏       | 221/1000 [2:25:11<8:31:36, 39.40s/it]Training MLP on cuda:  22%|██▏       | 222/1000 [2:25:50<8:30:24, 39.36s/it]Training MLP on cuda:  22%|██▏       | 223/1000 [2:26:30<8:30:08, 39.39s/it]Training MLP on cuda:  22%|██▏       | 224/1000 [2:27:09<8:28:39, 39.33s/it]Training MLP on cuda:  22%|██▎       | 225/1000 [2:27:48<8:28:05, 39.34s/it]Training MLP on cuda:  23%|██▎       | 226/1000 [2:28:28<8:27:28, 39.34s/it]Training MLP on cuda:  23%|██▎       | 227/1000 [2:29:07<8:27:23, 39.38s/it]Training MLP on cuda:  23%|██▎       | 228/1000 [2:29:46<8:26:01, 39.33s/it]Training MLP on cuda:  23%|██▎       | 229/1000 [2:30:26<8:26:10, 39.39s/it]Training MLP on cuda:  23%|██▎       | 230/1000 [2:31:05<8:25:12, 39.37s/it]Training MLP on cuda:  23%|██▎       | 231/1000 [2:31:45<8:24:55, 39.40s/it]Training MLP on cuda:  23%|██▎       | 232/1000 [2:32:24<8:23:40, 39.35s/it]Training MLP on cuda:  23%|██▎       | 233/1000 [2:33:03<8:23:43, 39.40s/it]Training MLP on cuda:  23%|██▎       | 234/1000 [2:33:43<8:22:30, 39.36s/it]Training MLP on cuda:  24%|██▎       | 235/1000 [2:34:22<8:22:52, 39.44s/it]Training MLP on cuda:  24%|██▎       | 236/1000 [2:35:01<8:21:17, 39.37s/it]Training MLP on cuda:  24%|██▎       | 237/1000 [2:35:41<8:20:48, 39.38s/it]Training MLP on cuda:  24%|██▍       | 238/1000 [2:36:20<8:17:59, 39.21s/it]Training MLP on cuda:  24%|██▍       | 239/1000 [2:36:59<8:16:19, 39.13s/it]Training MLP on cuda:  24%|██▍       | 240/1000 [2:37:37<8:14:34, 39.04s/it]Training MLP on cuda:  24%|██▍       | 241/1000 [2:38:16<8:13:34, 39.02s/it]Training MLP on cuda:  24%|██▍       | 242/1000 [2:38:55<8:12:27, 38.98s/it]Training MLP on cuda:  24%|██▍       | 243/1000 [2:39:34<8:11:50, 38.98s/it]Training MLP on cuda:  24%|██▍       | 244/1000 [2:40:13<8:10:46, 38.95s/it]Training MLP on cuda:  24%|██▍       | 245/1000 [2:40:52<8:10:30, 38.98s/it]Training MLP on cuda:  25%|██▍       | 246/1000 [2:41:31<8:08:59, 38.91s/it]Training MLP on cuda:  25%|██▍       | 247/1000 [2:42:10<8:08:44, 38.94s/it]Training MLP on cuda:  25%|██▍       | 248/1000 [2:42:49<8:08:03, 38.94s/it]Training MLP on cuda:  25%|██▍       | 249/1000 [2:43:28<8:07:45, 38.97s/it]Training MLP on cuda:  25%|██▌       | 250/1000 [2:44:07<8:06:50, 38.95s/it]Training MLP on cuda:  25%|██▌       | 251/1000 [2:44:46<8:06:42, 38.99s/it]Training MLP on cuda:  25%|██▌       | 252/1000 [2:45:25<8:05:37, 38.95s/it]Training MLP on cuda:  25%|██▌       | 253/1000 [2:46:04<8:05:12, 38.97s/it]Training MLP on cuda:  25%|██▌       | 254/1000 [2:46:43<8:03:37, 38.90s/it]Training MLP on cuda:  26%|██▌       | 255/1000 [2:47:22<8:03:54, 38.97s/it]Training MLP on cuda:  26%|██▌       | 256/1000 [2:48:01<8:02:38, 38.92s/it]Training MLP on cuda:  26%|██▌       | 257/1000 [2:48:40<8:02:24, 38.96s/it]Training MLP on cuda:  26%|██▌       | 258/1000 [2:49:19<8:01:53, 38.97s/it]Training MLP on cuda:  26%|██▌       | 259/1000 [2:49:58<8:02:06, 39.04s/it]Training MLP on cuda:  26%|██▌       | 260/1000 [2:50:37<8:01:09, 39.01s/it]Training MLP on cuda:  26%|██▌       | 261/1000 [2:51:16<8:00:01, 38.97s/it]Training MLP on cuda:  26%|██▌       | 262/1000 [2:51:55<7:59:07, 3