[I 2025-05-15 03:24:37,144] Trial 0 finished with value: 0.5422896889445504 and parameters: {'threshold_scale_factor': 0.7905890247269846}. Best is trial 0 with value: 0.5422896889445504.
[I 2025-05-15 03:24:43,193] Trial 1 finished with value: 0.5428176543843972 and parameters: {'threshold_scale_factor': 0.900911585655092}. Best is trial 1 with value: 0.5428176543843972.
[I 2025-05-15 03:24:49,282] Trial 2 finished with value: 0.5237506012143898 and parameters: {'threshold_scale_factor': 0.333502516289503}. Best is trial 1 with value: 0.5428176543843972.
[I 2025-05-15 03:24:55,352] Trial 3 finished with value: 0.5279329735662673 and parameters: {'threshold_scale_factor': 0.43379772773819747}. Best is trial 1 with value: 0.5428176543843972.
[I 2025-05-15 03:25:01,420] Trial 4 finished with value: 0.5177575765677658 and parameters: {'threshold_scale_factor': 0.12012380887231655}. Best is trial 1 with value: 0.5428176543843972.
[I 2025-05-15 03:25:07,491] Trial 5 finished with value: 0.5273322868661567 and parameters: {'threshold_scale_factor': 0.41969006648490137}. Best is trial 1 with value: 0.5428176543843972.
[I 2025-05-15 03:25:13,550] Trial 6 finished with value: 0.5428457485805149 and parameters: {'threshold_scale_factor': 0.8869252758039593}. Best is trial 6 with value: 0.5428457485805149.
[I 2025-05-15 03:25:19,650] Trial 7 finished with value: 0.5337318464212089 and parameters: {'threshold_scale_factor': 0.5526804462640482}. Best is trial 6 with value: 0.5428457485805149.
[I 2025-05-15 03:25:25,929] Trial 8 finished with value: 0.5425669624073904 and parameters: {'threshold_scale_factor': 0.8156663993640446}. Best is trial 6 with value: 0.5428457485805149.
[I 2025-05-15 03:25:32,005] Trial 9 finished with value: 0.5228705556220054 and parameters: {'threshold_scale_factor': 0.3120512444698742}. Best is trial 6 with value: 0.5428457485805149.
[I 2025-05-15 03:25:38,089] Trial 10 finished with value: 0.5430101654131105 and parameters: {'threshold_scale_factor': 0.9975488599512818}. Best is trial 10 with value: 0.5430101654131105.
[I 2025-05-15 03:25:44,169] Trial 11 finished with value: 0.5430425908857447 and parameters: {'threshold_scale_factor': 0.9954077528680502}. Best is trial 11 with value: 0.5430425908857447.
[I 2025-05-15 03:25:50,228] Trial 12 finished with value: 0.5430261621484707 and parameters: {'threshold_scale_factor': 0.9965569969519471}. Best is trial 11 with value: 0.5430425908857447.
[I 2025-05-15 03:25:56,320] Trial 13 finished with value: 0.5380437067734241 and parameters: {'threshold_scale_factor': 0.6586041941833682}. Best is trial 11 with value: 0.5430425908857447.
[I 2025-05-15 03:26:02,408] Trial 14 finished with value: 0.5379636020798008 and parameters: {'threshold_scale_factor': 0.6559449890770497}. Best is trial 11 with value: 0.5430425908857447.
[I 2025-05-15 03:26:08,484] Trial 15 finished with value: 0.5430910060578769 and parameters: {'threshold_scale_factor': 0.9925451062528995}. Best is trial 15 with value: 0.5430910060578769.
[I 2025-05-15 03:26:14,580] Trial 16 finished with value: 0.5379295330298531 and parameters: {'threshold_scale_factor': 0.6549637357975105}. Best is trial 15 with value: 0.5430910060578769.
[I 2025-05-15 03:26:20,667] Trial 17 finished with value: 0.5417503985815703 and parameters: {'threshold_scale_factor': 0.7671958676414629}. Best is trial 15 with value: 0.5430910060578769.
[I 2025-05-15 03:26:26,747] Trial 18 finished with value: 0.517353774388056 and parameters: {'threshold_scale_factor': 0.10163592429911006}. Best is trial 15 with value: 0.5430910060578769.
[I 2025-05-15 03:26:32,818] Trial 19 finished with value: 0.5428779671988123 and parameters: {'threshold_scale_factor': 0.8790542582639276}. Best is trial 15 with value: 0.5430910060578769.
[I 2025-05-15 03:26:38,919] Trial 20 finished with value: 0.542991517565029 and parameters: {'threshold_scale_factor': 0.9986824367244558}. Best is trial 15 with value: 0.5430910060578769.
[I 2025-05-15 03:26:44,982] Trial 21 finished with value: 0.5429843255071097 and parameters: {'threshold_scale_factor': 0.9991101418821433}. Best is trial 15 with value: 0.5430910060578769.
[I 2025-05-15 03:26:51,056] Trial 22 finished with value: 0.5428364739075066 and parameters: {'threshold_scale_factor': 0.911824153811986}. Best is trial 15 with value: 0.5430910060578769.
[I 2025-05-15 03:26:57,131] Trial 23 finished with value: 0.5400964293001428 and parameters: {'threshold_scale_factor': 0.7181622101097374}. Best is trial 15 with value: 0.5430910060578769.
[I 2025-05-15 03:27:03,361] Trial 24 finished with value: 0.54279851965468 and parameters: {'threshold_scale_factor': 0.8494306855350086}. Best is trial 15 with value: 0.5430910060578769.
[I 2025-05-15 03:27:09,446] Trial 25 finished with value: 0.5429281835515622 and parameters: {'threshold_scale_factor': 0.9337015308193075}. Best is trial 15 with value: 0.5430910060578769.
[I 2025-05-15 03:27:15,512] Trial 26 finished with value: 0.5406157237439227 and parameters: {'threshold_scale_factor': 0.7313290259153828}. Best is trial 15 with value: 0.5430910060578769.
[I 2025-05-15 03:27:21,595] Trial 27 finished with value: 0.5332618916618002 and parameters: {'threshold_scale_factor': 0.5439309953747262}. Best is trial 15 with value: 0.5430910060578769.
[I 2025-05-15 03:27:27,671] Trial 28 finished with value: 0.543140195174806 and parameters: {'threshold_scale_factor': 0.9595347131238368}. Best is trial 28 with value: 0.543140195174806.
[I 2025-05-15 03:27:33,749] Trial 29 finished with value: 0.5425570967219919 and parameters: {'threshold_scale_factor': 0.81426965100168}. Best is trial 28 with value: 0.543140195174806.
[I 2025-05-15 03:27:39,825] Trial 30 finished with value: 0.5429690028073089 and parameters: {'threshold_scale_factor': 0.9375760065619889}. Best is trial 28 with value: 0.543140195174806.
[I 2025-05-15 03:27:45,873] Trial 31 finished with value: 0.543195941714921 and parameters: {'threshold_scale_factor': 0.964497526268638}. Best is trial 31 with value: 0.543195941714921.
[I 2025-05-15 03:27:51,954] Trial 32 finished with value: 0.5428438545265217 and parameters: {'threshold_scale_factor': 0.9135765710122361}. Best is trial 31 with value: 0.543195941714921.
[I 2025-05-15 03:27:58,031] Trial 33 finished with value: 0.5427960514743648 and parameters: {'threshold_scale_factor': 0.8488353434606007}. Best is trial 31 with value: 0.543195941714921.
[I 2025-05-15 03:28:04,108] Trial 34 finished with value: 0.5430027256928565 and parameters: {'threshold_scale_factor': 0.9469119378875677}. Best is trial 31 with value: 0.543195941714921.
[I 2025-05-15 03:28:10,217] Trial 35 finished with value: 0.5198679157666627 and parameters: {'threshold_scale_factor': 0.20953862151110036}. Best is trial 31 with value: 0.543195941714921.
[I 2025-05-15 03:28:16,291] Trial 36 finished with value: 0.5419721647235962 and parameters: {'threshold_scale_factor': 0.7754494902290751}. Best is trial 31 with value: 0.543195941714921.
[I 2025-05-15 03:28:22,346] Trial 37 finished with value: 0.5428426119933301 and parameters: {'threshold_scale_factor': 0.856102950336568}. Best is trial 31 with value: 0.543195941714921.
[I 2025-05-15 03:28:28,417] Trial 38 finished with value: 0.5429852528336934 and parameters: {'threshold_scale_factor': 0.9411350199694895}. Best is trial 31 with value: 0.543195941714921.
[I 2025-05-15 03:28:34,481] Trial 39 finished with value: 0.5155500017589655 and parameters: {'threshold_scale_factor': 0.00025281021258483083}. Best is trial 31 with value: 0.543195941714921.
[I 2025-05-15 03:28:40,542] Trial 40 finished with value: 0.5397743655411633 and parameters: {'threshold_scale_factor': 0.7090443613094574}. Best is trial 31 with value: 0.543195941714921.
[I 2025-05-15 03:28:46,775] Trial 41 finished with value: 0.5431860253713177 and parameters: {'threshold_scale_factor': 0.9818939215170642}. Best is trial 31 with value: 0.543195941714921.
[I 2025-05-15 03:28:52,851] Trial 42 finished with value: 0.543128107564255 and parameters: {'threshold_scale_factor': 0.958499898533368}. Best is trial 31 with value: 0.543195941714921.
[I 2025-05-15 03:28:58,940] Trial 43 finished with value: 0.5428255275137376 and parameters: {'threshold_scale_factor': 0.8898643104097717}. Best is trial 31 with value: 0.543195941714921.
[I 2025-05-15 03:29:05,009] Trial 44 finished with value: 0.5425848137959178 and parameters: {'threshold_scale_factor': 0.8186583512475487}. Best is trial 31 with value: 0.543195941714921.
[I 2025-05-15 03:29:11,058] Trial 45 finished with value: 0.5431410225921522 and parameters: {'threshold_scale_factor': 0.9596015148560316}. Best is trial 31 with value: 0.543195941714921.
[I 2025-05-15 03:29:17,111] Trial 46 finished with value: 0.5263542514194851 and parameters: {'threshold_scale_factor': 0.39580669308009087}. Best is trial 31 with value: 0.543195941714921.
[I 2025-05-15 03:29:23,173] Trial 47 finished with value: 0.5431757276840053 and parameters: {'threshold_scale_factor': 0.9626307442745133}. Best is trial 31 with value: 0.543195941714921.
[I 2025-05-15 03:29:29,276] Trial 48 finished with value: 0.5428617354656685 and parameters: {'threshold_scale_factor': 0.8837566153339229}. Best is trial 31 with value: 0.543195941714921.
[I 2025-05-15 03:29:35,349] Trial 49 finished with value: 0.5425060431016893 and parameters: {'threshold_scale_factor': 0.8086401897761395}. Best is trial 31 with value: 0.543195941714921.
[I 2025-05-15 03:29:41,395] Trial 50 finished with value: 0.5431121150504119 and parameters: {'threshold_scale_factor': 0.9568448833029205}. Best is trial 31 with value: 0.543195941714921.
[I 2025-05-15 03:29:47,449] Trial 51 finished with value: 0.5430169099902201 and parameters: {'threshold_scale_factor': 0.9490777298379824}. Best is trial 31 with value: 0.543195941714921.
[I 2025-05-15 03:29:53,521] Trial 52 finished with value: 0.543200389786743 and parameters: {'threshold_scale_factor': 0.964842859045143}. Best is trial 52 with value: 0.543200389786743.
[I 2025-05-15 03:29:59,572] Trial 53 finished with value: 0.5428185183882248 and parameters: {'threshold_scale_factor': 0.8942086225082415}. Best is trial 52 with value: 0.543200389786743.
[I 2025-05-15 03:30:05,647] Trial 54 finished with value: 0.5432008428962422 and parameters: {'threshold_scale_factor': 0.9648918746123545}. Best is trial 54 with value: 0.5432008428962422.
[I 2025-05-15 03:30:11,717] Trial 55 finished with value: 0.5428715392354833 and parameters: {'threshold_scale_factor': 0.8590715840804377}. Best is trial 54 with value: 0.5432008428962422.
[I 2025-05-15 03:30:17,781] Trial 56 finished with value: 0.5428507355993499 and parameters: {'threshold_scale_factor': 0.9170553429381078}. Best is trial 54 with value: 0.5432008428962422.
[I 2025-05-15 03:30:23,789] Trial 57 finished with value: 0.5360759394634451 and parameters: {'threshold_scale_factor': 0.6023383859158972}. Best is trial 54 with value: 0.5432008428962422.
[I 2025-05-15 03:30:30,002] Trial 58 finished with value: 0.5432225640087526 and parameters: {'threshold_scale_factor': 0.9737241831239635}. Best is trial 58 with value: 0.5432225640087526.
[I 2025-05-15 03:30:36,069] Trial 59 finished with value: 0.5432109041785983 and parameters: {'threshold_scale_factor': 0.9775223053847486}. Best is trial 58 with value: 0.5432225640087526.
[I 2025-05-15 03:30:42,136] Trial 60 finished with value: 0.5415530356225683 and parameters: {'threshold_scale_factor': 0.7607591166988739}. Best is trial 58 with value: 0.5432225640087526.
[I 2025-05-15 03:30:48,224] Trial 61 finished with value: 0.54318479128116 and parameters: {'threshold_scale_factor': 0.9820730730037015}. Best is trial 58 with value: 0.5432225640087526.
[I 2025-05-15 03:30:54,289] Trial 62 finished with value: 0.5431609017160467 and parameters: {'threshold_scale_factor': 0.9860425666144411}. Best is trial 58 with value: 0.5432225640087526.
[I 2025-05-15 03:31:00,366] Trial 63 finished with value: 0.5428536948828178 and parameters: {'threshold_scale_factor': 0.9176623265918612}. Best is trial 58 with value: 0.5432225640087526.
[I 2025-05-15 03:31:06,437] Trial 64 finished with value: 0.5430016140266941 and parameters: {'threshold_scale_factor': 0.998147595137178}. Best is trial 58 with value: 0.5432225640087526.
[I 2025-05-15 03:31:12,506] Trial 65 finished with value: 0.5300241921071702 and parameters: {'threshold_scale_factor': 0.48061782781558654}. Best is trial 58 with value: 0.5432225640087526.
[I 2025-05-15 03:31:18,550] Trial 66 finished with value: 0.5427565985829774 and parameters: {'threshold_scale_factor': 0.8417233150825427}. Best is trial 58 with value: 0.5432225640087526.
[I 2025-05-15 03:31:24,617] Trial 67 finished with value: 0.542891084859529 and parameters: {'threshold_scale_factor': 0.8769304008881328}. Best is trial 58 with value: 0.5432225640087526.
[I 2025-05-15 03:31:30,689] Trial 68 finished with value: 0.5432166581063681 and parameters: {'threshold_scale_factor': 0.9760633885759203}. Best is trial 58 with value: 0.5432225640087526.
[I 2025-05-15 03:31:36,764] Trial 69 finished with value: 0.5428329039112356 and parameters: {'threshold_scale_factor': 0.9111536589166336}. Best is trial 58 with value: 0.5432225640087526.
[I 2025-05-15 03:31:42,821] Trial 70 finished with value: 0.5428971455508729 and parameters: {'threshold_scale_factor': 0.9289531104773371}. Best is trial 58 with value: 0.5432225640087526.
[I 2025-05-15 03:31:48,906] Trial 71 finished with value: 0.5432165525684414 and parameters: {'threshold_scale_factor': 0.9761013919001484}. Best is trial 58 with value: 0.5432225640087526.
[I 2025-05-15 03:31:54,985] Trial 72 finished with value: 0.5428158686826756 and parameters: {'threshold_scale_factor': 0.8920906390988643}. Best is trial 58 with value: 0.5432225640087526.
[I 2025-05-15 03:32:01,047] Trial 73 finished with value: 0.5432196581978344 and parameters: {'threshold_scale_factor': 0.9720867041876079}. Best is trial 58 with value: 0.5432225640087526.
[I 2025-05-15 03:32:07,273] Trial 74 finished with value: 0.5432169029543584 and parameters: {'threshold_scale_factor': 0.970667650102255}. Best is trial 58 with value: 0.5432225640087526.
[I 2025-05-15 03:32:13,346] Trial 75 finished with value: 0.5215819684934109 and parameters: {'threshold_scale_factor': 0.2748865479843917}. Best is trial 58 with value: 0.5432225640087526.
[I 2025-05-15 03:32:19,413] Trial 76 finished with value: 0.5428981840440725 and parameters: {'threshold_scale_factor': 0.9291856871465463}. Best is trial 58 with value: 0.5432225640087526.
[I 2025-05-15 03:32:25,502] Trial 77 finished with value: 0.5426714956131402 and parameters: {'threshold_scale_factor': 0.828666173370727}. Best is trial 58 with value: 0.5432225640087526.
[I 2025-05-15 03:32:31,571] Trial 78 finished with value: 0.5432174390870266 and parameters: {'threshold_scale_factor': 0.968417578309835}. Best is trial 58 with value: 0.5432225640087526.
[I 2025-05-15 03:32:37,646] Trial 79 finished with value: 0.5429063709728486 and parameters: {'threshold_scale_factor': 0.8678652979367958}. Best is trial 58 with value: 0.5432225640087526.
[I 2025-05-15 03:32:43,716] Trial 80 finished with value: 0.5431930907837247 and parameters: {'threshold_scale_factor': 0.9807732860847158}. Best is trial 58 with value: 0.5432225640087526.
[I 2025-05-15 03:32:49,797] Trial 81 finished with value: 0.5432178950108705 and parameters: {'threshold_scale_factor': 0.9713865837827648}. Best is trial 58 with value: 0.5432225640087526.
[I 2025-05-15 03:32:55,883] Trial 82 finished with value: 0.5429860225569729 and parameters: {'threshold_scale_factor': 0.9989993087722946}. Best is trial 58 with value: 0.5432225640087526.
[I 2025-05-15 03:33:01,965] Trial 83 finished with value: 0.542876029522476 and parameters: {'threshold_scale_factor': 0.9250057583725096}. Best is trial 58 with value: 0.5432225640087526.
[I 2025-05-15 03:33:08,036] Trial 84 finished with value: 0.5428250167101717 and parameters: {'threshold_scale_factor': 0.9044768264980706}. Best is trial 58 with value: 0.5432225640087526.
[I 2025-05-15 03:33:14,109] Trial 85 finished with value: 0.5432176037261924 and parameters: {'threshold_scale_factor': 0.9711574062605528}. Best is trial 58 with value: 0.5432225640087526.
[I 2025-05-15 03:33:20,165] Trial 86 finished with value: 0.5429358653054619 and parameters: {'threshold_scale_factor': 0.9342878390816991}. Best is trial 58 with value: 0.5432225640087526.
[I 2025-05-15 03:33:26,241] Trial 87 finished with value: 0.5423594889149997 and parameters: {'threshold_scale_factor': 0.794295521400419}. Best is trial 58 with value: 0.5432225640087526.
[I 2025-05-15 03:33:32,326] Trial 88 finished with value: 0.5432192416748165 and parameters: {'threshold_scale_factor': 0.9755643181250051}. Best is trial 58 with value: 0.5432225640087526.
[I 2025-05-15 03:33:38,418] Trial 89 finished with value: 0.5429851430742494 and parameters: {'threshold_scale_factor': 0.9419442016436129}. Best is trial 58 with value: 0.5432225640087526.
[I 2025-05-15 03:33:44,495] Trial 90 finished with value: 0.5428182538398216 and parameters: {'threshold_scale_factor': 0.9022247215741472}. Best is trial 58 with value: 0.5432225640087526.
[I 2025-05-15 03:33:50,719] Trial 91 finished with value: 0.5432179991416248 and parameters: {'threshold_scale_factor': 0.97569783194024}. Best is trial 58 with value: 0.5432225640087526.
[I 2025-05-15 03:33:56,805] Trial 92 finished with value: 0.5432168382244299 and parameters: {'threshold_scale_factor': 0.9708134403342875}. Best is trial 58 with value: 0.5432225640087526.
[I 2025-05-15 03:34:02,884] Trial 93 finished with value: 0.5429765945021776 and parameters: {'threshold_scale_factor': 0.9389357591282222}. Best is trial 58 with value: 0.5432225640087526.
[I 2025-05-15 03:34:08,968] Trial 94 finished with value: 0.5430222206586974 and parameters: {'threshold_scale_factor': 0.9496909229412092}. Best is trial 58 with value: 0.5432225640087526.
[I 2025-05-15 03:34:15,050] Trial 95 finished with value: 0.5430002434408179 and parameters: {'threshold_scale_factor': 0.9982000852194153}. Best is trial 58 with value: 0.5432225640087526.
[I 2025-05-15 03:34:21,103] Trial 96 finished with value: 0.5429104996165455 and parameters: {'threshold_scale_factor': 0.8728325015632167}. Best is trial 58 with value: 0.5432225640087526.
[I 2025-05-15 03:34:27,318] Trial 97 finished with value: 0.5432167917877421 and parameters: {'threshold_scale_factor': 0.9680692495511357}. Best is trial 58 with value: 0.5432225640087526.
[I 2025-05-15 03:34:33,393] Trial 98 finished with value: 0.5428264646905276 and parameters: {'threshold_scale_factor': 0.905271372290926}. Best is trial 58 with value: 0.5432225640087526.
