[I 2025-05-15 03:34:43,376] Trial 99 finished with value: 0.539691411323516 and parameters: {'threshold_scale_factor': 0.8944750445967741}. Best is trial 45 with value: 0.5397368390687334.
Best hyperparameters: {'threshold_scale_factor': 0.9050526246234026}
Best optimized value: 0.5397368390687334
Running audit 1/1
Training a GraphSAGE target model on github...
Training GraphSAGE on cuda:   0%|          | 0/300 [00:00<?, ?it/s]Training GraphSAGE on cuda:   5%|▍         | 14/300 [00:00<00:02, 135.61it/s]Training GraphSAGE on cuda:  10%|█         | 30/300 [00:00<00:01, 145.68it/s]Training GraphSAGE on cuda:  15%|█▌        | 46/300 [00:00<00:01, 149.24it/s]Training GraphSAGE on cuda:  21%|██        | 63/300 [00:00<00:01, 153.86it/s]Training GraphSAGE on cuda:  27%|██▋       | 80/300 [00:00<00:01, 156.36it/s]Training GraphSAGE on cuda:  32%|███▏      | 97/300 [00:00<00:01, 157.83it/s]Training GraphSAGE on cuda:  38%|███▊      | 114/300 [00:00<00:01, 158.68it/s]Training GraphSAGE on cuda:  44%|████▎     | 131/300 [00:00<00:01, 159.15it/s]Training GraphSAGE on cuda:  49%|████▉     | 148/300 [00:00<00:00, 159.66it/s]Training GraphSAGE on cuda:  55%|█████▌    | 165/300 [00:01<00:00, 159.97it/s]Training GraphSAGE on cuda:  61%|██████    | 182/300 [00:01<00:00, 160.16it/s]Training GraphSAGE on cuda:  66%|██████▋   | 199/300 [00:01<00:00, 160.23it/s]Training GraphSAGE on cuda:  72%|███████▏  | 216/300 [00:01<00:00, 160.40it/s]Training GraphSAGE on cuda:  78%|███████▊  | 233/300 [00:01<00:00, 160.57it/s]Training GraphSAGE on cuda:  83%|████████▎ | 250/300 [00:01<00:00, 160.60it/s]Training GraphSAGE on cuda:  89%|████████▉ | 267/300 [00:01<00:00, 160.71it/s]Training GraphSAGE on cuda:  95%|█████████▍| 284/300 [00:01<00:00, 160.86it/s]Training GraphSAGE on cuda: 100%|██████████| 300/300 [00:01<00:00, 158.52it/s]
Train accuracy: 0.9239 | Test accuracy: 0.8503
Training MLP on cuda:   0%|          | 0/1000 [00:00<?, ?it/s]Training MLP on cuda:   0%|          | 1/1000 [00:38<10:49:17, 39.00s/it]Training MLP on cuda:   0%|          | 2/1000 [01:17<10:38:55, 38.41s/it]Training MLP on cuda:   0%|          | 3/1000 [01:55<10:36:30, 38.31s/it]Training MLP on cuda:   0%|          | 4/1000 [02:33<10:33:42, 38.18s/it]Training MLP on cuda:   0%|          | 5/1000 [03:11<10:33:21, 38.19s/it]Training MLP on cuda:   1%|          | 6/1000 [03:49<10:32:07, 38.16s/it]Training MLP on cuda:   1%|          | 7/1000 [04:27<10:31:03, 38.13s/it]Training MLP on cuda:   1%|          | 8/1000 [05:05<10:29:33, 38.08s/it]Training MLP on cuda:   1%|          | 9/1000 [05:43<10:29:41, 38.13s/it]Training MLP on cuda:   1%|          | 10/1000 [06:21<10:28:17, 38.08s/it]Training MLP on cuda:   1%|          | 11/1000 [06:59<10:27:57, 38.10s/it]Training MLP on cuda:   1%|          | 12/1000 [07:37<10:26:40, 38.06s/it]Training MLP on cuda:   1%|▏         | 13/1000 [08:15<10:26:04, 38.06s/it]Training MLP on cuda:   1%|▏         | 14/1000 [08:53<10:24:54, 38.03s/it]Training MLP on cuda:   2%|▏         | 15/1000 [09:31<10:24:55, 38.07s/it]Training MLP on cuda:   2%|▏         | 16/1000 [10:09<10:23:37, 38.03s/it]Training MLP on cuda:   2%|▏         | 17/1000 [10:48<10:23:53, 38.08s/it]Training MLP on cuda:   2%|▏         | 18/1000 [11:26<10:23:02, 38.07s/it]Training MLP on cuda:   2%|▏         | 19/1000 [12:04<10:22:31, 38.08s/it]Training MLP on cuda:   2%|▏         | 20/1000 [12:42<10:21:38, 38.06s/it]Training MLP on cuda:   2%|▏         | 21/1000 [13:20<10:21:18, 38.08s/it]Training MLP on cuda:   2%|▏         | 22/1000 [13:58<10:19:47, 38.02s/it]Training MLP on cuda:   2%|▏         | 23/1000 [14:36<10:19:39, 38.05s/it]Training MLP on cuda:   2%|▏         | 24/1000 [15:14<10:18:56, 38.05s/it]Training MLP on cuda:   2%|▎         | 25/1000 [15:52<10:18:39, 38.07s/it]Training MLP on cuda:   3%|▎         | 26/1000 [16:30<10:17:38, 38.05s/it]Training MLP on cuda:   3%|▎         | 27/1000 [17:08<10:17:51, 38.10s/it]Training MLP on cuda:   3%|▎         | 28/1000 [17:46<10:16:32, 38.06s/it]Training MLP on cuda:   3%|▎         | 29/1000 [18:24<10:16:45, 38.11s/it]Training MLP on cuda:   3%|▎         | 30/1000 [19:03<10:15:38, 38.08s/it]Training MLP on cuda:   3%|▎         | 31/1000 [19:41<10:15:26, 38.11s/it]Training MLP on cuda:   3%|▎         | 32/1000 [20:19<10:14:26, 38.08s/it]Training MLP on cuda:   3%|▎         | 33/1000 [20:57<10:14:27, 38.13s/it]Training MLP on cuda:   3%|▎         | 34/1000 [21:35<10:13:03, 38.08s/it]Training MLP on cuda:   4%|▎         | 35/1000 [22:13<10:13:01, 38.12s/it]Training MLP on cuda:   4%|▎         | 36/1000 [22:51<10:12:10, 38.10s/it]Training MLP on cuda:   4%|▎         | 37/1000 [23:29<10:11:58, 38.13s/it]Training MLP on cuda:   4%|▍         | 38/1000 [24:07<10:11:00, 38.11s/it]Training MLP on cuda:   4%|▍         | 39/1000 [24:46<10:10:48, 38.14s/it]Training MLP on cuda:   4%|▍         | 40/1000 [25:24<10:09:32, 38.10s/it]Training MLP on cuda:   4%|▍         | 41/1000 [26:02<10:09:27, 38.13s/it]Training MLP on cuda:   4%|▍         | 42/1000 [26:40<10:08:26, 38.11s/it]Training MLP on cuda:   4%|▍         | 43/1000 [27:18<10:08:09, 38.13s/it]Training MLP on cuda:   4%|▍         | 44/1000 [27:56<10:06:54, 38.09s/it]Training MLP on cuda:   4%|▍         | 45/1000 [28:34<10:06:51, 38.13s/it]Training MLP on cuda:   5%|▍         | 46/1000 [29:12<10:05:23, 38.08s/it]Training MLP on cuda:   5%|▍         | 47/1000 [29:50<10:05:22, 38.11s/it]Training MLP on cuda:   5%|▍         | 48/1000 [30:29<10:04:28, 38.10s/it]Training MLP on cuda:   5%|▍         | 49/1000 [31:07<10:04:13, 38.12s/it]Training MLP on cuda:   5%|▌         | 50/1000 [31:45<10:03:53, 38.14s/it]Training MLP on cuda:   5%|▌         | 51/1000 [32:23<10:02:16, 38.08s/it]Training MLP on cuda:   5%|▌         | 52/1000 [33:01<10:01:45, 38.09s/it]Training MLP on cuda:   5%|▌         | 53/1000 [33:39<10:01:03, 38.08s/it]Training MLP on cuda:   5%|▌         | 54/1000 [34:17<10:00:56, 38.11s/it]Training MLP on cuda:   6%|▌         | 55/1000 [34:55<9:59:42, 38.08s/it] Training MLP on cuda:   6%|▌         | 56/1000 [35:33<9:59:37, 38.11s/it]Training MLP on cuda:   6%|▌         | 57/1000 [36:11<9:58:45, 38.10s/it]Training MLP on cuda:   6%|▌         | 58/1000 [36:49<9:57:57, 38.09s/it]Training MLP on cuda:   6%|▌         | 59/1000 [37:28<9:57:10, 38.08s/it]Training MLP on cuda:   6%|▌         | 60/1000 [38:06<9:56:47, 38.09s/it]Training MLP on cuda:   6%|▌         | 61/1000 [38:44<9:55:38, 38.06s/it]Training MLP on cuda:   6%|▌         | 62/1000 [39:22<9:55:22, 38.08s/it]Training MLP on cuda:   6%|▋         | 63/1000 [40:00<9:54:20, 38.06s/it]Training MLP on cuda:   6%|▋         | 64/1000 [40:38<9:54:12, 38.09s/it]Training MLP on cuda:   6%|▋         | 65/1000 [41:16<9:53:06, 38.06s/it]Training MLP on cuda:   7%|▋         | 66/1000 [41:54<9:53:11, 38.11s/it]Training MLP on cuda:   7%|▋         | 67/1000 [42:32<9:51:54, 38.06s/it]Training MLP on cuda:   7%|▋         | 68/1000 [43:10<9:52:09, 38.12s/it]Training MLP on cuda:   7%|▋         | 69/1000 [43:48<9:51:00, 38.09s/it]Training MLP on cuda:   7%|▋         | 70/1000 [44:27<9:50:51, 38.12s/it]Training MLP on cuda:   7%|▋         | 71/1000 [45:05<9:49:32, 38.08s/it]Training MLP on cuda:   7%|▋         | 72/1000 [45:43<9:49:55, 38.14s/it]Training MLP on cuda:   7%|▋         | 73/1000 [46:21<9:48:57, 38.12s/it]Training MLP on cuda:   7%|▋         | 74/1000 [46:59<9:48:28, 38.13s/it]Training MLP on cuda:   8%|▊         | 75/1000 [47:37<9:47:37, 38.12s/it]Training MLP on cuda:   8%|▊         | 76/1000 [48:15<9:47:31, 38.15s/it]Training MLP on cuda:   8%|▊         | 77/1000 [48:53<9:46:14, 38.11s/it]Training MLP on cuda:   8%|▊         | 78/1000 [49:32<9:45:50, 38.12s/it]Training MLP on cuda:   8%|▊         | 79/1000 [50:10<9:44:35, 38.08s/it]Training MLP on cuda:   8%|▊         | 80/1000 [50:48<9:44:24, 38.11s/it]Training MLP on cuda:   8%|▊         | 81/1000 [51:26<9:42:59, 38.06s/it]Training MLP on cuda:   8%|▊         | 82/1000 [52:04<9:42:54, 38.10s/it]Training MLP on cuda:   8%|▊         | 83/1000 [52:42<9:42:13, 38.09s/it]Training MLP on cuda:   8%|▊         | 84/1000 [53:20<9:41:40, 38.10s/it]Training MLP on cuda:   8%|▊         | 85/1000 [53:58<9:40:37, 38.07s/it]Training MLP on cuda:   9%|▊         | 86/1000 [54:36<9:40:44, 38.12s/it]Training MLP on cuda:   9%|▊         | 87/1000 [55:14<9:39:36, 38.09s/it]Training MLP on cuda:   9%|▉         | 88/1000 [55:52<9:39:17, 38.11s/it]Training MLP on cuda:   9%|▉         | 89/1000 [56:30<9:38:08, 38.08s/it]Training MLP on cuda:   9%|▉         | 90/1000 [57:09<9:38:01, 38.11s/it]Training MLP on cuda:   9%|▉         | 91/1000 [57:47<9:36:49, 38.07s/it]Training MLP on cuda:   9%|▉         | 92/1000 [58:25<9:36:50, 38.12s/it]Training MLP on cuda:   9%|▉         | 93/1000 [59:03<9:35:46, 38.09s/it]Training MLP on cuda:   9%|▉         | 94/1000 [59:41<9:35:36, 38.12s/it]Training MLP on cuda:  10%|▉         | 95/1000 [1:00:19<9:34:37, 38.10s/it]Training MLP on cuda:  10%|▉         | 96/1000 [1:00:57<9:34:39, 38.14s/it]Training MLP on cuda:  10%|▉         | 97/1000 [1:01:35<9:33:38, 38.12s/it]Training MLP on cuda:  10%|▉         | 98/1000 [1:02:14<9:33:02, 38.12s/it]Training MLP on cuda:  10%|▉         | 99/1000 [1:02:52<9:32:22, 38.12s/it]Training MLP on cuda:  10%|█         | 100/1000 [1:03:30<9:31:40, 38.11s/it]Training MLP on cuda:  10%|█         | 101/1000 [1:04:08<9:30:52, 38.10s/it]Training MLP on cuda:  10%|█         | 102/1000 [1:04:46<9:30:42, 38.13s/it]Training MLP on cuda:  10%|█         | 103/1000 [1:05:24<9:29:28, 38.09s/it]Training MLP on cuda:  10%|█         | 104/1000 [1:06:02<9:29:31, 38.14s/it]Training MLP on cuda:  10%|█         | 105/1000 [1:06:40<9:28:16, 38.10s/it]Training MLP on cuda:  11%|█         | 106/1000 [1:07:18<9:27:59, 38.12s/it]Training MLP on cuda:  11%|█         | 107/1000 [1:07:56<9:26:56, 38.09s/it]Training MLP on cuda:  11%|█         | 108/1000 [1:08:35<9:26:41, 38.12s/it]Training MLP on cuda:  11%|█         | 109/1000 [1:09:13<9:25:49, 38.10s/it]Training MLP on cuda:  11%|█         | 110/1000 [1:09:51<9:24:10, 38.03s/it]Training MLP on cuda:  11%|█         | 111/1000 [1:10:29<9:24:12, 38.08s/it]Training MLP on cuda:  11%|█         | 112/1000 [1:11:07<9:23:06, 38.05s/it]Training MLP on cuda:  11%|█▏        | 113/1000 [1:11:45<9:23:17, 38.10s/it]Training MLP on cuda:  11%|█▏        | 114/1000 [1:12:23<9:22:14, 38.08s/it]Training MLP on cuda:  12%|█▏        | 115/1000 [1:13:01<9:21:39, 38.08s/it]Training MLP on cuda:  12%|█▏        | 116/1000 [1:13:39<9:20:52, 38.07s/it]Training MLP on cuda:  12%|█▏        | 117/1000 [1:14:17<9:20:29, 38.09s/it]Training MLP on cuda:  12%|█▏        | 118/1000 [1:14:55<9:19:31, 38.06s/it]Training MLP on cuda:  12%|█▏        | 119/1000 [1:15:33<9:19:19, 38.09s/it]Training MLP on cuda:  12%|█▏        | 120/1000 [1:16:11<9:18:23, 38.07s/it]Training MLP on cuda:  12%|█▏        | 121/1000 [1:16:50<9:18:03, 38.09s/it]Training MLP on cuda:  12%|█▏        | 122/1000 [1:17:28<9:17:07, 38.07s/it]Training MLP on cuda:  12%|█▏        | 123/1000 [1:18:06<9:17:03, 38.11s/it]Training MLP on cuda:  12%|█▏        | 124/1000 [1:18:44<9:16:15, 38.10s/it]Training MLP on cuda:  12%|█▎        | 125/1000 [1:19:22<9:15:41, 38.10s/it]Training MLP on cuda:  13%|█▎        | 126/1000 [1:20:00<9:14:41, 38.08s/it]Training MLP on cuda:  13%|█▎        | 127/1000 [1:20:38<9:14:32, 38.11s/it]Training MLP on cuda:  13%|█▎        | 128/1000 [1:21:16<9:13:18, 38.07s/it]Training MLP on cuda:  13%|█▎        | 129/1000 [1:21:54<9:13:34, 38.13s/it]Training MLP on cuda:  13%|█▎        | 130/1000 [1:22:32<9:12:17, 38.09s/it]Training MLP on cuda:  13%|█▎        | 131/1000 [1:23:11<9:11:42, 38.09s/it]Training MLP on cuda:  13%|█▎        | 132/1000 [1:23:49<9:10:58, 38.09s/it]Training MLP on cuda:  13%|█▎        | 133/1000 [1:24:27<9:10:45, 38.12s/it]Training MLP on cuda:  13%|█▎        | 134/1000 [1:25:05<9:09:30, 38.07s/it]Training MLP on cuda:  14%|█▎        | 135/1000 [1:25:43<9:09:27, 38.11s/it]Training MLP on cuda:  14%|█▎        | 136/1000 [1:26:21<9:08:17, 38.08s/it]Training MLP on cuda:  14%|█▎        | 137/1000 [1:26:59<9:07:52, 38.09s/it]Training MLP on cuda:  14%|█▍        | 138/1000 [1:27:37<9:07:29, 38.11s/it]Training MLP on cuda:  14%|█▍        | 139/1000 [1:28:15<9:06:04, 38.05s/it]Training MLP on cuda:  14%|█▍        | 140/1000 [1:28:53<9:05:54, 38.09s/it]Training MLP on cuda:  14%|█▍        | 141/1000 [1:29:31<9:04:52, 38.06s/it]Training MLP on cuda:  14%|█▍        | 142/1000 [1:30:09<9:04:33, 38.08s/it]Training MLP on cuda:  14%|█▍        | 143/1000 [1:30:47<9:03:05, 38.02s/it]Training MLP on cuda:  14%|█▍        | 144/1000 [1:31:26<9:03:00, 38.06s/it]Training MLP on cuda:  14%|█▍        | 145/1000 [1:32:04<9:02:07, 38.04s/it]Training MLP on cuda:  15%|█▍        | 146/1000 [1:32:42<9:01:59, 38.08s/it]Training MLP on cuda:  15%|█▍        | 147/1000 [1:33:20<9:01:10, 38.07s/it]Training MLP on cuda:  15%|█▍        | 148/1000 [1:33:58<9:01:01, 38.10s/it]Training MLP on cuda:  15%|█▍        | 149/1000 [1:34:36<8:59:36, 38.05s/it]Training MLP on cuda:  15%|█▌        | 150/1000 [1:35:14<8:59:37, 38.09s/it]Training MLP on cuda:  15%|█▌        | 151/1000 [1:35:52<8:58:49, 38.08s/it]Training MLP on cuda:  15%|█▌        | 152/1000 [1:36:30<8:58:24, 38.09s/it]Training MLP on cuda:  15%|█▌        | 153/1000 [1:37:08<8:57:42, 38.09s/it]Training MLP on cuda:  15%|█▌        | 154/1000 [1:37:47<8:57:36, 38.13s/it]Training MLP on cuda:  16%|█▌        | 155/1000 [1:38:24<8:56:00, 38.06s/it]Training MLP on cuda:  16%|█▌        | 156/1000 [1:39:03<8:56:15, 38.12s/it]Training MLP on cuda:  16%|█▌        | 157/1000 [1:39:41<8:55:01, 38.08s/it]Training MLP on cuda:  16%|█▌        | 158/1000 [1:40:19<8:54:33, 38.09s/it]Training MLP on cuda:  16%|█▌        | 159/1000 [1:40:57<8:53:34, 38.07s/it]Training MLP on cuda:  16%|█▌        | 160/1000 [1:41:35<8:53:16, 38.09s/it]Training MLP on cuda:  16%|█▌        | 161/1000 [1:42:13<8:51:57, 38.04s/it]Training MLP on cuda:  16%|█▌        | 162/1000 [1:42:51<8:52:00, 38.09s/it]Training MLP on cuda:  16%|█▋        | 163/1000 [1:43:29<8:51:09, 38.08s/it]Training MLP on cuda:  16%|█▋        | 164/1000 [1:44:07<8:50:40, 38.09s/it]Training MLP on cuda:  16%|█▋        | 165/1000 [1:44:45<8:50:05, 38.09s/it]Training MLP on cuda:  17%|█▋        | 166/1000 [1:45:23<8:49:41, 38.11s/it]Training MLP on cuda:  17%|█▋        | 167/1000 [1:46:01<8:48:18, 38.05s/it]Training MLP on cuda:  17%|█▋        | 168/1000 [1:46:40<8:48:20, 38.10s/it]Training MLP on cuda:  17%|█▋        | 169/1000 [1:47:18<8:47:12, 38.07s/it]Training MLP on cuda:  17%|█▋        | 170/1000 [1:47:56<8:46:39, 38.07s/it]Training MLP on cuda:  17%|█▋        | 171/1000 [1:48:34<8:46:02, 38.07s/it]Training MLP on cuda:  17%|█▋        | 171/1000 [1:49:12<8:49:25, 38.32s/it]
Training MLP on cuda:   0%|          | 0/1000 [00:00<?, ?it/s]Training MLP on cuda:   0%|          | 1/1000 [00:37<10:31:36, 37.93s/it]Training MLP on cuda:   0%|          | 2/1000 [01:16<10:40:01, 38.48s/it]Training MLP on cuda:   0%|          | 3/1000 [01:54<10:34:01, 38.16s/it]Training MLP on cuda:   0%|          | 4/1000 [02:32<10:31:28, 38.04s/it]Training MLP on cuda:   0%|          | 5/1000 [03:11<10:38:34, 38.51s/it]Training MLP on cuda:   1%|          | 6/1000 [03:49<10:33:42, 38.25s/it]Training MLP on cuda:   1%|          | 7/1000 [04:27<10:31:20, 38.15s/it]Training MLP on cuda:   1%|          | 8/1000 [05:06<10:36:22, 38.49s/it]Training MLP on cuda:   1%|          | 9/1000 [05:44<10:31:53, 38.26s/it]Training MLP on cuda:   1%|          | 10/1000 [06:22<10:29:30, 38.15s/it]Training MLP on cuda:   1%|          | 11/1000 [07:01<10:34:21, 38.48s/it]Training MLP on cuda:   1%|          | 12/1000 [07:39<10:30:23, 38.28s/it]Training MLP on cuda:   1%|▏         | 13/1000 [08:17<10:27:49, 38.17s/it]Training MLP on cuda:   1%|▏         | 14/1000 [08:56<10:32:44, 38.50s/it]Training MLP on cuda:   2%|▏         | 15/1000 [09:34<10:28:28, 38.28s/it]Training MLP on cuda:   2%|▏         | 16/1000 [10:12<10:26:02, 38.17s/it]Training MLP on cuda:   2%|▏         | 17/1000 [10:51<10:31:19, 38.54s/it]Training MLP on cuda:   2%|▏         | 18/1000 [11:29<10:27:11, 38.32s/it]Training MLP on cuda:   2%|▏         | 19/1000 [12:07<10:24:38, 38.20s/it]Training MLP on cuda:   2%|▏         | 20/1000 [12:46<10:29:13, 38.52s/it]Training MLP on cuda:   2%|▏         | 21/1000 [13:24<10:24:19, 38.26s/it]Training MLP on cuda:   2%|▏         | 22/1000 [14:02<10:22:14, 38.17s/it]Training MLP on cuda:   2%|▏         | 23/1000 [14:41<10:27:11, 38.52s/it]Training MLP on cuda:   2%|▏         | 24/1000 [15:19<10:23:15, 38.31s/it]Training MLP on cuda:   2%|▎         | 25/1000 [15:57<10:20:27, 38.18s/it]Training MLP on cuda:   3%|▎         | 26/1000 [16:36<10:25:32, 38.53s/it]Training MLP on cuda:   3%|▎         | 27/1000 [17:14<10:21:24, 38.32s/it]Training MLP on cuda:   3%|▎         | 28/1000 [17:52<10:18:34, 38.18s/it]Training MLP on cuda:   3%|▎         | 29/1000 [18:31<10:23:48, 38.55s/it]Training MLP on cuda:   3%|▎         | 30/1000 [19:09<10:19:29, 38.32s/it]Training MLP on cuda:   3%|▎         | 31/1000 [19:47<10:16:54, 38.20s/it]Training MLP on cuda:   3%|▎         | 32/1000 [20:26<10:21:41, 38.53s/it]Training MLP on cuda:   3%|▎         | 33/1000 [21:04<10:18:01, 38.35s/it]Training MLP on cuda:   3%|▎         | 34/1000 [21:42<10:15:40, 38.24s/it]Training MLP on cuda:   4%|▎         | 35/1000 [22:21<10:19:54, 38.54s/it]Training MLP on cuda:   4%|▎         | 36/1000 [22:59<10:15:30, 38.31s/it]Training MLP on cuda:   4%|▎         | 37/1000 [23:37<10:13:04, 38.20s/it]Training MLP on cuda:   4%|▍         | 38/1000 [24:16<10:17:46, 38.53s/it]Training MLP on cuda:   4%|▍         | 39/1000 [24:54<10:13:57, 38.33s/it]Training MLP on cuda:   4%|▍         | 40/1000 [25:32<10:11:46, 38.24s/it]Training MLP on cuda:   4%|▍         | 41/1000 [26:12<10:16:24, 38.57s/it]Training MLP on cuda:   4%|▍         | 42/1000 [26:49<10:12:01, 38.33s/it]Training MLP on cuda:   4%|▍         | 43/1000 [27:28<10:10:09, 38.25s/it]Training MLP on cuda:   4%|▍         | 44/1000 [28:07<10:14:32, 38.57s/it]Training MLP on cuda:   4%|▍         | 45/1000 [28:45<10:10:04, 38.33s/it]Training MLP on cuda:   5%|▍         | 46/1000 [29:23<10:07:58, 38.24s/it]Training MLP on cuda:   5%|▍         | 47/1000 [30:02<10:12:32, 38.57s/it]Training MLP on cuda:   5%|▍         | 48/1000 [30:40<10:08:29, 38.35s/it]Training MLP on cuda:   5%|▍         | 49/1000 [31:18<10:06:05, 38.24s/it]Training MLP on cuda:   5%|▌         | 50/1000 [31:57<10:10:47, 38.58s/it]Training MLP on cuda:   5%|▌         | 51/1000 [32:35<10:06:42, 38.36s/it]Training MLP on cuda:   5%|▌         | 52/1000 [33:13<10:04:09, 38.24s/it]Training MLP on cuda:   5%|▌         | 53/1000 [33:52<10:08:36, 38.56s/it]Training MLP on cuda:   5%|▌         | 54/1000 [34:30<10:04:31, 38.34s/it]Training MLP on cuda:   6%|▌         | 55/1000 [35:08<10:01:59, 38.22s/it]Training MLP on cuda:   6%|▌         | 56/1000 [35:47<10:06:35, 38.55s/it]Training MLP on cuda:   6%|▌         | 57/1000 [36:25<10:02:34, 38.34s/it]Training MLP on cuda:   6%|▌         | 58/1000 [37:03<10:00:27, 38.25s/it]Training MLP on cuda:   6%|▌         | 59/1000 [37:43<10:04:57, 38.57s/it]Training MLP on cuda:   6%|▌         | 60/1000 [38:20<10:01:07, 38.37s/it]Training MLP on cuda:   6%|▌         | 61/1000 [38:58<9:58:39, 38.25s/it] Training MLP on cuda:   6%|▌         | 62/1000 [39:38<10:02:52, 38.56s/it]Training MLP on cuda:   6%|▋         | 63/1000 [40:16<9:58:44, 38.34s/it] Training MLP on cuda:   6%|▋         | 64/1000 [40:53<9:56:11, 38.22s/it]Training MLP on cuda:   6%|▋         | 65/1000 [41:33<10:00:54, 38.56s/it]Training MLP on cuda:   7%|▋         | 66/1000 [42:11<9:56:33, 38.32s/it] Training MLP on cuda:   7%|▋         | 67/1000 [42:49<9:54:19, 38.22s/it]Training MLP on cuda:   7%|▋         | 68/1000 [43:28<9:58:25, 38.52s/it]Training MLP on cuda:   7%|▋         | 69/1000 [44:06<9:54:06, 38.29s/it]Training MLP on cuda:   7%|▋         | 70/1000 [44:44<9:52:18, 38.21s/it]Training MLP on cuda:   7%|▋         | 71/1000 [45:23<9:56:41, 38.54s/it]Training MLP on cuda:   7%|▋         | 72/1000 [46:01<9:53:03, 38.34s/it]Training MLP on cuda:   7%|▋         | 73/1000 [46:39<9:50:36, 38.23s/it]Training MLP on cuda:   7%|▋         | 74/1000 [47:18<9:55:17, 38.57s/it]Training MLP on cuda:   8%|▊         | 75/1000 [47:56<9:51:17, 38.35s/it]Training MLP on cuda:   8%|▊         | 76/1000 [48:34<9:48:38, 38.22s/it]Training MLP on cuda:   8%|▊         | 77/1000 [49:13<9:53:21, 38.57s/it]Training MLP on cuda:   8%|▊         | 78/1000 [49:51<9:49:04, 38.33s/it]Training MLP on cuda:   8%|▊         | 79/1000 [50:29<9:46:29, 38.21s/it]Training MLP on cuda:   8%|▊         | 80/1000 [51:08<9:50:41, 38.52s/it]Training MLP on cuda:   8%|▊         | 81/1000 [51:46<9:46:42, 38.30s/it]Training MLP on cuda:   8%|▊         | 82/1000 [52:24<9:44:18, 38.19s/it]Training MLP on cuda:   8%|▊         | 83/1000 [53:03<9:48:15, 38.49s/it]Training MLP on cuda:   8%|▊         | 84/1000 [53:41<9:44:35, 38.29s/it]Training MLP on cuda:   8%|▊         | 85/1000 [54:19<9:42:20, 38.19s/it]Training MLP on cuda:   9%|▊         | 86/1000 [54:58<9:46:26, 38.50s/it]Training MLP on cuda:   9%|▊         | 87/1000 [55:36<9:42:17, 38.27s/it]Training MLP on cuda:   9%|▉         | 88/1000 [56:14<9:40:11, 38.17s/it]Training MLP on cuda:   9%|▉         | 89/1000 [56:53<9:44:31, 38.50s/it]Training MLP on cuda:   9%|▉         | 90/1000 [57:31<9:40:22, 38.27s/it]Training MLP on cuda:   9%|▉         | 91/1000 [58:09<9:38:02, 38.15s/it]Training MLP on cuda:   9%|▉         | 92/1000 [58:48<9:42:55, 38.52s/it]Training MLP on cuda:   9%|▉         | 93/1000 [59:26<9:38:21, 38.26s/it]Training MLP on cuda:   9%|▉       