This job can be monitored from: https://job.c3se.chalmers.se/alvis/4351579
/usr/share/lmod/lmod/init/bash: /usr/share/lmod/lmod/libexec/addto: /usr/bin/lua: bad interpreter: No such file or directory
no change     /opt/conda/condabin/conda
no change     /opt/conda/bin/conda
no change     /opt/conda/bin/conda-env
no change     /opt/conda/bin/activate
no change     /opt/conda/bin/deactivate
no change     /opt/conda/etc/profile.d/conda.sh
no change     /opt/conda/etc/fish/conf.d/conda.fish
no change     /opt/conda/shell/condabin/Conda.psm1
no change     /opt/conda/shell/condabin/conda-hook.ps1
no change     /opt/conda/lib/python3.12/site-packages/xontrib/conda.xsh
no change     /opt/conda/etc/profile.d/conda.csh
no change     /cephyr/users/lassila/Alvis/.bashrc
No action taken.
Overwriting config seed with seed=907
Running MIA...

attacks:
  MLP-attack-0hop:
    attack: mlp-attack
    edge_dropout: 0.0
    mlp_attack_queries:
    - 0
    mlp_hidden_dim:
    - 128
    - 64
  MLP-attack-comb:
    attack: mlp-attack
    edge_dropout: 0.5
    mlp_attack_queries:
    - 0
    - 2
    mlp_hidden_dim:
    - 128
    - 64
  graph-lset-MIA:
    attack: graph-lset
    num_sampled_graphs: 16
    prior: 0.5
    sampling_strategy: MIA
  graph-lset-MIA-offline:
    attack: graph-lset
    num_sampled_graphs: 16
    offline: true
    prior: 0.5
    sampling_strategy: MIA
    threshold_scale_factor: 0.9
  lira:
    attack: lira
  lira-offline:
    attack: lira
    offline: true
  lset:
    attack: lset
  lset-offline:
    attack: lset
    offline: true
  rmia:
    Z_frac: 0.5
    attack: rmia
    rmia_gamma: 1
  rmia-offline:
    Z_frac: 0.5
    attack: rmia
    offline: true
    rmia_gamma: 1
batch_size: 524288
datadir: ./data
dataset: github
device: cuda
dropout: 0.0
early_stopping: 0
epochs: 300
epochs_mlp: 1000
frac_target_nodes: 0.2
hidden_dim:
- 64
hidden_dim_mlp:
- 128
hyperparam_search: false
inductive_inference: true
inductive_split: true
lr: 0.001
max_num_nodes: null
model: GraphSAGE
name: github-GraphSAGE
num_audits: 1
num_processes: 1
num_shadow_models: 128
offline: false
optimizer: Adam
pretrain_shadow_models: true
savedir: large_N_results
seed: 907
target_fpr:
- 0.01
- 0.001
train_frac: 0.5
val_frac: 0.0
weight_decay: 1.0e-05

Dataset properties
#Nodes: 37700
#Edges: 578006
#Features: 128
#Classes: 2
#Class distribution: [0.7417, 0.2583]
Average degree: 15.3317
Fraction isolated nodes: 0.0

Training 128 shadow models:   0%|          | 0/128 [00:00<?, ?it/s]Training 128 shadow models:   1%|          | 1/128 [00:05<11:13,  5.31s/it]Training 128 shadow models:   2%|▏         | 2/128 [00:07<06:55,  3.30s/it]Training 128 shadow models:   2%|▏         | 3/128 [00:09<05:31,  2.66s/it]Training 128 shadow models:   3%|▎         | 4/128 [00:10<04:51,  2.35s/it]Training 128 shadow models:   4%|▍         | 5/128 [00:12<04:28,  2.19s/it]Training 128 shadow models:   5%|▍         | 6/128 [00:14<04:14,  2.08s/it]Training 128 shadow models:   5%|▌         | 7/128 [00:16<04:04,  2.02s/it]Training 128 shadow models:   6%|▋         | 8/128 [00:18<03:57,  1.98s/it]Training 128 shadow models:   7%|▋         | 9/128 [00:20<03:52,  1.95s/it]Training 128 shadow models:   8%|▊         | 10/128 [00:22<03:48,  1.93s/it]Training 128 shadow models:   9%|▊         | 11/128 [00:24<03:45,  1.92s/it]Training 128 shadow models:   9%|▉         | 12/128 [00:26<03:42,  1.91s/it]Training 128 shadow models:  10%|█         | 13/128 [00:28<03:39,  1.91s/it]Training 128 shadow models:  11%|█         | 14/128 [00:29<03:37,  1.91s/it]Training 128 shadow models:  12%|█▏        | 15/128 [00:31<03:35,  1.91s/it]Training 128 shadow models:  12%|█▎        | 16/128 [00:33<03:32,  1.90s/it]Training 128 shadow models:  13%|█▎        | 17/128 [00:35<03:30,  1.90s/it]Training 128 shadow models:  14%|█▍        | 18/128 [00:37<03:28,  1.90s/it]Training 128 shadow models:  15%|█▍        | 19/128 [00:39<03:26,  1.90s/it]Training 128 shadow models:  16%|█▌        | 20/128 [00:41<03:24,  1.89s/it]Training 128 shadow models:  16%|█▋        | 21/128 [00:43<03:23,  1.90s/it]Training 128 shadow models:  17%|█▋        | 22/128 [00:45<03:21,  1.90s/it]Training 128 shadow models:  18%|█▊        | 23/128 [00:46<03:19,  1.90s/it]Training 128 shadow models:  19%|█▉        | 24/128 [00:48<03:17,  1.90s/it]Training 128 shadow models:  20%|█▉        | 25/128 [00:50<03:15,  1.90s/it]Training 128 shadow models:  20%|██        | 26/128 [00:52<03:13,  1.90s/it]Training 128 shadow models:  21%|██        | 27/128 [00:54<03:11,  1.90s/it]Training 128 shadow models:  22%|██▏       | 28/128 [00:56<03:09,  1.90s/it]Training 128 shadow models:  23%|██▎       | 29/128 [00:58<03:08,  1.90s/it]Training 128 shadow models:  23%|██▎       | 30/128 [01:00<03:06,  1.90s/it]Training 128 shadow models:  24%|██▍       | 31/128 [01:02<03:04,  1.90s/it]Training 128 shadow models:  25%|██▌       | 32/128 [01:04<03:02,  1.90s/it]Training 128 shadow models:  26%|██▌       | 33/128 [01:05<03:00,  1.90s/it]Training 128 shadow models:  27%|██▋       | 34/128 [01:07<02:58,  1.90s/it]Training 128 shadow models:  27%|██▋       | 35/128 [01:09<02:56,  1.90s/it]Training 128 shadow models:  28%|██▊       | 36/128 [01:11<02:54,  1.90s/it]Training 128 shadow models:  29%|██▉       | 37/128 [01:13<02:53,  1.90s/it]Training 128 shadow models:  30%|██▉       | 38/128 [01:15<02:51,  1.90s/it]Training 128 shadow models:  30%|███       | 39/128 [01:17<02:49,  1.90s/it]Training 128 shadow models:  31%|███▏      | 40/128 [01:19<02:47,  1.90s/it]Training 128 shadow models:  32%|███▏      | 41/128 [01:21<02:45,  1.90s/it]Training 128 shadow models:  33%|███▎      | 42/128 [01:23<02:43,  1.90s/it]Training 128 shadow models:  34%|███▎      | 43/128 [01:25<02:41,  1.90s/it]Training 128 shadow models:  34%|███▍      | 44/128 [01:26<02:40,  1.91s/it]Training 128 shadow models:  35%|███▌      | 45/128 [01:28<02:38,  1.91s/it]Training 128 shadow models:  36%|███▌      | 46/128 [01:30<02:36,  1.91s/it]Training 128 shadow models:  37%|███▋      | 47/128 [01:32<02:34,  1.91s/it]Training 128 shadow models:  38%|███▊      | 48/128 [01:34<02:32,  1.91s/it]Training 128 shadow models:  38%|███▊      | 49/128 [01:36<02:30,  1.91s/it]Training 128 shadow models:  39%|███▉      | 50/128 [01:38<02:28,  1.91s/it]Training 128 shadow models:  40%|███▉      | 51/128 [01:40<02:26,  1.91s/it]Training 128 shadow models:  41%|████      | 52/128 [01:42<02:24,  1.91s/it]Training 128 shadow models:  41%|████▏     | 53/128 [01:44<02:22,  1.90s/it]Training 128 shadow models:  42%|████▏     | 54/128 [01:45<02:20,  1.90s/it]Training 128 shadow models:  43%|████▎     | 55/128 [01:47<02:19,  1.91s/it]Training 128 shadow models:  44%|████▍     | 56/128 [01:49<02:17,  1.91s/it]Training 128 shadow models:  45%|████▍     | 57/128 [01:51<02:15,  1.91s/it]Training 128 shadow models:  45%|████▌     | 58/128 [01:53<02:13,  1.91s/it]Training 128 shadow models:  46%|████▌     | 59/128 [01:55<02:11,  1.91s/it]Training 128 shadow models:  47%|████▋     | 60/128 [01:57<02:09,  1.91s/it]Training 128 shadow models:  48%|████▊     | 61/128 [01:59<02:07,  1.91s/it]Training 128 shadow models:  48%|████▊     | 62/128 [02:01<02:05,  1.90s/it]Training 128 shadow models:  49%|████▉     | 63/128 [02:03<02:03,  1.90s/it]Training 128 shadow models:  50%|█████     | 64/128 [02:05<02:01,  1.90s/it]Training 128 shadow models:  51%|█████     | 65/128 [02:06<01:59,  1.90s/it]Training 128 shadow models:  52%|█████▏    | 66/128 [02:08<01:58,  1.90s/it]Training 128 shadow models:  52%|█████▏    | 67/128 [02:10<01:56,  1.91s/it]Training 128 shadow models:  53%|█████▎    | 68/128 [02:12<01:54,  1.90s/it]Training 128 shadow models:  54%|█████▍    | 69/128 [02:14<01:52,  1.91s/it]Training 128 shadow models:  55%|█████▍    | 70/128 [02:16<01:50,  1.91s/it]Training 128 shadow models:  55%|█████▌    | 71/128 [02:18<01:48,  1.91s/it]Training 128 shadow models:  56%|█████▋    | 72/128 [02:20<01:46,  1.91s/it]Training 128 shadow models:  57%|█████▋    | 73/128 [02:22<01:45,  1.91s/it]Training 128 shadow models:  58%|█████▊    | 74/128 [02:24<01:43,  1.91s/it]Training 128 shadow models:  59%|█████▊    | 75/128 [02:26<01:41,  1.91s/it]Training 128 shadow models:  59%|█████▉    | 76/128 [02:27<01:39,  1.91s/it]Training 128 shadow models:  60%|██████    | 77/128 [02:29<01:37,  1.91s/it]Training 128 shadow models:  61%|██████    | 78/128 [02:31<01:35,  1.91s/it]Training 128 shadow models:  62%|██████▏   | 79/128 [02:33<01:33,  1.91s/it]Training 128 shadow models:  62%|██████▎   | 80/128 [02:35<01:31,  1.91s/it]Training 128 shadow models:  63%|██████▎   | 81/128 [02:37<01:29,  1.91s/it]Training 128 shadow models:  64%|██████▍   | 82/128 [02:39<01:27,  1.90s/it]Training 128 shadow models:  65%|██████▍   | 83/128 [02:41<01:25,  1.91s/it]Training 128 shadow models:  66%|██████▌   | 84/128 [02:43<01:23,  1.90s/it]Training 128 shadow models:  66%|██████▋   | 85/128 [02:45<01:21,  1.90s/it]Training 128 shadow models:  67%|██████▋   | 86/128 [02:46<01:19,  1.90s/it]Training 128 shadow models:  68%|██████▊   | 87/128 [02:48<01:18,  1.91s/it]Training 128 shadow models:  69%|██████▉   | 88/128 [02:50<01:16,  1.90s/it]Training 128 shadow models:  70%|██████▉   | 89/128 [02:52<01:14,  1.91s/it]Training 128 shadow models:  70%|███████   | 90/128 [02:54<01:12,  1.91s/it]Training 128 shadow models:  71%|███████   | 91/128 [02:56<01:10,  1.91s/it]Training 128 shadow models:  72%|███████▏  | 92/128 [02:58<01:08,  1.91s/it]Training 128 shadow models:  73%|███████▎  | 93/128 [03:00<01:06,  1.91s/it]Training 128 shadow models:  73%|███████▎  | 94/128 [03:02<01:04,  1.91s/it]Training 128 shadow models:  74%|███████▍  | 95/128 [03:04<01:02,  1.91s/it]Training 128 shadow models:  75%|███████▌  | 96/128 [03:06<01:00,  1.91s/it]Training 128 shadow models:  76%|███████▌  | 97/128 [03:07<00:59,  1.91s/it]Training 128 shadow models:  77%|███████▋  | 98/128 [03:09<00:57,  1.91s/it]Training 128 shadow models:  77%|███████▋  | 99/128 [03:11<00:55,  1.91s/it]Training 128 shadow models:  78%|███████▊  | 100/128 [03:13<00:53,  1.90s/it]Training 128 shadow models:  79%|███████▉  | 101/128 [03:15<00:51,  1.91s/it]Training 128 shadow models:  80%|███████▉  | 102/128 [03:17<00:49,  1.91s/it]Training 128 shadow models:  80%|████████  | 103/128 [03:19<00:47,  1.91s/it]Training 128 shadow models:  81%|████████▏ | 104/128 [03:21<00:45,  1.90s/it]Training 128 shadow models:  82%|████████▏ | 105/128 [03:23<00:43,  1.91s/it]Training 128 shadow models:  83%|████████▎ | 106/128 [03:25<00:41,  1.90s/it]Training 128 shadow models:  84%|████████▎ | 107/128 [03:27<00:40,  1.91s/it]Training 128 shadow models:  84%|████████▍ | 108/128 [03:28<00:38,  1.91s/it]Training 128 shadow models:  85%|████████▌ | 109/128 [03:30<00:36,  1.91s/it]Training 128 shadow models:  86%|████████▌ | 110/128 [03:32<00:34,  1.91s/it]Training 128 shadow models:  87%|████████▋ | 111/128 [03:34<00:32,  1.91s/it]Training 128 shadow models:  88%|████████▊ | 112/128 [03:36<00:30,  1.91s/it]Training 128 shadow models:  88%|████████▊ | 113/128 [03:38<00:28,  1.91s/it]Training 128 shadow models:  89%|████████▉ | 114/128 [03:40<00:26,  1.91s/it]Training 128 shadow models:  90%|████████▉ | 115/128 [03:42<00:24,  1.91s/it]Training 128 shadow models:  91%|█████████ | 116/128 [03:44<00:22,  1.91s/it]Training 128 shadow models:  91%|█████████▏| 117/128 [03:46<00:20,  1.91s/it]Training 128 shadow models:  92%|█████████▏| 118/128 [03:48<00:19,  1.91s/it]Training 128 shadow models:  93%|█████████▎| 119/128 [03:49<00:17,  1.91s/it]Training 128 shadow models:  94%|█████████▍| 120/128 [03:51<00:15,  1.91s/it]Training 128 shadow models:  95%|█████████▍| 121/128 [03:53<00:13,  1.91s/it]Training 128 shadow models:  95%|█████████▌| 122/128 [03:55<00:11,  1.91s/it]Training 128 shadow models:  96%|█████████▌| 123/128 [03:57<00:09,  1.91s/it]Training 128 shadow models:  97%|█████████▋| 124/128 [03:59<00:07,  1.91s/it]Training 128 shadow models:  98%|█████████▊| 125/128 [04:01<00:05,  1.91s/it]Training 128 shadow models:  98%|█████████▊| 126/128 [04:03<00:03,  1.91s/it]Training 128 shadow models:  99%|█████████▉| 127/128 [04:05<00:01,  1.91s/it]Training 128 shadow models: 100%|██████████| 128/128 [04:07<00:00,  1.91s/it]Training 128 shadow models: 100%|██████████| 128/128 [04:07<00:00,  1.93s/it]
[I 2025-05-15 03:12:15,135] A new study created in memory with name: no-name-8477cb0b-42b3-41d2-8aa2-b5c41da684b7
Tuning interpolation parameter for offline RMIA using optuna
  0%|          | 0/100 [00:00<?, ?it/s]                                         0%|          | 0/100 [00:07<?, ?it/s]Best trial: 0. Best value: 0.528457:   0%|          | 0/100 [00:07<?, ?it/s]Best trial: 0. Best value: 0.528457:   1%|          | 1/100 [00:07<12:32,  7.60s/it]                                                                                    Best trial: 0. Best value: 0.528457:   1%|          | 1/100 [00:15<12:32,  7.60s/it]Best trial: 1. Best value: 0.529861:   1%|          | 1/100 [00:15<12:32,  7.60s/it]Best trial: 1. Best value: 0.529861:   2%|▏         | 2/100 [00:15<12:22,  7.57s/it]                                                                                    Best trial: 1. Best value: 0.529861:   2%|▏         | 2/100 [00:22<12:22,  7.57s/it]Best trial: 1. Best value: 0.529861:   2%|▏         | 2/100 [00:22<12:22,  7.57s/it]Best trial: 1. Best value: 0.529861:   3%|▎         | 3/100 [00:22<12:13,  7.57s/it]                                                                                    Best trial: 1. Best value: 0.529861:   3%|▎         | 3/100 [00:30<12:13,  7.57s/it]Best trial: 3. Best value: 0.52998:   3%|▎         | 3/100 [00:30<12:13,  7.57s/it] Best trial: 3. Best value: 0.52998:   4%|▍         | 4/100 [00:30<12:06,  7.56s/it]                                                                                   Best trial: 3. Best value: 0.52998:   4%|▍         | 4/100 [00:37<12:06,  7.56s/it]Best trial: 3. Best value: 0.52998:   4%|▍         | 4/100 [00:37<12:06,  7.56s/it]Best trial: 3. Best value: 0.52998:   5%|▌         | 5/100 [00:37<12:03,  7.61s/it]                                                                                   Best trial: 3. Best value: 0.52998:   5%|▌         | 5/100 [00:45<12:03,  7.61s/it]Best trial: 5. Best value: 0.532418:   5%|▌         | 5/100 [00:45<12:03,  7.61s/it]Best trial: 5. Best value: 0.532418:   6%|▌         | 6/100 [00:45<11:53,  7.60s/it]                                                                                    Best trial: 5. Best value: 0.532418:   6%|▌         | 6/100 [00:53<11:53,  7.60s/it]Best trial: 5. Best value: 0.532418:   6%|▌         | 6/100 [00:53<11:53,  7.60s/it]Best trial: 5. Best value: 0.532418:   7%|▋         | 7/100 [00:53<11:45,  7.59s/it]                                                                                    Best trial: 5. Best value: 0.532418:   7%|▋         | 7/100 [01:01<11:45,  7.59s/it]Best trial: 5. Best value: 0.532418:   7%|▋         | 7/100 [01:01<11:45,  7.59s/it]Best trial: 5. Best value: 0.532418:   8%|▊         | 8/100 [01:01<11:48,  7.70s/it]                                                                                    Best trial: 5. Best value: 0.532418:   8%|▊         | 8/100 [01:08<11:48,  7.70s/it]Best trial: 5. Best value: 0.532418:   8%|▊         | 8/100 [01:08<11:48,  7.70s/it]Best trial: 5. Best value: 0.532418:   9%|▉         | 9/100 [01:08<11:45,  7.75s/it]                                                                                    Best trial: 5. Best value: 0.532418:   9%|▉         | 9/100 [01:16<11:45,  7.75s/it]Best trial: 5. Best value: 0.532418:   9%|▉         | 9/100 [01:16<11:45,  7.75s/it]Best trial: 5. Best value: 0.532418:  10%|█         | 10/100 [01:16<11:35,  7.72s/it]                                                                                     Best trial: 5. Best value: 0.532418:  10%|█         | 10/100 [01:24<11:35,  7.72s/it]Best trial: 5. Best value: 0.532418:  10%|█         | 10/100 [01:24<11:35,  7.72s/it]Best trial: 5. Best value: 0.532418:  11%|█         | 11/100 [01:24<11:24,  7.69s/it]                                                                                     Best trial: 5. Best value: 0.532418:  11%|█         | 11/100 [01:32<11:24,  7.69s/it]Best trial: 5. Best value: 0.532418:  11%|█         | 11/100 [01:32<11:24,  7.69s/it]Best trial: 5. Best value: 0.532418:  12%|█▏        | 12/100 [01:32<11:38,  7.94s/it]                                                                                     Best trial: 5. Best value: 0.532418:  12%|█▏        | 12/100 [01:40<11:38,  7.94s/it]Best trial: 12. Best value: 0.532501:  12%|█▏        | 12/100 [01:40<11:38,  7.94s/it]Best trial: 12. Best value: 0.532501:  13%|█▎        | 13/100 [01:40<11:22,  7.85s/it]                                                                                      Best trial: 12. Best value: 0.532501:  13%|█▎        | 13/100 [01:47<11:22,  7.85s/it]Best trial: 12. Best value: 0.532501:  13%|█▎        | 13/100 [01:47<11:22,  7.85s/it]Best trial: 12. Best value: 0.532501:  14%|█▍        | 14/100 [01:47<11:07,  7.76s/it]                                                                                      Best trial: 12. Best value: 0.532501:  14%|█▍        | 14/100 [01:55<11:07,  7.76s/it]Best trial: 12. Best value: 0.532501:  14%|█▍        | 14/100 [01:55<11:07,  7.76s/it]Best trial: 12. Best value: 0.532501:  15%|█▌        | 15/100 [01:55<10:55,  7.72s/it]                                                                                      Best trial: 12. Best value: 0.532501:  15%|█▌        | 15/100 [02:03<10:55,  7.72s/it]Best trial: 12. Best value: 0.532501:  15%|█▌        | 15/100 [02:03<10:55,  7.72s/it]Best trial: 12. Best value: 0.532501:  16%|█▌        | 16/100 [02:03<10:44,  7.67s/it]                                                                                      Best trial: 12. Best value: 0.532501:  16%|█▌        | 16/100 [02:10<10:44,  7.67s/it]Best trial: 12. Best value: 0.532501:  16%|█▌        | 16/100 [02:10<10:44,  7.67s/it]Best trial: 12. Best value: 0.532501:  17%|█▋        | 17/100 [02:10<10:41,  7.73s/it]                                                                                      Best trial: 12. Best value: 0.532501:  17%|█▋        | 17/100 [02:18<10:41,  7.73s/it]Best trial: 17. Best value: 0.532724:  17%|█▋        | 17/100 [02:18<10:41,  7.73s/it]Best trial: 17. Best value: 0.532724:  18%|█▊        | 18/100 [02:18<10:29,  7.68s/it]                                                                                      Best trial: 17. Best value: 0.532724:  18%|█▊        | 18/100 [02:26<10:29,  7.68s/it]Best trial: 17. Best value: 0.532724:  18%|█▊        | 18/100 [02:26<10:29,  7.68s/it]Best trial: 17. Best value: 0.532724:  19%|█▉        | 19/100 [02:26<10:22,  7.69s/it]                                                                                      Best trial: 17. Best value: 0.532724:  19%|█▉        | 19/100 [02:33<10:22,  7.69s/it]Best trial: 19. Best value: 0.532752:  19%|█▉        | 19/100 [02:33<10:22,  7.69s/it]Best trial: 19. Best value: 0.532752:  20%|██        | 20/100 [02:33<10:12,  7.66s/it]                                                                                      Best trial: 19. Best value: 0.532752:  20%|██        | 20/100 [02:41<10:12,  7.66s/it]Best trial: 19. Best value: 0.532752:  20%|██        | 20/100 [02:41<10:12,  7.66s/it]Best trial: 19. Best value: 0.532752:  21%|██        | 21/100 [02:41<10:02,  7.63s/it]                                                                                      Best trial: 19. Best value: 0.532752:  21%|██        | 21/100 [02:48<10:02,  7.63s/it]Best trial: 19. Best value: 0.532752:  21%|██        | 21/100 [02:48<10:02,  7.63s/it]Best trial: 19. Best value: 0.532752:  22%|██▏       | 22/100 [02:48<09:54,  7.62s/it]                                                                                      Best trial: 19. Best value: 0.532752:  22%|██▏       | 22/100 [02:56<09:54,  7.62s/it]Best trial: 19. Best value: 0.532752:  22%|██▏       | 22/100 [02:56<09:54,  7.62s/it]Best trial: 19. Best value: 0.532752:  23%|██▎       | 23/100 [02:56<09:45,  7.61s/it]                                                                                      Best trial: 19. Best value: 0.532752:  23%|██▎       | 23/100 [03:04<09:45,  7.61s/it]Best trial: 19. Best value: 0.532752:  23%|██▎       | 23/100 [03:04<09:45,  7.61s/it]Best trial: 19. Best value: 0.532752:  24%|██▍       | 24/100 [03:04<09:36,  7.59s/it]                                                                                      Best trial: 19. Best value: 0.532752:  24%|██▍       | 24/100 [03:11<09:36,  7.59s/it]Best trial: 19. Best value: 0.532752:  24%|██▍       | 24/100 [03:11<09:36,  7.59s/it]Best trial: 19. Best value: 0.532752:  25%|██▌       | 25/100 [03:11<09:27,  7.57s/it]                                                                                      Best trial: 19. Best value: 0.532752:  25%|██▌       | 25/100 [03:19<09:27,  7.57s/it]Best trial: 19. Best value: 0.532752:  25%|██▌       | 25/100 [03:19<09:27,  7.57s/it]Best trial: 19. Best value: 0.532752:  26%|██▌       | 26/100 [03:19<09:20,  7.57s/it]                                                                                      Best trial: 19. Best value: 0.532752:  26%|██▌       | 26/100 [03:26<09:20,  7.57s/it]Best trial: 19. Best value: 0.532752:  26%|██▌       | 26/100 [03:26<09:20,  7.57s/it]Best trial: 19. Best value: 0.532752:  27%|██▋       | 27/100 [03:26<09:12,  7.56s/it]                                                                                      Best trial: 19. Be