[I 2025-05-15 03:12:12,414] Trial 0 finished with value: 0.5429171879067608 and parameters: {'interp_param': 0.9781358843167618}. Best is trial 0 with value: 0.5429171879067608.
[I 2025-05-15 03:12:19,918] Trial 1 finished with value: 0.5344417648755708 and parameters: {'interp_param': 0.38835849417988777}. Best is trial 0 with value: 0.5429171879067608.
[I 2025-05-15 03:12:27,429] Trial 2 finished with value: 0.5392490188490737 and parameters: {'interp_param': 0.6749847503102757}. Best is trial 0 with value: 0.5429171879067608.
[I 2025-05-15 03:12:34,917] Trial 3 finished with value: 0.5402181947385825 and parameters: {'interp_param': 0.7910046913524518}. Best is trial 0 with value: 0.5429171879067608.
[I 2025-05-15 03:12:42,561] Trial 4 finished with value: 0.5405207255380675 and parameters: {'interp_param': 0.8255101149550697}. Best is trial 0 with value: 0.5429171879067608.
[I 2025-05-15 03:12:50,059] Trial 5 finished with value: 0.5380713506743874 and parameters: {'interp_param': 0.5881707974010522}. Best is trial 0 with value: 0.5429171879067608.
[I 2025-05-15 03:12:57,551] Trial 6 finished with value: 0.5309547988095321 and parameters: {'interp_param': 0.20112842553313448}. Best is trial 0 with value: 0.5429171879067608.
[I 2025-05-15 03:13:05,012] Trial 7 finished with value: 0.5314652393248387 and parameters: {'interp_param': 0.22624609266444418}. Best is trial 0 with value: 0.5429171879067608.
[I 2025-05-15 03:13:12,490] Trial 8 finished with value: 0.5339272365245658 and parameters: {'interp_param': 0.3572255355728091}. Best is trial 0 with value: 0.5429171879067608.
[I 2025-05-15 03:13:19,975] Trial 9 finished with value: 0.5356396104946914 and parameters: {'interp_param': 0.4544879443738914}. Best is trial 0 with value: 0.5429171879067608.
[I 2025-05-15 03:13:27,463] Trial 10 finished with value: 0.5428983205397913 and parameters: {'interp_param': 0.9749848548146176}. Best is trial 0 with value: 0.5429171879067608.
[I 2025-05-15 03:13:34,983] Trial 11 finished with value: 0.5426328996897185 and parameters: {'interp_param': 0.9543390765329793}. Best is trial 0 with value: 0.5429171879067608.
[I 2025-05-15 03:13:42,481] Trial 12 finished with value: 0.5426488443597014 and parameters: {'interp_param': 0.9554383152374524}. Best is trial 0 with value: 0.5429171879067608.
[I 2025-05-15 03:13:49,983] Trial 13 finished with value: 0.542916074833426 and parameters: {'interp_param': 0.9779916502154105}. Best is trial 0 with value: 0.5429171879067608.
[I 2025-05-15 03:13:57,473] Trial 14 finished with value: 0.5399638835142723 and parameters: {'interp_param': 0.7652926606558865}. Best is trial 0 with value: 0.5429171879067608.
[I 2025-05-15 03:14:04,964] Trial 15 finished with value: 0.5382134596035996 and parameters: {'interp_param': 0.5961541511128351}. Best is trial 0 with value: 0.5429171879067608.
[I 2025-05-15 03:14:12,448] Trial 16 finished with value: 0.5410733164941709 and parameters: {'interp_param': 0.8714498392065938}. Best is trial 0 with value: 0.5429171879067608.
[I 2025-05-15 03:14:19,961] Trial 17 finished with value: 0.5281707871018582 and parameters: {'interp_param': 0.0345963904379184}. Best is trial 0 with value: 0.5429171879067608.
[I 2025-05-15 03:14:27,608] Trial 18 finished with value: 0.5394697338333486 and parameters: {'interp_param': 0.7032943266389873}. Best is trial 0 with value: 0.5429171879067608.
[I 2025-05-15 03:14:35,092] Trial 19 finished with value: 0.5415187498680776 and parameters: {'interp_param': 0.8902368632870438}. Best is trial 0 with value: 0.5429171879067608.
[I 2025-05-15 03:14:42,590] Trial 20 finished with value: 0.5429970505667387 and parameters: {'interp_param': 0.9967265872407378}. Best is trial 20 with value: 0.5429970505667387.
[I 2025-05-15 03:14:50,099] Trial 21 finished with value: 0.5428891218540903 and parameters: {'interp_param': 0.9737935544099068}. Best is trial 20 with value: 0.5429970505667387.
[I 2025-05-15 03:14:57,612] Trial 22 finished with value: 0.5411759922324086 and parameters: {'interp_param': 0.8761681865624084}. Best is trial 20 with value: 0.5429970505667387.
[I 2025-05-15 03:15:05,097] Trial 23 finished with value: 0.5398322622406406 and parameters: {'interp_param': 0.7404026460722011}. Best is trial 20 with value: 0.5429970505667387.
[I 2025-05-15 03:15:12,591] Trial 24 finished with value: 0.5430166032266462 and parameters: {'interp_param': 0.9875783487744287}. Best is trial 24 with value: 0.5430166032266462.
[I 2025-05-15 03:15:20,088] Trial 25 finished with value: 0.5409831322249505 and parameters: {'interp_param': 0.8665530211677805}. Best is trial 24 with value: 0.5430166032266462.
[I 2025-05-15 03:15:27,673] Trial 26 finished with value: 0.5387056195428097 and parameters: {'interp_param': 0.6276999654422979}. Best is trial 24 with value: 0.5430166032266462.
[I 2025-05-15 03:15:35,156] Trial 27 finished with value: 0.5429952240570186 and parameters: {'interp_param': 0.9957626988283997}. Best is trial 24 with value: 0.5430166032266462.
[I 2025-05-15 03:15:42,640] Trial 28 finished with value: 0.5370766331994175 and parameters: {'interp_param': 0.5299449504877176}. Best is trial 24 with value: 0.5430166032266462.
[I 2025-05-15 03:15:50,127] Trial 29 finished with value: 0.5420499138106931 and parameters: {'interp_param': 0.91466387568588}. Best is trial 24 with value: 0.5430166032266462.
[I 2025-05-15 03:15:57,639] Trial 30 finished with value: 0.5430192571537125 and parameters: {'interp_param': 0.9978674163149927}. Best is trial 30 with value: 0.5430192571537125.
[I 2025-05-15 03:16:05,153] Trial 31 finished with value: 0.5430107859761203 and parameters: {'interp_param': 0.9972721544330662}. Best is trial 30 with value: 0.5430192571537125.
[I 2025-05-15 03:16:12,647] Trial 32 finished with value: 0.5403593102041103 and parameters: {'interp_param': 0.8086809416973015}. Best is trial 30 with value: 0.5430192571537125.
[I 2025-05-15 03:16:20,301] Trial 33 finished with value: 0.5420482603831731 and parameters: {'interp_param': 0.914558992705825}. Best is trial 30 with value: 0.5430192571537125.
[I 2025-05-15 03:16:27,791] Trial 34 finished with value: 0.5405446882761435 and parameters: {'interp_param': 0.8274186551079369}. Best is trial 30 with value: 0.5430192571537125.
[I 2025-05-15 03:16:35,303] Trial 35 finished with value: 0.5419789205580845 and parameters: {'interp_param': 0.9107128329148036}. Best is trial 30 with value: 0.5430192571537125.
[I 2025-05-15 03:16:42,790] Trial 36 finished with value: 0.5394796023330919 and parameters: {'interp_param': 0.7045834772474626}. Best is trial 30 with value: 0.5430192571537125.
[I 2025-05-15 03:16:50,256] Trial 37 finished with value: 0.5407077612591379 and parameters: {'interp_param': 0.8440140540478863}. Best is trial 30 with value: 0.5430192571537125.
[I 2025-05-15 03:16:57,767] Trial 38 finished with value: 0.5401997298229074 and parameters: {'interp_param': 0.7885508211215928}. Best is trial 30 with value: 0.5430192571537125.
[I 2025-05-15 03:17:05,275] Trial 39 finished with value: 0.5429972194274215 and parameters: {'interp_param': 0.9953802991422545}. Best is trial 30 with value: 0.5430192571537125.
[I 2025-05-15 03:17:12,782] Trial 40 finished with value: 0.5422184860232605 and parameters: {'interp_param': 0.9266782013096451}. Best is trial 30 with value: 0.5430192571537125.
[I 2025-05-15 03:17:20,280] Trial 41 finished with value: 0.5430128728127265 and parameters: {'interp_param': 0.9871713519525366}. Best is trial 30 with value: 0.5430192571537125.
[I 2025-05-15 03:17:27,762] Trial 42 finished with value: 0.5423651724841518 and parameters: {'interp_param': 0.9371295408199789}. Best is trial 30 with value: 0.5430192571537125.
[I 2025-05-15 03:17:35,258] Trial 43 finished with value: 0.5341002821380577 and parameters: {'interp_param': 0.36735149829702163}. Best is trial 30 with value: 0.5430192571537125.
[I 2025-05-15 03:17:42,764] Trial 44 finished with value: 0.543004117386318 and parameters: {'interp_param': 0.9941091772450645}. Best is trial 30 with value: 0.5430192571537125.
[I 2025-05-15 03:17:50,226] Trial 45 finished with value: 0.540675092345686 and parameters: {'interp_param': 0.8402248778946593}. Best is trial 30 with value: 0.5430192571537125.
[I 2025-05-15 03:17:57,726] Trial 46 finished with value: 0.5424494325577468 and parameters: {'interp_param': 0.9418126009072785}. Best is trial 30 with value: 0.5430192571537125.
[I 2025-05-15 03:18:05,211] Trial 47 finished with value: 0.530016610262508 and parameters: {'interp_param': 0.14376714261197043}. Best is trial 30 with value: 0.5430192571537125.
[I 2025-05-15 03:18:12,854] Trial 48 finished with value: 0.5425089756488825 and parameters: {'interp_param': 0.9465587794784487}. Best is trial 30 with value: 0.5430192571537125.
[I 2025-05-15 03:18:20,348] Trial 49 finished with value: 0.5400941609383025 and parameters: {'interp_param': 0.7792664217518744}. Best is trial 30 with value: 0.5430192571537125.
[I 2025-05-15 03:18:27,831] Trial 50 finished with value: 0.5362456697788629 and parameters: {'interp_param': 0.487206999719333}. Best is trial 30 with value: 0.5430192571537125.
[I 2025-05-15 03:18:35,314] Trial 51 finished with value: 0.5429978962773254 and parameters: {'interp_param': 0.9968866846832837}. Best is trial 30 with value: 0.5430192571537125.
[I 2025-05-15 03:18:42,828] Trial 52 finished with value: 0.5426869196293508 and parameters: {'interp_param': 0.9575678880797964}. Best is trial 30 with value: 0.5430192571537125.
[I 2025-05-15 03:18:50,313] Trial 53 finished with value: 0.5415392003039492 and parameters: {'interp_param': 0.8911136945525095}. Best is trial 30 with value: 0.5430192571537125.
[I 2025-05-15 03:18:57,797] Trial 54 finished with value: 0.5430096771243025 and parameters: {'interp_param': 0.9987706019557928}. Best is trial 30 with value: 0.5430192571537125.
[I 2025-05-15 03:19:05,307] Trial 55 finished with value: 0.540957344384327 and parameters: {'interp_param': 0.8650895485093495}. Best is trial 30 with value: 0.5430192571537125.
[I 2025-05-15 03:19:12,821] Trial 56 finished with value: 0.542763614744352 and parameters: {'interp_param': 0.9623781155502493}. Best is trial 30 with value: 0.5430192571537125.
[I 2025-05-15 03:19:20,330] Trial 57 finished with value: 0.5419227870455713 and parameters: {'interp_param': 0.9078692077441965}. Best is trial 30 with value: 0.5430192571537125.
[I 2025-05-15 03:19:27,816] Trial 58 finished with value: 0.5428067572416607 and parameters: {'interp_param': 0.9657297930783179}. Best is trial 30 with value: 0.5430192571537125.
[I 2025-05-15 03:19:35,313] Trial 59 finished with value: 0.5331639116577194 and parameters: {'interp_param': 0.3132473256799118}. Best is trial 30 with value: 0.5430192571537125.
[I 2025-05-15 03:19:42,805] Trial 60 finished with value: 0.5430193781705352 and parameters: {'interp_param': 0.9979593079317391}. Best is trial 60 with value: 0.5430193781705352.
[I 2025-05-15 03:19:50,319] Trial 61 finished with value: 0.5430147204300318 and parameters: {'interp_param': 0.9984647472249967}. Best is trial 60 with value: 0.5430193781705352.
[I 2025-05-15 03:19:57,823] Trial 62 finished with value: 0.5424784428230692 and parameters: {'interp_param': 0.9439428264175558}. Best is trial 60 with value: 0.5430193781705352.
[I 2025-05-15 03:20:05,473] Trial 63 finished with value: 0.541414507947006 and parameters: {'interp_param': 0.8859754675506432}. Best is trial 60 with value: 0.5430193781705352.
[I 2025-05-15 03:20:12,975] Trial 64 finished with value: 0.5428220644625658 and parameters: {'interp_param': 0.9669278236989802}. Best is trial 60 with value: 0.5430193781705352.
[I 2025-05-15 03:20:20,487] Trial 65 finished with value: 0.5408559927952775 and parameters: {'interp_param': 0.8572224922577734}. Best is trial 60 with value: 0.5430193781705352.
[I 2025-05-15 03:20:27,998] Trial 66 finished with value: 0.5429662377136264 and parameters: {'interp_param': 0.9996324258261593}. Best is trial 60 with value: 0.5430193781705352.
[I 2025-05-15 03:20:35,492] Trial 67 finished with value: 0.5422072553806754 and parameters: {'interp_param': 0.9258014773235929}. Best is trial 60 with value: 0.5430193781705352.
[I 2025-05-15 03:20:42,970] Trial 68 finished with value: 0.5417883640917758 and parameters: {'interp_param': 0.9017869461915353}. Best is trial 60 with value: 0.5430193781705352.
[I 2025-05-15 03:20:50,504] Trial 69 finished with value: 0.5428277733608202 and parameters: {'interp_param': 0.9674665998945086}. Best is trial 60 with value: 0.5430193781705352.
[I 2025-05-15 03:20:57,972] Trial 70 finished with value: 0.5275833953661815 and parameters: {'interp_param': 0.0006207845303936033}. Best is trial 60 with value: 0.5430193781705352.
[I 2025-05-15 03:21:05,447] Trial 71 finished with value: 0.5430267559752056 and parameters: {'interp_param': 0.9913438162915019}. Best is trial 71 with value: 0.5430267559752056.
[I 2025-05-15 03:21:12,921] Trial 72 finished with value: 0.5403865516537794 and parameters: {'interp_param': 0.8125311177754257}. Best is trial 71 with value: 0.5430267559752056.
[I 2025-05-15 03:21:20,425] Trial 73 finished with value: 0.5422943410563643 and parameters: {'interp_param': 0.9318492775082695}. Best is trial 71 with value: 0.5430267559752056.
[I 2025-05-15 03:21:27,919] Trial 74 finished with value: 0.5429136376109027 and parameters: {'interp_param': 0.977447491212895}. Best is trial 71 with value: 0.5430267559752056.
[I 2025-05-15 03:21:35,423] Trial 75 finished with value: 0.5414959016105089 and parameters: {'interp_param': 0.8893789708985326}. Best is trial 71 with value: 0.5430267559752056.
[I 2025-05-15 03:21:42,898] Trial 76 finished with value: 0.5429633079807781 and parameters: {'interp_param': 0.9997051345388884}. Best is trial 71 with value: 0.5430267559752056.
[I 2025-05-15 03:21:50,548] Trial 77 finished with value: 0.53980923386501 and parameters: {'interp_param': 0.7371533923368276}. Best is trial 71 with value: 0.5430267559752056.
[I 2025-05-15 03:21:58,063] Trial 78 finished with value: 0.5423137431488296 and parameters: {'interp_param': 0.9334020330560324}. Best is trial 71 with value: 0.5430267559752056.
[I 2025-05-15 03:22:05,566] Trial 79 finished with value: 0.5428551161268989 and parameters: {'interp_param': 0.9698228396421036}. Best is trial 71 with value: 0.5430267559752056.
[I 2025-05-15 03:22:13,055] Trial 80 finished with value: 0.5389459828747124 and parameters: {'interp_param': 0.6459516699495932}. Best is trial 71 with value: 0.5430267559752056.
[I 2025-05-15 03:22:20,568] Trial 81 finished with value: 0.542915575287239 and parameters: {'interp_param': 0.9778276011970645}. Best is trial 71 with value: 0.5430267559752056.
[I 2025-05-15 03:22:28,091] Trial 82 finished with value: 0.5430100894258032 and parameters: {'interp_param': 0.9987471187303089}. Best is trial 71 with value: 0.5430267559752056.
[I 2025-05-15 03:22:35,595] Trial 83 finished with value: 0.5425067776456599 and parameters: {'interp_param': 0.9463733280533334}. Best is trial 71 with value: 0.5430267559752056.
[I 2025-05-15 03:22:43,106] Trial 84 finished with value: 0.5418687713274561 and parameters: {'interp_param': 0.9053425379735884}. Best is trial 71 with value: 0.5430267559752056.
[I 2025-05-15 03:22:50,603] Trial 85 finished with value: 0.5420512365527093 and parameters: {'interp_param': 0.9147924778167448}. Best is trial 71 with value: 0.5430267559752056.
[I 2025-05-15 03:22:58,106] Trial 86 finished with value: 0.5352367834854252 and parameters: {'interp_param': 0.4317996730398943}. Best is trial 71 with value: 0.5430267559752056.
[I 2025-05-15 03:23:05,612] Trial 87 finished with value: 0.5426011989108486 and parameters: {'interp_param': 0.9519785443626778}. Best is trial 71 with value: 0.5430267559752056.
[I 2025-05-15 03:23:13,106] Trial 88 finished with value: 0.5429540375292867 and parameters: {'interp_param': 0.999959873240886}. Best is trial 71 with value: 0.5430267559752056.
[I 2025-05-15 03:23:20,599] Trial 89 finished with value: 0.5408689612957243 and parameters: {'interp_param': 0.858102983695722}. Best is trial 71 with value: 0.5430267559752056.
[I 2025-05-15 03:23:28,093] Trial 90 finished with value: 0.5422555354642613 and parameters: {'interp_param': 0.9291626798542449}. Best is trial 71 with value: 0.5430267559752056.
[I 2025-05-15 03:23:35,603] Trial 91 finished with value: 0.5429233822794786 and parameters: {'interp_param': 0.9790339286760883}. Best is trial 71 with value: 0.5430267559752056.
[I 2025-05-15 03:23:43,247] Trial 92 finished with value: 0.5429121868162021 and parameters: {'interp_param': 0.9772525573201648}. Best is trial 71 with value: 0.5430267559752056.
[I 2025-05-15 03:23:50,779] Trial 93 finished with value: 0.542609328145558 and parameters: {'interp_param': 0.9524773441809445}. Best is trial 71 with value: 0.5430267559752056.
[I 2025-05-15 03:23:58,277] Trial 94 finished with value: 0.5430196891556263 and parameters: {'interp_param': 0.987947693212163}. Best is trial 71 with value: 0.5430267559752056.
[I 2025-05-15 03:24:05,775] Trial 95 finished with value: 0.5429602994462777 and parameters: {'interp_param': 0.9819779322310175}. Best is trial 71 with value: 0.5430267559752056.
[I 2025-05-15 03:24:13,250] Trial 96 finished with value: 0.5414001632319934 and parameters: {'interp_param': 0.885378058853835}. Best is trial 71 with value: 0.5430267559752056.
[I 2025-05-15 03:24:20,745] Trial 97 finished with value: 0.5379291713865573 and parameters: {'interp_param': 0.5796877050808849}. Best is trial 71 with value: 0.5430267559752056.
[I 2025-05-15 03:24:28,223] Trial 98 finished with value: 0.5426492468109956 and parameters: {'interp_param': 0.9554713187872742}. Best is trial 71 with value: 0.5430267559752056.
