[I 2025-05-15 03:24:29,300] Trial 99 finished with value: 0.5346482857122755 and parameters: {'interp_param': 0.8832177261282149}. Best is trial 76 with value: 0.535599417430644.
Best hyperparameters: {'interp_param': 0.8108791246283304}
Best optimized value: 0.535599417430644
Tuning threshold scale factor for offline LSET using optuna
  0%|          | 0/100 [00:00<?, ?it/s]                                         0%|          | 0/100 [00:06<?, ?it/s]Best trial: 0. Best value: 0.516001:   0%|          | 0/100 [00:06<?, ?it/s]Best trial: 0. Best value: 0.516001:   1%|          | 1/100 [00:06<09:59,  6.05s/it]                                                                                    Best trial: 0. Best value: 0.516001:   1%|          | 1/100 [00:12<09:59,  6.05s/it]Best trial: 1. Best value: 0.533204:   1%|          | 1/100 [00:12<09:59,  6.05s/it]Best trial: 1. Best value: 0.533204:   2%|▏         | 2/100 [00:12<09:54,  6.07s/it]                                                                                    Best trial: 1. Best value: 0.533204:   2%|▏         | 2/100 [00:18<09:54,  6.07s/it]Best trial: 2. Best value: 0.533801:   2%|▏         | 2/100 [00:18<09:54,  6.07s/it]Best trial: 2. Best value: 0.533801:   3%|▎         | 3/100 [00:18<09:48,  6.07s/it]                                                                                    Best trial: 2. Best value: 0.533801:   3%|▎         | 3/100 [00:24<09:48,  6.07s/it]Best trial: 2. Best value: 0.533801:   3%|▎         | 3/100 [00:24<09:48,  6.07s/it]Best trial: 2. Best value: 0.533801:   4%|▍         | 4/100 [00:24<09:41,  6.06s/it]                                                                                    Best trial: 2. Best value: 0.533801:   4%|▍         | 4/100 [00:30<09:41,  6.06s/it]Best trial: 2. Best value: 0.533801:   4%|▍         | 4/100 [00:30<09:41,  6.06s/it]Best trial: 2. Best value: 0.533801:   5%|▌         | 5/100 [00:30<09:35,  6.05s/it]                                                                                    Best trial: 2. Best value: 0.533801:   5%|▌         | 5/100 [00:36<09:35,  6.05s/it]Best trial: 2. Best value: 0.533801:   5%|▌         | 5/100 [00:36<09:35,  6.05s/it]Best trial: 2. Best value: 0.533801:   6%|▌         | 6/100 [00:36<09:28,  6.05s/it]                                                                                    Best trial: 2. Best value: 0.533801:   6%|▌         | 6/100 [00:42<09:28,  6.05s/it]Best trial: 2. Best value: 0.533801:   6%|▌         | 6/100 [00:42<09:28,  6.05s/it]Best trial: 2. Best value: 0.533801:   7%|▋         | 7/100 [00:42<09:22,  6.05s/it]                                                                                    Best trial: 2. Best value: 0.533801:   7%|▋         | 7/100 [00:48<09:22,  6.05s/it]Best trial: 2. Best value: 0.533801:   7%|▋         | 7/100 [00:48<09:22,  6.05s/it]Best trial: 2. Best value: 0.533801:   8%|▊         | 8/100 [00:48<09:16,  6.05s/it]                                                                                    Best trial: 2. Best value: 0.533801:   8%|▊         | 8/100 [00:54<09:16,  6.05s/it]Best trial: 2. Best value: 0.533801:   8%|▊         | 8/100 [00:54<09:16,  6.05s/it]Best trial: 2. Best value: 0.533801:   9%|▉         | 9/100 [00:54<09:13,  6.08s/it]                                                                                    Best trial: 2. Best value: 0.533801:   9%|▉         | 9/100 [01:00<09:13,  6.08s/it]Best trial: 2. Best value: 0.533801:   9%|▉         | 9/100 [01:00<09:13,  6.08s/it]Best trial: 2. Best value: 0.533801:  10%|█         | 10/100 [01:00<09:06,  6.07s/it]                                                                                     Best trial: 2. Best value: 0.533801:  10%|█         | 10/100 [01:06<09:06,  6.07s/it]Best trial: 10. Best value: 0.534432:  10%|█         | 10/100 [01:06<09:06,  6.07s/it]Best trial: 10. Best value: 0.534432:  11%|█         | 11/100 [01:06<08:59,  6.07s/it]                                                                                      Best trial: 10. Best value: 0.534432:  11%|█         | 11/100 [01:12<08:59,  6.07s/it]Best trial: 10. Best value: 0.534432:  11%|█         | 11/100 [01:12<08:59,  6.07s/it]Best trial: 10. Best value: 0.534432:  12%|█▏        | 12/100 [01:12<08:52,  6.06s/it]                                                                                      Best trial: 10. Best value: 0.534432:  12%|█▏        | 12/100 [01:18<08:52,  6.06s/it]Best trial: 10. Best value: 0.534432:  12%|█▏        | 12/100 [01:18<08:52,  6.06s/it]Best trial: 10. Best value: 0.534432:  13%|█▎        | 13/100 [01:18<08:47,  6.06s/it]                                                                                      Best trial: 10. Best value: 0.534432:  13%|█▎        | 13/100 [01:24<08:47,  6.06s/it]Best trial: 13. Best value: 0.535235:  13%|█▎        | 13/100 [01:24<08:47,  6.06s/it]Best trial: 13. Best value: 0.535235:  14%|█▍        | 14/100 [01:24<08:41,  6.07s/it]                                                                                      Best trial: 13. Best value: 0.535235:  14%|█▍        | 14/100 [01:30<08:41,  6.07s/it]Best trial: 14. Best value: 0.535444:  14%|█▍        | 14/100 [01:30<08:41,  6.07s/it]Best trial: 14. Best value: 0.535444:  15%|█▌        | 15/100 [01:30<08:35,  6.06s/it]                                                                                      Best trial: 14. Best value: 0.535444:  15%|█▌        | 15/100 [01:36<08:35,  6.06s/it]Best trial: 14. Best value: 0.535444:  15%|█▌        | 15/100 [01:36<08:35,  6.06s/it]Best trial: 14. Best value: 0.535444:  16%|█▌        | 16/100 [01:36<08:28,  6.06s/it]                                                                                      Best trial: 14. Best value: 0.535444:  16%|█▌        | 16/100 [01:43<08:28,  6.06s/it]Best trial: 16. Best value: 0.535554:  16%|█▌        | 16/100 [01:43<08:28,  6.06s/it]Best trial: 16. Best value: 0.535554:  17%|█▋        | 17/100 [01:43<08:22,  6.05s/it]                                                                                      Best trial: 16. Best value: 0.535554:  17%|█▋        | 17/100 [01:49<08:22,  6.05s/it]Best trial: 17. Best value: 0.535557:  17%|█▋        | 17/100 [01:49<08:22,  6.05s/it]Best trial: 17. Best value: 0.535557:  18%|█▊        | 18/100 [01:49<08:16,  6.05s/it]                                                                                      Best trial: 17. Best value: 0.535557:  18%|█▊        | 18/100 [01:55<08:16,  6.05s/it]Best trial: 17. Best value: 0.535557:  18%|█▊        | 18/100 [01:55<08:16,  6.05s/it]Best trial: 17. Best value: 0.535557:  19%|█▉        | 19/100 [01:55<08:09,  6.05s/it]                                                                                      Best trial: 17. Best value: 0.535557:  19%|█▉        | 19/100 [02:01<08:09,  6.05s/it]Best trial: 17. Best value: 0.535557:  19%|█▉        | 19/100 [02:01<08:09,  6.05s/it]Best trial: 17. Best value: 0.535557:  20%|██        | 20/100 [02:01<08:04,  6.05s/it]                                                                                      Best trial: 17. Best value: 0.535557:  20%|██        | 20/100 [02:07<08:04,  6.05s/it]Best trial: 17. Best value: 0.535557:  20%|██        | 20/100 [02:07<08:04,  6.05s/it]Best trial: 17. Best value: 0.535557:  21%|██        | 21/100 [02:07<07:57,  6.05s/it]                                                                                      Best trial: 17. Best value: 0.535557:  21%|██        | 21/100 [02:13<07:57,  6.05s/it]Best trial: 17. Best value: 0.535557:  21%|██        | 21/100 [02:13<07:57,  6.05s/it]Best trial: 17. Best value: 0.535557:  22%|██▏       | 22/100 [02:13<07:51,  6.05s/it]                                                                                      Best trial: 17. Best value: 0.535557:  22%|██▏       | 22/100 [02:19<07:51,  6.05s/it]Best trial: 17. Best value: 0.535557:  22%|██▏       | 22/100 [02:19<07:51,  6.05s/it]Best trial: 17. Best value: 0.535557:  23%|██▎       | 23/100 [02:19<07:46,  6.05s/it]                                                                                      Best trial: 17. Best value: 0.535557:  23%|██▎       | 23/100 [02:25<07:46,  6.05s/it]Best trial: 17. Best value: 0.535557:  23%|██▎       | 23/100 [02:25<07:46,  6.05s/it]Best trial: 17. Best value: 0.535557:  24%|██▍       | 24/100 [02:25<07:39,  6.05s/it]                                                                                      Best trial: 17. Best value: 0.535557:  24%|██▍       | 24/100 [02:31<07:39,  6.05s/it]Best trial: 17. Best value: 0.535557:  24%|██▍       | 24/100 [02:31<07:39,  6.05s/it]Best trial: 17. Best value: 0.535557:  25%|██▌       | 25/100 [02:31<07:37,  6.10s/it]                                                                                      Best trial: 17. Best value: 0.535557:  25%|██▌       | 25/100 [02:37<07:37,  6.10s/it]Best trial: 17. Best value: 0.535557:  25%|██▌       | 25/100 [02:37<07:37,  6.10s/it]Best trial: 17. Best value: 0.535557:  26%|██▌       | 26/100 [02:37<07:30,  6.08s/it]                                                                                      Best trial: 17. Best value: 0.535557:  26%|██▌       | 26/100 [02:43<07:30,  6.08s/it]Best trial: 17. Best value: 0.535557:  26%|██▌       | 26/100 [02:43<07:30,  6.08s/it]Best trial: 17. Best value: 0.535557:  27%|██▋       | 27/100 [02:43<07:23,  6.07s/it]                                                                                      Best trial: 17. Best value: 0.535557:  27%|██▋       | 27/100 [02:49<07:23,  6.07s/it]Best trial: 17. Best value: 0.535557:  27%|██▋       | 27/100 [02:49<07:23,  6.07s/it]Best trial: 17. Best value: 0.535557:  28%|██▊       | 28/100 [02:49<07:15,  6.05s/it]                                                                                      Best trial: 17. Best value: 0.535557:  28%|██▊       | 28/100 [02:55<07:15,  6.05s/it]Best trial: 17. Best value: 0.535557:  28%|██▊       | 28/100 [02:55<07:15,  6.05s/it]Best trial: 17. Best value: 0.535557:  29%|██▉       | 29/100 [02:55<07:09,  6.06s/it]                                                                                      Best trial: 17. Best value: 0.535557:  29%|██▉       | 29/100 [03:01<07:09,  6.06s/it]Best trial: 17. Best value: 0.535557:  29%|██▉       | 29/100 [03:01<07:09,  6.06s/it]Best trial: 17. Best value: 0.535557:  30%|███       | 30/100 [03:01<07:03,  6.05s/it]                                                                                      Best trial: 17. Best value: 0.535557:  30%|███       | 30/100 [03:07<07:03,  6.05s/it]Best trial: 17. Best value: 0.535557:  30%|███       | 30/100 [03:07<07:03,  6.05s/it]Best trial: 17. Best value: 0.535557:  31%|███       | 31/100 [03:07<06:57,  6.06s/it]                                                                                      Best trial: 17. Best value: 0.535557:  31%|███       | 31/100 [03:13<06:57,  6.06s/it]Best trial: 17. Best value: 0.535557:  31%|███       | 31/100 [03:13<06:57,  6.06s/it]Best trial: 17. Best value: 0.535557:  32%|███▏      | 32/100 [03:13<06:51,  6.05s/it]                                                                                      Best trial: 17. Best value: 0.535557:  32%|███▏      | 32/100 [03:19<06:51,  6.05s/it]Best trial: 17. Best value: 0.535557:  32%|███▏      | 32/100 [03:19<06:51,  6.05s/it]Best trial: 17. Best value: 0.535557:  33%|███▎      | 33/100 [03:19<06:44,  6.04s/it]                                                                                      Best trial: 17. Best value: 0.535557:  33%|███▎      | 33/100 [03:25<06:44,  6.04s/it]Best trial: 17. Best value: 0.535557:  33%|███▎      | 33/100 [03:25<06:44,  6.04s/it]Best trial: 17. Best value: 0.535557:  34%|███▍      | 34/100 [03:25<06:38,  6.04s/it]                                                                                      Best trial: 17. Best value: 0.535557:  34%|███▍      | 34/100 [03:31<06:38,  6.04s/it]Best trial: 17. Best value: 0.535557:  34%|███▍      | 34/100 [03:31<06:38,  6.04s/it]Best trial: 17. Best value: 0.535557:  35%|███▌      | 35/100 [03:31<06:32,  6.04s/it]                                                                                      Best trial: 17. Best value: 0.535557:  35%|███▌      | 35/100 [03:38<06:32,  6.04s/it]Best trial: 17. Best value: 0.535557:  35%|███▌      | 35/100 [03:38<06:32,  6.04s/it]Best trial: 17. Best value: 0.535557:  36%|███▌      | 36/100 [03:38<06:26,  6.05s/it]                                                                                      Best trial: 17. Best value: 0.535557:  36%|███▌      | 36/100 [03:44<06:26,  6.05s/it]Best trial: 17. Best value: 0.535557:  36%|███▌      | 36/100 [03:44<06:26,  6.05s/it]Best trial: 17. Best value: 0.535557:  37%|███▋      | 37/100 [03:44<06:21,  6.05s/it]                                                                                      Best trial: 17. Best value: 0.535557:  37%|███▋      | 37/100 [03:50<06:21,  6.05s/it]Best trial: 17. Best value: 0.535557:  37%|███▋      | 37/100 [03:50<06:21,  6.05s/it]Best trial: 17. Best value: 0.535557:  38%|███▊      | 38/100 [03:50<06:15,  6.05s/it]                                                                                      Best trial: 17. Best value: 0.535557:  38%|███▊      | 38/100 [03:56<06:15,  6.05s/it]Best trial: 17. Best value: 0.535557:  38%|███▊      | 38/100 [03:56<06:15,  6.05s/it]Best trial: 17. Best value: 0.535557:  39%|███▉      | 39/100 [03:56<06:08,  6.05s/it]                                                                                      Best trial: 17. Best value: 0.535557:  39%|███▉      | 39/100 [04:02<06:08,  6.05s/it]Best trial: 17. Best value: 0.535557:  39%|███▉      | 39/100 [04:02<06:08,  6.05s/it]Best trial: 17. Best value: 0.535557:  40%|████      | 40/100 [04:02<06:02,  6.04s/it]                                                                                      Best trial: 17. Best value: 0.535557:  40%|████      | 40/100 [04:08<06:02,  6.04s/it]Best trial: 17. Best value: 0.535557:  40%|████      | 40/100 [04:08<06:02,  6.04s/it]Best trial: 17. Best value: 0.535557:  41%|████      | 41/100 [04:08<05:56,  6.04s/it]                                                                                      Best trial: 17. Best value: 0.535557:  41%|████      | 41/100 [04:14<05:56,  6.04s/it]Best trial: 17. Best value: 0.535557:  41%|████      | 41/100 [04:14<05:56,  6.04s/it]Best trial: 17. Best value: 0.535557:  42%|████▏     | 42/100 [04:14<05:53,  6.09s/it]                                                                                      Best trial: 17. Best value: 0.535557:  42%|████▏     | 42/100 [04:20<05:53,  6.09s/it]Best trial: 17. Best value: 0.535557:  42%|████▏     | 42/100 [04:20<05:53,  6.09s/it]Best trial: 17. Best value: 0.535557:  43%|████▎     | 43/100 [04:20<05:45,  6.07s/it]                                                                                      Best trial: 17. Best value: 0.535557:  43%|████▎     | 43/100 [04:26<05:45,  6.07s/it]Best trial: 17. Best value: 0.535557:  43%|████▎     | 43/100 [04:26<05:45,  6.07s/it]Best trial: 17. Best value: 0.535557:  44%|████▍     | 44/100 [04:26<05:39,  6.07s/it]                                                                                      Best trial: 17. Best value: 0.535557:  44%|████▍     | 44/100 [04:32<05:39,  6.07s/it]Best trial: 17. Best value: 0.535557:  44%|████▍     | 44/100 [04:32<05:39,  6.07s/it]Best trial: 17. Best value: 0.535557:  45%|████▌     | 45/100 [04:32<05:33,  6.06s/it]                                                                                      Best trial: 17. Best value: 0.535557:  45%|████▌     | 45/100 [04:38<05:33,  6.06s/it]Best trial: 17. Best value: 0.535557:  45%|████▌     | 45/100 [04:38<05:33,  6.06s/it]Best trial: 17. Best value: 0.535557:  46%|████▌     | 46/100 [04:38<05:26,  6.05s/it]                                                                                      Best trial: 17. Best value: 0.535557:  46%|████▌     | 46/100 [04:44<05:26,  6.05s/it]Best trial: 17. Best value: 0.535557:  46%|████▌     | 46/100 [04:44<05:26,  6.05s/it]Best trial: 17. Best value: 0.535557:  47%|████▋     | 47/100 [04:44<05:20,  6.05s/it]                                                                                      Best trial: 17. Best value: 0.535557:  47%|████▋     | 47/100 [04:50<05:20,  6.05s/it]Best trial: 17. Best value: 0.535557:  47%|████▋     | 47/100 [04:50<05:20,  6.05s/it]Best trial: 17. Best value: 0.535557:  48%|████▊     | 48/100 [04:50<05:14,  6.05s/it]                                                                                      Best trial: 17. Best value: 0.535557:  48%|████▊     | 48/100 [04:56<05:14,  6.05s/it]Best trial: 17. Best value: 0.535557:  48%|████▊     | 48/100 [04:56<05:14,  6.05s/it]Best trial: 17. Best value: 0.535557:  49%|████▉     | 49/100 [04:56<05:08,  6.04s/it]                                                                                      Best trial: 17. Best value: 0.535557:  49%|████▉     | 49/100 [05:02<05:08,  6.04s/it]Best trial: 17. Best value: 0.535557:  49%|████▉     | 49/100 [05:02<05:08,  6.04s/it]Best trial: 17. Best value: 0.535557:  50%|█████     | 50/100 [05:02<05:01,  6.04s/it]                                                                                      Best trial: 17. Best value: 0.535557:  50%|█████     | 50/100 [05:08<05:01,  6.04s/it]Best trial: 17. Best value: 0.535557:  50%|█████     | 50/100 [05:08<05:01,  6.04s/it]Best trial: 17. Best value: 0.535557:  51%|█████     | 51/100 [05:08<04:56,  6.04s/it]                                                                                      Best trial: 17. Best value: 0.535557:  51%|█████     | 51/100 [05:14<04:56,  6.04s/it]Best trial: 17. Best value: 0.535557:  51%|█████     | 51/100 [05:14<04:56,  6.04s/it]Best trial: 17. Best value: 0.535557:  52%|█████▏    | 52/100 [05:14<04:50,  6.04s/it]                                                                                      Best trial: 17. Best value: 0.535557:  52%|█████▏    | 52/100 [05:20<04:50,  6.04s/it]Best trial: 17. Best value: 0.535557:  52%|█████▏    | 52/100 [05:20<04:50,  6.04s/it]Best trial: 17. Best value: 0.535557:  53%|█████▎    | 53/100 [05:20<04:44,  6.04s/it]                                                                                      Best trial: 17. Best value: 0.535557:  53%|█████▎    | 53/100 [05:26<04:44,  6.04s/it]Best trial: 17. Best value: 0.535557:  53%|█████▎    | 53/100 [05:26<04:44,  6.04s/it]Best trial: 17. Best value: 0.535557:  54%|█████▍    | 54/100 [05:26<04:38,  6.04s/it]                                                                                      Best trial: 17. Best value: 0.535557:  54%|█████▍    | 54/100 [05:33<04:38,  6.04s/it]Best trial: 17. Best value: 0.535557:  54%|█████▍    | 54/100 [05:33<04:38,  6.04s/it]Best trial: 17. Best value: 0.535557:  55%|█████▌    | 55/100 [05:33<04:32,  6.05s/it]                                                                                      Best trial: 17. Best value: 0.535557:  55%|█████▌    | 55/100 [05:39<04:32,  6.05s/it]Best trial: 17. Best value: 0.535557:  55%|█████▌    | 55/100 [05:39<04:32,  6.05s/it]Best trial: 17. Best value: 0.535557:  56%|█████▌    | 56/100 [05:39<04:26,  6.05s/it]                                                                                      Best trial: 17. Best value: 0.535557:  56%|█████▌    | 56/100 [05:45<04:26,  6.05s/it]Best trial: 17. Best value: 0.535557:  56%|█████▌    | 56/100 [05:45<04:26,  6.05s/it]Best trial: 17. Best value: 0.535557:  57%|█████▋    | 57/100 [05:45<04:20,  6.05s/it]                                                                                      Best trial: 17. Best value: 0.535557:  57%|█████▋    | 57/100 [05:51<04:20,  6.05s/it]Best trial: 17. Best value: 0.535557:  57%|█████▋    | 57/100 [05:51<04:20,  6.05s/it]Best trial: 17. Best value: 0.535557:  58%|█████▊    | 58/100 [05:51<04:14,  6.05s/it]                                                                                      Best trial: 17. Best value: 0.535557:  58%|█████▊    | 58/100 [05:57<04:14,  6.05s/it]Best trial: 17. Best value: 0.535557:  58%|█████▊    | 58/100 [05:57<04:14,  6.05s/it]Best trial: 17. Best value: 0.535557:  59%|█████▉    | 59/100 [05:57<04:09,  6.08s/it]                                                                                      Best trial: 17. Best value: 0.535557:  59%|█████▉    | 59/100 [06:03<04:09,  6.08s/it]Best trial: 17. Best value: 0.535557:  59%|█████▉    | 59/100 [06:03<04:09,  6.08s/it]Best trial: 17. Best value: 0.535557:  60%|██████    | 60/100 [06:03<04:03,  6.08s/it]                                                                                      Best trial: 17. Best value: 0.535557:  60%|██████    | 60/100 [06:09<04:03,  6.08s/it]Best trial: 17. Best value: 0.535557:  60%|██████    | 60/100 [06:09<04:03,  6.08s/it]Best trial: 17. Best value: 0.535557:  61%|██████    | 61/100 [06:09<03:56,  6.07s/it]                                                                                      Best trial: 17. Best value: 0.535557:  61%|██████    | 61/100 [06:15<03:56,  6.07s/it]Best trial: 17. Best value: 0.535557:  61%|██████    | 61/100 [06:15<03:56,  6.07s/it]Best trial: 17. Best value: 0.535557:  62%|██████▏   | 62/100 [06:15<03:50,  6.06s/it]                                                                                      Best trial: 17. Best value: 0.535557:  62%|██████▏   | 62/100 [06:21<03:50