[I 2025-05-15 03:24:42,639] Trial 0 finished with value: 0.5238913508151046 and parameters: {'threshold_scale_factor': 0.40544953334285627}. Best is trial 0 with value: 0.5238913508151046.
[I 2025-05-15 03:24:48,678] Trial 1 finished with value: 0.5391238030240134 and parameters: {'threshold_scale_factor': 0.9501476025967139}. Best is trial 1 with value: 0.5391238030240134.
[I 2025-05-15 03:24:54,716] Trial 2 finished with value: 0.5362145445334872 and parameters: {'threshold_scale_factor': 0.7133603710632217}. Best is trial 1 with value: 0.5391238030240134.
[I 2025-05-15 03:25:00,754] Trial 3 finished with value: 0.5369842762560773 and parameters: {'threshold_scale_factor': 0.7357179772181396}. Best is trial 1 with value: 0.5391238030240134.
[I 2025-05-15 03:25:06,789] Trial 4 finished with value: 0.5314372661455439 and parameters: {'threshold_scale_factor': 0.6016092469989281}. Best is trial 1 with value: 0.5391238030240134.
[I 2025-05-15 03:25:12,836] Trial 5 finished with value: 0.5196461299242238 and parameters: {'threshold_scale_factor': 0.3040658530575674}. Best is trial 1 with value: 0.5391238030240134.
[I 2025-05-15 03:25:18,890] Trial 6 finished with value: 0.5395494951769167 and parameters: {'threshold_scale_factor': 0.8606840926818409}. Best is trial 6 with value: 0.5395494951769167.
[I 2025-05-15 03:25:24,879] Trial 7 finished with value: 0.513876666971554 and parameters: {'threshold_scale_factor': 0.11080817288400002}. Best is trial 6 with value: 0.5395494951769167.
[I 2025-05-15 03:25:31,092] Trial 8 finished with value: 0.5307463740686278 and parameters: {'threshold_scale_factor': 0.5817262094152916}. Best is trial 6 with value: 0.5395494951769167.
[I 2025-05-15 03:25:37,138] Trial 9 finished with value: 0.5393887848363107 and parameters: {'threshold_scale_factor': 0.8341431629953171}. Best is trial 6 with value: 0.5395494951769167.
[I 2025-05-15 03:25:43,194] Trial 10 finished with value: 0.5384289567927727 and parameters: {'threshold_scale_factor': 0.9858079954535243}. Best is trial 6 with value: 0.5395494951769167.
[I 2025-05-15 03:25:49,258] Trial 11 finished with value: 0.5391568462453125 and parameters: {'threshold_scale_factor': 0.8163426506368457}. Best is trial 6 with value: 0.5395494951769167.
[I 2025-05-15 03:25:55,308] Trial 12 finished with value: 0.539137967620964 and parameters: {'threshold_scale_factor': 0.8153231165014425}. Best is trial 6 with value: 0.5395494951769167.
[I 2025-05-15 03:26:01,371] Trial 13 finished with value: 0.5396560814471361 and parameters: {'threshold_scale_factor': 0.8872668002523781}. Best is trial 13 with value: 0.5396560814471361.
[I 2025-05-15 03:26:07,413] Trial 14 finished with value: 0.5382987455058433 and parameters: {'threshold_scale_factor': 0.9928236767804246}. Best is trial 13 with value: 0.5396560814471361.
[I 2025-05-15 03:26:13,460] Trial 15 finished with value: 0.527689612957243 and parameters: {'threshold_scale_factor': 0.49228488328458053}. Best is trial 13 with value: 0.5396560814471361.
[I 2025-05-15 03:26:19,522] Trial 16 finished with value: 0.534143497808329 and parameters: {'threshold_scale_factor': 0.6650994156485942}. Best is trial 13 with value: 0.5396560814471361.
[I 2025-05-15 03:26:25,612] Trial 17 finished with value: 0.5396572564360546 and parameters: {'threshold_scale_factor': 0.8884592521119312}. Best is trial 17 with value: 0.5396572564360546.
[I 2025-05-15 03:26:31,672] Trial 18 finished with value: 0.5158522680100472 and parameters: {'threshold_scale_factor': 0.19563942754467945}. Best is trial 17 with value: 0.5396572564360546.
[I 2025-05-15 03:26:37,759] Trial 19 finished with value: 0.5267408959466401 and parameters: {'threshold_scale_factor': 0.46825871783921336}. Best is trial 17 with value: 0.5396572564360546.
[I 2025-05-15 03:26:43,824] Trial 20 finished with value: 0.5121950101668202 and parameters: {'threshold_scale_factor': 0.01222804383228504}. Best is trial 17 with value: 0.5396572564360546.
[I 2025-05-15 03:26:49,872] Trial 21 finished with value: 0.5396352524819004 and parameters: {'threshold_scale_factor': 0.875187054148718}. Best is trial 17 with value: 0.5396572564360546.
[I 2025-05-15 03:26:55,918] Trial 22 finished with value: 0.539706624263873 and parameters: {'threshold_scale_factor': 0.8964573016233713}. Best is trial 22 with value: 0.539706624263873.
[I 2025-05-15 03:27:01,955] Trial 23 finished with value: 0.5395021916709468 and parameters: {'threshold_scale_factor': 0.9253121531354944}. Best is trial 22 with value: 0.539706624263873.
[I 2025-05-15 03:27:08,152] Trial 24 finished with value: 0.5374094379050018 and parameters: {'threshold_scale_factor': 0.7492243838171813}. Best is trial 22 with value: 0.539706624263873.
[I 2025-05-15 03:27:14,226] Trial 25 finished with value: 0.5323408889107782 and parameters: {'threshold_scale_factor': 0.6239639838489878}. Best is trial 22 with value: 0.539706624263873.
[I 2025-05-15 03:27:20,284] Trial 26 finished with value: 0.5397344187322785 and parameters: {'threshold_scale_factor': 0.9070489748072866}. Best is trial 26 with value: 0.5397344187322785.
[I 2025-05-15 03:27:26,345] Trial 27 finished with value: 0.5380511661940912 and parameters: {'threshold_scale_factor': 0.7723626203528868}. Best is trial 26 with value: 0.5397344187322785.
[I 2025-05-15 03:27:32,422] Trial 28 finished with value: 0.5395108049729471 and parameters: {'threshold_scale_factor': 0.9246054456028121}. Best is trial 26 with value: 0.5397344187322785.
[I 2025-05-15 03:27:38,459] Trial 29 finished with value: 0.5219299720676287 and parameters: {'threshold_scale_factor': 0.3599972981640136}. Best is trial 26 with value: 0.5397344187322785.
[I 2025-05-15 03:27:44,774] Trial 30 finished with value: 0.5349155935804797 and parameters: {'threshold_scale_factor': 0.680592593920988}. Best is trial 26 with value: 0.5397344187322785.
[I 2025-05-15 03:27:50,823] Trial 31 finished with value: 0.539614866775957 and parameters: {'threshold_scale_factor': 0.8716009872939561}. Best is trial 26 with value: 0.5397344187322785.
[I 2025-05-15 03:27:56,888] Trial 32 finished with value: 0.539369628999008 and parameters: {'threshold_scale_factor': 0.9346120585176902}. Best is trial 26 with value: 0.5397344187322785.
[I 2025-05-15 03:28:02,966] Trial 33 finished with value: 0.5384988116429441 and parameters: {'threshold_scale_factor': 0.7875203786242064}. Best is trial 26 with value: 0.5397344187322785.
[I 2025-05-15 03:28:09,012] Trial 34 finished with value: 0.5397342737935256 and parameters: {'threshold_scale_factor': 0.9070959816717807}. Best is trial 26 with value: 0.5397344187322785.
[I 2025-05-15 03:28:15,075] Trial 35 finished with value: 0.5382130149371346 and parameters: {'threshold_scale_factor': 0.9990997226447993}. Best is trial 26 with value: 0.5397344187322785.
[I 2025-05-15 03:28:21,115] Trial 36 finished with value: 0.5360920065574232 and parameters: {'threshold_scale_factor': 0.7091675870362919}. Best is trial 26 with value: 0.5397344187322785.
[I 2025-05-15 03:28:27,183] Trial 37 finished with value: 0.5397187569039394 and parameters: {'threshold_scale_factor': 0.9107366641692001}. Best is trial 26 with value: 0.5397344187322785.
[I 2025-05-15 03:28:33,224] Trial 38 finished with value: 0.5298988707441831 and parameters: {'threshold_scale_factor': 0.5543414982885315}. Best is trial 26 with value: 0.5397344187322785.
[I 2025-05-15 03:28:39,270] Trial 39 finished with value: 0.5392221404498729 and parameters: {'threshold_scale_factor': 0.9446952753339604}. Best is trial 26 with value: 0.5397344187322785.
[I 2025-05-15 03:28:45,331] Trial 40 finished with value: 0.5380039260108774 and parameters: {'threshold_scale_factor': 0.7711163753977313}. Best is trial 26 with value: 0.5397344187322785.
[I 2025-05-15 03:28:51,524] Trial 41 finished with value: 0.5397315593580481 and parameters: {'threshold_scale_factor': 0.9079514696850094}. Best is trial 26 with value: 0.5397344187322785.
[I 2025-05-15 03:28:57,549] Trial 42 finished with value: 0.5395290925849052 and parameters: {'threshold_scale_factor': 0.8542768147712841}. Best is trial 26 with value: 0.5397344187322785.
[I 2025-05-15 03:29:03,605] Trial 43 finished with value: 0.53914798105946 and parameters: {'threshold_scale_factor': 0.9488318769841639}. Best is trial 26 with value: 0.5397344187322785.
[I 2025-05-15 03:29:09,651] Trial 44 finished with value: 0.5393321728851959 and parameters: {'threshold_scale_factor': 0.8282209526444562}. Best is trial 26 with value: 0.5397344187322785.
[I 2025-05-15 03:29:15,697] Trial 45 finished with value: 0.5397368390687334 and parameters: {'threshold_scale_factor': 0.9050526246234026}. Best is trial 45 with value: 0.5397368390687334.
[I 2025-05-15 03:29:21,755] Trial 46 finished with value: 0.5365280132837071 and parameters: {'threshold_scale_factor': 0.721860447437197}. Best is trial 45 with value: 0.5397368390687334.
[I 2025-05-15 03:29:27,787] Trial 47 finished with value: 0.5389412139675929 and parameters: {'threshold_scale_factor': 0.8028266419129824}. Best is trial 45 with value: 0.5397368390687334.
[I 2025-05-15 03:29:33,853] Trial 48 finished with value: 0.538839184121467 and parameters: {'threshold_scale_factor': 0.9631271092749035}. Best is trial 45 with value: 0.5397368390687334.
[I 2025-05-15 03:29:39,916] Trial 49 finished with value: 0.5394494339649192 and parameters: {'threshold_scale_factor': 0.8430817652750022}. Best is trial 45 with value: 0.5397368390687334.
[I 2025-05-15 03:29:45,966] Trial 50 finished with value: 0.5396867169965314 and parameters: {'threshold_scale_factor': 0.9130501977008209}. Best is trial 45 with value: 0.5397368390687334.
[I 2025-05-15 03:29:52,025] Trial 51 finished with value: 0.53973437792428 and parameters: {'threshold_scale_factor': 0.9015209907892128}. Best is trial 45 with value: 0.5397368390687334.
[I 2025-05-15 03:29:58,085] Trial 52 finished with value: 0.5388251011405132 and parameters: {'threshold_scale_factor': 0.9639411957291623}. Best is trial 45 with value: 0.5397368390687334.
[I 2025-05-15 03:30:04,131] Trial 53 finished with value: 0.5382326534345558 and parameters: {'threshold_scale_factor': 0.9975058914812793}. Best is trial 45 with value: 0.5397368390687334.
[I 2025-05-15 03:30:10,206] Trial 54 finished with value: 0.5394688993801405 and parameters: {'threshold_scale_factor': 0.846898136212459}. Best is trial 45 with value: 0.5397368390687334.
[I 2025-05-15 03:30:16,283] Trial 55 finished with value: 0.5397324697985633 and parameters: {'threshold_scale_factor': 0.9027210306350624}. Best is trial 45 with value: 0.5397368390687334.
[I 2025-05-15 03:30:22,296] Trial 56 finished with value: 0.5390688079139374 and parameters: {'threshold_scale_factor': 0.8111937081955114}. Best is trial 45 with value: 0.5397368390687334.
[I 2025-05-15 03:30:28,349] Trial 57 finished with value: 0.5396471332381146 and parameters: {'threshold_scale_factor': 0.8835040629284152}. Best is trial 45 with value: 0.5397368390687334.
[I 2025-05-15 03:30:34,527] Trial 58 finished with value: 0.5153030120524312 and parameters: {'threshold_scale_factor': 0.1770155179200137}. Best is trial 45 with value: 0.5397368390687334.
[I 2025-05-15 03:30:40,587] Trial 59 finished with value: 0.5375889579185107 and parameters: {'threshold_scale_factor': 0.7563298790045365}. Best is trial 45 with value: 0.5397368390687334.
[I 2025-05-15 03:30:46,657] Trial 60 finished with value: 0.5388708426851663 and parameters: {'threshold_scale_factor': 0.961119325817089}. Best is trial 45 with value: 0.5397368390687334.
[I 2025-05-15 03:30:52,727] Trial 61 finished with value: 0.5397067917173834 and parameters: {'threshold_scale_factor': 0.8964721648505056}. Best is trial 45 with value: 0.5397368390687334.
[I 2025-05-15 03:30:58,796] Trial 62 finished with value: 0.5397254733376018 and parameters: {'threshold_scale_factor': 0.8993080945603504}. Best is trial 45 with value: 0.5397368390687334.
[I 2025-05-15 03:31:04,853] Trial 63 finished with value: 0.5395446967191777 and parameters: {'threshold_scale_factor': 0.8571861424821348}. Best is trial 45 with value: 0.5397368390687334.
[I 2025-05-15 03:31:10,925] Trial 64 finished with value: 0.539067897473422 and parameters: {'threshold_scale_factor': 0.811118443279019}. Best is trial 45 with value: 0.5397368390687334.
[I 2025-05-15 03:31:16,985] Trial 65 finished with value: 0.5247028347487142 and parameters: {'threshold_scale_factor': 0.42216545771883884}. Best is trial 45 with value: 0.5397368390687334.
[I 2025-05-15 03:31:23,040] Trial 66 finished with value: 0.53961723223269 and parameters: {'threshold_scale_factor': 0.9179402245242465}. Best is trial 45 with value: 0.5397368390687334.
[I 2025-05-15 03:31:29,128] Trial 67 finished with value: 0.5386654039640045 and parameters: {'threshold_scale_factor': 0.9721562302224059}. Best is trial 45 with value: 0.5397368390687334.
[I 2025-05-15 03:31:35,174] Trial 68 finished with value: 0.5396334484869378 and parameters: {'threshold_scale_factor': 0.8747486111008904}. Best is trial 45 with value: 0.5397368390687334.
[I 2025-05-15 03:31:41,225] Trial 69 finished with value: 0.5343556670348768 and parameters: {'threshold_scale_factor': 0.6700056127073144}. Best is trial 45 with value: 0.5397368390687334.
[I 2025-05-15 03:31:47,282] Trial 70 finished with value: 0.5392911580324916 and parameters: {'threshold_scale_factor': 0.940066979538431}. Best is trial 45 with value: 0.5397368390687334.
[I 2025-05-15 03:31:53,332] Trial 71 finished with value: 0.5396425092697479 and parameters: {'threshold_scale_factor': 0.9163162300672083}. Best is trial 45 with value: 0.5397368390687334.
[I 2025-05-15 03:31:59,400] Trial 72 finished with value: 0.5397364535035074 and parameters: {'threshold_scale_factor': 0.9061859124248215}. Best is trial 45 with value: 0.5397368390687334.
[I 2025-05-15 03:32:05,464] Trial 73 finished with value: 0.5394135665486988 and parameters: {'threshold_scale_factor': 0.8379188821182735}. Best is trial 45 with value: 0.5397368390687334.
[I 2025-05-15 03:32:11,692] Trial 74 finished with value: 0.5185560877794118 and parameters: {'threshold_scale_factor': 0.27482192297032715}. Best is trial 45 with value: 0.5397368390687334.
[I 2025-05-15 03:32:17,730] Trial 75 finished with value: 0.5396652773184923 and parameters: {'threshold_scale_factor': 0.8901925602191396}. Best is trial 45 with value: 0.5397368390687334.
[I 2025-05-15 03:32:23,810] Trial 76 finished with value: 0.5386996531320138 and parameters: {'threshold_scale_factor': 0.7933689507048362}. Best is trial 45 with value: 0.5397368390687334.
[I 2025-05-15 03:32:29,859] Trial 77 finished with value: 0.539585676392573 and parameters: {'threshold_scale_factor': 0.8678219222529246}. Best is trial 45 with value: 0.5397368390687334.
[I 2025-05-15 03:32:35,913] Trial 78 finished with value: 0.5385743838344039 and parameters: {'threshold_scale_factor': 0.9782670501603703}. Best is trial 45 with value: 0.5397368390687334.
[I 2025-05-15 03:32:41,963] Trial 79 finished with value: 0.5392277381815112 and parameters: {'threshold_scale_factor': 0.9444145123034524}. Best is trial 45 with value: 0.5397368390687334.
[I 2025-05-15 03:32:48,027] Trial 80 finished with value: 0.539731909743965 and parameters: {'threshold_scale_factor': 0.9006610738236449}. Best is trial 45 with value: 0.5397368390687334.
[I 2025-05-15 03:32:54,087] Trial 81 finished with value: 0.5397329580873713 and parameters: {'threshold_scale_factor': 0.9007596377384351}. Best is trial 45 with value: 0.5397368390687334.
[I 2025-05-15 03:33:00,141] Trial 82 finished with value: 0.5395571698949546 and parameters: {'threshold_scale_factor': 0.8627161650988583}. Best is trial 45 with value: 0.5397368390687334.
[I 2025-05-15 03:33:06,225] Trial 83 finished with value: 0.5393146592180343 and parameters: {'threshold_scale_factor': 0.9380941977379167}. Best is trial 45 with value: 0.5397368390687334.
[I 2025-05-15 03:33:12,300] Trial 84 finished with value: 0.5393212433774951 and parameters: {'threshold_scale_factor': 0.8269887963067163}. Best is trial 45 with value: 0.5397368390687334.
[I 2025-05-15 03:33:18,359] Trial 85 finished with value: 0.5396283854807956 and parameters: {'threshold_scale_factor': 0.9173131691134826}. Best is trial 45 with value: 0.5397368390687334.
[I 2025-05-15 03:33:24,425] Trial 86 finished with value: 0.5382983008393782 and parameters: {'threshold_scale_factor': 0.7805562992381445}. Best is trial 45 with value: 0.5397368390687334.
[I 2025-05-15 03:33:30,473] Trial 87 finished with value: 0.5386229439452892 and parameters: {'threshold_scale_factor': 0.9752045760569151}. Best is trial 45 with value: 0.5397368390687334.
[I 2025-05-15 03:33:36,520] Trial 88 finished with value: 0.5372567850333148 and parameters: {'threshold_scale_factor': 0.7436169947972999}. Best is trial 45 with value: 0.5397368390687334.
[I 2025-05-15 03:33:42,573] Trial 89 finished with value: 0.539640148034532 and parameters: {'threshold_scale_factor': 0.8791160470739093}. Best is trial 45 with value: 0.5397368390687334.
[I 2025-05-15 03:33:48,639] Trial 90 finished with value: 0.539416669363747 and parameters: {'threshold_scale_factor': 0.8385350910079279}. Best is trial 45 with value: 0.5397368390687334.
[I 2025-05-15 03:33:54,866] Trial 91 finished with value: 0.5397350421096327 and parameters: {'threshold_scale_factor': 0.9069270151418342}. Best is trial 45 with value: 0.5397368390687334.
[I 2025-05-15 03:34:00,909] Trial 92 finished with value: 0.5397331550915014 and parameters: {'threshold_scale_factor': 0.9034675285538752}. Best is trial 45 with value: 0.5397368390687334.
[I 2025-05-15 03:34:06,966] Trial 93 finished with value: 0.5295826945943474 and parameters: {'threshold_scale_factor': 0.5436767741621336}. Best is trial 45 with value: 0.5397368390687334.
[I 2025-05-15 03:34:13,016] Trial 94 finished with value: 0.5394797163140528 and parameters: {'threshold_scale_factor': 0.9275918899007014}. Best is trial 45 with value: 0.5397368390687334.
[I 2025-05-15 03:34:19,098] Trial 95 finished with value: 0.5382068585580705 and parameters: {'threshold_scale_factor': 0.9995624309135261}. Best is trial 45 with value: 0.5397368390687334.
[I 2025-05-15 03:34:25,175] Trial 96 finished with value: 0.5397311667569602 and parameters: {'threshold_scale_factor': 0.9022638866876103}. Best is trial 45 with value: 0.5397368390687334.
[I 2025-05-15 03:34:31,231] Trial 97 finished with value: 0.5388939160903123 and parameters: {'threshold_scale_factor': 0.9599148997220874}. Best is trial 45 with value: 0.5397368390687334.
[I 2025-05-15 03:34:37,313] Trial 98 finished with value: 0.5395245009815027 and parameters: {'threshold_scale_factor': 0.8537168471971798}. Best is trial 45 with value: 0.5397368390687334.
