[I 2025-05-15 03:24:41,022] Trial 99 finished with value: 0.5490077436694834 and parameters: {'interp_param': 0.98018853277082}. Best is trial 88 with value: 0.5490078970512704.
Best hyperparameters: {'interp_param': 0.9802802281992894}
Best optimized value: 0.5490078970512704
Tuning threshold scale factor for offline LSET using optuna
  0%|          | 0/100 [00:00<?, ?it/s]                                         0%|          | 0/100 [00:06<?, ?it/s]Best trial: 0. Best value: 0.545555:   0%|          | 0/100 [00:06<?, ?it/s]Best trial: 0. Best value: 0.545555:   1%|          | 1/100 [00:06<10:02,  6.08s/it]                                                                                    Best trial: 0. Best value: 0.545555:   1%|          | 1/100 [00:12<10:02,  6.08s/it]Best trial: 1. Best value: 0.548896:   1%|          | 1/100 [00:12<10:02,  6.08s/it]Best trial: 1. Best value: 0.548896:   2%|▏         | 2/100 [00:12<09:53,  6.05s/it]                                                                                    Best trial: 1. Best value: 0.548896:   2%|▏         | 2/100 [00:18<09:53,  6.05s/it]Best trial: 1. Best value: 0.548896:   2%|▏         | 2/100 [00:18<09:53,  6.05s/it]Best trial: 1. Best value: 0.548896:   3%|▎         | 3/100 [00:18<09:46,  6.05s/it]                                                                                    Best trial: 1. Best value: 0.548896:   3%|▎         | 3/100 [00:24<09:46,  6.05s/it]Best trial: 3. Best value: 0.548899:   3%|▎         | 3/100 [00:24<09:46,  6.05s/it]Best trial: 3. Best value: 0.548899:   4%|▍         | 4/100 [00:24<09:39,  6.04s/it]                                                                                    Best trial: 3. Best value: 0.548899:   4%|▍         | 4/100 [00:30<09:39,  6.04s/it]Best trial: 3. Best value: 0.548899:   4%|▍         | 4/100 [00:30<09:39,  6.04s/it]Best trial: 3. Best value: 0.548899:   5%|▌         | 5/100 [00:30<09:33,  6.04s/it]                                                                                    Best trial: 3. Best value: 0.548899:   5%|▌         | 5/100 [00:36<09:33,  6.04s/it]Best trial: 3. Best value: 0.548899:   5%|▌         | 5/100 [00:36<09:33,  6.04s/it]Best trial: 3. Best value: 0.548899:   6%|▌         | 6/100 [00:36<09:27,  6.04s/it]                                                                                    Best trial: 3. Best value: 0.548899:   6%|▌         | 6/100 [00:42<09:27,  6.04s/it]Best trial: 3. Best value: 0.548899:   6%|▌         | 6/100 [00:42<09:27,  6.04s/it]Best trial: 3. Best value: 0.548899:   7%|▋         | 7/100 [00:42<09:19,  6.02s/it]                                                                                    Best trial: 3. Best value: 0.548899:   7%|▋         | 7/100 [00:48<09:19,  6.02s/it]Best trial: 3. Best value: 0.548899:   7%|▋         | 7/100 [00:48<09:19,  6.02s/it]Best trial: 3. Best value: 0.548899:   8%|▊         | 8/100 [00:48<09:14,  6.03s/it]                                                                                    Best trial: 3. Best value: 0.548899:   8%|▊         | 8/100 [00:54<09:14,  6.03s/it]Best trial: 3. Best value: 0.548899:   8%|▊         | 8/100 [00:54<09:14,  6.03s/it]Best trial: 3. Best value: 0.548899:   9%|▉         | 9/100 [00:54<09:12,  6.07s/it]                                                                                    Best trial: 3. Best value: 0.548899:   9%|▉         | 9/100 [01:00<09:12,  6.07s/it]Best trial: 3. Best value: 0.548899:   9%|▉         | 9/100 [01:00<09:12,  6.07s/it]Best trial: 3. Best value: 0.548899:  10%|█         | 10/100 [01:00<09:05,  6.06s/it]                                                                                     Best trial: 3. Best value: 0.548899:  10%|█         | 10/100 [01:06<09:05,  6.06s/it]Best trial: 10. Best value: 0.548933:  10%|█         | 10/100 [01:06<09:05,  6.06s/it]Best trial: 10. Best value: 0.548933:  11%|█         | 11/100 [01:06<08:59,  6.06s/it]                                                                                      Best trial: 10. Best value: 0.548933:  11%|█         | 11/100 [01:12<08:59,  6.06s/it]Best trial: 11. Best value: 0.548967:  11%|█         | 11/100 [01:12<08:59,  6.06s/it]Best trial: 11. Best value: 0.548967:  12%|█▏        | 12/100 [01:12<08:52,  6.05s/it]                                                                                      Best trial: 11. Best value: 0.548967:  12%|█▏        | 12/100 [01:18<08:52,  6.05s/it]Best trial: 11. Best value: 0.548967:  12%|█▏        | 12/100 [01:18<08:52,  6.05s/it]Best trial: 11. Best value: 0.548967:  13%|█▎        | 13/100 [01:18<08:46,  6.05s/it]                                                                                      Best trial: 11. Best value: 0.548967:  13%|█▎        | 13/100 [01:24<08:46,  6.05s/it]Best trial: 11. Best value: 0.548967:  13%|█▎        | 13/100 [01:24<08:46,  6.05s/it]Best trial: 11. Best value: 0.548967:  14%|█▍        | 14/100 [01:24<08:40,  6.05s/it]                                                                                      Best trial: 11. Best value: 0.548967:  14%|█▍        | 14/100 [01:30<08:40,  6.05s/it]Best trial: 11. Best value: 0.548967:  14%|█▍        | 14/100 [01:30<08:40,  6.05s/it]Best trial: 11. Best value: 0.548967:  15%|█▌        | 15/100 [01:30<08:34,  6.05s/it]                                                                                      Best trial: 11. Best value: 0.548967:  15%|█▌        | 15/100 [01:36<08:34,  6.05s/it]Best trial: 11. Best value: 0.548967:  15%|█▌        | 15/100 [01:36<08:34,  6.05s/it]Best trial: 11. Best value: 0.548967:  16%|█▌        | 16/100 [01:36<08:27,  6.04s/it]                                                                                      Best trial: 11. Best value: 0.548967:  16%|█▌        | 16/100 [01:42<08:27,  6.04s/it]Best trial: 11. Best value: 0.548967:  16%|█▌        | 16/100 [01:42<08:27,  6.04s/it]Best trial: 11. Best value: 0.548967:  17%|█▋        | 17/100 [01:42<08:21,  6.04s/it]                                                                                      Best trial: 11. Best value: 0.548967:  17%|█▋        | 17/100 [01:48<08:21,  6.04s/it]Best trial: 11. Best value: 0.548967:  17%|█▋        | 17/100 [01:48<08:21,  6.04s/it]Best trial: 11. Best value: 0.548967:  18%|█▊        | 18/100 [01:48<08:14,  6.03s/it]                                                                                      Best trial: 11. Best value: 0.548967:  18%|█▊        | 18/100 [01:54<08:14,  6.03s/it]Best trial: 18. Best value: 0.548968:  18%|█▊        | 18/100 [01:54<08:14,  6.03s/it]Best trial: 18. Best value: 0.548968:  19%|█▉        | 19/100 [01:54<08:08,  6.04s/it]                                                                                      Best trial: 18. Best value: 0.548968:  19%|█▉        | 19/100 [02:00<08:08,  6.04s/it]Best trial: 18. Best value: 0.548968:  19%|█▉        | 19/100 [02:00<08:08,  6.04s/it]Best trial: 18. Best value: 0.548968:  20%|██        | 20/100 [02:00<08:02,  6.03s/it]                                                                                      Best trial: 18. Best value: 0.548968:  20%|██        | 20/100 [02:06<08:02,  6.03s/it]Best trial: 18. Best value: 0.548968:  20%|██        | 20/100 [02:06<08:02,  6.03s/it]Best trial: 18. Best value: 0.548968:  21%|██        | 21/100 [02:06<07:56,  6.03s/it]                                                                                      Best trial: 18. Best value: 0.548968:  21%|██        | 21/100 [02:12<07:56,  6.03s/it]Best trial: 21. Best value: 0.548972:  21%|██        | 21/100 [02:12<07:56,  6.03s/it]Best trial: 21. Best value: 0.548972:  22%|██▏       | 22/100 [02:12<07:50,  6.03s/it]                                                                                      Best trial: 21. Best value: 0.548972:  22%|██▏       | 22/100 [02:18<07:50,  6.03s/it]Best trial: 21. Best value: 0.548972:  22%|██▏       | 22/100 [02:18<07:50,  6.03s/it]Best trial: 21. Best value: 0.548972:  23%|██▎       | 23/100 [02:18<07:44,  6.03s/it]                                                                                      Best trial: 21. Best value: 0.548972:  23%|██▎       | 23/100 [02:24<07:44,  6.03s/it]Best trial: 21. Best value: 0.548972:  23%|██▎       | 23/100 [02:24<07:44,  6.03s/it]Best trial: 21. Best value: 0.548972:  24%|██▍       | 24/100 [02:24<07:38,  6.03s/it]                                                                                      Best trial: 21. Best value: 0.548972:  24%|██▍       | 24/100 [02:31<07:38,  6.03s/it]Best trial: 24. Best value: 0.549009:  24%|██▍       | 24/100 [02:31<07:38,  6.03s/it]Best trial: 24. Best value: 0.549009:  25%|██▌       | 25/100 [02:31<07:35,  6.07s/it]                                                                                      Best trial: 24. Best value: 0.549009:  25%|██▌       | 25/100 [02:37<07:35,  6.07s/it]Best trial: 24. Best value: 0.549009:  25%|██▌       | 25/100 [02:37<07:35,  6.07s/it]Best trial: 24. Best value: 0.549009:  26%|██▌       | 26/100 [02:37<07:28,  6.06s/it]                                                                                      Best trial: 24. Best value: 0.549009:  26%|██▌       | 26/100 [02:43<07:28,  6.06s/it]Best trial: 24. Best value: 0.549009:  26%|██▌       | 26/100 [02:43<07:28,  6.06s/it]Best trial: 24. Best value: 0.549009:  27%|██▋       | 27/100 [02:43<07:21,  6.05s/it]                                                                                      Best trial: 24. Best value: 0.549009:  27%|██▋       | 27/100 [02:49<07:21,  6.05s/it]Best trial: 24. Best value: 0.549009:  27%|██▋       | 27/100 [02:49<07:21,  6.05s/it]Best trial: 24. Best value: 0.549009:  28%|██▊       | 28/100 [02:49<07:15,  6.05s/it]                                                                                      Best trial: 24. Best value: 0.549009:  28%|██▊       | 28/100 [02:55<07:15,  6.05s/it]Best trial: 28. Best value: 0.549014:  28%|██▊       | 28/100 [02:55<07:15,  6.05s/it]Best trial: 28. Best value: 0.549014:  29%|██▉       | 29/100 [02:55<07:08,  6.04s/it]                                                                                      Best trial: 28. Best value: 0.549014:  29%|██▉       | 29/100 [03:01<07:08,  6.04s/it]Best trial: 28. Best value: 0.549014:  29%|██▉       | 29/100 [03:01<07:08,  6.04s/it]Best trial: 28. Best value: 0.549014:  30%|███       | 30/100 [03:01<07:02,  6.04s/it]                                                                                      Best trial: 28. Best value: 0.549014:  30%|███       | 30/100 [03:07<07:02,  6.04s/it]Best trial: 28. Best value: 0.549014:  30%|███       | 30/100 [03:07<07:02,  6.04s/it]Best trial: 28. Best value: 0.549014:  31%|███       | 31/100 [03:07<06:56,  6.04s/it]                                                                                      Best trial: 28. Best value: 0.549014:  31%|███       | 31/100 [03:13<06:56,  6.04s/it]Best trial: 28. Best value: 0.549014:  31%|███       | 31/100 [03:13<06:56,  6.04s/it]Best trial: 28. Best value: 0.549014:  32%|███▏      | 32/100 [03:13<06:50,  6.04s/it]                                                                                      Best trial: 28. Best value: 0.549014:  32%|███▏      | 32/100 [03:19<06:50,  6.04s/it]Best trial: 28. Best value: 0.549014:  32%|███▏      | 32/100 [03:19<06:50,  6.04s/it]Best trial: 28. Best value: 0.549014:  33%|███▎      | 33/100 [03:19<06:44,  6.04s/it]                                                                                      Best trial: 28. Best value: 0.549014:  33%|███▎      | 33/100 [03:25<06:44,  6.04s/it]Best trial: 33. Best value: 0.54902:  33%|███▎      | 33/100 [03:25<06:44,  6.04s/it] Best trial: 33. Best value: 0.54902:  34%|███▍      | 34/100 [03:25<06:38,  6.03s/it]                                                                                     Best trial: 33. Best value: 0.54902:  34%|███▍      | 34/100 [03:31<06:38,  6.03s/it]Best trial: 33. Best value: 0.54902:  34%|███▍      | 34/100 [03:31<06:38,  6.03s/it]Best trial: 33. Best value: 0.54902:  35%|███▌      | 35/100 [03:31<06:32,  6.03s/it]                                                                                     Best trial: 33. Best value: 0.54902:  35%|███▌      | 35/100 [03:37<06:32,  6.03s/it]Best trial: 33. Best value: 0.54902:  35%|███▌      | 35/100 [03:37<06:32,  6.03s/it]Best trial: 33. Best value: 0.54902:  36%|███▌      | 36/100 [03:37<06:26,  6.04s/it]                                                                                     Best trial: 33. Best value: 0.54902:  36%|███▌      | 36/100 [03:43<06:26,  6.04s/it]Best trial: 36. Best value: 0.549044:  36%|███▌      | 36/100 [03:43<06:26,  6.04s/it]Best trial: 36. Best value: 0.549044:  37%|███▋      | 37/100 [03:43<06:20,  6.03s/it]                                                                                      Best trial: 36. Best value: 0.549044:  37%|███▋      | 37/100 [03:49<06:20,  6.03s/it]Best trial: 36. Best value: 0.549044:  37%|███▋      | 37/100 [03:49<06:20,  6.03s/it]Best trial: 36. Best value: 0.549044:  38%|███▊      | 38/100 [03:49<06:14,  6.04s/it]                                                                                      Best trial: 36. Best value: 0.549044:  38%|███▊      | 38/100 [03:55<06:14,  6.04s/it]Best trial: 36. Best value: 0.549044:  38%|███▊      | 38/100 [03:55<06:14,  6.04s/it]Best trial: 36. Best value: 0.549044:  39%|███▉      | 39/100 [03:55<06:08,  6.03s/it]                                                                                      Best trial: 36. Best value: 0.549044:  39%|███▉      | 39/100 [04:01<06:08,  6.03s/it]Best trial: 36. Best value: 0.549044:  39%|███▉      | 39/100 [04:01<06:08,  6.03s/it]Best trial: 36. Best value: 0.549044:  40%|████      | 40/100 [04:01<06:02,  6.03s/it]                                                                                      Best trial: 36. Best value: 0.549044:  40%|████      | 40/100 [04:07<06:02,  6.03s/it]Best trial: 36. Best value: 0.549044:  40%|████      | 40/100 [04:07<06:02,  6.03s/it]Best trial: 36. Best value: 0.549044:  41%|████      | 41/100 [04:07<05:56,  6.04s/it]                                                                                      Best trial: 36. Best value: 0.549044:  41%|████      | 41/100 [04:13<05:56,  6.04s/it]Best trial: 36. Best value: 0.549044:  41%|████      | 41/100 [04:13<05:56,  6.04s/it]Best trial: 36. Best value: 0.549044:  42%|████▏     | 42/100 [04:13<05:52,  6.08s/it]                                                                                      Best trial: 36. Best value: 0.549044:  42%|████▏     | 42/100 [04:19<05:52,  6.08s/it]Best trial: 36. Best value: 0.549044:  42%|████▏     | 42/100 [04:19<05:52,  6.08s/it]Best trial: 36. Best value: 0.549044:  43%|████▎     | 43/100 [04:19<05:45,  6.06s/it]                                                                                      Best trial: 36. Best value: 0.549044:  43%|████▎     | 43/100 [04:25<05:45,  6.06s/it]Best trial: 36. Best value: 0.549044:  43%|████▎     | 43/100 [04:25<05:45,  6.06s/it]Best trial: 36. Best value: 0.549044:  44%|████▍     | 44/100 [04:25<05:38,  6.05s/it]                                                                                      Best trial: 36. Best value: 0.549044:  44%|████▍     | 44/100 [04:31<05:38,  6.05s/it]Best trial: 36. Best value: 0.549044:  44%|████▍     | 44/100 [04:31<05:38,  6.05s/it]Best trial: 36. Best value: 0.549044:  45%|████▌     | 45/100 [04:31<05:32,  6.05s/it]                                                                                      Best trial: 36. Best value: 0.549044:  45%|████▌     | 45/100 [04:37<05:32,  6.05s/it]Best trial: 36. Best value: 0.549044:  45%|████▌     | 45/100 [04:37<05:32,  6.05s/it]Best trial: 36. Best value: 0.549044:  46%|████▌     | 46/100 [04:37<05:26,  6.05s/it]                                                                                      Best trial: 36. Best value: 0.549044:  46%|████▌     | 46/100 [04:44<05:26,  6.05s/it]Best trial: 36. Best value: 0.549044:  46%|████▌     | 46/100 [04:44<05:26,  6.05s/it]Best trial: 36. Best value: 0.549044:  47%|████▋     | 47/100 [04:44<05:20,  6.04s/it]                                                                                      Best trial: 36. Best value: 0.549044:  47%|████▋     | 47/100 [04:50<05:20,  6.04s/it]Best trial: 36. Best value: 0.549044:  47%|████▋     | 47/100 [04:50<05:20,  6.04s/it]Best trial: 36. Best value: 0.549044:  48%|████▊     | 48/100 [04:50<05:13,  6.03s/it]                                                                                      Best trial: 36. Best value: 0.549044:  48%|████▊     | 48/100 [04:56<05:13,  6.03s/it]Best trial: 36. Best value: 0.549044:  48%|████▊     | 48/100 [04:56<05:13,  6.03s/it]Best trial: 36. Best value: 0.549044:  49%|████▉     | 49/100 [04:56<05:07,  6.03s/it]                                                                                      Best trial: 36. Best value: 0.549044:  49%|████▉     | 49/100 [05:02<05:07,  6.03s/it]Best trial: 36. Best value: 0.549044:  49%|████▉     | 49/100 [05:02<05:07,  6.03s/it]Best trial: 36. Best value: 0.549044:  50%|█████     | 50/100 [05:02<05:01,  6.03s/it]                                                                                      Best trial: 36. Best value: 0.549044:  50%|█████     | 50/100 [05:08<05:01,  6.03s/it]Best trial: 36. Best value: 0.549044:  50%|█████     | 50/100 [05:08<05:01,  6.03s/it]Best trial: 36. Best value: 0.549044:  51%|█████     | 51/100 [05:08<04:55,  6.03s/it]                                                                                      Best trial: 36. Best value: 0.549044:  51%|█████     | 51/100 [05:14<04:55,  6.03s/it]Best trial: 36. Best value: 0.549044:  51%|█████     | 51/100 [05:14<04:55,  6.03s/it]Best trial: 36. Best value: 0.549044:  52%|█████▏    | 52/100 [05:14<04:49,  6.03s/it]                                                                                      Best trial: 36. Best value: 0.549044:  52%|█████▏    | 52/100 [05:20<04:49,  6.03s/it]Best trial: 36. Best value: 0.549044:  52%|█████▏    | 52/100 [05:20<04:49,  6.03s/it]Best trial: 36. Best value: 0.549044:  53%|█████▎    | 53/100 [05:20<04:43,  6.04s/it]                                                                                      Best trial: 36. Best value: 0.549044:  53%|█████▎    | 53/100 [05:26<04:43,  6.04s/it]Best trial: 36. Best value: 0.549044:  53%|█████▎    | 53/100 [05:26<04:43,  6.04s/it]Best trial: 36. Best value: 0.549044:  54%|█████▍    | 54/100 [05:26<04:37,  6.04s/it]                                                                                      Best trial: 36. Best value: 0.549044:  54%|█████▍    | 54/100 [05:32<04:37,  6.04s/it]Best trial: 36. Best value: 0.549044:  54%|█████▍    | 54/100 [05:32<04:37,  6.04s/it]Best trial: 36. Best value: 0.549044:  55%|█████▌    | 55/100 [05:32<04:31,  6.03s/it]                                                                                      Best trial: 36. Best value: 0.549044:  55%|█████▌    | 55/100 [05:38<04:31,  6.03s/it]Best trial: 36. Best value: 0.549044:  55%|█████▌    | 55/100 [05:38<04:31,  6.03s/it]Best trial: 36. Best value: 0.549044:  56%|█████▌    | 56/100 [05:38<04:25,  6.03s/it]                                                                                      Best trial: 36. Best value: 0.549044:  56%|█████▌    | 56/100 [05:44<04:25,  6.03s/it]Best trial: 36. Best value: 0.549044:  56%|█████▌    | 56/100 [05:44<04:25,  6.03s/it]Best trial: 36. Best value: 0.549044:  57%|█████▋    | 57/100 [05:44<04:18,  6.02s/it]                                                                                      Best trial: 36. Best value: 0.549044:  57%|█████▋    | 57/100 [05:50<04:18,  6.02s/it]Best trial: 36. Best value: 0.549044:  57%|█████▋    | 57/100 [05:50<04:18,  6.02s/it]Best trial: 36. Best value: 0.549044:  58%|█████▊    | 58/100 [05:50<04:12,  6.02s/it]                                                                                      Best trial: 36. Best value: 0.549044:  58%|█████▊    | 58/100 [05:56<04:12,  6.02s/it]Best trial: 36. Best value: 0.549044:  58%|█████▊    | 58/100 [05:56<04:12,  6.02s/it]Best trial: 36. Best value: 0.549044:  59%|█████▉    | 59/100 [05:56<04:08,  6.07s/it]                                                                                      Best trial: 36. Best value: 0.549044:  59%|█████▉    | 59/100 [06:02<04:08,  6.07s/it]Best trial: 36. Best value: 0.549044:  59%|█████▉    | 59/100 [06:02<04:08,  6.07s/it]Best trial: 36. Best value: 0.549044:  60%|██████    | 60/100 [06:02<04:02,  6.06s/it]                                                                                      Best trial: 36. Best value: 0.549044:  60%|██████    | 60/100 [06:08<04:02,  6.06s/it]Best trial: 36. Best value: 0.549044:  60%|██████    | 60/100 [06:08<04:02,  6.06s/it]Best trial: 36. Best value: 0.549044:  61%|██████    | 61/100 [06:08<03:55,  6.05s/it]                                                                                      Best trial: 36. Best value: 0.549044:  61%|██████    | 61/100 [06:14<03:55,  6.05s/it]Best trial: 36. Best value: 0.549044:  61%|██████    | 61/100 [06:14<03:55,  6.05s/it]Best trial: 36. Best value: 0.549044:  62%|██████▏   | 62/100 [06:14<03:49,  6.05s/it]                                                                                      Best trial: 36. Best value: 0.549044:  62%|██████▏   | 62/100 [06:20<03:49,  6.05s/it