[I 2025-05-15 03:12:21,784] Trial 0 finished with value: 0.5359647700328575 and parameters: {'interp_param': 0.7731585687530032}. Best is trial 0 with value: 0.5359647700328575.
[I 2025-05-15 03:12:29,205] Trial 1 finished with value: 0.5347396801497231 and parameters: {'interp_param': 0.7176911181203249}. Best is trial 0 with value: 0.5359647700328575.
[I 2025-05-15 03:12:36,641] Trial 2 finished with value: 0.5393378733404162 and parameters: {'interp_param': 0.9558920809067486}. Best is trial 2 with value: 0.5393378733404162.
[I 2025-05-15 03:12:44,062] Trial 3 finished with value: 0.5291161831856974 and parameters: {'interp_param': 0.3867916270308802}. Best is trial 2 with value: 0.5393378733404162.
[I 2025-05-15 03:12:51,628] Trial 4 finished with value: 0.5321965890142054 and parameters: {'interp_param': 0.5738750838324816}. Best is trial 2 with value: 0.5393378733404162.
[I 2025-05-15 03:12:59,050] Trial 5 finished with value: 0.525992104355902 and parameters: {'interp_param': 0.2044896334021744}. Best is trial 2 with value: 0.5393378733404162.
[I 2025-05-15 03:13:06,457] Trial 6 finished with value: 0.5293557852373547 and parameters: {'interp_param': 0.4018865656148285}. Best is trial 2 with value: 0.5393378733404162.
[I 2025-05-15 03:13:13,866] Trial 7 finished with value: 0.5379178886785948 and parameters: {'interp_param': 0.8709608125775461}. Best is trial 2 with value: 0.5393378733404162.
[I 2025-05-15 03:13:21,275] Trial 8 finished with value: 0.5265601333999395 and parameters: {'interp_param': 0.2355842068648868}. Best is trial 2 with value: 0.5393378733404162.
[I 2025-05-15 03:13:28,679] Trial 9 finished with value: 0.5357265244953529 and parameters: {'interp_param': 0.7625310519643244}. Best is trial 2 with value: 0.5393378733404162.
[I 2025-05-15 03:13:36,098] Trial 10 finished with value: 0.5398777898950953 and parameters: {'interp_param': 0.9908462235486316}. Best is trial 10 with value: 0.5398777898950953.
[I 2025-05-15 03:13:43,534] Trial 11 finished with value: 0.5395199600363051 and parameters: {'interp_param': 0.965175350149458}. Best is trial 10 with value: 0.5398777898950953.
[I 2025-05-15 03:13:50,971] Trial 12 finished with value: 0.5395855610044397 and parameters: {'interp_param': 0.9697063587164865}. Best is trial 10 with value: 0.5398777898950953.
[I 2025-05-15 03:13:58,412] Trial 13 finished with value: 0.5323867641368053 and parameters: {'interp_param': 0.5861768344224838}. Best is trial 10 with value: 0.5398777898950953.
[I 2025-05-15 03:14:05,821] Trial 14 finished with value: 0.5237309190946253 and parameters: {'interp_param': 0.04983920373053097}. Best is trial 10 with value: 0.5398777898950953.
[I 2025-05-15 03:14:13,243] Trial 15 finished with value: 0.5399332029353615 and parameters: {'interp_param': 0.9941108686350009}. Best is trial 15 with value: 0.5399332029353615.
[I 2025-05-15 03:14:20,668] Trial 16 finished with value: 0.5373311020270317 and parameters: {'interp_param': 0.8429088845561025}. Best is trial 15 with value: 0.5399332029353615.
[I 2025-05-15 03:14:28,090] Trial 17 finished with value: 0.5339854160656868 and parameters: {'interp_param': 0.6824216496584525}. Best is trial 15 with value: 0.5399332029353615.
[I 2025-05-15 03:14:35,672] Trial 18 finished with value: 0.5376539087730161 and parameters: {'interp_param': 0.8591781707141556}. Best is trial 15 with value: 0.5399332029353615.
[I 2025-05-15 03:14:43,075] Trial 19 finished with value: 0.5325499468792435 and parameters: {'interp_param': 0.596268005827196}. Best is trial 15 with value: 0.5399332029353615.
[I 2025-05-15 03:14:50,501] Trial 20 finished with value: 0.5300898845415081 and parameters: {'interp_param': 0.443824735144569}. Best is trial 15 with value: 0.5399332029353615.
[I 2025-05-15 03:14:57,914] Trial 21 finished with value: 0.5396561518057539 and parameters: {'interp_param': 0.9734056948562175}. Best is trial 15 with value: 0.5399332029353615.
[I 2025-05-15 03:15:05,311] Trial 22 finished with value: 0.5397426380260186 and parameters: {'interp_param': 0.9826804793591498}. Best is trial 15 with value: 0.5399332029353615.
[I 2025-05-15 03:15:12,726] Trial 23 finished with value: 0.538012260692751 and parameters: {'interp_param': 0.8746728350968842}. Best is trial 15 with value: 0.5399332029353615.
[I 2025-05-15 03:15:20,116] Trial 24 finished with value: 0.5386694847638412 and parameters: {'interp_param': 0.9016861559684552}. Best is trial 15 with value: 0.5399332029353615.
[I 2025-05-15 03:15:27,523] Trial 25 finished with value: 0.5364933884006783 and parameters: {'interp_param': 0.7986156554964637}. Best is trial 15 with value: 0.5399332029353615.
[I 2025-05-15 03:15:34,913] Trial 26 finished with value: 0.5399584870082813 and parameters: {'interp_param': 0.9981557603957796}. Best is trial 26 with value: 0.5399584870082813.
[I 2025-05-15 03:15:42,327] Trial 27 finished with value: 0.5387536195990966 and parameters: {'interp_param': 0.9066711121972616}. Best is trial 26 with value: 0.5399584870082813.
[I 2025-05-15 03:15:49,749] Trial 28 finished with value: 0.5338135932849735 and parameters: {'interp_param': 0.6732052308042776}. Best is trial 26 with value: 0.5399584870082813.
[I 2025-05-15 03:15:57,166] Trial 29 finished with value: 0.5362399679164702 and parameters: {'interp_param': 0.7867878834113867}. Best is trial 26 with value: 0.5399584870082813.
[I 2025-05-15 03:16:04,596] Trial 30 finished with value: 0.5355386529139021 and parameters: {'interp_param': 0.7532107547030326}. Best is trial 26 with value: 0.5399584870082813.
[I 2025-05-15 03:16:12,016] Trial 31 finished with value: 0.5391818066685898 and parameters: {'interp_param': 0.9303504049043042}. Best is trial 26 with value: 0.5399584870082813.
[I 2025-05-15 03:16:19,424] Trial 32 finished with value: 0.5398600679664248 and parameters: {'interp_param': 0.9899519770893301}. Best is trial 26 with value: 0.5399584870082813.
[I 2025-05-15 03:16:26,999] Trial 33 finished with value: 0.537062115402205 and parameters: {'interp_param': 0.8282346113659806}. Best is trial 26 with value: 0.5399584870082813.
[I 2025-05-15 03:16:34,388] Trial 34 finished with value: 0.5399552476975142 and parameters: {'interp_param': 0.995968367480796}. Best is trial 26 with value: 0.5399584870082813.
[I 2025-05-15 03:16:41,815] Trial 35 finished with value: 0.5391701046232648 and parameters: {'interp_param': 0.9291803990020123}. Best is trial 26 with value: 0.5399584870082813.
[I 2025-05-15 03:16:49,241] Trial 36 finished with value: 0.5399105981186105 and parameters: {'interp_param': 0.9928498427699446}. Best is trial 26 with value: 0.5399584870082813.
[I 2025-05-15 03:16:56,656] Trial 37 finished with value: 0.538815449345313 and parameters: {'interp_param': 0.9103607298883621}. Best is trial 26 with value: 0.5399584870082813.
[I 2025-05-15 03:17:04,080] Trial 38 finished with value: 0.5268097390398864 and parameters: {'interp_param': 0.24812955688334692}. Best is trial 26 with value: 0.5399584870082813.
[I 2025-05-15 03:17:11,481] Trial 39 finished with value: 0.5312204335498033 and parameters: {'interp_param': 0.5141468151083721}. Best is trial 26 with value: 0.5399584870082813.
[I 2025-05-15 03:17:18,886] Trial 40 finished with value: 0.5369908829302956 and parameters: {'interp_param': 0.823903533213285}. Best is trial 26 with value: 0.5399584870082813.
[I 2025-05-15 03:17:26,306] Trial 41 finished with value: 0.5399474153761723 and parameters: {'interp_param': 0.9991428981954218}. Best is trial 26 with value: 0.5399584870082813.
[I 2025-05-15 03:17:33,728] Trial 42 finished with value: 0.539945142792815 and parameters: {'interp_param': 0.9949019007886533}. Best is trial 26 with value: 0.5399584870082813.
[I 2025-05-15 03:17:41,144] Trial 43 finished with value: 0.5391580437489887 and parameters: {'interp_param': 0.9278767607776054}. Best is trial 26 with value: 0.5399584870082813.
[I 2025-05-15 03:17:48,553] Trial 44 finished with value: 0.5382926285276052 and parameters: {'interp_param': 0.8850247360728488}. Best is trial 26 with value: 0.5399584870082813.
[I 2025-05-15 03:17:55,984] Trial 45 finished with value: 0.5348981741938662 and parameters: {'interp_param': 0.7247303968944951}. Best is trial 26 with value: 0.5399584870082813.
[I 2025-05-15 03:18:03,428] Trial 46 finished with value: 0.5392458287893394 and parameters: {'interp_param': 0.9412113641026819}. Best is trial 26 with value: 0.5399584870082813.
[I 2025-05-15 03:18:10,837] Trial 47 finished with value: 0.5280258694566204 and parameters: {'interp_param': 0.3182609093158616}. Best is trial 26 with value: 0.5399584870082813.
[I 2025-05-15 03:18:18,425] Trial 48 finished with value: 0.5399665740278198 and parameters: {'interp_param': 0.9963141786934431}. Best is trial 48 with value: 0.5399665740278198.
[I 2025-05-15 03:18:25,831] Trial 49 finished with value: 0.537737400530504 and parameters: {'interp_param': 0.8630980206650247}. Best is trial 48 with value: 0.5399665740278198.
[I 2025-05-15 03:18:33,245] Trial 50 finished with value: 0.523690033701778 and parameters: {'interp_param': 0.04569960199216749}. Best is trial 48 with value: 0.5399665740278198.
[I 2025-05-15 03:18:40,688] Trial 51 finished with value: 0.5399643900963209 and parameters: {'interp_param': 0.9976738183892867}. Best is trial 48 with value: 0.5399665740278198.
[I 2025-05-15 03:18:48,110] Trial 52 finished with value: 0.539248236461243 and parameters: {'interp_param': 0.9417696408668925}. Best is trial 48 with value: 0.5399665740278198.
[I 2025-05-15 03:18:55,543] Trial 53 finished with value: 0.5399731863307278 and parameters: {'interp_param': 0.9971635795184981}. Best is trial 53 with value: 0.5399731863307278.
[I 2025-05-15 03:19:02,955] Trial 54 finished with value: 0.5393107458717081 and parameters: {'interp_param': 0.9529351850048634}. Best is trial 53 with value: 0.5399731863307278.
[I 2025-05-15 03:19:10,395] Trial 55 finished with value: 0.524962725411422 and parameters: {'interp_param': 0.1457582855643227}. Best is trial 53 with value: 0.5399731863307278.
[I 2025-05-15 03:19:17,837] Trial 56 finished with value: 0.5382851803643169 and parameters: {'interp_param': 0.8847104174234239}. Best is trial 53 with value: 0.5399731863307278.
[I 2025-05-15 03:19:25,252] Trial 57 finished with value: 0.5393312863666105 and parameters: {'interp_param': 0.9553147777299229}. Best is trial 53 with value: 0.5399731863307278.
[I 2025-05-15 03:19:32,681] Trial 58 finished with value: 0.5372265406778349 and parameters: {'interp_param': 0.8375575267938807}. Best is trial 53 with value: 0.5399731863307278.
[I 2025-05-15 03:19:40,122] Trial 59 finished with value: 0.5399545061176818 and parameters: {'interp_param': 0.9986196942423584}. Best is trial 53 with value: 0.5399731863307278.
[I 2025-05-15 03:19:47,539] Trial 60 finished with value: 0.5387020256246087 and parameters: {'interp_param': 0.9034141051156954}. Best is trial 53 with value: 0.5399731863307278.
[I 2025-05-15 03:19:54,959] Trial 61 finished with value: 0.5394243581535084 and parameters: {'interp_param': 0.9602489512069003}. Best is trial 53 with value: 0.5399731863307278.
[I 2025-05-15 03:20:02,373] Trial 62 finished with value: 0.5395214277170739 and parameters: {'interp_param': 0.9652628489389146}. Best is trial 53 with value: 0.5399731863307278.
[I 2025-05-15 03:20:09,959] Trial 63 finished with value: 0.539940867803193 and parameters: {'interp_param': 0.9945812723508081}. Best is trial 53 with value: 0.5399731863307278.
[I 2025-05-15 03:20:17,389] Trial 64 finished with value: 0.5399556796994279 and parameters: {'interp_param': 0.9985081832120586}. Best is trial 53 with value: 0.5399731863307278.
[I 2025-05-15 03:20:24,768] Trial 65 finished with value: 0.5388425965144341 and parameters: {'interp_param': 0.9117748726792907}. Best is trial 53 with value: 0.5399731863307278.
[I 2025-05-15 03:20:32,186] Trial 66 finished with value: 0.5379801476123803 and parameters: {'interp_param': 0.8733947572041827}. Best is trial 53 with value: 0.5399731863307278.
[I 2025-05-15 03:20:39,586] Trial 67 finished with value: 0.5365835768914156 and parameters: {'interp_param': 0.8027238595271803}. Best is trial 53 with value: 0.5399731863307278.
[I 2025-05-15 03:20:47,032] Trial 68 finished with value: 0.5393877519718002 and parameters: {'interp_param': 0.9586046089848784}. Best is trial 53 with value: 0.5399731863307278.
[I 2025-05-15 03:20:54,432] Trial 69 finished with value: 0.539108860260749 and parameters: {'interp_param': 0.924374458531224}. Best is trial 53 with value: 0.5399731863307278.
[I 2025-05-15 03:21:01,851] Trial 70 finished with value: 0.5329832307270157 and parameters: {'interp_param': 0.6242408566422032}. Best is trial 53 with value: 0.5399731863307278.
[I 2025-05-15 03:21:09,255] Trial 71 finished with value: 0.5399409283116043 and parameters: {'interp_param': 0.9945830943441413}. Best is trial 53 with value: 0.5399731863307278.
[I 2025-05-15 03:21:16,681] Trial 72 finished with value: 0.5396115430348486 and parameters: {'interp_param': 0.9711050682631228}. Best is trial 53 with value: 0.5399731863307278.
[I 2025-05-15 03:21:24,097] Trial 73 finished with value: 0.5392505259306686 and parameters: {'interp_param': 0.9421765074250302}. Best is trial 53 with value: 0.5399731863307278.
[I 2025-05-15 03:21:31,500] Trial 74 finished with value: 0.5375002188153015 and parameters: {'interp_param': 0.8517438588409446}. Best is trial 53 with value: 0.5399731863307278.
[I 2025-05-15 03:21:38,899] Trial 75 finished with value: 0.5385059192705218 and parameters: {'interp_param': 0.8939078092993411}. Best is trial 53 with value: 0.5399731863307278.
[I 2025-05-15 03:21:46,303] Trial 76 finished with value: 0.5396693285677097 and parameters: {'interp_param': 0.9743793142321557}. Best is trial 53 with value: 0.5399731863307278.
[I 2025-05-15 03:21:53,874] Trial 77 finished with value: 0.5399709489266793 and parameters: {'interp_param': 0.9973263843226002}. Best is trial 53 with value: 0.5399731863307278.
[I 2025-05-15 03:22:01,298] Trial 78 finished with value: 0.5390083037240816 and parameters: {'interp_param': 0.9195768979631608}. Best is trial 53 with value: 0.5399731863307278.
[I 2025-05-15 03:22:08,731] Trial 79 finished with value: 0.5396154338664171 and parameters: {'interp_param': 0.9712868565716279}. Best is trial 53 with value: 0.5399731863307278.
[I 2025-05-15 03:22:16,169] Trial 80 finished with value: 0.5399546862357436 and parameters: {'interp_param': 0.9985868222827278}. Best is trial 53 with value: 0.5399731863307278.
[I 2025-05-15 03:22:23,593] Trial 81 finished with value: 0.5399537265441957 and parameters: {'interp_param': 0.9986676361835505}. Best is trial 53 with value: 0.5399731863307278.
[I 2025-05-15 03:22:31,001] Trial 82 finished with value: 0.5392432958790958 and parameters: {'interp_param': 0.9407380157729313}. Best is trial 53 with value: 0.5399731863307278.
[I 2025-05-15 03:22:38,414] Trial 83 finished with value: 0.5395785969084423 and parameters: {'interp_param': 0.9692445932424468}. Best is trial 53 with value: 0.5399731863307278.
[I 2025-05-15 03:22:45,820] Trial 84 finished with value: 0.5388962083740827 and parameters: {'interp_param': 0.9146804942450638}. Best is trial 53 with value: 0.5399731863307278.
[I 2025-05-15 03:22:53,234] Trial 85 finished with value: 0.530708529575245 and parameters: {'interp_param': 0.4813565310423099}. Best is trial 53 with value: 0.5399731863307278.
[I 2025-05-15 03:23:00,659] Trial 86 finished with value: 0.539944796628415 and parameters: {'interp_param': 0.9995040315295275}. Best is trial 53 with value: 0.5399731863307278.
[I 2025-05-15 03:23:08,074] Trial 87 finished with value: 0.5392408108127124 and parameters: {'interp_param': 0.9401216785788166}. Best is trial 53 with value: 0.5399731863307278.
[I 2025-05-15 03:23:15,519] Trial 88 finished with value: 0.5383904467068649 and parameters: {'interp_param': 0.8890913815514287}. Best is trial 53 with value: 0.5399731863307278.
[I 2025-05-15 03:23:22,948] Trial 89 finished with value: 0.5377139246740636 and parameters: {'interp_param': 0.8620027031754149}. Best is trial 53 with value: 0.5399731863307278.
[I 2025-05-15 03:23:30,386] Trial 90 finished with value: 0.5287744330854365 and parameters: {'interp_param': 0.36600354278892333}. Best is trial 53 with value: 0.5399731863307278.
[I 2025-05-15 03:23:37,811] Trial 91 finished with value: 0.5399475504647187 and parameters: {'interp_param': 0.9991350039253174}. Best is trial 53 with value: 0.5399731863307278.
[I 2025-05-15 03:23:45,370] Trial 92 finished with value: 0.5396657262064743 and parameters: {'interp_param': 0.9740291080665126}. Best is trial 53 with value: 0.5399731863307278.
[I 2025-05-15 03:23:52,798] Trial 93 finished with value: 0.5392879342006206 and parameters: {'interp_param': 0.9498968381974151}. Best is trial 53 with value: 0.5399731863307278.
[I 2025-05-15 03:24:00,234] Trial 94 finished with value: 0.5397037522250913 and parameters: {'interp_param': 0.9795472457230575}. Best is trial 53 with value: 0.5399731863307278.
[I 2025-05-15 03:24:07,655] Trial 95 finished with value: 0.5391392678482223 and parameters: {'interp_param': 0.9262029881628724}. Best is trial 53 with value: 0.5399731863307278.
[I 2025-05-15 03:24:15,085] Trial 96 finished with value: 0.5399426084753991 and parameters: {'interp_param': 0.9998862742453668}. Best is trial 53 with value: 0.5399731863307278.
[I 2025-05-15 03:24:22,496] Trial 97 finished with value: 0.5393213672086625 and parameters: {'interp_param': 0.9544064570467082}. Best is trial 53 with value: 0.5399731863307278.
[I 2025-05-15 03:24:29,905] Trial 98 finished with value: 0.5396954710157673 and parameters: {'interp_param': 0.9781536586329742}. Best is trial 53 with value: 0.5399731863307278.
