[I 2025-05-15 03:24:37,325] Trial 99 finished with value: 0.5384744675611592 and parameters: {'interp_param': 0.8924818993144525}. Best is trial 53 with value: 0.5399731863307278.
Best hyperparameters: {'interp_param': 0.9971635795184981}
Best optimized value: 0.5399731863307278
Tuning threshold scale factor for offline LSET using optuna
  0%|          | 0/100 [00:00<?, ?it/s]                                         0%|          | 0/100 [00:06<?, ?it/s]Best trial: 0. Best value: 0.53535:   0%|          | 0/100 [00:06<?, ?it/s]Best trial: 0. Best value: 0.53535:   1%|          | 1/100 [00:06<09:55,  6.02s/it]                                                                                   Best trial: 0. Best value: 0.53535:   1%|          | 1/100 [00:12<09:55,  6.02s/it]Best trial: 0. Best value: 0.53535:   1%|          | 1/100 [00:12<09:55,  6.02s/it]Best trial: 0. Best value: 0.53535:   2%|▏         | 2/100 [00:12<09:48,  6.01s/it]                                                                                   Best trial: 0. Best value: 0.53535:   2%|▏         | 2/100 [00:17<09:48,  6.01s/it]Best trial: 2. Best value: 0.53831:   2%|▏         | 2/100 [00:17<09:48,  6.01s/it]Best trial: 2. Best value: 0.53831:   3%|▎         | 3/100 [00:17<09:41,  5.99s/it]                                                                                   Best trial: 2. Best value: 0.53831:   3%|▎         | 3/100 [00:24<09:41,  5.99s/it]Best trial: 2. Best value: 0.53831:   3%|▎         | 3/100 [00:24<09:41,  5.99s/it]Best trial: 2. Best value: 0.53831:   4%|▍         | 4/100 [00:24<09:36,  6.01s/it]                                                                                   Best trial: 2. Best value: 0.53831:   4%|▍         | 4/100 [00:29<09:36,  6.01s/it]Best trial: 2. Best value: 0.53831:   4%|▍         | 4/100 [00:29<09:36,  6.01s/it]Best trial: 2. Best value: 0.53831:   5%|▌         | 5/100 [00:29<09:29,  5.99s/it]                                                                                   Best trial: 2. Best value: 0.53831:   5%|▌         | 5/100 [00:35<09:29,  5.99s/it]Best trial: 2. Best value: 0.53831:   5%|▌         | 5/100 [00:35<09:29,  5.99s/it]Best trial: 2. Best value: 0.53831:   6%|▌         | 6/100 [00:35<09:23,  6.00s/it]                                                                                   Best trial: 2. Best value: 0.53831:   6%|▌         | 6/100 [00:41<09:23,  6.00s/it]Best trial: 2. Best value: 0.53831:   6%|▌         | 6/100 [00:41<09:23,  6.00s/it]Best trial: 2. Best value: 0.53831:   7%|▋         | 7/100 [00:41<09:17,  5.99s/it]                                                                                   Best trial: 2. Best value: 0.53831:   7%|▋         | 7/100 [00:47<09:17,  5.99s/it]Best trial: 7. Best value: 0.538859:   7%|▋         | 7/100 [00:47<09:17,  5.99s/it]Best trial: 7. Best value: 0.538859:   8%|▊         | 8/100 [00:47<09:09,  5.98s/it]                                                                                    Best trial: 7. Best value: 0.538859:   8%|▊         | 8/100 [00:54<09:09,  5.98s/it]Best trial: 7. Best value: 0.538859:   8%|▊         | 8/100 [00:54<09:09,  5.98s/it]Best trial: 7. Best value: 0.538859:   9%|▉         | 9/100 [00:54<09:09,  6.04s/it]                                                                                    Best trial: 7. Best value: 0.538859:   9%|▉         | 9/100 [01:00<09:09,  6.04s/it]Best trial: 7. Best value: 0.538859:   9%|▉         | 9/100 [01:00<09:09,  6.04s/it]Best trial: 7. Best value: 0.538859:  10%|█         | 10/100 [01:00<09:02,  6.03s/it]                                                                                     Best trial: 7. Best value: 0.538859:  10%|█         | 10/100 [01:06<09:02,  6.03s/it]Best trial: 10. Best value: 0.539894:  10%|█         | 10/100 [01:06<09:02,  6.03s/it]Best trial: 10. Best value: 0.539894:  11%|█         | 11/100 [01:06<08:56,  6.03s/it]                                                                                      Best trial: 10. Best value: 0.539894:  11%|█         | 11/100 [01:12<08:56,  6.03s/it]Best trial: 11. Best value: 0.539897:  11%|█         | 11/100 [01:12<08:56,  6.03s/it]Best trial: 11. Best value: 0.539897:  12%|█▏        | 12/100 [01:12<08:50,  6.03s/it]                                                                                      Best trial: 11. Best value: 0.539897:  12%|█▏        | 12/100 [01:18<08:50,  6.03s/it]Best trial: 11. Best value: 0.539897:  12%|█▏        | 12/100 [01:18<08:50,  6.03s/it]Best trial: 11. Best value: 0.539897:  13%|█▎        | 13/100 [01:18<08:43,  6.02s/it]                                                                                      Best trial: 11. Best value: 0.539897:  13%|█▎        | 13/100 [01:24<08:43,  6.02s/it]Best trial: 13. Best value: 0.539905:  13%|█▎        | 13/100 [01:24<08:43,  6.02s/it]Best trial: 13. Best value: 0.539905:  14%|█▍        | 14/100 [01:24<08:37,  6.02s/it]                                                                                      Best trial: 13. Best value: 0.539905:  14%|█▍        | 14/100 [01:30<08:37,  6.02s/it]Best trial: 13. Best value: 0.539905:  14%|█▍        | 14/100 [01:30<08:37,  6.02s/it]Best trial: 13. Best value: 0.539905:  15%|█▌        | 15/100 [01:30<08:30,  6.01s/it]                                                                                      Best trial: 13. Best value: 0.539905:  15%|█▌        | 15/100 [01:36<08:30,  6.01s/it]Best trial: 13. Best value: 0.539905:  15%|█▌        | 15/100 [01:36<08:30,  6.01s/it]Best trial: 13. Best value: 0.539905:  16%|█▌        | 16/100 [01:36<08:24,  6.00s/it]                                                                                      Best trial: 13. Best value: 0.539905:  16%|█▌        | 16/100 [01:42<08:24,  6.00s/it]Best trial: 13. Best value: 0.539905:  16%|█▌        | 16/100 [01:42<08:24,  6.00s/it]Best trial: 13. Best value: 0.539905:  17%|█▋        | 17/100 [01:42<08:17,  6.00s/it]                                                                                      Best trial: 13. Best value: 0.539905:  17%|█▋        | 17/100 [01:48<08:17,  6.00s/it]Best trial: 13. Best value: 0.539905:  17%|█▋        | 17/100 [01:48<08:17,  6.00s/it]Best trial: 13. Best value: 0.539905:  18%|█▊        | 18/100 [01:48<08:11,  6.00s/it]                                                                                      Best trial: 13. Best value: 0.539905:  18%|█▊        | 18/100 [01:54<08:11,  6.00s/it]Best trial: 13. Best value: 0.539905:  18%|█▊        | 18/100 [01:54<08:11,  6.00s/it]Best trial: 13. Best value: 0.539905:  19%|█▉        | 19/100 [01:54<08:05,  6.00s/it]                                                                                      Best trial: 13. Best value: 0.539905:  19%|█▉        | 19/100 [02:00<08:05,  6.00s/it]Best trial: 13. Best value: 0.539905:  19%|█▉        | 19/100 [02:00<08:05,  6.00s/it]Best trial: 13. Best value: 0.539905:  20%|██        | 20/100 [02:00<07:59,  5.99s/it]                                                                                      Best trial: 13. Best value: 0.539905:  20%|██        | 20/100 [02:06<07:59,  5.99s/it]Best trial: 13. Best value: 0.539905:  20%|██        | 20/100 [02:06<07:59,  5.99s/it]Best trial: 13. Best value: 0.539905:  21%|██        | 21/100 [02:06<07:53,  5.99s/it]                                                                                      Best trial: 13. Best value: 0.539905:  21%|██        | 21/100 [02:12<07:53,  5.99s/it]Best trial: 13. Best value: 0.539905:  21%|██        | 21/100 [02:12<07:53,  5.99s/it]Best trial: 13. Best value: 0.539905:  22%|██▏       | 22/100 [02:12<07:47,  5.99s/it]                                                                                      Best trial: 13. Best value: 0.539905:  22%|██▏       | 22/100 [02:18<07:47,  5.99s/it]Best trial: 13. Best value: 0.539905:  22%|██▏       | 22/100 [02:18<07:47,  5.99s/it]Best trial: 13. Best value: 0.539905:  23%|██▎       | 23/100 [02:18<07:41,  5.99s/it]                                                                                      Best trial: 13. Best value: 0.539905:  23%|██▎       | 23/100 [02:24<07:41,  5.99s/it]Best trial: 13. Best value: 0.539905:  23%|██▎       | 23/100 [02:24<07:41,  5.99s/it]Best trial: 13. Best value: 0.539905:  24%|██▍       | 24/100 [02:24<07:35,  5.99s/it]                                                                                      Best trial: 13. Best value: 0.539905:  24%|██▍       | 24/100 [02:30<07:35,  5.99s/it]Best trial: 13. Best value: 0.539905:  24%|██▍       | 24/100 [02:30<07:35,  5.99s/it]Best trial: 13. Best value: 0.539905:  25%|██▌       | 25/100 [02:30<07:32,  6.04s/it]                                                                                      Best trial: 13. Best value: 0.539905:  25%|██▌       | 25/100 [02:36<07:32,  6.04s/it]Best trial: 13. Best value: 0.539905:  25%|██▌       | 25/100 [02:36<07:32,  6.04s/it]Best trial: 13. Best value: 0.539905:  26%|██▌       | 26/100 [02:36<07:25,  6.02s/it]                                                                                      Best trial: 13. Best value: 0.539905:  26%|██▌       | 26/100 [02:42<07:25,  6.02s/it]Best trial: 13. Best value: 0.539905:  26%|██▌       | 26/100 [02:42<07:25,  6.02s/it]Best trial: 13. Best value: 0.539905:  27%|██▋       | 27/100 [02:42<07:19,  6.01s/it]                                                                                      Best trial: 13. Best value: 0.539905:  27%|██▋       | 27/100 [02:48<07:19,  6.01s/it]Best trial: 13. Best value: 0.539905:  27%|██▋       | 27/100 [02:48<07:19,  6.01s/it]Best trial: 13. Best value: 0.539905:  28%|██▊       | 28/100 [02:48<07:12,  6.01s/it]                                                                                      Best trial: 13. Best value: 0.539905:  28%|██▊       | 28/100 [02:54<07:12,  6.01s/it]Best trial: 13. Best value: 0.539905:  28%|██▊       | 28/100 [02:54<07:12,  6.01s/it]Best trial: 13. Best value: 0.539905:  29%|██▉       | 29/100 [02:54<07:06,  6.01s/it]                                                                                      Best trial: 13. Best value: 0.539905:  29%|██▉       | 29/100 [03:00<07:06,  6.01s/it]Best trial: 13. Best value: 0.539905:  29%|██▉       | 29/100 [03:00<07:06,  6.01s/it]Best trial: 13. Best value: 0.539905:  30%|███       | 30/100 [03:00<07:00,  6.00s/it]                                                                                      Best trial: 13. Best value: 0.539905:  30%|███       | 30/100 [03:06<07:00,  6.00s/it]Best trial: 13. Best value: 0.539905:  30%|███       | 30/100 [03:06<07:00,  6.00s/it]Best trial: 13. Best value: 0.539905:  31%|███       | 31/100 [03:06<06:54,  6.00s/it]                                                                                      Best trial: 13. Best value: 0.539905:  31%|███       | 31/100 [03:12<06:54,  6.00s/it]Best trial: 13. Best value: 0.539905:  31%|███       | 31/100 [03:12<06:54,  6.00s/it]Best trial: 13. Best value: 0.539905:  32%|███▏      | 32/100 [03:12<06:48,  6.00s/it]                                                                                      Best trial: 13. Best value: 0.539905:  32%|███▏      | 32/100 [03:18<06:48,  6.00s/it]Best trial: 13. Best value: 0.539905:  32%|███▏      | 32/100 [03:18<06:48,  6.00s/it]Best trial: 13. Best value: 0.539905:  33%|███▎      | 33/100 [03:18<06:42,  6.00s/it]                                                                                      Best trial: 13. Best value: 0.539905:  33%|███▎      | 33/100 [03:24<06:42,  6.00s/it]Best trial: 13. Best value: 0.539905:  33%|███▎      | 33/100 [03:24<06:42,  6.00s/it]Best trial: 13. Best value: 0.539905:  34%|███▍      | 34/100 [03:24<06:35,  6.00s/it]                                                                                      Best trial: 13. Best value: 0.539905:  34%|███▍      | 34/100 [03:30<06:35,  6.00s/it]Best trial: 13. Best value: 0.539905:  34%|███▍      | 34/100 [03:30<06:35,  6.00s/it]Best trial: 13. Best value: 0.539905:  35%|███▌      | 35/100 [03:30<06:30,  6.00s/it]                                                                                      Best trial: 13. Best value: 0.539905:  35%|███▌      | 35/100 [03:36<06:30,  6.00s/it]Best trial: 35. Best value: 0.539942:  35%|███▌      | 35/100 [03:36<06:30,  6.00s/it]Best trial: 35. Best value: 0.539942:  36%|███▌      | 36/100 [03:36<06:23,  6.00s/it]                                                                                      Best trial: 35. Best value: 0.539942:  36%|███▌      | 36/100 [03:42<06:23,  6.00s/it]Best trial: 35. Best value: 0.539942:  36%|███▌      | 36/100 [03:42<06:23,  6.00s/it]Best trial: 35. Best value: 0.539942:  37%|███▋      | 37/100 [03:42<06:18,  6.00s/it]                                                                                      Best trial: 35. Best value: 0.539942:  37%|███▋      | 37/100 [03:48<06:18,  6.00s/it]Best trial: 35. Best value: 0.539942:  37%|███▋      | 37/100 [03:48<06:18,  6.00s/it]Best trial: 35. Best value: 0.539942:  38%|███▊      | 38/100 [03:48<06:12,  6.00s/it]                                                                                      Best trial: 35. Best value: 0.539942:  38%|███▊      | 38/100 [03:54<06:12,  6.00s/it]Best trial: 35. Best value: 0.539942:  38%|███▊      | 38/100 [03:54<06:12,  6.00s/it]Best trial: 35. Best value: 0.539942:  39%|███▉      | 39/100 [03:54<06:06,  6.01s/it]                                                                                      Best trial: 35. Best value: 0.539942:  39%|███▉      | 39/100 [04:00<06:06,  6.01s/it]Best trial: 35. Best value: 0.539942:  39%|███▉      | 39/100 [04:00<06:06,  6.01s/it]Best trial: 35. Best value: 0.539942:  40%|████      | 40/100 [04:00<06:00,  6.01s/it]                                                                                      Best trial: 35. Best value: 0.539942:  40%|████      | 40/100 [04:06<06:00,  6.01s/it]Best trial: 35. Best value: 0.539942:  40%|████      | 40/100 [04:06<06:00,  6.01s/it]Best trial: 35. Best value: 0.539942:  41%|████      | 41/100 [04:06<05:54,  6.01s/it]                                                                                      Best trial: 35. Best value: 0.539942:  41%|████      | 41/100 [04:12<05:54,  6.01s/it]Best trial: 35. Best value: 0.539942:  41%|████      | 41/100 [04:12<05:54,  6.01s/it]Best trial: 35. Best value: 0.539942:  42%|████▏     | 42/100 [04:12<05:51,  6.06s/it]                                                                                      Best trial: 35. Best value: 0.539942:  42%|████▏     | 42/100 [04:18<05:51,  6.06s/it]Best trial: 35. Best value: 0.539942:  42%|████▏     | 42/100 [04:18<05:51,  6.06s/it]Best trial: 35. Best value: 0.539942:  43%|████▎     | 43/100 [04:18<05:44,  6.04s/it]                                                                                      Best trial: 35. Best value: 0.539942:  43%|████▎     | 43/100 [04:24<05:44,  6.04s/it]Best trial: 35. Best value: 0.539942:  43%|████▎     | 43/100 [04:24<05:44,  6.04s/it]Best trial: 35. Best value: 0.539942:  44%|████▍     | 44/100 [04:24<05:37,  6.03s/it]                                                                                      Best trial: 35. Best value: 0.539942:  44%|████▍     | 44/100 [04:30<05:37,  6.03s/it]Best trial: 35. Best value: 0.539942:  44%|████▍     | 44/100 [04:30<05:37,  6.03s/it]Best trial: 35. Best value: 0.539942:  45%|████▌     | 45/100 [04:30<05:31,  6.03s/it]                                                                                      Best trial: 35. Best value: 0.539942:  45%|████▌     | 45/100 [04:36<05:31,  6.03s/it]Best trial: 35. Best value: 0.539942:  45%|████▌     | 45/100 [04:36<05:31,  6.03s/it]Best trial: 35. Best value: 0.539942:  46%|████▌     | 46/100 [04:36<05:25,  6.02s/it]                                                                                      Best trial: 35. Best value: 0.539942:  46%|████▌     | 46/100 [04:42<05:25,  6.02s/it]Best trial: 35. Best value: 0.539942:  46%|████▌     | 46/100 [04:42<05:25,  6.02s/it]Best trial: 35. Best value: 0.539942:  47%|████▋     | 47/100 [04:42<05:19,  6.02s/it]                                                                                      Best trial: 35. Best value: 0.539942:  47%|████▋     | 47/100 [04:48<05:19,  6.02s/it]Best trial: 35. Best value: 0.539942:  47%|████▋     | 47/100 [04:48<05:19,  6.02s/it]Best trial: 35. Best value: 0.539942:  48%|████▊     | 48/100 [04:48<05:12,  6.02s/it]                                                                                      Best trial: 35. Best value: 0.539942:  48%|████▊     | 48/100 [04:54<05:12,  6.02s/it]Best trial: 35. Best value: 0.539942:  48%|████▊     | 48/100 [04:54<05:12,  6.02s/it]Best trial: 35. Best value: 0.539942:  49%|████▉     | 49/100 [04:54<05:06,  6.02s/it]                                                                                      Best trial: 35. Best value: 0.539942:  49%|████▉     | 49/100 [05:00<05:06,  6.02s/it]Best trial: 35. Best value: 0.539942:  49%|████▉     | 49/100 [05:00<05:06,  6.02s/it]Best trial: 35. Best value: 0.539942:  50%|█████     | 50/100 [05:00<05:00,  6.02s/it]                                                                                      Best trial: 35. Best value: 0.539942:  50%|█████     | 50/100 [05:06<05:00,  6.02s/it]Best trial: 35. Best value: 0.539942:  50%|█████     | 50/100 [05:06<05:00,  6.02s/it]Best trial: 35. Best value: 0.539942:  51%|█████     | 51/100 [05:06<04:54,  6.02s/it]                                                                                      Best trial: 35. Best value: 0.539942:  51%|█████     | 51/100 [05:12<04:54,  6.02s/it]Best trial: 35. Best value: 0.539942:  51%|█████     | 51/100 [05:12<04:54,  6.02s/it]Best trial: 35. Best value: 0.539942:  52%|█████▏    | 52/100 [05:12<04:48,  6.01s/it]                                                                                      Best trial: 35. Best value: 0.539942:  52%|█████▏    | 52/100 [05:18<04:48,  6.01s/it]Best trial: 35. Best value: 0.539942:  52%|█████▏    | 52/100 [05:18<04:48,  6.01s/it]Best trial: 35. Best value: 0.539942:  53%|█████▎    | 53/100 [05:18<04:42,  6.01s/it]                                                                                      Best trial: 35. Best value: 0.539942:  53%|█████▎    | 53/100 [05:24<04:42,  6.01s/it]Best trial: 35. Best value: 0.539942:  53%|█████▎    | 53/100 [05:24<04:42,  6.01s/it]Best trial: 35. Best value: 0.539942:  54%|█████▍    | 54/100 [05:24<04:36,  6.01s/it]                                                                                      Best trial: 35. Best value: 0.539942:  54%|█████▍    | 54/100 [05:30<04:36,  6.01s/it]Best trial: 35. Best value: 0.539942:  54%|█████▍    | 54/100 [05:30<04:36,  6.01s/it]Best trial: 35. Best value: 0.539942:  55%|█████▌    | 55/100 [05:30<04:30,  6.01s/it]                                                                                      Best trial: 35. Best value: 0.539942:  55%|█████▌    | 55/100 [05:36<04:30,  6.01s/it]Best trial: 35. Best value: 0.539942:  55%|█████▌    | 55/100 [05:36<04:30,  6.01s/it]Best trial: 35. Best value: 0.539942:  56%|█████▌    | 56/100 [05:36<04:24,  6.01s/it]                                                                                      Best trial: 35. Best value: 0.539942:  56%|█████▌    | 56/100 [05:42<04:24,  6.01s/it]Best trial: 35. Best value: 0.539942:  56%|█████▌    | 56/100 [05:42<04:24,  6.01s/it]Best trial: 35. Best value: 0.539942:  57%|█████▋    | 57/100 [05:42<04:18,  6.01s/it]                                                                                      Best trial: 35. Best value: 0.539942:  57%|█████▋    | 57/100 [05:48<04:18,  6.01s/it]Best trial: 35. Best value: 0.539942:  57%|█████▋    | 57/100 [05:48<04:18,  6.01s/it]Best trial: 35. Best value: 0.539942:  58%|█████▊    | 58/100 [05:48<04:11,  5.98s/it]                                                                                      Best trial: 35. Best value: 0.539942:  58%|█████▊    | 58/100 [05:54<04:11,  5.98s/it]Best trial: 35. Best value: 0.539942:  58%|█████▊    | 58/100 [05:54<04:11,  5.98s/it]Best trial: 35. Best value: 0.539942:  59%|█████▉    | 59/100 [05:54<04:07,  6.04s/it]                                                                                      Best trial: 35. Best value: 0.539942:  59%|█████▉    | 59/100 [06:00<04:07,  6.04s/it]Best trial: 35. Best value: 0.539942:  59%|█████▉    | 59/100 [06:00<04:07,  6.04s/it]Best trial: 35. Best value: 0.539942:  60%|██████    | 60/100 [06:00<04:01,  6.03s/it]                                                                                      Best trial: 35. Best value: 0.539942:  60%|██████    | 60/100 [06:06<04:01,  6.03s/it]Best trial: 35. Best value: 0.539942:  60%|██████    | 60/100 [06:06<04:01,  6.03s/it]Best trial: 35. Best value: 0.539942:  61%|██████    | 61/100 [06:06<03:54,  6.02s/it]                                                                                      Best trial: 35. Best value: 0.539942:  61%|██████    | 61/100 [06:12<03:54,  6.02s/it]Best trial: 35. Best value: 0.539942:  61%|██████    | 61/100 [06:12<03:54,  6.02s/it]Best trial: 35. Best value: 0.539942:  62%|██████▏   | 62/100 [06:12<03:48,  6.02s/it]                                                                                      Best trial: 35. Best value: 0.539942:  62%|██████▏   | 62/100 [06:18<03:48,  6.02s/it]Best trial: 3