[I 2025-05-15 03:24:35,354] Trial 0 finished with value: 0.5160008654109998 and parameters: {'threshold_scale_factor': 0.08381077092760492}. Best is trial 0 with value: 0.5160008654109998.
[I 2025-05-15 03:24:41,430] Trial 1 finished with value: 0.5332044959156823 and parameters: {'threshold_scale_factor': 0.6168198651509981}. Best is trial 1 with value: 0.5332044959156823.
[I 2025-05-15 03:24:47,501] Trial 2 finished with value: 0.5338009906493397 and parameters: {'threshold_scale_factor': 0.6422890032727551}. Best is trial 2 with value: 0.5338009906493397.
[I 2025-05-15 03:24:53,545] Trial 3 finished with value: 0.5152412287429027 and parameters: {'threshold_scale_factor': 0.04251903638046428}. Best is trial 2 with value: 0.5338009906493397.
[I 2025-05-15 03:24:59,590] Trial 4 finished with value: 0.5185467286760619 and parameters: {'threshold_scale_factor': 0.18879190949379454}. Best is trial 2 with value: 0.5338009906493397.
[I 2025-05-15 03:25:05,636] Trial 5 finished with value: 0.5334686784540804 and parameters: {'threshold_scale_factor': 0.6267788838683765}. Best is trial 2 with value: 0.5338009906493397.
[I 2025-05-15 03:25:11,680] Trial 6 finished with value: 0.5229941419414756 and parameters: {'threshold_scale_factor': 0.3230968722460936}. Best is trial 2 with value: 0.5338009906493397.
[I 2025-05-15 03:25:17,736] Trial 7 finished with value: 0.5336854083262389 and parameters: {'threshold_scale_factor': 0.6372237226732269}. Best is trial 2 with value: 0.5338009906493397.
[I 2025-05-15 03:25:23,872] Trial 8 finished with value: 0.5318847947990909 and parameters: {'threshold_scale_factor': 0.9960153680318585}. Best is trial 2 with value: 0.5338009906493397.
[I 2025-05-15 03:25:29,923] Trial 9 finished with value: 0.5254145783056238 and parameters: {'threshold_scale_factor': 0.3892315799650057}. Best is trial 2 with value: 0.5338009906493397.
[I 2025-05-15 03:25:35,978] Trial 10 finished with value: 0.5344322678693301 and parameters: {'threshold_scale_factor': 0.8937259398924181}. Best is trial 10 with value: 0.5344322678693301.
[I 2025-05-15 03:25:42,016] Trial 11 finished with value: 0.5342102470291075 and parameters: {'threshold_scale_factor': 0.9052218219573035}. Best is trial 10 with value: 0.5344322678693301.
[I 2025-05-15 03:25:48,088] Trial 12 finished with value: 0.5322396527098622 and parameters: {'threshold_scale_factor': 0.9815152757880883}. Best is trial 10 with value: 0.5344322678693301.
[I 2025-05-15 03:25:54,168] Trial 13 finished with value: 0.5352348880242597 and parameters: {'threshold_scale_factor': 0.8402919698501712}. Best is trial 13 with value: 0.5352348880242597.
[I 2025-05-15 03:26:00,210] Trial 14 finished with value: 0.5354436884801835 and parameters: {'threshold_scale_factor': 0.7833426529569051}. Best is trial 14 with value: 0.5354436884801835.
[I 2025-05-15 03:26:06,266] Trial 15 finished with value: 0.5354012453475364 and parameters: {'threshold_scale_factor': 0.7956744305038826}. Best is trial 14 with value: 0.5354436884801835.
[I 2025-05-15 03:26:12,304] Trial 16 finished with value: 0.5355536378923371 and parameters: {'threshold_scale_factor': 0.7574436654490688}. Best is trial 16 with value: 0.5355536378923371.
[I 2025-05-15 03:26:18,350] Trial 17 finished with value: 0.5355570122916504 and parameters: {'threshold_scale_factor': 0.7630020990545286}. Best is trial 17 with value: 0.5355570122916504.
[I 2025-05-15 03:26:24,392] Trial 18 finished with value: 0.529722537976064 and parameters: {'threshold_scale_factor': 0.5068091850848491}. Best is trial 17 with value: 0.5355570122916504.
[I 2025-05-15 03:26:30,450] Trial 19 finished with value: 0.535289663615448 and parameters: {'threshold_scale_factor': 0.7275697214806074}. Best is trial 17 with value: 0.5355570122916504.
[I 2025-05-15 03:26:36,484] Trial 20 finished with value: 0.5293811002680663 and parameters: {'threshold_scale_factor': 0.4978092142299931}. Best is trial 17 with value: 0.5355570122916504.
[I 2025-05-15 03:26:42,539] Trial 21 finished with value: 0.5354974171351378 and parameters: {'threshold_scale_factor': 0.7753072263367966}. Best is trial 17 with value: 0.5355570122916504.
[I 2025-05-15 03:26:48,600] Trial 22 finished with value: 0.5353239409269044 and parameters: {'threshold_scale_factor': 0.7302189920404227}. Best is trial 17 with value: 0.5355570122916504.
[I 2025-05-15 03:26:54,638] Trial 23 finished with value: 0.5305039787798409 and parameters: {'threshold_scale_factor': 0.5284991877053254}. Best is trial 17 with value: 0.5355570122916504.
[I 2025-05-15 03:27:00,849] Trial 24 finished with value: 0.53547339951734 and parameters: {'threshold_scale_factor': 0.7413464798698406}. Best is trial 17 with value: 0.5355570122916504.
[I 2025-05-15 03:27:06,895] Trial 25 finished with value: 0.5344878202196596 and parameters: {'threshold_scale_factor': 0.8898034403392794}. Best is trial 17 with value: 0.5355570122916504.
[I 2025-05-15 03:27:12,936] Trial 26 finished with value: 0.5346562812656108 and parameters: {'threshold_scale_factor': 0.6912032107149246}. Best is trial 17 with value: 0.5355570122916504.
[I 2025-05-15 03:27:18,955] Trial 27 finished with value: 0.5316552638799963 and parameters: {'threshold_scale_factor': 0.562333228257428}. Best is trial 17 with value: 0.5355570122916504.
[I 2025-05-15 03:27:25,016] Trial 28 finished with value: 0.5271217443308543 and parameters: {'threshold_scale_factor': 0.4342299825117362}. Best is trial 17 with value: 0.5355570122916504.
[I 2025-05-15 03:27:31,063] Trial 29 finished with value: 0.5352273737238705 and parameters: {'threshold_scale_factor': 0.8416008755951916}. Best is trial 17 with value: 0.5355570122916504.
[I 2025-05-15 03:27:37,129] Trial 30 finished with value: 0.5173833461151489 and parameters: {'threshold_scale_factor': 0.1460515529215447}. Best is trial 17 with value: 0.5355570122916504.
[I 2025-05-15 03:27:43,155] Trial 31 finished with value: 0.5355241548171028 and parameters: {'threshold_scale_factor': 0.7720860674269676}. Best is trial 17 with value: 0.5355570122916504.
[I 2025-05-15 03:27:49,191] Trial 32 finished with value: 0.5353907956856095 and parameters: {'threshold_scale_factor': 0.8012217263108069}. Best is trial 17 with value: 0.5355570122916504.
[I 2025-05-15 03:27:55,226] Trial 33 finished with value: 0.5345554038936459 and parameters: {'threshold_scale_factor': 0.6864393453070714}. Best is trial 17 with value: 0.5355570122916504.
[I 2025-05-15 03:28:01,272] Trial 34 finished with value: 0.5327646870096884 and parameters: {'threshold_scale_factor': 0.6009222600760284}. Best is trial 17 with value: 0.5355570122916504.
[I 2025-05-15 03:28:07,327] Trial 35 finished with value: 0.5333715540107931 and parameters: {'threshold_scale_factor': 0.9402153257730105}. Best is trial 17 with value: 0.5355570122916504.
[I 2025-05-15 03:28:13,391] Trial 36 finished with value: 0.5342443442225021 and parameters: {'threshold_scale_factor': 0.6698147982780824}. Best is trial 17 with value: 0.5355570122916504.
[I 2025-05-15 03:28:19,441] Trial 37 finished with value: 0.5351728936388773 and parameters: {'threshold_scale_factor': 0.851001517705627}. Best is trial 17 with value: 0.5355570122916504.
[I 2025-05-15 03:28:25,485] Trial 38 finished with value: 0.5211229136910835 and parameters: {'threshold_scale_factor': 0.26948521376707896}. Best is trial 17 with value: 0.5355570122916504.
[I 2025-05-15 03:28:31,510] Trial 39 finished with value: 0.532373538123817 and parameters: {'threshold_scale_factor': 0.5873794678173891}. Best is trial 17 with value: 0.5355570122916504.
[I 2025-05-15 03:28:37,558] Trial 40 finished with value: 0.5355529582280886 and parameters: {'threshold_scale_factor': 0.7652356482813885}. Best is trial 17 with value: 0.5355570122916504.
[I 2025-05-15 03:28:43,747] Trial 41 finished with value: 0.5355429236820072 and parameters: {'threshold_scale_factor': 0.7529523467692599}. Best is trial 17 with value: 0.5355570122916504.
[I 2025-05-15 03:28:49,777] Trial 42 finished with value: 0.5354434844401916 and parameters: {'threshold_scale_factor': 0.739056899909114}. Best is trial 17 with value: 0.5355570122916504.
[I 2025-05-15 03:28:55,833] Trial 43 finished with value: 0.533969455916808 and parameters: {'threshold_scale_factor': 0.6512193582719552}. Best is trial 17 with value: 0.5355570122916504.
[I 2025-05-15 03:29:01,877] Trial 44 finished with value: 0.5353183474167833 and parameters: {'threshold_scale_factor': 0.8268237285765762}. Best is trial 17 with value: 0.5355570122916504.
[I 2025-05-15 03:29:07,919] Trial 45 finished with value: 0.5333246191839807 and parameters: {'threshold_scale_factor': 0.9420271261173115}. Best is trial 17 with value: 0.5355570122916504.
[I 2025-05-15 03:29:13,957] Trial 46 finished with value: 0.5348294507102702 and parameters: {'threshold_scale_factor': 0.7004614016243028}. Best is trial 17 with value: 0.5355570122916504.
[I 2025-05-15 03:29:20,001] Trial 47 finished with value: 0.5347170964405574 and parameters: {'threshold_scale_factor': 0.877918285203262}. Best is trial 17 with value: 0.5355570122916504.
[I 2025-05-15 03:29:26,040] Trial 48 finished with value: 0.5354867001104631 and parameters: {'threshold_scale_factor': 0.7764213652646815}. Best is trial 17 with value: 0.5355570122916504.
[I 2025-05-15 03:29:32,067] Trial 49 finished with value: 0.5335857129790543 and parameters: {'threshold_scale_factor': 0.6319461041661562}. Best is trial 17 with value: 0.5355570122916504.
[I 2025-05-15 03:29:38,115] Trial 50 finished with value: 0.5149486086583315 and parameters: {'threshold_scale_factor': 0.02465679967790635}. Best is trial 17 with value: 0.5355570122916504.
[I 2025-05-15 03:29:44,159] Trial 51 finished with value: 0.5355473534605886 and parameters: {'threshold_scale_factor': 0.7551175860852624}. Best is trial 17 with value: 0.5355570122916504.
[I 2025-05-15 03:29:50,207] Trial 52 finished with value: 0.5355256070189758 and parameters: {'threshold_scale_factor': 0.7482108400662784}. Best is trial 17 with value: 0.5355570122916504.
[I 2025-05-15 03:29:56,253] Trial 53 finished with value: 0.5353895250089707 and parameters: {'threshold_scale_factor': 0.8084424083134636}. Best is trial 17 with value: 0.5355570122916504.
[I 2025-05-15 03:30:02,304] Trial 54 finished with value: 0.5351144439206637 and parameters: {'threshold_scale_factor': 0.7157655318256372}. Best is trial 17 with value: 0.5355570122916504.
[I 2025-05-15 03:30:08,367] Trial 55 finished with value: 0.5355364380246115 and parameters: {'threshold_scale_factor': 0.7504969522139973}. Best is trial 17 with value: 0.5355570122916504.
[I 2025-05-15 03:30:14,427] Trial 56 finished with value: 0.5338061746723047 and parameters: {'threshold_scale_factor': 0.9224921191414626}. Best is trial 17 with value: 0.5355570122916504.
[I 2025-05-15 03:30:20,463] Trial 57 finished with value: 0.5349449049806867 and parameters: {'threshold_scale_factor': 0.8654801562137278}. Best is trial 17 with value: 0.5355570122916504.
[I 2025-05-15 03:30:26,620] Trial 58 finished with value: 0.5325365998494326 and parameters: {'threshold_scale_factor': 0.9703402913464785}. Best is trial 17 with value: 0.5355570122916504.
[I 2025-05-15 03:30:32,713] Trial 59 finished with value: 0.5340853224887251 and parameters: {'threshold_scale_factor': 0.6594486012185097}. Best is trial 17 with value: 0.5355570122916504.
[I 2025-05-15 03:30:38,753] Trial 60 finished with value: 0.5355554658092296 and parameters: {'threshold_scale_factor': 0.7643815541023218}. Best is trial 17 with value: 0.5355570122916504.
[I 2025-05-15 03:30:44,783] Trial 61 finished with value: 0.5353681810186521 and parameters: {'threshold_scale_factor': 0.8148342446403865}. Best is trial 17 with value: 0.5355570122916504.
[I 2025-05-15 03:30:50,825] Trial 62 finished with value: 0.5355531158313925 and parameters: {'threshold_scale_factor': 0.757167057397213}. Best is trial 17 with value: 0.5355570122916504.
[I 2025-05-15 03:30:56,867] Trial 63 finished with value: 0.5349059178633495 and parameters: {'threshold_scale_factor': 0.7047231391844404}. Best is trial 17 with value: 0.5355570122916504.
[I 2025-05-15 03:31:02,919] Trial 64 finished with value: 0.5355276023893787 and parameters: {'threshold_scale_factor': 0.7716613502590541}. Best is trial 17 with value: 0.5355570122916504.
[I 2025-05-15 03:31:08,955] Trial 65 finished with value: 0.5312951811382617 and parameters: {'threshold_scale_factor': 0.5509189885330319}. Best is trial 17 with value: 0.5355570122916504.
[I 2025-05-15 03:31:15,012] Trial 66 finished with value: 0.5335122642106819 and parameters: {'threshold_scale_factor': 0.6285525076282491}. Best is trial 17 with value: 0.5355570122916504.
[I 2025-05-15 03:31:21,072] Trial 67 finished with value: 0.5284446186211118 and parameters: {'threshold_scale_factor': 0.47168277568297723}. Best is trial 17 with value: 0.5355570122916504.
[I 2025-05-15 03:31:27,127] Trial 68 finished with value: 0.5352839336096081 and parameters: {'threshold_scale_factor': 0.8326248254588102}. Best is trial 17 with value: 0.5355570122916504.
[I 2025-05-15 03:31:33,181] Trial 69 finished with value: 0.5343532030760788 and parameters: {'threshold_scale_factor': 0.8983888139504052}. Best is trial 17 with value: 0.5355570122916504.
[I 2025-05-15 03:31:39,218] Trial 70 finished with value: 0.5353913318182777 and parameters: {'threshold_scale_factor': 0.8010014564134187}. Best is trial 17 with value: 0.5355570122916504.
[I 2025-05-15 03:31:45,265] Trial 71 finished with value: 0.5355398166454418 and parameters: {'threshold_scale_factor': 0.751418059866373}. Best is trial 17 with value: 0.5355570122916504.
[I 2025-05-15 03:31:51,330] Trial 72 finished with value: 0.5351832546489457 and parameters: {'threshold_scale_factor': 0.7199008519284789}. Best is trial 17 with value: 0.5355570122916504.
[I 2025-05-15 03:31:57,397] Trial 73 finished with value: 0.5343582646750488 and parameters: {'threshold_scale_factor': 0.6763717378803117}. Best is trial 17 with value: 0.5355570122916504.
[I 2025-05-15 03:32:03,609] Trial 74 finished with value: 0.535505428167369 and parameters: {'threshold_scale_factor': 0.774308755831608}. Best is trial 17 with value: 0.5355570122916504.
[I 2025-05-15 03:32:09,652] Trial 75 finished with value: 0.5351548790183566 and parameters: {'threshold_scale_factor': 0.8523745886571147}. Best is trial 17 with value: 0.5355570122916504.
[I 2025-05-15 03:32:15,706] Trial 76 finished with value: 0.535540530081827 and parameters: {'threshold_scale_factor': 0.7518504624719843}. Best is trial 17 with value: 0.5355570122916504.
[I 2025-05-15 03:32:21,748] Trial 77 finished with value: 0.532415020157744 and parameters: {'threshold_scale_factor': 0.5887013862302002}. Best is trial 17 with value: 0.5355570122916504.
[I 2025-05-15 03:32:27,794] Trial 78 finished with value: 0.5345025392425191 and parameters: {'threshold_scale_factor': 0.684064802292513}. Best is trial 17 with value: 0.5355570122916504.
[I 2025-05-15 03:32:33,862] Trial 79 finished with value: 0.5243596169676843 and parameters: {'threshold_scale_factor': 0.3616380810163248}. Best is trial 17 with value: 0.5355570122916504.
[I 2025-05-15 03:32:39,911] Trial 80 finished with value: 0.5354389364591322 and parameters: {'threshold_scale_factor': 0.7862210448666755}. Best is trial 17 with value: 0.5355570122916504.
[I 2025-05-15 03:32:45,946] Trial 81 finished with value: 0.5354965897177916 and parameters: {'threshold_scale_factor': 0.7437614672667654}. Best is trial 17 with value: 0.5355570122916504.
[I 2025-05-15 03:32:51,995] Trial 82 finished with value: 0.5355532438840771 and parameters: {'threshold_scale_factor': 0.7571223329410061}. Best is trial 17 with value: 0.5355570122916504.
[I 2025-05-15 03:32:58,038] Trial 83 finished with value: 0.5352057370417016 and parameters: {'threshold_scale_factor': 0.7213426040211627}. Best is trial 17 with value: 0.5355570122916504.
[I 2025-05-15 03:33:04,087] Trial 84 finished with value: 0.5353544850100964 and parameters: {'threshold_scale_factor': 0.8190824931134273}. Best is trial 17 with value: 0.5355570122916504.
[I 2025-05-15 03:33:10,131] Trial 85 finished with value: 0.5355589485608144 and parameters: {'threshold_scale_factor': 0.7600808463938883}. Best is trial 85 with value: 0.5355589485608144.
[I 2025-05-15 03:33:16,179] Trial 86 finished with value: 0.5340248675499019 and parameters: {'threshold_scale_factor': 0.654610341152354}. Best is trial 85 with value: 0.5355589485608144.
[I 2025-05-15 03:33:22,234] Trial 87 finished with value: 0.5348845583941348 and parameters: {'threshold_scale_factor': 0.8689046395803015}. Best is trial 85 with value: 0.5355589485608144.
[I 2025-05-15 03:33:28,263] Trial 88 finished with value: 0.5353919748960452 and parameters: {'threshold_scale_factor': 0.7985902929359591}. Best is trial 85 with value: 0.5355589485608144.
[I 2025-05-15 03:33:34,309] Trial 89 finished with value: 0.5348261438552302 and parameters: {'threshold_scale_factor': 0.700232731753598}. Best is trial 85 with value: 0.5355589485608144.
[I 2025-05-15 03:33:40,351] Trial 90 finished with value: 0.5355454270416311 and parameters: {'threshold_scale_factor': 0.7675694031387826}. Best is trial 85 with value: 0.5355589485608144.
[I 2025-05-15 03:33:46,554] Trial 91 finished with value: 0.5355545075248542 and parameters: {'threshold_scale_factor': 0.7638340047455008}. Best is trial 85 with value: 0.5355589485608144.
[I 2025-05-15 03:33:52,612] Trial 92 finished with value: 0.5355384699814957 and parameters: {'threshold_scale_factor': 0.7699029131815367}. Best is trial 85 with value: 0.5355589485608144.
[I 2025-05-15 03:33:58,654] Trial 93 finished with value: 0.5352293071786898 and parameters: {'threshold_scale_factor': 0.8411371976118919}. Best is trial 85 with value: 0.5355589485608144.
[I 2025-05-15 03:34:04,685] Trial 94 finished with value: 0.5352507651499694 and parameters: {'threshold_scale_factor': 0.7244828681988889}. Best is trial 85 with value: 0.5355589485608144.
[I 2025-05-15 03:34:10,750] Trial 95 finished with value: 0.5331229418345307 and parameters: {'threshold_scale_factor': 0.6137327208915146}. Best is trial 85 with value: 0.5355589485608144.
[I 2025-05-15 03:34:16,811] Trial 96 finished with value: 0.5354386071808005 and parameters: {'threshold_scale_factor': 0.7849313564718772}. Best is trial 85 with value: 0.5355589485608144.
[I 2025-05-15 03:34:22,865] Trial 97 finished with value: 0.5353550915013825 and parameters: {'threshold_scale_factor': 0.8189018221046297}. Best is trial 85 with value: 0.5355589485608144.
[I 2025-05-15 03:34:28,917] Trial 98 finished with value: 0.5355579199178211 and parameters: {'threshold_scale_factor': 0.7624549217837938}. Best is trial 85 with value: 0.5355589485608144.
