[I 2025-05-15 03:12:21,710] Trial 0 finished with value: 0.5358300994167271 and parameters: {'interp_param': 0.7492211255269118}. Best is trial 0 with value: 0.5358300994167271.
[I 2025-05-15 03:12:29,131] Trial 1 finished with value: 0.5389258659386895 and parameters: {'interp_param': 0.9882669031485308}. Best is trial 1 with value: 0.5389258659386895.
[I 2025-05-15 03:12:36,548] Trial 2 finished with value: 0.5394044157068578 and parameters: {'interp_param': 0.9000639544411578}. Best is trial 2 with value: 0.5394044157068578.
[I 2025-05-15 03:12:43,957] Trial 3 finished with value: 0.5278489386402494 and parameters: {'interp_param': 0.4290522493201293}. Best is trial 2 with value: 0.5394044157068578.
[I 2025-05-15 03:12:51,489] Trial 4 finished with value: 0.5389906563755462 and parameters: {'interp_param': 0.9867553374270753}. Best is trial 2 with value: 0.5394044157068578.
[I 2025-05-15 03:12:58,909] Trial 5 finished with value: 0.5251568757959318 and parameters: {'interp_param': 0.2621959544183591}. Best is trial 2 with value: 0.5394044157068578.
[I 2025-05-15 03:13:06,294] Trial 6 finished with value: 0.5274802341534803 and parameters: {'interp_param': 0.4110536197098633}. Best is trial 2 with value: 0.5394044157068578.
[I 2025-05-15 03:13:13,692] Trial 7 finished with value: 0.5396232141223818 and parameters: {'interp_param': 0.9437154080446842}. Best is trial 7 with value: 0.5396232141223818.
[I 2025-05-15 03:13:21,072] Trial 8 finished with value: 0.5315394029367686 and parameters: {'interp_param': 0.5921510814862931}. Best is trial 7 with value: 0.5396232141223818.
[I 2025-05-15 03:13:28,469] Trial 9 finished with value: 0.5223514145600123 and parameters: {'interp_param': 0.03211743329063277}. Best is trial 7 with value: 0.5396232141223818.
[I 2025-05-15 03:13:35,875] Trial 10 finished with value: 0.5340235631011265 and parameters: {'interp_param': 0.6715648620747359}. Best is trial 7 with value: 0.5396232141223818.
[I 2025-05-15 03:13:43,269] Trial 11 finished with value: 0.5377263978498407 and parameters: {'interp_param': 0.8299658576597779}. Best is trial 7 with value: 0.5396232141223818.
[I 2025-05-15 03:13:50,666] Trial 12 finished with value: 0.537800177303717 and parameters: {'interp_param': 0.8328270835095544}. Best is trial 7 with value: 0.5396232141223818.
[I 2025-05-15 03:13:58,081] Trial 13 finished with value: 0.5394243820754385 and parameters: {'interp_param': 0.9029822412787982}. Best is trial 7 with value: 0.5396232141223818.
[I 2025-05-15 03:14:05,467] Trial 14 finished with value: 0.533157773571896 and parameters: {'interp_param': 0.6444923573073976}. Best is trial 7 with value: 0.5396232141223818.
[I 2025-05-15 03:14:12,868] Trial 15 finished with value: 0.5364740482237966 and parameters: {'interp_param': 0.7812553969275489}. Best is trial 7 with value: 0.5396232141223818.
[I 2025-05-15 03:14:20,256] Trial 16 finished with value: 0.5302498715955224 and parameters: {'interp_param': 0.5362032160920974}. Best is trial 7 with value: 0.5396232141223818.
[I 2025-05-15 03:14:27,645] Trial 17 finished with value: 0.5251146141885189 and parameters: {'interp_param': 0.2591772381749535}. Best is trial 7 with value: 0.5396232141223818.
[I 2025-05-15 03:14:35,213] Trial 18 finished with value: 0.5395066327069071 and parameters: {'interp_param': 0.9095621589315337}. Best is trial 7 with value: 0.5396232141223818.
[I 2025-05-15 03:14:42,594] Trial 19 finished with value: 0.5354088905149548 and parameters: {'interp_param': 0.7261471706017191}. Best is trial 7 with value: 0.5396232141223818.
[I 2025-05-15 03:14:50,016] Trial 20 finished with value: 0.5393190411527555 and parameters: {'interp_param': 0.8928806370149677}. Best is trial 7 with value: 0.5396232141223818.
[I 2025-05-15 03:14:57,412] Trial 21 finished with value: 0.5395683428434732 and parameters: {'interp_param': 0.9177962897163827}. Best is trial 7 with value: 0.5396232141223818.
[I 2025-05-15 03:15:04,810] Trial 22 finished with value: 0.5393249034327969 and parameters: {'interp_param': 0.9759611807794891}. Best is trial 7 with value: 0.5396232141223818.
[I 2025-05-15 03:15:12,232] Trial 23 finished with value: 0.5384770609798142 and parameters: {'interp_param': 0.8586809281081711}. Best is trial 7 with value: 0.5396232141223818.
[I 2025-05-15 03:15:19,656] Trial 24 finished with value: 0.5352746786370128 and parameters: {'interp_param': 0.7182070055010279}. Best is trial 7 with value: 0.5396232141223818.
[I 2025-05-15 03:15:27,047] Trial 25 finished with value: 0.5395699821992697 and parameters: {'interp_param': 0.938912962916236}. Best is trial 7 with value: 0.5396232141223818.
[I 2025-05-15 03:15:34,459] Trial 26 finished with value: 0.5373744541930219 and parameters: {'interp_param': 0.8169003457730325}. Best is trial 7 with value: 0.5396232141223818.
[I 2025-05-15 03:15:41,871] Trial 27 finished with value: 0.5396207487564114 and parameters: {'interp_param': 0.9434297142751795}. Best is trial 7 with value: 0.5396232141223818.
[I 2025-05-15 03:15:49,269] Trial 28 finished with value: 0.5383533043924885 and parameters: {'interp_param': 0.9965564659892092}. Best is trial 7 with value: 0.5396232141223818.
[I 2025-05-15 03:15:56,656] Trial 29 finished with value: 0.5360328813964779 and parameters: {'interp_param': 0.7580268186700163}. Best is trial 7 with value: 0.5396232141223818.
[I 2025-05-15 03:16:04,048] Trial 30 finished with value: 0.5323781803854245 and parameters: {'interp_param': 0.6196727279489395}. Best is trial 7 with value: 0.5396232141223818.
[I 2025-05-15 03:16:11,466] Trial 31 finished with value: 0.5395647348535485 and parameters: {'interp_param': 0.9189591278867957}. Best is trial 7 with value: 0.5396232141223818.
[I 2025-05-15 03:16:18,864] Trial 32 finished with value: 0.5395414180075847 and parameters: {'interp_param': 0.9589099568177485}. Best is trial 7 with value: 0.5396232141223818.
[I 2025-05-15 03:16:26,427] Trial 33 finished with value: 0.5369175396998501 and parameters: {'interp_param': 0.8000569013543327}. Best is trial 7 with value: 0.5396232141223818.
[I 2025-05-15 03:16:33,825] Trial 34 finished with value: 0.5387966368580656 and parameters: {'interp_param': 0.8705899902325753}. Best is trial 7 with value: 0.5396232141223818.
[I 2025-05-15 03:16:41,200] Trial 35 finished with value: 0.5395555614969499 and parameters: {'interp_param': 0.9376323618685845}. Best is trial 7 with value: 0.5396232141223818.
[I 2025-05-15 03:16:48,621] Trial 36 finished with value: 0.5383857017216753 and parameters: {'interp_param': 0.9961078439192811}. Best is trial 7 with value: 0.5396232141223818.
[I 2025-05-15 03:16:56,031] Trial 37 finished with value: 0.5348884914408741 and parameters: {'interp_param': 0.6979249156648288}. Best is trial 7 with value: 0.5396232141223818.
[I 2025-05-15 03:17:03,425] Trial 38 finished with value: 0.5257557993090785 and parameters: {'interp_param': 0.30106052138865347}. Best is trial 7 with value: 0.5396232141223818.
[I 2025-05-15 03:17:10,808] Trial 39 finished with value: 0.5224017730371705 and parameters: {'interp_param': 0.036108540582384885}. Best is trial 7 with value: 0.5396232141223818.
[I 2025-05-15 03:17:18,308] Trial 40 finished with value: 0.5286822196736768 and parameters: {'interp_param': 0.4684865057447884}. Best is trial 7 with value: 0.5396232141223818.
[I 2025-05-15 03:17:25,731] Trial 41 finished with value: 0.5395510599525783 and parameters: {'interp_param': 0.9281920035019959}. Best is trial 7 with value: 0.5396232141223818.
[I 2025-05-15 03:17:33,160] Trial 42 finished with value: 0.5386434759971576 and parameters: {'interp_param': 0.8650656885030191}. Best is trial 7 with value: 0.5396232141223818.
[I 2025-05-15 03:17:40,572] Trial 43 finished with value: 0.539541899260531 and parameters: {'interp_param': 0.9566331958954861}. Best is trial 7 with value: 0.5396232141223818.
[I 2025-05-15 03:17:47,987] Trial 44 finished with value: 0.5395569700764798 and parameters: {'interp_param': 0.9362295867202636}. Best is trial 7 with value: 0.5396232141223818.
[I 2025-05-15 03:17:55,389] Trial 45 finished with value: 0.5381383053423299 and parameters: {'interp_param': 0.8443960290061355}. Best is trial 7 with value: 0.5396232141223818.
[I 2025-05-15 03:18:02,790] Trial 46 finished with value: 0.5361546665353306 and parameters: {'interp_param': 0.7645409913143503}. Best is trial 7 with value: 0.5396232141223818.
[I 2025-05-15 03:18:10,175] Trial 47 finished with value: 0.5393710122494354 and parameters: {'interp_param': 0.8961398713394912}. Best is trial 7 with value: 0.5396232141223818.
[I 2025-05-15 03:18:17,747] Trial 48 finished with value: 0.536935322136932 and parameters: {'interp_param': 0.8006826786069053}. Best is trial 7 with value: 0.5396232141223818.
[I 2025-05-15 03:18:25,158] Trial 49 finished with value: 0.5395481288125576 and parameters: {'interp_param': 0.9232418980403989}. Best is trial 7 with value: 0.5396232141223818.
[I 2025-05-15 03:18:32,547] Trial 50 finished with value: 0.5303882824757791 and parameters: {'interp_param': 0.5430073686885137}. Best is trial 7 with value: 0.5396232141223818.
[I 2025-05-15 03:18:39,954] Trial 51 finished with value: 0.5395943867894659 and parameters: {'interp_param': 0.9511920808158741}. Best is trial 7 with value: 0.5396232141223818.
[I 2025-05-15 03:18:47,381] Trial 52 finished with value: 0.5390196905627985 and parameters: {'interp_param': 0.8803957336821632}. Best is trial 7 with value: 0.5396232141223818.
[I 2025-05-15 03:18:54,768] Trial 53 finished with value: 0.5395444926791857 and parameters: {'interp_param': 0.9596966577326322}. Best is trial 7 with value: 0.5396232141223818.
[I 2025-05-15 03:19:02,158] Trial 54 finished with value: 0.53822357717285 and parameters: {'interp_param': 0.8479643730943999}. Best is trial 7 with value: 0.5396232141223818.
[I 2025-05-15 03:19:09,562] Trial 55 finished with value: 0.5386646553483103 and parameters: {'interp_param': 0.9927787215204982}. Best is trial 7 with value: 0.5396232141223818.
[I 2025-05-15 03:19:16,982] Trial 56 finished with value: 0.5394984288920628 and parameters: {'interp_param': 0.9086870218582266}. Best is trial 7 with value: 0.5396232141223818.
[I 2025-05-15 03:19:24,389] Trial 57 finished with value: 0.5375307277191848 and parameters: {'interp_param': 0.8228359528018232}. Best is trial 7 with value: 0.5396232141223818.
[I 2025-05-15 03:19:31,785] Trial 58 finished with value: 0.5264134722681508 and parameters: {'interp_param': 0.3441186247081235}. Best is trial 7 with value: 0.5396232141223818.
[I 2025-05-15 03:19:39,181] Trial 59 finished with value: 0.5392715096848637 and parameters: {'interp_param': 0.890782798377282}. Best is trial 7 with value: 0.5396232141223818.
[I 2025-05-15 03:19:46,582] Trial 60 finished with value: 0.5235461658071189 and parameters: {'interp_param': 0.134069454771655}. Best is trial 7 with value: 0.5396232141223818.
[I 2025-05-15 03:19:53,982] Trial 61 finished with value: 0.5395947610973131 and parameters: {'interp_param': 0.9513026436514308}. Best is trial 7 with value: 0.5396232141223818.
[I 2025-05-15 03:20:01,387] Trial 62 finished with value: 0.5395915288224078 and parameters: {'interp_param': 0.9520490030113821}. Best is trial 7 with value: 0.5396232141223818.
[I 2025-05-15 03:20:08,972] Trial 63 finished with value: 0.5395301240422433 and parameters: {'interp_param': 0.9621966016977942}. Best is trial 7 with value: 0.5396232141223818.
[I 2025-05-15 03:20:16,373] Trial 64 finished with value: 0.5395011067410592 and parameters: {'interp_param': 0.9654999334621858}. Best is trial 7 with value: 0.5396232141223818.
[I 2025-05-15 03:20:23,735] Trial 65 finished with value: 0.5395609650388028 and parameters: {'interp_param': 0.9321332422783162}. Best is trial 7 with value: 0.5396232141223818.
[I 2025-05-15 03:20:31,149] Trial 66 finished with value: 0.5388653828564192 and parameters: {'interp_param': 0.8732708751254262}. Best is trial 7 with value: 0.5396232141223818.
[I 2025-05-15 03:20:38,580] Trial 67 finished with value: 0.5382563516242287 and parameters: {'interp_param': 0.9986960916768575}. Best is trial 7 with value: 0.5396232141223818.
[I 2025-05-15 03:20:46,004] Trial 68 finished with value: 0.5378611908899662 and parameters: {'interp_param': 0.8349228072197805}. Best is trial 7 with value: 0.5396232141223818.
[I 2025-05-15 03:20:53,418] Trial 69 finished with value: 0.5364534852141365 and parameters: {'interp_param': 0.7801367315529902}. Best is trial 7 with value: 0.5396232141223818.
[I 2025-05-15 03:21:00,842] Trial 70 finished with value: 0.539545237073363 and parameters: {'interp_param': 0.9562991697000328}. Best is trial 7 with value: 0.5396232141223818.
[I 2025-05-15 03:21:08,243] Trial 71 finished with value: 0.5395428462875276 and parameters: {'interp_param': 0.927319010260323}. Best is trial 7 with value: 0.5396232141223818.
[I 2025-05-15 03:21:15,662] Trial 72 finished with value: 0.539491317042968 and parameters: {'interp_param': 0.9080983328066329}. Best is trial 7 with value: 0.5396232141223818.
[I 2025-05-15 03:21:23,096] Trial 73 finished with value: 0.5392426246578812 and parameters: {'interp_param': 0.979009573739083}. Best is trial 7 with value: 0.5396232141223818.
[I 2025-05-15 03:21:30,511] Trial 74 finished with value: 0.5390601017385614 and parameters: {'interp_param': 0.8821932963664174}. Best is trial 7 with value: 0.5396232141223818.
[I 2025-05-15 03:21:37,933] Trial 75 finished with value: 0.5396285824849256 and parameters: {'interp_param': 0.9463645349097795}. Best is trial 75 with value: 0.5396285824849256.
[I 2025-05-15 03:21:45,342] Trial 76 finished with value: 0.5396312462621984 and parameters: {'interp_param': 0.9459228428603448}. Best is trial 76 with value: 0.5396312462621984.
[I 2025-05-15 03:21:52,896] Trial 77 finished with value: 0.538405026419661 and parameters: {'interp_param': 0.8557243349472236}. Best is trial 76 with value: 0.5396312462621984.
[I 2025-05-15 03:22:00,289] Trial 78 finished with value: 0.5396043143904481 and parameters: {'interp_param': 0.947985163429677}. Best is trial 76 with value: 0.5396312462621984.
[I 2025-05-15 03:22:07,675] Trial 79 finished with value: 0.5393348042975044 and parameters: {'interp_param': 0.975364045653341}. Best is trial 76 with value: 0.5396312462621984.
[I 2025-05-15 03:22:15,107] Trial 80 finished with value: 0.5369056575364634 and parameters: {'interp_param': 0.7996309606814098}. Best is trial 76 with value: 0.5396312462621984.
[I 2025-05-15 03:22:22,526] Trial 81 finished with value: 0.5395928980011117 and parameters: {'interp_param': 0.9492738463329387}. Best is trial 76 with value: 0.5396312462621984.
[I 2025-05-15 03:22:29,959] Trial 82 finished with value: 0.5396256879313862 and parameters: {'interp_param': 0.9444502688435307}. Best is trial 76 with value: 0.5396312462621984.
[I 2025-05-15 03:22:37,373] Trial 83 finished with value: 0.5393464528702798 and parameters: {'interp_param': 0.8944966831647279}. Best is trial 76 with value: 0.5396312462621984.
[I 2025-05-15 03:22:44,795] Trial 84 finished with value: 0.5396269107641649 and parameters: {'interp_param': 0.9448045741666092}. Best is trial 76 with value: 0.5396312462621984.
[I 2025-05-15 03:22:52,230] Trial 85 finished with value: 0.5384304835747806 and parameters: {'interp_param': 0.9955471167305613}. Best is trial 76 with value: 0.5396312462621984.
[I 2025-05-15 03:22:59,656] Trial 86 finished with value: 0.5395121178647566 and parameters: {'interp_param': 0.9099942275408419}. Best is trial 76 with value: 0.5396312462621984.
[I 2025-05-15 03:23:07,072] Trial 87 finished with value: 0.5393061092387901 and parameters: {'interp_param': 0.976634186261442}. Best is trial 76 with value: 0.5396312462621984.
[I 2025-05-15 03:23:14,508] Trial 88 finished with value: 0.5355704901884908 and parameters: {'interp_param': 0.7361993429496783}. Best is trial 76 with value: 0.5396312462621984.
[I 2025-05-15 03:23:21,920] Trial 89 finished with value: 0.5395918454361882 and parameters: {'interp_param': 0.9403208803254005}. Best is trial 76 with value: 0.5396312462621984.
[I 2025-05-15 03:23:29,336] Trial 90 finished with value: 0.5382864538553004 and parameters: {'interp_param': 0.8507255744696948}. Best is trial 76 with value: 0.5396312462621984.
[I 2025-05-15 03:23:36,738] Trial 91 finished with value: 0.5395943065806416 and parameters: {'interp_param': 0.9509408218321569}. Best is trial 76 with value: 0.5396312462621984.
[I 2025-05-15 03:23:44,302] Trial 92 finished with value: 0.5395495782000858 and parameters: {'interp_param': 0.9229817799404664}. Best is trial 76 with value: 0.5396312462621984.
[I 2025-05-15 03:23:51,713] Trial 93 finished with value: 0.538943281103786 and parameters: {'interp_param': 0.877033989805985}. Best is trial 76 with value: 0.5396312462621984.
[I 2025-05-15 03:23:59,143] Trial 94 finished with value: 0.5393582984471854 and parameters: {'interp_param': 0.8951735373198724}. Best is trial 76 with value: 0.5396312462621984.
[I 2025-05-15 03:24:06,547] Trial 95 finished with value: 0.5391965003623469 and parameters: {'interp_param': 0.9807909781364527}. Best is trial 76 with value: 0.5396312462621984.
[I 2025-05-15 03:24:13,966] Trial 96 finished with value: 0.5396168410387746 and parameters: {'interp_param': 0.9426279314206957}. Best is trial 76 with value: 0.5396312462621984.
[I 2025-05-15 03:24:21,374] Trial 97 finished with value: 0.5372794095504788 and parameters: {'interp_param': 0.813551073057506}. Best is trial 76 with value: 0.5396312462621984.
[I 2025-05-15 03:24:28,781] Trial 98 finished with value: 0.5395686552357365 and parameters: {'interp_param': 0.9167428625062923}. Best is trial 76 with value: 0.5396312462621984.
