[I 2025-05-15 03:12:21,562] Trial 0 finished with value: 0.5458820719205792 and parameters: {'interp_param': 0.7419228533439309}. Best is trial 0 with value: 0.5458820719205792.
[I 2025-05-15 03:12:29,028] Trial 1 finished with value: 0.5487495387992598 and parameters: {'interp_param': 0.945596294051717}. Best is trial 1 with value: 0.5487495387992598.
[I 2025-05-15 03:12:36,478] Trial 2 finished with value: 0.5330693116816413 and parameters: {'interp_param': 0.003813523343898395}. Best is trial 1 with value: 0.5487495387992598.
[I 2025-05-15 03:12:43,930] Trial 3 finished with value: 0.546174887602108 and parameters: {'interp_param': 0.7609884138134555}. Best is trial 1 with value: 0.5487495387992598.
[I 2025-05-15 03:12:51,514] Trial 4 finished with value: 0.5448306482139464 and parameters: {'interp_param': 0.6762196352291422}. Best is trial 1 with value: 0.5487495387992598.
[I 2025-05-15 03:12:58,972] Trial 5 finished with value: 0.535962745111835 and parameters: {'interp_param': 0.1556602997072274}. Best is trial 1 with value: 0.5487495387992598.
[I 2025-05-15 03:13:06,417] Trial 6 finished with value: 0.536767283242688 and parameters: {'interp_param': 0.19472694623550446}. Best is trial 1 with value: 0.5487495387992598.
[I 2025-05-15 03:13:13,858] Trial 7 finished with value: 0.5335055576272258 and parameters: {'interp_param': 0.030831591541637282}. Best is trial 1 with value: 0.5487495387992598.
[I 2025-05-15 03:13:21,316] Trial 8 finished with value: 0.5409300649410043 and parameters: {'interp_param': 0.43625082108446833}. Best is trial 1 with value: 0.5487495387992598.
[I 2025-05-15 03:13:28,753] Trial 9 finished with value: 0.5430037655932287 and parameters: {'interp_param': 0.5694171030402863}. Best is trial 1 with value: 0.5487495387992598.
[I 2025-05-15 03:13:36,197] Trial 10 finished with value: 0.5489730005839766 and parameters: {'interp_param': 0.9945243837655359}. Best is trial 10 with value: 0.5489730005839766.
[I 2025-05-15 03:13:43,637] Trial 11 finished with value: 0.5489627324472839 and parameters: {'interp_param': 0.9980821713566487}. Best is trial 10 with value: 0.5489730005839766.
[I 2025-05-15 03:13:51,083] Trial 12 finished with value: 0.5487439832827924 and parameters: {'interp_param': 0.9431596241232189}. Best is trial 10 with value: 0.5489730005839766.
[I 2025-05-15 03:13:58,534] Trial 13 finished with value: 0.5489764312701841 and parameters: {'interp_param': 0.9874752802381463}. Best is trial 13 with value: 0.5489764312701841.
[I 2025-05-15 03:14:05,970] Trial 14 finished with value: 0.5471418964461863 and parameters: {'interp_param': 0.8215114561493995}. Best is trial 13 with value: 0.5489764312701841.
[I 2025-05-15 03:14:13,422] Trial 15 finished with value: 0.5407671439326246 and parameters: {'interp_param': 0.4261052612152112}. Best is trial 13 with value: 0.5489764312701841.
[I 2025-05-15 03:14:20,870] Trial 16 finished with value: 0.547680721035116 and parameters: {'interp_param': 0.8668657188922255}. Best is trial 13 with value: 0.5489764312701841.
[I 2025-05-15 03:14:28,335] Trial 17 finished with value: 0.5435985492052995 and parameters: {'interp_param': 0.606794837030066}. Best is trial 13 with value: 0.5489764312701841.
[I 2025-05-15 03:14:35,953] Trial 18 finished with value: 0.5475916273244728 and parameters: {'interp_param': 0.8589337938142032}. Best is trial 13 with value: 0.5489764312701841.
[I 2025-05-15 03:14:43,434] Trial 19 finished with value: 0.5385292290806238 and parameters: {'interp_param': 0.2869992650163083}. Best is trial 13 with value: 0.5489764312701841.
[I 2025-05-15 03:14:50,906] Trial 20 finished with value: 0.5449541768393502 and parameters: {'interp_param': 0.6832949759343786}. Best is trial 13 with value: 0.5489764312701841.
[I 2025-05-15 03:14:58,381] Trial 21 finished with value: 0.5489745245516398 and parameters: {'interp_param': 0.9882294341829271}. Best is trial 13 with value: 0.5489764312701841.
[I 2025-05-15 03:15:05,843] Trial 22 finished with value: 0.5489756925046965 and parameters: {'interp_param': 0.9969239346426654}. Best is trial 13 with value: 0.5489764312701841.
[I 2025-05-15 03:15:13,319] Trial 23 finished with value: 0.5482318766754146 and parameters: {'interp_param': 0.9030968213905414}. Best is trial 13 with value: 0.5489764312701841.
[I 2025-05-15 03:15:20,799] Trial 24 finished with value: 0.546392060733559 and parameters: {'interp_param': 0.7754663080950863}. Best is trial 13 with value: 0.5489764312701841.
[I 2025-05-15 03:15:28,243] Trial 25 finished with value: 0.5489616953612564 and parameters: {'interp_param': 0.9989003209479071}. Best is trial 13 with value: 0.5489764312701841.
[I 2025-05-15 03:15:35,691] Trial 26 finished with value: 0.5473414714801342 and parameters: {'interp_param': 0.8349190557475259}. Best is trial 13 with value: 0.5489764312701841.
[I 2025-05-15 03:15:43,151] Trial 27 finished with value: 0.5486571776344025 and parameters: {'interp_param': 0.9333820522493536}. Best is trial 13 with value: 0.5489764312701841.
[I 2025-05-15 03:15:50,620] Trial 28 finished with value: 0.5447772432086344 and parameters: {'interp_param': 0.6733013105293721}. Best is trial 13 with value: 0.5489764312701841.
[I 2025-05-15 03:15:58,064] Trial 29 finished with value: 0.54674254937416 and parameters: {'interp_param': 0.7947796071843063}. Best is trial 13 with value: 0.5489764312701841.
[I 2025-05-15 03:16:05,545] Trial 30 finished with value: 0.545566142025906 and parameters: {'interp_param': 0.7237397758944695}. Best is trial 13 with value: 0.5489764312701841.
[I 2025-05-15 03:16:13,022] Trial 31 finished with value: 0.5489754406208445 and parameters: {'interp_param': 0.9890832267890066}. Best is trial 13 with value: 0.5489764312701841.
[I 2025-05-15 03:16:20,481] Trial 32 finished with value: 0.5480079871103012 and parameters: {'interp_param': 0.8861564345997173}. Best is trial 13 with value: 0.5489764312701841.
[I 2025-05-15 03:16:28,082] Trial 33 finished with value: 0.5486937838161108 and parameters: {'interp_param': 0.9367349725049481}. Best is trial 13 with value: 0.5489764312701841.
[I 2025-05-15 03:16:35,536] Trial 34 finished with value: 0.5481740123409016 and parameters: {'interp_param': 0.8995315603444249}. Best is trial 13 with value: 0.5489764312701841.
[I 2025-05-15 03:16:42,984] Trial 35 finished with value: 0.5488411105404245 and parameters: {'interp_param': 0.9602013999742631}. Best is trial 13 with value: 0.5489764312701841.
[I 2025-05-15 03:16:50,460] Trial 36 finished with value: 0.5471738674021488 and parameters: {'interp_param': 0.8234994849948134}. Best is trial 13 with value: 0.5489764312701841.
[I 2025-05-15 03:16:57,923] Trial 37 finished with value: 0.548644922570341 and parameters: {'interp_param': 0.932213732800516}. Best is trial 13 with value: 0.5489764312701841.
[I 2025-05-15 03:17:05,378] Trial 38 finished with value: 0.5462973200402451 and parameters: {'interp_param': 0.7693063740172431}. Best is trial 13 with value: 0.5489764312701841.
[I 2025-05-15 03:17:12,842] Trial 39 finished with value: 0.5478770511296076 and parameters: {'interp_param': 0.8783505354928887}. Best is trial 13 with value: 0.5489764312701841.
[I 2025-05-15 03:17:20,293] Trial 40 finished with value: 0.5454461144453279 and parameters: {'interp_param': 0.717078562200175}. Best is trial 13 with value: 0.5489764312701841.
[I 2025-05-15 03:17:27,737] Trial 41 finished with value: 0.548971869217401 and parameters: {'interp_param': 0.99215431558283}. Best is trial 13 with value: 0.5489764312701841.
[I 2025-05-15 03:17:35,215] Trial 42 finished with value: 0.5489353277656215 and parameters: {'interp_param': 0.9727692737948098}. Best is trial 13 with value: 0.5489764312701841.
[I 2025-05-15 03:17:42,666] Trial 43 finished with value: 0.5489633741178788 and parameters: {'interp_param': 0.9979279734095363}. Best is trial 13 with value: 0.5489764312701841.
[I 2025-05-15 03:17:50,120] Trial 44 finished with value: 0.5485058742410065 and parameters: {'interp_param': 0.9207199215002789}. Best is trial 13 with value: 0.5489764312701841.
[I 2025-05-15 03:17:57,583] Trial 45 finished with value: 0.5487800406672811 and parameters: {'interp_param': 0.9526043270569816}. Best is trial 13 with value: 0.5489764312701841.
[I 2025-05-15 03:18:05,056] Trial 46 finished with value: 0.5415246065194296 and parameters: {'interp_param': 0.4786737829126438}. Best is trial 13 with value: 0.5489764312701841.
[I 2025-05-15 03:18:12,494] Trial 47 finished with value: 0.5474332500756355 and parameters: {'interp_param': 0.8436521618269144}. Best is trial 13 with value: 0.5489764312701841.
[I 2025-05-15 03:18:20,110] Trial 48 finished with value: 0.5400543013741038 and parameters: {'interp_param': 0.37720585690521324}. Best is trial 13 with value: 0.5489764312701841.
[I 2025-05-15 03:18:27,571] Trial 49 finished with value: 0.5360885829070774 and parameters: {'interp_param': 0.16163674421933005}. Best is trial 13 with value: 0.5489764312701841.
[I 2025-05-15 03:18:35,049] Trial 50 finished with value: 0.5432162852056934 and parameters: {'interp_param': 0.5826894903239977}. Best is trial 13 with value: 0.5489764312701841.
[I 2025-05-15 03:18:42,509] Trial 51 finished with value: 0.5489740123409015 and parameters: {'interp_param': 0.9949985967642166}. Best is trial 13 with value: 0.5489764312701841.
[I 2025-05-15 03:18:49,960] Trial 52 finished with value: 0.5488372140801666 and parameters: {'interp_param': 0.9594781526125883}. Best is trial 13 with value: 0.5489764312701841.
[I 2025-05-15 03:18:57,414] Trial 53 finished with value: 0.5480317767661772 and parameters: {'interp_param': 0.8879454455692619}. Best is trial 13 with value: 0.5489764312701841.
[I 2025-05-15 03:19:04,862] Trial 54 finished with value: 0.5483605752520597 and parameters: {'interp_param': 0.9113441076482371}. Best is trial 13 with value: 0.5489764312701841.
[I 2025-05-15 03:19:12,362] Trial 55 finished with value: 0.5489631011264415 and parameters: {'interp_param': 0.9994549802368023}. Best is trial 13 with value: 0.5489764312701841.
[I 2025-05-15 03:19:19,827] Trial 56 finished with value: 0.5488736288864341 and parameters: {'interp_param': 0.964820925893765}. Best is trial 13 with value: 0.5489764312701841.
[I 2025-05-15 03:19:27,295] Trial 57 finished with value: 0.5340547685553265 and parameters: {'interp_param': 0.059787715629222915}. Best is trial 13 with value: 0.5489764312701841.
[I 2025-05-15 03:19:34,768] Trial 58 finished with value: 0.5475970435308769 and parameters: {'interp_param': 0.8594202345184894}. Best is trial 13 with value: 0.5489764312701841.
[I 2025-05-15 03:19:42,215] Trial 59 finished with value: 0.5469002427372316 and parameters: {'interp_param': 0.8049005024046003}. Best is trial 13 with value: 0.5489764312701841.
[I 2025-05-15 03:19:49,679] Trial 60 finished with value: 0.5482823716482913 and parameters: {'interp_param': 0.9063080221419644}. Best is trial 13 with value: 0.5489764312701841.
[I 2025-05-15 03:19:57,143] Trial 61 finished with value: 0.5489730737569392 and parameters: {'interp_param': 0.9936452324597995}. Best is trial 13 with value: 0.5489764312701841.
[I 2025-05-15 03:20:04,625] Trial 62 finished with value: 0.5489094146866579 and parameters: {'interp_param': 0.9686344066525432}. Best is trial 13 with value: 0.5489764312701841.
[I 2025-05-15 03:20:12,239] Trial 63 finished with value: 0.5486700138606477 and parameters: {'interp_param': 0.934627209621201}. Best is trial 13 with value: 0.5489764312701841.
[I 2025-05-15 03:20:19,683] Trial 64 finished with value: 0.5489620387113117 and parameters: {'interp_param': 0.9990551474876286}. Best is trial 13 with value: 0.5489764312701841.
[I 2025-05-15 03:20:27,143] Trial 65 finished with value: 0.5488575674211456 and parameters: {'interp_param': 0.9624539240271303}. Best is trial 13 with value: 0.5489764312701841.
[I 2025-05-15 03:20:34,593] Trial 66 finished with value: 0.5476138240612402 and parameters: {'interp_param': 0.8609147417579629}. Best is trial 13 with value: 0.5489764312701841.
[I 2025-05-15 03:20:42,032] Trial 67 finished with value: 0.5484614174447158 and parameters: {'interp_param': 0.9171627851821298}. Best is trial 13 with value: 0.5489764312701841.
[I 2025-05-15 03:20:49,491] Trial 68 finished with value: 0.5382911031527697 and parameters: {'interp_param': 0.2737322344290788}. Best is trial 13 with value: 0.5489764312701841.
[I 2025-05-15 03:20:56,943] Trial 69 finished with value: 0.5487238311674605 and parameters: {'interp_param': 0.9399579558101039}. Best is trial 13 with value: 0.5489764312701841.
[I 2025-05-15 03:21:04,394] Trial 70 finished with value: 0.5480040048125294 and parameters: {'interp_param': 0.8858567131936045}. Best is trial 13 with value: 0.5489764312701841.
[I 2025-05-15 03:21:11,849] Trial 71 finished with value: 0.5489839582351244 and parameters: {'interp_param': 0.986215107549553}. Best is trial 71 with value: 0.5489839582351244.
[I 2025-05-15 03:21:19,309] Trial 72 finished with value: 0.5489475223212715 and parameters: {'interp_param': 0.974585386293112}. Best is trial 71 with value: 0.5489839582351244.
[I 2025-05-15 03:21:26,752] Trial 73 finished with value: 0.5486876837239409 and parameters: {'interp_param': 0.9362081969242239}. Best is trial 71 with value: 0.5489839582351244.
[I 2025-05-15 03:21:34,221] Trial 74 finished with value: 0.5488560153100353 and parameters: {'interp_param': 0.962279142173321}. Best is trial 71 with value: 0.5489839582351244.
[I 2025-05-15 03:21:41,685] Trial 75 finished with value: 0.5489932666802693 and parameters: {'interp_param': 0.9852289189741934}. Best is trial 75 with value: 0.5489932666802693.
[I 2025-05-15 03:21:49,135] Trial 76 finished with value: 0.5483662292705922 and parameters: {'interp_param': 0.9116313786258856}. Best is trial 75 with value: 0.5489932666802693.
[I 2025-05-15 03:21:56,742] Trial 77 finished with value: 0.5490013452567737 and parameters: {'interp_param': 0.9785981765685624}. Best is trial 77 with value: 0.5490013452567737.
[I 2025-05-15 03:22:04,207] Trial 78 finished with value: 0.5473777877843368 and parameters: {'interp_param': 0.8381530917881046}. Best is trial 77 with value: 0.5490013452567737.
[I 2025-05-15 03:22:11,681] Trial 79 finished with value: 0.547964808026511 and parameters: {'interp_param': 0.8833331238112166}. Best is trial 77 with value: 0.5490013452567737.
[I 2025-05-15 03:22:19,140] Trial 80 finished with value: 0.5440449267918581 and parameters: {'interp_param': 0.6345208715296307}. Best is trial 77 with value: 0.5490013452567737.
[I 2025-05-15 03:22:26,597] Trial 81 finished with value: 0.549003955561497 and parameters: {'interp_param': 0.9789185673299953}. Best is trial 81 with value: 0.549003955561497.
[I 2025-05-15 03:22:34,061] Trial 82 finished with value: 0.5490070611908899 and parameters: {'interp_param': 0.9797836566319102}. Best is trial 82 with value: 0.5490070611908899.
[I 2025-05-15 03:22:41,530] Trial 83 finished with value: 0.5487248035235596 and parameters: {'interp_param': 0.9400650136496863}. Best is trial 82 with value: 0.5490070611908899.
[I 2025-05-15 03:22:48,974] Trial 84 finished with value: 0.5489547762947744 and parameters: {'interp_param': 0.9752818595494139}. Best is trial 82 with value: 0.5490070611908899.
[I 2025-05-15 03:22:56,451] Trial 85 finished with value: 0.5424465211181392 and parameters: {'interp_param': 0.5353290223330707}. Best is trial 82 with value: 0.5490070611908899.
[I 2025-05-15 03:23:03,915] Trial 86 finished with value: 0.5485160340254276 and parameters: {'interp_param': 0.9217873649759749}. Best is trial 82 with value: 0.5490070611908899.
[I 2025-05-15 03:23:11,382] Trial 87 finished with value: 0.5487688874191756 and parameters: {'interp_param': 0.9502950147635986}. Best is trial 82 with value: 0.5490070611908899.
[I 2025-05-15 03:23:18,846] Trial 88 finished with value: 0.5490078970512704 and parameters: {'interp_param': 0.9802802281992894}. Best is trial 88 with value: 0.5490078970512704.
[I 2025-05-15 03:23:26,290] Trial 89 finished with value: 0.5467997664093887 and parameters: {'interp_param': 0.7979987621883309}. Best is trial 88 with value: 0.5490078970512704.
[I 2025-05-15 03:23:33,742] Trial 90 finished with value: 0.548201460644907 and parameters: {'interp_param': 0.9010966635314691}. Best is trial 88 with value: 0.5490078970512704.
[I 2025-05-15 03:23:41,219] Trial 91 finished with value: 0.5489743345833715 and parameters: {'interp_param': 0.9764728256642946}. Best is trial 88 with value: 0.5490078970512704.
[I 2025-05-15 03:23:48,818] Trial 92 finished with value: 0.5489443730695354 and parameters: {'interp_param': 0.9742114204780632}. Best is trial 88 with value: 0.5490078970512704.
[I 2025-05-15 03:23:56,272] Trial 93 finished with value: 0.5487606878258484 and parameters: {'interp_param': 0.948518777760768}. Best is trial 88 with value: 0.5490078970512704.
[I 2025-05-15 03:24:03,724] Trial 94 finished with value: 0.5490063955983648 and parameters: {'interp_param': 0.9817224472377857}. Best is trial 88 with value: 0.5490078970512704.
[I 2025-05-15 03:24:11,182] Trial 95 finished with value: 0.5485341077471875 and parameters: {'interp_param': 0.9232363099910994}. Best is trial 88 with value: 0.5490078970512704.
[I 2025-05-15 03:24:18,649] Trial 96 finished with value: 0.5478829162239938 and parameters: {'interp_param': 0.8786675636877679}. Best is trial 88 with value: 0.5490078970512704.
[I 2025-05-15 03:24:26,111] Trial 97 finished with value: 0.5487915372654419 and parameters: {'interp_param': 0.9550541360042826}. Best is trial 88 with value: 0.5490078970512704.
[I 2025-05-15 03:24:33,578] Trial 98 finished with value: 0.5490078098065841 and parameters: {'interp_param': 0.9803359678765518}. Best is trial 88 with value: 0.5490078970512704.
