[I 2025-05-15 03:24:55,669] Trial 99 finished with value: 0.5326792336539341 and parameters: {'interp_param': 0.8486237629293741}. Best is trial 51 with value: 0.5327960711747778.
Best hyperparameters: {'interp_param': 0.828907914891415}
Best optimized value: 0.5327960711747778
Tuning threshold scale factor for offline LSET using optuna
  0%|          | 0/100 [00:00<?, ?it/s]                                         0%|          | 0/100 [00:06<?, ?it/s]Best trial: 0. Best value: 0.532569:   0%|          | 0/100 [00:06<?, ?it/s]Best trial: 0. Best value: 0.532569:   1%|          | 1/100 [00:06<10:15,  6.21s/it]                                                                                    Best trial: 0. Best value: 0.532569:   1%|          | 1/100 [00:12<10:15,  6.21s/it]Best trial: 0. Best value: 0.532569:   1%|          | 1/100 [00:12<10:15,  6.21s/it]Best trial: 0. Best value: 0.532569:   2%|▏         | 2/100 [00:12<10:04,  6.16s/it]                                                                                    Best trial: 0. Best value: 0.532569:   2%|▏         | 2/100 [00:18<10:04,  6.16s/it]Best trial: 0. Best value: 0.532569:   2%|▏         | 2/100 [00:18<10:04,  6.16s/it]Best trial: 0. Best value: 0.532569:   3%|▎         | 3/100 [00:18<09:57,  6.16s/it]                                                                                    Best trial: 0. Best value: 0.532569:   3%|▎         | 3/100 [00:24<09:57,  6.16s/it]Best trial: 0. Best value: 0.532569:   3%|▎         | 3/100 [00:24<09:57,  6.16s/it]Best trial: 0. Best value: 0.532569:   4%|▍         | 4/100 [00:24<09:50,  6.15s/it]                                                                                    Best trial: 0. Best value: 0.532569:   4%|▍         | 4/100 [00:30<09:50,  6.15s/it]Best trial: 0. Best value: 0.532569:   4%|▍         | 4/100 [00:30<09:50,  6.15s/it]Best trial: 0. Best value: 0.532569:   5%|▌         | 5/100 [00:30<09:42,  6.13s/it]                                                                                    Best trial: 0. Best value: 0.532569:   5%|▌         | 5/100 [00:36<09:42,  6.13s/it]Best trial: 0. Best value: 0.532569:   5%|▌         | 5/100 [00:36<09:42,  6.13s/it]Best trial: 0. Best value: 0.532569:   6%|▌         | 6/100 [00:36<09:36,  6.13s/it]                                                                                    Best trial: 0. Best value: 0.532569:   6%|▌         | 6/100 [00:43<09:36,  6.13s/it]Best trial: 6. Best value: 0.532669:   6%|▌         | 6/100 [00:43<09:36,  6.13s/it]Best trial: 6. Best value: 0.532669:   7%|▋         | 7/100 [00:43<09:30,  6.13s/it]                                                                                    Best trial: 6. Best value: 0.532669:   7%|▋         | 7/100 [00:49<09:30,  6.13s/it]Best trial: 6. Best value: 0.532669:   7%|▋         | 7/100 [00:49<09:30,  6.13s/it]Best trial: 6. Best value: 0.532669:   8%|▊         | 8/100 [00:49<09:24,  6.13s/it]                                                                                    Best trial: 6. Best value: 0.532669:   8%|▊         | 8/100 [00:55<09:24,  6.13s/it]Best trial: 6. Best value: 0.532669:   8%|▊         | 8/100 [00:55<09:24,  6.13s/it]Best trial: 6. Best value: 0.532669:   9%|▉         | 9/100 [00:55<09:22,  6.18s/it]                                                                                    Best trial: 6. Best value: 0.532669:   9%|▉         | 9/100 [01:01<09:22,  6.18s/it]Best trial: 6. Best value: 0.532669:   9%|▉         | 9/100 [01:01<09:22,  6.18s/it]Best trial: 6. Best value: 0.532669:  10%|█         | 10/100 [01:01<09:14,  6.16s/it]                                                                                     Best trial: 6. Best value: 0.532669:  10%|█         | 10/100 [01:07<09:14,  6.16s/it]Best trial: 10. Best value: 0.532817:  10%|█         | 10/100 [01:07<09:14,  6.16s/it]Best trial: 10. Best value: 0.532817:  11%|█         | 11/100 [01:07<09:08,  6.16s/it]                                                                                      Best trial: 10. Best value: 0.532817:  11%|█         | 11/100 [01:13<09:08,  6.16s/it]Best trial: 11. Best value: 0.532875:  11%|█         | 11/100 [01:13<09:08,  6.16s/it]Best trial: 11. Best value: 0.532875:  12%|█▏        | 12/100 [01:13<09:01,  6.15s/it]                                                                                      Best trial: 11. Best value: 0.532875:  12%|█▏        | 12/100 [01:19<09:01,  6.15s/it]Best trial: 11. Best value: 0.532875:  12%|█▏        | 12/100 [01:19<09:01,  6.15s/it]Best trial: 11. Best value: 0.532875:  13%|█▎        | 13/100 [01:19<08:55,  6.15s/it]                                                                                      Best trial: 11. Best value: 0.532875:  13%|█▎        | 13/100 [01:26<08:55,  6.15s/it]Best trial: 11. Best value: 0.532875:  13%|█▎        | 13/100 [01:26<08:55,  6.15s/it]Best trial: 11. Best value: 0.532875:  14%|█▍        | 14/100 [01:26<08:48,  6.15s/it]                                                                                      Best trial: 11. Best value: 0.532875:  14%|█▍        | 14/100 [01:32<08:48,  6.15s/it]Best trial: 11. Best value: 0.532875:  14%|█▍        | 14/100 [01:32<08:48,  6.15s/it]Best trial: 11. Best value: 0.532875:  15%|█▌        | 15/100 [01:32<08:42,  6.15s/it]                                                                                      Best trial: 11. Best value: 0.532875:  15%|█▌        | 15/100 [01:38<08:42,  6.15s/it]Best trial: 11. Best value: 0.532875:  15%|█▌        | 15/100 [01:38<08:42,  6.15s/it]Best trial: 11. Best value: 0.532875:  16%|█▌        | 16/100 [01:38<08:36,  6.15s/it]                                                                                      Best trial: 11. Best value: 0.532875:  16%|█▌        | 16/100 [01:44<08:36,  6.15s/it]Best trial: 16. Best value: 0.532941:  16%|█▌        | 16/100 [01:44<08:36,  6.15s/it]Best trial: 16. Best value: 0.532941:  17%|█▋        | 17/100 [01:44<08:30,  6.15s/it]                                                                                      Best trial: 16. Best value: 0.532941:  17%|█▋        | 17/100 [01:50<08:30,  6.15s/it]Best trial: 16. Best value: 0.532941:  17%|█▋        | 17/100 [01:50<08:30,  6.15s/it]Best trial: 16. Best value: 0.532941:  18%|█▊        | 18/100 [01:50<08:23,  6.14s/it]                                                                                      Best trial: 16. Best value: 0.532941:  18%|█▊        | 18/100 [01:56<08:23,  6.14s/it]Best trial: 16. Best value: 0.532941:  18%|█▊        | 18/100 [01:56<08:23,  6.14s/it]Best trial: 16. Best value: 0.532941:  19%|█▉        | 19/100 [01:56<08:17,  6.15s/it]                                                                                      Best trial: 16. Best value: 0.532941:  19%|█▉        | 19/100 [02:02<08:17,  6.15s/it]Best trial: 16. Best value: 0.532941:  19%|█▉        | 19/100 [02:02<08:17,  6.15s/it]Best trial: 16. Best value: 0.532941:  20%|██        | 20/100 [02:02<08:11,  6.15s/it]                                                                                      Best trial: 16. Best value: 0.532941:  20%|██        | 20/100 [02:09<08:11,  6.15s/it]Best trial: 16. Best value: 0.532941:  20%|██        | 20/100 [02:09<08:11,  6.15s/it]Best trial: 16. Best value: 0.532941:  21%|██        | 21/100 [02:09<08:05,  6.14s/it]                                                                                      Best trial: 16. Best value: 0.532941:  21%|██        | 21/100 [02:15<08:05,  6.14s/it]Best trial: 16. Best value: 0.532941:  21%|██        | 21/100 [02:15<08:05,  6.14s/it]Best trial: 16. Best value: 0.532941:  22%|██▏       | 22/100 [02:15<07:58,  6.14s/it]                                                                                      Best trial: 16. Best value: 0.532941:  22%|██▏       | 22/100 [02:21<07:58,  6.14s/it]Best trial: 16. Best value: 0.532941:  22%|██▏       | 22/100 [02:21<07:58,  6.14s/it]Best trial: 16. Best value: 0.532941:  23%|██▎       | 23/100 [02:21<07:53,  6.15s/it]                                                                                      Best trial: 16. Best value: 0.532941:  23%|██▎       | 23/100 [02:27<07:53,  6.15s/it]Best trial: 16. Best value: 0.532941:  23%|██▎       | 23/100 [02:27<07:53,  6.15s/it]Best trial: 16. Best value: 0.532941:  24%|██▍       | 24/100 [02:27<07:46,  6.14s/it]                                                                                      Best trial: 16. Best value: 0.532941:  24%|██▍       | 24/100 [02:33<07:46,  6.14s/it]Best trial: 16. Best value: 0.532941:  24%|██▍       | 24/100 [02:33<07:46,  6.14s/it]Best trial: 16. Best value: 0.532941:  25%|██▌       | 25/100 [02:33<07:43,  6.18s/it]                                                                                      Best trial: 16. Best value: 0.532941:  25%|██▌       | 25/100 [02:39<07:43,  6.18s/it]Best trial: 16. Best value: 0.532941:  25%|██▌       | 25/100 [02:39<07:43,  6.18s/it]Best trial: 16. Best value: 0.532941:  26%|██▌       | 26/100 [02:39<07:36,  6.17s/it]                                                                                      Best trial: 16. Best value: 0.532941:  26%|██▌       | 26/100 [02:46<07:36,  6.17s/it]Best trial: 16. Best value: 0.532941:  26%|██▌       | 26/100 [02:46<07:36,  6.17s/it]Best trial: 16. Best value: 0.532941:  27%|██▋       | 27/100 [02:46<07:29,  6.15s/it]                                                                                      Best trial: 16. Best value: 0.532941:  27%|██▋       | 27/100 [02:52<07:29,  6.15s/it]Best trial: 16. Best value: 0.532941:  27%|██▋       | 27/100 [02:52<07:29,  6.15s/it]Best trial: 16. Best value: 0.532941:  28%|██▊       | 28/100 [02:52<07:22,  6.14s/it]                                                                                      Best trial: 16. Best value: 0.532941:  28%|██▊       | 28/100 [02:58<07:22,  6.14s/it]Best trial: 16. Best value: 0.532941:  28%|██▊       | 28/100 [02:58<07:22,  6.14s/it]Best trial: 16. Best value: 0.532941:  29%|██▉       | 29/100 [02:58<07:15,  6.14s/it]                                                                                      Best trial: 16. Best value: 0.532941:  29%|██▉       | 29/100 [03:04<07:15,  6.14s/it]Best trial: 16. Best value: 0.532941:  29%|██▉       | 29/100 [03:04<07:15,  6.14s/it]Best trial: 16. Best value: 0.532941:  30%|███       | 30/100 [03:04<07:10,  6.14s/it]                                                                                      Best trial: 16. Best value: 0.532941:  30%|███       | 30/100 [03:10<07:10,  6.14s/it]Best trial: 16. Best value: 0.532941:  30%|███       | 30/100 [03:10<07:10,  6.14s/it]Best trial: 16. Best value: 0.532941:  31%|███       | 31/100 [03:10<07:04,  6.15s/it]                                                                                      Best trial: 16. Best value: 0.532941:  31%|███       | 31/100 [03:16<07:04,  6.15s/it]Best trial: 31. Best value: 0.53296:  31%|███       | 31/100 [03:16<07:04,  6.15s/it] Best trial: 31. Best value: 0.53296:  32%|███▏      | 32/100 [03:16<06:58,  6.16s/it]                                                                                     Best trial: 31. Best value: 0.53296:  32%|███▏      | 32/100 [03:22<06:58,  6.16s/it]Best trial: 31. Best value: 0.53296:  32%|███▏      | 32/100 [03:22<06:58,  6.16s/it]Best trial: 31. Best value: 0.53296:  33%|███▎      | 33/100 [03:22<06:52,  6.15s/it]                                                                                     Best trial: 31. Best value: 0.53296:  33%|███▎      | 33/100 [03:29<06:52,  6.15s/it]Best trial: 31. Best value: 0.53296:  33%|███▎      | 33/100 [03:29<06:52,  6.15s/it]Best trial: 31. Best value: 0.53296:  34%|███▍      | 34/100 [03:29<06:45,  6.15s/it]                                                                                     Best trial: 31. Best value: 0.53296:  34%|███▍      | 34/100 [03:35<06:45,  6.15s/it]Best trial: 31. Best value: 0.53296:  34%|███▍      | 34/100 [03:35<06:45,  6.15s/it]Best trial: 31. Best value: 0.53296:  35%|███▌      | 35/100 [03:35<06:39,  6.14s/it]                                                                                     Best trial: 31. Best value: 0.53296:  35%|███▌      | 35/100 [03:41<06:39,  6.14s/it]Best trial: 31. Best value: 0.53296:  35%|███▌      | 35/100 [03:41<06:39,  6.14s/it]Best trial: 31. Best value: 0.53296:  36%|███▌      | 36/100 [03:41<06:32,  6.14s/it]                                                                                     Best trial: 31. Best value: 0.53296:  36%|███▌      | 36/100 [03:47<06:32,  6.14s/it]Best trial: 31. Best value: 0.53296:  36%|███▌      | 36/100 [03:47<06:32,  6.14s/it]Best trial: 31. Best value: 0.53296:  37%|███▋      | 37/100 [03:47<06:26,  6.14s/it]                                                                                     Best trial: 31. Best value: 0.53296:  37%|███▋      | 37/100 [03:53<06:26,  6.14s/it]Best trial: 31. Best value: 0.53296:  37%|███▋      | 37/100 [03:53<06:26,  6.14s/it]Best trial: 31. Best value: 0.53296:  38%|███▊      | 38/100 [03:53<06:20,  6.14s/it]                                                                                     Best trial: 31. Best value: 0.53296:  38%|███▊      | 38/100 [03:59<06:20,  6.14s/it]Best trial: 31. Best value: 0.53296:  38%|███▊      | 38/100 [03:59<06:20,  6.14s/it]Best trial: 31. Best value: 0.53296:  39%|███▉      | 39/100 [03:59<06:14,  6.14s/it]                                                                                     Best trial: 31. Best value: 0.53296:  39%|███▉      | 39/100 [04:05<06:14,  6.14s/it]Best trial: 31. Best value: 0.53296:  39%|███▉      | 39/100 [04:05<06:14,  6.14s/it]Best trial: 31. Best value: 0.53296:  40%|████      | 40/100 [04:05<06:08,  6.14s/it]                                                                                     Best trial: 31. Best value: 0.53296:  40%|████      | 40/100 [04:12<06:08,  6.14s/it]Best trial: 31. Best value: 0.53296:  40%|████      | 40/100 [04:12<06:08,  6.14s/it]Best trial: 31. Best value: 0.53296:  41%|████      | 41/100 [04:12<06:02,  6.15s/it]                                                                                     Best trial: 31. Best value: 0.53296:  41%|████      | 41/100 [04:18<06:02,  6.15s/it]Best trial: 31. Best value: 0.53296:  41%|████      | 41/100 [04:18<06:02,  6.15s/it]Best trial: 31. Best value: 0.53296:  42%|████▏     | 42/100 [04:18<06:06,  6.33s/it]                                                                                     Best trial: 31. Best value: 0.53296:  42%|████▏     | 42/100 [04:24<06:06,  6.33s/it]Best trial: 31. Best value: 0.53296:  42%|████▏     | 42/100 [04:24<06:06,  6.33s/it]Best trial: 31. Best value: 0.53296:  43%|████▎     | 43/100 [04:24<05:57,  6.27s/it]                                                                                     Best trial: 31. Best value: 0.53296:  43%|████▎     | 43/100 [04:31<05:57,  6.27s/it]Best trial: 31. Best value: 0.53296:  43%|████▎     | 43/100 [04:31<05:57,  6.27s/it]Best trial: 31. Best value: 0.53296:  44%|████▍     | 44/100 [04:31<05:48,  6.23s/it]                                                                                     Best trial: 31. Best value: 0.53296:  44%|████▍     | 44/100 [04:37<05:48,  6.23s/it]Best trial: 31. Best value: 0.53296:  44%|████▍     | 44/100 [04:37<05:48,  6.23s/it]Best trial: 31. Best value: 0.53296:  45%|████▌     | 45/100 [04:37<05:41,  6.20s/it]                                                                                     Best trial: 31. Best value: 0.53296:  45%|████▌     | 45/100 [04:43<05:41,  6.20s/it]Best trial: 31. Best value: 0.53296:  45%|████▌     | 45/100 [04:43<05:41,  6.20s/it]Best trial: 31. Best value: 0.53296:  46%|████▌     | 46/100 [04:43<05:34,  6.19s/it]                                                                                     Best trial: 31. Best value: 0.53296:  46%|████▌     | 46/100 [04:49<05:34,  6.19s/it]Best trial: 46. Best value: 0.532973:  46%|████▌     | 46/100 [04:49<05:34,  6.19s/it]Best trial: 46. Best value: 0.532973:  47%|████▋     | 47/100 [04:49<05:28,  6.19s/it]                                                                                      Best trial: 46. Best value: 0.532973:  47%|████▋     | 47/100 [04:55<05:28,  6.19s/it]Best trial: 46. Best value: 0.532973:  47%|████▋     | 47/100 [04:55<05:28,  6.19s/it]Best trial: 46. Best value: 0.532973:  48%|████▊     | 48/100 [04:55<05:20,  6.17s/it]                                                                                      Best trial: 46. Best value: 0.532973:  48%|████▊     | 48/100 [05:01<05:20,  6.17s/it]Best trial: 46. Best value: 0.532973:  48%|████▊     | 48/100 [05:01<05:20,  6.17s/it]Best trial: 46. Best value: 0.532973:  49%|████▉     | 49/100 [05:01<05:14,  6.16s/it]                                                                                      Best trial: 46. Best value: 0.532973:  49%|████▉     | 49/100 [05:07<05:14,  6.16s/it]Best trial: 46. Best value: 0.532973:  49%|████▉     | 49/100 [05:07<05:14,  6.16s/it]Best trial: 46. Best value: 0.532973:  50%|█████     | 50/100 [05:07<05:07,  6.16s/it]                                                                                      Best trial: 46. Best value: 0.532973:  50%|█████     | 50/100 [05:14<05:07,  6.16s/it]Best trial: 46. Best value: 0.532973:  50%|█████     | 50/100 [05:14<05:07,  6.16s/it]Best trial: 46. Best value: 0.532973:  51%|█████     | 51/100 [05:14<05:01,  6.15s/it]                                                                                      Best trial: 46. Best value: 0.532973:  51%|█████     | 51/100 [05:20<05:01,  6.15s/it]Best trial: 46. Best value: 0.532973:  51%|█████     | 51/100 [05:20<05:01,  6.15s/it]Best trial: 46. Best value: 0.532973:  52%|█████▏    | 52/100 [05:20<04:54,  6.15s/it]                                                                                      Best trial: 46. Best value: 0.532973:  52%|█████▏    | 52/100 [05:26<04:54,  6.15s/it]Best trial: 46. Best value: 0.532973:  52%|█████▏    | 52/100 [05:26<04:54,  6.15s/it]Best trial: 46. Best value: 0.532973:  53%|█████▎    | 53/100 [05:26<04:47,  6.12s/it]                                                                                      Best trial: 46. Best value: 0.532973:  53%|█████▎    | 53/100 [05:32<04:47,  6.12s/it]Best trial: 46. Best value: 0.532973:  53%|█████▎    | 53/100 [05:32<04:47,  6.12s/it]Best trial: 46. Best value: 0.532973:  54%|█████▍    | 54/100 [05:32<04:41,  6.12s/it]                                                                                      Best trial: 46. Best value: 0.532973:  54%|█████▍    | 54/100 [05:38<04:41,  6.12s/it]Best trial: 46. Best value: 0.532973:  54%|█████▍    | 54/100 [05:38<04:41,  6.12s/it]Best trial: 46. Best value: 0.532973:  55%|█████▌    | 55/100 [05:38<04:35,  6.12s/it]                                                                                      Best trial: 46. Best value: 0.532973:  55%|█████▌    | 55/100 [05:44<04:35,  6.12s/it]Best trial: 46. Best value: 0.532973:  55%|█████▌    | 55/100 [05:44<04:35,  6.12s/it]Best trial: 46. Best value: 0.532973:  56%|█████▌    | 56/100 [05:44<04:29,  6.12s/it]                                                                                      Best trial: 46. Best value: 0.532973:  56%|█████▌    | 56/100 [05:50<04:29,  6.12s/it]Best trial: 46. Best value: 0.532973:  56%|█████▌    | 56/100 [05:50<04:29,  6.12s/it]Best trial: 46. Best value: 0.532973:  57%|█████▋    | 57/100 [05:50<04:23,  6.12s/it]                                                                                      Best trial: 46. Best value: 0.532973:  57%|█████▋    | 57/100 [05:56<04:23,  6.12s/it]Best trial: 46. Best value: 0.532973:  57%|█████▋    | 57/100 [05:56<04:23,  6.12s/it]Best trial: 46. Best value: 0.532973:  58%|█████▊    | 58/100 [05:56<04:17,  6.13s/it]                                                                                      Best trial: 46. Best value: 0.532973:  58%|█████▊    | 58/100 [06:03<04:17,  6.13s/it]Best trial: 46. Best value: 0.532973:  58%|█████▊    | 58/100 [06:03<04:17,  6.13s/it]Best trial: 46. Best value: 0.532973:  59%|█████▉    | 59/100 [06:03<04:13,  6.18s/it]                                                                                      Best trial: 46. Best value: 0.532973:  59%|█████▉    | 59/100 [06:09<04:13,  6.18s/it]Best trial: 46. Best value: 0.532973:  59%|█████▉    | 59/100 [06:09<04:13,  6.18s/it]Best trial: 46. Best value: 0.532973:  60%|██████    | 60/100 [06:09<04:06,  6.17s/it]                                                                                      Best trial: 46. Best value: 0.532973:  60%|██████    | 60/100 [06:15<04:06,  6.17s/it]Best trial: 46. Best value: 0.532973:  60%|██████    | 60/100 [06:15<04:06,  6.17s/it]Best trial: 46. Best value: 0.532973:  61%|██████    | 61/100 [06:15<04:00,  6.16s/it]                                                                                      Best trial: 46. Best value: 0.532973:  61%|██████    | 61/100 [06:21<04:00,  6.16s/it]Best trial: 46. Best value: 0.532973:  61%|██████    | 61/100 [06:21<04:00,  6.16s/it]Best trial: 46. Best value: 0.532973:  62%|██████▏   | 62/100 [06:21<03:53,  6.15s/it]                                                                                      Best trial: 46. Best value: 0.532973:  62%|██████▏   | 62/100 [06:27<03:53,  6.15s/it]Best trial: 46. Best value: 0.532973:  62%|██