[I 2025-05-15 03:12:22,736] Trial 0 finished with value: 0.5284565838076677 and parameters: {'interp_param': 0.40451678563031546}. Best is trial 0 with value: 0.5284565838076677.
[I 2025-05-15 03:12:30,288] Trial 1 finished with value: 0.5298608433183938 and parameters: {'interp_param': 0.570357965110927}. Best is trial 1 with value: 0.5298608433183938.
[I 2025-05-15 03:12:37,846] Trial 2 finished with value: 0.5283626029874269 and parameters: {'interp_param': 0.39700994554391666}. Best is trial 1 with value: 0.5298608433183938.
[I 2025-05-15 03:12:45,408] Trial 3 finished with value: 0.5299796916885364 and parameters: {'interp_param': 0.589529017155293}. Best is trial 3 with value: 0.5299796916885364.
[I 2025-05-15 03:12:53,110] Trial 4 finished with value: 0.5279926503387768 and parameters: {'interp_param': 0.3660538459101922}. Best is trial 3 with value: 0.5299796916885364.
[I 2025-05-15 03:13:00,670] Trial 5 finished with value: 0.5324181553377565 and parameters: {'interp_param': 0.784345740350262}. Best is trial 5 with value: 0.5324181553377565.
[I 2025-05-15 03:13:08,242] Trial 6 finished with value: 0.5289310316684139 and parameters: {'interp_param': 0.4499384876596261}. Best is trial 5 with value: 0.5324181553377565.
[I 2025-05-15 03:13:15,815] Trial 7 finished with value: 0.5275984183382703 and parameters: {'interp_param': 0.3319384839296734}. Best is trial 5 with value: 0.5324181553377565.
[I 2025-05-15 03:13:23,797] Trial 8 finished with value: 0.5319964862906232 and parameters: {'interp_param': 0.9075574444921023}. Best is trial 5 with value: 0.5324181553377565.
[I 2025-05-15 03:13:31,605] Trial 9 finished with value: 0.5293320814189926 and parameters: {'interp_param': 0.9896912662620059}. Best is trial 5 with value: 0.5324181553377565.
[I 2025-05-15 03:13:39,292] Trial 10 finished with value: 0.5232377094048365 and parameters: {'interp_param': 0.008355996986257885}. Best is trial 5 with value: 0.5324181553377565.
[I 2025-05-15 03:13:46,885] Trial 11 finished with value: 0.5311211927192903 and parameters: {'interp_param': 0.9412029740949434}. Best is trial 5 with value: 0.5324181553377565.
[I 2025-05-15 03:13:55,451] Trial 12 finished with value: 0.5325008337496218 and parameters: {'interp_param': 0.7891068005063646}. Best is trial 12 with value: 0.5325008337496218.
[I 2025-05-15 03:14:03,045] Trial 13 finished with value: 0.5322401198910849 and parameters: {'interp_param': 0.7735382312330625}. Best is trial 12 with value: 0.5325008337496218.
[I 2025-05-15 03:14:10,649] Trial 14 finished with value: 0.5314189729048963 and parameters: {'interp_param': 0.7198479309978107}. Best is trial 12 with value: 0.5325008337496218.
[I 2025-05-15 03:14:18,222] Trial 15 finished with value: 0.532283944866987 and parameters: {'interp_param': 0.7759757848661297}. Best is trial 12 with value: 0.5325008337496218.
[I 2025-05-15 03:14:25,790] Trial 16 finished with value: 0.5306831315213645 and parameters: {'interp_param': 0.660852509482592}. Best is trial 12 with value: 0.5325008337496218.
[I 2025-05-15 03:14:33,648] Trial 17 finished with value: 0.5327239479627662 and parameters: {'interp_param': 0.8419698155667475}. Best is trial 17 with value: 0.5327239479627662.
[I 2025-05-15 03:14:41,359] Trial 18 finished with value: 0.5259851008590788 and parameters: {'interp_param': 0.20791088254827395}. Best is trial 17 with value: 0.5327239479627662.
[I 2025-05-15 03:14:48,937] Trial 19 finished with value: 0.5327524066165243 and parameters: {'interp_param': 0.837489798520368}. Best is trial 19 with value: 0.5327524066165243.
[I 2025-05-15 03:14:56,514] Trial 20 finished with value: 0.5324729576652196 and parameters: {'interp_param': 0.8721919834303545}. Best is trial 19 with value: 0.5327524066165243.
[I 2025-05-15 03:15:04,097] Trial 21 finished with value: 0.5327403809215572 and parameters: {'interp_param': 0.8394911196444912}. Best is trial 19 with value: 0.5327524066165243.
[I 2025-05-15 03:15:11,676] Trial 22 finished with value: 0.5326314263802602 and parameters: {'interp_param': 0.8566663159465144}. Best is trial 19 with value: 0.5327524066165243.
[I 2025-05-15 03:15:19,228] Trial 23 finished with value: 0.5307392805127735 and parameters: {'interp_param': 0.6654089522401136}. Best is trial 19 with value: 0.5327524066165243.
[I 2025-05-15 03:15:26,741] Trial 24 finished with value: 0.5296041075361115 and parameters: {'interp_param': 0.9833385147842093}. Best is trial 19 with value: 0.5327524066165243.
[I 2025-05-15 03:15:34,311] Trial 25 finished with value: 0.5296362980109619 and parameters: {'interp_param': 0.5361431707590757}. Best is trial 19 with value: 0.5327524066165243.
[I 2025-05-15 03:15:41,862] Trial 26 finished with value: 0.532620377262909 and parameters: {'interp_param': 0.8579711024812331}. Best is trial 19 with value: 0.5327524066165243.
[I 2025-05-15 03:15:49,436] Trial 27 finished with value: 0.5305297539559133 and parameters: {'interp_param': 0.6479149313110738}. Best is trial 19 with value: 0.5327524066165243.
[I 2025-05-15 03:15:56,992] Trial 28 finished with value: 0.5314162711339698 and parameters: {'interp_param': 0.7196921733711326}. Best is trial 19 with value: 0.5327524066165243.
[I 2025-05-15 03:16:04,552] Trial 29 finished with value: 0.5317395070675232 and parameters: {'interp_param': 0.92132383570532}. Best is trial 19 with value: 0.5327524066165243.
[I 2025-05-15 03:16:12,114] Trial 30 finished with value: 0.5327103940786188 and parameters: {'interp_param': 0.843536334053376}. Best is trial 19 with value: 0.5327524066165243.
[I 2025-05-15 03:16:19,674] Trial 31 finished with value: 0.5327683076641643 and parameters: {'interp_param': 0.8345597252247147}. Best is trial 31 with value: 0.5327683076641643.
[I 2025-05-15 03:16:27,222] Trial 32 finished with value: 0.5315251285803742 and parameters: {'interp_param': 0.7260195887362316}. Best is trial 31 with value: 0.5327683076641643.
[I 2025-05-15 03:16:34,940] Trial 33 finished with value: 0.5327871806598231 and parameters: {'interp_param': 0.83092099752741}. Best is trial 33 with value: 0.5327871806598231.
[I 2025-05-15 03:16:42,500] Trial 34 finished with value: 0.5302340493495346 and parameters: {'interp_param': 0.6173583872748315}. Best is trial 33 with value: 0.5327871806598231.
[I 2025-05-15 03:16:50,082] Trial 35 finished with value: 0.5312257976908301 and parameters: {'interp_param': 0.9378754826878696}. Best is trial 33 with value: 0.5327871806598231.
[I 2025-05-15 03:16:57,665] Trial 36 finished with value: 0.5292075114860444 and parameters: {'interp_param': 0.479565506387731}. Best is trial 33 with value: 0.5327871806598231.
[I 2025-05-15 03:17:05,245] Trial 37 finished with value: 0.5297429222748349 and parameters: {'interp_param': 0.5534629366401511}. Best is trial 33 with value: 0.5327871806598231.
[I 2025-05-15 03:17:12,816] Trial 38 finished with value: 0.5326944240795335 and parameters: {'interp_param': 0.8039882840680815}. Best is trial 33 with value: 0.5327871806598231.
[I 2025-05-15 03:17:20,377] Trial 39 finished with value: 0.5317219779214657 and parameters: {'interp_param': 0.7399134058465201}. Best is trial 33 with value: 0.5327871806598231.
[I 2025-05-15 03:17:27,935] Trial 40 finished with value: 0.5293081313454678 and parameters: {'interp_param': 0.990260438457103}. Best is trial 33 with value: 0.5327871806598231.
[I 2025-05-15 03:17:35,525] Trial 41 finished with value: 0.5321189778299995 and parameters: {'interp_param': 0.8997313522324369}. Best is trial 33 with value: 0.5327871806598231.
[I 2025-05-15 03:17:43,101] Trial 42 finished with value: 0.5327845984985471 and parameters: {'interp_param': 0.8206656932309269}. Best is trial 33 with value: 0.5327871806598231.
[I 2025-05-15 03:17:50,674] Trial 43 finished with value: 0.5327848137959177 and parameters: {'interp_param': 0.8206957638046626}. Best is trial 33 with value: 0.5327871806598231.
[I 2025-05-15 03:17:58,262] Trial 44 finished with value: 0.5310176234266054 and parameters: {'interp_param': 0.6851819543408135}. Best is trial 33 with value: 0.5327871806598231.
[I 2025-05-15 03:18:05,845] Trial 45 finished with value: 0.5327364577250245 and parameters: {'interp_param': 0.8100865115059771}. Best is trial 33 with value: 0.5327871806598231.
[I 2025-05-15 03:18:13,421] Trial 46 finished with value: 0.5321840778447748 and parameters: {'interp_param': 0.896526822915643}. Best is trial 33 with value: 0.5327871806598231.
[I 2025-05-15 03:18:21,001] Trial 47 finished with value: 0.5269516312645555 and parameters: {'interp_param': 0.27903702614795317}. Best is trial 33 with value: 0.5327871806598231.
[I 2025-05-15 03:18:28,744] Trial 48 finished with value: 0.5318521723223268 and parameters: {'interp_param': 0.7493712821917473}. Best is trial 33 with value: 0.5327871806598231.
[I 2025-05-15 03:18:36,321] Trial 49 finished with value: 0.5309117576286332 and parameters: {'interp_param': 0.9480598384378744}. Best is trial 33 with value: 0.5327871806598231.
[I 2025-05-15 03:18:43,907] Trial 50 finished with value: 0.5327123613055745 and parameters: {'interp_param': 0.8066617819556382}. Best is trial 33 with value: 0.5327871806598231.
[I 2025-05-15 03:18:51,486] Trial 51 finished with value: 0.5327960711747778 and parameters: {'interp_param': 0.828907914891415}. Best is trial 51 with value: 0.5327960711747778.
[I 2025-05-15 03:18:59,065] Trial 52 finished with value: 0.5311132309380914 and parameters: {'interp_param': 0.6937410521690559}. Best is trial 51 with value: 0.5327960711747778.
[I 2025-05-15 03:19:06,654] Trial 53 finished with value: 0.5321297300339832 and parameters: {'interp_param': 0.766938212095863}. Best is trial 51 with value: 0.5327960711747778.
[I 2025-05-15 03:19:14,236] Trial 54 finished with value: 0.5327475617220976 and parameters: {'interp_param': 0.8121624034675672}. Best is trial 51 with value: 0.5327960711747778.
[I 2025-05-15 03:19:21,799] Trial 55 finished with value: 0.5323190383384109 and parameters: {'interp_param': 0.8873543671897375}. Best is trial 51 with value: 0.5327960711747778.
[I 2025-05-15 03:19:29,372] Trial 56 finished with value: 0.5247530117006382 and parameters: {'interp_param': 0.12464730127637924}. Best is trial 51 with value: 0.5327960711747778.
[I 2025-05-15 03:19:36,943] Trial 57 finished with value: 0.5302996840898058 and parameters: {'interp_param': 0.6237215436826318}. Best is trial 51 with value: 0.5327960711747778.
[I 2025-05-15 03:19:44,515] Trial 58 finished with value: 0.530909265526388 and parameters: {'interp_param': 0.9481158685402982}. Best is trial 51 with value: 0.5327960711747778.
[I 2025-05-15 03:19:52,107] Trial 59 finished with value: 0.5327739968620057 and parameters: {'interp_param': 0.8334905184236435}. Best is trial 51 with value: 0.5327960711747778.
[I 2025-05-15 03:19:59,674] Trial 60 finished with value: 0.5322307706379416 and parameters: {'interp_param': 0.7729818409582897}. Best is trial 51 with value: 0.5327960711747778.
[I 2025-05-15 03:20:07,233] Trial 61 finished with value: 0.5327749762539664 and parameters: {'interp_param': 0.832979151562871}. Best is trial 51 with value: 0.5327960711747778.
[I 2025-05-15 03:20:14,799] Trial 62 finished with value: 0.5324201704085725 and parameters: {'interp_param': 0.8771878061467008}. Best is trial 51 with value: 0.5327960711747778.
[I 2025-05-15 03:20:22,495] Trial 63 finished with value: 0.5286693595255015 and parameters: {'interp_param': 0.4240191088352603}. Best is trial 51 with value: 0.5327960711747778.
[I 2025-05-15 03:20:30,087] Trial 64 finished with value: 0.5327950777110934 and parameters: {'interp_param': 0.8257330081662704}. Best is trial 51 with value: 0.5327960711747778.
[I 2025-05-15 03:20:37,658] Trial 65 finished with value: 0.5312168382244299 and parameters: {'interp_param': 0.7050426257760956}. Best is trial 51 with value: 0.5327960711747778.
[I 2025-05-15 03:20:45,236] Trial 66 finished with value: 0.5323819614575491 and parameters: {'interp_param': 0.7823121542457757}. Best is trial 51 with value: 0.5327960711747778.
[I 2025-05-15 03:20:52,805] Trial 67 finished with value: 0.5318075227434231 and parameters: {'interp_param': 0.9172986724869103}. Best is trial 51 with value: 0.5327960711747778.
[I 2025-05-15 03:21:00,387] Trial 68 finished with value: 0.5325053549944065 and parameters: {'interp_param': 0.8697083569197945}. Best is trial 51 with value: 0.5327960711747778.
[I 2025-05-15 03:21:07,974] Trial 69 finished with value: 0.5317881136150961 and parameters: {'interp_param': 0.7449431151596441}. Best is trial 51 with value: 0.5327960711747778.
[I 2025-05-15 03:21:15,535] Trial 70 finished with value: 0.5306000900590309 and parameters: {'interp_param': 0.9575010007367346}. Best is trial 51 with value: 0.5327960711747778.
[I 2025-05-15 03:21:23,116] Trial 71 finished with value: 0.532764107254677 and parameters: {'interp_param': 0.835396741038834}. Best is trial 51 with value: 0.5327960711747778.
[I 2025-05-15 03:21:30,674] Trial 72 finished with value: 0.532796005037677 and parameters: {'interp_param': 0.8287660174159158}. Best is trial 51 with value: 0.5327960711747778.
[I 2025-05-15 03:21:38,261] Trial 73 finished with value: 0.5327946893315227 and parameters: {'interp_param': 0.8243859941470549}. Best is trial 51 with value: 0.5327960711747778.
[I 2025-05-15 03:21:45,817] Trial 74 finished with value: 0.5326811530370297 and parameters: {'interp_param': 0.8023033536203528}. Best is trial 51 with value: 0.5327960711747778.
[I 2025-05-15 03:21:53,389] Trial 75 finished with value: 0.5325891211505042 and parameters: {'interp_param': 0.861232450171093}. Best is trial 51 with value: 0.5327960711747778.
[I 2025-05-15 03:22:00,961] Trial 76 finished with value: 0.5319288083360891 and parameters: {'interp_param': 0.754150372037325}. Best is trial 51 with value: 0.5327960711747778.
[I 2025-05-15 03:22:08,680] Trial 77 finished with value: 0.5318526254318261 and parameters: {'interp_param': 0.9147673305824924}. Best is trial 51 with value: 0.5327960711747778.
[I 2025-05-15 03:22:16,275] Trial 78 finished with value: 0.5327955899218316 and parameters: {'interp_param': 0.8248233097774721}. Best is trial 51 with value: 0.5327960711747778.
[I 2025-05-15 03:22:23,865] Trial 79 finished with value: 0.5301419991697683 and parameters: {'interp_param': 0.9695331993677322}. Best is trial 51 with value: 0.5327960711747778.
[I 2025-05-15 03:22:31,441] Trial 80 finished with value: 0.5313471325345285 and parameters: {'interp_param': 0.7150762401345879}. Best is trial 51 with value: 0.5327960711747778.
[I 2025-05-15 03:22:39,047] Trial 81 finished with value: 0.5325455705732116 and parameters: {'interp_param': 0.7915838115014432}. Best is trial 51 with value: 0.5327960711747778.
[I 2025-05-15 03:22:46,604] Trial 82 finished with value: 0.5327872383538899 and parameters: {'interp_param': 0.8216214785139457}. Best is trial 51 with value: 0.5327960711747778.
[I 2025-05-15 03:22:54,207] Trial 83 finished with value: 0.5324012101682275 and parameters: {'interp_param': 0.8792372555591323}. Best is trial 51 with value: 0.5327960711747778.
[I 2025-05-15 03:23:01,782] Trial 84 finished with value: 0.5327868007232865 and parameters: {'interp_param': 0.8215979735472977}. Best is trial 51 with value: 0.5327960711747778.
[I 2025-05-15 03:23:09,381] Trial 85 finished with value: 0.5326531052775999 and parameters: {'interp_param': 0.8531962014879994}. Best is trial 51 with value: 0.5327960711747778.
[I 2025-05-15 03:23:16,953] Trial 86 finished with value: 0.532424852071006 and parameters: {'interp_param': 0.7847174876852862}. Best is trial 51 with value: 0.5327960711747778.
[I 2025-05-15 03:23:24,534] Trial 87 finished with value: 0.5307630560969261 and parameters: {'interp_param': 0.6671805163793448}. Best is trial 51 with value: 0.5327960711747778.
[I 2025-05-15 03:23:32,112] Trial 88 finished with value: 0.5320903221721113 and parameters: {'interp_param': 0.9014614673585858}. Best is trial 51 with value: 0.5327960711747778.
[I 2025-05-15 03:23:39,692] Trial 89 finished with value: 0.5314437405455608 and parameters: {'interp_param': 0.9318046393200948}. Best is trial 51 with value: 0.5327960711747778.
[I 2025-05-15 03:23:47,244] Trial 90 finished with value: 0.5316238895651134 and parameters: {'interp_param': 0.7330020843087165}. Best is trial 51 with value: 0.5327960711747778.
[I 2025-05-15 03:23:54,820] Trial 91 finished with value: 0.5327500918179964 and parameters: {'interp_param': 0.8130581536175823}. Best is trial 51 with value: 0.5327960711747778.
[I 2025-05-15 03:24:02,567] Trial 92 finished with value: 0.5327902243736324 and parameters: {'interp_param': 0.8224823542805899}. Best is trial 51 with value: 0.5327960711747778.
[I 2025-05-15 03:24:10,159] Trial 93 finished with value: 0.5326375715019455 and parameters: {'interp_param': 0.8558987918090394}. Best is trial 51 with value: 0.5327960711747778.
[I 2025-05-15 03:24:17,750] Trial 94 finished with value: 0.5319681176958959 and parameters: {'interp_param': 0.7568785037372868}. Best is trial 51 with value: 0.5327960711747778.
[I 2025-05-15 03:24:25,349] Trial 95 finished with value: 0.532786007078077 and parameters: {'interp_param': 0.8214440644317992}. Best is trial 51 with value: 0.5327960711747778.
[I 2025-05-15 03:24:32,926] Trial 96 finished with value: 0.5325880277775823 and parameters: {'interp_param': 0.7942002597773536}. Best is trial 51 with value: 0.5327960711747778.
[I 2025-05-15 03:24:40,510] Trial 97 finished with value: 0.5321620978125505 and parameters: {'interp_param': 0.7688920297484401}. Best is trial 51 with value: 0.5327960711747778.
[I 2025-05-15 03:24:48,080] Trial 98 finished with value: 0.5323912389449021 and parameters: {'interp_param': 0.8799802987416115}. Best is trial 51 with value: 0.5327960711747778.
