[I 2025-05-15 03:34:47,624] Trial 99 finished with value: 0.5429197700680368 and parameters: {'threshold_scale_factor': 0.9018841743492148}. Best is trial 72 with value: 0.5432322326900211.
Best hyperparameters: {'threshold_scale_factor': 0.9617591157437637}
Best optimized value: 0.5432322326900211
Running audit 1/1
Training a GraphSAGE target model on github...
Training GraphSAGE on cuda:   0%|          | 0/300 [00:00<?, ?it/s]Training GraphSAGE on cuda:   5%|▍         | 14/300 [00:00<00:02, 136.14it/s]Training GraphSAGE on cuda:   9%|▉         | 28/300 [00:00<00:01, 136.57it/s]Training GraphSAGE on cuda:  14%|█▍        | 43/300 [00:00<00:01, 140.88it/s]Training GraphSAGE on cuda:  20%|██        | 60/300 [00:00<00:01, 149.37it/s]Training GraphSAGE on cuda:  26%|██▌       | 77/300 [00:00<00:01, 154.17it/s]Training GraphSAGE on cuda:  31%|███▏      | 94/300 [00:00<00:01, 156.28it/s]Training GraphSAGE on cuda:  37%|███▋      | 111/300 [00:00<00:01, 157.97it/s]Training GraphSAGE on cuda:  43%|████▎     | 128/300 [00:00<00:01, 159.23it/s]Training GraphSAGE on cuda:  48%|████▊     | 145/300 [00:00<00:00, 160.17it/s]Training GraphSAGE on cuda:  54%|█████▍    | 162/300 [00:01<00:00, 160.37it/s]Training GraphSAGE on cuda:  60%|█████▉    | 179/300 [00:01<00:00, 160.63it/s]Training GraphSAGE on cuda:  65%|██████▌   | 196/300 [00:01<00:00, 161.11it/s]Training GraphSAGE on cuda:  71%|███████   | 213/300 [00:01<00:00, 161.34it/s]Training GraphSAGE on cuda:  77%|███████▋  | 230/300 [00:01<00:00, 161.53it/s]Training GraphSAGE on cuda:  82%|████████▏ | 247/300 [00:01<00:00, 161.53it/s]Training GraphSAGE on cuda:  88%|████████▊ | 264/300 [00:01<00:00, 161.23it/s]Training GraphSAGE on cuda:  94%|█████████▎| 281/300 [00:01<00:00, 161.24it/s]Training GraphSAGE on cuda:  99%|█████████▉| 298/300 [00:01<00:00, 161.46it/s]Training GraphSAGE on cuda: 100%|██████████| 300/300 [00:01<00:00, 158.03it/s]
Train accuracy: 0.9229 | Test accuracy: 0.8445
Training MLP on cuda:   0%|          | 0/1000 [00:00<?, ?it/s]Training MLP on cuda:   0%|          | 1/1000 [00:40<11:08:10, 40.13s/it]Training MLP on cuda:   0%|          | 2/1000 [01:19<10:57:47, 39.55s/it]Training MLP on cuda:   0%|          | 3/1000 [01:58<10:54:57, 39.42s/it]Training MLP on cuda:   0%|          | 4/1000 [02:37<10:52:48, 39.33s/it]Training MLP on cuda:   0%|          | 5/1000 [03:16<10:51:24, 39.28s/it]Training MLP on cuda:   1%|          | 6/1000 [03:56<10:50:38, 39.27s/it]Training MLP on cuda:   1%|          | 7/1000 [04:35<10:48:22, 39.18s/it]Training MLP on cuda:   1%|          | 8/1000 [05:14<10:48:04, 39.20s/it]Training MLP on cuda:   1%|          | 9/1000 [05:53<10:47:00, 39.17s/it]Training MLP on cuda:   1%|          | 10/1000 [06:32<10:46:51, 39.20s/it]Training MLP on cuda:   1%|          | 11/1000 [07:11<10:45:35, 39.17s/it]Training MLP on cuda:   1%|          | 12/1000 [07:51<10:45:38, 39.21s/it]Training MLP on cuda:   1%|▏         | 13/1000 [08:30<10:44:54, 39.20s/it]Training MLP on cuda:   1%|▏         | 14/1000 [09:09<10:44:20, 39.21s/it]Training MLP on cuda:   2%|▏         | 15/1000 [09:48<10:43:09, 39.18s/it]Training MLP on cuda:   2%|▏         | 16/1000 [10:28<10:43:10, 39.22s/it]Training MLP on cuda:   2%|▏         | 17/1000 [11:07<10:41:50, 39.18s/it]Training MLP on cuda:   2%|▏         | 18/1000 [11:46<10:42:05, 39.23s/it]Training MLP on cuda:   2%|▏         | 19/1000 [12:25<10:40:59, 39.20s/it]Training MLP on cuda:   2%|▏         | 20/1000 [13:04<10:41:03, 39.25s/it]Training MLP on cuda:   2%|▏         | 21/1000 [13:43<10:39:18, 39.18s/it]Training MLP on cuda:   2%|▏         | 22/1000 [14:23<10:39:11, 39.21s/it]Training MLP on cuda:   2%|▏         | 23/1000 [15:02<10:37:44, 39.16s/it]Training MLP on cuda:   2%|▏         | 24/1000 [15:41<10:37:46, 39.21s/it]Training MLP on cuda:   2%|▎         | 25/1000 [16:20<10:36:55, 39.20s/it]Training MLP on cuda:   3%|▎         | 26/1000 [17:00<10:36:31, 39.21s/it]Training MLP on cuda:   3%|▎         | 27/1000 [17:39<10:35:21, 39.18s/it]Training MLP on cuda:   3%|▎         | 28/1000 [18:18<10:35:17, 39.22s/it]Training MLP on cuda:   3%|▎         | 29/1000 [18:57<10:33:39, 39.15s/it]Training MLP on cuda:   3%|▎         | 30/1000 [19:36<10:33:38, 39.19s/it]Training MLP on cuda:   3%|▎         | 31/1000 [20:15<10:32:22, 39.16s/it]Training MLP on cuda:   3%|▎         | 32/1000 [20:55<10:32:17, 39.19s/it]Training MLP on cuda:   3%|▎         | 33/1000 [21:34<10:31:20, 39.17s/it]Training MLP on cuda:   3%|▎         | 34/1000 [22:13<10:31:27, 39.22s/it]Training MLP on cuda:   4%|▎         | 35/1000 [22:52<10:30:26, 39.20s/it]Training MLP on cuda:   4%|▎         | 36/1000 [23:31<10:30:21, 39.23s/it]Training MLP on cuda:   4%|▎         | 37/1000 [24:11<10:30:03, 39.26s/it]Training MLP on cuda:   4%|▍         | 38/1000 [24:50<10:27:36, 39.14s/it]Training MLP on cuda:   4%|▍         | 39/1000 [25:29<10:27:29, 39.18s/it]Training MLP on cuda:   4%|▍         | 40/1000 [26:08<10:26:48, 39.18s/it]Training MLP on cuda:   4%|▍         | 41/1000 [26:47<10:26:40, 39.21s/it]Training MLP on cuda:   4%|▍         | 42/1000 [27:27<10:25:42, 39.19s/it]Training MLP on cuda:   4%|▍         | 43/1000 [28:06<10:25:27, 39.21s/it]Training MLP on cuda:   4%|▍         | 44/1000 [28:45<10:24:35, 39.20s/it]Training MLP on cuda:   4%|▍         | 45/1000 [29:24<10:24:26, 39.23s/it]Training MLP on cuda:   5%|▍         | 46/1000 [30:03<10:23:32, 39.22s/it]Training MLP on cuda:   5%|▍         | 47/1000 [30:43<10:22:56, 39.22s/it]Training MLP on cuda:   5%|▍         | 48/1000 [31:22<10:22:07, 39.21s/it]Training MLP on cuda:   5%|▍         | 49/1000 [32:01<10:21:51, 39.23s/it]Training MLP on cuda:   5%|▌         | 50/1000 [32:40<10:21:00, 39.22s/it]Training MLP on cuda:   5%|▌         | 51/1000 [33:20<10:20:59, 39.26s/it]Training MLP on cuda:   5%|▌         | 52/1000 [33:59<10:19:53, 39.23s/it]Training MLP on cuda:   5%|▌         | 53/1000 [34:38<10:19:22, 39.24s/it]Training MLP on cuda:   5%|▌         | 54/1000 [35:17<10:18:20, 39.22s/it]Training MLP on cuda:   6%|▌         | 55/1000 [35:57<10:19:00, 39.30s/it]Training MLP on cuda:   6%|▌         | 56/1000 [36:36<10:17:37, 39.26s/it]Training MLP on cuda:   6%|▌         | 57/1000 [37:15<10:17:51, 39.31s/it]Training MLP on cuda:   6%|▌         | 58/1000 [37:55<10:17:29, 39.33s/it]Training MLP on cuda:   6%|▌         | 59/1000 [38:34<10:15:45, 39.26s/it]Training MLP on cuda:   6%|▌         | 60/1000 [39:13<10:15:17, 39.27s/it]Training MLP on cuda:   6%|▌         | 61/1000 [39:52<10:14:09, 39.24s/it]Training MLP on cuda:   6%|▌         | 62/1000 [40:32<10:13:53, 39.27s/it]Training MLP on cuda:   6%|▋         | 63/1000 [41:11<10:12:34, 39.23s/it]Training MLP on cuda:   6%|▋         | 64/1000 [41:50<10:12:49, 39.28s/it]Training MLP on cuda:   6%|▋         | 65/1000 [42:29<10:11:57, 39.27s/it]Training MLP on cuda:   7%|▋         | 66/1000 [43:09<10:11:55, 39.31s/it]Training MLP on cuda:   7%|▋         | 67/1000 [43:48<10:10:25, 39.26s/it]Training MLP on cuda:   7%|▋         | 68/1000 [44:27<10:09:57, 39.27s/it]Training MLP on cuda:   7%|▋         | 69/1000 [45:07<10:09:28, 39.28s/it]Training MLP on cuda:   7%|▋         | 70/1000 [45:46<10:07:35, 39.20s/it]Training MLP on cuda:   7%|▋         | 71/1000 [46:25<10:07:50, 39.26s/it]Training MLP on cuda:   7%|▋         | 72/1000 [47:04<10:06:29, 39.21s/it]Training MLP on cuda:   7%|▋         | 73/1000 [47:43<10:06:38, 39.26s/it]Training MLP on cuda:   7%|▋         | 74/1000 [48:23<10:05:24, 39.23s/it]Training MLP on cuda:   8%|▊         | 75/1000 [49:02<10:05:14, 39.26s/it]Training MLP on cuda:   8%|▊         | 76/1000 [49:41<10:04:19, 39.24s/it]Training MLP on cuda:   8%|▊         | 77/1000 [50:20<10:03:51, 39.25s/it]Training MLP on cuda:   8%|▊         | 78/1000 [51:00<10:03:31, 39.28s/it]Training MLP on cuda:   8%|▊         | 79/1000 [51:39<10:03:38, 39.33s/it]Training MLP on cuda:   8%|▊         | 80/1000 [52:19<10:03:04, 39.33s/it]Training MLP on cuda:   8%|▊         | 81/1000 [52:58<10:01:15, 39.26s/it]Training MLP on cuda:   8%|▊         | 82/1000 [53:37<10:01:12, 39.29s/it]Training MLP on cuda:   8%|▊         | 83/1000 [54:16<9:59:56, 39.25s/it] Training MLP on cuda:   8%|▊         | 84/1000 [54:56<9:59:51, 39.29s/it]Training MLP on cuda:   8%|▊         | 85/1000 [55:35<9:58:52, 39.27s/it]Training MLP on cuda:   9%|▊         | 86/1000 [56:14<9:57:38, 39.23s/it]Training MLP on cuda:   9%|▊         | 87/1000 [56:53<9:56:22, 39.19s/it]Training MLP on cuda:   9%|▉         | 88/1000 [57:32<9:56:35, 39.25s/it]Training MLP on cuda:   9%|▉         | 89/1000 [58:11<9:55:05, 39.19s/it]Training MLP on cuda:   9%|▉         | 90/1000 [58:51<9:54:43, 39.21s/it]Training MLP on cuda:   9%|▉         | 91/1000 [59:30<9:53:51, 39.20s/it]Training MLP on cuda:   9%|▉         | 92/1000 [1:00:09<9:53:25, 39.21s/it]Training MLP on cuda:   9%|▉         | 93/1000 [1:00:48<9:52:25, 39.19s/it]Training MLP on cuda:   9%|▉         | 94/1000 [1:01:28<9:52:13, 39.22s/it]Training MLP on cuda:  10%|▉         | 95/1000 [1:02:07<9:51:11, 39.19s/it]Training MLP on cuda:  10%|▉         | 96/1000 [1:02:46<9:50:57, 39.22s/it]Training MLP on cuda:  10%|▉         | 97/1000 [1:03:25<9:50:22, 39.23s/it]Training MLP on cuda:  10%|▉         | 98/1000 [1:04:05<9:50:03, 39.25s/it]Training MLP on cuda:  10%|▉         | 99/1000 [1:04:44<9:48:30, 39.19s/it]Training MLP on cuda:  10%|█         | 100/1000 [1:05:23<9:48:25, 39.23s/it]Training MLP on cuda:  10%|█         | 101/1000 [1:06:02<9:47:55, 39.24s/it]Training MLP on cuda:  10%|█         | 102/1000 [1:06:41<9:46:16, 39.17s/it]Training MLP on cuda:  10%|█         | 103/1000 [1:07:20<9:46:03, 39.20s/it]Training MLP on cuda:  10%|█         | 104/1000 [1:08:00<9:45:12, 39.19s/it]Training MLP on cuda:  10%|█         | 105/1000 [1:08:39<9:44:59, 39.22s/it]Training MLP on cuda:  11%|█         | 106/1000 [1:09:18<9:44:24, 39.22s/it]Training MLP on cuda:  11%|█         | 107/1000 [1:09:57<9:43:58, 39.24s/it]Training MLP on cuda:  11%|█         | 108/1000 [1:10:37<9:43:45, 39.27s/it]Training MLP on cuda:  11%|█         | 109/1000 [1:11:16<9:44:58, 39.39s/it]Training MLP on cuda:  11%|█         | 110/1000 [1:11:56<9:45:09, 39.45s/it]Training MLP on cuda:  11%|█         | 111/1000 [1:12:36<9:45:52, 39.54s/it]Training MLP on cuda:  11%|█         | 112/1000 [1:13:15<9:44:55, 39.52s/it]Training MLP on cuda:  11%|█▏        | 113/1000 [1:13:55<9:45:28, 39.60s/it]Training MLP on cuda:  11%|█▏        | 114/1000 [1:14:35<9:45:28, 39.65s/it]Training MLP on cuda:  12%|█▏        | 115/1000 [1:15:14<9:43:36, 39.57s/it]Training MLP on cuda:  12%|█▏        | 116/1000 [1:15:54<9:44:00, 39.64s/it]Training MLP on cuda:  12%|█▏        | 117/1000 [1:16:34<9:43:14, 39.63s/it]Training MLP on cuda:  12%|█▏        | 118/1000 [1:17:13<9:42:59, 39.66s/it]Training MLP on cuda:  12%|█▏        | 119/1000 [1:17:53<9:41:36, 39.61s/it]Training MLP on cuda:  12%|█▏        | 120/1000 [1:18:33<9:41:25, 39.64s/it]Training MLP on cuda:  12%|█▏        | 121/1000 [1:19:12<9:40:26, 39.62s/it]Training MLP on cuda:  12%|█▏        | 122/1000 [1:19:52<9:40:56, 39.70s/it]Training MLP on cuda:  12%|█▏        | 123/1000 [1:20:32<9:39:35, 39.65s/it]Training MLP on cuda:  12%|█▏        | 124/1000 [1:21:11<9:39:40, 39.70s/it]Training MLP on cuda:  12%|█▎        | 125/1000 [1:21:51<9:38:27, 39.67s/it]Training MLP on cuda:  13%|█▎        | 126/1000 [1:22:31<9:37:56, 39.68s/it]Training MLP on cuda:  13%|█▎        | 127/1000 [1:23:10<9:36:51, 39.65s/it]Training MLP on cuda:  13%|█▎        | 128/1000 [1:23:50<9:36:36, 39.67s/it]Training MLP on cuda:  13%|█▎        | 129/1000 [1:24:29<9:35:13, 39.63s/it]Training MLP on cuda:  13%|█▎        | 130/1000 [1:25:09<9:35:14, 39.67s/it]Training MLP on cuda:  13%|█▎        | 131/1000 [1:25:49<9:34:01, 39.63s/it]Training MLP on cuda:  13%|█▎        | 132/1000 [1:26:29<9:34:25, 39.71s/it]Training MLP on cuda:  13%|█▎        | 133/1000 [1:27:08<9:33:55, 39.72s/it]Training MLP on cuda:  13%|█▎        | 134/1000 [1:27:48<9:31:39, 39.61s/it]Training MLP on cuda:  14%|█▎        | 135/1000 [1:28:28<9:31:39, 39.65s/it]Training MLP on cuda:  14%|█▎        | 135/1000 [1:29:07<9:31:04, 39.61s/it]
Training MLP on cuda:   0%|          | 0/1000 [00:00<?, ?it/s]Training MLP on cuda:   0%|          | 1/1000 [00:39<11:00:35, 39.68s/it]Training MLP on cuda:   0%|          | 2/1000 [01:19<11:03:57, 39.92s/it]Training MLP on cuda:   0%|          | 3/1000 [01:59<10:58:58, 39.66s/it]Training MLP on cuda:   0%|          | 4/1000 [02:38<10:56:03, 39.52s/it]Training MLP on cuda:   0%|          | 5/1000 [03:18<11:01:16, 39.88s/it]Training MLP on cuda:   1%|          | 6/1000 [03:57<10:55:14, 39.55s/it]Training MLP on cuda:   1%|          | 7/1000 [04:37<10:52:24, 39.42s/it]Training MLP on cuda:   1%|          | 8/1000 [05:17<10:57:26, 39.77s/it]Training MLP on cuda:   1%|          | 9/1000 [05:56<10:52:46, 39.52s/it]Training MLP on cuda:   1%|          | 10/1000 [06:35<10:49:43, 39.38s/it]Training MLP on cuda:   1%|          | 11/1000 [07:16<10:55:08, 39.75s/it]Training MLP on cuda:   1%|          | 12/1000 [07:55<10:50:23, 39.50s/it]Training MLP on cuda:   1%|▏         | 13/1000 [08:34<10:47:57, 39.39s/it]Training MLP on cuda:   1%|▏         | 14/1000 [09:14<10:51:58, 39.67s/it]Training MLP on cuda:   2%|▏         | 15/1000 [09:53<10:47:53, 39.47s/it]Training MLP on cuda:   2%|▏         | 16/1000 [10:32<10:45:40, 39.37s/it]Training MLP on cuda:   2%|▏         | 17/1000 [11:13<10:50:41, 39.72s/it]Training MLP on cuda:   2%|▏         | 18/1000 [11:52<10:46:13, 39.48s/it]Training MLP on cuda:   2%|▏         | 19/1000 [12:31<10:43:21, 39.35s/it]Training MLP on cuda:   2%|▏         | 20/1000 [13:11<10:48:22, 39.70s/it]Training MLP on cuda:   2%|▏         | 21/1000 [13:50<10:43:54, 39.46s/it]Training MLP on cuda:   2%|▏         | 22/1000 [14:29<10:40:47, 39.31s/it]Training MLP on cuda:   2%|▏         | 23/1000 [15:10<10:46:29, 39.70s/it]Training MLP on cuda:   2%|▏         | 24/1000 [15:49<10:44:10, 39.60s/it]Training MLP on cuda:   2%|▎         | 25/1000 [16:29<10:42:58, 39.57s/it]Training MLP on cuda:   3%|▎         | 26/1000 [17:09<10:48:56, 39.98s/it]Training MLP on cuda:   3%|▎         | 27/1000 [17:49<10:44:39, 39.75s/it]Training MLP on cuda:   3%|▎         | 28/1000 [18:28<10:41:43, 39.61s/it]Training MLP on cuda:   3%|▎         | 29/1000 [19:09<10:47:28, 40.01s/it]Training MLP on cuda:   3%|▎         | 30/1000 [19:48<10:43:43, 39.82s/it]Training MLP on cuda:   3%|▎         | 31/1000 [20:28<10:41:20, 39.71s/it]Training MLP on cuda:   3%|▎         | 32/1000 [21:09<10:46:16, 40.06s/it]Training MLP on cuda:   3%|▎         | 33/1000 [21:48<10:41:09, 39.78s/it]Training MLP on cuda:   3%|▎         | 34/1000 [22:27<10:38:29, 39.66s/it]Training MLP on cuda:   4%|▎         | 35/1000 [23:08<10:43:22, 40.00s/it]Training MLP on cuda:   4%|▎         | 36/1000 [23:47<10:38:53, 39.77s/it]Training MLP on cuda:   4%|▎         | 37/1000 [24:26<10:35:59, 39.63s/it]Training MLP on cuda:   4%|▍         | 38/1000 [25:07<10:40:57, 39.98s/it]Training MLP on cuda:   4%|▍         | 39/1000 [25:46<10:36:44, 39.76s/it]Training MLP on cuda:   4%|▍         | 40/1000 [26:26<10:34:29, 39.66s/it]Training MLP on cuda:   4%|▍         | 41/1000 [27:07<10:39:08, 39.99s/it]Training MLP on cuda:   4%|▍         | 42/1000 [27:46<10:35:00, 39.77s/it]Training MLP on cuda:   4%|▍         | 43/1000 [28:25<10:32:36, 39.66s/it]Training MLP on cuda:   4%|▍         | 44/1000 [29:06<10:37:50, 40.03s/it]Training MLP on cuda:   4%|▍         | 45/1000 [29:45<10:33:19, 39.79s/it]Training MLP on cuda:   5%|▍         | 46/1000 [30:25<10:30:31, 39.66s/it]Training MLP on cuda:   5%|▍         | 47/1000 [31:06<10:35:03, 39.98s/it]Training MLP on cuda:   5%|▍         | 48/1000 [31:45<10:30:47, 39.76s/it]Training MLP on cuda:   5%|▍         | 49/1000 [32:24<10:28:18, 39.64s/it]Training MLP on cuda:   5%|▌         | 50/1000 [33:05<10:33:16, 40.00s/it]Training MLP on cuda:   5%|▌         | 51/1000 [33:44<10:29:15, 39.78s/it]Training MLP on cuda:   5%|▌         | 52/1000 [34:24<10:26:11, 39.63s/it]Training MLP on cuda:   5%|▌         | 53/1000 [35:04<10:30:47, 39.97s/it]Training MLP on cuda:   5%|▌         | 54/1000 [35:43<10:26:19, 39.73s/it]Training MLP on cuda:   6%|▌         | 55/1000 [36:23<10:24:13, 39.63s/it]Training MLP on cuda:   6%|▌         | 56/1000 [37:04<10:28:53, 39.97s/it]Training MLP on cuda:   6%|▌         | 57/1000 [37:43<10:24:52, 39.76s/it]Training MLP on cuda:   6%|▌         | 58/1000 [38:22<10:22:25, 39.64s/it]Training MLP on cuda:   6%|▌         | 59/1000 [39:03<10:27:15, 40.00s/it]Training MLP on cuda:   6%|▌         | 60/1000 [39:42<10:22:59, 39.77s/it]Training MLP on cuda:   6%|▌         | 61/1000 [40:22<10:20:19, 39.64s/it]Training MLP on cuda:   6%|▌         | 62/1000 [41:02<10:25:06, 39.99s/it]Training MLP on cuda:   6%|▋         | 63/1000 [41:42<10:21:02, 39.77s/it]Training MLP on cuda:   6%|▋         | 64/1000 [42:21<10:18:10, 39.63s/it]Training MLP on cuda:   6%|▋         | 65/1000 [43:02<10:23:21, 40.00s/it]Training MLP on cuda:   7%|▋         | 66/1000 [43:41<10:19:20, 39.79s/it]Training MLP on cuda:   7%|▋         | 67/1000 [44:21<10:16:53, 39.67s/it]Training MLP on cuda:   7%|▋         | 68/1000 [45:01<10:21:49, 40.03s/it]Training MLP on cuda:   7%|▋         | 69/1000 [45:41<10:17:49, 39.82s/it]Training MLP on cuda:   7%|▋         | 70/1000 [46:20<10:15:29, 39.71s/it]Training MLP on cuda:   7%|▋         | 71/1000 [47:01<10:20:00, 40.04s/it]Training MLP on cuda:   7%|▋         | 72/1000 [47:40<10:15:38, 39.80s/it]Training MLP on cuda:   7%|▋         | 73/1000 [48:20<10:13:32, 39.71s/it]Training MLP on cuda:   7%|▋         | 74/1000 [49:01<10:18:20, 40.07s/it]Training MLP on cuda:   8%|▊         | 75/1000 [49:40<10:13:43, 39.81s/it]Training MLP on cuda:   8%|▊         | 76/1000 [50:19<10:10:45, 39.66s/it]Training MLP on cuda:   8%|▊         | 77/1000 [51:00<10:15:30, 40.01s/it]Training MLP on cuda:   8%|▊         | 78/1000 [51:39<10:11:17, 39.78s/it]Training MLP on cuda:   8%|▊         | 79/1000 [52:19<10:09:04, 39.68s/it]Training MLP on cuda:   8%|▊         | 80/1000 [52:59<10:13:13, 39.99s/it]Training MLP on cuda:   8%|▊         | 81/1000 [53:39<10:08:56, 39.76s/it]Training MLP on cuda:   8%|▊         | 82/1000 [54:18<10:06:40, 39.65s/it]Training MLP on cuda:   8%|▊         | 83/1000 [54:59<10:11:14, 39.99s/it]Training MLP on cuda:   8%|▊         | 84/1000 [55:38<10:07:04, 39.76s/it]Training MLP on cuda:   8%|▊         | 85/1000 [56:17<10:04:34, 39.64s/it]Training MLP on cuda:   9%|▊         | 86/1000 [56:58<10:08:56, 39.97s/it]Training MLP on cuda:   9%|▊         | 87/1000 [57:37<10:04:56, 39.76s/it]Training MLP on cuda:   9%|▉         | 88/1000 [58:17<10:02:29, 39.64s/it]Training MLP on cuda:   9%|▉         | 89/1000 [58:58<10:06:53, 39.97s/it]Training MLP on cuda:   9%|▉         | 90/1000 [59:37<10:02:14, 39.71s/it]Training MLP on cuda:   9%|▉         | 91/1000 [1:00:16<10:00:02, 39.61s/it]Training MLP on cuda:   9%|▉         | 92/1000 [1:00:57<10:04:41, 39.96s/it]Training MLP on cuda:   9%|▉         | 93/1000 [1:01:36<10:00:41, 39.74s/it]Training MLP on cuda:   9%|▉         | 94/1000 [1:02:15<9:58:40, 39.65s/it] Training MLP on cuda:  10%|▉         | 95/1000 [1:02:56<10:03:01, 39.98s/it]Training MLP on cuda:  10%|▉         | 96/1000 [1:03:36<9:59:28, 39.79s/it] Training MLP on cuda:  10%|▉         | 97/1000 [1:04:15<9:57:15, 39.69s/it]Training MLP on cuda:  10%|▉         | 98/1000 [1:04:56<10:01:18, 40.00s/it]Training MLP on cuda:  10%|▉         | 99/1000 [1:05:35<9:57:04, 39.76s/it] Training MLP on cuda:  10%|█         | 100/1000 [1:06:14<9:54:32, 39.64s/it]Training MLP on cuda:  10%|█         | 101/1000 [1:06:55<9:59:20, 40.00s/it]Training MLP on cuda:  10%|█         | 102/1000 [1:07:34<9:54:46, 39.74s/it]Training MLP on cuda:  10%|█         | 103/1000 [1:08:14<9:52:25, 39.63s/it]Training MLP on cuda:  10%|█         | 104/1000 [1:08:54<9:57:03, 39.98s/it]Training MLP on cuda:  10%|█         | 105/1000 [1:09:33<9:52:16, 39.71s/it]Training MLP on cuda:  11%|█         | 106/1000 [1:10:13<9:50:17, 39.62s/it]Training MLP on cuda:  11%|█         | 107/1000 [1:10:54<9:54:56, 39.97s/it]Training MLP on cuda:  11%|█         | 108/1000 [1:11:33<9:51:34, 39.79s/it]Training MLP on cuda:  11%|█         | 109/1000 [1:12:12<9:48:56, 39.66s/it]Training MLP on cuda:  11%|█         | 110/1000 [1:12:53<9:53:33, 40.01s/it]Training MLP on cuda:  11%|█         | 111/1000 [1:13:32<9:48:50, 39.74s/it]Training MLP on cuda:  11%|█         | 112/1000 [1:14:12<9:46:48, 39.65s/it]Training MLP on cuda:  11%|█▏        | 113/1000 [1:14:53<9:51:34, 40.02s/it]Training MLP on cuda:  11%|█▏        | 114/1000 [1:15:32<9:47:13, 39.77s/it]Training MLP on cuda:  12%|█▏        | 115/1000 [1:16:11<9:44:59, 39.66s/it]Training MLP on cuda:  12%|█▏        | 116/1000 [1:16:52<9:49:31, 40.01s/it]Training MLP on cuda:  12%|█▏        | 117/1000 [1:17:31<9:45:13, 39.77s/it]Training MLP on cuda:  12%|█▏        | 118/1000 [1:18:11<9:42:49, 39.65s/it]Training MLP on cuda:  12%|█▏        | 119/1000 [1:18:51<9:46:49, 39.97s/it]Training MLP on cuda:  12%|█▏        | 120/1000 [1:19:31<9:42:43, 39.73s/it]Training MLP on cuda:  12%|█▏        | 121/1000 [1:20:10<9:40:40, 39.64s/it]Training MLP on cuda:  12%|█▏        | 122/1000 [1:20:51<9:45:03, 39.98s/it]Training MLP on cuda:  12%|█▏        | 123/1000 [1:21:30<9:41:34, 39.79s/it]Training MLP on cuda:  12%|█▏        | 124/1000 [1:22:09<9:38:49, 39.65s/it]Training MLP on cuda:  12%|█▎        | 125/1000 [1:22:50<9:43:10, 39.99s/it]Training MLP on cuda:  13%|█▎        | 126/1000 [1:23:30<9:39:39, 39.79s/it]Training MLP on cuda:  13%|█▎        | 127/1000 [1:24:09<9:37:12, 39.67s/it]Training MLP on cuda:  13%|█▎        | 128