[I 2025-05-15 03:24:43,346] Trial 0 finished with value: 0.5353502353495768 and parameters: {'threshold_scale_factor': 0.6895315247810737}. Best is trial 0 with value: 0.5353502353495768.
[I 2025-05-15 03:24:49,342] Trial 1 finished with value: 0.5259382138761266 and parameters: {'threshold_scale_factor': 0.42650254987349023}. Best is trial 0 with value: 0.5353502353495768.
[I 2025-05-15 03:24:55,318] Trial 2 finished with value: 0.5383102350681424 and parameters: {'threshold_scale_factor': 0.8474337142675871}. Best is trial 2 with value: 0.5383102350681424.
[I 2025-05-15 03:25:01,343] Trial 3 finished with value: 0.5146828149075839 and parameters: {'threshold_scale_factor': 0.05897897231429472}. Best is trial 2 with value: 0.5383102350681424.
[I 2025-05-15 03:25:07,318] Trial 4 finished with value: 0.5362700194893372 and parameters: {'threshold_scale_factor': 0.7385642391252337}. Best is trial 2 with value: 0.5383102350681424.
[I 2025-05-15 03:25:13,325] Trial 5 finished with value: 0.5218112742649283 and parameters: {'threshold_scale_factor': 0.29800197407513207}. Best is trial 2 with value: 0.5383102350681424.
[I 2025-05-15 03:25:19,312] Trial 6 finished with value: 0.5241583111117365 and parameters: {'threshold_scale_factor': 0.3797210828684212}. Best is trial 2 with value: 0.5383102350681424.
[I 2025-05-15 03:25:25,245] Trial 7 finished with value: 0.5388589957010885 and parameters: {'threshold_scale_factor': 0.8791793721452607}. Best is trial 7 with value: 0.5388589957010885.
[I 2025-05-15 03:25:31,418] Trial 8 finished with value: 0.5337089714273653 and parameters: {'threshold_scale_factor': 0.6282630008853262}. Best is trial 7 with value: 0.5388589957010885.
[I 2025-05-15 03:25:37,440] Trial 9 finished with value: 0.5157055125977106 and parameters: {'threshold_scale_factor': 0.11043596293074687}. Best is trial 7 with value: 0.5388589957010885.
[I 2025-05-15 03:25:43,459] Trial 10 finished with value: 0.5398940497716862 and parameters: {'threshold_scale_factor': 0.9890337544567849}. Best is trial 10 with value: 0.5398940497716862.
[I 2025-05-15 03:25:49,481] Trial 11 finished with value: 0.5398966248971006 and parameters: {'threshold_scale_factor': 0.9898070806021264}. Best is trial 11 with value: 0.5398966248971006.
[I 2025-05-15 03:25:55,483] Trial 12 finished with value: 0.5398936923499076 and parameters: {'threshold_scale_factor': 0.9889036654006327}. Best is trial 11 with value: 0.5398966248971006.
[I 2025-05-15 03:26:01,496] Trial 13 finished with value: 0.5399046640727789 and parameters: {'threshold_scale_factor': 0.9918632806870328}. Best is trial 13 with value: 0.5399046640727789.
[I 2025-05-15 03:26:07,482] Trial 14 finished with value: 0.5310855982945071 and parameters: {'threshold_scale_factor': 0.5612064025408752}. Best is trial 13 with value: 0.5399046640727789.
[I 2025-05-15 03:26:13,475] Trial 15 finished with value: 0.5378345601531004 and parameters: {'threshold_scale_factor': 0.8213711789345599}. Best is trial 13 with value: 0.5399046640727789.
[I 2025-05-15 03:26:19,461] Trial 16 finished with value: 0.5395194900407376 and parameters: {'threshold_scale_factor': 0.9224491503113404}. Best is trial 13 with value: 0.5399046640727789.
[I 2025-05-15 03:26:25,465] Trial 17 finished with value: 0.5363429560469715 and parameters: {'threshold_scale_factor': 0.7419543649261368}. Best is trial 13 with value: 0.5399046640727789.
[I 2025-05-15 03:26:31,450] Trial 18 finished with value: 0.5192791323375243 and parameters: {'threshold_scale_factor': 0.23062810894889785}. Best is trial 13 with value: 0.5399046640727789.
[I 2025-05-15 03:26:37,436] Trial 19 finished with value: 0.5284579726867846 and parameters: {'threshold_scale_factor': 0.49323525972650045}. Best is trial 13 with value: 0.5399046640727789.
[I 2025-05-15 03:26:43,435] Trial 20 finished with value: 0.5369778342210245 and parameters: {'threshold_scale_factor': 0.7721588674611689}. Best is trial 13 with value: 0.5399046640727789.
[I 2025-05-15 03:26:49,429] Trial 21 finished with value: 0.5398821056927158 and parameters: {'threshold_scale_factor': 0.9839255691560869}. Best is trial 13 with value: 0.5399046640727789.
[I 2025-05-15 03:26:55,424] Trial 22 finished with value: 0.5395018764643387 and parameters: {'threshold_scale_factor': 0.9205059837574104}. Best is trial 13 with value: 0.5399046640727789.
[I 2025-05-15 03:27:01,397] Trial 23 finished with value: 0.5398744830400551 and parameters: {'threshold_scale_factor': 0.9806143967852486}. Best is trial 13 with value: 0.5399046640727789.
[I 2025-05-15 03:27:07,548] Trial 24 finished with value: 0.5386346994631637 and parameters: {'threshold_scale_factor': 0.8676465087232773}. Best is trial 13 with value: 0.5399046640727789.
[I 2025-05-15 03:27:13,535] Trial 25 finished with value: 0.5373813577806078 and parameters: {'threshold_scale_factor': 0.7924020509961444}. Best is trial 13 with value: 0.5399046640727789.
[I 2025-05-15 03:27:19,533] Trial 26 finished with value: 0.533700031661378 and parameters: {'threshold_scale_factor': 0.6279617502846674}. Best is trial 13 with value: 0.5399046640727789.
[I 2025-05-15 03:27:25,530] Trial 27 finished with value: 0.539527757178338 and parameters: {'threshold_scale_factor': 0.9233661153113574}. Best is trial 13 with value: 0.5399046640727789.
[I 2025-05-15 03:27:31,531] Trial 28 finished with value: 0.5349470846906683 and parameters: {'threshold_scale_factor': 0.6727010584764184}. Best is trial 13 with value: 0.5399046640727789.
[I 2025-05-15 03:27:37,522] Trial 29 finished with value: 0.5394952163175707 and parameters: {'threshold_scale_factor': 0.9197329842533484}. Best is trial 13 with value: 0.5399046640727789.
[I 2025-05-15 03:27:43,525] Trial 30 finished with value: 0.5353513976739441 and parameters: {'threshold_scale_factor': 0.6895900209137931}. Best is trial 13 with value: 0.5399046640727789.
[I 2025-05-15 03:27:49,533] Trial 31 finished with value: 0.5398810432775858 and parameters: {'threshold_scale_factor': 0.9831568598530067}. Best is trial 13 with value: 0.5399046640727789.
[I 2025-05-15 03:27:55,528] Trial 32 finished with value: 0.5399014824560786 and parameters: {'threshold_scale_factor': 0.9909942681492002}. Best is trial 13 with value: 0.5399046640727789.
[I 2025-05-15 03:28:01,519] Trial 33 finished with value: 0.5383140738343336 and parameters: {'threshold_scale_factor': 0.8477010332474029}. Best is trial 13 with value: 0.5399046640727789.
[I 2025-05-15 03:28:07,539] Trial 34 finished with value: 0.5391645462924526 and parameters: {'threshold_scale_factor': 0.8973836750292248}. Best is trial 13 with value: 0.5399046640727789.
[I 2025-05-15 03:28:13,519] Trial 35 finished with value: 0.5399415151024773 and parameters: {'threshold_scale_factor': 0.9999288992137907}. Best is trial 35 with value: 0.5399415151024773.
[I 2025-05-15 03:28:19,538] Trial 36 finished with value: 0.5377103546777927 and parameters: {'threshold_scale_factor': 0.814113812741754}. Best is trial 35 with value: 0.5399415151024773.
[I 2025-05-15 03:28:25,539] Trial 37 finished with value: 0.5397300818270726 and parameters: {'threshold_scale_factor': 0.9464559456342906}. Best is trial 35 with value: 0.5399415151024773.
[I 2025-05-15 03:28:31,563] Trial 38 finished with value: 0.538467428885027 and parameters: {'threshold_scale_factor': 0.8590606852149136}. Best is trial 35 with value: 0.5399415151024773.
[I 2025-05-15 03:28:37,567] Trial 39 finished with value: 0.536856703417318 and parameters: {'threshold_scale_factor': 0.7657297930920981}. Best is trial 35 with value: 0.5399415151024773.
[I 2025-05-15 03:28:43,584] Trial 40 finished with value: 0.5243339402936769 and parameters: {'threshold_scale_factor': 0.38635649873207034}. Best is trial 35 with value: 0.5399415151024773.
[I 2025-05-15 03:28:49,749] Trial 41 finished with value: 0.5399301057490027 and parameters: {'threshold_scale_factor': 0.9977546224700107}. Best is trial 35 with value: 0.5399415151024773.
[I 2025-05-15 03:28:55,755] Trial 42 finished with value: 0.5397704212370452 and parameters: {'threshold_scale_factor': 0.9508679410215751}. Best is trial 35 with value: 0.5399415151024773.
[I 2025-05-15 03:29:01,760] Trial 43 finished with value: 0.5390377769491096 and parameters: {'threshold_scale_factor': 0.8899716443765073}. Best is trial 35 with value: 0.5399415151024773.
[I 2025-05-15 03:29:07,779] Trial 44 finished with value: 0.5380809236679355 and parameters: {'threshold_scale_factor': 0.8351326574694663}. Best is trial 35 with value: 0.5399415151024773.
[I 2025-05-15 03:29:13,788] Trial 45 finished with value: 0.5399211870906008 and parameters: {'threshold_scale_factor': 0.9952333879056016}. Best is trial 35 with value: 0.5399415151024773.
[I 2025-05-15 03:29:19,804] Trial 46 finished with value: 0.5396153466217309 and parameters: {'threshold_scale_factor': 0.932045196423736}. Best is trial 35 with value: 0.5399415151024773.
[I 2025-05-15 03:29:25,815] Trial 47 finished with value: 0.5133869414405223 and parameters: {'threshold_scale_factor': 0.0015214502287914655}. Best is trial 35 with value: 0.5399415151024773.
[I 2025-05-15 03:29:31,832] Trial 48 finished with value: 0.539809812212849 and parameters: {'threshold_scale_factor': 0.9585488154571825}. Best is trial 35 with value: 0.5399415151024773.
[I 2025-05-15 03:29:37,842] Trial 49 finished with value: 0.5399251370234084 and parameters: {'threshold_scale_factor': 0.9963377859401183}. Best is trial 35 with value: 0.5399415151024773.
[I 2025-05-15 03:29:43,866] Trial 50 finished with value: 0.5389754392136721 and parameters: {'threshold_scale_factor': 0.8862371942216822}. Best is trial 35 with value: 0.5399415151024773.
[I 2025-05-15 03:29:49,864] Trial 51 finished with value: 0.5399318295351405 and parameters: {'threshold_scale_factor': 0.997974591752093}. Best is trial 35 with value: 0.5399415151024773.
[I 2025-05-15 03:29:55,881] Trial 52 finished with value: 0.5399265033877674 and parameters: {'threshold_scale_factor': 0.9966536100583904}. Best is trial 35 with value: 0.5399415151024773.
[I 2025-05-15 03:30:01,894] Trial 53 finished with value: 0.5396627992879708 and parameters: {'threshold_scale_factor': 0.9386785132440941}. Best is trial 35 with value: 0.5399415151024773.
[I 2025-05-15 03:30:07,909] Trial 54 finished with value: 0.5392526901617545 and parameters: {'threshold_scale_factor': 0.9015500798518246}. Best is trial 35 with value: 0.5399415151024773.
[I 2025-05-15 03:30:13,916] Trial 55 finished with value: 0.5398019489337151 and parameters: {'threshold_scale_factor': 0.9568126635508356}. Best is trial 35 with value: 0.5399415151024773.
[I 2025-05-15 03:30:19,926] Trial 56 finished with value: 0.53853598350794 and parameters: {'threshold_scale_factor': 0.8628496576423752}. Best is trial 35 with value: 0.5399415151024773.
[I 2025-05-15 03:30:25,844] Trial 57 finished with value: 0.5399355768351287 and parameters: {'threshold_scale_factor': 0.9986359300131435}. Best is trial 35 with value: 0.5399415151024773.
[I 2025-05-15 03:30:32,005] Trial 58 finished with value: 0.5194527534845106 and parameters: {'threshold_scale_factor': 0.2359897604893011}. Best is trial 35 with value: 0.5399415151024773.
[I 2025-05-15 03:30:38,005] Trial 59 finished with value: 0.5397970238304638 and parameters: {'threshold_scale_factor': 0.9556288944210325}. Best is trial 35 with value: 0.5399415151024773.
[I 2025-05-15 03:30:44,018] Trial 60 finished with value: 0.5376742635211674 and parameters: {'threshold_scale_factor': 0.8120358006363748}. Best is trial 35 with value: 0.5399415151024773.
[I 2025-05-15 03:30:50,038] Trial 61 finished with value: 0.5399077879954126 and parameters: {'threshold_scale_factor': 0.9925097461267086}. Best is trial 35 with value: 0.5399415151024773.
[I 2025-05-15 03:30:56,029] Trial 62 finished with value: 0.5399123134617143 and parameters: {'threshold_scale_factor': 0.9933763676313496}. Best is trial 35 with value: 0.5399415151024773.
[I 2025-05-15 03:31:02,027] Trial 63 finished with value: 0.5393358920417368 and parameters: {'threshold_scale_factor': 0.9056705962193955}. Best is trial 35 with value: 0.5399415151024773.
[I 2025-05-15 03:31:08,034] Trial 64 finished with value: 0.539941592496957 and parameters: {'threshold_scale_factor': 0.999948715636114}. Best is trial 64 with value: 0.539941592496957.
[I 2025-05-15 03:31:14,066] Trial 65 finished with value: 0.5302067797564184 and parameters: {'threshold_scale_factor': 0.538279463061476}. Best is trial 64 with value: 0.539941592496957.
[I 2025-05-15 03:31:20,067] Trial 66 finished with value: 0.5397884569651513 and parameters: {'threshold_scale_factor': 0.9539752838715188}. Best is trial 64 with value: 0.539941592496957.
[I 2025-05-15 03:31:26,082] Trial 67 finished with value: 0.5398167509797437 and parameters: {'threshold_scale_factor': 0.960812529236374}. Best is trial 64 with value: 0.539941592496957.
[I 2025-05-15 03:31:32,078] Trial 68 finished with value: 0.5387824244172548 and parameters: {'threshold_scale_factor': 0.874951110758599}. Best is trial 64 with value: 0.539941592496957.
[I 2025-05-15 03:31:38,108] Trial 69 finished with value: 0.5394922725129987 and parameters: {'threshold_scale_factor': 0.9194204088862661}. Best is trial 64 with value: 0.539941592496957.
[I 2025-05-15 03:31:44,116] Trial 70 finished with value: 0.5360548459498062 and parameters: {'threshold_scale_factor': 0.7289870477271772}. Best is trial 64 with value: 0.539941592496957.
[I 2025-05-15 03:31:50,126] Trial 71 finished with value: 0.5399395028460061 and parameters: {'threshold_scale_factor': 0.9994383176967798}. Best is trial 64 with value: 0.539941592496957.
[I 2025-05-15 03:31:56,117] Trial 72 finished with value: 0.5398375926095308 and parameters: {'threshold_scale_factor': 0.9735292220357574}. Best is trial 64 with value: 0.539941592496957.
[I 2025-05-15 03:32:02,130] Trial 73 finished with value: 0.5395808905993851 and parameters: {'threshold_scale_factor': 0.9290503840819027}. Best is trial 64 with value: 0.539941592496957.
[I 2025-05-15 03:32:08,278] Trial 74 finished with value: 0.5399407172357507 and parameters: {'threshold_scale_factor': 0.9997117480686375}. Best is trial 64 with value: 0.539941592496957.
[I 2025-05-15 03:32:14,293] Trial 75 finished with value: 0.5399374174165723 and parameters: {'threshold_scale_factor': 0.9989454227160128}. Best is trial 64 with value: 0.539941592496957.
[I 2025-05-15 03:32:20,286] Trial 76 finished with value: 0.5398160727226675 and parameters: {'threshold_scale_factor': 0.9612248471953271}. Best is trial 64 with value: 0.539941592496957.
[I 2025-05-15 03:32:26,290] Trial 77 finished with value: 0.5393429785617291 and parameters: {'threshold_scale_factor': 0.9060447485041313}. Best is trial 64 with value: 0.539941592496957.
[I 2025-05-15 03:32:32,288] Trial 78 finished with value: 0.5270392333724996 and parameters: {'threshold_scale_factor': 0.45555975496620815}. Best is trial 64 with value: 0.539941592496957.
[I 2025-05-15 03:32:38,311] Trial 79 finished with value: 0.5168060255120348 and parameters: {'threshold_scale_factor': 0.1537827509016113}. Best is trial 64 with value: 0.539941592496957.
[I 2025-05-15 03:32:44,302] Trial 80 finished with value: 0.5396615708265027 and parameters: {'threshold_scale_factor': 0.9385129506990245}. Best is trial 64 with value: 0.539941592496957.
[I 2025-05-15 03:32:50,334] Trial 81 finished with value: 0.539932185549747 and parameters: {'threshold_scale_factor': 0.9980856929920207}. Best is trial 64 with value: 0.539941592496957.
[I 2025-05-15 03:32:56,323] Trial 82 finished with value: 0.539941548874614 and parameters: {'threshold_scale_factor': 0.9999440181059135}. Best is trial 64 with value: 0.539941592496957.
[I 2025-05-15 03:33:02,355] Trial 83 finished with value: 0.5398208936951643 and parameters: {'threshold_scale_factor': 0.9686665795970688}. Best is trial 64 with value: 0.539941592496957.
[I 2025-05-15 03:33:08,352] Trial 84 finished with value: 0.5395839751211927 and parameters: {'threshold_scale_factor': 0.9293710169159622}. Best is trial 64 with value: 0.539941592496957.
[I 2025-05-15 03:33:14,386] Trial 85 finished with value: 0.5398254107184318 and parameters: {'threshold_scale_factor': 0.9713344157464328}. Best is trial 64 with value: 0.539941592496957.
[I 2025-05-15 03:33:20,356] Trial 86 finished with value: 0.538210847891704 and parameters: {'threshold_scale_factor': 0.8423289269906526}. Best is trial 64 with value: 0.539941592496957.
[I 2025-05-15 03:33:26,360] Trial 87 finished with value: 0.538975805078485 and parameters: {'threshold_scale_factor': 0.8862677834068519}. Best is trial 64 with value: 0.539941592496957.
[I 2025-05-15 03:33:32,357] Trial 88 finished with value: 0.5394332979194956 and parameters: {'threshold_scale_factor': 0.912249729722913}. Best is trial 64 with value: 0.539941592496957.
[I 2025-05-15 03:33:38,369] Trial 89 finished with value: 0.539834731828128 and parameters: {'threshold_scale_factor': 0.972950415592402}. Best is trial 64 with value: 0.539941592496957.
[I 2025-05-15 03:33:44,352] Trial 90 finished with value: 0.5396715687861027 and parameters: {'threshold_scale_factor': 0.9396135197555526}. Best is trial 64 with value: 0.539941592496957.
[I 2025-05-15 03:33:50,559] Trial 91 finished with value: 0.5398399285156442 and parameters: {'threshold_scale_factor': 0.9743676195569821}. Best is trial 64 with value: 0.539941592496957.
[I 2025-05-15 03:33:56,546] Trial 92 finished with value: 0.539940915647053 and parameters: {'threshold_scale_factor': 0.9997382726893878}. Best is trial 64 with value: 0.539941592496957.
[I 2025-05-15 03:34:02,560] Trial 93 finished with value: 0.5397363550014423 and parameters: {'threshold_scale_factor': 0.9471907432865002}. Best is trial 64 with value: 0.539941592496957.
[I 2025-05-15 03:34:08,554] Trial 94 finished with value: 0.5398371240211357 and parameters: {'threshold_scale_factor': 0.9732175376512532}. Best is trial 64 with value: 0.539941592496957.
[I 2025-05-15 03:34:14,573] Trial 95 finished with value: 0.5394856236236095 and parameters: {'threshold_scale_factor': 0.9185638576177712}. Best is trial 64 with value: 0.539941592496957.
[I 2025-05-15 03:34:20,551] Trial 96 finished with value: 0.5388151088096025 and parameters: {'threshold_scale_factor': 0.8767384457718554}. Best is trial 64 with value: 0.539941592496957.
[I 2025-05-15 03:34:26,568] Trial 97 finished with value: 0.5398747574386649 and parameters: {'threshold_scale_factor': 0.9806706206571734}. Best is trial 64 with value: 0.539941592496957.
[I 2025-05-15 03:34:32,542] Trial 98 finished with value: 0.5399396857784126 and parameters: {'threshold_scale_factor': 0.9995741619066559}. Best is trial 64 with value: 0.539941592496957.
