[I 2025-05-15 03:25:01,885] Trial 0 finished with value: 0.5325685933201528 and parameters: {'threshold_scale_factor': 0.8054271499323666}. Best is trial 0 with value: 0.5325685933201528.
[I 2025-05-15 03:25:08,012] Trial 1 finished with value: 0.5313812902363346 and parameters: {'threshold_scale_factor': 0.887990875301715}. Best is trial 0 with value: 0.5325685933201528.
[I 2025-05-15 03:25:14,166] Trial 2 finished with value: 0.5172103061303464 and parameters: {'threshold_scale_factor': 0.08687332826746741}. Best is trial 0 with value: 0.5325685933201528.
[I 2025-05-15 03:25:20,312] Trial 3 finished with value: 0.5305630940905797 and parameters: {'threshold_scale_factor': 0.5777707507049762}. Best is trial 0 with value: 0.5325685933201528.
[I 2025-05-15 03:25:26,402] Trial 4 finished with value: 0.5301862533332395 and parameters: {'threshold_scale_factor': 0.5609227785554952}. Best is trial 0 with value: 0.5325685933201528.
[I 2025-05-15 03:25:32,541] Trial 5 finished with value: 0.5161378902264844 and parameters: {'threshold_scale_factor': 0.02088149322474475}. Best is trial 0 with value: 0.5325685933201528.
[I 2025-05-15 03:25:38,673] Trial 6 finished with value: 0.5326694650634283 and parameters: {'threshold_scale_factor': 0.7962589798886787}. Best is trial 6 with value: 0.5326694650634283.
[I 2025-05-15 03:25:44,807] Trial 7 finished with value: 0.5190809461826932 and parameters: {'threshold_scale_factor': 0.17641417127514547}. Best is trial 6 with value: 0.5326694650634283.
[I 2025-05-15 03:25:51,081] Trial 8 finished with value: 0.5185966650015127 and parameters: {'threshold_scale_factor': 0.15468328466082237}. Best is trial 6 with value: 0.5326694650634283.
[I 2025-05-15 03:25:57,198] Trial 9 finished with value: 0.5183979483427028 and parameters: {'threshold_scale_factor': 0.1454715679171723}. Best is trial 6 with value: 0.5326694650634283.
[I 2025-05-15 03:26:03,358] Trial 10 finished with value: 0.5328168058594657 and parameters: {'threshold_scale_factor': 0.7273434843409212}. Best is trial 10 with value: 0.5328168058594657.
[I 2025-05-15 03:26:09,497] Trial 11 finished with value: 0.5328748545335575 and parameters: {'threshold_scale_factor': 0.7337960824262348}. Best is trial 11 with value: 0.5328748545335575.
[I 2025-05-15 03:26:15,639] Trial 12 finished with value: 0.5288882254852986 and parameters: {'threshold_scale_factor': 0.9890701532283975}. Best is trial 11 with value: 0.5328748545335575.
[I 2025-05-15 03:26:21,781] Trial 13 finished with value: 0.5269972602354199 and parameters: {'threshold_scale_factor': 0.4511177202284567}. Best is trial 11 with value: 0.5328748545335575.
[I 2025-05-15 03:26:27,922] Trial 14 finished with value: 0.5320825967958684 and parameters: {'threshold_scale_factor': 0.6628519414569132}. Best is trial 11 with value: 0.5328748545335575.
[I 2025-05-15 03:26:34,089] Trial 15 finished with value: 0.5232896368791731 and parameters: {'threshold_scale_factor': 0.33630194798527435}. Best is trial 11 with value: 0.5328748545335575.
[I 2025-05-15 03:26:40,221] Trial 16 finished with value: 0.5329409001681571 and parameters: {'threshold_scale_factor': 0.7498790541021955}. Best is trial 16 with value: 0.5329409001681571.
[I 2025-05-15 03:26:46,356] Trial 17 finished with value: 0.5256816765051467 and parameters: {'threshold_scale_factor': 0.4123945447540889}. Best is trial 16 with value: 0.5329409001681571.
[I 2025-05-15 03:26:52,514] Trial 18 finished with value: 0.5286399932455728 and parameters: {'threshold_scale_factor': 0.9973815719919152}. Best is trial 16 with value: 0.5329409001681571.
[I 2025-05-15 03:26:58,663] Trial 19 finished with value: 0.5319189792371719 and parameters: {'threshold_scale_factor': 0.6465206542855549}. Best is trial 16 with value: 0.5329409001681571.
[I 2025-05-15 03:27:04,801] Trial 20 finished with value: 0.5316044452574773 and parameters: {'threshold_scale_factor': 0.8677887737704181}. Best is trial 16 with value: 0.5329409001681571.
[I 2025-05-15 03:27:10,930] Trial 21 finished with value: 0.5328294957397857 and parameters: {'threshold_scale_factor': 0.7283335549666599}. Best is trial 16 with value: 0.5329409001681571.
[I 2025-05-15 03:27:17,089] Trial 22 finished with value: 0.5325725108879962 and parameters: {'threshold_scale_factor': 0.7081985090023312}. Best is trial 16 with value: 0.5329409001681571.
[I 2025-05-15 03:27:23,215] Trial 23 finished with value: 0.5303410113347733 and parameters: {'threshold_scale_factor': 0.5686700784874171}. Best is trial 16 with value: 0.5329409001681571.
[I 2025-05-15 03:27:29,505] Trial 24 finished with value: 0.5327764143841158 and parameters: {'threshold_scale_factor': 0.7863056834448658}. Best is trial 16 with value: 0.5329409001681571.
[I 2025-05-15 03:27:35,633] Trial 25 finished with value: 0.5231744401212982 and parameters: {'threshold_scale_factor': 0.3323672532655558}. Best is trial 16 with value: 0.5329409001681571.
[I 2025-05-15 03:27:41,757] Trial 26 finished with value: 0.5314526183959642 and parameters: {'threshold_scale_factor': 0.8822630416910507}. Best is trial 16 with value: 0.5329409001681571.
[I 2025-05-15 03:27:47,865] Trial 27 finished with value: 0.5317835234188659 and parameters: {'threshold_scale_factor': 0.6380276458439278}. Best is trial 16 with value: 0.5329409001681571.
[I 2025-05-15 03:27:54,006] Trial 28 finished with value: 0.5292769652920938 and parameters: {'threshold_scale_factor': 0.5205081791162613}. Best is trial 16 with value: 0.5329409001681571.
[I 2025-05-15 03:28:00,158] Trial 29 finished with value: 0.5328951895812959 and parameters: {'threshold_scale_factor': 0.7390237759217442}. Best is trial 16 with value: 0.5329409001681571.
[I 2025-05-15 03:28:06,329] Trial 30 finished with value: 0.5322200409487157 and parameters: {'threshold_scale_factor': 0.8310183711294177}. Best is trial 16 with value: 0.5329409001681571.
[I 2025-05-15 03:28:12,491] Trial 31 finished with value: 0.5329597422060242 and parameters: {'threshold_scale_factor': 0.7534886048305537}. Best is trial 31 with value: 0.5329597422060242.
[I 2025-05-15 03:28:18,629] Trial 32 finished with value: 0.5307890127982325 and parameters: {'threshold_scale_factor': 0.9172423332074183}. Best is trial 31 with value: 0.5329597422060242.
[I 2025-05-15 03:28:24,771] Trial 33 finished with value: 0.532939597126554 and parameters: {'threshold_scale_factor': 0.7491192849982317}. Best is trial 31 with value: 0.5329597422060242.
[I 2025-05-15 03:28:30,902] Trial 34 finished with value: 0.5328117597393918 and parameters: {'threshold_scale_factor': 0.7824371058558106}. Best is trial 31 with value: 0.5329597422060242.
[I 2025-05-15 03:28:37,034] Trial 35 finished with value: 0.5302479958347698 and parameters: {'threshold_scale_factor': 0.9407597139497613}. Best is trial 31 with value: 0.5329597422060242.
[I 2025-05-15 03:28:43,166] Trial 36 finished with value: 0.5315020664326069 and parameters: {'threshold_scale_factor': 0.6240469238509561}. Best is trial 31 with value: 0.5329597422060242.
[I 2025-05-15 03:28:49,307] Trial 37 finished with value: 0.5321418514166708 and parameters: {'threshold_scale_factor': 0.8358401802622257}. Best is trial 31 with value: 0.5329597422060242.
[I 2025-05-15 03:28:55,449] Trial 38 finished with value: 0.5322411766775254 and parameters: {'threshold_scale_factor': 0.6829649449330715}. Best is trial 31 with value: 0.5329597422060242.
[I 2025-05-15 03:29:01,605] Trial 39 finished with value: 0.5328843191748341 and parameters: {'threshold_scale_factor': 0.774630502037925}. Best is trial 31 with value: 0.5329597422060242.
[I 2025-05-15 03:29:07,755] Trial 40 finished with value: 0.5286584440895242 and parameters: {'threshold_scale_factor': 0.5000068964923287}. Best is trial 31 with value: 0.5329597422060242.
[I 2025-05-15 03:29:14,070] Trial 41 finished with value: 0.532959564902307 and parameters: {'threshold_scale_factor': 0.7628974446541748}. Best is trial 31 with value: 0.5329597422060242.
[I 2025-05-15 03:29:20,634] Trial 42 finished with value: 0.5309176044297785 and parameters: {'threshold_scale_factor': 0.5949481596622964}. Best is trial 31 with value: 0.5329597422060242.
[I 2025-05-15 03:29:26,772] Trial 43 finished with value: 0.5321213179576301 and parameters: {'threshold_scale_factor': 0.8369747400802952}. Best is trial 31 with value: 0.5329597422060242.
[I 2025-05-15 03:29:32,906] Trial 44 finished with value: 0.5329499834657248 and parameters: {'threshold_scale_factor': 0.7646149440338597}. Best is trial 31 with value: 0.5329597422060242.
[I 2025-05-15 03:29:39,064] Trial 45 finished with value: 0.5304528688726438 and parameters: {'threshold_scale_factor': 0.9319716778308557}. Best is trial 31 with value: 0.5329597422060242.
[I 2025-05-15 03:29:45,185] Trial 46 finished with value: 0.532973455100648 and parameters: {'threshold_scale_factor': 0.7573633780604629}. Best is trial 46 with value: 0.532973455100648.
[I 2025-05-15 03:29:51,390] Trial 47 finished with value: 0.5321478994434634 and parameters: {'threshold_scale_factor': 0.6710513280266145}. Best is trial 46 with value: 0.532973455100648.
[I 2025-05-15 03:29:57,517] Trial 48 finished with value: 0.5324434520752275 and parameters: {'threshold_scale_factor': 0.6991245891214412}. Best is trial 46 with value: 0.532973455100648.
[I 2025-05-15 03:30:03,664] Trial 49 finished with value: 0.5323470649902553 and parameters: {'threshold_scale_factor': 0.820131275968292}. Best is trial 46 with value: 0.532973455100648.
[I 2025-05-15 03:30:09,807] Trial 50 finished with value: 0.5315950172026822 and parameters: {'threshold_scale_factor': 0.8687914469620326}. Best is trial 46 with value: 0.532973455100648.
[I 2025-05-15 03:30:15,939] Trial 51 finished with value: 0.5329723814281392 and parameters: {'threshold_scale_factor': 0.7568763253927935}. Best is trial 46 with value: 0.532973455100648.
[I 2025-05-15 03:30:22,001] Trial 52 finished with value: 0.5328988876302514 and parameters: {'threshold_scale_factor': 0.7733746635327564}. Best is trial 46 with value: 0.532973455100648.
[I 2025-05-15 03:30:28,105] Trial 53 finished with value: 0.5312968570805395 and parameters: {'threshold_scale_factor': 0.6151998996650013}. Best is trial 46 with value: 0.532973455100648.
[I 2025-05-15 03:30:34,236] Trial 54 finished with value: 0.5324528562080927 and parameters: {'threshold_scale_factor': 0.6998148808676886}. Best is trial 46 with value: 0.532973455100648.
[I 2025-05-15 03:30:40,371] Trial 55 finished with value: 0.5296076690893485 and parameters: {'threshold_scale_factor': 0.533819156776019}. Best is trial 46 with value: 0.532973455100648.
[I 2025-05-15 03:30:46,491] Trial 56 finished with value: 0.5329671917764848 and parameters: {'threshold_scale_factor': 0.755521175607226}. Best is trial 46 with value: 0.532973455100648.
[I 2025-05-15 03:30:52,633] Trial 57 finished with value: 0.5297272407460828 and parameters: {'threshold_scale_factor': 0.9606640133363167}. Best is trial 46 with value: 0.532973455100648.
[I 2025-05-15 03:30:58,931] Trial 58 finished with value: 0.531085436469686 and parameters: {'threshold_scale_factor': 0.9048748418161505}. Best is trial 46 with value: 0.532973455100648.
[I 2025-05-15 03:31:05,064] Trial 59 finished with value: 0.532618668955667 and parameters: {'threshold_scale_factor': 0.8009948258243627}. Best is trial 46 with value: 0.532973455100648.
[I 2025-05-15 03:31:11,200] Trial 60 finished with value: 0.5319877027207677 and parameters: {'threshold_scale_factor': 0.8451389653016024}. Best is trial 46 with value: 0.532973455100648.
[I 2025-05-15 03:31:17,332] Trial 61 finished with value: 0.5329145114649367 and parameters: {'threshold_scale_factor': 0.7434218006722371}. Best is trial 46 with value: 0.532973455100648.
[I 2025-05-15 03:31:23,454] Trial 62 finished with value: 0.532147087505013 and parameters: {'threshold_scale_factor': 0.6709274946014603}. Best is trial 46 with value: 0.532973455100648.
[I 2025-05-15 03:31:29,586] Trial 63 finished with value: 0.5329519281779228 and parameters: {'threshold_scale_factor': 0.7518152672697518}. Best is trial 46 with value: 0.532973455100648.
[I 2025-05-15 03:31:35,712] Trial 64 finished with value: 0.5327566970850424 and parameters: {'threshold_scale_factor': 0.7214980545014296}. Best is trial 46 with value: 0.532973455100648.
[I 2025-05-15 03:31:41,861] Trial 65 finished with value: 0.5325424142856138 and parameters: {'threshold_scale_factor': 0.8071522605901641}. Best is trial 46 with value: 0.532973455100648.
[I 2025-05-15 03:31:48,014] Trial 66 finished with value: 0.5329677602741172 and parameters: {'threshold_scale_factor': 0.7555826072330065}. Best is trial 46 with value: 0.532973455100648.
[I 2025-05-15 03:31:54,150] Trial 67 finished with value: 0.5166468799470902 and parameters: {'threshold_scale_factor': 0.05363681485981753}. Best is trial 46 with value: 0.532973455100648.
[I 2025-05-15 03:32:00,286] Trial 68 finished with value: 0.5325530243651893 and parameters: {'threshold_scale_factor': 0.706694901575298}. Best is trial 46 with value: 0.532973455100648.
[I 2025-05-15 03:32:06,402] Trial 69 finished with value: 0.520610324423587 and parameters: {'threshold_scale_factor': 0.2372750001212155}. Best is trial 46 with value: 0.532973455100648.
[I 2025-05-15 03:32:12,529] Trial 70 finished with value: 0.531954124773973 and parameters: {'threshold_scale_factor': 0.6489272941967005}. Best is trial 46 with value: 0.532973455100648.
[I 2025-05-15 03:32:18,666] Trial 71 finished with value: 0.5329466752035124 and parameters: {'threshold_scale_factor': 0.7651860243788907}. Best is trial 46 with value: 0.532973455100648.
[I 2025-05-15 03:32:24,798] Trial 72 finished with value: 0.5325784463410002 and parameters: {'threshold_scale_factor': 0.8045835006831819}. Best is trial 46 with value: 0.532973455100648.
[I 2025-05-15 03:32:30,938] Trial 73 finished with value: 0.5315631377129227 and parameters: {'threshold_scale_factor': 0.8726555371200992}. Best is trial 46 with value: 0.532973455100648.
[I 2025-05-15 03:32:37,239] Trial 74 finished with value: 0.5329461461067059 and parameters: {'threshold_scale_factor': 0.7509694311318372}. Best is trial 46 with value: 0.532973455100648.
[I 2025-05-15 03:32:43,394] Trial 75 finished with value: 0.5327467230473726 and parameters: {'threshold_scale_factor': 0.7207320984482315}. Best is trial 46 with value: 0.532973455100648.
[I 2025-05-15 03:32:49,525] Trial 76 finished with value: 0.5318165764903715 and parameters: {'threshold_scale_factor': 0.8550852103929119}. Best is trial 46 with value: 0.532973455100648.
[I 2025-05-15 03:32:55,658] Trial 77 finished with value: 0.5327454819213531 and parameters: {'threshold_scale_factor': 0.7890663292842193}. Best is trial 46 with value: 0.532973455100648.
[I 2025-05-15 03:33:01,779] Trial 78 finished with value: 0.5312593657874185 and parameters: {'threshold_scale_factor': 0.8956740962243588}. Best is trial 46 with value: 0.532973455100648.
[I 2025-05-15 03:33:07,908] Trial 79 finished with value: 0.5309270437419527 and parameters: {'threshold_scale_factor': 0.5954508827902171}. Best is trial 46 with value: 0.532973455100648.
[I 2025-05-15 03:33:14,040] Trial 80 finished with value: 0.5263785912797528 and parameters: {'threshold_scale_factor': 0.43293313482406404}. Best is trial 46 with value: 0.532973455100648.
[I 2025-05-15 03:33:20,155] Trial 81 finished with value: 0.5329639595015796 and parameters: {'threshold_scale_factor': 0.7618640263304362}. Best is trial 46 with value: 0.532973455100648.
[I 2025-05-15 03:33:26,302] Trial 82 finished with value: 0.5329721942742157 and parameters: {'threshold_scale_factor': 0.7580022528059143}. Best is trial 46 with value: 0.532973455100648.
[I 2025-05-15 03:33:32,438] Trial 83 finished with value: 0.532181587149702 and parameters: {'threshold_scale_factor': 0.6754725189354488}. Best is trial 46 with value: 0.532973455100648.
[I 2025-05-15 03:33:38,552] Trial 84 finished with value: 0.5323400769723279 and parameters: {'threshold_scale_factor': 0.8209647573687006}. Best is trial 46 with value: 0.532973455100648.
[I 2025-05-15 03:33:44,693] Trial 85 finished with value: 0.5328112109421722 and parameters: {'threshold_scale_factor': 0.7267864776974838}. Best is trial 46 with value: 0.532973455100648.
[I 2025-05-15 03:33:50,825] Trial 86 finished with value: 0.5322903066932153 and parameters: {'threshold_scale_factor': 0.689205811759797}. Best is trial 46 with value: 0.532973455100648.
[I 2025-05-15 03:33:56,953] Trial 87 finished with value: 0.5319636865101423 and parameters: {'threshold_scale_factor': 0.6497248419294611}. Best is trial 46 with value: 0.532973455100648.
[I 2025-05-15 03:34:03,087] Trial 88 finished with value: 0.5329705239606273 and parameters: {'threshold_scale_factor': 0.759650819025819}. Best is trial 46 with value: 0.532973455100648.
[I 2025-05-15 03:34:09,212] Trial 89 finished with value: 0.5328238037275995 and parameters: {'threshold_scale_factor': 0.7813557564256931}. Best is trial 46 with value: 0.532973455100648.
[I 2025-05-15 03:34:15,339] Trial 90 finished with value: 0.5323880094843416 and parameters: {'threshold_scale_factor': 0.8168175392076729}. Best is trial 46 with value: 0.532973455100648.
[I 2025-05-15 03:34:21,634] Trial 91 finished with value: 0.5329636907316593 and parameters: {'threshold_scale_factor': 0.7547124823606847}. Best is trial 46 with value: 0.532973455100648.
[I 2025-05-15 03:34:27,783] Trial 92 finished with value: 0.5329683217358878 and parameters: {'threshold_scale_factor': 0.7605939683044513}. Best is trial 46 with value: 0.532973455100648.
[I 2025-05-15 03:34:33,920] Trial 93 finished with value: 0.5328811150433761 and parameters: {'threshold_scale_factor': 0.7356478854065457}. Best is trial 46 with value: 0.532973455100648.
[I 2025-05-15 03:34:40,057] Trial 94 finished with value: 0.5325679066200424 and parameters: {'threshold_scale_factor': 0.7079215797276195}. Best is trial 46 with value: 0.532973455100648.
[I 2025-05-15 03:34:46,209] Trial 95 finished with value: 0.5318937641156978 and parameters: {'threshold_scale_factor': 0.850266530377401}. Best is trial 46 with value: 0.532973455100648.
[I 2025-05-15 03:34:52,364] Trial 96 finished with value: 0.5328029100324353 and parameters: {'threshold_scale_factor': 0.7834695409351841}. Best is trial 46 with value: 0.532973455100648.
[I 2025-05-15 03:34:58,504] Trial 97 finished with value: 0.5313992471627886 and parameters: {'threshold_scale_factor': 0.6195440416911089}. Best is trial 46 with value: 0.532973455100648.
[I 2025-05-15 03:35:04,653] Trial 98 finished with value: 0.5329618656291115 and parameters: {'threshold_scale_factor': 0.7625641893835029}. Best is trial 46 with value: 0.532973455100648.
