[I 2025-05-15 03:34:34,976] Trial 99 finished with value: 0.519769657142455 and parameters: {'threshold_scale_factor': 0.23036788397874441}. Best is trial 85 with value: 0.5355589485608144.
Best hyperparameters: {'threshold_scale_factor': 0.7600808463938883}
Best optimized value: 0.5355589485608144
Running audit 1/1
Training a GraphSAGE target model on github...
Training GraphSAGE on cuda:   0%|          | 0/300 [00:00<?, ?it/s]Training GraphSAGE on cuda:   5%|▍         | 14/300 [00:00<00:02, 134.45it/s]Training GraphSAGE on cuda:  10%|█         | 30/300 [00:00<00:01, 145.73it/s]Training GraphSAGE on cuda:  16%|█▌        | 47/300 [00:00<00:01, 152.54it/s]Training GraphSAGE on cuda:  21%|██▏       | 64/300 [00:00<00:01, 155.93it/s]Training GraphSAGE on cuda:  27%|██▋       | 81/300 [00:00<00:01, 157.72it/s]Training GraphSAGE on cuda:  33%|███▎      | 98/300 [00:00<00:01, 158.56it/s]Training GraphSAGE on cuda:  38%|███▊      | 115/300 [00:00<00:01, 159.10it/s]Training GraphSAGE on cuda:  44%|████▍     | 132/300 [00:00<00:01, 159.58it/s]Training GraphSAGE on cuda:  50%|████▉     | 149/300 [00:00<00:00, 159.81it/s]Training GraphSAGE on cuda:  55%|█████▌    | 166/300 [00:01<00:00, 160.10it/s]Training GraphSAGE on cuda:  61%|██████    | 183/300 [00:01<00:00, 160.27it/s]Training GraphSAGE on cuda:  67%|██████▋   | 200/300 [00:01<00:00, 160.36it/s]Training GraphSAGE on cuda:  72%|███████▏  | 217/300 [00:01<00:00, 160.49it/s]Training GraphSAGE on cuda:  78%|███████▊  | 234/300 [00:01<00:00, 160.49it/s]Training GraphSAGE on cuda:  84%|████████▎ | 251/300 [00:01<00:00, 160.45it/s]Training GraphSAGE on cuda:  89%|████████▉ | 268/300 [00:01<00:00, 160.37it/s]Training GraphSAGE on cuda:  95%|█████████▌| 285/300 [00:01<00:00, 160.41it/s]Training GraphSAGE on cuda: 100%|██████████| 300/300 [00:01<00:00, 158.71it/s]
Train accuracy: 0.9754 | Test accuracy: 0.8422
Training MLP on cuda:   0%|          | 0/1000 [00:00<?, ?it/s]Training MLP on cuda:   0%|          | 1/1000 [00:39<11:03:31, 39.85s/it]Training MLP on cuda:   0%|          | 2/1000 [01:18<10:54:20, 39.34s/it]Training MLP on cuda:   0%|          | 3/1000 [01:58<10:52:49, 39.29s/it]Training MLP on cuda:   0%|          | 4/1000 [02:37<10:50:32, 39.19s/it]Training MLP on cuda:   0%|          | 5/1000 [03:16<10:50:09, 39.21s/it]Training MLP on cuda:   1%|          | 6/1000 [03:55<10:48:48, 39.16s/it]Training MLP on cuda:   1%|          | 7/1000 [04:34<10:48:51, 39.21s/it]Training MLP on cuda:   1%|          | 8/1000 [05:13<10:46:58, 39.13s/it]Training MLP on cuda:   1%|          | 9/1000 [05:52<10:46:59, 39.17s/it]Training MLP on cuda:   1%|          | 10/1000 [06:32<10:45:54, 39.15s/it]Training MLP on cuda:   1%|          | 11/1000 [07:11<10:45:02, 39.13s/it]Training MLP on cuda:   1%|          | 12/1000 [07:50<10:44:15, 39.13s/it]Training MLP on cuda:   1%|▏         | 13/1000 [08:29<10:44:38, 39.19s/it]Training MLP on cuda:   1%|▏         | 14/1000 [09:08<10:43:18, 39.15s/it]Training MLP on cuda:   2%|▏         | 15/1000 [09:47<10:43:35, 39.20s/it]Training MLP on cuda:   2%|▏         | 16/1000 [10:27<10:42:44, 39.19s/it]Training MLP on cuda:   2%|▏         | 17/1000 [11:06<10:41:58, 39.19s/it]Training MLP on cuda:   2%|▏         | 18/1000 [11:45<10:40:37, 39.14s/it]Training MLP on cuda:   2%|▏         | 19/1000 [12:24<10:40:56, 39.20s/it]Training MLP on cuda:   2%|▏         | 20/1000 [13:03<10:39:43, 39.17s/it]Training MLP on cuda:   2%|▏         | 21/1000 [13:43<10:39:40, 39.20s/it]Training MLP on cuda:   2%|▏         | 22/1000 [14:22<10:38:19, 39.16s/it]Training MLP on cuda:   2%|▏         | 23/1000 [15:01<10:38:03, 39.18s/it]Training MLP on cuda:   2%|▏         | 24/1000 [15:40<10:37:07, 39.17s/it]Training MLP on cuda:   2%|▎         | 25/1000 [16:19<10:36:51, 39.19s/it]Training MLP on cuda:   3%|▎         | 26/1000 [16:58<10:35:39, 39.16s/it]Training MLP on cuda:   3%|▎         | 27/1000 [17:38<10:35:42, 39.20s/it]Training MLP on cuda:   3%|▎         | 28/1000 [18:17<10:34:25, 39.16s/it]Training MLP on cuda:   3%|▎         | 29/1000 [18:56<10:34:20, 39.20s/it]Training MLP on cuda:   3%|▎         | 30/1000 [19:35<10:33:08, 39.16s/it]Training MLP on cuda:   3%|▎         | 31/1000 [20:14<10:32:40, 39.17s/it]Training MLP on cuda:   3%|▎         | 32/1000 [20:53<10:31:14, 39.13s/it]Training MLP on cuda:   3%|▎         | 33/1000 [21:32<10:31:04, 39.16s/it]Training MLP on cuda:   3%|▎         | 34/1000 [22:12<10:30:23, 39.15s/it]Training MLP on cuda:   4%|▎         | 35/1000 [22:51<10:30:16, 39.19s/it]Training MLP on cuda:   4%|▎         | 36/1000 [23:30<10:28:54, 39.14s/it]Training MLP on cuda:   4%|▎         | 37/1000 [24:09<10:28:33, 39.16s/it]Training MLP on cuda:   4%|▍         | 38/1000 [24:48<10:27:31, 39.14s/it]Training MLP on cuda:   4%|▍         | 39/1000 [25:27<10:26:37, 39.12s/it]Training MLP on cuda:   4%|▍         | 40/1000 [26:06<10:26:04, 39.13s/it]Training MLP on cuda:   4%|▍         | 41/1000 [26:46<10:26:04, 39.17s/it]Training MLP on cuda:   4%|▍         | 42/1000 [27:25<10:24:47, 39.13s/it]Training MLP on cuda:   4%|▍         | 43/1000 [28:04<10:24:45, 39.17s/it]Training MLP on cuda:   4%|▍         | 44/1000 [28:43<10:23:39, 39.14s/it]Training MLP on cuda:   4%|▍         | 45/1000 [29:22<10:23:07, 39.15s/it]Training MLP on cuda:   5%|▍         | 46/1000 [30:01<10:22:04, 39.12s/it]Training MLP on cuda:   5%|▍         | 47/1000 [30:41<10:22:19, 39.18s/it]Training MLP on cuda:   5%|▍         | 48/1000 [31:20<10:20:38, 39.12s/it]Training MLP on cuda:   5%|▍         | 49/1000 [31:59<10:20:34, 39.15s/it]Training MLP on cuda:   5%|▌         | 50/1000 [32:38<10:19:49, 39.15s/it]Training MLP on cuda:   5%|▌         | 51/1000 [33:17<10:19:03, 39.14s/it]Training MLP on cuda:   5%|▌         | 52/1000 [33:56<10:17:50, 39.10s/it]Training MLP on cuda:   5%|▌         | 53/1000 [34:35<10:17:38, 39.13s/it]Training MLP on cuda:   5%|▌         | 54/1000 [35:14<10:16:52, 39.12s/it]Training MLP on cuda:   6%|▌         | 55/1000 [35:54<10:16:34, 39.15s/it]Training MLP on cuda:   6%|▌         | 56/1000 [36:33<10:15:21, 39.11s/it]Training MLP on cuda:   6%|▌         | 57/1000 [37:12<10:15:38, 39.17s/it]Training MLP on cuda:   6%|▌         | 58/1000 [37:51<10:14:06, 39.12s/it]Training MLP on cuda:   6%|▌         | 59/1000 [38:30<10:14:01, 39.15s/it]Training MLP on cuda:   6%|▌         | 60/1000 [39:09<10:12:55, 39.12s/it]Training MLP on cuda:   6%|▌         | 61/1000 [39:48<10:12:33, 39.14s/it]Training MLP on cuda:   6%|▌         | 62/1000 [40:27<10:11:32, 39.12s/it]Training MLP on cuda:   6%|▋         | 63/1000 [41:07<10:11:24, 39.15s/it]Training MLP on cuda:   6%|▋         | 64/1000 [41:46<10:09:53, 39.10s/it]Training MLP on cuda:   6%|▋         | 65/1000 [42:25<10:09:31, 39.11s/it]Training MLP on cuda:   7%|▋         | 66/1000 [43:04<10:07:38, 39.03s/it]Training MLP on cuda:   7%|▋         | 67/1000 [43:43<10:06:26, 39.00s/it]Training MLP on cuda:   7%|▋         | 68/1000 [44:21<10:04:41, 38.93s/it]Training MLP on cuda:   7%|▋         | 69/1000 [45:00<10:03:36, 38.90s/it]Training MLP on cuda:   7%|▋         | 70/1000 [45:39<10:01:54, 38.83s/it]Training MLP on cuda:   7%|▋         | 71/1000 [46:18<10:01:25, 38.84s/it]Training MLP on cuda:   7%|▋         | 72/1000 [46:56<9:59:57, 38.79s/it] Training MLP on cuda:   7%|▋         | 73/1000 [47:35<9:59:41, 38.82s/it]Training MLP on cuda:   7%|▋         | 74/1000 [48:14<9:58:32, 38.78s/it]Training MLP on cuda:   8%|▊         | 75/1000 [48:53<9:58:21, 38.81s/it]Training MLP on cuda:   8%|▊         | 76/1000 [49:32<9:57:01, 38.77s/it]Training MLP on cuda:   8%|▊         | 77/1000 [50:10<9:56:15, 38.76s/it]Training MLP on cuda:   8%|▊         | 78/1000 [50:49<9:54:58, 38.72s/it]Training MLP on cuda:   8%|▊         | 79/1000 [51:28<9:54:31, 38.73s/it]Training MLP on cuda:   8%|▊         | 80/1000 [52:06<9:53:20, 38.70s/it]Training MLP on cuda:   8%|▊         | 81/1000 [52:45<9:52:59, 38.72s/it]Training MLP on cuda:   8%|▊         | 82/1000 [53:24<9:51:46, 38.68s/it]Training MLP on cuda:   8%|▊         | 83/1000 [54:02<9:50:42, 38.65s/it]Training MLP on cuda:   8%|▊         | 84/1000 [54:41<9:48:39, 38.56s/it]Training MLP on cuda:   8%|▊         | 85/1000 [55:19<9:47:55, 38.55s/it]Training MLP on cuda:   9%|▊         | 86/1000 [55:57<9:45:44, 38.45s/it]Training MLP on cuda:   9%|▊         | 87/1000 [56:35<9:43:45, 38.36s/it]Training MLP on cuda:   9%|▉         | 88/1000 [57:14<9:41:59, 38.29s/it]Training MLP on cuda:   9%|▉         | 89/1000 [57:52<9:40:44, 38.25s/it]Training MLP on cuda:   9%|▉         | 90/1000 [58:30<9:40:20, 38.26s/it]Training MLP on cuda:   9%|▉         | 91/1000 [59:08<9:39:04, 38.22s/it]Training MLP on cuda:   9%|▉         | 92/1000 [59:46<9:38:29, 38.23s/it]Training MLP on cuda:   9%|▉         | 93/1000 [1:00:24<9:36:26, 38.13s/it]Training MLP on cuda:   9%|▉         | 94/1000 [1:01:03<9:36:15, 38.16s/it]Training MLP on cuda:  10%|▉         | 95/1000 [1:01:41<9:35:59, 38.19s/it]Training MLP on cuda:  10%|▉         | 96/1000 [1:02:19<9:34:27, 38.13s/it]Training MLP on cuda:  10%|▉         | 97/1000 [1:02:57<9:34:23, 38.17s/it]Training MLP on cuda:  10%|▉         | 98/1000 [1:03:35<9:33:10, 38.13s/it]Training MLP on cuda:  10%|▉         | 99/1000 [1:04:13<9:33:17, 38.18s/it]Training MLP on cuda:  10%|█         | 100/1000 [1:04:52<9:32:29, 38.17s/it]Training MLP on cuda:  10%|█         | 101/1000 [1:05:29<9:30:57, 38.11s/it]Training MLP on cuda:  10%|█         | 102/1000 [1:06:08<9:30:38, 38.13s/it]Training MLP on cuda:  10%|█         | 103/1000 [1:06:46<9:29:52, 38.12s/it]Training MLP on cuda:  10%|█         | 104/1000 [1:07:24<9:29:42, 38.15s/it]Training MLP on cuda:  10%|█         | 105/1000 [1:08:02<9:28:44, 38.13s/it]Training MLP on cuda:  11%|█         | 106/1000 [1:08:40<9:28:47, 38.17s/it]Training MLP on cuda:  11%|█         | 107/1000 [1:09:18<9:27:45, 38.15s/it]Training MLP on cuda:  11%|█         | 108/1000 [1:09:57<9:27:02, 38.14s/it]Training MLP on cuda:  11%|█         | 109/1000 [1:10:35<9:26:32, 38.15s/it]Training MLP on cuda:  11%|█         | 110/1000 [1:11:13<9:27:25, 38.25s/it]Training MLP on cuda:  11%|█         | 111/1000 [1:11:51<9:26:16, 38.22s/it]Training MLP on cuda:  11%|█         | 112/1000 [1:12:30<9:25:27, 38.21s/it]Training MLP on cuda:  11%|█▏        | 113/1000 [1:13:08<9:24:37, 38.19s/it]Training MLP on cuda:  11%|█▏        | 114/1000 [1:13:46<9:24:29, 38.23s/it]Training MLP on cuda:  12%|█▏        | 115/1000 [1:14:24<9:24:00, 38.24s/it]Training MLP on cuda:  12%|█▏        | 116/1000 [1:15:02<9:22:10, 38.16s/it]Training MLP on cuda:  12%|█▏        | 117/1000 [1:15:41<9:22:15, 38.21s/it]Training MLP on cuda:  12%|█▏        | 118/1000 [1:16:19<9:21:09, 38.17s/it]Training MLP on cuda:  12%|█▏        | 119/1000 [1:16:57<9:20:41, 38.19s/it]Training MLP on cuda:  12%|█▏        | 120/1000 [1:17:35<9:20:04, 38.19s/it]Training MLP on cuda:  12%|█▏        | 121/1000 [1:18:13<9:19:47, 38.21s/it]Training MLP on cuda:  12%|█▏        | 122/1000 [1:18:51<9:18:29, 38.17s/it]Training MLP on cuda:  12%|█▏        | 123/1000 [1:19:30<9:18:22, 38.20s/it]Training MLP on cuda:  12%|█▏        | 124/1000 [1:20:08<9:17:36, 38.19s/it]Training MLP on cuda:  12%|█▎        | 125/1000 [1:20:47<9:19:12, 38.35s/it]Training MLP on cuda:  13%|█▎        | 126/1000 [1:21:25<9:17:33, 38.28s/it]Training MLP on cuda:  13%|█▎        | 127/1000 [1:22:03<9:17:08, 38.29s/it]Training MLP on cuda:  13%|█▎        | 128/1000 [1:22:41<9:15:46, 38.24s/it]Training MLP on cuda:  13%|█▎        | 129/1000 [1:23:19<9:15:19, 38.25s/it]Training MLP on cuda:  13%|█▎        | 130/1000 [1:23:58<9:14:47, 38.26s/it]Training MLP on cuda:  13%|█▎        | 131/1000 [1:24:36<9:14:06, 38.26s/it]Training MLP on cuda:  13%|█▎        | 132/1000 [1:25:14<9:12:45, 38.21s/it]Training MLP on cuda:  13%|█▎        | 133/1000 [1:25:52<9:12:46, 38.25s/it]Training MLP on cuda:  13%|█▎        | 134/1000 [1:26:31<9:11:49, 38.23s/it]Training MLP on cuda:  14%|█▎        | 135/1000 [1:27:09<9:11:23, 38.25s/it]Training MLP on cuda:  14%|█▎        | 136/1000 [1:27:47<9:10:59, 38.26s/it]Training MLP on cuda:  14%|█▎        | 137/1000 [1:28:25<9:09:06, 38.18s/it]Training MLP on cuda:  14%|█▍        | 138/1000 [1:29:03<9:08:16, 38.16s/it]Training MLP on cuda:  14%|█▍        | 139/1000 [1:29:41<9:07:06, 38.13s/it]Training MLP on cuda:  14%|█▍        | 140/1000 [1:30:20<9:06:55, 38.16s/it]Training MLP on cuda:  14%|█▍        | 141/1000 [1:30:58<9:06:21, 38.16s/it]Training MLP on cuda:  14%|█▍        | 142/1000 [1:31:36<9:04:24, 38.07s/it]Training MLP on cuda:  14%|█▍        | 143/1000 [1:32:14<9:04:36, 38.13s/it]Training MLP on cuda:  14%|█▍        | 144/1000 [1:32:52<9:03:13, 38.08s/it]Training MLP on cuda:  14%|█▍        | 145/1000 [1:33:30<9:03:13, 38.12s/it]Training MLP on cuda:  15%|█▍        | 146/1000 [1:34:08<9:02:26, 38.11s/it]Training MLP on cuda:  15%|█▍        | 147/1000 [1:34:46<9:02:12, 38.14s/it]Training MLP on cuda:  15%|█▍        | 148/1000 [1:35:24<9:01:20, 38.12s/it]Training MLP on cuda:  15%|█▍        | 149/1000 [1:36:03<9:01:03, 38.15s/it]Training MLP on cuda:  15%|█▌        | 150/1000 [1:36:40<8:59:25, 38.08s/it]Training MLP on cuda:  15%|█▌        | 151/1000 [1:37:19<8:59:32, 38.13s/it]Training MLP on cuda:  15%|█▌        | 152/1000 [1:37:57<8:58:42, 38.12s/it]Training MLP on cuda:  15%|█▌        | 153/1000 [1:38:35<8:57:59, 38.11s/it]Training MLP on cuda:  15%|█▌        | 154/1000 [1:39:13<8:56:55, 38.08s/it]Training MLP on cuda:  16%|█▌        | 155/1000 [1:39:51<8:56:43, 38.11s/it]Training MLP on cuda:  16%|█▌        | 156/1000 [1:40:29<8:55:22, 38.06s/it]Training MLP on cuda:  16%|█▌        | 157/1000 [1:41:07<8:55:08, 38.09s/it]Training MLP on cuda:  16%|█▌        | 158/1000 [1:41:45<8:54:49, 38.11s/it]Training MLP on cuda:  16%|█▌        | 159/1000 [1:42:24<8:54:48, 38.15s/it]Training MLP on cuda:  16%|█▌        | 160/1000 [1:43:02<8:53:26, 38.10s/it]Training MLP on cuda:  16%|█▌        | 161/1000 [1:43:40<8:53:10, 38.13s/it]Training MLP on cuda:  16%|█▌        | 162/1000 [1:44:18<8:52:16, 38.11s/it]Training MLP on cuda:  16%|█▋        | 163/1000 [1:44:56<8:52:03, 38.14s/it]Training MLP on cuda:  16%|█▋        | 164/1000 [1:45:34<8:51:01, 38.11s/it]Training MLP on cuda:  16%|█▋        | 165/1000 [1:46:12<8:50:46, 38.14s/it]Training MLP on cuda:  17%|█▋        | 166/1000 [1:46:50<8:49:24, 38.09s/it]Training MLP on cuda:  17%|█▋        | 167/1000 [1:47:29<8:49:33, 38.14s/it]Training MLP on cuda:  17%|█▋        | 168/1000 [1:48:07<8:48:46, 38.13s/it]Training MLP on cuda:  17%|█▋        | 169/1000 [1:48:45<8:48:18, 38.15s/it]Training MLP on cuda:  17%|█▋        | 170/1000 [1:49:23<8:47:39, 38.14s/it]Training MLP on cuda:  17%|█▋        | 171/1000 [1:50:02<8:48:57, 38.28s/it]Training MLP on cuda:  17%|█▋        | 172/1000 [1:50:40<8:49:02, 38.34s/it]Training MLP on cuda:  17%|█▋        | 173/1000 [1:51:19<8:49:34, 38.42s/it]Training MLP on cuda:  17%|█▋        | 174/1000 [1:51:57<8:49:10, 38.44s/it]Training MLP on cuda:  18%|█▊        | 175/1000 [1:52:36<8:49:01, 38.47s/it]Training MLP on cuda:  18%|█▊        | 176/1000 [1:53:14<8:48:05, 38.45s/it]Training MLP on cuda:  18%|█▊        | 177/1000 [1:53:53<8:48:17, 38.51s/it]Training MLP on cuda:  18%|█▊        | 178/1000 [1:54:31<8:47:21, 38.49s/it]Training MLP on cuda:  18%|█▊        | 179/1000 [1:55:10<8:46:40, 38.49s/it]Training MLP on cuda:  18%|█▊        | 180/1000 [1:55:48<8:45:40, 38.46s/it]Training MLP on cuda:  18%|█▊        | 181/1000 [1:56:27<8:46:05, 38.54s/it]Training MLP on cuda:  18%|█▊        | 182/1000 [1:57:05<8:44:29, 38.47s/it]Training MLP on cuda:  18%|█▊        | 183/1000 [1:57:44<8:44:14, 38.50s/it]Training MLP on cuda:  18%|█▊        | 184/1000 [1:58:22<8:43:19, 38.48s/it]Training MLP on cuda:  18%|█▊        | 185/1000 [1:59:01<8:42:52, 38.49s/it]Training MLP on cuda:  19%|█▊        | 186/1000 [1:59:39<8:41:55, 38.47s/it]Training MLP on cuda:  19%|█▊        | 187/1000 [2:00:18<8:41:24, 38.48s/it]Training MLP on cuda:  19%|█▉        | 188/1000 [2:00:56<8:40:12, 38.44s/it]Training MLP on cuda:  19%|█▉        | 189/1000 [2:01:35<8:40:10, 38.48s/it]Training MLP on cuda:  19%|█▉        | 190/1000 [2:02:13<8:38:51, 38.43s/it]Training MLP on cuda:  19%|█▉        | 191/1000 [2:02:51<8:38:59, 38.49s/it]Training MLP on cuda:  19%|█▉        | 192/1000 [2:03:30<8:37:59, 38.46s/it]Training MLP on cuda:  19%|█▉        | 192/1000 [2:04:08<8:42:27, 38.80s/it]
Training MLP on cuda:   0%|          | 0/1000 [00:00<?, ?it/s]Training MLP on cuda:   0%|          | 1/1000 [00:38<10:43:30, 38.65s/it]Training MLP on cuda:   0%|          | 2/1000 [01:16<10:36:11, 38.25s/it]Training MLP on cuda:   0%|          | 3/1000 [01:54<10:35:16, 38.23s/it]Training MLP on cuda:   0%|          | 4/1000 [02:34<10:42:40, 38.71s/it]Training MLP on cuda:   0%|          | 5/1000 [03:12<10:37:40, 38.45s/it]Training MLP on cuda:   1%|          | 6/1000 [03:50<10:35:28, 38.36s/it]Training MLP on cuda:   1%|          | 7/1000 [04:29<10:40:51, 38.72s/it]Training MLP on cuda:   1%|          | 8/1000 [05:07<10:35:54, 38.46s/it]Training MLP on cuda:   1%|          | 9/1000 [05:45<10:33:07, 38.33s/it]Training MLP on cuda:   1%|          | 10/1000 [06:25<10:38:31, 38.70s/it]Training MLP on cuda:   1%|          | 11/1000 [07:03<10:34:05, 38.47s/it]Training MLP on cuda:   1%|          | 12/1000 [07:41<10:31:49, 38.37s/it]Training MLP on cuda:   1%|▏         | 13/1000 [08:20<10:36:28, 38.69s/it]Training MLP on cuda:   1%|▏         | 14/1000 [08:58<10:32:03, 38.46s/it]Training MLP on cuda:   2%|▏         | 15/1000 [09:36<10:29:30, 38.35s/it]Training MLP on cuda:   2%|▏         | 16/1000 [10:16<10:34:34, 38.69s/it]Training MLP on cuda:   2%|▏         | 17/1000 [10:54<10:30:09, 38.46s/it]Training MLP on cuda:   2%|▏         | 18/1000 [11:32<10:28:37, 38.41s/it]Training MLP on cuda:   2%|▏         | 19/1000 [12:12<10:33:11, 38.73s/it]Training MLP on cuda:   2%|▏         | 20/1000 [12:50<10:29:18, 38.53s/it]Training MLP on cuda:   2%|▏         | 21/1000 [13:28<10:26:56, 38.42s/it]Training MLP on cuda:   2%|▏         | 22/1000 [14:07<10:31:58, 38.77s/it]Training MLP on cuda:   2%|▏         | 23/1000 [14:45<10:27:26, 38.53s/it]Training MLP on cuda:   2%|▏         | 24/1000 [15:24<10:24:57, 38.42s/it]Training MLP on cuda:   2%|▎         | 25/1000 [16:03<10:29:40, 38.75s/it]Training MLP on cuda:   3%|▎         | 26/1000 [16:41<10:25:21, 38.52s/it]Training MLP on cuda:   3%|▎         | 27/1000 [17:19<10:22:37, 38.39s/it]Training MLP on cuda:   3%|▎         | 28/1000 [17:59<10:27:12, 38.72s/it]Training MLP on cuda:   3%|▎         | 29/1000 [18:37<10:22:45, 38.48s/it]Training MLP on cuda:   3%|▎         | 30/1000 [19:15<10:19:55, 38.35s/it]Training MLP on cuda:   3%|▎         | 31/1000 [19:54<10:24:40, 38.68s/it]Training MLP on cuda:   3%|▎         | 32/1000 [20:32<10:20:27, 38.46s/it]Training MLP on cuda:   3%|▎         | 33/1000 [21:10<10:17:33, 38.32s/it]Training MLP on cuda:   3%|▎         | 34/1000 [21:49<10:22:20, 38.65s/it]Training MLP on cuda:   4%|▎         | 35/1000 [22:27<10:18:14, 38.44s/it]Training MLP on cuda:   4%|▎         | 36/1000 [23:05<10:15:37, 38.32s/it]Training MLP on cuda:   4%|▎         | 37/1000 [23:45<10:20:21, 38.65s/it]Training MLP on cuda:   4%|▍         | 38/1000 [24:23<10:15:57, 38.42s/it]Training MLP on cuda:   4%|▍         | 39/1000 [25:01<10:13:52, 38.33s/it]Training MLP on cuda:   4%|▍         | 40/1000 [25:40<10:18:55, 38.68s/it]Training MLP on cuda:   4%|▍         | 41/1000 [26:18<10:15:20, 38.50s/it]Training MLP on cuda:   4%|▍         | 42/1000 [26:57<10:12:50, 38.38s/it]Training MLP on cuda:   4%|▍         | 43/1000 [27:36<10:16:54, 38.68s/it]Training MLP on cuda:   4%|▍         | 44/1000 [28:14<10:12:54, 38.47s/it]Training MLP on cuda:   4%|▍         | 45/1000 [28:52<10:10:26, 38.35s/it]Training MLP on cuda:   5%|▍         | 46/1000 [29:31<10:15:06, 38.69s/it]Training MLP on cuda:   5%|▍         | 47/1000 [30:09<10:10:59, 38.47s/it]Training MLP on cuda:   5%|▍         | 48/1000 [30:47<10:08:40, 38.36s/it]Training MLP on cuda:   5%|▍         | 49/1000 [31:27<10:13:05, 38.68s/it]Training MLP on cuda:   5%|▌         | 50/1000 [32:05<10:08:57, 38.46s/it]Training MLP on cuda:   5%|▌         | 51/1000 [32:43<10:06:05, 38.32s/it]Training MLP on cuda:   5%|▌         | 52/1000 [33:22<10:10:51, 38.66s/it]Training MLP on cuda:   5%|▌         | 53/1000 [34:00<10:06:40, 38.44s/it]Training MLP on cuda:   5%|▌         | 54/1000 [34:38<10:04:27, 38.34s/it]Training MLP on cuda:   6%|▌         | 55/1000 [35:18<10:09:00, 38.67s/it]Training MLP on cuda:   6%|▌         | 56/1000 [35:56<10:04:46, 38.44s/it]Training MLP on cuda:   6%|▌         | 57/1000 [36:34<10:02:15, 38.32s/it]Training MLP on cuda:   6%|▌         | 58/1000 [37:13<10:06:56, 38.66s/it]Training MLP on cuda:   6%|▌         | 59/1000 [37:51<10:03:24, 38.47s/it]Training MLP on cuda:   6%|▌         | 60/1000 [38:29<10:00:57, 38.36s/it]Training MLP on cuda:   6%|▌         | 61/1000 [39:09<10:05:15, 38.67s/it]Training MLP on cuda:   6%|▌         | 62/1000 [39:47<10:00:55, 38.44s/it]Training MLP on cuda:   6%|▋         | 63/1000 [40:25<9:58:32, 38.33s/it] Training MLP on cuda:   6%|▋         | 64/1000 [41:04<10:02:53, 38.65s/it]Training MLP on cuda:   6%|▋         | 65/1000 [41:42<9:58:28, 38.40s/it] Training MLP on cuda:   7%|▋         | 66/1000 [42:20<9:56:05, 38.29s/it]Training MLP on cuda:   7%|▋         | 67/1000 [42:59<10:00:16, 38.60s/it]Training MLP on cuda:   7%|▋         | 68/1000 [43:37<9:56:29, 38.40s/it] Training MLP on cuda:   7%|▋         | 69/1000 [44:15<9:54:28, 38.31s/it]Training MLP on cuda:   7%|▋         | 70/1000 [44:55<9:58:54, 38.64s/it]Training MLP on cuda:   7%|▋         | 71/1000 [45:33<9:55:03, 38.43s/it]Training MLP on cuda: 