[I 2025-05-15 03:24:47,107] Trial 0 finished with value: 0.5455548353960136 and parameters: {'threshold_scale_factor': 0.6917357889015235}. Best is trial 0 with value: 0.5455548353960136.
[I 2025-05-15 03:24:53,141] Trial 1 finished with value: 0.5488955357456958 and parameters: {'threshold_scale_factor': 0.8646222419790847}. Best is trial 1 with value: 0.5488955357456958.
[I 2025-05-15 03:24:59,177] Trial 2 finished with value: 0.5354520527126765 and parameters: {'threshold_scale_factor': 0.40484423276689085}. Best is trial 1 with value: 0.5488955357456958.
[I 2025-05-15 03:25:05,206] Trial 3 finished with value: 0.5488992225372725 and parameters: {'threshold_scale_factor': 0.9461244585377695}. Best is trial 3 with value: 0.5488992225372725.
[I 2025-05-15 03:25:11,249] Trial 4 finished with value: 0.5408346206615117 and parameters: {'threshold_scale_factor': 0.5335752464417777}. Best is trial 3 with value: 0.5488992225372725.
[I 2025-05-15 03:25:17,284] Trial 5 finished with value: 0.5289405244531377 and parameters: {'threshold_scale_factor': 0.2649340011457181}. Best is trial 3 with value: 0.5488992225372725.
[I 2025-05-15 03:25:23,261] Trial 6 finished with value: 0.5248819874902377 and parameters: {'threshold_scale_factor': 0.18057314722167783}. Best is trial 3 with value: 0.5488992225372725.
[I 2025-05-15 03:25:29,301] Trial 7 finished with value: 0.5354313349140569 and parameters: {'threshold_scale_factor': 0.4043943958545759}. Best is trial 3 with value: 0.5488992225372725.
[I 2025-05-15 03:25:35,484] Trial 8 finished with value: 0.5215757516059354 and parameters: {'threshold_scale_factor': 0.10986042187272638}. Best is trial 3 with value: 0.5488992225372725.
[I 2025-05-15 03:25:41,517] Trial 9 finished with value: 0.5487444138775338 and parameters: {'threshold_scale_factor': 0.8506306488471281}. Best is trial 3 with value: 0.5488992225372725.
[I 2025-05-15 03:25:47,562] Trial 10 finished with value: 0.5489328567709616 and parameters: {'threshold_scale_factor': 0.938149508674724}. Best is trial 10 with value: 0.5489328567709616.
[I 2025-05-15 03:25:53,594] Trial 11 finished with value: 0.5489669792934588 and parameters: {'threshold_scale_factor': 0.9956541343538619}. Best is trial 11 with value: 0.5489669792934588.
[I 2025-05-15 03:25:59,646] Trial 12 finished with value: 0.5461825440269051 and parameters: {'threshold_scale_factor': 0.7130819417130939}. Best is trial 11 with value: 0.5489669792934588.
[I 2025-05-15 03:26:05,693] Trial 13 finished with value: 0.5489148998445075 and parameters: {'threshold_scale_factor': 0.9746021748510117}. Best is trial 11 with value: 0.5489669792934588.
[I 2025-05-15 03:26:11,738] Trial 14 finished with value: 0.5460112827079625 and parameters: {'threshold_scale_factor': 0.7068436489188421}. Best is trial 11 with value: 0.5489669792934588.
[I 2025-05-15 03:26:17,761] Trial 15 finished with value: 0.5481224845035144 and parameters: {'threshold_scale_factor': 0.8068263046358799}. Best is trial 11 with value: 0.5489669792934588.
[I 2025-05-15 03:26:23,799] Trial 16 finished with value: 0.5489658887348816 and parameters: {'threshold_scale_factor': 0.9984758595236002}. Best is trial 11 with value: 0.5489669792934588.
[I 2025-05-15 03:26:29,816] Trial 17 finished with value: 0.5415574654011497 and parameters: {'threshold_scale_factor': 0.5551293360510281}. Best is trial 11 with value: 0.5489669792934588.
[I 2025-05-15 03:26:35,856] Trial 18 finished with value: 0.5489682415270635 and parameters: {'threshold_scale_factor': 0.9867701968910073}. Best is trial 18 with value: 0.5489682415270635.
[I 2025-05-15 03:26:41,873] Trial 19 finished with value: 0.5440437982396273 and parameters: {'threshold_scale_factor': 0.6451395525057515}. Best is trial 18 with value: 0.5489682415270635.
[I 2025-05-15 03:26:47,911] Trial 20 finished with value: 0.5477335054774184 and parameters: {'threshold_scale_factor': 0.781887424305326}. Best is trial 18 with value: 0.5489682415270635.
[I 2025-05-15 03:26:53,936] Trial 21 finished with value: 0.5489715708968612 and parameters: {'threshold_scale_factor': 0.9922155435740532}. Best is trial 21 with value: 0.5489715708968612.
[I 2025-05-15 03:26:59,953] Trial 22 finished with value: 0.5489546848285712 and parameters: {'threshold_scale_factor': 0.8748340288580667}. Best is trial 21 with value: 0.5489715708968612.
[I 2025-05-15 03:27:05,986] Trial 23 finished with value: 0.5489687171513202 and parameters: {'threshold_scale_factor': 0.9945129647035452}. Best is trial 21 with value: 0.5489715708968612.
[I 2025-05-15 03:27:12,169] Trial 24 finished with value: 0.5490088961436441 and parameters: {'threshold_scale_factor': 0.9006411606265377}. Best is trial 24 with value: 0.5490088961436441.
[I 2025-05-15 03:27:18,198] Trial 25 finished with value: 0.5489986688149497 and parameters: {'threshold_scale_factor': 0.8982570614798278}. Best is trial 24 with value: 0.5490088961436441.
[I 2025-05-15 03:27:24,220] Trial 26 finished with value: 0.5430854843135462 and parameters: {'threshold_scale_factor': 0.6125346315934981}. Best is trial 24 with value: 0.5490088961436441.
[I 2025-05-15 03:27:30,261] Trial 27 finished with value: 0.5478800849932104 and parameters: {'threshold_scale_factor': 0.791681954090234}. Best is trial 24 with value: 0.5490088961436441.
[I 2025-05-15 03:27:36,284] Trial 28 finished with value: 0.5490140604661962 and parameters: {'threshold_scale_factor': 0.9029605498563145}. Best is trial 28 with value: 0.5490140604661962.
[I 2025-05-15 03:27:42,326] Trial 29 finished with value: 0.5468909061486396 and parameters: {'threshold_scale_factor': 0.740473830159609}. Best is trial 28 with value: 0.5490140604661962.
[I 2025-05-15 03:27:48,364] Trial 30 finished with value: 0.5490104215184797 and parameters: {'threshold_scale_factor': 0.9010734548658444}. Best is trial 28 with value: 0.5490140604661962.
[I 2025-05-15 03:27:54,402] Trial 31 finished with value: 0.548992285881136 and parameters: {'threshold_scale_factor': 0.8968374899070856}. Best is trial 28 with value: 0.5490140604661962.
[I 2025-05-15 03:28:00,438] Trial 32 finished with value: 0.5487345439706183 and parameters: {'threshold_scale_factor': 0.8498170440702014}. Best is trial 28 with value: 0.5490140604661962.
[I 2025-05-15 03:28:06,451] Trial 33 finished with value: 0.5490197961007254 and parameters: {'threshold_scale_factor': 0.9052723053305886}. Best is trial 33 with value: 0.5490197961007254.
[I 2025-05-15 03:28:12,483] Trial 34 finished with value: 0.5371641297694348 and parameters: {'threshold_scale_factor': 0.4420474768915593}. Best is trial 33 with value: 0.5490197961007254.
[I 2025-05-15 03:28:18,530] Trial 35 finished with value: 0.5440149737210562 and parameters: {'threshold_scale_factor': 0.6443466925844117}. Best is trial 33 with value: 0.5490197961007254.
[I 2025-05-15 03:28:24,560] Trial 36 finished with value: 0.5490442175769898 and parameters: {'threshold_scale_factor': 0.9166540446520834}. Best is trial 36 with value: 0.5490442175769898.
[I 2025-05-15 03:28:30,608] Trial 37 finished with value: 0.5474700026032688 and parameters: {'threshold_scale_factor': 0.7682696457389282}. Best is trial 36 with value: 0.5490442175769898.
[I 2025-05-15 03:28:36,628] Trial 38 finished with value: 0.5483829098917181 and parameters: {'threshold_scale_factor': 0.8238146786121916}. Best is trial 36 with value: 0.5490442175769898.
[I 2025-05-15 03:28:42,666] Trial 39 finished with value: 0.5322524776787284 and parameters: {'threshold_scale_factor': 0.33538650035779455}. Best is trial 36 with value: 0.5490442175769898.
[I 2025-05-15 03:28:48,703] Trial 40 finished with value: 0.5490013213348437 and parameters: {'threshold_scale_factor': 0.925821768365129}. Best is trial 36 with value: 0.5490442175769898.
[I 2025-05-15 03:28:54,876] Trial 41 finished with value: 0.5490326956497267 and parameters: {'threshold_scale_factor': 0.9125521619225146}. Best is trial 36 with value: 0.5490442175769898.
[I 2025-05-15 03:29:00,903] Trial 42 finished with value: 0.5180469207550886 and parameters: {'threshold_scale_factor': 0.016573721295221944}. Best is trial 36 with value: 0.5490442175769898.
[I 2025-05-15 03:29:06,925] Trial 43 finished with value: 0.5485501129255816 and parameters: {'threshold_scale_factor': 0.8356497467799264}. Best is trial 36 with value: 0.5490442175769898.
[I 2025-05-15 03:29:12,969] Trial 44 finished with value: 0.5490302584272035 and parameters: {'threshold_scale_factor': 0.9216492100276326}. Best is trial 36 with value: 0.5490442175769898.
[I 2025-05-15 03:29:19,011] Trial 45 finished with value: 0.5489989812072131 and parameters: {'threshold_scale_factor': 0.9262648870825658}. Best is trial 36 with value: 0.5490442175769898.
[I 2025-05-15 03:29:25,031] Trial 46 finished with value: 0.5489314960352919 and parameters: {'threshold_scale_factor': 0.9384112226626896}. Best is trial 36 with value: 0.5490442175769898.
[I 2025-05-15 03:29:31,037] Trial 47 finished with value: 0.546950854505414 and parameters: {'threshold_scale_factor': 0.7430837436793195}. Best is trial 36 with value: 0.5490442175769898.
[I 2025-05-15 03:29:37,064] Trial 48 finished with value: 0.548737058587621 and parameters: {'threshold_scale_factor': 0.8500157581081371}. Best is trial 36 with value: 0.5490442175769898.
[I 2025-05-15 03:29:43,104] Trial 49 finished with value: 0.5489188666633833 and parameters: {'threshold_scale_factor': 0.9411141453010413}. Best is trial 36 with value: 0.5490442175769898.
[I 2025-05-15 03:29:49,126] Trial 50 finished with value: 0.5268759971575119 and parameters: {'threshold_scale_factor': 0.2203754618146737}. Best is trial 36 with value: 0.5490442175769898.
[I 2025-05-15 03:29:55,171] Trial 51 finished with value: 0.5489650444314672 and parameters: {'threshold_scale_factor': 0.8794135369828576}. Best is trial 36 with value: 0.5490442175769898.
[I 2025-05-15 03:30:01,209] Trial 52 finished with value: 0.548209855835192 and parameters: {'threshold_scale_factor': 0.8127262380645562}. Best is trial 36 with value: 0.5490442175769898.
[I 2025-05-15 03:30:07,249] Trial 53 finished with value: 0.5488786904854042 and parameters: {'threshold_scale_factor': 0.9525136376678373}. Best is trial 36 with value: 0.5490442175769898.
[I 2025-05-15 03:30:13,267] Trial 54 finished with value: 0.5489793722604114 and parameters: {'threshold_scale_factor': 0.8892478705208404}. Best is trial 36 with value: 0.5490442175769898.
[I 2025-05-15 03:30:19,298] Trial 55 finished with value: 0.5488611922971385 and parameters: {'threshold_scale_factor': 0.9585930412933976}. Best is trial 36 with value: 0.5490442175769898.
[I 2025-05-15 03:30:25,280] Trial 56 finished with value: 0.5453950425317846 and parameters: {'threshold_scale_factor': 0.6863076645161712}. Best is trial 36 with value: 0.5490442175769898.
[I 2025-05-15 03:30:31,309] Trial 57 finished with value: 0.5472878174053148 and parameters: {'threshold_scale_factor': 0.7580503182648328}. Best is trial 36 with value: 0.5490442175769898.
[I 2025-05-15 03:30:37,486] Trial 58 finished with value: 0.5488708919361989 and parameters: {'threshold_scale_factor': 0.8625402493092212}. Best is trial 36 with value: 0.5490442175769898.
[I 2025-05-15 03:30:43,525] Trial 59 finished with value: 0.5490310577011025 and parameters: {'threshold_scale_factor': 0.9114959440749464}. Best is trial 36 with value: 0.5490442175769898.
[I 2025-05-15 03:30:49,559] Trial 60 finished with value: 0.5482027453932695 and parameters: {'threshold_scale_factor': 0.8122149542351835}. Best is trial 36 with value: 0.5490442175769898.
[I 2025-05-15 03:30:55,594] Trial 61 finished with value: 0.5490127461672143 and parameters: {'threshold_scale_factor': 0.9022049054037942}. Best is trial 36 with value: 0.5490442175769898.
[I 2025-05-15 03:31:01,624] Trial 62 finished with value: 0.548866244045902 and parameters: {'threshold_scale_factor': 0.9632831173596785}. Best is trial 36 with value: 0.5490442175769898.
[I 2025-05-15 03:31:07,650] Trial 63 finished with value: 0.5490369847110723 and parameters: {'threshold_scale_factor': 0.9141902299460708}. Best is trial 36 with value: 0.5490442175769898.
[I 2025-05-15 03:31:13,678] Trial 64 finished with value: 0.5490391039126428 and parameters: {'threshold_scale_factor': 0.9192252548332913}. Best is trial 36 with value: 0.5490442175769898.
[I 2025-05-15 03:31:19,706] Trial 65 finished with value: 0.5489102027031781 and parameters: {'threshold_scale_factor': 0.9732600004104868}. Best is trial 36 with value: 0.5490442175769898.
[I 2025-05-15 03:31:25,753] Trial 66 finished with value: 0.5488143404934953 and parameters: {'threshold_scale_factor': 0.8575765762999958}. Best is trial 36 with value: 0.5490442175769898.
[I 2025-05-15 03:31:31,792] Trial 67 finished with value: 0.5489838935051959 and parameters: {'threshold_scale_factor': 0.928197796659191}. Best is trial 36 with value: 0.5490442175769898.
[I 2025-05-15 03:31:37,840] Trial 68 finished with value: 0.5485057672959073 and parameters: {'threshold_scale_factor': 0.8319719985971962}. Best is trial 36 with value: 0.5490442175769898.
[I 2025-05-15 03:31:43,887] Trial 69 finished with value: 0.5479787643619529 and parameters: {'threshold_scale_factor': 0.7971595317923957}. Best is trial 36 with value: 0.5490442175769898.
[I 2025-05-15 03:31:49,888] Trial 70 finished with value: 0.5413126455543907 and parameters: {'threshold_scale_factor': 0.5469231555421095}. Best is trial 36 with value: 0.5490442175769898.
[I 2025-05-15 03:31:55,878] Trial 71 finished with value: 0.5490422306496212 and parameters: {'threshold_scale_factor': 0.9179381358625004}. Best is trial 36 with value: 0.5490442175769898.
[I 2025-05-15 03:32:01,914] Trial 72 finished with value: 0.5489674183312343 and parameters: {'threshold_scale_factor': 0.9966163050936909}. Best is trial 36 with value: 0.5490442175769898.
[I 2025-05-15 03:32:07,944] Trial 73 finished with value: 0.5490239542950417 and parameters: {'threshold_scale_factor': 0.9225296645848895}. Best is trial 36 with value: 0.5490442175769898.
[I 2025-05-15 03:32:14,125] Trial 74 finished with value: 0.5489239606273174 and parameters: {'threshold_scale_factor': 0.8683671521545915}. Best is trial 36 with value: 0.5490442175769898.
[I 2025-05-15 03:32:20,147] Trial 75 finished with value: 0.5488604999683386 and parameters: {'threshold_scale_factor': 0.9583479562292111}. Best is trial 36 with value: 0.5490442175769898.
[I 2025-05-15 03:32:26,175] Trial 76 finished with value: 0.5393456141955548 and parameters: {'threshold_scale_factor': 0.49532688829095206}. Best is trial 36 with value: 0.5490442175769898.
[I 2025-05-15 03:32:32,212] Trial 77 finished with value: 0.5490341506659444 and parameters: {'threshold_scale_factor': 0.9207295208247558}. Best is trial 36 with value: 0.5490442175769898.
[I 2025-05-15 03:32:38,239] Trial 78 finished with value: 0.5489619683526936 and parameters: {'threshold_scale_factor': 0.8776237764384325}. Best is trial 36 with value: 0.5490442175769898.
[I 2025-05-15 03:32:44,245] Trial 79 finished with value: 0.5489233710220996 and parameters: {'threshold_scale_factor': 0.9763109086165499}. Best is trial 36 with value: 0.5490442175769898.
[I 2025-05-15 03:32:50,287] Trial 80 finished with value: 0.5490427555249104 and parameters: {'threshold_scale_factor': 0.9162907964668233}. Best is trial 36 with value: 0.5490442175769898.
[I 2025-05-15 03:32:56,316] Trial 81 finished with value: 0.5490326281054536 and parameters: {'threshold_scale_factor': 0.9211507798714829}. Best is trial 36 with value: 0.5490442175769898.
[I 2025-05-15 03:33:02,339] Trial 82 finished with value: 0.5485053564015789 and parameters: {'threshold_scale_factor': 0.8319398325452145}. Best is trial 36 with value: 0.5490442175769898.
[I 2025-05-15 03:33:08,378] Trial 83 finished with value: 0.5488975930316825 and parameters: {'threshold_scale_factor': 0.9466067363189526}. Best is trial 36 with value: 0.5490442175769898.
[I 2025-05-15 03:33:14,418] Trial 84 finished with value: 0.5489721548733897 and parameters: {'threshold_scale_factor': 0.8832599767776045}. Best is trial 36 with value: 0.5490442175769898.
[I 2025-05-15 03:33:20,448] Trial 85 finished with value: 0.5490441317394761 and parameters: {'threshold_scale_factor': 0.9170773453196468}. Best is trial 36 with value: 0.5490442175769898.
[I 2025-05-15 03:33:26,472] Trial 86 finished with value: 0.5487166236306453 and parameters: {'threshold_scale_factor': 0.8484088437776787}. Best is trial 36 with value: 0.5490442175769898.
[I 2025-05-15 03:33:32,501] Trial 87 finished with value: 0.5489663587304492 and parameters: {'threshold_scale_factor': 0.9994844834595183}. Best is trial 36 with value: 0.5490442175769898.
[I 2025-05-15 03:33:38,520] Trial 88 finished with value: 0.5488839730104342 and parameters: {'threshold_scale_factor': 0.9677865906075215}. Best is trial 36 with value: 0.5490442175769898.
[I 2025-05-15 03:33:44,552] Trial 89 finished with value: 0.5490375743162901 and parameters: {'threshold_scale_factor': 0.9195587937021239}. Best is trial 36 with value: 0.5490442175769898.
[I 2025-05-15 03:33:50,578] Trial 90 finished with value: 0.5476737484960845 and parameters: {'threshold_scale_factor': 0.7780786411633662}. Best is trial 36 with value: 0.5490442175769898.
[I 2025-05-15 03:33:56,745] Trial 91 finished with value: 0.5489331452412949 and parameters: {'threshold_scale_factor': 0.9381056351128931}. Best is trial 36 with value: 0.5490442175769898.
[I 2025-05-15 03:34:02,789] Trial 92 finished with value: 0.549022609038268 and parameters: {'threshold_scale_factor': 0.9076149558559726}. Best is trial 36 with value: 0.5490442175769898.
[I 2025-05-15 03:34:08,818] Trial 93 finished with value: 0.5489649698513321 and parameters: {'threshold_scale_factor': 0.8789109708551476}. Best is trial 36 with value: 0.5490442175769898.
[I 2025-05-15 03:34:14,863] Trial 94 finished with value: 0.5489186429229784 and parameters: {'threshold_scale_factor': 0.9411899788154808}. Best is trial 36 with value: 0.5490442175769898.
[I 2025-05-15 03:34:20,897] Trial 95 finished with value: 0.5489026701095483 and parameters: {'threshold_scale_factor': 0.8654304054847897}. Best is trial 36 with value: 0.5490442175769898.
[I 2025-05-15 03:34:26,943] Trial 96 finished with value: 0.5320960043340909 and parameters: {'threshold_scale_factor': 0.33238015077179506}. Best is trial 36 with value: 0.5490442175769898.
[I 2025-05-15 03:34:32,959] Trial 97 finished with value: 0.5220511366434718 and parameters: {'threshold_scale_factor': 0.12151146692970183}. Best is trial 36 with value: 0.5490442175769898.
[I 2025-05-15 03:34:38,993] Trial 98 finished with value: 0.5489436427470819 and parameters: {'threshold_scale_factor': 0.98117867082174}. Best is trial 36 with value: 0.5490442175769898.
