[I 2025-05-15 03:24:36,181] Trial 99 finished with value: 0.5396301317816913 and parameters: {'interp_param': 0.9450883951033272}. Best is trial 76 with value: 0.5396312462621984.
Best hyperparameters: {'interp_param': 0.9459228428603448}
Best optimized value: 0.5396312462621984
Tuning threshold scale factor for offline LSET using optuna
  0%|          | 0/100 [00:00<?, ?it/s]                                         0%|          | 0/100 [00:06<?, ?it/s]Best trial: 0. Best value: 0.523891:   0%|          | 0/100 [00:06<?, ?it/s]Best trial: 0. Best value: 0.523891:   1%|          | 1/100 [00:06<10:38,  6.45s/it]                                                                                    Best trial: 0. Best value: 0.523891:   1%|          | 1/100 [00:12<10:38,  6.45s/it]Best trial: 1. Best value: 0.539124:   1%|          | 1/100 [00:12<10:38,  6.45s/it]Best trial: 1. Best value: 0.539124:   2%|▏         | 2/100 [00:12<10:08,  6.21s/it]                                                                                    Best trial: 1. Best value: 0.539124:   2%|▏         | 2/100 [00:18<10:08,  6.21s/it]Best trial: 1. Best value: 0.539124:   2%|▏         | 2/100 [00:18<10:08,  6.21s/it]Best trial: 1. Best value: 0.539124:   3%|▎         | 3/100 [00:18<09:54,  6.13s/it]                                                                                    Best trial: 1. Best value: 0.539124:   3%|▎         | 3/100 [00:24<09:54,  6.13s/it]Best trial: 1. Best value: 0.539124:   3%|▎         | 3/100 [00:24<09:54,  6.13s/it]Best trial: 1. Best value: 0.539124:   4%|▍         | 4/100 [00:24<09:45,  6.09s/it]                                                                                    Best trial: 1. Best value: 0.539124:   4%|▍         | 4/100 [00:30<09:45,  6.09s/it]Best trial: 1. Best value: 0.539124:   4%|▍         | 4/100 [00:30<09:45,  6.09s/it]Best trial: 1. Best value: 0.539124:   5%|▌         | 5/100 [00:30<09:36,  6.07s/it]                                                                                    Best trial: 1. Best value: 0.539124:   5%|▌         | 5/100 [00:36<09:36,  6.07s/it]Best trial: 1. Best value: 0.539124:   5%|▌         | 5/100 [00:36<09:36,  6.07s/it]Best trial: 1. Best value: 0.539124:   6%|▌         | 6/100 [00:36<09:30,  6.06s/it]                                                                                    Best trial: 1. Best value: 0.539124:   6%|▌         | 6/100 [00:42<09:30,  6.06s/it]Best trial: 6. Best value: 0.539549:   6%|▌         | 6/100 [00:42<09:30,  6.06s/it]Best trial: 6. Best value: 0.539549:   7%|▋         | 7/100 [00:42<09:23,  6.06s/it]                                                                                    Best trial: 6. Best value: 0.539549:   7%|▋         | 7/100 [00:48<09:23,  6.06s/it]Best trial: 6. Best value: 0.539549:   7%|▋         | 7/100 [00:48<09:23,  6.06s/it]Best trial: 6. Best value: 0.539549:   8%|▊         | 8/100 [00:48<09:15,  6.04s/it]                                                                                    Best trial: 6. Best value: 0.539549:   8%|▊         | 8/100 [00:54<09:15,  6.04s/it]Best trial: 6. Best value: 0.539549:   8%|▊         | 8/100 [00:54<09:15,  6.04s/it]Best trial: 6. Best value: 0.539549:   9%|▉         | 9/100 [00:54<09:14,  6.09s/it]                                                                                    Best trial: 6. Best value: 0.539549:   9%|▉         | 9/100 [01:00<09:14,  6.09s/it]Best trial: 6. Best value: 0.539549:   9%|▉         | 9/100 [01:00<09:14,  6.09s/it]Best trial: 6. Best value: 0.539549:  10%|█         | 10/100 [01:00<09:07,  6.08s/it]                                                                                     Best trial: 6. Best value: 0.539549:  10%|█         | 10/100 [01:07<09:07,  6.08s/it]Best trial: 6. Best value: 0.539549:  10%|█         | 10/100 [01:07<09:07,  6.08s/it]Best trial: 6. Best value: 0.539549:  11%|█         | 11/100 [01:07<09:00,  6.07s/it]                                                                                     Best trial: 6. Best value: 0.539549:  11%|█         | 11/100 [01:13<09:00,  6.07s/it]Best trial: 6. Best value: 0.539549:  11%|█         | 11/100 [01:13<09:00,  6.07s/it]Best trial: 6. Best value: 0.539549:  12%|█▏        | 12/100 [01:13<08:54,  6.07s/it]                                                                                     Best trial: 6. Best value: 0.539549:  12%|█▏        | 12/100 [01:19<08:54,  6.07s/it]Best trial: 6. Best value: 0.539549:  12%|█▏        | 12/100 [01:19<08:54,  6.07s/it]Best trial: 6. Best value: 0.539549:  13%|█▎        | 13/100 [01:19<08:47,  6.06s/it]                                                                                     Best trial: 6. Best value: 0.539549:  13%|█▎        | 13/100 [01:25<08:47,  6.06s/it]Best trial: 13. Best value: 0.539656:  13%|█▎        | 13/100 [01:25<08:47,  6.06s/it]Best trial: 13. Best value: 0.539656:  14%|█▍        | 14/100 [01:25<08:41,  6.06s/it]                                                                                      Best trial: 13. Best value: 0.539656:  14%|█▍        | 14/100 [01:31<08:41,  6.06s/it]Best trial: 13. Best value: 0.539656:  14%|█▍        | 14/100 [01:31<08:41,  6.06s/it]Best trial: 13. Best value: 0.539656:  15%|█▌        | 15/100 [01:31<08:34,  6.06s/it]                                                                                      Best trial: 13. Best value: 0.539656:  15%|█▌        | 15/100 [01:37<08:34,  6.06s/it]Best trial: 13. Best value: 0.539656:  15%|█▌        | 15/100 [01:37<08:34,  6.06s/it]Best trial: 13. Best value: 0.539656:  16%|█▌        | 16/100 [01:37<08:28,  6.05s/it]                                                                                      Best trial: 13. Best value: 0.539656:  16%|█▌        | 16/100 [01:43<08:28,  6.05s/it]Best trial: 13. Best value: 0.539656:  16%|█▌        | 16/100 [01:43<08:28,  6.05s/it]Best trial: 13. Best value: 0.539656:  17%|█▋        | 17/100 [01:43<08:22,  6.06s/it]                                                                                      Best trial: 13. Best value: 0.539656:  17%|█▋        | 17/100 [01:49<08:22,  6.06s/it]Best trial: 17. Best value: 0.539657:  17%|█▋        | 17/100 [01:49<08:22,  6.06s/it]Best trial: 17. Best value: 0.539657:  18%|█▊        | 18/100 [01:49<08:17,  6.07s/it]                                                                                      Best trial: 17. Best value: 0.539657:  18%|█▊        | 18/100 [01:55<08:17,  6.07s/it]Best trial: 17. Best value: 0.539657:  18%|█▊        | 18/100 [01:55<08:17,  6.07s/it]Best trial: 17. Best value: 0.539657:  19%|█▉        | 19/100 [01:55<08:11,  6.06s/it]                                                                                      Best trial: 17. Best value: 0.539657:  19%|█▉        | 19/100 [02:01<08:11,  6.06s/it]Best trial: 17. Best value: 0.539657:  19%|█▉        | 19/100 [02:01<08:11,  6.06s/it]Best trial: 17. Best value: 0.539657:  20%|██        | 20/100 [02:01<08:05,  6.07s/it]                                                                                      Best trial: 17. Best value: 0.539657:  20%|██        | 20/100 [02:07<08:05,  6.07s/it]Best trial: 17. Best value: 0.539657:  20%|██        | 20/100 [02:07<08:05,  6.07s/it]Best trial: 17. Best value: 0.539657:  21%|██        | 21/100 [02:07<07:59,  6.07s/it]                                                                                      Best trial: 17. Best value: 0.539657:  21%|██        | 21/100 [02:13<07:59,  6.07s/it]Best trial: 17. Best value: 0.539657:  21%|██        | 21/100 [02:13<07:59,  6.07s/it]Best trial: 17. Best value: 0.539657:  22%|██▏       | 22/100 [02:13<07:52,  6.06s/it]                                                                                      Best trial: 17. Best value: 0.539657:  22%|██▏       | 22/100 [02:19<07:52,  6.06s/it]Best trial: 22. Best value: 0.539707:  22%|██▏       | 22/100 [02:19<07:52,  6.06s/it]Best trial: 22. Best value: 0.539707:  23%|██▎       | 23/100 [02:19<07:46,  6.06s/it]                                                                                      Best trial: 22. Best value: 0.539707:  23%|██▎       | 23/100 [02:25<07:46,  6.06s/it]Best trial: 22. Best value: 0.539707:  23%|██▎       | 23/100 [02:25<07:46,  6.06s/it]Best trial: 22. Best value: 0.539707:  24%|██▍       | 24/100 [02:25<07:39,  6.05s/it]                                                                                      Best trial: 22. Best value: 0.539707:  24%|██▍       | 24/100 [02:31<07:39,  6.05s/it]Best trial: 22. Best value: 0.539707:  24%|██▍       | 24/100 [02:31<07:39,  6.05s/it]Best trial: 22. Best value: 0.539707:  25%|██▌       | 25/100 [02:31<07:37,  6.10s/it]                                                                                      Best trial: 22. Best value: 0.539707:  25%|██▌       | 25/100 [02:38<07:37,  6.10s/it]Best trial: 22. Best value: 0.539707:  25%|██▌       | 25/100 [02:38<07:37,  6.10s/it]Best trial: 22. Best value: 0.539707:  26%|██▌       | 26/100 [02:38<07:30,  6.09s/it]                                                                                      Best trial: 22. Best value: 0.539707:  26%|██▌       | 26/100 [02:44<07:30,  6.09s/it]Best trial: 26. Best value: 0.539734:  26%|██▌       | 26/100 [02:44<07:30,  6.09s/it]Best trial: 26. Best value: 0.539734:  27%|██▋       | 27/100 [02:44<07:23,  6.08s/it]                                                                                      Best trial: 26. Best value: 0.539734:  27%|██▋       | 27/100 [02:50<07:23,  6.08s/it]Best trial: 26. Best value: 0.539734:  27%|██▋       | 27/100 [02:50<07:23,  6.08s/it]Best trial: 26. Best value: 0.539734:  28%|██▊       | 28/100 [02:50<07:17,  6.07s/it]                                                                                      Best trial: 26. Best value: 0.539734:  28%|██▊       | 28/100 [02:56<07:17,  6.07s/it]Best trial: 26. Best value: 0.539734:  28%|██▊       | 28/100 [02:56<07:17,  6.07s/it]Best trial: 26. Best value: 0.539734:  29%|██▉       | 29/100 [02:56<07:11,  6.07s/it]                                                                                      Best trial: 26. Best value: 0.539734:  29%|██▉       | 29/100 [03:02<07:11,  6.07s/it]Best trial: 26. Best value: 0.539734:  29%|██▉       | 29/100 [03:02<07:11,  6.07s/it]Best trial: 26. Best value: 0.539734:  30%|███       | 30/100 [03:02<07:09,  6.14s/it]                                                                                      Best trial: 26. Best value: 0.539734:  30%|███       | 30/100 [03:08<07:09,  6.14s/it]Best trial: 26. Best value: 0.539734:  30%|███       | 30/100 [03:08<07:09,  6.14s/it]Best trial: 26. Best value: 0.539734:  31%|███       | 31/100 [03:08<07:01,  6.12s/it]                                                                                      Best trial: 26. Best value: 0.539734:  31%|███       | 31/100 [03:14<07:01,  6.12s/it]Best trial: 26. Best value: 0.539734:  31%|███       | 31/100 [03:14<07:01,  6.12s/it]Best trial: 26. Best value: 0.539734:  32%|███▏      | 32/100 [03:14<06:54,  6.10s/it]                                                                                      Best trial: 26. Best value: 0.539734:  32%|███▏      | 32/100 [03:20<06:54,  6.10s/it]Best trial: 26. Best value: 0.539734:  32%|███▏      | 32/100 [03:20<06:54,  6.10s/it]Best trial: 26. Best value: 0.539734:  33%|███▎      | 33/100 [03:20<06:47,  6.09s/it]                                                                                      Best trial: 26. Best value: 0.539734:  33%|███▎      | 33/100 [03:26<06:47,  6.09s/it]Best trial: 26. Best value: 0.539734:  33%|███▎      | 33/100 [03:26<06:47,  6.09s/it]Best trial: 26. Best value: 0.539734:  34%|███▍      | 34/100 [03:26<06:41,  6.08s/it]                                                                                      Best trial: 26. Best value: 0.539734:  34%|███▍      | 34/100 [03:32<06:41,  6.08s/it]Best trial: 26. Best value: 0.539734:  34%|███▍      | 34/100 [03:32<06:41,  6.08s/it]Best trial: 26. Best value: 0.539734:  35%|███▌      | 35/100 [03:32<06:34,  6.07s/it]                                                                                      Best trial: 26. Best value: 0.539734:  35%|███▌      | 35/100 [03:38<06:34,  6.07s/it]Best trial: 26. Best value: 0.539734:  35%|███▌      | 35/100 [03:38<06:34,  6.07s/it]Best trial: 26. Best value: 0.539734:  36%|███▌      | 36/100 [03:38<06:28,  6.07s/it]                                                                                      Best trial: 26. Best value: 0.539734:  36%|███▌      | 36/100 [03:44<06:28,  6.07s/it]Best trial: 26. Best value: 0.539734:  36%|███▌      | 36/100 [03:44<06:28,  6.07s/it]Best trial: 26. Best value: 0.539734:  37%|███▋      | 37/100 [03:44<06:21,  6.06s/it]                                                                                      Best trial: 26. Best value: 0.539734:  37%|███▋      | 37/100 [03:50<06:21,  6.06s/it]Best trial: 26. Best value: 0.539734:  37%|███▋      | 37/100 [03:50<06:21,  6.06s/it]Best trial: 26. Best value: 0.539734:  38%|███▊      | 38/100 [03:50<06:15,  6.06s/it]                                                                                      Best trial: 26. Best value: 0.539734:  38%|███▊      | 38/100 [03:57<06:15,  6.06s/it]Best trial: 26. Best value: 0.539734:  38%|███▊      | 38/100 [03:57<06:15,  6.06s/it]Best trial: 26. Best value: 0.539734:  39%|███▉      | 39/100 [03:57<06:09,  6.06s/it]                                                                                      Best trial: 26. Best value: 0.539734:  39%|███▉      | 39/100 [04:03<06:09,  6.06s/it]Best trial: 26. Best value: 0.539734:  39%|███▉      | 39/100 [04:03<06:09,  6.06s/it]Best trial: 26. Best value: 0.539734:  40%|████      | 40/100 [04:03<06:03,  6.05s/it]                                                                                      Best trial: 26. Best value: 0.539734:  40%|████      | 40/100 [04:09<06:03,  6.05s/it]Best trial: 26. Best value: 0.539734:  40%|████      | 40/100 [04:09<06:03,  6.05s/it]Best trial: 26. Best value: 0.539734:  41%|████      | 41/100 [04:09<05:57,  6.06s/it]                                                                                      Best trial: 26. Best value: 0.539734:  41%|████      | 41/100 [04:15<05:57,  6.06s/it]Best trial: 26. Best value: 0.539734:  41%|████      | 41/100 [04:15<05:57,  6.06s/it]Best trial: 26. Best value: 0.539734:  42%|████▏     | 42/100 [04:15<05:53,  6.10s/it]                                                                                      Best trial: 26. Best value: 0.539734:  42%|████▏     | 42/100 [04:21<05:53,  6.10s/it]Best trial: 26. Best value: 0.539734:  42%|████▏     | 42/100 [04:21<05:53,  6.10s/it]Best trial: 26. Best value: 0.539734:  43%|████▎     | 43/100 [04:21<05:46,  6.08s/it]                                                                                      Best trial: 26. Best value: 0.539734:  43%|████▎     | 43/100 [04:27<05:46,  6.08s/it]Best trial: 26. Best value: 0.539734:  43%|████▎     | 43/100 [04:27<05:46,  6.08s/it]Best trial: 26. Best value: 0.539734:  44%|████▍     | 44/100 [04:27<05:39,  6.07s/it]                                                                                      Best trial: 26. Best value: 0.539734:  44%|████▍     | 44/100 [04:33<05:39,  6.07s/it]Best trial: 26. Best value: 0.539734:  44%|████▍     | 44/100 [04:33<05:39,  6.07s/it]Best trial: 26. Best value: 0.539734:  45%|████▌     | 45/100 [04:33<05:33,  6.06s/it]                                                                                      Best trial: 26. Best value: 0.539734:  45%|████▌     | 45/100 [04:39<05:33,  6.06s/it]Best trial: 45. Best value: 0.539737:  45%|████▌     | 45/100 [04:39<05:33,  6.06s/it]Best trial: 45. Best value: 0.539737:  46%|████▌     | 46/100 [04:39<05:27,  6.06s/it]                                                                                      Best trial: 45. Best value: 0.539737:  46%|████▌     | 46/100 [04:45<05:27,  6.06s/it]Best trial: 45. Best value: 0.539737:  46%|████▌     | 46/100 [04:45<05:27,  6.06s/it]Best trial: 45. Best value: 0.539737:  47%|████▋     | 47/100 [04:45<05:21,  6.06s/it]                                                                                      Best trial: 45. Best value: 0.539737:  47%|████▋     | 47/100 [04:51<05:21,  6.06s/it]Best trial: 45. Best value: 0.539737:  47%|████▋     | 47/100 [04:51<05:21,  6.06s/it]Best trial: 45. Best value: 0.539737:  48%|████▊     | 48/100 [04:51<05:14,  6.05s/it]                                                                                      Best trial: 45. Best value: 0.539737:  48%|████▊     | 48/100 [04:57<05:14,  6.05s/it]Best trial: 45. Best value: 0.539737:  48%|████▊     | 48/100 [04:57<05:14,  6.05s/it]Best trial: 45. Best value: 0.539737:  49%|████▉     | 49/100 [04:57<05:08,  6.05s/it]                                                                                      Best trial: 45. Best value: 0.539737:  49%|████▉     | 49/100 [05:03<05:08,  6.05s/it]Best trial: 45. Best value: 0.539737:  49%|████▉     | 49/100 [05:03<05:08,  6.05s/it]Best trial: 45. Best value: 0.539737:  50%|█████     | 50/100 [05:03<05:02,  6.06s/it]                                                                                      Best trial: 45. Best value: 0.539737:  50%|█████     | 50/100 [05:09<05:02,  6.06s/it]Best trial: 45. Best value: 0.539737:  50%|█████     | 50/100 [05:09<05:02,  6.06s/it]Best trial: 45. Best value: 0.539737:  51%|█████     | 51/100 [05:09<04:56,  6.06s/it]                                                                                      Best trial: 45. Best value: 0.539737:  51%|█████     | 51/100 [05:15<04:56,  6.06s/it]Best trial: 45. Best value: 0.539737:  51%|█████     | 51/100 [05:15<04:56,  6.06s/it]Best trial: 45. Best value: 0.539737:  52%|█████▏    | 52/100 [05:15<04:50,  6.06s/it]                                                                                      Best trial: 45. Best value: 0.539737:  52%|█████▏    | 52/100 [05:21<04:50,  6.06s/it]Best trial: 45. Best value: 0.539737:  52%|█████▏    | 52/100 [05:21<04:50,  6.06s/it]Best trial: 45. Best value: 0.539737:  53%|█████▎    | 53/100 [05:21<04:44,  6.06s/it]                                                                                      Best trial: 45. Best value: 0.539737:  53%|█████▎    | 53/100 [05:27<04:44,  6.06s/it]Best trial: 45. Best value: 0.539737:  53%|█████▎    | 53/100 [05:27<04:44,  6.06s/it]Best trial: 45. Best value: 0.539737:  54%|█████▍    | 54/100 [05:27<04:38,  6.05s/it]                                                                                      Best trial: 45. Best value: 0.539737:  54%|█████▍    | 54/100 [05:34<04:38,  6.05s/it]Best trial: 45. Best value: 0.539737:  54%|█████▍    | 54/100 [05:34<04:38,  6.05s/it]Best trial: 45. Best value: 0.539737:  55%|█████▌    | 55/100 [05:34<04:32,  6.06s/it]                                                                                      Best trial: 45. Best value: 0.539737:  55%|█████▌    | 55/100 [05:40<04:32,  6.06s/it]Best trial: 45. Best value: 0.539737:  55%|█████▌    | 55/100 [05:40<04:32,  6.06s/it]Best trial: 45. Best value: 0.539737:  56%|█████▌    | 56/100 [05:40<04:26,  6.07s/it]                                                                                      Best trial: 45. Best value: 0.539737:  56%|█████▌    | 56/100 [05:46<04:26,  6.07s/it]Best trial: 45. Best value: 0.539737:  56%|█████▌    | 56/100 [05:46<04:26,  6.07s/it]Best trial: 45. Best value: 0.539737:  57%|█████▋    | 57/100 [05:46<04:20,  6.05s/it]                                                                                      Best trial: 45. Best value: 0.539737:  57%|█████▋    | 57/100 [05:52<04:20,  6.05s/it]Best trial: 45. Best value: 0.539737:  57%|█████▋    | 57/100 [05:52<04:20,  6.05s/it]Best trial: 45. Best value: 0.539737:  58%|█████▊    | 58/100 [05:52<04:14,  6.05s/it]                                                                                      Best trial: 45. Best value: 0.539737:  58%|█████▊    | 58/100 [05:58<04:14,  6.05s/it]Best trial: 45. Best value: 0.539737:  58%|█████▊    | 58/100 [05:58<04:14,  6.05s/it]Best trial: 45. Best value: 0.539737:  59%|█████▉    | 59/100 [05:58<04:09,  6.09s/it]                                                                                      Best trial: 45. Best value: 0.539737:  59%|█████▉    | 59/100 [06:04<04:09,  6.09s/it]Best trial: 45. Best value: 0.539737:  59%|█████▉    | 59/100 [06:04<04:09,  6.09s/it]Best trial: 45. Best value: 0.539737:  60%|██████    | 60/100 [06:04<04:03,  6.08s/it]                                                                                      Best trial: 45. Best value: 0.539737:  60%|██████    | 60/100 [06:10<04:03,  6.08s/it]Best trial: 45. Best value: 0.539737:  60%|██████    | 60/100 [06:10<04:03,  6.08s/it]Best trial: 45. Best value: 0.539737:  61%|██████    | 61/100 [06:10<03:57,  6.08s/it]                                                                                      Best trial: 45. Best value: 0.539737:  61%|██████    | 61/100 [06:16<03:57,  6.08s/it]Best trial: 45. Best value: 0.539737:  61%|██████    | 61/100 [06:16<03:57,  6.08s/it]Best trial: 45. Best value: 0.539737:  62%|██████▏   | 62/100 [06:16<03:50,  6.07s/it]                                                                                      Best trial: 45. Best value: 0.539737:  62%|██████▏   | 62/100 [06:22<03:50,  6.07s/i