[I 2025-05-15 03:24:31,037] Trial 99 finished with value: 0.5430637617938634 and parameters: {'interp_param': 0.9171125616984632}. Best is trial 95 with value: 0.5433559808343125.
Best hyperparameters: {'interp_param': 0.9696021961555384}
Best optimized value: 0.5433559808343125
Tuning threshold scale factor for offline LSET using optuna
  0%|          | 0/100 [00:00<?, ?it/s]                                         0%|          | 0/100 [00:06<?, ?it/s]Best trial: 0. Best value: 0.54229:   0%|          | 0/100 [00:06<?, ?it/s]Best trial: 0. Best value: 0.54229:   1%|          | 1/100 [00:06<10:04,  6.10s/it]                                                                                   Best trial: 0. Best value: 0.54229:   1%|          | 1/100 [00:12<10:04,  6.10s/it]Best trial: 1. Best value: 0.542818:   1%|          | 1/100 [00:12<10:04,  6.10s/it]Best trial: 1. Best value: 0.542818:   2%|▏         | 2/100 [00:12<09:55,  6.07s/it]                                                                                    Best trial: 1. Best value: 0.542818:   2%|▏         | 2/100 [00:18<09:55,  6.07s/it]Best trial: 1. Best value: 0.542818:   2%|▏         | 2/100 [00:18<09:55,  6.07s/it]Best trial: 1. Best value: 0.542818:   3%|▎         | 3/100 [00:18<09:49,  6.08s/it]                                                                                    Best trial: 1. Best value: 0.542818:   3%|▎         | 3/100 [00:24<09:49,  6.08s/it]Best trial: 1. Best value: 0.542818:   3%|▎         | 3/100 [00:24<09:49,  6.08s/it]Best trial: 1. Best value: 0.542818:   4%|▍         | 4/100 [00:24<09:43,  6.08s/it]                                                                                    Best trial: 1. Best value: 0.542818:   4%|▍         | 4/100 [00:30<09:43,  6.08s/it]Best trial: 1. Best value: 0.542818:   4%|▍         | 4/100 [00:30<09:43,  6.08s/it]Best trial: 1. Best value: 0.542818:   5%|▌         | 5/100 [00:30<09:36,  6.07s/it]                                                                                    Best trial: 1. Best value: 0.542818:   5%|▌         | 5/100 [00:36<09:36,  6.07s/it]Best trial: 1. Best value: 0.542818:   5%|▌         | 5/100 [00:36<09:36,  6.07s/it]Best trial: 1. Best value: 0.542818:   6%|▌         | 6/100 [00:36<09:30,  6.07s/it]                                                                                    Best trial: 1. Best value: 0.542818:   6%|▌         | 6/100 [00:42<09:30,  6.07s/it]Best trial: 6. Best value: 0.542846:   6%|▌         | 6/100 [00:42<09:30,  6.07s/it]Best trial: 6. Best value: 0.542846:   7%|▋         | 7/100 [00:42<09:24,  6.07s/it]                                                                                    Best trial: 6. Best value: 0.542846:   7%|▋         | 7/100 [00:48<09:24,  6.07s/it]Best trial: 6. Best value: 0.542846:   7%|▋         | 7/100 [00:48<09:24,  6.07s/it]Best trial: 6. Best value: 0.542846:   8%|▊         | 8/100 [00:48<09:19,  6.08s/it]                                                                                    Best trial: 6. Best value: 0.542846:   8%|▊         | 8/100 [00:54<09:19,  6.08s/it]Best trial: 6. Best value: 0.542846:   8%|▊         | 8/100 [00:54<09:19,  6.08s/it]Best trial: 6. Best value: 0.542846:   9%|▉         | 9/100 [00:54<09:18,  6.14s/it]                                                                                    Best trial: 6. Best value: 0.542846:   9%|▉         | 9/100 [01:00<09:18,  6.14s/it]Best trial: 6. Best value: 0.542846:   9%|▉         | 9/100 [01:00<09:18,  6.14s/it]Best trial: 6. Best value: 0.542846:  10%|█         | 10/100 [01:00<09:10,  6.12s/it]                                                                                     Best trial: 6. Best value: 0.542846:  10%|█         | 10/100 [01:07<09:10,  6.12s/it]Best trial: 10. Best value: 0.54301:  10%|█         | 10/100 [01:07<09:10,  6.12s/it]Best trial: 10. Best value: 0.54301:  11%|█         | 11/100 [01:07<09:03,  6.11s/it]                                                                                     Best trial: 10. Best value: 0.54301:  11%|█         | 11/100 [01:13<09:03,  6.11s/it]Best trial: 11. Best value: 0.543043:  11%|█         | 11/100 [01:13<09:03,  6.11s/it]Best trial: 11. Best value: 0.543043:  12%|█▏        | 12/100 [01:13<08:56,  6.10s/it]                                                                                      Best trial: 11. Best value: 0.543043:  12%|█▏        | 12/100 [01:19<08:56,  6.10s/it]Best trial: 11. Best value: 0.543043:  12%|█▏        | 12/100 [01:19<08:56,  6.10s/it]Best trial: 11. Best value: 0.543043:  13%|█▎        | 13/100 [01:19<08:49,  6.09s/it]                                                                                      Best trial: 11. Best value: 0.543043:  13%|█▎        | 13/100 [01:25<08:49,  6.09s/it]Best trial: 11. Best value: 0.543043:  13%|█▎        | 13/100 [01:25<08:49,  6.09s/it]Best trial: 11. Best value: 0.543043:  14%|█▍        | 14/100 [01:25<08:43,  6.09s/it]                                                                                      Best trial: 11. Best value: 0.543043:  14%|█▍        | 14/100 [01:31<08:43,  6.09s/it]Best trial: 11. Best value: 0.543043:  14%|█▍        | 14/100 [01:31<08:43,  6.09s/it]Best trial: 11. Best value: 0.543043:  15%|█▌        | 15/100 [01:31<08:37,  6.09s/it]                                                                                      Best trial: 11. Best value: 0.543043:  15%|█▌        | 15/100 [01:37<08:37,  6.09s/it]Best trial: 15. Best value: 0.543091:  15%|█▌        | 15/100 [01:37<08:37,  6.09s/it]Best trial: 15. Best value: 0.543091:  16%|█▌        | 16/100 [01:37<08:31,  6.08s/it]                                                                                      Best trial: 15. Best value: 0.543091:  16%|█▌        | 16/100 [01:43<08:31,  6.08s/it]Best trial: 15. Best value: 0.543091:  16%|█▌        | 16/100 [01:43<08:31,  6.08s/it]Best trial: 15. Best value: 0.543091:  17%|█▋        | 17/100 [01:43<08:25,  6.09s/it]                                                                                      Best trial: 15. Best value: 0.543091:  17%|█▋        | 17/100 [01:49<08:25,  6.09s/it]Best trial: 15. Best value: 0.543091:  17%|█▋        | 17/100 [01:49<08:25,  6.09s/it]Best trial: 15. Best value: 0.543091:  18%|█▊        | 18/100 [01:49<08:19,  6.09s/it]                                                                                      Best trial: 15. Best value: 0.543091:  18%|█▊        | 18/100 [01:55<08:19,  6.09s/it]Best trial: 15. Best value: 0.543091:  18%|█▊        | 18/100 [01:55<08:19,  6.09s/it]Best trial: 15. Best value: 0.543091:  19%|█▉        | 19/100 [01:55<08:12,  6.09s/it]                                                                                      Best trial: 15. Best value: 0.543091:  19%|█▉        | 19/100 [02:01<08:12,  6.09s/it]Best trial: 15. Best value: 0.543091:  19%|█▉        | 19/100 [02:01<08:12,  6.09s/it]Best trial: 15. Best value: 0.543091:  20%|██        | 20/100 [02:01<08:06,  6.08s/it]                                                                                      Best trial: 15. Best value: 0.543091:  20%|██        | 20/100 [02:07<08:06,  6.08s/it]Best trial: 15. Best value: 0.543091:  20%|██        | 20/100 [02:07<08:06,  6.08s/it]Best trial: 15. Best value: 0.543091:  21%|██        | 21/100 [02:07<08:00,  6.09s/it]                                                                                      Best trial: 15. Best value: 0.543091:  21%|██        | 21/100 [02:13<08:00,  6.09s/it]Best trial: 15. Best value: 0.543091:  21%|██        | 21/100 [02:13<08:00,  6.09s/it]Best trial: 15. Best value: 0.543091:  22%|██▏       | 22/100 [02:13<07:54,  6.08s/it]                                                                                      Best trial: 15. Best value: 0.543091:  22%|██▏       | 22/100 [02:20<07:54,  6.08s/it]Best trial: 15. Best value: 0.543091:  22%|██▏       | 22/100 [02:20<07:54,  6.08s/it]Best trial: 15. Best value: 0.543091:  23%|██▎       | 23/100 [02:20<07:48,  6.08s/it]                                                                                      Best trial: 15. Best value: 0.543091:  23%|██▎       | 23/100 [02:26<07:48,  6.08s/it]Best trial: 15. Best value: 0.543091:  23%|██▎       | 23/100 [02:26<07:48,  6.08s/it]Best trial: 15. Best value: 0.543091:  24%|██▍       | 24/100 [02:26<07:41,  6.08s/it]                                                                                      Best trial: 15. Best value: 0.543091:  24%|██▍       | 24/100 [02:32<07:41,  6.08s/it]Best trial: 15. Best value: 0.543091:  24%|██▍       | 24/100 [02:32<07:41,  6.08s/it]Best trial: 15. Best value: 0.543091:  25%|██▌       | 25/100 [02:32<07:39,  6.12s/it]                                                                                      Best trial: 15. Best value: 0.543091:  25%|██▌       | 25/100 [02:38<07:39,  6.12s/it]Best trial: 15. Best value: 0.543091:  25%|██▌       | 25/100 [02:38<07:39,  6.12s/it]Best trial: 15. Best value: 0.543091:  26%|██▌       | 26/100 [02:38<07:32,  6.11s/it]                                                                                      Best trial: 15. Best value: 0.543091:  26%|██▌       | 26/100 [02:44<07:32,  6.11s/it]Best trial: 15. Best value: 0.543091:  26%|██▌       | 26/100 [02:44<07:32,  6.11s/it]Best trial: 15. Best value: 0.543091:  27%|██▋       | 27/100 [02:44<07:25,  6.10s/it]                                                                                      Best trial: 15. Best value: 0.543091:  27%|██▋       | 27/100 [02:50<07:25,  6.10s/it]Best trial: 15. Best value: 0.543091:  27%|██▋       | 27/100 [02:50<07:25,  6.10s/it]Best trial: 15. Best value: 0.543091:  28%|██▊       | 28/100 [02:50<07:18,  6.09s/it]                                                                                      Best trial: 15. Best value: 0.543091:  28%|██▊       | 28/100 [02:56<07:18,  6.09s/it]Best trial: 28. Best value: 0.54314:  28%|██▊       | 28/100 [02:56<07:18,  6.09s/it] Best trial: 28. Best value: 0.54314:  29%|██▉       | 29/100 [02:56<07:12,  6.09s/it]                                                                                     Best trial: 28. Best value: 0.54314:  29%|██▉       | 29/100 [03:02<07:12,  6.09s/it]Best trial: 28. Best value: 0.54314:  29%|██▉       | 29/100 [03:02<07:12,  6.09s/it]Best trial: 28. Best value: 0.54314:  30%|███       | 30/100 [03:02<07:05,  6.09s/it]                                                                                     Best trial: 28. Best value: 0.54314:  30%|███       | 30/100 [03:08<07:05,  6.09s/it]Best trial: 28. Best value: 0.54314:  30%|███       | 30/100 [03:08<07:05,  6.09s/it]Best trial: 28. Best value: 0.54314:  31%|███       | 31/100 [03:08<06:59,  6.08s/it]                                                                                     Best trial: 28. Best value: 0.54314:  31%|███       | 31/100 [03:14<06:59,  6.08s/it]Best trial: 31. Best value: 0.543196:  31%|███       | 31/100 [03:14<06:59,  6.08s/it]Best trial: 31. Best value: 0.543196:  32%|███▏      | 32/100 [03:14<06:52,  6.07s/it]                                                                                      Best trial: 31. Best value: 0.543196:  32%|███▏      | 32/100 [03:20<06:52,  6.07s/it]Best trial: 31. Best value: 0.543196:  32%|███▏      | 32/100 [03:20<06:52,  6.07s/it]Best trial: 31. Best value: 0.543196:  33%|███▎      | 33/100 [03:20<06:47,  6.07s/it]                                                                                      Best trial: 31. Best value: 0.543196:  33%|███▎      | 33/100 [03:26<06:47,  6.07s/it]Best trial: 31. Best value: 0.543196:  33%|███▎      | 33/100 [03:26<06:47,  6.07s/it]Best trial: 31. Best value: 0.543196:  34%|███▍      | 34/100 [03:26<06:40,  6.08s/it]                                                                                      Best trial: 31. Best value: 0.543196:  34%|███▍      | 34/100 [03:33<06:40,  6.08s/it]Best trial: 31. Best value: 0.543196:  34%|███▍      | 34/100 [03:33<06:40,  6.08s/it]Best trial: 31. Best value: 0.543196:  35%|███▌      | 35/100 [03:33<06:34,  6.08s/it]                                                                                      Best trial: 31. Best value: 0.543196:  35%|███▌      | 35/100 [03:39<06:34,  6.08s/it]Best trial: 31. Best value: 0.543196:  35%|███▌      | 35/100 [03:39<06:34,  6.08s/it]Best trial: 31. Best value: 0.543196:  36%|███▌      | 36/100 [03:39<06:29,  6.09s/it]                                                                                      Best trial: 31. Best value: 0.543196:  36%|███▌      | 36/100 [03:45<06:29,  6.09s/it]Best trial: 31. Best value: 0.543196:  36%|███▌      | 36/100 [03:45<06:29,  6.09s/it]Best trial: 31. Best value: 0.543196:  37%|███▋      | 37/100 [03:45<06:23,  6.08s/it]                                                                                      Best trial: 31. Best value: 0.543196:  37%|███▋      | 37/100 [03:51<06:23,  6.08s/it]Best trial: 31. Best value: 0.543196:  37%|███▋      | 37/100 [03:51<06:23,  6.08s/it]Best trial: 31. Best value: 0.543196:  38%|███▊      | 38/100 [03:51<06:16,  6.07s/it]                                                                                      Best trial: 31. Best value: 0.543196:  38%|███▊      | 38/100 [03:57<06:16,  6.07s/it]Best trial: 31. Best value: 0.543196:  38%|███▊      | 38/100 [03:57<06:16,  6.07s/it]Best trial: 31. Best value: 0.543196:  39%|███▉      | 39/100 [03:57<06:10,  6.07s/it]                                                                                      Best trial: 31. Best value: 0.543196:  39%|███▉      | 39/100 [04:03<06:10,  6.07s/it]Best trial: 31. Best value: 0.543196:  39%|███▉      | 39/100 [04:03<06:10,  6.07s/it]Best trial: 31. Best value: 0.543196:  40%|████      | 40/100 [04:03<06:04,  6.07s/it]                                                                                      Best trial: 31. Best value: 0.543196:  40%|████      | 40/100 [04:09<06:04,  6.07s/it]Best trial: 31. Best value: 0.543196:  40%|████      | 40/100 [04:09<06:04,  6.07s/it]Best trial: 31. Best value: 0.543196:  41%|████      | 41/100 [04:09<05:57,  6.07s/it]                                                                                      Best trial: 31. Best value: 0.543196:  41%|████      | 41/100 [04:15<05:57,  6.07s/it]Best trial: 31. Best value: 0.543196:  41%|████      | 41/100 [04:15<05:57,  6.07s/it]Best trial: 31. Best value: 0.543196:  42%|████▏     | 42/100 [04:15<05:54,  6.12s/it]                                                                                      Best trial: 31. Best value: 0.543196:  42%|████▏     | 42/100 [04:21<05:54,  6.12s/it]Best trial: 31. Best value: 0.543196:  42%|████▏     | 42/100 [04:21<05:54,  6.12s/it]Best trial: 31. Best value: 0.543196:  43%|████▎     | 43/100 [04:21<05:47,  6.11s/it]                                                                                      Best trial: 31. Best value: 0.543196:  43%|████▎     | 43/100 [04:27<05:47,  6.11s/it]Best trial: 31. Best value: 0.543196:  43%|████▎     | 43/100 [04:27<05:47,  6.11s/it]Best trial: 31. Best value: 0.543196:  44%|████▍     | 44/100 [04:27<05:41,  6.10s/it]                                                                                      Best trial: 31. Best value: 0.543196:  44%|████▍     | 44/100 [04:33<05:41,  6.10s/it]Best trial: 31. Best value: 0.543196:  44%|████▍     | 44/100 [04:33<05:41,  6.10s/it]Best trial: 31. Best value: 0.543196:  45%|████▌     | 45/100 [04:33<05:34,  6.09s/it]                                                                                      Best trial: 31. Best value: 0.543196:  45%|████▌     | 45/100 [04:40<05:34,  6.09s/it]Best trial: 31. Best value: 0.543196:  45%|████▌     | 45/100 [04:40<05:34,  6.09s/it]Best trial: 31. Best value: 0.543196:  46%|████▌     | 46/100 [04:40<05:28,  6.08s/it]                                                                                      Best trial: 31. Best value: 0.543196:  46%|████▌     | 46/100 [04:46<05:28,  6.08s/it]Best trial: 31. Best value: 0.543196:  46%|████▌     | 46/100 [04:46<05:28,  6.08s/it]Best trial: 31. Best value: 0.543196:  47%|████▋     | 47/100 [04:46<05:21,  6.07s/it]                                                                                      Best trial: 31. Best value: 0.543196:  47%|████▋     | 47/100 [04:52<05:21,  6.07s/it]Best trial: 31. Best value: 0.543196:  47%|████▋     | 47/100 [04:52<05:21,  6.07s/it]Best trial: 31. Best value: 0.543196:  48%|████▊     | 48/100 [04:52<05:15,  6.07s/it]                                                                                      Best trial: 31. Best value: 0.543196:  48%|████▊     | 48/100 [04:58<05:15,  6.07s/it]Best trial: 31. Best value: 0.543196:  48%|████▊     | 48/100 [04:58<05:15,  6.07s/it]Best trial: 31. Best value: 0.543196:  49%|████▉     | 49/100 [04:58<05:10,  6.08s/it]                                                                                      Best trial: 31. Best value: 0.543196:  49%|████▉     | 49/100 [05:04<05:10,  6.08s/it]Best trial: 31. Best value: 0.543196:  49%|████▉     | 49/100 [05:04<05:10,  6.08s/it]Best trial: 31. Best value: 0.543196:  50%|█████     | 50/100 [05:04<05:03,  6.08s/it]                                                                                      Best trial: 31. Best value: 0.543196:  50%|█████     | 50/100 [05:10<05:03,  6.08s/it]Best trial: 31. Best value: 0.543196:  50%|█████     | 50/100 [05:10<05:03,  6.08s/it]Best trial: 31. Best value: 0.543196:  51%|█████     | 51/100 [05:10<04:57,  6.07s/it]                                                                                      Best trial: 31. Best value: 0.543196:  51%|█████     | 51/100 [05:16<04:57,  6.07s/it]Best trial: 31. Best value: 0.543196:  51%|█████     | 51/100 [05:16<04:57,  6.07s/it]Best trial: 31. Best value: 0.543196:  52%|█████▏    | 52/100 [05:16<04:51,  6.06s/it]                                                                                      Best trial: 31. Best value: 0.543196:  52%|█████▏    | 52/100 [05:22<04:51,  6.06s/it]Best trial: 52. Best value: 0.5432:  52%|█████▏    | 52/100 [05:22<04:51,  6.06s/it]  Best trial: 52. Best value: 0.5432:  53%|█████▎    | 53/100 [05:22<04:45,  6.07s/it]                                                                                    Best trial: 52. Best value: 0.5432:  53%|█████▎    | 53/100 [05:28<04:45,  6.07s/it]Best trial: 52. Best value: 0.5432:  53%|█████▎    | 53/100 [05:28<04:45,  6.07s/it]Best trial: 52. Best value: 0.5432:  54%|█████▍    | 54/100 [05:28<04:38,  6.06s/it]                                                                                    Best trial: 52. Best value: 0.5432:  54%|█████▍    | 54/100 [05:34<04:38,  6.06s/it]Best trial: 54. Best value: 0.543201:  54%|█████▍    | 54/100 [05:34<04:38,  6.06s/it]Best trial: 54. Best value: 0.543201:  55%|█████▌    | 55/100 [05:34<04:32,  6.07s/it]                                                                                      Best trial: 54. Best value: 0.543201:  55%|█████▌    | 55/100 [05:40<04:32,  6.07s/it]Best trial: 54. Best value: 0.543201:  55%|█████▌    | 55/100 [05:40<04:32,  6.07s/it]Best trial: 54. Best value: 0.543201:  56%|█████▌    | 56/100 [05:40<04:26,  6.07s/it]                                                                                      Best trial: 54. Best value: 0.543201:  56%|█████▌    | 56/100 [05:46<04:26,  6.07s/it]Best trial: 54. Best value: 0.543201:  56%|█████▌    | 56/100 [05:46<04:26,  6.07s/it]Best trial: 54. Best value: 0.543201:  57%|█████▋    | 57/100 [05:46<04:20,  6.07s/it]                                                                                      Best trial: 54. Best value: 0.543201:  57%|█████▋    | 57/100 [05:52<04:20,  6.07s/it]Best trial: 54. Best value: 0.543201:  57%|█████▋    | 57/100 [05:52<04:20,  6.07s/it]Best trial: 54. Best value: 0.543201:  58%|█████▊    | 58/100 [05:52<04:14,  6.05s/it]                                                                                      Best trial: 54. Best value: 0.543201:  58%|█████▊    | 58/100 [05:58<04:14,  6.05s/it]Best trial: 58. Best value: 0.543223:  58%|█████▊    | 58/100 [05:58<04:14,  6.05s/it]Best trial: 58. Best value: 0.543223:  59%|█████▉    | 59/100 [05:58<04:10,  6.10s/it]                                                                                      Best trial: 58. Best value: 0.543223:  59%|█████▉    | 59/100 [06:05<04:10,  6.10s/it]Best trial: 58. Best value: 0.543223:  59%|█████▉    | 59/100 [06:05<04:10,  6.10s/it]Best trial: 58. Best value: 0.543223:  60%|██████    | 60/100 [06:05<04:03,  6.09s/it]                                                                                      Best trial: 58. Best value: 0.543223:  60%|██████    | 60/100 [06:11<04:03,  6.09s/it]Best trial: 58. Best value: 0.543223:  60%|██████    | 60/100 [06:11<04:03,  6.09s/it]Best trial: 58. Best value: 0.543223:  61%|██████    | 61/100 [06:11<03:57,  6.08s/it]                                                                                      Best trial: 58. Best value: 0.543223:  61%|██████    | 61/100 [06:17<03:57,  6.08s/it]Best trial: 58. Best value: 0.543223:  61%|██████    | 61/100 [06:17<03:57,  6.08s/it]Best trial: 58. Best value: 0.543223:  62%|██████▏   | 62/100 [06:17<03:51,  6.08s/it]                                                                                      Best trial: 58. Best value: 0.543223:  62%|██████▏   | 62/100 [06:23<03:51,  6.08s/it]Best trial: 58. Be