[I 2025-05-15 03:35:10,791] Trial 99 finished with value: 0.5326074763067354 and parameters: {'threshold_scale_factor': 0.8020691578257014}. Best is trial 46 with value: 0.532973455100648.
Best hyperparameters: {'threshold_scale_factor': 0.7573633780604629}
Best optimized value: 0.532973455100648
Running audit 1/1
Training a GraphSAGE target model on github...
Training GraphSAGE on cuda:   0%|          | 0/300 [00:00<?, ?it/s]Training GraphSAGE on cuda:   5%|▍         | 14/300 [00:00<00:02, 134.38it/s]Training GraphSAGE on cuda:  10%|▉         | 29/300 [00:00<00:01, 141.03it/s]Training GraphSAGE on cuda:  15%|█▌        | 45/300 [00:00<00:01, 149.05it/s]Training GraphSAGE on cuda:  20%|██        | 61/300 [00:00<00:01, 153.03it/s]Training GraphSAGE on cuda:  26%|██▌       | 77/300 [00:00<00:01, 155.11it/s]Training GraphSAGE on cuda:  31%|███       | 93/300 [00:00<00:01, 156.34it/s]Training GraphSAGE on cuda:  36%|███▋      | 109/300 [00:00<00:01, 157.05it/s]Training GraphSAGE on cuda:  42%|████▏     | 125/300 [00:00<00:01, 157.82it/s]Training GraphSAGE on cuda:  47%|████▋     | 141/300 [00:00<00:01, 158.14it/s]Training GraphSAGE on cuda:  52%|█████▏    | 157/300 [00:01<00:00, 158.51it/s]Training GraphSAGE on cuda:  58%|█████▊    | 173/300 [00:01<00:00, 158.57it/s]Training GraphSAGE on cuda:  63%|██████▎   | 189/300 [00:01<00:00, 158.75it/s]Training GraphSAGE on cuda:  68%|██████▊   | 205/300 [00:01<00:00, 158.90it/s]Training GraphSAGE on cuda:  74%|███████▎  | 221/300 [00:01<00:00, 158.96it/s]Training GraphSAGE on cuda:  79%|███████▉  | 237/300 [00:01<00:00, 158.94it/s]Training GraphSAGE on cuda:  84%|████████▍ | 253/300 [00:01<00:00, 159.07it/s]Training GraphSAGE on cuda:  90%|████████▉ | 269/300 [00:01<00:00, 159.17it/s]Training GraphSAGE on cuda:  95%|█████████▌| 285/300 [00:01<00:00, 159.18it/s]Training GraphSAGE on cuda: 100%|██████████| 300/300 [00:01<00:00, 157.01it/s]
Train accuracy: 0.9121 | Test accuracy: 0.8515
Training MLP on cuda:   0%|          | 0/1000 [00:00<?, ?it/s]Training MLP on cuda:   0%|          | 1/1000 [00:40<11:11:46, 40.35s/it]Training MLP on cuda:   0%|          | 2/1000 [01:19<11:01:51, 39.79s/it]Training MLP on cuda:   0%|          | 3/1000 [01:59<10:59:08, 39.67s/it]Training MLP on cuda:   0%|          | 4/1000 [02:38<10:56:07, 39.53s/it]Training MLP on cuda:   0%|          | 5/1000 [03:18<10:55:47, 39.55s/it]Training MLP on cuda:   1%|          | 6/1000 [03:57<10:55:11, 39.55s/it]Training MLP on cuda:   1%|          | 7/1000 [04:36<10:52:19, 39.42s/it]Training MLP on cuda:   1%|          | 8/1000 [05:16<10:51:44, 39.42s/it]Training MLP on cuda:   1%|          | 9/1000 [05:55<10:51:04, 39.42s/it]Training MLP on cuda:   1%|          | 10/1000 [06:35<10:51:06, 39.46s/it]Training MLP on cuda:   1%|          | 11/1000 [07:14<10:49:56, 39.43s/it]Training MLP on cuda:   1%|          | 12/1000 [07:54<10:49:23, 39.44s/it]Training MLP on cuda:   1%|▏         | 13/1000 [08:33<10:48:01, 39.39s/it]Training MLP on cuda:   1%|▏         | 14/1000 [09:12<10:47:34, 39.41s/it]Training MLP on cuda:   2%|▏         | 15/1000 [09:52<10:46:19, 39.37s/it]Training MLP on cuda:   2%|▏         | 16/1000 [10:31<10:46:03, 39.39s/it]Training MLP on cuda:   2%|▏         | 17/1000 [11:10<10:44:53, 39.36s/it]Training MLP on cuda:   2%|▏         | 18/1000 [11:50<10:44:36, 39.39s/it]Training MLP on cuda:   2%|▏         | 19/1000 [12:29<10:43:41, 39.37s/it]Training MLP on cuda:   2%|▏         | 20/1000 [13:08<10:41:39, 39.28s/it]Training MLP on cuda:   2%|▏         | 21/1000 [13:48<10:41:46, 39.33s/it]Training MLP on cuda:   2%|▏         | 22/1000 [14:27<10:40:55, 39.32s/it]Training MLP on cuda:   2%|▏         | 23/1000 [15:06<10:40:49, 39.35s/it]Training MLP on cuda:   2%|▏         | 24/1000 [15:46<10:39:18, 39.30s/it]Training MLP on cuda:   2%|▎         | 25/1000 [16:25<10:39:16, 39.34s/it]Training MLP on cuda:   3%|▎         | 26/1000 [17:04<10:37:58, 39.30s/it]Training MLP on cuda:   3%|▎         | 27/1000 [17:44<10:37:46, 39.33s/it]Training MLP on cuda:   3%|▎         | 28/1000 [18:23<10:37:02, 39.32s/it]Training MLP on cuda:   3%|▎         | 29/1000 [19:02<10:36:47, 39.35s/it]Training MLP on cuda:   3%|▎         | 30/1000 [19:42<10:35:53, 39.33s/it]Training MLP on cuda:   3%|▎         | 31/1000 [20:21<10:36:13, 39.40s/it]Training MLP on cuda:   3%|▎         | 32/1000 [21:00<10:35:18, 39.38s/it]Training MLP on cuda:   3%|▎         | 33/1000 [21:40<10:34:45, 39.39s/it]Training MLP on cuda:   3%|▎         | 34/1000 [22:19<10:33:38, 39.36s/it]Training MLP on cuda:   4%|▎         | 35/1000 [22:59<10:33:23, 39.38s/it]Training MLP on cuda:   4%|▎         | 36/1000 [23:38<10:31:57, 39.33s/it]Training MLP on cuda:   4%|▎         | 37/1000 [24:17<10:32:08, 39.39s/it]Training MLP on cuda:   4%|▍         | 38/1000 [24:57<10:30:46, 39.34s/it]Training MLP on cuda:   4%|▍         | 39/1000 [25:36<10:30:01, 39.34s/it]Training MLP on cuda:   4%|▍         | 40/1000 [26:15<10:29:01, 39.31s/it]Training MLP on cuda:   4%|▍         | 41/1000 [26:55<10:29:03, 39.36s/it]Training MLP on cuda:   4%|▍         | 42/1000 [27:34<10:27:32, 39.30s/it]Training MLP on cuda:   4%|▍         | 43/1000 [28:13<10:27:33, 39.35s/it]Training MLP on cuda:   4%|▍         | 44/1000 [28:52<10:26:18, 39.31s/it]Training MLP on cuda:   4%|▍         | 45/1000 [29:32<10:26:09, 39.34s/it]Training MLP on cuda:   5%|▍         | 46/1000 [30:11<10:24:44, 39.29s/it]Training MLP on cuda:   5%|▍         | 47/1000 [30:50<10:24:49, 39.34s/it]Training MLP on cuda:   5%|▍         | 48/1000 [31:30<10:23:37, 39.30s/it]Training MLP on cuda:   5%|▍         | 49/1000 [32:09<10:22:52, 39.30s/it]Training MLP on cuda:   5%|▌         | 50/1000 [32:48<10:22:02, 39.29s/it]Training MLP on cuda:   5%|▌         | 51/1000 [33:28<10:22:02, 39.33s/it]Training MLP on cuda:   5%|▌         | 52/1000 [34:07<10:21:20, 39.33s/it]Training MLP on cuda:   5%|▌         | 53/1000 [34:46<10:21:23, 39.37s/it]Training MLP on cuda:   5%|▌         | 54/1000 [35:26<10:20:19, 39.34s/it]Training MLP on cuda:   6%|▌         | 55/1000 [36:05<10:19:43, 39.35s/it]Training MLP on cuda:   6%|▌         | 56/1000 [36:44<10:18:06, 39.29s/it]Training MLP on cuda:   6%|▌         | 57/1000 [37:24<10:17:33, 39.29s/it]Training MLP on cuda:   6%|▌         | 58/1000 [38:03<10:16:29, 39.27s/it]Training MLP on cuda:   6%|▌         | 59/1000 [38:42<10:16:42, 39.32s/it]Training MLP on cuda:   6%|▌         | 60/1000 [39:21<10:15:34, 39.29s/it]Training MLP on cuda:   6%|▌         | 61/1000 [40:01<10:15:13, 39.31s/it]Training MLP on cuda:   6%|▌         | 62/1000 [40:40<10:14:07, 39.28s/it]Training MLP on cuda:   6%|▋         | 63/1000 [41:19<10:13:45, 39.30s/it]Training MLP on cuda:   6%|▋         | 64/1000 [41:59<10:12:37, 39.27s/it]Training MLP on cuda:   6%|▋         | 65/1000 [42:38<10:12:33, 39.31s/it]Training MLP on cuda:   7%|▋         | 66/1000 [43:17<10:12:26, 39.34s/it]Training MLP on cuda:   7%|▋         | 67/1000 [43:57<10:10:52, 39.29s/it]Training MLP on cuda:   7%|▋         | 68/1000 [44:36<10:10:42, 39.32s/it]Training MLP on cuda:   7%|▋         | 69/1000 [45:15<10:09:52, 39.30s/it]Training MLP on cuda:   7%|▋         | 70/1000 [45:55<10:09:59, 39.35s/it]Training MLP on cuda:   7%|▋         | 71/1000 [46:34<10:09:10, 39.34s/it]Training MLP on cuda:   7%|▋         | 72/1000 [47:13<10:08:57, 39.37s/it]Training MLP on cuda:   7%|▋         | 73/1000 [47:53<10:07:39, 39.33s/it]Training MLP on cuda:   7%|▋         | 74/1000 [48:32<10:07:34, 39.37s/it]Training MLP on cuda:   8%|▊         | 75/1000 [49:11<10:05:51, 39.30s/it]Training MLP on cuda:   8%|▊         | 76/1000 [49:50<10:03:23, 39.18s/it]Training MLP on cuda:   8%|▊         | 77/1000 [50:29<10:01:56, 39.13s/it]Training MLP on cuda:   8%|▊         | 78/1000 [51:08<9:59:08, 38.99s/it] Training MLP on cuda:   8%|▊         | 79/1000 [51:47<9:59:09, 39.03s/it]Training MLP on cuda:   8%|▊         | 80/1000 [52:26<9:58:13, 39.01s/it]Training MLP on cuda:   8%|▊         | 81/1000 [53:05<9:57:45, 39.03s/it]Training MLP on cuda:   8%|▊         | 82/1000 [53:44<9:55:58, 38.95s/it]Training MLP on cuda:   8%|▊         | 83/1000 [54:23<9:55:20, 38.95s/it]Training MLP on cuda:   8%|▊         | 84/1000 [55:02<9:54:16, 38.93s/it]Training MLP on cuda:   8%|▊         | 85/1000 [55:41<9:53:59, 38.95s/it]Training MLP on cuda:   9%|▊         | 86/1000 [56:19<9:52:20, 38.88s/it]Training MLP on cuda:   9%|▊         | 87/1000 [56:58<9:52:10, 38.92s/it]Training MLP on cuda:   9%|▉         | 88/1000 [57:37<9:50:36, 38.86s/it]Training MLP on cuda:   9%|▉         | 89/1000 [58:16<9:51:08, 38.93s/it]Training MLP on cuda:   9%|▉         | 90/1000 [58:55<9:50:24, 38.93s/it]Training MLP on cuda:   9%|▉         | 91/1000 [59:34<9:49:52, 38.94s/it]Training MLP on cuda:   9%|▉         | 92/1000 [1:00:13<9:48:30, 38.89s/it]Training MLP on cuda:   9%|▉         | 93/1000 [1:00:52<9:48:30, 38.93s/it]Training MLP on cuda:   9%|▉         | 94/1000 [1:01:31<9:47:40, 38.92s/it]Training MLP on cuda:  10%|▉         | 95/1000 [1:02:10<9:47:43, 38.97s/it]Training MLP on cuda:  10%|▉         | 96/1000 [1:02:49<9:46:18, 38.91s/it]Training MLP on cuda:  10%|▉         | 97/1000 [1:03:28<9:46:06, 38.94s/it]Training MLP on cuda:  10%|▉         | 98/1000 [1:04:06<9:45:10, 38.93s/it]Training MLP on cuda:  10%|▉         | 99/1000 [1:04:45<9:44:29, 38.92s/it]Training MLP on cuda:  10%|█         | 100/1000 [1:05:24<9:43:09, 38.88s/it]Training MLP on cuda:  10%|█         | 101/1000 [1:06:03<9:43:48, 38.96s/it]Training MLP on cuda:  10%|█         | 102/1000 [1:06:42<9:42:46, 38.94s/it]Training MLP on cuda:  10%|█         | 103/1000 [1:07:21<9:42:19, 38.95s/it]Training MLP on cuda:  10%|█         | 104/1000 [1:08:00<9:41:18, 38.93s/it]Training MLP on cuda:  10%|█         | 105/1000 [1:08:39<9:41:06, 38.96s/it]Training MLP on cuda:  11%|█         | 106/1000 [1:09:18<9:39:34, 38.90s/it]Training MLP on cuda:  11%|█         | 106/1000 [1:09:57<9:50:00, 39.60s/it]
Training MLP on cuda:   0%|          | 0/1000 [00:00<?, ?it/s]Training MLP on cuda:   0%|          | 1/1000 [00:39<10:50:36, 39.08s/it]Training MLP on cuda:   0%|          | 2/1000 [01:18<10:55:52, 39.43s/it]Training MLP on cuda:   0%|          | 3/1000 [01:57<10:49:06, 39.06s/it]Training MLP on cuda:   0%|          | 4/1000 [02:36<10:45:50, 38.91s/it]Training MLP on cuda:   0%|          | 5/1000 [03:15<10:51:24, 39.28s/it]Training MLP on cuda:   1%|          | 6/1000 [03:54<10:47:17, 39.07s/it]Training MLP on cuda:   1%|          | 7/1000 [04:33<10:44:56, 38.97s/it]Training MLP on cuda:   1%|          | 8/1000 [05:13<10:50:29, 39.34s/it]Training MLP on cuda:   1%|          | 9/1000 [05:52<10:46:03, 39.12s/it]Training MLP on cuda:   1%|          | 10/1000 [06:31<10:43:57, 39.03s/it]Training MLP on cuda:   1%|          | 11/1000 [07:11<10:48:30, 39.34s/it]Training MLP on cuda:   1%|          | 12/1000 [07:49<10:44:14, 39.12s/it]Training MLP on cuda:   1%|▏         | 13/1000 [08:28<10:40:58, 38.96s/it]Training MLP on cuda:   1%|▏         | 14/1000 [09:08<10:45:36, 39.29s/it]Training MLP on cuda:   2%|▏         | 15/1000 [09:46<10:41:16, 39.06s/it]Training MLP on cuda:   2%|▏         | 16/1000 [10:25<10:39:08, 38.97s/it]Training MLP on cuda:   2%|▏         | 17/1000 [11:05<10:43:42, 39.29s/it]Training MLP on cuda:   2%|▏         | 18/1000 [11:44<10:39:42, 39.09s/it]Training MLP on cuda:   2%|▏         | 19/1000 [12:23<10:37:34, 39.00s/it]Training MLP on cuda:   2%|▏         | 20/1000 [13:03<10:42:46, 39.35s/it]Training MLP on cuda:   2%|▏         | 21/1000 [13:41<10:38:55, 39.16s/it]Training MLP on cuda:   2%|▏         | 22/1000 [14:20<10:35:49, 39.01s/it]Training MLP on cuda:   2%|▏         | 23/1000 [15:00<10:40:45, 39.35s/it]Training MLP on cuda:   2%|▏         | 24/1000 [15:39<10:36:09, 39.11s/it]Training MLP on cuda:   2%|▎         | 25/1000 [16:18<10:33:55, 39.01s/it]Training MLP on cuda:   3%|▎         | 26/1000 [16:58<10:37:55, 39.30s/it]Training MLP on cuda:   3%|▎         | 27/1000 [17:36<10:33:46, 39.08s/it]Training MLP on cuda:   3%|▎         | 28/1000 [18:15<10:31:44, 39.00s/it]Training MLP on cuda:   3%|▎         | 29/1000 [18:55<10:36:33, 39.33s/it]Training MLP on cuda:   3%|▎         | 30/1000 [19:34<10:32:01, 39.09s/it]Training MLP on cuda:   3%|▎         | 31/1000 [20:12<10:30:03, 39.01s/it]Training MLP on cuda:   3%|▎         | 32/1000 [20:52<10:34:29, 39.33s/it]Training MLP on cuda:   3%|▎         | 33/1000 [21:31<10:29:53, 39.08s/it]Training MLP on cuda:   3%|▎         | 34/1000 [22:10<10:27:56, 39.00s/it]Training MLP on cuda:   4%|▎         | 35/1000 [22:50<10:33:07, 39.37s/it]Training MLP on cuda:   4%|▎         | 36/1000 [23:28<10:28:12, 39.10s/it]Training MLP on cuda:   4%|▎         | 37/1000 [24:07<10:26:11, 39.02s/it]Training MLP on cuda:   4%|▍         | 38/1000 [24:47<10:30:35, 39.33s/it]Training MLP on cuda:   4%|▍         | 39/1000 [25:26<10:25:31, 39.05s/it]Training MLP on cuda:   4%|▍         | 40/1000 [26:05<10:23:19, 38.96s/it]Training MLP on cuda:   4%|▍         | 41/1000 [26:45<10:28:25, 39.32s/it]Training MLP on cuda:   4%|▍         | 42/1000 [27:23<10:24:30, 39.11s/it]Training MLP on cuda:   4%|▍         | 43/1000 [28:02<10:21:54, 38.99s/it]Training MLP on cuda:   4%|▍         | 44/1000 [28:42<10:26:20, 39.31s/it]Training MLP on cuda:   4%|▍         | 45/1000 [29:21<10:22:01, 39.08s/it]Training MLP on cuda:   5%|▍         | 46/1000 [29:59<10:19:58, 38.99s/it]Training MLP on cuda:   5%|▍         | 47/1000 [30:40<10:24:52, 39.34s/it]Training MLP on cuda:   5%|▍         | 48/1000 [31:18<10:20:33, 39.11s/it]Training MLP on cuda:   5%|▍         | 49/1000 [31:57<10:18:00, 38.99s/it]Training MLP on cuda:   5%|▌         | 50/1000 [32:37<10:22:58, 39.35s/it]Training MLP on cuda:   5%|▌         | 51/1000 [33:16<10:18:55, 39.13s/it]Training MLP on cuda:   5%|▌         | 52/1000 [33:54<10:16:28, 39.02s/it]Training MLP on cuda:   5%|▌         | 53/1000 [34:34<10:20:55, 39.34s/it]Training MLP on cuda:   5%|▌         | 54/1000 [35:13<10:16:35, 39.11s/it]Training MLP on cuda:   6%|▌         | 55/1000 [35:52<10:15:04, 39.05s/it]Training MLP on cuda:   6%|▌         | 56/1000 [36:32<10:20:05, 39.41s/it]Training MLP on cuda:   6%|▌         | 57/1000 [37:11<10:16:06, 39.20s/it]Training MLP on cuda:   6%|▌         | 58/1000 [37:50<10:14:13, 39.12s/it]Training MLP on cuda:   6%|▌         | 59/1000 [38:30<10:18:36, 39.44s/it]Training MLP on cuda:   6%|▌         | 60/1000 [39:09<10:14:13, 39.21s/it]Training MLP on cuda:   6%|▌         | 61/1000 [39:47<10:11:35, 39.08s/it]Training MLP on cuda:   6%|▌         | 62/1000 [40:28<10:16:56, 39.46s/it]Training MLP on cuda:   6%|▋         | 63/1000 [41:07<10:13:12, 39.27s/it]Training MLP on cuda:   6%|▋         | 64/1000 [41:45<10:10:20, 39.12s/it]Training MLP on cuda:   6%|▋         | 65/1000 [42:26<10:14:53, 39.46s/it]Training MLP on cuda:   7%|▋         | 66/1000 [43:04<10:11:05, 39.26s/it]Training MLP on cuda:   7%|▋         | 67/1000 [43:43<10:08:36, 39.14s/it]Training MLP on cuda:   7%|▋         | 68/1000 [44:24<10:13:25, 39.49s/it]Training MLP on cuda:   7%|▋         | 69/1000 [45:02<10:09:02, 39.25s/it]Training MLP on cuda:   7%|▋         | 70/1000 [45:41<10:06:24, 39.12s/it]Training MLP on cuda:   7%|▋         | 71/1000 [46:21<10:10:25, 39.42s/it]Training MLP on cuda:   7%|▋         | 72/1000 [47:00<10:06:19, 39.20s/it]Training MLP on cuda:   7%|▋         | 73/1000 [47:39<10:03:46, 39.08s/it]Training MLP on cuda:   7%|▋         | 74/1000 [48:19<10:08:05, 39.40s/it]Training MLP on cuda:   8%|▊         | 75/1000 [48:58<10:04:20, 39.20s/it]Training MLP on cuda:   8%|▊         | 76/1000 [49:36<10:01:44, 39.07s/it]Training MLP on cuda:   8%|▊         | 77/1000 [50:17<10:05:56, 39.39s/it]Training MLP on cuda:   8%|▊         | 78/1000 [50:55<10:01:58, 39.17s/it]Training MLP on cuda:   8%|▊         | 79/1000 [51:34<10:00:13, 39.10s/it]Training MLP on cuda:   8%|▊         | 80/1000 [52:14<10:04:31, 39.43s/it]Training MLP on cuda:   8%|▊         | 81/1000 [52:53<10:00:31, 39.21s/it]Training MLP on cuda:   8%|▊         | 82/1000 [53:32<9:58:07, 39.09s/it] Training MLP on cuda:   8%|▊         | 83/1000 [54:12<10:02:54, 39.45s/it]Training MLP on cuda:   8%|▊         | 84/1000 [54:51<9:58:43, 39.22s/it] Training MLP on cuda:   8%|▊         | 85/1000 [55:30<9:57:21, 39.17s/it]Training MLP on cuda:   9%|▊         | 86/1000 [56:10<10:01:38, 39.49s/it]Training MLP on cuda:   9%|▊         | 87/1000 [56:49<9:57:40, 39.28s/it] Training MLP on cuda:   9%|▉         | 88/1000 [57:28<9:55:26, 39.17s/it]Training MLP on cuda:   9%|▉         | 89/1000 [58:08<10:00:05, 39.52s/it]Training MLP on cuda:   9%|▉         | 90/1000 [58:47<9:55:16, 39.25s/it] Training MLP on cuda:   9%|▉         | 91/1000 [59:26<9:53:23, 39.17s/it]Training MLP on cuda:   9%|▉         | 92/1000 [1:00:06<9:57:33, 39.49s/it]Training MLP on cuda:   9%|▉         | 93/1000 [1:00:45<9:53:23, 39.25s/it]Training MLP on cuda:   9%|▉         | 94/1000 [1:01:23<9:50:04, 39.08s/it]Training MLP on cuda:  10%|▉         | 95/1000 [1:02:04<9:54:35, 39.42s/it]Training MLP on cuda:  10%|▉         | 96/1000 [1:02:42<9:50:47, 39.21s/it]Training MLP on cuda:  10%|▉         | 97/1000 [1:03:21<9:48:16, 39.09s/it]Training MLP on cuda:  10%|▉         | 98/1000 [1:04:01<9:52:42, 39.43s/it]Training MLP on cuda:  10%|▉         | 99/1000 [1:04:40<9:49:11, 39.24s/it]Training MLP on cuda:  10%|█         | 100/1000 [1:05:19<9:46:34, 39.10s/it]Training MLP on cuda:  10%|█         | 101/1000 [1:05:59<9:51:27, 39.47s/it]Training MLP on cuda:  10%|█         | 102/1000 [1:06:38<9:47:14, 39.24s/it]Training MLP on cuda:  10%|█         | 103/1000 [1:07:17<9:44:39, 39.11s/it]Training MLP on cuda:  10%|█         | 104/1000 [1:07:57<9:49:29, 39.48s/it]Training MLP on cuda:  10%|█         | 105/1000 [1:08:36<9:45:14, 39.23s/it]Training MLP on cuda:  11%|█         | 106/1000 [1:09:14<9:42:17, 39.08s/it]Training MLP on cuda:  11%|█         | 107/1000 [1:09:55<9:46:09, 39.38s/it]Training MLP on cuda:  11%|█         | 108/1000 [1:10:33<9:42:01, 39.15s/it]Training MLP on cuda:  11%|█         | 109/1000 [1:11:12<9:39:43, 39.04s/it]Training MLP on cuda:  11%|█         | 110/1000 [1:11:52<9:43:59, 39.37s/it]Training MLP on cuda:  11%|█         | 111/1000 [1:12:31<9:40:33, 39.18s/it]Training MLP on cuda:  11%|█         | 112/1000 [1:13:10<9:38:15, 39.07s/it]Training MLP on cuda:  11%|█▏        | 113/1000 [1:13:50<9:42:47, 39.42s/it]Training MLP on cuda:  11%|█▏        | 114/1000 [1:14:29<9:38:54, 39.20s/it]Training MLP on cuda:  12%|█▏        | 115/1000 [1:15:07<9:36:41, 39.10s/it]Training MLP on cuda:  12%|█▏        | 116/1000 [1:15:48<9:41:28, 39.47s/it]Training MLP on cuda:  12%|█▏        | 117/1000 [1:16:26<9:37:29, 39.24s/it]Training MLP on cuda:  12%|█▏        | 118/1000 [1:17:05<9:35:12, 39.13s/it]Training MLP on cuda:  12%|█▏        | 119/1000 [1:17:46<9:39:17, 39.45s/it]Training MLP on cuda:  12%|█▏        | 120/1000 [1:18:24<9:35:22, 39.23s/it]Training MLP on cuda:  12%|█▏        | 121/1000 [1:19:03<9:32:57, 39.11s/it]Training MLP on cuda:  12%|█▏        | 122/1000 [1:19:43<9:37:20, 39.45s/it]Training MLP on cuda:  12%|█▏        | 123/1000 [1:20:22<9:33:15, 39.22s/it]Training MLP on cuda:  12%|█▏        | 124/1000 [1:21:01<9:31:07, 39.12s/it]Training MLP on cuda:  12%|█▎        | 125/1000 [1:21:41<9:34:46, 39.41s/it]Training MLP on cuda:  13%|█▎        | 126/1000 [1:22:20<9:30:52, 39.19s/it]Training MLP on cuda:  13%|█▎        | 127/1000 [1:22:58<9:28:32, 39.07s/it]Training MLP on cuda:  13%|█▎        | 128/1000 [1:23:39<9:32:16, 39.38s/it]Training MLP on cuda:  13%|█▎        | 129/1000 [1:24:17<9:28:35, 39.17s/it]Training MLP on cuda:  13%|█▎        | 130/1000 [1:24:56<9:26:47, 39.09s/it]Training MLP on cuda:  13%|█▎        | 131/1000 [1:25:36<9:30:54, 39.42s/it]Training MLP on cuda:  13%|█▎        | 132/1000 [1:26:15<9:26:50, 39.18s/it]Training MLP on cuda:  13%|█▎        | 133/1000 [1:26:54<9:24:45, 39.08s/it]Training MLP on cuda:  13%|█▎        | 134/1000 [1:27:34<9:29:01, 39.42s/it]Training MLP on cuda:  14%|█▎        | 135/1000 [1:28:13<9:25:22, 39.22s/it]Training MLP on cuda:  14%|█▎        | 136/1000 [1:28:52<9:23:11, 39.11s/it]Training MLP on cuda:  14%|█▎        | 137/1000 [1:29:32<9:28:03, 39.49s/it]Training MLP on cuda:  14%|█▍        | 138/1000 [1:30:11<9:23:26, 39.22s/it]Training MLP on cuda:  14%|█▍        | 139/1000 [1:30:50<9:22:31, 39.20s/it]Training MLP on cuda:  14%|█▍        | 140/1000 [1:31:30<9:27:19, 39.58s/it]Training MLP on cuda:  14%|█▍        | 141/1000 [1:32:09<9:23:53, 39.39s/it]Training MLP on cuda:  14%|█▍        | 142/1000 [1:32:48<9:21:56, 39.30s/it]Training MLP on cuda:  14%|█▍        | 143/1000 [1:33:29<9:26:24, 39.66s/it]Training MLP on cuda:  14%|█▍        | 144/1000 [1:34:08<9:23:06, 39.47s/it]Training MLP on cuda:  14%|█▍        | 145/1000 [1:34:47<9:20:34, 39.34s/it]Training MLP on cuda:  15%|█▍        | 146/1000 [1:35:27<9:25:07, 39.70s/it]Training MLP on cuda:  15%|█▍        | 147/1000 [1:36:06<9:20:57, 39.46s/it]Training MLP on cuda:  15%|█▍        | 148/1000 [1:36:45<9:18:16, 39.31s/it]Training MLP on cuda:  15%|█▍        | 149/1000 [1:37:26<9:22:27, 39.66s/it]Training MLP on cuda:  15%|█▌        | 150/1000 [1:38:05<9:18:57, 39.46s/it]Training MLP on cuda:  15%|█▌        | 151/1000 [1:38:44<9:16:48, 39.35s/it]Training MLP on cuda:  15%|█▌        | 152/1000 [1:39:24<9:21:03, 39.70s/it]Training MLP on cuda:  15%|█▌        | 153/1000 [1:40:03<9:16:51, 39.45s/it]Training MLP on cuda:  15%|█▌        | 154/1000 [1:40:42<9:14:44, 39.34s/it]Training MLP on cuda:  16%|█▌        | 155/1000 [1:41:23<9:19:06, 39.70s/it]Training MLP on cuda:  16%|█▌        | 156/1000 [1:42:02<9:15:20, 39.48s/it]Training MLP on cuda:  16%|█▌        | 157/1000 [1:42:41<9:13