[I 2025-05-15 03:34:39,463] Trial 99 finished with value: 0.5431656762518556 and parameters: {'threshold_scale_factor': 0.9619164878422491}. Best is trial 58 with value: 0.5432225640087526.
Best hyperparameters: {'threshold_scale_factor': 0.9737241831239635}
Best optimized value: 0.5432225640087526
Running audit 1/1
Training a GraphSAGE target model on github...
Training GraphSAGE on cuda:   0%|          | 0/300 [00:00<?, ?it/s]Training GraphSAGE on cuda:   5%|▍         | 14/300 [00:00<00:02, 136.31it/s]Training GraphSAGE on cuda:  10%|▉         | 29/300 [00:00<00:01, 144.08it/s]Training GraphSAGE on cuda:  15%|█▌        | 45/300 [00:00<00:01, 147.16it/s]Training GraphSAGE on cuda:  21%|██        | 62/300 [00:00<00:01, 153.29it/s]Training GraphSAGE on cuda:  26%|██▋       | 79/300 [00:00<00:01, 156.56it/s]Training GraphSAGE on cuda:  32%|███▏      | 96/300 [00:00<00:01, 158.67it/s]Training GraphSAGE on cuda:  38%|███▊      | 113/300 [00:00<00:01, 159.98it/s]Training GraphSAGE on cuda:  43%|████▎     | 130/300 [00:00<00:01, 160.77it/s]Training GraphSAGE on cuda:  49%|████▉     | 147/300 [00:00<00:00, 161.35it/s]Training GraphSAGE on cuda:  55%|█████▍    | 164/300 [00:01<00:00, 161.64it/s]Training GraphSAGE on cuda:  60%|██████    | 181/300 [00:01<00:00, 161.96it/s]Training GraphSAGE on cuda:  66%|██████▌   | 198/300 [00:01<00:00, 162.16it/s]Training GraphSAGE on cuda:  72%|███████▏  | 215/300 [00:01<00:00, 162.29it/s]Training GraphSAGE on cuda:  77%|███████▋  | 232/300 [00:01<00:00, 162.46it/s]Training GraphSAGE on cuda:  83%|████████▎ | 249/300 [00:01<00:00, 162.60it/s]Training GraphSAGE on cuda:  89%|████████▊ | 266/300 [00:01<00:00, 162.56it/s]Training GraphSAGE on cuda:  94%|█████████▍| 283/300 [00:01<00:00, 162.50it/s]Training GraphSAGE on cuda: 100%|██████████| 300/300 [00:01<00:00, 162.61it/s]Training GraphSAGE on cuda: 100%|██████████| 300/300 [00:01<00:00, 159.79it/s]
Train accuracy: 0.9691 | Test accuracy: 0.8341
Training MLP on cuda:   0%|          | 0/1000 [00:00<?, ?it/s]Training MLP on cuda:   0%|          | 1/1000 [00:39<11:03:18, 39.84s/it]Training MLP on cuda:   0%|          | 2/1000 [01:18<10:54:13, 39.33s/it]Training MLP on cuda:   0%|          | 3/1000 [01:57<10:51:39, 39.22s/it]Training MLP on cuda:   0%|          | 4/1000 [02:36<10:49:13, 39.11s/it]Training MLP on cuda:   0%|          | 5/1000 [03:16<10:49:07, 39.14s/it]Training MLP on cuda:   1%|          | 6/1000 [03:55<10:48:12, 39.13s/it]Training MLP on cuda:   1%|          | 7/1000 [04:33<10:45:02, 38.98s/it]Training MLP on cuda:   1%|          | 8/1000 [05:13<10:45:36, 39.05s/it]Training MLP on cuda:   1%|          | 9/1000 [05:51<10:44:15, 39.01s/it]Training MLP on cuda:   1%|          | 10/1000 [06:30<10:43:54, 39.02s/it]Training MLP on cuda:   1%|          | 11/1000 [07:10<10:43:28, 39.04s/it]Training MLP on cuda:   1%|          | 12/1000 [07:49<10:43:32, 39.08s/it]Training MLP on cuda:   1%|▏         | 13/1000 [08:28<10:42:23, 39.05s/it]Training MLP on cuda:   1%|▏         | 14/1000 [09:07<10:42:27, 39.09s/it]Training MLP on cuda:   2%|▏         | 15/1000 [09:46<10:41:08, 39.05s/it]Training MLP on cuda:   2%|▏         | 16/1000 [10:25<10:40:22, 39.05s/it]Training MLP on cuda:   2%|▏         | 17/1000 [11:04<10:39:37, 39.04s/it]Training MLP on cuda:   2%|▏         | 18/1000 [11:43<10:39:55, 39.10s/it]Training MLP on cuda:   2%|▏         | 19/1000 [12:22<10:38:29, 39.05s/it]Training MLP on cuda:   2%|▏         | 20/1000 [13:01<10:37:39, 39.04s/it]Training MLP on cuda:   2%|▏         | 21/1000 [13:40<10:36:12, 38.99s/it]Training MLP on cuda:   2%|▏         | 22/1000 [14:19<10:35:52, 39.01s/it]Training MLP on cuda:   2%|▏         | 23/1000 [14:58<10:34:59, 39.00s/it]Training MLP on cuda:   2%|▏         | 24/1000 [15:37<10:33:02, 38.92s/it]Training MLP on cuda:   2%|▎         | 25/1000 [16:16<10:33:06, 38.96s/it]Training MLP on cuda:   3%|▎         | 26/1000 [16:55<10:31:54, 38.93s/it]Training MLP on cuda:   3%|▎         | 27/1000 [17:34<10:31:36, 38.95s/it]Training MLP on cuda:   3%|▎         | 28/1000 [18:13<10:30:31, 38.92s/it]Training MLP on cuda:   3%|▎         | 29/1000 [18:51<10:30:06, 38.94s/it]Training MLP on cuda:   3%|▎         | 30/1000 [19:30<10:29:04, 38.91s/it]Training MLP on cuda:   3%|▎         | 31/1000 [20:09<10:29:06, 38.95s/it]Training MLP on cuda:   3%|▎         | 32/1000 [20:48<10:28:13, 38.94s/it]Training MLP on cuda:   3%|▎         | 33/1000 [21:27<10:28:21, 38.99s/it]Training MLP on cuda:   3%|▎         | 34/1000 [22:06<10:27:01, 38.95s/it]Training MLP on cuda:   4%|▎         | 35/1000 [22:45<10:26:46, 38.97s/it]Training MLP on cuda:   4%|▎         | 36/1000 [23:24<10:26:04, 38.97s/it]Training MLP on cuda:   4%|▎         | 37/1000 [24:03<10:25:51, 38.99s/it]Training MLP on cuda:   4%|▍         | 38/1000 [24:42<10:24:25, 38.95s/it]Training MLP on cuda:   4%|▍         | 39/1000 [25:21<10:24:16, 38.98s/it]Training MLP on cuda:   4%|▍         | 40/1000 [26:00<10:24:09, 39.01s/it]Training MLP on cuda:   4%|▍         | 41/1000 [26:39<10:21:59, 38.92s/it]Training MLP on cuda:   4%|▍         | 42/1000 [27:18<10:22:17, 38.97s/it]Training MLP on cuda:   4%|▍         | 43/1000 [27:57<10:20:57, 38.93s/it]Training MLP on cuda:   4%|▍         | 44/1000 [28:36<10:21:21, 39.00s/it]Training MLP on cuda:   4%|▍         | 45/1000 [29:15<10:19:44, 38.94s/it]Training MLP on cuda:   5%|▍         | 46/1000 [29:54<10:19:54, 38.99s/it]Training MLP on cuda:   5%|▍         | 47/1000 [30:33<10:19:13, 38.99s/it]Training MLP on cuda:   5%|▍         | 48/1000 [31:12<10:19:05, 39.02s/it]Training MLP on cuda:   5%|▍         | 49/1000 [31:51<10:18:11, 39.00s/it]Training MLP on cuda:   5%|▌         | 50/1000 [32:30<10:17:53, 39.02s/it]Training MLP on cuda:   5%|▌         | 51/1000 [33:09<10:15:51, 38.94s/it]Training MLP on cuda:   5%|▌         | 52/1000 [33:48<10:14:46, 38.91s/it]Training MLP on cuda:   5%|▌         | 53/1000 [34:26<10:13:27, 38.87s/it]Training MLP on cuda:   5%|▌         | 54/1000 [35:05<10:12:49, 38.87s/it]Training MLP on cuda:   6%|▌         | 55/1000 [35:44<10:11:10, 38.80s/it]Training MLP on cuda:   6%|▌         | 56/1000 [36:23<10:10:32, 38.81s/it]Training MLP on cuda:   6%|▌         | 57/1000 [37:01<10:09:03, 38.75s/it]Training MLP on cuda:   6%|▌         | 58/1000 [37:40<10:08:21, 38.75s/it]Training MLP on cuda:   6%|▌         | 59/1000 [38:19<10:07:22, 38.73s/it]Training MLP on cuda:   6%|▌         | 60/1000 [38:58<10:07:01, 38.75s/it]Training MLP on cuda:   6%|▌         | 61/1000 [39:36<10:05:48, 38.71s/it]Training MLP on cuda:   6%|▌         | 62/1000 [40:15<10:06:04, 38.77s/it]Training MLP on cuda:   6%|▋         | 63/1000 [40:54<10:04:43, 38.72s/it]Training MLP on cuda:   6%|▋         | 64/1000 [41:33<10:04:23, 38.74s/it]Training MLP on cuda:   6%|▋         | 65/1000 [42:11<10:03:06, 38.70s/it]Training MLP on cuda:   7%|▋         | 66/1000 [42:50<10:03:17, 38.76s/it]Training MLP on cuda:   7%|▋         | 67/1000 [43:29<10:02:11, 38.73s/it]Training MLP on cuda:   7%|▋         | 68/1000 [44:08<10:02:22, 38.78s/it]Training MLP on cuda:   7%|▋         | 69/1000 [44:46<10:01:10, 38.74s/it]Training MLP on cuda:   7%|▋         | 70/1000 [45:25<10:00:59, 38.77s/it]Training MLP on cuda:   7%|▋         | 71/1000 [46:04<9:59:04, 38.69s/it] Training MLP on cuda:   7%|▋         | 72/1000 [46:42<9:59:25, 38.76s/it]Training MLP on cuda:   7%|▋         | 73/1000 [47:21<9:58:05, 38.71s/it]Training MLP on cuda:   7%|▋         | 74/1000 [48:00<9:57:35, 38.72s/it]Training MLP on cuda:   8%|▊         | 75/1000 [48:39<9:56:45, 38.71s/it]Training MLP on cuda:   8%|▊         | 76/1000 [49:17<9:57:01, 38.77s/it]Training MLP on cuda:   8%|▊         | 77/1000 [49:56<9:55:51, 38.73s/it]Training MLP on cuda:   8%|▊         | 78/1000 [50:35<9:55:27, 38.75s/it]Training MLP on cuda:   8%|▊         | 79/1000 [51:13<9:54:09, 38.71s/it]Training MLP on cuda:   8%|▊         | 80/1000 [51:52<9:53:32, 38.71s/it]Training MLP on cuda:   8%|▊         | 81/1000 [52:31<9:52:21, 38.67s/it]Training MLP on cuda:   8%|▊         | 82/1000 [53:10<9:52:26, 38.72s/it]Training MLP on cuda:   8%|▊         | 83/1000 [53:48<9:51:14, 38.69s/it]Training MLP on cuda:   8%|▊         | 84/1000 [54:27<9:51:01, 38.71s/it]Training MLP on cuda:   8%|▊         | 85/1000 [55:06<9:49:36, 38.66s/it]Training MLP on cuda:   9%|▊         | 86/1000 [55:44<9:49:50, 38.72s/it]Training MLP on cuda:   9%|▊         | 87/1000 [56:23<9:48:55, 38.70s/it]Training MLP on cuda:   9%|▉         | 88/1000 [57:02<9:48:42, 38.73s/it]Training MLP on cuda:   9%|▉         | 89/1000 [57:40<9:47:25, 38.69s/it]Training MLP on cuda:   9%|▉         | 90/1000 [58:19<9:47:24, 38.73s/it]Training MLP on cuda:   9%|▉         | 91/1000 [58:58<9:46:18, 38.70s/it]Training MLP on cuda:   9%|▉         | 92/1000 [59:37<9:45:48, 38.71s/it]Training MLP on cuda:   9%|▉         | 93/1000 [1:00:15<9:44:46, 38.68s/it]Training MLP on cuda:   9%|▉         | 94/1000 [1:00:54<9:44:31, 38.71s/it]Training MLP on cuda:  10%|▉         | 95/1000 [1:01:33<9:42:55, 38.65s/it]Training MLP on cuda:  10%|▉         | 96/1000 [1:02:11<9:43:09, 38.71s/it]Training MLP on cuda:  10%|▉         | 97/1000 [1:02:50<9:42:19, 38.69s/it]Training MLP on cuda:  10%|▉         | 98/1000 [1:03:29<9:42:13, 38.73s/it]Training MLP on cuda:  10%|▉         | 99/1000 [1:04:08<9:41:34, 38.73s/it]Training MLP on cuda:  10%|█         | 100/1000 [1:04:46<9:41:39, 38.78s/it]Training MLP on cuda:  10%|█         | 101/1000 [1:05:25<9:40:46, 38.76s/it]Training MLP on cuda:  10%|█         | 102/1000 [1:06:04<9:40:32, 38.79s/it]Training MLP on cuda:  10%|█         | 103/1000 [1:06:43<9:39:10, 38.74s/it]Training MLP on cuda:  10%|█         | 104/1000 [1:07:21<9:38:54, 38.77s/it]Training MLP on cuda:  10%|█         | 105/1000 [1:08:00<9:38:04, 38.75s/it]Training MLP on cuda:  11%|█         | 106/1000 [1:08:39<9:37:32, 38.76s/it]Training MLP on cuda:  11%|█         | 107/1000 [1:09:18<9:36:30, 38.73s/it]Training MLP on cuda:  11%|█         | 108/1000 [1:09:57<9:36:25, 38.77s/it]Training MLP on cuda:  11%|█         | 109/1000 [1:10:35<9:35:18, 38.74s/it]Training MLP on cuda:  11%|█         | 110/1000 [1:11:15<9:37:53, 38.96s/it]Training MLP on cuda:  11%|█         | 111/1000 [1:11:54<9:38:55, 39.07s/it]Training MLP on cuda:  11%|█         | 112/1000 [1:12:33<9:39:36, 39.16s/it]Training MLP on cuda:  11%|█▏        | 113/1000 [1:13:13<9:39:45, 39.22s/it]Training MLP on cuda:  11%|█▏        | 114/1000 [1:13:52<9:40:11, 39.29s/it]Training MLP on cuda:  12%|█▏        | 115/1000 [1:14:31<9:39:25, 39.28s/it]Training MLP on cuda:  12%|█▏        | 116/1000 [1:15:11<9:39:41, 39.35s/it]Training MLP on cuda:  12%|█▏        | 117/1000 [1:15:50<9:38:29, 39.31s/it]Training MLP on cuda:  12%|█▏        | 118/1000 [1:16:30<9:38:19, 39.34s/it]Training MLP on cuda:  12%|█▏        | 119/1000 [1:17:09<9:37:33, 39.33s/it]Training MLP on cuda:  12%|█▏        | 120/1000 [1:17:48<9:37:50, 39.40s/it]Training MLP on cuda:  12%|█▏        | 121/1000 [1:18:28<9:36:47, 39.37s/it]Training MLP on cuda:  12%|█▏        | 122/1000 [1:19:07<9:36:37, 39.41s/it]Training MLP on cuda:  12%|█▏        | 123/1000 [1:19:46<9:35:17, 39.36s/it]Training MLP on cuda:  12%|█▏        | 124/1000 [1:20:26<9:35:06, 39.39s/it]Training MLP on cuda:  12%|█▎        | 125/1000 [1:21:05<9:34:07, 39.37s/it]Training MLP on cuda:  13%|█▎        | 126/1000 [1:21:45<9:33:37, 39.38s/it]Training MLP on cuda:  13%|█▎        | 127/1000 [1:22:24<9:32:43, 39.36s/it]Training MLP on cuda:  13%|█▎        | 128/1000 [1:23:03<9:32:03, 39.36s/it]Training MLP on cuda:  13%|█▎        | 129/1000 [1:23:42<9:29:49, 39.25s/it]Training MLP on cuda:  13%|█▎        | 130/1000 [1:24:22<9:29:18, 39.26s/it]Training MLP on cuda:  13%|█▎        | 131/1000 [1:25:01<9:27:37, 39.19s/it]Training MLP on cuda:  13%|█▎        | 132/1000 [1:25:40<9:27:02, 39.20s/it]Training MLP on cuda:  13%|█▎        | 133/1000 [1:26:19<9:26:18, 39.19s/it]Training MLP on cuda:  13%|█▎        | 134/1000 [1:26:58<9:26:18, 39.24s/it]Training MLP on cuda:  14%|█▎        | 135/1000 [1:27:37<9:24:36, 39.16s/it]Training MLP on cuda:  14%|█▎        | 136/1000 [1:28:17<9:24:45, 39.22s/it]Training MLP on cuda:  14%|█▎        | 137/1000 [1:28:56<9:23:20, 39.17s/it]Training MLP on cuda:  14%|█▍        | 138/1000 [1:29:35<9:23:08, 39.20s/it]Training MLP on cuda:  14%|█▍        | 139/1000 [1:30:14<9:21:54, 39.16s/it]Training MLP on cuda:  14%|█▍        | 140/1000 [1:30:53<9:21:42, 39.19s/it]Training MLP on cuda:  14%|█▍        | 141/1000 [1:31:33<9:21:25, 39.22s/it]Training MLP on cuda:  14%|█▍        | 142/1000 [1:32:12<9:21:02, 39.23s/it]Training MLP on cuda:  14%|█▍        | 143/1000 [1:32:51<9:19:25, 39.17s/it]Training MLP on cuda:  14%|█▍        | 144/1000 [1:33:30<9:19:17, 39.20s/it]Training MLP on cuda:  14%|█▍        | 145/1000 [1:34:09<9:18:13, 39.17s/it]Training MLP on cuda:  15%|█▍        | 146/1000 [1:34:49<9:18:28, 39.24s/it]Training MLP on cuda:  15%|█▍        | 147/1000 [1:35:28<9:17:49, 39.24s/it]Training MLP on cuda:  15%|█▍        | 148/1000 [1:36:07<9:15:58, 39.15s/it]Training MLP on cuda:  15%|█▍        | 149/1000 [1:36:46<9:15:44, 39.18s/it]Training MLP on cuda:  15%|█▌        | 150/1000 [1:37:25<9:14:47, 39.16s/it]Training MLP on cuda:  15%|█▌        | 151/1000 [1:38:05<9:14:50, 39.21s/it]Training MLP on cuda:  15%|█▌        | 152/1000 [1:38:44<9:13:34, 39.17s/it]Training MLP on cuda:  15%|█▌        | 153/1000 [1:39:23<9:13:06, 39.18s/it]Training MLP on cuda:  15%|█▌        | 154/1000 [1:40:02<9:12:06, 39.16s/it]Training MLP on cuda:  16%|█▌        | 155/1000 [1:40:41<9:11:38, 39.17s/it]Training MLP on cuda:  16%|█▌        | 156/1000 [1:41:20<9:10:35, 39.14s/it]Training MLP on cuda:  16%|█▌        | 157/1000 [1:42:00<9:10:46, 39.20s/it]Training MLP on cuda:  16%|█▌        | 158/1000 [1:42:39<9:09:48, 39.18s/it]Training MLP on cuda:  16%|█▌        | 159/1000 [1:43:18<9:09:30, 39.20s/it]Training MLP on cuda:  16%|█▌        | 160/1000 [1:43:57<9:08:27, 39.18s/it]Training MLP on cuda:  16%|█▌        | 161/1000 [1:44:36<9:08:29, 39.22s/it]Training MLP on cuda:  16%|█▌        | 162/1000 [1:45:16<9:07:35, 39.21s/it]Training MLP on cuda:  16%|█▋        | 163/1000 [1:45:55<9:07:46, 39.27s/it]Training MLP on cuda:  16%|█▋        | 164/1000 [1:46:34<9:06:04, 39.19s/it]Training MLP on cuda:  16%|█▋        | 165/1000 [1:47:13<9:05:32, 39.20s/it]Training MLP on cuda:  17%|█▋        | 166/1000 [1:47:52<9:04:25, 39.17s/it]Training MLP on cuda:  17%|█▋        | 167/1000 [1:48:32<9:04:06, 39.19s/it]Training MLP on cuda:  17%|█▋        | 168/1000 [1:49:11<9:02:54, 39.15s/it]Training MLP on cuda:  17%|█▋        | 169/1000 [1:49:50<9:02:41, 39.18s/it]Training MLP on cuda:  17%|█▋        | 170/1000 [1:50:29<9:01:32, 39.15s/it]Training MLP on cuda:  17%|█▋        | 171/1000 [1:51:08<9:01:20, 39.18s/it]Training MLP on cuda:  17%|█▋        | 172/1000 [1:51:47<9:00:23, 39.16s/it]Training MLP on cuda:  17%|█▋        | 173/1000 [1:52:27<8:59:55, 39.17s/it]Training MLP on cuda:  17%|█▋        | 174/1000 [1:53:06<8:58:25, 39.11s/it]Training MLP on cuda:  18%|█▊        | 175/1000 [1:53:45<8:58:21, 39.15s/it]Training MLP on cuda:  18%|█▊        | 176/1000 [1:54:24<8:57:30, 39.14s/it]Training MLP on cuda:  18%|█▊        | 177/1000 [1:55:03<8:57:31, 39.19s/it]Training MLP on cuda:  18%|█▊        | 178/1000 [1:55:42<8:56:15, 39.14s/it]Training MLP on cuda:  18%|█▊        | 179/1000 [1:56:21<8:56:03, 39.18s/it]Training MLP on cuda:  18%|█▊        | 180/1000 [1:57:01<8:55:05, 39.15s/it]Training MLP on cuda:  18%|█▊        | 181/1000 [1:57:40<8:54:14, 39.14s/it]Training MLP on cuda:  18%|█▊        | 182/1000 [1:58:19<8:53:04, 39.10s/it]Training MLP on cuda:  18%|█▊        | 183/1000 [1:58:58<8:52:52, 39.13s/it]Training MLP on cuda:  18%|█▊        | 184/1000 [1:59:37<8:51:51, 39.11s/it]Training MLP on cuda:  18%|█▊        | 185/1000 [2:00:16<8:51:33, 39.13s/it]Training MLP on cuda:  19%|█▊        | 186/1000 [2:00:55<8:50:51, 39.13s/it]Training MLP on cuda:  19%|█▊        | 187/1000 [2:01:35<8:50:51, 39.18s/it]Training MLP on cuda:  19%|█▉        | 188/1000 [2:02:14<8:49:51, 39.15s/it]Training MLP on cuda:  19%|█▉        | 189/1000 [2:02:53<8:49:48, 39.20s/it]Training MLP on cuda:  19%|█▉        | 190/1000 [2:03:32<8:48:41, 39.16s/it]Training MLP on cuda:  19%|█▉        | 191/1000 [2:04:11<8:48:16, 39.18s/it]Training MLP on cuda:  19%|█▉        | 192/1000 [2:04:50<8:47:32, 39.17s/it]Training MLP on cuda:  19%|█▉        | 193/1000 [2:05:30<8:47:22, 39.21s/it]Training MLP on cuda:  19%|█▉        | 194/1000 [2:06:09<8:46:17, 39.18s/it]Training MLP on cuda:  20%|█▉        | 195/1000 [2:06:48<8:45:45, 39.19s/it]Training MLP on cuda:  20%|█▉        | 196/1000 [2:07:27<8:44:39, 39.15s/it]Training MLP on cuda:  20%|█▉        | 197/1000 [2:08:06<8:44:22, 39.18s/it]Training MLP on cuda:  20%|█▉        | 198/1000 [2:08:45<8:43:32, 39.17s/it]Training MLP on cuda:  20%|█▉        | 199/1000 [2:09:25<8:43:12, 39.19s/it]Training MLP on cuda:  20%|██        | 200/1000 [2:10:04<8:42:28, 39.19s/it]Training MLP on cuda:  20%|██        | 201/1000 [2:10:43<8:42:09, 39.21s/it]Training MLP on cuda:  20%|██        | 202/1000 [2:11:22<8:41:14, 39.19s/it]Training MLP on cuda:  20%|██        | 203/1000 [2:12:02<8:41:31, 39.26s/it]Training MLP on cuda:  20%|██        | 204/1000 [2:12:41<8:39:57, 39.19s/it]Training MLP on cuda:  20%|██        | 205/1000 [2:13:20<8:39:25, 39.20s/it]Training MLP on cuda:  21%|██        | 206/1000 [2:13:59<8:38:08, 39.15s/it]Training MLP on cuda:  21%|██        | 207/1000 [2:14:38<8:38:14, 39.21s/it]Training MLP on cuda:  21%|██        | 208/1000 [2:15:17<8:37:07, 39.18s/it]Training MLP on cuda:  21%|██        | 209/1000 [2:15:57<8:36:46, 39.20s/it]Training MLP on cuda:  21%|██        | 210/1000 [2:16:36<8:35:32, 39.16s/it]Training MLP on cuda:  21%|██        | 211/1000 [2:17:15<8:35:42, 39.22s/it]Training MLP on cuda:  21%|██        | 212/1000 [2:17:54<8:35:02, 39.22s/it]Training MLP on cuda:  21%|██        | 212/1000 [2:18:34<8:35:03, 39.22s/it]
Training MLP on cuda:   0%|          | 0/1000 [00:00<?, ?it/s]Training MLP on cuda:   0%|          | 1/1000 [00:39<10:52:48, 39.21s/it]Training MLP on cuda:   0%|          | 2/1000 [01:18<10:48:06, 38.96s/it]Training MLP on cuda:   0%|          | 3/1000 [01:57<10:48:14, 39.01s/it]Training MLP on cuda:   0%|          | 4/1000 [02:37<10:56:47, 39.57s/it]Training MLP on cuda:   0%|          | 5/1000 [03:16<10:51:26, 39.28s/it]Training MLP on cuda:   1%|          | 6/1000 [03:55<10:48:34, 39.15s/it]Training MLP on cuda:   1%|          | 7/1000 [04:35<10:54:44, 39.56s/it]Training MLP on cuda:   1%|          | 8/1000 [05:14<10:50:02, 39.32s/it]Training MLP on cuda:   1%|          | 9/1000 [05:53<10:47:23, 39.20s/it]Training MLP on cuda:   1%|          | 10/1000 [06:33<10:53:24, 39.60s/it]Training MLP on cuda:   1%|          | 11/1000 [07:12<10:49:22, 39.40s/it]Training MLP on cuda:   1%|          | 12/1000 [07:51<10:46:36, 39.27s/it]Training MLP on cuda:   1%|▏         | 13/1000 [08:31<10:50:50, 39.56s/it]Training MLP on cuda:   1%|▏         | 14/1000 [09:10<10:46:00, 39.31s/it]Training MLP on cuda:   2%|▏         | 15/1000 [09:49<10:43:21, 39.19s/it]Training MLP on cuda:   2%|▏         | 16/1000 [10:29<10:47:38, 39.49s/it]Training MLP on cuda:   2%|▏         | 17/1000 [11:08<10:42:58, 39.25s/it]Training MLP on cuda:   2%|▏         | 18/1000 [11:47<10:40:54, 39.16s/it]Training MLP on cuda:   2%|▏         | 19/1000 [12:27<10:45:35, 39.49s/it]Training MLP on cuda:   2%|▏         | 20/1000 [13:06<10:40:53, 39.24s/it]Training MLP on cuda:   2%|▏         | 21/1000 [13:45<10:38:21, 39.12s/it]Training MLP on cuda:   2%|▏         | 22/1000 [14:25<10:43:20, 39.47s/it]Training MLP on cuda:   2%|▏         | 23/1000 [15:04<10:38:36, 39.22s/it]Training MLP on cuda:   2%|▏         | 24/1000 [15:42<10:36:18, 39.12s/it]Training MLP on cuda:   2%|▎         | 25/1000 [16:23<10:41:01, 39.45s/it]Training MLP on cuda:   3%|▎         | 26/1000 [17:01<10:37:15, 39.26s/it]Training MLP on cuda:   3%|▎         | 27/1000 [17:40<10:34:44, 39.14s/it]Training MLP on cuda:   3%|▎         | 28/1000 [18:21<10:39:42, 39.49s/it]Training MLP on cuda:   3%|▎         | 29/1000 [18:59<10:35:08, 39.25s/it]Training MLP on cuda:   3%|▎         | 30/1000 [19:38<10:32:16, 39.11s/it]Training MLP on cuda:   3%|▎         | 31/1000 [20:19<10:38:00, 39.51s/it]Training MLP on cuda:   3%|▎         | 32/1000 [20:57<10:34:01, 39.30s/it]Training MLP on cuda:   3%|▎         | 33/1000 [21:36<10:31:36, 39.19s/it]Training MLP on cuda:   3%|▎         | 34/1000 [22:17<10:36:13, 39.52s/it]Training MLP on cuda:   4%|▎         | 35/1000 [22:55<10:31:59, 39.30s/it]Training MLP on cuda:   4%|▎         | 36/1000 [23:34<10:28:53, 39.14s/it]Training MLP on cuda:   4%|▎         | 37/1000 [24:14<10:33:44, 39.49s/it]Training MLP on cuda:   4%|▍         | 38/1000 [24:53<10:29:41, 39.27s/it]Training MLP on cuda:   4%|▍         | 39/1000 [25:32<10:27:04, 39.15s/it]Training MLP on cuda:   4%|▍         | 40/1000 [26:12<10:31:52, 39.49s/it]Training MLP on cuda:   4%|▍         | 41/1000 [26:51<10:27:18, 39.25s/it]Training MLP on cuda:   4%|▍         | 42/1000 [27:30<10:24:19, 39.10s/it]Training MLP on cuda:   4%|▍         | 43/1000 [28:10<10:29:15, 39.45s/it]Training MLP on cuda:   4%|▍         | 44/1000 [28:49<10:24:34, 39.20s/it]Training MLP on cuda:   4%|▍         | 45/1000 [29:28<10:22:26, 39.11s/it]Training MLP on cuda:   5%|▍         | 46/1000 [30:08<10:27:45, 39.48s/it]Training MLP on cuda:   5%|▍         | 47/1000 [30:47<10:23:25, 39.25s/it]Training MLP on cuda:   5%|▍         | 48/1000 [31:26<10:21:05, 39.14s/it]Training MLP on cuda:   5%|▍         | 49/1000 [32:06<10:26:05, 39.50s/it]Training MLP on cuda:   5%|▌         | 50/1000 [32