[I 2025-05-15 03:34:38,548] Trial 99 finished with value: 0.5399418514166707 and parameters: {'threshold_scale_factor': 0.9999792064027991}. Best is trial 99 with value: 0.5399418514166707.
Best hyperparameters: {'threshold_scale_factor': 0.9999792064027991}
Best optimized value: 0.5399418514166707
Running audit 1/1
Training a GraphSAGE target model on github...
Training GraphSAGE on cuda:   0%|          | 0/300 [00:00<?, ?it/s]Training GraphSAGE on cuda:   5%|▍         | 14/300 [00:00<00:02, 135.13it/s]Training GraphSAGE on cuda:  10%|▉         | 29/300 [00:00<00:01, 142.47it/s]Training GraphSAGE on cuda:  15%|█▍        | 44/300 [00:00<00:01, 145.09it/s]Training GraphSAGE on cuda:  20%|██        | 60/300 [00:00<00:01, 150.71it/s]Training GraphSAGE on cuda:  25%|██▌       | 76/300 [00:00<00:01, 154.01it/s]Training GraphSAGE on cuda:  31%|███       | 93/300 [00:00<00:01, 156.36it/s]Training GraphSAGE on cuda:  37%|███▋      | 110/300 [00:00<00:01, 157.93it/s]Training GraphSAGE on cuda:  42%|████▏     | 127/300 [00:00<00:01, 158.74it/s]Training GraphSAGE on cuda:  48%|████▊     | 144/300 [00:00<00:00, 159.30it/s]Training GraphSAGE on cuda:  54%|█████▎    | 161/300 [00:01<00:00, 159.72it/s]Training GraphSAGE on cuda:  59%|█████▉    | 178/300 [00:01<00:00, 159.90it/s]Training GraphSAGE on cuda:  65%|██████▌   | 195/300 [00:01<00:00, 160.18it/s]Training GraphSAGE on cuda:  71%|███████   | 212/300 [00:01<00:00, 160.45it/s]Training GraphSAGE on cuda:  76%|███████▋  | 229/300 [00:01<00:00, 160.54it/s]Training GraphSAGE on cuda:  82%|████████▏ | 246/300 [00:01<00:00, 160.55it/s]Training GraphSAGE on cuda:  88%|████████▊ | 263/300 [00:01<00:00, 160.61it/s]Training GraphSAGE on cuda:  93%|█████████▎| 280/300 [00:01<00:00, 160.77it/s]Training GraphSAGE on cuda:  99%|█████████▉| 297/300 [00:01<00:00, 160.77it/s]Training GraphSAGE on cuda: 100%|██████████| 300/300 [00:01<00:00, 157.85it/s]
Train accuracy: 0.9619 | Test accuracy: 0.8420
Training MLP on cuda:   0%|          | 0/1000 [00:00<?, ?it/s]Training MLP on cuda:   0%|          | 1/1000 [00:39<10:59:13, 39.59s/it]Training MLP on cuda:   0%|          | 2/1000 [01:18<10:48:39, 39.00s/it]Training MLP on cuda:   0%|          | 3/1000 [01:56<10:45:33, 38.85s/it]Training MLP on cuda:   0%|          | 4/1000 [02:35<10:43:57, 38.79s/it]Training MLP on cuda:   0%|          | 5/1000 [03:14<10:43:04, 38.78s/it]Training MLP on cuda:   1%|          | 6/1000 [03:52<10:40:41, 38.67s/it]Training MLP on cuda:   1%|          | 7/1000 [04:31<10:41:24, 38.76s/it]Training MLP on cuda:   1%|          | 8/1000 [05:10<10:39:41, 38.69s/it]Training MLP on cuda:   1%|          | 9/1000 [05:48<10:38:43, 38.67s/it]Training MLP on cuda:   1%|          | 10/1000 [06:27<10:37:42, 38.65s/it]Training MLP on cuda:   1%|          | 11/1000 [07:06<10:37:58, 38.70s/it]Training MLP on cuda:   1%|          | 12/1000 [07:44<10:36:17, 38.64s/it]Training MLP on cuda:   1%|▏         | 13/1000 [08:23<10:36:12, 38.68s/it]Training MLP on cuda:   1%|▏         | 14/1000 [09:02<10:34:52, 38.63s/it]Training MLP on cuda:   2%|▏         | 15/1000 [09:40<10:34:08, 38.63s/it]Training MLP on cuda:   2%|▏         | 16/1000 [10:19<10:33:27, 38.63s/it]Training MLP on cuda:   2%|▏         | 17/1000 [10:58<10:33:39, 38.68s/it]Training MLP on cuda:   2%|▏         | 18/1000 [11:36<10:32:11, 38.63s/it]Training MLP on cuda:   2%|▏         | 19/1000 [12:15<10:31:32, 38.63s/it]Training MLP on cuda:   2%|▏         | 20/1000 [12:53<10:30:39, 38.61s/it]Training MLP on cuda:   2%|▏         | 21/1000 [13:32<10:30:54, 38.67s/it]Training MLP on cuda:   2%|▏         | 22/1000 [14:11<10:29:51, 38.64s/it]Training MLP on cuda:   2%|▏         | 23/1000 [14:50<10:30:24, 38.71s/it]Training MLP on cuda:   2%|▏         | 24/1000 [15:28<10:29:17, 38.69s/it]Training MLP on cuda:   2%|▎         | 25/1000 [16:07<10:28:36, 38.68s/it]Training MLP on cuda:   3%|▎         | 26/1000 [16:46<10:28:00, 38.69s/it]Training MLP on cuda:   3%|▎         | 27/1000 [17:24<10:25:57, 38.60s/it]Training MLP on cuda:   3%|▎         | 28/1000 [18:03<10:26:20, 38.66s/it]Training MLP on cuda:   3%|▎         | 29/1000 [18:41<10:25:22, 38.64s/it]Training MLP on cuda:   3%|▎         | 30/1000 [19:20<10:25:41, 38.70s/it]Training MLP on cuda:   3%|▎         | 31/1000 [19:59<10:24:20, 38.66s/it]Training MLP on cuda:   3%|▎         | 32/1000 [20:38<10:24:04, 38.68s/it]Training MLP on cuda:   3%|▎         | 33/1000 [21:16<10:22:31, 38.63s/it]Training MLP on cuda:   3%|▎         | 34/1000 [21:55<10:22:38, 38.67s/it]Training MLP on cuda:   4%|▎         | 35/1000 [22:33<10:21:55, 38.67s/it]Training MLP on cuda:   4%|▎         | 36/1000 [23:12<10:21:12, 38.66s/it]Training MLP on cuda:   4%|▎         | 37/1000 [23:51<10:20:08, 38.64s/it]Training MLP on cuda:   4%|▍         | 38/1000 [24:30<10:20:52, 38.72s/it]Training MLP on cuda:   4%|▍         | 39/1000 [25:08<10:19:16, 38.66s/it]Training MLP on cuda:   4%|▍         | 40/1000 [25:47<10:19:10, 38.70s/it]Training MLP on cuda:   4%|▍         | 41/1000 [26:26<10:17:55, 38.66s/it]Training MLP on cuda:   4%|▍         | 42/1000 [27:04<10:17:40, 38.69s/it]Training MLP on cuda:   4%|▍         | 43/1000 [27:43<10:15:48, 38.61s/it]Training MLP on cuda:   4%|▍         | 44/1000 [28:21<10:15:05, 38.60s/it]Training MLP on cuda:   4%|▍         | 45/1000 [29:00<10:14:03, 38.58s/it]Training MLP on cuda:   5%|▍         | 46/1000 [29:38<10:13:32, 38.59s/it]Training MLP on cuda:   5%|▍         | 47/1000 [30:17<10:11:48, 38.52s/it]Training MLP on cuda:   5%|▍         | 48/1000 [30:55<10:11:29, 38.54s/it]Training MLP on cuda:   5%|▍         | 49/1000 [31:34<10:09:41, 38.47s/it]Training MLP on cuda:   5%|▌         | 50/1000 [32:12<10:09:10, 38.47s/it]Training MLP on cuda:   5%|▌         | 51/1000 [32:50<10:07:51, 38.43s/it]Training MLP on cuda:   5%|▌         | 52/1000 [33:29<10:08:05, 38.49s/it]Training MLP on cuda:   5%|▌         | 53/1000 [34:07<10:06:14, 38.41s/it]Training MLP on cuda:   5%|▌         | 54/1000 [34:46<10:06:25, 38.46s/it]Training MLP on cuda:   6%|▌         | 55/1000 [35:24<10:05:28, 38.44s/it]Training MLP on cuda:   6%|▌         | 56/1000 [36:03<10:05:22, 38.48s/it]Training MLP on cuda:   6%|▌         | 57/1000 [36:41<10:04:08, 38.44s/it]Training MLP on cuda:   6%|▌         | 58/1000 [37:20<10:04:11, 38.48s/it]Training MLP on cuda:   6%|▌         | 59/1000 [37:58<10:03:21, 38.47s/it]Training MLP on cuda:   6%|▌         | 60/1000 [38:37<10:02:54, 38.48s/it]Training MLP on cuda:   6%|▌         | 61/1000 [39:15<10:02:05, 38.47s/it]Training MLP on cuda:   6%|▌         | 62/1000 [39:54<10:01:43, 38.49s/it]Training MLP on cuda:   6%|▋         | 63/1000 [40:32<10:00:29, 38.45s/it]Training MLP on cuda:   6%|▋         | 64/1000 [41:11<10:00:33, 38.50s/it]Training MLP on cuda:   6%|▋         | 65/1000 [41:49<9:59:27, 38.47s/it] Training MLP on cuda:   7%|▋         | 66/1000 [42:28<9:58:37, 38.46s/it]Training MLP on cuda:   7%|▋         | 67/1000 [43:06<9:57:51, 38.45s/it]Training MLP on cuda:   7%|▋         | 68/1000 [43:44<9:57:39, 38.48s/it]Training MLP on cuda:   7%|▋         | 69/1000 [44:23<9:56:27, 38.44s/it]Training MLP on cuda:   7%|▋         | 70/1000 [45:01<9:56:07, 38.46s/it]Training MLP on cuda:   7%|▋         | 71/1000 [45:40<9:55:15, 38.45s/it]Training MLP on cuda:   7%|▋         | 72/1000 [46:18<9:55:26, 38.50s/it]Training MLP on cuda:   7%|▋         | 73/1000 [46:57<9:53:46, 38.43s/it]Training MLP on cuda:   7%|▋         | 74/1000 [47:35<9:53:46, 38.47s/it]Training MLP on cuda:   8%|▊         | 75/1000 [48:14<9:52:53, 38.46s/it]Training MLP on cuda:   8%|▊         | 76/1000 [48:52<9:52:22, 38.47s/it]Training MLP on cuda:   8%|▊         | 77/1000 [49:31<9:51:33, 38.45s/it]Training MLP on cuda:   8%|▊         | 78/1000 [50:09<9:51:57, 38.52s/it]Training MLP on cuda:   8%|▊         | 79/1000 [50:48<9:51:23, 38.53s/it]Training MLP on cuda:   8%|▊         | 80/1000 [51:27<9:51:54, 38.60s/it]Training MLP on cuda:   8%|▊         | 81/1000 [52:05<9:51:25, 38.61s/it]Training MLP on cuda:   8%|▊         | 82/1000 [52:44<9:50:41, 38.61s/it]Training MLP on cuda:   8%|▊         | 83/1000 [53:22<9:49:16, 38.56s/it]Training MLP on cuda:   8%|▊         | 84/1000 [54:01<9:49:11, 38.59s/it]Training MLP on cuda:   8%|▊         | 85/1000 [54:39<9:48:21, 38.58s/it]Training MLP on cuda:   9%|▊         | 86/1000 [55:18<9:48:08, 38.61s/it]Training MLP on cuda:   9%|▊         | 87/1000 [55:57<9:47:03, 38.58s/it]Training MLP on cuda:   9%|▉         | 88/1000 [56:35<9:47:03, 38.62s/it]Training MLP on cuda:   9%|▉         | 89/1000 [57:14<9:46:06, 38.60s/it]Training MLP on cuda:   9%|▉         | 90/1000 [57:53<9:45:40, 38.62s/it]Training MLP on cuda:   9%|▉         | 91/1000 [58:31<9:44:38, 38.59s/it]Training MLP on cuda:   9%|▉         | 92/1000 [59:10<9:44:07, 38.60s/it]Training MLP on cuda:   9%|▉         | 93/1000 [59:48<9:43:14, 38.58s/it]Training MLP on cuda:   9%|▉         | 94/1000 [1:00:27<9:43:16, 38.63s/it]Training MLP on cuda:  10%|▉         | 95/1000 [1:01:05<9:41:28, 38.55s/it]Training MLP on cuda:  10%|▉         | 96/1000 [1:01:44<9:41:34, 38.60s/it]Training MLP on cuda:  10%|▉         | 97/1000 [1:02:23<9:40:38, 38.58s/it]Training MLP on cuda:  10%|▉         | 98/1000 [1:03:01<9:39:59, 38.58s/it]Training MLP on cuda:  10%|▉         | 99/1000 [1:03:40<9:39:41, 38.60s/it]Training MLP on cuda:  10%|█         | 100/1000 [1:04:19<9:39:27, 38.63s/it]Training MLP on cuda:  10%|█         | 101/1000 [1:04:57<9:38:10, 38.59s/it]Training MLP on cuda:  10%|█         | 102/1000 [1:05:36<9:37:44, 38.60s/it]Training MLP on cuda:  10%|█         | 103/1000 [1:06:14<9:36:37, 38.57s/it]Training MLP on cuda:  10%|█         | 104/1000 [1:06:53<9:36:30, 38.61s/it]Training MLP on cuda:  10%|█         | 105/1000 [1:07:31<9:34:50, 38.54s/it]Training MLP on cuda:  11%|█         | 106/1000 [1:08:10<9:35:12, 38.60s/it]Training MLP on cuda:  11%|█         | 107/1000 [1:08:49<9:34:53, 38.63s/it]Training MLP on cuda:  11%|█         | 108/1000 [1:09:27<9:32:38, 38.52s/it]Training MLP on cuda:  11%|█         | 109/1000 [1:10:06<9:32:37, 38.56s/it]Training MLP on cuda:  11%|█         | 110/1000 [1:10:44<9:32:08, 38.57s/it]Training MLP on cuda:  11%|█         | 111/1000 [1:11:23<9:31:53, 38.60s/it]Training MLP on cuda:  11%|█         | 112/1000 [1:12:01<9:30:15, 38.53s/it]Training MLP on cuda:  11%|█▏        | 113/1000 [1:12:40<9:30:36, 38.60s/it]Training MLP on cuda:  11%|█▏        | 114/1000 [1:13:19<9:29:58, 38.60s/it]Training MLP on cuda:  12%|█▏        | 115/1000 [1:13:57<9:29:32, 38.61s/it]Training MLP on cuda:  12%|█▏        | 116/1000 [1:14:36<9:28:08, 38.56s/it]Training MLP on cuda:  12%|█▏        | 117/1000 [1:15:14<9:28:03, 38.60s/it]Training MLP on cuda:  12%|█▏        | 118/1000 [1:15:53<9:27:07, 38.58s/it]Training MLP on cuda:  12%|█▏        | 119/1000 [1:16:32<9:26:39, 38.59s/it]Training MLP on cuda:  12%|█▏        | 120/1000 [1:17:10<9:25:42, 38.57s/it]Training MLP on cuda:  12%|█▏        | 121/1000 [1:17:49<9:25:17, 38.59s/it]Training MLP on cuda:  12%|█▏        | 122/1000 [1:18:27<9:24:24, 38.57s/it]Training MLP on cuda:  12%|█▏        | 123/1000 [1:19:06<9:24:11, 38.60s/it]Training MLP on cuda:  12%|█▏        | 124/1000 [1:19:44<9:23:16, 38.58s/it]Training MLP on cuda:  12%|█▎        | 125/1000 [1:20:23<9:22:47, 38.59s/it]Training MLP on cuda:  13%|█▎        | 126/1000 [1:21:01<9:21:34, 38.55s/it]Training MLP on cuda:  13%|█▎        | 127/1000 [1:21:40<9:21:44, 38.61s/it]Training MLP on cuda:  13%|█▎        | 128/1000 [1:22:19<9:20:33, 38.57s/it]Training MLP on cuda:  13%|█▎        | 129/1000 [1:22:57<9:20:23, 38.60s/it]Training MLP on cuda:  13%|█▎        | 130/1000 [1:23:36<9:19:01, 38.55s/it]Training MLP on cuda:  13%|█▎        | 131/1000 [1:24:15<9:19:00, 38.60s/it]Training MLP on cuda:  13%|█▎        | 132/1000 [1:24:53<9:18:00, 38.57s/it]Training MLP on cuda:  13%|█▎        | 133/1000 [1:25:32<9:17:43, 38.60s/it]Training MLP on cuda:  13%|█▎        | 134/1000 [1:26:10<9:16:48, 38.58s/it]Training MLP on cuda:  14%|█▎        | 135/1000 [1:26:49<9:16:46, 38.62s/it]Training MLP on cuda:  14%|█▎        | 136/1000 [1:27:27<9:15:44, 38.59s/it]Training MLP on cuda:  14%|█▎        | 137/1000 [1:28:06<9:14:57, 38.58s/it]Training MLP on cuda:  14%|█▍        | 138/1000 [1:28:45<9:15:03, 38.64s/it]Training MLP on cuda:  14%|█▍        | 139/1000 [1:29:23<9:13:20, 38.56s/it]Training MLP on cuda:  14%|█▍        | 140/1000 [1:30:02<9:13:09, 38.59s/it]Training MLP on cuda:  14%|█▍        | 141/1000 [1:30:40<9:11:38, 38.53s/it]Training MLP on cuda:  14%|█▍        | 142/1000 [1:31:19<9:11:46, 38.59s/it]Training MLP on cuda:  14%|█▍        | 143/1000 [1:31:57<9:10:49, 38.56s/it]Training MLP on cuda:  14%|█▍        | 144/1000 [1:32:36<9:10:24, 38.58s/it]Training MLP on cuda:  14%|█▍        | 145/1000 [1:33:15<9:09:37, 38.57s/it]Training MLP on cuda:  15%|█▍        | 146/1000 [1:33:53<9:09:13, 38.59s/it]Training MLP on cuda:  15%|█▍        | 147/1000 [1:34:32<9:07:50, 38.53s/it]Training MLP on cuda:  15%|█▍        | 148/1000 [1:35:10<9:07:59, 38.59s/it]Training MLP on cuda:  15%|█▍        | 149/1000 [1:35:49<9:07:15, 38.59s/it]Training MLP on cuda:  15%|█▌        | 150/1000 [1:36:28<9:07:13, 38.63s/it]Training MLP on cuda:  15%|█▌        | 151/1000 [1:37:06<9:05:41, 38.56s/it]Training MLP on cuda:  15%|█▌        | 151/1000 [1:37:45<9:09:37, 38.84s/it]
Training MLP on cuda:   0%|          | 0/1000 [00:00<?, ?it/s]Training MLP on cuda:   0%|          | 1/1000 [00:38<10:40:05, 38.44s/it]Training MLP on cuda:   0%|          | 2/1000 [01:17<10:47:52, 38.95s/it]Training MLP on cuda:   0%|          | 3/1000 [01:56<10:42:19, 38.66s/it]Training MLP on cuda:   0%|          | 4/1000 [02:34<10:40:35, 38.59s/it]Training MLP on cuda:   0%|          | 5/1000 [03:14<10:47:45, 39.06s/it]Training MLP on cuda:   1%|          | 6/1000 [03:52<10:42:24, 38.78s/it]Training MLP on cuda:   1%|          | 7/1000 [04:30<10:39:19, 38.63s/it]Training MLP on cuda:   1%|          | 8/1000 [05:10<10:45:05, 39.02s/it]Training MLP on cuda:   1%|          | 9/1000 [05:49<10:41:07, 38.82s/it]Training MLP on cuda:   1%|          | 10/1000 [06:27<10:38:31, 38.70s/it]Training MLP on cuda:   1%|          | 11/1000 [07:07<10:44:10, 39.08s/it]Training MLP on cuda:   1%|          | 12/1000 [07:45<10:39:24, 38.83s/it]Training MLP on cuda:   1%|▏         | 13/1000 [08:24<10:37:00, 38.72s/it]Training MLP on cuda:   1%|▏         | 14/1000 [09:04<10:42:18, 39.09s/it]Training MLP on cuda:   2%|▏         | 15/1000 [09:42<10:37:50, 38.85s/it]Training MLP on cuda:   2%|▏         | 16/1000 [10:20<10:34:54, 38.71s/it]Training MLP on cuda:   2%|▏         | 17/1000 [11:00<10:40:08, 39.07s/it]Training MLP on cuda:   2%|▏         | 18/1000 [11:39<10:36:06, 38.87s/it]Training MLP on cuda:   2%|▏         | 19/1000 [12:17<10:32:50, 38.71s/it]Training MLP on cuda:   2%|▏         | 20/1000 [12:57<10:38:00, 39.06s/it]Training MLP on cuda:   2%|▏         | 21/1000 [13:35<10:34:17, 38.87s/it]Training MLP on cuda:   2%|▏         | 22/1000 [14:14<10:31:45, 38.76s/it]Training MLP on cuda:   2%|▏         | 23/1000 [14:54<10:37:24, 39.15s/it]Training MLP on cuda:   2%|▏         | 24/1000 [15:32<10:33:28, 38.94s/it]Training MLP on cuda:   2%|▎         | 25/1000 [16:11<10:31:15, 38.85s/it]Training MLP on cuda:   3%|▎         | 26/1000 [16:51<10:36:04, 39.18s/it]Training MLP on cuda:   3%|▎         | 27/1000 [17:29<10:31:26, 38.94s/it]Training MLP on cuda:   3%|▎         | 28/1000 [18:08<10:29:29, 38.86s/it]Training MLP on cuda:   3%|▎         | 29/1000 [18:48<10:34:37, 39.21s/it]Training MLP on cuda:   3%|▎         | 30/1000 [19:26<10:29:49, 38.96s/it]Training MLP on cuda:   3%|▎         | 31/1000 [20:05<10:27:27, 38.85s/it]Training MLP on cuda:   3%|▎         | 32/1000 [20:45<10:31:52, 39.17s/it]Training MLP on cuda:   3%|▎         | 33/1000 [21:23<10:27:44, 38.95s/it]Training MLP on cuda:   3%|▎         | 34/1000 [22:02<10:25:22, 38.84s/it]Training MLP on cuda:   4%|▎         | 35/1000 [22:42<10:29:56, 39.17s/it]Training MLP on cuda:   4%|▎         | 36/1000 [23:20<10:25:26, 38.93s/it]Training MLP on cuda:   4%|▎         | 37/1000 [23:59<10:22:55, 38.81s/it]Training MLP on cuda:   4%|▍         | 38/1000 [24:39<10:28:21, 39.19s/it]Training MLP on cuda:   4%|▍         | 39/1000 [25:17<10:24:02, 38.96s/it]Training MLP on cuda:   4%|▍         | 40/1000 [25:56<10:21:20, 38.83s/it]Training MLP on cuda:   4%|▍         | 41/1000 [26:36<10:26:09, 39.18s/it]Training MLP on cuda:   4%|▍         | 42/1000 [27:14<10:21:43, 38.94s/it]Training MLP on cuda:   4%|▍         | 43/1000 [27:53<10:19:15, 38.83s/it]Training MLP on cuda:   4%|▍         | 44/1000 [28:33<10:24:02, 39.17s/it]Training MLP on cuda:   4%|▍         | 45/1000 [29:11<10:19:16, 38.91s/it]Training MLP on cuda:   5%|▍         | 46/1000 [29:50<10:17:25, 38.83s/it]Training MLP on cuda:   5%|▍         | 47/1000 [30:30<10:22:14, 39.18s/it]Training MLP on cuda:   5%|▍         | 48/1000 [31:08<10:18:14, 38.96s/it]Training MLP on cuda:   5%|▍         | 49/1000 [31:47<10:15:14, 38.82s/it]Training MLP on cuda:   5%|▌         | 50/1000 [32:27<10:19:53, 39.15s/it]Training MLP on cuda:   5%|▌         | 51/1000 [33:05<10:15:21, 38.91s/it]Training MLP on cuda:   5%|▌         | 52/1000 [33:44<10:13:18, 38.82s/it]Training MLP on cuda:   5%|▌         | 53/1000 [34:23<10:18:07, 39.16s/it]Training MLP on cuda:   5%|▌         | 54/1000 [35:02<10:14:05, 38.95s/it]Training MLP on cuda:   6%|▌         | 55/1000 [35:40<10:11:34, 38.83s/it]Training MLP on cuda:   6%|▌         | 56/1000 [36:21<10:17:29, 39.25s/it]Training MLP on cuda:   6%|▌         | 57/1000 [36:59<10:13:37, 39.04s/it]Training MLP on cuda:   6%|▌         | 58/1000 [37:38<10:10:43, 38.90s/it]Training MLP on cuda:   6%|▌         | 59/1000 [38:18<10:15:28, 39.24s/it]Training MLP on cuda:   6%|▌         | 60/1000 [38:56<10:10:44, 38.98s/it]Training MLP on cuda:   6%|▌         | 61/1000 [39:35<10:08:06, 38.86s/it]Training MLP on cuda:   6%|▌         | 62/1000 [40:15<10:12:42, 39.19s/it]Training MLP on cuda:   6%|▋         | 63/1000 [40:53<10:08:35, 38.97s/it]Training MLP on cuda:   6%|▋         | 64/1000 [41:32<10:05:58, 38.84s/it]Training MLP on cuda:   6%|▋         | 65/1000 [42:12<10:10:34, 39.18s/it]Training MLP on cuda:   7%|▋         | 66/1000 [42:50<10:06:42, 38.97s/it]Training MLP on cuda:   7%|▋         | 67/1000 [43:29<10:04:14, 38.86s/it]Training MLP on cuda:   7%|▋         | 68/1000 [44:09<10:09:12, 39.22s/it]Training MLP on cuda:   7%|▋         | 69/1000 [44:47<10:04:47, 38.98s/it]Training MLP on cuda:   7%|▋         | 70/1000 [45:26<10:02:15, 38.86s/it]Training MLP on cuda:   7%|▋         | 71/1000 [46:06<10:06:52, 39.20s/it]Training MLP on cuda:   7%|▋         | 72/1000 [46:44<10:02:26, 38.95s/it]Training MLP on cuda:   7%|▋         | 73/1000 [47:23<10:00:17, 38.85s/it]Training MLP on cuda:   7%|▋         | 74/1000 [48:03<10:04:34, 39.17s/it]Training MLP on cuda:   8%|▊         | 75/1000 [48:41<10:00:04, 38.92s/it]Training MLP on cuda:   8%|▊         | 76/1000 [49:20<9:57:38, 38.81s/it] Training MLP on cuda:   8%|▊         | 77/1000 [50:00<10:02:31, 39.17s/it]Training MLP on cuda:   8%|▊         | 78/1000 [50:38<9:58:28, 38.95s/it] Training MLP on cuda:   8%|▊         | 79/1000 [51:17<9:56:09, 38.84s/it]Training MLP on cuda:   8%|▊         | 80/1000 [51:57<10:00:26, 39.16s/it]Training MLP on cuda:   8%|▊         | 81/1000 [52:35<9:56:21, 38.94s/it] Training MLP on cuda:   8%|▊         | 82/1000 [53:14<9:54:05, 38.83s/it]Training MLP on cuda:   8%|▊         | 83/1000 [53:54<9:58:34, 39.16s/it]Training MLP on cuda:   8%|▊         | 84/1000 [54:32<9:54:04, 38.91s/it]Training MLP on cuda:   8%|▊         | 85/1000 [55:11<9:52:07, 38.83s/it]Training MLP on cuda:   9%|▊         | 86/1000 [55:50<9:56:29, 39.16s/it]Training MLP on cuda:   9%|▊         | 87/1000 [56:29<9:52:46, 38.96s/it]Training MLP on cuda:   9%|▉         | 88/1000 [57:07<9:50:17, 38.83s/it]Training MLP on cuda:   9%|▉         | 89/1000 [57:47<9:54:40, 39.17s/it]Training MLP on cuda:   9%|▉         | 90/1000 [58:26<9:50:28, 38.93s/it]Training MLP on cuda:   9%|▉         | 91/1000 [59:04<9:48:33, 38.85s/it]Training MLP on cuda:   9%|▉         | 92/1000 [59:44<9:53:01, 39.19s/it]Training MLP on cuda:   9%|▉         | 93/1000 [1:00:23<9:48:48, 38.95s/it]Training MLP on cuda:   9%|▉         | 94/1000 [1:01:01<9:46:46, 38.86s/it]Training MLP on cuda:  10%|▉         | 95/1000 [1:01:42<9:51:35, 39.22s/it]Training MLP on cuda:  10%|▉         | 96/1000 [1:02:20<9:47:36, 39.00s/it]Training MLP on cuda:  10%|▉         | 97/1000 [1:02:59<9:45:23, 38.90s/it]Training MLP on cuda:  10%|▉         | 98/1000 [1:03:39<9:50:27, 39.28s/it]Training MLP on cuda:  10%|▉         | 99/1000 [1:04:17<9:45:48, 39.01s/it]Training MLP on cuda:  10%|█         | 100/1000 [1:04:56<9:43:11, 38.88s/it]Training MLP on cuda:  10%|█         | 101/1000 [1:05:36<9:47:22, 39.20s/it]Training MLP on cuda:  10%|█         | 102/1000 [1:06:14<9:42:51, 38.94s/it]Training MLP on cuda:  10%|█         | 103/1000 [1:06:53<9:39:59, 38.80s/it]Training MLP on cuda:  10%|█         | 104/1000 [1:07:32<9:44:24, 39.13s/it]Training MLP on cuda:  10%|█         | 105/1000 [1:08:11<9:40:37, 38.92s/it]Training MLP on cuda:  11%|█         | 106/1000 [1:08:49<9:38:11, 38.81s/it]Training MLP on cuda:  11%|█         | 107/1000 [1:09:29<9:42:41, 39.15s/it]Training MLP on cuda:  11%|█         | 108/1000 [1:10:08<9:38:16, 38.90s/it]Training MLP on cuda:  11%|█         | 109/1000 [1:10:46<9:35:39, 38.76s/it]Training MLP on cuda:  11%|█         | 110/1000 [1:11:26<9:40:23, 39.13s/it]Training MLP on cuda:  11%|█         | 111/1000 [1:12:04<9:36:15, 38.89s/it]Training MLP on cuda:  11%|█         | 112/1000 [1:12:43<9:33:48, 38.77s/it]Training 