[I 2025-05-15 03:24:41,884] Trial 0 finished with value: 0.5422665972461638 and parameters: {'threshold_scale_factor': 0.8262613099794577}. Best is trial 0 with value: 0.5422665972461638.
[I 2025-05-15 03:24:47,983] Trial 1 finished with value: 0.5427843058066968 and parameters: {'threshold_scale_factor': 0.8871142800300299}. Best is trial 1 with value: 0.5427843058066968.
[I 2025-05-15 03:24:54,081] Trial 2 finished with value: 0.5256153508432481 and parameters: {'threshold_scale_factor': 0.24735928894952885}. Best is trial 1 with value: 0.5427843058066968.
[I 2025-05-15 03:25:00,189] Trial 3 finished with value: 0.5233737928220138 and parameters: {'threshold_scale_factor': 0.18592665796565966}. Best is trial 1 with value: 0.5427843058066968.
[I 2025-05-15 03:25:06,297] Trial 4 finished with value: 0.5420139042700645 and parameters: {'threshold_scale_factor': 0.8104732387141498}. Best is trial 1 with value: 0.5427843058066968.
[I 2025-05-15 03:25:12,417] Trial 5 finished with value: 0.5426423840314081 and parameters: {'threshold_scale_factor': 0.8602522483915978}. Best is trial 1 with value: 0.5427843058066968.
[I 2025-05-15 03:25:18,516] Trial 6 finished with value: 0.5203157399264049 and parameters: {'threshold_scale_factor': 0.0926953095549572}. Best is trial 1 with value: 0.5427843058066968.
[I 2025-05-15 03:25:24,543] Trial 7 finished with value: 0.5432286204785793 and parameters: {'threshold_scale_factor': 0.9582975772521137}. Best is trial 7 with value: 0.5432286204785793.
[I 2025-05-15 03:25:30,801] Trial 8 finished with value: 0.5281830520161261 and parameters: {'threshold_scale_factor': 0.3290413643091874}. Best is trial 7 with value: 0.5432286204785793.
[I 2025-05-15 03:25:36,912] Trial 9 finished with value: 0.5192402563868035 and parameters: {'threshold_scale_factor': 0.04775394435971303}. Best is trial 7 with value: 0.5432286204785793.
[I 2025-05-15 03:25:43,015] Trial 10 finished with value: 0.537655514356676 and parameters: {'threshold_scale_factor': 0.5998532159759111}. Best is trial 7 with value: 0.5432286204785793.
[I 2025-05-15 03:25:49,128] Trial 11 finished with value: 0.5431197489604515 and parameters: {'threshold_scale_factor': 0.9855775701813168}. Best is trial 7 with value: 0.5432286204785793.
[I 2025-05-15 03:25:55,324] Trial 12 finished with value: 0.5430081278275369 and parameters: {'threshold_scale_factor': 0.9946752126066545}. Best is trial 7 with value: 0.5432286204785793.
[I 2025-05-15 03:26:01,440] Trial 13 finished with value: 0.538647051622118 and parameters: {'threshold_scale_factor': 0.6316182907878659}. Best is trial 7 with value: 0.5432286204785793.
[I 2025-05-15 03:26:07,542] Trial 14 finished with value: 0.5431136559041434 and parameters: {'threshold_scale_factor': 0.9861209539385507}. Best is trial 7 with value: 0.5432286204785793.
[I 2025-05-15 03:26:13,650] Trial 15 finished with value: 0.540698614638814 and parameters: {'threshold_scale_factor': 0.7109763011227659}. Best is trial 7 with value: 0.5432286204785793.
[I 2025-05-15 03:26:19,764] Trial 16 finished with value: 0.5313500059804825 and parameters: {'threshold_scale_factor': 0.44196804832683145}. Best is trial 7 with value: 0.5432286204785793.
[I 2025-05-15 03:26:25,883] Trial 17 finished with value: 0.5408750810883071 and parameters: {'threshold_scale_factor': 0.7211619211995802}. Best is trial 7 with value: 0.5432286204785793.
[I 2025-05-15 03:26:32,025] Trial 18 finished with value: 0.5331489815590063 and parameters: {'threshold_scale_factor': 0.4853924938468932}. Best is trial 7 with value: 0.5432286204785793.
[I 2025-05-15 03:26:38,153] Trial 19 finished with value: 0.5430389280160981 and parameters: {'threshold_scale_factor': 0.9188524183700553}. Best is trial 7 with value: 0.5432286204785793.
[I 2025-05-15 03:26:44,268] Trial 20 finished with value: 0.5413520126082644 and parameters: {'threshold_scale_factor': 0.7448075002993328}. Best is trial 7 with value: 0.5432286204785793.
[I 2025-05-15 03:26:50,389] Trial 21 finished with value: 0.5429948370846203 and parameters: {'threshold_scale_factor': 0.9958471043126867}. Best is trial 7 with value: 0.5432286204785793.
[I 2025-05-15 03:26:56,501] Trial 22 finished with value: 0.5429639820163372 and parameters: {'threshold_scale_factor': 0.998748115574143}. Best is trial 7 with value: 0.5432286204785793.
[I 2025-05-15 03:27:02,594] Trial 23 finished with value: 0.5430412836226246 and parameters: {'threshold_scale_factor': 0.9197852917476201}. Best is trial 7 with value: 0.5432286204785793.
[I 2025-05-15 03:27:08,857] Trial 24 finished with value: 0.5385677799745302 and parameters: {'threshold_scale_factor': 0.6285579933031904}. Best is trial 7 with value: 0.5432286204785793.
[I 2025-05-15 03:27:14,953] Trial 25 finished with value: 0.5430438432691429 and parameters: {'threshold_scale_factor': 0.9204327549386075}. Best is trial 7 with value: 0.5432286204785793.
[I 2025-05-15 03:27:21,060] Trial 26 finished with value: 0.5418187505716638 and parameters: {'threshold_scale_factor': 0.7894943843348572}. Best is trial 7 with value: 0.5432286204785793.
[I 2025-05-15 03:27:27,159] Trial 27 finished with value: 0.5431555052100556 and parameters: {'threshold_scale_factor': 0.9356855458711848}. Best is trial 7 with value: 0.5432286204785793.
[I 2025-05-15 03:27:33,275] Trial 28 finished with value: 0.5363919143876338 and parameters: {'threshold_scale_factor': 0.5603162907193987}. Best is trial 7 with value: 0.5432286204785793.
[I 2025-05-15 03:27:39,359] Trial 29 finished with value: 0.5422474554805845 and parameters: {'threshold_scale_factor': 0.8250079688513382}. Best is trial 7 with value: 0.5432286204785793.
[I 2025-05-15 03:27:45,455] Trial 30 finished with value: 0.5416744633396422 and parameters: {'threshold_scale_factor': 0.7665705037391992}. Best is trial 7 with value: 0.5432286204785793.
[I 2025-05-15 03:27:51,547] Trial 31 finished with value: 0.543172215381801 and parameters: {'threshold_scale_factor': 0.9378263114308258}. Best is trial 7 with value: 0.5432286204785793.
[I 2025-05-15 03:27:57,672] Trial 32 finished with value: 0.5426410838041498 and parameters: {'threshold_scale_factor': 0.8600375259982131}. Best is trial 7 with value: 0.5432286204785793.
[I 2025-05-15 03:28:03,799] Trial 33 finished with value: 0.5431565169669808 and parameters: {'threshold_scale_factor': 0.9358658128819779}. Best is trial 7 with value: 0.5432286204785793.
[I 2025-05-15 03:28:09,917] Trial 34 finished with value: 0.5428534528491722 and parameters: {'threshold_scale_factor': 0.8941185155196735}. Best is trial 7 with value: 0.5432286204785793.
[I 2025-05-15 03:28:16,003] Trial 35 finished with value: 0.540146776519922 and parameters: {'threshold_scale_factor': 0.6853346861363327}. Best is trial 7 with value: 0.5432286204785793.
[I 2025-05-15 03:28:22,106] Trial 36 finished with value: 0.5426064462565698 and parameters: {'threshold_scale_factor': 0.8558185436492523}. Best is trial 7 with value: 0.5432286204785793.
[I 2025-05-15 03:28:28,204] Trial 37 finished with value: 0.543082972510888 and parameters: {'threshold_scale_factor': 0.9266710163564386}. Best is trial 7 with value: 0.5432286204785793.
[I 2025-05-15 03:28:34,329] Trial 38 finished with value: 0.5295782549655594 and parameters: {'threshold_scale_factor': 0.3786105297586437}. Best is trial 7 with value: 0.5432286204785793.
[I 2025-05-15 03:28:40,432] Trial 39 finished with value: 0.541823108584455 and parameters: {'threshold_scale_factor': 0.7926765850501365}. Best is trial 7 with value: 0.5432286204785793.
[I 2025-05-15 03:28:46,527] Trial 40 finished with value: 0.5232477650585032 and parameters: {'threshold_scale_factor': 0.18081267300187098}. Best is trial 7 with value: 0.5432286204785793.
[I 2025-05-15 03:28:52,782] Trial 41 finished with value: 0.5432300628302458 and parameters: {'threshold_scale_factor': 0.9504289358110399}. Best is trial 41 with value: 0.5432300628302458.
[I 2025-05-15 03:28:58,886] Trial 42 finished with value: 0.5432126912874924 and parameters: {'threshold_scale_factor': 0.9455970140553072}. Best is trial 41 with value: 0.5432300628302458.
[I 2025-05-15 03:29:05,004] Trial 43 finished with value: 0.5427193408804677 and parameters: {'threshold_scale_factor': 0.8789668074228314}. Best is trial 41 with value: 0.5432300628302458.
[I 2025-05-15 03:29:11,129] Trial 44 finished with value: 0.543204054063562 and parameters: {'threshold_scale_factor': 0.9441825919072684}. Best is trial 41 with value: 0.5432300628302458.
[I 2025-05-15 03:29:17,243] Trial 45 finished with value: 0.5423329032076494 and parameters: {'threshold_scale_factor': 0.8315392107032651}. Best is trial 41 with value: 0.5432300628302458.
[I 2025-05-15 03:29:23,357] Trial 46 finished with value: 0.5432321876605055 and parameters: {'threshold_scale_factor': 0.961304050680145}. Best is trial 46 with value: 0.5432321876605055.
[I 2025-05-15 03:29:29,458] Trial 47 finished with value: 0.5426816469545273 and parameters: {'threshold_scale_factor': 0.8670570666427636}. Best is trial 46 with value: 0.5432321876605055.
[I 2025-05-15 03:29:35,577] Trial 48 finished with value: 0.5422471627887342 and parameters: {'threshold_scale_factor': 0.8249903084735525}. Best is trial 46 with value: 0.5432321876605055.
[I 2025-05-15 03:29:41,688] Trial 49 finished with value: 0.5432266166651423 and parameters: {'threshold_scale_factor': 0.9575332077856831}. Best is trial 46 with value: 0.5432321876605055.
[I 2025-05-15 03:29:47,819] Trial 50 finished with value: 0.5431826960015198 and parameters: {'threshold_scale_factor': 0.9748532371815042}. Best is trial 46 with value: 0.5432321876605055.
[I 2025-05-15 03:29:53,927] Trial 51 finished with value: 0.5432286542507159 and parameters: {'threshold_scale_factor': 0.9492868709953162}. Best is trial 46 with value: 0.5432321876605055.
[I 2025-05-15 03:30:00,031] Trial 52 finished with value: 0.5432275299200022 and parameters: {'threshold_scale_factor': 0.9579210613290654}. Best is trial 46 with value: 0.5432321876605055.
[I 2025-05-15 03:30:06,121] Trial 53 finished with value: 0.5428580993322967 and parameters: {'threshold_scale_factor': 0.8945160802425582}. Best is trial 46 with value: 0.5432321876605055.
[I 2025-05-15 03:30:12,234] Trial 54 finished with value: 0.5432299052269417 and parameters: {'threshold_scale_factor': 0.9627662419337452}. Best is trial 46 with value: 0.5432321876605055.
[I 2025-05-15 03:30:18,351] Trial 55 finished with value: 0.5427946485235244 and parameters: {'threshold_scale_factor': 0.8883703041398725}. Best is trial 46 with value: 0.5432321876605055.
[I 2025-05-15 03:30:24,393] Trial 56 finished with value: 0.5429707125217231 and parameters: {'threshold_scale_factor': 0.9980608068631699}. Best is trial 46 with value: 0.5432321876605055.
[I 2025-05-15 03:30:30,517] Trial 57 finished with value: 0.5265783196954879 and parameters: {'threshold_scale_factor': 0.2723140789330197}. Best is trial 46 with value: 0.5432321876605055.
[I 2025-05-15 03:30:36,791] Trial 58 finished with value: 0.5432235645082988 and parameters: {'threshold_scale_factor': 0.9646448988883517}. Best is trial 46 with value: 0.5432321876605055.
[I 2025-05-15 03:30:42,926] Trial 59 finished with value: 0.5424491412730689 and parameters: {'threshold_scale_factor': 0.8399748538942022}. Best is trial 46 with value: 0.5432321876605055.
[I 2025-05-15 03:30:49,035] Trial 60 finished with value: 0.5417558316740426 and parameters: {'threshold_scale_factor': 0.7745495687470443}. Best is trial 46 with value: 0.5432321876605055.
[I 2025-05-15 03:30:55,159] Trial 61 finished with value: 0.5429162099219723 and parameters: {'threshold_scale_factor': 0.9013161717349777}. Best is trial 46 with value: 0.5432321876605055.
[I 2025-05-15 03:31:01,279] Trial 62 finished with value: 0.5432281955125273 and parameters: {'threshold_scale_factor': 0.9580853228143607}. Best is trial 46 with value: 0.5432321876605055.
[I 2025-05-15 03:31:07,397] Trial 63 finished with value: 0.5431801405765185 and parameters: {'threshold_scale_factor': 0.9753472558916388}. Best is trial 46 with value: 0.5432321876605055.
[I 2025-05-15 03:31:13,521] Trial 64 finished with value: 0.5432319315551365 and parameters: {'threshold_scale_factor': 0.9602422453309116}. Best is trial 46 with value: 0.5432321876605055.
[I 2025-05-15 03:31:19,641] Trial 65 finished with value: 0.5428267095385177 and parameters: {'threshold_scale_factor': 0.8912128364197861}. Best is trial 46 with value: 0.5432321876605055.
[I 2025-05-15 03:31:25,751] Trial 66 finished with value: 0.5430185254240866 and parameters: {'threshold_scale_factor': 0.9937335094799444}. Best is trial 46 with value: 0.5432321876605055.
[I 2025-05-15 03:31:31,858] Trial 67 finished with value: 0.5419925799801588 and parameters: {'threshold_scale_factor': 0.8090656008541164}. Best is trial 46 with value: 0.5432321876605055.
[I 2025-05-15 03:31:37,980] Trial 68 finished with value: 0.5430346727268889 and parameters: {'threshold_scale_factor': 0.9176227673411165}. Best is trial 46 with value: 0.5432321876605055.
[I 2025-05-15 03:31:44,078] Trial 69 finished with value: 0.5403490617678306 and parameters: {'threshold_scale_factor': 0.695549597834206}. Best is trial 46 with value: 0.5432321876605055.
[I 2025-05-15 03:31:50,178] Trial 70 finished with value: 0.541449633783394 and parameters: {'threshold_scale_factor': 0.7499819876939269}. Best is trial 46 with value: 0.5432321876605055.
[I 2025-05-15 03:31:56,278] Trial 71 finished with value: 0.5432315445827383 and parameters: {'threshold_scale_factor': 0.9512406608008968}. Best is trial 46 with value: 0.5432321876605055.
[I 2025-05-15 03:32:02,398] Trial 72 finished with value: 0.5432322326900211 and parameters: {'threshold_scale_factor': 0.9617591157437637}. Best is trial 72 with value: 0.5432322326900211.
[I 2025-05-15 03:32:08,487] Trial 73 finished with value: 0.5430436110857038 and parameters: {'threshold_scale_factor': 0.9203155039069852}. Best is trial 72 with value: 0.5432322326900211.
[I 2025-05-15 03:32:14,735] Trial 74 finished with value: 0.5426267728612739 and parameters: {'threshold_scale_factor': 0.8577659892922708}. Best is trial 72 with value: 0.5432322326900211.
[I 2025-05-15 03:32:20,820] Trial 75 finished with value: 0.54321160354326 and parameters: {'threshold_scale_factor': 0.966962299574186}. Best is trial 72 with value: 0.5432322326900211.
[I 2025-05-15 03:32:26,917] Trial 76 finished with value: 0.5429601066636647 and parameters: {'threshold_scale_factor': 0.9070875311355396}. Best is trial 72 with value: 0.5432322326900211.
[I 2025-05-15 03:32:33,017] Trial 77 finished with value: 0.5426702896664297 and parameters: {'threshold_scale_factor': 0.8640797329867794}. Best is trial 72 with value: 0.5432322326900211.
[I 2025-05-15 03:32:39,119] Trial 78 finished with value: 0.5429844549669667 and parameters: {'threshold_scale_factor': 0.9967158572182376}. Best is trial 72 with value: 0.5432322326900211.
[I 2025-05-15 03:32:45,240] Trial 79 finished with value: 0.5202416537089545 and parameters: {'threshold_scale_factor': 0.08850039998446058}. Best is trial 72 with value: 0.5432322326900211.
[I 2025-05-15 03:32:51,357] Trial 80 finished with value: 0.5431129509107924 and parameters: {'threshold_scale_factor': 0.9308312238523375}. Best is trial 72 with value: 0.5432322326900211.
[I 2025-05-15 03:32:57,447] Trial 81 finished with value: 0.5432276621942038 and parameters: {'threshold_scale_factor': 0.9548108142019217}. Best is trial 72 with value: 0.5432322326900211.
[I 2025-05-15 03:33:03,547] Trial 82 finished with value: 0.5431801841988616 and parameters: {'threshold_scale_factor': 0.9753208902102813}. Best is trial 72 with value: 0.5432322326900211.
[I 2025-05-15 03:33:09,664] Trial 83 finished with value: 0.5184523580690781 and parameters: {'threshold_scale_factor': 0.0030247454294476395}. Best is trial 72 with value: 0.5432322326900211.
[I 2025-05-15 03:33:15,749] Trial 84 finished with value: 0.5432269163928544 and parameters: {'threshold_scale_factor': 0.9536815231051007}. Best is trial 72 with value: 0.5432322326900211.
[I 2025-05-15 03:33:21,857] Trial 85 finished with value: 0.5359471086125984 and parameters: {'threshold_scale_factor': 0.5490779125219224}. Best is trial 72 with value: 0.5432322326900211.
[I 2025-05-15 03:33:27,970] Trial 86 finished with value: 0.5427426788340171 and parameters: {'threshold_scale_factor': 0.8818408596746339}. Best is trial 72 with value: 0.5432322326900211.
[I 2025-05-15 03:33:34,057] Trial 87 finished with value: 0.5431858269600152 and parameters: {'threshold_scale_factor': 0.9396522584000655}. Best is trial 72 with value: 0.5432322326900211.
[I 2025-05-15 03:33:40,199] Trial 88 finished with value: 0.5430118005473901 and parameters: {'threshold_scale_factor': 0.9138370038391068}. Best is trial 72 with value: 0.5432322326900211.
[I 2025-05-15 03:33:46,300] Trial 89 finished with value: 0.5425095357034806 and parameters: {'threshold_scale_factor': 0.8453748058310583}. Best is trial 72 with value: 0.5432322326900211.
[I 2025-05-15 03:33:52,401] Trial 90 finished with value: 0.5431872285036833 and parameters: {'threshold_scale_factor': 0.9736208866780255}. Best is trial 72 with value: 0.5432322326900211.
[I 2025-05-15 03:33:58,676] Trial 91 finished with value: 0.5432237615124289 and parameters: {'threshold_scale_factor': 0.948164249359719}. Best is trial 72 with value: 0.5432322326900211.
[I 2025-05-15 03:34:04,791] Trial 92 finished with value: 0.5432272681859438 and parameters: {'threshold_scale_factor': 0.9545516219946883}. Best is trial 72 with value: 0.5432322326900211.
[I 2025-05-15 03:34:10,895] Trial 93 finished with value: 0.5429961767127047 and parameters: {'threshold_scale_factor': 0.9116748331768944}. Best is trial 72 with value: 0.5432322326900211.
[I 2025-05-15 03:34:17,034] Trial 94 finished with value: 0.5427093429208677 and parameters: {'threshold_scale_factor': 0.876754985892668}. Best is trial 72 with value: 0.5432322326900211.
[I 2025-05-15 03:34:23,161] Trial 95 finished with value: 0.5431599687607735 and parameters: {'threshold_scale_factor': 0.9801168325337261}. Best is trial 72 with value: 0.5432322326900211.
[I 2025-05-15 03:34:29,282] Trial 96 finished with value: 0.5429748988594868 and parameters: {'threshold_scale_factor': 0.9976789748300965}. Best is trial 72 with value: 0.5432322326900211.
[I 2025-05-15 03:34:35,397] Trial 97 finished with value: 0.5310797796368087 and parameters: {'threshold_scale_factor': 0.4347544981333318}. Best is trial 72 with value: 0.5432322326900211.
[I 2025-05-15 03:34:41,498] Trial 98 finished with value: 0.5431498005333184 and parameters: {'threshold_scale_factor': 0.9349069687561188}. Best is trial 72 with value: 0.5432322326900211.
