[I 2025-05-15 03:24:35,733] Trial 99 finished with value: 0.5421417402500546 and parameters: {'interp_param': 0.9207225592153601}. Best is trial 71 with value: 0.5430267559752056.
Best hyperparameters: {'interp_param': 0.9913438162915019}
Best optimized value: 0.5430267559752056
Tuning threshold scale factor for offline LSET using optuna
  0%|          | 0/100 [00:00<?, ?it/s]                                         0%|          | 0/100 [00:06<?, ?it/s]Best trial: 0. Best value: 0.542267:   0%|          | 0/100 [00:06<?, ?it/s]Best trial: 0. Best value: 0.542267:   1%|          | 1/100 [00:06<10:08,  6.15s/it]                                                                                    Best trial: 0. Best value: 0.542267:   1%|          | 1/100 [00:12<10:08,  6.15s/it]Best trial: 1. Best value: 0.542784:   1%|          | 1/100 [00:12<10:08,  6.15s/it]Best trial: 1. Best value: 0.542784:   2%|▏         | 2/100 [00:12<09:59,  6.12s/it]                                                                                    Best trial: 1. Best value: 0.542784:   2%|▏         | 2/100 [00:18<09:59,  6.12s/it]Best trial: 1. Best value: 0.542784:   2%|▏         | 2/100 [00:18<09:59,  6.12s/it]Best trial: 1. Best value: 0.542784:   3%|▎         | 3/100 [00:18<09:52,  6.11s/it]                                                                                    Best trial: 1. Best value: 0.542784:   3%|▎         | 3/100 [00:24<09:52,  6.11s/it]Best trial: 1. Best value: 0.542784:   3%|▎         | 3/100 [00:24<09:52,  6.11s/it]Best trial: 1. Best value: 0.542784:   4%|▍         | 4/100 [00:24<09:46,  6.11s/it]                                                                                    Best trial: 1. Best value: 0.542784:   4%|▍         | 4/100 [00:30<09:46,  6.11s/it]Best trial: 1. Best value: 0.542784:   4%|▍         | 4/100 [00:30<09:46,  6.11s/it]Best trial: 1. Best value: 0.542784:   5%|▌         | 5/100 [00:30<09:40,  6.11s/it]                                                                                    Best trial: 1. Best value: 0.542784:   5%|▌         | 5/100 [00:36<09:40,  6.11s/it]Best trial: 1. Best value: 0.542784:   5%|▌         | 5/100 [00:36<09:40,  6.11s/it]Best trial: 1. Best value: 0.542784:   6%|▌         | 6/100 [00:36<09:34,  6.11s/it]                                                                                    Best trial: 1. Best value: 0.542784:   6%|▌         | 6/100 [00:42<09:34,  6.11s/it]Best trial: 1. Best value: 0.542784:   6%|▌         | 6/100 [00:42<09:34,  6.11s/it]Best trial: 1. Best value: 0.542784:   7%|▋         | 7/100 [00:42<09:28,  6.11s/it]                                                                                    Best trial: 1. Best value: 0.542784:   7%|▋         | 7/100 [00:48<09:28,  6.11s/it]Best trial: 7. Best value: 0.543229:   7%|▋         | 7/100 [00:48<09:28,  6.11s/it]Best trial: 7. Best value: 0.543229:   8%|▊         | 8/100 [00:48<09:19,  6.08s/it]                                                                                    Best trial: 7. Best value: 0.543229:   8%|▊         | 8/100 [00:55<09:19,  6.08s/it]Best trial: 7. Best value: 0.543229:   8%|▊         | 8/100 [00:55<09:19,  6.08s/it]Best trial: 7. Best value: 0.543229:   9%|▉         | 9/100 [00:55<09:18,  6.14s/it]                                                                                    Best trial: 7. Best value: 0.543229:   9%|▉         | 9/100 [01:01<09:18,  6.14s/it]Best trial: 7. Best value: 0.543229:   9%|▉         | 9/100 [01:01<09:18,  6.14s/it]Best trial: 7. Best value: 0.543229:  10%|█         | 10/100 [01:01<09:11,  6.13s/it]                                                                                     Best trial: 7. Best value: 0.543229:  10%|█         | 10/100 [01:07<09:11,  6.13s/it]Best trial: 7. Best value: 0.543229:  10%|█         | 10/100 [01:07<09:11,  6.13s/it]Best trial: 7. Best value: 0.543229:  11%|█         | 11/100 [01:07<09:04,  6.12s/it]                                                                                     Best trial: 7. Best value: 0.543229:  11%|█         | 11/100 [01:13<09:04,  6.12s/it]Best trial: 7. Best value: 0.543229:  11%|█         | 11/100 [01:13<09:04,  6.12s/it]Best trial: 7. Best value: 0.543229:  12%|█▏        | 12/100 [01:13<08:58,  6.12s/it]                                                                                     Best trial: 7. Best value: 0.543229:  12%|█▏        | 12/100 [01:19<08:58,  6.12s/it]Best trial: 7. Best value: 0.543229:  12%|█▏        | 12/100 [01:19<08:58,  6.12s/it]Best trial: 7. Best value: 0.543229:  13%|█▎        | 13/100 [01:19<08:54,  6.14s/it]                                                                                     Best trial: 7. Best value: 0.543229:  13%|█▎        | 13/100 [01:25<08:54,  6.14s/it]Best trial: 7. Best value: 0.543229:  13%|█▎        | 13/100 [01:25<08:54,  6.14s/it]Best trial: 7. Best value: 0.543229:  14%|█▍        | 14/100 [01:25<08:47,  6.13s/it]                                                                                     Best trial: 7. Best value: 0.543229:  14%|█▍        | 14/100 [01:31<08:47,  6.13s/it]Best trial: 7. Best value: 0.543229:  14%|█▍        | 14/100 [01:31<08:47,  6.13s/it]Best trial: 7. Best value: 0.543229:  15%|█▌        | 15/100 [01:31<08:40,  6.12s/it]                                                                                     Best trial: 7. Best value: 0.543229:  15%|█▌        | 15/100 [01:37<08:40,  6.12s/it]Best trial: 7. Best value: 0.543229:  15%|█▌        | 15/100 [01:37<08:40,  6.12s/it]Best trial: 7. Best value: 0.543229:  16%|█▌        | 16/100 [01:37<08:34,  6.12s/it]                                                                                     Best trial: 7. Best value: 0.543229:  16%|█▌        | 16/100 [01:44<08:34,  6.12s/it]Best trial: 7. Best value: 0.543229:  16%|█▌        | 16/100 [01:44<08:34,  6.12s/it]Best trial: 7. Best value: 0.543229:  17%|█▋        | 17/100 [01:44<08:27,  6.12s/it]                                                                                     Best trial: 7. Best value: 0.543229:  17%|█▋        | 17/100 [01:50<08:27,  6.12s/it]Best trial: 7. Best value: 0.543229:  17%|█▋        | 17/100 [01:50<08:27,  6.12s/it]Best trial: 7. Best value: 0.543229:  18%|█▊        | 18/100 [01:50<08:21,  6.12s/it]                                                                                     Best trial: 7. Best value: 0.543229:  18%|█▊        | 18/100 [01:56<08:21,  6.12s/it]Best trial: 7. Best value: 0.543229:  18%|█▊        | 18/100 [01:56<08:21,  6.12s/it]Best trial: 7. Best value: 0.543229:  19%|█▉        | 19/100 [01:56<08:16,  6.13s/it]                                                                                     Best trial: 7. Best value: 0.543229:  19%|█▉        | 19/100 [02:02<08:16,  6.13s/it]Best trial: 7. Best value: 0.543229:  19%|█▉        | 19/100 [02:02<08:16,  6.13s/it]Best trial: 7. Best value: 0.543229:  20%|██        | 20/100 [02:02<08:10,  6.13s/it]                                                                                     Best trial: 7. Best value: 0.543229:  20%|██        | 20/100 [02:08<08:10,  6.13s/it]Best trial: 7. Best value: 0.543229:  20%|██        | 20/100 [02:08<08:10,  6.13s/it]Best trial: 7. Best value: 0.543229:  21%|██        | 21/100 [02:08<08:03,  6.12s/it]                                                                                     Best trial: 7. Best value: 0.543229:  21%|██        | 21/100 [02:14<08:03,  6.12s/it]Best trial: 7. Best value: 0.543229:  21%|██        | 21/100 [02:14<08:03,  6.12s/it]Best trial: 7. Best value: 0.543229:  22%|██▏       | 22/100 [02:14<07:57,  6.12s/it]                                                                                     Best trial: 7. Best value: 0.543229:  22%|██▏       | 22/100 [02:20<07:57,  6.12s/it]Best trial: 7. Best value: 0.543229:  22%|██▏       | 22/100 [02:20<07:57,  6.12s/it]Best trial: 7. Best value: 0.543229:  23%|██▎       | 23/100 [02:20<07:51,  6.12s/it]                                                                                     Best trial: 7. Best value: 0.543229:  23%|██▎       | 23/100 [02:26<07:51,  6.12s/it]Best trial: 7. Best value: 0.543229:  23%|██▎       | 23/100 [02:26<07:51,  6.12s/it]Best trial: 7. Best value: 0.543229:  24%|██▍       | 24/100 [02:26<07:44,  6.11s/it]                                                                                     Best trial: 7. Best value: 0.543229:  24%|██▍       | 24/100 [02:33<07:44,  6.11s/it]Best trial: 7. Best value: 0.543229:  24%|██▍       | 24/100 [02:33<07:44,  6.11s/it]Best trial: 7. Best value: 0.543229:  25%|██▌       | 25/100 [02:33<07:41,  6.16s/it]                                                                                     Best trial: 7. Best value: 0.543229:  25%|██▌       | 25/100 [02:39<07:41,  6.16s/it]Best trial: 7. Best value: 0.543229:  25%|██▌       | 25/100 [02:39<07:41,  6.16s/it]Best trial: 7. Best value: 0.543229:  26%|██▌       | 26/100 [02:39<07:34,  6.14s/it]                                                                                     Best trial: 7. Best value: 0.543229:  26%|██▌       | 26/100 [02:45<07:34,  6.14s/it]Best trial: 7. Best value: 0.543229:  26%|██▌       | 26/100 [02:45<07:34,  6.14s/it]Best trial: 7. Best value: 0.543229:  27%|██▋       | 27/100 [02:45<07:27,  6.13s/it]                                                                                     Best trial: 7. Best value: 0.543229:  27%|██▋       | 27/100 [02:51<07:27,  6.13s/it]Best trial: 7. Best value: 0.543229:  27%|██▋       | 27/100 [02:51<07:27,  6.13s/it]Best trial: 7. Best value: 0.543229:  28%|██▊       | 28/100 [02:51<07:20,  6.12s/it]                                                                                     Best trial: 7. Best value: 0.543229:  28%|██▊       | 28/100 [02:57<07:20,  6.12s/it]Best trial: 7. Best value: 0.543229:  28%|██▊       | 28/100 [02:57<07:20,  6.12s/it]Best trial: 7. Best value: 0.543229:  29%|██▉       | 29/100 [02:57<07:14,  6.12s/it]                                                                                     Best trial: 7. Best value: 0.543229:  29%|██▉       | 29/100 [03:03<07:14,  6.12s/it]Best trial: 7. Best value: 0.543229:  29%|██▉       | 29/100 [03:03<07:14,  6.12s/it]Best trial: 7. Best value: 0.543229:  30%|███       | 30/100 [03:03<07:07,  6.11s/it]                                                                                     Best trial: 7. Best value: 0.543229:  30%|███       | 30/100 [03:09<07:07,  6.11s/it]Best trial: 7. Best value: 0.543229:  30%|███       | 30/100 [03:09<07:07,  6.11s/it]Best trial: 7. Best value: 0.543229:  31%|███       | 31/100 [03:09<07:01,  6.10s/it]                                                                                     Best trial: 7. Best value: 0.543229:  31%|███       | 31/100 [03:15<07:01,  6.10s/it]Best trial: 7. Best value: 0.543229:  31%|███       | 31/100 [03:15<07:01,  6.10s/it]Best trial: 7. Best value: 0.543229:  32%|███▏      | 32/100 [03:15<06:54,  6.10s/it]                                                                                     Best trial: 7. Best value: 0.543229:  32%|███▏      | 32/100 [03:21<06:54,  6.10s/it]Best trial: 7. Best value: 0.543229:  32%|███▏      | 32/100 [03:21<06:54,  6.10s/it]Best trial: 7. Best value: 0.543229:  33%|███▎      | 33/100 [03:21<06:49,  6.11s/it]                                                                                     Best trial: 7. Best value: 0.543229:  33%|███▎      | 33/100 [03:28<06:49,  6.11s/it]Best trial: 7. Best value: 0.543229:  33%|███▎      | 33/100 [03:28<06:49,  6.11s/it]Best trial: 7. Best value: 0.543229:  34%|███▍      | 34/100 [03:28<06:43,  6.11s/it]                                                                                     Best trial: 7. Best value: 0.543229:  34%|███▍      | 34/100 [03:34<06:43,  6.11s/it]Best trial: 7. Best value: 0.543229:  34%|███▍      | 34/100 [03:34<06:43,  6.11s/it]Best trial: 7. Best value: 0.543229:  35%|███▌      | 35/100 [03:34<06:37,  6.11s/it]                                                                                     Best trial: 7. Best value: 0.543229:  35%|███▌      | 35/100 [03:40<06:37,  6.11s/it]Best trial: 7. Best value: 0.543229:  35%|███▌      | 35/100 [03:40<06:37,  6.11s/it]Best trial: 7. Best value: 0.543229:  36%|███▌      | 36/100 [03:40<06:30,  6.11s/it]                                                                                     Best trial: 7. Best value: 0.543229:  36%|███▌      | 36/100 [03:46<06:30,  6.11s/it]Best trial: 7. Best value: 0.543229:  36%|███▌      | 36/100 [03:46<06:30,  6.11s/it]Best trial: 7. Best value: 0.543229:  37%|███▋      | 37/100 [03:46<06:24,  6.11s/it]                                                                                     Best trial: 7. Best value: 0.543229:  37%|███▋      | 37/100 [03:52<06:24,  6.11s/it]Best trial: 7. Best value: 0.543229:  37%|███▋      | 37/100 [03:52<06:24,  6.11s/it]Best trial: 7. Best value: 0.543229:  38%|███▊      | 38/100 [03:52<06:18,  6.10s/it]                                                                                     Best trial: 7. Best value: 0.543229:  38%|███▊      | 38/100 [03:58<06:18,  6.10s/it]Best trial: 7. Best value: 0.543229:  38%|███▊      | 38/100 [03:58<06:18,  6.10s/it]Best trial: 7. Best value: 0.543229:  39%|███▉      | 39/100 [03:58<06:12,  6.11s/it]                                                                                     Best trial: 7. Best value: 0.543229:  39%|███▉      | 39/100 [04:04<06:12,  6.11s/it]Best trial: 7. Best value: 0.543229:  39%|███▉      | 39/100 [04:04<06:12,  6.11s/it]Best trial: 7. Best value: 0.543229:  40%|████      | 40/100 [04:04<06:06,  6.11s/it]                                                                                     Best trial: 7. Best value: 0.543229:  40%|████      | 40/100 [04:10<06:06,  6.11s/it]Best trial: 7. Best value: 0.543229:  40%|████      | 40/100 [04:10<06:06,  6.11s/it]Best trial: 7. Best value: 0.543229:  41%|████      | 41/100 [04:10<06:00,  6.10s/it]                                                                                     Best trial: 7. Best value: 0.543229:  41%|████      | 41/100 [04:17<06:00,  6.10s/it]Best trial: 41. Best value: 0.54323:  41%|████      | 41/100 [04:17<06:00,  6.10s/it]Best trial: 41. Best value: 0.54323:  42%|████▏     | 42/100 [04:17<05:56,  6.15s/it]                                                                                     Best trial: 41. Best value: 0.54323:  42%|████▏     | 42/100 [04:23<05:56,  6.15s/it]Best trial: 41. Best value: 0.54323:  42%|████▏     | 42/100 [04:23<05:56,  6.15s/it]Best trial: 41. Best value: 0.54323:  43%|████▎     | 43/100 [04:23<05:49,  6.14s/it]                                                                                     Best trial: 41. Best value: 0.54323:  43%|████▎     | 43/100 [04:29<05:49,  6.14s/it]Best trial: 41. Best value: 0.54323:  43%|████▎     | 43/100 [04:29<05:49,  6.14s/it]Best trial: 41. Best value: 0.54323:  44%|████▍     | 44/100 [04:29<05:43,  6.13s/it]                                                                                     Best trial: 41. Best value: 0.54323:  44%|████▍     | 44/100 [04:35<05:43,  6.13s/it]Best trial: 41. Best value: 0.54323:  44%|████▍     | 44/100 [04:35<05:43,  6.13s/it]Best trial: 41. Best value: 0.54323:  45%|████▌     | 45/100 [04:35<05:37,  6.13s/it]                                                                                     Best trial: 41. Best value: 0.54323:  45%|████▌     | 45/100 [04:41<05:37,  6.13s/it]Best trial: 41. Best value: 0.54323:  45%|████▌     | 45/100 [04:41<05:37,  6.13s/it]Best trial: 41. Best value: 0.54323:  46%|████▌     | 46/100 [04:41<05:30,  6.12s/it]                                                                                     Best trial: 41. Best value: 0.54323:  46%|████▌     | 46/100 [04:47<05:30,  6.12s/it]Best trial: 46. Best value: 0.543232:  46%|████▌     | 46/100 [04:47<05:30,  6.12s/it]Best trial: 46. Best value: 0.543232:  47%|████▋     | 47/100 [04:47<05:24,  6.12s/it]                                                                                      Best trial: 46. Best value: 0.543232:  47%|████▋     | 47/100 [04:53<05:24,  6.12s/it]Best trial: 46. Best value: 0.543232:  47%|████▋     | 47/100 [04:53<05:24,  6.12s/it]Best trial: 46. Best value: 0.543232:  48%|████▊     | 48/100 [04:53<05:17,  6.12s/it]                                                                                      Best trial: 46. Best value: 0.543232:  48%|████▊     | 48/100 [04:59<05:17,  6.12s/it]Best trial: 46. Best value: 0.543232:  48%|████▊     | 48/100 [04:59<05:17,  6.12s/it]Best trial: 46. Best value: 0.543232:  49%|████▉     | 49/100 [04:59<05:11,  6.12s/it]                                                                                      Best trial: 46. Best value: 0.543232:  49%|████▉     | 49/100 [05:05<05:11,  6.12s/it]Best trial: 46. Best value: 0.543232:  49%|████▉     | 49/100 [05:05<05:11,  6.12s/it]Best trial: 46. Best value: 0.543232:  50%|█████     | 50/100 [05:05<05:05,  6.11s/it]                                                                                      Best trial: 46. Best value: 0.543232:  50%|█████     | 50/100 [05:12<05:05,  6.11s/it]Best trial: 46. Best value: 0.543232:  50%|█████     | 50/100 [05:12<05:05,  6.11s/it]Best trial: 46. Best value: 0.543232:  51%|█████     | 51/100 [05:12<04:59,  6.12s/it]                                                                                      Best trial: 46. Best value: 0.543232:  51%|█████     | 51/100 [05:18<04:59,  6.12s/it]Best trial: 46. Best value: 0.543232:  51%|█████     | 51/100 [05:18<04:59,  6.12s/it]Best trial: 46. Best value: 0.543232:  52%|█████▏    | 52/100 [05:18<04:53,  6.12s/it]                                                                                      Best trial: 46. Best value: 0.543232:  52%|█████▏    | 52/100 [05:24<04:53,  6.12s/it]Best trial: 46. Best value: 0.543232:  52%|█████▏    | 52/100 [05:24<04:53,  6.12s/it]Best trial: 46. Best value: 0.543232:  53%|█████▎    | 53/100 [05:24<04:47,  6.11s/it]                                                                                      Best trial: 46. Best value: 0.543232:  53%|█████▎    | 53/100 [05:30<04:47,  6.11s/it]Best trial: 46. Best value: 0.543232:  53%|█████▎    | 53/100 [05:30<04:47,  6.11s/it]Best trial: 46. Best value: 0.543232:  54%|█████▍    | 54/100 [05:30<04:40,  6.11s/it]                                                                                      Best trial: 46. Best value: 0.543232:  54%|█████▍    | 54/100 [05:36<04:40,  6.11s/it]Best trial: 46. Best value: 0.543232:  54%|█████▍    | 54/100 [05:36<04:40,  6.11s/it]Best trial: 46. Best value: 0.543232:  55%|█████▌    | 55/100 [05:36<04:34,  6.11s/it]                                                                                      Best trial: 46. Best value: 0.543232:  55%|█████▌    | 55/100 [05:42<04:34,  6.11s/it]Best trial: 46. Best value: 0.543232:  55%|█████▌    | 55/100 [05:42<04:34,  6.11s/it]Best trial: 46. Best value: 0.543232:  56%|█████▌    | 56/100 [05:42<04:28,  6.11s/it]                                                                                      Best trial: 46. Best value: 0.543232:  56%|█████▌    | 56/100 [05:48<04:28,  6.11s/it]Best trial: 46. Best value: 0.543232:  56%|█████▌    | 56/100 [05:48<04:28,  6.11s/it]Best trial: 46. Best value: 0.543232:  57%|█████▋    | 57/100 [05:48<04:21,  6.09s/it]                                                                                      Best trial: 46. Best value: 0.543232:  57%|█████▋    | 57/100 [05:54<04:21,  6.09s/it]Best trial: 46. Best value: 0.543232:  57%|█████▋    | 57/100 [05:54<04:21,  6.09s/it]Best trial: 46. Best value: 0.543232:  58%|█████▊    | 58/100 [05:54<04:16,  6.10s/it]                                                                                      Best trial: 46. Best value: 0.543232:  58%|█████▊    | 58/100 [06:01<04:16,  6.10s/it]Best trial: 46. Best value: 0.543232:  58%|█████▊    | 58/100 [06:01<04:16,  6.10s/it]Best trial: 46. Best value: 0.543232:  59%|█████▉    | 59/100 [06:01<04:12,  6.15s/it]                                                                                      Best trial: 46. Best value: 0.543232:  59%|█████▉    | 59/100 [06:07<04:12,  6.15s/it]Best trial: 46. Best value: 0.543232:  59%|█████▉    | 59/100 [06:07<04:12,  6.15s/it]Best trial: 46. Best value: 0.543232:  60%|██████    | 60/100 [06:07<04:05,  6.15s/it]                                                                                      Best trial: 46. Best value: 0.543232:  60%|██████    | 60/100 [06:13<04:05,  6.15s/it]Best trial: 46. Best value: 0.543232:  60%|██████    | 60/100 [06:13<04:05,  6.15s/it]Best trial: 46. Best value: 0.543232:  61%|██████    | 61/100 [06:13<03:59,  6.14s/it]                                                                                      Best trial: 46. Best value: 0.543232:  61%|██████    | 61/100 [06:19<03:59,  6.14s/it]Best trial: 46. Best value: 0.543232:  61%|██████    | 61/100 [06:19<03:59,  6.14s/it]Best trial: 46. Best value: 0.543232:  62%|██████▏   | 62/100 [06:19<03:53,  6.13s/it]                                                                                      Best trial: 46. Best value: 0.543232:  62%|██████▏   | 62/100 [06:25<03:53,  6.13s/it]Best trial: 46. Best value: 0.543232:  62%|██████▏   | 62/100 [06:25<03:53,  6.13s/it]Best trial: 46. Best value: 0.543232:  63%