This job can be monitored from: https://job.c3se.chalmers.se/alvis/4308868
/usr/share/lmod/lmod/init/bash: /usr/share/lmod/lmod/libexec/addto: /usr/bin/lua: bad interpreter: No such file or directory
no change     /opt/conda/condabin/conda
no change     /opt/conda/bin/conda
no change     /opt/conda/bin/conda-env
no change     /opt/conda/bin/activate
no change     /opt/conda/bin/deactivate
no change     /opt/conda/etc/profile.d/conda.sh
no change     /opt/conda/etc/fish/conf.d/conda.fish
no change     /opt/conda/shell/condabin/Conda.psm1
no change     /opt/conda/shell/condabin/conda-hook.ps1
no change     /opt/conda/lib/python3.12/site-packages/xontrib/conda.xsh
no change     /opt/conda/etc/profile.d/conda.csh
no change     /cephyr/users/lassila/Alvis/.bashrc
No action taken.
Overwriting config seed with seed=2
Running MIA...

attacks:
  MLP-attack-0hop:
    attack: mlp-attack
    edge_dropout: 0.0
    mlp_attack_queries:
    - 0
    mlp_hidden_dim:
    - 128
    - 64
  MLP-attack-comb:
    attack: mlp-attack
    edge_dropout: 0.5
    mlp_attack_queries:
    - 0
    - 2
    mlp_hidden_dim:
    - 128
    - 64
  graph-lset-MIA:
    attack: graph-lset
    num_sampled_graphs: 32
    prior: 0.5
    sampling_strategy: MIA
  graph-lset-MIA-offline:
    attack: graph-lset
    num_sampled_graphs: 32
    offline: true
    prior: 0.5
    sampling_strategy: MIA
    threshold_scale_factor: 0.9
  lira:
    attack: lira
  lira-offline:
    attack: lira
    offline: true
  lset:
    attack: lset
  lset-offline:
    attack: lset
    offline: true
  rmia:
    Z_frac: 0.5
    attack: rmia
    rmia_gamma: 1
  rmia-offline:
    Z_frac: 0.5
    attack: rmia
    offline: true
    rmia_gamma: 1
batch_size: 65536
datadir: ./data
dataset: pubmed
device: cuda
dropout: 0.5
early_stopping: 0
epochs: 100
epochs_mlp: 1000
frac_target_nodes: 0.2
hidden_dim:
- 128
hidden_dim_mlp:
- 128
hyperparam_search: false
inductive_inference: true
inductive_split: true
lr: 0.01
max_num_nodes: null
model: GraphSAGE
name: pubmed-GraphSAGE
num_audits: 1
num_processes: 1
num_shadow_models: 128
offline: false
optimizer: Adam
pretrain_shadow_models: true
savedir: final_results
seed: 2
target_fpr:
- 0.01
- 0.001
train_frac: 0.5
val_frac: 0.0
weight_decay: 0.0001

Dataset properties
#Nodes: 19717
#Edges: 88648
#Features: 500
#Classes: 3
#Class distribution: [0.2081, 0.3925, 0.3994]
Average degree: 4.4960
Fraction isolated nodes: 0.0

Training 128 shadow models:   0%|          | 0/128 [00:00<?, ?it/s]Training 128 shadow models:   1%|          | 1/128 [00:02<05:21,  2.54s/it]Training 128 shadow models:   2%|▏         | 2/128 [00:03<02:46,  1.32s/it]Training 128 shadow models:   2%|▏         | 3/128 [00:03<01:56,  1.08it/s]Training 128 shadow models:   3%|▎         | 4/128 [00:03<01:32,  1.34it/s]Training 128 shadow models:   4%|▍         | 5/128 [00:04<01:19,  1.55it/s]Training 128 shadow models:   5%|▍         | 6/128 [00:04<01:11,  1.72it/s]Training 128 shadow models:   5%|▌         | 7/128 [00:05<01:05,  1.84it/s]Training 128 shadow models:   6%|▋         | 8/128 [00:06<01:11,  1.69it/s]Training 128 shadow models:   7%|▋         | 9/128 [00:06<01:05,  1.81it/s]Training 128 shadow models:   8%|▊         | 10/128 [00:06<01:01,  1.90it/s]Training 128 shadow models:   9%|▊         | 11/128 [00:07<00:59,  1.97it/s]Training 128 shadow models:   9%|▉         | 12/128 [00:07<00:57,  2.03it/s]Training 128 shadow models:  10%|█         | 13/128 [00:08<00:55,  2.06it/s]Training 128 shadow models:  11%|█         | 14/128 [00:08<00:54,  2.09it/s]Training 128 shadow models:  12%|█▏        | 15/128 [00:09<00:53,  2.11it/s]Training 128 shadow models:  12%|█▎        | 16/128 [00:09<00:52,  2.12it/s]Training 128 shadow models:  13%|█▎        | 17/128 [00:10<00:51,  2.14it/s]Training 128 shadow models:  14%|█▍        | 18/128 [00:10<00:51,  2.15it/s]Training 128 shadow models:  15%|█▍        | 19/128 [00:11<00:50,  2.15it/s]Training 128 shadow models:  16%|█▌        | 20/128 [00:11<00:50,  2.15it/s]Training 128 shadow models:  16%|█▋        | 21/128 [00:12<00:49,  2.15it/s]Training 128 shadow models:  17%|█▋        | 22/128 [00:12<00:49,  2.16it/s]Training 128 shadow models:  18%|█▊        | 23/128 [00:12<00:48,  2.16it/s]Training 128 shadow models:  19%|█▉        | 24/128 [00:13<00:48,  2.16it/s]Training 128 shadow models:  20%|█▉        | 25/128 [00:13<00:47,  2.16it/s]Training 128 shadow models:  20%|██        | 26/128 [00:14<00:47,  2.16it/s]Training 128 shadow models:  21%|██        | 27/128 [00:14<00:46,  2.16it/s]Training 128 shadow models:  22%|██▏       | 28/128 [00:15<00:46,  2.16it/s]Training 128 shadow models:  23%|██▎       | 29/128 [00:15<00:45,  2.16it/s]Training 128 shadow models:  23%|██▎       | 30/128 [00:16<00:45,  2.16it/s]Training 128 shadow models:  24%|██▍       | 31/128 [00:16<00:44,  2.16it/s]Training 128 shadow models:  25%|██▌       | 32/128 [00:17<00:47,  2.01it/s]Training 128 shadow models:  26%|██▌       | 33/128 [00:17<00:46,  2.05it/s]Training 128 shadow models:  27%|██▋       | 34/128 [00:18<00:45,  2.08it/s]Training 128 shadow models:  27%|██▋       | 35/128 [00:18<00:44,  2.10it/s]Training 128 shadow models:  28%|██▊       | 36/128 [00:19<00:43,  2.12it/s]Training 128 shadow models:  29%|██▉       | 37/128 [00:19<00:42,  2.13it/s]Training 128 shadow models:  30%|██▉       | 38/128 [00:20<00:42,  2.13it/s]Training 128 shadow models:  30%|███       | 39/128 [00:20<00:41,  2.14it/s]Training 128 shadow models:  31%|███▏      | 40/128 [00:20<00:40,  2.15it/s]Training 128 shadow models:  32%|███▏      | 41/128 [00:21<00:40,  2.15it/s]Training 128 shadow models:  33%|███▎      | 42/128 [00:21<00:39,  2.15it/s]Training 128 shadow models:  34%|███▎      | 43/128 [00:22<00:39,  2.15it/s]Training 128 shadow models:  34%|███▍      | 44/128 [00:22<00:39,  2.15it/s]Training 128 shadow models:  35%|███▌      | 45/128 [00:23<00:38,  2.15it/s]Training 128 shadow models:  36%|███▌      | 46/128 [00:23<00:38,  2.15it/s]Training 128 shadow models:  37%|███▋      | 47/128 [00:24<00:37,  2.15it/s]Training 128 shadow models:  38%|███▊      | 48/128 [00:24<00:37,  2.15it/s]Training 128 shadow models:  38%|███▊      | 49/128 [00:25<00:36,  2.15it/s]Training 128 shadow models:  39%|███▉      | 50/128 [00:25<00:36,  2.15it/s]Training 128 shadow models:  40%|███▉      | 51/128 [00:26<00:35,  2.15it/s]Training 128 shadow models:  41%|████      | 52/128 [00:26<00:35,  2.15it/s]Training 128 shadow models:  41%|████▏     | 53/128 [00:27<00:34,  2.15it/s]Training 128 shadow models:  42%|████▏     | 54/128 [00:27<00:34,  2.15it/s]Training 128 shadow models:  43%|████▎     | 55/128 [00:27<00:33,  2.15it/s]Training 128 shadow models:  44%|████▍     | 56/128 [00:28<00:33,  2.16it/s]Training 128 shadow models:  45%|████▍     | 57/128 [00:28<00:32,  2.16it/s]Training 128 shadow models:  45%|████▌     | 58/128 [00:29<00:32,  2.16it/s]Training 128 shadow models:  46%|████▌     | 59/128 [00:29<00:32,  2.15it/s]Training 128 shadow models:  47%|████▋     | 60/128 [00:30<00:31,  2.15it/s]Training 128 shadow models:  48%|████▊     | 61/128 [00:30<00:31,  2.15it/s]Training 128 shadow models:  48%|████▊     | 62/128 [00:31<00:30,  2.15it/s]Training 128 shadow models:  49%|████▉     | 63/128 [00:31<00:30,  2.15it/s]Training 128 shadow models:  50%|█████     | 64/128 [00:32<00:29,  2.15it/s]Training 128 shadow models:  51%|█████     | 65/128 [00:32<00:29,  2.15it/s]Training 128 shadow models:  52%|█████▏    | 66/128 [00:33<00:28,  2.15it/s]Training 128 shadow models:  52%|█████▏    | 67/128 [00:33<00:28,  2.16it/s]Training 128 shadow models:  53%|█████▎    | 68/128 [00:33<00:27,  2.15it/s]Training 128 shadow models:  54%|█████▍    | 69/128 [00:34<00:27,  2.15it/s]Training 128 shadow models:  55%|█████▍    | 70/128 [00:34<00:26,  2.15it/s]Training 128 shadow models:  55%|█████▌    | 71/128 [00:35<00:26,  2.16it/s]Training 128 shadow models:  56%|█████▋    | 72/128 [00:36<00:33,  1.69it/s]Training 128 shadow models:  57%|█████▋    | 73/128 [00:36<00:30,  1.81it/s]Training 128 shadow models:  58%|█████▊    | 74/128 [00:37<00:28,  1.90it/s]Training 128 shadow models:  59%|█████▊    | 75/128 [00:37<00:26,  1.97it/s]Training 128 shadow models:  59%|█████▉    | 76/128 [00:38<00:25,  2.02it/s]Training 128 shadow models:  60%|██████    | 77/128 [00:38<00:24,  2.06it/s]Training 128 shadow models:  61%|██████    | 78/128 [00:39<00:23,  2.08it/s]Training 128 shadow models:  62%|██████▏   | 79/128 [00:39<00:23,  2.10it/s]Training 128 shadow models:  62%|██████▎   | 80/128 [00:39<00:22,  2.12it/s]Training 128 shadow models:  63%|██████▎   | 81/128 [00:40<00:22,  2.13it/s]Training 128 shadow models:  64%|██████▍   | 82/128 [00:40<00:21,  2.14it/s]Training 128 shadow models:  65%|██████▍   | 83/128 [00:41<00:21,  2.14it/s]Training 128 shadow models:  66%|██████▌   | 84/128 [00:41<00:20,  2.14it/s]Training 128 shadow models:  66%|██████▋   | 85/128 [00:42<00:20,  2.15it/s]Training 128 shadow models:  67%|██████▋   | 86/128 [00:42<00:19,  2.15it/s]Training 128 shadow models:  68%|██████▊   | 87/128 [00:43<00:20,  2.01it/s]Training 128 shadow models:  69%|██████▉   | 88/128 [00:43<00:19,  2.05it/s]Training 128 shadow models:  70%|██████▉   | 89/128 [00:44<00:18,  2.08it/s]Training 128 shadow models:  70%|███████   | 90/128 [00:44<00:18,  2.10it/s]Training 128 shadow models:  71%|███████   | 91/128 [00:45<00:17,  2.12it/s]Training 128 shadow models:  72%|███████▏  | 92/128 [00:45<00:16,  2.13it/s]Training 128 shadow models:  73%|███████▎  | 93/128 [00:46<00:16,  2.14it/s]Training 128 shadow models:  73%|███████▎  | 94/128 [00:46<00:15,  2.15it/s]Training 128 shadow models:  74%|███████▍  | 95/128 [00:47<00:15,  2.15it/s]Training 128 shadow models:  75%|███████▌  | 96/128 [00:47<00:14,  2.15it/s]Training 128 shadow models:  76%|███████▌  | 97/128 [00:47<00:14,  2.15it/s]Training 128 shadow models:  77%|███████▋  | 98/128 [00:48<00:13,  2.15it/s]Training 128 shadow models:  77%|███████▋  | 99/128 [00:48<00:13,  2.09it/s]Training 128 shadow models:  78%|███████▊  | 100/128 [00:49<00:13,  2.11it/s]Training 128 shadow models:  79%|███████▉  | 101/128 [00:49<00:12,  2.13it/s]Training 128 shadow models:  80%|███████▉  | 102/128 [00:50<00:12,  2.13it/s]Training 128 shadow models:  80%|████████  | 103/128 [00:50<00:11,  2.14it/s]Training 128 shadow models:  81%|████████▏ | 104/128 [00:51<00:11,  2.15it/s]Training 128 shadow models:  82%|████████▏ | 105/128 [00:51<00:10,  2.15it/s]Training 128 shadow models:  83%|████████▎ | 106/128 [00:52<00:10,  2.15it/s]Training 128 shadow models:  84%|████████▎ | 107/128 [00:52<00:09,  2.15it/s]Training 128 shadow models:  84%|████████▍ | 108/128 [00:53<00:09,  2.15it/s]Training 128 shadow models:  85%|████████▌ | 109/128 [00:53<00:08,  2.15it/s]Training 128 shadow models:  86%|████████▌ | 110/128 [00:54<00:08,  2.15it/s]Training 128 shadow models:  87%|████████▋ | 111/128 [00:54<00:08,  1.96it/s]Training 128 shadow models:  88%|████████▊ | 112/128 [00:55<00:07,  2.02it/s]Training 128 shadow models:  88%|████████▊ | 113/128 [00:55<00:07,  2.06it/s]Training 128 shadow models:  89%|████████▉ | 114/128 [00:56<00:06,  2.09it/s]Training 128 shadow models:  90%|████████▉ | 115/128 [00:56<00:06,  2.11it/s]Training 128 shadow models:  91%|█████████ | 116/128 [00:56<00:05,  2.12it/s]Training 128 shadow models:  91%|█████████▏| 117/128 [00:57<00:05,  2.13it/s]Training 128 shadow models:  92%|█████████▏| 118/128 [00:57<00:04,  2.13it/s]Training 128 shadow models:  93%|█████████▎| 119/128 [00:58<00:04,  2.14it/s]Training 128 shadow models:  94%|█████████▍| 120/128 [00:58<00:03,  2.15it/s]Training 128 shadow models:  95%|█████████▍| 121/128 [00:59<00:03,  2.15it/s]Training 128 shadow models:  95%|█████████▌| 122/128 [00:59<00:02,  2.15it/s]Training 128 shadow models:  96%|█████████▌| 123/128 [01:00<00:02,  2.15it/s]Training 128 shadow models:  97%|█████████▋| 124/128 [01:00<00:01,  2.15it/s]Training 128 shadow models:  98%|█████████▊| 125/128 [01:01<00:01,  2.15it/s]Training 128 shadow models:  98%|█████████▊| 126/128 [01:01<00:00,  2.15it/s]Training 128 shadow models:  99%|█████████▉| 127/128 [01:02<00:00,  2.15it/s]Training 128 shadow models: 100%|██████████| 128/128 [01:02<00:00,  2.15it/s]Training 128 shadow models: 100%|██████████| 128/128 [01:02<00:00,  2.05it/s]
[I 2025-05-13 01:45:22,832] A new study created in memory with name: no-name-df8ec49c-cfd1-4ee7-aeee-c279587225ae
Tuning interpolation parameter for offline RMIA using optuna
  0%|          | 0/100 [00:00<?, ?it/s]                                         0%|          | 0/100 [00:03<?, ?it/s]Best trial: 0. Best value: 0.563729:   0%|          | 0/100 [00:03<?, ?it/s]Best trial: 0. Best value: 0.563729:   1%|          | 1/100 [00:03<05:43,  3.47s/it]                                                                                    Best trial: 0. Best value: 0.563729:   1%|          | 1/100 [00:06<05:43,  3.47s/it]Best trial: 0. Best value: 0.563729:   1%|          | 1/100 [00:06<05:43,  3.47s/it]Best trial: 0. Best value: 0.563729:   2%|▏         | 2/100 [00:06<05:38,  3.45s/it]                                                                                    Best trial: 0. Best value: 0.563729:   2%|▏         | 2/100 [00:10<05:38,  3.45s/it]Best trial: 0. Best value: 0.563729:   2%|▏         | 2/100 [00:10<05:38,  3.45s/it]Best trial: 0. Best value: 0.563729:   3%|▎         | 3/100 [00:10<05:33,  3.44s/it]                                                                                    Best trial: 0. Best value: 0.563729:   3%|▎         | 3/100 [00:13<05:33,  3.44s/it]Best trial: 0. Best value: 0.563729:   3%|▎         | 3/100 [00:13<05:33,  3.44s/it]Best trial: 0. Best value: 0.563729:   4%|▍         | 4/100 [00:13<05:29,  3.43s/it]                                                                                    Best trial: 0. Best value: 0.563729:   4%|▍         | 4/100 [00:17<05:29,  3.43s/it]Best trial: 0. Best value: 0.563729:   4%|▍         | 4/100 [00:17<05:29,  3.43s/it]Best trial: 0. Best value: 0.563729:   5%|▌         | 5/100 [00:17<05:30,  3.48s/it]                                                                                    Best trial: 0. Best value: 0.563729:   5%|▌         | 5/100 [00:20<05:30,  3.48s/it]Best trial: 0. Best value: 0.563729:   5%|▌         | 5/100 [00:20<05:30,  3.48s/it]Best trial: 0. Best value: 0.563729:   6%|▌         | 6/100 [00:20<05:25,  3.46s/it]                                                                                    Best trial: 0. Best value: 0.563729:   6%|▌         | 6/100 [00:24<05:25,  3.46s/it]Best trial: 0. Best value: 0.563729:   6%|▌         | 6/100 [00:24<05:25,  3.46s/it]Best trial: 0. Best value: 0.563729:   7%|▋         | 7/100 [00:24<05:21,  3.45s/it]                                                                                    Best trial: 0. Best value: 0.563729:   7%|▋         | 7/100 [00:27<05:21,  3.45s/it]Best trial: 0. Best value: 0.563729:   7%|▋         | 7/100 [00:27<05:21,  3.45s/it]Best trial: 0. Best value: 0.563729:   8%|▊         | 8/100 [00:27<05:17,  3.45s/it]                                                                                    Best trial: 0. Best value: 0.563729:   8%|▊         | 8/100 [00:31<05:17,  3.45s/it]Best trial: 0. Best value: 0.563729:   8%|▊         | 8/100 [00:31<05:17,  3.45s/it]Best trial: 0. Best value: 0.563729:   9%|▉         | 9/100 [00:31<05:13,  3.44s/it]                                                                                    Best trial: 0. Best value: 0.563729:   9%|▉         | 9/100 [00:34<05:13,  3.44s/it]Best trial: 0. Best value: 0.563729:   9%|▉         | 9/100 [00:34<05:13,  3.44s/it]Best trial: 0. Best value: 0.563729:  10%|█         | 10/100 [00:34<05:09,  3.43s/it]                                                                                     Best trial: 0. Best value: 0.563729:  10%|█         | 10/100 [00:37<05:09,  3.43s/it]Best trial: 10. Best value: 0.565526:  10%|█         | 10/100 [00:37<05:09,  3.43s/it]Best trial: 10. Best value: 0.565526:  11%|█         | 11/100 [00:37<05:05,  3.43s/it]                                                                                      Best trial: 10. Best value: 0.565526:  11%|█         | 11/100 [00:41<05:05,  3.43s/it]Best trial: 11. Best value: 0.565892:  11%|█         | 11/100 [00:41<05:05,  3.43s/it]Best trial: 11. Best value: 0.565892:  12%|█▏        | 12/100 [00:41<05:01,  3.43s/it]                                                                                      Best trial: 11. Best value: 0.565892:  12%|█▏        | 12/100 [00:44<05:01,  3.43s/it]Best trial: 11. Best value: 0.565892:  12%|█▏        | 12/100 [00:44<05:01,  3.43s/it]Best trial: 11. Best value: 0.565892:  13%|█▎        | 13/100 [00:44<04:58,  3.43s/it]                                                                                      Best trial: 11. Best value: 0.565892:  13%|█▎        | 13/100 [00:48<04:58,  3.43s/it]Best trial: 13. Best value: 0.566168:  13%|█▎        | 13/100 [00:48<04:58,  3.43s/it]Best trial: 13. Best value: 0.566168:  14%|█▍        | 14/100 [00:48<04:54,  3.43s/it]                                                                                      Best trial: 13. Best value: 0.566168:  14%|█▍        | 14/100 [00:51<04:54,  3.43s/it]Best trial: 13. Best value: 0.566168:  14%|█▍        | 14/100 [00:51<04:54,  3.43s/it]Best trial: 13. Best value: 0.566168:  15%|█▌        | 15/100 [00:51<04:51,  3.43s/it]                                                                                      Best trial: 13. Best value: 0.566168:  15%|█▌        | 15/100 [00:54<04:51,  3.43s/it]Best trial: 13. Best value: 0.566168:  15%|█▌        | 15/100 [00:55<04:51,  3.43s/it]Best trial: 13. Best value: 0.566168:  16%|█▌        | 16/100 [00:55<04:47,  3.42s/it]                                                                                      Best trial: 13. Best value: 0.566168:  16%|█▌        | 16/100 [00:58<04:47,  3.42s/it]Best trial: 13. Best value: 0.566168:  16%|█▌        | 16/100 [00:58<04:47,  3.42s/it]Best trial: 13. Best value: 0.566168:  17%|█▋        | 17/100 [00:58<04:44,  3.42s/it]                                                                                      Best trial: 13. Best value: 0.566168:  17%|█▋        | 17/100 [01:01<04:44,  3.42s/it]Best trial: 13. Best value: 0.566168:  17%|█▋        | 17/100 [01:01<04:44,  3.42s/it]Best trial: 13. Best value: 0.566168:  18%|█▊        | 18/100 [01:01<04:40,  3.42s/it]                                                                                      Best trial: 13. Best value: 0.566168:  18%|█▊        | 18/100 [01:05<04:40,  3.42s/it]Best trial: 13. Best value: 0.566168:  18%|█▊        | 18/100 [01:05<04:40,  3.42s/it]Best trial: 13. Best value: 0.566168:  19%|█▉        | 19/100 [01:05<04:40,  3.47s/it]                                                                                      Best trial: 13. Best value: 0.566168:  19%|█▉        | 19/100 [01:08<04:40,  3.47s/it]Best trial: 13. Best value: 0.566168:  19%|█▉        | 19/100 [01:08<04:40,  3.47s/it]Best trial: 13. Best value: 0.566168:  20%|██        | 20/100 [01:08<04:36,  3.45s/it]                                                                                      Best trial: 13. Best value: 0.566168:  20%|██        | 20/100 [01:12<04:36,  3.45s/it]Best trial: 13. Best value: 0.566168:  20%|██        | 20/100 [01:12<04:36,  3.45s/it]Best trial: 13. Best value: 0.566168:  21%|██        | 21/100 [01:12<04:32,  3.45s/it]                                                                                      Best trial: 13. Best value: 0.566168:  21%|██        | 21/100 [01:15<04:32,  3.45s/it]Best trial: 13. Best value: 0.566168:  21%|██        | 21/100 [01:15<04:32,  3.45s/it]Best trial: 13. Best value: 0.566168:  22%|██▏       | 22/100 [01:15<04:28,  3.44s/it]                                                                                      Best trial: 13. Best value: 0.566168:  22%|██▏       | 22/100 [01:19<04:28,  3.44s/it]Best trial: 13. Best value: 0.566168:  22%|██▏       | 22/100 [01:19<04:28,  3.44s/it]Best trial: 13. Best value: 0.566168:  23%|██▎       | 23/100 [01:19<04:24,  3.44s/it]                                                                                      Best trial: 13. Best value: 0.566168:  23%|██▎       | 23/100 [01:22<04:24,  3.44s/it]Best trial: 13. Best value: 0.566168:  23%|██▎       | 23/100 [01:22<04:24,  3.44s/it]Best trial: 13. Best value: 0.566168:  24%|██▍       | 24/100 [01:22<04:20,  3.43s/it]                                                                                      Best trial: 13. Best value: 0.566168:  24%|██▍       | 24/100 [01:25<04:20,  3.43s/it]Best trial: 13. Best value: 0.566168:  24%|██▍       | 24/100 [01:25<04:20,  3.43s/it]Best trial: 13. Best value: 0.566168:  25%|██▌       | 25/100 [01:25<04:17,  3.43s/it]                                                                                      Best trial: 13. Best value: 0.566168:  25%|██▌       | 25/100 [01:29<04:17,  3.43s/it]Best trial: 13. Best value: 0.566168:  25%|██▌       | 25/100 [01:29<04:17,  3.43s/it]Best trial: 13. Best value: 0.566168:  26%|██▌       | 26/100 [01:29<04:13,  3.43s/it]                                                                                      Best trial: 13. Best value: 0.566168:  26%|██▌       | 26/100 [01:32<04:13,  3.43s/it]Best trial: 13. Best value: 0.566168:  26%|██▌       | 26/100 [01:32<04:13,  3.43s/it]Best trial: 13. Best value: 0.566168:  27%|██▋       | 27/100 [01:32<04:10,  3.43s/it]                                                                                      Best 