[I 2025-05-13 01:51:29,960] Trial 0 finished with value: 0.520549702108309 and parameters: {'threshold_scale_factor': 0.03568199345308032}. Best is trial 0 with value: 0.520549702108309.
[I 2025-05-13 01:51:32,824] Trial 1 finished with value: 0.5699155310408305 and parameters: {'threshold_scale_factor': 0.74861294861293}. Best is trial 1 with value: 0.5699155310408305.
[I 2025-05-13 01:51:35,675] Trial 2 finished with value: 0.5610397742270292 and parameters: {'threshold_scale_factor': 0.5970242199445268}. Best is trial 1 with value: 0.5699155310408305.
[I 2025-05-13 01:51:38,522] Trial 3 finished with value: 0.5309017421562061 and parameters: {'threshold_scale_factor': 0.24103334020191147}. Best is trial 1 with value: 0.5699155310408305.
[I 2025-05-13 01:51:41,381] Trial 4 finished with value: 0.5343194541102172 and parameters: {'threshold_scale_factor': 0.28924401773448516}. Best is trial 1 with value: 0.5699155310408305.
[I 2025-05-13 01:51:44,246] Trial 5 finished with value: 0.5668392481689117 and parameters: {'threshold_scale_factor': 0.677007687965783}. Best is trial 1 with value: 0.5699155310408305.
[I 2025-05-13 01:51:47,100] Trial 6 finished with value: 0.5521224390709573 and parameters: {'threshold_scale_factor': 0.48547089784707953}. Best is trial 1 with value: 0.5699155310408305.
[I 2025-05-13 01:51:49,957] Trial 7 finished with value: 0.5281466085067869 and parameters: {'threshold_scale_factor': 0.1996093162973639}. Best is trial 1 with value: 0.5699155310408305.
[I 2025-05-13 01:51:52,945] Trial 8 finished with value: 0.5332930318711112 and parameters: {'threshold_scale_factor': 0.27613417529847806}. Best is trial 1 with value: 0.5699155310408305.
[I 2025-05-13 01:51:55,790] Trial 9 finished with value: 0.5440669156346111 and parameters: {'threshold_scale_factor': 0.39435505307897223}. Best is trial 1 with value: 0.5699155310408305.
[I 2025-05-13 01:51:58,654] Trial 10 finished with value: 0.5685712623874084 and parameters: {'threshold_scale_factor': 0.9782495472088171}. Best is trial 1 with value: 0.5699155310408305.
[I 2025-05-13 01:52:01,528] Trial 11 finished with value: 0.5682119405220425 and parameters: {'threshold_scale_factor': 0.9974458253516894}. Best is trial 1 with value: 0.5699155310408305.
[I 2025-05-13 01:52:04,388] Trial 12 finished with value: 0.5693536935303914 and parameters: {'threshold_scale_factor': 0.9348610662902914}. Best is trial 1 with value: 0.5699155310408305.
[I 2025-05-13 01:52:07,254] Trial 13 finished with value: 0.5714173055748459 and parameters: {'threshold_scale_factor': 0.8482406263561484}. Best is trial 13 with value: 0.5714173055748459.
[I 2025-05-13 01:52:10,113] Trial 14 finished with value: 0.5715275586623492 and parameters: {'threshold_scale_factor': 0.7901155752986713}. Best is trial 14 with value: 0.5715275586623492.
[I 2025-05-13 01:52:12,974] Trial 15 finished with value: 0.5719946796596054 and parameters: {'threshold_scale_factor': 0.8193347631270216}. Best is trial 15 with value: 0.5719946796596054.
[I 2025-05-13 01:52:15,842] Trial 16 finished with value: 0.571605262112195 and parameters: {'threshold_scale_factor': 0.7924069601273578}. Best is trial 15 with value: 0.5719946796596054.
[I 2025-05-13 01:52:18,680] Trial 17 finished with value: 0.5606383647078504 and parameters: {'threshold_scale_factor': 0.5909835266341571}. Best is trial 15 with value: 0.5719946796596054.
[I 2025-05-13 01:52:21,535] Trial 18 finished with value: 0.5709438104664695 and parameters: {'threshold_scale_factor': 0.8679756717631335}. Best is trial 15 with value: 0.5719946796596054.
[I 2025-05-13 01:52:24,382] Trial 19 finished with value: 0.5645838983347488 and parameters: {'threshold_scale_factor': 0.6420259492338676}. Best is trial 15 with value: 0.5719946796596054.
[I 2025-05-13 01:52:27,828] Trial 20 finished with value: 0.569878906910835 and parameters: {'threshold_scale_factor': 0.7475771500581311}. Best is trial 15 with value: 0.5719946796596054.
[I 2025-05-13 01:52:30,678] Trial 21 finished with value: 0.5715433164527939 and parameters: {'threshold_scale_factor': 0.790795844335218}. Best is trial 15 with value: 0.5719946796596054.
[I 2025-05-13 01:52:33,537] Trial 22 finished with value: 0.5709401989846242 and parameters: {'threshold_scale_factor': 0.8735930823440544}. Best is trial 15 with value: 0.5719946796596054.
[I 2025-05-13 01:52:36,394] Trial 23 finished with value: 0.5677135045817769 and parameters: {'threshold_scale_factor': 0.703657558428613}. Best is trial 15 with value: 0.5719946796596054.
[I 2025-05-13 01:52:39,248] Trial 24 finished with value: 0.5539354646920442 and parameters: {'threshold_scale_factor': 0.509459805756987}. Best is trial 15 with value: 0.5719946796596054.
[I 2025-05-13 01:52:42,243] Trial 25 finished with value: 0.57192589173403 and parameters: {'threshold_scale_factor': 0.8065900705774285}. Best is trial 15 with value: 0.5719946796596054.
[I 2025-05-13 01:52:45,100] Trial 26 finished with value: 0.569999037555522 and parameters: {'threshold_scale_factor': 0.8976968496639383}. Best is trial 15 with value: 0.5719946796596054.
[I 2025-05-13 01:52:47,954] Trial 27 finished with value: 0.5720271984298965 and parameters: {'threshold_scale_factor': 0.817044579926949}. Best is trial 27 with value: 0.5720271984298965.
[I 2025-05-13 01:52:50,918] Trial 28 finished with value: 0.5519894676019315 and parameters: {'threshold_scale_factor': 0.4832127363333572}. Best is trial 27 with value: 0.5720271984298965.
[I 2025-05-13 01:52:53,774] Trial 29 finished with value: 0.5626754050945683 and parameters: {'threshold_scale_factor': 0.6180458858202519}. Best is trial 27 with value: 0.5720271984298965.
[I 2025-05-13 01:52:56,632] Trial 30 finished with value: 0.5219298437858158 and parameters: {'threshold_scale_factor': 0.07669073301943474}. Best is trial 27 with value: 0.5720271984298965.
[I 2025-05-13 01:52:59,494] Trial 31 finished with value: 0.5718234223673702 and parameters: {'threshold_scale_factor': 0.8264063426884163}. Best is trial 27 with value: 0.5720271984298965.
[I 2025-05-13 01:53:02,358] Trial 32 finished with value: 0.5719168373066116 and parameters: {'threshold_scale_factor': 0.8242719471913672}. Best is trial 27 with value: 0.5720271984298965.
[I 2025-05-13 01:53:05,217] Trial 33 finished with value: 0.5684222758998861 and parameters: {'threshold_scale_factor': 0.7223006070546507}. Best is trial 27 with value: 0.5720271984298965.
[I 2025-05-13 01:53:08,353] Trial 34 finished with value: 0.5693086631876676 and parameters: {'threshold_scale_factor': 0.9268517922734274}. Best is trial 27 with value: 0.5720271984298965.
[I 2025-05-13 01:53:11,225] Trial 35 finished with value: 0.5698164776626966 and parameters: {'threshold_scale_factor': 0.7448506020508633}. Best is trial 27 with value: 0.5720271984298965.
[I 2025-05-13 01:53:14,080] Trial 36 finished with value: 0.5593418221471336 and parameters: {'threshold_scale_factor': 0.5720091647681039}. Best is trial 27 with value: 0.5720271984298965.
[I 2025-05-13 01:53:16,935] Trial 37 finished with value: 0.5661164579219872 and parameters: {'threshold_scale_factor': 0.6639239978944467}. Best is trial 27 with value: 0.5720271984298965.
[I 2025-05-13 01:53:19,798] Trial 38 finished with value: 0.5692073925037284 and parameters: {'threshold_scale_factor': 0.9429773684050555}. Best is trial 27 with value: 0.5720271984298965.
[I 2025-05-13 01:53:22,651] Trial 39 finished with value: 0.5720055552616297 and parameters: {'threshold_scale_factor': 0.8187735252071527}. Best is trial 27 with value: 0.5720271984298965.
[I 2025-05-13 01:53:25,504] Trial 40 finished with value: 0.5401404374617798 and parameters: {'threshold_scale_factor': 0.3516875314014149}. Best is trial 27 with value: 0.5720271984298965.
[I 2025-05-13 01:53:28,503] Trial 41 finished with value: 0.571964892651223 and parameters: {'threshold_scale_factor': 0.8088576360036291}. Best is trial 27 with value: 0.5720271984298965.
[I 2025-05-13 01:53:31,360] Trial 42 finished with value: 0.5712212823657967 and parameters: {'threshold_scale_factor': 0.783912624370121}. Best is trial 27 with value: 0.5720271984298965.
[I 2025-05-13 01:53:34,215] Trial 43 finished with value: 0.5675567806744606 and parameters: {'threshold_scale_factor': 0.6977064800328162}. Best is trial 27 with value: 0.5720271984298965.
[I 2025-05-13 01:53:37,079] Trial 44 finished with value: 0.5703717095567691 and parameters: {'threshold_scale_factor': 0.8891312972766384}. Best is trial 27 with value: 0.5720271984298965.
[I 2025-05-13 01:53:39,932] Trial 45 finished with value: 0.5691085654862801 and parameters: {'threshold_scale_factor': 0.9530316131000097}. Best is trial 27 with value: 0.5720271984298965.
[I 2025-05-13 01:53:42,836] Trial 46 finished with value: 0.5706447931455351 and parameters: {'threshold_scale_factor': 0.7665476876204262}. Best is trial 27 with value: 0.5720271984298965.
[I 2025-05-13 01:53:45,699] Trial 47 finished with value: 0.5715413923869674 and parameters: {'threshold_scale_factor': 0.8395540866193689}. Best is trial 27 with value: 0.5720271984298965.
[I 2025-05-13 01:53:48,570] Trial 48 finished with value: 0.5696355280174749 and parameters: {'threshold_scale_factor': 0.9098888805765235}. Best is trial 27 with value: 0.5720271984298965.
[I 2025-05-13 01:53:51,432] Trial 49 finished with value: 0.5679953545025435 and parameters: {'threshold_scale_factor': 0.7162200842331718}. Best is trial 27 with value: 0.5720271984298965.
[I 2025-05-13 01:53:54,293] Trial 50 finished with value: 0.5586880256082255 and parameters: {'threshold_scale_factor': 0.5633955148057783}. Best is trial 27 with value: 0.5720271984298965.
[I 2025-05-13 01:53:57,140] Trial 51 finished with value: 0.571980696742717 and parameters: {'threshold_scale_factor': 0.8212019307118754}. Best is trial 27 with value: 0.5720271984298965.
[I 2025-05-13 01:53:59,997] Trial 52 finished with value: 0.5718464134106277 and parameters: {'threshold_scale_factor': 0.8258227611104948}. Best is trial 27 with value: 0.5720271984298965.
[I 2025-05-13 01:54:02,853] Trial 53 finished with value: 0.5685436566729041 and parameters: {'threshold_scale_factor': 0.9847581388372154}. Best is trial 27 with value: 0.5720271984298965.
[I 2025-05-13 01:54:05,700] Trial 54 finished with value: 0.5709240193401747 and parameters: {'threshold_scale_factor': 0.8662667223426458}. Best is trial 27 with value: 0.5720271984298965.
[I 2025-05-13 01:54:08,552] Trial 55 finished with value: 0.5660437344072213 and parameters: {'threshold_scale_factor': 0.6628024890918762}. Best is trial 27 with value: 0.5720271984298965.
[I 2025-05-13 01:54:11,393] Trial 56 finished with value: 0.5700470620327671 and parameters: {'threshold_scale_factor': 0.7513617010227557}. Best is trial 27 with value: 0.5720271984298965.
[I 2025-05-13 01:54:14,258] Trial 57 finished with value: 0.5719244306786966 and parameters: {'threshold_scale_factor': 0.805746723991358}. Best is trial 27 with value: 0.5720271984298965.
[I 2025-05-13 01:54:17,252] Trial 58 finished with value: 0.571078109232242 and parameters: {'threshold_scale_factor': 0.8611094394370461}. Best is trial 27 with value: 0.5720271984298965.
[I 2025-05-13 01:54:20,102] Trial 59 finished with value: 0.568996465501366 and parameters: {'threshold_scale_factor': 0.9620505011160305}. Best is trial 27 with value: 0.5720271984298965.
[I 2025-05-13 01:54:22,953] Trial 60 finished with value: 0.5268086728079967 and parameters: {'threshold_scale_factor': 0.17662203822198264}. Best is trial 27 with value: 0.5720271984298965.
[I 2025-05-13 01:54:25,813] Trial 61 finished with value: 0.5719243174983538 and parameters: {'threshold_scale_factor': 0.8058713168032999}. Best is trial 27 with value: 0.5720271984298965.
[I 2025-05-13 01:54:28,672] Trial 62 finished with value: 0.5718066459538408 and parameters: {'threshold_scale_factor': 0.8005366107287566}. Best is trial 27 with value: 0.5720271984298965.
[I 2025-05-13 01:54:31,528] Trial 63 finished with value: 0.5707510128971882 and parameters: {'threshold_scale_factor': 0.770689639773685}. Best is trial 27 with value: 0.5720271984298965.
[I 2025-05-13 01:54:34,376] Trial 64 finished with value: 0.5690882084582716 and parameters: {'threshold_scale_factor': 0.7305741892201237}. Best is trial 27 with value: 0.5720271984298965.
[I 2025-05-13 01:54:37,225] Trial 65 finished with value: 0.5714382799501785 and parameters: {'threshold_scale_factor': 0.8471290207785579}. Best is trial 27 with value: 0.5720271984298965.
[I 2025-05-13 01:54:40,075] Trial 66 finished with value: 0.5697517436512156 and parameters: {'threshold_scale_factor': 0.9044687409605346}. Best is trial 27 with value: 0.5720271984298965.
[I 2025-05-13 01:54:42,917] Trial 67 finished with value: 0.5637670192110873 and parameters: {'threshold_scale_factor': 0.6296795938597111}. Best is trial 27 with value: 0.5720271984298965.
[I 2025-05-13 01:54:45,763] Trial 68 finished with value: 0.5674377406767127 and parameters: {'threshold_scale_factor': 0.6890469770291587}. Best is trial 27 with value: 0.5720271984298965.
[I 2025-05-13 01:54:48,622] Trial 69 finished with value: 0.5720145273760715 and parameters: {'threshold_scale_factor': 0.8179400126404693}. Best is trial 27 with value: 0.5720271984298965.
[I 2025-05-13 01:54:51,477] Trial 70 finished with value: 0.5708024379292763 and parameters: {'threshold_scale_factor': 0.8797705897373936}. Best is trial 27 with value: 0.5720271984298965.
[I 2025-05-13 01:54:54,319] Trial 71 finished with value: 0.5719659061297465 and parameters: {'threshold_scale_factor': 0.8088796161072709}. Best is trial 27 with value: 0.5720271984298965.
[I 2025-05-13 01:54:57,183] Trial 72 finished with value: 0.5706435635954481 and parameters: {'threshold_scale_factor': 0.7665171563080732}. Best is trial 27 with value: 0.5720271984298965.
[I 2025-05-13 01:55:00,036] Trial 73 finished with value: 0.5719584516608094 and parameters: {'threshold_scale_factor': 0.8222770691716659}. Best is trial 27 with value: 0.5720271984298965.
[I 2025-05-13 01:55:03,030] Trial 74 finished with value: 0.5718082922133715 and parameters: {'threshold_scale_factor': 0.8270389866966953}. Best is trial 27 with value: 0.5720271984298965.
[I 2025-05-13 01:55:05,879] Trial 75 finished with value: 0.5693068420130618 and parameters: {'threshold_scale_factor': 0.9209946210109604}. Best is trial 27 with value: 0.5720271984298965.
[I 2025-05-13 01:55:08,739] Trial 76 finished with value: 0.5714397204272678 and parameters: {'threshold_scale_factor': 0.8470802754681569}. Best is trial 27 with value: 0.5720271984298965.
[I 2025-05-13 01:55:11,592] Trial 77 finished with value: 0.569449613870856 and parameters: {'threshold_scale_factor': 0.736112687339625}. Best is trial 27 with value: 0.5720271984298965.
[I 2025-05-13 01:55:14,458] Trial 78 finished with value: 0.5705848384312537 and parameters: {'threshold_scale_factor': 0.8844133227034418}. Best is trial 27 with value: 0.5720271984298965.
[I 2025-05-13 01:55:17,311] Trial 79 finished with value: 0.5713945974824453 and parameters: {'threshold_scale_factor': 0.7873143044500547}. Best is trial 27 with value: 0.5720271984298965.
[I 2025-05-13 01:55:20,176] Trial 80 finished with value: 0.5702456626668939 and parameters: {'threshold_scale_factor': 0.7564672461060382}. Best is trial 27 with value: 0.5720271984298965.
[I 2025-05-13 01:55:23,036] Trial 81 finished with value: 0.5718429871329795 and parameters: {'threshold_scale_factor': 0.8023743853106547}. Best is trial 27 with value: 0.5720271984298965.
[I 2025-05-13 01:55:25,886] Trial 82 finished with value: 0.5487926888214925 and parameters: {'threshold_scale_factor': 0.443784418373816}. Best is trial 27 with value: 0.5720271984298965.
[I 2025-05-13 01:55:28,741] Trial 83 finished with value: 0.5717943967540207 and parameters: {'threshold_scale_factor': 0.8275310802198548}. Best is trial 27 with value: 0.5720271984298965.
[I 2025-05-13 01:55:31,603] Trial 84 finished with value: 0.5714454617573808 and parameters: {'threshold_scale_factor': 0.8468724593781773}. Best is trial 27 with value: 0.5720271984298965.
[I 2025-05-13 01:55:34,456] Trial 85 finished with value: 0.5680098467309742 and parameters: {'threshold_scale_factor': 0.7165388914788348}. Best is trial 27 with value: 0.5720271984298965.
[I 2025-05-13 01:55:37,316] Trial 86 finished with value: 0.5709772501131856 and parameters: {'threshold_scale_factor': 0.7779576772759039}. Best is trial 27 with value: 0.5720271984298965.
[I 2025-05-13 01:55:40,169] Trial 87 finished with value: 0.5693437233711091 and parameters: {'threshold_scale_factor': 0.9298780287795271}. Best is trial 27 with value: 0.5720271984298965.
[I 2025-05-13 01:55:43,020] Trial 88 finished with value: 0.5198413989452538 and parameters: {'threshold_scale_factor': 0.012391567171674112}. Best is trial 27 with value: 0.5720271984298965.
[I 2025-05-13 01:55:45,874] Trial 89 finished with value: 0.5709225582848413 and parameters: {'threshold_scale_factor': 0.8666534244156312}. Best is trial 27 with value: 0.5720271984298965.
[I 2025-05-13 01:55:48,730] Trial 90 finished with value: 0.5720236229599783 and parameters: {'threshold_scale_factor': 0.8142556192787707}. Best is trial 27 with value: 0.5720271984298965.
[I 2025-05-13 01:55:51,719] Trial 91 finished with value: 0.5720228718540674 and parameters: {'threshold_scale_factor': 0.8144685930817105}. Best is trial 27 with value: 0.5720271984298965.
[I 2025-05-13 01:55:54,569] Trial 92 finished with value: 0.5720282016192979 and parameters: {'threshold_scale_factor': 0.8169445789095905}. Best is trial 92 with value: 0.5720282016192979.
[I 2025-05-13 01:55:57,429] Trial 93 finished with value: 0.5702269158864888 and parameters: {'threshold_scale_factor': 0.8916366212845344}. Best is trial 92 with value: 0.5720282016192979.
[I 2025-05-13 01:56:00,282] Trial 94 finished with value: 0.5700204029174929 and parameters: {'threshold_scale_factor': 0.7509507132060005}. Best is trial 92 with value: 0.5720282016192979.
[I 2025-05-13 01:56:03,143] Trial 95 finished with value: 0.5711319059069665 and parameters: {'threshold_scale_factor': 0.8596650193958288}. Best is trial 92 with value: 0.5720282016192979.
[I 2025-05-13 01:56:06,002] Trial 96 finished with value: 0.571254140677116 and parameters: {'threshold_scale_factor': 0.78458431300988}. Best is trial 92 with value: 0.5720282016192979.
[I 2025-05-13 01:56:08,860] Trial 97 finished with value: 0.5661307443679764 and parameters: {'threshold_scale_factor': 0.6641413589653267}. Best is trial 92 with value: 0.5720282016192979.
[I 2025-05-13 01:56:11,709] Trial 98 finished with value: 0.5719253721333657 and parameters: {'threshold_scale_factor': 0.8239794998544815}. Best is trial 92 with value: 0.5720282016192979.
