[I 2025-05-13 01:51:26,997] Trial 99 finished with value: 0.5554009752153364 and parameters: {'interp_param': 0.3314960333204921}. Best is trial 53 with value: 0.5691625113532746.
Best hyperparameters: {'interp_param': 0.9901042655756574}
Best optimized value: 0.5691625113532746
Tuning threshold scale factor for offline LSET using optuna
  0%|          | 0/100 [00:00<?, ?it/s]                                         0%|          | 0/100 [00:02<?, ?it/s]Best trial: 0. Best value: 0.52055:   0%|          | 0/100 [00:02<?, ?it/s]Best trial: 0. Best value: 0.52055:   1%|          | 1/100 [00:02<04:53,  2.96s/it]                                                                                   Best trial: 0. Best value: 0.52055:   1%|          | 1/100 [00:05<04:53,  2.96s/it]Best trial: 1. Best value: 0.569916:   1%|          | 1/100 [00:05<04:53,  2.96s/it]Best trial: 1. Best value: 0.569916:   2%|▏         | 2/100 [00:05<04:44,  2.90s/it]                                                                                    Best trial: 1. Best value: 0.569916:   2%|▏         | 2/100 [00:08<04:44,  2.90s/it]Best trial: 1. Best value: 0.569916:   2%|▏         | 2/100 [00:08<04:44,  2.90s/it]Best trial: 1. Best value: 0.569916:   3%|▎         | 3/100 [00:08<04:39,  2.88s/it]                                                                                    Best trial: 1. Best value: 0.569916:   3%|▎         | 3/100 [00:11<04:39,  2.88s/it]Best trial: 1. Best value: 0.569916:   3%|▎         | 3/100 [00:11<04:39,  2.88s/it]Best trial: 1. Best value: 0.569916:   4%|▍         | 4/100 [00:11<04:35,  2.87s/it]                                                                                    Best trial: 1. Best value: 0.569916:   4%|▍         | 4/100 [00:14<04:35,  2.87s/it]Best trial: 1. Best value: 0.569916:   4%|▍         | 4/100 [00:14<04:35,  2.87s/it]Best trial: 1. Best value: 0.569916:   5%|▌         | 5/100 [00:14<04:32,  2.86s/it]                                                                                    Best trial: 1. Best value: 0.569916:   5%|▌         | 5/100 [00:17<04:32,  2.86s/it]Best trial: 1. Best value: 0.569916:   5%|▌         | 5/100 [00:17<04:32,  2.86s/it]Best trial: 1. Best value: 0.569916:   6%|▌         | 6/100 [00:17<04:29,  2.86s/it]                                                                                    Best trial: 1. Best value: 0.569916:   6%|▌         | 6/100 [00:20<04:29,  2.86s/it]Best trial: 1. Best value: 0.569916:   6%|▌         | 6/100 [00:20<04:29,  2.86s/it]Best trial: 1. Best value: 0.569916:   7%|▋         | 7/100 [00:20<04:26,  2.86s/it]                                                                                    Best trial: 1. Best value: 0.569916:   7%|▋         | 7/100 [00:22<04:26,  2.86s/it]Best trial: 1. Best value: 0.569916:   7%|▋         | 7/100 [00:22<04:26,  2.86s/it]Best trial: 1. Best value: 0.569916:   8%|▊         | 8/100 [00:22<04:23,  2.86s/it]                                                                                    Best trial: 1. Best value: 0.569916:   8%|▊         | 8/100 [00:25<04:23,  2.86s/it]Best trial: 1. Best value: 0.569916:   8%|▊         | 8/100 [00:25<04:23,  2.86s/it]Best trial: 1. Best value: 0.569916:   9%|▉         | 9/100 [00:25<04:23,  2.90s/it]                                                                                    Best trial: 1. Best value: 0.569916:   9%|▉         | 9/100 [00:28<04:23,  2.90s/it]Best trial: 1. Best value: 0.569916:   9%|▉         | 9/100 [00:28<04:23,  2.90s/it]Best trial: 1. Best value: 0.569916:  10%|█         | 10/100 [00:28<04:19,  2.88s/it]                                                                                     Best trial: 1. Best value: 0.569916:  10%|█         | 10/100 [00:31<04:19,  2.88s/it]Best trial: 1. Best value: 0.569916:  10%|█         | 10/100 [00:31<04:19,  2.88s/it]Best trial: 1. Best value: 0.569916:  11%|█         | 11/100 [00:31<04:16,  2.88s/it]                                                                                     Best trial: 1. Best value: 0.569916:  11%|█         | 11/100 [00:34<04:16,  2.88s/it]Best trial: 1. Best value: 0.569916:  11%|█         | 11/100 [00:34<04:16,  2.88s/it]Best trial: 1. Best value: 0.569916:  12%|█▏        | 12/100 [00:34<04:13,  2.88s/it]                                                                                     Best trial: 1. Best value: 0.569916:  12%|█▏        | 12/100 [00:37<04:13,  2.88s/it]Best trial: 1. Best value: 0.569916:  12%|█▏        | 12/100 [00:37<04:13,  2.88s/it]Best trial: 1. Best value: 0.569916:  13%|█▎        | 13/100 [00:37<04:09,  2.87s/it]                                                                                     Best trial: 1. Best value: 0.569916:  13%|█▎        | 13/100 [00:40<04:09,  2.87s/it]Best trial: 13. Best value: 0.571417:  13%|█▎        | 13/100 [00:40<04:09,  2.87s/it]Best trial: 13. Best value: 0.571417:  14%|█▍        | 14/100 [00:40<04:06,  2.87s/it]                                                                                      Best trial: 13. Best value: 0.571417:  14%|█▍        | 14/100 [00:43<04:06,  2.87s/it]Best trial: 14. Best value: 0.571528:  14%|█▍        | 14/100 [00:43<04:06,  2.87s/it]Best trial: 14. Best value: 0.571528:  15%|█▌        | 15/100 [00:43<04:03,  2.87s/it]                                                                                      Best trial: 14. Best value: 0.571528:  15%|█▌        | 15/100 [00:45<04:03,  2.87s/it]Best trial: 15. Best value: 0.571995:  15%|█▌        | 15/100 [00:45<04:03,  2.87s/it]Best trial: 15. Best value: 0.571995:  16%|█▌        | 16/100 [00:45<04:00,  2.86s/it]                                                                                      Best trial: 15. Best value: 0.571995:  16%|█▌        | 16/100 [00:48<04:00,  2.86s/it]Best trial: 15. Best value: 0.571995:  16%|█▌        | 16/100 [00:48<04:00,  2.86s/it]Best trial: 15. Best value: 0.571995:  17%|█▋        | 17/100 [00:48<03:57,  2.87s/it]                                                                                      Best trial: 15. Best value: 0.571995:  17%|█▋        | 17/100 [00:51<03:57,  2.87s/it]Best trial: 15. Best value: 0.571995:  17%|█▋        | 17/100 [00:51<03:57,  2.87s/it]Best trial: 15. Best value: 0.571995:  18%|█▊        | 18/100 [00:51<03:54,  2.86s/it]                                                                                      Best trial: 15. Best value: 0.571995:  18%|█▊        | 18/100 [00:54<03:54,  2.86s/it]Best trial: 15. Best value: 0.571995:  18%|█▊        | 18/100 [00:54<03:54,  2.86s/it]Best trial: 15. Best value: 0.571995:  19%|█▉        | 19/100 [00:54<03:51,  2.86s/it]                                                                                      Best trial: 15. Best value: 0.571995:  19%|█▉        | 19/100 [00:57<03:51,  2.86s/it]Best trial: 15. Best value: 0.571995:  19%|█▉        | 19/100 [00:57<03:51,  2.86s/it]Best trial: 15. Best value: 0.571995:  20%|██        | 20/100 [00:57<04:02,  3.03s/it]                                                                                      Best trial: 15. Best value: 0.571995:  20%|██        | 20/100 [01:00<04:02,  3.03s/it]Best trial: 15. Best value: 0.571995:  20%|██        | 20/100 [01:00<04:02,  3.03s/it]Best trial: 15. Best value: 0.571995:  21%|██        | 21/100 [01:00<03:55,  2.98s/it]                                                                                      Best trial: 15. Best value: 0.571995:  21%|██        | 21/100 [01:03<03:55,  2.98s/it]Best trial: 15. Best value: 0.571995:  21%|██        | 21/100 [01:03<03:55,  2.98s/it]Best trial: 15. Best value: 0.571995:  22%|██▏       | 22/100 [01:03<03:49,  2.94s/it]                                                                                      Best trial: 15. Best value: 0.571995:  22%|██▏       | 22/100 [01:06<03:49,  2.94s/it]Best trial: 15. Best value: 0.571995:  22%|██▏       | 22/100 [01:06<03:49,  2.94s/it]Best trial: 15. Best value: 0.571995:  23%|██▎       | 23/100 [01:06<03:44,  2.92s/it]                                                                                      Best trial: 15. Best value: 0.571995:  23%|██▎       | 23/100 [01:09<03:44,  2.92s/it]Best trial: 15. Best value: 0.571995:  23%|██▎       | 23/100 [01:09<03:44,  2.92s/it]Best trial: 15. Best value: 0.571995:  24%|██▍       | 24/100 [01:09<03:40,  2.90s/it]                                                                                      Best trial: 15. Best value: 0.571995:  24%|██▍       | 24/100 [01:12<03:40,  2.90s/it]Best trial: 15. Best value: 0.571995:  24%|██▍       | 24/100 [01:12<03:40,  2.90s/it]Best trial: 15. Best value: 0.571995:  25%|██▌       | 25/100 [01:12<03:36,  2.88s/it]                                                                                      Best trial: 15. Best value: 0.571995:  25%|██▌       | 25/100 [01:15<03:36,  2.88s/it]Best trial: 15. Best value: 0.571995:  25%|██▌       | 25/100 [01:15<03:36,  2.88s/it]Best trial: 15. Best value: 0.571995:  26%|██▌       | 26/100 [01:15<03:35,  2.92s/it]                                                                                      Best trial: 15. Best value: 0.571995:  26%|██▌       | 26/100 [01:18<03:35,  2.92s/it]Best trial: 15. Best value: 0.571995:  26%|██▌       | 26/100 [01:18<03:35,  2.92s/it]Best trial: 15. Best value: 0.571995:  27%|██▋       | 27/100 [01:18<03:31,  2.90s/it]                                                                                      Best trial: 15. Best value: 0.571995:  27%|██▋       | 27/100 [01:21<03:31,  2.90s/it]Best trial: 27. Best value: 0.572027:  27%|██▋       | 27/100 [01:21<03:31,  2.90s/it]Best trial: 27. Best value: 0.572027:  28%|██▊       | 28/100 [01:21<03:29,  2.91s/it]                                                                                      Best trial: 27. Best value: 0.572027:  28%|██▊       | 28/100 [01:23<03:29,  2.91s/it]Best trial: 27. Best value: 0.572027:  28%|██▊       | 28/100 [01:23<03:29,  2.91s/it]Best trial: 27. Best value: 0.572027:  29%|██▉       | 29/100 [01:23<03:25,  2.90s/it]                                                                                      Best trial: 27. Best value: 0.572027:  29%|██▉       | 29/100 [01:26<03:25,  2.90s/it]Best trial: 27. Best value: 0.572027:  29%|██▉       | 29/100 [01:26<03:25,  2.90s/it]Best trial: 27. Best value: 0.572027:  30%|███       | 30/100 [01:26<03:22,  2.89s/it]                                                                                      Best trial: 27. Best value: 0.572027:  30%|███       | 30/100 [01:29<03:22,  2.89s/it]Best trial: 27. Best value: 0.572027:  30%|███       | 30/100 [01:29<03:22,  2.89s/it]Best trial: 27. Best value: 0.572027:  31%|███       | 31/100 [01:29<03:18,  2.88s/it]                                                                                      Best trial: 27. Best value: 0.572027:  31%|███       | 31/100 [01:32<03:18,  2.88s/it]Best trial: 27. Best value: 0.572027:  31%|███       | 31/100 [01:32<03:18,  2.88s/it]Best trial: 27. Best value: 0.572027:  32%|███▏      | 32/100 [01:32<03:15,  2.87s/it]                                                                                      Best trial: 27. Best value: 0.572027:  32%|███▏      | 32/100 [01:35<03:15,  2.87s/it]Best trial: 27. Best value: 0.572027:  32%|███▏      | 32/100 [01:35<03:15,  2.87s/it]Best trial: 27. Best value: 0.572027:  33%|███▎      | 33/100 [01:35<03:12,  2.87s/it]                                                                                      Best trial: 27. Best value: 0.572027:  33%|███▎      | 33/100 [01:38<03:12,  2.87s/it]Best trial: 27. Best value: 0.572027:  33%|███▎      | 33/100 [01:38<03:12,  2.87s/it]Best trial: 27. Best value: 0.572027:  34%|███▍      | 34/100 [01:38<03:14,  2.95s/it]                                                                                      Best trial: 27. Best value: 0.572027:  34%|███▍      | 34/100 [01:41<03:14,  2.95s/it]Best trial: 27. Best value: 0.572027:  34%|███▍      | 34/100 [01:41<03:14,  2.95s/it]Best trial: 27. Best value: 0.572027:  35%|███▌      | 35/100 [01:41<03:09,  2.92s/it]                                                                                      Best trial: 27. Best value: 0.572027:  35%|███▌      | 35/100 [01:44<03:09,  2.92s/it]Best trial: 27. Best value: 0.572027:  35%|███▌      | 35/100 [01:44<03:09,  2.92s/it]Best trial: 27. Best value: 0.572027:  36%|███▌      | 36/100 [01:44<03:06,  2.91s/it]                                                                                      Best trial: 27. Best value: 0.572027:  36%|███▌      | 36/100 [01:47<03:06,  2.91s/it]Best trial: 27. Best value: 0.572027:  36%|███▌      | 36/100 [01:47<03:06,  2.91s/it]Best trial: 27. Best value: 0.572027:  37%|███▋      | 37/100 [01:47<03:02,  2.89s/it]                                                                                      Best trial: 27. Best value: 0.572027:  37%|███▋      | 37/100 [01:49<03:02,  2.89s/it]Best trial: 27. Best value: 0.572027:  37%|███▋      | 37/100 [01:49<03:02,  2.89s/it]Best trial: 27. Best value: 0.572027:  38%|███▊      | 38/100 [01:49<02:58,  2.88s/it]                                                                                      Best trial: 27. Best value: 0.572027:  38%|███▊      | 38/100 [01:52<02:58,  2.88s/it]Best trial: 27. Best value: 0.572027:  38%|███▊      | 38/100 [01:52<02:58,  2.88s/it]Best trial: 27. Best value: 0.572027:  39%|███▉      | 39/100 [01:52<02:55,  2.88s/it]                                                                                      Best trial: 27. Best value: 0.572027:  39%|███▉      | 39/100 [01:55<02:55,  2.88s/it]Best trial: 27. Best value: 0.572027:  39%|███▉      | 39/100 [01:55<02:55,  2.88s/it]Best trial: 27. Best value: 0.572027:  40%|████      | 40/100 [01:55<02:52,  2.87s/it]                                                                                      Best trial: 27. Best value: 0.572027:  40%|████      | 40/100 [01:58<02:52,  2.87s/it]Best trial: 27. Best value: 0.572027:  40%|████      | 40/100 [01:58<02:52,  2.87s/it]Best trial: 27. Best value: 0.572027:  41%|████      | 41/100 [01:58<02:48,  2.86s/it]                                                                                      Best trial: 27. Best value: 0.572027:  41%|████      | 41/100 [02:01<02:48,  2.86s/it]Best trial: 27. Best value: 0.572027:  41%|████      | 41/100 [02:01<02:48,  2.86s/it]Best trial: 27. Best value: 0.572027:  42%|████▏     | 42/100 [02:01<02:48,  2.90s/it]                                                                                      Best trial: 27. Best value: 0.572027:  42%|████▏     | 42/100 [02:04<02:48,  2.90s/it]Best trial: 27. Best value: 0.572027:  42%|████▏     | 42/100 [02:04<02:48,  2.90s/it]Best trial: 27. Best value: 0.572027:  43%|████▎     | 43/100 [02:04<02:44,  2.89s/it]                                                                                      Best trial: 27. Best value: 0.572027:  43%|████▎     | 43/100 [02:07<02:44,  2.89s/it]Best trial: 27. Best value: 0.572027:  43%|████▎     | 43/100 [02:07<02:44,  2.89s/it]Best trial: 27. Best value: 0.572027:  44%|████▍     | 44/100 [02:07<02:41,  2.88s/it]                                                                                      Best trial: 27. Best value: 0.572027:  44%|████▍     | 44/100 [02:10<02:41,  2.88s/it]Best trial: 27. Best value: 0.572027:  44%|████▍     | 44/100 [02:10<02:41,  2.88s/it]Best trial: 27. Best value: 0.572027:  45%|████▌     | 45/100 [02:10<02:38,  2.87s/it]                                                                                      Best trial: 27. Best value: 0.572027:  45%|████▌     | 45/100 [02:12<02:38,  2.87s/it]Best trial: 27. Best value: 0.572027:  45%|████▌     | 45/100 [02:12<02:38,  2.87s/it]Best trial: 27. Best value: 0.572027:  46%|████▌     | 46/100 [02:12<02:35,  2.88s/it]                                                                                      Best trial: 27. Best value: 0.572027:  46%|████▌     | 46/100 [02:15<02:35,  2.88s/it]Best trial: 27. Best value: 0.572027:  46%|████▌     | 46/100 [02:15<02:35,  2.88s/it]Best trial: 27. Best value: 0.572027:  47%|████▋     | 47/100 [02:15<02:32,  2.87s/it]                                                                                      Best trial: 27. Best value: 0.572027:  47%|████▋     | 47/100 [02:18<02:32,  2.87s/it]Best trial: 27. Best value: 0.572027:  47%|████▋     | 47/100 [02:18<02:32,  2.87s/it]Best trial: 27. Best value: 0.572027:  48%|████▊     | 48/100 [02:18<02:29,  2.87s/it]                                                                                      Best trial: 27. Best value: 0.572027:  48%|████▊     | 48/100 [02:21<02:29,  2.87s/it]Best trial: 27. Best value: 0.572027:  48%|████▊     | 48/100 [02:21<02:29,  2.87s/it]Best trial: 27. Best value: 0.572027:  49%|████▉     | 49/100 [02:21<02:26,  2.87s/it]                                                                                      Best trial: 27. Best value: 0.572027:  49%|████▉     | 49/100 [02:24<02:26,  2.87s/it]Best trial: 27. Best value: 0.572027:  49%|████▉     | 49/100 [02:24<02:26,  2.87s/it]Best trial: 27. Best value: 0.572027:  50%|█████     | 50/100 [02:24<02:23,  2.87s/it]                                                                                      Best trial: 27. Best value: 0.572027:  50%|█████     | 50/100 [02:27<02:23,  2.87s/it]Best trial: 27. Best value: 0.572027:  50%|█████     | 50/100 [02:27<02:23,  2.87s/it]Best trial: 27. Best value: 0.572027:  51%|█████     | 51/100 [02:27<02:20,  2.87s/it]                                                                                      Best trial: 27. Best value: 0.572027:  51%|█████     | 51/100 [02:30<02:20,  2.87s/it]Best trial: 27. Best value: 0.572027:  51%|█████     | 51/100 [02:30<02:20,  2.87s/it]Best trial: 27. Best value: 0.572027:  52%|█████▏    | 52/100 [02:30<02:17,  2.86s/it]                                                                                      Best trial: 27. Best value: 0.572027:  52%|█████▏    | 52/100 [02:32<02:17,  2.86s/it]Best trial: 27. Best value: 0.572027:  52%|█████▏    | 52/100 [02:32<02:17,  2.86s/it]Best trial: 27. Best value: 0.572027:  53%|█████▎    | 53/100 [02:32<02:14,  2.86s/it]                                                                                      Best trial: 27. Best value: 0.572027:  53%|█████▎    | 53/100 [02:35<02:14,  2.86s/it]Best trial: 27. Best value: 0.572027:  53%|█████▎    | 53/100 [02:35<02:14,  2.86s/it]Best trial: 27. Best value: 0.572027:  54%|█████▍    | 54/100 [02:35<02:11,  2.86s/it]                                                                                      Best trial: 27. Best value: 0.572027:  54%|█████▍    | 54/100 [02:38<02:11,  2.86s/it]Best trial: 27. Best value: 0.572027:  54%|█████▍    | 54/100 [02:38<02:11,  2.86s/it]Best trial: 27. Best value: 0.572027:  55%|█████▌    | 55/100 [02:38<02:08,  2.86s/it]                                                                                      Best trial: 27. Best value: 0.572027:  55%|█████▌    | 55/100 [02:41<02:08,  2.86s/it]Best trial: 27. Best value: 0.572027:  55%|█████▌    | 55/100 [02:41<02:08,  2.86s/it]Best trial: 27. Best value: 0.572027:  56%|█████▌    | 56/100 [02:41<02:05,  2.85s/it]                                                                                      Best trial: 27. Best value: 0.572027:  56%|█████▌    | 56/100 [02:44<02:05,  2.85s/it]Best trial: 27. Best value: 0.572027:  56%|█████▌    | 56/100 [02:44<02:05,  2.85s/it]Best trial: 27. Best value: 0.572027:  57%|█████▋    | 57/100 [02:44<02:02,  2.85s/it]                                                                                      Best trial: 27. Best value: 0.572027:  57%|█████▋    | 57/100 [02:47<02:02,  2.85s/it]Best trial: 27. Best value: 0.572027:  57%|█████▋    | 57/100 [02:47<02:02,  2.85s/it]Best trial: 27. Best value: 0.572027:  58%|█████▊    | 58/100 [02:47<01:59,  2.85s/it]                                                                                      Best trial: 27. Best value: 0.572027:  58%|█████▊    | 58/100 [02:50<01:59,  2.85s/it]Best trial: 27. Best value: 0.572027:  58%|█████▊    | 58/100 [02:50<01:59,  2.85s/it]Best trial: 27. Best value: 0.572027:  59%|█████▉    | 59/100 [02:50<01:58,  2.90s/it]                                                                                      Best trial: 27. Best value: 0.572027:  59%|█████▉    | 59/100 [02:53<01:58,  2.90s/it]Best trial: 27. Best value: 0.572027:  59%|█████▉    | 59/100 [02:53<01:58,  2.90s/it]Best trial: 27. Best value: 0.572027:  60%|██████    | 60/100 [02:53<01:55,  2.88s/it]                                                                                      Best trial: 27. Best value: 0.572027:  60%|██████    | 60/100 [02:55<01:55,  2.88s/it]Best trial: 27. Best value: 0.572027:  60%|██████    | 60/100 [02:55<01:55,  2.88s/it]Best trial: 27. Best value: 0.572027:  61%|██████    | 61/100 [02:55<01:52,  2.87s/it]                                                                                      Best trial: 27. Best value: 0.572027:  61%|██████    | 61/100 [02:58<01:52,  2.87s/it]Best trial: 27. Best value: 0.572027:  61%|██████    | 61/100 [02:58<01:52,  2.87s/it]Best trial: 27. Best value: 0.572027:  62%|██████▏   | 62/100 [02:58<01:49,  2.87s/it]                                                                                      Best trial: 27. Best value: 0.572027:  62%|██████▏   | 62/100 [03:01<01:49,  2.87s/it]B