[I 2025-05-13 01:56:14,571] Trial 99 finished with value: 0.568911955797273 and parameters: {'threshold_scale_factor': 0.9647754382428891}. Best is trial 92 with value: 0.5720282016192979.
Best hyperparameters: {'threshold_scale_factor': 0.8169445789095905}
Best optimized value: 0.5720282016192979
Running audit 1/1
Training a GraphSAGE target model on pubmed...
Training GraphSAGE on cuda:   0%|          | 0/100 [00:00<?, ?it/s]Training GraphSAGE on cuda:  22%|██▏       | 22/100 [00:00<00:00, 216.05it/s]Training GraphSAGE on cuda:  44%|████▍     | 44/100 [00:00<00:00, 216.81it/s]Training GraphSAGE on cuda:  66%|██████▌   | 66/100 [00:00<00:00, 217.09it/s]Training GraphSAGE on cuda:  88%|████████▊ | 88/100 [00:00<00:00, 217.12it/s]Training GraphSAGE on cuda: 100%|██████████| 100/100 [00:00<00:00, 216.95it/s]
Train accuracy: 0.9643 | Test accuracy: 0.8742
Training MLP on cuda:   0%|          | 0/1000 [00:00<?, ?it/s]Training MLP on cuda:   0%|          | 1/1000 [00:20<5:39:38, 20.40s/it]Training MLP on cuda:   0%|          | 2/1000 [00:40<5:38:29, 20.35s/it]Training MLP on cuda:   0%|          | 3/1000 [01:01<5:38:47, 20.39s/it]Training MLP on cuda:   0%|          | 4/1000 [01:21<5:38:14, 20.38s/it]Training MLP on cuda:   0%|          | 5/1000 [01:41<5:37:31, 20.35s/it]Training MLP on cuda:   1%|          | 6/1000 [02:02<5:37:44, 20.39s/it]Training MLP on cuda:   1%|          | 7/1000 [02:22<5:37:40, 20.40s/it]Training MLP on cuda:   1%|          | 8/1000 [02:43<5:38:07, 20.45s/it]Training MLP on cuda:   1%|          | 9/1000 [03:03<5:37:03, 20.41s/it]Training MLP on cuda:   1%|          | 10/1000 [03:24<5:37:07, 20.43s/it]Training MLP on cuda:   1%|          | 11/1000 [03:44<5:36:17, 20.40s/it]Training MLP on cuda:   1%|          | 12/1000 [04:04<5:36:38, 20.44s/it]Training MLP on cuda:   1%|▏         | 13/1000 [04:25<5:36:11, 20.44s/it]Training MLP on cuda:   1%|▏         | 14/1000 [04:45<5:35:24, 20.41s/it]Training MLP on cuda:   2%|▏         | 15/1000 [05:06<5:35:17, 20.42s/it]Training MLP on cuda:   2%|▏         | 16/1000 [05:26<5:35:20, 20.45s/it]Training MLP on cuda:   2%|▏         | 17/1000 [05:47<5:35:44, 20.49s/it]Training MLP on cuda:   2%|▏         | 18/1000 [06:07<5:34:44, 20.45s/it]Training MLP on cuda:   2%|▏         | 19/1000 [06:28<5:34:33, 20.46s/it]Training MLP on cuda:   2%|▏         | 20/1000 [06:48<5:33:33, 20.42s/it]Training MLP on cuda:   2%|▏         | 21/1000 [07:08<5:33:49, 20.46s/it]Training MLP on cuda:   2%|▏         | 22/1000 [07:29<5:33:23, 20.45s/it]Training MLP on cuda:   2%|▏         | 23/1000 [07:49<5:32:13, 20.40s/it]Training MLP on cuda:   2%|▏         | 24/1000 [08:10<5:32:16, 20.43s/it]Training MLP on cuda:   2%|▎         | 25/1000 [08:30<5:32:03, 20.43s/it]Training MLP on cuda:   3%|▎         | 26/1000 [08:51<5:32:28, 20.48s/it]Training MLP on cuda:   3%|▎         | 27/1000 [09:11<5:31:36, 20.45s/it]Training MLP on cuda:   3%|▎         | 28/1000 [09:32<5:31:13, 20.45s/it]Training MLP on cuda:   3%|▎         | 29/1000 [09:52<5:30:22, 20.41s/it]Training MLP on cuda:   3%|▎         | 30/1000 [10:12<5:30:33, 20.45s/it]Training MLP on cuda:   3%|▎         | 31/1000 [10:33<5:30:06, 20.44s/it]Training MLP on cuda:   3%|▎         | 32/1000 [10:53<5:29:09, 20.40s/it]Training MLP on cuda:   3%|▎         | 33/1000 [11:14<5:29:03, 20.42s/it]Training MLP on cuda:   3%|▎         | 34/1000 [11:34<5:28:53, 20.43s/it]Training MLP on cuda:   4%|▎         | 35/1000 [11:55<5:29:27, 20.48s/it]Training MLP on cuda:   4%|▎         | 36/1000 [12:15<5:28:45, 20.46s/it]Training MLP on cuda:   4%|▎         | 37/1000 [12:36<5:28:31, 20.47s/it]Training MLP on cuda:   4%|▍         | 38/1000 [12:56<5:27:38, 20.43s/it]Training MLP on cuda:   4%|▍         | 39/1000 [13:16<5:27:39, 20.46s/it]Training MLP on cuda:   4%|▍         | 40/1000 [13:37<5:27:14, 20.45s/it]Training MLP on cuda:   4%|▍         | 41/1000 [13:57<5:26:28, 20.43s/it]Training MLP on cuda:   4%|▍         | 42/1000 [14:18<5:26:17, 20.44s/it]Training MLP on cuda:   4%|▍         | 43/1000 [14:38<5:25:56, 20.44s/it]Training MLP on cuda:   4%|▍         | 44/1000 [14:59<5:26:14, 20.48s/it]Training MLP on cuda:   4%|▍         | 45/1000 [15:19<5:25:23, 20.44s/it]Training MLP on cuda:   5%|▍         | 46/1000 [15:40<5:25:25, 20.47s/it]Training MLP on cuda:   5%|▍         | 47/1000 [16:00<5:24:27, 20.43s/it]Training MLP on cuda:   5%|▍         | 48/1000 [16:20<5:24:49, 20.47s/it]Training MLP on cuda:   5%|▍         | 49/1000 [16:41<5:24:25, 20.47s/it]Training MLP on cuda:   5%|▌         | 50/1000 [17:01<5:23:13, 20.41s/it]Training MLP on cuda:   5%|▌         | 51/1000 [17:22<5:23:16, 20.44s/it]Training MLP on cuda:   5%|▌         | 52/1000 [17:42<5:23:04, 20.45s/it]Training MLP on cuda:   5%|▌         | 53/1000 [18:03<5:23:30, 20.50s/it]Training MLP on cuda:   5%|▌         | 54/1000 [18:23<5:22:27, 20.45s/it]Training MLP on cuda:   6%|▌         | 55/1000 [18:44<5:22:12, 20.46s/it]Training MLP on cuda:   6%|▌         | 56/1000 [19:04<5:21:20, 20.42s/it]Training MLP on cuda:   6%|▌         | 57/1000 [19:25<5:21:26, 20.45s/it]Training MLP on cuda:   6%|▌         | 58/1000 [19:45<5:20:54, 20.44s/it]Training MLP on cuda:   6%|▌         | 59/1000 [20:05<5:19:43, 20.39s/it]Training MLP on cuda:   6%|▌         | 60/1000 [20:26<5:19:41, 20.41s/it]Training MLP on cuda:   6%|▌         | 61/1000 [20:46<5:19:47, 20.43s/it]Training MLP on cuda:   6%|▌         | 62/1000 [21:07<5:20:11, 20.48s/it]Training MLP on cuda:   6%|▋         | 63/1000 [21:27<5:19:25, 20.45s/it]Training MLP on cuda:   6%|▋         | 64/1000 [21:48<5:19:12, 20.46s/it]Training MLP on cuda:   6%|▋         | 65/1000 [22:08<5:18:12, 20.42s/it]Training MLP on cuda:   7%|▋         | 66/1000 [22:28<5:18:25, 20.46s/it]Training MLP on cuda:   7%|▋         | 67/1000 [22:49<5:17:51, 20.44s/it]Training MLP on cuda:   7%|▋         | 68/1000 [23:09<5:16:53, 20.40s/it]Training MLP on cuda:   7%|▋         | 69/1000 [23:30<5:16:53, 20.42s/it]Training MLP on cuda:   7%|▋         | 70/1000 [23:50<5:16:59, 20.45s/it]Training MLP on cuda:   7%|▋         | 71/1000 [24:11<5:17:22, 20.50s/it]Training MLP on cuda:   7%|▋         | 72/1000 [24:31<5:16:18, 20.45s/it]Training MLP on cuda:   7%|▋         | 73/1000 [24:52<5:16:10, 20.46s/it]Training MLP on cuda:   7%|▋         | 74/1000 [25:12<5:15:08, 20.42s/it]Training MLP on cuda:   8%|▊         | 75/1000 [25:32<5:15:23, 20.46s/it]Training MLP on cuda:   8%|▊         | 76/1000 [25:53<5:14:48, 20.44s/it]Training MLP on cuda:   8%|▊         | 77/1000 [26:13<5:13:38, 20.39s/it]Training MLP on cuda:   8%|▊         | 78/1000 [26:34<5:13:40, 20.41s/it]Training MLP on cuda:   8%|▊         | 79/1000 [26:54<5:14:01, 20.46s/it]Training MLP on cuda:   8%|▊         | 80/1000 [27:15<5:15:38, 20.58s/it]Training MLP on cuda:   8%|▊         | 81/1000 [27:36<5:15:53, 20.62s/it]Training MLP on cuda:   8%|▊         | 82/1000 [27:57<5:17:04, 20.72s/it]Training MLP on cuda:   8%|▊         | 83/1000 [28:17<5:16:57, 20.74s/it]Training MLP on cuda:   8%|▊         | 84/1000 [28:38<5:17:19, 20.78s/it]Training MLP on cuda:   8%|▊         | 85/1000 [28:59<5:17:39, 20.83s/it]Training MLP on cuda:   9%|▊         | 86/1000 [29:20<5:16:40, 20.79s/it]Training MLP on cuda:   9%|▊         | 87/1000 [29:41<5:16:47, 20.82s/it]Training MLP on cuda:   9%|▉         | 88/1000 [30:02<5:16:32, 20.82s/it]Training MLP on cuda:   9%|▉         | 89/1000 [30:23<5:17:12, 20.89s/it]Training MLP on cuda:   9%|▉         | 90/1000 [30:44<5:16:21, 20.86s/it]Training MLP on cuda:   9%|▉         | 91/1000 [31:05<5:16:44, 20.91s/it]Training MLP on cuda:   9%|▉         | 92/1000 [31:25<5:15:40, 20.86s/it]Training MLP on cuda:   9%|▉         | 93/1000 [31:46<5:15:57, 20.90s/it]Training MLP on cuda:   9%|▉         | 94/1000 [32:07<5:13:18, 20.75s/it]Training MLP on cuda:  10%|▉         | 95/1000 [32:27<5:11:03, 20.62s/it]Training MLP on cuda:  10%|▉         | 96/1000 [32:47<5:09:51, 20.57s/it]Training MLP on cuda:  10%|▉         | 97/1000 [33:08<5:09:02, 20.53s/it]Training MLP on cuda:  10%|▉         | 98/1000 [33:29<5:08:51, 20.54s/it]Training MLP on cuda:  10%|▉         | 99/1000 [33:49<5:07:41, 20.49s/it]Training MLP on cuda:  10%|█         | 100/1000 [34:09<5:07:08, 20.48s/it]Training MLP on cuda:  10%|█         | 101/1000 [34:30<5:05:50, 20.41s/it]Training MLP on cuda:  10%|█         | 102/1000 [34:50<5:05:30, 20.41s/it]Training MLP on cuda:  10%|█         | 103/1000 [35:10<5:04:38, 20.38s/it]Training MLP on cuda:  10%|█         | 104/1000 [35:30<5:03:10, 20.30s/it]Training MLP on cuda:  10%|█         | 105/1000 [35:51<5:02:44, 20.30s/it]Training MLP on cuda:  11%|█         | 106/1000 [36:11<5:02:24, 20.30s/it]Training MLP on cuda:  11%|█         | 107/1000 [36:31<5:02:35, 20.33s/it]Training MLP on cuda:  11%|█         | 108/1000 [36:52<5:01:36, 20.29s/it]Training MLP on cuda:  11%|█         | 109/1000 [37:12<5:01:13, 20.28s/it]Training MLP on cuda:  11%|█         | 110/1000 [37:32<5:00:12, 20.24s/it]Training MLP on cuda:  11%|█         | 111/1000 [37:52<5:00:05, 20.25s/it]Training MLP on cuda:  11%|█         | 112/1000 [38:13<4:59:44, 20.25s/it]Training MLP on cuda:  11%|█▏        | 113/1000 [38:33<4:58:41, 20.20s/it]Training MLP on cuda:  11%|█▏        | 114/1000 [38:53<4:58:38, 20.22s/it]Training MLP on cuda:  12%|█▏        | 115/1000 [39:13<4:58:31, 20.24s/it]Training MLP on cuda:  12%|█▏        | 116/1000 [39:34<4:59:03, 20.30s/it]Training MLP on cuda:  12%|█▏        | 117/1000 [39:54<4:58:08, 20.26s/it]Training MLP on cuda:  12%|█▏        | 118/1000 [40:14<4:57:54, 20.27s/it]Training MLP on cuda:  12%|█▏        | 119/1000 [40:34<4:57:00, 20.23s/it]Training MLP on cuda:  12%|█▏        | 120/1000 [40:54<4:56:58, 20.25s/it]Training MLP on cuda:  12%|█▏        | 121/1000 [41:15<4:56:34, 20.24s/it]Training MLP on cuda:  12%|█▏        | 122/1000 [41:35<4:55:35, 20.20s/it]Training MLP on cuda:  12%|█▏        | 123/1000 [41:55<4:55:33, 20.22s/it]Training MLP on cuda:  12%|█▏        | 124/1000 [42:15<4:55:28, 20.24s/it]Training MLP on cuda:  12%|█▎        | 125/1000 [42:36<4:55:50, 20.29s/it]Training MLP on cuda:  13%|█▎        | 126/1000 [42:56<4:55:01, 20.25s/it]Training MLP on cuda:  13%|█▎        | 127/1000 [43:16<4:54:52, 20.27s/it]Training MLP on cuda:  13%|█▎        | 128/1000 [43:36<4:54:04, 20.23s/it]Training MLP on cuda:  13%|█▎        | 129/1000 [43:57<4:54:13, 20.27s/it]Training MLP on cuda:  13%|█▎        | 130/1000 [44:17<4:53:41, 20.25s/it]Training MLP on cuda:  13%|█▎        | 131/1000 [44:37<4:52:41, 20.21s/it]Training MLP on cuda:  13%|█▎        | 132/1000 [44:57<4:52:43, 20.23s/it]Training MLP on cuda:  13%|█▎        | 133/1000 [45:18<4:52:35, 20.25s/it]Training MLP on cuda:  13%|█▎        | 134/1000 [45:38<4:52:55, 20.29s/it]Training MLP on cuda:  14%|█▎        | 135/1000 [45:58<4:51:55, 20.25s/it]Training MLP on cuda:  14%|█▎        | 136/1000 [46:19<4:51:49, 20.27s/it]Training MLP on cuda:  14%|█▎        | 137/1000 [46:39<4:50:58, 20.23s/it]Training MLP on cuda:  14%|█▍        | 138/1000 [46:59<4:50:55, 20.25s/it]Training MLP on cuda:  14%|█▍        | 139/1000 [47:19<4:50:35, 20.25s/it]Training MLP on cuda:  14%|█▍        | 140/1000 [47:39<4:49:28, 20.20s/it]Training MLP on cuda:  14%|█▍        | 141/1000 [48:00<4:49:27, 20.22s/it]Training MLP on cuda:  14%|█▍        | 142/1000 [48:20<4:49:09, 20.22s/it]Training MLP on cuda:  14%|█▍        | 143/1000 [48:40<4:49:34, 20.27s/it]Training MLP on cuda:  14%|█▍        | 144/1000 [49:00<4:48:50, 20.25s/it]Training MLP on cuda:  14%|█▍        | 145/1000 [49:21<4:48:35, 20.25s/it]Training MLP on cuda:  15%|█▍        | 146/1000 [49:41<4:47:41, 20.21s/it]Training MLP on cuda:  15%|█▍        | 147/1000 [50:01<4:47:42, 20.24s/it]Training MLP on cuda:  15%|█▍        | 148/1000 [50:21<4:47:09, 20.22s/it]Training MLP on cuda:  15%|█▍        | 149/1000 [50:41<4:46:07, 20.17s/it]Training MLP on cuda:  15%|█▌        | 150/1000 [51:02<4:46:07, 20.20s/it]Training MLP on cuda:  15%|█▌        | 151/1000 [51:22<4:45:57, 20.21s/it]Training MLP on cuda:  15%|█▌        | 152/1000 [51:42<4:46:20, 20.26s/it]Training MLP on cuda:  15%|█▌        | 153/1000 [52:02<4:45:30, 20.23s/it]Training MLP on cuda:  15%|█▌        | 154/1000 [52:23<4:45:31, 20.25s/it]Training MLP on cuda:  16%|█▌        | 155/1000 [52:43<4:44:34, 20.21s/it]Training MLP on cuda:  16%|█▌        | 156/1000 [53:03<4:44:43, 20.24s/it]Training MLP on cuda:  16%|█▌        | 157/1000 [53:23<4:44:15, 20.23s/it]Training MLP on cuda:  16%|█▌        | 158/1000 [53:43<4:43:15, 20.19s/it]Training MLP on cuda:  16%|█▌        | 159/1000 [54:04<4:43:13, 20.21s/it]Training MLP on cuda:  16%|█▌        | 160/1000 [54:24<4:42:54, 20.21s/it]Training MLP on cuda:  16%|█▌        | 161/1000 [54:44<4:43:12, 20.25s/it]Training MLP on cuda:  16%|█▌        | 162/1000 [55:04<4:42:26, 20.22s/it]Training MLP on cuda:  16%|█▋        | 163/1000 [55:25<4:42:19, 20.24s/it]Training MLP on cuda:  16%|█▋        | 164/1000 [55:45<4:41:29, 20.20s/it]Training MLP on cuda:  16%|█▋        | 165/1000 [56:05<4:41:14, 20.21s/it]Training MLP on cuda:  17%|█▋        | 166/1000 [56:25<4:40:33, 20.18s/it]Training MLP on cuda:  17%|█▋        | 167/1000 [56:45<4:39:19, 20.12s/it]Training MLP on cuda:  17%|█▋        | 168/1000 [57:05<4:38:59, 20.12s/it]Training MLP on cuda:  17%|█▋        | 169/1000 [57:25<4:38:51, 20.13s/it]Training MLP on cuda:  17%|█▋        | 170/1000 [57:46<4:39:04, 20.17s/it]Training MLP on cuda:  17%|█▋        | 171/1000 [58:06<4:38:17, 20.14s/it]Training MLP on cuda:  17%|█▋        | 171/1000 [58:26<4:43:18, 20.50s/it]
Training MLP on cuda:   0%|          | 0/1000 [00:00<?, ?it/s]Training MLP on cuda:   0%|          | 1/1000 [00:20<5:34:54, 20.11s/it]Training MLP on cuda:   0%|          | 2/1000 [00:40<5:34:31, 20.11s/it]Training MLP on cuda:   0%|          | 3/1000 [01:00<5:34:50, 20.15s/it]Training MLP on cuda:   0%|          | 4/1000 [01:20<5:35:03, 20.18s/it]Training MLP on cuda:   0%|          | 5/1000 [01:40<5:35:20, 20.22s/it]Training MLP on cuda:   1%|          | 6/1000 [02:00<5:33:40, 20.14s/it]Training MLP on cuda:   1%|          | 7/1000 [02:21<5:33:20, 20.14s/it]Training MLP on cuda:   1%|          | 8/1000 [02:41<5:33:25, 20.17s/it]Training MLP on cuda:   1%|          | 9/1000 [03:01<5:32:44, 20.15s/it]Training MLP on cuda:   1%|          | 10/1000 [03:21<5:33:17, 20.20s/it]Training MLP on cuda:   1%|          | 11/1000 [03:41<5:33:04, 20.21s/it]Training MLP on cuda:   1%|          | 12/1000 [04:02<5:32:53, 20.22s/it]Training MLP on cuda:   1%|▏         | 13/1000 [04:22<5:31:27, 20.15s/it]Training MLP on cuda:   1%|▏         | 14/1000 [04:42<5:30:59, 20.14s/it]Training MLP on cuda:   2%|▏         | 15/1000 [05:02<5:30:56, 20.16s/it]Training MLP on cuda:   2%|▏         | 16/1000 [05:22<5:30:10, 20.13s/it]Training MLP on cuda:   2%|▏         | 17/1000 [05:42<5:30:50, 20.19s/it]Training MLP on cuda:   2%|▏         | 18/1000 [06:03<5:30:33, 20.20s/it]Training MLP on cuda:   2%|▏         | 19/1000 [06:23<5:30:23, 20.21s/it]Training MLP on cuda:   2%|▏         | 20/1000 [06:43<5:29:08, 20.15s/it]Training MLP on cuda:   2%|▏         | 21/1000 [07:03<5:28:42, 20.15s/it]Training MLP on cuda:   2%|▏         | 22/1000 [07:23<5:28:42, 20.17s/it]Training MLP on cuda:   2%|▏         | 23/1000 [07:43<5:28:05, 20.15s/it]Training MLP on cuda:   2%|▏         | 24/1000 [08:04<5:28:55, 20.22s/it]Training MLP on cuda:   2%|▎         | 25/1000 [08:24<5:28:38, 20.22s/it]Training MLP on cuda:   3%|▎         | 26/1000 [08:44<5:28:28, 20.23s/it]Training MLP on cuda:   3%|▎         | 27/1000 [09:04<5:27:01, 20.17s/it]Training MLP on cuda:   3%|▎         | 28/1000 [09:24<5:26:33, 20.16s/it]Training MLP on cuda:   3%|▎         | 29/1000 [09:45<5:26:22, 20.17s/it]Training MLP on cuda:   3%|▎         | 30/1000 [10:05<5:25:30, 20.13s/it]Training MLP on cuda:   3%|▎         | 31/1000 [10:25<5:26:00, 20.19s/it]Training MLP on cuda:   3%|▎         | 32/1000 [10:45<5:25:34, 20.18s/it]Training MLP on cuda:   3%|▎         | 33/1000 [11:05<5:25:25, 20.19s/it]Training MLP on cuda:   3%|▎         | 34/1000 [11:25<5:24:09, 20.13s/it]Training MLP on cuda:   4%|▎         | 35/1000 [11:45<5:23:42, 20.13s/it]Training MLP on cuda:   4%|▎         | 36/1000 [12:06<5:23:44, 20.15s/it]Training MLP on cuda:   4%|▎         | 37/1000 [12:26<5:22:54, 20.12s/it]Training MLP on cuda:   4%|▍         | 38/1000 [12:46<5:23:34, 20.18s/it]Training MLP on cuda:   4%|▍         | 39/1000 [13:06<5:23:29, 20.20s/it]Training MLP on cuda:   4%|▍         | 40/1000 [13:26<5:23:32, 20.22s/it]Training MLP on cuda:   4%|▍         | 41/1000 [13:46<5:22:02, 20.15s/it]Training MLP on cuda:   4%|▍         | 42/1000 [14:07<5:21:17, 20.12s/it]Training MLP on cuda:   4%|▍         | 43/1000 [14:27<5:21:23, 20.15s/it]Training MLP on cuda:   4%|▍         | 44/1000 [14:47<5:20:28, 20.11s/it]Training MLP on cuda:   4%|▍         | 45/1000 [15:07<5:21:07, 20.18s/it]Training MLP on cuda:   5%|▍         | 46/1000 [15:27<5:20:53, 20.18s/it]Training MLP on cuda:   5%|▍         | 47/1000 [15:47<5:20:39, 20.19s/it]Training MLP on cuda:   5%|▍         | 48/1000 [16:07<5:19:11, 20.12s/it]Training MLP on cuda:   5%|▍         | 49/1000 [16:28<5:18:42, 20.11s/it]Training MLP on cuda:   5%|▌         | 50/1000 [16:48<5:18:28, 20.11s/it]Training MLP on cuda:   5%|▌         | 51/1000 [17:08<5:17:35, 20.08s/it]Training MLP on cuda:   5%|▌         | 52/1000 [17:28<5:18:18, 20.15s/it]Training MLP on cuda:   5%|▌         | 53/1000 [17:48<5:18:14, 20.16s/it]Training MLP on cuda:   5%|▌         | 54/1000 [18:08<5:18:08, 20.18s/it]Training MLP on cuda:   6%|▌         | 55/1000 [18:28<5:16:44, 20.11s/it]Training MLP on cuda:   6%|▌         | 56/1000 [18:48<5:16:21, 20.11s/it]Training MLP on cuda:   6%|▌         | 57/1000 [19:09<5:16:10, 20.12s/it]Training MLP on cuda:   6%|▌         | 58/1000 [19:29<5:15:25, 20.09s/it]Training MLP on cuda:   6%|▌         | 59/1000 [19:49<5:16:10, 20.16s/it]Training MLP on cuda:   6%|▌         | 60/1000 [20:09<5:16:02, 20.17s/it]Training MLP on cuda:   6%|▌         | 61/1000 [20:29<5:15:50, 20.18s/it]Training MLP on cuda:   6%|▌         | 62/1000 [20:49<5:14:22, 20.11s/it]Training MLP on cuda:   6%|▋         | 63/1000 [21:09<5:13:51, 20.10s/it]Training MLP on cuda:   6%|▋         | 64/1000 [21:29<5:13:50, 20.12s/it]Training MLP on cuda:   6%|▋         | 65/1000 [21:50<5:13:09, 20.10s/it]Training MLP on cuda:   7%|▋         | 66/1000 [22:10<5:13:36, 20.15s/it]Training MLP on cuda:   7%|▋         | 67/1000 [22:30<5:13:24, 20.15s/it]Training MLP on cuda:   7%|▋         | 68/1000 [22:50<5:13:23, 20.18s/it]Training MLP on cuda:   7%|▋         | 69/1000 [23:10<5:12:01, 20.11s/it]Training MLP on cuda:   7%|▋         | 70/1000 [23:30<5:11:31, 20.10s/it]Training MLP on cuda:   7%|▋         | 71/1000 [23:50<5:11:21, 20.11s/it]Training MLP on cuda:   7%|▋         | 72/1000 [24:10<5:10:32, 20.08s/it]Training MLP on cuda:   7%|▋         | 73/1000 [24:31<5:11:07, 20.14s/it]Training MLP on cuda:   7%|▋         | 74/1000 [24:51<5:11:05, 20.16s/it]Training MLP on cuda:   8%|▊         | 75/1000 [25:11<5:11:07, 20.18s/it]Training MLP on cuda:   8%|▊         | 76/1000 [25:31<5:09:36, 20.10s/it]Training MLP on cuda:   8%|▊         | 77/1000 [25:51<5:09:08, 20.10s/it]Training MLP on cuda:   8%|▊         | 78/1000 [26:11<5:08:54, 20.10s/it]Training MLP on cuda:   8%|▊         | 79/1000 [26:31<5:08:07, 20.07s/it]Training MLP on cuda:   8%|▊         | 80/1000 [26:51<5:08:46, 20.14s/it]Training MLP on cuda:   8%|▊         | 81/1000 [27:12<5:08:42, 20.16s/it]Training MLP on cuda:   8%|▊         | 82/1000 [27:32<5:08:32, 20.17s/it]Training MLP on cuda:   8%|▊         | 83/1000 [27:52<5:07:00, 20.09s/it]Training MLP on cuda:   8%|▊         | 84/1000 [28:12<5:06:32, 20.08s/it]Training MLP on cuda:   8%|▊         | 85/1000 [28:32<5:06:32, 20.10s/it]Training MLP on cuda:   9%|▊         | 86/1000 [28:52<5:05:55, 20.08s/it]Training MLP on cuda:   9%|▊         | 87/1000 [29:12<5:06:27, 20.14s/it]Training MLP on cuda:   9%|▉         | 88/1000 [29:32<5:06:04, 20.14s/it]Training MLP on cuda:   9%|▉         | 89/1000 [29:53<5:06:06, 20.16s/it]Training MLP on cuda:   9%|▉         | 90/1000 [30:13<5:04:43, 20.09s/it]Training MLP on cuda:   9%|▉         | 91/1000 [30:33<5:04:19, 20.09s/it]Training MLP on cuda:   9%|▉         | 92/1000 [30:53<5:04:28, 20.12s/it]Training MLP on cuda:   9%|▉         | 93/1000 [31:13<5:03:47, 20.10s/it]Training MLP on cuda:   9%|▉         | 94/1000 [31:33<5:04:28, 20.16s/it]Training MLP on cuda:  10%|▉         | 95/1000 [31:53<5:04:16, 20.17s/it]Training MLP on cuda:  10%|▉         | 96/1000 [32:14<5:04:13, 20.19s/it]Training MLP on cuda:  10%|▉         | 97/1000 [32:34<5:03:00, 20.13s/it]Training MLP on cuda:  10%|▉         | 98/1000 [32:54<5:02:38, 20.13s/it]Training MLP on cuda:  10%|▉         | 99/1000 [33:14<5:02:29, 20.14s/it]Training MLP on cuda:  10%|█         | 100/1000 [33:34<5:01:40, 20.11s/it]Training MLP on cuda:  10%|█         | 101/1000 [33:54<5:02:07, 20.16s/it]Training MLP on cuda:  10%|█         | 102/1000 [34:14<5:01:54, 20.17s/it]Training MLP on cuda:  10%|█         | 103/1000 [34:35<5:01:56, 20.20s/it]Training MLP on cuda:  10%|█         | 104/1000 [34:55<5:00:38, 20.13s/it]Training MLP on cuda:  10%|█         | 105/1000 [35:15<5:00:25, 20.14s/it]Training MLP on cuda:  11%|█         | 106/1000 [35:35<5:00:19, 20.16s/it]Training MLP on cuda:  11%|█         | 107/1000 [35:55<4:59:30, 20.12s/it]Training MLP on cuda:  11%|█         | 108/1000 [36:15<4:59:55, 20.17s/it]Training MLP on cuda:  11%|█         | 109/1000 [36:36<4:59:45, 20.19s/it]Training MLP on cuda:  11%|█         | 110/1000 [36:56<4:59:28, 20.19s/it]Training MLP on cuda:  11%|█         | 111/1000 [37:16<4:58:19, 20.