[I 2025-05-13 01:45:27,830] Trial 0 finished with value: 0.5605135679463062 and parameters: {'interp_param': 0.35009155838889094}. Best is trial 0 with value: 0.5605135679463062.
[I 2025-05-13 01:45:31,282] Trial 1 finished with value: 0.5722519488677552 and parameters: {'interp_param': 0.7106831903587469}. Best is trial 1 with value: 0.5722519488677552.
[I 2025-05-13 01:45:34,740] Trial 2 finished with value: 0.54730780902591 and parameters: {'interp_param': 0.03590850505276766}. Best is trial 1 with value: 0.5722519488677552.
[I 2025-05-13 01:45:38,189] Trial 3 finished with value: 0.5751371370200945 and parameters: {'interp_param': 0.8972065051772184}. Best is trial 3 with value: 0.5751371370200945.
[I 2025-05-13 01:45:41,790] Trial 4 finished with value: 0.5500888866966199 and parameters: {'interp_param': 0.10789886205852772}. Best is trial 3 with value: 0.5751371370200945.
[I 2025-05-13 01:45:45,240] Trial 5 finished with value: 0.5728516452028378 and parameters: {'interp_param': 0.7469313113750501}. Best is trial 3 with value: 0.5751371370200945.
[I 2025-05-13 01:45:48,699] Trial 6 finished with value: 0.5751973952634767 and parameters: {'interp_param': 0.9108963608375895}. Best is trial 6 with value: 0.5751973952634767.
[I 2025-05-13 01:45:52,150] Trial 7 finished with value: 0.5640149921974501 and parameters: {'interp_param': 0.4343541960065892}. Best is trial 6 with value: 0.5751973952634767.
[I 2025-05-13 01:45:55,599] Trial 8 finished with value: 0.5464914752257181 and parameters: {'interp_param': 0.01362717096588728}. Best is trial 6 with value: 0.5751973952634767.
[I 2025-05-13 01:45:59,055] Trial 9 finished with value: 0.5588514734568122 and parameters: {'interp_param': 0.3149869143611135}. Best is trial 6 with value: 0.5751973952634767.
[I 2025-05-13 01:46:02,505] Trial 10 finished with value: 0.5757223308376245 and parameters: {'interp_param': 0.9428461690745465}. Best is trial 10 with value: 0.5757223308376245.
[I 2025-05-13 01:46:05,951] Trial 11 finished with value: 0.5733224548503549 and parameters: {'interp_param': 0.9979909959658868}. Best is trial 10 with value: 0.5757223308376245.
[I 2025-05-13 01:46:09,395] Trial 12 finished with value: 0.5715265246055814 and parameters: {'interp_param': 0.6831914019449201}. Best is trial 10 with value: 0.5757223308376245.
[I 2025-05-13 01:46:12,842] Trial 13 finished with value: 0.5751543147093845 and parameters: {'interp_param': 0.9074788528934374}. Best is trial 10 with value: 0.5757223308376245.
[I 2025-05-13 01:46:16,307] Trial 14 finished with value: 0.5701900293838805 and parameters: {'interp_param': 0.6250393065479538}. Best is trial 10 with value: 0.5757223308376245.
[I 2025-05-13 01:46:19,756] Trial 15 finished with value: 0.5747119904963083 and parameters: {'interp_param': 0.8520638844740477}. Best is trial 10 with value: 0.5757223308376245.
[I 2025-05-13 01:46:23,212] Trial 16 finished with value: 0.5678368762999149 and parameters: {'interp_param': 0.5400962744429638}. Best is trial 10 with value: 0.5757223308376245.
[I 2025-05-13 01:46:26,664] Trial 17 finished with value: 0.5743764210692328 and parameters: {'interp_param': 0.9914063896383303}. Best is trial 10 with value: 0.5757223308376245.
[I 2025-05-13 01:46:30,273] Trial 18 finished with value: 0.5737817561148406 and parameters: {'interp_param': 0.7875931536077557}. Best is trial 10 with value: 0.5757223308376245.
[I 2025-05-13 01:46:33,721] Trial 19 finished with value: 0.5687939498562928 and parameters: {'interp_param': 0.566038670371247}. Best is trial 10 with value: 0.5757223308376245.
[I 2025-05-13 01:46:37,174] Trial 20 finished with value: 0.5745584870841989 and parameters: {'interp_param': 0.8231156452926559}. Best is trial 10 with value: 0.5757223308376245.
[I 2025-05-13 01:46:40,634] Trial 21 finished with value: 0.5751363241794513 and parameters: {'interp_param': 0.8947931638083231}. Best is trial 10 with value: 0.5757223308376245.
[I 2025-05-13 01:46:44,081] Trial 22 finished with value: 0.5757384384582195 and parameters: {'interp_param': 0.9459193962077188}. Best is trial 22 with value: 0.5757384384582195.
[I 2025-05-13 01:46:47,534] Trial 23 finished with value: 0.5744971330493165 and parameters: {'interp_param': 0.9904630865465816}. Best is trial 22 with value: 0.5757384384582195.
[I 2025-05-13 01:46:50,995] Trial 24 finished with value: 0.5743619031179971 and parameters: {'interp_param': 0.8087701910604822}. Best is trial 22 with value: 0.5757384384582195.
[I 2025-05-13 01:46:54,439] Trial 25 finished with value: 0.5706894736581087 and parameters: {'interp_param': 0.6534886096022328}. Best is trial 22 with value: 0.5757384384582195.
[I 2025-05-13 01:46:57,884] Trial 26 finished with value: 0.575436936314306 and parameters: {'interp_param': 0.9274398735851717}. Best is trial 22 with value: 0.5757384384582195.
[I 2025-05-13 01:47:01,341] Trial 27 finished with value: 0.5729681437874352 and parameters: {'interp_param': 0.7566849041062472}. Best is trial 22 with value: 0.5757384384582195.
[I 2025-05-13 01:47:04,796] Trial 28 finished with value: 0.5756800991361026 and parameters: {'interp_param': 0.9384990403056543}. Best is trial 22 with value: 0.5757384384582195.
[I 2025-05-13 01:47:08,245] Trial 29 finished with value: 0.5589590359388951 and parameters: {'interp_param': 0.31725372316916506}. Best is trial 22 with value: 0.5757384384582195.
[I 2025-05-13 01:47:11,700] Trial 30 finished with value: 0.5536677931814852 and parameters: {'interp_param': 0.19737346245893395}. Best is trial 22 with value: 0.5757384384582195.
[I 2025-05-13 01:47:15,143] Trial 31 finished with value: 0.5756988407719468 and parameters: {'interp_param': 0.9390635368680791}. Best is trial 22 with value: 0.5757384384582195.
[I 2025-05-13 01:47:18,596] Trial 32 finished with value: 0.5746618824718447 and parameters: {'interp_param': 0.8488286020616208}. Best is trial 22 with value: 0.5757384384582195.
[I 2025-05-13 01:47:22,213] Trial 33 finished with value: 0.5757375638828439 and parameters: {'interp_param': 0.9458863780858973}. Best is trial 22 with value: 0.5757384384582195.
[I 2025-05-13 01:47:25,671] Trial 34 finished with value: 0.5725814940138608 and parameters: {'interp_param': 0.7326617898799523}. Best is trial 22 with value: 0.5757384384582195.
[I 2025-05-13 01:47:29,120] Trial 35 finished with value: 0.574736550630681 and parameters: {'interp_param': 0.8607834918136245}. Best is trial 22 with value: 0.5757384384582195.
[I 2025-05-13 01:47:32,577] Trial 36 finished with value: 0.5756140995626075 and parameters: {'interp_param': 0.9353115862911836}. Best is trial 22 with value: 0.5757384384582195.
[I 2025-05-13 01:47:36,024] Trial 37 finished with value: 0.5632391306589065 and parameters: {'interp_param': 0.40983960130887437}. Best is trial 22 with value: 0.5757384384582195.
[I 2025-05-13 01:47:39,481] Trial 38 finished with value: 0.5753789622560225 and parameters: {'interp_param': 0.9595523970144224}. Best is trial 22 with value: 0.5757384384582195.
[I 2025-05-13 01:47:42,940] Trial 39 finished with value: 0.5748766576058599 and parameters: {'interp_param': 0.8662298805223658}. Best is trial 22 with value: 0.5757384384582195.
[I 2025-05-13 01:47:46,390] Trial 40 finished with value: 0.5732514444744132 and parameters: {'interp_param': 0.7673717523069858}. Best is trial 22 with value: 0.5757384384582195.
[I 2025-05-13 01:47:49,844] Trial 41 finished with value: 0.575641900770431 and parameters: {'interp_param': 0.9518985698501817}. Best is trial 22 with value: 0.5757384384582195.
[I 2025-05-13 01:47:53,295] Trial 42 finished with value: 0.5751221869257319 and parameters: {'interp_param': 0.9045662748760297}. Best is trial 22 with value: 0.5757384384582195.
[I 2025-05-13 01:47:56,748] Trial 43 finished with value: 0.5755333968336791 and parameters: {'interp_param': 0.9548021092839736}. Best is trial 22 with value: 0.5757384384582195.
[I 2025-05-13 01:48:00,212] Trial 44 finished with value: 0.5740617539936352 and parameters: {'interp_param': 0.7962696897806665}. Best is trial 22 with value: 0.5757384384582195.
[I 2025-05-13 01:48:03,669] Trial 45 finished with value: 0.5751920757873684 and parameters: {'interp_param': 0.8812877388251159}. Best is trial 22 with value: 0.5757384384582195.
[I 2025-05-13 01:48:07,123] Trial 46 finished with value: 0.5721054832151391 and parameters: {'interp_param': 0.7016221660779959}. Best is trial 22 with value: 0.5757384384582195.
[I 2025-05-13 01:48:10,577] Trial 47 finished with value: 0.5745998699331502 and parameters: {'interp_param': 0.8282293147388777}. Best is trial 22 with value: 0.5757384384582195.
[I 2025-05-13 01:48:14,179] Trial 48 finished with value: 0.5745887525367573 and parameters: {'interp_param': 0.9853094438283961}. Best is trial 22 with value: 0.5757384384582195.
[I 2025-05-13 01:48:17,625] Trial 49 finished with value: 0.5497977508431884 and parameters: {'interp_param': 0.09984954394768664}. Best is trial 22 with value: 0.5757384384582195.
[I 2025-05-13 01:48:21,075] Trial 50 finished with value: 0.5698889130820446 and parameters: {'interp_param': 0.6081561147724625}. Best is trial 22 with value: 0.5757384384582195.
[I 2025-05-13 01:48:24,533] Trial 51 finished with value: 0.5757263127278642 and parameters: {'interp_param': 0.9444825462465275}. Best is trial 22 with value: 0.5757384384582195.
[I 2025-05-13 01:48:27,989] Trial 52 finished with value: 0.5754813184423397 and parameters: {'interp_param': 0.9295350089666224}. Best is trial 22 with value: 0.5757384384582195.
[I 2025-05-13 01:48:31,433] Trial 53 finished with value: 0.5751361595534982 and parameters: {'interp_param': 0.8975689844074168}. Best is trial 22 with value: 0.5757384384582195.
[I 2025-05-13 01:48:34,875] Trial 54 finished with value: 0.5734607406509281 and parameters: {'interp_param': 0.9973047162723992}. Best is trial 22 with value: 0.5757384384582195.
[I 2025-05-13 01:48:38,332] Trial 55 finished with value: 0.5749965876126667 and parameters: {'interp_param': 0.9663213200541609}. Best is trial 22 with value: 0.5757384384582195.
[I 2025-05-13 01:48:41,780] Trial 56 finished with value: 0.5746546337853489 and parameters: {'interp_param': 0.8383625822034605}. Best is trial 22 with value: 0.5757384384582195.
[I 2025-05-13 01:48:45,239] Trial 57 finished with value: 0.5752564342458941 and parameters: {'interp_param': 0.9137064876990447}. Best is trial 22 with value: 0.5757384384582195.
[I 2025-05-13 01:48:48,691] Trial 58 finished with value: 0.5750282575303872 and parameters: {'interp_param': 0.872839359494804}. Best is trial 22 with value: 0.5757384384582195.
[I 2025-05-13 01:48:52,151] Trial 59 finished with value: 0.5653296590466869 and parameters: {'interp_param': 0.4711327322447835}. Best is trial 22 with value: 0.5757384384582195.
[I 2025-05-13 01:48:55,607] Trial 60 finished with value: 0.5736963769799333 and parameters: {'interp_param': 0.7808996654310665}. Best is trial 22 with value: 0.5757384384582195.
[I 2025-05-13 01:48:59,058] Trial 61 finished with value: 0.5755320592478105 and parameters: {'interp_param': 0.9549904159405459}. Best is trial 22 with value: 0.5757384384582195.
[I 2025-05-13 01:49:02,516] Trial 62 finished with value: 0.5757125098706121 and parameters: {'interp_param': 0.9418899983710107}. Best is trial 22 with value: 0.5757384384582195.
[I 2025-05-13 01:49:06,124] Trial 63 finished with value: 0.5755160905303633 and parameters: {'interp_param': 0.9192341540237392}. Best is trial 22 with value: 0.5757384384582195.
[I 2025-05-13 01:49:09,578] Trial 64 finished with value: 0.5752437683366303 and parameters: {'interp_param': 0.887376763249043}. Best is trial 22 with value: 0.5757384384582195.
[I 2025-05-13 01:49:13,041] Trial 65 finished with value: 0.5744339681289505 and parameters: {'interp_param': 0.8155781584181165}. Best is trial 22 with value: 0.5757384384582195.
[I 2025-05-13 01:49:16,497] Trial 66 finished with value: 0.5747806292296137 and parameters: {'interp_param': 0.9822494612070419}. Best is trial 22 with value: 0.5757384384582195.
[I 2025-05-13 01:49:19,952] Trial 67 finished with value: 0.5550583114385961 and parameters: {'interp_param': 0.22562645379285473}. Best is trial 22 with value: 0.5757384384582195.
[I 2025-05-13 01:49:23,402] Trial 68 finished with value: 0.5757265751004769 and parameters: {'interp_param': 0.9473638802072741}. Best is trial 22 with value: 0.5757384384582195.
[I 2025-05-13 01:49:26,855] Trial 69 finished with value: 0.5747160238321585 and parameters: {'interp_param': 0.8538625820322213}. Best is trial 22 with value: 0.5757384384582195.
[I 2025-05-13 01:49:30,302] Trial 70 finished with value: 0.575535408357043 and parameters: {'interp_param': 0.9329660364659103}. Best is trial 22 with value: 0.5757384384582195.
[I 2025-05-13 01:49:33,757] Trial 71 finished with value: 0.5751520974035791 and parameters: {'interp_param': 0.9635507806574433}. Best is trial 22 with value: 0.5757384384582195.
[I 2025-05-13 01:49:37,203] Trial 72 finished with value: 0.5756809531332342 and parameters: {'interp_param': 0.9387468692753257}. Best is trial 22 with value: 0.5757384384582195.
[I 2025-05-13 01:49:40,654] Trial 73 finished with value: 0.5751677060017539 and parameters: {'interp_param': 0.8926151041356056}. Best is trial 22 with value: 0.5757384384582195.
[I 2025-05-13 01:49:44,096] Trial 74 finished with value: 0.5744714977016879 and parameters: {'interp_param': 0.9906925879728925}. Best is trial 22 with value: 0.5757384384582195.
[I 2025-05-13 01:49:47,539] Trial 75 finished with value: 0.5754973591836412 and parameters: {'interp_param': 0.9223943293886647}. Best is trial 22 with value: 0.5757384384582195.
[I 2025-05-13 01:49:50,993] Trial 76 finished with value: 0.5750441593685409 and parameters: {'interp_param': 0.8740795733428227}. Best is trial 22 with value: 0.5757384384582195.
[I 2025-05-13 01:49:54,603] Trial 77 finished with value: 0.5749756492492615 and parameters: {'interp_param': 0.9668930469039181}. Best is trial 22 with value: 0.5757384384582195.
[I 2025-05-13 01:49:58,052] Trial 78 finished with value: 0.5746736223601225 and parameters: {'interp_param': 0.8347210400804548}. Best is trial 22 with value: 0.5757384384582195.
[I 2025-05-13 01:50:01,509] Trial 79 finished with value: 0.5726507861064174 and parameters: {'interp_param': 0.7349461994679157}. Best is trial 22 with value: 0.5757384384582195.
[I 2025-05-13 01:50:04,959] Trial 80 finished with value: 0.5757127002193703 and parameters: {'interp_param': 0.9419040124315379}. Best is trial 22 with value: 0.5757384384582195.
[I 2025-05-13 01:50:08,414] Trial 81 finished with value: 0.5757157149321358 and parameters: {'interp_param': 0.9414916200280601}. Best is trial 22 with value: 0.5757384384582195.
[I 2025-05-13 01:50:11,870] Trial 82 finished with value: 0.5732863811883899 and parameters: {'interp_param': 0.998115349184397}. Best is trial 22 with value: 0.5757384384582195.
[I 2025-05-13 01:50:15,323] Trial 83 finished with value: 0.5751435368540199 and parameters: {'interp_param': 0.907264786886597}. Best is trial 22 with value: 0.5757384384582195.
[I 2025-05-13 01:50:18,778] Trial 84 finished with value: 0.5757199128939389 and parameters: {'interp_param': 0.9423414652285275}. Best is trial 22 with value: 0.5757384384582195.
[I 2025-05-13 01:50:22,223] Trial 85 finished with value: 0.5748940359330303 and parameters: {'interp_param': 0.9709153886463785}. Best is trial 22 with value: 0.5757384384582195.
[I 2025-05-13 01:50:25,671] Trial 86 finished with value: 0.5747193214957806 and parameters: {'interp_param': 0.8564502432273574}. Best is trial 22 with value: 0.5757384384582195.
[I 2025-05-13 01:50:29,131] Trial 87 finished with value: 0.5751360978187658 and parameters: {'interp_param': 0.8975205040845392}. Best is trial 22 with value: 0.5757384384582195.
[I 2025-05-13 01:50:32,582] Trial 88 finished with value: 0.5756350122032075 and parameters: {'interp_param': 0.9520895698308021}. Best is trial 22 with value: 0.5757384384582195.
[I 2025-05-13 01:50:36,024] Trial 89 finished with value: 0.5742801045975686 and parameters: {'interp_param': 0.8043074037557849}. Best is trial 22 with value: 0.5757384384582195.
[I 2025-05-13 01:50:39,478] Trial 90 finished with value: 0.5755068097422593 and parameters: {'interp_param': 0.9183161865998832}. Best is trial 22 with value: 0.5757384384582195.
[I 2025-05-13 01:50:42,922] Trial 91 finished with value: 0.575601973832252 and parameters: {'interp_param': 0.934983254856958}. Best is trial 22 with value: 0.5757384384582195.
[I 2025-05-13 01:50:46,529] Trial 92 finished with value: 0.575057632973887 and parameters: {'interp_param': 0.8748873670587952}. Best is trial 22 with value: 0.5757384384582195.
[I 2025-05-13 01:50:49,976] Trial 93 finished with value: 0.5757325530803974 and parameters: {'interp_param': 0.9456594749904355}. Best is trial 22 with value: 0.5757384384582195.
[I 2025-05-13 01:50:53,422] Trial 94 finished with value: 0.5748677678043946 and parameters: {'interp_param': 0.9786260035007184}. Best is trial 22 with value: 0.5757384384582195.
[I 2025-05-13 01:50:56,883] Trial 95 finished with value: 0.5757409284257595 and parameters: {'interp_param': 0.9470772685681471}. Best is trial 95 with value: 0.5757409284257595.
[I 2025-05-13 01:51:00,333] Trial 96 finished with value: 0.5751198101385346 and parameters: {'interp_param': 0.9065691325687032}. Best is trial 95 with value: 0.5757409284257595.
[I 2025-05-13 01:51:03,793] Trial 97 finished with value: 0.5732330886806467 and parameters: {'interp_param': 0.9983689835259194}. Best is trial 95 with value: 0.5757409284257595.
[I 2025-05-13 01:51:07,244] Trial 98 finished with value: 0.5620443115034998 and parameters: {'interp_param': 0.38181912263932727}. Best is trial 95 with value: 0.5757409284257595.
