[I 2025-05-13 01:55:48,879] Trial 99 finished with value: 0.5211887131788076 and parameters: {'threshold_scale_factor': 0.15315050391267093}. Best is trial 93 with value: 0.5666919748202135.
Best hyperparameters: {'threshold_scale_factor': 0.9340947356646367}
Best optimized value: 0.5666919748202135
Running audit 1/1
Training a GraphSAGE target model on pubmed...
Training GraphSAGE on cuda:   0%|          | 0/100 [00:00<?, ?it/s]Training GraphSAGE on cuda:  22%|██▏       | 22/100 [00:00<00:00, 215.20it/s]Training GraphSAGE on cuda:  44%|████▍     | 44/100 [00:00<00:00, 215.76it/s]Training GraphSAGE on cuda:  66%|██████▌   | 66/100 [00:00<00:00, 215.98it/s]Training GraphSAGE on cuda:  88%|████████▊ | 88/100 [00:00<00:00, 216.23it/s]Training GraphSAGE on cuda: 100%|██████████| 100/100 [00:00<00:00, 216.01it/s]
Train accuracy: 0.9598 | Test accuracy: 0.8690
Training MLP on cuda:   0%|          | 0/1000 [00:00<?, ?it/s]Training MLP on cuda:   0%|          | 1/1000 [00:20<5:43:07, 20.61s/it]Training MLP on cuda:   0%|          | 2/1000 [00:41<5:40:50, 20.49s/it]Training MLP on cuda:   0%|          | 3/1000 [01:01<5:41:14, 20.54s/it]Training MLP on cuda:   0%|          | 4/1000 [01:22<5:41:06, 20.55s/it]Training MLP on cuda:   0%|          | 5/1000 [01:42<5:40:24, 20.53s/it]Training MLP on cuda:   1%|          | 6/1000 [02:03<5:40:46, 20.57s/it]Training MLP on cuda:   1%|          | 7/1000 [02:23<5:40:43, 20.59s/it]Training MLP on cuda:   1%|          | 8/1000 [02:44<5:41:12, 20.64s/it]Training MLP on cuda:   1%|          | 9/1000 [03:05<5:40:17, 20.60s/it]Training MLP on cuda:   1%|          | 10/1000 [03:25<5:40:08, 20.61s/it]Training MLP on cuda:   1%|          | 11/1000 [03:46<5:39:16, 20.58s/it]Training MLP on cuda:   1%|          | 12/1000 [04:07<5:39:27, 20.62s/it]Training MLP on cuda:   1%|▏         | 13/1000 [04:27<5:39:04, 20.61s/it]Training MLP on cuda:   1%|▏         | 14/1000 [04:48<5:38:03, 20.57s/it]Training MLP on cuda:   2%|▏         | 15/1000 [05:08<5:38:02, 20.59s/it]Training MLP on cuda:   2%|▏         | 16/1000 [05:29<5:37:44, 20.59s/it]Training MLP on cuda:   2%|▏         | 17/1000 [05:50<5:38:20, 20.65s/it]Training MLP on cuda:   2%|▏         | 18/1000 [06:10<5:37:04, 20.59s/it]Training MLP on cuda:   2%|▏         | 19/1000 [06:31<5:37:06, 20.62s/it]Training MLP on cuda:   2%|▏         | 20/1000 [06:51<5:36:09, 20.58s/it]Training MLP on cuda:   2%|▏         | 21/1000 [07:12<5:36:09, 20.60s/it]Training MLP on cuda:   2%|▏         | 22/1000 [07:33<5:35:51, 20.60s/it]Training MLP on cuda:   2%|▏         | 23/1000 [07:53<5:34:42, 20.56s/it]Training MLP on cuda:   2%|▏         | 24/1000 [08:14<5:34:49, 20.58s/it]Training MLP on cuda:   2%|▎         | 25/1000 [08:34<5:34:35, 20.59s/it]Training MLP on cuda:   3%|▎         | 26/1000 [08:55<5:35:04, 20.64s/it]Training MLP on cuda:   3%|▎         | 27/1000 [09:16<5:34:09, 20.61s/it]Training MLP on cuda:   3%|▎         | 28/1000 [09:36<5:34:01, 20.62s/it]Training MLP on cuda:   3%|▎         | 29/1000 [09:57<5:33:02, 20.58s/it]Training MLP on cuda:   3%|▎         | 30/1000 [10:17<5:33:05, 20.60s/it]Training MLP on cuda:   3%|▎         | 31/1000 [10:38<5:32:37, 20.60s/it]Training MLP on cuda:   3%|▎         | 32/1000 [10:58<5:31:33, 20.55s/it]Training MLP on cuda:   3%|▎         | 33/1000 [11:19<5:31:31, 20.57s/it]Training MLP on cuda:   3%|▎         | 34/1000 [11:40<5:31:22, 20.58s/it]Training MLP on cuda:   4%|▎         | 35/1000 [12:00<5:31:42, 20.62s/it]Training MLP on cuda:   4%|▎         | 36/1000 [12:21<5:30:57, 20.60s/it]Training MLP on cuda:   4%|▎         | 37/1000 [12:41<5:30:49, 20.61s/it]Training MLP on cuda:   4%|▍         | 38/1000 [13:02<5:29:48, 20.57s/it]Training MLP on cuda:   4%|▍         | 39/1000 [13:23<5:30:04, 20.61s/it]Training MLP on cuda:   4%|▍         | 40/1000 [13:43<5:29:25, 20.59s/it]Training MLP on cuda:   4%|▍         | 41/1000 [14:04<5:28:28, 20.55s/it]Training MLP on cuda:   4%|▍         | 42/1000 [14:24<5:28:30, 20.57s/it]Training MLP on cuda:   4%|▍         | 43/1000 [14:45<5:28:23, 20.59s/it]Training MLP on cuda:   4%|▍         | 44/1000 [15:06<5:28:51, 20.64s/it]Training MLP on cuda:   4%|▍         | 45/1000 [15:26<5:27:46, 20.59s/it]Training MLP on cuda:   5%|▍         | 46/1000 [15:47<5:27:42, 20.61s/it]Training MLP on cuda:   5%|▍         | 47/1000 [16:07<5:26:43, 20.57s/it]Training MLP on cuda:   5%|▍         | 48/1000 [16:28<5:26:59, 20.61s/it]Training MLP on cuda:   5%|▍         | 49/1000 [16:49<5:26:24, 20.59s/it]Training MLP on cuda:   5%|▌         | 50/1000 [17:09<5:25:15, 20.54s/it]Training MLP on cuda:   5%|▌         | 51/1000 [17:30<5:25:20, 20.57s/it]Training MLP on cuda:   5%|▌         | 52/1000 [17:50<5:25:10, 20.58s/it]Training MLP on cuda:   5%|▌         | 53/1000 [18:11<5:25:36, 20.63s/it]Training MLP on cuda:   5%|▌         | 54/1000 [18:31<5:24:35, 20.59s/it]Training MLP on cuda:   6%|▌         | 55/1000 [18:52<5:24:22, 20.60s/it]Training MLP on cuda:   6%|▌         | 56/1000 [19:13<5:23:38, 20.57s/it]Training MLP on cuda:   6%|▌         | 57/1000 [19:33<5:23:35, 20.59s/it]Training MLP on cuda:   6%|▌         | 58/1000 [19:54<5:23:19, 20.59s/it]Training MLP on cuda:   6%|▌         | 59/1000 [20:14<5:22:17, 20.55s/it]Training MLP on cuda:   6%|▌         | 60/1000 [20:35<5:22:22, 20.58s/it]Training MLP on cuda:   6%|▌         | 61/1000 [20:56<5:22:13, 20.59s/it]Training MLP on cuda:   6%|▌         | 62/1000 [21:16<5:22:34, 20.63s/it]Training MLP on cuda:   6%|▋         | 63/1000 [21:37<5:21:55, 20.61s/it]Training MLP on cuda:   6%|▋         | 64/1000 [21:58<5:22:07, 20.65s/it]Training MLP on cuda:   6%|▋         | 65/1000 [22:18<5:22:04, 20.67s/it]Training MLP on cuda:   7%|▋         | 66/1000 [22:39<5:23:20, 20.77s/it]Training MLP on cuda:   7%|▋         | 67/1000 [23:00<5:24:07, 20.84s/it]Training MLP on cuda:   7%|▋         | 68/1000 [23:21<5:24:04, 20.86s/it]Training MLP on cuda:   7%|▋         | 69/1000 [23:42<5:24:51, 20.94s/it]Training MLP on cuda:   7%|▋         | 70/1000 [24:03<5:24:54, 20.96s/it]Training MLP on cuda:   7%|▋         | 71/1000 [24:25<5:25:56, 21.05s/it]Training MLP on cuda:   7%|▋         | 72/1000 [24:46<5:25:16, 21.03s/it]Training MLP on cuda:   7%|▋         | 73/1000 [25:07<5:25:34, 21.07s/it]Training MLP on cuda:   7%|▋         | 74/1000 [25:28<5:24:14, 21.01s/it]Training MLP on cuda:   8%|▊         | 75/1000 [25:49<5:24:43, 21.06s/it]Training MLP on cuda:   8%|▊         | 76/1000 [26:10<5:24:20, 21.06s/it]Training MLP on cuda:   8%|▊         | 77/1000 [26:31<5:23:13, 21.01s/it]Training MLP on cuda:   8%|▊         | 78/1000 [26:52<5:21:51, 20.95s/it]Training MLP on cuda:   8%|▊         | 79/1000 [27:12<5:19:58, 20.85s/it]Training MLP on cuda:   8%|▊         | 80/1000 [27:33<5:19:06, 20.81s/it]Training MLP on cuda:   8%|▊         | 81/1000 [27:53<5:17:05, 20.70s/it]Training MLP on cuda:   8%|▊         | 82/1000 [28:14<5:16:31, 20.69s/it]Training MLP on cuda:   8%|▊         | 83/1000 [28:34<5:15:15, 20.63s/it]Training MLP on cuda:   8%|▊         | 84/1000 [28:55<5:15:10, 20.64s/it]Training MLP on cuda:   8%|▊         | 85/1000 [29:16<5:14:39, 20.63s/it]Training MLP on cuda:   9%|▊         | 86/1000 [29:36<5:13:21, 20.57s/it]Training MLP on cuda:   9%|▊         | 87/1000 [29:57<5:13:18, 20.59s/it]Training MLP on cuda:   9%|▉         | 88/1000 [30:17<5:13:11, 20.60s/it]Training MLP on cuda:   9%|▉         | 89/1000 [30:38<5:13:30, 20.65s/it]Training MLP on cuda:   9%|▉         | 90/1000 [30:59<5:12:32, 20.61s/it]Training MLP on cuda:   9%|▉         | 91/1000 [31:19<5:12:17, 20.61s/it]Training MLP on cuda:   9%|▉         | 92/1000 [31:40<5:11:15, 20.57s/it]Training MLP on cuda:   9%|▉         | 93/1000 [32:00<5:11:09, 20.58s/it]Training MLP on cuda:   9%|▉         | 94/1000 [32:21<5:10:20, 20.55s/it]Training MLP on cuda:  10%|▉         | 95/1000 [32:41<5:08:41, 20.47s/it]Training MLP on cuda:  10%|▉         | 96/1000 [33:02<5:08:14, 20.46s/it]Training MLP on cuda:  10%|▉         | 97/1000 [33:22<5:07:40, 20.44s/it]Training MLP on cuda:  10%|▉         | 98/1000 [33:43<5:07:46, 20.47s/it]Training MLP on cuda:  10%|▉         | 99/1000 [34:03<5:06:37, 20.42s/it]Training MLP on cuda:  10%|█         | 100/1000 [34:23<5:06:28, 20.43s/it]Training MLP on cuda:  10%|█         | 101/1000 [34:44<5:05:26, 20.39s/it]Training MLP on cuda:  10%|█         | 102/1000 [35:04<5:05:18, 20.40s/it]Training MLP on cuda:  10%|█         | 103/1000 [35:24<5:04:25, 20.36s/it]Training MLP on cuda:  10%|█         | 104/1000 [35:44<5:03:06, 20.30s/it]Training MLP on cuda:  10%|█         | 105/1000 [36:05<5:03:01, 20.31s/it]Training MLP on cuda:  11%|█         | 106/1000 [36:25<5:02:48, 20.32s/it]Training MLP on cuda:  11%|█         | 107/1000 [36:46<5:03:05, 20.36s/it]Training MLP on cuda:  11%|█         | 108/1000 [37:06<5:02:13, 20.33s/it]Training MLP on cuda:  11%|█         | 109/1000 [37:26<5:02:11, 20.35s/it]Training MLP on cuda:  11%|█         | 110/1000 [37:46<5:01:19, 20.31s/it]Training MLP on cuda:  11%|█         | 111/1000 [38:07<5:01:27, 20.35s/it]Training MLP on cuda:  11%|█         | 112/1000 [38:27<5:01:00, 20.34s/it]Training MLP on cuda:  11%|█▏        | 113/1000 [38:47<4:59:53, 20.29s/it]Training MLP on cuda:  11%|█▏        | 114/1000 [39:08<5:00:02, 20.32s/it]Training MLP on cuda:  12%|█▏        | 115/1000 [39:28<4:59:50, 20.33s/it]Training MLP on cuda:  12%|█▏        | 116/1000 [39:49<5:00:19, 20.38s/it]Training MLP on cuda:  12%|█▏        | 117/1000 [40:09<4:59:23, 20.34s/it]Training MLP on cuda:  12%|█▏        | 118/1000 [40:29<4:59:16, 20.36s/it]Training MLP on cuda:  12%|█▏        | 119/1000 [40:49<4:58:20, 20.32s/it]Training MLP on cuda:  12%|█▏        | 120/1000 [41:10<4:58:21, 20.34s/it]Training MLP on cuda:  12%|█▏        | 121/1000 [41:30<4:57:55, 20.34s/it]Training MLP on cuda:  12%|█▏        | 122/1000 [41:50<4:57:08, 20.31s/it]Training MLP on cuda:  12%|█▏        | 123/1000 [42:11<4:57:09, 20.33s/it]Training MLP on cuda:  12%|█▏        | 124/1000 [42:31<4:56:58, 20.34s/it]Training MLP on cuda:  12%|█▎        | 125/1000 [42:52<4:57:07, 20.37s/it]Training MLP on cuda:  13%|█▎        | 126/1000 [43:12<4:56:03, 20.32s/it]Training MLP on cuda:  13%|█▎        | 127/1000 [43:32<4:56:00, 20.34s/it]Training MLP on cuda:  13%|█▎        | 128/1000 [43:52<4:55:09, 20.31s/it]Training MLP on cuda:  13%|█▎        | 129/1000 [44:13<4:55:25, 20.35s/it]Training MLP on cuda:  13%|█▎        | 130/1000 [44:33<4:54:56, 20.34s/it]Training MLP on cuda:  13%|█▎        | 131/1000 [44:53<4:53:53, 20.29s/it]Training MLP on cuda:  13%|█▎        | 132/1000 [45:14<4:53:56, 20.32s/it]Training MLP on cuda:  13%|█▎        | 133/1000 [45:34<4:53:45, 20.33s/it]Training MLP on cuda:  13%|█▎        | 134/1000 [45:55<4:54:02, 20.37s/it]Training MLP on cuda:  14%|█▎        | 135/1000 [46:15<4:53:05, 20.33s/it]Training MLP on cuda:  14%|█▎        | 136/1000 [46:35<4:52:56, 20.34s/it]Training MLP on cuda:  14%|█▎        | 137/1000 [46:55<4:52:05, 20.31s/it]Training MLP on cuda:  14%|█▍        | 138/1000 [47:16<4:52:06, 20.33s/it]Training MLP on cuda:  14%|█▍        | 139/1000 [47:36<4:51:40, 20.33s/it]Training MLP on cuda:  14%|█▍        | 140/1000 [47:56<4:50:34, 20.27s/it]Training MLP on cuda:  14%|█▍        | 141/1000 [48:17<4:50:38, 20.30s/it]Training MLP on cuda:  14%|█▍        | 142/1000 [48:37<4:50:28, 20.31s/it]Training MLP on cuda:  14%|█▍        | 143/1000 [48:58<4:50:55, 20.37s/it]Training MLP on cuda:  14%|█▍        | 144/1000 [49:18<4:50:09, 20.34s/it]Training MLP on cuda:  14%|█▍        | 145/1000 [49:38<4:50:02, 20.35s/it]Training MLP on cuda:  15%|█▍        | 146/1000 [49:58<4:49:08, 20.31s/it]Training MLP on cuda:  15%|█▍        | 147/1000 [50:19<4:49:06, 20.34s/it]Training MLP on cuda:  15%|█▍        | 148/1000 [50:39<4:48:43, 20.33s/it]Training MLP on cuda:  15%|█▍        | 149/1000 [50:59<4:47:48, 20.29s/it]Training MLP on cuda:  15%|█▌        | 150/1000 [51:20<4:47:48, 20.32s/it]Training MLP on cuda:  15%|█▌        | 151/1000 [51:40<4:47:39, 20.33s/it]Training MLP on cuda:  15%|█▌        | 152/1000 [52:01<4:48:02, 20.38s/it]Training MLP on cuda:  15%|█▌        | 153/1000 [52:21<4:47:05, 20.34s/it]Training MLP on cuda:  15%|█▌        | 154/1000 [52:41<4:46:54, 20.35s/it]Training MLP on cuda:  16%|█▌        | 155/1000 [53:01<4:45:56, 20.30s/it]Training MLP on cuda:  16%|█▌        | 156/1000 [53:22<4:45:57, 20.33s/it]Training MLP on cuda:  16%|█▌        | 157/1000 [53:42<4:45:25, 20.31s/it]Training MLP on cuda:  16%|█▌        | 158/1000 [54:02<4:44:24, 20.27s/it]Training MLP on cuda:  16%|█▌        | 159/1000 [54:23<4:44:26, 20.29s/it]Training MLP on cuda:  16%|█▌        | 160/1000 [54:43<4:44:20, 20.31s/it]Training MLP on cuda:  16%|█▌        | 161/1000 [55:03<4:44:43, 20.36s/it]Training MLP on cuda:  16%|█▌        | 162/1000 [55:24<4:43:53, 20.33s/it]Training MLP on cuda:  16%|█▋        | 163/1000 [55:44<4:43:40, 20.34s/it]Training MLP on cuda:  16%|█▋        | 164/1000 [56:04<4:42:49, 20.30s/it]Training MLP on cuda:  16%|█▋        | 165/1000 [56:25<4:42:53, 20.33s/it]Training MLP on cuda:  17%|█▋        | 166/1000 [56:45<4:42:20, 20.31s/it]Training MLP on cuda:  17%|█▋        | 167/1000 [57:05<4:41:20, 20.26s/it]Training MLP on cuda:  17%|█▋        | 168/1000 [57:25<4:41:18, 20.29s/it]Training MLP on cuda:  17%|█▋        | 169/1000 [57:46<4:41:15, 20.31s/it]Training MLP on cuda:  17%|█▋        | 170/1000 [58:06<4:41:37, 20.36s/it]Training MLP on cuda:  17%|█▋        | 171/1000 [58:26<4:40:49, 20.32s/it]Training MLP on cuda:  17%|█▋        | 172/1000 [58:47<4:40:42, 20.34s/it]Training MLP on cuda:  17%|█▋        | 173/1000 [59:07<4:39:49, 20.30s/it]Training MLP on cuda:  17%|█▋        | 174/1000 [59:27<4:39:44, 20.32s/it]Training MLP on cuda:  18%|█▊        | 175/1000 [59:48<4:39:18, 20.31s/it]Training MLP on cuda:  18%|█▊        | 176/1000 [1:00:08<4:38:24, 20.27s/it]Training MLP on cuda:  18%|█▊        | 177/1000 [1:00:28<4:38:05, 20.27s/it]Training MLP on cuda:  18%|█▊        | 178/1000 [1:00:48<4:38:06, 20.30s/it]Training MLP on cuda:  18%|█▊        | 179/1000 [1:01:09<4:38:20, 20.34s/it]Training MLP on cuda:  18%|█▊        | 180/1000 [1:01:29<4:37:34, 20.31s/it]Training MLP on cuda:  18%|█▊        | 181/1000 [1:01:50<4:37:34, 20.33s/it]Training MLP on cuda:  18%|█▊        | 181/1000 [1:02:10<4:41:19, 20.61s/it]
Training MLP on cuda:   0%|          | 0/1000 [00:00<?, ?it/s]Training MLP on cuda:   0%|          | 1/1000 [00:20<5:34:51, 20.11s/it]Training MLP on cuda:   0%|          | 2/1000 [00:40<5:33:57, 20.08s/it]Training MLP on cuda:   0%|          | 3/1000 [01:00<5:33:54, 20.09s/it]Training MLP on cuda:   0%|          | 4/1000 [01:20<5:34:19, 20.14s/it]Training MLP on cuda:   0%|          | 5/1000 [01:40<5:32:48, 20.07s/it]Training MLP on cuda:   1%|          | 6/1000 [02:00<5:32:36, 20.08s/it]Training MLP on cuda:   1%|          | 7/1000 [02:20<5:32:37, 20.10s/it]Training MLP on cuda:   1%|          | 8/1000 [02:40<5:31:35, 20.06s/it]Training MLP on cuda:   1%|          | 9/1000 [03:00<5:32:13, 20.11s/it]Training MLP on cuda:   1%|          | 10/1000 [03:21<5:31:58, 20.12s/it]Training MLP on cuda:   1%|          | 11/1000 [03:41<5:32:07, 20.15s/it]Training MLP on cuda:   1%|          | 12/1000 [04:01<5:30:42, 20.08s/it]Training MLP on cuda:   1%|▏         | 13/1000 [04:21<5:30:14, 20.08s/it]Training MLP on cuda:   1%|▏         | 14/1000 [04:41<5:30:09, 20.09s/it]Training MLP on cuda:   2%|▏         | 15/1000 [05:01<5:29:24, 20.07s/it]Training MLP on cuda:   2%|▏         | 16/1000 [05:21<5:30:05, 20.13s/it]Training MLP on cuda:   2%|▏         | 17/1000 [05:41<5:29:44, 20.13s/it]Training MLP on cuda:   2%|▏         | 18/1000 [06:01<5:29:38, 20.14s/it]Training MLP on cuda:   2%|▏         | 19/1000 [06:21<5:28:13, 20.07s/it]Training MLP on cuda:   2%|▏         | 20/1000 [06:41<5:27:49, 20.07s/it]Training MLP on cuda:   2%|▏         | 21/1000 [07:02<5:27:39, 20.08s/it]Training MLP on cuda:   2%|▏         | 22/1000 [07:21<5:26:50, 20.05s/it]Training MLP on cuda:   2%|▏         | 23/1000 [07:42<5:27:33, 20.12s/it]Training MLP on cuda:   2%|▏         | 24/1000 [08:02<5:27:25, 20.13s/it]Training MLP on cuda:   2%|▎         | 25/1000 [08:22<5:27:38, 20.16s/it]Training MLP on cuda:   3%|▎         | 26/1000 [08:42<5:26:34, 20.12s/it]Training MLP on cuda:   3%|▎         | 27/1000 [09:02<5:25:53, 20.10s/it]Training MLP on cuda:   3%|▎         | 28/1000 [09:22<5:25:44, 20.11s/it]Training MLP on cuda:   3%|▎         | 29/1000 [09:42<5:24:49, 20.07s/it]Training MLP on cuda:   3%|▎         | 30/1000 [10:03<5:25:15, 20.12s/it]Training MLP on cuda:   3%|▎         | 31/1000 [10:23<5:25:03, 20.13s/it]Training MLP on cuda:   3%|▎         | 32/1000 [10:43<5:24:59, 20.14s/it]Training MLP on cuda:   3%|▎         | 33/1000 [11:03<5:23:43, 20.09s/it]Training MLP on cuda:   3%|▎         | 34/1000 [11:23<5:23:19, 20.08s/it]Training MLP on cuda:   4%|▎         | 35/1000 [11:43<5:23:08, 20.09s/it]Training MLP on cuda:   4%|▎         | 36/1000 [12:03<5:22:44, 20.09s/it]Training MLP on cuda:   4%|▎         | 37/1000 [12:23<5:23:41, 20.17s/it]Training MLP on cuda:   4%|▍         | 38/1000 [12:44<5:23:46, 20.19s/it]Training MLP on cuda:   4%|▍         | 39/1000 [13:04<5:23:49, 20.22s/it]Training MLP on cuda:   4%|▍         | 40/1000 [13:24<5:22:29, 20.16s/it]Training MLP on cuda:   4%|▍         | 41/1000 [13:44<5:22:05, 20.15s/it]Training MLP on cuda:   4%|▍         | 42/1000 [14:04<5:21:55, 20.16s/it]Training MLP on cuda:   4%|▍         | 43/1000 [14:24<5:21:12, 20.14s/it]Training MLP on cuda:   4%|▍         | 44/1000 [14:45<5:21:33, 20.18s/it]Training MLP on cuda:   4%|▍         | 45/1000 [15:05<5:21:12, 20.18s/it]Training MLP on cuda:   5%|▍         | 46/1000 [15:25<5:21:06, 20.20s/it]Training MLP on cuda:   5%|▍         | 47/1000 [15:45<5:20:01, 20.15s/it]Training MLP on cuda:   5%|▍         | 48/1000 [16:05<5:19:43, 20.15s/it]Training MLP on cuda:   5%|▍         | 49/1000 [16:26<5:19:39, 20.17s/it]Training MLP on cuda:   5%|▌         | 50/1000 [16:46<5:18:55, 20.14s/it]Training MLP on cuda:   5%|▌         | 51/1000 [17:06<5:19:34, 20.21s/it]Training MLP on cuda:   5%|▌         | 52/1000 [17:26<5:19:20, 20.21s/it]Training MLP on cuda:   5%|▌         | 53/1000 [17:46<5:19:10, 20.22s/it]Training MLP on cuda:   5%|▌         | 54/1000 [18:06<5:17:39, 20.15s/it]Training MLP on cuda:   6%|▌         | 55/1000 [18:27<5:17:18, 20.15s/it]Training MLP on cuda:   6%|▌         | 56/1000 [18:47<5:17:35, 20.19s/it]Training MLP on cuda:   6%|▌         | 57/1000 [19:07<5:17:09, 20.18s/it]Training MLP on cuda:   6%|▌         | 58/1000 [19:27<5:18:07, 20.26s/it]Training MLP on cuda:   6%|▌         | 59/1000 [19:48<5:17:54, 20.27s/it]Training MLP on cuda:   6%|▌         | 60/1000 [20:08<5:17:58, 20.30s/it]Training MLP on cuda:   6%|▌         | 61/1000 [20:28<5:16:42, 20.24s/it]Training MLP on cuda:   6%|▌         | 62/1000 [20:48<5:16:25, 20.24s/it]Training MLP on cuda:   6%|▋         | 63/1000 [21:09<5:16:28, 20.27s/it]Training MLP on cuda:   6%|▋         | 64/1000 [21:29<5:15:30, 20.23s/it]Training MLP on cuda:   6%|▋         | 65/1000 [21:49<5:16:06, 20.29s/it]Training MLP on cuda:   7%|▋         | 66/1000 [22:10<5:16:00, 20.30s/it]Training MLP on cuda:   7%|▋         | 67/1000 [22:30<5:15:58, 20.32s/it]Training MLP on cuda:   7%|▋         | 68/1000 [22:50<5:14:36, 20.25s/it]Training MLP on cuda:   7%|▋         | 69/1000 [23:10<5:14:04, 20.24s/it]Training MLP on cuda:   7%|▋         | 70/1000 [23:31<5:13:57, 20.25s/it]Training MLP on cuda:   7%|▋         | 71/1000 [23:51<5:13:01, 20.22s/it]Training MLP on cuda:   7%|▋         | 72/1000 [24:11<5:13:37, 20.28s/it]Training MLP on cuda:   7%|▋         | 73/1000 [24:31<5:13:32, 20.29s/it]Training MLP on cuda:   7%|▋         | 74/1000 [24:52<5:13:27, 20.31s/it]Training MLP on cuda:   8%|▊         | 75/1000 [25:12<5:12:13, 20.25s/it]Training MLP on cuda:   8%|▊         | 76/1000 [25:32<5:11:46, 20.25s/it]Training MLP on cuda:   8%|▊         | 77/1000 [25:52<5:11:41, 20.26s/it]Training MLP on cuda:   8%|▊         | 78/1000 [26:13<5:10:52, 20.23s/it]Training MLP on cuda:   8%|▊         | 79/1000 [26:33<5:11:16, 20.28s/it]Training MLP on cuda:   8%|▊         | 80/1000 [26:53<5:10:57, 20.28s/it]Training MLP on cuda:   8%|▊         | 81/1000 [27:14<5:11:02, 20.31s/it]Training MLP on cuda:   8%|▊         | 82/1000 [27:34<5:09:46, 20.25s/it]Training MLP on cuda:   8%|▊         | 83/1000 [27:54<5:09:27, 20.25s/it]Training MLP on cuda:   8%|▊         | 84/1000 [28:14<5:09:18, 20.26s/it]Training MLP on cuda:   8%|▊         | 85/1000 [28:35<5:08:34, 20.23s/it]Training MLP on cuda:   9%|▊         | 86/1000 [28:55<5:08:55, 20.28s/it]Training MLP on cuda:   9%|▊         | 87/1000 [29:15<5:08:36, 20.28s/it]Training MLP on cuda:   9%|▉         | 88/1000 [29:36<5:09:30, 20.36s/it]Training MLP on cuda:   9%|▉         | 89/1000 [29:56<5:09:06, 20.36s/it]Training MLP on cuda:   9%|▉         | 90/1000 [30:17<5:12:20, 20.59s/it]Training MLP on cuda:   9%|▉         | 91/1000 [30:38<5:14:17, 20.75s/it]Training MLP on cuda:   9%|▉         | 92/1000 [30:59<5:12:08, 20.63s/it]Training MLP on cuda:   9%|▉         | 93/1000 [31:19<5:11:34, 20.61s/it]Training MLP on cuda:   9%|▉         | 94/1000 [31:40<5:10:35, 20.57s/it]Training MLP on cuda:  10%|▉         | 95/1000 [32:01<5:14:29, 20.85s/it]Training MLP on cuda:  10%|▉         | 96/1000 [32:21<5:10:59, 20.64s/it]Training MLP on cuda:  10%|▉         | 97/1000 [32:42<5:09:03, 20.54s/it]Training MLP on cuda:  10%|▉         | 98/1000 [33:02<5:07:50, 20.48s/it]Training MLP on cuda:  10%|▉         | 99/1000 [33:22<5:06:13, 20.39s/it]Training MLP on cuda:  10%|█         | 100/1000 [33:43<5:06:27, 20.43s/it]Training MLP on cuda:  10%|█         | 101/1000 [34