[I 2025-05-13 01:45:26,306] Trial 0 finished with value: 0.5637288620019039 and parameters: {'interp_param': 0.8525292285519724}. Best is trial 0 with value: 0.5637288620019039.
[I 2025-05-13 01:45:29,740] Trial 1 finished with value: 0.538425575209768 and parameters: {'interp_param': 0.09583915814273491}. Best is trial 0 with value: 0.5637288620019039.
[I 2025-05-13 01:45:33,158] Trial 2 finished with value: 0.5610420275447617 and parameters: {'interp_param': 0.7707345814140705}. Best is trial 0 with value: 0.5637288620019039.
[I 2025-05-13 01:45:36,586] Trial 3 finished with value: 0.5515506931359682 and parameters: {'interp_param': 0.49008194441430886}. Best is trial 0 with value: 0.5637288620019039.
[I 2025-05-13 01:45:40,154] Trial 4 finished with value: 0.5381520491887531 and parameters: {'interp_param': 0.0879407707137897}. Best is trial 0 with value: 0.5637288620019039.
[I 2025-05-13 01:45:43,584] Trial 5 finished with value: 0.5511913249695529 and parameters: {'interp_param': 0.47830800152372455}. Best is trial 0 with value: 0.5637288620019039.
[I 2025-05-13 01:45:47,018] Trial 6 finished with value: 0.5603361474699533 and parameters: {'interp_param': 0.7528902364174623}. Best is trial 0 with value: 0.5637288620019039.
[I 2025-05-13 01:45:50,449] Trial 7 finished with value: 0.5512037645181312 and parameters: {'interp_param': 0.4787012749142294}. Best is trial 0 with value: 0.5637288620019039.
[I 2025-05-13 01:45:53,874] Trial 8 finished with value: 0.5366089998415682 and parameters: {'interp_param': 0.04229683621872127}. Best is trial 0 with value: 0.5637288620019039.
[I 2025-05-13 01:45:57,293] Trial 9 finished with value: 0.5541346981071781 and parameters: {'interp_param': 0.5803797405660434}. Best is trial 0 with value: 0.5637288620019039.
[I 2025-05-13 01:46:00,707] Trial 10 finished with value: 0.5655257491350295 and parameters: {'interp_param': 0.9973114566354908}. Best is trial 10 with value: 0.5655257491350295.
[I 2025-05-13 01:46:04,131] Trial 11 finished with value: 0.5658923865661847 and parameters: {'interp_param': 0.9696688897590858}. Best is trial 11 with value: 0.5658923865661847.
[I 2025-05-13 01:46:07,556] Trial 12 finished with value: 0.5652208567253951 and parameters: {'interp_param': 0.9987090567186054}. Best is trial 11 with value: 0.5658923865661847.
[I 2025-05-13 01:46:10,980] Trial 13 finished with value: 0.5661676051477794 and parameters: {'interp_param': 0.9919978488232567}. Best is trial 13 with value: 0.5661676051477794.
[I 2025-05-13 01:46:14,415] Trial 14 finished with value: 0.5637618232044437 and parameters: {'interp_param': 0.8575352373863252}. Best is trial 13 with value: 0.5661676051477794.
[I 2025-05-13 01:46:17,832] Trial 15 finished with value: 0.5443798644268236 and parameters: {'interp_param': 0.29134817879069563}. Best is trial 13 with value: 0.5661676051477794.
[I 2025-05-13 01:46:21,257] Trial 16 finished with value: 0.5573482172892192 and parameters: {'interp_param': 0.6612238606558771}. Best is trial 13 with value: 0.5661676051477794.
[I 2025-05-13 01:46:24,678] Trial 17 finished with value: 0.5645798444206547 and parameters: {'interp_param': 0.8863016386600262}. Best is trial 13 with value: 0.5661676051477794.
[I 2025-05-13 01:46:28,250] Trial 18 finished with value: 0.5467372206171535 and parameters: {'interp_param': 0.35075407712577267}. Best is trial 13 with value: 0.5661676051477794.
[I 2025-05-13 01:46:31,672] Trial 19 finished with value: 0.5586986028257098 and parameters: {'interp_param': 0.6932802956070111}. Best is trial 13 with value: 0.5661676051477794.
[I 2025-05-13 01:46:35,097] Trial 20 finished with value: 0.565135215217875 and parameters: {'interp_param': 0.9226511724795953}. Best is trial 13 with value: 0.5661676051477794.
[I 2025-05-13 01:46:38,516] Trial 21 finished with value: 0.5660680424581034 and parameters: {'interp_param': 0.9611312456798939}. Best is trial 13 with value: 0.5661676051477794.
[I 2025-05-13 01:46:41,945] Trial 22 finished with value: 0.5650773852073003 and parameters: {'interp_param': 0.9261313250992455}. Best is trial 13 with value: 0.5661676051477794.
[I 2025-05-13 01:46:45,367] Trial 23 finished with value: 0.5615681772353133 and parameters: {'interp_param': 0.7876701474050343}. Best is trial 13 with value: 0.5661676051477794.
[I 2025-05-13 01:46:48,794] Trial 24 finished with value: 0.565822435969816 and parameters: {'interp_param': 0.9947681904615143}. Best is trial 13 with value: 0.5661676051477794.
[I 2025-05-13 01:46:52,224] Trial 25 finished with value: 0.5634075687316955 and parameters: {'interp_param': 0.8417205684524209}. Best is trial 13 with value: 0.5661676051477794.
[I 2025-05-13 01:46:55,645] Trial 26 finished with value: 0.5651230946320807 and parameters: {'interp_param': 0.9139327379364833}. Best is trial 13 with value: 0.5661676051477794.
[I 2025-05-13 01:46:59,063] Trial 27 finished with value: 0.5565713371275911 and parameters: {'interp_param': 0.6373817109466553}. Best is trial 13 with value: 0.5661676051477794.
[I 2025-05-13 01:47:02,491] Trial 28 finished with value: 0.5601536081553722 and parameters: {'interp_param': 0.7466788595862409}. Best is trial 13 with value: 0.5661676051477794.
[I 2025-05-13 01:47:05,920] Trial 29 finished with value: 0.562983466553799 and parameters: {'interp_param': 0.8316690032016627}. Best is trial 13 with value: 0.5661676051477794.
[I 2025-05-13 01:47:09,346] Trial 30 finished with value: 0.5655569406085739 and parameters: {'interp_param': 0.9451403992121404}. Best is trial 13 with value: 0.5661676051477794.
[I 2025-05-13 01:47:12,770] Trial 31 finished with value: 0.5658718752013452 and parameters: {'interp_param': 0.9703910096430293}. Best is trial 13 with value: 0.5661676051477794.
[I 2025-05-13 01:47:16,195] Trial 32 finished with value: 0.5629709446922442 and parameters: {'interp_param': 0.8313204272781352}. Best is trial 13 with value: 0.5661676051477794.
[I 2025-05-13 01:47:19,761] Trial 33 finished with value: 0.5658362954172395 and parameters: {'interp_param': 0.9495168792719841}. Best is trial 13 with value: 0.5661676051477794.
[I 2025-05-13 01:47:23,184] Trial 34 finished with value: 0.54212859422956 and parameters: {'interp_param': 0.22077775956823242}. Best is trial 13 with value: 0.5661676051477794.
[I 2025-05-13 01:47:26,604] Trial 35 finished with value: 0.5618523216303007 and parameters: {'interp_param': 0.8026054626983617}. Best is trial 13 with value: 0.5661676051477794.
[I 2025-05-13 01:47:30,023] Trial 36 finished with value: 0.5648536122360379 and parameters: {'interp_param': 0.8975730575822594}. Best is trial 13 with value: 0.5661676051477794.
[I 2025-05-13 01:47:33,446] Trial 37 finished with value: 0.5535160594983711 and parameters: {'interp_param': 0.563114550997541}. Best is trial 13 with value: 0.5661676051477794.
[I 2025-05-13 01:47:36,889] Trial 38 finished with value: 0.5597204206826911 and parameters: {'interp_param': 0.7328999889174423}. Best is trial 13 with value: 0.5661676051477794.
[I 2025-05-13 01:47:40,308] Trial 39 finished with value: 0.548287467205224 and parameters: {'interp_param': 0.3922285596141104}. Best is trial 13 with value: 0.5661676051477794.
[I 2025-05-13 01:47:43,740] Trial 40 finished with value: 0.5644626050192684 and parameters: {'interp_param': 0.8826472022330071}. Best is trial 13 with value: 0.5661676051477794.
[I 2025-05-13 01:47:47,163] Trial 41 finished with value: 0.5660950565480889 and parameters: {'interp_param': 0.9603646347860884}. Best is trial 13 with value: 0.5661676051477794.
[I 2025-05-13 01:47:50,591] Trial 42 finished with value: 0.5659599655199172 and parameters: {'interp_param': 0.9674339932489409}. Best is trial 13 with value: 0.5661676051477794.
[I 2025-05-13 01:47:54,019] Trial 43 finished with value: 0.5657981536417391 and parameters: {'interp_param': 0.9488741701740917}. Best is trial 13 with value: 0.5661676051477794.
[I 2025-05-13 01:47:57,448] Trial 44 finished with value: 0.5641678113829421 and parameters: {'interp_param': 0.8715287655338655}. Best is trial 13 with value: 0.5661676051477794.
[I 2025-05-13 01:48:00,866] Trial 45 finished with value: 0.5659426386383574 and parameters: {'interp_param': 0.9679491909335451}. Best is trial 13 with value: 0.5661676051477794.
[I 2025-05-13 01:48:04,287] Trial 46 finished with value: 0.5617588346672049 and parameters: {'interp_param': 0.7996360071047073}. Best is trial 13 with value: 0.5661676051477794.
[I 2025-05-13 01:48:07,704] Trial 47 finished with value: 0.5658520789304894 and parameters: {'interp_param': 0.9945706765510651}. Best is trial 13 with value: 0.5661676051477794.
[I 2025-05-13 01:48:11,277] Trial 48 finished with value: 0.5648603567555526 and parameters: {'interp_param': 0.897918478003704}. Best is trial 13 with value: 0.5661676051477794.
[I 2025-05-13 01:48:14,701] Trial 49 finished with value: 0.5349816311390484 and parameters: {'interp_param': 0.0021953164470097652}. Best is trial 13 with value: 0.5661676051477794.
[I 2025-05-13 01:48:18,123] Trial 50 finished with value: 0.5416750703071145 and parameters: {'interp_param': 0.2033035179957874}. Best is trial 13 with value: 0.5661676051477794.
[I 2025-05-13 01:48:21,556] Trial 51 finished with value: 0.56529716085464 and parameters: {'interp_param': 0.9368877720948888}. Best is trial 13 with value: 0.5661676051477794.
[I 2025-05-13 01:48:24,992] Trial 52 finished with value: 0.566041048946362 and parameters: {'interp_param': 0.9618321232489352}. Best is trial 13 with value: 0.5661676051477794.
[I 2025-05-13 01:48:28,416] Trial 53 finished with value: 0.5659919338221777 and parameters: {'interp_param': 0.9635830982539468}. Best is trial 13 with value: 0.5661676051477794.
[I 2025-05-13 01:48:31,843] Trial 54 finished with value: 0.5638338882153973 and parameters: {'interp_param': 0.8608971133076283}. Best is trial 13 with value: 0.5661676051477794.
[I 2025-05-13 01:48:35,267] Trial 55 finished with value: 0.5651235679316957 and parameters: {'interp_param': 0.9141263976319034}. Best is trial 13 with value: 0.5661676051477794.
[I 2025-05-13 01:48:38,693] Trial 56 finished with value: 0.5660105777113622 and parameters: {'interp_param': 0.9663465507710273}. Best is trial 13 with value: 0.5661676051477794.
[I 2025-05-13 01:48:42,115] Trial 57 finished with value: 0.5656424123455801 and parameters: {'interp_param': 0.9962797958837584}. Best is trial 13 with value: 0.5661676051477794.
[I 2025-05-13 01:48:45,542] Trial 58 finished with value: 0.5628348916311594 and parameters: {'interp_param': 0.8273303322677987}. Best is trial 13 with value: 0.5661676051477794.
[I 2025-05-13 01:48:48,968] Trial 59 finished with value: 0.564531609016407 and parameters: {'interp_param': 0.8849221479643974}. Best is trial 13 with value: 0.5661676051477794.
[I 2025-05-13 01:48:52,394] Trial 60 finished with value: 0.5501636834694821 and parameters: {'interp_param': 0.44228080438071793}. Best is trial 13 with value: 0.5661676051477794.
[I 2025-05-13 01:48:55,823] Trial 61 finished with value: 0.56594832852286 and parameters: {'interp_param': 0.9677844228957878}. Best is trial 13 with value: 0.5661676051477794.
[I 2025-05-13 01:48:59,249] Trial 62 finished with value: 0.5651148839126715 and parameters: {'interp_param': 0.9154184828911293}. Best is trial 13 with value: 0.5661676051477794.
[I 2025-05-13 01:49:02,821] Trial 63 finished with value: 0.5660192874531914 and parameters: {'interp_param': 0.9647322278484181}. Best is trial 13 with value: 0.5661676051477794.
[I 2025-05-13 01:49:06,241] Trial 64 finished with value: 0.5650703320141238 and parameters: {'interp_param': 0.9992169551703542}. Best is trial 13 with value: 0.5661676051477794.
[I 2025-05-13 01:49:09,665] Trial 65 finished with value: 0.5654568994747218 and parameters: {'interp_param': 0.939803267291223}. Best is trial 13 with value: 0.5661676051477794.
[I 2025-05-13 01:49:13,102] Trial 66 finished with value: 0.564147675571058 and parameters: {'interp_param': 0.86838199043537}. Best is trial 13 with value: 0.5661676051477794.
[I 2025-05-13 01:49:16,527] Trial 67 finished with value: 0.560847614583316 and parameters: {'interp_param': 0.7650545356450213}. Best is trial 13 with value: 0.5661676051477794.
[I 2025-05-13 01:49:19,961] Trial 68 finished with value: 0.5650899996709539 and parameters: {'interp_param': 0.9252532035278485}. Best is trial 13 with value: 0.5661676051477794.
[I 2025-05-13 01:49:23,389] Trial 69 finished with value: 0.5632307398798613 and parameters: {'interp_param': 0.8374631599046922}. Best is trial 13 with value: 0.5661676051477794.
[I 2025-05-13 01:49:26,811] Trial 70 finished with value: 0.5658514204266771 and parameters: {'interp_param': 0.9717801658868758}. Best is trial 13 with value: 0.5661676051477794.
[I 2025-05-13 01:49:30,235] Trial 71 finished with value: 0.5660042962023406 and parameters: {'interp_param': 0.9631185907332668}. Best is trial 13 with value: 0.5661676051477794.
[I 2025-05-13 01:49:33,671] Trial 72 finished with value: 0.5650513948849605 and parameters: {'interp_param': 0.9075158356973233}. Best is trial 13 with value: 0.5661676051477794.
[I 2025-05-13 01:49:37,097] Trial 73 finished with value: 0.565883141790008 and parameters: {'interp_param': 0.9508677531653719}. Best is trial 13 with value: 0.5661676051477794.
[I 2025-05-13 01:49:40,527] Trial 74 finished with value: 0.5659776628098716 and parameters: {'interp_param': 0.9780717883442619}. Best is trial 13 with value: 0.5661676051477794.
[I 2025-05-13 01:49:43,950] Trial 75 finished with value: 0.5652307034152126 and parameters: {'interp_param': 0.9348364237515919}. Best is trial 13 with value: 0.5661676051477794.
[I 2025-05-13 01:49:47,374] Trial 76 finished with value: 0.5637811667539288 and parameters: {'interp_param': 0.8584514806390481}. Best is trial 13 with value: 0.5661676051477794.
[I 2025-05-13 01:49:50,932] Trial 77 finished with value: 0.5646499339201714 and parameters: {'interp_param': 0.8879369118722453}. Best is trial 13 with value: 0.5661676051477794.
[I 2025-05-13 01:49:54,353] Trial 78 finished with value: 0.5533297492205527 and parameters: {'interp_param': 0.5583540054215839}. Best is trial 13 with value: 0.5661676051477794.
[I 2025-05-13 01:49:57,778] Trial 79 finished with value: 0.5660174611340246 and parameters: {'interp_param': 0.9553760081405979}. Best is trial 13 with value: 0.5661676051477794.
[I 2025-05-13 01:50:01,215] Trial 80 finished with value: 0.5622998624282645 and parameters: {'interp_param': 0.8124701173095932}. Best is trial 13 with value: 0.5661676051477794.
[I 2025-05-13 01:50:04,644] Trial 81 finished with value: 0.5661568324369759 and parameters: {'interp_param': 0.9579561257439344}. Best is trial 13 with value: 0.5661676051477794.
[I 2025-05-13 01:50:08,063] Trial 82 finished with value: 0.5649585304137497 and parameters: {'interp_param': 0.9999452967295388}. Best is trial 13 with value: 0.5661676051477794.
[I 2025-05-13 01:50:11,495] Trial 83 finished with value: 0.5650571516487567 and parameters: {'interp_param': 0.9273227574762827}. Best is trial 13 with value: 0.5661676051477794.
[I 2025-05-13 01:50:14,912] Trial 84 finished with value: 0.564911046115413 and parameters: {'interp_param': 0.9001058223473529}. Best is trial 13 with value: 0.5661676051477794.
[I 2025-05-13 01:50:18,328] Trial 85 finished with value: 0.5659129390875125 and parameters: {'interp_param': 0.9526802067671349}. Best is trial 13 with value: 0.5661676051477794.
[I 2025-05-13 01:50:21,751] Trial 86 finished with value: 0.5659662213061337 and parameters: {'interp_param': 0.9778102850892688}. Best is trial 13 with value: 0.5661676051477794.
[I 2025-05-13 01:50:25,170] Trial 87 finished with value: 0.565528928473748 and parameters: {'interp_param': 0.9442776404112451}. Best is trial 13 with value: 0.5661676051477794.
[I 2025-05-13 01:50:28,589] Trial 88 finished with value: 0.5637245817271243 and parameters: {'interp_param': 0.8517586809468349}. Best is trial 13 with value: 0.5661676051477794.
[I 2025-05-13 01:50:32,003] Trial 89 finished with value: 0.559101144148316 and parameters: {'interp_param': 0.705286849009453}. Best is trial 13 with value: 0.5661676051477794.
[I 2025-05-13 01:50:35,433] Trial 90 finished with value: 0.5651074448774176 and parameters: {'interp_param': 0.9120930694888932}. Best is trial 13 with value: 0.5661676051477794.
[I 2025-05-13 01:50:38,856] Trial 91 finished with value: 0.5659649197321923 and parameters: {'interp_param': 0.9672640772544918}. Best is trial 13 with value: 0.5661676051477794.
[I 2025-05-13 01:50:42,416] Trial 92 finished with value: 0.5659579334183091 and parameters: {'interp_param': 0.9766906430502403}. Best is trial 13 with value: 0.5661676051477794.
[I 2025-05-13 01:50:45,844] Trial 93 finished with value: 0.5659033033246973 and parameters: {'interp_param': 0.9518823014184097}. Best is trial 13 with value: 0.5661676051477794.
[I 2025-05-13 01:50:49,276] Trial 94 finished with value: 0.5648509216306177 and parameters: {'interp_param': 0.8973807135653722}. Best is trial 13 with value: 0.5661676051477794.
[I 2025-05-13 01:50:52,697] Trial 95 finished with value: 0.5650630473157008 and parameters: {'interp_param': 0.9268244904774113}. Best is trial 13 with value: 0.5661676051477794.
[I 2025-05-13 01:50:56,115] Trial 96 finished with value: 0.5642260632475214 and parameters: {'interp_param': 0.8744423576274363}. Best is trial 13 with value: 0.5661676051477794.
[I 2025-05-13 01:50:59,538] Trial 97 finished with value: 0.5394961892281493 and parameters: {'interp_param': 0.12259780837459988}. Best is trial 13 with value: 0.5661676051477794.
[I 2025-05-13 01:51:02,966] Trial 98 finished with value: 0.5659695086806339 and parameters: {'interp_param': 0.9779109013402167}. Best is trial 13 with value: 0.5661676051477794.
