[I 2025-05-13 01:51:09,497] Trial 0 finished with value: 0.5441223019786948 and parameters: {'threshold_scale_factor': 0.47416734541931005}. Best is trial 0 with value: 0.5441223019786948.
[I 2025-05-13 01:51:12,254] Trial 1 finished with value: 0.5587579453372282 and parameters: {'threshold_scale_factor': 0.6768577603232728}. Best is trial 1 with value: 0.5587579453372282.
[I 2025-05-13 01:51:15,000] Trial 2 finished with value: 0.5591193044487632 and parameters: {'threshold_scale_factor': 0.6806194145675362}. Best is trial 2 with value: 0.5591193044487632.
[I 2025-05-13 01:51:18,287] Trial 3 finished with value: 0.5190162319337679 and parameters: {'threshold_scale_factor': 0.10445730637958484}. Best is trial 2 with value: 0.5591193044487632.
[I 2025-05-13 01:51:21,035] Trial 4 finished with value: 0.5179750293708134 and parameters: {'threshold_scale_factor': 0.07372352781439062}. Best is trial 2 with value: 0.5591193044487632.
[I 2025-05-13 01:51:23,790] Trial 5 finished with value: 0.5163206002772589 and parameters: {'threshold_scale_factor': 0.013123026740077037}. Best is trial 2 with value: 0.5591193044487632.
[I 2025-05-13 01:51:26,531] Trial 6 finished with value: 0.5494950654502373 and parameters: {'threshold_scale_factor': 0.535099058538494}. Best is trial 2 with value: 0.5591193044487632.
[I 2025-05-13 01:51:29,491] Trial 7 finished with value: 0.5663708513205192 and parameters: {'threshold_scale_factor': 0.9613819947131484}. Best is trial 7 with value: 0.5663708513205192.
[I 2025-05-13 01:51:32,377] Trial 8 finished with value: 0.5451022482534267 and parameters: {'threshold_scale_factor': 0.48628663434238273}. Best is trial 7 with value: 0.5663708513205192.
[I 2025-05-13 01:51:35,126] Trial 9 finished with value: 0.5568232302694612 and parameters: {'threshold_scale_factor': 0.6518943027715178}. Best is trial 7 with value: 0.5663708513205192.
[I 2025-05-13 01:51:37,880] Trial 10 finished with value: 0.565238183606955 and parameters: {'threshold_scale_factor': 0.9899558779614362}. Best is trial 7 with value: 0.5663708513205192.
[I 2025-05-13 01:51:40,632] Trial 11 finished with value: 0.5666437188377218 and parameters: {'threshold_scale_factor': 0.9391823999473639}. Best is trial 11 with value: 0.5666437188377218.
[I 2025-05-13 01:51:43,378] Trial 12 finished with value: 0.5649648530792595 and parameters: {'threshold_scale_factor': 0.9974524193123372}. Best is trial 11 with value: 0.5666437188377218.
[I 2025-05-13 01:51:46,126] Trial 13 finished with value: 0.565374879738169 and parameters: {'threshold_scale_factor': 0.841936694972941}. Best is trial 11 with value: 0.5666437188377218.
[I 2025-05-13 01:51:48,876] Trial 14 finished with value: 0.5650165353393993 and parameters: {'threshold_scale_factor': 0.8190066202725418}. Best is trial 11 with value: 0.5666437188377218.
[I 2025-05-13 01:51:51,626] Trial 15 finished with value: 0.5265506267711308 and parameters: {'threshold_scale_factor': 0.24504779654926356}. Best is trial 11 with value: 0.5666437188377218.
[I 2025-05-13 01:51:54,380] Trial 16 finished with value: 0.5660500982292194 and parameters: {'threshold_scale_factor': 0.8657268155261479}. Best is trial 11 with value: 0.5666437188377218.
[I 2025-05-13 01:51:57,531] Trial 17 finished with value: 0.5336511601983175 and parameters: {'threshold_scale_factor': 0.3468733626716949}. Best is trial 11 with value: 0.5666437188377218.
[I 2025-05-13 01:52:00,302] Trial 18 finished with value: 0.566650077515159 and parameters: {'threshold_scale_factor': 0.9232958039833887}. Best is trial 18 with value: 0.566650077515159.
[I 2025-05-13 01:52:03,039] Trial 19 finished with value: 0.5641034940809048 and parameters: {'threshold_scale_factor': 0.7844858041583955}. Best is trial 18 with value: 0.566650077515159.
[I 2025-05-13 01:52:05,789] Trial 20 finished with value: 0.5627098582198078 and parameters: {'threshold_scale_factor': 0.7448350334817678}. Best is trial 18 with value: 0.566650077515159.
[I 2025-05-13 01:52:09,011] Trial 21 finished with value: 0.5666427207928815 and parameters: {'threshold_scale_factor': 0.92908462446175}. Best is trial 18 with value: 0.566650077515159.
[I 2025-05-13 01:52:11,764] Trial 22 finished with value: 0.5665607988029882 and parameters: {'threshold_scale_factor': 0.8988069460496849}. Best is trial 18 with value: 0.566650077515159.
[I 2025-05-13 01:52:14,512] Trial 23 finished with value: 0.5665536735859572 and parameters: {'threshold_scale_factor': 0.9011424548836465}. Best is trial 18 with value: 0.566650077515159.
[I 2025-05-13 01:52:17,254] Trial 24 finished with value: 0.5522146501829169 and parameters: {'threshold_scale_factor': 0.5911921762000665}. Best is trial 18 with value: 0.566650077515159.
[I 2025-05-13 01:52:20,137] Trial 25 finished with value: 0.5620141180747957 and parameters: {'threshold_scale_factor': 0.7300479770060828}. Best is trial 18 with value: 0.566650077515159.
[I 2025-05-13 01:52:22,892] Trial 26 finished with value: 0.5666373807385289 and parameters: {'threshold_scale_factor': 0.9214629289756102}. Best is trial 18 with value: 0.566650077515159.
[I 2025-05-13 01:52:25,644] Trial 27 finished with value: 0.5644656814667661 and parameters: {'threshold_scale_factor': 0.7982168808769285}. Best is trial 18 with value: 0.566650077515159.
[I 2025-05-13 01:52:28,393] Trial 28 finished with value: 0.5374210482224193 and parameters: {'threshold_scale_factor': 0.3957334802519221}. Best is trial 18 with value: 0.566650077515159.
[I 2025-05-13 01:52:31,440] Trial 29 finished with value: 0.5525703554218765 and parameters: {'threshold_scale_factor': 0.596104306020939}. Best is trial 18 with value: 0.566650077515159.
[I 2025-05-13 01:52:34,193] Trial 30 finished with value: 0.5666734904124211 and parameters: {'threshold_scale_factor': 0.9439990514129657}. Best is trial 30 with value: 0.5666734904124211.
[I 2025-05-13 01:52:37,216] Trial 31 finished with value: 0.5666699818217964 and parameters: {'threshold_scale_factor': 0.9369017455064463}. Best is trial 30 with value: 0.5666734904124211.
[I 2025-05-13 01:52:39,966] Trial 32 finished with value: 0.5659812382797897 and parameters: {'threshold_scale_factor': 0.8617254021566}. Best is trial 30 with value: 0.5666734904124211.
[I 2025-05-13 01:52:42,715] Trial 33 finished with value: 0.5649889604922613 and parameters: {'threshold_scale_factor': 0.9969138372129163}. Best is trial 30 with value: 0.5666734904124211.
[I 2025-05-13 01:52:45,464] Trial 34 finished with value: 0.562150850217937 and parameters: {'threshold_scale_factor': 0.732653357373225}. Best is trial 30 with value: 0.5666734904124211.
[I 2025-05-13 01:52:48,214] Trial 35 finished with value: 0.566678573238722 and parameters: {'threshold_scale_factor': 0.9364760018718252}. Best is trial 35 with value: 0.566678573238722.
[I 2025-05-13 01:52:50,969] Trial 36 finished with value: 0.5640918776620918 and parameters: {'threshold_scale_factor': 0.7841395263425972}. Best is trial 35 with value: 0.566678573238722.
[I 2025-05-13 01:52:54,003] Trial 37 finished with value: 0.5663071256430007 and parameters: {'threshold_scale_factor': 0.8742249430991277}. Best is trial 35 with value: 0.566678573238722.
[I 2025-05-13 01:52:56,757] Trial 38 finished with value: 0.558800346809264 and parameters: {'threshold_scale_factor': 0.6772527553928733}. Best is trial 35 with value: 0.566678573238722.
[I 2025-05-13 01:52:59,508] Trial 39 finished with value: 0.5666082625230808 and parameters: {'threshold_scale_factor': 0.948147528688514}. Best is trial 35 with value: 0.566678573238722.
[I 2025-05-13 01:53:02,258] Trial 40 finished with value: 0.5652732386458355 and parameters: {'threshold_scale_factor': 0.8321117704447422}. Best is trial 35 with value: 0.566678573238722.
[I 2025-05-13 01:53:05,469] Trial 41 finished with value: 0.5666068014677474 and parameters: {'threshold_scale_factor': 0.9481824474578603}. Best is trial 35 with value: 0.566678573238722.
[I 2025-05-13 01:53:08,225] Trial 42 finished with value: 0.5665558394461522 and parameters: {'threshold_scale_factor': 0.9006433262062079}. Best is trial 35 with value: 0.566678573238722.
[I 2025-05-13 01:53:10,978] Trial 43 finished with value: 0.5664997019961575 and parameters: {'threshold_scale_factor': 0.9537395519973211}. Best is trial 35 with value: 0.566678573238722.
[I 2025-05-13 01:53:13,735] Trial 44 finished with value: 0.5652503093373105 and parameters: {'threshold_scale_factor': 0.9896808305620867}. Best is trial 35 with value: 0.566678573238722.
[I 2025-05-13 01:53:16,648] Trial 45 finished with value: 0.5237770395812854 and parameters: {'threshold_scale_factor': 0.19755877537949662}. Best is trial 35 with value: 0.566678573238722.
[I 2025-05-13 01:53:19,395] Trial 46 finished with value: 0.5652825348676226 and parameters: {'threshold_scale_factor': 0.8304491490241847}. Best is trial 35 with value: 0.566678573238722.
[I 2025-05-13 01:53:22,146] Trial 47 finished with value: 0.5635473001539191 and parameters: {'threshold_scale_factor': 0.7618413987820636}. Best is trial 35 with value: 0.566678573238722.
[I 2025-05-13 01:53:24,904] Trial 48 finished with value: 0.5662641994257394 and parameters: {'threshold_scale_factor': 0.8807928729043303}. Best is trial 35 with value: 0.566678573238722.
[I 2025-05-13 01:53:27,658] Trial 49 finished with value: 0.5611297834668666 and parameters: {'threshold_scale_factor': 0.7097601250267453}. Best is trial 35 with value: 0.566678573238722.
[I 2025-05-13 01:53:30,416] Trial 50 finished with value: 0.5662855236312221 and parameters: {'threshold_scale_factor': 0.9652229789805523}. Best is trial 35 with value: 0.566678573238722.
[I 2025-05-13 01:53:33,444] Trial 51 finished with value: 0.5666608450814015 and parameters: {'threshold_scale_factor': 0.9253376448143582}. Best is trial 35 with value: 0.566678573238722.
[I 2025-05-13 01:53:36,197] Trial 52 finished with value: 0.566669148402909 and parameters: {'threshold_scale_factor': 0.9257874276353343}. Best is trial 35 with value: 0.566678573238722.
[I 2025-05-13 01:53:38,945] Trial 53 finished with value: 0.5654496096317377 and parameters: {'threshold_scale_factor': 0.8451719518339853}. Best is trial 35 with value: 0.566678573238722.
[I 2025-05-13 01:53:41,704] Trial 54 finished with value: 0.5665854515394595 and parameters: {'threshold_scale_factor': 0.9069769378582375}. Best is trial 35 with value: 0.566678573238722.
[I 2025-05-13 01:53:44,449] Trial 55 finished with value: 0.5648789389100046 and parameters: {'threshold_scale_factor': 0.9994518704627666}. Best is trial 35 with value: 0.566678573238722.
[I 2025-05-13 01:53:47,202] Trial 56 finished with value: 0.5646180016298381 and parameters: {'threshold_scale_factor': 0.8071940438198784}. Best is trial 35 with value: 0.566678573238722.
[I 2025-05-13 01:53:50,749] Trial 57 finished with value: 0.5666713554195925 and parameters: {'threshold_scale_factor': 0.9264304268041474}. Best is trial 35 with value: 0.566678573238722.
[I 2025-05-13 01:53:53,642] Trial 58 finished with value: 0.5560667122804026 and parameters: {'threshold_scale_factor': 0.6397018136032862}. Best is trial 35 with value: 0.566678573238722.
[I 2025-05-13 01:53:56,396] Trial 59 finished with value: 0.5661689787455753 and parameters: {'threshold_scale_factor': 0.8690982163200189}. Best is trial 35 with value: 0.566678573238722.
[I 2025-05-13 01:53:59,144] Trial 60 finished with value: 0.5666598727593661 and parameters: {'threshold_scale_factor': 0.9306116329229684}. Best is trial 35 with value: 0.566678573238722.
[I 2025-05-13 01:54:01,892] Trial 61 finished with value: 0.5662971760619624 and parameters: {'threshold_scale_factor': 0.9649041364370048}. Best is trial 35 with value: 0.566678573238722.
[I 2025-05-13 01:54:04,649] Trial 62 finished with value: 0.566643425597743 and parameters: {'threshold_scale_factor': 0.9226200521219423}. Best is trial 35 with value: 0.566678573238722.
[I 2025-05-13 01:54:07,481] Trial 63 finished with value: 0.5411638192653151 and parameters: {'threshold_scale_factor': 0.43625762114470024}. Best is trial 35 with value: 0.566678573238722.
[I 2025-05-13 01:54:10,238] Trial 64 finished with value: 0.566469904698653 and parameters: {'threshold_scale_factor': 0.88827732679558}. Best is trial 35 with value: 0.566678573238722.
[I 2025-05-13 01:54:13,010] Trial 65 finished with value: 0.5663583448926476 and parameters: {'threshold_scale_factor': 0.9627334683196205}. Best is trial 35 with value: 0.566678573238722.
[I 2025-05-13 01:54:15,763] Trial 66 finished with value: 0.5666549545590184 and parameters: {'threshold_scale_factor': 0.9243938954869803}. Best is trial 35 with value: 0.566678573238722.
[I 2025-05-13 01:54:19,024] Trial 67 finished with value: 0.5653148478554723 and parameters: {'threshold_scale_factor': 0.8395650213122838}. Best is trial 35 with value: 0.566678573238722.
[I 2025-05-13 01:54:21,770] Trial 68 finished with value: 0.564355881100634 and parameters: {'threshold_scale_factor': 0.7932475641695164}. Best is trial 35 with value: 0.566678573238722.
[I 2025-05-13 01:54:24,524] Trial 69 finished with value: 0.5656597752390673 and parameters: {'threshold_scale_factor': 0.8540466811982539}. Best is trial 35 with value: 0.566678573238722.
[I 2025-05-13 01:54:27,281] Trial 70 finished with value: 0.5166455513303618 and parameters: {'threshold_scale_factor': 0.026763578707356683}. Best is trial 35 with value: 0.566678573238722.
[I 2025-05-13 01:54:30,037] Trial 71 finished with value: 0.566673001679123 and parameters: {'threshold_scale_factor': 0.9263346517507441}. Best is trial 35 with value: 0.566678573238722.
[I 2025-05-13 01:54:32,785] Trial 72 finished with value: 0.5658839906425785 and parameters: {'threshold_scale_factor': 0.9771438570913542}. Best is trial 35 with value: 0.566678573238722.
[I 2025-05-13 01:54:35,531] Trial 73 finished with value: 0.5666904931866359 and parameters: {'threshold_scale_factor': 0.9343399150201346}. Best is trial 73 with value: 0.5666904931866359.
[I 2025-05-13 01:54:38,426] Trial 74 finished with value: 0.5665607885138662 and parameters: {'threshold_scale_factor': 0.8987397039364113}. Best is trial 73 with value: 0.5666904931866359.
[I 2025-05-13 01:54:41,183] Trial 75 finished with value: 0.5666764279567711 and parameters: {'threshold_scale_factor': 0.9437045766560606}. Best is trial 73 with value: 0.5666904931866359.
[I 2025-05-13 01:54:43,938] Trial 76 finished with value: 0.5662870412767269 and parameters: {'threshold_scale_factor': 0.882055708443773}. Best is trial 73 with value: 0.5666904931866359.
[I 2025-05-13 01:54:47,184] Trial 77 finished with value: 0.5291907331804081 and parameters: {'threshold_scale_factor': 0.2845459667094957}. Best is trial 73 with value: 0.5666904931866359.
[I 2025-05-13 01:54:49,937] Trial 78 finished with value: 0.5499677734407756 and parameters: {'threshold_scale_factor': 0.5414343743807569}. Best is trial 73 with value: 0.5666904931866359.
[I 2025-05-13 01:54:52,691] Trial 79 finished with value: 0.5636285070498286 and parameters: {'threshold_scale_factor': 0.7676470186440456}. Best is trial 73 with value: 0.5666904931866359.
[I 2025-05-13 01:54:55,456] Trial 80 finished with value: 0.5659051708003524 and parameters: {'threshold_scale_factor': 0.9766332962414616}. Best is trial 73 with value: 0.5666904931866359.
[I 2025-05-13 01:54:58,482] Trial 81 finished with value: 0.5666447991955388 and parameters: {'threshold_scale_factor': 0.9386743117270904}. Best is trial 73 with value: 0.5666904931866359.
[I 2025-05-13 01:55:01,245] Trial 82 finished with value: 0.5666183715855111 and parameters: {'threshold_scale_factor': 0.9134676634280399}. Best is trial 73 with value: 0.5666904931866359.
[I 2025-05-13 01:55:04,038] Trial 83 finished with value: 0.5666668796514935 and parameters: {'threshold_scale_factor': 0.944430497755894}. Best is trial 73 with value: 0.5666904931866359.
[I 2025-05-13 01:55:06,796] Trial 84 finished with value: 0.5665990743370755 and parameters: {'threshold_scale_factor': 0.9483721412229317}. Best is trial 73 with value: 0.5666904931866359.
[I 2025-05-13 01:55:09,556] Trial 85 finished with value: 0.5650584789455033 and parameters: {'threshold_scale_factor': 0.8217726124929761}. Best is trial 73 with value: 0.5666904931866359.
[I 2025-05-13 01:55:12,304] Trial 86 finished with value: 0.566005294247181 and parameters: {'threshold_scale_factor': 0.8631753457927158}. Best is trial 73 with value: 0.5666904931866359.
[I 2025-05-13 01:55:15,052] Trial 87 finished with value: 0.5660267470666895 and parameters: {'threshold_scale_factor': 0.9718098733748289}. Best is trial 73 with value: 0.5666904931866359.
[I 2025-05-13 01:55:17,801] Trial 88 finished with value: 0.5664586020980632 and parameters: {'threshold_scale_factor': 0.8879385275852364}. Best is trial 73 with value: 0.5666904931866359.
[I 2025-05-13 01:55:20,948] Trial 89 finished with value: 0.5648965898989097 and parameters: {'threshold_scale_factor': 0.9989223920105641}. Best is trial 73 with value: 0.5666904931866359.
[I 2025-05-13 01:55:23,701] Trial 90 finished with value: 0.5666082676676418 and parameters: {'threshold_scale_factor': 0.9481532482947895}. Best is trial 73 with value: 0.5666904931866359.
[I 2025-05-13 01:55:26,596] Trial 91 finished with value: 0.566636619343496 and parameters: {'threshold_scale_factor': 0.9217210682174545}. Best is trial 73 with value: 0.5666904931866359.
[I 2025-05-13 01:55:29,343] Trial 92 finished with value: 0.5665773231330269 and parameters: {'threshold_scale_factor': 0.905980654081326}. Best is trial 73 with value: 0.5666904931866359.
[I 2025-05-13 01:55:32,089] Trial 93 finished with value: 0.5666919748202135 and parameters: {'threshold_scale_factor': 0.9340947356646367}. Best is trial 93 with value: 0.5666919748202135.
[I 2025-05-13 01:55:34,841] Trial 94 finished with value: 0.5659609326973916 and parameters: {'threshold_scale_factor': 0.9749903056702641}. Best is trial 93 with value: 0.5666919748202135.
[I 2025-05-13 01:55:37,711] Trial 95 finished with value: 0.5660234494030674 and parameters: {'threshold_scale_factor': 0.8646266672129478}. Best is trial 93 with value: 0.5666919748202135.
[I 2025-05-13 01:55:40,464] Trial 96 finished with value: 0.5665068992370431 and parameters: {'threshold_scale_factor': 0.9532734105357448}. Best is trial 93 with value: 0.5666919748202135.
[I 2025-05-13 01:55:43,364] Trial 97 finished with value: 0.566643276405473 and parameters: {'threshold_scale_factor': 0.9392010804060448}. Best is trial 93 with value: 0.5666919748202135.
[I 2025-05-13 01:55:46,128] Trial 98 finished with value: 0.5665476853169145 and parameters: {'threshold_scale_factor': 0.8970195210900975}. Best is trial 93 with value: 0.5666919748202135.
