[I 2025-05-13 01:45:37,158] Trial 0 finished with value: 0.5546588465634879 and parameters: {'interp_param': 0.31271828832506554}. Best is trial 0 with value: 0.5546588465634879.
[I 2025-05-13 01:45:40,669] Trial 1 finished with value: 0.5645308116094468 and parameters: {'interp_param': 0.6811278685698421}. Best is trial 1 with value: 0.5645308116094468.
[I 2025-05-13 01:45:44,177] Trial 2 finished with value: 0.564548632368866 and parameters: {'interp_param': 0.6816368601428829}. Best is trial 2 with value: 0.564548632368866.
[I 2025-05-13 01:45:47,701] Trial 3 finished with value: 0.5673727854491071 and parameters: {'interp_param': 0.8995227690789582}. Best is trial 3 with value: 0.5673727854491071.
[I 2025-05-13 01:45:51,350] Trial 4 finished with value: 0.5613503462320444 and parameters: {'interp_param': 0.5328295399496981}. Best is trial 3 with value: 0.5673727854491071.
[I 2025-05-13 01:45:54,864] Trial 5 finished with value: 0.5630570955113068 and parameters: {'interp_param': 0.6041886488285093}. Best is trial 3 with value: 0.5673727854491071.
[I 2025-05-13 01:45:58,377] Trial 6 finished with value: 0.5552198609441615 and parameters: {'interp_param': 0.3269243628965294}. Best is trial 3 with value: 0.5673727854491071.
[I 2025-05-13 01:46:01,895] Trial 7 finished with value: 0.5494758093582899 and parameters: {'interp_param': 0.19834679062767768}. Best is trial 3 with value: 0.5673727854491071.
[I 2025-05-13 01:46:05,401] Trial 8 finished with value: 0.5676555613908596 and parameters: {'interp_param': 0.9509883454309271}. Best is trial 8 with value: 0.5676555613908596.
[I 2025-05-13 01:46:08,926] Trial 9 finished with value: 0.565108607548211 and parameters: {'interp_param': 0.7016307935732405}. Best is trial 8 with value: 0.5676555613908596.
[I 2025-05-13 01:46:12,443] Trial 10 finished with value: 0.5676999332297712 and parameters: {'interp_param': 0.9644778271335793}. Best is trial 10 with value: 0.5676999332297712.
[I 2025-05-13 01:46:15,952] Trial 11 finished with value: 0.5683457299762726 and parameters: {'interp_param': 0.9993405154403816}. Best is trial 11 with value: 0.5683457299762726.
[I 2025-05-13 01:46:19,466] Trial 12 finished with value: 0.5682842216045594 and parameters: {'interp_param': 0.9774251709854485}. Best is trial 11 with value: 0.5683457299762726.
[I 2025-05-13 01:46:22,977] Trial 13 finished with value: 0.5422648273502809 and parameters: {'interp_param': 0.0037295986331827846}. Best is trial 11 with value: 0.5683457299762726.
[I 2025-05-13 01:46:26,493] Trial 14 finished with value: 0.5667780484708606 and parameters: {'interp_param': 0.8508247958956918}. Best is trial 11 with value: 0.5683457299762726.
[I 2025-05-13 01:46:30,012] Trial 15 finished with value: 0.5664556799873962 and parameters: {'interp_param': 0.8024808914469063}. Best is trial 11 with value: 0.5683457299762726.
[I 2025-05-13 01:46:33,531] Trial 16 finished with value: 0.5685431576504839 and parameters: {'interp_param': 0.9983264917139623}. Best is trial 16 with value: 0.5685431576504839.
[I 2025-05-13 01:46:37,063] Trial 17 finished with value: 0.5665814284927315 and parameters: {'interp_param': 0.7766367962952829}. Best is trial 16 with value: 0.5685431576504839.
[I 2025-05-13 01:46:40,722] Trial 18 finished with value: 0.557848062839208 and parameters: {'interp_param': 0.3993281702114636}. Best is trial 16 with value: 0.5685431576504839.
[I 2025-05-13 01:46:44,238] Trial 19 finished with value: 0.5665657118587749 and parameters: {'interp_param': 0.8306113332629871}. Best is trial 16 with value: 0.5685431576504839.
[I 2025-05-13 01:46:47,758] Trial 20 finished with value: 0.5602753799150287 and parameters: {'interp_param': 0.49643110543803304}. Best is trial 16 with value: 0.5685431576504839.
[I 2025-05-13 01:46:51,274] Trial 21 finished with value: 0.567800216157992 and parameters: {'interp_param': 0.9666407538877595}. Best is trial 16 with value: 0.5685431576504839.
[I 2025-05-13 01:46:54,786] Trial 22 finished with value: 0.5687251207742292 and parameters: {'interp_param': 0.9829923794514694}. Best is trial 22 with value: 0.5687251207742292.
[I 2025-05-13 01:46:58,723] Trial 23 finished with value: 0.5672231507468946 and parameters: {'interp_param': 0.8848830439905749}. Best is trial 22 with value: 0.5687251207742292.
[I 2025-05-13 01:47:02,240] Trial 24 finished with value: 0.5660560967873842 and parameters: {'interp_param': 0.7469340133726283}. Best is trial 22 with value: 0.5687251207742292.
[I 2025-05-13 01:47:05,760] Trial 25 finished with value: 0.5689925453458586 and parameters: {'interp_param': 0.9923689810998265}. Best is trial 25 with value: 0.5689925453458586.
[I 2025-05-13 01:47:09,277] Trial 26 finished with value: 0.5673562251071411 and parameters: {'interp_param': 0.8914019263881161}. Best is trial 25 with value: 0.5689925453458586.
[I 2025-05-13 01:47:12,801] Trial 27 finished with value: 0.5673716176337525 and parameters: {'interp_param': 0.8998615256628062}. Best is trial 25 with value: 0.5689925453458586.
[I 2025-05-13 01:47:16,324] Trial 28 finished with value: 0.5628251221097573 and parameters: {'interp_param': 0.5963615362989649}. Best is trial 25 with value: 0.5689925453458586.
[I 2025-05-13 01:47:19,855] Trial 29 finished with value: 0.5662964146669295 and parameters: {'interp_param': 0.7536585457580162}. Best is trial 25 with value: 0.5689925453458586.
[I 2025-05-13 01:47:23,373] Trial 30 finished with value: 0.5676290566124165 and parameters: {'interp_param': 0.9275152637353972}. Best is trial 25 with value: 0.5689925453458586.
[I 2025-05-13 01:47:26,886] Trial 31 finished with value: 0.5684620330675509 and parameters: {'interp_param': 0.9986513756311949}. Best is trial 25 with value: 0.5689925453458586.
[I 2025-05-13 01:47:30,397] Trial 32 finished with value: 0.5689231915185696 and parameters: {'interp_param': 0.9962064703539187}. Best is trial 25 with value: 0.5689925453458586.
[I 2025-05-13 01:47:34,050] Trial 33 finished with value: 0.5666237167844246 and parameters: {'interp_param': 0.8343184289591729}. Best is trial 25 with value: 0.5689925453458586.
[I 2025-05-13 01:47:37,560] Trial 34 finished with value: 0.5674206401558382 and parameters: {'interp_param': 0.9029476433332706}. Best is trial 25 with value: 0.5689925453458586.
[I 2025-05-13 01:47:41,084] Trial 35 finished with value: 0.5667512298741944 and parameters: {'interp_param': 0.8485140650690968}. Best is trial 25 with value: 0.5689925453458586.
[I 2025-05-13 01:47:44,610] Trial 36 finished with value: 0.5643185573103379 and parameters: {'interp_param': 0.6754137072169214}. Best is trial 25 with value: 0.5689925453458586.
[I 2025-05-13 01:47:48,127] Trial 37 finished with value: 0.5675871747410448 and parameters: {'interp_param': 0.925279576123925}. Best is trial 25 with value: 0.5689925453458586.
[I 2025-05-13 01:47:51,654] Trial 38 finished with value: 0.5475103864057156 and parameters: {'interp_param': 0.14759409371620202}. Best is trial 25 with value: 0.5689925453458586.
[I 2025-05-13 01:47:55,170] Trial 39 finished with value: 0.5689035238617397 and parameters: {'interp_param': 0.9947421850357554}. Best is trial 25 with value: 0.5689925453458586.
[I 2025-05-13 01:47:58,700] Trial 40 finished with value: 0.563801173951787 and parameters: {'interp_param': 0.6460134449746074}. Best is trial 25 with value: 0.5689925453458586.
[I 2025-05-13 01:48:02,224] Trial 41 finished with value: 0.5677531794364652 and parameters: {'interp_param': 0.9359460120356821}. Best is trial 25 with value: 0.5689925453458586.
[I 2025-05-13 01:48:05,736] Trial 42 finished with value: 0.568749068705839 and parameters: {'interp_param': 0.997541252454371}. Best is trial 25 with value: 0.5689925453458586.
[I 2025-05-13 01:48:09,245] Trial 43 finished with value: 0.5669628359586131 and parameters: {'interp_param': 0.8760887394549844}. Best is trial 25 with value: 0.5689925453458586.
[I 2025-05-13 01:48:12,767] Trial 44 finished with value: 0.567737195285335 and parameters: {'interp_param': 0.9469795384433944}. Best is trial 25 with value: 0.5689925453458586.
[I 2025-05-13 01:48:16,278] Trial 45 finished with value: 0.5664570947416804 and parameters: {'interp_param': 0.80195701038157}. Best is trial 25 with value: 0.5689925453458586.
[I 2025-05-13 01:48:19,799] Trial 46 finished with value: 0.5675681347206609 and parameters: {'interp_param': 0.9529957125265687}. Best is trial 25 with value: 0.5689925453458586.
[I 2025-05-13 01:48:23,320] Trial 47 finished with value: 0.5659511683205505 and parameters: {'interp_param': 0.7311360611621891}. Best is trial 25 with value: 0.5689925453458586.
[I 2025-05-13 01:48:26,974] Trial 48 finished with value: 0.5687770808406649 and parameters: {'interp_param': 0.9973647889815435}. Best is trial 25 with value: 0.5689925453458586.
[I 2025-05-13 01:48:30,509] Trial 49 finished with value: 0.5667062664107638 and parameters: {'interp_param': 0.8588914579597766}. Best is trial 25 with value: 0.5689925453458586.
[I 2025-05-13 01:48:34,024] Trial 50 finished with value: 0.5664627023132066 and parameters: {'interp_param': 0.8040383808433721}. Best is trial 25 with value: 0.5689925453458586.
[I 2025-05-13 01:48:37,544] Trial 51 finished with value: 0.568790261206032 and parameters: {'interp_param': 0.9972727410196065}. Best is trial 25 with value: 0.5689925453458586.
[I 2025-05-13 01:48:41,060] Trial 52 finished with value: 0.5675742001581192 and parameters: {'interp_param': 0.9238116671346243}. Best is trial 25 with value: 0.5689925453458586.
[I 2025-05-13 01:48:44,584] Trial 53 finished with value: 0.5691625113532746 and parameters: {'interp_param': 0.9901042655756574}. Best is trial 53 with value: 0.5691625113532746.
[I 2025-05-13 01:48:48,111] Trial 54 finished with value: 0.5675184794175682 and parameters: {'interp_param': 0.9547801833839398}. Best is trial 53 with value: 0.5691625113532746.
[I 2025-05-13 01:48:51,629] Trial 55 finished with value: 0.5684152484295147 and parameters: {'interp_param': 0.9989143756179975}. Best is trial 53 with value: 0.5691625113532746.
[I 2025-05-13 01:48:55,145] Trial 56 finished with value: 0.558062642479904 and parameters: {'interp_param': 0.4053796509762799}. Best is trial 53 with value: 0.5691625113532746.
[I 2025-05-13 01:48:58,667] Trial 57 finished with value: 0.5674428286475746 and parameters: {'interp_param': 0.9056952310301328}. Best is trial 53 with value: 0.5691625113532746.
[I 2025-05-13 01:49:02,181] Trial 58 finished with value: 0.5674949018943529 and parameters: {'interp_param': 0.9615835561077007}. Best is trial 53 with value: 0.5691625113532746.
[I 2025-05-13 01:49:05,697] Trial 59 finished with value: 0.5509174131064607 and parameters: {'interp_param': 0.22934644583848884}. Best is trial 53 with value: 0.5691625113532746.
[I 2025-05-13 01:49:09,220] Trial 60 finished with value: 0.5667500209023515 and parameters: {'interp_param': 0.8679971725458206}. Best is trial 53 with value: 0.5691625113532746.
[I 2025-05-13 01:49:12,739] Trial 61 finished with value: 0.5682297304140954 and parameters: {'interp_param': 0.9758920223036165}. Best is trial 53 with value: 0.5691625113532746.
[I 2025-05-13 01:49:16,259] Trial 62 finished with value: 0.568906368803991 and parameters: {'interp_param': 0.9955611106848002}. Best is trial 53 with value: 0.5691625113532746.
[I 2025-05-13 01:49:19,921] Trial 63 finished with value: 0.5676806617041408 and parameters: {'interp_param': 0.9319539453215623}. Best is trial 53 with value: 0.5691625113532746.
[I 2025-05-13 01:49:23,441] Trial 64 finished with value: 0.5680728933264363 and parameters: {'interp_param': 0.9736435071688233}. Best is trial 53 with value: 0.5691625113532746.
[I 2025-05-13 01:49:26,953] Trial 65 finished with value: 0.5673972169694539 and parameters: {'interp_param': 0.8959181318165312}. Best is trial 53 with value: 0.5691625113532746.
[I 2025-05-13 01:49:30,475] Trial 66 finished with value: 0.5677468361927112 and parameters: {'interp_param': 0.9456703214328785}. Best is trial 53 with value: 0.5691625113532746.
[I 2025-05-13 01:49:33,993] Trial 67 finished with value: 0.5664618894725633 and parameters: {'interp_param': 0.8204125720959099}. Best is trial 53 with value: 0.5691625113532746.
[I 2025-05-13 01:49:37,525] Trial 68 finished with value: 0.5674361355736703 and parameters: {'interp_param': 0.9053376476615563}. Best is trial 53 with value: 0.5691625113532746.
[I 2025-05-13 01:49:41,047] Trial 69 finished with value: 0.5682850447343247 and parameters: {'interp_param': 0.9995322822233169}. Best is trial 53 with value: 0.5691625113532746.
[I 2025-05-13 01:49:44,568] Trial 70 finished with value: 0.5613576669423945 and parameters: {'interp_param': 0.5332284564793663}. Best is trial 53 with value: 0.5691625113532746.
[I 2025-05-13 01:49:48,089] Trial 71 finished with value: 0.5679740251524997 and parameters: {'interp_param': 0.9720494287973083}. Best is trial 53 with value: 0.5691625113532746.
[I 2025-05-13 01:49:51,602] Trial 72 finished with value: 0.5688935434133351 and parameters: {'interp_param': 0.9951133784823768}. Best is trial 53 with value: 0.5691625113532746.
[I 2025-05-13 01:49:55,127] Trial 73 finished with value: 0.5675713552158677 and parameters: {'interp_param': 0.923612800423407}. Best is trial 53 with value: 0.5691625113532746.
[I 2025-05-13 01:49:58,643] Trial 74 finished with value: 0.5677602583524469 and parameters: {'interp_param': 0.9657932282790611}. Best is trial 53 with value: 0.5691625113532746.
[I 2025-05-13 01:50:02,166] Trial 75 finished with value: 0.5668858373136287 and parameters: {'interp_param': 0.8736568692111002}. Best is trial 53 with value: 0.5691625113532746.
[I 2025-05-13 01:50:05,688] Trial 76 finished with value: 0.568230604989471 and parameters: {'interp_param': 0.9759143669183575}. Best is trial 53 with value: 0.5691625113532746.
[I 2025-05-13 01:50:09,339] Trial 77 finished with value: 0.5677202285230474 and parameters: {'interp_param': 0.9375501293777206}. Best is trial 53 with value: 0.5691625113532746.
[I 2025-05-13 01:50:12,856] Trial 78 finished with value: 0.5675162158107135 and parameters: {'interp_param': 0.9177953334814868}. Best is trial 53 with value: 0.5691625113532746.
[I 2025-05-13 01:50:16,373] Trial 79 finished with value: 0.5684959151465158 and parameters: {'interp_param': 0.9985443724647579}. Best is trial 53 with value: 0.5691625113532746.
[I 2025-05-13 01:50:19,893] Trial 80 finished with value: 0.5666934873211573 and parameters: {'interp_param': 0.8418947277949734}. Best is trial 53 with value: 0.5691625113532746.
[I 2025-05-13 01:50:23,560] Trial 81 finished with value: 0.5685121565256976 and parameters: {'interp_param': 0.9799730984020542}. Best is trial 53 with value: 0.5691625113532746.
[I 2025-05-13 01:50:27,081] Trial 82 finished with value: 0.5677118480331242 and parameters: {'interp_param': 0.9490393232156538}. Best is trial 53 with value: 0.5691625113532746.
[I 2025-05-13 01:50:30,595] Trial 83 finished with value: 0.5689044293044815 and parameters: {'interp_param': 0.9967542171263187}. Best is trial 53 with value: 0.5691625113532746.
[I 2025-05-13 01:50:34,109] Trial 84 finished with value: 0.5673574752354722 and parameters: {'interp_param': 0.8914705643341255}. Best is trial 53 with value: 0.5691625113532746.
[I 2025-05-13 01:50:37,608] Trial 85 finished with value: 0.5450673887078654 and parameters: {'interp_param': 0.08211798037699791}. Best is trial 53 with value: 0.5691625113532746.
[I 2025-05-13 01:50:41,117] Trial 86 finished with value: 0.5676329356114356 and parameters: {'interp_param': 0.9515918813117559}. Best is trial 53 with value: 0.5691625113532746.
[I 2025-05-13 01:50:44,634] Trial 87 finished with value: 0.568570110005737 and parameters: {'interp_param': 0.9805892967606923}. Best is trial 53 with value: 0.5691625113532746.
[I 2025-05-13 01:50:48,160] Trial 88 finished with value: 0.5675262168373622 and parameters: {'interp_param': 0.9164403567704871}. Best is trial 53 with value: 0.5691625113532746.
[I 2025-05-13 01:50:51,681] Trial 89 finished with value: 0.5682816390349207 and parameters: {'interp_param': 0.9995480702813826}. Best is trial 53 with value: 0.5691625113532746.
[I 2025-05-13 01:50:55,199] Trial 90 finished with value: 0.5670227032153567 and parameters: {'interp_param': 0.87831832333887}. Best is trial 53 with value: 0.5691625113532746.
[I 2025-05-13 01:50:58,722] Trial 91 finished with value: 0.5675010239219824 and parameters: {'interp_param': 0.9557620921371962}. Best is trial 53 with value: 0.5691625113532746.
[I 2025-05-13 01:51:02,387] Trial 92 finished with value: 0.568599824990265 and parameters: {'interp_param': 0.9807862755207969}. Best is trial 53 with value: 0.5691625113532746.
[I 2025-05-13 01:51:05,906] Trial 93 finished with value: 0.5682116472820635 and parameters: {'interp_param': 0.9998485208078696}. Best is trial 53 with value: 0.5691625113532746.
[I 2025-05-13 01:51:09,418] Trial 94 finished with value: 0.5677114416128026 and parameters: {'interp_param': 0.9392199687734405}. Best is trial 53 with value: 0.5691625113532746.
[I 2025-05-13 01:51:12,934] Trial 95 finished with value: 0.5675524849659979 and parameters: {'interp_param': 0.9121121386154514}. Best is trial 53 with value: 0.5691625113532746.
[I 2025-05-13 01:51:16,453] Trial 96 finished with value: 0.5674638133120291 and parameters: {'interp_param': 0.9588845022429969}. Best is trial 53 with value: 0.5691625113532746.
[I 2025-05-13 01:51:19,962] Trial 97 finished with value: 0.5677514714422022 and parameters: {'interp_param': 0.934488629282882}. Best is trial 53 with value: 0.5691625113532746.
[I 2025-05-13 01:51:23,490] Trial 98 finished with value: 0.5683435744051998 and parameters: {'interp_param': 0.9786608294865915}. Best is trial 53 with value: 0.5691625113532746.
