[I 2025-05-13 01:55:52,403] Trial 99 finished with value: 0.5754210704880796 and parameters: {'threshold_scale_factor': 0.6772692083737326}. Best is trial 62 with value: 0.5776382373902539.
Best hyperparameters: {'threshold_scale_factor': 0.780144940054871}
Best optimized value: 0.5776382373902539
Running audit 1/1
Training a GraphSAGE target model on pubmed...
Training GraphSAGE on cuda:   0%|          | 0/100 [00:00<?, ?it/s]Training GraphSAGE on cuda:  22%|██▏       | 22/100 [00:00<00:00, 213.54it/s]Training GraphSAGE on cuda:  44%|████▍     | 44/100 [00:00<00:00, 214.27it/s]Training GraphSAGE on cuda:  66%|██████▌   | 66/100 [00:00<00:00, 214.57it/s]Training GraphSAGE on cuda:  88%|████████▊ | 88/100 [00:00<00:00, 215.11it/s]Training GraphSAGE on cuda: 100%|██████████| 100/100 [00:00<00:00, 214.83it/s]
Train accuracy: 0.9615 | Test accuracy: 0.8757
Training MLP on cuda:   0%|          | 0/1000 [00:00<?, ?it/s]Training MLP on cuda:   0%|          | 1/1000 [00:21<6:02:58, 21.80s/it]Training MLP on cuda:   0%|          | 2/1000 [00:43<6:01:08, 21.71s/it]Training MLP on cuda:   0%|          | 3/1000 [01:05<6:01:45, 21.77s/it]Training MLP on cuda:   0%|          | 4/1000 [01:26<6:00:22, 21.71s/it]Training MLP on cuda:   0%|          | 5/1000 [01:48<5:59:17, 21.67s/it]Training MLP on cuda:   1%|          | 6/1000 [02:10<5:59:29, 21.70s/it]Training MLP on cuda:   1%|          | 7/1000 [02:32<5:59:29, 21.72s/it]Training MLP on cuda:   1%|          | 8/1000 [02:53<6:00:20, 21.80s/it]Training MLP on cuda:   1%|          | 9/1000 [03:15<5:58:43, 21.72s/it]Training MLP on cuda:   1%|          | 10/1000 [03:37<5:58:42, 21.74s/it]Training MLP on cuda:   1%|          | 11/1000 [03:58<5:57:22, 21.68s/it]Training MLP on cuda:   1%|          | 12/1000 [04:20<5:57:34, 21.72s/it]Training MLP on cuda:   1%|▏         | 13/1000 [04:42<5:57:17, 21.72s/it]Training MLP on cuda:   1%|▏         | 14/1000 [05:03<5:56:12, 21.68s/it]Training MLP on cuda:   2%|▏         | 15/1000 [05:25<5:56:26, 21.71s/it]Training MLP on cuda:   2%|▏         | 16/1000 [05:47<5:56:11, 21.72s/it]Training MLP on cuda:   2%|▏         | 17/1000 [06:09<5:56:32, 21.76s/it]Training MLP on cuda:   2%|▏         | 18/1000 [06:30<5:55:30, 21.72s/it]Training MLP on cuda:   2%|▏         | 19/1000 [06:52<5:55:28, 21.74s/it]Training MLP on cuda:   2%|▏         | 20/1000 [07:14<5:54:35, 21.71s/it]Training MLP on cuda:   2%|▏         | 21/1000 [07:36<5:54:45, 21.74s/it]Training MLP on cuda:   2%|▏         | 22/1000 [07:57<5:54:15, 21.73s/it]Training MLP on cuda:   2%|▏         | 23/1000 [08:19<5:52:58, 21.68s/it]Training MLP on cuda:   2%|▏         | 24/1000 [08:41<5:53:02, 21.70s/it]Training MLP on cuda:   2%|▎         | 25/1000 [09:03<5:53:09, 21.73s/it]Training MLP on cuda:   3%|▎         | 26/1000 [09:24<5:53:45, 21.79s/it]Training MLP on cuda:   3%|▎         | 27/1000 [09:46<5:52:25, 21.73s/it]Training MLP on cuda:   3%|▎         | 28/1000 [10:08<5:52:18, 21.75s/it]Training MLP on cuda:   3%|▎         | 29/1000 [10:29<5:51:12, 21.70s/it]Training MLP on cuda:   3%|▎         | 30/1000 [10:51<5:51:24, 21.74s/it]Training MLP on cuda:   3%|▎         | 31/1000 [11:13<5:50:46, 21.72s/it]Training MLP on cuda:   3%|▎         | 32/1000 [11:35<5:49:36, 21.67s/it]Training MLP on cuda:   3%|▎         | 33/1000 [11:56<5:49:43, 21.70s/it]Training MLP on cuda:   3%|▎         | 34/1000 [12:18<5:49:47, 21.73s/it]Training MLP on cuda:   4%|▎         | 35/1000 [12:40<5:50:18, 21.78s/it]Training MLP on cuda:   4%|▎         | 36/1000 [13:02<5:49:03, 21.73s/it]Training MLP on cuda:   4%|▎         | 37/1000 [13:23<5:48:59, 21.74s/it]Training MLP on cuda:   4%|▍         | 38/1000 [13:45<5:47:53, 21.70s/it]Training MLP on cuda:   4%|▍         | 39/1000 [14:07<5:48:11, 21.74s/it]Training MLP on cuda:   4%|▍         | 40/1000 [14:28<5:47:32, 21.72s/it]Training MLP on cuda:   4%|▍         | 41/1000 [14:50<5:46:30, 21.68s/it]Training MLP on cuda:   4%|▍         | 42/1000 [15:12<5:46:39, 21.71s/it]Training MLP on cuda:   4%|▍         | 43/1000 [15:34<5:46:34, 21.73s/it]Training MLP on cuda:   4%|▍         | 44/1000 [15:56<5:47:17, 21.80s/it]Training MLP on cuda:   4%|▍         | 45/1000 [16:17<5:46:14, 21.75s/it]Training MLP on cuda:   5%|▍         | 46/1000 [16:39<5:46:02, 21.76s/it]Training MLP on cuda:   5%|▍         | 47/1000 [17:01<5:44:55, 21.72s/it]Training MLP on cuda:   5%|▍         | 48/1000 [17:22<5:45:10, 21.76s/it]Training MLP on cuda:   5%|▍         | 49/1000 [17:44<5:44:34, 21.74s/it]Training MLP on cuda:   5%|▌         | 50/1000 [18:06<5:43:29, 21.69s/it]Training MLP on cuda:   5%|▌         | 51/1000 [18:27<5:42:52, 21.68s/it]Training MLP on cuda:   5%|▌         | 52/1000 [18:48<5:38:11, 21.40s/it]Training MLP on cuda:   5%|▌         | 53/1000 [19:10<5:40:23, 21.57s/it]Training MLP on cuda:   5%|▌         | 54/1000 [19:32<5:40:21, 21.59s/it]Training MLP on cuda:   6%|▌         | 55/1000 [19:54<5:41:16, 21.67s/it]Training MLP on cuda:   6%|▌         | 56/1000 [20:15<5:40:47, 21.66s/it]Training MLP on cuda:   6%|▌         | 57/1000 [20:37<5:41:21, 21.72s/it]Training MLP on cuda:   6%|▌         | 58/1000 [20:59<5:41:11, 21.73s/it]Training MLP on cuda:   6%|▌         | 59/1000 [21:20<5:40:05, 21.68s/it]Training MLP on cuda:   6%|▌         | 60/1000 [21:42<5:40:19, 21.72s/it]Training MLP on cuda:   6%|▌         | 61/1000 [22:04<5:40:26, 21.75s/it]Training MLP on cuda:   6%|▌         | 62/1000 [22:26<5:41:08, 21.82s/it]Training MLP on cuda:   6%|▋         | 63/1000 [22:48<5:40:05, 21.78s/it]Training MLP on cuda:   6%|▋         | 64/1000 [23:10<5:40:01, 21.80s/it]Training MLP on cuda:   6%|▋         | 65/1000 [23:31<5:39:00, 21.75s/it]Training MLP on cuda:   7%|▋         | 66/1000 [23:53<5:39:08, 21.79s/it]Training MLP on cuda:   7%|▋         | 67/1000 [24:15<5:38:35, 21.77s/it]Training MLP on cuda:   7%|▋         | 68/1000 [24:36<5:37:28, 21.73s/it]Training MLP on cuda:   7%|▋         | 69/1000 [24:58<5:37:36, 21.76s/it]Training MLP on cuda:   7%|▋         | 70/1000 [25:20<5:37:26, 21.77s/it]Training MLP on cuda:   7%|▋         | 71/1000 [25:42<5:38:05, 21.84s/it]Training MLP on cuda:   7%|▋         | 72/1000 [26:04<5:36:56, 21.79s/it]Training MLP on cuda:   7%|▋         | 73/1000 [26:26<5:37:05, 21.82s/it]Training MLP on cuda:   7%|▋         | 74/1000 [26:47<5:35:48, 21.76s/it]Training MLP on cuda:   8%|▊         | 75/1000 [27:09<5:35:37, 21.77s/it]Training MLP on cuda:   8%|▊         | 76/1000 [27:31<5:34:42, 21.73s/it]Training MLP on cuda:   8%|▊         | 77/1000 [27:52<5:32:40, 21.63s/it]Training MLP on cuda:   8%|▊         | 78/1000 [28:14<5:32:00, 21.61s/it]Training MLP on cuda:   8%|▊         | 79/1000 [28:35<5:31:30, 21.60s/it]Training MLP on cuda:   8%|▊         | 80/1000 [28:57<5:31:39, 21.63s/it]Training MLP on cuda:   8%|▊         | 81/1000 [29:18<5:30:16, 21.56s/it]Training MLP on cuda:   8%|▊         | 82/1000 [29:40<5:29:39, 21.55s/it]Training MLP on cuda:   8%|▊         | 83/1000 [30:01<5:28:11, 21.47s/it]Training MLP on cuda:   8%|▊         | 84/1000 [30:23<5:27:57, 21.48s/it]Training MLP on cuda:   8%|▊         | 85/1000 [30:44<5:27:17, 21.46s/it]Training MLP on cuda:   9%|▊         | 86/1000 [31:05<5:25:59, 21.40s/it]Training MLP on cuda:   9%|▊         | 87/1000 [31:27<5:25:59, 21.42s/it]Training MLP on cuda:   9%|▉         | 88/1000 [31:48<5:25:52, 21.44s/it]Training MLP on cuda:   9%|▉         | 89/1000 [32:10<5:26:17, 21.49s/it]Training MLP on cuda:   9%|▉         | 90/1000 [32:31<5:24:54, 21.42s/it]Training MLP on cuda:   9%|▉         | 91/1000 [32:53<5:24:37, 21.43s/it]Training MLP on cuda:   9%|▉         | 92/1000 [33:14<5:23:35, 21.38s/it]Training MLP on cuda:   9%|▉         | 93/1000 [33:35<5:23:26, 21.40s/it]Training MLP on cuda:   9%|▉         | 94/1000 [33:57<5:23:00, 21.39s/it]Training MLP on cuda:  10%|▉         | 95/1000 [34:18<5:21:54, 21.34s/it]Training MLP on cuda:  10%|▉         | 96/1000 [34:39<5:21:44, 21.35s/it]Training MLP on cuda:  10%|▉         | 97/1000 [35:01<5:21:37, 21.37s/it]Training MLP on cuda:  10%|▉         | 98/1000 [35:22<5:21:55, 21.41s/it]Training MLP on cuda:  10%|▉         | 99/1000 [35:43<5:20:47, 21.36s/it]Training MLP on cuda:  10%|█         | 100/1000 [36:05<5:20:32, 21.37s/it]Training MLP on cuda:  10%|█         | 101/1000 [36:26<5:19:26, 21.32s/it]Training MLP on cuda:  10%|█         | 102/1000 [36:47<5:19:37, 21.36s/it]Training MLP on cuda:  10%|█         | 103/1000 [37:09<5:19:13, 21.35s/it]Training MLP on cuda:  10%|█         | 104/1000 [37:30<5:17:58, 21.29s/it]Training MLP on cuda:  10%|█         | 105/1000 [37:51<5:17:57, 21.32s/it]Training MLP on cuda:  11%|█         | 106/1000 [38:13<5:18:01, 21.34s/it]Training MLP on cuda:  11%|█         | 107/1000 [38:34<5:18:34, 21.40s/it]Training MLP on cuda:  11%|█         | 108/1000 [38:56<5:17:33, 21.36s/it]Training MLP on cuda:  11%|█         | 109/1000 [39:17<5:17:35, 21.39s/it]Training MLP on cuda:  11%|█         | 110/1000 [39:38<5:16:33, 21.34s/it]Training MLP on cuda:  11%|█         | 111/1000 [40:00<5:16:49, 21.38s/it]Training MLP on cuda:  11%|█         | 112/1000 [40:21<5:16:12, 21.37s/it]Training MLP on cuda:  11%|█▏        | 113/1000 [40:42<5:15:10, 21.32s/it]Training MLP on cuda:  11%|█▏        | 114/1000 [41:04<5:15:08, 21.34s/it]Training MLP on cuda:  12%|█▏        | 115/1000 [41:25<5:15:00, 21.36s/it]Training MLP on cuda:  12%|█▏        | 116/1000 [41:47<5:15:31, 21.42s/it]Training MLP on cuda:  12%|█▏        | 117/1000 [42:08<5:14:34, 21.37s/it]Training MLP on cuda:  12%|█▏        | 118/1000 [42:29<5:14:12, 21.37s/it]Training MLP on cuda:  12%|█▏        | 119/1000 [42:50<5:13:00, 21.32s/it]Training MLP on cuda:  12%|█▏        | 120/1000 [43:12<5:13:18, 21.36s/it]Training MLP on cuda:  12%|█▏        | 121/1000 [43:33<5:12:55, 21.36s/it]Training MLP on cuda:  12%|█▏        | 122/1000 [43:54<5:11:47, 21.31s/it]Training MLP on cuda:  12%|█▏        | 123/1000 [44:16<5:11:54, 21.34s/it]Training MLP on cuda:  12%|█▏        | 124/1000 [44:37<5:11:51, 21.36s/it]Training MLP on cuda:  12%|█▎        | 125/1000 [44:59<5:12:14, 21.41s/it]Training MLP on cuda:  13%|█▎        | 126/1000 [45:20<5:11:05, 21.36s/it]Training MLP on cuda:  13%|█▎        | 127/1000 [45:41<5:11:14, 21.39s/it]Training MLP on cuda:  13%|█▎        | 128/1000 [46:03<5:10:21, 21.35s/it]Training MLP on cuda:  13%|█▎        | 129/1000 [46:24<5:10:23, 21.38s/it]Training MLP on cuda:  13%|█▎        | 130/1000 [46:46<5:09:59, 21.38s/it]Training MLP on cuda:  13%|█▎        | 131/1000 [47:07<5:08:55, 21.33s/it]Training MLP on cuda:  13%|█▎        | 132/1000 [47:28<5:08:52, 21.35s/it]Training MLP on cuda:  13%|█▎        | 133/1000 [47:50<5:08:40, 21.36s/it]Training MLP on cuda:  13%|█▎        | 134/1000 [48:11<5:09:03, 21.41s/it]Training MLP on cuda:  14%|█▎        | 135/1000 [48:32<5:07:58, 21.36s/it]Training MLP on cuda:  14%|█▎        | 136/1000 [48:54<5:07:41, 21.37s/it]Training MLP on cuda:  14%|█▎        | 137/1000 [49:15<5:06:38, 21.32s/it]Training MLP on cuda:  14%|█▍        | 138/1000 [49:36<5:06:43, 21.35s/it]Training MLP on cuda:  14%|█▍        | 139/1000 [49:58<5:06:18, 21.35s/it]Training MLP on cuda:  14%|█▍        | 140/1000 [50:19<5:05:10, 21.29s/it]Training MLP on cuda:  14%|█▍        | 141/1000 [50:40<5:05:19, 21.33s/it]Training MLP on cuda:  14%|█▍        | 142/1000 [51:02<5:05:23, 21.36s/it]Training MLP on cuda:  14%|█▍        | 143/1000 [51:23<5:06:04, 21.43s/it]Training MLP on cuda:  14%|█▍        | 144/1000 [51:45<5:05:18, 21.40s/it]Training MLP on cuda:  14%|█▍        | 145/1000 [52:06<5:05:21, 21.43s/it]Training MLP on cuda:  15%|█▍        | 146/1000 [52:27<5:04:31, 21.40s/it]Training MLP on cuda:  15%|█▍        | 147/1000 [52:49<5:04:40, 21.43s/it]Training MLP on cuda:  15%|█▍        | 148/1000 [53:10<5:04:22, 21.44s/it]Training MLP on cuda:  15%|█▍        | 149/1000 [53:32<5:03:14, 21.38s/it]Training MLP on cuda:  15%|█▌        | 150/1000 [53:53<5:03:14, 21.40s/it]Training MLP on cuda:  15%|█▌        | 151/1000 [54:15<5:03:10, 21.43s/it]Training MLP on cuda:  15%|█▌        | 152/1000 [54:36<5:03:31, 21.48s/it]Training MLP on cuda:  15%|█▌        | 153/1000 [54:57<5:02:19, 21.42s/it]Training MLP on cuda:  15%|█▌        | 154/1000 [55:19<5:02:13, 21.43s/it]Training MLP on cuda:  16%|█▌        | 155/1000 [55:40<5:01:09, 21.38s/it]Training MLP on cuda:  16%|█▌        | 156/1000 [56:02<5:01:06, 21.41s/it]Training MLP on cuda:  16%|█▌        | 157/1000 [56:23<5:00:37, 21.40s/it]Training MLP on cuda:  16%|█▌        | 158/1000 [56:44<4:59:29, 21.34s/it]Training MLP on cuda:  16%|█▌        | 159/1000 [57:06<4:59:28, 21.37s/it]Training MLP on cuda:  16%|█▌        | 160/1000 [57:27<4:59:11, 21.37s/it]Training MLP on cuda:  16%|█▌        | 161/1000 [57:49<4:59:24, 21.41s/it]Training MLP on cuda:  16%|█▌        | 162/1000 [58:10<4:58:20, 21.36s/it]Training MLP on cuda:  16%|█▋        | 163/1000 [58:31<4:58:08, 21.37s/it]Training MLP on cuda:  16%|█▋        | 164/1000 [58:52<4:57:05, 21.32s/it]Training MLP on cuda:  16%|█▋        | 165/1000 [59:14<4:57:13, 21.36s/it]Training MLP on cuda:  17%|█▋        | 166/1000 [59:35<4:56:41, 21.34s/it]Training MLP on cuda:  17%|█▋        | 167/1000 [59:56<4:55:26, 21.28s/it]Training MLP on cuda:  17%|█▋        | 168/1000 [1:00:18<4:55:12, 21.29s/it]Training MLP on cuda:  17%|█▋        | 169/1000 [1:00:39<4:55:01, 21.30s/it]Training MLP on cuda:  17%|█▋        | 170/1000 [1:01:00<4:55:25, 21.36s/it]Training MLP on cuda:  17%|█▋        | 171/1000 [1:01:22<4:54:21, 21.30s/it]Training MLP on cuda:  17%|█▋        | 171/1000 [1:01:43<4:59:14, 21.66s/it]
Training MLP on cuda:   0%|          | 0/1000 [00:00<?, ?it/s]Training MLP on cuda:   0%|          | 1/1000 [00:21<5:59:36, 21.60s/it]Training MLP on cuda:   0%|          | 2/1000 [00:43<5:59:23, 21.61s/it]Training MLP on cuda:   0%|          | 3/1000 [01:04<5:58:26, 21.57s/it]Training MLP on cuda:   0%|          | 4/1000 [01:26<5:58:22, 21.59s/it]Training MLP on cuda:   0%|          | 5/1000 [01:48<5:58:39, 21.63s/it]Training MLP on cuda:   1%|          | 6/1000 [02:09<5:57:02, 21.55s/it]Training MLP on cuda:   1%|          | 7/1000 [02:31<5:56:40, 21.55s/it]Training MLP on cuda:   1%|          | 8/1000 [02:52<5:56:38, 21.57s/it]Training MLP on cuda:   1%|          | 9/1000 [03:14<5:55:49, 21.54s/it]Training MLP on cuda:   1%|          | 10/1000 [03:35<5:56:42, 21.62s/it]Training MLP on cuda:   1%|          | 11/1000 [03:57<5:56:39, 21.64s/it]Training MLP on cuda:   1%|          | 12/1000 [04:19<5:56:29, 21.65s/it]Training MLP on cuda:   1%|▏         | 13/1000 [04:40<5:54:53, 21.57s/it]Training MLP on cuda:   1%|▏         | 14/1000 [05:02<5:54:28, 21.57s/it]Training MLP on cuda:   2%|▏         | 15/1000 [05:23<5:54:29, 21.59s/it]Training MLP on cuda:   2%|▏         | 16/1000 [05:45<5:53:47, 21.57s/it]Training MLP on cuda:   2%|▏         | 17/1000 [06:07<5:54:20, 21.63s/it]Training MLP on cuda:   2%|▏         | 18/1000 [06:28<5:54:13, 21.64s/it]Training MLP on cuda:   2%|▏         | 19/1000 [06:50<5:53:47, 21.64s/it]Training MLP on cuda:   2%|▏         | 20/1000 [07:11<5:52:22, 21.57s/it]Training MLP on cuda:   2%|▏         | 21/1000 [07:33<5:52:07, 21.58s/it]Training MLP on cuda:   2%|▏         | 22/1000 [07:55<5:51:58, 21.59s/it]Training MLP on cuda:   2%|▏         | 23/1000 [08:16<5:51:18, 21.57s/it]Training MLP on cuda:   2%|▏         | 24/1000 [08:38<5:51:56, 21.64s/it]Training MLP on cuda:   2%|▎         | 25/1000 [09:00<5:51:50, 21.65s/it]Training MLP on cuda:   3%|▎         | 26/1000 [09:21<5:51:42, 21.67s/it]Training MLP on cuda:   3%|▎         | 27/1000 [09:43<5:50:16, 21.60s/it]Training MLP on cuda:   3%|▎         | 28/1000 [10:04<5:49:42, 21.59s/it]Training MLP on cuda:   3%|▎         | 29/1000 [10:26<5:49:37, 21.60s/it]Training MLP on cuda:   3%|▎         | 30/1000 [10:47<5:48:52, 21.58s/it]Training MLP on cuda:   3%|▎         | 31/1000 [11:09<5:49:42, 21.65s/it]Training MLP on cuda:   3%|▎         | 32/1000 [11:31<5:49:22, 21.66s/it]Training MLP on cuda:   3%|▎         | 33/1000 [11:53<5:49:08, 21.66s/it]Training MLP on cuda:   3%|▎         | 34/1000 [12:14<5:47:23, 21.58s/it]Training MLP on cuda:   4%|▎         | 35/1000 [12:36<5:46:54, 21.57s/it]Training MLP on cuda:   4%|▎         | 36/1000 [12:57<5:46:50, 21.59s/it]Training MLP on cuda:   4%|▎         | 37/1000 [13:19<5:45:54, 21.55s/it]Training MLP on cuda:   4%|▍         | 38/1000 [13:40<5:46:48, 21.63s/it]Training MLP on cuda:   4%|▍         | 39/1000 [14:02<5:46:32, 21.64s/it]Training MLP on cuda:   4%|▍         | 40/1000 [14:24<5:46:09, 21.63s/it]Training MLP on cuda:   4%|▍         | 41/1000 [14:45<5:44:28, 21.55s/it]Training MLP on cuda:   4%|▍         | 42/1000 [15:07<5:44:08, 21.55s/it]Training MLP on cuda:   4%|▍         | 43/1000 [15:28<5:44:19, 21.59s/it]Training MLP on cuda:   4%|▍         | 44/1000 [15:50<5:43:34, 21.56s/it]Training MLP on cuda:   4%|▍         | 45/1000 [16:12<5:44:27, 21.64s/it]Training MLP on cuda:   5%|▍         | 46/1000 [16:33<5:44:10, 21.65s/it]Training MLP on cuda:   5%|▍         | 47/1000 [16:55<5:44:01, 21.66s/it]Training MLP on cuda:   5%|▍         | 48/1000 [17:16<5:42:14, 21.57s/it]Training MLP on cuda:   5%|▍         | 49/1000 [17:38<5:41:47, 21.56s/it]Training MLP on cuda:   5%|▌         | 50/1000 [17:59<5:41:20, 21.56s/it]Training MLP on cuda:   5%|▌         | 51/1000 [18:21<5:40:14, 21.51s/it]Training MLP on cuda:   5%|▌         | 52/1000 [18:43<5:40:44, 21.57s/it]Training MLP on cuda:   5%|▌         | 53/1000 [19:04<5:40:17, 21.56s/it]Training MLP on cuda:   5%|▌         | 54/1000 [19:26<5:40:07, 21.57s/it]Training MLP on cuda:   6%|▌         | 55/1000 [19:47<5:38:38, 21.50s/it]Training MLP on cuda:   6%|▌         | 56/1000 [20:09<5:38:16, 21.50s/it]Training MLP on cuda:   6%|▌         | 57/1000 [20:30<5:38:11, 21.52s/it]Training MLP on cuda:   6%|▌         | 58/1000 [20:52<5:37:28, 21.50s/it]Training MLP on cuda:   6%|▌         | 59/1000 [21:13<5:38:03, 21.55s/it]Training MLP on cuda:   6%|▌         | 60/1000 [21:35<5:37:49, 21.56s/it]Training MLP on cuda:   6%|▌         | 61/1000 [21:56<5:37:42, 21.58s/it]Training MLP on cuda:   6%|▌         | 62/1000 [22:18<5:36:10, 21.50s/it]Training MLP on cuda:   6%|▋         | 63/1000 [22:39<5:35:57, 21.51s/it]Training MLP on cuda:   6%|▋         | 64/1000 [23:01<5:36:10, 21.55s/it]Training MLP on cuda:   6%|▋         | 65/1000 [23:22<5:35:34, 21.53s/it]Training MLP on cuda:   7%|▋         | 66/1000 [23:44<5:36:24, 21.61s/it]Training MLP on cuda:   7%|▋         | 67/1000 [24:06<5:36:04, 21.61s/it]Training MLP on cuda:   7%|▋         | 68/1000 [24:27<5:35:49, 21.62s/it]Training MLP on cuda:   7%|▋         | 69/1000 [24:49<5:34:08, 21.53s/it]Training MLP on cuda:   7%|▋         | 70/1000 [25:10<5:33:31, 21.52s/it]Training MLP on cuda:   7%|▋         | 71/1000 [25:32<5:33:35, 21.54s/it]Training MLP on cuda:   7%|▋         | 72/1000 [25:53<5:32:32, 21.50s/it]Training MLP on cuda:   7%|▋         | 73/1000 [26:15<5:33:01, 21.56s/it]Training MLP on cuda:   7%|▋         | 74/1000 [26:36<5:32:21, 21.54s/it]Training MLP on cuda:   8%|▊         | 75/1000 [26:58<5:31:54, 21.53s/it]Training MLP on cuda:   8%|▊         | 76/1000 [27:19<5:30:27, 21.46s/it]Training MLP on cuda:   8%|▊         | 77/1000 [27:41<5:29:50, 21.44s/it]Training MLP on cuda:   8%|▊         | 78/1000 [28:02<5:29:34, 21.45s/it]Training MLP on cuda:   8%|▊         | 79/1000 [28:23<5:28:26, 21.40s/it]Training MLP on cuda:   8%|▊         | 80/1000 [28:45<5:29:00, 21.46s/it]Training MLP on cuda:   8%|▊         | 81/1000 [29:06<5:28:25, 21.44s/it]Training MLP on cuda:   8%|▊         | 82/1000 [29:28<5:28:08, 21.45s/it]Training MLP on cuda:   8%|▊         | 83/1000 [29:49<5:26:37, 21.37s/it]Training MLP on cuda:   8%|▊         | 84/1000 [30:10<5:26:14, 21.37s/it]Training MLP on cuda:   8%|▊         | 85/1000 [30:32<5:26:12, 21.39s/it]Training MLP on cuda:   9%|▊         | 86/1000 [30:53<5:25:14, 21.35s/it]Training MLP on cuda:   9%|▊         | 87/1000 [31:15<5:25:52, 21.42s/it]Training MLP on cuda:   9%|▉         | 88/1000 [31:36<5:25:52, 21.44s/it]Training MLP on cuda:   9%|▉         | 89/1000 [31:58<5:25:08, 21.41s/it]Training MLP on cuda:   9%|▉         | 90/1000 [32:19<5:23:45, 21.35s/it]Training MLP on cuda:   9%|▉         | 91/1000 [32:40<5:23:09, 21.33s/it]Training MLP on cuda:   9%|▉         | 92/1000 [33:02<5:23:26, 21.37s/it]Training MLP on cuda:   9%|▉         | 93/1000 [33:23<5:22:41, 21.35s/it]Training MLP on cuda:   9%|▉         | 94/1000 [33:44<5:23:30, 21.42s/it]Training MLP on cuda:  10%|▉         | 95/1000 [34:06<5:23:20, 21.44s/it]Training MLP on cuda:  10%|▉         | 96/1000 [34:27<5:23:26, 21.47s/it]Training MLP on cuda:  10%|▉         | 97/1000 [34:49<5:21:58, 21.39s/it]Training MLP on cuda:  10%|▉         | 98/1000 [35:10<5:21:10, 21.36s/it]Training MLP on cuda:  10%|▉         | 99/1000 [35:31<5:21:01, 21.38s/it]Training MLP on cuda:  10%|█         | 100/1000 [35:53<5:19:56, 21.33s/it]Training MLP on cuda:  10%|█         | 101/1000 [36:14<5:20:35, 21.40s/it]Training MLP on cuda:  10%|█         | 102/1000 [36:36<5:20:32, 21.42s/it]Training MLP on cuda:  10%|█         | 103/1000 [36:57<5:20:15, 21.42s/it]Training MLP on cuda:  10%|█         | 104/1000 [37:18<5:18:52, 21.35s/it]Training MLP on cuda:  10%|█         | 105/1000 [37:39<5:18:08, 21.33s/it]Training MLP on cuda:  11%|█         | 106/1000 [38:01<5:18:01, 21.34s/it]Training MLP on cuda:  11%|█         | 107/1000 [38:22<5:17:06, 21.31s/it]Training MLP on cuda:  11%|█         | 108/1000 [38:44<5:17:55, 21.38s/it]Training MLP on cuda:  11%|█         | 109/1000 [39:05<5:17:42, 21.39s/it]Training MLP on cuda:  11%|█         | 110/1000 [39:26<5:17:30, 21.41s/it]Training MLP on cuda:  11%|█         | 111/1000 [39:48<5: