[I 2025-05-13 01:51:06,382] Trial 99 finished with value: 0.5658914554006377 and parameters: {'interp_param': 0.9512349595388194}. Best is trial 13 with value: 0.5661676051477794.
Best hyperparameters: {'interp_param': 0.9919978488232567}
Best optimized value: 0.5661676051477794
Tuning threshold scale factor for offline LSET using optuna
  0%|          | 0/100 [00:00<?, ?it/s]                                         0%|          | 0/100 [00:03<?, ?it/s]Best trial: 0. Best value: 0.544122:   0%|          | 0/100 [00:03<?, ?it/s]Best trial: 0. Best value: 0.544122:   1%|          | 1/100 [00:03<05:08,  3.11s/it]                                                                                    Best trial: 0. Best value: 0.544122:   1%|          | 1/100 [00:05<05:08,  3.11s/it]Best trial: 1. Best value: 0.558758:   1%|          | 1/100 [00:05<05:08,  3.11s/it]Best trial: 1. Best value: 0.558758:   2%|▏         | 2/100 [00:05<04:44,  2.90s/it]                                                                                    Best trial: 1. Best value: 0.558758:   2%|▏         | 2/100 [00:09<04:44,  2.90s/it]Best trial: 2. Best value: 0.559119:   2%|▏         | 2/100 [00:09<04:44,  2.90s/it]Best trial: 2. Best value: 0.559119:   3%|▎         | 3/100 [00:09<04:58,  3.08s/it]                                                                                    Best trial: 2. Best value: 0.559119:   3%|▎         | 3/100 [00:11<04:58,  3.08s/it]Best trial: 2. Best value: 0.559119:   3%|▎         | 3/100 [00:11<04:58,  3.08s/it]Best trial: 2. Best value: 0.559119:   4%|▍         | 4/100 [00:11<04:42,  2.95s/it]                                                                                    Best trial: 2. Best value: 0.559119:   4%|▍         | 4/100 [00:14<04:42,  2.95s/it]Best trial: 2. Best value: 0.559119:   4%|▍         | 4/100 [00:14<04:42,  2.95s/it]Best trial: 2. Best value: 0.559119:   5%|▌         | 5/100 [00:14<04:33,  2.88s/it]                                                                                    Best trial: 2. Best value: 0.559119:   5%|▌         | 5/100 [00:17<04:33,  2.88s/it]Best trial: 2. Best value: 0.559119:   5%|▌         | 5/100 [00:17<04:33,  2.88s/it]Best trial: 2. Best value: 0.559119:   6%|▌         | 6/100 [00:17<04:26,  2.83s/it]                                                                                    Best trial: 2. Best value: 0.559119:   6%|▌         | 6/100 [00:20<04:26,  2.83s/it]Best trial: 2. Best value: 0.559119:   6%|▌         | 6/100 [00:20<04:26,  2.83s/it]Best trial: 2. Best value: 0.559119:   7%|▋         | 7/100 [00:20<04:26,  2.87s/it]                                                                                    Best trial: 2. Best value: 0.559119:   7%|▋         | 7/100 [00:23<04:26,  2.87s/it]Best trial: 7. Best value: 0.566371:   7%|▋         | 7/100 [00:23<04:26,  2.87s/it]Best trial: 7. Best value: 0.566371:   8%|▊         | 8/100 [00:23<04:20,  2.83s/it]                                                                                    Best trial: 7. Best value: 0.566371:   8%|▊         | 8/100 [00:25<04:20,  2.83s/it]Best trial: 7. Best value: 0.566371:   8%|▊         | 8/100 [00:25<04:20,  2.83s/it]Best trial: 7. Best value: 0.566371:   9%|▉         | 9/100 [00:25<04:19,  2.85s/it]                                                                                    Best trial: 7. Best value: 0.566371:   9%|▉         | 9/100 [00:28<04:19,  2.85s/it]Best trial: 7. Best value: 0.566371:   9%|▉         | 9/100 [00:28<04:19,  2.85s/it]Best trial: 7. Best value: 0.566371:  10%|█         | 10/100 [00:28<04:13,  2.82s/it]                                                                                     Best trial: 7. Best value: 0.566371:  10%|█         | 10/100 [00:31<04:13,  2.82s/it]Best trial: 7. Best value: 0.566371:  10%|█         | 10/100 [00:31<04:13,  2.82s/it]Best trial: 7. Best value: 0.566371:  11%|█         | 11/100 [00:31<04:09,  2.80s/it]                                                                                     Best trial: 7. Best value: 0.566371:  11%|█         | 11/100 [00:34<04:09,  2.80s/it]Best trial: 11. Best value: 0.566644:  11%|█         | 11/100 [00:34<04:09,  2.80s/it]Best trial: 11. Best value: 0.566644:  12%|█▏        | 12/100 [00:34<04:05,  2.78s/it]                                                                                      Best trial: 11. Best value: 0.566644:  12%|█▏        | 12/100 [00:36<04:05,  2.78s/it]Best trial: 11. Best value: 0.566644:  12%|█▏        | 12/100 [00:36<04:05,  2.78s/it]Best trial: 11. Best value: 0.566644:  13%|█▎        | 13/100 [00:36<04:01,  2.77s/it]                                                                                      Best trial: 11. Best value: 0.566644:  13%|█▎        | 13/100 [00:39<04:01,  2.77s/it]Best trial: 11. Best value: 0.566644:  13%|█▎        | 13/100 [00:39<04:01,  2.77s/it]Best trial: 11. Best value: 0.566644:  14%|█▍        | 14/100 [00:39<03:57,  2.77s/it]                                                                                      Best trial: 11. Best value: 0.566644:  14%|█▍        | 14/100 [00:42<03:57,  2.77s/it]Best trial: 11. Best value: 0.566644:  14%|█▍        | 14/100 [00:42<03:57,  2.77s/it]Best trial: 11. Best value: 0.566644:  15%|█▌        | 15/100 [00:42<03:54,  2.76s/it]                                                                                      Best trial: 11. Best value: 0.566644:  15%|█▌        | 15/100 [00:45<03:54,  2.76s/it]Best trial: 11. Best value: 0.566644:  15%|█▌        | 15/100 [00:45<03:54,  2.76s/it]Best trial: 11. Best value: 0.566644:  16%|█▌        | 16/100 [00:45<03:51,  2.76s/it]                                                                                      Best trial: 11. Best value: 0.566644:  16%|█▌        | 16/100 [00:48<03:51,  2.76s/it]Best trial: 11. Best value: 0.566644:  16%|█▌        | 16/100 [00:48<03:51,  2.76s/it]Best trial: 11. Best value: 0.566644:  17%|█▋        | 17/100 [00:48<03:58,  2.87s/it]                                                                                      Best trial: 11. Best value: 0.566644:  17%|█▋        | 17/100 [00:51<03:58,  2.87s/it]Best trial: 11. Best value: 0.566644:  17%|█▋        | 17/100 [00:51<03:58,  2.87s/it]Best trial: 11. Best value: 0.566644:  18%|█▊        | 18/100 [00:51<03:52,  2.84s/it]                                                                                      Best trial: 11. Best value: 0.566644:  18%|█▊        | 18/100 [00:53<03:52,  2.84s/it]Best trial: 18. Best value: 0.56665:  18%|█▊        | 18/100 [00:53<03:52,  2.84s/it] Best trial: 18. Best value: 0.56665:  19%|█▉        | 19/100 [00:53<03:48,  2.82s/it]                                                                                     Best trial: 18. Best value: 0.56665:  19%|█▉        | 19/100 [00:56<03:48,  2.82s/it]Best trial: 18. Best value: 0.56665:  19%|█▉        | 19/100 [00:56<03:48,  2.82s/it]Best trial: 18. Best value: 0.56665:  20%|██        | 20/100 [00:56<03:43,  2.79s/it]                                                                                     Best trial: 18. Best value: 0.56665:  20%|██        | 20/100 [00:59<03:43,  2.79s/it]Best trial: 18. Best value: 0.56665:  20%|██        | 20/100 [00:59<03:43,  2.79s/it]Best trial: 18. Best value: 0.56665:  21%|██        | 21/100 [00:59<03:50,  2.92s/it]                                                                                     Best trial: 18. Best value: 0.56665:  21%|██        | 21/100 [01:02<03:50,  2.92s/it]Best trial: 18. Best value: 0.56665:  21%|██        | 21/100 [01:02<03:50,  2.92s/it]Best trial: 18. Best value: 0.56665:  22%|██▏       | 22/100 [01:02<03:43,  2.87s/it]                                                                                     Best trial: 18. Best value: 0.56665:  22%|██▏       | 22/100 [01:05<03:43,  2.87s/it]Best trial: 18. Best value: 0.56665:  22%|██▏       | 22/100 [01:05<03:43,  2.87s/it]Best trial: 18. Best value: 0.56665:  23%|██▎       | 23/100 [01:05<03:38,  2.84s/it]                                                                                     Best trial: 18. Best value: 0.56665:  23%|██▎       | 23/100 [01:08<03:38,  2.84s/it]Best trial: 18. Best value: 0.56665:  23%|██▎       | 23/100 [01:08<03:38,  2.84s/it]Best trial: 18. Best value: 0.56665:  24%|██▍       | 24/100 [01:08<03:33,  2.81s/it]                                                                                     Best trial: 18. Best value: 0.56665:  24%|██▍       | 24/100 [01:10<03:33,  2.81s/it]Best trial: 18. Best value: 0.56665:  24%|██▍       | 24/100 [01:10<03:33,  2.81s/it]Best trial: 18. Best value: 0.56665:  25%|██▌       | 25/100 [01:10<03:29,  2.79s/it]                                                                                     Best trial: 18. Best value: 0.56665:  25%|██▌       | 25/100 [01:13<03:29,  2.79s/it]Best trial: 18. Best value: 0.56665:  25%|██▌       | 25/100 [01:13<03:29,  2.79s/it]Best trial: 18. Best value: 0.56665:  26%|██▌       | 26/100 [01:13<03:28,  2.82s/it]                                                                                     Best trial: 18. Best value: 0.56665:  26%|██▌       | 26/100 [01:16<03:28,  2.82s/it]Best trial: 18. Best value: 0.56665:  26%|██▌       | 26/100 [01:16<03:28,  2.82s/it]Best trial: 18. Best value: 0.56665:  27%|██▋       | 27/100 [01:16<03:24,  2.80s/it]                                                                                     Best trial: 18. Best value: 0.56665:  27%|██▋       | 27/100 [01:19<03:24,  2.80s/it]Best trial: 18. Best value: 0.56665:  27%|██▋       | 27/100 [01:19<03:24,  2.80s/it]Best trial: 18. Best value: 0.56665:  28%|██▊       | 28/100 [01:19<03:20,  2.78s/it]                                                                                     Best trial: 18. Best value: 0.56665:  28%|██▊       | 28/100 [01:22<03:20,  2.78s/it]Best trial: 18. Best value: 0.56665:  28%|██▊       | 28/100 [01:22<03:20,  2.78s/it]Best trial: 18. Best value: 0.56665:  29%|██▉       | 29/100 [01:22<03:23,  2.86s/it]                                                                                     Best trial: 18. Best value: 0.56665:  29%|██▉       | 29/100 [01:25<03:23,  2.86s/it]Best trial: 18. Best value: 0.56665:  29%|██▉       | 29/100 [01:25<03:23,  2.86s/it]Best trial: 18. Best value: 0.56665:  30%|███       | 30/100 [01:25<03:18,  2.83s/it]                                                                                     Best trial: 18. Best value: 0.56665:  30%|███       | 30/100 [01:28<03:18,  2.83s/it]Best trial: 30. Best value: 0.566673:  30%|███       | 30/100 [01:28<03:18,  2.83s/it]Best trial: 30. Best value: 0.566673:  31%|███       | 31/100 [01:28<03:19,  2.88s/it]                                                                                      Best trial: 30. Best value: 0.566673:  31%|███       | 31/100 [01:30<03:19,  2.88s/it]Best trial: 30. Best value: 0.566673:  31%|███       | 31/100 [01:30<03:19,  2.88s/it]Best trial: 30. Best value: 0.566673:  32%|███▏      | 32/100 [01:30<03:13,  2.85s/it]                                                                                      Best trial: 30. Best value: 0.566673:  32%|███▏      | 32/100 [01:33<03:13,  2.85s/it]Best trial: 30. Best value: 0.566673:  32%|███▏      | 32/100 [01:33<03:13,  2.85s/it]Best trial: 30. Best value: 0.566673:  33%|███▎      | 33/100 [01:33<03:08,  2.82s/it]                                                                                      Best trial: 30. Best value: 0.566673:  33%|███▎      | 33/100 [01:36<03:08,  2.82s/it]Best trial: 30. Best value: 0.566673:  33%|███▎      | 33/100 [01:36<03:08,  2.82s/it]Best trial: 30. Best value: 0.566673:  34%|███▍      | 34/100 [01:36<03:04,  2.80s/it]                                                                                      Best trial: 30. Best value: 0.566673:  34%|███▍      | 34/100 [01:39<03:04,  2.80s/it]Best trial: 30. Best value: 0.566673:  34%|███▍      | 34/100 [01:39<03:04,  2.80s/it]Best trial: 30. Best value: 0.566673:  35%|███▌      | 35/100 [01:39<03:00,  2.78s/it]                                                                                      Best trial: 30. Best value: 0.566673:  35%|███▌      | 35/100 [01:41<03:00,  2.78s/it]Best trial: 35. Best value: 0.566679:  35%|███▌      | 35/100 [01:41<03:00,  2.78s/it]Best trial: 35. Best value: 0.566679:  36%|███▌      | 36/100 [01:41<02:57,  2.77s/it]                                                                                      Best trial: 35. Best value: 0.566679:  36%|███▌      | 36/100 [01:44<02:57,  2.77s/it]Best trial: 35. Best value: 0.566679:  36%|███▌      | 36/100 [01:44<02:57,  2.77s/it]Best trial: 35. Best value: 0.566679:  37%|███▋      | 37/100 [01:44<02:59,  2.85s/it]                                                                                      Best trial: 35. Best value: 0.566679:  37%|███▋      | 37/100 [01:47<02:59,  2.85s/it]Best trial: 35. Best value: 0.566679:  37%|███▋      | 37/100 [01:47<02:59,  2.85s/it]Best trial: 35. Best value: 0.566679:  38%|███▊      | 38/100 [01:47<02:54,  2.82s/it]                                                                                      Best trial: 35. Best value: 0.566679:  38%|███▊      | 38/100 [01:50<02:54,  2.82s/it]Best trial: 35. Best value: 0.566679:  38%|███▊      | 38/100 [01:50<02:54,  2.82s/it]Best trial: 35. Best value: 0.566679:  39%|███▉      | 39/100 [01:50<02:50,  2.80s/it]                                                                                      Best trial: 35. Best value: 0.566679:  39%|███▉      | 39/100 [01:53<02:50,  2.80s/it]Best trial: 35. Best value: 0.566679:  39%|███▉      | 39/100 [01:53<02:50,  2.80s/it]Best trial: 35. Best value: 0.566679:  40%|████      | 40/100 [01:53<02:47,  2.79s/it]                                                                                      Best trial: 35. Best value: 0.566679:  40%|████      | 40/100 [01:56<02:47,  2.79s/it]Best trial: 35. Best value: 0.566679:  40%|████      | 40/100 [01:56<02:47,  2.79s/it]Best trial: 35. Best value: 0.566679:  41%|████      | 41/100 [01:56<02:49,  2.87s/it]                                                                                      Best trial: 35. Best value: 0.566679:  41%|████      | 41/100 [01:59<02:49,  2.87s/it]Best trial: 35. Best value: 0.566679:  41%|████      | 41/100 [01:59<02:49,  2.87s/it]Best trial: 35. Best value: 0.566679:  42%|████▏     | 42/100 [01:59<02:46,  2.88s/it]                                                                                      Best trial: 35. Best value: 0.566679:  42%|████▏     | 42/100 [02:01<02:46,  2.88s/it]Best trial: 35. Best value: 0.566679:  42%|████▏     | 42/100 [02:01<02:46,  2.88s/it]Best trial: 35. Best value: 0.566679:  43%|████▎     | 43/100 [02:01<02:41,  2.84s/it]                                                                                      Best trial: 35. Best value: 0.566679:  43%|████▎     | 43/100 [02:04<02:41,  2.84s/it]Best trial: 35. Best value: 0.566679:  43%|████▎     | 43/100 [02:04<02:41,  2.84s/it]Best trial: 35. Best value: 0.566679:  44%|████▍     | 44/100 [02:04<02:37,  2.82s/it]                                                                                      Best trial: 35. Best value: 0.566679:  44%|████▍     | 44/100 [02:07<02:37,  2.82s/it]Best trial: 35. Best value: 0.566679:  44%|████▍     | 44/100 [02:07<02:37,  2.82s/it]Best trial: 35. Best value: 0.566679:  45%|████▌     | 45/100 [02:07<02:36,  2.84s/it]                                                                                      Best trial: 35. Best value: 0.566679:  45%|████▌     | 45/100 [02:10<02:36,  2.84s/it]Best trial: 35. Best value: 0.566679:  45%|████▌     | 45/100 [02:10<02:36,  2.84s/it]Best trial: 35. Best value: 0.566679:  46%|████▌     | 46/100 [02:10<02:32,  2.82s/it]                                                                                      Best trial: 35. Best value: 0.566679:  46%|████▌     | 46/100 [02:13<02:32,  2.82s/it]Best trial: 35. Best value: 0.566679:  46%|████▌     | 46/100 [02:13<02:32,  2.82s/it]Best trial: 35. Best value: 0.566679:  47%|████▋     | 47/100 [02:13<02:28,  2.80s/it]                                                                                      Best trial: 35. Best value: 0.566679:  47%|████▋     | 47/100 [02:15<02:28,  2.80s/it]Best trial: 35. Best value: 0.566679:  47%|████▋     | 47/100 [02:15<02:28,  2.80s/it]Best trial: 35. Best value: 0.566679:  48%|████▊     | 48/100 [02:15<02:24,  2.78s/it]                                                                                      Best trial: 35. Best value: 0.566679:  48%|████▊     | 48/100 [02:18<02:24,  2.78s/it]Best trial: 35. Best value: 0.566679:  48%|████▊     | 48/100 [02:18<02:24,  2.78s/it]Best trial: 35. Best value: 0.566679:  49%|████▉     | 49/100 [02:18<02:21,  2.78s/it]                                                                                      Best trial: 35. Best value: 0.566679:  49%|████▉     | 49/100 [02:21<02:21,  2.78s/it]Best trial: 35. Best value: 0.566679:  49%|████▉     | 49/100 [02:21<02:21,  2.78s/it]Best trial: 35. Best value: 0.566679:  50%|█████     | 50/100 [02:21<02:18,  2.77s/it]                                                                                      Best trial: 35. Best value: 0.566679:  50%|█████     | 50/100 [02:24<02:18,  2.77s/it]Best trial: 35. Best value: 0.566679:  50%|█████     | 50/100 [02:24<02:18,  2.77s/it]Best trial: 35. Best value: 0.566679:  51%|█████     | 51/100 [02:24<02:19,  2.85s/it]                                                                                      Best trial: 35. Best value: 0.566679:  51%|█████     | 51/100 [02:27<02:19,  2.85s/it]Best trial: 35. Best value: 0.566679:  51%|█████     | 51/100 [02:27<02:19,  2.85s/it]Best trial: 35. Best value: 0.566679:  52%|█████▏    | 52/100 [02:27<02:15,  2.82s/it]                                                                                      Best trial: 35. Best value: 0.566679:  52%|█████▏    | 52/100 [02:29<02:15,  2.82s/it]Best trial: 35. Best value: 0.566679:  52%|█████▏    | 52/100 [02:29<02:15,  2.82s/it]Best trial: 35. Best value: 0.566679:  53%|█████▎    | 53/100 [02:29<02:11,  2.80s/it]                                                                                      Best trial: 35. Best value: 0.566679:  53%|█████▎    | 53/100 [02:32<02:11,  2.80s/it]Best trial: 35. Best value: 0.566679:  53%|█████▎    | 53/100 [02:32<02:11,  2.80s/it]Best trial: 35. Best value: 0.566679:  54%|█████▍    | 54/100 [02:32<02:08,  2.78s/it]                                                                                      Best trial: 35. Best value: 0.566679:  54%|█████▍    | 54/100 [02:35<02:08,  2.78s/it]Best trial: 35. Best value: 0.566679:  54%|█████▍    | 54/100 [02:35<02:08,  2.78s/it]Best trial: 35. Best value: 0.566679:  55%|█████▌    | 55/100 [02:35<02:04,  2.78s/it]                                                                                      Best trial: 35. Best value: 0.566679:  55%|█████▌    | 55/100 [02:38<02:04,  2.78s/it]Best trial: 35. Best value: 0.566679:  55%|█████▌    | 55/100 [02:38<02:04,  2.78s/it]Best trial: 35. Best value: 0.566679:  56%|█████▌    | 56/100 [02:38<02:01,  2.77s/it]                                                                                      Best trial: 35. Best value: 0.566679:  56%|█████▌    | 56/100 [02:41<02:01,  2.77s/it]Best trial: 35. Best value: 0.566679:  56%|█████▌    | 56/100 [02:41<02:01,  2.77s/it]Best trial: 35. Best value: 0.566679:  57%|█████▋    | 57/100 [02:41<02:08,  3.00s/it]                                                                                      Best trial: 35. Best value: 0.566679:  57%|█████▋    | 57/100 [02:44<02:08,  3.00s/it]Best trial: 35. Best value: 0.566679:  57%|█████▋    | 57/100 [02:44<02:08,  3.00s/it]Best trial: 35. Best value: 0.566679:  58%|█████▊    | 58/100 [02:44<02:02,  2.93s/it]                                                                                      Best trial: 35. Best value: 0.566679:  58%|█████▊    | 58/100 [02:47<02:02,  2.93s/it]Best trial: 35. Best value: 0.566679:  58%|█████▊    | 58/100 [02:47<02:02,  2.93s/it]Best trial: 35. Best value: 0.566679:  59%|█████▉    | 59/100 [02:47<01:59,  2.92s/it]                                                                                      Best trial: 35. Best value: 0.566679:  59%|█████▉    | 59/100 [02:50<01:59,  2.92s/it]Best trial: 35. Best value: 0.566679:  59%|█████▉    | 59/100 [02:50<01:59,  2.92s/it]Best trial: 35. Best value: 0.566679:  60%|██████    | 60/100 [02:50<01:54,  2.87s/it]                                                                                      Best trial: 35. Best value: 0.566679:  60%|██████    | 60/100 [02:52<01:54,  2.87s/it]Best trial: 35. Best value: 0.566679:  60%|██████    | 60/100 [02:52<01:54,  2.87s/it]Best trial: 35. Best value: 0.566679:  61%|██████    | 61/100 [02:52<01:50,  2.83s/it]                                                                                      Best trial: 35. Best value: 0.566679:  61%|██████    | 61/100 [02:55<01:50,  2.83s/it]Best trial: 35. Best value: 0.566679:  61%|██████    | 61/100 [02:55<01:50,  2.83s/it]Best trial: 35. Best value: 0.566679:  62%|██████▏   | 62/100 [02:55<01:46,  2.81s/it]                                                                                      Best trial: 35. Best value: 0.566679:  62%|██████▏   | 62/100 [02:58<01:46,  2.81s/it]Best trial: 35. Best value: 0.566679