[I 2025-05-13 01:51:10,692] Trial 99 finished with value: 0.5749116303317638 and parameters: {'interp_param': 0.9728737723785728}. Best is trial 95 with value: 0.5757409284257595.
Best hyperparameters: {'interp_param': 0.9470772685681471}
Best optimized value: 0.5757409284257595
Tuning threshold scale factor for offline LSET using optuna
  0%|          | 0/100 [00:00<?, ?it/s]                                         0%|          | 0/100 [00:02<?, ?it/s]Best trial: 0. Best value: 0.577019:   0%|          | 0/100 [00:02<?, ?it/s]Best trial: 0. Best value: 0.577019:   1%|          | 1/100 [00:02<04:47,  2.90s/it]                                                                                    Best trial: 0. Best value: 0.577019:   1%|          | 1/100 [00:05<04:47,  2.90s/it]Best trial: 0. Best value: 0.577019:   1%|          | 1/100 [00:05<04:47,  2.90s/it]Best trial: 0. Best value: 0.577019:   2%|▏         | 2/100 [00:05<04:38,  2.84s/it]                                                                                    Best trial: 0. Best value: 0.577019:   2%|▏         | 2/100 [00:08<04:38,  2.84s/it]Best trial: 2. Best value: 0.577302:   2%|▏         | 2/100 [00:08<04:38,  2.84s/it]Best trial: 2. Best value: 0.577302:   3%|▎         | 3/100 [00:08<04:33,  2.82s/it]                                                                                    Best trial: 2. Best value: 0.577302:   3%|▎         | 3/100 [00:11<04:33,  2.82s/it]Best trial: 2. Best value: 0.577302:   3%|▎         | 3/100 [00:11<04:33,  2.82s/it]Best trial: 2. Best value: 0.577302:   4%|▍         | 4/100 [00:11<04:29,  2.81s/it]                                                                                    Best trial: 2. Best value: 0.577302:   4%|▍         | 4/100 [00:14<04:29,  2.81s/it]Best trial: 2. Best value: 0.577302:   4%|▍         | 4/100 [00:14<04:29,  2.81s/it]Best trial: 2. Best value: 0.577302:   5%|▌         | 5/100 [00:14<04:26,  2.81s/it]                                                                                    Best trial: 2. Best value: 0.577302:   5%|▌         | 5/100 [00:16<04:26,  2.81s/it]Best trial: 2. Best value: 0.577302:   5%|▌         | 5/100 [00:16<04:26,  2.81s/it]Best trial: 2. Best value: 0.577302:   6%|▌         | 6/100 [00:16<04:23,  2.80s/it]                                                                                    Best trial: 2. Best value: 0.577302:   6%|▌         | 6/100 [00:19<04:23,  2.80s/it]Best trial: 2. Best value: 0.577302:   6%|▌         | 6/100 [00:19<04:23,  2.80s/it]Best trial: 2. Best value: 0.577302:   7%|▋         | 7/100 [00:19<04:20,  2.80s/it]                                                                                    Best trial: 2. Best value: 0.577302:   7%|▋         | 7/100 [00:22<04:20,  2.80s/it]Best trial: 2. Best value: 0.577302:   7%|▋         | 7/100 [00:22<04:20,  2.80s/it]Best trial: 2. Best value: 0.577302:   8%|▊         | 8/100 [00:22<04:17,  2.80s/it]                                                                                    Best trial: 2. Best value: 0.577302:   8%|▊         | 8/100 [00:25<04:17,  2.80s/it]Best trial: 2. Best value: 0.577302:   8%|▊         | 8/100 [00:25<04:17,  2.80s/it]Best trial: 2. Best value: 0.577302:   9%|▉         | 9/100 [00:25<04:19,  2.85s/it]                                                                                    Best trial: 2. Best value: 0.577302:   9%|▉         | 9/100 [00:28<04:19,  2.85s/it]Best trial: 2. Best value: 0.577302:   9%|▉         | 9/100 [00:28<04:19,  2.85s/it]Best trial: 2. Best value: 0.577302:  10%|█         | 10/100 [00:28<04:14,  2.83s/it]                                                                                     Best trial: 2. Best value: 0.577302:  10%|█         | 10/100 [00:31<04:14,  2.83s/it]Best trial: 2. Best value: 0.577302:  10%|█         | 10/100 [00:31<04:14,  2.83s/it]Best trial: 2. Best value: 0.577302:  11%|█         | 11/100 [00:31<04:11,  2.82s/it]                                                                                     Best trial: 2. Best value: 0.577302:  11%|█         | 11/100 [00:33<04:11,  2.82s/it]Best trial: 2. Best value: 0.577302:  11%|█         | 11/100 [00:33<04:11,  2.82s/it]Best trial: 2. Best value: 0.577302:  12%|█▏        | 12/100 [00:33<04:07,  2.81s/it]                                                                                     Best trial: 2. Best value: 0.577302:  12%|█▏        | 12/100 [00:36<04:07,  2.81s/it]Best trial: 2. Best value: 0.577302:  12%|█▏        | 12/100 [00:36<04:07,  2.81s/it]Best trial: 2. Best value: 0.577302:  13%|█▎        | 13/100 [00:36<04:03,  2.80s/it]                                                                                     Best trial: 2. Best value: 0.577302:  13%|█▎        | 13/100 [00:39<04:03,  2.80s/it]Best trial: 13. Best value: 0.577513:  13%|█▎        | 13/100 [00:39<04:03,  2.80s/it]Best trial: 13. Best value: 0.577513:  14%|█▍        | 14/100 [00:39<04:01,  2.80s/it]                                                                                      Best trial: 13. Best value: 0.577513:  14%|█▍        | 14/100 [00:42<04:01,  2.80s/it]Best trial: 13. Best value: 0.577513:  14%|█▍        | 14/100 [00:42<04:01,  2.80s/it]Best trial: 13. Best value: 0.577513:  15%|█▌        | 15/100 [00:42<03:57,  2.80s/it]                                                                                      Best trial: 13. Best value: 0.577513:  15%|█▌        | 15/100 [00:44<03:57,  2.80s/it]Best trial: 13. Best value: 0.577513:  15%|█▌        | 15/100 [00:44<03:57,  2.80s/it]Best trial: 13. Best value: 0.577513:  16%|█▌        | 16/100 [00:44<03:54,  2.79s/it]                                                                                      Best trial: 13. Best value: 0.577513:  16%|█▌        | 16/100 [00:47<03:54,  2.79s/it]Best trial: 13. Best value: 0.577513:  16%|█▌        | 16/100 [00:47<03:54,  2.79s/it]Best trial: 13. Best value: 0.577513:  17%|█▋        | 17/100 [00:47<03:51,  2.80s/it]                                                                                      Best trial: 13. Best value: 0.577513:  17%|█▋        | 17/100 [00:50<03:51,  2.80s/it]Best trial: 13. Best value: 0.577513:  17%|█▋        | 17/100 [00:50<03:51,  2.80s/it]Best trial: 13. Best value: 0.577513:  18%|█▊        | 18/100 [00:50<03:49,  2.79s/it]                                                                                      Best trial: 13. Best value: 0.577513:  18%|█▊        | 18/100 [00:53<03:49,  2.79s/it]Best trial: 13. Best value: 0.577513:  18%|█▊        | 18/100 [00:53<03:49,  2.79s/it]Best trial: 13. Best value: 0.577513:  19%|█▉        | 19/100 [00:53<03:46,  2.79s/it]                                                                                      Best trial: 13. Best value: 0.577513:  19%|█▉        | 19/100 [00:56<03:46,  2.79s/it]Best trial: 13. Best value: 0.577513:  19%|█▉        | 19/100 [00:56<03:46,  2.79s/it]Best trial: 13. Best value: 0.577513:  20%|██        | 20/100 [00:56<03:43,  2.80s/it]                                                                                      Best trial: 13. Best value: 0.577513:  20%|██        | 20/100 [00:58<03:43,  2.80s/it]Best trial: 13. Best value: 0.577513:  20%|██        | 20/100 [00:58<03:43,  2.80s/it]Best trial: 13. Best value: 0.577513:  21%|██        | 21/100 [00:58<03:40,  2.80s/it]                                                                                      Best trial: 13. Best value: 0.577513:  21%|██        | 21/100 [01:01<03:40,  2.80s/it]Best trial: 13. Best value: 0.577513:  21%|██        | 21/100 [01:01<03:40,  2.80s/it]Best trial: 13. Best value: 0.577513:  22%|██▏       | 22/100 [01:01<03:38,  2.79s/it]                                                                                      Best trial: 13. Best value: 0.577513:  22%|██▏       | 22/100 [01:04<03:38,  2.79s/it]Best trial: 13. Best value: 0.577513:  22%|██▏       | 22/100 [01:04<03:38,  2.79s/it]Best trial: 13. Best value: 0.577513:  23%|██▎       | 23/100 [01:04<03:34,  2.79s/it]                                                                                      Best trial: 13. Best value: 0.577513:  23%|██▎       | 23/100 [01:07<03:34,  2.79s/it]Best trial: 13. Best value: 0.577513:  23%|██▎       | 23/100 [01:07<03:34,  2.79s/it]Best trial: 13. Best value: 0.577513:  24%|██▍       | 24/100 [01:07<03:32,  2.79s/it]                                                                                      Best trial: 13. Best value: 0.577513:  24%|██▍       | 24/100 [01:10<03:32,  2.79s/it]Best trial: 13. Best value: 0.577513:  24%|██▍       | 24/100 [01:10<03:32,  2.79s/it]Best trial: 13. Best value: 0.577513:  25%|██▌       | 25/100 [01:10<03:29,  2.79s/it]                                                                                      Best trial: 13. Best value: 0.577513:  25%|██▌       | 25/100 [01:13<03:29,  2.79s/it]Best trial: 25. Best value: 0.577614:  25%|██▌       | 25/100 [01:13<03:29,  2.79s/it]Best trial: 25. Best value: 0.577614:  26%|██▌       | 26/100 [01:13<03:30,  2.84s/it]                                                                                      Best trial: 25. Best value: 0.577614:  26%|██▌       | 26/100 [01:15<03:30,  2.84s/it]Best trial: 25. Best value: 0.577614:  26%|██▌       | 26/100 [01:15<03:30,  2.84s/it]Best trial: 25. Best value: 0.577614:  27%|██▋       | 27/100 [01:15<03:26,  2.83s/it]                                                                                      Best trial: 25. Best value: 0.577614:  27%|██▋       | 27/100 [01:18<03:26,  2.83s/it]Best trial: 25. Best value: 0.577614:  27%|██▋       | 27/100 [01:18<03:26,  2.83s/it]Best trial: 25. Best value: 0.577614:  28%|██▊       | 28/100 [01:18<03:22,  2.81s/it]                                                                                      Best trial: 25. Best value: 0.577614:  28%|██▊       | 28/100 [01:21<03:22,  2.81s/it]Best trial: 25. Best value: 0.577614:  28%|██▊       | 28/100 [01:21<03:22,  2.81s/it]Best trial: 25. Best value: 0.577614:  29%|██▉       | 29/100 [01:21<03:19,  2.81s/it]                                                                                      Best trial: 25. Best value: 0.577614:  29%|██▉       | 29/100 [01:24<03:19,  2.81s/it]Best trial: 25. Best value: 0.577614:  29%|██▉       | 29/100 [01:24<03:19,  2.81s/it]Best trial: 25. Best value: 0.577614:  30%|███       | 30/100 [01:24<03:16,  2.81s/it]                                                                                      Best trial: 25. Best value: 0.577614:  30%|███       | 30/100 [01:27<03:16,  2.81s/it]Best trial: 25. Best value: 0.577614:  30%|███       | 30/100 [01:27<03:16,  2.81s/it]Best trial: 25. Best value: 0.577614:  31%|███       | 31/100 [01:27<03:13,  2.80s/it]                                                                                      Best trial: 25. Best value: 0.577614:  31%|███       | 31/100 [01:29<03:13,  2.80s/it]Best trial: 25. Best value: 0.577614:  31%|███       | 31/100 [01:29<03:13,  2.80s/it]Best trial: 25. Best value: 0.577614:  32%|███▏      | 32/100 [01:29<03:11,  2.81s/it]                                                                                      Best trial: 25. Best value: 0.577614:  32%|███▏      | 32/100 [01:32<03:11,  2.81s/it]Best trial: 25. Best value: 0.577614:  32%|███▏      | 32/100 [01:32<03:11,  2.81s/it]Best trial: 25. Best value: 0.577614:  33%|███▎      | 33/100 [01:32<03:08,  2.81s/it]                                                                                      Best trial: 25. Best value: 0.577614:  33%|███▎      | 33/100 [01:35<03:08,  2.81s/it]Best trial: 25. Best value: 0.577614:  33%|███▎      | 33/100 [01:35<03:08,  2.81s/it]Best trial: 25. Best value: 0.577614:  34%|███▍      | 34/100 [01:35<03:05,  2.81s/it]                                                                                      Best trial: 25. Best value: 0.577614:  34%|███▍      | 34/100 [01:38<03:05,  2.81s/it]Best trial: 25. Best value: 0.577614:  34%|███▍      | 34/100 [01:38<03:05,  2.81s/it]Best trial: 25. Best value: 0.577614:  35%|███▌      | 35/100 [01:38<03:02,  2.80s/it]                                                                                      Best trial: 25. Best value: 0.577614:  35%|███▌      | 35/100 [01:41<03:02,  2.80s/it]Best trial: 35. Best value: 0.577614:  35%|███▌      | 35/100 [01:41<03:02,  2.80s/it]Best trial: 35. Best value: 0.577614:  36%|███▌      | 36/100 [01:41<02:59,  2.80s/it]                                                                                      Best trial: 35. Best value: 0.577614:  36%|███▌      | 36/100 [01:43<02:59,  2.80s/it]Best trial: 35. Best value: 0.577614:  36%|███▌      | 36/100 [01:43<02:59,  2.80s/it]Best trial: 35. Best value: 0.577614:  37%|███▋      | 37/100 [01:43<02:56,  2.80s/it]                                                                                      Best trial: 35. Best value: 0.577614:  37%|███▋      | 37/100 [01:46<02:56,  2.80s/it]Best trial: 35. Best value: 0.577614:  37%|███▋      | 37/100 [01:46<02:56,  2.80s/it]Best trial: 35. Best value: 0.577614:  38%|███▊      | 38/100 [01:46<02:55,  2.84s/it]                                                                                      Best trial: 35. Best value: 0.577614:  38%|███▊      | 38/100 [01:49<02:55,  2.84s/it]Best trial: 35. Best value: 0.577614:  38%|███▊      | 38/100 [01:49<02:55,  2.84s/it]Best trial: 35. Best value: 0.577614:  39%|███▉      | 39/100 [01:49<02:52,  2.82s/it]                                                                                      Best trial: 35. Best value: 0.577614:  39%|███▉      | 39/100 [01:52<02:52,  2.82s/it]Best trial: 35. Best value: 0.577614:  39%|███▉      | 39/100 [01:52<02:52,  2.82s/it]Best trial: 35. Best value: 0.577614:  40%|████      | 40/100 [01:52<02:48,  2.82s/it]                                                                                      Best trial: 35. Best value: 0.577614:  40%|████      | 40/100 [01:55<02:48,  2.82s/it]Best trial: 35. Best value: 0.577614:  40%|████      | 40/100 [01:55<02:48,  2.82s/it]Best trial: 35. Best value: 0.577614:  41%|████      | 41/100 [01:55<02:45,  2.81s/it]                                                                                      Best trial: 35. Best value: 0.577614:  41%|████      | 41/100 [01:58<02:45,  2.81s/it]Best trial: 35. Best value: 0.577614:  41%|████      | 41/100 [01:58<02:45,  2.81s/it]Best trial: 35. Best value: 0.577614:  42%|████▏     | 42/100 [01:58<02:45,  2.85s/it]                                                                                      Best trial: 35. Best value: 0.577614:  42%|████▏     | 42/100 [02:00<02:45,  2.85s/it]Best trial: 35. Best value: 0.577614:  42%|████▏     | 42/100 [02:00<02:45,  2.85s/it]Best trial: 35. Best value: 0.577614:  43%|████▎     | 43/100 [02:00<02:41,  2.84s/it]                                                                                      Best trial: 35. Best value: 0.577614:  43%|████▎     | 43/100 [02:03<02:41,  2.84s/it]Best trial: 35. Best value: 0.577614:  43%|████▎     | 43/100 [02:03<02:41,  2.84s/it]Best trial: 35. Best value: 0.577614:  44%|████▍     | 44/100 [02:03<02:38,  2.83s/it]                                                                                      Best trial: 35. Best value: 0.577614:  44%|████▍     | 44/100 [02:06<02:38,  2.83s/it]Best trial: 35. Best value: 0.577614:  44%|████▍     | 44/100 [02:06<02:38,  2.83s/it]Best trial: 35. Best value: 0.577614:  45%|████▌     | 45/100 [02:06<02:34,  2.82s/it]                                                                                      Best trial: 35. Best value: 0.577614:  45%|████▌     | 45/100 [02:09<02:34,  2.82s/it]Best trial: 35. Best value: 0.577614:  45%|████▌     | 45/100 [02:09<02:34,  2.82s/it]Best trial: 35. Best value: 0.577614:  46%|████▌     | 46/100 [02:09<02:31,  2.81s/it]                                                                                      Best trial: 35. Best value: 0.577614:  46%|████▌     | 46/100 [02:12<02:31,  2.81s/it]Best trial: 35. Best value: 0.577614:  46%|████▌     | 46/100 [02:12<02:31,  2.81s/it]Best trial: 35. Best value: 0.577614:  47%|████▋     | 47/100 [02:12<02:28,  2.81s/it]                                                                                      Best trial: 35. Best value: 0.577614:  47%|████▋     | 47/100 [02:14<02:28,  2.81s/it]Best trial: 35. Best value: 0.577614:  47%|████▋     | 47/100 [02:14<02:28,  2.81s/it]Best trial: 35. Best value: 0.577614:  48%|████▊     | 48/100 [02:14<02:25,  2.81s/it]                                                                                      Best trial: 35. Best value: 0.577614:  48%|████▊     | 48/100 [02:17<02:25,  2.81s/it]Best trial: 35. Best value: 0.577614:  48%|████▊     | 48/100 [02:17<02:25,  2.81s/it]Best trial: 35. Best value: 0.577614:  49%|████▉     | 49/100 [02:17<02:23,  2.81s/it]                                                                                      Best trial: 35. Best value: 0.577614:  49%|████▉     | 49/100 [02:20<02:23,  2.81s/it]Best trial: 35. Best value: 0.577614:  49%|████▉     | 49/100 [02:20<02:23,  2.81s/it]Best trial: 35. Best value: 0.577614:  50%|█████     | 50/100 [02:20<02:20,  2.81s/it]                                                                                      Best trial: 35. Best value: 0.577614:  50%|█████     | 50/100 [02:23<02:20,  2.81s/it]Best trial: 35. Best value: 0.577614:  50%|█████     | 50/100 [02:23<02:20,  2.81s/it]Best trial: 35. Best value: 0.577614:  51%|█████     | 51/100 [02:23<02:17,  2.80s/it]                                                                                      Best trial: 35. Best value: 0.577614:  51%|█████     | 51/100 [02:26<02:17,  2.80s/it]Best trial: 35. Best value: 0.577614:  51%|█████     | 51/100 [02:26<02:17,  2.80s/it]Best trial: 35. Best value: 0.577614:  52%|█████▏    | 52/100 [02:26<02:14,  2.80s/it]                                                                                      Best trial: 35. Best value: 0.577614:  52%|█████▏    | 52/100 [02:29<02:14,  2.80s/it]Best trial: 35. Best value: 0.577614:  52%|█████▏    | 52/100 [02:29<02:14,  2.80s/it]Best trial: 35. Best value: 0.577614:  53%|█████▎    | 53/100 [02:29<02:13,  2.85s/it]                                                                                      Best trial: 35. Best value: 0.577614:  53%|█████▎    | 53/100 [02:31<02:13,  2.85s/it]Best trial: 35. Best value: 0.577614:  53%|█████▎    | 53/100 [02:31<02:13,  2.85s/it]Best trial: 35. Best value: 0.577614:  54%|█████▍    | 54/100 [02:31<02:10,  2.83s/it]                                                                                      Best trial: 35. Best value: 0.577614:  54%|█████▍    | 54/100 [02:34<02:10,  2.83s/it]Best trial: 35. Best value: 0.577614:  54%|█████▍    | 54/100 [02:34<02:10,  2.83s/it]Best trial: 35. Best value: 0.577614:  55%|█████▌    | 55/100 [02:34<02:07,  2.83s/it]                                                                                      Best trial: 35. Best value: 0.577614:  55%|█████▌    | 55/100 [02:37<02:07,  2.83s/it]Best trial: 55. Best value: 0.57763:  55%|█████▌    | 55/100 [02:37<02:07,  2.83s/it] Best trial: 55. Best value: 0.57763:  56%|█████▌    | 56/100 [02:37<02:03,  2.82s/it]                                                                                     Best trial: 55. Best value: 0.57763:  56%|█████▌    | 56/100 [02:40<02:03,  2.82s/it]Best trial: 55. Best value: 0.57763:  56%|█████▌    | 56/100 [02:40<02:03,  2.82s/it]Best trial: 55. Best value: 0.57763:  57%|█████▋    | 57/100 [02:40<02:00,  2.81s/it]                                                                                     Best trial: 55. Best value: 0.57763:  57%|█████▋    | 57/100 [02:43<02:00,  2.81s/it]Best trial: 55. Best value: 0.57763:  57%|█████▋    | 57/100 [02:43<02:00,  2.81s/it]Best trial: 55. Best value: 0.57763:  58%|█████▊    | 58/100 [02:43<01:57,  2.81s/it]                                                                                     Best trial: 55. Best value: 0.57763:  58%|█████▊    | 58/100 [02:46<01:57,  2.81s/it]Best trial: 55. Best value: 0.57763:  58%|█████▊    | 58/100 [02:46<01:57,  2.81s/it]Best trial: 55. Best value: 0.57763:  59%|█████▉    | 59/100 [02:46<01:56,  2.85s/it]                                                                                     Best trial: 55. Best value: 0.57763:  59%|█████▉    | 59/100 [02:48<01:56,  2.85s/it]Best trial: 55. Best value: 0.57763:  59%|█████▉    | 59/100 [02:48<01:56,  2.85s/it]Best trial: 55. Best value: 0.57763:  60%|██████    | 60/100 [02:48<01:53,  2.84s/it]                                                                                     Best trial: 55. Best value: 0.57763:  60%|██████    | 60/100 [02:51<01:53,  2.84s/it]Best trial: 55. Best value: 0.57763:  60%|██████    | 60/100 [02:51<01:53,  2.84s/it]Best trial: 55. Best value: 0.57763:  61%|██████    | 61/100 [02:51<01:50,  2.83s/it]                                                                                     Best trial: 55. Best value: 0.57763:  61%|██████    | 61/100 [02:54<01:50,  2.83s/it]Best trial: 55. Best value: 0.57763:  61%|██████    | 61/100 [02:54<01:50,  2.83s/it]Best trial: 55. Best value: 0.57763:  62%|██████▏   | 62/100 [02:54<01:47,  2.82s/it]                                                                                     Best trial: 55. Best value: 0.57763:  62%|██████▏   | 62/100 [02:57<01:47,  2.82s/it]Best trial: 62. Best val