[I 2025-05-13 01:51:13,596] Trial 0 finished with value: 0.5770192335176136 and parameters: {'threshold_scale_factor': 0.8176102605204765}. Best is trial 0 with value: 0.5770192335176136.
[I 2025-05-13 01:51:16,393] Trial 1 finished with value: 0.5759649071794632 and parameters: {'threshold_scale_factor': 0.6928726681476386}. Best is trial 0 with value: 0.5770192335176136.
[I 2025-05-13 01:51:19,195] Trial 2 finished with value: 0.5773019888811219 and parameters: {'threshold_scale_factor': 0.7644035375302374}. Best is trial 2 with value: 0.5773019888811219.
[I 2025-05-13 01:51:21,991] Trial 3 finished with value: 0.5743089295730379 and parameters: {'threshold_scale_factor': 0.9766057269366181}. Best is trial 2 with value: 0.5773019888811219.
[I 2025-05-13 01:51:24,791] Trial 4 finished with value: 0.5772318736588 and parameters: {'threshold_scale_factor': 0.8305411183636483}. Best is trial 2 with value: 0.5773019888811219.
[I 2025-05-13 01:51:27,584] Trial 5 finished with value: 0.5695872823241053 and parameters: {'threshold_scale_factor': 0.599763652662999}. Best is trial 2 with value: 0.5773019888811219.
[I 2025-05-13 01:51:30,383] Trial 6 finished with value: 0.5577094529312896 and parameters: {'threshold_scale_factor': 0.48035482994173917}. Best is trial 2 with value: 0.5773019888811219.
[I 2025-05-13 01:51:33,179] Trial 7 finished with value: 0.5688895512339734 and parameters: {'threshold_scale_factor': 0.5930469101721983}. Best is trial 2 with value: 0.5773019888811219.
[I 2025-05-13 01:51:36,127] Trial 8 finished with value: 0.5525447920981025 and parameters: {'threshold_scale_factor': 0.4305131459870848}. Best is trial 2 with value: 0.5773019888811219.
[I 2025-05-13 01:51:38,923] Trial 9 finished with value: 0.5630073939071647 and parameters: {'threshold_scale_factor': 0.525630307845422}. Best is trial 2 with value: 0.5773019888811219.
[I 2025-05-13 01:51:41,722] Trial 10 finished with value: 0.5272702068119708 and parameters: {'threshold_scale_factor': 0.1504274359730785}. Best is trial 2 with value: 0.5773019888811219.
[I 2025-05-13 01:51:44,518] Trial 11 finished with value: 0.5749582709220912 and parameters: {'threshold_scale_factor': 0.9535725437446276}. Best is trial 2 with value: 0.5773019888811219.
[I 2025-05-13 01:51:47,301] Trial 12 finished with value: 0.5770599630073137 and parameters: {'threshold_scale_factor': 0.8054000291044542}. Best is trial 2 with value: 0.5773019888811219.
[I 2025-05-13 01:51:50,100] Trial 13 finished with value: 0.5775133274483671 and parameters: {'threshold_scale_factor': 0.7910000787660806}. Best is trial 13 with value: 0.5775133274483671.
[I 2025-05-13 01:51:52,890] Trial 14 finished with value: 0.5400225395565812 and parameters: {'threshold_scale_factor': 0.30899411000272053}. Best is trial 13 with value: 0.5775133274483671.
[I 2025-05-13 01:51:55,673] Trial 15 finished with value: 0.5761807935386618 and parameters: {'threshold_scale_factor': 0.7127487517080874}. Best is trial 13 with value: 0.5775133274483671.
[I 2025-05-13 01:51:58,471] Trial 16 finished with value: 0.5209990177798293 and parameters: {'threshold_scale_factor': 0.023711186292044162}. Best is trial 13 with value: 0.5775133274483671.
[I 2025-05-13 01:52:01,260] Trial 17 finished with value: 0.5759941951654255 and parameters: {'threshold_scale_factor': 0.6944685902995721}. Best is trial 13 with value: 0.5775133274483671.
[I 2025-05-13 01:52:04,052] Trial 18 finished with value: 0.5765995402285227 and parameters: {'threshold_scale_factor': 0.8975373024206046}. Best is trial 13 with value: 0.5775133274483671.
[I 2025-05-13 01:52:06,855] Trial 19 finished with value: 0.5434710880094255 and parameters: {'threshold_scale_factor': 0.3448197291327959}. Best is trial 13 with value: 0.5775133274483671.
[I 2025-05-13 01:52:09,655] Trial 20 finished with value: 0.5770639037410651 and parameters: {'threshold_scale_factor': 0.758486669738257}. Best is trial 13 with value: 0.5775133274483671.
[I 2025-05-13 01:52:12,445] Trial 21 finished with value: 0.5765658690765602 and parameters: {'threshold_scale_factor': 0.8910675192711721}. Best is trial 13 with value: 0.5775133274483671.
[I 2025-05-13 01:52:15,229] Trial 22 finished with value: 0.5772100658645802 and parameters: {'threshold_scale_factor': 0.8570701282344716}. Best is trial 13 with value: 0.5775133274483671.
[I 2025-05-13 01:52:18,026] Trial 23 finished with value: 0.5739121604479109 and parameters: {'threshold_scale_factor': 0.6569552882026063}. Best is trial 13 with value: 0.5775133274483671.
[I 2025-05-13 01:52:20,824] Trial 24 finished with value: 0.573062999203766 and parameters: {'threshold_scale_factor': 0.9963259034960721}. Best is trial 13 with value: 0.5775133274483671.
[I 2025-05-13 01:52:23,768] Trial 25 finished with value: 0.5776138470263954 and parameters: {'threshold_scale_factor': 0.7832040041155317}. Best is trial 25 with value: 0.5776138470263954.
[I 2025-05-13 01:52:26,565] Trial 26 finished with value: 0.5700750535893488 and parameters: {'threshold_scale_factor': 0.6065237728143315}. Best is trial 25 with value: 0.5776138470263954.
[I 2025-05-13 01:52:29,351] Trial 27 finished with value: 0.5769102151247584 and parameters: {'threshold_scale_factor': 0.7525571859269381}. Best is trial 25 with value: 0.5776138470263954.
[I 2025-05-13 01:52:32,145] Trial 28 finished with value: 0.5774618612597906 and parameters: {'threshold_scale_factor': 0.7685205598671646}. Best is trial 25 with value: 0.5776138470263954.
[I 2025-05-13 01:52:34,945] Trial 29 finished with value: 0.576511033200507 and parameters: {'threshold_scale_factor': 0.9033601056059836}. Best is trial 25 with value: 0.5776138470263954.
[I 2025-05-13 01:52:37,735] Trial 30 finished with value: 0.5769707614635585 and parameters: {'threshold_scale_factor': 0.8108494610643388}. Best is trial 25 with value: 0.5776138470263954.
[I 2025-05-13 01:52:40,529] Trial 31 finished with value: 0.5775794144794 and parameters: {'threshold_scale_factor': 0.7748759311272139}. Best is trial 25 with value: 0.5776138470263954.
[I 2025-05-13 01:52:43,383] Trial 32 finished with value: 0.5734660549824755 and parameters: {'threshold_scale_factor': 0.6482376491527378}. Best is trial 25 with value: 0.5776138470263954.
[I 2025-05-13 01:52:46,176] Trial 33 finished with value: 0.5767067786032603 and parameters: {'threshold_scale_factor': 0.7467047855605571}. Best is trial 25 with value: 0.5776138470263954.
[I 2025-05-13 01:52:48,979] Trial 34 finished with value: 0.5643263873322304 and parameters: {'threshold_scale_factor': 0.5389356767365052}. Best is trial 25 with value: 0.5776138470263954.
[I 2025-05-13 01:52:51,774] Trial 35 finished with value: 0.5776140425197147 and parameters: {'threshold_scale_factor': 0.7843916376211553}. Best is trial 35 with value: 0.5776140425197147.
[I 2025-05-13 01:52:54,559] Trial 36 finished with value: 0.5755726498343627 and parameters: {'threshold_scale_factor': 0.9397959847746283}. Best is trial 35 with value: 0.5776140425197147.
[I 2025-05-13 01:52:57,344] Trial 37 finished with value: 0.5771157403380358 and parameters: {'threshold_scale_factor': 0.8244412961627636}. Best is trial 35 with value: 0.5776140425197147.
[I 2025-05-13 01:53:00,275] Trial 38 finished with value: 0.5742842511137615 and parameters: {'threshold_scale_factor': 0.6623494753313458}. Best is trial 35 with value: 0.5776140425197147.
[I 2025-05-13 01:53:03,075] Trial 39 finished with value: 0.5770767239871599 and parameters: {'threshold_scale_factor': 0.8622091556546378}. Best is trial 35 with value: 0.5776140425197147.
[I 2025-05-13 01:53:05,873] Trial 40 finished with value: 0.5545231330434313 and parameters: {'threshold_scale_factor': 0.4495544815631841}. Best is trial 35 with value: 0.5776140425197147.
[I 2025-05-13 01:53:08,833] Trial 41 finished with value: 0.5775781797847519 and parameters: {'threshold_scale_factor': 0.7871440191486979}. Best is trial 35 with value: 0.5776140425197147.
[I 2025-05-13 01:53:11,633] Trial 42 finished with value: 0.5761751396660864 and parameters: {'threshold_scale_factor': 0.7138826630999039}. Best is trial 35 with value: 0.5776140425197147.
[I 2025-05-13 01:53:14,429] Trial 43 finished with value: 0.5775575089385204 and parameters: {'threshold_scale_factor': 0.7891632933808709}. Best is trial 35 with value: 0.5776140425197147.
[I 2025-05-13 01:53:17,223] Trial 44 finished with value: 0.5686336504790585 and parameters: {'threshold_scale_factor': 0.5905909027266003}. Best is trial 35 with value: 0.5776140425197147.
[I 2025-05-13 01:53:20,011] Trial 45 finished with value: 0.5774129313398035 and parameters: {'threshold_scale_factor': 0.8452154610875928}. Best is trial 35 with value: 0.5776140425197147.
[I 2025-05-13 01:53:22,821] Trial 46 finished with value: 0.5763477499778733 and parameters: {'threshold_scale_factor': 0.7302943700474659}. Best is trial 35 with value: 0.5776140425197147.
[I 2025-05-13 01:53:25,622] Trial 47 finished with value: 0.5748863190914804 and parameters: {'threshold_scale_factor': 0.9568286811561534}. Best is trial 35 with value: 0.5776140425197147.
[I 2025-05-13 01:53:28,433] Trial 48 finished with value: 0.5774970397681358 and parameters: {'threshold_scale_factor': 0.7914673500424493}. Best is trial 35 with value: 0.5776140425197147.
[I 2025-05-13 01:53:31,233] Trial 49 finished with value: 0.5657973099337297 and parameters: {'threshold_scale_factor': 0.5558052507572997}. Best is trial 35 with value: 0.5776140425197147.
[I 2025-05-13 01:53:34,037] Trial 50 finished with value: 0.5761775421760889 and parameters: {'threshold_scale_factor': 0.922513558256993}. Best is trial 35 with value: 0.5776140425197147.
[I 2025-05-13 01:53:36,840] Trial 51 finished with value: 0.5771878825174049 and parameters: {'threshold_scale_factor': 0.8003381948966689}. Best is trial 35 with value: 0.5776140425197147.
[I 2025-05-13 01:53:39,636] Trial 52 finished with value: 0.5759537794939484 and parameters: {'threshold_scale_factor': 0.689371156500159}. Best is trial 35 with value: 0.5776140425197147.
[I 2025-05-13 01:53:42,594] Trial 53 finished with value: 0.5766347907607223 and parameters: {'threshold_scale_factor': 0.8742193543560483}. Best is trial 35 with value: 0.5776140425197147.
[I 2025-05-13 01:53:45,401] Trial 54 finished with value: 0.5710957859439522 and parameters: {'threshold_scale_factor': 0.6198559946654003}. Best is trial 35 with value: 0.5776140425197147.
[I 2025-05-13 01:53:48,190] Trial 55 finished with value: 0.5776302273087253 and parameters: {'threshold_scale_factor': 0.7769764307443596}. Best is trial 55 with value: 0.5776302273087253.
[I 2025-05-13 01:53:50,982] Trial 56 finished with value: 0.5770692437954176 and parameters: {'threshold_scale_factor': 0.8204685568920309}. Best is trial 55 with value: 0.5776302273087253.
[I 2025-05-13 01:53:53,781] Trial 57 finished with value: 0.5774471786826019 and parameters: {'threshold_scale_factor': 0.7680672861276818}. Best is trial 55 with value: 0.5776302273087253.
[I 2025-05-13 01:53:56,738] Trial 58 finished with value: 0.5759472922024855 and parameters: {'threshold_scale_factor': 0.688692911431452}. Best is trial 55 with value: 0.5776302273087253.
[I 2025-05-13 01:53:59,541] Trial 59 finished with value: 0.5355134912923468 and parameters: {'threshold_scale_factor': 0.25863225987648397}. Best is trial 55 with value: 0.5776302273087253.
[I 2025-05-13 01:54:02,345] Trial 60 finished with value: 0.5762565986454864 and parameters: {'threshold_scale_factor': 0.7212638360509555}. Best is trial 55 with value: 0.5776302273087253.
[I 2025-05-13 01:54:05,144] Trial 61 finished with value: 0.577550625515858 and parameters: {'threshold_scale_factor': 0.7895680482355407}. Best is trial 55 with value: 0.5776302273087253.
[I 2025-05-13 01:54:07,948] Trial 62 finished with value: 0.5776382373902539 and parameters: {'threshold_scale_factor': 0.780144940054871}. Best is trial 62 with value: 0.5776382373902539.
[I 2025-05-13 01:54:10,743] Trial 63 finished with value: 0.5773509908249636 and parameters: {'threshold_scale_factor': 0.837977560771832}. Best is trial 62 with value: 0.5776382373902539.
[I 2025-05-13 01:54:13,544] Trial 64 finished with value: 0.5766520198956226 and parameters: {'threshold_scale_factor': 0.8827186293962097}. Best is trial 62 with value: 0.5776382373902539.
[I 2025-05-13 01:54:16,340] Trial 65 finished with value: 0.5766737659551101 and parameters: {'threshold_scale_factor': 0.7443937230981937}. Best is trial 62 with value: 0.5776382373902539.
[I 2025-05-13 01:54:19,135] Trial 66 finished with value: 0.5750404758628411 and parameters: {'threshold_scale_factor': 0.6726210356894656}. Best is trial 62 with value: 0.5776382373902539.
[I 2025-05-13 01:54:21,933] Trial 67 finished with value: 0.5773422605048901 and parameters: {'threshold_scale_factor': 0.7652659649945858}. Best is trial 62 with value: 0.5776382373902539.
[I 2025-05-13 01:54:24,747] Trial 68 finished with value: 0.5718810671737475 and parameters: {'threshold_scale_factor': 0.6284506310551536}. Best is trial 62 with value: 0.5776382373902539.
[I 2025-05-13 01:54:27,549] Trial 69 finished with value: 0.5772465871033551 and parameters: {'threshold_scale_factor': 0.8551331848793794}. Best is trial 62 with value: 0.5776382373902539.
[I 2025-05-13 01:54:30,663] Trial 70 finished with value: 0.5762180298714203 and parameters: {'threshold_scale_factor': 0.9216863063290863}. Best is trial 62 with value: 0.5776382373902539.
[I 2025-05-13 01:54:33,462] Trial 71 finished with value: 0.5775793476001065 and parameters: {'threshold_scale_factor': 0.7873256580811491}. Best is trial 62 with value: 0.5776382373902539.
[I 2025-05-13 01:54:36,267] Trial 72 finished with value: 0.5776292344084457 and parameters: {'threshold_scale_factor': 0.7817006582390257}. Best is trial 62 with value: 0.5776382373902539.
[I 2025-05-13 01:54:39,061] Trial 73 finished with value: 0.5761541344233877 and parameters: {'threshold_scale_factor': 0.707993153595232}. Best is trial 62 with value: 0.5776382373902539.
[I 2025-05-13 01:54:42,023] Trial 74 finished with value: 0.5771274390698256 and parameters: {'threshold_scale_factor': 0.8251673525572117}. Best is trial 62 with value: 0.5776382373902539.
[I 2025-05-13 01:54:44,818] Trial 75 finished with value: 0.5763928935009399 and parameters: {'threshold_scale_factor': 0.7338804316841356}. Best is trial 62 with value: 0.5776382373902539.
[I 2025-05-13 01:54:47,612] Trial 76 finished with value: 0.5776134303169517 and parameters: {'threshold_scale_factor': 0.7766736258573954}. Best is trial 62 with value: 0.5776382373902539.
[I 2025-05-13 01:54:50,417] Trial 77 finished with value: 0.5740226450406607 and parameters: {'threshold_scale_factor': 0.9804807927647297}. Best is trial 62 with value: 0.5776382373902539.
[I 2025-05-13 01:54:53,219] Trial 78 finished with value: 0.5772497921648788 and parameters: {'threshold_scale_factor': 0.7631888340256167}. Best is trial 62 with value: 0.5776382373902539.
[I 2025-05-13 01:54:56,022] Trial 79 finished with value: 0.5765294250062007 and parameters: {'threshold_scale_factor': 0.9020790946052549}. Best is trial 62 with value: 0.5776382373902539.
[I 2025-05-13 01:54:58,826] Trial 80 finished with value: 0.5472668120190363 and parameters: {'threshold_scale_factor': 0.37982929209607946}. Best is trial 62 with value: 0.5776382373902539.
[I 2025-05-13 01:55:01,625] Trial 81 finished with value: 0.5771933769085884 and parameters: {'threshold_scale_factor': 0.8001804935465544}. Best is trial 62 with value: 0.5776382373902539.
[I 2025-05-13 01:55:04,431] Trial 82 finished with value: 0.5774253914666261 and parameters: {'threshold_scale_factor': 0.8436285082950175}. Best is trial 62 with value: 0.5776382373902539.
[I 2025-05-13 01:55:07,222] Trial 83 finished with value: 0.5775742956411719 and parameters: {'threshold_scale_factor': 0.7743403964606954}. Best is trial 62 with value: 0.5776382373902539.
[I 2025-05-13 01:55:10,017] Trial 84 finished with value: 0.5204136799145904 and parameters: {'threshold_scale_factor': 0.0037992722251599664}. Best is trial 62 with value: 0.5776382373902539.
[I 2025-05-13 01:55:12,806] Trial 85 finished with value: 0.5769697891415232 and parameters: {'threshold_scale_factor': 0.8110712571390722}. Best is trial 62 with value: 0.5776382373902539.
[I 2025-05-13 01:55:15,805] Trial 86 finished with value: 0.5764489023369086 and parameters: {'threshold_scale_factor': 0.736788196321167}. Best is trial 62 with value: 0.5776382373902539.
[I 2025-05-13 01:55:18,606] Trial 87 finished with value: 0.5759649843478789 and parameters: {'threshold_scale_factor': 0.6923939827598419}. Best is trial 62 with value: 0.5776382373902539.
[I 2025-05-13 01:55:21,402] Trial 88 finished with value: 0.567443975884685 and parameters: {'threshold_scale_factor': 0.5754555364223977}. Best is trial 62 with value: 0.5776382373902539.
[I 2025-05-13 01:55:24,183] Trial 89 finished with value: 0.5274087189732296 and parameters: {'threshold_scale_factor': 0.15236978423260983}. Best is trial 62 with value: 0.5776382373902539.
[I 2025-05-13 01:55:26,980] Trial 90 finished with value: 0.5604030370525073 and parameters: {'threshold_scale_factor': 0.5026752117186697}. Best is trial 62 with value: 0.5776382373902539.
[I 2025-05-13 01:55:29,940] Trial 91 finished with value: 0.5775706893038877 and parameters: {'threshold_scale_factor': 0.774122255954177}. Best is trial 62 with value: 0.5776382373902539.
[I 2025-05-13 01:55:32,732] Trial 92 finished with value: 0.5776155087196091 and parameters: {'threshold_scale_factor': 0.7847502042028244}. Best is trial 62 with value: 0.5776382373902539.
[I 2025-05-13 01:55:35,515] Trial 93 finished with value: 0.5730721359441611 and parameters: {'threshold_scale_factor': 0.6432288859644477}. Best is trial 62 with value: 0.5776382373902539.
[I 2025-05-13 01:55:38,314] Trial 94 finished with value: 0.5766727576211476 and parameters: {'threshold_scale_factor': 0.8715297175527432}. Best is trial 62 with value: 0.5776382373902539.
[I 2025-05-13 01:55:41,110] Trial 95 finished with value: 0.5771914939992503 and parameters: {'threshold_scale_factor': 0.8287119167615915}. Best is trial 62 with value: 0.5776382373902539.
[I 2025-05-13 01:55:43,909] Trial 96 finished with value: 0.5766881913042473 and parameters: {'threshold_scale_factor': 0.7460054721285716}. Best is trial 62 with value: 0.5776382373902539.
[I 2025-05-13 01:55:46,715] Trial 97 finished with value: 0.5761577304715498 and parameters: {'threshold_scale_factor': 0.7084540410374877}. Best is trial 62 with value: 0.5776382373902539.
[I 2025-05-13 01:55:49,598] Trial 98 finished with value: 0.5774633583270513 and parameters: {'threshold_scale_factor': 0.7922996068026897}. Best is trial 62 with value: 0.5776382373902539.
