[I 2025-05-14 06:32:08,621] Trial 0 finished with value: 0.5521844077064376 and parameters: {'interp_param': 0.5515451056927618}. Best is trial 0 with value: 0.5521844077064376.
[I 2025-05-14 06:32:09,951] Trial 1 finished with value: 0.5538913067623564 and parameters: {'interp_param': 0.7044863507870307}. Best is trial 1 with value: 0.5538913067623564.
[I 2025-05-14 06:32:11,276] Trial 2 finished with value: 0.5523565808022555 and parameters: {'interp_param': 0.2716293813123717}. Best is trial 1 with value: 0.5538913067623564.
[I 2025-05-14 06:32:12,596] Trial 3 finished with value: 0.5526925883207314 and parameters: {'interp_param': 0.2958283137048858}. Best is trial 1 with value: 0.5538913067623564.
[I 2025-05-14 06:32:13,916] Trial 4 finished with value: 0.5528589516852492 and parameters: {'interp_param': 0.6623813776835119}. Best is trial 1 with value: 0.5538913067623564.
[I 2025-05-14 06:32:15,239] Trial 5 finished with value: 0.5515622196591055 and parameters: {'interp_param': 0.13164311875221169}. Best is trial 1 with value: 0.5538913067623564.
[I 2025-05-14 06:32:16,558] Trial 6 finished with value: 0.5552315775983596 and parameters: {'interp_param': 0.9842607407522037}. Best is trial 6 with value: 0.5552315775983596.
[I 2025-05-14 06:32:18,138] Trial 7 finished with value: 0.5512657183134692 and parameters: {'interp_param': 0.06058638530934457}. Best is trial 6 with value: 0.5552315775983596.
[I 2025-05-14 06:32:19,460] Trial 8 finished with value: 0.5526589602289718 and parameters: {'interp_param': 0.282574803792474}. Best is trial 6 with value: 0.5552315775983596.
[I 2025-05-14 06:32:20,782] Trial 9 finished with value: 0.5523558289546755 and parameters: {'interp_param': 0.6059469952714265}. Best is trial 6 with value: 0.5552315775983596.
[I 2025-05-14 06:32:22,107] Trial 10 finished with value: 0.5547455081378957 and parameters: {'interp_param': 0.9649311158488739}. Best is trial 6 with value: 0.5552315775983596.
[I 2025-05-14 06:32:23,437] Trial 11 finished with value: 0.5566212311504123 and parameters: {'interp_param': 0.9945787824606991}. Best is trial 11 with value: 0.5566212311504123.
[I 2025-05-14 06:32:24,764] Trial 12 finished with value: 0.5549150155922935 and parameters: {'interp_param': 0.9804517416242187}. Best is trial 11 with value: 0.5566212311504123.
[I 2025-05-14 06:32:26,092] Trial 13 finished with value: 0.5545058054594387 and parameters: {'interp_param': 0.8023261880716399}. Best is trial 11 with value: 0.5566212311504123.
[I 2025-05-14 06:32:27,416] Trial 14 finished with value: 0.5544594301337092 and parameters: {'interp_param': 0.8364367690732617}. Best is trial 11 with value: 0.5566212311504123.
[I 2025-05-14 06:32:28,739] Trial 15 finished with value: 0.5542529112734418 and parameters: {'interp_param': 0.8536349988305387}. Best is trial 11 with value: 0.5566212311504123.
[I 2025-05-14 06:32:30,068] Trial 16 finished with value: 0.5516323807082746 and parameters: {'interp_param': 0.42343477189973777}. Best is trial 11 with value: 0.5566212311504123.
[I 2025-05-14 06:32:31,389] Trial 17 finished with value: 0.5548701781366141 and parameters: {'interp_param': 0.9789581029380776}. Best is trial 11 with value: 0.5566212311504123.
[I 2025-05-14 06:32:32,711] Trial 18 finished with value: 0.5541663462770728 and parameters: {'interp_param': 0.7481326963962001}. Best is trial 11 with value: 0.5566212311504123.
[I 2025-05-14 06:32:34,033] Trial 19 finished with value: 0.552639856465462 and parameters: {'interp_param': 0.4574587437100785}. Best is trial 11 with value: 0.5566212311504123.
[I 2025-05-14 06:32:35,354] Trial 20 finished with value: 0.5544389593745995 and parameters: {'interp_param': 0.9282491293038403}. Best is trial 11 with value: 0.5566212311504123.
[I 2025-05-14 06:32:36,680] Trial 21 finished with value: 0.5542880430603614 and parameters: {'interp_param': 0.8850058638310838}. Best is trial 11 with value: 0.5566212311504123.
[I 2025-05-14 06:32:38,003] Trial 22 finished with value: 0.5549619718911529 and parameters: {'interp_param': 0.97811798433897}. Best is trial 11 with value: 0.5566212311504123.
[I 2025-05-14 06:32:39,328] Trial 23 finished with value: 0.5543865350933401 and parameters: {'interp_param': 0.7769658925813223}. Best is trial 11 with value: 0.5566212311504123.
[I 2025-05-14 06:32:40,647] Trial 24 finished with value: 0.5542453586227519 and parameters: {'interp_param': 0.8842302669044138}. Best is trial 11 with value: 0.5566212311504123.
[I 2025-05-14 06:32:42,074] Trial 25 finished with value: 0.5540503225255243 and parameters: {'interp_param': 0.9103703805120504}. Best is trial 11 with value: 0.5566212311504123.
[I 2025-05-14 06:32:43,399] Trial 26 finished with value: 0.5563779742833953 and parameters: {'interp_param': 0.9938243370241595}. Best is trial 11 with value: 0.5566212311504123.
[I 2025-05-14 06:32:44,723] Trial 27 finished with value: 0.5538734674697766 and parameters: {'interp_param': 0.7386956885502873}. Best is trial 11 with value: 0.5566212311504123.
[I 2025-05-14 06:32:46,051] Trial 28 finished with value: 0.5545312657524883 and parameters: {'interp_param': 0.8316005711286072}. Best is trial 11 with value: 0.5566212311504123.
[I 2025-05-14 06:32:47,374] Trial 29 finished with value: 0.5521440129864582 and parameters: {'interp_param': 0.5664277600524703}. Best is trial 11 with value: 0.5566212311504123.
[I 2025-05-14 06:32:48,699] Trial 30 finished with value: 0.5524325857576146 and parameters: {'interp_param': 0.6472051792916653}. Best is trial 11 with value: 0.5566212311504123.
[I 2025-05-14 06:32:50,025] Trial 31 finished with value: 0.5556963561023538 and parameters: {'interp_param': 0.9988342838479244}. Best is trial 11 with value: 0.5566212311504123.
[I 2025-05-14 06:32:51,347] Trial 32 finished with value: 0.5543857490708701 and parameters: {'interp_param': 0.9234613171659745}. Best is trial 11 with value: 0.5566212311504123.
[I 2025-05-14 06:32:52,666] Trial 33 finished with value: 0.5565107437310436 and parameters: {'interp_param': 0.9943085465794583}. Best is trial 11 with value: 0.5566212311504123.
[I 2025-05-14 06:32:53,988] Trial 34 finished with value: 0.5558134392754923 and parameters: {'interp_param': 0.9974869524181664}. Best is trial 11 with value: 0.5566212311504123.
[I 2025-05-14 06:32:55,313] Trial 35 finished with value: 0.5539075056602162 and parameters: {'interp_param': 0.9133019498002277}. Best is trial 11 with value: 0.5566212311504123.
[I 2025-05-14 06:32:56,639] Trial 36 finished with value: 0.5539126660686061 and parameters: {'interp_param': 0.704757563154845}. Best is trial 11 with value: 0.5566212311504123.
[I 2025-05-14 06:32:57,959] Trial 37 finished with value: 0.5514182408475373 and parameters: {'interp_param': 0.20438310372756519}. Best is trial 11 with value: 0.5566212311504123.
[I 2025-05-14 06:32:59,292] Trial 38 finished with value: 0.552876039130249 and parameters: {'interp_param': 0.3535524139750782}. Best is trial 11 with value: 0.5566212311504123.
[I 2025-05-14 06:33:00,612] Trial 39 finished with value: 0.5542982271775813 and parameters: {'interp_param': 0.854489637047225}. Best is trial 11 with value: 0.5566212311504123.
[I 2025-05-14 06:33:01,931] Trial 40 finished with value: 0.5549078730402837 and parameters: {'interp_param': 0.9384523681261575}. Best is trial 11 with value: 0.5566212311504123.
[I 2025-05-14 06:33:03,257] Trial 41 finished with value: 0.5550909821009014 and parameters: {'interp_param': 0.999893192992034}. Best is trial 11 with value: 0.5566212311504123.
[I 2025-05-14 06:33:04,581] Trial 42 finished with value: 0.5555353923704558 and parameters: {'interp_param': 0.9990787139408576}. Best is trial 11 with value: 0.5566212311504123.
[I 2025-05-14 06:33:05,907] Trial 43 finished with value: 0.5514281857405271 and parameters: {'interp_param': 0.0005915457998284523}. Best is trial 11 with value: 0.5566212311504123.
[I 2025-05-14 06:33:07,376] Trial 44 finished with value: 0.5541505233030031 and parameters: {'interp_param': 0.8820283793926993}. Best is trial 11 with value: 0.5566212311504123.
[I 2025-05-14 06:33:08,692] Trial 45 finished with value: 0.5544485625186893 and parameters: {'interp_param': 0.8101633147373317}. Best is trial 11 with value: 0.5566212311504123.
[I 2025-05-14 06:33:10,020] Trial 46 finished with value: 0.5549667905506429 and parameters: {'interp_param': 0.9430926980269777}. Best is trial 11 with value: 0.5566212311504123.
[I 2025-05-14 06:33:11,337] Trial 47 finished with value: 0.5553113417916187 and parameters: {'interp_param': 0.9505930600749766}. Best is trial 11 with value: 0.5566212311504123.
[I 2025-05-14 06:33:12,664] Trial 48 finished with value: 0.5544520141825793 and parameters: {'interp_param': 0.7887692720805239}. Best is trial 11 with value: 0.5566212311504123.
[I 2025-05-14 06:33:13,983] Trial 49 finished with value: 0.5538837882865564 and parameters: {'interp_param': 0.8792175593015918}. Best is trial 11 with value: 0.5566212311504123.
[I 2025-05-14 06:33:15,305] Trial 50 finished with value: 0.5556617369387842 and parameters: {'interp_param': 0.9981418050082125}. Best is trial 11 with value: 0.5566212311504123.
[I 2025-05-14 06:33:16,628] Trial 51 finished with value: 0.5553046776880687 and parameters: {'interp_param': 0.9504092952428966}. Best is trial 11 with value: 0.5566212311504123.
[I 2025-05-14 06:33:17,952] Trial 52 finished with value: 0.5553713528984578 and parameters: {'interp_param': 0.9994982017557846}. Best is trial 11 with value: 0.5566212311504123.
[I 2025-05-14 06:33:19,278] Trial 53 finished with value: 0.5543211585287711 and parameters: {'interp_param': 0.9018163330522554}. Best is trial 11 with value: 0.5566212311504123.
[I 2025-05-14 06:33:20,596] Trial 54 finished with value: 0.55520047844846 and parameters: {'interp_param': 0.9533874954954227}. Best is trial 11 with value: 0.5566212311504123.
[I 2025-05-14 06:33:21,919] Trial 55 finished with value: 0.5546074074074074 and parameters: {'interp_param': 0.8338635563718764}. Best is trial 11 with value: 0.5566212311504123.
[I 2025-05-14 06:33:23,242] Trial 56 finished with value: 0.5547709000811654 and parameters: {'interp_param': 0.9658861493223546}. Best is trial 11 with value: 0.5566212311504123.
[I 2025-05-14 06:33:24,565] Trial 57 finished with value: 0.5542270067068222 and parameters: {'interp_param': 0.8583400442311993}. Best is trial 11 with value: 0.5566212311504123.
[I 2025-05-14 06:33:25,886] Trial 58 finished with value: 0.5539592806185656 and parameters: {'interp_param': 0.9148031108342771}. Best is trial 11 with value: 0.5566212311504123.
[I 2025-05-14 06:33:27,210] Trial 59 finished with value: 0.5548221282412747 and parameters: {'interp_param': 0.9689888032635074}. Best is trial 11 with value: 0.5566212311504123.
[I 2025-05-14 06:33:28,531] Trial 60 finished with value: 0.5543391345209108 and parameters: {'interp_param': 0.7530303821115387}. Best is trial 11 with value: 0.5566212311504123.
[I 2025-05-14 06:33:29,855] Trial 61 finished with value: 0.5550307659447221 and parameters: {'interp_param': 0.9742391930295834}. Best is trial 11 with value: 0.5566212311504123.
[I 2025-05-14 06:33:31,177] Trial 62 finished with value: 0.5564996027169038 and parameters: {'interp_param': 0.995362054500348}. Best is trial 11 with value: 0.5566212311504123.
[I 2025-05-14 06:33:32,601] Trial 63 finished with value: 0.5563891152975351 and parameters: {'interp_param': 0.9965003381606194}. Best is trial 11 with value: 0.5566212311504123.
[I 2025-05-14 06:33:33,923] Trial 64 finished with value: 0.5546237430048273 and parameters: {'interp_param': 0.9333380737963222}. Best is trial 11 with value: 0.5566212311504123.
[I 2025-05-14 06:33:35,254] Trial 65 finished with value: 0.5538918877354864 and parameters: {'interp_param': 0.8793847406066144}. Best is trial 11 with value: 0.5566212311504123.
[I 2025-05-14 06:33:36,581] Trial 66 finished with value: 0.5542833952753214 and parameters: {'interp_param': 0.9059677501555343}. Best is trial 11 with value: 0.5566212311504123.
[I 2025-05-14 06:33:37,903] Trial 67 finished with value: 0.5548567474048443 and parameters: {'interp_param': 0.9594458699565057}. Best is trial 11 with value: 0.5566212311504123.
[I 2025-05-14 06:33:39,234] Trial 68 finished with value: 0.5533140928702636 and parameters: {'interp_param': 0.4965663142411234}. Best is trial 11 with value: 0.5566212311504123.
[I 2025-05-14 06:33:40,555] Trial 69 finished with value: 0.5543908411294801 and parameters: {'interp_param': 0.9296175439124162}. Best is trial 11 with value: 0.5566212311504123.
[I 2025-05-14 06:33:41,883] Trial 70 finished with value: 0.554474740484429 and parameters: {'interp_param': 0.8154129711147461}. Best is trial 11 with value: 0.5566212311504123.
[I 2025-05-14 06:33:43,203] Trial 71 finished with value: 0.5561060105087786 and parameters: {'interp_param': 0.9900176619942711}. Best is trial 11 with value: 0.5566212311504123.
[I 2025-05-14 06:33:44,526] Trial 72 finished with value: 0.5549811098295527 and parameters: {'interp_param': 0.9764876464418224}. Best is trial 11 with value: 0.5566212311504123.
[I 2025-05-14 06:33:45,851] Trial 73 finished with value: 0.5565673031739929 and parameters: {'interp_param': 0.9960951329103915}. Best is trial 11 with value: 0.5566212311504123.
[I 2025-05-14 06:33:47,179] Trial 74 finished with value: 0.5542833269255415 and parameters: {'interp_param': 0.8549257803257085}. Best is trial 11 with value: 0.5566212311504123.
[I 2025-05-14 06:33:48,504] Trial 75 finished with value: 0.5541696954162929 and parameters: {'interp_param': 0.8950355748134754}. Best is trial 11 with value: 0.5566212311504123.
[I 2025-05-14 06:33:50,239] Trial 76 finished with value: 0.5547933871587851 and parameters: {'interp_param': 0.9364489497226488}. Best is trial 11 with value: 0.5566212311504123.
[I 2025-05-14 06:33:51,553] Trial 77 finished with value: 0.554871955230894 and parameters: {'interp_param': 0.9712965370788718}. Best is trial 11 with value: 0.5566212311504123.
[I 2025-05-14 06:33:52,879] Trial 78 finished with value: 0.5514176940492972 and parameters: {'interp_param': 0.20260019504237692}. Best is trial 11 with value: 0.5566212311504123.
[I 2025-05-14 06:33:54,196] Trial 79 finished with value: 0.5541688752189329 and parameters: {'interp_param': 0.9181646810949231}. Best is trial 11 with value: 0.5566212311504123.
[I 2025-05-14 06:33:55,524] Trial 80 finished with value: 0.5549616984920329 and parameters: {'interp_param': 0.9781030351756379}. Best is trial 11 with value: 0.5566212311504123.
[I 2025-05-14 06:33:56,849] Trial 81 finished with value: 0.5555017301038062 and parameters: {'interp_param': 0.9992571193179539}. Best is trial 11 with value: 0.5566212311504123.
[I 2025-05-14 06:33:58,309] Trial 82 finished with value: 0.5553018069973087 and parameters: {'interp_param': 0.9502748072145776}. Best is trial 11 with value: 0.5566212311504123.
[I 2025-05-14 06:33:59,635] Trial 83 finished with value: 0.5560697509504892 and parameters: {'interp_param': 0.9971027872609922}. Best is trial 11 with value: 0.5566212311504123.
[I 2025-05-14 06:34:00,960] Trial 84 finished with value: 0.552473732325174 and parameters: {'interp_param': 0.37084904201319846}. Best is trial 11 with value: 0.5566212311504123.
[I 2025-05-14 06:34:02,279] Trial 85 finished with value: 0.5544183177410398 and parameters: {'interp_param': 0.9315146007631714}. Best is trial 11 with value: 0.5566212311504123.
[I 2025-05-14 06:34:03,601] Trial 86 finished with value: 0.554719159297706 and parameters: {'interp_param': 0.9645710000183}. Best is trial 11 with value: 0.5566212311504123.
[I 2025-05-14 06:34:04,925] Trial 87 finished with value: 0.5539297876884959 and parameters: {'interp_param': 0.8725288786446542}. Best is trial 11 with value: 0.5566212311504123.
[I 2025-05-14 06:34:06,249] Trial 88 finished with value: 0.5523718569780853 and parameters: {'interp_param': 0.6056871494925335}. Best is trial 11 with value: 0.5566212311504123.
[I 2025-05-14 06:34:07,575] Trial 89 finished with value: 0.5550285787517621 and parameters: {'interp_param': 0.9821647949989337}. Best is trial 11 with value: 0.5566212311504123.
[I 2025-05-14 06:34:08,898] Trial 90 finished with value: 0.5543204408560809 and parameters: {'interp_param': 0.9018434721916699}. Best is trial 11 with value: 0.5566212311504123.
[I 2025-05-14 06:34:10,216] Trial 91 finished with value: 0.5564972104746038 and parameters: {'interp_param': 0.9942527773863756}. Best is trial 11 with value: 0.5566212311504123.
[I 2025-05-14 06:34:11,548] Trial 92 finished with value: 0.5563744884446153 and parameters: {'interp_param': 0.9965290339229049}. Best is trial 11 with value: 0.5566212311504123.
[I 2025-05-14 06:34:12,871] Trial 93 finished with value: 0.5550244777649622 and parameters: {'interp_param': 0.9574819114384278}. Best is trial 11 with value: 0.5566212311504123.
[I 2025-05-14 06:34:14,192] Trial 94 finished with value: 0.5549206544491434 and parameters: {'interp_param': 0.9407186538278192}. Best is trial 11 with value: 0.5566212311504123.
[I 2025-05-14 06:34:15,515] Trial 95 finished with value: 0.5551168183177411 and parameters: {'interp_param': 0.983295814581215}. Best is trial 11 with value: 0.5566212311504123.
[I 2025-05-14 06:34:16,845] Trial 96 finished with value: 0.5544502370882994 and parameters: {'interp_param': 0.9204113738184251}. Best is trial 11 with value: 0.5566212311504123.
[I 2025-05-14 06:34:18,170] Trial 97 finished with value: 0.555124063394421 and parameters: {'interp_param': 0.9545798715714344}. Best is trial 11 with value: 0.5566212311504123.
[I 2025-05-14 06:34:19,496] Trial 98 finished with value: 0.5561685163825879 and parameters: {'interp_param': 0.996981894935573}. Best is trial 11 with value: 0.5566212311504123.
