[I 2025-05-13 19:47:40,698] Trial 99 finished with value: 0.5636923234653338 and parameters: {'threshold_scale_factor': 0.6003357695119994}. Best is trial 82 with value: 0.5672384467512496.
Best hyperparameters: {'threshold_scale_factor': 0.541202575556335}
Best optimized value: 0.5672384467512496
Running audit 1/1
Training a GAT target model on amazon-photo...
Training GAT on cuda:   0%|          | 0/400 [00:00<?, ?it/s]Training GAT on cuda:   3%|▎         | 13/400 [00:00<00:03, 128.87it/s]Training GAT on cuda:   6%|▋         | 26/400 [00:00<00:02, 129.46it/s]Training GAT on cuda:  10%|▉         | 39/400 [00:00<00:02, 129.59it/s]Training GAT on cuda:  13%|█▎        | 52/400 [00:00<00:02, 129.69it/s]Training GAT on cuda:  16%|█▋        | 65/400 [00:00<00:02, 129.76it/s]Training GAT on cuda:  20%|█▉        | 78/400 [00:00<00:02, 129.79it/s]Training GAT on cuda:  23%|██▎       | 91/400 [00:00<00:02, 129.81it/s]Training GAT on cuda:  26%|██▌       | 104/400 [00:00<00:02, 129.81it/s]Training GAT on cuda:  29%|██▉       | 117/400 [00:00<00:02, 129.81it/s]Training GAT on cuda:  32%|███▎      | 130/400 [00:01<00:02, 129.79it/s]Training GAT on cuda:  36%|███▌      | 143/400 [00:01<00:01, 129.82it/s]Training GAT on cuda:  39%|███▉      | 156/400 [00:01<00:01, 129.87it/s]Training GAT on cuda:  42%|████▏     | 169/400 [00:01<00:01, 129.89it/s]Training GAT on cuda:  46%|████▌     | 182/400 [00:01<00:04, 46.36it/s] Training GAT on cuda:  49%|████▉     | 195/400 [00:02<00:03, 57.51it/s]Training GAT on cuda:  52%|█████▏    | 208/400 [00:02<00:02, 69.10it/s]Training GAT on cuda:  55%|█████▌    | 221/400 [00:02<00:02, 80.41it/s]Training GAT on cuda:  58%|█████▊    | 234/400 [00:02<00:01, 90.80it/s]Training GAT on cuda:  62%|██████▏   | 247/400 [00:02<00:01, 99.83it/s]Training GAT on cuda:  65%|██████▌   | 261/400 [00:02<00:01, 107.77it/s]Training GAT on cuda:  69%|██████▉   | 275/400 [00:02<00:01, 113.96it/s]Training GAT on cuda:  72%|███████▏  | 289/400 [00:02<00:00, 118.60it/s]Training GAT on cuda:  76%|███████▌  | 303/400 [00:02<00:00, 122.03it/s]Training GAT on cuda:  79%|███████▉  | 317/400 [00:03<00:00, 124.50it/s]Training GAT on cuda:  83%|████████▎ | 331/400 [00:03<00:00, 126.32it/s]Training GAT on cuda:  86%|████████▋ | 345/400 [00:03<00:00, 127.58it/s]Training GAT on cuda:  90%|████████▉ | 359/400 [00:03<00:00, 128.45it/s]Training GAT on cuda:  93%|█████████▎| 373/400 [00:03<00:00, 129.14it/s]Training GAT on cuda:  97%|█████████▋| 387/400 [00:03<00:00, 129.61it/s]Training GAT on cuda: 100%|██████████| 400/400 [00:03<00:00, 108.95it/s]
Train accuracy: 0.9974 | Test accuracy: 0.9046
Training MLP on cuda:   0%|          | 0/1000 [00:00<?, ?it/s]Training MLP on cuda:   0%|          | 1/1000 [00:08<2:14:11,  8.06s/it]Training MLP on cuda:   0%|          | 2/1000 [00:15<2:10:32,  7.85s/it]Training MLP on cuda:   0%|          | 3/1000 [00:23<2:10:08,  7.83s/it]Training MLP on cuda:   0%|          | 4/1000 [00:31<2:09:32,  7.80s/it]Training MLP on cuda:   0%|          | 5/1000 [00:39<2:09:32,  7.81s/it]Training MLP on cuda:   1%|          | 6/1000 [00:46<2:09:14,  7.80s/it]Training MLP on cuda:   1%|          | 7/1000 [00:54<2:09:21,  7.82s/it]Training MLP on cuda:   1%|          | 8/1000 [01:02<2:08:49,  7.79s/it]Training MLP on cuda:   1%|          | 9/1000 [01:10<2:08:55,  7.81s/it]Training MLP on cuda:   1%|          | 10/1000 [01:18<2:08:30,  7.79s/it]Training MLP on cuda:   1%|          | 11/1000 [01:25<2:08:30,  7.80s/it]Training MLP on cuda:   1%|          | 12/1000 [01:33<2:07:56,  7.77s/it]Training MLP on cuda:   1%|▏         | 13/1000 [01:41<2:07:56,  7.78s/it]Training MLP on cuda:   1%|▏         | 14/1000 [01:49<2:07:21,  7.75s/it]Training MLP on cuda:   2%|▏         | 15/1000 [01:56<2:07:25,  7.76s/it]Training MLP on cuda:   2%|▏         | 16/1000 [02:04<2:06:52,  7.74s/it]Training MLP on cuda:   2%|▏         | 17/1000 [02:12<2:06:53,  7.75s/it]Training MLP on cuda:   2%|▏         | 18/1000 [02:20<2:06:24,  7.72s/it]Training MLP on cuda:   2%|▏         | 19/1000 [02:27<2:06:47,  7.76s/it]Training MLP on cuda:   2%|▏         | 20/1000 [02:35<2:06:42,  7.76s/it]Training MLP on cuda:   2%|▏         | 21/1000 [02:43<2:07:05,  7.79s/it]Training MLP on cuda:   2%|▏         | 22/1000 [02:51<2:06:47,  7.78s/it]Training MLP on cuda:   2%|▏         | 23/1000 [02:59<2:07:06,  7.81s/it]Training MLP on cuda:   2%|▏         | 24/1000 [03:06<2:06:42,  7.79s/it]Training MLP on cuda:   2%|▎         | 25/1000 [03:14<2:06:56,  7.81s/it]Training MLP on cuda:   3%|▎         | 26/1000 [03:22<2:06:37,  7.80s/it]Training MLP on cuda:   3%|▎         | 27/1000 [03:30<2:06:47,  7.82s/it]Training MLP on cuda:   3%|▎         | 28/1000 [03:38<2:06:22,  7.80s/it]Training MLP on cuda:   3%|▎         | 29/1000 [03:45<2:06:29,  7.82s/it]Training MLP on cuda:   3%|▎         | 30/1000 [03:53<2:06:06,  7.80s/it]Training MLP on cuda:   3%|▎         | 31/1000 [04:01<2:06:12,  7.81s/it]Training MLP on cuda:   3%|▎         | 32/1000 [04:09<2:05:44,  7.79s/it]Training MLP on cuda:   3%|▎         | 33/1000 [04:17<2:05:46,  7.80s/it]Training MLP on cuda:   3%|▎         | 34/1000 [04:24<2:05:15,  7.78s/it]Training MLP on cuda:   4%|▎         | 35/1000 [04:32<2:05:15,  7.79s/it]Training MLP on cuda:   4%|▎         | 36/1000 [04:40<2:04:53,  7.77s/it]Training MLP on cuda:   4%|▎         | 37/1000 [04:48<2:04:59,  7.79s/it]Training MLP on cuda:   4%|▍         | 38/1000 [04:55<2:04:36,  7.77s/it]Training MLP on cuda:   4%|▍         | 39/1000 [05:03<2:04:51,  7.80s/it]Training MLP on cuda:   4%|▍         | 40/1000 [05:11<2:04:21,  7.77s/it]Training MLP on cuda:   4%|▍         | 41/1000 [05:19<2:04:27,  7.79s/it]Training MLP on cuda:   4%|▍         | 42/1000 [05:27<2:03:59,  7.77s/it]Training MLP on cuda:   4%|▍         | 43/1000 [05:34<2:04:09,  7.78s/it]Training MLP on cuda:   4%|▍         | 44/1000 [05:42<2:03:48,  7.77s/it]Training MLP on cuda:   4%|▍         | 45/1000 [05:50<2:04:04,  7.80s/it]Training MLP on cuda:   5%|▍         | 46/1000 [05:58<2:03:42,  7.78s/it]Training MLP on cuda:   5%|▍         | 47/1000 [06:06<2:03:49,  7.80s/it]Training MLP on cuda:   5%|▍         | 48/1000 [06:13<2:03:20,  7.77s/it]Training MLP on cuda:   5%|▍         | 49/1000 [06:21<2:03:30,  7.79s/it]Training MLP on cuda:   5%|▌         | 50/1000 [06:29<2:03:04,  7.77s/it]Training MLP on cuda:   5%|▌         | 51/1000 [06:37<2:03:09,  7.79s/it]Training MLP on cuda:   5%|▌         | 52/1000 [06:44<2:02:53,  7.78s/it]Training MLP on cuda:   5%|▌         | 53/1000 [06:52<2:03:04,  7.80s/it]Training MLP on cuda:   5%|▌         | 54/1000 [07:00<2:02:42,  7.78s/it]Training MLP on cuda:   6%|▌         | 55/1000 [07:08<2:02:51,  7.80s/it]Training MLP on cuda:   6%|▌         | 56/1000 [07:16<2:02:22,  7.78s/it]Training MLP on cuda:   6%|▌         | 57/1000 [07:23<2:02:31,  7.80s/it]Training MLP on cuda:   6%|▌         | 58/1000 [07:31<2:02:19,  7.79s/it]Training MLP on cuda:   6%|▌         | 59/1000 [07:39<2:02:31,  7.81s/it]Training MLP on cuda:   6%|▌         | 60/1000 [07:47<2:02:10,  7.80s/it]Training MLP on cuda:   6%|▌         | 61/1000 [07:55<2:02:18,  7.82s/it]Training MLP on cuda:   6%|▌         | 62/1000 [08:02<2:01:57,  7.80s/it]Training MLP on cuda:   6%|▋         | 63/1000 [08:10<2:02:09,  7.82s/it]Training MLP on cuda:   6%|▋         | 64/1000 [08:18<2:01:45,  7.81s/it]Training MLP on cuda:   6%|▋         | 65/1000 [08:26<2:01:58,  7.83s/it]Training MLP on cuda:   7%|▋         | 66/1000 [08:34<2:01:37,  7.81s/it]Training MLP on cuda:   7%|▋         | 67/1000 [08:42<2:01:39,  7.82s/it]Training MLP on cuda:   7%|▋         | 68/1000 [08:49<2:01:17,  7.81s/it]Training MLP on cuda:   7%|▋         | 69/1000 [08:57<2:01:28,  7.83s/it]Training MLP on cuda:   7%|▋         | 70/1000 [09:05<2:01:05,  7.81s/it]Training MLP on cuda:   7%|▋         | 71/1000 [09:13<2:01:23,  7.84s/it]Training MLP on cuda:   7%|▋         | 72/1000 [09:21<2:00:59,  7.82s/it]Training MLP on cuda:   7%|▋         | 73/1000 [09:29<2:01:10,  7.84s/it]Training MLP on cuda:   7%|▋         | 74/1000 [09:36<2:00:46,  7.83s/it]Training MLP on cuda:   8%|▊         | 75/1000 [09:44<2:00:46,  7.83s/it]Training MLP on cuda:   8%|▊         | 76/1000 [09:52<2:00:22,  7.82s/it]Training MLP on cuda:   8%|▊         | 77/1000 [10:00<2:00:34,  7.84s/it]Training MLP on cuda:   8%|▊         | 78/1000 [10:08<2:00:13,  7.82s/it]Training MLP on cuda:   8%|▊         | 79/1000 [10:16<2:00:24,  7.84s/it]Training MLP on cuda:   8%|▊         | 80/1000 [10:23<1:59:56,  7.82s/it]Training MLP on cuda:   8%|▊         | 81/1000 [10:31<2:00:03,  7.84s/it]Training MLP on cuda:   8%|▊         | 82/1000 [10:39<1:59:40,  7.82s/it]Training MLP on cuda:   8%|▊         | 83/1000 [10:47<1:59:42,  7.83s/it]Training MLP on cuda:   8%|▊         | 84/1000 [10:55<1:59:23,  7.82s/it]Training MLP on cuda:   8%|▊         | 85/1000 [11:03<1:59:32,  7.84s/it]Training MLP on cuda:   9%|▊         | 86/1000 [11:10<1:59:07,  7.82s/it]Training MLP on cuda:   9%|▊         | 87/1000 [11:18<1:59:15,  7.84s/it]Training MLP on cuda:   9%|▉         | 88/1000 [11:26<1:58:54,  7.82s/it]Training MLP on cuda:   9%|▉         | 89/1000 [11:34<1:59:00,  7.84s/it]Training MLP on cuda:   9%|▉         | 90/1000 [11:42<1:58:41,  7.83s/it]Training MLP on cuda:   9%|▉         | 91/1000 [11:50<1:58:45,  7.84s/it]Training MLP on cuda:   9%|▉         | 92/1000 [11:57<1:58:23,  7.82s/it]Training MLP on cuda:   9%|▉         | 93/1000 [12:05<1:58:32,  7.84s/it]Training MLP on cuda:   9%|▉         | 94/1000 [12:13<1:58:04,  7.82s/it]Training MLP on cuda:  10%|▉         | 95/1000 [12:21<1:58:04,  7.83s/it]Training MLP on cuda:  10%|▉         | 96/1000 [12:29<1:57:34,  7.80s/it]Training MLP on cuda:  10%|▉         | 97/1000 [12:36<1:57:37,  7.82s/it]Training MLP on cuda:  10%|▉         | 98/1000 [12:44<1:57:11,  7.79s/it]Training MLP on cuda:  10%|▉         | 99/1000 [12:52<1:57:12,  7.81s/it]Training MLP on cuda:  10%|█         | 100/1000 [13:00<1:56:46,  7.79s/it]Training MLP on cuda:  10%|█         | 101/1000 [13:08<1:56:53,  7.80s/it]Training MLP on cuda:  10%|█         | 102/1000 [13:15<1:56:37,  7.79s/it]Training MLP on cuda:  10%|█         | 103/1000 [13:23<1:56:47,  7.81s/it]Training MLP on cuda:  10%|█         | 104/1000 [13:31<1:56:22,  7.79s/it]Training MLP on cuda:  10%|█         | 105/1000 [13:39<1:56:25,  7.81s/it]Training MLP on cuda:  11%|█         | 106/1000 [13:47<1:55:57,  7.78s/it]Training MLP on cuda:  11%|█         | 107/1000 [13:54<1:56:00,  7.79s/it]Training MLP on cuda:  11%|█         | 108/1000 [14:02<1:55:39,  7.78s/it]Training MLP on cuda:  11%|█         | 109/1000 [14:10<1:55:48,  7.80s/it]Training MLP on cuda:  11%|█         | 110/1000 [14:18<1:55:25,  7.78s/it]Training MLP on cuda:  11%|█         | 111/1000 [14:25<1:55:32,  7.80s/it]Training MLP on cuda:  11%|█         | 112/1000 [14:33<1:55:06,  7.78s/it]Training MLP on cuda:  11%|█▏        | 113/1000 [14:41<1:55:11,  7.79s/it]Training MLP on cuda:  11%|█▏        | 114/1000 [14:49<1:54:54,  7.78s/it]Training MLP on cuda:  12%|█▏        | 115/1000 [14:57<1:54:57,  7.79s/it]Training MLP on cuda:  12%|█▏        | 116/1000 [15:04<1:54:42,  7.79s/it]Training MLP on cuda:  12%|█▏        | 117/1000 [15:12<1:54:45,  7.80s/it]Training MLP on cuda:  12%|█▏        | 118/1000 [15:20<1:54:29,  7.79s/it]Training MLP on cuda:  12%|█▏        | 119/1000 [15:28<1:54:34,  7.80s/it]Training MLP on cuda:  12%|█▏        | 120/1000 [15:36<1:54:08,  7.78s/it]Training MLP on cuda:  12%|█▏        | 121/1000 [15:43<1:54:16,  7.80s/it]Training MLP on cuda:  12%|█▏        | 122/1000 [15:51<1:53:54,  7.78s/it]Training MLP on cuda:  12%|█▏        | 123/1000 [15:59<1:53:57,  7.80s/it]Training MLP on cuda:  12%|█▏        | 124/1000 [16:07<1:53:36,  7.78s/it]Training MLP on cuda:  12%|█▎        | 125/1000 [16:15<1:53:41,  7.80s/it]Training MLP on cuda:  13%|█▎        | 126/1000 [16:22<1:53:21,  7.78s/it]Training MLP on cuda:  13%|█▎        | 127/1000 [16:30<1:53:31,  7.80s/it]Training MLP on cuda:  13%|█▎        | 128/1000 [16:38<1:53:03,  7.78s/it]Training MLP on cuda:  13%|█▎        | 129/1000 [16:46<1:53:17,  7.80s/it]Training MLP on cuda:  13%|█▎        | 130/1000 [16:53<1:52:53,  7.79s/it]Training MLP on cuda:  13%|█▎        | 131/1000 [17:01<1:52:50,  7.79s/it]Training MLP on cuda:  13%|█▎        | 132/1000 [17:09<1:52:28,  7.78s/it]Training MLP on cuda:  13%|█▎        | 133/1000 [17:17<1:52:39,  7.80s/it]Training MLP on cuda:  13%|█▎        | 134/1000 [17:25<1:52:20,  7.78s/it]Training MLP on cuda:  14%|█▎        | 135/1000 [17:32<1:52:32,  7.81s/it]Training MLP on cuda:  14%|█▎        | 136/1000 [17:40<1:52:02,  7.78s/it]Training MLP on cuda:  14%|█▎        | 137/1000 [17:48<1:52:12,  7.80s/it]Training MLP on cuda:  14%|█▍        | 138/1000 [17:56<1:51:49,  7.78s/it]Training MLP on cuda:  14%|█▍        | 139/1000 [18:04<1:51:52,  7.80s/it]Training MLP on cuda:  14%|█▍        | 140/1000 [18:11<1:51:29,  7.78s/it]Training MLP on cuda:  14%|█▍        | 141/1000 [18:19<1:51:40,  7.80s/it]Training MLP on cuda:  14%|█▍        | 142/1000 [18:27<1:51:20,  7.79s/it]Training MLP on cuda:  14%|█▍        | 143/1000 [18:35<1:51:28,  7.80s/it]Training MLP on cuda:  14%|█▍        | 144/1000 [18:43<1:51:04,  7.79s/it]Training MLP on cuda:  14%|█▍        | 145/1000 [18:50<1:51:09,  7.80s/it]Training MLP on cuda:  15%|█▍        | 146/1000 [18:58<1:50:43,  7.78s/it]Training MLP on cuda:  15%|█▍        | 147/1000 [19:06<1:50:44,  7.79s/it]Training MLP on cuda:  15%|█▍        | 148/1000 [19:14<1:50:28,  7.78s/it]Training MLP on cuda:  15%|█▍        | 149/1000 [19:22<1:50:36,  7.80s/it]Training MLP on cuda:  15%|█▌        | 150/1000 [19:29<1:50:12,  7.78s/it]Training MLP on cuda:  15%|█▌        | 151/1000 [19:37<1:50:36,  7.82s/it]Training MLP on cuda:  15%|█▌        | 152/1000 [19:45<1:50:04,  7.79s/it]Training MLP on cuda:  15%|█▌        | 153/1000 [19:53<1:50:10,  7.80s/it]Training MLP on cuda:  15%|█▌        | 154/1000 [20:00<1:49:44,  7.78s/it]Training MLP on cuda:  16%|█▌        | 155/1000 [20:08<1:49:49,  7.80s/it]Training MLP on cuda:  16%|█▌        | 156/1000 [20:16<1:49:27,  7.78s/it]Training MLP on cuda:  16%|█▌        | 157/1000 [20:24<1:49:33,  7.80s/it]Training MLP on cuda:  16%|█▌        | 158/1000 [20:32<1:49:07,  7.78s/it]Training MLP on cuda:  16%|█▌        | 159/1000 [20:39<1:49:13,  7.79s/it]Training MLP on cuda:  16%|█▌        | 160/1000 [20:47<1:48:48,  7.77s/it]Training MLP on cuda:  16%|█▌        | 161/1000 [20:55<1:49:00,  7.80s/it]Training MLP on cuda:  16%|█▌        | 162/1000 [21:03<1:48:36,  7.78s/it]Training MLP on cuda:  16%|█▋        | 163/1000 [21:11<1:48:39,  7.79s/it]Training MLP on cuda:  16%|█▋        | 164/1000 [21:18<1:48:20,  7.78s/it]Training MLP on cuda:  16%|█▋        | 165/1000 [21:26<1:48:27,  7.79s/it]Training MLP on cuda:  17%|█▋        | 166/1000 [21:34<1:48:07,  7.78s/it]Training MLP on cuda:  17%|█▋        | 167/1000 [21:42<1:48:19,  7.80s/it]Training MLP on cuda:  17%|█▋        | 168/1000 [21:49<1:47:51,  7.78s/it]Training MLP on cuda:  17%|█▋        | 169/1000 [21:57<1:48:03,  7.80s/it]Training MLP on cuda:  17%|█▋        | 170/1000 [22:05<1:47:39,  7.78s/it]Training MLP on cuda:  17%|█▋        | 171/1000 [22:13<1:47:38,  7.79s/it]Training MLP on cuda:  17%|█▋        | 172/1000 [22:21<1:47:15,  7.77s/it]Training MLP on cuda:  17%|█▋        | 173/1000 [22:28<1:47:21,  7.79s/it]Training MLP on cuda:  17%|█▋        | 174/1000 [22:36<1:47:08,  7.78s/it]Training MLP on cuda:  18%|█▊        | 175/1000 [22:44<1:47:17,  7.80s/it]Training MLP on cuda:  18%|█▊        | 176/1000 [22:52<1:46:54,  7.78s/it]Training MLP on cuda:  18%|█▊        | 177/1000 [23:00<1:46:58,  7.80s/it]Training MLP on cuda:  18%|█▊        | 178/1000 [23:07<1:46:37,  7.78s/it]Training MLP on cuda:  18%|█▊        | 179/1000 [23:15<1:46:37,  7.79s/it]Training MLP on cuda:  18%|█▊        | 180/1000 [23:23<1:46:21,  7.78s/it]Training MLP on cuda:  18%|█▊        | 181/1000 [23:31<1:46:26,  7.80s/it]Training MLP on cuda:  18%|█▊        | 182/1000 [23:39<1:46:10,  7.79s/it]Training MLP on cuda:  18%|█▊        | 183/1000 [23:46<1:46:15,  7.80s/it]Training MLP on cuda:  18%|█▊        | 184/1000 [23:54<1:45:51,  7.78s/it]Training MLP on cuda:  18%|█▊        | 185/1000 [24:02<1:45:51,  7.79s/it]Training MLP on cuda:  19%|█▊        | 186/1000 [24:10<1:45:26,  7.77s/it]Training MLP on cuda:  19%|█▊        | 187/1000 [24:17<1:45:35,  7.79s/it]Training MLP on cuda:  19%|█▉        | 188/1000 [24:25<1:45:14,  7.78s/it]Training MLP on cuda:  19%|█▉        | 189/1000 [24:33<1:45:18,  7.79s/it]Training MLP on cuda:  19%|█▉        | 190/1000 [24:41<1:44:57,  7.77s/it]Training MLP on cuda:  19%|█▉        | 191/1000 [24:49<1:45:06,  7.80s/it]Training MLP on cuda:  19%|█▉        | 192/1000 [24:56<1:44:45,  7.78s/it]Training MLP on cuda:  19%|█▉        | 193/1000 [25:04<1:44:56,  7.80s/it]Training MLP on cuda:  19%|█▉        | 194/1000 [25:12<1:44:29,  7.78s/it]Training MLP on cuda:  20%|█▉        | 195/1000 [25:20<1:44:29,  7.79s/it]Training MLP on cuda:  20%|█▉        | 196/1000 [25:28<1:44:12,  7.78s/it]Training MLP on cuda:  20%|█▉        | 197/1000 [25:35<1:44:17,  7.79s/it]Training MLP on cuda:  20%|█▉        | 198/1000 [25:43<1:43:56,  7.78s/it]Training MLP on cuda:  20%|█▉        | 199/1000 [25:51<1:44:07,  7.80s/it]Training MLP on cuda:  20%|██        | 200/1000 [25:59<1:43:46,  7.78s/it]Training MLP on cuda:  20%|██        | 201/1000 [26:07<1:43:53,  7.80s/it]Training MLP on cuda:  20%|██        | 202/1000 [26:14<1:43:31,  7.78s/it]Training MLP on cuda:  20%|██        | 203/1000 [26:22<1:43:31,  7.79s/it]Training MLP on cuda:  20%|██        | 204/1000 [26:30<1:43:13,  7.78s/it]Training MLP on cuda:  20%|██        | 205/1000 [26:38<1:43:15,  7.79s/it]Training MLP on cuda:  21%|██        | 206/1000 [26:45<1:43:01,  7.78s/it]Training MLP on cuda:  21%|██        | 207/1000 [26:53<1:43:08,  7.80s/it]Training MLP on cuda:  21%|██        | 208/1000 [27:01<1:42:45,  7.78s/it]Training MLP on cuda:  21%|██        | 209/1000 [27:09<1:42:49,  7.80s/it]Training MLP on cuda:  21%|██        | 210/1000 [27:17<1:42:29,  7.78s/it]Training MLP on cuda:  21%|██        | 211/1000 [27:24<1:42:30,  7.80s/it]Training MLP on cuda:  21%|██        | 212/1000 [27:32<1:42:10,  7.78s/it]Training MLP on cuda:  21%|██▏       | 213/1000 [27:40<1:42:18,  7.80s/it]Training MLP on cuda:  21%|██▏       | 214/1000 [27:48<1:41:58,  7.78s/it]Training MLP on cuda:  22%|██▏       | 215/1000 [27:56<1:42:06,  7.80s/it]Training MLP on cuda:  22%|██▏       | 216/1000 [28:03<1:41:43,  7.79s/it]Training MLP on cuda:  22%|██▏       | 217/1000 [28:11<1:41:46,  7.80s/it]Training MLP on cuda:  22%|██▏       | 218/1000 [28:19<1:41:24,  7.78s/it]Training MLP on cuda:  22%|██▏       | 219/1000 [28:27<1:41:30,  7.80s/it]Training MLP on cuda:  22%|██▏       | 220/1000 [28:35<1:41:15,  7.79s/it]Training MLP on cuda:  22%|██▏       | 221/1000 [28:42<1:41:19,  7.80s/it]Training MLP on cuda:  22%|██▏       | 222/1000 [28:50<1:40:54,  7.78s/it]Training MLP on cuda:  22%|██▏       | 223/1000 [28:58<1:41:03,  7.80s/it]Training MLP on cuda:  22%|██▏       | 224/1000 [29:06<1:40:39,  7.78s/it]Training MLP on cuda:  22%|██▎       | 225/1000 [29:14<1:40:42,  7.80s/it]Training MLP on cuda:  23%|██▎       | 226/1000 [29:21<1:40:22,  7.78s/it]Training MLP on cuda:  23%|██▎       | 227/1000 [29:29<1:40:26,  7.80s/it]Training MLP on cuda:  23%|██▎       | 228/1000 [29:37<1:40:09,  7.78s/it]Training MLP on cuda:  23%|██▎       | 229/1000 [29:45<1:40:13,  7.80s/it]Training MLP on cuda:  23%|██▎       | 230/1000 [29:52<1:39:52,  7.78s/it]Training MLP on cuda:  23%|██▎       | 231/1000 [30:00<1:39:58,  7.80s/it]Training MLP on cuda:  23%|██▎       | 232/1000 [30:08<1:39:36,  7.78s/it]Training MLP on cuda:  23%|██▎       | 233/1000 [30:16<1:39:42,  7.80s/it]Training MLP on cuda:  23%|██▎       | 234/1000 [30:24<1:39:19,  7.78s/it]Training MLP on cuda:  24%|██▎       | 235/1000 [30:31<1:39:22,  7.79s/it]Training MLP on cuda:  24%|██▎       | 236/1000 [30:39<1:39:05,  7.78s/it]Training MLP on cuda:  24%|██▎       | 237/1000 [30:47<1:39:11,  7.80s/it]Training MLP on cuda:  24%|██▍       | 238/1000 [30:55<1:38:53,  7.79s/it]Training MLP on cuda:  24%|██▍       | 239/1000 [31:03<1:39:00,  7.81s/it]Training MLP on cuda:  24%|██▍       | 240/1000 [31:10<1:38:37,  7.79s/it]Training MLP on cuda:  24%|██▍       | 241/1000 [31:18<1:38:43,  7.80s/it]Training MLP on cuda:  24%|██▍       | 242/1000 [31:26<1:38:19,  7.78s/it]Training MLP on cuda:  24%|██▍       | 243/1000 [31:34<1:38:19,  7.79s/it]Training MLP on cuda:  24%|██▍       | 244/1000 [31:42<1:38:01,  7.78s/it]Training MLP on cuda:  24%|██▍       | 245/1000 [31:49<1:38:11,  7.80s/it]Training MLP on cuda:  25%|██▍       | 246/1000 [31:57<1:37:51,  7.79s/it]Training MLP on cuda:  25%|██▍       | 247/1000 [32:05<1:38:00,  7.81s/it]Training MLP on cuda:  25%|██▍       | 248/1000 [32:13<1:37:34,  7.78s/it]Training MLP on cuda:  25%|██▍       | 249/1000 [32:21<1:37:38,  7.80s/it]Training MLP on cuda:  25%|██▌       | 250/1000 [32:28<1:37:20,  7.79s/it]Training MLP on cuda:  25%|██▌       | 251/1000 [32:36<1:37:21,  7.80s/it]Training MLP on cuda:  25%|██▌       | 252/1000 [32:44<1:36:59,  7.78s/it]Training MLP on cuda:  25%|██▌       | 253/1000 [32:52<1:37:06,  7.80s/it]Training MLP on cuda:  25%|██▌       | 254/1000 [32:59<1:36:44,  7.78s/it]Training MLP on cuda:  26%|██▌       | 255/1000 [33:07<1:36:48,  7.80s/it]Training MLP on cuda:  26%|██▌       | 256/1000 [33:15<1:36:25,  7.78s/it]Training MLP on cuda:  26%|██▌       | 257/1000 [33:23<1:36:28,  7.79s/it]Training MLP on cuda:  26%|██▌       | 258/1000 [33:31<1:36:11,  7.78s/it]Training MLP on cuda:  26%|██▌       | 259