[I 2025-05-13 16:56:52,118] Trial 99 finished with value: 0.5751799393395702 and parameters: {'threshold_scale_factor': 0.357227012979984}. Best is trial 21 with value: 0.5753914819086676.
Best hyperparameters: {'threshold_scale_factor': 0.3500509932184684}
Best optimized value: 0.5753914819086676
Running audit 1/1
Training a GAT target model on amazon-photo...
Training GAT on cuda:   0%|          | 0/400 [00:00<?, ?it/s]Training GAT on cuda:   3%|▎         | 13/400 [00:00<00:03, 127.16it/s]Training GAT on cuda:   6%|▋         | 26/400 [00:00<00:02, 128.16it/s]Training GAT on cuda:  10%|▉         | 39/400 [00:00<00:02, 128.72it/s]Training GAT on cuda:  13%|█▎        | 52/400 [00:00<00:02, 128.80it/s]Training GAT on cuda:  16%|█▋        | 65/400 [00:00<00:02, 128.84it/s]Training GAT on cuda:  20%|█▉        | 78/400 [00:00<00:02, 129.08it/s]Training GAT on cuda:  23%|██▎       | 91/400 [00:00<00:02, 128.99it/s]Training GAT on cuda:  26%|██▌       | 104/400 [00:00<00:02, 128.99it/s]Training GAT on cuda:  29%|██▉       | 117/400 [00:00<00:02, 129.12it/s]Training GAT on cuda:  32%|███▎      | 130/400 [00:01<00:02, 128.98it/s]Training GAT on cuda:  36%|███▌      | 143/400 [00:01<00:01, 129.02it/s]Training GAT on cuda:  39%|███▉      | 156/400 [00:01<00:01, 129.09it/s]Training GAT on cuda:  42%|████▏     | 169/400 [00:01<00:01, 129.09it/s]Training GAT on cuda:  46%|████▌     | 182/400 [00:01<00:01, 129.04it/s]Training GAT on cuda:  49%|████▉     | 195/400 [00:01<00:01, 129.06it/s]Training GAT on cuda:  52%|█████▏    | 208/400 [00:01<00:01, 129.10it/s]Training GAT on cuda:  55%|█████▌    | 221/400 [00:01<00:01, 129.03it/s]Training GAT on cuda:  58%|█████▊    | 234/400 [00:01<00:01, 129.01it/s]Training GAT on cuda:  62%|██████▏   | 247/400 [00:01<00:01, 129.14it/s]Training GAT on cuda:  65%|██████▌   | 260/400 [00:02<00:01, 129.10it/s]Training GAT on cuda:  68%|██████▊   | 273/400 [00:02<00:00, 129.02it/s]Training GAT on cuda:  72%|███████▏  | 286/400 [00:02<00:00, 129.15it/s]Training GAT on cuda:  75%|███████▍  | 299/400 [00:02<00:00, 128.94it/s]Training GAT on cuda:  78%|███████▊  | 312/400 [00:02<00:00, 128.92it/s]Training GAT on cuda:  81%|████████▏ | 325/400 [00:02<00:00, 129.06it/s]Training GAT on cuda:  84%|████████▍ | 338/400 [00:02<00:00, 129.01it/s]Training GAT on cuda:  88%|████████▊ | 351/400 [00:02<00:00, 128.99it/s]Training GAT on cuda:  91%|█████████ | 364/400 [00:02<00:00, 129.08it/s]Training GAT on cuda:  94%|█████████▍| 377/400 [00:02<00:00, 128.99it/s]Training GAT on cuda:  98%|█████████▊| 390/400 [00:03<00:00, 129.02it/s]Training GAT on cuda: 100%|██████████| 400/400 [00:03<00:00, 128.98it/s]
Train accuracy: 0.9969 | Test accuracy: 0.9226
Training MLP on cuda:   0%|          | 0/1000 [00:00<?, ?it/s]Training MLP on cuda:   0%|          | 1/1000 [00:08<2:18:44,  8.33s/it]Training MLP on cuda:   0%|          | 2/1000 [00:16<2:17:36,  8.27s/it]Training MLP on cuda:   0%|          | 3/1000 [00:24<2:17:49,  8.29s/it]Training MLP on cuda:   0%|          | 4/1000 [00:33<2:16:58,  8.25s/it]Training MLP on cuda:   0%|          | 5/1000 [00:41<2:17:15,  8.28s/it]Training MLP on cuda:   1%|          | 6/1000 [00:49<2:16:39,  8.25s/it]Training MLP on cuda:   1%|          | 7/1000 [00:57<2:16:52,  8.27s/it]Training MLP on cuda:   1%|          | 8/1000 [01:06<2:16:18,  8.24s/it]Training MLP on cuda:   1%|          | 9/1000 [01:14<2:16:31,  8.27s/it]Training MLP on cuda:   1%|          | 10/1000 [01:22<2:15:56,  8.24s/it]Training MLP on cuda:   1%|          | 11/1000 [01:30<2:16:19,  8.27s/it]Training MLP on cuda:   1%|          | 12/1000 [01:39<2:15:52,  8.25s/it]Training MLP on cuda:   1%|▏         | 13/1000 [01:47<2:16:00,  8.27s/it]Training MLP on cuda:   1%|▏         | 14/1000 [01:55<2:15:13,  8.23s/it]Training MLP on cuda:   2%|▏         | 15/1000 [02:03<2:15:16,  8.24s/it]Training MLP on cuda:   2%|▏         | 16/1000 [02:12<2:15:00,  8.23s/it]Training MLP on cuda:   2%|▏         | 17/1000 [02:20<2:14:51,  8.23s/it]Training MLP on cuda:   2%|▏         | 18/1000 [02:28<2:14:30,  8.22s/it]Training MLP on cuda:   2%|▏         | 19/1000 [02:36<2:14:43,  8.24s/it]Training MLP on cuda:   2%|▏         | 20/1000 [02:44<2:14:13,  8.22s/it]Training MLP on cuda:   2%|▏         | 21/1000 [02:53<2:14:21,  8.23s/it]Training MLP on cuda:   2%|▏         | 22/1000 [03:01<2:13:48,  8.21s/it]Training MLP on cuda:   2%|▏         | 23/1000 [03:09<2:14:09,  8.24s/it]Training MLP on cuda:   2%|▏         | 24/1000 [03:17<2:13:45,  8.22s/it]Training MLP on cuda:   2%|▎         | 25/1000 [03:26<2:14:01,  8.25s/it]Training MLP on cuda:   3%|▎         | 26/1000 [03:34<2:13:25,  8.22s/it]Training MLP on cuda:   3%|▎         | 27/1000 [03:42<2:13:37,  8.24s/it]Training MLP on cuda:   3%|▎         | 28/1000 [03:50<2:13:10,  8.22s/it]Training MLP on cuda:   3%|▎         | 29/1000 [03:59<2:13:14,  8.23s/it]Training MLP on cuda:   3%|▎         | 30/1000 [04:07<2:12:43,  8.21s/it]Training MLP on cuda:   3%|▎         | 31/1000 [04:15<2:13:10,  8.25s/it]Training MLP on cuda:   3%|▎         | 32/1000 [04:23<2:12:36,  8.22s/it]Training MLP on cuda:   3%|▎         | 33/1000 [04:31<2:12:50,  8.24s/it]Training MLP on cuda:   3%|▎         | 34/1000 [04:40<2:12:17,  8.22s/it]Training MLP on cuda:   4%|▎         | 35/1000 [04:48<2:12:20,  8.23s/it]Training MLP on cuda:   4%|▎         | 36/1000 [04:56<2:11:53,  8.21s/it]Training MLP on cuda:   4%|▎         | 37/1000 [05:04<2:12:02,  8.23s/it]Training MLP on cuda:   4%|▍         | 38/1000 [05:12<2:11:39,  8.21s/it]Training MLP on cuda:   4%|▍         | 39/1000 [05:21<2:11:59,  8.24s/it]Training MLP on cuda:   4%|▍         | 40/1000 [05:29<2:11:35,  8.22s/it]Training MLP on cuda:   4%|▍         | 41/1000 [05:37<2:11:45,  8.24s/it]Training MLP on cuda:   4%|▍         | 42/1000 [05:45<2:11:13,  8.22s/it]Training MLP on cuda:   4%|▍         | 43/1000 [05:54<2:11:14,  8.23s/it]Training MLP on cuda:   4%|▍         | 44/1000 [06:02<2:10:51,  8.21s/it]Training MLP on cuda:   4%|▍         | 45/1000 [06:10<2:10:56,  8.23s/it]Training MLP on cuda:   5%|▍         | 46/1000 [06:18<2:10:44,  8.22s/it]Training MLP on cuda:   5%|▍         | 47/1000 [06:27<2:10:59,  8.25s/it]Training MLP on cuda:   5%|▍         | 48/1000 [06:35<2:10:27,  8.22s/it]Training MLP on cuda:   5%|▍         | 49/1000 [06:43<2:10:47,  8.25s/it]Training MLP on cuda:   5%|▌         | 50/1000 [06:51<2:10:17,  8.23s/it]Training MLP on cuda:   5%|▌         | 51/1000 [07:00<2:10:18,  8.24s/it]Training MLP on cuda:   5%|▌         | 52/1000 [07:08<2:09:51,  8.22s/it]Training MLP on cuda:   5%|▌         | 53/1000 [07:16<2:10:07,  8.24s/it]Training MLP on cuda:   5%|▌         | 54/1000 [07:24<2:09:37,  8.22s/it]Training MLP on cuda:   6%|▌         | 55/1000 [07:33<2:10:01,  8.26s/it]Training MLP on cuda:   6%|▌         | 56/1000 [07:41<2:09:33,  8.23s/it]Training MLP on cuda:   6%|▌         | 57/1000 [07:49<2:09:49,  8.26s/it]Training MLP on cuda:   6%|▌         | 58/1000 [07:57<2:09:20,  8.24s/it]Training MLP on cuda:   6%|▌         | 59/1000 [08:05<2:09:13,  8.24s/it]Training MLP on cuda:   6%|▌         | 60/1000 [08:14<2:08:53,  8.23s/it]Training MLP on cuda:   6%|▌         | 61/1000 [08:22<2:09:01,  8.24s/it]Training MLP on cuda:   6%|▌         | 62/1000 [08:30<2:08:28,  8.22s/it]Training MLP on cuda:   6%|▋         | 63/1000 [08:38<2:08:45,  8.25s/it]Training MLP on cuda:   6%|▋         | 64/1000 [08:47<2:08:17,  8.22s/it]Training MLP on cuda:   6%|▋         | 65/1000 [08:55<2:08:30,  8.25s/it]Training MLP on cuda:   7%|▋         | 66/1000 [09:03<2:07:56,  8.22s/it]Training MLP on cuda:   7%|▋         | 67/1000 [09:11<2:07:59,  8.23s/it]Training MLP on cuda:   7%|▋         | 68/1000 [09:20<2:07:47,  8.23s/it]Training MLP on cuda:   7%|▋         | 69/1000 [09:28<2:08:01,  8.25s/it]Training MLP on cuda:   7%|▋         | 70/1000 [09:36<2:07:32,  8.23s/it]Training MLP on cuda:   7%|▋         | 71/1000 [09:44<2:07:48,  8.25s/it]Training MLP on cuda:   7%|▋         | 72/1000 [09:53<2:07:22,  8.24s/it]Training MLP on cuda:   7%|▋         | 73/1000 [10:01<2:09:03,  8.35s/it]Training MLP on cuda:   7%|▋         | 74/1000 [10:09<2:08:04,  8.30s/it]Training MLP on cuda:   8%|▊         | 75/1000 [10:18<2:08:05,  8.31s/it]Training MLP on cuda:   8%|▊         | 76/1000 [10:26<2:07:27,  8.28s/it]Training MLP on cuda:   8%|▊         | 77/1000 [10:34<2:07:32,  8.29s/it]Training MLP on cuda:   8%|▊         | 78/1000 [10:42<2:06:52,  8.26s/it]Training MLP on cuda:   8%|▊         | 79/1000 [10:51<2:06:59,  8.27s/it]Training MLP on cuda:   8%|▊         | 80/1000 [10:59<2:06:15,  8.23s/it]Training MLP on cuda:   8%|▊         | 81/1000 [11:07<2:06:21,  8.25s/it]Training MLP on cuda:   8%|▊         | 82/1000 [11:15<2:05:54,  8.23s/it]Training MLP on cuda:   8%|▊         | 83/1000 [11:24<2:05:49,  8.23s/it]Training MLP on cuda:   8%|▊         | 84/1000 [11:32<2:05:35,  8.23s/it]Training MLP on cuda:   8%|▊         | 85/1000 [11:40<2:06:00,  8.26s/it]Training MLP on cuda:   9%|▊         | 86/1000 [11:49<2:07:47,  8.39s/it]Training MLP on cuda:   9%|▊         | 87/1000 [11:57<2:07:14,  8.36s/it]Training MLP on cuda:   9%|▉         | 88/1000 [12:05<2:06:26,  8.32s/it]Training MLP on cuda:   9%|▉         | 89/1000 [12:14<2:06:15,  8.32s/it]Training MLP on cuda:   9%|▉         | 90/1000 [12:22<2:05:37,  8.28s/it]Training MLP on cuda:   9%|▉         | 91/1000 [12:30<2:05:29,  8.28s/it]Training MLP on cuda:   9%|▉         | 92/1000 [12:38<2:04:59,  8.26s/it]Training MLP on cuda:   9%|▉         | 93/1000 [12:47<2:04:57,  8.27s/it]Training MLP on cuda:   9%|▉         | 94/1000 [12:55<2:04:28,  8.24s/it]Training MLP on cuda:  10%|▉         | 95/1000 [13:03<2:04:30,  8.26s/it]Training MLP on cuda:  10%|▉         | 96/1000 [13:11<2:04:06,  8.24s/it]Training MLP on cuda:  10%|▉         | 97/1000 [13:20<2:04:27,  8.27s/it]Training MLP on cuda:  10%|▉         | 98/1000 [13:28<2:04:00,  8.25s/it]Training MLP on cuda:  10%|▉         | 99/1000 [13:36<2:03:55,  8.25s/it]Training MLP on cuda:  10%|█         | 100/1000 [13:44<2:03:31,  8.24s/it]Training MLP on cuda:  10%|█         | 101/1000 [13:53<2:03:33,  8.25s/it]Training MLP on cuda:  10%|█         | 102/1000 [14:01<2:03:16,  8.24s/it]Training MLP on cuda:  10%|█         | 103/1000 [14:09<2:03:15,  8.24s/it]Training MLP on cuda:  10%|█         | 104/1000 [14:17<2:03:00,  8.24s/it]Training MLP on cuda:  10%|█         | 105/1000 [14:26<2:03:09,  8.26s/it]Training MLP on cuda:  11%|█         | 106/1000 [14:34<2:02:32,  8.22s/it]Training MLP on cuda:  11%|█         | 107/1000 [14:42<2:02:44,  8.25s/it]Training MLP on cuda:  11%|█         | 108/1000 [14:50<2:02:12,  8.22s/it]Training MLP on cuda:  11%|█         | 109/1000 [14:58<2:02:23,  8.24s/it]Training MLP on cuda:  11%|█         | 110/1000 [15:07<2:02:03,  8.23s/it]Training MLP on cuda:  11%|█         | 111/1000 [15:15<2:02:02,  8.24s/it]Training MLP on cuda:  11%|█         | 112/1000 [15:23<2:02:51,  8.30s/it]Training MLP on cuda:  11%|█▏        | 113/1000 [15:32<2:02:41,  8.30s/it]Training MLP on cuda:  11%|█▏        | 114/1000 [15:40<2:02:00,  8.26s/it]Training MLP on cuda:  12%|█▏        | 115/1000 [15:48<2:02:03,  8.27s/it]Training MLP on cuda:  12%|█▏        | 116/1000 [15:56<2:01:41,  8.26s/it]Training MLP on cuda:  12%|█▏        | 117/1000 [16:05<2:01:35,  8.26s/it]Training MLP on cuda:  12%|█▏        | 118/1000 [16:13<2:01:13,  8.25s/it]Training MLP on cuda:  12%|█▏        | 119/1000 [16:21<2:01:27,  8.27s/it]Training MLP on cuda:  12%|█▏        | 120/1000 [16:29<2:01:00,  8.25s/it]Training MLP on cuda:  12%|█▏        | 121/1000 [16:38<2:01:03,  8.26s/it]Training MLP on cuda:  12%|█▏        | 122/1000 [16:46<2:00:34,  8.24s/it]Training MLP on cuda:  12%|█▏        | 123/1000 [16:54<2:00:44,  8.26s/it]Training MLP on cuda:  12%|█▏        | 124/1000 [17:02<2:00:28,  8.25s/it]Training MLP on cuda:  12%|█▎        | 125/1000 [17:11<2:00:32,  8.27s/it]Training MLP on cuda:  13%|█▎        | 126/1000 [17:19<2:00:03,  8.24s/it]Training MLP on cuda:  13%|█▎        | 127/1000 [17:27<2:00:14,  8.26s/it]Training MLP on cuda:  13%|█▎        | 128/1000 [17:35<1:59:51,  8.25s/it]Training MLP on cuda:  13%|█▎        | 129/1000 [17:44<1:59:52,  8.26s/it]Training MLP on cuda:  13%|█▎        | 130/1000 [17:52<1:59:19,  8.23s/it]Training MLP on cuda:  13%|█▎        | 131/1000 [18:00<1:59:29,  8.25s/it]Training MLP on cuda:  13%|█▎        | 132/1000 [18:08<1:59:16,  8.25s/it]Training MLP on cuda:  13%|█▎        | 133/1000 [18:17<1:59:17,  8.26s/it]Training MLP on cuda:  13%|█▎        | 134/1000 [18:25<1:59:03,  8.25s/it]Training MLP on cuda:  14%|█▎        | 135/1000 [18:33<1:59:15,  8.27s/it]Training MLP on cuda:  14%|█▎        | 136/1000 [18:41<1:58:45,  8.25s/it]Training MLP on cuda:  14%|█▎        | 137/1000 [18:50<1:58:50,  8.26s/it]Training MLP on cuda:  14%|█▍        | 138/1000 [18:58<1:58:19,  8.24s/it]Training MLP on cuda:  14%|█▍        | 139/1000 [19:06<1:58:31,  8.26s/it]Training MLP on cuda:  14%|█▍        | 140/1000 [19:14<1:58:00,  8.23s/it]Training MLP on cuda:  14%|█▍        | 141/1000 [19:23<1:58:18,  8.26s/it]Training MLP on cuda:  14%|█▍        | 142/1000 [19:31<1:57:53,  8.24s/it]Training MLP on cuda:  14%|█▍        | 143/1000 [19:39<1:58:02,  8.26s/it]Training MLP on cuda:  14%|█▍        | 144/1000 [19:47<1:57:38,  8.25s/it]Training MLP on cuda:  14%|█▍        | 145/1000 [19:56<1:57:44,  8.26s/it]Training MLP on cuda:  15%|█▍        | 146/1000 [20:04<1:57:16,  8.24s/it]Training MLP on cuda:  15%|█▍        | 147/1000 [20:12<1:57:18,  8.25s/it]Training MLP on cuda:  15%|█▍        | 148/1000 [20:20<1:56:59,  8.24s/it]Training MLP on cuda:  15%|█▍        | 149/1000 [20:29<1:57:08,  8.26s/it]Training MLP on cuda:  15%|█▌        | 150/1000 [20:37<1:56:54,  8.25s/it]Training MLP on cuda:  15%|█▌        | 151/1000 [20:45<1:57:03,  8.27s/it]Training MLP on cuda:  15%|█▌        | 152/1000 [20:53<1:56:23,  8.24s/it]Training MLP on cuda:  15%|█▌        | 153/1000 [21:02<1:56:30,  8.25s/it]Training MLP on cuda:  15%|█▌        | 154/1000 [21:10<1:55:54,  8.22s/it]Training MLP on cuda:  16%|█▌        | 155/1000 [21:18<1:56:14,  8.25s/it]Training MLP on cuda:  16%|█▌        | 156/1000 [21:26<1:55:50,  8.24s/it]Training MLP on cuda:  16%|█▌        | 157/1000 [21:35<1:56:14,  8.27s/it]Training MLP on cuda:  16%|█▌        | 158/1000 [21:43<1:55:47,  8.25s/it]Training MLP on cuda:  16%|█▌        | 159/1000 [21:51<1:56:04,  8.28s/it]Training MLP on cuda:  16%|█▌        | 160/1000 [21:59<1:55:41,  8.26s/it]Training MLP on cuda:  16%|█▌        | 161/1000 [22:08<1:57:37,  8.41s/it]Training MLP on cuda:  16%|█▌        | 162/1000 [22:16<1:56:30,  8.34s/it]Training MLP on cuda:  16%|█▋        | 163/1000 [22:25<1:56:22,  8.34s/it]Training MLP on cuda:  16%|█▋        | 164/1000 [22:33<1:55:37,  8.30s/it]Training MLP on cuda:  16%|█▋        | 165/1000 [22:41<1:55:25,  8.29s/it]Training MLP on cuda:  17%|█▋        | 166/1000 [22:49<1:55:03,  8.28s/it]Training MLP on cuda:  17%|█▋        | 167/1000 [22:58<1:55:09,  8.29s/it]Training MLP on cuda:  17%|█▋        | 168/1000 [23:06<1:54:40,  8.27s/it]Training MLP on cuda:  17%|█▋        | 169/1000 [23:15<1:56:46,  8.43s/it]Training MLP on cuda:  17%|█▋        | 170/1000 [23:23<1:55:44,  8.37s/it]Training MLP on cuda:  17%|█▋        | 171/1000 [23:31<1:55:15,  8.34s/it]Training MLP on cuda:  17%|█▋        | 172/1000 [23:40<1:54:40,  8.31s/it]Training MLP on cuda:  17%|█▋        | 173/1000 [23:48<1:54:37,  8.32s/it]Training MLP on cuda:  17%|█▋        | 174/1000 [23:56<1:53:56,  8.28s/it]Training MLP on cuda:  18%|█▊        | 175/1000 [24:04<1:53:54,  8.28s/it]Training MLP on cuda:  18%|█▊        | 176/1000 [24:13<1:53:25,  8.26s/it]Training MLP on cuda:  18%|█▊        | 177/1000 [24:21<1:54:41,  8.36s/it]Training MLP on cuda:  18%|█▊        | 178/1000 [24:29<1:53:55,  8.32s/it]Training MLP on cuda:  18%|█▊        | 179/1000 [24:38<1:53:48,  8.32s/it]Training MLP on cuda:  18%|█▊        | 180/1000 [24:46<1:53:10,  8.28s/it]Training MLP on cuda:  18%|█▊        | 181/1000 [24:54<1:53:07,  8.29s/it]Training MLP on cuda:  18%|█▊        | 182/1000 [25:02<1:52:43,  8.27s/it]Training MLP on cuda:  18%|█▊        | 183/1000 [25:11<1:52:51,  8.29s/it]Training MLP on cuda:  18%|█▊        | 184/1000 [25:19<1:52:25,  8.27s/it]Training MLP on cuda:  18%|█▊        | 185/1000 [25:27<1:52:34,  8.29s/it]Training MLP on cuda:  19%|█▊        | 186/1000 [25:36<1:52:10,  8.27s/it]Training MLP on cuda:  19%|█▊        | 187/1000 [25:44<1:52:09,  8.28s/it]Training MLP on cuda:  19%|█▉        | 188/1000 [25:52<1:51:48,  8.26s/it]Training MLP on cuda:  19%|█▉        | 189/1000 [26:00<1:52:06,  8.29s/it]Training MLP on cuda:  19%|█▉        | 190/1000 [26:09<1:52:29,  8.33s/it]Training MLP on cuda:  19%|█▉        | 191/1000 [26:17<1:52:23,  8.34s/it]Training MLP on cuda:  19%|█▉        | 192/1000 [26:25<1:51:47,  8.30s/it]Training MLP on cuda:  19%|█▉        | 193/1000 [26:34<1:51:49,  8.31s/it]Training MLP on cuda:  19%|█▉        | 194/1000 [26:42<1:51:15,  8.28s/it]Training MLP on cuda:  20%|█▉        | 195/1000 [26:50<1:51:05,  8.28s/it]Training MLP on cuda:  20%|█▉        | 196/1000 [26:58<1:50:38,  8.26s/it]Training MLP on cuda:  20%|█▉        | 197/1000 [27:07<1:50:43,  8.27s/it]Training MLP on cuda:  20%|█▉        | 198/1000 [27:15<1:50:28,  8.27s/it]Training MLP on cuda:  20%|█▉        | 199/1000 [27:23<1:50:42,  8.29s/it]Training MLP on cuda:  20%|██        | 200/1000 [27:32<1:50:06,  8.26s/it]Training MLP on cuda:  20%|██        | 201/1000 [27:40<1:50:24,  8.29s/it]Training MLP on cuda:  20%|██        | 202/1000 [27:48<1:49:49,  8.26s/it]Training MLP on cuda:  20%|██        | 203/1000 [27:56<1:49:46,  8.26s/it]Training MLP on cuda:  20%|██        | 204/1000 [28:05<1:49:27,  8.25s/it]Training MLP on cuda:  20%|██        | 205/1000 [28:13<1:49:32,  8.27s/it]Training MLP on cuda:  21%|██        | 206/1000 [28:21<1:49:14,  8.25s/it]Training MLP on cuda:  21%|██        | 207/1000 [28:29<1:49:24,  8.28s/it]Training MLP on cuda:  21%|██        | 208/1000 [28:38<1:48:57,  8.25s/it]Training MLP on cuda:  21%|██        | 209/1000 [28:46<1:49:05,  8.28s/it]Training MLP on cuda:  21%|██        | 210/1000 [28:54<1:48:35,  8.25s/it]Training MLP on cuda:  21%|██        | 211/1000 [29:03<1:50:59,  8.44s/it]Training MLP on cuda:  21%|██        | 212/1000 [29:11<1:49:56,  8.37s/it]Training MLP on cuda:  21%|██▏       | 213/1000 [29:20<1:49:34,  8.35s/it]Training MLP on cuda:  21%|██▏       | 214/1000 [29:28<1:48:53,  8.31s/it]Training MLP on cuda:  22%|██▏       | 215/1000 [29:36<1:48:54,  8.32s/it]Training MLP on cuda:  22%|██▏       | 216/1000 [29:44<1:48:13,  8.28s/it]Training MLP on cuda:  22%|██▏       | 217/1000 [29:53<1:48:12,  8.29s/it]Training MLP on cuda:  22%|██▏       | 218/1000 [30:01<1:47:42,  8.26s/it]Training MLP on cuda:  22%|██▏       | 219/1000 [30:09<1:48:24,  8.33s/it]Training MLP on cuda:  22%|██▏       | 220/1000 [30:17<1:47:45,  8.29s/it]Training MLP on cuda:  22%|██▏       | 221/1000 [30:26<1:47:50,  8.31s/it]Training MLP on cuda:  22%|██▏       | 222/1000 [30:34<1:47:17,  8.27s/it]Training MLP on cuda:  22%|██▏       | 223/1000 [30:42<1:47:15,  8.28s/it]Training MLP on cuda:  22%|██▏       | 224/1000 [30:51<1:46:42,  8.25s/it]Training MLP on cuda:  22%|██▎       | 225/1000 [30:59<1:46:30,  8.25s/it]Training MLP on cuda:  23%|██▎       | 226/1000 [31:07<1:45:59,  8.22s/it]Training MLP on cuda:  23%|██▎       | 227/1000 [31:15<1:45:58,  8.23s/it]Training MLP on cuda:  23%|██▎       | 228/1000 [31:23<1:45:36,  8.21s/it]Training MLP on cuda:  23%|██▎       | 229/1000 [31:32<1:45:33,  8.21s/it]Training MLP on cuda:  23%|██▎       | 230/1000 [31:40<1:45:15,  8.20s/it]Training MLP on cuda:  23%|██▎       | 231/1000 [31:48<1:45:10,  8.21s/it]Training MLP on cuda:  23%|██▎       | 232/1000 [31:56<1:44:35,  8.17s/it]Training MLP on cuda:  23%|██▎       | 233/1000 [32:04<1:44:49,  8.20s/it]Training MLP on cuda:  23%|██▎       | 234/1000 [32:12<1:44:28,  8.18s/it]Training MLP on cuda:  24%|██▎       | 235/1000 [32:21<1:44:31,  8.20s/it]Training MLP on cuda:  24%|██▎       | 236/1000 [32:29<1:44:16,  8.19s/it]Training MLP on cuda:  24%|██▎       | 237/1000 [32:37<1:44:23,  8.21s/it]Training MLP on cuda:  24%|██▍       | 238/1000 [32:45<1:43:59,  8.19s/it]Training MLP on cuda:  24%|██▍       | 239/1000 [32:53<1:43:58,  8.20s/it]Training MLP on cuda:  24%|██▍       | 240/1000 [33:02<1:43:36,  8.18s/it]Training MLP on cuda:  24%|██▍       | 241/1000 [33:10<1:43:36,  8.19s/it]Training MLP on cuda:  24%|██▍       | 242/1000 [33:18<1:43:01,  8.15s/it]Training MLP on cuda:  24%|██▍       | 243/1000 [33:26<1:43:14,  8.18s/it]Training MLP on cuda:  24%|██▍       | 244/1000 [33:34<1:43:00,  8.17s/it]Training MLP on cuda:  24%|██▍       | 245/1000 [33:43<1:43:11,  8.20s/it]Training MLP on cuda:  25%|██▍       | 246/1000 [33:51<1:42:52,  8.19s/it]Training MLP on cuda:  25%|██▍       | 247/1000 [33:59<1:42:56,  8.20s/it]Training MLP on cuda:  25%|██▍       | 248/1000 [34:07<1:42:34,  8.18s/it]Training MLP on cuda:  25%|██▍       | 249/1000 [34:15<1:42:26,  8.18s/it]Training MLP on cuda:  25%|██▌       | 250/1000 [34:23<1:41:58,  8.16s/it]Training MLP on cuda:  25%|██▌       | 251/1000 [34:32<1:42:07,  8.18s/it]Training MLP on cuda:  25%|██▌       | 252/1000 [34:40<1:41:49,  8.17s/it]Training MLP on cuda:  25%|██▌       | 253/1000 [34:48<1:41:53,  8.18s/it]Training MLP on cuda:  25%|██▌       | 254/1000 [34:56<1:41:25,  8.16s/it]Training MLP on cuda:  26%|██▌       | 255/1000 [35:04<1:41:33,  8.18s/it]Training MLP on cuda:  26%|██▌       | 256/1000 [35:12<1:41:06,  8.15s/it]Training MLP on cuda:  26%|██▌       | 257/1000 [35:21<1:41:17,  8.18s/it]Training MLP on cuda:  26%|██▌       | 