[I 2025-05-13 16:56:52,637] Trial 99 finished with value: 0.5663844162501602 and parameters: {'threshold_scale_factor': 0.4250790093204233}. Best is trial 14 with value: 0.5672250160194797.
Best hyperparameters: {'threshold_scale_factor': 0.44844067183967706}
Best optimized value: 0.5672250160194797
Running audit 1/1
Training a GAT target model on amazon-photo...
Training GAT on cuda:   0%|          | 0/400 [00:00<?, ?it/s]Training GAT on cuda:   3%|▎         | 13/400 [00:00<00:03, 127.88it/s]Training GAT on cuda:   6%|▋         | 26/400 [00:00<00:02, 128.65it/s]Training GAT on cuda:  10%|▉         | 39/400 [00:00<00:02, 129.01it/s]Training GAT on cuda:  13%|█▎        | 52/400 [00:00<00:02, 129.14it/s]Training GAT on cuda:  16%|█▋        | 65/400 [00:00<00:02, 129.25it/s]Training GAT on cuda:  20%|█▉        | 78/400 [00:00<00:02, 129.31it/s]Training GAT on cuda:  23%|██▎       | 91/400 [00:00<00:02, 129.30it/s]Training GAT on cuda:  26%|██▌       | 104/400 [00:00<00:02, 129.31it/s]Training GAT on cuda:  29%|██▉       | 117/400 [00:00<00:02, 129.32it/s]Training GAT on cuda:  32%|███▎      | 130/400 [00:01<00:02, 129.32it/s]Training GAT on cuda:  36%|███▌      | 143/400 [00:01<00:01, 129.31it/s]Training GAT on cuda:  39%|███▉      | 156/400 [00:01<00:01, 129.33it/s]Training GAT on cuda:  42%|████▏     | 169/400 [00:01<00:01, 129.36it/s]Training GAT on cuda:  46%|████▌     | 182/400 [00:01<00:01, 129.35it/s]Training GAT on cuda:  49%|████▉     | 195/400 [00:01<00:01, 129.37it/s]Training GAT on cuda:  52%|█████▏    | 208/400 [00:01<00:01, 129.35it/s]Training GAT on cuda:  55%|█████▌    | 221/400 [00:01<00:01, 129.36it/s]Training GAT on cuda:  58%|█████▊    | 234/400 [00:01<00:01, 129.37it/s]Training GAT on cuda:  62%|██████▏   | 247/400 [00:01<00:01, 129.35it/s]Training GAT on cuda:  65%|██████▌   | 260/400 [00:02<00:01, 129.35it/s]Training GAT on cuda:  68%|██████▊   | 273/400 [00:02<00:00, 129.33it/s]Training GAT on cuda:  72%|███████▏  | 286/400 [00:02<00:00, 129.36it/s]Training GAT on cuda:  75%|███████▍  | 299/400 [00:02<00:00, 129.34it/s]Training GAT on cuda:  78%|███████▊  | 312/400 [00:02<00:00, 129.29it/s]Training GAT on cuda:  81%|████████▏ | 325/400 [00:02<00:00, 129.27it/s]Training GAT on cuda:  84%|████████▍ | 338/400 [00:02<00:00, 129.31it/s]Training GAT on cuda:  88%|████████▊ | 351/400 [00:02<00:00, 129.29it/s]Training GAT on cuda:  91%|█████████ | 364/400 [00:02<00:00, 129.29it/s]Training GAT on cuda:  94%|█████████▍| 377/400 [00:02<00:00, 129.27it/s]Training GAT on cuda:  98%|█████████▊| 390/400 [00:03<00:00, 129.26it/s]Training GAT on cuda: 100%|██████████| 400/400 [00:03<00:00, 129.28it/s]
Train accuracy: 0.9956 | Test accuracy: 0.9001
Training MLP on cuda:   0%|          | 0/1000 [00:00<?, ?it/s]Training MLP on cuda:   0%|          | 1/1000 [00:08<2:18:51,  8.34s/it]Training MLP on cuda:   0%|          | 2/1000 [00:16<2:16:58,  8.24s/it]Training MLP on cuda:   0%|          | 3/1000 [00:24<2:17:00,  8.25s/it]Training MLP on cuda:   0%|          | 4/1000 [00:32<2:16:37,  8.23s/it]Training MLP on cuda:   0%|          | 5/1000 [00:41<2:16:59,  8.26s/it]Training MLP on cuda:   1%|          | 6/1000 [00:49<2:16:16,  8.23s/it]Training MLP on cuda:   1%|          | 7/1000 [00:57<2:16:37,  8.26s/it]Training MLP on cuda:   1%|          | 8/1000 [01:05<2:16:02,  8.23s/it]Training MLP on cuda:   1%|          | 9/1000 [01:14<2:16:11,  8.25s/it]Training MLP on cuda:   1%|          | 10/1000 [01:22<2:15:51,  8.23s/it]Training MLP on cuda:   1%|          | 11/1000 [01:30<2:15:55,  8.25s/it]Training MLP on cuda:   1%|          | 12/1000 [01:38<2:15:32,  8.23s/it]Training MLP on cuda:   1%|▏         | 13/1000 [01:47<2:15:59,  8.27s/it]Training MLP on cuda:   1%|▏         | 14/1000 [01:55<2:15:29,  8.25s/it]Training MLP on cuda:   2%|▏         | 15/1000 [02:03<2:15:20,  8.24s/it]Training MLP on cuda:   2%|▏         | 16/1000 [02:11<2:14:34,  8.21s/it]Training MLP on cuda:   2%|▏         | 17/1000 [02:19<2:14:26,  8.21s/it]Training MLP on cuda:   2%|▏         | 18/1000 [02:28<2:13:52,  8.18s/it]Training MLP on cuda:   2%|▏         | 19/1000 [02:36<2:14:03,  8.20s/it]Training MLP on cuda:   2%|▏         | 20/1000 [02:44<2:13:51,  8.20s/it]Training MLP on cuda:   2%|▏         | 21/1000 [02:52<2:14:05,  8.22s/it]Training MLP on cuda:   2%|▏         | 22/1000 [03:00<2:13:37,  8.20s/it]Training MLP on cuda:   2%|▏         | 23/1000 [03:09<2:14:01,  8.23s/it]Training MLP on cuda:   2%|▏         | 24/1000 [03:17<2:13:36,  8.21s/it]Training MLP on cuda:   2%|▎         | 25/1000 [03:25<2:13:47,  8.23s/it]Training MLP on cuda:   3%|▎         | 26/1000 [03:33<2:13:23,  8.22s/it]Training MLP on cuda:   3%|▎         | 27/1000 [03:42<2:13:32,  8.23s/it]Training MLP on cuda:   3%|▎         | 28/1000 [03:50<2:13:04,  8.21s/it]Training MLP on cuda:   3%|▎         | 29/1000 [03:58<2:13:23,  8.24s/it]Training MLP on cuda:   3%|▎         | 30/1000 [04:06<2:13:00,  8.23s/it]Training MLP on cuda:   3%|▎         | 31/1000 [04:15<2:13:09,  8.25s/it]Training MLP on cuda:   3%|▎         | 32/1000 [04:23<2:12:40,  8.22s/it]Training MLP on cuda:   3%|▎         | 33/1000 [04:31<2:12:43,  8.23s/it]Training MLP on cuda:   3%|▎         | 34/1000 [04:39<2:12:07,  8.21s/it]Training MLP on cuda:   4%|▎         | 35/1000 [04:48<2:12:24,  8.23s/it]Training MLP on cuda:   4%|▎         | 36/1000 [04:56<2:12:03,  8.22s/it]Training MLP on cuda:   4%|▎         | 37/1000 [05:04<2:12:14,  8.24s/it]Training MLP on cuda:   4%|▍         | 38/1000 [05:12<2:11:51,  8.22s/it]Training MLP on cuda:   4%|▍         | 39/1000 [05:20<2:12:01,  8.24s/it]Training MLP on cuda:   4%|▍         | 40/1000 [05:29<2:11:34,  8.22s/it]Training MLP on cuda:   4%|▍         | 41/1000 [05:37<2:11:47,  8.25s/it]Training MLP on cuda:   4%|▍         | 42/1000 [05:45<2:11:17,  8.22s/it]Training MLP on cuda:   4%|▍         | 43/1000 [05:53<2:11:10,  8.22s/it]Training MLP on cuda:   4%|▍         | 44/1000 [06:02<2:10:47,  8.21s/it]Training MLP on cuda:   4%|▍         | 45/1000 [06:10<2:11:07,  8.24s/it]Training MLP on cuda:   5%|▍         | 46/1000 [06:18<2:10:40,  8.22s/it]Training MLP on cuda:   5%|▍         | 47/1000 [06:26<2:10:49,  8.24s/it]Training MLP on cuda:   5%|▍         | 48/1000 [06:34<2:10:20,  8.21s/it]Training MLP on cuda:   5%|▍         | 49/1000 [06:43<2:10:39,  8.24s/it]Training MLP on cuda:   5%|▌         | 50/1000 [06:51<2:10:14,  8.23s/it]Training MLP on cuda:   5%|▌         | 51/1000 [06:59<2:10:24,  8.24s/it]Training MLP on cuda:   5%|▌         | 52/1000 [07:07<2:10:14,  8.24s/it]Training MLP on cuda:   5%|▌         | 53/1000 [07:16<2:10:20,  8.26s/it]Training MLP on cuda:   5%|▌         | 54/1000 [07:24<2:09:56,  8.24s/it]Training MLP on cuda:   6%|▌         | 55/1000 [07:32<2:10:06,  8.26s/it]Training MLP on cuda:   6%|▌         | 56/1000 [07:40<2:09:39,  8.24s/it]Training MLP on cuda:   6%|▌         | 57/1000 [07:49<2:09:45,  8.26s/it]Training MLP on cuda:   6%|▌         | 58/1000 [07:57<2:09:23,  8.24s/it]Training MLP on cuda:   6%|▌         | 59/1000 [08:05<2:09:26,  8.25s/it]Training MLP on cuda:   6%|▌         | 60/1000 [08:13<2:08:58,  8.23s/it]Training MLP on cuda:   6%|▌         | 61/1000 [08:22<2:09:12,  8.26s/it]Training MLP on cuda:   6%|▌         | 62/1000 [08:30<2:08:45,  8.24s/it]Training MLP on cuda:   6%|▋         | 63/1000 [08:38<2:08:57,  8.26s/it]Training MLP on cuda:   6%|▋         | 64/1000 [08:46<2:08:29,  8.24s/it]Training MLP on cuda:   6%|▋         | 65/1000 [08:55<2:08:45,  8.26s/it]Training MLP on cuda:   7%|▋         | 66/1000 [09:03<2:08:13,  8.24s/it]Training MLP on cuda:   7%|▋         | 67/1000 [09:11<2:08:13,  8.25s/it]Training MLP on cuda:   7%|▋         | 68/1000 [09:19<2:07:51,  8.23s/it]Training MLP on cuda:   7%|▋         | 69/1000 [09:28<2:07:56,  8.25s/it]Training MLP on cuda:   7%|▋         | 70/1000 [09:36<2:07:27,  8.22s/it]Training MLP on cuda:   7%|▋         | 71/1000 [09:44<2:07:48,  8.25s/it]Training MLP on cuda:   7%|▋         | 72/1000 [09:52<2:07:24,  8.24s/it]Training MLP on cuda:   7%|▋         | 73/1000 [10:01<2:07:30,  8.25s/it]Training MLP on cuda:   7%|▋         | 74/1000 [10:09<2:06:56,  8.23s/it]Training MLP on cuda:   8%|▊         | 75/1000 [10:17<2:07:04,  8.24s/it]Training MLP on cuda:   8%|▊         | 76/1000 [10:25<2:06:41,  8.23s/it]Training MLP on cuda:   8%|▊         | 77/1000 [10:34<2:06:50,  8.25s/it]Training MLP on cuda:   8%|▊         | 78/1000 [10:42<2:06:31,  8.23s/it]Training MLP on cuda:   8%|▊         | 79/1000 [10:50<2:06:53,  8.27s/it]Training MLP on cuda:   8%|▊         | 80/1000 [10:58<2:06:22,  8.24s/it]Training MLP on cuda:   8%|▊         | 81/1000 [11:07<2:06:25,  8.25s/it]Training MLP on cuda:   8%|▊         | 82/1000 [11:15<2:05:45,  8.22s/it]Training MLP on cuda:   8%|▊         | 83/1000 [11:23<2:05:46,  8.23s/it]Training MLP on cuda:   8%|▊         | 84/1000 [11:31<2:05:18,  8.21s/it]Training MLP on cuda:   8%|▊         | 85/1000 [11:39<2:05:12,  8.21s/it]Training MLP on cuda:   9%|▊         | 86/1000 [11:48<2:06:42,  8.32s/it]Training MLP on cuda:   9%|▊         | 87/1000 [11:56<2:06:20,  8.30s/it]Training MLP on cuda:   9%|▉         | 88/1000 [12:04<2:05:09,  8.23s/it]Training MLP on cuda:   9%|▉         | 89/1000 [12:12<2:04:50,  8.22s/it]Training MLP on cuda:   9%|▉         | 90/1000 [12:21<2:04:03,  8.18s/it]Training MLP on cuda:   9%|▉         | 91/1000 [12:29<2:03:46,  8.17s/it]Training MLP on cuda:   9%|▉         | 92/1000 [12:37<2:03:01,  8.13s/it]Training MLP on cuda:   9%|▉         | 93/1000 [12:45<2:03:17,  8.16s/it]Training MLP on cuda:   9%|▉         | 94/1000 [12:53<2:02:53,  8.14s/it]Training MLP on cuda:  10%|▉         | 95/1000 [13:01<2:03:02,  8.16s/it]Training MLP on cuda:  10%|▉         | 96/1000 [13:09<2:02:32,  8.13s/it]Training MLP on cuda:  10%|▉         | 97/1000 [13:17<2:02:32,  8.14s/it]Training MLP on cuda:  10%|▉         | 98/1000 [13:25<2:01:52,  8.11s/it]Training MLP on cuda:  10%|▉         | 99/1000 [13:34<2:01:53,  8.12s/it]Training MLP on cuda:  10%|█         | 100/1000 [13:42<2:01:28,  8.10s/it]Training MLP on cuda:  10%|█         | 101/1000 [13:50<2:01:42,  8.12s/it]Training MLP on cuda:  10%|█         | 102/1000 [13:58<2:01:24,  8.11s/it]Training MLP on cuda:  10%|█         | 103/1000 [14:06<2:01:33,  8.13s/it]Training MLP on cuda:  10%|█         | 104/1000 [14:14<2:00:55,  8.10s/it]Training MLP on cuda:  10%|█         | 105/1000 [14:22<2:00:56,  8.11s/it]Training MLP on cuda:  11%|█         | 106/1000 [14:30<2:00:33,  8.09s/it]Training MLP on cuda:  11%|█         | 107/1000 [14:38<2:00:40,  8.11s/it]Training MLP on cuda:  11%|█         | 108/1000 [14:47<2:00:10,  8.08s/it]Training MLP on cuda:  11%|█         | 109/1000 [14:55<2:00:20,  8.10s/it]Training MLP on cuda:  11%|█         | 110/1000 [15:03<1:59:52,  8.08s/it]Training MLP on cuda:  11%|█         | 111/1000 [15:11<1:59:48,  8.09s/it]Training MLP on cuda:  11%|█         | 112/1000 [15:19<1:59:25,  8.07s/it]Training MLP on cuda:  11%|█▏        | 113/1000 [15:27<1:59:30,  8.08s/it]Training MLP on cuda:  11%|█▏        | 114/1000 [15:35<1:59:06,  8.07s/it]Training MLP on cuda:  12%|█▏        | 115/1000 [15:43<1:59:20,  8.09s/it]Training MLP on cuda:  12%|█▏        | 116/1000 [15:51<1:58:47,  8.06s/it]Training MLP on cuda:  12%|█▏        | 117/1000 [15:59<1:59:06,  8.09s/it]Training MLP on cuda:  12%|█▏        | 118/1000 [16:07<1:58:45,  8.08s/it]Training MLP on cuda:  12%|█▏        | 119/1000 [16:15<1:58:50,  8.09s/it]Training MLP on cuda:  12%|█▏        | 120/1000 [16:23<1:58:27,  8.08s/it]Training MLP on cuda:  12%|█▏        | 121/1000 [16:32<1:58:45,  8.11s/it]Training MLP on cuda:  12%|█▏        | 122/1000 [16:40<1:58:18,  8.09s/it]Training MLP on cuda:  12%|█▏        | 123/1000 [16:48<1:58:26,  8.10s/it]Training MLP on cuda:  12%|█▏        | 124/1000 [16:56<1:58:02,  8.08s/it]Training MLP on cuda:  12%|█▎        | 125/1000 [17:04<1:58:11,  8.10s/it]Training MLP on cuda:  13%|█▎        | 126/1000 [17:12<1:57:46,  8.08s/it]Training MLP on cuda:  13%|█▎        | 127/1000 [17:20<1:57:52,  8.10s/it]Training MLP on cuda:  13%|█▎        | 128/1000 [17:28<1:57:35,  8.09s/it]Training MLP on cuda:  13%|█▎        | 129/1000 [17:36<1:57:44,  8.11s/it]Training MLP on cuda:  13%|█▎        | 130/1000 [17:44<1:57:17,  8.09s/it]Training MLP on cuda:  13%|█▎        | 131/1000 [17:53<1:57:16,  8.10s/it]Training MLP on cuda:  13%|█▎        | 132/1000 [18:01<1:56:49,  8.08s/it]Training MLP on cuda:  13%|█▎        | 133/1000 [18:09<1:56:58,  8.10s/it]Training MLP on cuda:  13%|█▎        | 134/1000 [18:17<1:56:34,  8.08s/it]Training MLP on cuda:  14%|█▎        | 135/1000 [18:25<1:56:49,  8.10s/it]Training MLP on cuda:  14%|█▎        | 136/1000 [18:33<1:56:24,  8.08s/it]Training MLP on cuda:  14%|█▎        | 137/1000 [18:41<1:56:30,  8.10s/it]Training MLP on cuda:  14%|█▍        | 138/1000 [18:49<1:56:03,  8.08s/it]Training MLP on cuda:  14%|█▍        | 139/1000 [18:57<1:55:56,  8.08s/it]Training MLP on cuda:  14%|█▍        | 140/1000 [19:05<1:55:44,  8.07s/it]Training MLP on cuda:  14%|█▍        | 141/1000 [19:13<1:55:55,  8.10s/it]Training MLP on cuda:  14%|█▍        | 142/1000 [19:21<1:55:32,  8.08s/it]Training MLP on cuda:  14%|█▍        | 143/1000 [19:30<1:55:38,  8.10s/it]Training MLP on cuda:  14%|█▍        | 144/1000 [19:38<1:54:58,  8.06s/it]Training MLP on cuda:  14%|█▍        | 145/1000 [19:46<1:55:04,  8.08s/it]Training MLP on cuda:  15%|█▍        | 146/1000 [19:54<1:54:26,  8.04s/it]Training MLP on cuda:  15%|█▍        | 147/1000 [20:02<1:54:13,  8.03s/it]Training MLP on cuda:  15%|█▍        | 148/1000 [20:10<1:53:55,  8.02s/it]Training MLP on cuda:  15%|█▍        | 149/1000 [20:18<1:54:00,  8.04s/it]Training MLP on cuda:  15%|█▌        | 150/1000 [20:26<1:53:30,  8.01s/it]Training MLP on cuda:  15%|█▌        | 151/1000 [20:34<1:53:34,  8.03s/it]Training MLP on cuda:  15%|█▌        | 152/1000 [20:42<1:53:04,  8.00s/it]Training MLP on cuda:  15%|█▌        | 153/1000 [20:50<1:53:23,  8.03s/it]Training MLP on cuda:  15%|█▌        | 154/1000 [20:58<1:53:01,  8.02s/it]Training MLP on cuda:  16%|█▌        | 155/1000 [21:06<1:52:56,  8.02s/it]Training MLP on cuda:  16%|█▌        | 156/1000 [21:14<1:52:48,  8.02s/it]Training MLP on cuda:  16%|█▌        | 157/1000 [21:22<1:52:52,  8.03s/it]Training MLP on cuda:  16%|█▌        | 158/1000 [21:30<1:52:35,  8.02s/it]Training MLP on cuda:  16%|█▌        | 159/1000 [21:38<1:52:39,  8.04s/it]Training MLP on cuda:  16%|█▌        | 160/1000 [21:46<1:52:08,  8.01s/it]Training MLP on cuda:  16%|█▌        | 161/1000 [21:54<1:52:21,  8.04s/it]Training MLP on cuda:  16%|█▌        | 162/1000 [22:02<1:52:01,  8.02s/it]Training MLP on cuda:  16%|█▋        | 163/1000 [22:10<1:52:10,  8.04s/it]Training MLP on cuda:  16%|█▋        | 164/1000 [22:18<1:51:44,  8.02s/it]Training MLP on cuda:  16%|█▋        | 165/1000 [22:26<1:51:53,  8.04s/it]Training MLP on cuda:  17%|█▋        | 166/1000 [22:34<1:51:41,  8.04s/it]Training MLP on cuda:  17%|█▋        | 167/1000 [22:42<1:51:42,  8.05s/it]Training MLP on cuda:  17%|█▋        | 168/1000 [22:50<1:51:14,  8.02s/it]Training MLP on cuda:  17%|█▋        | 169/1000 [22:58<1:51:23,  8.04s/it]Training MLP on cuda:  17%|█▋        | 170/1000 [23:06<1:50:59,  8.02s/it]Training MLP on cuda:  17%|█▋        | 171/1000 [23:14<1:51:13,  8.05s/it]Training MLP on cuda:  17%|█▋        | 172/1000 [23:22<1:50:45,  8.03s/it]Training MLP on cuda:  17%|█▋        | 173/1000 [23:30<1:50:56,  8.05s/it]Training MLP on cuda:  17%|█▋        | 174/1000 [23:38<1:50:29,  8.03s/it]Training MLP on cuda:  18%|█▊        | 175/1000 [23:47<1:50:38,  8.05s/it]Training MLP on cuda:  18%|█▊        | 176/1000 [23:54<1:50:09,  8.02s/it]Training MLP on cuda:  18%|█▊        | 177/1000 [24:03<1:50:15,  8.04s/it]Training MLP on cuda:  18%|█▊        | 178/1000 [24:11<1:49:46,  8.01s/it]Training MLP on cuda:  18%|█▊        | 179/1000 [24:19<1:49:59,  8.04s/it]Training MLP on cuda:  18%|█▊        | 180/1000 [24:27<1:49:48,  8.03s/it]Training MLP on cuda:  18%|█▊        | 181/1000 [24:35<1:49:57,  8.06s/it]Training MLP on cuda:  18%|█▊        | 182/1000 [24:43<1:49:36,  8.04s/it]Training MLP on cuda:  18%|█▊        | 183/1000 [24:51<1:49:34,  8.05s/it]Training MLP on cuda:  18%|█▊        | 184/1000 [24:59<1:49:06,  8.02s/it]Training MLP on cuda:  18%|█▊        | 185/1000 [25:07<1:49:15,  8.04s/it]Training MLP on cuda:  19%|█▊        | 186/1000 [25:15<1:48:59,  8.03s/it]Training MLP on cuda:  19%|█▊        | 187/1000 [25:23<1:48:56,  8.04s/it]Training MLP on cuda:  19%|█▉        | 188/1000 [25:31<1:48:38,  8.03s/it]Training MLP on cuda:  19%|█▉        | 189/1000 [25:39<1:48:37,  8.04s/it]Training MLP on cuda:  19%|█▉        | 190/1000 [25:47<1:48:18,  8.02s/it]Training MLP on cuda:  19%|█▉        | 191/1000 [25:55<1:48:24,  8.04s/it]Training MLP on cuda:  19%|█▉        | 192/1000 [26:03<1:47:55,  8.01s/it]Training MLP on cuda:  19%|█▉        | 193/1000 [26:11<1:47:56,  8.03s/it]Training MLP on cuda:  19%|█▉        | 194/1000 [26:19<1:47:36,  8.01s/it]Training MLP on cuda:  20%|█▉        | 195/1000 [26:27<1:47:49,  8.04s/it]Training MLP on cuda:  20%|█▉        | 196/1000 [26:35<1:47:32,  8.02s/it]Training MLP on cuda:  20%|█▉        | 197/1000 [26:43<1:47:47,  8.05s/it]Training MLP on cuda:  20%|█▉        | 198/1000 [26:51<1:47:27,  8.04s/it]Training MLP on cuda:  20%|█▉        | 199/1000 [26:59<1:47:27,  8.05s/it]Training MLP on cuda:  20%|██        | 200/1000 [27:07<1:46:59,  8.02s/it]Training MLP on cuda:  20%|██        | 201/1000 [27:15<1:47:00,  8.04s/it]Training MLP on cuda:  20%|██        | 202/1000 [27:23<1:46:40,  8.02s/it]Training MLP on cuda:  20%|██        | 203/1000 [27:31<1:46:56,  8.05s/it]Training MLP on cuda:  20%|██        | 204/1000 [27:39<1:46:34,  8.03s/it]Training MLP on cuda:  20%|██        | 205/1000 [27:48<1:46:49,  8.06s/it]Training MLP on cuda:  21%|██        | 206/1000 [27:56<1:46:24,  8.04s/it]Training MLP on cuda:  21%|██        | 207/1000 [28:04<1:46:20,  8.05s/it]Training MLP on cuda:  21%|██        | 208/1000 [28:12<1:45:58,  8.03s/it]Training MLP on cuda:  21%|██        | 209/1000 [28:20<1:46:03,  8.04s/it]Training MLP on cuda:  21%|██        | 210/1000 [28:28<1:45:42,  8.03s/it]Training MLP on cuda:  21%|██        | 211/1000 [28:36<1:45:48,  8.05s/it]Training MLP on cuda:  21%|██        | 212/1000 [28:44<1:45:28,  8.03s/it]Training MLP on cuda:  21%|██▏       | 213/1000 [28:52<1:45:34,  8.05s/it]Training MLP on cuda:  21%|██▏       | 214/1000 [29:00<1:45:02,  8.02s/it]Training MLP on cuda:  22%|██▏       | 215/1000 [29:08<1:45:02,  8.03s/it]Training MLP on cuda:  22%|██▏       | 216/1000 [29:16<1:44:54,  8.03s/it]Training MLP on cuda:  22%|██▏       | 217/1000 [29:24<1:44:59,  8.05s/it]Training MLP on cuda:  22%|██▏       | 218/1000 [29:32<1:44:33,  8.02s/it]Training MLP on cuda:  22%|██▏       | 219/1000 [29:40<1:44:36,  8.04s/it]Training MLP on cuda:  22%|██▏       | 220/1000 [29:48<1:44:14,  8.02s/it]Training MLP on cuda:  22%|██▏       | 221/1000 [29:56<1:44:13,  8.03s/it]Training MLP on cuda:  22%|██▏       | 222/1000 [30:04<1:43:56,  8.02s/it]Training MLP on cuda:  22%|██▏       | 223/1000 [30:12<1:44:09,  8.04s/it]Training MLP on cuda:  22%|██▏       | 224/1000 [30:20<1:43:46,  8.02s/it]Training MLP on cuda:  22%|██▎       | 225/1000 [30:28<1:44:03,  8.06s/it]Training MLP on cuda:  23%|██▎       | 226/1000 [30:36<1:43:36,  8.03s/it]Training MLP on cuda:  23%|██▎       | 227/1000 [30:44<1:43:31,  8.04s/it]Training MLP on cuda:  23%|██▎       | 228/1000 [30:52<1:43:14,  8.02s/it]Training MLP on cuda:  23%|██▎       | 229/1000 [31:00<1:43:19,  8.04s/it]Training MLP on cuda:  23%|██▎       | 230/1000 [31:08<1:42:59,  8.03s/it]Training MLP on cuda:  23%|██▎       | 231/1000 [31:16<1:42:56,  8.03s/it]Training MLP on cuda:  23%|██▎       | 232/1000 [31:24<1:42:24,  8.00s/it]Training MLP on cuda:  23%|██▎       | 233/1000 [31:32<1:42:32,  8.02s/it]Training MLP on cuda:  23%|██▎       | 234/1000 [31:40<1:42:10,  8.00s/it]Training MLP on cuda:  24%|██▎       | 235/1000 [31:48<1:42:20,  8.03s/it]Training MLP on cuda:  24%|██▎       | 236/1000 [31:56<1:41:57,  8.01s/it]Training MLP on cuda:  24%|██▎       | 237/1000 [32:04<1:41:54,  8.01s/it]Training MLP on cuda:  24%|██▍       | 238/1000 [32:12<1:41:43,  8.01s/it]Training MLP on cuda:  24%|██▍       | 239/1000 [32:20<1:41:44,  8.02s/it]Training MLP on cuda:  24%|██▍       | 240/1000 [32:28<1:41:18,  8.00s/it]Training MLP on cuda:  24%|██▍       | 241/1000 [32:36<1:41:22,  8.01s/it]Training MLP on cuda:  24%|██▍       | 242/1000 [32:44<1:41:04,  8.00s/it]Training MLP on cuda:  24%|██▍       | 243/1000 [32:53<1:41:14,  8.02s/it]Training MLP on cuda:  24%|██▍       | 244/1000 [33:00<1:40:45,  8.00s/it]Training MLP on cuda:  24%|██▍       | 245/1000 [33:09<1:40:51,  8.02s/it]Training MLP on cuda:  25%|██▍       | 246/1000 [33:17<1:40:36,  8.01s/it]Training MLP on cuda:  25%|██▍       | 247/1000 [33:25<1:40:40,  8.02s/it]Training MLP on cuda:  25%|██▍       | 248/1000 [33:33<1:40:21,  8.01s/it]Training MLP on cuda:  25%|██▍       | 249/1000 [33:41<1:40:30,  8.03s/it]Training MLP on cuda:  25%|██▌       | 250/1000 [33:49<1:40:09,  8.01s/it]Training MLP on cuda:  25%|██▌       | 251/1000 [33:57<1:40:14,  8.03s/it]Training MLP on cuda:  25%|██▌       | 252/1000 [34:05<1:39:58,  8.02s/it]Training MLP on cuda:  25%|██▌       | 253/1000 [34:13<1:40:02,  8.04s/it]Training MLP on cuda:  25%|██▌       | 254/1000 [34:21<1:39:38,  8.01s/it]Training MLP on cuda:  26%|██▌       | 255/1000 [34:29<1:39:39,  8.03s/it]Training MLP on cuda:  26%|██▌       | 256/1000 [34:37<1:39:10,  8.00s/it]Training MLP on cuda:  26%|██▌       | 257/1000 [34:45<1:39:32,  8.04s/it]Training MLP on cuda:  26%|██▌       