[I 2025-05-13 16:52:50,018] Trial 0 finished with value: 0.5676817975992139 and parameters: {'interp_param': 0.6038793895046792}. Best is trial 0 with value: 0.5676817975992139.
[I 2025-05-13 16:52:51,333] Trial 1 finished with value: 0.5652178905549148 and parameters: {'interp_param': 0.2955892940962007}. Best is trial 0 with value: 0.5676817975992139.
[I 2025-05-13 16:52:52,650] Trial 2 finished with value: 0.5668454696911445 and parameters: {'interp_param': 0.5786214660684449}. Best is trial 0 with value: 0.5676817975992139.
[I 2025-05-13 16:52:53,966] Trial 3 finished with value: 0.567754043316673 and parameters: {'interp_param': 0.0382301296030646}. Best is trial 3 with value: 0.567754043316673.
[I 2025-05-13 16:52:55,277] Trial 4 finished with value: 0.5668970737750437 and parameters: {'interp_param': 0.5644764506464852}. Best is trial 3 with value: 0.567754043316673.
[I 2025-05-13 16:52:56,590] Trial 5 finished with value: 0.5665010551497287 and parameters: {'interp_param': 0.7522617218848036}. Best is trial 3 with value: 0.567754043316673.
[I 2025-05-13 16:52:57,905] Trial 6 finished with value: 0.5679107351873212 and parameters: {'interp_param': 0.7022691927492645}. Best is trial 6 with value: 0.5679107351873212.
[I 2025-05-13 16:52:59,364] Trial 7 finished with value: 0.5679529070015805 and parameters: {'interp_param': 0.7104373196644715}. Best is trial 7 with value: 0.5679529070015805.
[I 2025-05-13 16:53:00,675] Trial 8 finished with value: 0.5652179930795849 and parameters: {'interp_param': 0.3064225272956329}. Best is trial 7 with value: 0.5679529070015805.
[I 2025-05-13 16:53:01,989] Trial 9 finished with value: 0.564719347259601 and parameters: {'interp_param': 0.28058777345000674}. Best is trial 7 with value: 0.5679529070015805.
[I 2025-05-13 16:53:03,305] Trial 10 finished with value: 0.5633442180357981 and parameters: {'interp_param': 0.9947402822788354}. Best is trial 7 with value: 0.5679529070015805.
[I 2025-05-13 16:53:04,621] Trial 11 finished with value: 0.5646962792088512 and parameters: {'interp_param': 0.8443191307113788}. Best is trial 7 with value: 0.5679529070015805.
[I 2025-05-13 16:53:05,945] Trial 12 finished with value: 0.5660522363193643 and parameters: {'interp_param': 0.7639156565485311}. Best is trial 7 with value: 0.5679529070015805.
[I 2025-05-13 16:53:07,266] Trial 13 finished with value: 0.5642285616643171 and parameters: {'interp_param': 0.9427482248630286}. Best is trial 7 with value: 0.5679529070015805.
[I 2025-05-13 16:53:08,582] Trial 14 finished with value: 0.5679024306890512 and parameters: {'interp_param': 0.7124899902127421}. Best is trial 7 with value: 0.5679529070015805.
[I 2025-05-13 16:53:09,897] Trial 15 finished with value: 0.5658869665513264 and parameters: {'interp_param': 0.45331205503702554}. Best is trial 7 with value: 0.5679529070015805.
[I 2025-05-13 16:53:11,215] Trial 16 finished with value: 0.5659595881925755 and parameters: {'interp_param': 0.4050949166734722}. Best is trial 7 with value: 0.5679529070015805.
[I 2025-05-13 16:53:12,530] Trial 17 finished with value: 0.5680306890512196 and parameters: {'interp_param': 0.6741683966843649}. Best is trial 17 with value: 0.5680306890512196.
[I 2025-05-13 16:53:13,848] Trial 18 finished with value: 0.5650945192020164 and parameters: {'interp_param': 0.875647777411537}. Best is trial 17 with value: 0.5680306890512196.
[I 2025-05-13 16:53:15,159] Trial 19 finished with value: 0.5680592250843692 and parameters: {'interp_param': 0.6465466979302532}. Best is trial 19 with value: 0.5680592250843692.
[I 2025-05-13 16:53:16,526] Trial 20 finished with value: 0.5684490580545944 and parameters: {'interp_param': 0.010685471368204191}. Best is trial 20 with value: 0.5684490580545944.
[I 2025-05-13 16:53:17,844] Trial 21 finished with value: 0.5677282754496135 and parameters: {'interp_param': 0.0510432324689094}. Best is trial 20 with value: 0.5684490580545944.
[I 2025-05-13 16:53:19,162] Trial 22 finished with value: 0.5651589730445555 and parameters: {'interp_param': 0.17813486271680562}. Best is trial 20 with value: 0.5684490580545944.
[I 2025-05-13 16:53:20,474] Trial 23 finished with value: 0.5667476611559656 and parameters: {'interp_param': 0.517816987767173}. Best is trial 20 with value: 0.5684490580545944.
[I 2025-05-13 16:53:21,789] Trial 24 finished with value: 0.5680499295142893 and parameters: {'interp_param': 0.6412409105493276}. Best is trial 20 with value: 0.5684490580545944.
[I 2025-05-13 16:53:23,252] Trial 25 finished with value: 0.565768413857918 and parameters: {'interp_param': 0.3843822146427124}. Best is trial 20 with value: 0.5684490580545944.
[I 2025-05-13 16:53:24,563] Trial 26 finished with value: 0.5654127557776923 and parameters: {'interp_param': 0.17074400055575842}. Best is trial 20 with value: 0.5684490580545944.
[I 2025-05-13 16:53:25,874] Trial 27 finished with value: 0.5682033747703875 and parameters: {'interp_param': 0.6224096023364234}. Best is trial 20 with value: 0.5684490580545944.
[I 2025-05-13 16:53:27,189] Trial 28 finished with value: 0.5663192105600411 and parameters: {'interp_param': 0.48909827612599144}. Best is trial 20 with value: 0.5684490580545944.
[I 2025-05-13 16:53:28,505] Trial 29 finished with value: 0.5680372506300995 and parameters: {'interp_param': 0.6288022451573457}. Best is trial 20 with value: 0.5684490580545944.
[I 2025-05-13 16:53:29,821] Trial 30 finished with value: 0.5644357298474946 and parameters: {'interp_param': 0.8103401810165844}. Best is trial 20 with value: 0.5684490580545944.
[I 2025-05-13 16:53:31,135] Trial 31 finished with value: 0.5680341065402196 and parameters: {'interp_param': 0.6289576827136772}. Best is trial 20 with value: 0.5684490580545944.
[I 2025-05-13 16:53:32,449] Trial 32 finished with value: 0.5668430774488444 and parameters: {'interp_param': 0.5813364620220619}. Best is trial 20 with value: 0.5684490580545944.
[I 2025-05-13 16:53:33,756] Trial 33 finished with value: 0.5666520056388569 and parameters: {'interp_param': 0.5156671519024965}. Best is trial 20 with value: 0.5684490580545944.
[I 2025-05-13 16:53:35,076] Trial 34 finished with value: 0.5681160579264386 and parameters: {'interp_param': 0.6374093740759197}. Best is trial 20 with value: 0.5684490580545944.
[I 2025-05-13 16:53:36,391] Trial 35 finished with value: 0.5668678200692041 and parameters: {'interp_param': 0.5747716425356137}. Best is trial 20 with value: 0.5684490580545944.
[I 2025-05-13 16:53:37,706] Trial 36 finished with value: 0.5653221581443035 and parameters: {'interp_param': 0.7762838801200428}. Best is trial 20 with value: 0.5684490580545944.
[I 2025-05-13 16:53:39,020] Trial 37 finished with value: 0.5686066042974924 and parameters: {'interp_param': 9.291827985086556e-05}. Best is trial 37 with value: 0.5686066042974924.
[I 2025-05-13 16:53:40,335] Trial 38 finished with value: 0.5682399760775769 and parameters: {'interp_param': 0.0181428205237953}. Best is trial 37 with value: 0.5686066042974924.
[I 2025-05-13 16:53:41,651] Trial 39 finished with value: 0.5685346319791533 and parameters: {'interp_param': 0.004090303839629763}. Best is trial 37 with value: 0.5686066042974924.
[I 2025-05-13 16:53:42,969] Trial 40 finished with value: 0.5681470887265581 and parameters: {'interp_param': 0.020582196296808693}. Best is trial 37 with value: 0.5686066042974924.
[I 2025-05-13 16:53:44,281] Trial 41 finished with value: 0.5668220940663847 and parameters: {'interp_param': 0.09650137524226472}. Best is trial 37 with value: 0.5686066042974924.
[I 2025-05-13 16:53:45,601] Trial 42 finished with value: 0.5667886026741851 and parameters: {'interp_param': 0.09159098339873711}. Best is trial 37 with value: 0.5686066042974924.
[I 2025-05-13 16:53:46,990] Trial 43 finished with value: 0.5685336750822334 and parameters: {'interp_param': 0.00412612149854542}. Best is trial 37 with value: 0.5686066042974924.
[I 2025-05-13 16:53:48,415] Trial 44 finished with value: 0.5686055790507925 and parameters: {'interp_param': 6.877815620816925e-05}. Best is trial 37 with value: 0.5686066042974924.
[I 2025-05-13 16:53:49,728] Trial 45 finished with value: 0.5655602204280405 and parameters: {'interp_param': 0.16632213707397853}. Best is trial 37 with value: 0.5686066042974924.
[I 2025-05-13 16:53:51,043] Trial 46 finished with value: 0.5666868640266565 and parameters: {'interp_param': 0.10192220200969233}. Best is trial 37 with value: 0.5686066042974924.
[I 2025-05-13 16:53:52,355] Trial 47 finished with value: 0.5644192233756247 and parameters: {'interp_param': 0.23050213342535888}. Best is trial 37 with value: 0.5686066042974924.
[I 2025-05-13 16:53:53,676] Trial 48 finished with value: 0.5685372292707933 and parameters: {'interp_param': 0.003078368429464242}. Best is trial 37 with value: 0.5686066042974924.
[I 2025-05-13 16:53:54,988] Trial 49 finished with value: 0.5673786321500278 and parameters: {'interp_param': 0.06621552383602636}. Best is trial 37 with value: 0.5686066042974924.
[I 2025-05-13 16:53:56,308] Trial 50 finished with value: 0.5665247383484985 and parameters: {'interp_param': 0.13018524105979404}. Best is trial 37 with value: 0.5686066042974924.
[I 2025-05-13 16:53:57,621] Trial 51 finished with value: 0.5684487846554744 and parameters: {'interp_param': 0.010602549802723633}. Best is trial 37 with value: 0.5686066042974924.
[I 2025-05-13 16:53:58,936] Trial 52 finished with value: 0.567442710068777 and parameters: {'interp_param': 0.06253856457029748}. Best is trial 37 with value: 0.5686066042974924.
[I 2025-05-13 16:54:00,252] Trial 53 finished with value: 0.5665162971506685 and parameters: {'interp_param': 0.13149152466421}. Best is trial 37 with value: 0.5686066042974924.
[I 2025-05-13 16:54:01,572] Trial 54 finished with value: 0.5685479943611431 and parameters: {'interp_param': 0.0014635996732922612}. Best is trial 37 with value: 0.5686066042974924.
[I 2025-05-13 16:54:02,886] Trial 55 finished with value: 0.5645980264001025 and parameters: {'interp_param': 0.2250441864070335}. Best is trial 37 with value: 0.5686066042974924.
[I 2025-05-13 16:54:04,197] Trial 56 finished with value: 0.5677739672775428 and parameters: {'interp_param': 0.05033720928632871}. Best is trial 37 with value: 0.5686066042974924.
[I 2025-05-13 16:54:05,515] Trial 57 finished with value: 0.5664923747276689 and parameters: {'interp_param': 0.1346822968584549}. Best is trial 37 with value: 0.5686066042974924.
[I 2025-05-13 16:54:06,830] Trial 58 finished with value: 0.5685113588790636 and parameters: {'interp_param': 0.004417955714646078}. Best is trial 37 with value: 0.5686066042974924.
[I 2025-05-13 16:54:08,142] Trial 59 finished with value: 0.5673072408048188 and parameters: {'interp_param': 0.07106226259408482}. Best is trial 37 with value: 0.5686066042974924.
[I 2025-05-13 16:54:09,459] Trial 60 finished with value: 0.5647347601349908 and parameters: {'interp_param': 0.21671872769369735}. Best is trial 37 with value: 0.5686066042974924.
[I 2025-05-13 16:54:10,774] Trial 61 finished with value: 0.5685477551369131 and parameters: {'interp_param': 0.001472282506889936}. Best is trial 37 with value: 0.5686066042974924.
[I 2025-05-13 16:54:12,091] Trial 62 finished with value: 0.567924439318211 and parameters: {'interp_param': 0.027992194128892003}. Best is trial 37 with value: 0.5686066042974924.
[I 2025-05-13 16:54:13,552] Trial 63 finished with value: 0.5666861463539664 and parameters: {'interp_param': 0.10192017717062508}. Best is trial 37 with value: 0.5686066042974924.
[I 2025-05-13 16:54:14,867] Trial 64 finished with value: 0.5676388055875945 and parameters: {'interp_param': 0.05357353786018295}. Best is trial 37 with value: 0.5686066042974924.
[I 2025-05-13 16:54:16,184] Trial 65 finished with value: 0.567758246828143 and parameters: {'interp_param': 0.03855864601336184}. Best is trial 37 with value: 0.5686066042974924.
[I 2025-05-13 16:54:17,503] Trial 66 finished with value: 0.5651460207612456 and parameters: {'interp_param': 0.3006617254828147}. Best is trial 37 with value: 0.5686066042974924.
[I 2025-05-13 16:54:18,822] Trial 67 finished with value: 0.5684926652142339 and parameters: {'interp_param': 0.005924489077694365}. Best is trial 37 with value: 0.5686066042974924.
[I 2025-05-13 16:54:20,139] Trial 68 finished with value: 0.5670174035627322 and parameters: {'interp_param': 0.083652677077066}. Best is trial 37 with value: 0.5686066042974924.
[I 2025-05-13 16:54:21,453] Trial 69 finished with value: 0.5656334913921996 and parameters: {'interp_param': 0.1592851516329248}. Best is trial 37 with value: 0.5686066042974924.
[I 2025-05-13 16:54:22,772] Trial 70 finished with value: 0.5665280533128284 and parameters: {'interp_param': 0.12547272257346856}. Best is trial 37 with value: 0.5686066042974924.
[I 2025-05-13 16:54:24,088] Trial 71 finished with value: 0.5684954675552139 and parameters: {'interp_param': 0.005086892841802412}. Best is trial 37 with value: 0.5686066042974924.
[I 2025-05-13 16:54:25,405] Trial 72 finished with value: 0.5678204109530522 and parameters: {'interp_param': 0.04138404330594082}. Best is trial 37 with value: 0.5686066042974924.
[I 2025-05-13 16:54:26,714] Trial 73 finished with value: 0.5684998077662438 and parameters: {'interp_param': 0.006089080212309094}. Best is trial 37 with value: 0.5686066042974924.
[I 2025-05-13 16:54:28,028] Trial 74 finished with value: 0.5677732154299628 and parameters: {'interp_param': 0.039214748212729314}. Best is trial 37 with value: 0.5686066042974924.
[I 2025-05-13 16:54:29,343] Trial 75 finished with value: 0.5671815113845102 and parameters: {'interp_param': 0.076674326302701}. Best is trial 37 with value: 0.5686066042974924.
[I 2025-05-13 16:54:30,659] Trial 76 finished with value: 0.5666197445426973 and parameters: {'interp_param': 0.10873254444194075}. Best is trial 37 with value: 0.5686066042974924.
[I 2025-05-13 16:54:31,977] Trial 77 finished with value: 0.5686035285573925 and parameters: {'interp_param': 0.00016644100227476973}. Best is trial 37 with value: 0.5686066042974924.
[I 2025-05-13 16:54:33,292] Trial 78 finished with value: 0.5646123115041224 and parameters: {'interp_param': 0.33797697318023256}. Best is trial 37 with value: 0.5686066042974924.
[I 2025-05-13 16:54:34,605] Trial 79 finished with value: 0.5652027510786449 and parameters: {'interp_param': 0.19048103710551087}. Best is trial 37 with value: 0.5686066042974924.
[I 2025-05-13 16:54:35,925] Trial 80 finished with value: 0.5678077662437524 and parameters: {'interp_param': 0.0340909153433803}. Best is trial 37 with value: 0.5686066042974924.
[I 2025-05-13 16:54:37,239] Trial 81 finished with value: 0.5685736597035329 and parameters: {'interp_param': 0.0012379054654350456}. Best is trial 37 with value: 0.5686066042974924.
[I 2025-05-13 16:54:38,663] Trial 82 finished with value: 0.5673755905848179 and parameters: {'interp_param': 0.06581520550267865}. Best is trial 37 with value: 0.5686066042974924.
[I 2025-05-13 16:54:39,978] Trial 83 finished with value: 0.5677666196761929 and parameters: {'interp_param': 0.03570570255673916}. Best is trial 37 with value: 0.5686066042974924.
[I 2025-05-13 16:54:41,297] Trial 84 finished with value: 0.5685284804989534 and parameters: {'interp_param': 0.002070682875098165}. Best is trial 37 with value: 0.5686066042974924.
[I 2025-05-13 16:54:42,616] Trial 85 finished with value: 0.5674728181468666 and parameters: {'interp_param': 0.06034832244461528}. Best is trial 37 with value: 0.5686066042974924.
[I 2025-05-13 16:54:43,935] Trial 86 finished with value: 0.5664964757144688 and parameters: {'interp_param': 0.11473478654276599}. Best is trial 37 with value: 0.5686066042974924.
[I 2025-05-13 16:54:45,252] Trial 87 finished with value: 0.5658721004741766 and parameters: {'interp_param': 0.14946905778665162}. Best is trial 37 with value: 0.5686066042974924.
[I 2025-05-13 16:54:46,570] Trial 88 finished with value: 0.5670349011064121 and parameters: {'interp_param': 0.08200874578188123}. Best is trial 37 with value: 0.5686066042974924.
[I 2025-05-13 16:54:47,885] Trial 89 finished with value: 0.5677361014994233 and parameters: {'interp_param': 0.03628393365679537}. Best is trial 37 with value: 0.5686066042974924.
[I 2025-05-13 16:54:49,201] Trial 90 finished with value: 0.5678965526079713 and parameters: {'interp_param': 0.029268737145739895}. Best is trial 37 with value: 0.5686066042974924.
[I 2025-05-13 16:54:50,515] Trial 91 finished with value: 0.5685361356743134 and parameters: {'interp_param': 0.002295712568982605}. Best is trial 37 with value: 0.5686066042974924.
[I 2025-05-13 16:54:51,832] Trial 92 finished with value: 0.5676120124738349 and parameters: {'interp_param': 0.05492844861064199}. Best is trial 37 with value: 0.5686066042974924.
[I 2025-05-13 16:54:53,146] Trial 93 finished with value: 0.5685833995471826 and parameters: {'interp_param': 0.0010206892564060851}. Best is trial 37 with value: 0.5686066042974924.
[I 2025-05-13 16:54:54,468] Trial 94 finished with value: 0.5669987782476824 and parameters: {'interp_param': 0.08570558257727481}. Best is trial 37 with value: 0.5686066042974924.
[I 2025-05-13 16:54:55,791] Trial 95 finished with value: 0.5685962493058225 and parameters: {'interp_param': 0.0002861321251186065}. Best is trial 37 with value: 0.5686066042974924.
[I 2025-05-13 16:54:57,106] Trial 96 finished with value: 0.568081951386219 and parameters: {'interp_param': 0.023189978211217495}. Best is trial 37 with value: 0.5686066042974924.
[I 2025-05-13 16:54:58,433] Trial 97 finished with value: 0.5673490025203982 and parameters: {'interp_param': 0.0672951282299806}. Best is trial 37 with value: 0.5686066042974924.
[I 2025-05-13 16:54:59,749] Trial 98 finished with value: 0.5668061685676449 and parameters: {'interp_param': 0.09574549262903236}. Best is trial 37 with value: 0.5686066042974924.
