[I 2025-05-13 16:52:47,488] Trial 0 finished with value: 0.5532340894527745 and parameters: {'interp_param': 0.7572351390810685}. Best is trial 0 with value: 0.5532340894527745.
[I 2025-05-13 16:52:48,792] Trial 1 finished with value: 0.5575820923576402 and parameters: {'interp_param': 0.03091962414970162}. Best is trial 1 with value: 0.5575820923576402.
[I 2025-05-13 16:52:50,108] Trial 2 finished with value: 0.5529470545516681 and parameters: {'interp_param': 0.7798198555743735}. Best is trial 1 with value: 0.5575820923576402.
[I 2025-05-13 16:52:51,421] Trial 3 finished with value: 0.5576621982997991 and parameters: {'interp_param': 0.04858417733333098}. Best is trial 3 with value: 0.5576621982997991.
[I 2025-05-13 16:52:52,730] Trial 4 finished with value: 0.556314545687556 and parameters: {'interp_param': 0.5043889362270234}. Best is trial 3 with value: 0.5576621982997991.
[I 2025-05-13 16:52:54,031] Trial 5 finished with value: 0.554719330172156 and parameters: {'interp_param': 0.620784935039148}. Best is trial 3 with value: 0.5576621982997991.
[I 2025-05-13 16:52:55,345] Trial 6 finished with value: 0.5578635225767867 and parameters: {'interp_param': 0.11345511865336544}. Best is trial 6 with value: 0.5578635225767867.
[I 2025-05-13 16:52:56,794] Trial 7 finished with value: 0.5528863941219189 and parameters: {'interp_param': 0.8492791834937106}. Best is trial 6 with value: 0.5578635225767867.
[I 2025-05-13 16:52:58,104] Trial 8 finished with value: 0.5554196420180273 and parameters: {'interp_param': 0.5873380079398013}. Best is trial 6 with value: 0.5578635225767867.
[I 2025-05-13 16:52:59,416] Trial 9 finished with value: 0.5550927933700713 and parameters: {'interp_param': 0.5983619608309888}. Best is trial 6 with value: 0.5578635225767867.
[I 2025-05-13 16:53:00,741] Trial 10 finished with value: 0.5574989106753813 and parameters: {'interp_param': 0.22937739301384263}. Best is trial 6 with value: 0.5578635225767867.
[I 2025-05-13 16:53:02,055] Trial 11 finished with value: 0.557513879277201 and parameters: {'interp_param': 0.2284028176954871}. Best is trial 6 with value: 0.5578635225767867.
[I 2025-05-13 16:53:03,368] Trial 12 finished with value: 0.5580298175915246 and parameters: {'interp_param': 0.06384189193971}. Best is trial 12 with value: 0.5580298175915246.
[I 2025-05-13 16:53:04,684] Trial 13 finished with value: 0.5571936605579051 and parameters: {'interp_param': 0.2728228543456515}. Best is trial 12 with value: 0.5580298175915246.
[I 2025-05-13 16:53:06,007] Trial 14 finished with value: 0.5572106113033449 and parameters: {'interp_param': 0.35386949494359005}. Best is trial 12 with value: 0.5580298175915246.
[I 2025-05-13 16:53:07,321] Trial 15 finished with value: 0.5577834508095176 and parameters: {'interp_param': 0.08689800012820369}. Best is trial 12 with value: 0.5580298175915246.
[I 2025-05-13 16:53:08,641] Trial 16 finished with value: 0.5570346447947371 and parameters: {'interp_param': 0.38594531595126913}. Best is trial 12 with value: 0.5580298175915246.
[I 2025-05-13 16:53:09,948] Trial 17 finished with value: 0.5578902473407664 and parameters: {'interp_param': 0.13318163294216773}. Best is trial 12 with value: 0.5580298175915246.
[I 2025-05-13 16:53:11,260] Trial 18 finished with value: 0.5579730189243454 and parameters: {'interp_param': 0.14439342623527746}. Best is trial 12 with value: 0.5580298175915246.
[I 2025-05-13 16:53:12,569] Trial 19 finished with value: 0.5576196505617498 and parameters: {'interp_param': 0.0004026255236542903}. Best is trial 12 with value: 0.5580298175915246.
[I 2025-05-13 16:53:13,883] Trial 20 finished with value: 0.5571419881242258 and parameters: {'interp_param': 0.37162985605695714}. Best is trial 12 with value: 0.5580298175915246.
[I 2025-05-13 16:53:15,185] Trial 21 finished with value: 0.5580936904609338 and parameters: {'interp_param': 0.15423412719160035}. Best is trial 21 with value: 0.5580936904609338.
[I 2025-05-13 16:53:16,504] Trial 22 finished with value: 0.5581985731983425 and parameters: {'interp_param': 0.1649569187387875}. Best is trial 22 with value: 0.5581985731983425.
[I 2025-05-13 16:53:17,819] Trial 23 finished with value: 0.5578551839036268 and parameters: {'interp_param': 0.21551502442984127}. Best is trial 22 with value: 0.5581985731983425.
[I 2025-05-13 16:53:19,142] Trial 24 finished with value: 0.5581203127002435 and parameters: {'interp_param': 0.1547190853504166}. Best is trial 22 with value: 0.5581985731983425.
[I 2025-05-13 16:53:20,564] Trial 25 finished with value: 0.5571479345550856 and parameters: {'interp_param': 0.31819965910933456}. Best is trial 22 with value: 0.5581985731983425.
[I 2025-05-13 16:53:21,875] Trial 26 finished with value: 0.5566147720962022 and parameters: {'interp_param': 0.48364098372709785}. Best is trial 22 with value: 0.5581985731983425.
[I 2025-05-13 16:53:23,190] Trial 27 finished with value: 0.5581910888974326 and parameters: {'interp_param': 0.17984941104236707}. Best is trial 22 with value: 0.5581985731983425.
[I 2025-05-13 16:53:24,514] Trial 28 finished with value: 0.5571814601221752 and parameters: {'interp_param': 0.4448663488249649}. Best is trial 22 with value: 0.5581985731983425.
[I 2025-05-13 16:53:25,813] Trial 29 finished with value: 0.5518383527703019 and parameters: {'interp_param': 0.9722642240259782}. Best is trial 22 with value: 0.5581985731983425.
[I 2025-05-13 16:53:27,140] Trial 30 finished with value: 0.5580939980349439 and parameters: {'interp_param': 0.18781989337818145}. Best is trial 22 with value: 0.5581985731983425.
[I 2025-05-13 16:53:28,462] Trial 31 finished with value: 0.5580190183262848 and parameters: {'interp_param': 0.19100232796469607}. Best is trial 22 with value: 0.5581985731983425.
[I 2025-05-13 16:53:29,772] Trial 32 finished with value: 0.5570808492460165 and parameters: {'interp_param': 0.29026652230725203}. Best is trial 22 with value: 0.5581985731983425.
[I 2025-05-13 16:53:31,074] Trial 33 finished with value: 0.557512922380281 and parameters: {'interp_param': 0.2586333798151048}. Best is trial 22 with value: 0.5581985731983425.
[I 2025-05-13 16:53:32,397] Trial 34 finished with value: 0.5581964885300525 and parameters: {'interp_param': 0.16376711862996757}. Best is trial 22 with value: 0.5581985731983425.
[I 2025-05-13 16:53:33,710] Trial 35 finished with value: 0.5578119184928874 and parameters: {'interp_param': 0.056451980668250426}. Best is trial 22 with value: 0.5581985731983425.
[I 2025-05-13 16:53:35,034] Trial 36 finished with value: 0.5575882438378401 and parameters: {'interp_param': 0.02686101753735559}. Best is trial 22 with value: 0.5581985731983425.
[I 2025-05-13 16:53:36,696] Trial 37 finished with value: 0.5578830022640865 and parameters: {'interp_param': 0.10557727139425296}. Best is trial 22 with value: 0.5581985731983425.
[I 2025-05-13 16:53:38,017] Trial 38 finished with value: 0.5547434918193856 and parameters: {'interp_param': 0.6815487267299413}. Best is trial 22 with value: 0.5581985731983425.
[I 2025-05-13 16:53:39,323] Trial 39 finished with value: 0.557280362253834 and parameters: {'interp_param': 0.41759687073450713}. Best is trial 22 with value: 0.5581985731983425.
[I 2025-05-13 16:53:40,640] Trial 40 finished with value: 0.5570051176897775 and parameters: {'interp_param': 0.32513029269189075}. Best is trial 22 with value: 0.5581985731983425.
[I 2025-05-13 16:53:41,937] Trial 41 finished with value: 0.5580754068947841 and parameters: {'interp_param': 0.18571051368293504}. Best is trial 22 with value: 0.5581985731983425.
[I 2025-05-13 16:53:43,252] Trial 42 finished with value: 0.5581986073732326 and parameters: {'interp_param': 0.16304084476036276}. Best is trial 42 with value: 0.5581986073732326.
[I 2025-05-13 16:53:44,554] Trial 43 finished with value: 0.5582293647742321 and parameters: {'interp_param': 0.15902665669294108}. Best is trial 43 with value: 0.5582293647742321.
[I 2025-05-13 16:53:45,994] Trial 44 finished with value: 0.5574511341791619 and parameters: {'interp_param': 0.25131725646802544}. Best is trial 43 with value: 0.5582293647742321.
[I 2025-05-13 16:53:47,294] Trial 45 finished with value: 0.5578157802554573 and parameters: {'interp_param': 0.10056586389910777}. Best is trial 43 with value: 0.5582293647742321.
[I 2025-05-13 16:53:48,616] Trial 46 finished with value: 0.5570533384595668 and parameters: {'interp_param': 0.3023829173347319}. Best is trial 43 with value: 0.5582293647742321.
[I 2025-05-13 16:53:49,917] Trial 47 finished with value: 0.5580500149515144 and parameters: {'interp_param': 0.06835416061977334}. Best is trial 43 with value: 0.5582293647742321.
[I 2025-05-13 16:53:51,236] Trial 48 finished with value: 0.5576286385578196 and parameters: {'interp_param': 0.22334688215176923}. Best is trial 43 with value: 0.5582293647742321.
[I 2025-05-13 16:53:52,544] Trial 49 finished with value: 0.5581695928916228 and parameters: {'interp_param': 0.1809768572015093}. Best is trial 43 with value: 0.5582293647742321.
[I 2025-05-13 16:53:53,866] Trial 50 finished with value: 0.5577895339399377 and parameters: {'interp_param': 0.11789614828183312}. Best is trial 43 with value: 0.5582293647742321.
[I 2025-05-13 16:53:55,176] Trial 51 finished with value: 0.5581980264001025 and parameters: {'interp_param': 0.16484063329182422}. Best is trial 43 with value: 0.5582293647742321.
[I 2025-05-13 16:53:56,489] Trial 52 finished with value: 0.5574738263061216 and parameters: {'interp_param': 0.006017378683635749}. Best is trial 43 with value: 0.5582293647742321.
[I 2025-05-13 16:53:57,799] Trial 53 finished with value: 0.5579860737323251 and parameters: {'interp_param': 0.14474897308894652}. Best is trial 43 with value: 0.5582293647742321.
[I 2025-05-13 16:53:59,113] Trial 54 finished with value: 0.5577554273997181 and parameters: {'interp_param': 0.080606873273779}. Best is trial 43 with value: 0.5582293647742321.
[I 2025-05-13 16:54:00,420] Trial 55 finished with value: 0.557433397411252 and parameters: {'interp_param': 0.24857448092953344}. Best is trial 43 with value: 0.5582293647742321.
[I 2025-05-13 16:54:01,736] Trial 56 finished with value: 0.5580292707932846 and parameters: {'interp_param': 0.20637686150933185}. Best is trial 43 with value: 0.5582293647742321.
[I 2025-05-13 16:54:03,049] Trial 57 finished with value: 0.5571525139903456 and parameters: {'interp_param': 0.33919098760405353}. Best is trial 43 with value: 0.5582293647742321.
[I 2025-05-13 16:54:04,358] Trial 58 finished with value: 0.5577196804647786 and parameters: {'interp_param': 0.045648757526664085}. Best is trial 43 with value: 0.5582293647742321.
[I 2025-05-13 16:54:05,671] Trial 59 finished with value: 0.5581818616771327 and parameters: {'interp_param': 0.15799748942067937}. Best is trial 43 with value: 0.5582293647742321.
[I 2025-05-13 16:54:07,133] Trial 60 finished with value: 0.5579328292537059 and parameters: {'interp_param': 0.11003253284425348}. Best is trial 43 with value: 0.5582293647742321.
[I 2025-05-13 16:54:08,451] Trial 61 finished with value: 0.5582248195138622 and parameters: {'interp_param': 0.1670841631367834}. Best is trial 43 with value: 0.5582293647742321.
[I 2025-05-13 16:54:09,769] Trial 62 finished with value: 0.5571686787133154 and parameters: {'interp_param': 0.2814978672007827}. Best is trial 43 with value: 0.5582293647742321.
[I 2025-05-13 16:54:11,198] Trial 63 finished with value: 0.5558239651416123 and parameters: {'interp_param': 0.5548248887997476}. Best is trial 43 with value: 0.5582293647742321.
[I 2025-05-13 16:54:12,514] Trial 64 finished with value: 0.5582134392754923 and parameters: {'interp_param': 0.16027367144134433}. Best is trial 43 with value: 0.5582293647742321.
[I 2025-05-13 16:54:13,825] Trial 65 finished with value: 0.5574800119612116 and parameters: {'interp_param': 0.232475919445657}. Best is trial 43 with value: 0.5582293647742321.
[I 2025-05-13 16:54:15,143] Trial 66 finished with value: 0.5578541586569268 and parameters: {'interp_param': 0.12956085021071123}. Best is trial 43 with value: 0.5582293647742321.
[I 2025-05-13 16:54:16,458] Trial 67 finished with value: 0.5582150113204323 and parameters: {'interp_param': 0.16044629147492234}. Best is trial 43 with value: 0.5582293647742321.
[I 2025-05-13 16:54:17,774] Trial 68 finished with value: 0.5578266478704771 and parameters: {'interp_param': 0.07888861394688598}. Best is trial 43 with value: 0.5582293647742321.
[I 2025-05-13 16:54:19,089] Trial 69 finished with value: 0.5530208039642872 and parameters: {'interp_param': 0.8588679745464687}. Best is trial 43 with value: 0.5582293647742321.
[I 2025-05-13 16:54:20,395] Trial 70 finished with value: 0.5577707719253279 and parameters: {'interp_param': 0.21831666727021315}. Best is trial 43 with value: 0.5582293647742321.
[I 2025-05-13 16:54:21,703] Trial 71 finished with value: 0.558239241317442 and parameters: {'interp_param': 0.1689791231670749}. Best is trial 71 with value: 0.558239241317442.
[I 2025-05-13 16:54:23,024] Trial 72 finished with value: 0.5577925755051476 and parameters: {'interp_param': 0.13918308063792503}. Best is trial 71 with value: 0.558239241317442.
[I 2025-05-13 16:54:24,334] Trial 73 finished with value: 0.5579568200264855 and parameters: {'interp_param': 0.20198699746334728}. Best is trial 71 with value: 0.558239241317442.
[I 2025-05-13 16:54:25,634] Trial 74 finished with value: 0.5571829638173351 and parameters: {'interp_param': 0.27680332934791363}. Best is trial 71 with value: 0.558239241317442.
[I 2025-05-13 16:54:26,938] Trial 75 finished with value: 0.5582147720962023 and parameters: {'interp_param': 0.1663770005509298}. Best is trial 71 with value: 0.558239241317442.
[I 2025-05-13 16:54:28,251] Trial 76 finished with value: 0.5577506087402281 and parameters: {'interp_param': 0.0372352556950023}. Best is trial 71 with value: 0.558239241317442.
[I 2025-05-13 16:54:29,555] Trial 77 finished with value: 0.5578149942329873 and parameters: {'interp_param': 0.1266376959423574}. Best is trial 71 with value: 0.558239241317442.
[I 2025-05-13 16:54:30,863] Trial 78 finished with value: 0.5578156093810074 and parameters: {'interp_param': 0.1024826790622291}. Best is trial 71 with value: 0.558239241317442.
[I 2025-05-13 16:54:32,167] Trial 79 finished with value: 0.5571078474091162 and parameters: {'interp_param': 0.37625593166242416}. Best is trial 71 with value: 0.558239241317442.
[I 2025-05-13 16:54:33,494] Trial 80 finished with value: 0.5575128540305011 and parameters: {'interp_param': 0.25860862322846234}. Best is trial 71 with value: 0.558239241317442.
[I 2025-05-13 16:54:34,797] Trial 81 finished with value: 0.558237430048272 and parameters: {'interp_param': 0.16891960234327794}. Best is trial 71 with value: 0.558239241317442.
[I 2025-05-13 16:54:36,243] Trial 82 finished with value: 0.5580529198171644 and parameters: {'interp_param': 0.189165181983438}. Best is trial 71 with value: 0.558239241317442.
[I 2025-05-13 16:54:37,549] Trial 83 finished with value: 0.5581806313810928 and parameters: {'interp_param': 0.15751581570334436}. Best is trial 71 with value: 0.558239241317442.
[I 2025-05-13 16:54:38,868] Trial 84 finished with value: 0.5574679823999316 and parameters: {'interp_param': 0.23329898321666176}. Best is trial 71 with value: 0.558239241317442.
[I 2025-05-13 16:54:40,171] Trial 85 finished with value: 0.5582191806570123 and parameters: {'interp_param': 0.17208277790465024}. Best is trial 71 with value: 0.558239241317442.
[I 2025-05-13 16:54:41,500] Trial 86 finished with value: 0.5580242129095647 and parameters: {'interp_param': 0.20708814739386971}. Best is trial 71 with value: 0.558239241317442.
[I 2025-05-13 16:54:42,822] Trial 87 finished with value: 0.557835020718527 and parameters: {'interp_param': 0.09410472951399021}. Best is trial 71 with value: 0.558239241317442.
[I 2025-05-13 16:54:44,146] Trial 88 finished with value: 0.5582453586227519 and parameters: {'interp_param': 0.17058703305512862}. Best is trial 88 with value: 0.5582453586227519.
[I 2025-05-13 16:54:45,451] Trial 89 finished with value: 0.5570485881498569 and parameters: {'interp_param': 0.3029590367483519}. Best is trial 88 with value: 0.5582453586227519.
[I 2025-05-13 16:54:46,760] Trial 90 finished with value: 0.5579725746507753 and parameters: {'interp_param': 0.061320957219923825}. Best is trial 88 with value: 0.5582453586227519.
[I 2025-05-13 16:54:48,077] Trial 91 finished with value: 0.558155957110513 and parameters: {'interp_param': 0.1728492294257641}. Best is trial 88 with value: 0.5582453586227519.
[I 2025-05-13 16:54:49,390] Trial 92 finished with value: 0.5578845401341364 and parameters: {'interp_param': 0.13391531567840692}. Best is trial 88 with value: 0.5582453586227519.
[I 2025-05-13 16:54:50,705] Trial 93 finished with value: 0.5572490922294844 and parameters: {'interp_param': 0.23838280092708372}. Best is trial 88 with value: 0.5582453586227519.
[I 2025-05-13 16:54:52,032] Trial 94 finished with value: 0.5579729163996753 and parameters: {'interp_param': 0.196677315284148}. Best is trial 88 with value: 0.5582453586227519.
[I 2025-05-13 16:54:53,350] Trial 95 finished with value: 0.5578430859925669 and parameters: {'interp_param': 0.11515165419135998}. Best is trial 88 with value: 0.5582453586227519.
[I 2025-05-13 16:54:54,674] Trial 96 finished with value: 0.5581830577982827 and parameters: {'interp_param': 0.172292797669031}. Best is trial 88 with value: 0.5582453586227519.
[I 2025-05-13 16:54:55,986] Trial 97 finished with value: 0.5576093980947499 and parameters: {'interp_param': 0.02141093695558688}. Best is trial 88 with value: 0.5582453586227519.
[I 2025-05-13 16:54:57,306] Trial 98 finished with value: 0.5573548976889231 and parameters: {'interp_param': 0.2655803383906902}. Best is trial 88 with value: 0.5582453586227519.
