[I 2025-05-13 16:56:47,794] Trial 99 finished with value: 0.5602172156008373 and parameters: {'threshold_scale_factor': 0.37534979561341797}. Best is trial 61 with value: 0.5623108718868811.
Best hyperparameters: {'threshold_scale_factor': 0.2792935633449328}
Best optimized value: 0.5623108718868811
Running audit 1/1
Training a GAT target model on amazon-photo...
Training GAT on cuda:   0%|          | 0/400 [00:00<?, ?it/s]Training GAT on cuda:   3%|▎         | 13/400 [00:00<00:03, 128.05it/s]Training GAT on cuda:   6%|▋         | 26/400 [00:00<00:02, 128.95it/s]Training GAT on cuda:  10%|▉         | 39/400 [00:00<00:02, 129.25it/s]Training GAT on cuda:  13%|█▎        | 52/400 [00:00<00:02, 129.40it/s]Training GAT on cuda:  16%|█▋        | 65/400 [00:00<00:02, 129.51it/s]Training GAT on cuda:  20%|█▉        | 78/400 [00:00<00:02, 129.59it/s]Training GAT on cuda:  23%|██▎       | 91/400 [00:00<00:02, 129.64it/s]Training GAT on cuda:  26%|██▌       | 104/400 [00:00<00:02, 129.60it/s]Training GAT on cuda:  29%|██▉       | 117/400 [00:00<00:02, 129.58it/s]Training GAT on cuda:  32%|███▎      | 130/400 [00:01<00:02, 129.61it/s]Training GAT on cuda:  36%|███▌      | 143/400 [00:01<00:01, 129.64it/s]Training GAT on cuda:  39%|███▉      | 156/400 [00:01<00:01, 129.65it/s]Training GAT on cuda:  42%|████▏     | 169/400 [00:01<00:01, 129.69it/s]Training GAT on cuda:  46%|████▌     | 182/400 [00:01<00:01, 129.71it/s]Training GAT on cuda:  49%|████▉     | 195/400 [00:01<00:01, 129.72it/s]Training GAT on cuda:  52%|█████▏    | 208/400 [00:01<00:01, 129.72it/s]Training GAT on cuda:  55%|█████▌    | 221/400 [00:01<00:01, 129.72it/s]Training GAT on cuda:  58%|█████▊    | 234/400 [00:01<00:01, 129.70it/s]Training GAT on cuda:  62%|██████▏   | 247/400 [00:01<00:01, 129.69it/s]Training GAT on cuda:  65%|██████▌   | 260/400 [00:02<00:01, 129.69it/s]Training GAT on cuda:  68%|██████▊   | 273/400 [00:02<00:00, 129.67it/s]Training GAT on cuda:  72%|███████▏  | 286/400 [00:02<00:00, 129.65it/s]Training GAT on cuda:  75%|███████▍  | 299/400 [00:02<00:00, 129.66it/s]Training GAT on cuda:  78%|███████▊  | 312/400 [00:02<00:00, 129.68it/s]Training GAT on cuda:  81%|████████▏ | 325/400 [00:02<00:00, 129.03it/s]Training GAT on cuda:  84%|████████▍ | 338/400 [00:02<00:00, 129.25it/s]Training GAT on cuda:  88%|████████▊ | 351/400 [00:02<00:00, 129.39it/s]Training GAT on cuda:  91%|█████████ | 364/400 [00:02<00:00, 129.48it/s]Training GAT on cuda:  94%|█████████▍| 377/400 [00:02<00:00, 129.53it/s]Training GAT on cuda:  98%|█████████▊| 390/400 [00:03<00:00, 129.58it/s]Training GAT on cuda: 100%|██████████| 400/400 [00:03<00:00, 129.55it/s]
Train accuracy: 0.9987 | Test accuracy: 0.9114
Training MLP on cuda:   0%|          | 0/1000 [00:00<?, ?it/s]Training MLP on cuda:   0%|          | 1/1000 [00:08<2:18:52,  8.34s/it]Training MLP on cuda:   0%|          | 2/1000 [00:16<2:18:57,  8.35s/it]Training MLP on cuda:   0%|          | 3/1000 [00:24<2:18:21,  8.33s/it]Training MLP on cuda:   0%|          | 4/1000 [00:33<2:17:24,  8.28s/it]Training MLP on cuda:   0%|          | 5/1000 [00:41<2:17:31,  8.29s/it]Training MLP on cuda:   1%|          | 6/1000 [00:49<2:16:58,  8.27s/it]Training MLP on cuda:   1%|          | 7/1000 [00:58<2:17:05,  8.28s/it]Training MLP on cuda:   1%|          | 8/1000 [01:06<2:16:26,  8.25s/it]Training MLP on cuda:   1%|          | 9/1000 [01:14<2:16:32,  8.27s/it]Training MLP on cuda:   1%|          | 10/1000 [01:22<2:16:15,  8.26s/it]Training MLP on cuda:   1%|          | 11/1000 [01:31<2:16:14,  8.27s/it]Training MLP on cuda:   1%|          | 12/1000 [01:39<2:15:40,  8.24s/it]Training MLP on cuda:   1%|▏         | 13/1000 [01:47<2:16:03,  8.27s/it]Training MLP on cuda:   1%|▏         | 14/1000 [01:55<2:15:28,  8.24s/it]Training MLP on cuda:   2%|▏         | 15/1000 [02:04<2:16:54,  8.34s/it]Training MLP on cuda:   2%|▏         | 16/1000 [02:12<2:15:53,  8.29s/it]Training MLP on cuda:   2%|▏         | 17/1000 [02:20<2:15:30,  8.27s/it]Training MLP on cuda:   2%|▏         | 18/1000 [02:28<2:15:09,  8.26s/it]Training MLP on cuda:   2%|▏         | 19/1000 [02:37<2:15:07,  8.26s/it]Training MLP on cuda:   2%|▏         | 20/1000 [02:45<2:14:32,  8.24s/it]Training MLP on cuda:   2%|▏         | 21/1000 [02:53<2:14:47,  8.26s/it]Training MLP on cuda:   2%|▏         | 22/1000 [03:01<2:14:12,  8.23s/it]Training MLP on cuda:   2%|▏         | 23/1000 [03:10<2:14:17,  8.25s/it]Training MLP on cuda:   2%|▏         | 24/1000 [03:18<2:13:50,  8.23s/it]Training MLP on cuda:   2%|▎         | 25/1000 [03:26<2:14:04,  8.25s/it]Training MLP on cuda:   3%|▎         | 26/1000 [03:34<2:13:36,  8.23s/it]Training MLP on cuda:   3%|▎         | 27/1000 [03:43<2:13:26,  8.23s/it]Training MLP on cuda:   3%|▎         | 28/1000 [03:51<2:13:12,  8.22s/it]Training MLP on cuda:   3%|▎         | 29/1000 [03:59<2:13:31,  8.25s/it]Training MLP on cuda:   3%|▎         | 30/1000 [04:07<2:12:47,  8.21s/it]Training MLP on cuda:   3%|▎         | 31/1000 [04:15<2:12:54,  8.23s/it]Training MLP on cuda:   3%|▎         | 32/1000 [04:24<2:12:30,  8.21s/it]Training MLP on cuda:   3%|▎         | 33/1000 [04:32<2:14:13,  8.33s/it]Training MLP on cuda:   3%|▎         | 34/1000 [04:40<2:13:29,  8.29s/it]Training MLP on cuda:   4%|▎         | 35/1000 [04:49<2:13:09,  8.28s/it]Training MLP on cuda:   4%|▎         | 36/1000 [04:57<2:12:33,  8.25s/it]Training MLP on cuda:   4%|▎         | 37/1000 [05:05<2:12:42,  8.27s/it]Training MLP on cuda:   4%|▍         | 38/1000 [05:13<2:11:58,  8.23s/it]Training MLP on cuda:   4%|▍         | 39/1000 [05:22<2:12:07,  8.25s/it]Training MLP on cuda:   4%|▍         | 40/1000 [05:30<2:11:36,  8.23s/it]Training MLP on cuda:   4%|▍         | 41/1000 [05:38<2:11:46,  8.24s/it]Training MLP on cuda:   4%|▍         | 42/1000 [05:46<2:11:20,  8.23s/it]Training MLP on cuda:   4%|▍         | 43/1000 [05:55<2:11:21,  8.24s/it]Training MLP on cuda:   4%|▍         | 44/1000 [06:03<2:11:04,  8.23s/it]Training MLP on cuda:   4%|▍         | 45/1000 [06:11<2:11:17,  8.25s/it]Training MLP on cuda:   5%|▍         | 46/1000 [06:19<2:10:55,  8.23s/it]Training MLP on cuda:   5%|▍         | 47/1000 [06:28<2:11:06,  8.25s/it]Training MLP on cuda:   5%|▍         | 48/1000 [06:36<2:10:40,  8.24s/it]Training MLP on cuda:   5%|▍         | 49/1000 [06:44<2:10:49,  8.25s/it]Training MLP on cuda:   5%|▌         | 50/1000 [06:52<2:10:22,  8.23s/it]Training MLP on cuda:   5%|▌         | 51/1000 [07:01<2:11:24,  8.31s/it]Training MLP on cuda:   5%|▌         | 52/1000 [07:09<2:10:40,  8.27s/it]Training MLP on cuda:   5%|▌         | 53/1000 [07:17<2:10:38,  8.28s/it]Training MLP on cuda:   5%|▌         | 54/1000 [07:25<2:10:01,  8.25s/it]Training MLP on cuda:   6%|▌         | 55/1000 [07:34<2:10:12,  8.27s/it]Training MLP on cuda:   6%|▌         | 56/1000 [07:42<2:09:32,  8.23s/it]Training MLP on cuda:   6%|▌         | 57/1000 [07:50<2:09:53,  8.26s/it]Training MLP on cuda:   6%|▌         | 58/1000 [07:58<2:09:26,  8.24s/it]Training MLP on cuda:   6%|▌         | 59/1000 [08:07<2:09:27,  8.25s/it]Training MLP on cuda:   6%|▌         | 60/1000 [08:15<2:08:57,  8.23s/it]Training MLP on cuda:   6%|▌         | 61/1000 [08:23<2:09:07,  8.25s/it]Training MLP on cuda:   6%|▌         | 62/1000 [08:31<2:08:38,  8.23s/it]Training MLP on cuda:   6%|▋         | 63/1000 [08:40<2:08:43,  8.24s/it]Training MLP on cuda:   6%|▋         | 64/1000 [08:48<2:08:11,  8.22s/it]Training MLP on cuda:   6%|▋         | 65/1000 [08:56<2:08:27,  8.24s/it]Training MLP on cuda:   7%|▋         | 66/1000 [09:04<2:08:09,  8.23s/it]Training MLP on cuda:   7%|▋         | 67/1000 [09:13<2:08:14,  8.25s/it]Training MLP on cuda:   7%|▋         | 68/1000 [09:21<2:07:55,  8.24s/it]Training MLP on cuda:   7%|▋         | 69/1000 [09:29<2:08:09,  8.26s/it]Training MLP on cuda:   7%|▋         | 70/1000 [09:37<2:07:47,  8.24s/it]Training MLP on cuda:   7%|▋         | 71/1000 [09:46<2:07:56,  8.26s/it]Training MLP on cuda:   7%|▋         | 72/1000 [09:54<2:07:34,  8.25s/it]Training MLP on cuda:   7%|▋         | 73/1000 [10:02<2:07:38,  8.26s/it]Training MLP on cuda:   7%|▋         | 74/1000 [10:10<2:07:01,  8.23s/it]Training MLP on cuda:   8%|▊         | 75/1000 [10:19<2:07:17,  8.26s/it]Training MLP on cuda:   8%|▊         | 76/1000 [10:27<2:06:58,  8.25s/it]Training MLP on cuda:   8%|▊         | 77/1000 [10:35<2:06:33,  8.23s/it]Training MLP on cuda:   8%|▊         | 78/1000 [10:43<2:05:52,  8.19s/it]Training MLP on cuda:   8%|▊         | 79/1000 [10:51<2:05:49,  8.20s/it]Training MLP on cuda:   8%|▊         | 80/1000 [10:59<2:05:09,  8.16s/it]Training MLP on cuda:   8%|▊         | 81/1000 [11:08<2:05:21,  8.18s/it]Training MLP on cuda:   8%|▊         | 82/1000 [11:16<2:04:56,  8.17s/it]Training MLP on cuda:   8%|▊         | 83/1000 [11:24<2:04:55,  8.17s/it]Training MLP on cuda:   8%|▊         | 84/1000 [11:32<2:04:26,  8.15s/it]Training MLP on cuda:   8%|▊         | 85/1000 [11:40<2:04:31,  8.17s/it]Training MLP on cuda:   9%|▊         | 86/1000 [11:48<2:04:02,  8.14s/it]Training MLP on cuda:   9%|▊         | 87/1000 [11:57<2:04:19,  8.17s/it]Training MLP on cuda:   9%|▉         | 88/1000 [12:05<2:03:51,  8.15s/it]Training MLP on cuda:   9%|▉         | 89/1000 [12:13<2:03:59,  8.17s/it]Training MLP on cuda:   9%|▉         | 90/1000 [12:21<2:03:31,  8.14s/it]Training MLP on cuda:   9%|▉         | 91/1000 [12:29<2:03:39,  8.16s/it]Training MLP on cuda:   9%|▉         | 92/1000 [12:37<2:03:21,  8.15s/it]Training MLP on cuda:   9%|▉         | 93/1000 [12:45<2:03:15,  8.15s/it]Training MLP on cuda:   9%|▉         | 94/1000 [12:54<2:02:57,  8.14s/it]Training MLP on cuda:  10%|▉         | 95/1000 [13:02<2:03:26,  8.18s/it]Training MLP on cuda:  10%|▉         | 96/1000 [13:10<2:03:04,  8.17s/it]Training MLP on cuda:  10%|▉         | 97/1000 [13:18<2:03:12,  8.19s/it]Training MLP on cuda:  10%|▉         | 98/1000 [13:26<2:02:37,  8.16s/it]Training MLP on cuda:  10%|▉         | 99/1000 [13:34<2:02:38,  8.17s/it]Training MLP on cuda:  10%|█         | 100/1000 [13:43<2:02:16,  8.15s/it]Training MLP on cuda:  10%|█         | 101/1000 [13:51<2:02:21,  8.17s/it]Training MLP on cuda:  10%|█         | 102/1000 [13:59<2:02:02,  8.15s/it]Training MLP on cuda:  10%|█         | 103/1000 [14:07<2:02:18,  8.18s/it]Training MLP on cuda:  10%|█         | 104/1000 [14:15<2:01:49,  8.16s/it]Training MLP on cuda:  10%|█         | 105/1000 [14:23<2:01:41,  8.16s/it]Training MLP on cuda:  11%|█         | 106/1000 [14:32<2:01:22,  8.15s/it]Training MLP on cuda:  11%|█         | 107/1000 [14:40<2:01:27,  8.16s/it]Training MLP on cuda:  11%|█         | 108/1000 [14:48<2:00:54,  8.13s/it]Training MLP on cuda:  11%|█         | 109/1000 [14:56<2:01:05,  8.15s/it]Training MLP on cuda:  11%|█         | 110/1000 [15:04<2:00:37,  8.13s/it]Training MLP on cuda:  11%|█         | 111/1000 [15:12<2:00:50,  8.16s/it]Training MLP on cuda:  11%|█         | 112/1000 [15:20<2:00:20,  8.13s/it]Training MLP on cuda:  11%|█▏        | 113/1000 [15:29<2:00:33,  8.16s/it]Training MLP on cuda:  11%|█▏        | 114/1000 [15:37<2:00:10,  8.14s/it]Training MLP on cuda:  12%|█▏        | 115/1000 [15:45<2:00:13,  8.15s/it]Training MLP on cuda:  12%|█▏        | 116/1000 [15:53<1:59:58,  8.14s/it]Training MLP on cuda:  12%|█▏        | 117/1000 [16:01<2:00:02,  8.16s/it]Training MLP on cuda:  12%|█▏        | 118/1000 [16:09<1:59:52,  8.16s/it]Training MLP on cuda:  12%|█▏        | 119/1000 [16:18<1:59:59,  8.17s/it]Training MLP on cuda:  12%|█▏        | 120/1000 [16:26<1:59:25,  8.14s/it]Training MLP on cuda:  12%|█▏        | 121/1000 [16:34<1:59:38,  8.17s/it]Training MLP on cuda:  12%|█▏        | 122/1000 [16:42<1:59:08,  8.14s/it]Training MLP on cuda:  12%|█▏        | 123/1000 [16:50<1:59:07,  8.15s/it]Training MLP on cuda:  12%|█▏        | 124/1000 [16:58<1:59:04,  8.16s/it]Training MLP on cuda:  12%|█▎        | 125/1000 [17:06<1:59:16,  8.18s/it]Training MLP on cuda:  13%|█▎        | 126/1000 [17:15<1:58:46,  8.15s/it]Training MLP on cuda:  13%|█▎        | 127/1000 [17:23<1:58:55,  8.17s/it]Training MLP on cuda:  13%|█▎        | 128/1000 [17:31<1:58:22,  8.14s/it]Training MLP on cuda:  13%|█▎        | 129/1000 [17:39<1:58:40,  8.17s/it]Training MLP on cuda:  13%|█▎        | 130/1000 [17:47<1:58:14,  8.15s/it]Training MLP on cuda:  13%|█▎        | 131/1000 [17:55<1:58:31,  8.18s/it]Training MLP on cuda:  13%|█▎        | 132/1000 [18:04<1:58:08,  8.17s/it]Training MLP on cuda:  13%|█▎        | 133/1000 [18:12<1:58:11,  8.18s/it]Training MLP on cuda:  13%|█▎        | 134/1000 [18:20<1:57:30,  8.14s/it]Training MLP on cuda:  14%|█▎        | 135/1000 [18:28<1:57:40,  8.16s/it]Training MLP on cuda:  14%|█▎        | 136/1000 [18:36<1:57:07,  8.13s/it]Training MLP on cuda:  14%|█▎        | 137/1000 [18:44<1:57:15,  8.15s/it]Training MLP on cuda:  14%|█▍        | 138/1000 [18:52<1:56:58,  8.14s/it]Training MLP on cuda:  14%|█▍        | 139/1000 [19:01<1:56:55,  8.15s/it]Training MLP on cuda:  14%|█▍        | 140/1000 [19:09<1:56:33,  8.13s/it]Training MLP on cuda:  14%|█▍        | 141/1000 [19:17<1:56:47,  8.16s/it]Training MLP on cuda:  14%|█▍        | 142/1000 [19:25<1:56:24,  8.14s/it]Training MLP on cuda:  14%|█▍        | 143/1000 [19:33<1:56:39,  8.17s/it]Training MLP on cuda:  14%|█▍        | 144/1000 [19:41<1:56:12,  8.15s/it]Training MLP on cuda:  14%|█▍        | 145/1000 [19:50<1:56:16,  8.16s/it]Training MLP on cuda:  15%|█▍        | 146/1000 [19:58<1:55:57,  8.15s/it]Training MLP on cuda:  15%|█▍        | 147/1000 [20:06<1:56:04,  8.16s/it]Training MLP on cuda:  15%|█▍        | 148/1000 [20:14<1:55:39,  8.15s/it]Training MLP on cuda:  15%|█▍        | 149/1000 [20:22<1:55:46,  8.16s/it]Training MLP on cuda:  15%|█▌        | 150/1000 [20:30<1:55:29,  8.15s/it]Training MLP on cuda:  15%|█▌        | 151/1000 [20:39<1:55:44,  8.18s/it]Training MLP on cuda:  15%|█▌        | 152/1000 [20:47<1:55:00,  8.14s/it]Training MLP on cuda:  15%|█▌        | 153/1000 [20:55<1:55:17,  8.17s/it]Training MLP on cuda:  15%|█▌        | 154/1000 [21:03<1:54:57,  8.15s/it]Training MLP on cuda:  16%|█▌        | 155/1000 [21:11<1:54:48,  8.15s/it]Training MLP on cuda:  16%|█▌        | 156/1000 [21:19<1:54:13,  8.12s/it]Training MLP on cuda:  16%|█▌        | 157/1000 [21:27<1:54:07,  8.12s/it]Training MLP on cuda:  16%|█▌        | 158/1000 [21:35<1:53:42,  8.10s/it]Training MLP on cuda:  16%|█▌        | 159/1000 [21:43<1:53:44,  8.11s/it]Training MLP on cuda:  16%|█▌        | 160/1000 [21:51<1:53:07,  8.08s/it]Training MLP on cuda:  16%|█▌        | 161/1000 [22:00<1:53:14,  8.10s/it]Training MLP on cuda:  16%|█▌        | 162/1000 [22:08<1:52:39,  8.07s/it]Training MLP on cuda:  16%|█▋        | 163/1000 [22:16<1:52:45,  8.08s/it]Training MLP on cuda:  16%|█▋        | 164/1000 [22:24<1:52:30,  8.08s/it]Training MLP on cuda:  16%|█▋        | 165/1000 [22:32<1:52:35,  8.09s/it]Training MLP on cuda:  17%|█▋        | 166/1000 [22:40<1:52:09,  8.07s/it]Training MLP on cuda:  17%|█▋        | 167/1000 [22:48<1:52:08,  8.08s/it]Training MLP on cuda:  17%|█▋        | 168/1000 [22:56<1:51:40,  8.05s/it]Training MLP on cuda:  17%|█▋        | 169/1000 [23:04<1:51:54,  8.08s/it]Training MLP on cuda:  17%|█▋        | 170/1000 [23:12<1:51:28,  8.06s/it]Training MLP on cuda:  17%|█▋        | 171/1000 [23:20<1:51:30,  8.07s/it]Training MLP on cuda:  17%|█▋        | 172/1000 [23:28<1:50:58,  8.04s/it]Training MLP on cuda:  17%|█▋        | 173/1000 [23:36<1:51:05,  8.06s/it]Training MLP on cuda:  17%|█▋        | 174/1000 [23:44<1:50:39,  8.04s/it]Training MLP on cuda:  18%|█▊        | 175/1000 [23:52<1:50:52,  8.06s/it]Training MLP on cuda:  18%|█▊        | 176/1000 [24:00<1:50:16,  8.03s/it]Training MLP on cuda:  18%|█▊        | 177/1000 [24:08<1:50:26,  8.05s/it]Training MLP on cuda:  18%|█▊        | 178/1000 [24:16<1:49:56,  8.03s/it]Training MLP on cuda:  18%|█▊        | 179/1000 [24:24<1:49:51,  8.03s/it]Training MLP on cuda:  18%|█▊        | 180/1000 [24:32<1:49:33,  8.02s/it]Training MLP on cuda:  18%|█▊        | 181/1000 [24:41<1:49:43,  8.04s/it]Training MLP on cuda:  18%|█▊        | 182/1000 [24:49<1:49:15,  8.01s/it]Training MLP on cuda:  18%|█▊        | 183/1000 [24:57<1:49:20,  8.03s/it]Training MLP on cuda:  18%|█▊        | 184/1000 [25:05<1:48:58,  8.01s/it]Training MLP on cuda:  18%|█▊        | 185/1000 [25:13<1:49:10,  8.04s/it]Training MLP on cuda:  19%|█▊        | 186/1000 [25:21<1:48:39,  8.01s/it]Training MLP on cuda:  19%|█▊        | 187/1000 [25:29<1:48:47,  8.03s/it]Training MLP on cuda:  19%|█▉        | 188/1000 [25:37<1:48:18,  8.00s/it]Training MLP on cuda:  19%|█▉        | 189/1000 [25:45<1:48:25,  8.02s/it]Training MLP on cuda:  19%|█▉        | 190/1000 [25:53<1:48:06,  8.01s/it]Training MLP on cuda:  19%|█▉        | 191/1000 [26:01<1:48:17,  8.03s/it]Training MLP on cuda:  19%|█▉        | 192/1000 [26:09<1:47:49,  8.01s/it]Training MLP on cuda:  19%|█▉        | 193/1000 [26:17<1:48:04,  8.04s/it]Training MLP on cuda:  19%|█▉        | 194/1000 [26:25<1:47:41,  8.02s/it]Training MLP on cuda:  20%|█▉        | 195/1000 [26:33<1:47:47,  8.03s/it]Training MLP on cuda:  20%|█▉        | 196/1000 [26:41<1:47:22,  8.01s/it]Training MLP on cuda:  20%|█▉        | 197/1000 [26:49<1:47:23,  8.02s/it]Training MLP on cuda:  20%|█▉        | 198/1000 [26:57<1:47:18,  8.03s/it]Training MLP on cuda:  20%|█▉        | 199/1000 [27:05<1:47:38,  8.06s/it]Training MLP on cuda:  20%|██        | 200/1000 [27:13<1:47:08,  8.04s/it]Training MLP on cuda:  20%|██        | 201/1000 [27:21<1:47:14,  8.05s/it]Training MLP on cuda:  20%|██        | 202/1000 [27:29<1:46:46,  8.03s/it]Training MLP on cuda:  20%|██        | 203/1000 [27:37<1:46:54,  8.05s/it]Training MLP on cuda:  20%|██        | 204/1000 [27:45<1:46:33,  8.03s/it]Training MLP on cuda:  20%|██        | 205/1000 [27:53<1:46:52,  8.07s/it]Training MLP on cuda:  21%|██        | 206/1000 [28:01<1:46:33,  8.05s/it]Training MLP on cuda:  21%|██        | 207/1000 [28:09<1:46:34,  8.06s/it]Training MLP on cuda:  21%|██        | 208/1000 [28:17<1:46:16,  8.05s/it]Training MLP on cuda:  21%|██        | 209/1000 [28:26<1:46:11,  8.05s/it]Training MLP on cuda:  21%|██        | 210/1000 [28:33<1:45:40,  8.03s/it]Training MLP on cuda:  21%|██        | 211/1000 [28:42<1:45:43,  8.04s/it]Training MLP on cuda:  21%|██        | 212/1000 [28:50<1:45:18,  8.02s/it]Training MLP on cuda:  21%|██▏       | 213/1000 [28:58<1:45:14,  8.02s/it]Training MLP on cuda:  21%|██▏       | 214/1000 [29:05<1:44:42,  7.99s/it]Training MLP on cuda:  22%|██▏       | 215/1000 [29:14<1:44:47,  8.01s/it]Training MLP on cuda:  22%|██▏       | 216/1000 [29:21<1:44:11,  7.97s/it]Training MLP on cuda:  22%|██▏       | 217/1000 [29:29<1:44:16,  7.99s/it]Training MLP on cuda:  22%|██▏       | 218/1000 [29:37<1:43:46,  7.96s/it]Training MLP on cuda:  22%|██▏       | 219/1000 [29:45<1:43:45,  7.97s/it]Training MLP on cuda:  22%|██▏       | 220/1000 [29:53<1:43:29,  7.96s/it]Training MLP on cuda:  22%|██▏       | 221/1000 [30:01<1:43:26,  7.97s/it]Training MLP on cuda:  22%|██▏       | 222/1000 [30:09<1:43:03,  7.95s/it]Training MLP on cuda:  22%|██▏       | 223/1000 [30:17<1:43:24,  7.98s/it]Training MLP on cuda:  22%|██▏       | 224/1000 [30:25<1:42:57,  7.96s/it]Training MLP on cuda:  22%|██▎       | 225/1000 [30:33<1:42:56,  7.97s/it]Training MLP on cuda:  23%|██▎       | 226/1000 [30:41<1:42:25,  7.94s/it]Training MLP on cuda:  23%|██▎       | 227/1000 [30:49<1:42:26,  7.95s/it]Training MLP on cuda:  23%|██▎       | 228/1000 [30:57<1:42:07,  7.94s/it]Training MLP on cuda:  23%|██▎       | 229/1000 [31:05<1:42:24,  7.97s/it]Training MLP on cuda:  23%|██▎       | 230/1000 [31:13<1:42:13,  7.97s/it]Training MLP on cuda:  23%|██▎       | 231/1000 [31:21<1:42:14,  7.98s/it]Training MLP on cuda:  23%|██▎       | 232/1000 [31:29<1:41:49,  7.95s/it]Training MLP on cuda:  23%|██▎       | 233/1000 [31:37<1:41:55,  7.97s/it]Training MLP on cuda:  23%|██▎       | 234/1000 [31:45<1:41:21,  7.94s/it]Training MLP on cuda:  24%|██▎       | 235/1000 [31:53<1:41:28,  7.96s/it]Training MLP on cuda:  24%|██▎       | 236/1000 [32:01<1:41:09,  7.94s/it]Training MLP on cuda:  24%|██▎       | 237/1000 [32:09<1:41:13,  7.96s/it]Training MLP on cuda:  24%|██▍       | 238/1000 [32:16<1:40:47,  7.94s/it]Training MLP on cuda:  24%|██▍       | 239/1000 [32:24<1:40:55,  7.96s/it]Training MLP on cuda:  24%|██▍       | 240/1000 [32:32<1:40:35,  7.94s/it]Training MLP on cuda:  24%|██▍       | 241/1000 [32:40<1:40:40,  7.96s/it]Training MLP on cuda:  24%|██▍       | 242/1000 [32:48<1:40:20,  7.94s/it]Training MLP on cuda:  24%|██▍       | 243/1000 [32:56<1:40:27,  7.96s/it]Training MLP on cuda:  24%|██▍       | 244/1000 [33:04<1:40:08,  7.95s/it]Training MLP on cuda:  24%|██▍       | 245/1000 [33:12<1:40:05,  7.95s/it]Training MLP on cuda:  25%|██▍       | 246/1000 [33:20<1:39:38,  7.93s/it]Training MLP on cuda:  25%|██▍       | 247/1000 [33:28<1:39:56,  7.96s/it]Training MLP on cuda:  25%|██▍       | 248/1000 [33:36<1:39:26,  7.93s/it]Training MLP on cuda:  25%|██▍       | 249/1000 [33:44<1:39:34,  7.96s/it]Training MLP on cuda:  25%|██▌       | 250/1000 [33:52<1:39:14,  7.94s/it]Training MLP on cuda:  25%|██▌       | 251/1000 [34:00<1:39:11,  7.95s/it]Training MLP on cuda:  25%|██▌       | 252/1000 [34:08<1:38:54,  7.93s/it]Training MLP on cuda:  25%|██▌       | 253/1000 [34:16<1:38:58,  7.95s/it]Training MLP on cuda:  25%|██▌       | 254/1000 [34:24<1:38:42,  7.94s/it]Training MLP on cuda:  26%|██▌       | 255/1000 [34:32<1:38:44,  7.95s/it]Training MLP on cuda:  26%|██▌       | 256/1000 [34:39<1:38:20,  7.93s/it]Training MLP on cuda:  26%|██▌       | 257/1000 [34:47<1:38:29,  7.95s/it]Training MLP on cuda:  26%|██▌       