[I 2025-05-13 16:55:01,822] Trial 99 finished with value: 0.5608179076423597 and parameters: {'interp_param': 0.77551536976873}. Best is trial 48 with value: 0.5643806399248152.
Best hyperparameters: {'interp_param': 0.945557787303322}
Best optimized value: 0.5643806399248152
Tuning threshold scale factor for offline LSET using optuna
  0%|          | 0/100 [00:00<?, ?it/s]                                         0%|          | 0/100 [00:01<?, ?it/s]Best trial: 0. Best value: 0.562861:   0%|          | 0/100 [00:01<?, ?it/s]Best trial: 0. Best value: 0.562861:   1%|          | 1/100 [00:01<02:07,  1.28s/it]                                                                                    Best trial: 0. Best value: 0.562861:   1%|          | 1/100 [00:02<02:07,  1.28s/it]Best trial: 1. Best value: 0.565762:   1%|          | 1/100 [00:02<02:07,  1.28s/it]Best trial: 1. Best value: 0.565762:   2%|▏         | 2/100 [00:02<01:55,  1.18s/it]                                                                                    Best trial: 1. Best value: 0.565762:   2%|▏         | 2/100 [00:03<01:55,  1.18s/it]Best trial: 1. Best value: 0.565762:   2%|▏         | 2/100 [00:03<01:55,  1.18s/it]Best trial: 1. Best value: 0.565762:   3%|▎         | 3/100 [00:03<01:50,  1.14s/it]                                                                                    Best trial: 1. Best value: 0.565762:   3%|▎         | 3/100 [00:04<01:50,  1.14s/it]Best trial: 1. Best value: 0.565762:   3%|▎         | 3/100 [00:04<01:50,  1.14s/it]Best trial: 1. Best value: 0.565762:   4%|▍         | 4/100 [00:04<01:47,  1.12s/it]                                                                                    Best trial: 1. Best value: 0.565762:   4%|▍         | 4/100 [00:05<01:47,  1.12s/it]Best trial: 1. Best value: 0.565762:   4%|▍         | 4/100 [00:05<01:47,  1.12s/it]Best trial: 1. Best value: 0.565762:   5%|▌         | 5/100 [00:05<01:45,  1.11s/it]                                                                                    Best trial: 1. Best value: 0.565762:   5%|▌         | 5/100 [00:06<01:45,  1.11s/it]Best trial: 5. Best value: 0.566718:   5%|▌         | 5/100 [00:06<01:45,  1.11s/it]Best trial: 5. Best value: 0.566718:   6%|▌         | 6/100 [00:06<01:44,  1.11s/it]                                                                                    Best trial: 5. Best value: 0.566718:   6%|▌         | 6/100 [00:07<01:44,  1.11s/it]Best trial: 5. Best value: 0.566718:   6%|▌         | 6/100 [00:07<01:44,  1.11s/it]Best trial: 5. Best value: 0.566718:   7%|▋         | 7/100 [00:07<01:42,  1.11s/it]                                                                                    Best trial: 5. Best value: 0.566718:   7%|▋         | 7/100 [00:08<01:42,  1.11s/it]Best trial: 5. Best value: 0.566718:   7%|▋         | 7/100 [00:08<01:42,  1.11s/it]Best trial: 5. Best value: 0.566718:   8%|▊         | 8/100 [00:08<01:41,  1.10s/it]                                                                                    Best trial: 5. Best value: 0.566718:   8%|▊         | 8/100 [00:10<01:41,  1.10s/it]Best trial: 5. Best value: 0.566718:   8%|▊         | 8/100 [00:10<01:41,  1.10s/it]Best trial: 5. Best value: 0.566718:   9%|▉         | 9/100 [00:10<01:40,  1.10s/it]                                                                                    Best trial: 5. Best value: 0.566718:   9%|▉         | 9/100 [00:11<01:40,  1.10s/it]Best trial: 5. Best value: 0.566718:   9%|▉         | 9/100 [00:11<01:40,  1.10s/it]Best trial: 5. Best value: 0.566718:  10%|█         | 10/100 [00:11<01:39,  1.10s/it]                                                                                     Best trial: 5. Best value: 0.566718:  10%|█         | 10/100 [00:12<01:39,  1.10s/it]Best trial: 5. Best value: 0.566718:  10%|█         | 10/100 [00:12<01:39,  1.10s/it]Best trial: 5. Best value: 0.566718:  11%|█         | 11/100 [00:12<01:37,  1.10s/it]                                                                                     Best trial: 5. Best value: 0.566718:  11%|█         | 11/100 [00:13<01:37,  1.10s/it]Best trial: 11. Best value: 0.56686:  11%|█         | 11/100 [00:13<01:37,  1.10s/it]Best trial: 11. Best value: 0.56686:  12%|█▏        | 12/100 [00:13<01:36,  1.10s/it]                                                                                     Best trial: 11. Best value: 0.56686:  12%|█▏        | 12/100 [00:14<01:36,  1.10s/it]Best trial: 11. Best value: 0.56686:  12%|█▏        | 12/100 [00:14<01:36,  1.10s/it]Best trial: 11. Best value: 0.56686:  13%|█▎        | 13/100 [00:14<01:35,  1.10s/it]                                                                                     Best trial: 11. Best value: 0.56686:  13%|█▎        | 13/100 [00:15<01:35,  1.10s/it]Best trial: 11. Best value: 0.56686:  13%|█▎        | 13/100 [00:15<01:35,  1.10s/it]Best trial: 11. Best value: 0.56686:  14%|█▍        | 14/100 [00:15<01:34,  1.10s/it]                                                                                     Best trial: 11. Best value: 0.56686:  14%|█▍        | 14/100 [00:16<01:34,  1.10s/it]Best trial: 14. Best value: 0.567225:  14%|█▍        | 14/100 [00:16<01:34,  1.10s/it]Best trial: 14. Best value: 0.567225:  15%|█▌        | 15/100 [00:16<01:33,  1.10s/it]                                                                                      Best trial: 14. Best value: 0.567225:  15%|█▌        | 15/100 [00:17<01:33,  1.10s/it]Best trial: 14. Best value: 0.567225:  15%|█▌        | 15/100 [00:17<01:33,  1.10s/it]Best trial: 14. Best value: 0.567225:  16%|█▌        | 16/100 [00:17<01:32,  1.10s/it]                                                                                      Best trial: 14. Best value: 0.567225:  16%|█▌        | 16/100 [00:18<01:32,  1.10s/it]Best trial: 14. Best value: 0.567225:  16%|█▌        | 16/100 [00:18<01:32,  1.10s/it]Best trial: 14. Best value: 0.567225:  17%|█▋        | 17/100 [00:18<01:31,  1.10s/it]                                                                                      Best trial: 14. Best value: 0.567225:  17%|█▋        | 17/100 [00:19<01:31,  1.10s/it]Best trial: 14. Best value: 0.567225:  17%|█▋        | 17/100 [00:19<01:31,  1.10s/it]Best trial: 14. Best value: 0.567225:  18%|█▊        | 18/100 [00:19<01:30,  1.10s/it]                                                                                      Best trial: 14. Best value: 0.567225:  18%|█▊        | 18/100 [00:21<01:30,  1.10s/it]Best trial: 14. Best value: 0.567225:  18%|█▊        | 18/100 [00:21<01:30,  1.10s/it]Best trial: 14. Best value: 0.567225:  19%|█▉        | 19/100 [00:21<01:29,  1.10s/it]                                                                                      Best trial: 14. Best value: 0.567225:  19%|█▉        | 19/100 [00:22<01:29,  1.10s/it]Best trial: 14. Best value: 0.567225:  19%|█▉        | 19/100 [00:22<01:29,  1.10s/it]Best trial: 14. Best value: 0.567225:  20%|██        | 20/100 [00:22<01:27,  1.10s/it]                                                                                      Best trial: 14. Best value: 0.567225:  20%|██        | 20/100 [00:23<01:27,  1.10s/it]Best trial: 14. Best value: 0.567225:  20%|██        | 20/100 [00:23<01:27,  1.10s/it]Best trial: 14. Best value: 0.567225:  21%|██        | 21/100 [00:23<01:26,  1.10s/it]                                                                                      Best trial: 14. Best value: 0.567225:  21%|██        | 21/100 [00:24<01:26,  1.10s/it]Best trial: 14. Best value: 0.567225:  21%|██        | 21/100 [00:24<01:26,  1.10s/it]Best trial: 14. Best value: 0.567225:  22%|██▏       | 22/100 [00:24<01:25,  1.10s/it]                                                                                      Best trial: 14. Best value: 0.567225:  22%|██▏       | 22/100 [00:25<01:25,  1.10s/it]Best trial: 14. Best value: 0.567225:  22%|██▏       | 22/100 [00:25<01:25,  1.10s/it]Best trial: 14. Best value: 0.567225:  23%|██▎       | 23/100 [00:25<01:28,  1.14s/it]                                                                                      Best trial: 14. Best value: 0.567225:  23%|██▎       | 23/100 [00:26<01:28,  1.14s/it]Best trial: 14. Best value: 0.567225:  23%|██▎       | 23/100 [00:26<01:28,  1.14s/it]Best trial: 14. Best value: 0.567225:  24%|██▍       | 24/100 [00:26<01:25,  1.13s/it]                                                                                      Best trial: 14. Best value: 0.567225:  24%|██▍       | 24/100 [00:27<01:25,  1.13s/it]Best trial: 14. Best value: 0.567225:  24%|██▍       | 24/100 [00:27<01:25,  1.13s/it]Best trial: 14. Best value: 0.567225:  25%|██▌       | 25/100 [00:27<01:24,  1.12s/it]                                                                                      Best trial: 14. Best value: 0.567225:  25%|██▌       | 25/100 [00:28<01:24,  1.12s/it]Best trial: 14. Best value: 0.567225:  25%|██▌       | 25/100 [00:28<01:24,  1.12s/it]Best trial: 14. Best value: 0.567225:  26%|██▌       | 26/100 [00:28<01:22,  1.11s/it]                                                                                      Best trial: 14. Best value: 0.567225:  26%|██▌       | 26/100 [00:30<01:22,  1.11s/it]Best trial: 14. Best value: 0.567225:  26%|██▌       | 26/100 [00:30<01:22,  1.11s/it]Best trial: 14. Best value: 0.567225:  27%|██▋       | 27/100 [00:30<01:21,  1.11s/it]                                                                                      Best trial: 14. Best value: 0.567225:  27%|██▋       | 27/100 [00:31<01:21,  1.11s/it]Best trial: 14. Best value: 0.567225:  27%|██▋       | 27/100 [00:31<01:21,  1.11s/it]Best trial: 14. Best value: 0.567225:  28%|██▊       | 28/100 [00:31<01:19,  1.11s/it]                                                                                      Best trial: 14. Best value: 0.567225:  28%|██▊       | 28/100 [00:32<01:19,  1.11s/it]Best trial: 14. Best value: 0.567225:  28%|██▊       | 28/100 [00:32<01:19,  1.11s/it]Best trial: 14. Best value: 0.567225:  29%|██▉       | 29/100 [00:32<01:18,  1.10s/it]                                                                                      Best trial: 14. Best value: 0.567225:  29%|██▉       | 29/100 [00:33<01:18,  1.10s/it]Best trial: 14. Best value: 0.567225:  29%|██▉       | 29/100 [00:33<01:18,  1.10s/it]Best trial: 14. Best value: 0.567225:  30%|███       | 30/100 [00:33<01:17,  1.10s/it]                                                                                      Best trial: 14. Best value: 0.567225:  30%|███       | 30/100 [00:34<01:17,  1.10s/it]Best trial: 14. Best value: 0.567225:  30%|███       | 30/100 [00:34<01:17,  1.10s/it]Best trial: 14. Best value: 0.567225:  31%|███       | 31/100 [00:34<01:16,  1.10s/it]                                                                                      Best trial: 14. Best value: 0.567225:  31%|███       | 31/100 [00:35<01:16,  1.10s/it]Best trial: 14. Best value: 0.567225:  31%|███       | 31/100 [00:35<01:16,  1.10s/it]Best trial: 14. Best value: 0.567225:  32%|███▏      | 32/100 [00:35<01:14,  1.10s/it]                                                                                      Best trial: 14. Best value: 0.567225:  32%|███▏      | 32/100 [00:36<01:14,  1.10s/it]Best trial: 14. Best value: 0.567225:  32%|███▏      | 32/100 [00:36<01:14,  1.10s/it]Best trial: 14. Best value: 0.567225:  33%|███▎      | 33/100 [00:36<01:13,  1.10s/it]                                                                                      Best trial: 14. Best value: 0.567225:  33%|███▎      | 33/100 [00:37<01:13,  1.10s/it]Best trial: 14. Best value: 0.567225:  33%|███▎      | 33/100 [00:37<01:13,  1.10s/it]Best trial: 14. Best value: 0.567225:  34%|███▍      | 34/100 [00:37<01:12,  1.10s/it]                                                                                      Best trial: 14. Best value: 0.567225:  34%|███▍      | 34/100 [00:38<01:12,  1.10s/it]Best trial: 14. Best value: 0.567225:  34%|███▍      | 34/100 [00:38<01:12,  1.10s/it]Best trial: 14. Best value: 0.567225:  35%|███▌      | 35/100 [00:38<01:11,  1.10s/it]                                                                                      Best trial: 14. Best value: 0.567225:  35%|███▌      | 35/100 [00:39<01:11,  1.10s/it]Best trial: 14. Best value: 0.567225:  35%|███▌      | 35/100 [00:39<01:11,  1.10s/it]Best trial: 14. Best value: 0.567225:  36%|███▌      | 36/100 [00:39<01:10,  1.10s/it]                                                                                      Best trial: 14. Best value: 0.567225:  36%|███▌      | 36/100 [00:41<01:10,  1.10s/it]Best trial: 14. Best value: 0.567225:  36%|███▌      | 36/100 [00:41<01:10,  1.10s/it]Best trial: 14. Best value: 0.567225:  37%|███▋      | 37/100 [00:41<01:09,  1.10s/it]                                                                                      Best trial: 14. Best value: 0.567225:  37%|███▋      | 37/100 [00:42<01:09,  1.10s/it]Best trial: 14. Best value: 0.567225:  37%|███▋      | 37/100 [00:42<01:09,  1.10s/it]Best trial: 14. Best value: 0.567225:  38%|███▊      | 38/100 [00:42<01:08,  1.10s/it]                                                                                      Best trial: 14. Best value: 0.567225:  38%|███▊      | 38/100 [00:43<01:08,  1.10s/it]Best trial: 14. Best value: 0.567225:  38%|███▊      | 38/100 [00:43<01:08,  1.10s/it]Best trial: 14. Best value: 0.567225:  39%|███▉      | 39/100 [00:43<01:07,  1.10s/it]                                                                                      Best trial: 14. Best value: 0.567225:  39%|███▉      | 39/100 [00:44<01:07,  1.10s/it]Best trial: 14. Best value: 0.567225:  39%|███▉      | 39/100 [00:44<01:07,  1.10s/it]Best trial: 14. Best value: 0.567225:  40%|████      | 40/100 [00:44<01:06,  1.10s/it]                                                                                      Best trial: 14. Best value: 0.567225:  40%|████      | 40/100 [00:45<01:06,  1.10s/it]Best trial: 14. Best value: 0.567225:  40%|████      | 40/100 [00:45<01:06,  1.10s/it]Best trial: 14. Best value: 0.567225:  41%|████      | 41/100 [00:45<01:04,  1.10s/it]                                                                                      Best trial: 14. Best value: 0.567225:  41%|████      | 41/100 [00:46<01:04,  1.10s/it]Best trial: 14. Best value: 0.567225:  41%|████      | 41/100 [00:46<01:04,  1.10s/it]Best trial: 14. Best value: 0.567225:  42%|████▏     | 42/100 [00:46<01:03,  1.10s/it]                                                                                      Best trial: 14. Best value: 0.567225:  42%|████▏     | 42/100 [00:47<01:03,  1.10s/it]Best trial: 14. Best value: 0.567225:  42%|████▏     | 42/100 [00:47<01:03,  1.10s/it]Best trial: 14. Best value: 0.567225:  43%|████▎     | 43/100 [00:47<01:02,  1.10s/it]                                                                                      Best trial: 14. Best value: 0.567225:  43%|████▎     | 43/100 [00:48<01:02,  1.10s/it]Best trial: 14. Best value: 0.567225:  43%|████▎     | 43/100 [00:48<01:02,  1.10s/it]Best trial: 14. Best value: 0.567225:  44%|████▍     | 44/100 [00:48<01:03,  1.13s/it]                                                                                      Best trial: 14. Best value: 0.567225:  44%|████▍     | 44/100 [00:49<01:03,  1.13s/it]Best trial: 14. Best value: 0.567225:  44%|████▍     | 44/100 [00:49<01:03,  1.13s/it]Best trial: 14. Best value: 0.567225:  45%|████▌     | 45/100 [00:49<01:01,  1.12s/it]                                                                                      Best trial: 14. Best value: 0.567225:  45%|████▌     | 45/100 [00:51<01:01,  1.12s/it]Best trial: 14. Best value: 0.567225:  45%|████▌     | 45/100 [00:51<01:01,  1.12s/it]Best trial: 14. Best value: 0.567225:  46%|████▌     | 46/100 [00:51<01:00,  1.12s/it]                                                                                      Best trial: 14. Best value: 0.567225:  46%|████▌     | 46/100 [00:52<01:00,  1.12s/it]Best trial: 14. Best value: 0.567225:  46%|████▌     | 46/100 [00:52<01:00,  1.12s/it]Best trial: 14. Best value: 0.567225:  47%|████▋     | 47/100 [00:52<00:58,  1.11s/it]                                                                                      Best trial: 14. Best value: 0.567225:  47%|████▋     | 47/100 [00:53<00:58,  1.11s/it]Best trial: 14. Best value: 0.567225:  47%|████▋     | 47/100 [00:53<00:58,  1.11s/it]Best trial: 14. Best value: 0.567225:  48%|████▊     | 48/100 [00:53<00:57,  1.11s/it]                                                                                      Best trial: 14. Best value: 0.567225:  48%|████▊     | 48/100 [00:54<00:57,  1.11s/it]Best trial: 14. Best value: 0.567225:  48%|████▊     | 48/100 [00:54<00:57,  1.11s/it]Best trial: 14. Best value: 0.567225:  49%|████▉     | 49/100 [00:54<00:56,  1.11s/it]                                                                                      Best trial: 14. Best value: 0.567225:  49%|████▉     | 49/100 [00:55<00:56,  1.11s/it]Best trial: 14. Best value: 0.567225:  49%|████▉     | 49/100 [00:55<00:56,  1.11s/it]Best trial: 14. Best value: 0.567225:  50%|█████     | 50/100 [00:55<00:55,  1.10s/it]                                                                                      Best trial: 14. Best value: 0.567225:  50%|█████     | 50/100 [00:56<00:55,  1.10s/it]Best trial: 14. Best value: 0.567225:  50%|█████     | 50/100 [00:56<00:55,  1.10s/it]Best trial: 14. Best value: 0.567225:  51%|█████     | 51/100 [00:56<00:54,  1.10s/it]                                                                                      Best trial: 14. Best value: 0.567225:  51%|█████     | 51/100 [00:57<00:54,  1.10s/it]Best trial: 14. Best value: 0.567225:  51%|█████     | 51/100 [00:57<00:54,  1.10s/it]Best trial: 14. Best value: 0.567225:  52%|█████▏    | 52/100 [00:57<00:53,  1.10s/it]                                                                                      Best trial: 14. Best value: 0.567225:  52%|█████▏    | 52/100 [00:58<00:53,  1.10s/it]Best trial: 14. Best value: 0.567225:  52%|█████▏    | 52/100 [00:58<00:53,  1.10s/it]Best trial: 14. Best value: 0.567225:  53%|█████▎    | 53/100 [00:58<00:51,  1.10s/it]                                                                                      Best trial: 14. Best value: 0.567225:  53%|█████▎    | 53/100 [00:59<00:51,  1.10s/it]Best trial: 14. Best value: 0.567225:  53%|█████▎    | 53/100 [00:59<00:51,  1.10s/it]Best trial: 14. Best value: 0.567225:  54%|█████▍    | 54/100 [00:59<00:50,  1.10s/it]                                                                                      Best trial: 14. Best value: 0.567225:  54%|█████▍    | 54/100 [01:00<00:50,  1.10s/it]Best trial: 14. Best value: 0.567225:  54%|█████▍    | 54/100 [01:00<00:50,  1.10s/it]Best trial: 14. Best value: 0.567225:  55%|█████▌    | 55/100 [01:00<00:49,  1.10s/it]                                                                                      Best trial: 14. Best value: 0.567225:  55%|█████▌    | 55/100 [01:02<00:49,  1.10s/it]Best trial: 14. Best value: 0.567225:  55%|█████▌    | 55/100 [01:02<00:49,  1.10s/it]Best trial: 14. Best value: 0.567225:  56%|█████▌    | 56/100 [01:02<00:48,  1.10s/it]                                                                                      Best trial: 14. Best value: 0.567225:  56%|█████▌    | 56/100 [01:03<00:48,  1.10s/it]Best trial: 14. Best value: 0.567225:  56%|█████▌    | 56/100 [01:03<00:48,  1.10s/it]Best trial: 14. Best value: 0.567225:  57%|█████▋    | 57/100 [01:03<00:47,  1.10s/it]                                                                                      Best trial: 14. Best value: 0.567225:  57%|█████▋    | 57/100 [01:04<00:47,  1.10s/it]Best trial: 14. Best value: 0.567225:  57%|█████▋    | 57/100 [01:04<00:47,  1.10s/it]Best trial: 14. Best value: 0.567225:  58%|█████▊    | 58/100 [01:04<00:46,  1.10s/it]                                                                                      Best trial: 14. Best value: 0.567225:  58%|█████▊    | 58/100 [01:05<00:46,  1.10s/it]Best trial: 14. Best value: 0.567225:  58%|█████▊    | 58/100 [01:05<00:46,  1.10s/it]Best trial: 14. Best value: 0.567225:  59%|█████▉    | 59/100 [01:05<00:45,  1.10s/it]                                                                                      Best trial: 14. Best value: 0.567225:  59%|█████▉    | 59/100 [01:06<00:45,  1.10s/it]Best trial: 14. Best value: 0.567225:  59%|█████▉    | 59/100 [01:06<00:45,  1.10s/it]Best trial: 14. Best value: 0.567225:  60%|██████    | 60/100 [01:06<00:44,  1.10s/it]                                                                                      Best trial: 14. Best value: 0.567225:  60%|██████    | 60/100 [01:07<00:44,  1.10s/it]Best trial: 14. Best value: 0.567225:  60%|██████    | 60/100 [01:07<00:44,  1.10s/it]Best trial: 14. Best value: 0.567225:  61%|██████    | 61/100 [01:07<00:42,  1.10s/it]                                                                                      Best trial: 14. Best value: 0.567225:  61%|██████    | 61/100 [01:08<00:42,  1.10s/it]Best trial: 14. Best value: 0.567225:  61%|██████    | 61/100 [01:08<00:42,  1.10s/it]Best trial: 14. Best value: 0.567225:  62%|██████▏   | 62/100 [01:08<00:41,  1.10s/it]                                                                                      Best trial: 14. Best value: 0.567225:  62%|██████▏   | 62/100 [01:09<00:41,  1.10s/it]Best