[I 2025-05-13 16:55:00,237] Trial 0 finished with value: 0.5441846469306677 and parameters: {'threshold_scale_factor': 0.009420172234289259}. Best is trial 0 with value: 0.5441846469306677.
[I 2025-05-13 16:55:01,319] Trial 1 finished with value: 0.5537088128497586 and parameters: {'threshold_scale_factor': 0.7978756061023777}. Best is trial 1 with value: 0.5537088128497586.
[I 2025-05-13 16:55:02,398] Trial 2 finished with value: 0.5496521167072493 and parameters: {'threshold_scale_factor': 0.9754908345676484}. Best is trial 1 with value: 0.5537088128497586.
[I 2025-05-13 16:55:03,482] Trial 3 finished with value: 0.5610965696954162 and parameters: {'threshold_scale_factor': 0.21065844681399382}. Best is trial 3 with value: 0.5610965696954162.
[I 2025-05-13 16:55:04,560] Trial 4 finished with value: 0.5563704216327053 and parameters: {'threshold_scale_factor': 0.07339490393910808}. Best is trial 3 with value: 0.5610965696954162.
[I 2025-05-13 16:55:05,638] Trial 5 finished with value: 0.5560655132641292 and parameters: {'threshold_scale_factor': 0.0620214815836756}. Best is trial 3 with value: 0.5610965696954162.
[I 2025-05-13 16:55:06,716] Trial 6 finished with value: 0.5574533555470118 and parameters: {'threshold_scale_factor': 0.5703893532143157}. Best is trial 3 with value: 0.5610965696954162.
[I 2025-05-13 16:55:07,789] Trial 7 finished with value: 0.5554316715793071 and parameters: {'threshold_scale_factor': 0.6373639702932343}. Best is trial 3 with value: 0.5610965696954162.
[I 2025-05-13 16:55:08,871] Trial 8 finished with value: 0.5545865607245076 and parameters: {'threshold_scale_factor': 0.7586245180247557}. Best is trial 3 with value: 0.5610965696954162.
[I 2025-05-13 16:55:09,948] Trial 9 finished with value: 0.5441018753470888 and parameters: {'threshold_scale_factor': 0.009050016458499233}. Best is trial 3 with value: 0.5610965696954162.
[I 2025-05-13 16:55:11,025] Trial 10 finished with value: 0.5613520269981631 and parameters: {'threshold_scale_factor': 0.3234837752660996}. Best is trial 10 with value: 0.5613520269981631.
[I 2025-05-13 16:55:12,103] Trial 11 finished with value: 0.5618343713956171 and parameters: {'threshold_scale_factor': 0.29639320150944537}. Best is trial 11 with value: 0.5618343713956171.
[I 2025-05-13 16:55:13,186] Trial 12 finished with value: 0.5606265624332522 and parameters: {'threshold_scale_factor': 0.34619440500227994}. Best is trial 11 with value: 0.5618343713956171.
[I 2025-05-13 16:55:14,265] Trial 13 finished with value: 0.5606413601606219 and parameters: {'threshold_scale_factor': 0.3705862678399978}. Best is trial 11 with value: 0.5618343713956171.
[I 2025-05-13 16:55:15,343] Trial 14 finished with value: 0.5595153658849159 and parameters: {'threshold_scale_factor': 0.4010357499495}. Best is trial 11 with value: 0.5618343713956171.
[I 2025-05-13 16:55:16,425] Trial 15 finished with value: 0.560878978170789 and parameters: {'threshold_scale_factor': 0.21913701879375497}. Best is trial 11 with value: 0.5618343713956171.
[I 2025-05-13 16:55:17,506] Trial 16 finished with value: 0.5604465974625145 and parameters: {'threshold_scale_factor': 0.2259710779458767}. Best is trial 11 with value: 0.5618343713956171.
[I 2025-05-13 16:55:18,586] Trial 17 finished with value: 0.5601415182194882 and parameters: {'threshold_scale_factor': 0.46544699458992644}. Best is trial 11 with value: 0.5618343713956171.
[I 2025-05-13 16:55:19,664] Trial 18 finished with value: 0.5622042462300825 and parameters: {'threshold_scale_factor': 0.28174334647099253}. Best is trial 18 with value: 0.5622042462300825.
[I 2025-05-13 16:55:20,740] Trial 19 finished with value: 0.5605304968174634 and parameters: {'threshold_scale_factor': 0.1708230230571359}. Best is trial 18 with value: 0.5622042462300825.
[I 2025-05-13 16:55:21,824] Trial 20 finished with value: 0.5597140245204836 and parameters: {'threshold_scale_factor': 0.5061542415514302}. Best is trial 18 with value: 0.5622042462300825.
[I 2025-05-13 16:55:22,909] Trial 21 finished with value: 0.5615027724379512 and parameters: {'threshold_scale_factor': 0.29860380012305054}. Best is trial 18 with value: 0.5622042462300825.
[I 2025-05-13 16:55:24,133] Trial 22 finished with value: 0.5614936477423214 and parameters: {'threshold_scale_factor': 0.2986843424341936}. Best is trial 18 with value: 0.5622042462300825.
[I 2025-05-13 16:55:25,212] Trial 23 finished with value: 0.559598581742065 and parameters: {'threshold_scale_factor': 0.13356375428670267}. Best is trial 18 with value: 0.5622042462300825.
[I 2025-05-13 16:55:26,293] Trial 24 finished with value: 0.5620932803622538 and parameters: {'threshold_scale_factor': 0.27540546068122973}. Best is trial 18 with value: 0.5622042462300825.
[I 2025-05-13 16:55:27,376] Trial 25 finished with value: 0.5602776368063564 and parameters: {'threshold_scale_factor': 0.4536600422913633}. Best is trial 18 with value: 0.5622042462300825.
[I 2025-05-13 16:55:28,460] Trial 26 finished with value: 0.5620387030629246 and parameters: {'threshold_scale_factor': 0.26879504150072314}. Best is trial 18 with value: 0.5622042462300825.
[I 2025-05-13 16:55:29,540] Trial 27 finished with value: 0.5586704600794565 and parameters: {'threshold_scale_factor': 0.5519391107778482}. Best is trial 18 with value: 0.5622042462300825.
[I 2025-05-13 16:55:30,620] Trial 28 finished with value: 0.5586490665983168 and parameters: {'threshold_scale_factor': 0.1175019417866324}. Best is trial 18 with value: 0.5622042462300825.
[I 2025-05-13 16:55:31,699] Trial 29 finished with value: 0.5596194284249647 and parameters: {'threshold_scale_factor': 0.4265280416848757}. Best is trial 18 with value: 0.5622042462300825.
[I 2025-05-13 16:55:32,781] Trial 30 finished with value: 0.5609027638942288 and parameters: {'threshold_scale_factor': 0.218780945013003}. Best is trial 18 with value: 0.5622042462300825.
[I 2025-05-13 16:55:33,863] Trial 31 finished with value: 0.5620354222734846 and parameters: {'threshold_scale_factor': 0.2727385620324499}. Best is trial 18 with value: 0.5622042462300825.
[I 2025-05-13 16:55:34,940] Trial 32 finished with value: 0.5617186552180785 and parameters: {'threshold_scale_factor': 0.2511055311196263}. Best is trial 18 with value: 0.5622042462300825.
[I 2025-05-13 16:55:36,023] Trial 33 finished with value: 0.5604385663633645 and parameters: {'threshold_scale_factor': 0.14595757459279002}. Best is trial 18 with value: 0.5622042462300825.
[I 2025-05-13 16:55:37,104] Trial 34 finished with value: 0.5600766542782691 and parameters: {'threshold_scale_factor': 0.3842283718453916}. Best is trial 18 with value: 0.5622042462300825.
[I 2025-05-13 16:55:38,183] Trial 35 finished with value: 0.5623052330300312 and parameters: {'threshold_scale_factor': 0.2793650438503371}. Best is trial 35 with value: 0.5623052330300312.
[I 2025-05-13 16:55:39,260] Trial 36 finished with value: 0.5508167969584348 and parameters: {'threshold_scale_factor': 0.9299906540898853}. Best is trial 35 with value: 0.5623052330300312.
[I 2025-05-13 16:55:40,339] Trial 37 finished with value: 0.5563709342560553 and parameters: {'threshold_scale_factor': 0.07330926372441815}. Best is trial 35 with value: 0.5623052330300312.
[I 2025-05-13 16:55:41,420] Trial 38 finished with value: 0.5609917211328976 and parameters: {'threshold_scale_factor': 0.182419281678156}. Best is trial 35 with value: 0.5623052330300312.
[I 2025-05-13 16:55:42,501] Trial 39 finished with value: 0.5555333077021658 and parameters: {'threshold_scale_factor': 0.6553264136696949}. Best is trial 35 with value: 0.5623052330300312.
[I 2025-05-13 16:55:43,583] Trial 40 finished with value: 0.5582281344781921 and parameters: {'threshold_scale_factor': 0.09328707272919934}. Best is trial 35 with value: 0.5623052330300312.
[I 2025-05-13 16:55:44,669] Trial 41 finished with value: 0.5615871502413602 and parameters: {'threshold_scale_factor': 0.24885021095005555}. Best is trial 35 with value: 0.5623052330300312.
[I 2025-05-13 16:55:45,752] Trial 42 finished with value: 0.561996770472895 and parameters: {'threshold_scale_factor': 0.26159591114276626}. Best is trial 35 with value: 0.5623052330300312.
[I 2025-05-13 16:55:46,943] Trial 43 finished with value: 0.5602889828698363 and parameters: {'threshold_scale_factor': 0.3374734062108393}. Best is trial 35 with value: 0.5623052330300312.
[I 2025-05-13 16:55:48,027] Trial 44 finished with value: 0.5530556623520868 and parameters: {'threshold_scale_factor': 0.03645485537960014}. Best is trial 35 with value: 0.5623052330300312.
[I 2025-05-13 16:55:49,109] Trial 45 finished with value: 0.5622062283737025 and parameters: {'threshold_scale_factor': 0.28496044453433095}. Best is trial 35 with value: 0.5623052330300312.
[I 2025-05-13 16:55:50,196] Trial 46 finished with value: 0.5610161561792473 and parameters: {'threshold_scale_factor': 0.18179342328280707}. Best is trial 35 with value: 0.5623052330300312.
[I 2025-05-13 16:55:51,278] Trial 47 finished with value: 0.5604936221111538 and parameters: {'threshold_scale_factor': 0.36083025758062104}. Best is trial 35 with value: 0.5623052330300312.
[I 2025-05-13 16:55:52,362] Trial 48 finished with value: 0.5612334743047546 and parameters: {'threshold_scale_factor': 0.32589945001920445}. Best is trial 35 with value: 0.5623052330300312.
[I 2025-05-13 16:55:53,444] Trial 49 finished with value: 0.5593058396343287 and parameters: {'threshold_scale_factor': 0.40947192836009894}. Best is trial 35 with value: 0.5623052330300312.
[I 2025-05-13 16:55:54,528] Trial 50 finished with value: 0.5593756931094878 and parameters: {'threshold_scale_factor': 0.5191894129914288}. Best is trial 35 with value: 0.5623052330300312.
[I 2025-05-13 16:55:55,604] Trial 51 finished with value: 0.5620164210346449 and parameters: {'threshold_scale_factor': 0.26770703578785443}. Best is trial 35 with value: 0.5623052330300312.
[I 2025-05-13 16:55:56,688] Trial 52 finished with value: 0.5620599940193942 and parameters: {'threshold_scale_factor': 0.29357890773507145}. Best is trial 35 with value: 0.5623052330300312.
[I 2025-05-13 16:55:57,771] Trial 53 finished with value: 0.5602757913622965 and parameters: {'threshold_scale_factor': 0.33843385491977107}. Best is trial 35 with value: 0.5623052330300312.
[I 2025-05-13 16:55:58,846] Trial 54 finished with value: 0.5614560895382119 and parameters: {'threshold_scale_factor': 0.2993375726401679}. Best is trial 35 with value: 0.5623052330300312.
[I 2025-05-13 16:55:59,927] Trial 55 finished with value: 0.5612017258319449 and parameters: {'threshold_scale_factor': 0.2094670605155426}. Best is trial 35 with value: 0.5623052330300312.
[I 2025-05-13 16:56:01,011] Trial 56 finished with value: 0.5604113631509249 and parameters: {'threshold_scale_factor': 0.16376337692338666}. Best is trial 35 with value: 0.5623052330300312.
[I 2025-05-13 16:56:02,094] Trial 57 finished with value: 0.559513828014866 and parameters: {'threshold_scale_factor': 0.4135838218353492}. Best is trial 35 with value: 0.5623052330300312.
[I 2025-05-13 16:56:03,177] Trial 58 finished with value: 0.5601726857191678 and parameters: {'threshold_scale_factor': 0.4523064765099868}. Best is trial 35 with value: 0.5623052330300312.
[I 2025-05-13 16:56:04,258] Trial 59 finished with value: 0.5603515570934257 and parameters: {'threshold_scale_factor': 0.3652266619367237}. Best is trial 35 with value: 0.5623052330300312.
[I 2025-05-13 16:56:05,340] Trial 60 finished with value: 0.5613177837583836 and parameters: {'threshold_scale_factor': 0.19901079348708275}. Best is trial 35 with value: 0.5623052330300312.
[I 2025-05-13 16:56:06,420] Trial 61 finished with value: 0.5623108718868811 and parameters: {'threshold_scale_factor': 0.2792935633449328}. Best is trial 61 with value: 0.5623108718868811.
[I 2025-05-13 16:56:07,501] Trial 62 finished with value: 0.5609045409885087 and parameters: {'threshold_scale_factor': 0.3068703493796592}. Best is trial 61 with value: 0.5623108718868811.
[I 2025-05-13 16:56:08,582] Trial 63 finished with value: 0.5612630697594942 and parameters: {'threshold_scale_factor': 0.24353166739998422}. Best is trial 61 with value: 0.5623108718868811.
[I 2025-05-13 16:56:09,795] Trial 64 finished with value: 0.5620366183946346 and parameters: {'threshold_scale_factor': 0.2891423893831508}. Best is trial 61 with value: 0.5623108718868811.
[I 2025-05-13 16:56:10,877] Trial 65 finished with value: 0.5591915246272801 and parameters: {'threshold_scale_factor': 0.12341157343067533}. Best is trial 61 with value: 0.5623108718868811.
[I 2025-05-13 16:56:11,956] Trial 66 finished with value: 0.5606695886197616 and parameters: {'threshold_scale_factor': 0.22917920195461497}. Best is trial 61 with value: 0.5623108718868811.
[I 2025-05-13 16:56:13,040] Trial 67 finished with value: 0.5605028493314537 and parameters: {'threshold_scale_factor': 0.367848347785646}. Best is trial 61 with value: 0.5623108718868811.
[I 2025-05-13 16:56:14,127] Trial 68 finished with value: 0.561204767397155 and parameters: {'threshold_scale_factor': 0.32157923817766637}. Best is trial 61 with value: 0.5623108718868811.
[I 2025-05-13 16:56:15,212] Trial 69 finished with value: 0.5558337049852621 and parameters: {'threshold_scale_factor': 0.6340185498189099}. Best is trial 61 with value: 0.5623108718868811.
[I 2025-05-13 16:56:16,292] Trial 70 finished with value: 0.5620444444444445 and parameters: {'threshold_scale_factor': 0.27232793922392606}. Best is trial 61 with value: 0.5623108718868811.
[I 2025-05-13 16:56:17,373] Trial 71 finished with value: 0.5620076722628049 and parameters: {'threshold_scale_factor': 0.27022558041908973}. Best is trial 61 with value: 0.5623108718868811.
[I 2025-05-13 16:56:18,454] Trial 72 finished with value: 0.559752505446623 and parameters: {'threshold_scale_factor': 0.3908264091492342}. Best is trial 61 with value: 0.5623108718868811.
[I 2025-05-13 16:56:19,538] Trial 73 finished with value: 0.5620450254175744 and parameters: {'threshold_scale_factor': 0.2887088094743106}. Best is trial 61 with value: 0.5623108718868811.
[I 2025-05-13 16:56:20,618] Trial 74 finished with value: 0.5612883250032039 and parameters: {'threshold_scale_factor': 0.20631379525082355}. Best is trial 61 with value: 0.5623108718868811.
[I 2025-05-13 16:56:21,703] Trial 75 finished with value: 0.560080891964629 and parameters: {'threshold_scale_factor': 0.15475654404555436}. Best is trial 61 with value: 0.5623108718868811.
[I 2025-05-13 16:56:22,786] Trial 76 finished with value: 0.5606845572215815 and parameters: {'threshold_scale_factor': 0.23376137718876774}. Best is trial 61 with value: 0.5623108718868811.
[I 2025-05-13 16:56:23,871] Trial 77 finished with value: 0.5610124652911274 and parameters: {'threshold_scale_factor': 0.3155970938199007}. Best is trial 61 with value: 0.5623108718868811.
[I 2025-05-13 16:56:24,953] Trial 78 finished with value: 0.5622046221538723 and parameters: {'threshold_scale_factor': 0.2858283734992111}. Best is trial 61 with value: 0.5623108718868811.
[I 2025-05-13 16:56:26,030] Trial 79 finished with value: 0.5600616515015593 and parameters: {'threshold_scale_factor': 0.43516723000808655}. Best is trial 61 with value: 0.5623108718868811.
[I 2025-05-13 16:56:27,109] Trial 80 finished with value: 0.5526748515528216 and parameters: {'threshold_scale_factor': 0.8434614328946716}. Best is trial 61 with value: 0.5623108718868811.
[I 2025-05-13 16:56:28,188] Trial 81 finished with value: 0.5621725319321628 and parameters: {'threshold_scale_factor': 0.28384444456906144}. Best is trial 61 with value: 0.5623108718868811.
[I 2025-05-13 16:56:29,268] Trial 82 finished with value: 0.5604426673501645 and parameters: {'threshold_scale_factor': 0.34225446123908176}. Best is trial 61 with value: 0.5623108718868811.
[I 2025-05-13 16:56:30,348] Trial 83 finished with value: 0.562080225554274 and parameters: {'threshold_scale_factor': 0.2921473305950712}. Best is trial 61 with value: 0.5623108718868811.
[I 2025-05-13 16:56:31,431] Trial 84 finished with value: 0.5612087658592849 and parameters: {'threshold_scale_factor': 0.19271420431153516}. Best is trial 61 with value: 0.5623108718868811.
[I 2025-05-13 16:56:32,638] Trial 85 finished with value: 0.5606332607116922 and parameters: {'threshold_scale_factor': 0.35209213878694035}. Best is trial 61 with value: 0.5623108718868811.
[I 2025-05-13 16:56:33,720] Trial 86 finished with value: 0.5607993506770901 and parameters: {'threshold_scale_factor': 0.23772227166141457}. Best is trial 61 with value: 0.5623108718868811.
[I 2025-05-13 16:56:34,804] Trial 87 finished with value: 0.5620990559186637 and parameters: {'threshold_scale_factor': 0.2870679243506924}. Best is trial 61 with value: 0.5623108718868811.
[I 2025-05-13 16:56:35,886] Trial 88 finished with value: 0.5597764278696228 and parameters: {'threshold_scale_factor': 0.39204764628352284}. Best is trial 61 with value: 0.5623108718868811.
[I 2025-05-13 16:56:36,968] Trial 89 finished with value: 0.5619912683156052 and parameters: {'threshold_scale_factor': 0.2581476834946307}. Best is trial 61 with value: 0.5623108718868811.
[I 2025-05-13 16:56:38,051] Trial 90 finished with value: 0.558229877397582 and parameters: {'threshold_scale_factor': 0.0931765531422366}. Best is trial 61 with value: 0.5623108718868811.
[I 2025-05-13 16:56:39,136] Trial 91 finished with value: 0.5611880900508351 and parameters: {'threshold_scale_factor': 0.3166748038818517}. Best is trial 61 with value: 0.5623108718868811.
[I 2025-05-13 16:56:40,219] Trial 92 finished with value: 0.5620662138493742 and parameters: {'threshold_scale_factor': 0.29070632841059535}. Best is trial 61 with value: 0.5623108718868811.
[I 2025-05-13 16:56:41,300] Trial 93 finished with value: 0.5608689649280192 and parameters: {'threshold_scale_factor': 0.21689944504291833}. Best is trial 61 with value: 0.5623108718868811.
[I 2025-05-13 16:56:42,383] Trial 94 finished with value: 0.5603338886752958 and parameters: {'threshold_scale_factor': 0.47841648673412807}. Best is trial 61 with value: 0.5623108718868811.
[I 2025-05-13 16:56:43,463] Trial 95 finished with value: 0.5622550642915118 and parameters: {'threshold_scale_factor': 0.27777246820699836}. Best is trial 61 with value: 0.5623108718868811.
[I 2025-05-13 16:56:44,545] Trial 96 finished with value: 0.5605072920671537 and parameters: {'threshold_scale_factor': 0.17063870394297614}. Best is trial 61 with value: 0.5623108718868811.
[I 2025-05-13 16:56:45,625] Trial 97 finished with value: 0.5603541885599556 and parameters: {'threshold_scale_factor': 0.336406996839157}. Best is trial 61 with value: 0.5623108718868811.
[I 2025-05-13 16:56:46,708] Trial 98 finished with value: 0.5612949207569738 and parameters: {'threshold_scale_factor': 0.24389594067866383}. Best is trial 61 with value: 0.5623108718868811.
