[I 2025-05-13 19:45:48,862] Trial 0 finished with value: 0.5527717715408604 and parameters: {'threshold_scale_factor': 0.9832681282122586}. Best is trial 0 with value: 0.5527717715408604.
[I 2025-05-13 19:45:49,965] Trial 1 finished with value: 0.5529156136528686 and parameters: {'threshold_scale_factor': 0.0561410480925536}. Best is trial 1 with value: 0.5529156136528686.
[I 2025-05-13 19:45:51,428] Trial 2 finished with value: 0.5647874919902601 and parameters: {'threshold_scale_factor': 0.3686781547446205}. Best is trial 2 with value: 0.5647874919902601.
[I 2025-05-13 19:45:52,539] Trial 3 finished with value: 0.566885556837114 and parameters: {'threshold_scale_factor': 0.5224821651180623}. Best is trial 3 with value: 0.566885556837114.
[I 2025-05-13 19:45:53,650] Trial 4 finished with value: 0.558000598060575 and parameters: {'threshold_scale_factor': 0.833013506700806}. Best is trial 3 with value: 0.566885556837114.
[I 2025-05-13 19:45:54,758] Trial 5 finished with value: 0.5547566149771456 and parameters: {'threshold_scale_factor': 0.9317404677646243}. Best is trial 3 with value: 0.566885556837114.
[I 2025-05-13 19:45:55,866] Trial 6 finished with value: 0.5591235507710709 and parameters: {'threshold_scale_factor': 0.7596398853589132}. Best is trial 3 with value: 0.566885556837114.
[I 2025-05-13 19:45:57,200] Trial 7 finished with value: 0.5577218334828484 and parameters: {'threshold_scale_factor': 0.8393688979372503}. Best is trial 3 with value: 0.566885556837114.
[I 2025-05-13 19:45:58,305] Trial 8 finished with value: 0.564565389380153 and parameters: {'threshold_scale_factor': 0.36192463260488894}. Best is trial 3 with value: 0.566885556837114.
[I 2025-05-13 19:45:59,414] Trial 9 finished with value: 0.5671110427613311 and parameters: {'threshold_scale_factor': 0.5357829643275072}. Best is trial 9 with value: 0.5671110427613311.
[I 2025-05-13 19:46:00,530] Trial 10 finished with value: 0.565514323550771 and parameters: {'threshold_scale_factor': 0.5855779426695779}. Best is trial 9 with value: 0.5671110427613311.
[I 2025-05-13 19:46:01,641] Trial 11 finished with value: 0.5663819898329703 and parameters: {'threshold_scale_factor': 0.5640917212143426}. Best is trial 9 with value: 0.5671110427613311.
[I 2025-05-13 19:46:02,753] Trial 12 finished with value: 0.5647821265325302 and parameters: {'threshold_scale_factor': 0.37222455229677054}. Best is trial 9 with value: 0.5671110427613311.
[I 2025-05-13 19:46:03,867] Trial 13 finished with value: 0.5633544705027981 and parameters: {'threshold_scale_factor': 0.20458632620284867}. Best is trial 9 with value: 0.5671110427613311.
[I 2025-05-13 19:46:04,981] Trial 14 finished with value: 0.5630966209577513 and parameters: {'threshold_scale_factor': 0.6221243018023401}. Best is trial 9 with value: 0.5671110427613311.
[I 2025-05-13 19:46:06,093] Trial 15 finished with value: 0.5650983467896963 and parameters: {'threshold_scale_factor': 0.47188166120160996}. Best is trial 9 with value: 0.5671110427613311.
[I 2025-05-13 19:46:07,206] Trial 16 finished with value: 0.5614069802212824 and parameters: {'threshold_scale_factor': 0.1719630466982689}. Best is trial 9 with value: 0.5671110427613311.
[I 2025-05-13 19:46:08,321] Trial 17 finished with value: 0.5618404203511469 and parameters: {'threshold_scale_factor': 0.68925432051122}. Best is trial 9 with value: 0.5671110427613311.
[I 2025-05-13 19:46:09,434] Trial 18 finished with value: 0.5649217651330685 and parameters: {'threshold_scale_factor': 0.4647451830300484}. Best is trial 9 with value: 0.5671110427613311.
[I 2025-05-13 19:46:10,544] Trial 19 finished with value: 0.5638703062924516 and parameters: {'threshold_scale_factor': 0.2778535863530499}. Best is trial 9 with value: 0.5671110427613311.
[I 2025-05-13 19:46:11,655] Trial 20 finished with value: 0.560712819855611 and parameters: {'threshold_scale_factor': 0.71852944513068}. Best is trial 9 with value: 0.5671110427613311.
[I 2025-05-13 19:46:12,765] Trial 21 finished with value: 0.5671667136571404 and parameters: {'threshold_scale_factor': 0.540024646196998}. Best is trial 21 with value: 0.5671667136571404.
[I 2025-05-13 19:46:13,995] Trial 22 finished with value: 0.5667872356785851 and parameters: {'threshold_scale_factor': 0.5205190043144317}. Best is trial 21 with value: 0.5671667136571404.
[I 2025-05-13 19:46:15,106] Trial 23 finished with value: 0.5620091417830749 and parameters: {'threshold_scale_factor': 0.6411974695809564}. Best is trial 21 with value: 0.5671667136571404.
[I 2025-05-13 19:46:16,213] Trial 24 finished with value: 0.564642556281772 and parameters: {'threshold_scale_factor': 0.4405040699516858}. Best is trial 21 with value: 0.5671667136571404.
[I 2025-05-13 19:46:17,322] Trial 25 finished with value: 0.5638704429920116 and parameters: {'threshold_scale_factor': 0.27737581393565136}. Best is trial 21 with value: 0.5671667136571404.
[I 2025-05-13 19:46:18,431] Trial 26 finished with value: 0.5669874321842027 and parameters: {'threshold_scale_factor': 0.5292120373633926}. Best is trial 21 with value: 0.5671667136571404.
[I 2025-05-13 19:46:19,539] Trial 27 finished with value: 0.561443479003802 and parameters: {'threshold_scale_factor': 0.6556186319279983}. Best is trial 21 with value: 0.5671667136571404.
[I 2025-05-13 19:46:20,650] Trial 28 finished with value: 0.5579772224358153 and parameters: {'threshold_scale_factor': 0.7763347610950053}. Best is trial 21 with value: 0.5671667136571404.
[I 2025-05-13 19:46:21,759] Trial 29 finished with value: 0.5646664103549917 and parameters: {'threshold_scale_factor': 0.4084498700891645}. Best is trial 21 with value: 0.5671667136571404.
[I 2025-05-13 19:46:22,868] Trial 30 finished with value: 0.566325532914691 and parameters: {'threshold_scale_factor': 0.5596969619196518}. Best is trial 21 with value: 0.5671667136571404.
[I 2025-05-13 19:46:23,980] Trial 31 finished with value: 0.5669809047802128 and parameters: {'threshold_scale_factor': 0.503166853759712}. Best is trial 21 with value: 0.5671667136571404.
[I 2025-05-13 19:46:25,090] Trial 32 finished with value: 0.5660722286300142 and parameters: {'threshold_scale_factor': 0.4828709915218569}. Best is trial 21 with value: 0.5671667136571404.
[I 2025-05-13 19:46:26,202] Trial 33 finished with value: 0.5640339698406596 and parameters: {'threshold_scale_factor': 0.29506249980435467}. Best is trial 21 with value: 0.5671667136571404.
[I 2025-05-13 19:46:27,315] Trial 34 finished with value: 0.5655904993805801 and parameters: {'threshold_scale_factor': 0.5784030650415399}. Best is trial 21 with value: 0.5671667136571404.
[I 2025-05-13 19:46:28,427] Trial 35 finished with value: 0.566794583279935 and parameters: {'threshold_scale_factor': 0.5204195459723848}. Best is trial 21 with value: 0.5671667136571404.
[I 2025-05-13 19:46:29,536] Trial 36 finished with value: 0.5459864496561152 and parameters: {'threshold_scale_factor': 0.025036682014090705}. Best is trial 21 with value: 0.5671667136571404.
[I 2025-05-13 19:46:30,776] Trial 37 finished with value: 0.5644319364347046 and parameters: {'threshold_scale_factor': 0.41351481169505777}. Best is trial 21 with value: 0.5671667136571404.
[I 2025-05-13 19:46:31,887] Trial 38 finished with value: 0.5643114699474561 and parameters: {'threshold_scale_factor': 0.3382515228444777}. Best is trial 21 with value: 0.5671667136571404.
[I 2025-05-13 19:46:33,000] Trial 39 finished with value: 0.5534174377376222 and parameters: {'threshold_scale_factor': 0.966603493947877}. Best is trial 21 with value: 0.5671667136571404.
[I 2025-05-13 19:46:34,112] Trial 40 finished with value: 0.5631452518262207 and parameters: {'threshold_scale_factor': 0.6149669679154204}. Best is trial 21 with value: 0.5671667136571404.
[I 2025-05-13 19:46:35,225] Trial 41 finished with value: 0.5669783074885727 and parameters: {'threshold_scale_factor': 0.529153675609236}. Best is trial 21 with value: 0.5671667136571404.
[I 2025-05-13 19:46:36,425] Trial 42 finished with value: 0.5669488145585031 and parameters: {'threshold_scale_factor': 0.512191527933885}. Best is trial 21 with value: 0.5671667136571404.
[I 2025-05-13 19:46:37,640] Trial 43 finished with value: 0.5664618565508992 and parameters: {'threshold_scale_factor': 0.5561171097745}. Best is trial 21 with value: 0.5671667136571404.
[I 2025-05-13 19:46:38,753] Trial 44 finished with value: 0.5643406894784058 and parameters: {'threshold_scale_factor': 0.4362780996196427}. Best is trial 21 with value: 0.5671667136571404.
[I 2025-05-13 19:46:39,865] Trial 45 finished with value: 0.5618842667350165 and parameters: {'threshold_scale_factor': 0.6929921255476756}. Best is trial 21 with value: 0.5671667136571404.
[I 2025-05-13 19:46:40,979] Trial 46 finished with value: 0.565520885129651 and parameters: {'threshold_scale_factor': 0.5858475033584124}. Best is trial 21 with value: 0.5671667136571404.
[I 2025-05-13 19:46:42,127] Trial 47 finished with value: 0.5576872826690589 and parameters: {'threshold_scale_factor': 0.8444474255508511}. Best is trial 21 with value: 0.5671667136571404.
[I 2025-05-13 19:46:43,238] Trial 48 finished with value: 0.5650116792686575 and parameters: {'threshold_scale_factor': 0.37552595663995625}. Best is trial 21 with value: 0.5671667136571404.
[I 2025-05-13 19:46:44,351] Trial 49 finished with value: 0.5660692895894741 and parameters: {'threshold_scale_factor': 0.4834464039753348}. Best is trial 21 with value: 0.5671667136571404.
[I 2025-05-13 19:46:45,461] Trial 50 finished with value: 0.5672248793199197 and parameters: {'threshold_scale_factor': 0.5410606111342112}. Best is trial 50 with value: 0.5672248793199197.
[I 2025-05-13 19:46:46,572] Trial 51 finished with value: 0.5667360075184759 and parameters: {'threshold_scale_factor': 0.5524002151316716}. Best is trial 50 with value: 0.5672248793199197.
[I 2025-05-13 19:46:47,702] Trial 52 finished with value: 0.5616620616002392 and parameters: {'threshold_scale_factor': 0.6514554770059984}. Best is trial 50 with value: 0.5672248793199197.
[I 2025-05-13 19:46:48,815] Trial 53 finished with value: 0.5631010295185612 and parameters: {'threshold_scale_factor': 0.6197023662116052}. Best is trial 50 with value: 0.5672248793199197.
[I 2025-05-13 19:46:49,928] Trial 54 finished with value: 0.5671800760391303 and parameters: {'threshold_scale_factor': 0.5332460254187342}. Best is trial 50 with value: 0.5672248793199197.
[I 2025-05-13 19:46:51,036] Trial 55 finished with value: 0.5590749199026016 and parameters: {'threshold_scale_factor': 0.7445762185238873}. Best is trial 50 with value: 0.5672248793199197.
[I 2025-05-13 19:46:52,151] Trial 56 finished with value: 0.5645815882780127 and parameters: {'threshold_scale_factor': 0.45350078734468424}. Best is trial 50 with value: 0.5672248793199197.
[I 2025-05-13 19:46:53,263] Trial 57 finished with value: 0.5641289076850784 and parameters: {'threshold_scale_factor': 0.5971533217665108}. Best is trial 50 with value: 0.5672248793199197.
[I 2025-05-13 19:46:54,374] Trial 58 finished with value: 0.5649306847793584 and parameters: {'threshold_scale_factor': 0.4002506699616941}. Best is trial 50 with value: 0.5672248793199197.
[I 2025-05-13 19:46:55,483] Trial 59 finished with value: 0.5666042291426374 and parameters: {'threshold_scale_factor': 0.49570696537614084}. Best is trial 50 with value: 0.5672248793199197.
[I 2025-05-13 19:46:56,593] Trial 60 finished with value: 0.561757853816908 and parameters: {'threshold_scale_factor': 0.681437325152112}. Best is trial 50 with value: 0.5672248793199197.
[I 2025-05-13 19:46:57,704] Trial 61 finished with value: 0.5665932931778377 and parameters: {'threshold_scale_factor': 0.5543902044167769}. Best is trial 50 with value: 0.5672248793199197.
[I 2025-05-13 19:46:58,817] Trial 62 finished with value: 0.5671280276816608 and parameters: {'threshold_scale_factor': 0.5329617713003896}. Best is trial 50 with value: 0.5672248793199197.
[I 2025-05-13 19:46:59,929] Trial 63 finished with value: 0.567043820752702 and parameters: {'threshold_scale_factor': 0.5302130443074983}. Best is trial 50 with value: 0.5672248793199197.
[I 2025-05-13 19:47:01,155] Trial 64 finished with value: 0.5671842795506001 and parameters: {'threshold_scale_factor': 0.5347647141396725}. Best is trial 50 with value: 0.5672248793199197.
[I 2025-05-13 19:47:02,271] Trial 65 finished with value: 0.5643378871374258 and parameters: {'threshold_scale_factor': 0.44433569406841145}. Best is trial 50 with value: 0.5672248793199197.
[I 2025-05-13 19:47:03,384] Trial 66 finished with value: 0.5635812208979453 and parameters: {'threshold_scale_factor': 0.6034331670805912}. Best is trial 50 with value: 0.5672248793199197.
[I 2025-05-13 19:47:04,496] Trial 67 finished with value: 0.5650836857618864 and parameters: {'threshold_scale_factor': 0.4702421819301712}. Best is trial 50 with value: 0.5672248793199197.
[I 2025-05-13 19:47:05,604] Trial 68 finished with value: 0.5620091076081849 and parameters: {'threshold_scale_factor': 0.641198351674589}. Best is trial 50 with value: 0.5672248793199197.
[I 2025-05-13 19:47:06,714] Trial 69 finished with value: 0.5648812337135289 and parameters: {'threshold_scale_factor': 0.3281210464054914}. Best is trial 50 with value: 0.5672248793199197.
[I 2025-05-13 19:47:07,828] Trial 70 finished with value: 0.5584277158357897 and parameters: {'threshold_scale_factor': 0.1286667638829213}. Best is trial 50 with value: 0.5672248793199197.
[I 2025-05-13 19:47:08,945] Trial 71 finished with value: 0.5669475159126832 and parameters: {'threshold_scale_factor': 0.5287059623744026}. Best is trial 50 with value: 0.5672248793199197.
[I 2025-05-13 19:47:10,088] Trial 72 finished with value: 0.5670393096672219 and parameters: {'threshold_scale_factor': 0.5298511958026272}. Best is trial 50 with value: 0.5672248793199197.
[I 2025-05-13 19:47:11,200] Trial 73 finished with value: 0.5663561536161306 and parameters: {'threshold_scale_factor': 0.564863031324512}. Best is trial 50 with value: 0.5672248793199197.
[I 2025-05-13 19:47:12,312] Trial 74 finished with value: 0.5667814942970653 and parameters: {'threshold_scale_factor': 0.4970519533964844}. Best is trial 50 with value: 0.5672248793199197.
[I 2025-05-13 19:47:13,423] Trial 75 finished with value: 0.5671086163441411 and parameters: {'threshold_scale_factor': 0.5395680700834968}. Best is trial 50 with value: 0.5672248793199197.
[I 2025-05-13 19:47:14,534] Trial 76 finished with value: 0.5655974710581401 and parameters: {'threshold_scale_factor': 0.5819970107078862}. Best is trial 50 with value: 0.5672248793199197.
[I 2025-05-13 19:47:15,642] Trial 77 finished with value: 0.5641487632961681 and parameters: {'threshold_scale_factor': 0.42831765437969394}. Best is trial 50 with value: 0.5672248793199197.
[I 2025-05-13 19:47:16,757] Trial 78 finished with value: 0.561202409329745 and parameters: {'threshold_scale_factor': 0.6704423101676575}. Best is trial 50 with value: 0.5672248793199197.
[I 2025-05-13 19:47:17,870] Trial 79 finished with value: 0.5628689820154641 and parameters: {'threshold_scale_factor': 0.6246045788885795}. Best is trial 50 with value: 0.5672248793199197.
[I 2025-05-13 19:47:18,979] Trial 80 finished with value: 0.5650190610448973 and parameters: {'threshold_scale_factor': 0.46686243157022966}. Best is trial 50 with value: 0.5672248793199197.
[I 2025-05-13 19:47:20,091] Trial 81 finished with value: 0.5670643598615916 and parameters: {'threshold_scale_factor': 0.5304643436208049}. Best is trial 50 with value: 0.5672248793199197.
[I 2025-05-13 19:47:21,356] Trial 82 finished with value: 0.5672384467512496 and parameters: {'threshold_scale_factor': 0.541202575556335}. Best is trial 82 with value: 0.5672384467512496.
[I 2025-05-13 19:47:22,468] Trial 83 finished with value: 0.5665455508565083 and parameters: {'threshold_scale_factor': 0.5569380880388377}. Best is trial 82 with value: 0.5672384467512496.
[I 2025-05-13 19:47:23,581] Trial 84 finished with value: 0.5670776538938016 and parameters: {'threshold_scale_factor': 0.5005319809372972}. Best is trial 82 with value: 0.5672384467512496.
[I 2025-05-13 19:47:24,792] Trial 85 finished with value: 0.5667154684095861 and parameters: {'threshold_scale_factor': 0.4965996254535508}. Best is trial 82 with value: 0.5672384467512496.
[I 2025-05-13 19:47:25,903] Trial 86 finished with value: 0.565522491349481 and parameters: {'threshold_scale_factor': 0.5847121637389623}. Best is trial 82 with value: 0.5672384467512496.
[I 2025-05-13 19:47:27,014] Trial 87 finished with value: 0.5649330770216583 and parameters: {'threshold_scale_factor': 0.39476419776955385}. Best is trial 82 with value: 0.5672384467512496.
[I 2025-05-13 19:47:28,128] Trial 88 finished with value: 0.5644153957879448 and parameters: {'threshold_scale_factor': 0.4602560157624328}. Best is trial 82 with value: 0.5672384467512496.
[I 2025-05-13 19:47:29,239] Trial 89 finished with value: 0.5668955017301038 and parameters: {'threshold_scale_factor': 0.5058077841098022}. Best is trial 82 with value: 0.5672384467512496.
[I 2025-05-13 19:47:30,350] Trial 90 finished with value: 0.5634283907898672 and parameters: {'threshold_scale_factor': 0.6111484109575288}. Best is trial 82 with value: 0.5672384467512496.
[I 2025-05-13 19:47:31,459] Trial 91 finished with value: 0.5669769746678628 and parameters: {'threshold_scale_factor': 0.5469911302021901}. Best is trial 82 with value: 0.5672384467512496.
[I 2025-05-13 19:47:32,570] Trial 92 finished with value: 0.5672070400273399 and parameters: {'threshold_scale_factor': 0.5410259511038299}. Best is trial 82 with value: 0.5672384467512496.
[I 2025-05-13 19:47:33,682] Trial 93 finished with value: 0.5656096714938699 and parameters: {'threshold_scale_factor': 0.5802040265100298}. Best is trial 82 with value: 0.5672384467512496.
[I 2025-05-13 19:47:34,797] Trial 94 finished with value: 0.5664092613951899 and parameters: {'threshold_scale_factor': 0.4884848328455296}. Best is trial 82 with value: 0.5672384467512496.
[I 2025-05-13 19:47:35,907] Trial 95 finished with value: 0.5622260498099021 and parameters: {'threshold_scale_factor': 0.6345243684905422}. Best is trial 82 with value: 0.5672384467512496.
[I 2025-05-13 19:47:37,020] Trial 96 finished with value: 0.5642139689862873 and parameters: {'threshold_scale_factor': 0.42072032643442614}. Best is trial 82 with value: 0.5672384467512496.
[I 2025-05-13 19:47:38,473] Trial 97 finished with value: 0.5669493271818531 and parameters: {'threshold_scale_factor': 0.5103933295796178}. Best is trial 82 with value: 0.5672384467512496.
[I 2025-05-13 19:47:39,584] Trial 98 finished with value: 0.5671270366098509 and parameters: {'threshold_scale_factor': 0.5397179350315019}. Best is trial 82 with value: 0.5672384467512496.
