[I 2025-05-13 16:52:49,543] Trial 0 finished with value: 0.5622186338587722 and parameters: {'interp_param': 0.16536164389789798}. Best is trial 0 with value: 0.5622186338587722.
[I 2025-05-13 16:52:50,864] Trial 1 finished with value: 0.561513435003631 and parameters: {'interp_param': 0.07603719428015687}. Best is trial 0 with value: 0.5622186338587722.
[I 2025-05-13 16:52:52,181] Trial 2 finished with value: 0.5621364432483232 and parameters: {'interp_param': 0.15768379491035578}. Best is trial 0 with value: 0.5622186338587722.
[I 2025-05-13 16:52:53,507] Trial 3 finished with value: 0.56160037592379 and parameters: {'interp_param': 0.06585859359323298}. Best is trial 0 with value: 0.5622186338587722.
[I 2025-05-13 16:52:54,830] Trial 4 finished with value: 0.5607380067495407 and parameters: {'interp_param': 0.6058181138484746}. Best is trial 0 with value: 0.5622186338587722.
[I 2025-05-13 16:52:56,151] Trial 5 finished with value: 0.5608840360545089 and parameters: {'interp_param': 0.5579745117996152}. Best is trial 0 with value: 0.5622186338587722.
[I 2025-05-13 16:52:57,475] Trial 6 finished with value: 0.5611363834422658 and parameters: {'interp_param': 0.49354823248911006}. Best is trial 0 with value: 0.5622186338587722.
[I 2025-05-13 16:52:58,948] Trial 7 finished with value: 0.5622032893331624 and parameters: {'interp_param': 0.27116651517452506}. Best is trial 0 with value: 0.5622186338587722.
[I 2025-05-13 16:53:00,267] Trial 8 finished with value: 0.5615458327993508 and parameters: {'interp_param': 0.1946716082157398}. Best is trial 0 with value: 0.5622186338587722.
[I 2025-05-13 16:53:01,594] Trial 9 finished with value: 0.5620731171771541 and parameters: {'interp_param': 0.2454828036136797}. Best is trial 0 with value: 0.5622186338587722.
[I 2025-05-13 16:53:02,925] Trial 10 finished with value: 0.5642533042846768 and parameters: {'interp_param': 0.9423390038490356}. Best is trial 10 with value: 0.5642533042846768.
[I 2025-05-13 16:53:04,248] Trial 11 finished with value: 0.5643009440813362 and parameters: {'interp_param': 0.9387737936084471}. Best is trial 11 with value: 0.5643009440813362.
[I 2025-05-13 16:53:05,574] Trial 12 finished with value: 0.5638212995001922 and parameters: {'interp_param': 0.9749473532689005}. Best is trial 11 with value: 0.5643009440813362.
[I 2025-05-13 16:53:06,900] Trial 13 finished with value: 0.5633365628604383 and parameters: {'interp_param': 0.9781614847639025}. Best is trial 11 with value: 0.5643009440813362.
[I 2025-05-13 16:53:08,228] Trial 14 finished with value: 0.5611586996454354 and parameters: {'interp_param': 0.7928548895907688}. Best is trial 11 with value: 0.5643009440813362.
[I 2025-05-13 16:53:09,560] Trial 15 finished with value: 0.5612331325558546 and parameters: {'interp_param': 0.7994584917727916}. Best is trial 11 with value: 0.5643009440813362.
[I 2025-05-13 16:53:11,203] Trial 16 finished with value: 0.5616106967405698 and parameters: {'interp_param': 0.8156409934846797}. Best is trial 11 with value: 0.5643009440813362.
[I 2025-05-13 16:53:12,526] Trial 17 finished with value: 0.5609934640522876 and parameters: {'interp_param': 0.6771087533990123}. Best is trial 11 with value: 0.5643009440813362.
[I 2025-05-13 16:53:13,849] Trial 18 finished with value: 0.5619466700841557 and parameters: {'interp_param': 0.4142124994427052}. Best is trial 11 with value: 0.5643009440813362.
[I 2025-05-13 16:53:15,175] Trial 19 finished with value: 0.5629660045281729 and parameters: {'interp_param': 0.8767368701577822}. Best is trial 11 with value: 0.5643009440813362.
[I 2025-05-13 16:53:16,499] Trial 20 finished with value: 0.5601396386005383 and parameters: {'interp_param': 0.7225922856707152}. Best is trial 11 with value: 0.5643009440813362.
[I 2025-05-13 16:53:17,824] Trial 21 finished with value: 0.5630730402836517 and parameters: {'interp_param': 0.9843402931677322}. Best is trial 11 with value: 0.5643009440813362.
[I 2025-05-13 16:53:19,153] Trial 22 finished with value: 0.5639052330300311 and parameters: {'interp_param': 0.8998180523668147}. Best is trial 11 with value: 0.5643009440813362.
[I 2025-05-13 16:53:20,475] Trial 23 finished with value: 0.5633402195736683 and parameters: {'interp_param': 0.8885091847356517}. Best is trial 11 with value: 0.5643009440813362.
[I 2025-05-13 16:53:21,809] Trial 24 finished with value: 0.563442539194327 and parameters: {'interp_param': 0.8935715245519396}. Best is trial 11 with value: 0.5643009440813362.
[I 2025-05-13 16:53:23,240] Trial 25 finished with value: 0.5605391772395232 and parameters: {'interp_param': 0.6902072700707709}. Best is trial 11 with value: 0.5643009440813362.
[I 2025-05-13 16:53:24,567] Trial 26 finished with value: 0.5639068734247512 and parameters: {'interp_param': 0.9132480823775387}. Best is trial 11 with value: 0.5643009440813362.
[I 2025-05-13 16:53:25,889] Trial 27 finished with value: 0.5603907556922552 and parameters: {'interp_param': 0.7553779446140715}. Best is trial 11 with value: 0.5643009440813362.
[I 2025-05-13 16:53:27,217] Trial 28 finished with value: 0.5620294416677346 and parameters: {'interp_param': 0.39894881574934216}. Best is trial 11 with value: 0.5643009440813362.
[I 2025-05-13 16:53:28,541] Trial 29 finished with value: 0.5609089153744287 and parameters: {'interp_param': 0.6421505739328823}. Best is trial 11 with value: 0.5643009440813362.
[I 2025-05-13 16:53:29,866] Trial 30 finished with value: 0.5638933401683114 and parameters: {'interp_param': 0.9236586508421045}. Best is trial 11 with value: 0.5643009440813362.
[I 2025-05-13 16:53:31,191] Trial 31 finished with value: 0.5620936562860439 and parameters: {'interp_param': 0.8546884105005714}. Best is trial 11 with value: 0.5643009440813362.
[I 2025-05-13 16:53:32,512] Trial 32 finished with value: 0.5643097612029561 and parameters: {'interp_param': 0.9416167632051965}. Best is trial 32 with value: 0.5643097612029561.
[I 2025-05-13 16:53:33,837] Trial 33 finished with value: 0.5618840275107865 and parameters: {'interp_param': 0.9996860154146495}. Best is trial 32 with value: 0.5643097612029561.
[I 2025-05-13 16:53:35,164] Trial 34 finished with value: 0.5643669357939254 and parameters: {'interp_param': 0.9452053373209596}. Best is trial 34 with value: 0.5643669357939254.
[I 2025-05-13 16:53:36,493] Trial 35 finished with value: 0.5617730616429578 and parameters: {'interp_param': 0.8343382774179902}. Best is trial 34 with value: 0.5643669357939254.
[I 2025-05-13 16:53:37,817] Trial 36 finished with value: 0.5604061685676449 and parameters: {'interp_param': 0.760991484327422}. Best is trial 34 with value: 0.5643669357939254.
[I 2025-05-13 16:53:39,149] Trial 37 finished with value: 0.5642268529198172 and parameters: {'interp_param': 0.9436569077043092}. Best is trial 34 with value: 0.5643669357939254.
[I 2025-05-13 16:53:40,472] Trial 38 finished with value: 0.5610078516809773 and parameters: {'interp_param': 0.5469261393205305}. Best is trial 34 with value: 0.5643669357939254.
[I 2025-05-13 16:53:41,796] Trial 39 finished with value: 0.561755461574608 and parameters: {'interp_param': 0.8312302796988356}. Best is trial 34 with value: 0.5643669357939254.
[I 2025-05-13 16:53:43,123] Trial 40 finished with value: 0.5604096885813148 and parameters: {'interp_param': 0.7610843679016848}. Best is trial 34 with value: 0.5643669357939254.
[I 2025-05-13 16:53:44,452] Trial 41 finished with value: 0.5643435943440557 and parameters: {'interp_param': 0.944851579946377}. Best is trial 34 with value: 0.5643669357939254.
[I 2025-05-13 16:53:45,784] Trial 42 finished with value: 0.5641908325857576 and parameters: {'interp_param': 0.9429383579040096}. Best is trial 34 with value: 0.5643669357939254.
[I 2025-05-13 16:53:47,110] Trial 43 finished with value: 0.5611061044897261 and parameters: {'interp_param': 0.021511892221400264}. Best is trial 34 with value: 0.5643669357939254.
[I 2025-05-13 16:53:48,586] Trial 44 finished with value: 0.5643576402238456 and parameters: {'interp_param': 0.9450345528030711}. Best is trial 34 with value: 0.5643669357939254.
[I 2025-05-13 16:53:49,911] Trial 45 finished with value: 0.5623227989234909 and parameters: {'interp_param': 0.9968979302870232}. Best is trial 34 with value: 0.5643669357939254.
[I 2025-05-13 16:53:51,239] Trial 46 finished with value: 0.5621489854329532 and parameters: {'interp_param': 0.8553278759896105}. Best is trial 34 with value: 0.5643669357939254.
[I 2025-05-13 16:53:52,568] Trial 47 finished with value: 0.5643798880772353 and parameters: {'interp_param': 0.9455689755267761}. Best is trial 47 with value: 0.5643798880772353.
[I 2025-05-13 16:53:53,891] Trial 48 finished with value: 0.5643806399248152 and parameters: {'interp_param': 0.945557787303322}. Best is trial 48 with value: 0.5643806399248152.
[I 2025-05-13 16:53:55,214] Trial 49 finished with value: 0.5624740569866291 and parameters: {'interp_param': 0.8653436904534872}. Best is trial 48 with value: 0.5643806399248152.
[I 2025-05-13 16:53:56,538] Trial 50 finished with value: 0.5610593874150968 and parameters: {'interp_param': 0.7914256614022463}. Best is trial 48 with value: 0.5643806399248152.
[I 2025-05-13 16:53:57,866] Trial 51 finished with value: 0.5642964329958563 and parameters: {'interp_param': 0.948607353475206}. Best is trial 48 with value: 0.5643806399248152.
[I 2025-05-13 16:53:59,193] Trial 52 finished with value: 0.5639263872869409 and parameters: {'interp_param': 0.9568016076178014}. Best is trial 48 with value: 0.5643806399248152.
[I 2025-05-13 16:54:00,513] Trial 53 finished with value: 0.5639097099406211 and parameters: {'interp_param': 0.9131079713766546}. Best is trial 48 with value: 0.5643806399248152.
[I 2025-05-13 16:54:01,839] Trial 54 finished with value: 0.5623657567602205 and parameters: {'interp_param': 0.9964526181812344}. Best is trial 48 with value: 0.5643806399248152.
[I 2025-05-13 16:54:03,167] Trial 55 finished with value: 0.5629963518304926 and parameters: {'interp_param': 0.8743816335800411}. Best is trial 48 with value: 0.5643806399248152.
[I 2025-05-13 16:54:04,488] Trial 56 finished with value: 0.5616726899910292 and parameters: {'interp_param': 0.3310093850977203}. Best is trial 48 with value: 0.5643806399248152.
[I 2025-05-13 16:54:05,808] Trial 57 finished with value: 0.5639360587808108 and parameters: {'interp_param': 0.9560814974207146}. Best is trial 48 with value: 0.5643806399248152.
[I 2025-05-13 16:54:07,138] Trial 58 finished with value: 0.5616266222393096 and parameters: {'interp_param': 0.8206025266905088}. Best is trial 48 with value: 0.5643806399248152.
[I 2025-05-13 16:54:08,459] Trial 59 finished with value: 0.5638588577043018 and parameters: {'interp_param': 0.9045155092008708}. Best is trial 48 with value: 0.5643806399248152.
[I 2025-05-13 16:54:09,793] Trial 60 finished with value: 0.559918732111581 and parameters: {'interp_param': 0.7334212501981818}. Best is trial 48 with value: 0.5643806399248152.
[I 2025-05-13 16:54:11,118] Trial 61 finished with value: 0.5639426203596907 and parameters: {'interp_param': 0.9282209359655766}. Best is trial 48 with value: 0.5643806399248152.
[I 2025-05-13 16:54:12,449] Trial 62 finished with value: 0.5638946046392413 and parameters: {'interp_param': 0.9707703820841765}. Best is trial 48 with value: 0.5643806399248152.
[I 2025-05-13 16:54:13,880] Trial 63 finished with value: 0.5633560425477381 and parameters: {'interp_param': 0.8890045181827689}. Best is trial 48 with value: 0.5643806399248152.
[I 2025-05-13 16:54:15,207] Trial 64 finished with value: 0.5622205134777223 and parameters: {'interp_param': 0.16545903697074094}. Best is trial 48 with value: 0.5643806399248152.
[I 2025-05-13 16:54:16,530] Trial 65 finished with value: 0.5616786022469991 and parameters: {'interp_param': 0.8499365138037027}. Best is trial 48 with value: 0.5643806399248152.
[I 2025-05-13 16:54:17,857] Trial 66 finished with value: 0.5611795805032253 and parameters: {'interp_param': 0.7931459307090576}. Best is trial 48 with value: 0.5643806399248152.
[I 2025-05-13 16:54:19,185] Trial 67 finished with value: 0.5638432056046819 and parameters: {'interp_param': 0.9693088585152339}. Best is trial 48 with value: 0.5643806399248152.
[I 2025-05-13 16:54:20,512] Trial 68 finished with value: 0.5638955273612714 and parameters: {'interp_param': 0.9240528485697073}. Best is trial 48 with value: 0.5643806399248152.
[I 2025-05-13 16:54:21,838] Trial 69 finished with value: 0.5633448673587083 and parameters: {'interp_param': 0.8886007559660402}. Best is trial 48 with value: 0.5643806399248152.
[I 2025-05-13 16:54:23,161] Trial 70 finished with value: 0.5608100474176598 and parameters: {'interp_param': 0.6023787584703637}. Best is trial 48 with value: 0.5643806399248152.
[I 2025-05-13 16:54:24,493] Trial 71 finished with value: 0.5642925370583963 and parameters: {'interp_param': 0.940072084517576}. Best is trial 48 with value: 0.5643806399248152.
[I 2025-05-13 16:54:25,821] Trial 72 finished with value: 0.5638306292451621 and parameters: {'interp_param': 0.9666228143611347}. Best is trial 48 with value: 0.5643806399248152.
[I 2025-05-13 16:54:27,148] Trial 73 finished with value: 0.5638223589217822 and parameters: {'interp_param': 0.9175111016731355}. Best is trial 48 with value: 0.5643806399248152.
[I 2025-05-13 16:54:28,476] Trial 74 finished with value: 0.5623561877910206 and parameters: {'interp_param': 0.9975942860450268}. Best is trial 48 with value: 0.5643806399248152.
[I 2025-05-13 16:54:29,807] Trial 75 finished with value: 0.5638928958947413 and parameters: {'interp_param': 0.9554450646336202}. Best is trial 48 with value: 0.5643806399248152.
[I 2025-05-13 16:54:31,127] Trial 76 finished with value: 0.5629013114614038 and parameters: {'interp_param': 0.8724641325789704}. Best is trial 48 with value: 0.5643806399248152.
[I 2025-05-13 16:54:32,458] Trial 77 finished with value: 0.5617787688495878 and parameters: {'interp_param': 0.8317328473448982}. Best is trial 48 with value: 0.5643806399248152.
[I 2025-05-13 16:54:33,793] Trial 78 finished with value: 0.5612230509633047 and parameters: {'interp_param': 0.4903746923813449}. Best is trial 48 with value: 0.5643806399248152.
[I 2025-05-13 16:54:35,126] Trial 79 finished with value: 0.5641825964372678 and parameters: {'interp_param': 0.9362366139730013}. Best is trial 48 with value: 0.5643806399248152.
[I 2025-05-13 16:54:36,452] Trial 80 finished with value: 0.5639270707847408 and parameters: {'interp_param': 0.9001444183938669}. Best is trial 48 with value: 0.5643806399248152.
[I 2025-05-13 16:54:37,774] Trial 81 finished with value: 0.5641911059848776 and parameters: {'interp_param': 0.9368612411989683}. Best is trial 48 with value: 0.5643806399248152.
[I 2025-05-13 16:54:39,254] Trial 82 finished with value: 0.5640673245332991 and parameters: {'interp_param': 0.9536690755029145}. Best is trial 48 with value: 0.5643806399248152.
[I 2025-05-13 16:54:40,593] Trial 83 finished with value: 0.5632634285958392 and parameters: {'interp_param': 0.9786766257979567}. Best is trial 48 with value: 0.5643806399248152.
[I 2025-05-13 16:54:41,915] Trial 84 finished with value: 0.5639102567388612 and parameters: {'interp_param': 0.9027057634862685}. Best is trial 48 with value: 0.5643806399248152.
[I 2025-05-13 16:54:43,248] Trial 85 finished with value: 0.5618803024477765 and parameters: {'interp_param': 0.8513342559028824}. Best is trial 48 with value: 0.5643806399248152.
[I 2025-05-13 16:54:44,575] Trial 86 finished with value: 0.5615303173992909 and parameters: {'interp_param': 0.8104654948863259}. Best is trial 48 with value: 0.5643806399248152.
[I 2025-05-13 16:54:45,904] Trial 87 finished with value: 0.5640265538895296 and parameters: {'interp_param': 0.9325808817851157}. Best is trial 48 with value: 0.5643806399248152.
[I 2025-05-13 16:54:47,229] Trial 88 finished with value: 0.5637786834123628 and parameters: {'interp_param': 0.9757030205856382}. Best is trial 48 with value: 0.5643806399248152.
[I 2025-05-13 16:54:48,557] Trial 89 finished with value: 0.5631074202229911 and parameters: {'interp_param': 0.8829614593372416}. Best is trial 48 with value: 0.5643806399248152.
[I 2025-05-13 16:54:49,885] Trial 90 finished with value: 0.5641818445896877 and parameters: {'interp_param': 0.9499693141985096}. Best is trial 48 with value: 0.5643806399248152.
[I 2025-05-13 16:54:51,212] Trial 91 finished with value: 0.5639106326626511 and parameters: {'interp_param': 0.9139199367178191}. Best is trial 48 with value: 0.5643806399248152.
[I 2025-05-13 16:54:52,537] Trial 92 finished with value: 0.56239928232731 and parameters: {'interp_param': 0.8636400152911543}. Best is trial 48 with value: 0.5643806399248152.
[I 2025-05-13 16:54:53,858] Trial 93 finished with value: 0.5623088897432611 and parameters: {'interp_param': 0.9978003029221585}. Best is trial 48 with value: 0.5643806399248152.
[I 2025-05-13 16:54:55,181] Trial 94 finished with value: 0.5642819770173865 and parameters: {'interp_param': 0.9378303401723432}. Best is trial 48 with value: 0.5643806399248152.
[I 2025-05-13 16:54:56,506] Trial 95 finished with value: 0.5633362211115384 and parameters: {'interp_param': 0.9780448570751216}. Best is trial 48 with value: 0.5643806399248152.
[I 2025-05-13 16:54:57,827] Trial 96 finished with value: 0.5620765688410441 and parameters: {'interp_param': 0.24200269196257185}. Best is trial 48 with value: 0.5643806399248152.
[I 2025-05-13 16:54:59,152] Trial 97 finished with value: 0.5614028792344824 and parameters: {'interp_param': 0.0924274238500048}. Best is trial 48 with value: 0.5643806399248152.
[I 2025-05-13 16:55:00,492] Trial 98 finished with value: 0.5641819812892477 and parameters: {'interp_param': 0.9361893934828424}. Best is trial 48 with value: 0.5643806399248152.
