[I 2025-05-13 16:54:58,620] Trial 99 finished with value: 0.557768926481268 and parameters: {'interp_param': 0.08591847111298523}. Best is trial 88 with value: 0.5582453586227519.
Best hyperparameters: {'interp_param': 0.17058703305512862}
Best optimized value: 0.5582453586227519
Tuning threshold scale factor for offline LSET using optuna
  0%|          | 0/100 [00:00<?, ?it/s]                                         0%|          | 0/100 [00:01<?, ?it/s]Best trial: 0. Best value: 0.544185:   0%|          | 0/100 [00:01<?, ?it/s]Best trial: 0. Best value: 0.544185:   1%|          | 1/100 [00:01<02:40,  1.62s/it]                                                                                    Best trial: 0. Best value: 0.544185:   1%|          | 1/100 [00:02<02:40,  1.62s/it]Best trial: 1. Best value: 0.553709:   1%|          | 1/100 [00:02<02:40,  1.62s/it]Best trial: 1. Best value: 0.553709:   2%|▏         | 2/100 [00:02<02:07,  1.30s/it]                                                                                    Best trial: 1. Best value: 0.553709:   2%|▏         | 2/100 [00:03<02:07,  1.30s/it]Best trial: 1. Best value: 0.553709:   2%|▏         | 2/100 [00:03<02:07,  1.30s/it]Best trial: 1. Best value: 0.553709:   3%|▎         | 3/100 [00:03<01:56,  1.20s/it]                                                                                    Best trial: 1. Best value: 0.553709:   3%|▎         | 3/100 [00:04<01:56,  1.20s/it]Best trial: 3. Best value: 0.561097:   3%|▎         | 3/100 [00:04<01:56,  1.20s/it]Best trial: 3. Best value: 0.561097:   4%|▍         | 4/100 [00:04<01:50,  1.15s/it]                                                                                    Best trial: 3. Best value: 0.561097:   4%|▍         | 4/100 [00:05<01:50,  1.15s/it]Best trial: 3. Best value: 0.561097:   4%|▍         | 4/100 [00:05<01:50,  1.15s/it]Best trial: 3. Best value: 0.561097:   5%|▌         | 5/100 [00:05<01:47,  1.13s/it]                                                                                    Best trial: 3. Best value: 0.561097:   5%|▌         | 5/100 [00:07<01:47,  1.13s/it]Best trial: 3. Best value: 0.561097:   5%|▌         | 5/100 [00:07<01:47,  1.13s/it]Best trial: 3. Best value: 0.561097:   6%|▌         | 6/100 [00:07<01:44,  1.11s/it]                                                                                    Best trial: 3. Best value: 0.561097:   6%|▌         | 6/100 [00:08<01:44,  1.11s/it]Best trial: 3. Best value: 0.561097:   6%|▌         | 6/100 [00:08<01:44,  1.11s/it]Best trial: 3. Best value: 0.561097:   7%|▋         | 7/100 [00:08<01:42,  1.10s/it]                                                                                    Best trial: 3. Best value: 0.561097:   7%|▋         | 7/100 [00:09<01:42,  1.10s/it]Best trial: 3. Best value: 0.561097:   7%|▋         | 7/100 [00:09<01:42,  1.10s/it]Best trial: 3. Best value: 0.561097:   8%|▊         | 8/100 [00:09<01:40,  1.09s/it]                                                                                    Best trial: 3. Best value: 0.561097:   8%|▊         | 8/100 [00:10<01:40,  1.09s/it]Best trial: 3. Best value: 0.561097:   8%|▊         | 8/100 [00:10<01:40,  1.09s/it]Best trial: 3. Best value: 0.561097:   9%|▉         | 9/100 [00:10<01:39,  1.09s/it]                                                                                    Best trial: 3. Best value: 0.561097:   9%|▉         | 9/100 [00:11<01:39,  1.09s/it]Best trial: 3. Best value: 0.561097:   9%|▉         | 9/100 [00:11<01:39,  1.09s/it]Best trial: 3. Best value: 0.561097:  10%|█         | 10/100 [00:11<01:37,  1.08s/it]                                                                                     Best trial: 3. Best value: 0.561097:  10%|█         | 10/100 [00:12<01:37,  1.08s/it]Best trial: 10. Best value: 0.561352:  10%|█         | 10/100 [00:12<01:37,  1.08s/it]Best trial: 10. Best value: 0.561352:  11%|█         | 11/100 [00:12<01:36,  1.08s/it]                                                                                      Best trial: 10. Best value: 0.561352:  11%|█         | 11/100 [00:13<01:36,  1.08s/it]Best trial: 11. Best value: 0.561834:  11%|█         | 11/100 [00:13<01:36,  1.08s/it]Best trial: 11. Best value: 0.561834:  12%|█▏        | 12/100 [00:13<01:35,  1.08s/it]                                                                                      Best trial: 11. Best value: 0.561834:  12%|█▏        | 12/100 [00:14<01:35,  1.08s/it]Best trial: 11. Best value: 0.561834:  12%|█▏        | 12/100 [00:14<01:35,  1.08s/it]Best trial: 11. Best value: 0.561834:  13%|█▎        | 13/100 [00:14<01:34,  1.08s/it]                                                                                      Best trial: 11. Best value: 0.561834:  13%|█▎        | 13/100 [00:15<01:34,  1.08s/it]Best trial: 11. Best value: 0.561834:  13%|█▎        | 13/100 [00:15<01:34,  1.08s/it]Best trial: 11. Best value: 0.561834:  14%|█▍        | 14/100 [00:15<01:32,  1.08s/it]                                                                                      Best trial: 11. Best value: 0.561834:  14%|█▍        | 14/100 [00:16<01:32,  1.08s/it]Best trial: 11. Best value: 0.561834:  14%|█▍        | 14/100 [00:16<01:32,  1.08s/it]Best trial: 11. Best value: 0.561834:  15%|█▌        | 15/100 [00:16<01:31,  1.08s/it]                                                                                      Best trial: 11. Best value: 0.561834:  15%|█▌        | 15/100 [00:17<01:31,  1.08s/it]Best trial: 11. Best value: 0.561834:  15%|█▌        | 15/100 [00:17<01:31,  1.08s/it]Best trial: 11. Best value: 0.561834:  16%|█▌        | 16/100 [00:17<01:30,  1.08s/it]                                                                                      Best trial: 11. Best value: 0.561834:  16%|█▌        | 16/100 [00:18<01:30,  1.08s/it]Best trial: 11. Best value: 0.561834:  16%|█▌        | 16/100 [00:18<01:30,  1.08s/it]Best trial: 11. Best value: 0.561834:  17%|█▋        | 17/100 [00:18<01:29,  1.08s/it]                                                                                      Best trial: 11. Best value: 0.561834:  17%|█▋        | 17/100 [00:19<01:29,  1.08s/it]Best trial: 11. Best value: 0.561834:  17%|█▋        | 17/100 [00:19<01:29,  1.08s/it]Best trial: 11. Best value: 0.561834:  18%|█▊        | 18/100 [00:19<01:28,  1.08s/it]                                                                                      Best trial: 11. Best value: 0.561834:  18%|█▊        | 18/100 [00:21<01:28,  1.08s/it]Best trial: 18. Best value: 0.562204:  18%|█▊        | 18/100 [00:21<01:28,  1.08s/it]Best trial: 18. Best value: 0.562204:  19%|█▉        | 19/100 [00:21<01:27,  1.08s/it]                                                                                      Best trial: 18. Best value: 0.562204:  19%|█▉        | 19/100 [00:22<01:27,  1.08s/it]Best trial: 18. Best value: 0.562204:  19%|█▉        | 19/100 [00:22<01:27,  1.08s/it]Best trial: 18. Best value: 0.562204:  20%|██        | 20/100 [00:22<01:26,  1.08s/it]                                                                                      Best trial: 18. Best value: 0.562204:  20%|██        | 20/100 [00:23<01:26,  1.08s/it]Best trial: 18. Best value: 0.562204:  20%|██        | 20/100 [00:23<01:26,  1.08s/it]Best trial: 18. Best value: 0.562204:  21%|██        | 21/100 [00:23<01:25,  1.08s/it]                                                                                      Best trial: 18. Best value: 0.562204:  21%|██        | 21/100 [00:24<01:25,  1.08s/it]Best trial: 18. Best value: 0.562204:  21%|██        | 21/100 [00:24<01:25,  1.08s/it]Best trial: 18. Best value: 0.562204:  22%|██▏       | 22/100 [00:24<01:24,  1.08s/it]                                                                                      Best trial: 18. Best value: 0.562204:  22%|██▏       | 22/100 [00:25<01:24,  1.08s/it]Best trial: 18. Best value: 0.562204:  22%|██▏       | 22/100 [00:25<01:24,  1.08s/it]Best trial: 18. Best value: 0.562204:  23%|██▎       | 23/100 [00:25<01:26,  1.12s/it]                                                                                      Best trial: 18. Best value: 0.562204:  23%|██▎       | 23/100 [00:26<01:26,  1.12s/it]Best trial: 18. Best value: 0.562204:  23%|██▎       | 23/100 [00:26<01:26,  1.12s/it]Best trial: 18. Best value: 0.562204:  24%|██▍       | 24/100 [00:26<01:24,  1.11s/it]                                                                                      Best trial: 18. Best value: 0.562204:  24%|██▍       | 24/100 [00:27<01:24,  1.11s/it]Best trial: 18. Best value: 0.562204:  24%|██▍       | 24/100 [00:27<01:24,  1.11s/it]Best trial: 18. Best value: 0.562204:  25%|██▌       | 25/100 [00:27<01:22,  1.10s/it]                                                                                      Best trial: 18. Best value: 0.562204:  25%|██▌       | 25/100 [00:28<01:22,  1.10s/it]Best trial: 18. Best value: 0.562204:  25%|██▌       | 25/100 [00:28<01:22,  1.10s/it]Best trial: 18. Best value: 0.562204:  26%|██▌       | 26/100 [00:28<01:21,  1.10s/it]                                                                                      Best trial: 18. Best value: 0.562204:  26%|██▌       | 26/100 [00:29<01:21,  1.10s/it]Best trial: 18. Best value: 0.562204:  26%|██▌       | 26/100 [00:29<01:21,  1.10s/it]Best trial: 18. Best value: 0.562204:  27%|██▋       | 27/100 [00:29<01:19,  1.09s/it]                                                                                      Best trial: 18. Best value: 0.562204:  27%|██▋       | 27/100 [00:30<01:19,  1.09s/it]Best trial: 18. Best value: 0.562204:  27%|██▋       | 27/100 [00:30<01:19,  1.09s/it]Best trial: 18. Best value: 0.562204:  28%|██▊       | 28/100 [00:30<01:18,  1.09s/it]                                                                                      Best trial: 18. Best value: 0.562204:  28%|██▊       | 28/100 [00:31<01:18,  1.09s/it]Best trial: 18. Best value: 0.562204:  28%|██▊       | 28/100 [00:31<01:18,  1.09s/it]Best trial: 18. Best value: 0.562204:  29%|██▉       | 29/100 [00:31<01:17,  1.09s/it]                                                                                      Best trial: 18. Best value: 0.562204:  29%|██▉       | 29/100 [00:33<01:17,  1.09s/it]Best trial: 18. Best value: 0.562204:  29%|██▉       | 29/100 [00:33<01:17,  1.09s/it]Best trial: 18. Best value: 0.562204:  30%|███       | 30/100 [00:33<01:15,  1.08s/it]                                                                                      Best trial: 18. Best value: 0.562204:  30%|███       | 30/100 [00:34<01:15,  1.08s/it]Best trial: 18. Best value: 0.562204:  30%|███       | 30/100 [00:34<01:15,  1.08s/it]Best trial: 18. Best value: 0.562204:  31%|███       | 31/100 [00:34<01:14,  1.08s/it]                                                                                      Best trial: 18. Best value: 0.562204:  31%|███       | 31/100 [00:35<01:14,  1.08s/it]Best trial: 18. Best value: 0.562204:  31%|███       | 31/100 [00:35<01:14,  1.08s/it]Best trial: 18. Best value: 0.562204:  32%|███▏      | 32/100 [00:35<01:13,  1.08s/it]                                                                                      Best trial: 18. Best value: 0.562204:  32%|███▏      | 32/100 [00:36<01:13,  1.08s/it]Best trial: 18. Best value: 0.562204:  32%|███▏      | 32/100 [00:36<01:13,  1.08s/it]Best trial: 18. Best value: 0.562204:  33%|███▎      | 33/100 [00:36<01:12,  1.08s/it]                                                                                      Best trial: 18. Best value: 0.562204:  33%|███▎      | 33/100 [00:37<01:12,  1.08s/it]Best trial: 18. Best value: 0.562204:  33%|███▎      | 33/100 [00:37<01:12,  1.08s/it]Best trial: 18. Best value: 0.562204:  34%|███▍      | 34/100 [00:37<01:11,  1.08s/it]                                                                                      Best trial: 18. Best value: 0.562204:  34%|███▍      | 34/100 [00:38<01:11,  1.08s/it]Best trial: 18. Best value: 0.562204:  34%|███▍      | 34/100 [00:38<01:11,  1.08s/it]Best trial: 18. Best value: 0.562204:  35%|███▌      | 35/100 [00:38<01:10,  1.08s/it]                                                                                      Best trial: 18. Best value: 0.562204:  35%|███▌      | 35/100 [00:39<01:10,  1.08s/it]Best trial: 35. Best value: 0.562305:  35%|███▌      | 35/100 [00:39<01:10,  1.08s/it]Best trial: 35. Best value: 0.562305:  36%|███▌      | 36/100 [00:39<01:09,  1.08s/it]                                                                                      Best trial: 35. Best value: 0.562305:  36%|███▌      | 36/100 [00:40<01:09,  1.08s/it]Best trial: 35. Best value: 0.562305:  36%|███▌      | 36/100 [00:40<01:09,  1.08s/it]Best trial: 35. Best value: 0.562305:  37%|███▋      | 37/100 [00:40<01:08,  1.08s/it]                                                                                      Best trial: 35. Best value: 0.562305:  37%|███▋      | 37/100 [00:41<01:08,  1.08s/it]Best trial: 35. Best value: 0.562305:  37%|███▋      | 37/100 [00:41<01:08,  1.08s/it]Best trial: 35. Best value: 0.562305:  38%|███▊      | 38/100 [00:41<01:06,  1.08s/it]                                                                                      Best trial: 35. Best value: 0.562305:  38%|███▊      | 38/100 [00:42<01:06,  1.08s/it]Best trial: 35. Best value: 0.562305:  38%|███▊      | 38/100 [00:42<01:06,  1.08s/it]Best trial: 35. Best value: 0.562305:  39%|███▉      | 39/100 [00:42<01:05,  1.08s/it]                                                                                      Best trial: 35. Best value: 0.562305:  39%|███▉      | 39/100 [00:43<01:05,  1.08s/it]Best trial: 35. Best value: 0.562305:  39%|███▉      | 39/100 [00:43<01:05,  1.08s/it]Best trial: 35. Best value: 0.562305:  40%|████      | 40/100 [00:43<01:04,  1.08s/it]                                                                                      Best trial: 35. Best value: 0.562305:  40%|████      | 40/100 [00:44<01:04,  1.08s/it]Best trial: 35. Best value: 0.562305:  40%|████      | 40/100 [00:44<01:04,  1.08s/it]Best trial: 35. Best value: 0.562305:  41%|████      | 41/100 [00:44<01:03,  1.08s/it]                                                                                      Best trial: 35. Best value: 0.562305:  41%|████      | 41/100 [00:46<01:03,  1.08s/it]Best trial: 35. Best value: 0.562305:  41%|████      | 41/100 [00:46<01:03,  1.08s/it]Best trial: 35. Best value: 0.562305:  42%|████▏     | 42/100 [00:46<01:02,  1.08s/it]                                                                                      Best trial: 35. Best value: 0.562305:  42%|████▏     | 42/100 [00:47<01:02,  1.08s/it]Best trial: 35. Best value: 0.562305:  42%|████▏     | 42/100 [00:47<01:02,  1.08s/it]Best trial: 35. Best value: 0.562305:  43%|████▎     | 43/100 [00:47<01:01,  1.08s/it]                                                                                      Best trial: 35. Best value: 0.562305:  43%|████▎     | 43/100 [00:48<01:01,  1.08s/it]Best trial: 35. Best value: 0.562305:  43%|████▎     | 43/100 [00:48<01:01,  1.08s/it]Best trial: 35. Best value: 0.562305:  44%|████▍     | 44/100 [00:48<01:02,  1.12s/it]                                                                                      Best trial: 35. Best value: 0.562305:  44%|████▍     | 44/100 [00:49<01:02,  1.12s/it]Best trial: 35. Best value: 0.562305:  44%|████▍     | 44/100 [00:49<01:02,  1.12s/it]Best trial: 35. Best value: 0.562305:  45%|████▌     | 45/100 [00:49<01:00,  1.11s/it]                                                                                      Best trial: 35. Best value: 0.562305:  45%|████▌     | 45/100 [00:50<01:00,  1.11s/it]Best trial: 35. Best value: 0.562305:  45%|████▌     | 45/100 [00:50<01:00,  1.11s/it]Best trial: 35. Best value: 0.562305:  46%|████▌     | 46/100 [00:50<00:59,  1.10s/it]                                                                                      Best trial: 35. Best value: 0.562305:  46%|████▌     | 46/100 [00:51<00:59,  1.10s/it]Best trial: 35. Best value: 0.562305:  46%|████▌     | 46/100 [00:51<00:59,  1.10s/it]Best trial: 35. Best value: 0.562305:  47%|████▋     | 47/100 [00:51<00:58,  1.10s/it]                                                                                      Best trial: 35. Best value: 0.562305:  47%|████▋     | 47/100 [00:52<00:58,  1.10s/it]Best trial: 35. Best value: 0.562305:  47%|████▋     | 47/100 [00:52<00:58,  1.10s/it]Best trial: 35. Best value: 0.562305:  48%|████▊     | 48/100 [00:52<00:56,  1.09s/it]                                                                                      Best trial: 35. Best value: 0.562305:  48%|████▊     | 48/100 [00:53<00:56,  1.09s/it]Best trial: 35. Best value: 0.562305:  48%|████▊     | 48/100 [00:53<00:56,  1.09s/it]Best trial: 35. Best value: 0.562305:  49%|████▉     | 49/100 [00:53<00:55,  1.09s/it]                                                                                      Best trial: 35. Best value: 0.562305:  49%|████▉     | 49/100 [00:54<00:55,  1.09s/it]Best trial: 35. Best value: 0.562305:  49%|████▉     | 49/100 [00:54<00:55,  1.09s/it]Best trial: 35. Best value: 0.562305:  50%|█████     | 50/100 [00:54<00:54,  1.09s/it]                                                                                      Best trial: 35. Best value: 0.562305:  50%|█████     | 50/100 [00:55<00:54,  1.09s/it]Best trial: 35. Best value: 0.562305:  50%|█████     | 50/100 [00:55<00:54,  1.09s/it]Best trial: 35. Best value: 0.562305:  51%|█████     | 51/100 [00:55<00:53,  1.09s/it]                                                                                      Best trial: 35. Best value: 0.562305:  51%|█████     | 51/100 [00:56<00:53,  1.09s/it]Best trial: 35. Best value: 0.562305:  51%|█████     | 51/100 [00:56<00:53,  1.09s/it]Best trial: 35. Best value: 0.562305:  52%|█████▏    | 52/100 [00:56<00:51,  1.08s/it]                                                                                      Best trial: 35. Best value: 0.562305:  52%|█████▏    | 52/100 [00:58<00:51,  1.08s/it]Best trial: 35. Best value: 0.562305:  52%|█████▏    | 52/100 [00:58<00:51,  1.08s/it]Best trial: 35. Best value: 0.562305:  53%|█████▎    | 53/100 [00:58<00:50,  1.08s/it]                                                                                      Best trial: 35. Best value: 0.562305:  53%|█████▎    | 53/100 [00:59<00:50,  1.08s/it]Best trial: 35. Best value: 0.562305:  53%|█████▎    | 53/100 [00:59<00:50,  1.08s/it]Best trial: 35. Best value: 0.562305:  54%|█████▍    | 54/100 [00:59<00:49,  1.08s/it]                                                                                      Best trial: 35. Best value: 0.562305:  54%|█████▍    | 54/100 [01:00<00:49,  1.08s/it]Best trial: 35. Best value: 0.562305:  54%|█████▍    | 54/100 [01:00<00:49,  1.08s/it]Best trial: 35. Best value: 0.562305:  55%|█████▌    | 55/100 [01:00<00:48,  1.08s/it]                                                                                      Best trial: 35. Best value: 0.562305:  55%|█████▌    | 55/100 [01:01<00:48,  1.08s/it]Best trial: 35. Best value: 0.562305:  55%|█████▌    | 55/100 [01:01<00:48,  1.08s/it]Best trial: 35. Best value: 0.562305:  56%|█████▌    | 56/100 [01:01<00:47,  1.08s/it]                                                                                      Best trial: 35. Best value: 0.562305:  56%|█████▌    | 56/100 [01:02<00:47,  1.08s/it]Best trial: 35. Best value: 0.562305:  56%|█████▌    | 56/100 [01:02<00:47,  1.08s/it]Best trial: 35. Best value: 0.562305:  57%|█████▋    | 57/100 [01:02<00:46,  1.08s/it]                                                                                      Best trial: 35. Best value: 0.562305:  57%|█████▋    | 57/100 [01:03<00:46,  1.08s/it]Best trial: 35. Best value: 0.562305:  57%|█████▋    | 57/100 [01:03<00:46,  1.08s/it]Best trial: 35. Best value: 0.562305:  58%|█████▊    | 58/100 [01:03<00:45,  1.08s/it]                                                                                      Best trial: 35. Best value: 0.562305:  58%|█████▊    | 58/100 [01:04<00:45,  1.08s/it]Best trial: 35. Best value: 0.562305:  58%|█████▊    | 58/100 [01:04<00:45,  1.08s/it]Best trial: 35. Best value: 0.562305:  59%|█████▉    | 59/100 [01:04<00:44,  1.08s/it]                                                                                      Best trial: 35. Best value: 0.562305:  59%|█████▉    | 59/100 [01:05<00:44,  1.08s/it]Best trial: 35. Best value: 0.562305:  59%|█████▉    | 59/100 [01:05<00:44,  1.08s/it]Best trial: 35. Best value: 0.562305:  60%|██████    | 60/100 [01:05<00:43,  1.08s/it]                                                                                      Best trial: 35. Best value: 0.562305:  60%|██████    | 60/100 [01:06<00:43,  1.08s/it]Best trial: 35. Best value: 0.562305:  60%|██████    | 60/100 [01:06<00:43,  1.08s/it]Best trial: 35. Best value: 0.562305:  61%|██████    | 61/100 [01:06<00:42,  1.08s/it]                                                                                      Best trial: 35. Best value: 0.562305:  61%|██████    | 61/100 [01:07<00:42,  1.08s/it]Best trial: 61. Best value: 0.562311:  61%|██████    | 61/100 [01:07<00:42,  1.08s/it]Best trial: 61. Best value: 0.562311:  62%|██████▏   | 62/100 [01:07<00:41,  1.08s/it]                                                                                      Best trial: 61. Best value: 0.562311:  62%|██████▏   | 62/100 [01:08<00