[I 2025-05-13 16:55:01,067] Trial 99 finished with value: 0.5680633602460592 and parameters: {'interp_param': 0.023693695416830668}. Best is trial 37 with value: 0.5686066042974924.
Best hyperparameters: {'interp_param': 9.291827985086556e-05}
Best optimized value: 0.5686066042974924
Tuning threshold scale factor for offline LSET using optuna
  0%|          | 0/100 [00:00<?, ?it/s]                                         0%|          | 0/100 [00:01<?, ?it/s]Best trial: 0. Best value: 0.563992:   0%|          | 0/100 [00:01<?, ?it/s]Best trial: 0. Best value: 0.563992:   1%|          | 1/100 [00:01<02:11,  1.33s/it]                                                                                    Best trial: 0. Best value: 0.563992:   1%|          | 1/100 [00:02<02:11,  1.33s/it]Best trial: 1. Best value: 0.570182:   1%|          | 1/100 [00:02<02:11,  1.33s/it]Best trial: 1. Best value: 0.570182:   2%|▏         | 2/100 [00:02<01:56,  1.19s/it]                                                                                    Best trial: 1. Best value: 0.570182:   2%|▏         | 2/100 [00:03<01:56,  1.19s/it]Best trial: 1. Best value: 0.570182:   2%|▏         | 2/100 [00:03<01:56,  1.19s/it]Best trial: 1. Best value: 0.570182:   3%|▎         | 3/100 [00:03<01:51,  1.15s/it]                                                                                    Best trial: 1. Best value: 0.570182:   3%|▎         | 3/100 [00:04<01:51,  1.15s/it]Best trial: 1. Best value: 0.570182:   3%|▎         | 3/100 [00:04<01:51,  1.15s/it]Best trial: 1. Best value: 0.570182:   4%|▍         | 4/100 [00:04<01:48,  1.13s/it]                                                                                    Best trial: 1. Best value: 0.570182:   4%|▍         | 4/100 [00:05<01:48,  1.13s/it]Best trial: 4. Best value: 0.57026:   4%|▍         | 4/100 [00:05<01:48,  1.13s/it] Best trial: 4. Best value: 0.57026:   5%|▌         | 5/100 [00:05<01:46,  1.12s/it]                                                                                   Best trial: 4. Best value: 0.57026:   5%|▌         | 5/100 [00:06<01:46,  1.12s/it]Best trial: 4. Best value: 0.57026:   5%|▌         | 5/100 [00:06<01:46,  1.12s/it]Best trial: 4. Best value: 0.57026:   6%|▌         | 6/100 [00:06<01:44,  1.11s/it]                                                                                   Best trial: 4. Best value: 0.57026:   6%|▌         | 6/100 [00:07<01:44,  1.11s/it]Best trial: 4. Best value: 0.57026:   6%|▌         | 6/100 [00:07<01:44,  1.11s/it]Best trial: 4. Best value: 0.57026:   7%|▋         | 7/100 [00:07<01:42,  1.11s/it]                                                                                   Best trial: 4. Best value: 0.57026:   7%|▋         | 7/100 [00:09<01:42,  1.11s/it]Best trial: 4. Best value: 0.57026:   7%|▋         | 7/100 [00:09<01:42,  1.11s/it]Best trial: 4. Best value: 0.57026:   8%|▊         | 8/100 [00:09<01:41,  1.10s/it]                                                                                   Best trial: 4. Best value: 0.57026:   8%|▊         | 8/100 [00:10<01:41,  1.10s/it]Best trial: 8. Best value: 0.575001:   8%|▊         | 8/100 [00:10<01:41,  1.10s/it]Best trial: 8. Best value: 0.575001:   9%|▉         | 9/100 [00:10<01:40,  1.10s/it]                                                                                    Best trial: 8. Best value: 0.575001:   9%|▉         | 9/100 [00:11<01:40,  1.10s/it]Best trial: 8. Best value: 0.575001:   9%|▉         | 9/100 [00:11<01:40,  1.10s/it]Best trial: 8. Best value: 0.575001:  10%|█         | 10/100 [00:11<01:39,  1.10s/it]                                                                                     Best trial: 8. Best value: 0.575001:  10%|█         | 10/100 [00:12<01:39,  1.10s/it]Best trial: 8. Best value: 0.575001:  10%|█         | 10/100 [00:12<01:39,  1.10s/it]Best trial: 8. Best value: 0.575001:  11%|█         | 11/100 [00:12<01:37,  1.10s/it]                                                                                     Best trial: 8. Best value: 0.575001:  11%|█         | 11/100 [00:13<01:37,  1.10s/it]Best trial: 8. Best value: 0.575001:  11%|█         | 11/100 [00:13<01:37,  1.10s/it]Best trial: 8. Best value: 0.575001:  12%|█▏        | 12/100 [00:13<01:36,  1.10s/it]                                                                                     Best trial: 8. Best value: 0.575001:  12%|█▏        | 12/100 [00:14<01:36,  1.10s/it]Best trial: 8. Best value: 0.575001:  12%|█▏        | 12/100 [00:14<01:36,  1.10s/it]Best trial: 8. Best value: 0.575001:  13%|█▎        | 13/100 [00:14<01:35,  1.10s/it]                                                                                     Best trial: 8. Best value: 0.575001:  13%|█▎        | 13/100 [00:15<01:35,  1.10s/it]Best trial: 13. Best value: 0.575179:  13%|█▎        | 13/100 [00:15<01:35,  1.10s/it]Best trial: 13. Best value: 0.575179:  14%|█▍        | 14/100 [00:15<01:34,  1.10s/it]                                                                                      Best trial: 13. Best value: 0.575179:  14%|█▍        | 14/100 [00:16<01:34,  1.10s/it]Best trial: 13. Best value: 0.575179:  14%|█▍        | 14/100 [00:16<01:34,  1.10s/it]Best trial: 13. Best value: 0.575179:  15%|█▌        | 15/100 [00:16<01:33,  1.10s/it]                                                                                      Best trial: 13. Best value: 0.575179:  15%|█▌        | 15/100 [00:17<01:33,  1.10s/it]Best trial: 13. Best value: 0.575179:  15%|█▌        | 15/100 [00:17<01:33,  1.10s/it]Best trial: 13. Best value: 0.575179:  16%|█▌        | 16/100 [00:17<01:32,  1.10s/it]                                                                                      Best trial: 13. Best value: 0.575179:  16%|█▌        | 16/100 [00:18<01:32,  1.10s/it]Best trial: 13. Best value: 0.575179:  16%|█▌        | 16/100 [00:18<01:32,  1.10s/it]Best trial: 13. Best value: 0.575179:  17%|█▋        | 17/100 [00:18<01:31,  1.10s/it]                                                                                      Best trial: 13. Best value: 0.575179:  17%|█▋        | 17/100 [00:19<01:31,  1.10s/it]Best trial: 13. Best value: 0.575179:  17%|█▋        | 17/100 [00:19<01:31,  1.10s/it]Best trial: 13. Best value: 0.575179:  18%|█▊        | 18/100 [00:19<01:30,  1.10s/it]                                                                                      Best trial: 13. Best value: 0.575179:  18%|█▊        | 18/100 [00:21<01:30,  1.10s/it]Best trial: 13. Best value: 0.575179:  18%|█▊        | 18/100 [00:21<01:30,  1.10s/it]Best trial: 13. Best value: 0.575179:  19%|█▉        | 19/100 [00:21<01:28,  1.10s/it]                                                                                      Best trial: 13. Best value: 0.575179:  19%|█▉        | 19/100 [00:22<01:28,  1.10s/it]Best trial: 19. Best value: 0.575226:  19%|█▉        | 19/100 [00:22<01:28,  1.10s/it]Best trial: 19. Best value: 0.575226:  20%|██        | 20/100 [00:22<01:27,  1.10s/it]                                                                                      Best trial: 19. Best value: 0.575226:  20%|██        | 20/100 [00:23<01:27,  1.10s/it]Best trial: 19. Best value: 0.575226:  20%|██        | 20/100 [00:23<01:27,  1.10s/it]Best trial: 19. Best value: 0.575226:  21%|██        | 21/100 [00:23<01:26,  1.10s/it]                                                                                      Best trial: 19. Best value: 0.575226:  21%|██        | 21/100 [00:24<01:26,  1.10s/it]Best trial: 21. Best value: 0.575391:  21%|██        | 21/100 [00:24<01:26,  1.10s/it]Best trial: 21. Best value: 0.575391:  22%|██▏       | 22/100 [00:24<01:25,  1.10s/it]                                                                                      Best trial: 21. Best value: 0.575391:  22%|██▏       | 22/100 [00:25<01:25,  1.10s/it]Best trial: 21. Best value: 0.575391:  22%|██▏       | 22/100 [00:25<01:25,  1.10s/it]Best trial: 21. Best value: 0.575391:  23%|██▎       | 23/100 [00:25<01:27,  1.13s/it]                                                                                      Best trial: 21. Best value: 0.575391:  23%|██▎       | 23/100 [00:26<01:27,  1.13s/it]Best trial: 21. Best value: 0.575391:  23%|██▎       | 23/100 [00:26<01:27,  1.13s/it]Best trial: 21. Best value: 0.575391:  24%|██▍       | 24/100 [00:26<01:25,  1.12s/it]                                                                                      Best trial: 21. Best value: 0.575391:  24%|██▍       | 24/100 [00:27<01:25,  1.12s/it]Best trial: 21. Best value: 0.575391:  24%|██▍       | 24/100 [00:27<01:25,  1.12s/it]Best trial: 21. Best value: 0.575391:  25%|██▌       | 25/100 [00:27<01:23,  1.11s/it]                                                                                      Best trial: 21. Best value: 0.575391:  25%|██▌       | 25/100 [00:28<01:23,  1.11s/it]Best trial: 21. Best value: 0.575391:  25%|██▌       | 25/100 [00:28<01:23,  1.11s/it]Best trial: 21. Best value: 0.575391:  26%|██▌       | 26/100 [00:28<01:22,  1.11s/it]                                                                                      Best trial: 21. Best value: 0.575391:  26%|██▌       | 26/100 [00:29<01:22,  1.11s/it]Best trial: 21. Best value: 0.575391:  26%|██▌       | 26/100 [00:29<01:22,  1.11s/it]Best trial: 21. Best value: 0.575391:  27%|██▋       | 27/100 [00:29<01:20,  1.11s/it]                                                                                      Best trial: 21. Best value: 0.575391:  27%|██▋       | 27/100 [00:31<01:20,  1.11s/it]Best trial: 21. Best value: 0.575391:  27%|██▋       | 27/100 [00:31<01:20,  1.11s/it]Best trial: 21. Best value: 0.575391:  28%|██▊       | 28/100 [00:31<01:19,  1.10s/it]                                                                                      Best trial: 21. Best value: 0.575391:  28%|██▊       | 28/100 [00:32<01:19,  1.10s/it]Best trial: 21. Best value: 0.575391:  28%|██▊       | 28/100 [00:32<01:19,  1.10s/it]Best trial: 21. Best value: 0.575391:  29%|██▉       | 29/100 [00:32<01:18,  1.10s/it]                                                                                      Best trial: 21. Best value: 0.575391:  29%|██▉       | 29/100 [00:33<01:18,  1.10s/it]Best trial: 21. Best value: 0.575391:  29%|██▉       | 29/100 [00:33<01:18,  1.10s/it]Best trial: 21. Best value: 0.575391:  30%|███       | 30/100 [00:33<01:17,  1.10s/it]                                                                                      Best trial: 21. Best value: 0.575391:  30%|███       | 30/100 [00:34<01:17,  1.10s/it]Best trial: 21. Best value: 0.575391:  30%|███       | 30/100 [00:34<01:17,  1.10s/it]Best trial: 21. Best value: 0.575391:  31%|███       | 31/100 [00:34<01:16,  1.10s/it]                                                                                      Best trial: 21. Best value: 0.575391:  31%|███       | 31/100 [00:35<01:16,  1.10s/it]Best trial: 21. Best value: 0.575391:  31%|███       | 31/100 [00:35<01:16,  1.10s/it]Best trial: 21. Best value: 0.575391:  32%|███▏      | 32/100 [00:35<01:14,  1.10s/it]                                                                                      Best trial: 21. Best value: 0.575391:  32%|███▏      | 32/100 [00:36<01:14,  1.10s/it]Best trial: 21. Best value: 0.575391:  32%|███▏      | 32/100 [00:36<01:14,  1.10s/it]Best trial: 21. Best value: 0.575391:  33%|███▎      | 33/100 [00:36<01:13,  1.10s/it]                                                                                      Best trial: 21. Best value: 0.575391:  33%|███▎      | 33/100 [00:37<01:13,  1.10s/it]Best trial: 21. Best value: 0.575391:  33%|███▎      | 33/100 [00:37<01:13,  1.10s/it]Best trial: 21. Best value: 0.575391:  34%|███▍      | 34/100 [00:37<01:12,  1.10s/it]                                                                                      Best trial: 21. Best value: 0.575391:  34%|███▍      | 34/100 [00:38<01:12,  1.10s/it]Best trial: 21. Best value: 0.575391:  34%|███▍      | 34/100 [00:38<01:12,  1.10s/it]Best trial: 21. Best value: 0.575391:  35%|███▌      | 35/100 [00:38<01:11,  1.10s/it]                                                                                      Best trial: 21. Best value: 0.575391:  35%|███▌      | 35/100 [00:39<01:11,  1.10s/it]Best trial: 21. Best value: 0.575391:  35%|███▌      | 35/100 [00:39<01:11,  1.10s/it]Best trial: 21. Best value: 0.575391:  36%|███▌      | 36/100 [00:39<01:10,  1.10s/it]                                                                                      Best trial: 21. Best value: 0.575391:  36%|███▌      | 36/100 [00:40<01:10,  1.10s/it]Best trial: 21. Best value: 0.575391:  36%|███▌      | 36/100 [00:40<01:10,  1.10s/it]Best trial: 21. Best value: 0.575391:  37%|███▋      | 37/100 [00:40<01:09,  1.10s/it]                                                                                      Best trial: 21. Best value: 0.575391:  37%|███▋      | 37/100 [00:42<01:09,  1.10s/it]Best trial: 21. Best value: 0.575391:  37%|███▋      | 37/100 [00:42<01:09,  1.10s/it]Best trial: 21. Best value: 0.575391:  38%|███▊      | 38/100 [00:42<01:08,  1.10s/it]                                                                                      Best trial: 21. Best value: 0.575391:  38%|███▊      | 38/100 [00:43<01:08,  1.10s/it]Best trial: 21. Best value: 0.575391:  38%|███▊      | 38/100 [00:43<01:08,  1.10s/it]Best trial: 21. Best value: 0.575391:  39%|███▉      | 39/100 [00:43<01:07,  1.10s/it]                                                                                      Best trial: 21. Best value: 0.575391:  39%|███▉      | 39/100 [00:44<01:07,  1.10s/it]Best trial: 21. Best value: 0.575391:  39%|███▉      | 39/100 [00:44<01:07,  1.10s/it]Best trial: 21. Best value: 0.575391:  40%|████      | 40/100 [00:44<01:06,  1.10s/it]                                                                                      Best trial: 21. Best value: 0.575391:  40%|████      | 40/100 [00:45<01:06,  1.10s/it]Best trial: 21. Best value: 0.575391:  40%|████      | 40/100 [00:45<01:06,  1.10s/it]Best trial: 21. Best value: 0.575391:  41%|████      | 41/100 [00:45<01:04,  1.10s/it]                                                                                      Best trial: 21. Best value: 0.575391:  41%|████      | 41/100 [00:46<01:04,  1.10s/it]Best trial: 21. Best value: 0.575391:  41%|████      | 41/100 [00:46<01:04,  1.10s/it]Best trial: 21. Best value: 0.575391:  42%|████▏     | 42/100 [00:46<01:03,  1.10s/it]                                                                                      Best trial: 21. Best value: 0.575391:  42%|████▏     | 42/100 [00:47<01:03,  1.10s/it]Best trial: 21. Best value: 0.575391:  42%|████▏     | 42/100 [00:47<01:03,  1.10s/it]Best trial: 21. Best value: 0.575391:  43%|████▎     | 43/100 [00:47<01:02,  1.10s/it]                                                                                      Best trial: 21. Best value: 0.575391:  43%|████▎     | 43/100 [00:48<01:02,  1.10s/it]Best trial: 21. Best value: 0.575391:  43%|████▎     | 43/100 [00:48<01:02,  1.10s/it]Best trial: 21. Best value: 0.575391:  44%|████▍     | 44/100 [00:48<01:04,  1.15s/it]                                                                                      Best trial: 21. Best value: 0.575391:  44%|████▍     | 44/100 [00:49<01:04,  1.15s/it]Best trial: 21. Best value: 0.575391:  44%|████▍     | 44/100 [00:49<01:04,  1.15s/it]Best trial: 21. Best value: 0.575391:  45%|████▌     | 45/100 [00:49<01:02,  1.13s/it]                                                                                      Best trial: 21. Best value: 0.575391:  45%|████▌     | 45/100 [00:51<01:02,  1.13s/it]Best trial: 21. Best value: 0.575391:  45%|████▌     | 45/100 [00:51<01:02,  1.13s/it]Best trial: 21. Best value: 0.575391:  46%|████▌     | 46/100 [00:51<01:00,  1.12s/it]                                                                                      Best trial: 21. Best value: 0.575391:  46%|████▌     | 46/100 [00:52<01:00,  1.12s/it]Best trial: 21. Best value: 0.575391:  46%|████▌     | 46/100 [00:52<01:00,  1.12s/it]Best trial: 21. Best value: 0.575391:  47%|████▋     | 47/100 [00:52<00:59,  1.12s/it]                                                                                      Best trial: 21. Best value: 0.575391:  47%|████▋     | 47/100 [00:53<00:59,  1.12s/it]Best trial: 21. Best value: 0.575391:  47%|████▋     | 47/100 [00:53<00:59,  1.12s/it]Best trial: 21. Best value: 0.575391:  48%|████▊     | 48/100 [00:53<00:57,  1.11s/it]                                                                                      Best trial: 21. Best value: 0.575391:  48%|████▊     | 48/100 [00:54<00:57,  1.11s/it]Best trial: 21. Best value: 0.575391:  48%|████▊     | 48/100 [00:54<00:57,  1.11s/it]Best trial: 21. Best value: 0.575391:  49%|████▉     | 49/100 [00:54<00:56,  1.11s/it]                                                                                      Best trial: 21. Best value: 0.575391:  49%|████▉     | 49/100 [00:55<00:56,  1.11s/it]Best trial: 21. Best value: 0.575391:  49%|████▉     | 49/100 [00:55<00:56,  1.11s/it]Best trial: 21. Best value: 0.575391:  50%|█████     | 50/100 [00:55<00:55,  1.11s/it]                                                                                      Best trial: 21. Best value: 0.575391:  50%|█████     | 50/100 [00:56<00:55,  1.11s/it]Best trial: 21. Best value: 0.575391:  50%|█████     | 50/100 [00:56<00:55,  1.11s/it]Best trial: 21. Best value: 0.575391:  51%|█████     | 51/100 [00:56<00:54,  1.10s/it]                                                                                      Best trial: 21. Best value: 0.575391:  51%|█████     | 51/100 [00:57<00:54,  1.10s/it]Best trial: 21. Best value: 0.575391:  51%|█████     | 51/100 [00:57<00:54,  1.10s/it]Best trial: 21. Best value: 0.575391:  52%|█████▏    | 52/100 [00:57<00:52,  1.10s/it]                                                                                      Best trial: 21. Best value: 0.575391:  52%|█████▏    | 52/100 [00:58<00:52,  1.10s/it]Best trial: 21. Best value: 0.575391:  52%|█████▏    | 52/100 [00:58<00:52,  1.10s/it]Best trial: 21. Best value: 0.575391:  53%|█████▎    | 53/100 [00:58<00:51,  1.10s/it]                                                                                      Best trial: 21. Best value: 0.575391:  53%|█████▎    | 53/100 [00:59<00:51,  1.10s/it]Best trial: 21. Best value: 0.575391:  53%|█████▎    | 53/100 [00:59<00:51,  1.10s/it]Best trial: 21. Best value: 0.575391:  54%|█████▍    | 54/100 [00:59<00:50,  1.10s/it]                                                                                      Best trial: 21. Best value: 0.575391:  54%|█████▍    | 54/100 [01:00<00:50,  1.10s/it]Best trial: 21. Best value: 0.575391:  54%|█████▍    | 54/100 [01:00<00:50,  1.10s/it]Best trial: 21. Best value: 0.575391:  55%|█████▌    | 55/100 [01:00<00:49,  1.10s/it]                                                                                      Best trial: 21. Best value: 0.575391:  55%|█████▌    | 55/100 [01:02<00:49,  1.10s/it]Best trial: 21. Best value: 0.575391:  55%|█████▌    | 55/100 [01:02<00:49,  1.10s/it]Best trial: 21. Best value: 0.575391:  56%|█████▌    | 56/100 [01:02<00:48,  1.10s/it]                                                                                      Best trial: 21. Best value: 0.575391:  56%|█████▌    | 56/100 [01:03<00:48,  1.10s/it]Best trial: 21. Best value: 0.575391:  56%|█████▌    | 56/100 [01:03<00:48,  1.10s/it]Best trial: 21. Best value: 0.575391:  57%|█████▋    | 57/100 [01:03<00:47,  1.10s/it]                                                                                      Best trial: 21. Best value: 0.575391:  57%|█████▋    | 57/100 [01:04<00:47,  1.10s/it]Best trial: 21. Best value: 0.575391:  57%|█████▋    | 57/100 [01:04<00:47,  1.10s/it]Best trial: 21. Best value: 0.575391:  58%|█████▊    | 58/100 [01:04<00:46,  1.10s/it]                                                                                      Best trial: 21. Best value: 0.575391:  58%|█████▊    | 58/100 [01:05<00:46,  1.10s/it]Best trial: 21. Best value: 0.575391:  58%|█████▊    | 58/100 [01:05<00:46,  1.10s/it]Best trial: 21. Best value: 0.575391:  59%|█████▉    | 59/100 [01:05<00:45,  1.10s/it]                                                                                      Best trial: 21. Best value: 0.575391:  59%|█████▉    | 59/100 [01:06<00:45,  1.10s/it]Best trial: 21. Best value: 0.575391:  59%|█████▉    | 59/100 [01:06<00:45,  1.10s/it]Best trial: 21. Best value: 0.575391:  60%|██████    | 60/100 [01:06<00:44,  1.10s/it]                                                                                      Best trial: 21. Best value: 0.575391:  60%|██████    | 60/100 [01:07<00:44,  1.10s/it]Best trial: 21. Best value: 0.575391:  60%|██████    | 60/100 [01:07<00:44,  1.10s/it]Best trial: 21. Best value: 0.575391:  61%|██████    | 61/100 [01:07<00:42,  1.10s/it]                                                                                      Best trial: 21. Best value: 0.575391:  61%|██████    | 61/100 [01:08<00:42,  1.10s/it]Best trial: 21. Best value: 0.575391:  61%|██████    | 61/100 [01:08<00:42,  1.10s/it]Best trial: 21. Best value: 0.575391:  62%|██████▏   | 62/100 [01:08<00:41,  1.10s/it]                                                                                      Best trial: 21. Best value: 0.575391:  62%|██████▏   | 62/100 [01:09<00:41,  1.10s/it]Best tr