[I 2025-05-13 16:55:02,394] Trial 0 finished with value: 0.5639920714255201 and parameters: {'threshold_scale_factor': 0.9650101483899117}. Best is trial 0 with value: 0.5639920714255201.
[I 2025-05-13 16:55:03,493] Trial 1 finished with value: 0.5701818275022428 and parameters: {'threshold_scale_factor': 0.47951024158357247}. Best is trial 1 with value: 0.5701818275022428.
[I 2025-05-13 16:55:04,591] Trial 2 finished with value: 0.5648570378914093 and parameters: {'threshold_scale_factor': 0.9442874625122877}. Best is trial 1 with value: 0.5701818275022428.
[I 2025-05-13 16:55:05,685] Trial 3 finished with value: 0.567123550771071 and parameters: {'threshold_scale_factor': 0.5615935082512251}. Best is trial 1 with value: 0.5701818275022428.
[I 2025-05-13 16:55:06,781] Trial 4 finished with value: 0.5702595070272118 and parameters: {'threshold_scale_factor': 0.22429151509274237}. Best is trial 4 with value: 0.5702595070272118.
[I 2025-05-13 16:55:07,878] Trial 5 finished with value: 0.5668845999401939 and parameters: {'threshold_scale_factor': 0.8339106953612053}. Best is trial 4 with value: 0.5702595070272118.
[I 2025-05-13 16:55:08,978] Trial 6 finished with value: 0.5671856123713102 and parameters: {'threshold_scale_factor': 0.8111741753003137}. Best is trial 4 with value: 0.5702595070272118.
[I 2025-05-13 16:55:10,072] Trial 7 finished with value: 0.5657106241189287 and parameters: {'threshold_scale_factor': 0.6964195661239524}. Best is trial 4 with value: 0.5702595070272118.
[I 2025-05-13 16:55:11,167] Trial 8 finished with value: 0.5750012388397625 and parameters: {'threshold_scale_factor': 0.3285484716202335}. Best is trial 8 with value: 0.5750012388397625.
[I 2025-05-13 16:55:12,268] Trial 9 finished with value: 0.5665799649707377 and parameters: {'threshold_scale_factor': 0.6621242941152392}. Best is trial 8 with value: 0.5750012388397625.
[I 2025-05-13 16:55:13,366] Trial 10 finished with value: 0.5417494809688581 and parameters: {'threshold_scale_factor': 0.004698019447024748}. Best is trial 8 with value: 0.5750012388397625.
[I 2025-05-13 16:55:14,468] Trial 11 finished with value: 0.5716583536246743 and parameters: {'threshold_scale_factor': 0.2427591819252652}. Best is trial 8 with value: 0.5750012388397625.
[I 2025-05-13 16:55:15,565] Trial 12 finished with value: 0.5745197488145585 and parameters: {'threshold_scale_factor': 0.3136742339262919}. Best is trial 8 with value: 0.5750012388397625.
[I 2025-05-13 16:55:16,662] Trial 13 finished with value: 0.5751789824426502 and parameters: {'threshold_scale_factor': 0.35725270123224484}. Best is trial 13 with value: 0.5751789824426502.
[I 2025-05-13 16:55:17,764] Trial 14 finished with value: 0.5740959801785638 and parameters: {'threshold_scale_factor': 0.37891069769149516}. Best is trial 13 with value: 0.5751789824426502.
[I 2025-05-13 16:55:18,866] Trial 15 finished with value: 0.561362347814943 and parameters: {'threshold_scale_factor': 0.07927376769243766}. Best is trial 13 with value: 0.5751789824426502.
[I 2025-05-13 16:55:19,963] Trial 16 finished with value: 0.5735164082190611 and parameters: {'threshold_scale_factor': 0.4185681935800679}. Best is trial 13 with value: 0.5751789824426502.
[I 2025-05-13 16:55:21,060] Trial 17 finished with value: 0.5687120680080311 and parameters: {'threshold_scale_factor': 0.158339493757357}. Best is trial 13 with value: 0.5751789824426502.
[I 2025-05-13 16:55:22,156] Trial 18 finished with value: 0.5674892904438464 and parameters: {'threshold_scale_factor': 0.5349350807812785}. Best is trial 13 with value: 0.5751789824426502.
[I 2025-05-13 16:55:23,258] Trial 19 finished with value: 0.5752258362168396 and parameters: {'threshold_scale_factor': 0.36178557016590956}. Best is trial 19 with value: 0.5752258362168396.
[I 2025-05-13 16:55:24,360] Trial 20 finished with value: 0.5669901661754027 and parameters: {'threshold_scale_factor': 0.6316068022512713}. Best is trial 19 with value: 0.5752258362168396.
[I 2025-05-13 16:55:25,459] Trial 21 finished with value: 0.5753914819086676 and parameters: {'threshold_scale_factor': 0.3500509932184684}. Best is trial 21 with value: 0.5753914819086676.
[I 2025-05-13 16:55:26,663] Trial 22 finished with value: 0.5722795847750866 and parameters: {'threshold_scale_factor': 0.4395713536942614}. Best is trial 21 with value: 0.5753914819086676.
[I 2025-05-13 16:55:27,761] Trial 23 finished with value: 0.5744346875133495 and parameters: {'threshold_scale_factor': 0.3098691915109196}. Best is trial 21 with value: 0.5753914819086676.
[I 2025-05-13 16:55:28,857] Trial 24 finished with value: 0.5702571831346918 and parameters: {'threshold_scale_factor': 0.2082371741587755}. Best is trial 21 with value: 0.5753914819086676.
[I 2025-05-13 16:55:29,959] Trial 25 finished with value: 0.5677154940407536 and parameters: {'threshold_scale_factor': 0.14204962075116973}. Best is trial 21 with value: 0.5753914819086676.
[I 2025-05-13 16:55:31,060] Trial 26 finished with value: 0.5745162288008885 and parameters: {'threshold_scale_factor': 0.3732966475564764}. Best is trial 21 with value: 0.5753914819086676.
[I 2025-05-13 16:55:32,159] Trial 27 finished with value: 0.5691887051988551 and parameters: {'threshold_scale_factor': 0.48769960209861785}. Best is trial 21 with value: 0.5753914819086676.
[I 2025-05-13 16:55:33,261] Trial 28 finished with value: 0.5673313341022683 and parameters: {'threshold_scale_factor': 0.5809757440108878}. Best is trial 21 with value: 0.5753914819086676.
[I 2025-05-13 16:55:34,361] Trial 29 finished with value: 0.5746583963432867 and parameters: {'threshold_scale_factor': 0.3170915754436024}. Best is trial 21 with value: 0.5753914819086676.
[I 2025-05-13 16:55:35,459] Trial 30 finished with value: 0.5722662565679867 and parameters: {'threshold_scale_factor': 0.24786443292767496}. Best is trial 21 with value: 0.5753914819086676.
[I 2025-05-13 16:55:36,561] Trial 31 finished with value: 0.5753799649707377 and parameters: {'threshold_scale_factor': 0.35432632236482664}. Best is trial 21 with value: 0.5753914819086676.
[I 2025-05-13 16:55:37,661] Trial 32 finished with value: 0.5733671664744329 and parameters: {'threshold_scale_factor': 0.4156791315895201}. Best is trial 21 with value: 0.5753914819086676.
[I 2025-05-13 16:55:38,760] Trial 33 finished with value: 0.5701722927079328 and parameters: {'threshold_scale_factor': 0.48004882950749445}. Best is trial 21 with value: 0.5753914819086676.
[I 2025-05-13 16:55:39,859] Trial 34 finished with value: 0.5751016788414712 and parameters: {'threshold_scale_factor': 0.362643056449393}. Best is trial 21 with value: 0.5753914819086676.
[I 2025-05-13 16:55:40,966] Trial 35 finished with value: 0.5734559870135418 and parameters: {'threshold_scale_factor': 0.27177197159545685}. Best is trial 21 with value: 0.5753914819086676.
[I 2025-05-13 16:55:42,065] Trial 36 finished with value: 0.5718129266521423 and parameters: {'threshold_scale_factor': 0.4523701626039781}. Best is trial 21 with value: 0.5753914819086676.
[I 2025-05-13 16:55:43,165] Trial 37 finished with value: 0.5677343585800333 and parameters: {'threshold_scale_factor': 0.14395128815092506}. Best is trial 21 with value: 0.5753914819086676.
[I 2025-05-13 16:55:44,264] Trial 38 finished with value: 0.5675109914989961 and parameters: {'threshold_scale_factor': 0.5336701765553683}. Best is trial 21 with value: 0.5753914819086676.
[I 2025-05-13 16:55:45,367] Trial 39 finished with value: 0.5702591652783118 and parameters: {'threshold_scale_factor': 0.20945899632581766}. Best is trial 21 with value: 0.5753914819086676.
[I 2025-05-13 16:55:46,466] Trial 40 finished with value: 0.5675230894100559 and parameters: {'threshold_scale_factor': 0.592928077098478}. Best is trial 21 with value: 0.5753914819086676.
[I 2025-05-13 16:55:47,567] Trial 41 finished with value: 0.575361578879918 and parameters: {'threshold_scale_factor': 0.3486686358185417}. Best is trial 21 with value: 0.5753914819086676.
[I 2025-05-13 16:55:48,669] Trial 42 finished with value: 0.5751416976376608 and parameters: {'threshold_scale_factor': 0.3581982532752746}. Best is trial 21 with value: 0.5753914819086676.
[I 2025-05-13 16:55:49,917] Trial 43 finished with value: 0.5733886966551327 and parameters: {'threshold_scale_factor': 0.27498797539889325}. Best is trial 21 with value: 0.5753914819086676.
[I 2025-05-13 16:55:51,020] Trial 44 finished with value: 0.5737266179674485 and parameters: {'threshold_scale_factor': 0.38888679014637595}. Best is trial 21 with value: 0.5753914819086676.
[I 2025-05-13 16:55:52,119] Trial 45 finished with value: 0.5651521380665556 and parameters: {'threshold_scale_factor': 0.9349444907866739}. Best is trial 21 with value: 0.5753914819086676.
[I 2025-05-13 16:55:53,219] Trial 46 finished with value: 0.5750482976632919 and parameters: {'threshold_scale_factor': 0.3326277653503925}. Best is trial 21 with value: 0.5753914819086676.
[I 2025-05-13 16:55:54,319] Trial 47 finished with value: 0.5740738690247341 and parameters: {'threshold_scale_factor': 0.2900593607079579}. Best is trial 21 with value: 0.5753914819086676.
[I 2025-05-13 16:55:55,421] Trial 48 finished with value: 0.56959777863215 and parameters: {'threshold_scale_factor': 0.19090020394704846}. Best is trial 21 with value: 0.5753914819086676.
[I 2025-05-13 16:55:56,524] Trial 49 finished with value: 0.5607019180657011 and parameters: {'threshold_scale_factor': 0.07591822447350488}. Best is trial 21 with value: 0.5753914819086676.
[I 2025-05-13 16:55:57,623] Trial 50 finished with value: 0.567357546242898 and parameters: {'threshold_scale_factor': 0.5185108813093526}. Best is trial 21 with value: 0.5753914819086676.
[I 2025-05-13 16:55:58,723] Trial 51 finished with value: 0.5751774103977103 and parameters: {'threshold_scale_factor': 0.360352252988834}. Best is trial 21 with value: 0.5753914819086676.
[I 2025-05-13 16:55:59,823] Trial 52 finished with value: 0.57200539963262 and parameters: {'threshold_scale_factor': 0.4507973032929713}. Best is trial 21 with value: 0.5753914819086676.
[I 2025-05-13 16:56:00,922] Trial 53 finished with value: 0.5730826263402965 and parameters: {'threshold_scale_factor': 0.40280215253033463}. Best is trial 21 with value: 0.5753914819086676.
[I 2025-05-13 16:56:02,019] Trial 54 finished with value: 0.5752745012601991 and parameters: {'threshold_scale_factor': 0.33605846450749915}. Best is trial 21 with value: 0.5753914819086676.
[I 2025-05-13 16:56:03,123] Trial 55 finished with value: 0.5750925883207313 and parameters: {'threshold_scale_factor': 0.34066179225293935}. Best is trial 21 with value: 0.5753914819086676.
[I 2025-05-13 16:56:04,223] Trial 56 finished with value: 0.5733030885556838 and parameters: {'threshold_scale_factor': 0.26333759276951824}. Best is trial 21 with value: 0.5753914819086676.
[I 2025-05-13 16:56:05,321] Trial 57 finished with value: 0.5717964543551626 and parameters: {'threshold_scale_factor': 0.4526591182692241}. Best is trial 21 with value: 0.5753914819086676.
[I 2025-05-13 16:56:06,422] Trial 58 finished with value: 0.5746295869110172 and parameters: {'threshold_scale_factor': 0.31492594319820383}. Best is trial 21 with value: 0.5753914819086676.
[I 2025-05-13 16:56:07,522] Trial 59 finished with value: 0.5731031312742962 and parameters: {'threshold_scale_factor': 0.41217555145153584}. Best is trial 21 with value: 0.5753914819086676.
[I 2025-05-13 16:56:08,620] Trial 60 finished with value: 0.566328642829681 and parameters: {'threshold_scale_factor': 0.7567232471921761}. Best is trial 21 with value: 0.5753914819086676.
[I 2025-05-13 16:56:09,721] Trial 61 finished with value: 0.5751840745012602 and parameters: {'threshold_scale_factor': 0.3607756117868971}. Best is trial 21 with value: 0.5753914819086676.
[I 2025-05-13 16:56:10,820] Trial 62 finished with value: 0.5716095177068649 and parameters: {'threshold_scale_factor': 0.24164381323559186}. Best is trial 21 with value: 0.5753914819086676.
[I 2025-05-13 16:56:11,919] Trial 63 finished with value: 0.574239924815242 and parameters: {'threshold_scale_factor': 0.3040708063220596}. Best is trial 21 with value: 0.5753914819086676.
[I 2025-05-13 16:56:13,126] Trial 64 finished with value: 0.5732897261736939 and parameters: {'threshold_scale_factor': 0.42627437695761533}. Best is trial 21 with value: 0.5753914819086676.
[I 2025-05-13 16:56:14,227] Trial 65 finished with value: 0.5688490067922594 and parameters: {'threshold_scale_factor': 0.17817523865761262}. Best is trial 21 with value: 0.5753914819086676.
[I 2025-05-13 16:56:15,326] Trial 66 finished with value: 0.5681392285018583 and parameters: {'threshold_scale_factor': 0.504124560460035}. Best is trial 21 with value: 0.5753914819086676.
[I 2025-05-13 16:56:16,429] Trial 67 finished with value: 0.5734645649109317 and parameters: {'threshold_scale_factor': 0.3928860324641249}. Best is trial 21 with value: 0.5753914819086676.
[I 2025-05-13 16:56:17,527] Trial 68 finished with value: 0.5750492545602119 and parameters: {'threshold_scale_factor': 0.3326354359230857}. Best is trial 21 with value: 0.5753914819086676.
[I 2025-05-13 16:56:18,632] Trial 69 finished with value: 0.5734387970438721 and parameters: {'threshold_scale_factor': 0.28566739743404257}. Best is trial 21 with value: 0.5753914819086676.
[I 2025-05-13 16:56:19,732] Trial 70 finished with value: 0.5702482293135118 and parameters: {'threshold_scale_factor': 0.22332579295368105}. Best is trial 21 with value: 0.5753914819086676.
[I 2025-05-13 16:56:20,830] Trial 71 finished with value: 0.5753492417446282 and parameters: {'threshold_scale_factor': 0.3548311347456922}. Best is trial 21 with value: 0.5753914819086676.
[I 2025-05-13 16:56:21,927] Trial 72 finished with value: 0.5748628647101541 and parameters: {'threshold_scale_factor': 0.36963912266457993}. Best is trial 21 with value: 0.5753914819086676.
[I 2025-05-13 16:56:23,025] Trial 73 finished with value: 0.5709209278482635 and parameters: {'threshold_scale_factor': 0.46761025780807786}. Best is trial 21 with value: 0.5753914819086676.
[I 2025-05-13 16:56:24,124] Trial 74 finished with value: 0.5753876543209876 and parameters: {'threshold_scale_factor': 0.35065469930117565}. Best is trial 21 with value: 0.5753914819086676.
[I 2025-05-13 16:56:25,222] Trial 75 finished with value: 0.5753053953607588 and parameters: {'threshold_scale_factor': 0.335263947154284}. Best is trial 21 with value: 0.5753914819086676.
[I 2025-05-13 16:56:26,318] Trial 76 finished with value: 0.5739482079542058 and parameters: {'threshold_scale_factor': 0.29802964507758173}. Best is trial 21 with value: 0.5753914819086676.
[I 2025-05-13 16:56:27,418] Trial 77 finished with value: 0.5731497458242556 and parameters: {'threshold_scale_factor': 0.39632682121396584}. Best is trial 21 with value: 0.5753914819086676.
[I 2025-05-13 16:56:28,517] Trial 78 finished with value: 0.5723545644837456 and parameters: {'threshold_scale_factor': 0.24974333882610478}. Best is trial 21 with value: 0.5753914819086676.
[I 2025-05-13 16:56:29,621] Trial 79 finished with value: 0.5750767995215516 and parameters: {'threshold_scale_factor': 0.3317836779501996}. Best is trial 21 with value: 0.5753914819086676.
[I 2025-05-13 16:56:31,058] Trial 80 finished with value: 0.5751849630484003 and parameters: {'threshold_scale_factor': 0.33913695961696155}. Best is trial 21 with value: 0.5753914819086676.
[I 2025-05-13 16:56:32,160] Trial 81 finished with value: 0.5741955999829125 and parameters: {'threshold_scale_factor': 0.37722086725431037}. Best is trial 21 with value: 0.5753914819086676.
[I 2025-05-13 16:56:33,262] Trial 82 finished with value: 0.5730661882182068 and parameters: {'threshold_scale_factor': 0.4293728730119473}. Best is trial 21 with value: 0.5753914819086676.
[I 2025-05-13 16:56:34,366] Trial 83 finished with value: 0.5751407407407407 and parameters: {'threshold_scale_factor': 0.3394358508016077}. Best is trial 21 with value: 0.5753914819086676.
[I 2025-05-13 16:56:35,463] Trial 84 finished with value: 0.5733846640181127 and parameters: {'threshold_scale_factor': 0.2752378195660843}. Best is trial 21 with value: 0.5753914819086676.
[I 2025-05-13 16:56:36,708] Trial 85 finished with value: 0.5742793968131915 and parameters: {'threshold_scale_factor': 0.3060791154811045}. Best is trial 21 with value: 0.5753914819086676.
[I 2025-05-13 16:56:37,810] Trial 86 finished with value: 0.5751021231150413 and parameters: {'threshold_scale_factor': 0.34467449502027964}. Best is trial 21 with value: 0.5753914819086676.
[I 2025-05-13 16:56:38,913] Trial 87 finished with value: 0.5739905848178051 and parameters: {'threshold_scale_factor': 0.38353791493360956}. Best is trial 21 with value: 0.5753914819086676.
[I 2025-05-13 16:56:40,017] Trial 88 finished with value: 0.5726769020462216 and parameters: {'threshold_scale_factor': 0.4320094153471975}. Best is trial 21 with value: 0.5753914819086676.
[I 2025-05-13 16:56:41,115] Trial 89 finished with value: 0.5704426160878295 and parameters: {'threshold_scale_factor': 0.47484679928817747}. Best is trial 21 with value: 0.5753914819086676.
[I 2025-05-13 16:56:42,216] Trial 90 finished with value: 0.5707469434832757 and parameters: {'threshold_scale_factor': 0.23252379763097683}. Best is trial 21 with value: 0.5753914819086676.
[I 2025-05-13 16:56:43,319] Trial 91 finished with value: 0.5752884446153189 and parameters: {'threshold_scale_factor': 0.35575015418212647}. Best is trial 21 with value: 0.5753914819086676.
[I 2025-05-13 16:56:44,416] Trial 92 finished with value: 0.5745770942799777 and parameters: {'threshold_scale_factor': 0.321333362031353}. Best is trial 21 with value: 0.5753914819086676.
[I 2025-05-13 16:56:45,516] Trial 93 finished with value: 0.573037447135717 and parameters: {'threshold_scale_factor': 0.401265971996437}. Best is trial 21 with value: 0.5753914819086676.
[I 2025-05-13 16:56:46,615] Trial 94 finished with value: 0.5753852279037976 and parameters: {'threshold_scale_factor': 0.35206190925059516}. Best is trial 21 with value: 0.5753914819086676.
[I 2025-05-13 16:56:47,715] Trial 95 finished with value: 0.5733247896108334 and parameters: {'threshold_scale_factor': 0.2653767192323753}. Best is trial 21 with value: 0.5753914819086676.
[I 2025-05-13 16:56:48,813] Trial 96 finished with value: 0.575355461574608 and parameters: {'threshold_scale_factor': 0.3550306988240095}. Best is trial 21 with value: 0.5753914819086676.
[I 2025-05-13 16:56:49,916] Trial 97 finished with value: 0.5742777905933616 and parameters: {'threshold_scale_factor': 0.3059570953483542}. Best is trial 21 with value: 0.5753914819086676.
[I 2025-05-13 16:56:51,017] Trial 98 finished with value: 0.5732422572514845 and parameters: {'threshold_scale_factor': 0.4152467417367435}. Best is trial 21 with value: 0.5753914819086676.
