[I 2025-05-14 06:34:22,501] Trial 0 finished with value: 0.5561829723610576 and parameters: {'threshold_scale_factor': 0.4845472172631823}. Best is trial 0 with value: 0.5561829723610576.
[I 2025-05-14 06:34:23,614] Trial 1 finished with value: 0.5583891323849801 and parameters: {'threshold_scale_factor': 0.880071293798146}. Best is trial 1 with value: 0.5583891323849801.
[I 2025-05-14 06:34:24,723] Trial 2 finished with value: 0.5587270195224059 and parameters: {'threshold_scale_factor': 0.7673958991929677}. Best is trial 2 with value: 0.5587270195224059.
[I 2025-05-14 06:34:25,842] Trial 3 finished with value: 0.5554525866119868 and parameters: {'threshold_scale_factor': 0.4660717015292031}. Best is trial 2 with value: 0.5587270195224059.
[I 2025-05-14 06:34:26,975] Trial 4 finished with value: 0.5581155623905335 and parameters: {'threshold_scale_factor': 0.6874701719760139}. Best is trial 2 with value: 0.5587270195224059.
[I 2025-05-14 06:34:28,086] Trial 5 finished with value: 0.5590158656926824 and parameters: {'threshold_scale_factor': 0.7539455983882407}. Best is trial 5 with value: 0.5590158656926824.
[I 2025-05-14 06:34:29,201] Trial 6 finished with value: 0.5521324618736383 and parameters: {'threshold_scale_factor': 0.32940870340309736}. Best is trial 5 with value: 0.5590158656926824.
[I 2025-05-14 06:34:30,308] Trial 7 finished with value: 0.5295380409244308 and parameters: {'threshold_scale_factor': 0.009028037703840974}. Best is trial 5 with value: 0.5590158656926824.
[I 2025-05-14 06:34:31,415] Trial 8 finished with value: 0.5514151992823273 and parameters: {'threshold_scale_factor': 0.29941781328585226}. Best is trial 5 with value: 0.5590158656926824.
[I 2025-05-14 06:34:32,523] Trial 9 finished with value: 0.5579105130505361 and parameters: {'threshold_scale_factor': 0.5527002842595572}. Best is trial 5 with value: 0.5590158656926824.
[I 2025-05-14 06:34:33,637] Trial 10 finished with value: 0.555841223461062 and parameters: {'threshold_scale_factor': 0.9886267965856834}. Best is trial 5 with value: 0.5590158656926824.
[I 2025-05-14 06:34:34,749] Trial 11 finished with value: 0.5587223717373659 and parameters: {'threshold_scale_factor': 0.7675311852201937}. Best is trial 5 with value: 0.5590158656926824.
[I 2025-05-14 06:34:35,860] Trial 12 finished with value: 0.5591215002776709 and parameters: {'threshold_scale_factor': 0.7261078006933587}. Best is trial 12 with value: 0.5591215002776709.
[I 2025-05-14 06:34:36,974] Trial 13 finished with value: 0.5589309410910334 and parameters: {'threshold_scale_factor': 0.6759638611168355}. Best is trial 12 with value: 0.5591215002776709.
[I 2025-05-14 06:34:38,085] Trial 14 finished with value: 0.5551826049809901 and parameters: {'threshold_scale_factor': 0.999632029479656}. Best is trial 12 with value: 0.5591215002776709.
[I 2025-05-14 06:34:39,198] Trial 15 finished with value: 0.559606407791875 and parameters: {'threshold_scale_factor': 0.6106734942735936}. Best is trial 15 with value: 0.559606407791875.
[I 2025-05-14 06:34:40,308] Trial 16 finished with value: 0.5594417189969669 and parameters: {'threshold_scale_factor': 0.6077849634700793}. Best is trial 15 with value: 0.559606407791875.
[I 2025-05-14 06:34:41,413] Trial 17 finished with value: 0.5525981630996625 and parameters: {'threshold_scale_factor': 0.35059392463929084}. Best is trial 15 with value: 0.559606407791875.
[I 2025-05-14 06:34:42,527] Trial 18 finished with value: 0.5586643085992566 and parameters: {'threshold_scale_factor': 0.5887673119509598}. Best is trial 15 with value: 0.559606407791875.
[I 2025-05-14 06:34:43,635] Trial 19 finished with value: 0.5462171985133923 and parameters: {'threshold_scale_factor': 0.12322660784728057}. Best is trial 15 with value: 0.559606407791875.
[I 2025-05-14 06:34:44,748] Trial 20 finished with value: 0.5529083344012987 and parameters: {'threshold_scale_factor': 0.3975839489625392}. Best is trial 15 with value: 0.559606407791875.
[I 2025-05-14 06:34:45,855] Trial 21 finished with value: 0.5591638429663804 and parameters: {'threshold_scale_factor': 0.6254246918251338}. Best is trial 15 with value: 0.559606407791875.
[I 2025-05-14 06:34:47,108] Trial 22 finished with value: 0.5594129779144773 and parameters: {'threshold_scale_factor': 0.6072275253307396}. Best is trial 15 with value: 0.559606407791875.
[I 2025-05-14 06:34:48,226] Trial 23 finished with value: 0.5584021188431799 and parameters: {'threshold_scale_factor': 0.8797600902223018}. Best is trial 15 with value: 0.559606407791875.
[I 2025-05-14 06:34:49,338] Trial 24 finished with value: 0.5574920756973814 and parameters: {'threshold_scale_factor': 0.5400521828525043}. Best is trial 15 with value: 0.559606407791875.
[I 2025-05-14 06:34:50,449] Trial 25 finished with value: 0.5497344098423683 and parameters: {'threshold_scale_factor': 0.23951369625503055}. Best is trial 15 with value: 0.559606407791875.
[I 2025-05-14 06:34:51,556] Trial 26 finished with value: 0.55919436114315 and parameters: {'threshold_scale_factor': 0.6214861054857489}. Best is trial 15 with value: 0.559606407791875.
[I 2025-05-14 06:34:52,667] Trial 27 finished with value: 0.5536389593745995 and parameters: {'threshold_scale_factor': 0.4318743761675279}. Best is trial 15 with value: 0.559606407791875.
[I 2025-05-14 06:34:53,780] Trial 28 finished with value: 0.5584397453970695 and parameters: {'threshold_scale_factor': 0.8786890475215379}. Best is trial 15 with value: 0.559606407791875.
[I 2025-05-14 06:34:54,890] Trial 29 finished with value: 0.5569365286855483 and parameters: {'threshold_scale_factor': 0.5236510877997523}. Best is trial 15 with value: 0.559606407791875.
[I 2025-05-14 06:34:56,003] Trial 30 finished with value: 0.5588303302148747 and parameters: {'threshold_scale_factor': 0.6546428084923904}. Best is trial 15 with value: 0.559606407791875.
[I 2025-05-14 06:34:57,107] Trial 31 finished with value: 0.5594030330214874 and parameters: {'threshold_scale_factor': 0.6057647025396761}. Best is trial 15 with value: 0.559606407791875.
[I 2025-05-14 06:34:58,216] Trial 32 finished with value: 0.556083250032039 and parameters: {'threshold_scale_factor': 0.4921409998224108}. Best is trial 15 with value: 0.559606407791875.
[I 2025-05-14 06:34:59,327] Trial 33 finished with value: 0.5580937246358237 and parameters: {'threshold_scale_factor': 0.8207830150626764}. Best is trial 15 with value: 0.559606407791875.
[I 2025-05-14 06:35:00,437] Trial 34 finished with value: 0.5588612926652142 and parameters: {'threshold_scale_factor': 0.5785159163338768}. Best is trial 15 with value: 0.559606407791875.
[I 2025-05-14 06:35:01,546] Trial 35 finished with value: 0.5562502968943569 and parameters: {'threshold_scale_factor': 0.48862136716142845}. Best is trial 15 with value: 0.559606407791875.
[I 2025-05-14 06:35:02,657] Trial 36 finished with value: 0.5590055448759024 and parameters: {'threshold_scale_factor': 0.706473774980297}. Best is trial 15 with value: 0.559606407791875.
[I 2025-05-14 06:35:03,768] Trial 37 finished with value: 0.558246042120552 and parameters: {'threshold_scale_factor': 0.8082905897251289}. Best is trial 15 with value: 0.559606407791875.
[I 2025-05-14 06:35:04,882] Trial 38 finished with value: 0.5541948139604426 and parameters: {'threshold_scale_factor': 0.44490890215675827}. Best is trial 15 with value: 0.559606407791875.
[I 2025-05-14 06:35:05,993] Trial 39 finished with value: 0.5592633260711692 and parameters: {'threshold_scale_factor': 0.6192515384366006}. Best is trial 15 with value: 0.559606407791875.
[I 2025-05-14 06:35:07,103] Trial 40 finished with value: 0.5586905549147764 and parameters: {'threshold_scale_factor': 0.6772352112240777}. Best is trial 15 with value: 0.559606407791875.
[I 2025-05-14 06:35:08,218] Trial 41 finished with value: 0.5594007774787475 and parameters: {'threshold_scale_factor': 0.6045699758740753}. Best is trial 15 with value: 0.559606407791875.
[I 2025-05-14 06:35:09,333] Trial 42 finished with value: 0.5588267076765348 and parameters: {'threshold_scale_factor': 0.57429543827268}. Best is trial 15 with value: 0.559606407791875.
[I 2025-05-14 06:35:10,556] Trial 43 finished with value: 0.5587111965483361 and parameters: {'threshold_scale_factor': 0.7679358408164473}. Best is trial 15 with value: 0.559606407791875.
[I 2025-05-14 06:35:11,672] Trial 44 finished with value: 0.5567978128070401 and parameters: {'threshold_scale_factor': 0.5219092281361336}. Best is trial 15 with value: 0.559606407791875.
[I 2025-05-14 06:35:12,785] Trial 45 finished with value: 0.559112341407151 and parameters: {'threshold_scale_factor': 0.7251856330581434}. Best is trial 15 with value: 0.559606407791875.
[I 2025-05-14 06:35:13,896] Trial 46 finished with value: 0.5588388739373745 and parameters: {'threshold_scale_factor': 0.6489146726326929}. Best is trial 15 with value: 0.559606407791875.
[I 2025-05-14 06:35:15,011] Trial 47 finished with value: 0.5524116707249348 and parameters: {'threshold_scale_factor': 0.3852173692937097}. Best is trial 15 with value: 0.559606407791875.
[I 2025-05-14 06:35:16,128] Trial 48 finished with value: 0.5552427186124994 and parameters: {'threshold_scale_factor': 0.4647874869015055}. Best is trial 15 with value: 0.559606407791875.
[I 2025-05-14 06:35:17,243] Trial 49 finished with value: 0.5588785509846641 and parameters: {'threshold_scale_factor': 0.598071771502343}. Best is trial 15 with value: 0.559606407791875.
[I 2025-05-14 06:35:18,351] Trial 50 finished with value: 0.558158827801273 and parameters: {'threshold_scale_factor': 0.5557883246202435}. Best is trial 15 with value: 0.559606407791875.
[I 2025-05-14 06:35:19,463] Trial 51 finished with value: 0.5596141996667948 and parameters: {'threshold_scale_factor': 0.6115125383636174}. Best is trial 51 with value: 0.5596141996667948.
[I 2025-05-14 06:35:20,574] Trial 52 finished with value: 0.5585487632961681 and parameters: {'threshold_scale_factor': 0.6788003029179153}. Best is trial 51 with value: 0.5596141996667948.
[I 2025-05-14 06:35:21,693] Trial 53 finished with value: 0.5590207868768422 and parameters: {'threshold_scale_factor': 0.6362710569070692}. Best is trial 51 with value: 0.5596141996667948.
[I 2025-05-14 06:35:22,804] Trial 54 finished with value: 0.5567249519415609 and parameters: {'threshold_scale_factor': 0.5192482408779118}. Best is trial 51 with value: 0.5596141996667948.
[I 2025-05-14 06:35:23,920] Trial 55 finished with value: 0.5590490495108719 and parameters: {'threshold_scale_factor': 0.7284859663959895}. Best is trial 51 with value: 0.5596141996667948.
[I 2025-05-14 06:35:25,035] Trial 56 finished with value: 0.55920553633218 and parameters: {'threshold_scale_factor': 0.6026237460308701}. Best is trial 51 with value: 0.5596141996667948.
[I 2025-05-14 06:35:26,148] Trial 57 finished with value: 0.5580543893374343 and parameters: {'threshold_scale_factor': 0.5544837523719386}. Best is trial 51 with value: 0.5596141996667948.
[I 2025-05-14 06:35:27,853] Trial 58 finished with value: 0.5590351745055321 and parameters: {'threshold_scale_factor': 0.660912856158694}. Best is trial 51 with value: 0.5596141996667948.
[I 2025-05-14 06:35:28,967] Trial 59 finished with value: 0.5587599641163654 and parameters: {'threshold_scale_factor': 0.7668193981447622}. Best is trial 51 with value: 0.5596141996667948.
[I 2025-05-14 06:35:30,077] Trial 60 finished with value: 0.5582055790507924 and parameters: {'threshold_scale_factor': 0.814584857451568}. Best is trial 51 with value: 0.5596141996667948.
[I 2025-05-14 06:35:31,186] Trial 61 finished with value: 0.5593539920543381 and parameters: {'threshold_scale_factor': 0.6069312021922422}. Best is trial 51 with value: 0.5596141996667948.
[I 2025-05-14 06:35:32,297] Trial 62 finished with value: 0.5588314579862446 and parameters: {'threshold_scale_factor': 0.5923445166496041}. Best is trial 51 with value: 0.5596141996667948.
[I 2025-05-14 06:35:33,408] Trial 63 finished with value: 0.5589364774232133 and parameters: {'threshold_scale_factor': 0.7011417380552217}. Best is trial 51 with value: 0.5596141996667948.
[I 2025-05-14 06:35:34,658] Trial 64 finished with value: 0.558156640608313 and parameters: {'threshold_scale_factor': 0.5557197156104697}. Best is trial 51 with value: 0.5596141996667948.
[I 2025-05-14 06:35:35,768] Trial 65 finished with value: 0.5591554701183306 and parameters: {'threshold_scale_factor': 0.6281651623160819}. Best is trial 51 with value: 0.5596141996667948.
[I 2025-05-14 06:35:36,878] Trial 66 finished with value: 0.5568078260498099 and parameters: {'threshold_scale_factor': 0.5173465971506795}. Best is trial 51 with value: 0.5596141996667948.
[I 2025-05-14 06:35:37,990] Trial 67 finished with value: 0.5588085266350549 and parameters: {'threshold_scale_factor': 0.650174074322586}. Best is trial 51 with value: 0.5596141996667948.
[I 2025-05-14 06:35:39,102] Trial 68 finished with value: 0.5533223973685335 and parameters: {'threshold_scale_factor': 0.4134885894755441}. Best is trial 51 with value: 0.5596141996667948.
[I 2025-05-14 06:35:40,212] Trial 69 finished with value: 0.5560090563458499 and parameters: {'threshold_scale_factor': 0.4793905218278366}. Best is trial 51 with value: 0.5596141996667948.
[I 2025-05-14 06:35:41,322] Trial 70 finished with value: 0.5590186338587723 and parameters: {'threshold_scale_factor': 0.7437191775632559}. Best is trial 51 with value: 0.5596141996667948.
[I 2025-05-14 06:35:42,430] Trial 71 finished with value: 0.5595684053141954 and parameters: {'threshold_scale_factor': 0.6137674432072232}. Best is trial 51 with value: 0.5596141996667948.
[I 2025-05-14 06:35:43,537] Trial 72 finished with value: 0.5587472510572856 and parameters: {'threshold_scale_factor': 0.5815303793584506}. Best is trial 51 with value: 0.5596141996667948.
[I 2025-05-14 06:35:44,645] Trial 73 finished with value: 0.5586261694220171 and parameters: {'threshold_scale_factor': 0.6962992571063298}. Best is trial 51 with value: 0.5596141996667948.
[I 2025-05-14 06:35:45,760] Trial 74 finished with value: 0.5591944294929301 and parameters: {'threshold_scale_factor': 0.6022141683581983}. Best is trial 51 with value: 0.5596141996667948.
[I 2025-05-14 06:35:46,874] Trial 75 finished with value: 0.5574860950916314 and parameters: {'threshold_scale_factor': 0.539756713002098}. Best is trial 51 with value: 0.5596141996667948.
[I 2025-05-14 06:35:47,986] Trial 76 finished with value: 0.5591306591481908 and parameters: {'threshold_scale_factor': 0.6286338506498759}. Best is trial 51 with value: 0.5596141996667948.
[I 2025-05-14 06:35:49,102] Trial 77 finished with value: 0.5592072792515699 and parameters: {'threshold_scale_factor': 0.6664730217058411}. Best is trial 51 with value: 0.5596141996667948.
[I 2025-05-14 06:35:50,210] Trial 78 finished with value: 0.5567505489341706 and parameters: {'threshold_scale_factor': 0.5012397343764068}. Best is trial 51 with value: 0.5596141996667948.
[I 2025-05-14 06:35:51,329] Trial 79 finished with value: 0.5588620786876842 and parameters: {'threshold_scale_factor': 0.5699819945432504}. Best is trial 51 with value: 0.5596141996667948.
[I 2025-05-14 06:35:52,437] Trial 80 finished with value: 0.5503321628433508 and parameters: {'threshold_scale_factor': 0.22893172334927347}. Best is trial 51 with value: 0.5596141996667948.
[I 2025-05-14 06:35:53,545] Trial 81 finished with value: 0.5592301764278695 and parameters: {'threshold_scale_factor': 0.6212054581162012}. Best is trial 51 with value: 0.5596141996667948.
[I 2025-05-14 06:35:54,654] Trial 82 finished with value: 0.5591912170532701 and parameters: {'threshold_scale_factor': 0.6021516742438939}. Best is trial 51 with value: 0.5596141996667948.
[I 2025-05-14 06:35:55,762] Trial 83 finished with value: 0.5584516724336793 and parameters: {'threshold_scale_factor': 0.6816411807100359}. Best is trial 51 with value: 0.5596141996667948.
[I 2025-05-14 06:35:56,869] Trial 84 finished with value: 0.5596326199325047 and parameters: {'threshold_scale_factor': 0.6127415825098913}. Best is trial 84 with value: 0.5596326199325047.
[I 2025-05-14 06:35:58,680] Trial 85 finished with value: 0.5588615660643342 and parameters: {'threshold_scale_factor': 0.7111739495251151}. Best is trial 84 with value: 0.5596326199325047.
[I 2025-05-14 06:35:59,795] Trial 86 finished with value: 0.5576938442479389 and parameters: {'threshold_scale_factor': 0.5456759845591682}. Best is trial 84 with value: 0.5596326199325047.
[I 2025-05-14 06:36:00,905] Trial 87 finished with value: 0.5587711051305053 and parameters: {'threshold_scale_factor': 0.6516899669547891}. Best is trial 84 with value: 0.5596326199325047.
[I 2025-05-14 06:36:02,019] Trial 88 finished with value: 0.5553457217309582 and parameters: {'threshold_scale_factor': 0.4654363003265637}. Best is trial 84 with value: 0.5596326199325047.
[I 2025-05-14 06:36:03,136] Trial 89 finished with value: 0.5588831645948139 and parameters: {'threshold_scale_factor': 0.5711246725836586}. Best is trial 84 with value: 0.5596326199325047.
[I 2025-05-14 06:36:04,248] Trial 90 finished with value: 0.5594993720363963 and parameters: {'threshold_scale_factor': 0.6081142243759756}. Best is trial 84 with value: 0.5596326199325047.
[I 2025-05-14 06:36:05,366] Trial 91 finished with value: 0.5589002178649237 and parameters: {'threshold_scale_factor': 0.6387628442159006}. Best is trial 84 with value: 0.5596326199325047.
[I 2025-05-14 06:36:06,481] Trial 92 finished with value: 0.5595630740313555 and parameters: {'threshold_scale_factor': 0.6138661632782645}. Best is trial 84 with value: 0.5596326199325047.
[I 2025-05-14 06:36:07,592] Trial 93 finished with value: 0.557197795719595 and parameters: {'threshold_scale_factor': 0.5347565833164046}. Best is trial 84 with value: 0.5596326199325047.
[I 2025-05-14 06:36:08,704] Trial 94 finished with value: 0.5588204536716648 and parameters: {'threshold_scale_factor': 0.5752212131769517}. Best is trial 84 with value: 0.5596326199325047.
[I 2025-05-14 06:36:09,815] Trial 95 finished with value: 0.5591811354607202 and parameters: {'threshold_scale_factor': 0.6686905471390499}. Best is trial 84 with value: 0.5596326199325047.
[I 2025-05-14 06:36:10,928] Trial 96 finished with value: 0.5568029732154299 and parameters: {'threshold_scale_factor': 0.5017822038581166}. Best is trial 84 with value: 0.5596326199325047.
[I 2025-05-14 06:36:12,035] Trial 97 finished with value: 0.5595420222991156 and parameters: {'threshold_scale_factor': 0.6146503619906273}. Best is trial 84 with value: 0.5596326199325047.
[I 2025-05-14 06:36:13,149] Trial 98 finished with value: 0.5592678713315391 and parameters: {'threshold_scale_factor': 0.6193300089214163}. Best is trial 84 with value: 0.5596326199325047.
