[I 2025-05-13 19:45:47,052] Trial 99 finished with value: 0.561677542825409 and parameters: {'interp_param': 0.020282291033082524}. Best is trial 63 with value: 0.5617662266649579.
Best hyperparameters: {'interp_param': 0.024728246145845456}
Best optimized value: 0.5617662266649579
Tuning threshold scale factor for offline LSET using optuna
  0%|          | 0/100 [00:00<?, ?it/s]                                         0%|          | 0/100 [00:01<?, ?it/s]Best trial: 0. Best value: 0.552772:   0%|          | 0/100 [00:01<?, ?it/s]Best trial: 0. Best value: 0.552772:   1%|          | 1/100 [00:01<02:59,  1.81s/it]                                                                                    Best trial: 0. Best value: 0.552772:   1%|          | 1/100 [00:03<02:59,  1.81s/it]Best trial: 1. Best value: 0.552916:   1%|          | 1/100 [00:03<02:59,  1.81s/it]Best trial: 1. Best value: 0.552916:   2%|▏         | 2/100 [00:03<02:37,  1.60s/it]                                                                                    Best trial: 1. Best value: 0.552916:   2%|▏         | 2/100 [00:04<02:37,  1.60s/it]Best trial: 2. Best value: 0.564787:   2%|▏         | 2/100 [00:04<02:37,  1.60s/it]Best trial: 2. Best value: 0.564787:   3%|▎         | 3/100 [00:04<02:13,  1.38s/it]                                                                                    Best trial: 2. Best value: 0.564787:   3%|▎         | 3/100 [00:05<02:13,  1.38s/it]Best trial: 3. Best value: 0.566886:   3%|▎         | 3/100 [00:05<02:13,  1.38s/it]Best trial: 3. Best value: 0.566886:   4%|▍         | 4/100 [00:05<02:02,  1.27s/it]                                                                                    Best trial: 3. Best value: 0.566886:   4%|▍         | 4/100 [00:06<02:02,  1.27s/it]Best trial: 3. Best value: 0.566886:   4%|▍         | 4/100 [00:06<02:02,  1.27s/it]Best trial: 3. Best value: 0.566886:   5%|▌         | 5/100 [00:06<01:55,  1.21s/it]                                                                                    Best trial: 3. Best value: 0.566886:   5%|▌         | 5/100 [00:07<01:55,  1.21s/it]Best trial: 3. Best value: 0.566886:   5%|▌         | 5/100 [00:07<01:55,  1.21s/it]Best trial: 3. Best value: 0.566886:   6%|▌         | 6/100 [00:07<01:50,  1.18s/it]                                                                                    Best trial: 3. Best value: 0.566886:   6%|▌         | 6/100 [00:09<01:50,  1.18s/it]Best trial: 3. Best value: 0.566886:   6%|▌         | 6/100 [00:09<01:50,  1.18s/it]Best trial: 3. Best value: 0.566886:   7%|▋         | 7/100 [00:09<01:54,  1.23s/it]                                                                                    Best trial: 3. Best value: 0.566886:   7%|▋         | 7/100 [00:10<01:54,  1.23s/it]Best trial: 3. Best value: 0.566886:   7%|▋         | 7/100 [00:10<01:54,  1.23s/it]Best trial: 3. Best value: 0.566886:   8%|▊         | 8/100 [00:10<01:49,  1.19s/it]                                                                                    Best trial: 3. Best value: 0.566886:   8%|▊         | 8/100 [00:11<01:49,  1.19s/it]Best trial: 3. Best value: 0.566886:   8%|▊         | 8/100 [00:11<01:49,  1.19s/it]Best trial: 3. Best value: 0.566886:   9%|▉         | 9/100 [00:11<01:45,  1.16s/it]                                                                                    Best trial: 3. Best value: 0.566886:   9%|▉         | 9/100 [00:12<01:45,  1.16s/it]Best trial: 9. Best value: 0.567111:   9%|▉         | 9/100 [00:12<01:45,  1.16s/it]Best trial: 9. Best value: 0.567111:  10%|█         | 10/100 [00:12<01:43,  1.15s/it]                                                                                     Best trial: 9. Best value: 0.567111:  10%|█         | 10/100 [00:13<01:43,  1.15s/it]Best trial: 9. Best value: 0.567111:  10%|█         | 10/100 [00:13<01:43,  1.15s/it]Best trial: 9. Best value: 0.567111:  11%|█         | 11/100 [00:13<01:41,  1.14s/it]                                                                                     Best trial: 9. Best value: 0.567111:  11%|█         | 11/100 [00:14<01:41,  1.14s/it]Best trial: 9. Best value: 0.567111:  11%|█         | 11/100 [00:14<01:41,  1.14s/it]Best trial: 9. Best value: 0.567111:  12%|█▏        | 12/100 [00:14<01:39,  1.13s/it]                                                                                     Best trial: 9. Best value: 0.567111:  12%|█▏        | 12/100 [00:15<01:39,  1.13s/it]Best trial: 9. Best value: 0.567111:  12%|█▏        | 12/100 [00:15<01:39,  1.13s/it]Best trial: 9. Best value: 0.567111:  13%|█▎        | 13/100 [00:15<01:37,  1.12s/it]                                                                                     Best trial: 9. Best value: 0.567111:  13%|█▎        | 13/100 [00:16<01:37,  1.12s/it]Best trial: 9. Best value: 0.567111:  13%|█▎        | 13/100 [00:16<01:37,  1.12s/it]Best trial: 9. Best value: 0.567111:  14%|█▍        | 14/100 [00:16<01:36,  1.12s/it]                                                                                     Best trial: 9. Best value: 0.567111:  14%|█▍        | 14/100 [00:17<01:36,  1.12s/it]Best trial: 9. Best value: 0.567111:  14%|█▍        | 14/100 [00:17<01:36,  1.12s/it]Best trial: 9. Best value: 0.567111:  15%|█▌        | 15/100 [00:17<01:35,  1.12s/it]                                                                                     Best trial: 9. Best value: 0.567111:  15%|█▌        | 15/100 [00:19<01:35,  1.12s/it]Best trial: 9. Best value: 0.567111:  15%|█▌        | 15/100 [00:19<01:35,  1.12s/it]Best trial: 9. Best value: 0.567111:  16%|█▌        | 16/100 [00:19<01:33,  1.12s/it]                                                                                     Best trial: 9. Best value: 0.567111:  16%|█▌        | 16/100 [00:20<01:33,  1.12s/it]Best trial: 9. Best value: 0.567111:  16%|█▌        | 16/100 [00:20<01:33,  1.12s/it]Best trial: 9. Best value: 0.567111:  17%|█▋        | 17/100 [00:20<01:32,  1.12s/it]                                                                                     Best trial: 9. Best value: 0.567111:  17%|█▋        | 17/100 [00:21<01:32,  1.12s/it]Best trial: 9. Best value: 0.567111:  17%|█▋        | 17/100 [00:21<01:32,  1.12s/it]Best trial: 9. Best value: 0.567111:  18%|█▊        | 18/100 [00:21<01:31,  1.12s/it]                                                                                     Best trial: 9. Best value: 0.567111:  18%|█▊        | 18/100 [00:22<01:31,  1.12s/it]Best trial: 9. Best value: 0.567111:  18%|█▊        | 18/100 [00:22<01:31,  1.12s/it]Best trial: 9. Best value: 0.567111:  19%|█▉        | 19/100 [00:22<01:30,  1.11s/it]                                                                                     Best trial: 9. Best value: 0.567111:  19%|█▉        | 19/100 [00:23<01:30,  1.11s/it]Best trial: 9. Best value: 0.567111:  19%|█▉        | 19/100 [00:23<01:30,  1.11s/it]Best trial: 9. Best value: 0.567111:  20%|██        | 20/100 [00:23<01:29,  1.11s/it]                                                                                     Best trial: 9. Best value: 0.567111:  20%|██        | 20/100 [00:24<01:29,  1.11s/it]Best trial: 9. Best value: 0.567111:  20%|██        | 20/100 [00:24<01:29,  1.11s/it]Best trial: 9. Best value: 0.567111:  21%|██        | 21/100 [00:24<01:27,  1.11s/it]                                                                                     Best trial: 9. Best value: 0.567111:  21%|██        | 21/100 [00:25<01:27,  1.11s/it]Best trial: 21. Best value: 0.567167:  21%|██        | 21/100 [00:25<01:27,  1.11s/it]Best trial: 21. Best value: 0.567167:  22%|██▏       | 22/100 [00:25<01:26,  1.11s/it]                                                                                      Best trial: 21. Best value: 0.567167:  22%|██▏       | 22/100 [00:26<01:26,  1.11s/it]Best trial: 21. Best value: 0.567167:  22%|██▏       | 22/100 [00:26<01:26,  1.11s/it]Best trial: 21. Best value: 0.567167:  23%|██▎       | 23/100 [00:26<01:28,  1.15s/it]                                                                                      Best trial: 21. Best value: 0.567167:  23%|██▎       | 23/100 [00:28<01:28,  1.15s/it]Best trial: 21. Best value: 0.567167:  23%|██▎       | 23/100 [00:28<01:28,  1.15s/it]Best trial: 21. Best value: 0.567167:  24%|██▍       | 24/100 [00:28<01:26,  1.14s/it]                                                                                      Best trial: 21. Best value: 0.567167:  24%|██▍       | 24/100 [00:29<01:26,  1.14s/it]Best trial: 21. Best value: 0.567167:  24%|██▍       | 24/100 [00:29<01:26,  1.14s/it]Best trial: 21. Best value: 0.567167:  25%|██▌       | 25/100 [00:29<01:24,  1.13s/it]                                                                                      Best trial: 21. Best value: 0.567167:  25%|██▌       | 25/100 [00:30<01:24,  1.13s/it]Best trial: 21. Best value: 0.567167:  25%|██▌       | 25/100 [00:30<01:24,  1.13s/it]Best trial: 21. Best value: 0.567167:  26%|██▌       | 26/100 [00:30<01:23,  1.12s/it]                                                                                      Best trial: 21. Best value: 0.567167:  26%|██▌       | 26/100 [00:31<01:23,  1.12s/it]Best trial: 21. Best value: 0.567167:  26%|██▌       | 26/100 [00:31<01:23,  1.12s/it]Best trial: 21. Best value: 0.567167:  27%|██▋       | 27/100 [00:31<01:21,  1.12s/it]                                                                                      Best trial: 21. Best value: 0.567167:  27%|██▋       | 27/100 [00:32<01:21,  1.12s/it]Best trial: 21. Best value: 0.567167:  27%|██▋       | 27/100 [00:32<01:21,  1.12s/it]Best trial: 21. Best value: 0.567167:  28%|██▊       | 28/100 [00:32<01:20,  1.11s/it]                                                                                      Best trial: 21. Best value: 0.567167:  28%|██▊       | 28/100 [00:33<01:20,  1.11s/it]Best trial: 21. Best value: 0.567167:  28%|██▊       | 28/100 [00:33<01:20,  1.11s/it]Best trial: 21. Best value: 0.567167:  29%|██▉       | 29/100 [00:33<01:19,  1.11s/it]                                                                                      Best trial: 21. Best value: 0.567167:  29%|██▉       | 29/100 [00:34<01:19,  1.11s/it]Best trial: 21. Best value: 0.567167:  29%|██▉       | 29/100 [00:34<01:19,  1.11s/it]Best trial: 21. Best value: 0.567167:  30%|███       | 30/100 [00:34<01:17,  1.11s/it]                                                                                      Best trial: 21. Best value: 0.567167:  30%|███       | 30/100 [00:35<01:17,  1.11s/it]Best trial: 21. Best value: 0.567167:  30%|███       | 30/100 [00:35<01:17,  1.11s/it]Best trial: 21. Best value: 0.567167:  31%|███       | 31/100 [00:35<01:16,  1.11s/it]                                                                                      Best trial: 21. Best value: 0.567167:  31%|███       | 31/100 [00:36<01:16,  1.11s/it]Best trial: 21. Best value: 0.567167:  31%|███       | 31/100 [00:36<01:16,  1.11s/it]Best trial: 21. Best value: 0.567167:  32%|███▏      | 32/100 [00:36<01:15,  1.11s/it]                                                                                      Best trial: 21. Best value: 0.567167:  32%|███▏      | 32/100 [00:38<01:15,  1.11s/it]Best trial: 21. Best value: 0.567167:  32%|███▏      | 32/100 [00:38<01:15,  1.11s/it]Best trial: 21. Best value: 0.567167:  33%|███▎      | 33/100 [00:38<01:14,  1.11s/it]                                                                                      Best trial: 21. Best value: 0.567167:  33%|███▎      | 33/100 [00:39<01:14,  1.11s/it]Best trial: 21. Best value: 0.567167:  33%|███▎      | 33/100 [00:39<01:14,  1.11s/it]Best trial: 21. Best value: 0.567167:  34%|███▍      | 34/100 [00:39<01:13,  1.11s/it]                                                                                      Best trial: 21. Best value: 0.567167:  34%|███▍      | 34/100 [00:40<01:13,  1.11s/it]Best trial: 21. Best value: 0.567167:  34%|███▍      | 34/100 [00:40<01:13,  1.11s/it]Best trial: 21. Best value: 0.567167:  35%|███▌      | 35/100 [00:40<01:12,  1.11s/it]                                                                                      Best trial: 21. Best value: 0.567167:  35%|███▌      | 35/100 [00:41<01:12,  1.11s/it]Best trial: 21. Best value: 0.567167:  35%|███▌      | 35/100 [00:41<01:12,  1.11s/it]Best trial: 21. Best value: 0.567167:  36%|███▌      | 36/100 [00:41<01:11,  1.11s/it]                                                                                      Best trial: 21. Best value: 0.567167:  36%|███▌      | 36/100 [00:42<01:11,  1.11s/it]Best trial: 21. Best value: 0.567167:  36%|███▌      | 36/100 [00:42<01:11,  1.11s/it]Best trial: 21. Best value: 0.567167:  37%|███▋      | 37/100 [00:42<01:12,  1.15s/it]                                                                                      Best trial: 21. Best value: 0.567167:  37%|███▋      | 37/100 [00:43<01:12,  1.15s/it]Best trial: 21. Best value: 0.567167:  37%|███▋      | 37/100 [00:43<01:12,  1.15s/it]Best trial: 21. Best value: 0.567167:  38%|███▊      | 38/100 [00:43<01:10,  1.14s/it]                                                                                      Best trial: 21. Best value: 0.567167:  38%|███▊      | 38/100 [00:44<01:10,  1.14s/it]Best trial: 21. Best value: 0.567167:  38%|███▊      | 38/100 [00:44<01:10,  1.14s/it]Best trial: 21. Best value: 0.567167:  39%|███▉      | 39/100 [00:44<01:08,  1.13s/it]                                                                                      Best trial: 21. Best value: 0.567167:  39%|███▉      | 39/100 [00:45<01:08,  1.13s/it]Best trial: 21. Best value: 0.567167:  39%|███▉      | 39/100 [00:45<01:08,  1.13s/it]Best trial: 21. Best value: 0.567167:  40%|████      | 40/100 [00:45<01:07,  1.12s/it]                                                                                      Best trial: 21. Best value: 0.567167:  40%|████      | 40/100 [00:47<01:07,  1.12s/it]Best trial: 21. Best value: 0.567167:  40%|████      | 40/100 [00:47<01:07,  1.12s/it]Best trial: 21. Best value: 0.567167:  41%|████      | 41/100 [00:47<01:06,  1.12s/it]                                                                                      Best trial: 21. Best value: 0.567167:  41%|████      | 41/100 [00:48<01:06,  1.12s/it]Best trial: 21. Best value: 0.567167:  41%|████      | 41/100 [00:48<01:06,  1.12s/it]Best trial: 21. Best value: 0.567167:  42%|████▏     | 42/100 [00:48<01:06,  1.14s/it]                                                                                      Best trial: 21. Best value: 0.567167:  42%|████▏     | 42/100 [00:49<01:06,  1.14s/it]Best trial: 21. Best value: 0.567167:  42%|████▏     | 42/100 [00:49<01:06,  1.14s/it]Best trial: 21. Best value: 0.567167:  43%|████▎     | 43/100 [00:49<01:04,  1.14s/it]                                                                                      Best trial: 21. Best value: 0.567167:  43%|████▎     | 43/100 [00:50<01:04,  1.14s/it]Best trial: 21. Best value: 0.567167:  43%|████▎     | 43/100 [00:50<01:04,  1.14s/it]Best trial: 21. Best value: 0.567167:  44%|████▍     | 44/100 [00:50<01:04,  1.16s/it]                                                                                      Best trial: 21. Best value: 0.567167:  44%|████▍     | 44/100 [00:51<01:04,  1.16s/it]Best trial: 21. Best value: 0.567167:  44%|████▍     | 44/100 [00:51<01:04,  1.16s/it]Best trial: 21. Best value: 0.567167:  45%|████▌     | 45/100 [00:51<01:02,  1.15s/it]                                                                                      Best trial: 21. Best value: 0.567167:  45%|████▌     | 45/100 [00:52<01:02,  1.15s/it]Best trial: 21. Best value: 0.567167:  45%|████▌     | 45/100 [00:52<01:02,  1.15s/it]Best trial: 21. Best value: 0.567167:  46%|████▌     | 46/100 [00:52<01:01,  1.14s/it]                                                                                      Best trial: 21. Best value: 0.567167:  46%|████▌     | 46/100 [00:53<01:01,  1.14s/it]Best trial: 21. Best value: 0.567167:  46%|████▌     | 46/100 [00:53<01:01,  1.14s/it]Best trial: 21. Best value: 0.567167:  47%|████▋     | 47/100 [00:53<01:00,  1.14s/it]                                                                                      Best trial: 21. Best value: 0.567167:  47%|████▋     | 47/100 [00:55<01:00,  1.14s/it]Best trial: 21. Best value: 0.567167:  47%|████▋     | 47/100 [00:55<01:00,  1.14s/it]Best trial: 21. Best value: 0.567167:  48%|████▊     | 48/100 [00:55<00:58,  1.13s/it]                                                                                      Best trial: 21. Best value: 0.567167:  48%|████▊     | 48/100 [00:56<00:58,  1.13s/it]Best trial: 21. Best value: 0.567167:  48%|████▊     | 48/100 [00:56<00:58,  1.13s/it]Best trial: 21. Best value: 0.567167:  49%|████▉     | 49/100 [00:56<00:57,  1.13s/it]                                                                                      Best trial: 21. Best value: 0.567167:  49%|████▉     | 49/100 [00:57<00:57,  1.13s/it]Best trial: 21. Best value: 0.567167:  49%|████▉     | 49/100 [00:57<00:57,  1.13s/it]Best trial: 21. Best value: 0.567167:  50%|█████     | 50/100 [00:57<00:56,  1.12s/it]                                                                                      Best trial: 21. Best value: 0.567167:  50%|█████     | 50/100 [00:58<00:56,  1.12s/it]Best trial: 50. Best value: 0.567225:  50%|█████     | 50/100 [00:58<00:56,  1.12s/it]Best trial: 50. Best value: 0.567225:  51%|█████     | 51/100 [00:58<00:54,  1.12s/it]                                                                                      Best trial: 50. Best value: 0.567225:  51%|█████     | 51/100 [00:59<00:54,  1.12s/it]Best trial: 50. Best value: 0.567225:  51%|█████     | 51/100 [00:59<00:54,  1.12s/it]Best trial: 50. Best value: 0.567225:  52%|█████▏    | 52/100 [00:59<00:53,  1.12s/it]                                                                                      Best trial: 50. Best value: 0.567225:  52%|█████▏    | 52/100 [01:00<00:53,  1.12s/it]Best trial: 50. Best value: 0.567225:  52%|█████▏    | 52/100 [01:00<00:53,  1.12s/it]Best trial: 50. Best value: 0.567225:  53%|█████▎    | 53/100 [01:00<00:52,  1.12s/it]                                                                                      Best trial: 50. Best value: 0.567225:  53%|█████▎    | 53/100 [01:01<00:52,  1.12s/it]Best trial: 50. Best value: 0.567225:  53%|█████▎    | 53/100 [01:01<00:52,  1.12s/it]Best trial: 50. Best value: 0.567225:  54%|█████▍    | 54/100 [01:01<00:51,  1.12s/it]                                                                                      Best trial: 50. Best value: 0.567225:  54%|█████▍    | 54/100 [01:02<00:51,  1.12s/it]Best trial: 50. Best value: 0.567225:  54%|█████▍    | 54/100 [01:02<00:51,  1.12s/it]Best trial: 50. Best value: 0.567225:  55%|█████▌    | 55/100 [01:02<00:50,  1.12s/it]                                                                                      Best trial: 50. Best value: 0.567225:  55%|█████▌    | 55/100 [01:03<00:50,  1.12s/it]Best trial: 50. Best value: 0.567225:  55%|█████▌    | 55/100 [01:03<00:50,  1.12s/it]Best trial: 50. Best value: 0.567225:  56%|█████▌    | 56/100 [01:03<00:48,  1.11s/it]                                                                                      Best trial: 50. Best value: 0.567225:  56%|█████▌    | 56/100 [01:05<00:48,  1.11s/it]Best trial: 50. Best value: 0.567225:  56%|█████▌    | 56/100 [01:05<00:48,  1.11s/it]Best trial: 50. Best value: 0.567225:  57%|█████▋    | 57/100 [01:05<00:47,  1.11s/it]                                                                                      Best trial: 50. Best value: 0.567225:  57%|█████▋    | 57/100 [01:06<00:47,  1.11s/it]Best trial: 50. Best value: 0.567225:  57%|█████▋    | 57/100 [01:06<00:47,  1.11s/it]Best trial: 50. Best value: 0.567225:  58%|█████▊    | 58/100 [01:06<00:46,  1.11s/it]                                                                                      Best trial: 50. Best value: 0.567225:  58%|█████▊    | 58/100 [01:07<00:46,  1.11s/it]Best trial: 50. Best value: 0.567225:  58%|█████▊    | 58/100 [01:07<00:46,  1.11s/it]Best trial: 50. Best value: 0.567225:  59%|█████▉    | 59/100 [01:07<00:45,  1.11s/it]                                                                                      Best trial: 50. Best value: 0.567225:  59%|█████▉    | 59/100 [01:08<00:45,  1.11s/it]Best trial: 50. Best value: 0.567225:  59%|█████▉    | 59/100 [01:08<00:45,  1.11s/it]Best trial: 50. Best value: 0.567225:  60%|██████    | 60/100 [01:08<00:44,  1.11s/it]                                                                                      Best trial: 50. Best value: 0.567225:  60%|██████    | 60/100 [01:09<00:44,  1.11s/it]Best trial: 50. Best value: 0.567225:  60%|██████    | 60/100 [01:09<00:44,  1.11s/it]Best trial: 50. Best value: 0.567225:  61%|██████    | 61/100 [01:09<00:43,  1.11s/it]                                                                                      Best trial: 50. Best value: 0.567225:  61%|██████    | 61/100 [01:10<00:43,  1.11s/it]Best trial: 50. Best value: 0.567225:  61%|██████    | 61/100 [01:10<00:43,  1.11s/it]Best trial: 50. Best value: 0.567225:  62%|██████▏   | 62/100 [01:10<00:42,  1.11s/it]                                                                                      Best trial: 50. Best value: 0.567225:  62%|██████▏   | 62/100 [01:11<00:42,  1.11s/it]Best trial: 50. Best value