[I 2025-05-13 19:43:32,080] Trial 0 finished with value: 0.5610873424751164 and parameters: {'interp_param': 0.23983961031681367}. Best is trial 0 with value: 0.5610873424751164.
[I 2025-05-13 19:43:33,408] Trial 1 finished with value: 0.5558893758810713 and parameters: {'interp_param': 0.9153972811044115}. Best is trial 0 with value: 0.5610873424751164.
[I 2025-05-13 19:43:35,404] Trial 2 finished with value: 0.5565671322995429 and parameters: {'interp_param': 0.7542263385436767}. Best is trial 0 with value: 0.5610873424751164.
[I 2025-05-13 19:43:36,730] Trial 3 finished with value: 0.5562106540219574 and parameters: {'interp_param': 0.7187774259658336}. Best is trial 0 with value: 0.5610873424751164.
[I 2025-05-13 19:43:38,051] Trial 4 finished with value: 0.5585841684822077 and parameters: {'interp_param': 0.37287222938870834}. Best is trial 0 with value: 0.5610873424751164.
[I 2025-05-13 19:43:39,380] Trial 5 finished with value: 0.558480208466829 and parameters: {'interp_param': 0.3666537676411067}. Best is trial 0 with value: 0.5610873424751164.
[I 2025-05-13 19:43:40,709] Trial 6 finished with value: 0.5592950745439789 and parameters: {'interp_param': 0.559959236572122}. Best is trial 0 with value: 0.5610873424751164.
[I 2025-05-13 19:43:42,165] Trial 7 finished with value: 0.5597731129052929 and parameters: {'interp_param': 0.28745371491392546}. Best is trial 0 with value: 0.5610873424751164.
[I 2025-05-13 19:43:43,495] Trial 8 finished with value: 0.5597962834807125 and parameters: {'interp_param': 0.5013761589662178}. Best is trial 0 with value: 0.5610873424751164.
[I 2025-05-13 19:43:44,820] Trial 9 finished with value: 0.5590728010594216 and parameters: {'interp_param': 0.6008345493040624}. Best is trial 0 with value: 0.5610873424751164.
[I 2025-05-13 19:43:46,514] Trial 10 finished with value: 0.561516271519501 and parameters: {'interp_param': 0.05416833355600134}. Best is trial 10 with value: 0.561516271519501.
[I 2025-05-13 19:43:47,839] Trial 11 finished with value: 0.561359340424623 and parameters: {'interp_param': 0.011543725546667119}. Best is trial 10 with value: 0.561516271519501.
[I 2025-05-13 19:43:49,171] Trial 12 finished with value: 0.5612528514673842 and parameters: {'interp_param': 0.010453730223782813}. Best is trial 10 with value: 0.561516271519501.
[I 2025-05-13 19:43:50,502] Trial 13 finished with value: 0.5614208894015122 and parameters: {'interp_param': 0.11965267942987627}. Best is trial 10 with value: 0.561516271519501.
[I 2025-05-13 19:43:52,225] Trial 14 finished with value: 0.5608863257721389 and parameters: {'interp_param': 0.15540714083653215}. Best is trial 10 with value: 0.561516271519501.
[I 2025-05-13 19:43:53,556] Trial 15 finished with value: 0.5616822931351189 and parameters: {'interp_param': 0.13815395680964793}. Best is trial 15 with value: 0.5616822931351189.
[I 2025-05-13 19:43:54,883] Trial 16 finished with value: 0.56160228971763 and parameters: {'interp_param': 0.14516435564601937}. Best is trial 15 with value: 0.5616822931351189.
[I 2025-05-13 19:43:56,208] Trial 17 finished with value: 0.5607311375966508 and parameters: {'interp_param': 0.20713740333419356}. Best is trial 15 with value: 0.5616822931351189.
[I 2025-05-13 19:43:57,540] Trial 18 finished with value: 0.5584885129650989 and parameters: {'interp_param': 0.35899914721857473}. Best is trial 15 with value: 0.5616822931351189.
[I 2025-05-13 19:43:58,867] Trial 19 finished with value: 0.5541098551839037 and parameters: {'interp_param': 0.9879580629493441}. Best is trial 15 with value: 0.5616822931351189.
[I 2025-05-13 19:44:00,197] Trial 20 finished with value: 0.5586102780981674 and parameters: {'interp_param': 0.4429359903610608}. Best is trial 15 with value: 0.5616822931351189.
[I 2025-05-13 19:44:01,531] Trial 21 finished with value: 0.561368670169593 and parameters: {'interp_param': 0.097364311266746}. Best is trial 15 with value: 0.5616822931351189.
[I 2025-05-13 19:44:02,864] Trial 22 finished with value: 0.561367576573113 and parameters: {'interp_param': 0.08830006545316937}. Best is trial 15 with value: 0.5616822931351189.
[I 2025-05-13 19:44:04,198] Trial 23 finished with value: 0.5606254346618822 and parameters: {'interp_param': 0.1945619404724789}. Best is trial 15 with value: 0.5616822931351189.
[I 2025-05-13 19:44:05,531] Trial 24 finished with value: 0.5615500704857106 and parameters: {'interp_param': 0.049241647062086245}. Best is trial 15 with value: 0.5616822931351189.
[I 2025-05-13 19:44:06,976] Trial 25 finished with value: 0.5597973770771925 and parameters: {'interp_param': 0.28856885073999994}. Best is trial 15 with value: 0.5616822931351189.
[I 2025-05-13 19:44:08,306] Trial 26 finished with value: 0.5606796702123115 and parameters: {'interp_param': 0.17212268298774236}. Best is trial 15 with value: 0.5616822931351189.
[I 2025-05-13 19:44:09,635] Trial 27 finished with value: 0.5602102439232775 and parameters: {'interp_param': 0.27731377653812406}. Best is trial 15 with value: 0.5616822931351189.
[I 2025-05-13 19:44:10,962] Trial 28 finished with value: 0.5614779614678115 and parameters: {'interp_param': 0.07075278541651293}. Best is trial 15 with value: 0.5616822931351189.
[I 2025-05-13 19:44:12,293] Trial 29 finished with value: 0.5610859071297365 and parameters: {'interp_param': 0.23981435076623775}. Best is trial 15 with value: 0.5616822931351189.
[I 2025-05-13 19:44:13,625] Trial 30 finished with value: 0.5617531718569782 and parameters: {'interp_param': 0.1395781762137357}. Best is trial 30 with value: 0.5617531718569782.
[I 2025-05-13 19:44:14,948] Trial 31 finished with value: 0.5607954205647401 and parameters: {'interp_param': 0.1573916818236193}. Best is trial 30 with value: 0.5617531718569782.
[I 2025-05-13 19:44:16,275] Trial 32 finished with value: 0.5615587509077705 and parameters: {'interp_param': 0.12692878885360717}. Best is trial 30 with value: 0.5617531718569782.
[I 2025-05-13 19:44:17,603] Trial 33 finished with value: 0.5610834123627666 and parameters: {'interp_param': 0.24190651524861398}. Best is trial 30 with value: 0.5617531718569782.
[I 2025-05-13 19:44:18,936] Trial 34 finished with value: 0.5617382032551582 and parameters: {'interp_param': 0.13881001197495635}. Best is trial 30 with value: 0.5617531718569782.
[I 2025-05-13 19:44:20,271] Trial 35 finished with value: 0.5568684523046692 and parameters: {'interp_param': 0.8088198333900908}. Best is trial 30 with value: 0.5617531718569782.
[I 2025-05-13 19:44:21,594] Trial 36 finished with value: 0.5586246315519672 and parameters: {'interp_param': 0.35534866049619074}. Best is trial 30 with value: 0.5617531718569782.
[I 2025-05-13 19:44:22,922] Trial 37 finished with value: 0.5585925755051475 and parameters: {'interp_param': 0.43340448395915104}. Best is trial 30 with value: 0.5617531718569782.
[I 2025-05-13 19:44:24,256] Trial 38 finished with value: 0.5610883335469263 and parameters: {'interp_param': 0.23972128562867262}. Best is trial 30 with value: 0.5617531718569782.
[I 2025-05-13 19:44:25,583] Trial 39 finished with value: 0.559369165705498 and parameters: {'interp_param': 0.3102931429190583}. Best is trial 30 with value: 0.5617531718569782.
[I 2025-05-13 19:44:26,912] Trial 40 finished with value: 0.5611339228501858 and parameters: {'interp_param': 0.0019467482066899133}. Best is trial 30 with value: 0.5617531718569782.
[I 2025-05-13 19:44:28,241] Trial 41 finished with value: 0.5612179589046948 and parameters: {'interp_param': 0.11177317425609501}. Best is trial 30 with value: 0.5617531718569782.
[I 2025-05-13 19:44:29,569] Trial 42 finished with value: 0.5616018796189499 and parameters: {'interp_param': 0.14514470121065204}. Best is trial 30 with value: 0.5617531718569782.
[I 2025-05-13 19:44:30,903] Trial 43 finished with value: 0.5607486351403306 and parameters: {'interp_param': 0.2057777640215842}. Best is trial 30 with value: 0.5617531718569782.
[I 2025-05-13 19:44:32,351] Trial 44 finished with value: 0.5615026699132812 and parameters: {'interp_param': 0.14731181011339387}. Best is trial 30 with value: 0.5617531718569782.
[I 2025-05-13 19:44:33,682] Trial 45 finished with value: 0.5614541757443718 and parameters: {'interp_param': 0.05838944798958173}. Best is trial 30 with value: 0.5617531718569782.
[I 2025-05-13 19:44:35,015] Trial 46 finished with value: 0.5562593874150967 and parameters: {'interp_param': 0.7197320761508776}. Best is trial 30 with value: 0.5617531718569782.
[I 2025-05-13 19:44:37,294] Trial 47 finished with value: 0.5590034602076124 and parameters: {'interp_param': 0.5935621493197651}. Best is trial 30 with value: 0.5617531718569782.
[I 2025-05-13 19:44:38,623] Trial 48 finished with value: 0.5604395232602846 and parameters: {'interp_param': 0.1912568212676472}. Best is trial 30 with value: 0.5617531718569782.
[I 2025-05-13 19:44:39,949] Trial 49 finished with value: 0.5591653466615405 and parameters: {'interp_param': 0.3200975107341996}. Best is trial 30 with value: 0.5617531718569782.
[I 2025-05-13 19:44:41,287] Trial 50 finished with value: 0.5615551625443206 and parameters: {'interp_param': 0.03509789193448791}. Best is trial 30 with value: 0.5617531718569782.
[I 2025-05-13 19:44:42,617] Trial 51 finished with value: 0.5615521209791106 and parameters: {'interp_param': 0.1274212921651826}. Best is trial 30 with value: 0.5617531718569782.
[I 2025-05-13 19:44:43,949] Trial 52 finished with value: 0.5612922209406639 and parameters: {'interp_param': 0.11354177057216663}. Best is trial 30 with value: 0.5617531718569782.
[I 2025-05-13 19:44:45,280] Trial 53 finished with value: 0.5614560553633219 and parameters: {'interp_param': 0.14765841299050406}. Best is trial 30 with value: 0.5617531718569782.
[I 2025-05-13 19:44:46,608] Trial 54 finished with value: 0.5611610918877354 and parameters: {'interp_param': 0.218918866576435}. Best is trial 30 with value: 0.5617531718569782.
[I 2025-05-13 19:44:47,936] Trial 55 finished with value: 0.5615533854500405 and parameters: {'interp_param': 0.07543572030124368}. Best is trial 30 with value: 0.5617531718569782.
[I 2025-05-13 19:44:49,263] Trial 56 finished with value: 0.5604577726515443 and parameters: {'interp_param': 0.2626066109500495}. Best is trial 30 with value: 0.5617531718569782.
[I 2025-05-13 19:44:50,596] Trial 57 finished with value: 0.5603373061642958 and parameters: {'interp_param': 0.17910398680069262}. Best is trial 30 with value: 0.5617531718569782.
[I 2025-05-13 19:44:51,925] Trial 58 finished with value: 0.5591793925413303 and parameters: {'interp_param': 0.4023445292867671}. Best is trial 30 with value: 0.5617531718569782.
[I 2025-05-13 19:44:53,255] Trial 59 finished with value: 0.5592558417702593 and parameters: {'interp_param': 0.5336027357575919}. Best is trial 30 with value: 0.5617531718569782.
[I 2025-05-13 19:44:54,580] Trial 60 finished with value: 0.5613791276859328 and parameters: {'interp_param': 0.08801468781413782}. Best is trial 30 with value: 0.5617531718569782.
[I 2025-05-13 19:44:55,905] Trial 61 finished with value: 0.5615453885257806 and parameters: {'interp_param': 0.13642808640602747}. Best is trial 30 with value: 0.5617531718569782.
[I 2025-05-13 19:44:57,235] Trial 62 finished with value: 0.5615576231364006 and parameters: {'interp_param': 0.03490477640309331}. Best is trial 30 with value: 0.5617531718569782.
[I 2025-05-13 19:44:58,668] Trial 63 finished with value: 0.5617662266649579 and parameters: {'interp_param': 0.024728246145845456}. Best is trial 63 with value: 0.5617662266649579.
[I 2025-05-13 19:44:59,994] Trial 64 finished with value: 0.5615086846939212 and parameters: {'interp_param': 0.037327071667868174}. Best is trial 63 with value: 0.5617662266649579.
[I 2025-05-13 19:45:01,324] Trial 65 finished with value: 0.5612645051048742 and parameters: {'interp_param': 0.10137156713127932}. Best is trial 63 with value: 0.5617662266649579.
[I 2025-05-13 19:45:02,657] Trial 66 finished with value: 0.5606863684907515 and parameters: {'interp_param': 0.16881719503220705}. Best is trial 63 with value: 0.5617662266649579.
[I 2025-05-13 19:45:03,982] Trial 67 finished with value: 0.5566482634884019 and parameters: {'interp_param': 0.8289807306538345}. Best is trial 63 with value: 0.5617662266649579.
[I 2025-05-13 19:45:05,307] Trial 68 finished with value: 0.5610509803921568 and parameters: {'interp_param': 0.2219052591934395}. Best is trial 63 with value: 0.5617662266649579.
[I 2025-05-13 19:45:06,631] Trial 69 finished with value: 0.5615120338331412 and parameters: {'interp_param': 0.07218814961845973}. Best is trial 63 with value: 0.5617662266649579.
[I 2025-05-13 19:45:07,975] Trial 70 finished with value: 0.561678260498099 and parameters: {'interp_param': 0.02036492954660314}. Best is trial 63 with value: 0.5617662266649579.
[I 2025-05-13 19:45:09,306] Trial 71 finished with value: 0.5615166474432911 and parameters: {'interp_param': 0.03835770789723962}. Best is trial 63 with value: 0.5617662266649579.
[I 2025-05-13 19:45:10,635] Trial 72 finished with value: 0.5611428766713658 and parameters: {'interp_param': 0.002286148338098426}. Best is trial 63 with value: 0.5617662266649579.
[I 2025-05-13 19:45:11,964] Trial 73 finished with value: 0.5614112520825323 and parameters: {'interp_param': 0.11880514397400722}. Best is trial 63 with value: 0.5617662266649579.
[I 2025-05-13 19:45:13,298] Trial 74 finished with value: 0.561523072322611 and parameters: {'interp_param': 0.08011573978729106}. Best is trial 63 with value: 0.5617662266649579.
[I 2025-05-13 19:45:14,627] Trial 75 finished with value: 0.5606861634414115 and parameters: {'interp_param': 0.167878712725212}. Best is trial 63 with value: 0.5617662266649579.
[I 2025-05-13 19:45:15,960] Trial 76 finished with value: 0.5616927848263488 and parameters: {'interp_param': 0.026254489328357087}. Best is trial 63 with value: 0.5617662266649579.
[I 2025-05-13 19:45:17,292] Trial 77 finished with value: 0.5614319620658721 and parameters: {'interp_param': 0.01418421335325519}. Best is trial 63 with value: 0.5617662266649579.
[I 2025-05-13 19:45:18,619] Trial 78 finished with value: 0.5583543765218506 and parameters: {'interp_param': 0.6597347859704968}. Best is trial 63 with value: 0.5617662266649579.
[I 2025-05-13 19:45:19,946] Trial 79 finished with value: 0.5614690418215216 and parameters: {'interp_param': 0.05753594714001109}. Best is trial 63 with value: 0.5617662266649579.
[I 2025-05-13 19:45:21,279] Trial 80 finished with value: 0.5617087444999787 and parameters: {'interp_param': 0.021190676242664845}. Best is trial 63 with value: 0.5617662266649579.
[I 2025-05-13 19:45:22,605] Trial 81 finished with value: 0.5617126404374386 and parameters: {'interp_param': 0.02719437775516122}. Best is trial 63 with value: 0.5617662266649579.
[I 2025-05-13 19:45:24,059] Trial 82 finished with value: 0.5613291298218633 and parameters: {'interp_param': 0.010983029341429779}. Best is trial 63 with value: 0.5617662266649579.
[I 2025-05-13 19:45:25,390] Trial 83 finished with value: 0.5616847195523089 and parameters: {'interp_param': 0.029971204257458833}. Best is trial 63 with value: 0.5617662266649579.
[I 2025-05-13 19:45:26,718] Trial 84 finished with value: 0.5617415523943783 and parameters: {'interp_param': 0.02403639279252942}. Best is trial 63 with value: 0.5617662266649579.
[I 2025-05-13 19:45:28,408] Trial 85 finished with value: 0.5614157973429023 and parameters: {'interp_param': 0.06031170891448476}. Best is trial 63 with value: 0.5617662266649579.
[I 2025-05-13 19:45:29,737] Trial 86 finished with value: 0.5615052330300312 and parameters: {'interp_param': 0.04355489904228199}. Best is trial 63 with value: 0.5617662266649579.
[I 2025-05-13 19:45:31,064] Trial 87 finished with value: 0.5613696954162928 and parameters: {'interp_param': 0.09764750026778518}. Best is trial 63 with value: 0.5617662266649579.
[I 2025-05-13 19:45:32,388] Trial 88 finished with value: 0.5616935024990388 and parameters: {'interp_param': 0.026479436097862973}. Best is trial 63 with value: 0.5617662266649579.
[I 2025-05-13 19:45:33,717] Trial 89 finished with value: 0.5611577427485156 and parameters: {'interp_param': 0.002569143269477485}. Best is trial 63 with value: 0.5617662266649579.
[I 2025-05-13 19:45:35,049] Trial 90 finished with value: 0.5616986629074288 and parameters: {'interp_param': 0.029613192319484144}. Best is trial 63 with value: 0.5617662266649579.
[I 2025-05-13 19:45:36,378] Trial 91 finished with value: 0.561765508992268 and parameters: {'interp_param': 0.02449521756230587}. Best is trial 63 with value: 0.5617662266649579.
[I 2025-05-13 19:45:37,707] Trial 92 finished with value: 0.5614127899525824 and parameters: {'interp_param': 0.059495985731778875}. Best is trial 63 with value: 0.5617662266649579.
[I 2025-05-13 19:45:39,075] Trial 93 finished with value: 0.5613250630099533 and parameters: {'interp_param': 0.09526142523934927}. Best is trial 63 with value: 0.5617662266649579.
[I 2025-05-13 19:45:40,406] Trial 94 finished with value: 0.561687795292409 and parameters: {'interp_param': 0.029773280211002964}. Best is trial 63 with value: 0.5617662266649579.
[I 2025-05-13 19:45:41,736] Trial 95 finished with value: 0.5615557776923406 and parameters: {'interp_param': 0.07526422208148112}. Best is trial 63 with value: 0.5617662266649579.
[I 2025-05-13 19:45:43,059] Trial 96 finished with value: 0.561527720107651 and parameters: {'interp_param': 0.052943317249746935}. Best is trial 63 with value: 0.5617662266649579.
[I 2025-05-13 19:45:44,390] Trial 97 finished with value: 0.5611324875048058 and parameters: {'interp_param': 0.001459735181856301}. Best is trial 63 with value: 0.5617662266649579.
[I 2025-05-13 19:45:45,719] Trial 98 finished with value: 0.5612799521551539 and parameters: {'interp_param': 0.1079291412071702}. Best is trial 63 with value: 0.5617662266649579.
