This job can be monitored from: https://job.c3se.chalmers.se/alvis/4320282
/usr/share/lmod/lmod/init/bash: /usr/share/lmod/lmod/libexec/addto: /usr/bin/lua: bad interpreter: No such file or directory
no change     /opt/conda/condabin/conda
no change     /opt/conda/bin/conda
no change     /opt/conda/bin/conda-env
no change     /opt/conda/bin/activate
no change     /opt/conda/bin/deactivate
no change     /opt/conda/etc/profile.d/conda.sh
no change     /opt/conda/etc/fish/conf.d/conda.fish
no change     /opt/conda/shell/condabin/Conda.psm1
no change     /opt/conda/shell/condabin/conda-hook.ps1
no change     /opt/conda/lib/python3.12/site-packages/xontrib/conda.xsh
no change     /opt/conda/etc/profile.d/conda.csh
no change     /cephyr/users/lassila/Alvis/.bashrc
No action taken.
Overwriting config seed with seed=1
Running MIA...

attacks:
  MLP-attack-0hop:
    attack: mlp-attack
    edge_dropout: 0.0
    mlp_attack_queries:
    - 0
    mlp_hidden_dim:
    - 128
    - 64
  MLP-attack-comb:
    attack: mlp-attack
    edge_dropout: 0.5
    mlp_attack_queries:
    - 0
    - 2
    mlp_hidden_dim:
    - 128
    - 64
  graph-lset-MIA:
    attack: graph-lset
    num_sampled_graphs: 32
    prior: 0.5
    sampling_strategy: MIA
  graph-lset-MIA-offline:
    attack: graph-lset
    num_sampled_graphs: 32
    offline: true
    prior: 0.5
    sampling_strategy: MIA
    threshold_scale_factor: 0.9
  lira:
    attack: lira
  lira-offline:
    attack: lira
    offline: true
  lset:
    attack: lset
  lset-offline:
    attack: lset
    offline: true
  rmia:
    Z_frac: 0.5
    attack: rmia
    rmia_gamma: 1
  rmia-offline:
    Z_frac: 0.5
    attack: rmia
    offline: true
    rmia_gamma: 1
batch_size: 32768
datadir: ./data
dataset: amazon-photo
device: cuda
dropout: 0.25
early_stopping: 0
epochs: 400
epochs_mlp: 1000
frac_target_nodes: 0.5
hidden_dim:
- 64
hidden_dim_mlp:
- 128
hyperparam_search: false
inductive_inference: true
inductive_split: true
lr: 0.001
max_num_nodes: null
model: GAT
name: amazon-photo-GAT
num_audits: 1
num_processes: 1
num_shadow_models: 128
offline: false
optimizer: Adam
pretrain_shadow_models: true
savedir: large_N_results
seed: 1
target_fpr:
- 0.01
- 0.001
train_frac: 0.5
val_frac: 0.0
weight_decay: 0.0001

Dataset properties
#Nodes: 7650
#Edges: 238162
#Features: 745
#Classes: 8
#Class distribution: [0.0482, 0.2204, 0.0919, 0.1196, 0.1153, 0.1076, 0.2537, 0.0433]
Average degree: 31.1323
Fraction isolated nodes: 0.01503267977386713

Training 128 shadow models:   0%|          | 0/128 [00:00<?, ?it/s]Training 128 shadow models:   1%|          | 1/128 [00:07<15:31,  7.33s/it]Training 128 shadow models:   2%|▏         | 2/128 [00:10<10:07,  4.82s/it]Training 128 shadow models:   2%|▏         | 3/128 [00:13<08:22,  4.02s/it]Training 128 shadow models:   3%|▎         | 4/128 [00:16<07:30,  3.64s/it]Training 128 shadow models:   4%|▍         | 5/128 [00:19<07:02,  3.43s/it]Training 128 shadow models:   5%|▍         | 6/128 [00:22<06:44,  3.31s/it]Training 128 shadow models:   5%|▌         | 7/128 [00:25<06:31,  3.23s/it]Training 128 shadow models:   6%|▋         | 8/128 [00:28<06:22,  3.18s/it]Training 128 shadow models:   7%|▋         | 9/128 [00:31<06:15,  3.15s/it]Training 128 shadow models:   8%|▊         | 10/128 [00:34<06:08,  3.13s/it]Training 128 shadow models:   9%|▊         | 11/128 [00:38<06:03,  3.11s/it]Training 128 shadow models:   9%|▉         | 12/128 [00:41<05:58,  3.09s/it]Training 128 shadow models:  10%|█         | 13/128 [00:44<05:54,  3.08s/it]Training 128 shadow models:  11%|█         | 14/128 [00:47<05:50,  3.07s/it]Training 128 shadow models:  12%|█▏        | 15/128 [00:50<05:47,  3.07s/it]Training 128 shadow models:  12%|█▎        | 16/128 [00:53<05:43,  3.07s/it]Training 128 shadow models:  13%|█▎        | 17/128 [00:56<05:40,  3.07s/it]Training 128 shadow models:  14%|█▍        | 18/128 [00:59<05:37,  3.06s/it]Training 128 shadow models:  15%|█▍        | 19/128 [01:02<05:33,  3.06s/it]Training 128 shadow models:  16%|█▌        | 20/128 [01:05<05:30,  3.06s/it]Training 128 shadow models:  16%|█▋        | 21/128 [01:08<05:27,  3.06s/it]Training 128 shadow models:  17%|█▋        | 22/128 [01:11<05:24,  3.06s/it]Training 128 shadow models:  18%|█▊        | 23/128 [01:14<05:21,  3.06s/it]Training 128 shadow models:  19%|█▉        | 24/128 [01:17<05:18,  3.06s/it]Training 128 shadow models:  20%|█▉        | 25/128 [01:20<05:16,  3.07s/it]Training 128 shadow models:  20%|██        | 26/128 [01:23<05:13,  3.07s/it]Training 128 shadow models:  21%|██        | 27/128 [01:27<05:10,  3.08s/it]Training 128 shadow models:  22%|██▏       | 28/128 [01:30<05:07,  3.08s/it]Training 128 shadow models:  23%|██▎       | 29/128 [01:33<05:04,  3.08s/it]Training 128 shadow models:  23%|██▎       | 30/128 [01:36<05:01,  3.08s/it]Training 128 shadow models:  24%|██▍       | 31/128 [01:39<04:58,  3.08s/it]Training 128 shadow models:  25%|██▌       | 32/128 [01:42<04:55,  3.08s/it]Training 128 shadow models:  26%|██▌       | 33/128 [01:45<04:52,  3.08s/it]Training 128 shadow models:  27%|██▋       | 34/128 [01:48<04:49,  3.08s/it]Training 128 shadow models:  27%|██▋       | 35/128 [01:51<04:47,  3.09s/it]Training 128 shadow models:  28%|██▊       | 36/128 [01:54<04:43,  3.09s/it]Training 128 shadow models:  29%|██▉       | 37/128 [01:57<04:41,  3.09s/it]Training 128 shadow models:  30%|██▉       | 38/128 [02:01<04:37,  3.09s/it]Training 128 shadow models:  30%|███       | 39/128 [02:04<04:34,  3.09s/it]Training 128 shadow models:  31%|███▏      | 40/128 [02:07<04:31,  3.09s/it]Training 128 shadow models:  32%|███▏      | 41/128 [02:10<04:28,  3.09s/it]Training 128 shadow models:  33%|███▎      | 42/128 [02:13<04:25,  3.09s/it]Training 128 shadow models:  34%|███▎      | 43/128 [02:16<04:22,  3.09s/it]Training 128 shadow models:  34%|███▍      | 44/128 [02:19<04:19,  3.09s/it]Training 128 shadow models:  35%|███▌      | 45/128 [02:22<04:16,  3.09s/it]Training 128 shadow models:  36%|███▌      | 46/128 [02:25<04:13,  3.09s/it]Training 128 shadow models:  37%|███▋      | 47/128 [02:28<04:10,  3.09s/it]Training 128 shadow models:  38%|███▊      | 48/128 [02:31<04:07,  3.09s/it]Training 128 shadow models:  38%|███▊      | 49/128 [02:34<04:03,  3.09s/it]Training 128 shadow models:  39%|███▉      | 50/128 [02:38<04:00,  3.09s/it]Training 128 shadow models:  40%|███▉      | 51/128 [02:41<03:57,  3.09s/it]Training 128 shadow models:  41%|████      | 52/128 [02:44<03:54,  3.09s/it]Training 128 shadow models:  41%|████▏     | 53/128 [02:47<03:51,  3.09s/it]Training 128 shadow models:  42%|████▏     | 54/128 [02:50<03:48,  3.09s/it]Training 128 shadow models:  43%|████▎     | 55/128 [02:53<03:45,  3.09s/it]Training 128 shadow models:  44%|████▍     | 56/128 [02:56<03:42,  3.09s/it]Training 128 shadow models:  45%|████▍     | 57/128 [02:59<03:39,  3.09s/it]Training 128 shadow models:  45%|████▌     | 58/128 [03:02<03:35,  3.08s/it]Training 128 shadow models:  46%|████▌     | 59/128 [03:05<03:32,  3.09s/it]Training 128 shadow models:  47%|████▋     | 60/128 [03:08<03:29,  3.08s/it]Training 128 shadow models:  48%|████▊     | 61/128 [03:12<03:26,  3.09s/it]Training 128 shadow models:  48%|████▊     | 62/128 [03:15<03:23,  3.08s/it]Training 128 shadow models:  49%|████▉     | 63/128 [03:18<03:20,  3.09s/it]Training 128 shadow models:  50%|█████     | 64/128 [03:21<03:17,  3.08s/it]Training 128 shadow models:  51%|█████     | 65/128 [03:24<03:14,  3.09s/it]Training 128 shadow models:  52%|█████▏    | 66/128 [03:27<03:11,  3.09s/it]Training 128 shadow models:  52%|█████▏    | 67/128 [03:30<03:08,  3.09s/it]Training 128 shadow models:  53%|█████▎    | 68/128 [03:33<03:05,  3.09s/it]Training 128 shadow models:  54%|█████▍    | 69/128 [03:36<03:01,  3.08s/it]Training 128 shadow models:  55%|█████▍    | 70/128 [03:39<02:58,  3.08s/it]Training 128 shadow models:  55%|█████▌    | 71/128 [03:42<02:55,  3.08s/it]Training 128 shadow models:  56%|█████▋    | 72/128 [03:45<02:52,  3.08s/it]Training 128 shadow models:  57%|█████▋    | 73/128 [03:49<02:49,  3.08s/it]Training 128 shadow models:  58%|█████▊    | 74/128 [03:52<02:46,  3.08s/it]Training 128 shadow models:  59%|█████▊    | 75/128 [03:55<02:46,  3.14s/it]Training 128 shadow models:  59%|█████▉    | 76/128 [03:58<02:42,  3.12s/it]Training 128 shadow models:  60%|██████    | 77/128 [04:01<02:38,  3.11s/it]Training 128 shadow models:  61%|██████    | 78/128 [04:04<02:35,  3.10s/it]Training 128 shadow models:  62%|██████▏   | 79/128 [04:07<02:31,  3.10s/it]Training 128 shadow models:  62%|██████▎   | 80/128 [04:10<02:28,  3.09s/it]Training 128 shadow models:  63%|██████▎   | 81/128 [04:13<02:25,  3.09s/it]Training 128 shadow models:  64%|██████▍   | 82/128 [04:16<02:22,  3.09s/it]Training 128 shadow models:  65%|██████▍   | 83/128 [04:20<02:18,  3.09s/it]Training 128 shadow models:  66%|██████▌   | 84/128 [04:23<02:15,  3.09s/it]Training 128 shadow models:  66%|██████▋   | 85/128 [04:26<02:12,  3.09s/it]Training 128 shadow models:  67%|██████▋   | 86/128 [04:29<02:09,  3.08s/it]Training 128 shadow models:  68%|██████▊   | 87/128 [04:32<02:06,  3.08s/it]Training 128 shadow models:  69%|██████▉   | 88/128 [04:35<02:03,  3.08s/it]Training 128 shadow models:  70%|██████▉   | 89/128 [04:38<02:00,  3.09s/it]Training 128 shadow models:  70%|███████   | 90/128 [04:41<01:57,  3.09s/it]Training 128 shadow models:  71%|███████   | 91/128 [04:44<01:54,  3.08s/it]Training 128 shadow models:  72%|███████▏  | 92/128 [04:47<01:51,  3.08s/it]Training 128 shadow models:  73%|███████▎  | 93/128 [04:50<01:47,  3.08s/it]Training 128 shadow models:  73%|███████▎  | 94/128 [04:53<01:44,  3.08s/it]Training 128 shadow models:  74%|███████▍  | 95/128 [04:57<01:41,  3.08s/it]Training 128 shadow models:  75%|███████▌  | 96/128 [05:00<01:38,  3.08s/it]Training 128 shadow models:  76%|███████▌  | 97/128 [05:03<01:35,  3.08s/it]Training 128 shadow models:  77%|███████▋  | 98/128 [05:06<01:32,  3.07s/it]Training 128 shadow models:  77%|███████▋  | 99/128 [05:09<01:29,  3.07s/it]Training 128 shadow models:  78%|███████▊  | 100/128 [05:12<01:26,  3.07s/it]Training 128 shadow models:  79%|███████▉  | 101/128 [05:15<01:22,  3.07s/it]Training 128 shadow models:  80%|███████▉  | 102/128 [05:18<01:19,  3.07s/it]Training 128 shadow models:  80%|████████  | 103/128 [05:21<01:16,  3.07s/it]Training 128 shadow models:  81%|████████▏ | 104/128 [05:24<01:13,  3.07s/it]Training 128 shadow models:  82%|████████▏ | 105/128 [05:27<01:10,  3.07s/it]Training 128 shadow models:  83%|████████▎ | 106/128 [05:30<01:07,  3.07s/it]Training 128 shadow models:  84%|████████▎ | 107/128 [05:33<01:04,  3.07s/it]Training 128 shadow models:  84%|████████▍ | 108/128 [05:36<01:01,  3.07s/it]Training 128 shadow models:  85%|████████▌ | 109/128 [05:40<00:58,  3.07s/it]Training 128 shadow models:  86%|████████▌ | 110/128 [05:43<00:55,  3.07s/it]Training 128 shadow models:  87%|████████▋ | 111/128 [05:46<00:52,  3.07s/it]Training 128 shadow models:  88%|████████▊ | 112/128 [05:49<00:49,  3.07s/it]Training 128 shadow models:  88%|████████▊ | 113/128 [05:52<00:46,  3.07s/it]Training 128 shadow models:  89%|████████▉ | 114/128 [05:55<00:43,  3.07s/it]Training 128 shadow models:  90%|████████▉ | 115/128 [05:58<00:39,  3.07s/it]Training 128 shadow models:  91%|█████████ | 116/128 [06:01<00:36,  3.07s/it]Training 128 shadow models:  91%|█████████▏| 117/128 [06:04<00:33,  3.07s/it]Training 128 shadow models:  92%|█████████▏| 118/128 [06:07<00:30,  3.07s/it]Training 128 shadow models:  93%|█████████▎| 119/128 [06:10<00:27,  3.06s/it]Training 128 shadow models:  94%|█████████▍| 120/128 [06:13<00:24,  3.06s/it]Training 128 shadow models:  95%|█████████▍| 121/128 [06:16<00:21,  3.06s/it]Training 128 shadow models:  95%|█████████▌| 122/128 [06:19<00:18,  3.06s/it]Training 128 shadow models:  96%|█████████▌| 123/128 [06:22<00:15,  3.07s/it]Training 128 shadow models:  97%|█████████▋| 124/128 [06:26<00:12,  3.07s/it]Training 128 shadow models:  98%|█████████▊| 125/128 [06:29<00:09,  3.06s/it]Training 128 shadow models:  98%|█████████▊| 126/128 [06:32<00:06,  3.06s/it]Training 128 shadow models:  99%|█████████▉| 127/128 [06:35<00:03,  3.07s/it]Training 128 shadow models: 100%|██████████| 128/128 [06:38<00:00,  3.07s/it]Training 128 shadow models: 100%|██████████| 128/128 [06:38<00:00,  3.11s/it]
[I 2025-05-13 16:52:46,139] A new study created in memory with name: no-name-a837355b-2035-4ba5-8302-d2232860d103
Tuning interpolation parameter for offline RMIA using optuna
  0%|          | 0/100 [00:00<?, ?it/s]                                         0%|          | 0/100 [00:01<?, ?it/s]Best trial: 0. Best value: 0.553234:   0%|          | 0/100 [00:01<?, ?it/s]Best trial: 0. Best value: 0.553234:   1%|          | 1/100 [00:01<02:13,  1.35s/it]                                                                                    Best trial: 0. Best value: 0.553234:   1%|          | 1/100 [00:02<02:13,  1.35s/it]Best trial: 1. Best value: 0.557582:   1%|          | 1/100 [00:02<02:13,  1.35s/it]Best trial: 1. Best value: 0.557582:   2%|▏         | 2/100 [00:02<02:09,  1.32s/it]                                                                                    Best trial: 1. Best value: 0.557582:   2%|▏         | 2/100 [00:03<02:09,  1.32s/it]Best trial: 1. Best value: 0.557582:   2%|▏         | 2/100 [00:03<02:09,  1.32s/it]Best trial: 1. Best value: 0.557582:   3%|▎         | 3/100 [00:03<02:08,  1.32s/it]                                                                                    Best trial: 1. Best value: 0.557582:   3%|▎         | 3/100 [00:05<02:08,  1.32s/it]Best trial: 3. Best value: 0.557662:   3%|▎         | 3/100 [00:05<02:08,  1.32s/it]Best trial: 3. Best value: 0.557662:   4%|▍         | 4/100 [00:05<02:06,  1.32s/it]                                                                                    Best trial: 3. Best value: 0.557662:   4%|▍         | 4/100 [00:06<02:06,  1.32s/it]Best trial: 3. Best value: 0.557662:   4%|▍         | 4/100 [00:06<02:06,  1.32s/it]Best trial: 3. Best value: 0.557662:   5%|▌         | 5/100 [00:06<02:04,  1.31s/it]                                                                                    Best trial: 3. Best value: 0.557662:   5%|▌         | 5/100 [00:07<02:04,  1.31s/it]Best trial: 3. Best value: 0.557662:   5%|▌         | 5/100 [00:07<02:04,  1.31s/it]Best trial: 3. Best value: 0.557662:   6%|▌         | 6/100 [00:07<02:03,  1.31s/it]                                                                                    Best trial: 3. Best value: 0.557662:   6%|▌         | 6/100 [00:09<02:03,  1.31s/it]Best trial: 6. Best value: 0.557864:   6%|▌         | 6/100 [00:09<02:03,  1.31s/it]Best trial: 6. Best value: 0.557864:   7%|▋         | 7/100 [00:09<02:01,  1.31s/it]                                                                                    Best trial: 6. Best value: 0.557864:   7%|▋         | 7/100 [00:10<02:01,  1.31s/it]Best trial: 6. Best value: 0.557864:   7%|▋         | 7/100 [00:10<02:01,  1.31s/it]Best trial: 6. Best value: 0.557864:   8%|▊         | 8/100 [00:10<02:04,  1.35s/it]                                                                                    Best trial: 6. Best value: 0.557864:   8%|▊         | 8/100 [00:11<02:04,  1.35s/it]Best trial: 6. Best value: 0.557864:   8%|▊         | 8/100 [00:11<02:04,  1.35s/it]Best trial: 6. Best value: 0.557864:   9%|▉         | 9/100 [00:11<02:02,  1.34s/it]                                                                                    Best trial: 6. Best value: 0.557864:   9%|▉         | 9/100 [00:13<02:02,  1.34s/it]Best trial: 6. Best value: 0.557864:   9%|▉         | 9/100 [00:13<02:02,  1.34s/it]Best trial: 6. Best value: 0.557864:  10%|█         | 10/100 [00:13<01:59,  1.33s/it]                                                                                     Best trial: 6. Best value: 0.557864:  10%|█         | 10/100 [00:14<01:59,  1.33s/it]Best trial: 6. Best value: 0.557864:  10%|█         | 10/100 [00:14<01:59,  1.33s/it]Best trial: 6. Best value: 0.557864:  11%|█         | 11/100 [00:14<01:58,  1.33s/it]                                                                                     Best trial: 6. Best value: 0.557864:  11%|█         | 11/100 [00:15<01:58,  1.33s/it]Best trial: 6. Best value: 0.557864:  11%|█         | 11/100 [00:15<01:58,  1.33s/it]Best trial: 6. Best value: 0.557864:  12%|█▏        | 12/100 [00:15<01:56,  1.32s/it]                                                                                     Best trial: 6. Best value: 0.557864:  12%|█▏        | 12/100 [00:17<01:56,  1.32s/it]Best trial: 12. Best value: 0.55803:  12%|█▏        | 12/100 [00:17<01:56,  1.32s/it]Best trial: 12. Best value: 0.55803:  13%|█▎        | 13/100 [00:17<01:54,  1.32s/it]                                                                                     Best trial: 12. Best value: 0.55803:  13%|█▎        | 13/100 [00:18<01:54,  1.32s/it]Best trial: 12. Best value: 0.55803:  13%|█▎        | 13/100 [00:18<01:54,  1.32s/it]Best trial: 12. Best value: 0.55803:  14%|█▍        | 14/100 [00:18<01:53,  1.32s/it]                                                                                     Best trial: 12. Best value: 0.55803:  14%|█▍        | 14/100 [00:19<01:53,  1.32s/it]Best trial: 12. Best value: 0.55803:  14%|█▍        | 14/100 [00:19<01:53,  1.32s/it]Best trial: 12. Best value: 0.55803:  15%|█▌        | 15/100 [00:19<01:52,  1.32s/it]                                                                                     Best trial: 12. Best value: 0.55803:  15%|█▌        | 15/100 [00:21<01:52,  1.32s/it]Best trial: 12. Best value: 0.55803:  15%|█▌        | 15/100 [00:21<01:52,  1.32s/it]Best trial: 12. Best value: 0.55803:  16%|█▌        | 16/100 [00:21<01:50,  1.32s/it]                                                                                     Best trial: 12. Best value: 0.55803:  16%|█▌        | 16/100 [00:22<01:50,  1.32s/it]Best trial: 12. Best value: 0.55803:  16%|█▌        | 16/100 [00:22<01:50,  1.32s/it]Best trial: 12. Best value: 0.55803:  17%|█▋        | 17/100 [00:22<01:49,  1.32s/it]                                                                                     Best trial: 12. Best value: 0.55803:  17%|█▋        | 17/100 [00:23<01:49,  1.32s/it]Best trial: 12. Best value: 0.55803:  17%|█▋        | 17/100 [00:23<01:49,  1.32s/it]Best trial: 12. Best value: 0.55803:  18%|█▊        | 18/100 [00:23<01:47,  1.32s/it]                                                                                     Best trial: 12. Best value: 0.55803:  18%|█▊        | 18/100 [00:25<01:47,  1.32s/it]Best trial: 12. Best value: 0.55803:  18%|█▊        | 18/100 [00:25<01:47,  1.32s/it]Best trial: 12. Best value: 0.55803:  19%|█▉        | 19/100 [00:25<01:46,  1.31s/it]                                                                                     Best trial: 12. Best value: 0.55803:  19%|█▉        | 19/100 [00:26<01:46,  1.31s/it]Best trial: 12. Best value: 0.55803:  19%|█▉        | 19/100 [00:26<01:46,  1.31s/it]Best trial: 12. Best value: 0.55803:  20%|██        | 20/100 [00:26<01:45,  1.31s/it]                                                                                     Best trial: 12. Best value: 0.55803:  20%|██        | 20/100 [00:27<01:45,  1.31s/it]Best trial: 12. Best value: 0.55803:  20%|██        | 20/100 [00:27<01:45,  1.31s/it]Best trial: 12. Best value: 0.55803:  21%|██        | 21/100 [00:27<01:43,  1.31s/it]                                                                                     Best trial: 12. Best value: 0.55803:  21%|██        | 21/100 [00:29<01:43,  1.31s/it]Best trial: 21. Best value: 0.558094:  21%|██        | 21/100 [00:29<01:43,  1.31s/it]Best trial: 21. Best value: 0.558094:  22%|██▏       | 22/100 [00:29<01:42,  1.31s/it]                                                                                      Best trial: 21. Best value: 0.558094:  22%|██▏       | 22/100 [00:30<01:42,  1.31s/it]Best trial: 22. Best value: 0.558199:  22%|██▏       | 22/100 [00:30<01:42,  1.31s/it]Best trial: 22. Best value: 0.558199:  23%|██▎       | 23/100 [00:30<01:41,  1.31s/it]                                                                                      Best trial: 22. Best value: 0.558199:  23%|██▎       | 23/100 [00:31<01:41,  1.31s/it]Best trial: 22. Best value: 0.558199:  23%|██▎       | 23/100 [00:31<01:41,  1.31s/it]Best trial: 22. Best value: 0.558199:  24%|██▍       | 24/100 [00:31<01:39,  1.31s/it]                                                                                      Best trial: 22. Best value: 0.558199:  24%|██▍       | 24/100 [00:33<01:39,  1.31s/it]Best trial: 22. Best value: 0.558199:  24%|██▍       | 24/100 [00:33<01:39,  1.31s/it]Best trial: 22. Best value: 0.558199:  25%|██▌       | 25/100 [00:33<01:38,  1.32s/it]                                                                                      Best trial: 22. Best value: 0.558199:  25%|██▌       | 25/100 [00:34<01:38,  1.32s/it]Best trial: 22. Best value: 0.558199:  25%|██▌       | 25/100 [00:34<01:38,  1.32s/it]Best trial: 22. Best value: 0.558199:  26%|██▌       | 26/100 [00:34<01:39,  1.35s/it]                                                                                      Best trial: 22. Best value: 0.558199:  26%|██▌       | 26/100 [00:35<01:39,  1.35s/it]Best trial: 22. Best value: 0.558199:  26%|██▌       | 26/100 [00:35<01:39,  1.35s/it]Best trial: 22. Best value: 0.558199:  27%|██▋       | 27/100 [00:35<01:37,  1.34s/it]                                                                             