This job can be monitored from: https://job.c3se.chalmers.se/alvis/4320285
/usr/share/lmod/lmod/init/bash: /usr/share/lmod/lmod/libexec/addto: /usr/bin/lua: bad interpreter: No such file or directory
no change     /opt/conda/condabin/conda
no change     /opt/conda/bin/conda
no change     /opt/conda/bin/conda-env
no change     /opt/conda/bin/activate
no change     /opt/conda/bin/deactivate
no change     /opt/conda/etc/profile.d/conda.sh
no change     /opt/conda/etc/fish/conf.d/conda.fish
no change     /opt/conda/shell/condabin/Conda.psm1
no change     /opt/conda/shell/condabin/conda-hook.ps1
no change     /opt/conda/lib/python3.12/site-packages/xontrib/conda.xsh
no change     /opt/conda/etc/profile.d/conda.csh
no change     /cephyr/users/lassila/Alvis/.bashrc
No action taken.
Overwriting config seed with seed=62
Running MIA...

attacks:
  MLP-attack-0hop:
    attack: mlp-attack
    edge_dropout: 0.0
    mlp_attack_queries:
    - 0
    mlp_hidden_dim:
    - 128
    - 64
  MLP-attack-comb:
    attack: mlp-attack
    edge_dropout: 0.5
    mlp_attack_queries:
    - 0
    - 2
    mlp_hidden_dim:
    - 128
    - 64
  graph-lset-MIA:
    attack: graph-lset
    num_sampled_graphs: 32
    prior: 0.5
    sampling_strategy: MIA
  graph-lset-MIA-offline:
    attack: graph-lset
    num_sampled_graphs: 32
    offline: true
    prior: 0.5
    sampling_strategy: MIA
    threshold_scale_factor: 0.9
  lira:
    attack: lira
  lira-offline:
    attack: lira
    offline: true
  lset:
    attack: lset
  lset-offline:
    attack: lset
    offline: true
  rmia:
    Z_frac: 0.5
    attack: rmia
    rmia_gamma: 1
  rmia-offline:
    Z_frac: 0.5
    attack: rmia
    offline: true
    rmia_gamma: 1
batch_size: 32768
datadir: ./data
dataset: amazon-photo
device: cuda
dropout: 0.25
early_stopping: 0
epochs: 400
epochs_mlp: 1000
frac_target_nodes: 0.5
hidden_dim:
- 64
hidden_dim_mlp:
- 128
hyperparam_search: false
inductive_inference: true
inductive_split: true
lr: 0.001
max_num_nodes: null
model: GAT
name: amazon-photo-GAT
num_audits: 1
num_processes: 1
num_shadow_models: 128
offline: false
optimizer: Adam
pretrain_shadow_models: true
savedir: large_N_results
seed: 62
target_fpr:
- 0.01
- 0.001
train_frac: 0.5
val_frac: 0.0
weight_decay: 0.0001

Dataset properties
#Nodes: 7650
#Edges: 238162
#Features: 745
#Classes: 8
#Class distribution: [0.0482, 0.2204, 0.0919, 0.1196, 0.1153, 0.1076, 0.2537, 0.0433]
Average degree: 31.1323
Fraction isolated nodes: 0.01503267977386713

Training 128 shadow models:   0%|          | 0/128 [00:00<?, ?it/s]Training 128 shadow models:   1%|          | 1/128 [00:07<15:32,  7.35s/it]Training 128 shadow models:   2%|▏         | 2/128 [00:10<10:09,  4.84s/it]Training 128 shadow models:   2%|▏         | 3/128 [00:13<08:25,  4.04s/it]Training 128 shadow models:   3%|▎         | 4/128 [00:16<07:34,  3.67s/it]Training 128 shadow models:   4%|▍         | 5/128 [00:19<07:05,  3.46s/it]Training 128 shadow models:   5%|▍         | 6/128 [00:22<06:46,  3.34s/it]Training 128 shadow models:   5%|▌         | 7/128 [00:25<06:34,  3.26s/it]Training 128 shadow models:   6%|▋         | 8/128 [00:28<06:24,  3.21s/it]Training 128 shadow models:   7%|▋         | 9/128 [00:32<06:17,  3.17s/it]Training 128 shadow models:   8%|▊         | 10/128 [00:35<06:10,  3.14s/it]Training 128 shadow models:   9%|▊         | 11/128 [00:38<06:05,  3.13s/it]Training 128 shadow models:   9%|▉         | 12/128 [00:41<06:01,  3.12s/it]Training 128 shadow models:  10%|█         | 13/128 [00:44<05:57,  3.11s/it]Training 128 shadow models:  11%|█         | 14/128 [00:47<05:53,  3.10s/it]Training 128 shadow models:  12%|█▏        | 15/128 [00:50<05:50,  3.10s/it]Training 128 shadow models:  12%|█▎        | 16/128 [00:53<05:46,  3.09s/it]Training 128 shadow models:  13%|█▎        | 17/128 [00:56<05:43,  3.09s/it]Training 128 shadow models:  14%|█▍        | 18/128 [00:59<05:39,  3.09s/it]Training 128 shadow models:  15%|█▍        | 19/128 [01:02<05:36,  3.09s/it]Training 128 shadow models:  16%|█▌        | 20/128 [01:06<05:33,  3.09s/it]Training 128 shadow models:  16%|█▋        | 21/128 [01:09<05:30,  3.09s/it]Training 128 shadow models:  17%|█▋        | 22/128 [01:12<05:27,  3.09s/it]Training 128 shadow models:  18%|█▊        | 23/128 [01:15<05:24,  3.09s/it]Training 128 shadow models:  19%|█▉        | 24/128 [01:18<05:21,  3.09s/it]Training 128 shadow models:  20%|█▉        | 25/128 [01:21<05:18,  3.09s/it]Training 128 shadow models:  20%|██        | 26/128 [01:24<05:15,  3.09s/it]Training 128 shadow models:  21%|██        | 27/128 [01:27<05:12,  3.09s/it]Training 128 shadow models:  22%|██▏       | 28/128 [01:30<05:09,  3.09s/it]Training 128 shadow models:  23%|██▎       | 29/128 [01:33<05:06,  3.09s/it]Training 128 shadow models:  23%|██▎       | 30/128 [01:37<05:14,  3.21s/it]Training 128 shadow models:  24%|██▍       | 31/128 [01:40<05:07,  3.17s/it]Training 128 shadow models:  25%|██▌       | 32/128 [01:43<05:02,  3.15s/it]Training 128 shadow models:  26%|██▌       | 33/128 [01:46<04:57,  3.13s/it]Training 128 shadow models:  27%|██▋       | 34/128 [01:49<04:53,  3.12s/it]Training 128 shadow models:  27%|██▋       | 35/128 [01:52<04:49,  3.11s/it]Training 128 shadow models:  28%|██▊       | 36/128 [01:55<04:45,  3.10s/it]Training 128 shadow models:  29%|██▉       | 37/128 [01:59<04:42,  3.10s/it]Training 128 shadow models:  30%|██▉       | 38/128 [02:02<04:38,  3.10s/it]Training 128 shadow models:  30%|███       | 39/128 [02:05<04:35,  3.10s/it]Training 128 shadow models:  31%|███▏      | 40/128 [02:08<04:32,  3.10s/it]Training 128 shadow models:  32%|███▏      | 41/128 [02:11<04:29,  3.10s/it]Training 128 shadow models:  33%|███▎      | 42/128 [02:14<04:26,  3.10s/it]Training 128 shadow models:  34%|███▎      | 43/128 [02:17<04:23,  3.10s/it]Training 128 shadow models:  34%|███▍      | 44/128 [02:20<04:20,  3.10s/it]Training 128 shadow models:  35%|███▌      | 45/128 [02:23<04:16,  3.09s/it]Training 128 shadow models:  36%|███▌      | 46/128 [02:26<04:13,  3.09s/it]Training 128 shadow models:  37%|███▋      | 47/128 [02:29<04:10,  3.09s/it]Training 128 shadow models:  38%|███▊      | 48/128 [02:33<04:07,  3.10s/it]Training 128 shadow models:  38%|███▊      | 49/128 [02:36<04:04,  3.09s/it]Training 128 shadow models:  39%|███▉      | 50/128 [02:39<04:01,  3.09s/it]Training 128 shadow models:  40%|███▉      | 51/128 [02:42<03:58,  3.10s/it]Training 128 shadow models:  41%|████      | 52/128 [02:45<03:55,  3.10s/it]Training 128 shadow models:  41%|████▏     | 53/128 [02:48<03:52,  3.10s/it]Training 128 shadow models:  42%|████▏     | 54/128 [02:51<03:49,  3.10s/it]Training 128 shadow models:  43%|████▎     | 55/128 [02:54<03:46,  3.10s/it]Training 128 shadow models:  44%|████▍     | 56/128 [02:57<03:43,  3.10s/it]Training 128 shadow models:  45%|████▍     | 57/128 [03:00<03:40,  3.10s/it]Training 128 shadow models:  45%|████▌     | 58/128 [03:04<03:36,  3.10s/it]Training 128 shadow models:  46%|████▌     | 59/128 [03:07<03:33,  3.10s/it]Training 128 shadow models:  47%|████▋     | 60/128 [03:10<03:30,  3.09s/it]Training 128 shadow models:  48%|████▊     | 61/128 [03:13<03:27,  3.09s/it]Training 128 shadow models:  48%|████▊     | 62/128 [03:16<03:23,  3.09s/it]Training 128 shadow models:  49%|████▉     | 63/128 [03:19<03:20,  3.08s/it]Training 128 shadow models:  50%|█████     | 64/128 [03:22<03:17,  3.08s/it]Training 128 shadow models:  51%|█████     | 65/128 [03:25<03:14,  3.09s/it]Training 128 shadow models:  52%|█████▏    | 66/128 [03:28<03:11,  3.08s/it]Training 128 shadow models:  52%|█████▏    | 67/128 [03:31<03:07,  3.08s/it]Training 128 shadow models:  53%|█████▎    | 68/128 [03:34<03:04,  3.08s/it]Training 128 shadow models:  54%|█████▍    | 69/128 [03:37<03:01,  3.07s/it]Training 128 shadow models:  55%|█████▍    | 70/128 [03:40<02:58,  3.07s/it]Training 128 shadow models:  55%|█████▌    | 71/128 [03:44<02:55,  3.08s/it]Training 128 shadow models:  56%|█████▋    | 72/128 [03:47<02:52,  3.08s/it]Training 128 shadow models:  57%|█████▋    | 73/128 [03:50<02:49,  3.08s/it]Training 128 shadow models:  58%|█████▊    | 74/128 [03:53<02:46,  3.09s/it]Training 128 shadow models:  59%|█████▊    | 75/128 [03:56<02:43,  3.09s/it]Training 128 shadow models:  59%|█████▉    | 76/128 [03:59<02:40,  3.09s/it]Training 128 shadow models:  60%|██████    | 77/128 [04:02<02:37,  3.09s/it]Training 128 shadow models:  61%|██████    | 78/128 [04:05<02:34,  3.09s/it]Training 128 shadow models:  62%|██████▏   | 79/128 [04:08<02:31,  3.09s/it]Training 128 shadow models:  62%|██████▎   | 80/128 [04:11<02:28,  3.09s/it]Training 128 shadow models:  63%|██████▎   | 81/128 [04:14<02:25,  3.09s/it]Training 128 shadow models:  64%|██████▍   | 82/128 [04:18<02:22,  3.09s/it]Training 128 shadow models:  65%|██████▍   | 83/128 [04:21<02:22,  3.18s/it]Training 128 shadow models:  66%|██████▌   | 84/128 [04:24<02:18,  3.14s/it]Training 128 shadow models:  66%|██████▋   | 85/128 [04:27<02:14,  3.12s/it]Training 128 shadow models:  67%|██████▋   | 86/128 [04:30<02:10,  3.10s/it]Training 128 shadow models:  68%|██████▊   | 87/128 [04:33<02:06,  3.09s/it]Training 128 shadow models:  69%|██████▉   | 88/128 [04:36<02:03,  3.08s/it]Training 128 shadow models:  70%|██████▉   | 89/128 [04:39<02:00,  3.08s/it]Training 128 shadow models:  70%|███████   | 90/128 [04:42<01:57,  3.09s/it]Training 128 shadow models:  71%|███████   | 91/128 [04:46<01:54,  3.09s/it]Training 128 shadow models:  72%|███████▏  | 92/128 [04:49<01:51,  3.09s/it]Training 128 shadow models:  73%|███████▎  | 93/128 [04:52<01:48,  3.09s/it]Training 128 shadow models:  73%|███████▎  | 94/128 [04:55<01:45,  3.09s/it]Training 128 shadow models:  74%|███████▍  | 95/128 [04:58<01:42,  3.10s/it]Training 128 shadow models:  75%|███████▌  | 96/128 [05:01<01:39,  3.10s/it]Training 128 shadow models:  76%|███████▌  | 97/128 [05:04<01:35,  3.10s/it]Training 128 shadow models:  77%|███████▋  | 98/128 [05:07<01:32,  3.09s/it]Training 128 shadow models:  77%|███████▋  | 99/128 [05:10<01:29,  3.09s/it]Training 128 shadow models:  78%|███████▊  | 100/128 [05:13<01:26,  3.09s/it]Training 128 shadow models:  79%|███████▉  | 101/128 [05:16<01:23,  3.09s/it]Training 128 shadow models:  80%|███████▉  | 102/128 [05:20<01:20,  3.09s/it]Training 128 shadow models:  80%|████████  | 103/128 [05:23<01:17,  3.09s/it]Training 128 shadow models:  81%|████████▏ | 104/128 [05:26<01:14,  3.09s/it]Training 128 shadow models:  82%|████████▏ | 105/128 [05:29<01:11,  3.09s/it]Training 128 shadow models:  83%|████████▎ | 106/128 [05:32<01:08,  3.10s/it]Training 128 shadow models:  84%|████████▎ | 107/128 [05:35<01:04,  3.09s/it]Training 128 shadow models:  84%|████████▍ | 108/128 [05:38<01:01,  3.09s/it]Training 128 shadow models:  85%|████████▌ | 109/128 [05:41<00:58,  3.09s/it]Training 128 shadow models:  86%|████████▌ | 110/128 [05:44<00:55,  3.09s/it]Training 128 shadow models:  87%|████████▋ | 111/128 [05:47<00:52,  3.09s/it]Training 128 shadow models:  88%|████████▊ | 112/128 [05:51<00:49,  3.09s/it]Training 128 shadow models:  88%|████████▊ | 113/128 [05:54<00:46,  3.09s/it]Training 128 shadow models:  89%|████████▉ | 114/128 [05:57<00:43,  3.09s/it]Training 128 shadow models:  90%|████████▉ | 115/128 [06:00<00:40,  3.09s/it]Training 128 shadow models:  91%|█████████ | 116/128 [06:03<00:37,  3.11s/it]Training 128 shadow models:  91%|█████████▏| 117/128 [06:06<00:34,  3.11s/it]Training 128 shadow models:  92%|█████████▏| 118/128 [06:09<00:31,  3.10s/it]Training 128 shadow models:  93%|█████████▎| 119/128 [06:12<00:27,  3.10s/it]Training 128 shadow models:  94%|█████████▍| 120/128 [06:15<00:24,  3.09s/it]Training 128 shadow models:  95%|█████████▍| 121/128 [06:18<00:21,  3.08s/it]Training 128 shadow models:  95%|█████████▌| 122/128 [06:21<00:18,  3.08s/it]Training 128 shadow models:  96%|█████████▌| 123/128 [06:24<00:15,  3.08s/it]Training 128 shadow models:  97%|█████████▋| 124/128 [06:28<00:12,  3.07s/it]Training 128 shadow models:  98%|█████████▊| 125/128 [06:31<00:09,  3.07s/it]Training 128 shadow models:  98%|█████████▊| 126/128 [06:34<00:06,  3.07s/it]Training 128 shadow models:  99%|█████████▉| 127/128 [06:37<00:03,  3.07s/it]Training 128 shadow models: 100%|██████████| 128/128 [06:40<00:00,  3.07s/it]Training 128 shadow models: 100%|██████████| 128/128 [06:40<00:00,  3.13s/it]
[I 2025-05-13 16:52:48,184] A new study created in memory with name: no-name-46b43a7e-2b57-40cd-9167-d8e34c348f2e
Tuning interpolation parameter for offline RMIA using optuna
  0%|          | 0/100 [00:00<?, ?it/s]                                         0%|          | 0/100 [00:01<?, ?it/s]Best trial: 0. Best value: 0.562219:   0%|          | 0/100 [00:01<?, ?it/s]Best trial: 0. Best value: 0.562219:   1%|          | 1/100 [00:01<02:14,  1.36s/it]                                                                                    Best trial: 0. Best value: 0.562219:   1%|          | 1/100 [00:02<02:14,  1.36s/it]Best trial: 0. Best value: 0.562219:   1%|          | 1/100 [00:02<02:14,  1.36s/it]Best trial: 0. Best value: 0.562219:   2%|▏         | 2/100 [00:02<02:10,  1.34s/it]                                                                                    Best trial: 0. Best value: 0.562219:   2%|▏         | 2/100 [00:03<02:10,  1.34s/it]Best trial: 0. Best value: 0.562219:   2%|▏         | 2/100 [00:03<02:10,  1.34s/it]Best trial: 0. Best value: 0.562219:   3%|▎         | 3/100 [00:03<02:08,  1.33s/it]                                                                                    Best trial: 0. Best value: 0.562219:   3%|▎         | 3/100 [00:05<02:08,  1.33s/it]Best trial: 0. Best value: 0.562219:   3%|▎         | 3/100 [00:05<02:08,  1.33s/it]Best trial: 0. Best value: 0.562219:   4%|▍         | 4/100 [00:05<02:07,  1.33s/it]                                                                                    Best trial: 0. Best value: 0.562219:   4%|▍         | 4/100 [00:06<02:07,  1.33s/it]Best trial: 0. Best value: 0.562219:   4%|▍         | 4/100 [00:06<02:07,  1.33s/it]Best trial: 0. Best value: 0.562219:   5%|▌         | 5/100 [00:06<02:05,  1.33s/it]                                                                                    Best trial: 0. Best value: 0.562219:   5%|▌         | 5/100 [00:07<02:05,  1.33s/it]Best trial: 0. Best value: 0.562219:   5%|▌         | 5/100 [00:07<02:05,  1.33s/it]Best trial: 0. Best value: 0.562219:   6%|▌         | 6/100 [00:07<02:04,  1.32s/it]                                                                                    Best trial: 0. Best value: 0.562219:   6%|▌         | 6/100 [00:09<02:04,  1.32s/it]Best trial: 0. Best value: 0.562219:   6%|▌         | 6/100 [00:09<02:04,  1.32s/it]Best trial: 0. Best value: 0.562219:   7%|▋         | 7/100 [00:09<02:03,  1.32s/it]                                                                                    Best trial: 0. Best value: 0.562219:   7%|▋         | 7/100 [00:10<02:03,  1.32s/it]Best trial: 0. Best value: 0.562219:   7%|▋         | 7/100 [00:10<02:03,  1.32s/it]Best trial: 0. Best value: 0.562219:   8%|▊         | 8/100 [00:10<02:06,  1.37s/it]                                                                                    Best trial: 0. Best value: 0.562219:   8%|▊         | 8/100 [00:12<02:06,  1.37s/it]Best trial: 0. Best value: 0.562219:   8%|▊         | 8/100 [00:12<02:06,  1.37s/it]Best trial: 0. Best value: 0.562219:   9%|▉         | 9/100 [00:12<02:03,  1.36s/it]                                                                                    Best trial: 0. Best value: 0.562219:   9%|▉         | 9/100 [00:13<02:03,  1.36s/it]Best trial: 0. Best value: 0.562219:   9%|▉         | 9/100 [00:13<02:03,  1.36s/it]Best trial: 0. Best value: 0.562219:  10%|█         | 10/100 [00:13<02:01,  1.35s/it]                                                                                     Best trial: 0. Best value: 0.562219:  10%|█         | 10/100 [00:14<02:01,  1.35s/it]Best trial: 10. Best value: 0.564253:  10%|█         | 10/100 [00:14<02:01,  1.35s/it]Best trial: 10. Best value: 0.564253:  11%|█         | 11/100 [00:14<01:59,  1.34s/it]                                                                                      Best trial: 10. Best value: 0.564253:  11%|█         | 11/100 [00:16<01:59,  1.34s/it]Best trial: 11. Best value: 0.564301:  11%|█         | 11/100 [00:16<01:59,  1.34s/it]Best trial: 11. Best value: 0.564301:  12%|█▏        | 12/100 [00:16<01:57,  1.34s/it]                                                                                      Best trial: 11. Best value: 0.564301:  12%|█▏        | 12/100 [00:17<01:57,  1.34s/it]Best trial: 11. Best value: 0.564301:  12%|█▏        | 12/100 [00:17<01:57,  1.34s/it]Best trial: 11. Best value: 0.564301:  13%|█▎        | 13/100 [00:17<01:55,  1.33s/it]                                                                                      Best trial: 11. Best value: 0.564301:  13%|█▎        | 13/100 [00:18<01:55,  1.33s/it]Best trial: 11. Best value: 0.564301:  13%|█▎        | 13/100 [00:18<01:55,  1.33s/it]Best trial: 11. Best value: 0.564301:  14%|█▍        | 14/100 [00:18<01:54,  1.33s/it]                                                                                      Best trial: 11. Best value: 0.564301:  14%|█▍        | 14/100 [00:20<01:54,  1.33s/it]Best trial: 11. Best value: 0.564301:  14%|█▍        | 14/100 [00:20<01:54,  1.33s/it]Best trial: 11. Best value: 0.564301:  15%|█▌        | 15/100 [00:20<01:53,  1.33s/it]                                                                                      Best trial: 11. Best value: 0.564301:  15%|█▌        | 15/100 [00:21<01:53,  1.33s/it]Best trial: 11. Best value: 0.564301:  15%|█▌        | 15/100 [00:21<01:53,  1.33s/it]Best trial: 11. Best value: 0.564301:  16%|█▌        | 16/100 [00:21<01:59,  1.43s/it]                                                                                      Best trial: 11. Best value: 0.564301:  16%|█▌        | 16/100 [00:23<01:59,  1.43s/it]Best trial: 11. Best value: 0.564301:  16%|█▌        | 16/100 [00:23<01:59,  1.43s/it]Best trial: 11. Best value: 0.564301:  17%|█▋        | 17/100 [00:23<01:55,  1.40s/it]                                                                                      Best trial: 11. Best value: 0.564301:  17%|█▋        | 17/100 [00:24<01:55,  1.40s/it]Best trial: 11. Best value: 0.564301:  17%|█▋        | 17/100 [00:24<01:55,  1.40s/it]Best trial: 11. Best value: 0.564301:  18%|█▊        | 18/100 [00:24<01:52,  1.37s/it]                                                                                      Best trial: 11. Best value: 0.564301:  18%|█▊        | 18/100 [00:25<01:52,  1.37s/it]Best trial: 11. Best value: 0.564301:  18%|█▊        | 18/100 [00:25<01:52,  1.37s/it]Best trial: 11. Best value: 0.564301:  19%|█▉        | 19/100 [00:25<01:50,  1.36s/it]                                                                                      Best trial: 11. Best value: 0.564301:  19%|█▉        | 19/100 [00:26<01:50,  1.36s/it]Best trial: 11. Best value: 0.564301:  19%|█▉        | 19/100 [00:26<01:50,  1.36s/it]Best trial: 11. Best value: 0.564301:  20%|██        | 20/100 [00:26<01:47,  1.35s/it]                                                                                      Best trial: 11. Best value: 0.564301:  20%|██        | 20/100 [00:28<01:47,  1.35s/it]Best trial: 11. Best value: 0.564301:  20%|██        | 20/100 [00:28<01:47,  1.35s/it]Best trial: 11. Best value: 0.564301:  21%|██        | 21/100 [00:28<01:45,  1.34s/it]                                                                                      Best trial: 11. Best value: 0.564301:  21%|██        | 21/100 [00:29<01:45,  1.34s/it]Best trial: 11. Best value: 0.564301:  21%|██        | 21/100 [00:29<01:45,  1.34s/it]Best trial: 11. Best value: 0.564301:  22%|██▏       | 22/100 [00:29<01:44,  1.34s/it]                                                                                      Best trial: 11. Best value: 0.564301:  22%|██▏       | 22/100 [00:30<01:44,  1.34s/it]Best trial: 11. Best value: 0.564301:  22%|██▏       | 22/100 [00:30<01:44,  1.34s/it]Best trial: 11. Best value: 0.564301:  23%|██▎       | 23/100 [00:30<01:42,  1.33s/it]                                                                                      Best trial: 11. Best value: 0.564301:  23%|██▎       | 23/100 [00:32<01:42,  1.33s/it]Best trial: 11. Best value: 0.564301:  23%|██▎       | 23/100 [00:32<01:42,  1.33s/it]Best trial: 11. Best value: 0.564301:  24%|██▍       | 24/100 [00:32<01:41,  1.33s/it]                                                                                      Best trial: 11. Best value: 0.564301:  24%|██▍       | 24/100 [00:33<01:41,  1.33s/it]Best trial: 11. Best value: 0.564301:  24%|██▍       | 24/100 [00:33<01:41,  1.33s/it]Best trial: 11. Best value: 0.564301:  25%|██▌       | 25/100 [00:33<01:39,  1.33s/it]                                                                                      Best trial: 11. Best value: 0.564301:  25%|██▌       | 25/100 [00:35<01:39,  1.33s/it]Best trial: 11. Best value: 0.564301:  25%|██▌       | 25/100 [00:35<01:39,  1.33s/it]Best trial: 11. Best value: 0.564301:  26%|██▌       | 26/100 [00:35<01:40,  1.36s/it]                                                                                      Best trial: 11. Best value: 0.564301:  26%|██▌       | 26/100 [00:36<01:40,  1.36s/it]Best trial: 11. Best value: 0.564301:  26%|██▌       | 26/100 [00:36<01:40,  1.36s/it]Best trial: 11. Best value: 0.564301:  27%|██▋       | 27/100 [00:36<01:38,  1.35s/it]                               