[I 2025-05-14 06:36:14,263] Trial 99 finished with value: 0.5359275834080909 and parameters: {'threshold_scale_factor': 0.030892200139473247}. Best is trial 84 with value: 0.5596326199325047.
Best hyperparameters: {'threshold_scale_factor': 0.6127415825098913}
Best optimized value: 0.5596326199325047
Running audit 1/1
Training a GAT target model on amazon-photo...
Training GAT on cuda:   0%|          | 0/400 [00:00<?, ?it/s]Training GAT on cuda:   3%|▎         | 13/400 [00:00<00:03, 127.45it/s]Training GAT on cuda:   6%|▋         | 26/400 [00:00<00:02, 128.59it/s]Training GAT on cuda:  10%|▉         | 39/400 [00:00<00:02, 128.96it/s]Training GAT on cuda:  13%|█▎        | 52/400 [00:00<00:02, 129.17it/s]Training GAT on cuda:  16%|█▋        | 65/400 [00:00<00:02, 129.24it/s]Training GAT on cuda:  20%|█▉        | 78/400 [00:00<00:02, 129.30it/s]Training GAT on cuda:  23%|██▎       | 91/400 [00:00<00:02, 129.30it/s]Training GAT on cuda:  26%|██▌       | 104/400 [00:00<00:02, 129.31it/s]Training GAT on cuda:  29%|██▉       | 117/400 [00:00<00:02, 129.31it/s]Training GAT on cuda:  32%|███▎      | 130/400 [00:01<00:02, 129.29it/s]Training GAT on cuda:  36%|███▌      | 143/400 [00:01<00:01, 129.34it/s]Training GAT on cuda:  39%|███▉      | 156/400 [00:01<00:01, 129.28it/s]Training GAT on cuda:  42%|████▏     | 169/400 [00:01<00:01, 129.37it/s]Training GAT on cuda:  46%|████▌     | 182/400 [00:01<00:01, 129.37it/s]Training GAT on cuda:  49%|████▉     | 195/400 [00:01<00:01, 129.42it/s]Training GAT on cuda:  52%|█████▏    | 208/400 [00:01<00:01, 129.42it/s]Training GAT on cuda:  55%|█████▌    | 221/400 [00:01<00:01, 129.44it/s]Training GAT on cuda:  58%|█████▊    | 234/400 [00:01<00:01, 129.39it/s]Training GAT on cuda:  62%|██████▏   | 247/400 [00:01<00:01, 129.44it/s]Training GAT on cuda:  65%|██████▌   | 260/400 [00:02<00:01, 129.42it/s]Training GAT on cuda:  68%|██████▊   | 273/400 [00:02<00:00, 129.43it/s]Training GAT on cuda:  72%|███████▏  | 286/400 [00:02<00:00, 129.42it/s]Training GAT on cuda:  75%|███████▍  | 299/400 [00:02<00:00, 129.43it/s]Training GAT on cuda:  78%|███████▊  | 312/400 [00:02<00:00, 129.41it/s]Training GAT on cuda:  81%|████████▏ | 325/400 [00:02<00:00, 129.41it/s]Training GAT on cuda:  84%|████████▍ | 338/400 [00:02<00:00, 129.43it/s]Training GAT on cuda:  88%|████████▊ | 351/400 [00:02<00:00, 129.43it/s]Training GAT on cuda:  91%|█████████ | 364/400 [00:02<00:00, 129.42it/s]Training GAT on cuda:  94%|█████████▍| 377/400 [00:02<00:00, 129.43it/s]Training GAT on cuda:  98%|█████████▊| 390/400 [00:03<00:00, 129.41it/s]Training GAT on cuda: 100%|██████████| 400/400 [00:03<00:00, 129.33it/s]
Train accuracy: 0.9982 | Test accuracy: 0.8876
Training MLP on cuda:   0%|          | 0/1000 [00:00<?, ?it/s]Training MLP on cuda:   0%|          | 1/1000 [00:08<2:15:44,  8.15s/it]Training MLP on cuda:   0%|          | 2/1000 [00:15<2:12:10,  7.95s/it]Training MLP on cuda:   0%|          | 3/1000 [00:23<2:11:43,  7.93s/it]Training MLP on cuda:   0%|          | 4/1000 [00:31<2:10:45,  7.88s/it]Training MLP on cuda:   0%|          | 5/1000 [00:39<2:10:40,  7.88s/it]Training MLP on cuda:   1%|          | 6/1000 [00:47<2:10:21,  7.87s/it]Training MLP on cuda:   1%|          | 7/1000 [00:55<2:10:19,  7.87s/it]Training MLP on cuda:   1%|          | 8/1000 [01:03<2:09:49,  7.85s/it]Training MLP on cuda:   1%|          | 9/1000 [01:10<2:09:59,  7.87s/it]Training MLP on cuda:   1%|          | 10/1000 [01:18<2:09:26,  7.85s/it]Training MLP on cuda:   1%|          | 11/1000 [01:26<2:09:32,  7.86s/it]Training MLP on cuda:   1%|          | 12/1000 [01:34<2:10:04,  7.90s/it]Training MLP on cuda:   1%|▏         | 13/1000 [01:42<2:09:53,  7.90s/it]Training MLP on cuda:   1%|▏         | 14/1000 [01:50<2:09:22,  7.87s/it]Training MLP on cuda:   2%|▏         | 15/1000 [01:58<2:09:27,  7.89s/it]Training MLP on cuda:   2%|▏         | 16/1000 [02:06<2:08:44,  7.85s/it]Training MLP on cuda:   2%|▏         | 17/1000 [02:13<2:08:53,  7.87s/it]Training MLP on cuda:   2%|▏         | 18/1000 [02:21<2:08:25,  7.85s/it]Training MLP on cuda:   2%|▏         | 19/1000 [02:29<2:08:24,  7.85s/it]Training MLP on cuda:   2%|▏         | 20/1000 [02:37<2:08:04,  7.84s/it]Training MLP on cuda:   2%|▏         | 21/1000 [02:45<2:08:18,  7.86s/it]Training MLP on cuda:   2%|▏         | 22/1000 [02:53<2:07:51,  7.84s/it]Training MLP on cuda:   2%|▏         | 23/1000 [03:01<2:08:02,  7.86s/it]Training MLP on cuda:   2%|▏         | 24/1000 [03:08<2:07:34,  7.84s/it]Training MLP on cuda:   2%|▎         | 25/1000 [03:17<2:10:45,  8.05s/it]Training MLP on cuda:   3%|▎         | 26/1000 [03:25<2:09:28,  7.98s/it]Training MLP on cuda:   3%|▎         | 27/1000 [03:33<2:08:47,  7.94s/it]Training MLP on cuda:   3%|▎         | 28/1000 [03:40<2:07:58,  7.90s/it]Training MLP on cuda:   3%|▎         | 29/1000 [03:48<2:07:45,  7.89s/it]Training MLP on cuda:   3%|▎         | 30/1000 [03:56<2:07:13,  7.87s/it]Training MLP on cuda:   3%|▎         | 31/1000 [04:04<2:07:27,  7.89s/it]Training MLP on cuda:   3%|▎         | 32/1000 [04:12<2:06:55,  7.87s/it]Training MLP on cuda:   3%|▎         | 33/1000 [04:20<2:06:51,  7.87s/it]Training MLP on cuda:   3%|▎         | 34/1000 [04:27<2:06:20,  7.85s/it]Training MLP on cuda:   4%|▎         | 35/1000 [04:35<2:06:23,  7.86s/it]Training MLP on cuda:   4%|▎         | 36/1000 [04:43<2:05:54,  7.84s/it]Training MLP on cuda:   4%|▎         | 37/1000 [04:51<2:06:02,  7.85s/it]Training MLP on cuda:   4%|▍         | 38/1000 [04:59<2:05:42,  7.84s/it]Training MLP on cuda:   4%|▍         | 39/1000 [05:07<2:06:01,  7.87s/it]Training MLP on cuda:   4%|▍         | 40/1000 [05:15<2:05:35,  7.85s/it]Training MLP on cuda:   4%|▍         | 41/1000 [05:23<2:05:47,  7.87s/it]Training MLP on cuda:   4%|▍         | 42/1000 [05:30<2:05:15,  7.84s/it]Training MLP on cuda:   4%|▍         | 43/1000 [05:38<2:05:18,  7.86s/it]Training MLP on cuda:   4%|▍         | 44/1000 [05:46<2:04:59,  7.84s/it]Training MLP on cuda:   4%|▍         | 45/1000 [05:54<2:05:02,  7.86s/it]Training MLP on cuda:   5%|▍         | 46/1000 [06:02<2:04:50,  7.85s/it]Training MLP on cuda:   5%|▍         | 47/1000 [06:10<2:05:03,  7.87s/it]Training MLP on cuda:   5%|▍         | 48/1000 [06:17<2:04:43,  7.86s/it]Training MLP on cuda:   5%|▍         | 49/1000 [06:25<2:04:47,  7.87s/it]Training MLP on cuda:   5%|▌         | 50/1000 [06:33<2:04:21,  7.85s/it]Training MLP on cuda:   5%|▌         | 51/1000 [06:41<2:04:30,  7.87s/it]Training MLP on cuda:   5%|▌         | 52/1000 [06:49<2:04:00,  7.85s/it]Training MLP on cuda:   5%|▌         | 53/1000 [06:57<2:04:07,  7.86s/it]Training MLP on cuda:   5%|▌         | 54/1000 [07:05<2:03:55,  7.86s/it]Training MLP on cuda:   6%|▌         | 55/1000 [07:13<2:03:59,  7.87s/it]Training MLP on cuda:   6%|▌         | 56/1000 [07:20<2:03:29,  7.85s/it]Training MLP on cuda:   6%|▌         | 57/1000 [07:28<2:03:34,  7.86s/it]Training MLP on cuda:   6%|▌         | 58/1000 [07:36<2:03:08,  7.84s/it]Training MLP on cuda:   6%|▌         | 59/1000 [07:44<2:03:13,  7.86s/it]Training MLP on cuda:   6%|▌         | 60/1000 [07:52<2:02:52,  7.84s/it]Training MLP on cuda:   6%|▌         | 61/1000 [08:00<2:03:04,  7.86s/it]Training MLP on cuda:   6%|▌         | 62/1000 [08:07<2:02:43,  7.85s/it]Training MLP on cuda:   6%|▋         | 63/1000 [08:15<2:02:53,  7.87s/it]Training MLP on cuda:   6%|▋         | 64/1000 [08:23<2:02:26,  7.85s/it]Training MLP on cuda:   6%|▋         | 65/1000 [08:31<2:02:35,  7.87s/it]Training MLP on cuda:   7%|▋         | 66/1000 [08:39<2:02:14,  7.85s/it]Training MLP on cuda:   7%|▋         | 67/1000 [08:47<2:02:20,  7.87s/it]Training MLP on cuda:   7%|▋         | 68/1000 [08:55<2:01:56,  7.85s/it]Training MLP on cuda:   7%|▋         | 69/1000 [09:03<2:02:11,  7.88s/it]Training MLP on cuda:   7%|▋         | 70/1000 [09:11<2:04:45,  8.05s/it]Training MLP on cuda:   7%|▋         | 71/1000 [09:19<2:04:04,  8.01s/it]Training MLP on cuda:   7%|▋         | 72/1000 [09:27<2:02:49,  7.94s/it]Training MLP on cuda:   7%|▋         | 73/1000 [09:35<2:02:22,  7.92s/it]Training MLP on cuda:   7%|▋         | 74/1000 [09:42<2:01:45,  7.89s/it]Training MLP on cuda:   8%|▊         | 75/1000 [09:50<2:01:40,  7.89s/it]Training MLP on cuda:   8%|▊         | 76/1000 [09:58<2:01:12,  7.87s/it]Training MLP on cuda:   8%|▊         | 77/1000 [10:06<2:01:19,  7.89s/it]Training MLP on cuda:   8%|▊         | 78/1000 [10:14<2:00:51,  7.86s/it]Training MLP on cuda:   8%|▊         | 79/1000 [10:22<2:00:49,  7.87s/it]Training MLP on cuda:   8%|▊         | 80/1000 [10:30<2:00:18,  7.85s/it]Training MLP on cuda:   8%|▊         | 81/1000 [10:37<2:00:29,  7.87s/it]Training MLP on cuda:   8%|▊         | 82/1000 [10:45<2:00:02,  7.85s/it]Training MLP on cuda:   8%|▊         | 83/1000 [10:53<2:00:10,  7.86s/it]Training MLP on cuda:   8%|▊         | 84/1000 [11:01<1:59:54,  7.85s/it]Training MLP on cuda:   8%|▊         | 85/1000 [11:09<2:00:02,  7.87s/it]Training MLP on cuda:   9%|▊         | 86/1000 [11:17<1:59:43,  7.86s/it]Training MLP on cuda:   9%|▊         | 87/1000 [11:25<1:59:54,  7.88s/it]Training MLP on cuda:   9%|▉         | 88/1000 [11:32<1:59:29,  7.86s/it]Training MLP on cuda:   9%|▉         | 89/1000 [11:40<1:59:34,  7.88s/it]Training MLP on cuda:   9%|▉         | 90/1000 [11:48<1:59:11,  7.86s/it]Training MLP on cuda:   9%|▉         | 91/1000 [11:56<1:59:26,  7.88s/it]Training MLP on cuda:   9%|▉         | 92/1000 [12:04<1:59:22,  7.89s/it]Training MLP on cuda:   9%|▉         | 93/1000 [12:12<1:59:35,  7.91s/it]Training MLP on cuda:   9%|▉         | 94/1000 [12:20<1:59:19,  7.90s/it]Training MLP on cuda:  10%|▉         | 95/1000 [12:28<1:59:26,  7.92s/it]Training MLP on cuda:  10%|▉         | 96/1000 [12:36<1:59:05,  7.90s/it]Training MLP on cuda:  10%|▉         | 97/1000 [12:44<1:59:14,  7.92s/it]Training MLP on cuda:  10%|▉         | 98/1000 [12:52<1:58:48,  7.90s/it]Training MLP on cuda:  10%|▉         | 99/1000 [12:59<1:58:48,  7.91s/it]Training MLP on cuda:  10%|█         | 100/1000 [13:07<1:58:31,  7.90s/it]Training MLP on cuda:  10%|█         | 101/1000 [13:15<1:58:42,  7.92s/it]Training MLP on cuda:  10%|█         | 102/1000 [13:23<1:58:21,  7.91s/it]Training MLP on cuda:  10%|█         | 103/1000 [13:31<1:58:28,  7.92s/it]Training MLP on cuda:  10%|█         | 104/1000 [13:39<1:58:04,  7.91s/it]Training MLP on cuda:  10%|█         | 105/1000 [13:47<1:58:08,  7.92s/it]Training MLP on cuda:  11%|█         | 106/1000 [13:55<1:57:37,  7.89s/it]Training MLP on cuda:  11%|█         | 107/1000 [14:03<1:57:50,  7.92s/it]Training MLP on cuda:  11%|█         | 108/1000 [14:11<1:57:26,  7.90s/it]Training MLP on cuda:  11%|█         | 109/1000 [14:19<1:57:38,  7.92s/it]Training MLP on cuda:  11%|█         | 110/1000 [14:26<1:57:12,  7.90s/it]Training MLP on cuda:  11%|█         | 111/1000 [14:34<1:57:22,  7.92s/it]Training MLP on cuda:  11%|█         | 112/1000 [14:42<1:57:02,  7.91s/it]Training MLP on cuda:  11%|█▏        | 113/1000 [14:50<1:57:08,  7.92s/it]Training MLP on cuda:  11%|█▏        | 114/1000 [14:58<1:56:37,  7.90s/it]Training MLP on cuda:  12%|█▏        | 115/1000 [15:06<1:56:35,  7.90s/it]Training MLP on cuda:  12%|█▏        | 116/1000 [15:14<1:56:24,  7.90s/it]Training MLP on cuda:  12%|█▏        | 117/1000 [15:22<1:56:27,  7.91s/it]Training MLP on cuda:  12%|█▏        | 118/1000 [15:30<1:56:11,  7.90s/it]Training MLP on cuda:  12%|█▏        | 119/1000 [15:38<1:56:21,  7.92s/it]Training MLP on cuda:  12%|█▏        | 120/1000 [15:46<1:55:52,  7.90s/it]Training MLP on cuda:  12%|█▏        | 121/1000 [15:54<1:56:04,  7.92s/it]Training MLP on cuda:  12%|█▏        | 122/1000 [16:01<1:55:38,  7.90s/it]Training MLP on cuda:  12%|█▏        | 123/1000 [16:09<1:55:43,  7.92s/it]Training MLP on cuda:  12%|█▏        | 124/1000 [16:17<1:55:21,  7.90s/it]Training MLP on cuda:  12%|█▎        | 125/1000 [16:25<1:55:28,  7.92s/it]Training MLP on cuda:  13%|█▎        | 126/1000 [16:33<1:55:11,  7.91s/it]Training MLP on cuda:  13%|█▎        | 127/1000 [16:41<1:55:21,  7.93s/it]Training MLP on cuda:  13%|█▎        | 128/1000 [16:49<1:54:56,  7.91s/it]Training MLP on cuda:  13%|█▎        | 129/1000 [16:57<1:55:07,  7.93s/it]Training MLP on cuda:  13%|█▎        | 130/1000 [17:05<1:54:41,  7.91s/it]Training MLP on cuda:  13%|█▎        | 131/1000 [17:13<1:54:38,  7.92s/it]Training MLP on cuda:  13%|█▎        | 132/1000 [17:21<1:54:18,  7.90s/it]Training MLP on cuda:  13%|█▎        | 133/1000 [17:28<1:54:26,  7.92s/it]Training MLP on cuda:  13%|█▎        | 134/1000 [17:36<1:54:01,  7.90s/it]Training MLP on cuda:  14%|█▎        | 135/1000 [17:44<1:54:20,  7.93s/it]Training MLP on cuda:  14%|█▎        | 136/1000 [17:52<1:53:49,  7.90s/it]Training MLP on cuda:  14%|█▎        | 137/1000 [18:00<1:53:58,  7.92s/it]Training MLP on cuda:  14%|█▍        | 138/1000 [18:08<1:53:36,  7.91s/it]Training MLP on cuda:  14%|█▍        | 139/1000 [18:16<1:53:34,  7.91s/it]Training MLP on cuda:  14%|█▍        | 140/1000 [18:24<1:53:16,  7.90s/it]Training MLP on cuda:  14%|█▍        | 141/1000 [18:32<1:53:26,  7.92s/it]Training MLP on cuda:  14%|█▍        | 142/1000 [18:40<1:53:08,  7.91s/it]Training MLP on cuda:  14%|█▍        | 143/1000 [18:48<1:53:15,  7.93s/it]Training MLP on cuda:  14%|█▍        | 144/1000 [18:56<1:52:46,  7.91s/it]Training MLP on cuda:  14%|█▍        | 145/1000 [19:03<1:52:57,  7.93s/it]Training MLP on cuda:  15%|█▍        | 146/1000 [19:11<1:52:30,  7.90s/it]Training MLP on cuda:  15%|█▍        | 147/1000 [19:19<1:52:35,  7.92s/it]Training MLP on cuda:  15%|█▍        | 148/1000 [19:27<1:52:12,  7.90s/it]Training MLP on cuda:  15%|█▍        | 149/1000 [19:35<1:52:22,  7.92s/it]Training MLP on cuda:  15%|█▌        | 150/1000 [19:43<1:52:05,  7.91s/it]Training MLP on cuda:  15%|█▌        | 151/1000 [19:51<1:52:16,  7.93s/it]Training MLP on cuda:  15%|█▌        | 152/1000 [19:59<1:51:48,  7.91s/it]Training MLP on cuda:  15%|█▌        | 153/1000 [20:07<1:51:56,  7.93s/it]Training MLP on cuda:  15%|█▌        | 154/1000 [20:15<1:51:32,  7.91s/it]Training MLP on cuda:  16%|█▌        | 155/1000 [20:23<1:51:30,  7.92s/it]Training MLP on cuda:  16%|█▌        | 156/1000 [20:30<1:51:05,  7.90s/it]Training MLP on cuda:  16%|█▌        | 157/1000 [20:39<1:51:29,  7.94s/it]Training MLP on cuda:  16%|█▌        | 158/1000 [20:46<1:51:08,  7.92s/it]Training MLP on cuda:  16%|█▌        | 159/1000 [20:54<1:51:14,  7.94s/it]Training MLP on cuda:  16%|█▌        | 160/1000 [21:02<1:50:46,  7.91s/it]Training MLP on cuda:  16%|█▌        | 161/1000 [21:10<1:50:51,  7.93s/it]Training MLP on cuda:  16%|█▌        | 162/1000 [21:18<1:50:25,  7.91s/it]Training MLP on cuda:  16%|█▋        | 163/1000 [21:26<1:50:28,  7.92s/it]Training MLP on cuda:  16%|█▋        | 164/1000 [21:34<1:50:02,  7.90s/it]Training MLP on cuda:  16%|█▋        | 165/1000 [21:42<1:50:11,  7.92s/it]Training MLP on cuda:  17%|█▋        | 166/1000 [21:50<1:49:55,  7.91s/it]Training MLP on cuda:  17%|█▋        | 167/1000 [21:58<1:50:09,  7.93s/it]Training MLP on cuda:  17%|█▋        | 168/1000 [22:06<1:49:42,  7.91s/it]Training MLP on cuda:  17%|█▋        | 169/1000 [22:14<1:49:52,  7.93s/it]Training MLP on cuda:  17%|█▋        | 170/1000 [22:21<1:49:36,  7.92s/it]Training MLP on cuda:  17%|█▋        | 171/1000 [22:29<1:49:32,  7.93s/it]Training MLP on cuda:  17%|█▋        | 172/1000 [22:37<1:49:12,  7.91s/it]Training MLP on cuda:  17%|█▋        | 173/1000 [22:45<1:49:23,  7.94s/it]Training MLP on cuda:  17%|█▋        | 174/1000 [22:53<1:49:00,  7.92s/it]Training MLP on cuda:  18%|█▊        | 175/1000 [23:01<1:49:02,  7.93s/it]Training MLP on cuda:  18%|█▊        | 176/1000 [23:09<1:48:37,  7.91s/it]Training MLP on cuda:  18%|█▊        | 177/1000 [23:17<1:48:41,  7.92s/it]Training MLP on cuda:  18%|█▊        | 178/1000 [23:25<1:48:16,  7.90s/it]Training MLP on cuda:  18%|█▊        | 179/1000 [23:33<1:48:22,  7.92s/it]Training MLP on cuda:  18%|█▊        | 180/1000 [23:41<1:48:08,  7.91s/it]Training MLP on cuda:  18%|█▊        | 181/1000 [23:49<1:48:16,  7.93s/it]Training MLP on cuda:  18%|█▊        | 182/1000 [23:56<1:47:59,  7.92s/it]Training MLP on cuda:  18%|█▊        | 183/1000 [24:04<1:48:04,  7.94s/it]Training MLP on cuda:  18%|█▊        | 184/1000 [24:12<1:47:36,  7.91s/it]Training MLP on cuda:  18%|█▊        | 185/1000 [24:20<1:47:43,  7.93s/it]Training MLP on cuda:  19%|█▊        | 186/1000 [24:28<1:47:19,  7.91s/it]Training MLP on cuda:  19%|█▊        | 187/1000 [24:36<1:47:20,  7.92s/it]Training MLP on cuda:  19%|█▉        | 188/1000 [24:44<1:47:02,  7.91s/it]Training MLP on cuda:  19%|█▉        | 189/1000 [24:52<1:47:07,  7.93s/it]Training MLP on cuda:  19%|█▉        | 190/1000 [25:00<1:46:48,  7.91s/it]Training MLP on cuda:  19%|█▉        | 191/1000 [25:08<1:46:52,  7.93s/it]Training MLP on cuda:  19%|█▉        | 192/1000 [25:16<1:46:25,  7.90s/it]Training MLP on cuda:  19%|█▉        | 193/1000 [25:24<1:46:38,  7.93s/it]Training MLP on cuda:  19%|█▉        | 194/1000 [25:31<1:46:15,  7.91s/it]Training MLP on cuda:  20%|█▉        | 195/1000 [25:39<1:46:13,  7.92s/it]Training MLP on cuda:  20%|█▉        | 196/1000 [25:47<1:45:55,  7.90s/it]Training MLP on cuda:  20%|█▉        | 197/1000 [25:55<1:46:03,  7.92s/it]Training MLP on cuda:  20%|█▉        | 198/1000 [26:03<1:45:44,  7.91s/it]Training MLP on cuda:  20%|█▉        | 199/1000 [26:11<1:45:50,  7.93s/it]Training MLP on cuda:  20%|██        | 200/1000 [26:19<1:45:27,  7.91s/it]Training MLP on cuda:  20%|██        | 201/1000 [26:27<1:45:35,  7.93s/it]Training MLP on cuda:  20%|██        | 202/1000 [26:35<1:45:12,  7.91s/it]Training MLP on cuda:  20%|██        | 203/1000 [26:43<1:45:10,  7.92s/it]Training MLP on cuda:  20%|██        | 204/1000 [26:51<1:44:53,  7.91s/it]Training MLP on cuda:  20%|██        | 205/1000 [26:59<1:45:06,  7.93s/it]Training MLP on cuda:  21%|██        | 206/1000 [27:06<1:44:45,  7.92s/it]Training MLP on cuda:  21%|██        | 207/1000 [27:14<1:44:48,  7.93s/it]Training MLP on cuda:  21%|██        | 208/1000 [27:22<1:44:23,  7.91s/it]Training MLP on cuda:  21%|██        | 209/1000 [27:30<1:44:29,  7.93s/it]Training MLP on cuda:  21%|██        | 210/1000 [27:38<1:44:06,  7.91s/it]Training MLP on cuda:  21%|██        | 211/1000 [27:46<1:44:11,  7.92s/it]Training MLP on cuda:  21%|██        | 212/1000 [27:54<1:43:54,  7.91s/it]Training MLP on cuda:  21%|██▏       | 213/1000 [28:02<1:43:58,  7.93s/it]Training MLP on cuda:  21%|██▏       | 214/1000 [28:10<1:43:40,  7.91s/it]Training MLP on cuda:  22%|██▏       | 215/1000 [28:18<1:43:45,  7.93s/it]Training MLP on cuda:  22%|██▏       | 216/1000 [28:26<1:43:19,  7.91s/it]Training MLP on cuda:  22%|██▏       | 217/1000 [28:34<1:43:24,  7.92s/it]Training MLP on cuda:  22%|██▏       | 218/1000 [28:41<1:42:59,  7.90s/it]Training MLP on cuda:  22%|██▏       | 219/1000 [28:49<1:43:04,  7.92s/it]Training MLP on cuda:  22%|██▏       | 220/1000 [28:57<1:42:54,  7.92s/it]Training MLP on cuda:  22%|██▏       | 221/1000 [29:05<1:43:00,  7.93s/it]Training MLP on cuda:  22%|██▏       | 222/1000 [29:13<1:42:38,  7.92s/it]Training MLP on cuda:  22%|██▏       | 223/1000 [29:21<1:42:43,  7.93s/it]Training MLP on cuda:  22%|██▏       | 224/1000 [29:29<1:42:20,  7.91s/it]Training MLP on cuda:  22%|██▎       | 225/1000 [29:37<1:42:25,  7.93s/it]Training MLP on cuda:  23%|██▎       | 226/1000 [29:45<1:42:07,  7.92s/it]Training MLP on cuda:  23%|██▎       | 227/1000 [29:53<1:42:10,  7.93s/it]Training MLP on cuda:  23%|██▎       | 228/1000 [30:01<1:41:52,  7.92s/it]Training MLP on cuda:  23%|██▎       | 229/1000 [30:09<1:41:54,  7.93s/it]Training MLP on cuda:  23%|██▎       | 230/1000 [30:17<1:41:33,  7.91s/it]Training MLP on cuda:  23%|██▎       | 231/1000 [30:25<1:41:43,  7.94s/it]Training MLP on cuda:  23%|██▎       | 232/1000 [30:32<1:41:15,  7.91s/it]Training MLP on cuda:  23%|██▎       | 233/1000 [30:40<1:41:23,  7.93s/it]Training MLP on cuda:  23%|██▎       | 234/1000 [30:48<1:41:03,  7.92s/it]Training MLP on cuda:  24%|██▎       | 235/1000 [30:56<1:41:04,  7.93s/it]Training MLP on cuda:  24%|██▎       | 236/1000 [31:04<1:40:44,  7.91s/it]Training MLP on cuda:  24%|██▎       | 237/1000 [31:12<1:40:55,  7.94s/it]Training MLP on cuda:  24%|██▍       | 238/1000 [31:20<1:40:36,  7.92s/it]Training MLP on cuda:  24%|██▍       | 239/1000 [31:28<1:40:37,  7.93s/it]Training MLP on cuda:  24%|██▍       | 240/1000 [31:36<1:40:12,  7.91s/it]Training MLP on cuda:  24%|██▍       | 241/1000 [31:44<1:40:17,  7.93s/it]Training MLP on cuda:  24%|██▍       | 242/1000 [31:52<1:39:53,  7.91s/it]Training MLP on cuda:  24%|██▍       | 243/1000 [32:00<1:39:55,  7.92s/it]Training MLP on cuda:  24%|██▍       | 244/1000 [32:07<1:39:39,  7.91s/it]Training MLP on cuda:  24%|██▍       | 245/1000 [32:15<1:39:44,  7.93s/it]Training MLP on cuda:  25%|██▍       | 246/1000 [32:23<1:39:21,  7.91s/it]Training MLP on cuda:  25%|██▍       | 247/1000 [32:31<1:39:24,  7.92s/it]Training MLP on cuda:  25%|██▍       | 248/1000 [32:39<1:39:02,  7.90s/it]Training MLP on cuda:  25%|██▍       | 249/1000 [32:47<1:40:00,  7.99s/it]Training MLP on cuda:  25%|██▌       | 250/1000 [32:55<1:39:23,  7.95s/it]Training MLP on cuda:  25%|██▌       | 251/1000 [33:03<1:39:19,  7.96s/it]Training MLP on cuda:  25%|██▌       | 252/1000 [33:11<1:38:54,  7.93s/it]Training MLP on cuda:  25%|██▌       | 253/1000 [33:19<1:38:49,  7.94s/it]Training MLP on cuda:  25%|██▌       | 254/1000 [33:27<1:38:29,  7.92s/it]Training MLP on cuda:  26%|██▌       | 255/1000 [33:35<1:38:28,  7.93s/it]Training MLP on cuda:  26%|██▌       | 256/1000 [33:43<1:38:00,  7.90s/it]Training MLP on cuda:  26%|██▌       | 257/1000 [33:51<1:38:01,  7.92s/it]Training MLP on cuda:  26%|██▌      