[I 2025-05-13 16:55:03,108] Trial 0 finished with value: 0.5628614293647742 and parameters: {'threshold_scale_factor': 0.8721285831666534}. Best is trial 0 with value: 0.5628614293647742.
[I 2025-05-13 16:55:04,210] Trial 1 finished with value: 0.565761578879918 and parameters: {'threshold_scale_factor': 0.37947729666354135}. Best is trial 1 with value: 0.565761578879918.
[I 2025-05-13 16:55:05,309] Trial 2 finished with value: 0.5597377418941433 and parameters: {'threshold_scale_factor': 0.22568636986566848}. Best is trial 1 with value: 0.565761578879918.
[I 2025-05-13 16:55:06,405] Trial 3 finished with value: 0.5645412619078133 and parameters: {'threshold_scale_factor': 0.7819947923987017}. Best is trial 1 with value: 0.565761578879918.
[I 2025-05-13 16:55:07,502] Trial 4 finished with value: 0.561205074971165 and parameters: {'threshold_scale_factor': 0.24512343955827887}. Best is trial 1 with value: 0.565761578879918.
[I 2025-05-13 16:55:08,601] Trial 5 finished with value: 0.566717723952326 and parameters: {'threshold_scale_factor': 0.52355237214084}. Best is trial 5 with value: 0.566717723952326.
[I 2025-05-13 16:55:09,699] Trial 6 finished with value: 0.5646356187791021 and parameters: {'threshold_scale_factor': 0.7757301852312876}. Best is trial 5 with value: 0.566717723952326.
[I 2025-05-13 16:55:10,797] Trial 7 finished with value: 0.5625276432141484 and parameters: {'threshold_scale_factor': 0.2726495069741951}. Best is trial 5 with value: 0.566717723952326.
[I 2025-05-13 16:55:11,894] Trial 8 finished with value: 0.537118407450126 and parameters: {'threshold_scale_factor': 0.01599087343382477}. Best is trial 5 with value: 0.566717723952326.
[I 2025-05-13 16:55:12,992] Trial 9 finished with value: 0.5654925883207313 and parameters: {'threshold_scale_factor': 0.3716665751938768}. Best is trial 5 with value: 0.566717723952326.
[I 2025-05-13 16:55:14,095] Trial 10 finished with value: 0.5656946644452989 and parameters: {'threshold_scale_factor': 0.623290102326076}. Best is trial 5 with value: 0.566717723952326.
[I 2025-05-13 16:55:15,197] Trial 11 finished with value: 0.5668600965440642 and parameters: {'threshold_scale_factor': 0.50723481275963}. Best is trial 11 with value: 0.5668600965440642.
[I 2025-05-13 16:55:16,300] Trial 12 finished with value: 0.5654892733564014 and parameters: {'threshold_scale_factor': 0.5883778850869432}. Best is trial 11 with value: 0.5668600965440642.
[I 2025-05-13 16:55:17,400] Trial 13 finished with value: 0.5665049510871887 and parameters: {'threshold_scale_factor': 0.5277631079365324}. Best is trial 11 with value: 0.5668600965440642.
[I 2025-05-13 16:55:18,499] Trial 14 finished with value: 0.5672250160194797 and parameters: {'threshold_scale_factor': 0.44844067183967706}. Best is trial 14 with value: 0.5672250160194797.
[I 2025-05-13 16:55:19,600] Trial 15 finished with value: 0.5654034602076125 and parameters: {'threshold_scale_factor': 0.6880442664372369}. Best is trial 14 with value: 0.5672250160194797.
[I 2025-05-13 16:55:20,700] Trial 16 finished with value: 0.5666022469990175 and parameters: {'threshold_scale_factor': 0.41993531052852595}. Best is trial 14 with value: 0.5672250160194797.
[I 2025-05-13 16:55:21,801] Trial 17 finished with value: 0.5542072536204025 and parameters: {'threshold_scale_factor': 0.12608420169433976}. Best is trial 14 with value: 0.5672250160194797.
[I 2025-05-13 16:55:22,900] Trial 18 finished with value: 0.5665901149130677 and parameters: {'threshold_scale_factor': 0.4184830769775235}. Best is trial 14 with value: 0.5672250160194797.
[I 2025-05-13 16:55:23,996] Trial 19 finished with value: 0.5654503481566919 and parameters: {'threshold_scale_factor': 0.7125367216801284}. Best is trial 14 with value: 0.5672250160194797.
[I 2025-05-13 16:55:25,102] Trial 20 finished with value: 0.5669318296381733 and parameters: {'threshold_scale_factor': 0.4959573071572345}. Best is trial 14 with value: 0.5672250160194797.
[I 2025-05-13 16:55:26,203] Trial 21 finished with value: 0.5614086206160024 and parameters: {'threshold_scale_factor': 0.9731423850175421}. Best is trial 14 with value: 0.5672250160194797.
[I 2025-05-13 16:55:27,450] Trial 22 finished with value: 0.5668475543594345 and parameters: {'threshold_scale_factor': 0.46679885803846405}. Best is trial 14 with value: 0.5672250160194797.
[I 2025-05-13 16:55:28,549] Trial 23 finished with value: 0.565361561792473 and parameters: {'threshold_scale_factor': 0.5952609717459119}. Best is trial 14 with value: 0.5672250160194797.
[I 2025-05-13 16:55:29,644] Trial 24 finished with value: 0.5648669827843993 and parameters: {'threshold_scale_factor': 0.3118210780664049}. Best is trial 14 with value: 0.5672250160194797.
[I 2025-05-13 16:55:30,743] Trial 25 finished with value: 0.5668701097868342 and parameters: {'threshold_scale_factor': 0.4848003289725933}. Best is trial 14 with value: 0.5672250160194797.
[I 2025-05-13 16:55:31,843] Trial 26 finished with value: 0.5651019009782563 and parameters: {'threshold_scale_factor': 0.3156970191348336}. Best is trial 14 with value: 0.5672250160194797.
[I 2025-05-13 16:55:32,943] Trial 27 finished with value: 0.5571005681575463 and parameters: {'threshold_scale_factor': 0.16958306852643334}. Best is trial 14 with value: 0.5672250160194797.
[I 2025-05-13 16:55:34,043] Trial 28 finished with value: 0.5671683882267504 and parameters: {'threshold_scale_factor': 0.45878770196675267}. Best is trial 14 with value: 0.5672250160194797.
[I 2025-05-13 16:55:35,146] Trial 29 finished with value: 0.5656768593276091 and parameters: {'threshold_scale_factor': 0.6432758620580261}. Best is trial 14 with value: 0.5672250160194797.
[I 2025-05-13 16:55:36,246] Trial 30 finished with value: 0.5652450937673544 and parameters: {'threshold_scale_factor': 0.5641339704444432}. Best is trial 14 with value: 0.5672250160194797.
[I 2025-05-13 16:55:37,346] Trial 31 finished with value: 0.5671554017685505 and parameters: {'threshold_scale_factor': 0.46238890619716466}. Best is trial 14 with value: 0.5672250160194797.
[I 2025-05-13 16:55:38,448] Trial 32 finished with value: 0.5671914562775001 and parameters: {'threshold_scale_factor': 0.4631046651269248}. Best is trial 14 with value: 0.5672250160194797.
[I 2025-05-13 16:55:39,552] Trial 33 finished with value: 0.5659549404075356 and parameters: {'threshold_scale_factor': 0.3823582901869642}. Best is trial 14 with value: 0.5672250160194797.
[I 2025-05-13 16:55:40,655] Trial 34 finished with value: 0.5664944935708488 and parameters: {'threshold_scale_factor': 0.43134550596148946}. Best is trial 14 with value: 0.5672250160194797.
[I 2025-05-13 16:55:41,758] Trial 35 finished with value: 0.565441155111282 and parameters: {'threshold_scale_factor': 0.35583240535383037}. Best is trial 14 with value: 0.5672250160194797.
[I 2025-05-13 16:55:42,858] Trial 36 finished with value: 0.5590709556153617 and parameters: {'threshold_scale_factor': 0.2017894665626856}. Best is trial 14 with value: 0.5672250160194797.
[I 2025-05-13 16:55:43,959] Trial 37 finished with value: 0.565678055448759 and parameters: {'threshold_scale_factor': 0.32488554399447755}. Best is trial 14 with value: 0.5672250160194797.
[I 2025-05-13 16:55:45,061] Trial 38 finished with value: 0.5668113631509248 and parameters: {'threshold_scale_factor': 0.43872809455453715}. Best is trial 14 with value: 0.5672250160194797.
[I 2025-05-13 16:55:46,161] Trial 39 finished with value: 0.5651410312273057 and parameters: {'threshold_scale_factor': 0.5565660679163041}. Best is trial 14 with value: 0.5672250160194797.
[I 2025-05-13 16:55:47,262] Trial 40 finished with value: 0.5656572429407493 and parameters: {'threshold_scale_factor': 0.6731521589850833}. Best is trial 14 with value: 0.5672250160194797.
[I 2025-05-13 16:55:48,365] Trial 41 finished with value: 0.5669224998932035 and parameters: {'threshold_scale_factor': 0.48784212327779963}. Best is trial 14 with value: 0.5672250160194797.
[I 2025-05-13 16:55:49,469] Trial 42 finished with value: 0.5622857533427315 and parameters: {'threshold_scale_factor': 0.2626459670389444}. Best is trial 14 with value: 0.5672250160194797.
[I 2025-05-13 16:55:50,679] Trial 43 finished with value: 0.5663317869195609 and parameters: {'threshold_scale_factor': 0.532042072282563}. Best is trial 14 with value: 0.5672250160194797.
[I 2025-05-13 16:55:51,779] Trial 44 finished with value: 0.5660628305352643 and parameters: {'threshold_scale_factor': 0.3970238742153267}. Best is trial 14 with value: 0.5672250160194797.
[I 2025-05-13 16:55:52,881] Trial 45 finished with value: 0.566791199965825 and parameters: {'threshold_scale_factor': 0.4741708091738763}. Best is trial 14 with value: 0.5672250160194797.
[I 2025-05-13 16:55:53,984] Trial 46 finished with value: 0.5655357512068008 and parameters: {'threshold_scale_factor': 0.3454239971742682}. Best is trial 14 with value: 0.5672250160194797.
[I 2025-05-13 16:55:55,086] Trial 47 finished with value: 0.5647035584604212 and parameters: {'threshold_scale_factor': 0.7748229857718164}. Best is trial 14 with value: 0.5672250160194797.
[I 2025-05-13 16:55:56,186] Trial 48 finished with value: 0.565356127984963 and parameters: {'threshold_scale_factor': 0.6026954145543376}. Best is trial 14 with value: 0.5672250160194797.
[I 2025-05-13 16:55:57,284] Trial 49 finished with value: 0.5662455294972019 and parameters: {'threshold_scale_factor': 0.5322132597868918}. Best is trial 14 with value: 0.5672250160194797.
[I 2025-05-13 16:55:58,385] Trial 50 finished with value: 0.5668344995514546 and parameters: {'threshold_scale_factor': 0.4423744140215443}. Best is trial 14 with value: 0.5672250160194797.
[I 2025-05-13 16:55:59,494] Trial 51 finished with value: 0.5668435558973044 and parameters: {'threshold_scale_factor': 0.48928774075020126}. Best is trial 14 with value: 0.5672250160194797.
[I 2025-05-13 16:56:00,594] Trial 52 finished with value: 0.5669480968858132 and parameters: {'threshold_scale_factor': 0.5060109638533495}. Best is trial 14 with value: 0.5672250160194797.
[I 2025-05-13 16:56:01,698] Trial 53 finished with value: 0.5660350805245845 and parameters: {'threshold_scale_factor': 0.39575095905788327}. Best is trial 14 with value: 0.5672250160194797.
[I 2025-05-13 16:56:02,798] Trial 54 finished with value: 0.565275851168354 and parameters: {'threshold_scale_factor': 0.5653889162754295}. Best is trial 14 with value: 0.5672250160194797.
[I 2025-05-13 16:56:03,899] Trial 55 finished with value: 0.5669298816694434 and parameters: {'threshold_scale_factor': 0.5217743233231651}. Best is trial 14 with value: 0.5672250160194797.
[I 2025-05-13 16:56:04,999] Trial 56 finished with value: 0.5657050194369686 and parameters: {'threshold_scale_factor': 0.6491067763283129}. Best is trial 14 with value: 0.5672250160194797.
[I 2025-05-13 16:56:06,101] Trial 57 finished with value: 0.566794070656585 and parameters: {'threshold_scale_factor': 0.43844032467477456}. Best is trial 14 with value: 0.5672250160194797.
[I 2025-05-13 16:56:07,201] Trial 58 finished with value: 0.5671831176043401 and parameters: {'threshold_scale_factor': 0.45772807577702346}. Best is trial 14 with value: 0.5672250160194797.
[I 2025-05-13 16:56:08,305] Trial 59 finished with value: 0.5644639583066342 and parameters: {'threshold_scale_factor': 0.7268481295900502}. Best is trial 14 with value: 0.5672250160194797.
[I 2025-05-13 16:56:09,407] Trial 60 finished with value: 0.5639316843948908 and parameters: {'threshold_scale_factor': 0.2919277343066348}. Best is trial 14 with value: 0.5672250160194797.
[I 2025-05-13 16:56:10,513] Trial 61 finished with value: 0.5671752232047503 and parameters: {'threshold_scale_factor': 0.45691884178722386}. Best is trial 14 with value: 0.5672250160194797.
[I 2025-05-13 16:56:11,612] Trial 62 finished with value: 0.5671646289888504 and parameters: {'threshold_scale_factor': 0.45259811317859366}. Best is trial 14 with value: 0.5672250160194797.
[I 2025-05-13 16:56:12,713] Trial 63 finished with value: 0.5655089922679312 and parameters: {'threshold_scale_factor': 0.3711629805160658}. Best is trial 14 with value: 0.5672250160194797.
[I 2025-05-13 16:56:13,962] Trial 64 finished with value: 0.5671679097782903 and parameters: {'threshold_scale_factor': 0.4587769102737046}. Best is trial 14 with value: 0.5672250160194797.
[I 2025-05-13 16:56:15,066] Trial 65 finished with value: 0.5667077790593362 and parameters: {'threshold_scale_factor': 0.41087267477551936}. Best is trial 14 with value: 0.5672250160194797.
[I 2025-05-13 16:56:16,168] Trial 66 finished with value: 0.5671657225853304 and parameters: {'threshold_scale_factor': 0.4566958218982046}. Best is trial 14 with value: 0.5672250160194797.
[I 2025-05-13 16:56:17,269] Trial 67 finished with value: 0.5653635439360929 and parameters: {'threshold_scale_factor': 0.5723091566266535}. Best is trial 14 with value: 0.5672250160194797.
[I 2025-05-13 16:56:18,373] Trial 68 finished with value: 0.5654715707633816 and parameters: {'threshold_scale_factor': 0.34803201435217235}. Best is trial 14 with value: 0.5672250160194797.
[I 2025-05-13 16:56:19,478] Trial 69 finished with value: 0.5629697637660729 and parameters: {'threshold_scale_factor': 0.9090569993703107}. Best is trial 14 with value: 0.5672250160194797.
[I 2025-05-13 16:56:20,579] Trial 70 finished with value: 0.5666832414883165 and parameters: {'threshold_scale_factor': 0.4118500314067213}. Best is trial 14 with value: 0.5672250160194797.
[I 2025-05-13 16:56:21,683] Trial 71 finished with value: 0.5671056773036012 and parameters: {'threshold_scale_factor': 0.46065016615427024}. Best is trial 14 with value: 0.5672250160194797.
[I 2025-05-13 16:56:22,783] Trial 72 finished with value: 0.5671351018838908 and parameters: {'threshold_scale_factor': 0.4537802606715184}. Best is trial 14 with value: 0.5672250160194797.
[I 2025-05-13 16:56:23,885] Trial 73 finished with value: 0.5663825708061002 and parameters: {'threshold_scale_factor': 0.531633459948089}. Best is trial 14 with value: 0.5672250160194797.
[I 2025-05-13 16:56:24,988] Trial 74 finished with value: 0.5655073518732112 and parameters: {'threshold_scale_factor': 0.3692384469633167}. Best is trial 14 with value: 0.5672250160194797.
[I 2025-05-13 16:56:26,089] Trial 75 finished with value: 0.5669385279166133 and parameters: {'threshold_scale_factor': 0.5063283731778568}. Best is trial 14 with value: 0.5672250160194797.
[I 2025-05-13 16:56:27,192] Trial 76 finished with value: 0.5663616899483106 and parameters: {'threshold_scale_factor': 0.4261466991188941}. Best is trial 14 with value: 0.5672250160194797.
[I 2025-05-13 16:56:28,296] Trial 77 finished with value: 0.565754265453458 and parameters: {'threshold_scale_factor': 0.6164599725308014}. Best is trial 14 with value: 0.5672250160194797.
[I 2025-05-13 16:56:29,398] Trial 78 finished with value: 0.5665654406424879 and parameters: {'threshold_scale_factor': 0.4783033781581893}. Best is trial 14 with value: 0.5672250160194797.
[I 2025-05-13 16:56:30,499] Trial 79 finished with value: 0.5651949250288351 and parameters: {'threshold_scale_factor': 0.5504382934758119}. Best is trial 14 with value: 0.5672250160194797.
[I 2025-05-13 16:56:31,598] Trial 80 finished with value: 0.5664427869622795 and parameters: {'threshold_scale_factor': 0.407914920974963}. Best is trial 14 with value: 0.5672250160194797.
[I 2025-05-13 16:56:32,698] Trial 81 finished with value: 0.5671688325003204 and parameters: {'threshold_scale_factor': 0.45865206343068576}. Best is trial 14 with value: 0.5672250160194797.
[I 2025-05-13 16:56:33,803] Trial 82 finished with value: 0.5394157802554573 and parameters: {'threshold_scale_factor': 0.025113833411613662}. Best is trial 14 with value: 0.5672250160194797.
[I 2025-05-13 16:56:34,905] Trial 83 finished with value: 0.565913212866846 and parameters: {'threshold_scale_factor': 0.390093488456274}. Best is trial 14 with value: 0.5672250160194797.
[I 2025-05-13 16:56:36,005] Trial 84 finished with value: 0.5668914349181939 and parameters: {'threshold_scale_factor': 0.46550682263850335}. Best is trial 14 with value: 0.5672250160194797.
[I 2025-05-13 16:56:37,223] Trial 85 finished with value: 0.5668915374428638 and parameters: {'threshold_scale_factor': 0.4977918308309394}. Best is trial 14 with value: 0.5672250160194797.
[I 2025-05-13 16:56:38,327] Trial 86 finished with value: 0.565521534452561 and parameters: {'threshold_scale_factor': 0.3288450484679435}. Best is trial 14 with value: 0.5672250160194797.
[I 2025-05-13 16:56:39,425] Trial 87 finished with value: 0.5668353539237045 and parameters: {'threshold_scale_factor': 0.43911035455864444}. Best is trial 14 with value: 0.5672250160194797.
[I 2025-05-13 16:56:40,525] Trial 88 finished with value: 0.5667890127728652 and parameters: {'threshold_scale_factor': 0.5184206462253534}. Best is trial 14 with value: 0.5672250160194797.
[I 2025-05-13 16:56:41,625] Trial 89 finished with value: 0.5671821265325302 and parameters: {'threshold_scale_factor': 0.45736019190482485}. Best is trial 14 with value: 0.5672250160194797.
[I 2025-05-13 16:56:42,721] Trial 90 finished with value: 0.5654178478363023 and parameters: {'threshold_scale_factor': 0.5843864747437025}. Best is trial 14 with value: 0.5672250160194797.
[I 2025-05-13 16:56:43,824] Trial 91 finished with value: 0.567118800461361 and parameters: {'threshold_scale_factor': 0.4617038183786455}. Best is trial 14 with value: 0.5672250160194797.
[I 2025-05-13 16:56:44,928] Trial 92 finished with value: 0.5664656841385791 and parameters: {'threshold_scale_factor': 0.42984820871231727}. Best is trial 14 with value: 0.5672250160194797.
[I 2025-05-13 16:56:46,028] Trial 93 finished with value: 0.5668306719637746 and parameters: {'threshold_scale_factor': 0.48152295772946274}. Best is trial 14 with value: 0.5672250160194797.
[I 2025-05-13 16:56:47,134] Trial 94 finished with value: 0.5656000683497799 and parameters: {'threshold_scale_factor': 0.5414646776448544}. Best is trial 14 with value: 0.5672250160194797.
[I 2025-05-13 16:56:48,235] Trial 95 finished with value: 0.5655027040881713 and parameters: {'threshold_scale_factor': 0.3738706496640993}. Best is trial 14 with value: 0.5672250160194797.
[I 2025-05-13 16:56:49,336] Trial 96 finished with value: 0.5668928702635738 and parameters: {'threshold_scale_factor': 0.4978242435426104}. Best is trial 14 with value: 0.5672250160194797.
[I 2025-05-13 16:56:50,436] Trial 97 finished with value: 0.5660291340937247 and parameters: {'threshold_scale_factor': 0.3949655792096269}. Best is trial 14 with value: 0.5672250160194797.
[I 2025-05-13 16:56:51,537] Trial 98 finished with value: 0.5672094322696398 and parameters: {'threshold_scale_factor': 0.447250165401195}. Best is trial 14 with value: 0.5672250160194797.
