[I 2025-05-14 06:34:20,816] Trial 99 finished with value: 0.554322525524371 and parameters: {'interp_param': 0.892561172030872}. Best is trial 11 with value: 0.5566212311504123.
Best hyperparameters: {'interp_param': 0.9945787824606991}
Best optimized value: 0.5566212311504123
Tuning threshold scale factor for offline LSET using optuna
  0%|          | 0/100 [00:00<?, ?it/s]                                         0%|          | 0/100 [00:01<?, ?it/s]Best trial: 0. Best value: 0.556183:   0%|          | 0/100 [00:01<?, ?it/s]Best trial: 0. Best value: 0.556183:   1%|          | 1/100 [00:01<02:46,  1.68s/it]                                                                                    Best trial: 0. Best value: 0.556183:   1%|          | 1/100 [00:02<02:46,  1.68s/it]Best trial: 1. Best value: 0.558389:   1%|          | 1/100 [00:02<02:46,  1.68s/it]Best trial: 1. Best value: 0.558389:   2%|▏         | 2/100 [00:02<02:12,  1.35s/it]                                                                                    Best trial: 1. Best value: 0.558389:   2%|▏         | 2/100 [00:03<02:12,  1.35s/it]Best trial: 2. Best value: 0.558727:   2%|▏         | 2/100 [00:03<02:12,  1.35s/it]Best trial: 2. Best value: 0.558727:   3%|▎         | 3/100 [00:03<02:00,  1.24s/it]                                                                                    Best trial: 2. Best value: 0.558727:   3%|▎         | 3/100 [00:05<02:00,  1.24s/it]Best trial: 2. Best value: 0.558727:   3%|▎         | 3/100 [00:05<02:00,  1.24s/it]Best trial: 2. Best value: 0.558727:   4%|▍         | 4/100 [00:05<01:54,  1.19s/it]                                                                                    Best trial: 2. Best value: 0.558727:   4%|▍         | 4/100 [00:06<01:54,  1.19s/it]Best trial: 2. Best value: 0.558727:   4%|▍         | 4/100 [00:06<01:54,  1.19s/it]Best trial: 2. Best value: 0.558727:   5%|▌         | 5/100 [00:06<01:51,  1.17s/it]                                                                                    Best trial: 2. Best value: 0.558727:   5%|▌         | 5/100 [00:07<01:51,  1.17s/it]Best trial: 5. Best value: 0.559016:   5%|▌         | 5/100 [00:07<01:51,  1.17s/it]Best trial: 5. Best value: 0.559016:   6%|▌         | 6/100 [00:07<01:48,  1.15s/it]                                                                                    Best trial: 5. Best value: 0.559016:   6%|▌         | 6/100 [00:08<01:48,  1.15s/it]Best trial: 5. Best value: 0.559016:   6%|▌         | 6/100 [00:08<01:48,  1.15s/it]Best trial: 5. Best value: 0.559016:   7%|▋         | 7/100 [00:08<01:45,  1.14s/it]                                                                                    Best trial: 5. Best value: 0.559016:   7%|▋         | 7/100 [00:09<01:45,  1.14s/it]Best trial: 5. Best value: 0.559016:   7%|▋         | 7/100 [00:09<01:45,  1.14s/it]Best trial: 5. Best value: 0.559016:   8%|▊         | 8/100 [00:09<01:43,  1.13s/it]                                                                                    Best trial: 5. Best value: 0.559016:   8%|▊         | 8/100 [00:10<01:43,  1.13s/it]Best trial: 5. Best value: 0.559016:   8%|▊         | 8/100 [00:10<01:43,  1.13s/it]Best trial: 5. Best value: 0.559016:   9%|▉         | 9/100 [00:10<01:42,  1.12s/it]                                                                                    Best trial: 5. Best value: 0.559016:   9%|▉         | 9/100 [00:11<01:42,  1.12s/it]Best trial: 5. Best value: 0.559016:   9%|▉         | 9/100 [00:11<01:42,  1.12s/it]Best trial: 5. Best value: 0.559016:  10%|█         | 10/100 [00:11<01:40,  1.12s/it]                                                                                     Best trial: 5. Best value: 0.559016:  10%|█         | 10/100 [00:12<01:40,  1.12s/it]Best trial: 5. Best value: 0.559016:  10%|█         | 10/100 [00:12<01:40,  1.12s/it]Best trial: 5. Best value: 0.559016:  11%|█         | 11/100 [00:12<01:39,  1.12s/it]                                                                                     Best trial: 5. Best value: 0.559016:  11%|█         | 11/100 [00:13<01:39,  1.12s/it]Best trial: 5. Best value: 0.559016:  11%|█         | 11/100 [00:13<01:39,  1.12s/it]Best trial: 5. Best value: 0.559016:  12%|█▏        | 12/100 [00:13<01:38,  1.11s/it]                                                                                     Best trial: 5. Best value: 0.559016:  12%|█▏        | 12/100 [00:15<01:38,  1.11s/it]Best trial: 12. Best value: 0.559122:  12%|█▏        | 12/100 [00:15<01:38,  1.11s/it]Best trial: 12. Best value: 0.559122:  13%|█▎        | 13/100 [00:15<01:36,  1.11s/it]                                                                                      Best trial: 12. Best value: 0.559122:  13%|█▎        | 13/100 [00:16<01:36,  1.11s/it]Best trial: 12. Best value: 0.559122:  13%|█▎        | 13/100 [00:16<01:36,  1.11s/it]Best trial: 12. Best value: 0.559122:  14%|█▍        | 14/100 [00:16<01:35,  1.11s/it]                                                                                      Best trial: 12. Best value: 0.559122:  14%|█▍        | 14/100 [00:17<01:35,  1.11s/it]Best trial: 12. Best value: 0.559122:  14%|█▍        | 14/100 [00:17<01:35,  1.11s/it]Best trial: 12. Best value: 0.559122:  15%|█▌        | 15/100 [00:17<01:34,  1.11s/it]                                                                                      Best trial: 12. Best value: 0.559122:  15%|█▌        | 15/100 [00:18<01:34,  1.11s/it]Best trial: 15. Best value: 0.559606:  15%|█▌        | 15/100 [00:18<01:34,  1.11s/it]Best trial: 15. Best value: 0.559606:  16%|█▌        | 16/100 [00:18<01:33,  1.11s/it]                                                                                      Best trial: 15. Best value: 0.559606:  16%|█▌        | 16/100 [00:19<01:33,  1.11s/it]Best trial: 15. Best value: 0.559606:  16%|█▌        | 16/100 [00:19<01:33,  1.11s/it]Best trial: 15. Best value: 0.559606:  17%|█▋        | 17/100 [00:19<01:32,  1.11s/it]                                                                                      Best trial: 15. Best value: 0.559606:  17%|█▋        | 17/100 [00:20<01:32,  1.11s/it]Best trial: 15. Best value: 0.559606:  17%|█▋        | 17/100 [00:20<01:32,  1.11s/it]Best trial: 15. Best value: 0.559606:  18%|█▊        | 18/100 [00:20<01:31,  1.11s/it]                                                                                      Best trial: 15. Best value: 0.559606:  18%|█▊        | 18/100 [00:21<01:31,  1.11s/it]Best trial: 15. Best value: 0.559606:  18%|█▊        | 18/100 [00:21<01:31,  1.11s/it]Best trial: 15. Best value: 0.559606:  19%|█▉        | 19/100 [00:21<01:30,  1.11s/it]                                                                                      Best trial: 15. Best value: 0.559606:  19%|█▉        | 19/100 [00:22<01:30,  1.11s/it]Best trial: 15. Best value: 0.559606:  19%|█▉        | 19/100 [00:22<01:30,  1.11s/it]Best trial: 15. Best value: 0.559606:  20%|██        | 20/100 [00:22<01:28,  1.11s/it]                                                                                      Best trial: 15. Best value: 0.559606:  20%|██        | 20/100 [00:23<01:28,  1.11s/it]Best trial: 15. Best value: 0.559606:  20%|██        | 20/100 [00:23<01:28,  1.11s/it]Best trial: 15. Best value: 0.559606:  21%|██        | 21/100 [00:23<01:27,  1.11s/it]                                                                                      Best trial: 15. Best value: 0.559606:  21%|██        | 21/100 [00:25<01:27,  1.11s/it]Best trial: 15. Best value: 0.559606:  21%|██        | 21/100 [00:25<01:27,  1.11s/it]Best trial: 15. Best value: 0.559606:  22%|██▏       | 22/100 [00:25<01:26,  1.11s/it]                                                                                      Best trial: 15. Best value: 0.559606:  22%|██▏       | 22/100 [00:26<01:26,  1.11s/it]Best trial: 15. Best value: 0.559606:  22%|██▏       | 22/100 [00:26<01:26,  1.11s/it]Best trial: 15. Best value: 0.559606:  23%|██▎       | 23/100 [00:26<01:28,  1.15s/it]                                                                                      Best trial: 15. Best value: 0.559606:  23%|██▎       | 23/100 [00:27<01:28,  1.15s/it]Best trial: 15. Best value: 0.559606:  23%|██▎       | 23/100 [00:27<01:28,  1.15s/it]Best trial: 15. Best value: 0.559606:  24%|██▍       | 24/100 [00:27<01:26,  1.14s/it]                                                                                      Best trial: 15. Best value: 0.559606:  24%|██▍       | 24/100 [00:28<01:26,  1.14s/it]Best trial: 15. Best value: 0.559606:  24%|██▍       | 24/100 [00:28<01:26,  1.14s/it]Best trial: 15. Best value: 0.559606:  25%|██▌       | 25/100 [00:28<01:25,  1.13s/it]                                                                                      Best trial: 15. Best value: 0.559606:  25%|██▌       | 25/100 [00:29<01:25,  1.13s/it]Best trial: 15. Best value: 0.559606:  25%|██▌       | 25/100 [00:29<01:25,  1.13s/it]Best trial: 15. Best value: 0.559606:  26%|██▌       | 26/100 [00:29<01:23,  1.13s/it]                                                                                      Best trial: 15. Best value: 0.559606:  26%|██▌       | 26/100 [00:30<01:23,  1.13s/it]Best trial: 15. Best value: 0.559606:  26%|██▌       | 26/100 [00:30<01:23,  1.13s/it]Best trial: 15. Best value: 0.559606:  27%|██▋       | 27/100 [00:30<01:21,  1.12s/it]                                                                                      Best trial: 15. Best value: 0.559606:  27%|██▋       | 27/100 [00:31<01:21,  1.12s/it]Best trial: 15. Best value: 0.559606:  27%|██▋       | 27/100 [00:31<01:21,  1.12s/it]Best trial: 15. Best value: 0.559606:  28%|██▊       | 28/100 [00:31<01:20,  1.12s/it]                                                                                      Best trial: 15. Best value: 0.559606:  28%|██▊       | 28/100 [00:32<01:20,  1.12s/it]Best trial: 15. Best value: 0.559606:  28%|██▊       | 28/100 [00:32<01:20,  1.12s/it]Best trial: 15. Best value: 0.559606:  29%|██▉       | 29/100 [00:32<01:19,  1.12s/it]                                                                                      Best trial: 15. Best value: 0.559606:  29%|██▉       | 29/100 [00:34<01:19,  1.12s/it]Best trial: 15. Best value: 0.559606:  29%|██▉       | 29/100 [00:34<01:19,  1.12s/it]Best trial: 15. Best value: 0.559606:  30%|███       | 30/100 [00:34<01:18,  1.11s/it]                                                                                      Best trial: 15. Best value: 0.559606:  30%|███       | 30/100 [00:35<01:18,  1.11s/it]Best trial: 15. Best value: 0.559606:  30%|███       | 30/100 [00:35<01:18,  1.11s/it]Best trial: 15. Best value: 0.559606:  31%|███       | 31/100 [00:35<01:16,  1.11s/it]                                                                                      Best trial: 15. Best value: 0.559606:  31%|███       | 31/100 [00:36<01:16,  1.11s/it]Best trial: 15. Best value: 0.559606:  31%|███       | 31/100 [00:36<01:16,  1.11s/it]Best trial: 15. Best value: 0.559606:  32%|███▏      | 32/100 [00:36<01:15,  1.11s/it]                                                                                      Best trial: 15. Best value: 0.559606:  32%|███▏      | 32/100 [00:37<01:15,  1.11s/it]Best trial: 15. Best value: 0.559606:  32%|███▏      | 32/100 [00:37<01:15,  1.11s/it]Best trial: 15. Best value: 0.559606:  33%|███▎      | 33/100 [00:37<01:14,  1.11s/it]                                                                                      Best trial: 15. Best value: 0.559606:  33%|███▎      | 33/100 [00:38<01:14,  1.11s/it]Best trial: 15. Best value: 0.559606:  33%|███▎      | 33/100 [00:38<01:14,  1.11s/it]Best trial: 15. Best value: 0.559606:  34%|███▍      | 34/100 [00:38<01:13,  1.11s/it]                                                                                      Best trial: 15. Best value: 0.559606:  34%|███▍      | 34/100 [00:39<01:13,  1.11s/it]Best trial: 15. Best value: 0.559606:  34%|███▍      | 34/100 [00:39<01:13,  1.11s/it]Best trial: 15. Best value: 0.559606:  35%|███▌      | 35/100 [00:39<01:12,  1.11s/it]                                                                                      Best trial: 15. Best value: 0.559606:  35%|███▌      | 35/100 [00:40<01:12,  1.11s/it]Best trial: 15. Best value: 0.559606:  35%|███▌      | 35/100 [00:40<01:12,  1.11s/it]Best trial: 15. Best value: 0.559606:  36%|███▌      | 36/100 [00:40<01:11,  1.11s/it]                                                                                      Best trial: 15. Best value: 0.559606:  36%|███▌      | 36/100 [00:41<01:11,  1.11s/it]Best trial: 15. Best value: 0.559606:  36%|███▌      | 36/100 [00:41<01:11,  1.11s/it]Best trial: 15. Best value: 0.559606:  37%|███▋      | 37/100 [00:41<01:09,  1.11s/it]                                                                                      Best trial: 15. Best value: 0.559606:  37%|███▋      | 37/100 [00:42<01:09,  1.11s/it]Best trial: 15. Best value: 0.559606:  37%|███▋      | 37/100 [00:42<01:09,  1.11s/it]Best trial: 15. Best value: 0.559606:  38%|███▊      | 38/100 [00:42<01:08,  1.11s/it]                                                                                      Best trial: 15. Best value: 0.559606:  38%|███▊      | 38/100 [00:44<01:08,  1.11s/it]Best trial: 15. Best value: 0.559606:  38%|███▊      | 38/100 [00:44<01:08,  1.11s/it]Best trial: 15. Best value: 0.559606:  39%|███▉      | 39/100 [00:44<01:07,  1.11s/it]                                                                                      Best trial: 15. Best value: 0.559606:  39%|███▉      | 39/100 [00:45<01:07,  1.11s/it]Best trial: 15. Best value: 0.559606:  39%|███▉      | 39/100 [00:45<01:07,  1.11s/it]Best trial: 15. Best value: 0.559606:  40%|████      | 40/100 [00:45<01:06,  1.11s/it]                                                                                      Best trial: 15. Best value: 0.559606:  40%|████      | 40/100 [00:46<01:06,  1.11s/it]Best trial: 15. Best value: 0.559606:  40%|████      | 40/100 [00:46<01:06,  1.11s/it]Best trial: 15. Best value: 0.559606:  41%|████      | 41/100 [00:46<01:05,  1.11s/it]                                                                                      Best trial: 15. Best value: 0.559606:  41%|████      | 41/100 [00:47<01:05,  1.11s/it]Best trial: 15. Best value: 0.559606:  41%|████      | 41/100 [00:47<01:05,  1.11s/it]Best trial: 15. Best value: 0.559606:  42%|████▏     | 42/100 [00:47<01:04,  1.11s/it]                                                                                      Best trial: 15. Best value: 0.559606:  42%|████▏     | 42/100 [00:48<01:04,  1.11s/it]Best trial: 15. Best value: 0.559606:  42%|████▏     | 42/100 [00:48<01:04,  1.11s/it]Best trial: 15. Best value: 0.559606:  43%|████▎     | 43/100 [00:48<01:03,  1.11s/it]                                                                                      Best trial: 15. Best value: 0.559606:  43%|████▎     | 43/100 [00:49<01:03,  1.11s/it]Best trial: 15. Best value: 0.559606:  43%|████▎     | 43/100 [00:49<01:03,  1.11s/it]Best trial: 15. Best value: 0.559606:  44%|████▍     | 44/100 [00:49<01:04,  1.15s/it]                                                                                      Best trial: 15. Best value: 0.559606:  44%|████▍     | 44/100 [00:50<01:04,  1.15s/it]Best trial: 15. Best value: 0.559606:  44%|████▍     | 44/100 [00:50<01:04,  1.15s/it]Best trial: 15. Best value: 0.559606:  45%|████▌     | 45/100 [00:50<01:02,  1.14s/it]                                                                                      Best trial: 15. Best value: 0.559606:  45%|████▌     | 45/100 [00:51<01:02,  1.14s/it]Best trial: 15. Best value: 0.559606:  45%|████▌     | 45/100 [00:51<01:02,  1.14s/it]Best trial: 15. Best value: 0.559606:  46%|████▌     | 46/100 [00:51<01:01,  1.13s/it]                                                                                      Best trial: 15. Best value: 0.559606:  46%|████▌     | 46/100 [00:53<01:01,  1.13s/it]Best trial: 15. Best value: 0.559606:  46%|████▌     | 46/100 [00:53<01:01,  1.13s/it]Best trial: 15. Best value: 0.559606:  47%|████▋     | 47/100 [00:53<00:59,  1.12s/it]                                                                                      Best trial: 15. Best value: 0.559606:  47%|████▋     | 47/100 [00:54<00:59,  1.12s/it]Best trial: 15. Best value: 0.559606:  47%|████▋     | 47/100 [00:54<00:59,  1.12s/it]Best trial: 15. Best value: 0.559606:  48%|████▊     | 48/100 [00:54<00:58,  1.12s/it]                                                                                      Best trial: 15. Best value: 0.559606:  48%|████▊     | 48/100 [00:55<00:58,  1.12s/it]Best trial: 15. Best value: 0.559606:  48%|████▊     | 48/100 [00:55<00:58,  1.12s/it]Best trial: 15. Best value: 0.559606:  49%|████▉     | 49/100 [00:55<00:57,  1.12s/it]                                                                                      Best trial: 15. Best value: 0.559606:  49%|████▉     | 49/100 [00:56<00:57,  1.12s/it]Best trial: 15. Best value: 0.559606:  49%|████▉     | 49/100 [00:56<00:57,  1.12s/it]Best trial: 15. Best value: 0.559606:  50%|█████     | 50/100 [00:56<00:55,  1.12s/it]                                                                                      Best trial: 15. Best value: 0.559606:  50%|█████     | 50/100 [00:57<00:55,  1.12s/it]Best trial: 15. Best value: 0.559606:  50%|█████     | 50/100 [00:57<00:55,  1.12s/it]Best trial: 15. Best value: 0.559606:  51%|█████     | 51/100 [00:57<00:54,  1.12s/it]                                                                                      Best trial: 15. Best value: 0.559606:  51%|█████     | 51/100 [00:58<00:54,  1.12s/it]Best trial: 51. Best value: 0.559614:  51%|█████     | 51/100 [00:58<00:54,  1.12s/it]Best trial: 51. Best value: 0.559614:  52%|█████▏    | 52/100 [00:58<00:53,  1.11s/it]                                                                                      Best trial: 51. Best value: 0.559614:  52%|█████▏    | 52/100 [00:59<00:53,  1.11s/it]Best trial: 51. Best value: 0.559614:  52%|█████▏    | 52/100 [00:59<00:53,  1.11s/it]Best trial: 51. Best value: 0.559614:  53%|█████▎    | 53/100 [00:59<00:52,  1.11s/it]                                                                                      Best trial: 51. Best value: 0.559614:  53%|█████▎    | 53/100 [01:00<00:52,  1.11s/it]Best trial: 51. Best value: 0.559614:  53%|█████▎    | 53/100 [01:00<00:52,  1.11s/it]Best trial: 51. Best value: 0.559614:  54%|█████▍    | 54/100 [01:00<00:51,  1.11s/it]                                                                                      Best trial: 51. Best value: 0.559614:  54%|█████▍    | 54/100 [01:01<00:51,  1.11s/it]Best trial: 51. Best value: 0.559614:  54%|█████▍    | 54/100 [01:01<00:51,  1.11s/it]Best trial: 51. Best value: 0.559614:  55%|█████▌    | 55/100 [01:01<00:50,  1.11s/it]                                                                                      Best trial: 51. Best value: 0.559614:  55%|█████▌    | 55/100 [01:03<00:50,  1.11s/it]Best trial: 51. Best value: 0.559614:  55%|█████▌    | 55/100 [01:03<00:50,  1.11s/it]Best trial: 51. Best value: 0.559614:  56%|█████▌    | 56/100 [01:03<00:49,  1.11s/it]                                                                                      Best trial: 51. Best value: 0.559614:  56%|█████▌    | 56/100 [01:04<00:49,  1.11s/it]Best trial: 51. Best value: 0.559614:  56%|█████▌    | 56/100 [01:04<00:49,  1.11s/it]Best trial: 51. Best value: 0.559614:  57%|█████▋    | 57/100 [01:04<00:47,  1.11s/it]                                                                                      Best trial: 51. Best value: 0.559614:  57%|█████▋    | 57/100 [01:05<00:47,  1.11s/it]Best trial: 51. Best value: 0.559614:  57%|█████▋    | 57/100 [01:05<00:47,  1.11s/it]Best trial: 51. Best value: 0.559614:  58%|█████▊    | 58/100 [01:05<00:54,  1.29s/it]                                                                                      Best trial: 51. Best value: 0.559614:  58%|█████▊    | 58/100 [01:07<00:54,  1.29s/it]Best trial: 51. Best value: 0.559614:  58%|█████▊    | 58/100 [01:07<00:54,  1.29s/it]Best trial: 51. Best value: 0.559614:  59%|█████▉    | 59/100 [01:07<00:50,  1.24s/it]                                                                                      Best trial: 51. Best value: 0.559614:  59%|█████▉    | 59/100 [01:08<00:50,  1.24s/it]Best trial: 51. Best value: 0.559614:  59%|█████▉    | 59/100 [01:08<00:50,  1.24s/it]Best trial: 51. Best value: 0.559614:  60%|██████    | 60/100 [01:08<00:48,  1.20s/it]                                                                                      Best trial: 51. Best value: 0.559614:  60%|██████    | 60/100 [01:09<00:48,  1.20s/it]Best trial: 51. Best value: 0.559614:  60%|██████    | 60/100 [01:09<00:48,  1.20s/it]Best trial: 51. Best value: 0.559614:  61%|██████    | 61/100 [01:09<00:45,  1.17s/it]                                                                                      Best trial: 51. Best value: 0.559614:  61%|██████    | 61/100 [01:10<00:45,  1.17s/it]Best trial: 51. Best value: 0.559614:  61%|██████    | 61/100 [01:10<00:45,  1.17s/it]Best trial: 51. Best value: 0.559614:  62%|██████▏   | 62/100 [01:10<00:43,  1.15s/it]                                                                                      Best trial: 51. Best value: 0.559614:  62%|██████▏   | 62/100 [01:11<00:43,  1.15s