[I 2025-05-13 01:51:13,763] Trial 0 finished with value: 0.5606516068079499 and parameters: {'threshold_scale_factor': 0.8550316657846517}. Best is trial 0 with value: 0.5606516068079499.
[I 2025-05-13 01:51:16,544] Trial 1 finished with value: 0.524758508646083 and parameters: {'threshold_scale_factor': 0.1465379363774264}. Best is trial 0 with value: 0.5606516068079499.
[I 2025-05-13 01:51:19,315] Trial 2 finished with value: 0.5222389393018143 and parameters: {'threshold_scale_factor': 0.07609051835627956}. Best is trial 0 with value: 0.5606516068079499.
[I 2025-05-13 01:51:22,093] Trial 3 finished with value: 0.5581590103971784 and parameters: {'threshold_scale_factor': 0.6751017476669441}. Best is trial 0 with value: 0.5606516068079499.
[I 2025-05-13 01:51:24,866] Trial 4 finished with value: 0.5297557294513217 and parameters: {'threshold_scale_factor': 0.24591853023737864}. Best is trial 0 with value: 0.5606516068079499.
[I 2025-05-13 01:51:27,642] Trial 5 finished with value: 0.5600341565927416 and parameters: {'threshold_scale_factor': 0.9205834069868349}. Best is trial 0 with value: 0.5606516068079499.
[I 2025-05-13 01:51:30,421] Trial 6 finished with value: 0.543717008315936 and parameters: {'threshold_scale_factor': 0.44577162140848203}. Best is trial 0 with value: 0.5606516068079499.
[I 2025-05-13 01:51:33,196] Trial 7 finished with value: 0.5468551802570844 and parameters: {'threshold_scale_factor': 0.49001018638417937}. Best is trial 0 with value: 0.5606516068079499.
[I 2025-05-13 01:51:36,124] Trial 8 finished with value: 0.5487889590147432 and parameters: {'threshold_scale_factor': 0.5201041504910741}. Best is trial 0 with value: 0.5606516068079499.
[I 2025-05-13 01:51:38,907] Trial 9 finished with value: 0.533943088314148 and parameters: {'threshold_scale_factor': 0.3253418015335594}. Best is trial 0 with value: 0.5606516068079499.
[I 2025-05-13 01:51:41,685] Trial 10 finished with value: 0.5579684661456297 and parameters: {'threshold_scale_factor': 0.9970290690758068}. Best is trial 0 with value: 0.5606516068079499.
[I 2025-05-13 01:51:44,466] Trial 11 finished with value: 0.5582897954277652 and parameters: {'threshold_scale_factor': 0.9825824400949862}. Best is trial 0 with value: 0.5606516068079499.
[I 2025-05-13 01:51:47,250] Trial 12 finished with value: 0.5607287855125704 and parameters: {'threshold_scale_factor': 0.7820249492344715}. Best is trial 12 with value: 0.5607287855125704.
[I 2025-05-13 01:51:50,026] Trial 13 finished with value: 0.5604385499573197 and parameters: {'threshold_scale_factor': 0.7627943090555913}. Best is trial 12 with value: 0.5607287855125704.
[I 2025-05-13 01:51:52,806] Trial 14 finished with value: 0.5606848406722246 and parameters: {'threshold_scale_factor': 0.7809562544475658}. Best is trial 12 with value: 0.5607287855125704.
[I 2025-05-13 01:51:55,594] Trial 15 finished with value: 0.5580977129524676 and parameters: {'threshold_scale_factor': 0.6738719431802838}. Best is trial 12 with value: 0.5607287855125704.
[I 2025-05-13 01:51:58,378] Trial 16 finished with value: 0.5607755187049963 and parameters: {'threshold_scale_factor': 0.7840776190565912}. Best is trial 16 with value: 0.5607755187049963.
[I 2025-05-13 01:52:01,155] Trial 17 finished with value: 0.5545629982468776 and parameters: {'threshold_scale_factor': 0.6193653204781846}. Best is trial 16 with value: 0.5607755187049963.
[I 2025-05-13 01:52:03,932] Trial 18 finished with value: 0.5609207239401592 and parameters: {'threshold_scale_factor': 0.8437632838484269}. Best is trial 18 with value: 0.5609207239401592.
[I 2025-05-13 01:52:06,707] Trial 19 finished with value: 0.560983240645835 and parameters: {'threshold_scale_factor': 0.8413516950158375}. Best is trial 19 with value: 0.560983240645835.
[I 2025-05-13 01:52:09,485] Trial 20 finished with value: 0.5544750005304042 and parameters: {'threshold_scale_factor': 0.6179929222951777}. Best is trial 19 with value: 0.560983240645835.
[I 2025-05-13 01:52:12,257] Trial 21 finished with value: 0.560649605573708 and parameters: {'threshold_scale_factor': 0.8555314397475977}. Best is trial 19 with value: 0.560983240645835.
[I 2025-05-13 01:52:15,043] Trial 22 finished with value: 0.5602770570419255 and parameters: {'threshold_scale_factor': 0.8732100661940775}. Best is trial 19 with value: 0.560983240645835.
[I 2025-05-13 01:52:17,821] Trial 23 finished with value: 0.5601481394869938 and parameters: {'threshold_scale_factor': 0.7358863515441532}. Best is trial 19 with value: 0.560983240645835.
[I 2025-05-13 01:52:20,606] Trial 24 finished with value: 0.5601155949938976 and parameters: {'threshold_scale_factor': 0.9147909049345336}. Best is trial 19 with value: 0.560983240645835.
[I 2025-05-13 01:52:23,531] Trial 25 finished with value: 0.5518653293441995 and parameters: {'threshold_scale_factor': 0.5781588467691219}. Best is trial 19 with value: 0.560983240645835.
[I 2025-05-13 01:52:26,319] Trial 26 finished with value: 0.53921562030308 and parameters: {'threshold_scale_factor': 0.39757555994815763}. Best is trial 19 with value: 0.560983240645835.
[I 2025-05-13 01:52:29,083] Trial 27 finished with value: 0.5596202869467403 and parameters: {'threshold_scale_factor': 0.7074571468409494}. Best is trial 19 with value: 0.560983240645835.
[I 2025-05-13 01:52:31,863] Trial 28 finished with value: 0.5606711818626813 and parameters: {'threshold_scale_factor': 0.8237447454966168}. Best is trial 19 with value: 0.560983240645835.
[I 2025-05-13 01:52:34,635] Trial 29 finished with value: 0.560038246518763 and parameters: {'threshold_scale_factor': 0.9197094454802154}. Best is trial 19 with value: 0.560983240645835.
[I 2025-05-13 01:52:37,417] Trial 30 finished with value: 0.5609391774805854 and parameters: {'threshold_scale_factor': 0.8337474959661753}. Best is trial 19 with value: 0.560983240645835.
[I 2025-05-13 01:52:40,193] Trial 31 finished with value: 0.560986198768429 and parameters: {'threshold_scale_factor': 0.8394401492480833}. Best is trial 31 with value: 0.560986198768429.
[I 2025-05-13 01:52:42,976] Trial 32 finished with value: 0.5608125543998745 and parameters: {'threshold_scale_factor': 0.8488682839952554}. Best is trial 31 with value: 0.560986198768429.
[I 2025-05-13 01:52:45,751] Trial 33 finished with value: 0.5600688566569108 and parameters: {'threshold_scale_factor': 0.9230488221451725}. Best is trial 31 with value: 0.560986198768429.
[I 2025-05-13 01:52:48,526] Trial 34 finished with value: 0.5588891367881366 and parameters: {'threshold_scale_factor': 0.6905570792215586}. Best is trial 31 with value: 0.560986198768429.
[I 2025-05-13 01:52:51,304] Trial 35 finished with value: 0.5605891981380559 and parameters: {'threshold_scale_factor': 0.8194665570934065}. Best is trial 31 with value: 0.560986198768429.
[I 2025-05-13 01:52:54,086] Trial 36 finished with value: 0.5592382518444126 and parameters: {'threshold_scale_factor': 0.9596202524501728}. Best is trial 31 with value: 0.560986198768429.
[I 2025-05-13 01:52:56,857] Trial 37 finished with value: 0.5242047841083933 and parameters: {'threshold_scale_factor': 0.13201364288492456}. Best is trial 31 with value: 0.560986198768429.
[I 2025-05-13 01:52:59,623] Trial 38 finished with value: 0.5602489111485127 and parameters: {'threshold_scale_factor': 0.8789759670605118}. Best is trial 31 with value: 0.560986198768429.
[I 2025-05-13 01:53:02,395] Trial 39 finished with value: 0.553530423112776 and parameters: {'threshold_scale_factor': 0.6037970794505736}. Best is trial 31 with value: 0.560986198768429.
[I 2025-05-13 01:53:05,178] Trial 40 finished with value: 0.5496066252562429 and parameters: {'threshold_scale_factor': 0.5406468300237502}. Best is trial 31 with value: 0.560986198768429.
[I 2025-05-13 01:53:08,110] Trial 41 finished with value: 0.5608656411251765 and parameters: {'threshold_scale_factor': 0.8294460105620972}. Best is trial 31 with value: 0.560986198768429.
[I 2025-05-13 01:53:10,888] Trial 42 finished with value: 0.5601403763443947 and parameters: {'threshold_scale_factor': 0.7355416189718829}. Best is trial 31 with value: 0.560986198768429.
[I 2025-05-13 01:53:13,667] Trial 43 finished with value: 0.560563861174967 and parameters: {'threshold_scale_factor': 0.814498066085906}. Best is trial 31 with value: 0.560986198768429.
[I 2025-05-13 01:53:16,450] Trial 44 finished with value: 0.5596416420195892 and parameters: {'threshold_scale_factor': 0.9438516703732169}. Best is trial 31 with value: 0.560986198768429.
[I 2025-05-13 01:53:19,225] Trial 45 finished with value: 0.5602724526598009 and parameters: {'threshold_scale_factor': 0.8856942395991307}. Best is trial 31 with value: 0.560986198768429.
[I 2025-05-13 01:53:22,007] Trial 46 finished with value: 0.5571087636959275 and parameters: {'threshold_scale_factor': 0.6583576266425457}. Best is trial 31 with value: 0.560986198768429.
[I 2025-05-13 01:53:24,779] Trial 47 finished with value: 0.5601590459563843 and parameters: {'threshold_scale_factor': 0.7381112540274952}. Best is trial 31 with value: 0.560986198768429.
[I 2025-05-13 01:53:27,561] Trial 48 finished with value: 0.5212200847119882 and parameters: {'threshold_scale_factor': 0.03900348013905697}. Best is trial 31 with value: 0.560986198768429.
[I 2025-05-13 01:53:30,346] Trial 49 finished with value: 0.5581330560867658 and parameters: {'threshold_scale_factor': 0.9873292558297422}. Best is trial 31 with value: 0.560986198768429.
[I 2025-05-13 01:53:33,129] Trial 50 finished with value: 0.5606047141341319 and parameters: {'threshold_scale_factor': 0.8076328182597341}. Best is trial 31 with value: 0.560986198768429.
[I 2025-05-13 01:53:35,912] Trial 51 finished with value: 0.5608730235702591 and parameters: {'threshold_scale_factor': 0.8459415189583752}. Best is trial 31 with value: 0.560986198768429.
[I 2025-05-13 01:53:38,692] Trial 52 finished with value: 0.5609411735702663 and parameters: {'threshold_scale_factor': 0.8428574424028641}. Best is trial 31 with value: 0.560986198768429.
[I 2025-05-13 01:53:41,471] Trial 53 finished with value: 0.5605483451788908 and parameters: {'threshold_scale_factor': 0.7759921215803379}. Best is trial 31 with value: 0.560986198768429.
[I 2025-05-13 01:53:44,244] Trial 54 finished with value: 0.56027603327428 and parameters: {'threshold_scale_factor': 0.8858919551333667}. Best is trial 31 with value: 0.560986198768429.
[I 2025-05-13 01:53:47,026] Trial 55 finished with value: 0.5604151010481302 and parameters: {'threshold_scale_factor': 0.7581024755553576}. Best is trial 31 with value: 0.560986198768429.
[I 2025-05-13 01:53:49,801] Trial 56 finished with value: 0.5593663154022128 and parameters: {'threshold_scale_factor': 0.9561350579382718}. Best is trial 31 with value: 0.560986198768429.
[I 2025-05-13 01:53:52,578] Trial 57 finished with value: 0.5569717846138568 and parameters: {'threshold_scale_factor': 0.6555389967816663}. Best is trial 31 with value: 0.560986198768429.
[I 2025-05-13 01:53:55,506] Trial 58 finished with value: 0.559776758770566 and parameters: {'threshold_scale_factor': 0.7128811225108074}. Best is trial 31 with value: 0.560986198768429.
[I 2025-05-13 01:53:58,279] Trial 59 finished with value: 0.5606433652211746 and parameters: {'threshold_scale_factor': 0.858974384506745}. Best is trial 31 with value: 0.560986198768429.
[I 2025-05-13 01:54:01,062] Trial 60 finished with value: 0.5602340639453709 and parameters: {'threshold_scale_factor': 0.8974820126561716}. Best is trial 31 with value: 0.560986198768429.
[I 2025-05-13 01:54:03,838] Trial 61 finished with value: 0.5609672616392658 and parameters: {'threshold_scale_factor': 0.842052085097531}. Best is trial 31 with value: 0.560986198768429.
[I 2025-05-13 01:54:06,618] Trial 62 finished with value: 0.5292304491915847 and parameters: {'threshold_scale_factor': 0.23565610395904435}. Best is trial 31 with value: 0.560986198768429.
[I 2025-05-13 01:54:09,397] Trial 63 finished with value: 0.5609506035506402 and parameters: {'threshold_scale_factor': 0.8426355949614237}. Best is trial 31 with value: 0.560986198768429.
[I 2025-05-13 01:54:12,180] Trial 64 finished with value: 0.5606502949448865 and parameters: {'threshold_scale_factor': 0.7794751118888829}. Best is trial 31 with value: 0.560986198768429.
[I 2025-05-13 01:54:14,961] Trial 65 finished with value: 0.560838467553799 and parameters: {'threshold_scale_factor': 0.7952296482705407}. Best is trial 31 with value: 0.560986198768429.
[I 2025-05-13 01:54:17,739] Trial 66 finished with value: 0.5598807097708034 and parameters: {'threshold_scale_factor': 0.9349962642973394}. Best is trial 31 with value: 0.560986198768429.
[I 2025-05-13 01:54:20,518] Trial 67 finished with value: 0.5606487567211376 and parameters: {'threshold_scale_factor': 0.8562576148360945}. Best is trial 31 with value: 0.560986198768429.
[I 2025-05-13 01:54:23,297] Trial 68 finished with value: 0.5603598175952671 and parameters: {'threshold_scale_factor': 0.7519836175853866}. Best is trial 31 with value: 0.560986198768429.
[I 2025-05-13 01:54:26,081] Trial 69 finished with value: 0.5601158522219493 and parameters: {'threshold_scale_factor': 0.9147852783862644}. Best is trial 31 with value: 0.560986198768429.
[I 2025-05-13 01:54:28,860] Trial 70 finished with value: 0.5580187336514854 and parameters: {'threshold_scale_factor': 0.9944336856905639}. Best is trial 31 with value: 0.560986198768429.
[I 2025-05-13 01:54:31,638] Trial 71 finished with value: 0.5608538343576052 and parameters: {'threshold_scale_factor': 0.8469282180546589}. Best is trial 31 with value: 0.560986198768429.
[I 2025-05-13 01:54:34,416] Trial 72 finished with value: 0.5609404378980385 and parameters: {'threshold_scale_factor': 0.8325469681202701}. Best is trial 31 with value: 0.560986198768429.
[I 2025-05-13 01:54:37,199] Trial 73 finished with value: 0.5427987453279927 and parameters: {'threshold_scale_factor': 0.43656578019241743}. Best is trial 31 with value: 0.560986198768429.
[I 2025-05-13 01:54:40,135] Trial 74 finished with value: 0.5608406745704821 and parameters: {'threshold_scale_factor': 0.7905552909975295}. Best is trial 31 with value: 0.560986198768429.
[I 2025-05-13 01:54:42,926] Trial 75 finished with value: 0.5602183833233416 and parameters: {'threshold_scale_factor': 0.89997021580015}. Best is trial 31 with value: 0.560986198768429.
[I 2025-05-13 01:54:45,712] Trial 76 finished with value: 0.5597530371996418 and parameters: {'threshold_scale_factor': 0.7119675371264694}. Best is trial 31 with value: 0.560986198768429.
[I 2025-05-13 01:54:48,488] Trial 77 finished with value: 0.5606897280052061 and parameters: {'threshold_scale_factor': 0.8255385786752741}. Best is trial 31 with value: 0.560986198768429.
[I 2025-05-13 01:54:51,266] Trial 78 finished with value: 0.5605481342518885 and parameters: {'threshold_scale_factor': 0.8129590694840664}. Best is trial 31 with value: 0.560986198768429.
[I 2025-05-13 01:54:54,050] Trial 79 finished with value: 0.5591321967187125 and parameters: {'threshold_scale_factor': 0.9621168258142235}. Best is trial 31 with value: 0.560986198768429.
[I 2025-05-13 01:54:56,834] Trial 80 finished with value: 0.5604223137226989 and parameters: {'threshold_scale_factor': 0.8690873054800881}. Best is trial 31 with value: 0.560986198768429.
[I 2025-05-13 01:54:59,610] Trial 81 finished with value: 0.5609875003423705 and parameters: {'threshold_scale_factor': 0.839491185168708}. Best is trial 81 with value: 0.5609875003423705.
[I 2025-05-13 01:55:02,394] Trial 82 finished with value: 0.5609676166139771 and parameters: {'threshold_scale_factor': 0.8383684922503696}. Best is trial 81 with value: 0.5609875003423705.
[I 2025-05-13 01:55:05,180] Trial 83 finished with value: 0.5602209967603464 and parameters: {'threshold_scale_factor': 0.9029436379736133}. Best is trial 81 with value: 0.5609875003423705.
[I 2025-05-13 01:55:07,959] Trial 84 finished with value: 0.5608244692032275 and parameters: {'threshold_scale_factor': 0.8285424701773358}. Best is trial 81 with value: 0.5609875003423705.
[I 2025-05-13 01:55:10,748] Trial 85 finished with value: 0.560272956826782 and parameters: {'threshold_scale_factor': 0.8745570849731358}. Best is trial 81 with value: 0.5609875003423705.
[I 2025-05-13 01:55:13,521] Trial 86 finished with value: 0.5608449188333345 and parameters: {'threshold_scale_factor': 0.791599783429432}. Best is trial 81 with value: 0.5609875003423705.
[I 2025-05-13 01:55:16,296] Trial 87 finished with value: 0.5604154097217922 and parameters: {'threshold_scale_factor': 0.7578600533556774}. Best is trial 81 with value: 0.5609875003423705.
[I 2025-05-13 01:55:19,072] Trial 88 finished with value: 0.5599897024408534 and parameters: {'threshold_scale_factor': 0.9321689519018619}. Best is trial 81 with value: 0.5609875003423705.
[I 2025-05-13 01:55:22,114] Trial 89 finished with value: 0.5353569628783499 and parameters: {'threshold_scale_factor': 0.34512288582210005}. Best is trial 81 with value: 0.5609875003423705.
[I 2025-05-13 01:55:24,891] Trial 90 finished with value: 0.5609339866185028 and parameters: {'threshold_scale_factor': 0.8366782163240774}. Best is trial 81 with value: 0.5609875003423705.
[I 2025-05-13 01:55:27,819] Trial 91 finished with value: 0.5609760382603884 and parameters: {'threshold_scale_factor': 0.8417094407572687}. Best is trial 81 with value: 0.5609875003423705.
[I 2025-05-13 01:55:30,606] Trial 92 finished with value: 0.5602503927820903 and parameters: {'threshold_scale_factor': 0.8767564326615891}. Best is trial 81 with value: 0.5609875003423705.
[I 2025-05-13 01:55:33,389] Trial 93 finished with value: 0.5607466114165506 and parameters: {'threshold_scale_factor': 0.8015242013632601}. Best is trial 81 with value: 0.5609875003423705.
[I 2025-05-13 01:55:36,166] Trial 94 finished with value: 0.560097707355185 and parameters: {'threshold_scale_factor': 0.7319270597705713}. Best is trial 81 with value: 0.5609875003423705.
[I 2025-05-13 01:55:38,943] Trial 95 finished with value: 0.5605637428500634 and parameters: {'threshold_scale_factor': 0.7763595206242254}. Best is trial 81 with value: 0.5609875003423705.
[I 2025-05-13 01:55:41,721] Trial 96 finished with value: 0.5606400521238692 and parameters: {'threshold_scale_factor': 0.8583621769329741}. Best is trial 81 with value: 0.5609875003423705.
[I 2025-05-13 01:55:44,509] Trial 97 finished with value: 0.5605452275749048 and parameters: {'threshold_scale_factor': 0.8116685325467297}. Best is trial 81 with value: 0.5609875003423705.
[I 2025-05-13 01:55:47,287] Trial 98 finished with value: 0.5586461694596591 and parameters: {'threshold_scale_factor': 0.6849779770257923}. Best is trial 81 with value: 0.5609875003423705.
