[I 2025-05-13 01:51:18,402] Trial 99 finished with value: 0.5652882813422966 and parameters: {'interp_param': 0.8263592560161127}. Best is trial 21 with value: 0.567620480629174.
Best hyperparameters: {'interp_param': 0.9240771050245152}
Best optimized value: 0.567620480629174
Tuning threshold scale factor for offline LSET using optuna
  0%|          | 0/100 [00:00<?, ?it/s]                                         0%|          | 0/100 [00:02<?, ?it/s]Best trial: 0. Best value: 0.567135:   0%|          | 0/100 [00:02<?, ?it/s]Best trial: 0. Best value: 0.567135:   1%|          | 1/100 [00:02<04:51,  2.95s/it]                                                                                    Best trial: 0. Best value: 0.567135:   1%|          | 1/100 [00:05<04:51,  2.95s/it]Best trial: 0. Best value: 0.567135:   1%|          | 1/100 [00:05<04:51,  2.95s/it]Best trial: 0. Best value: 0.567135:   2%|▏         | 2/100 [00:05<04:44,  2.90s/it]                                                                                    Best trial: 0. Best value: 0.567135:   2%|▏         | 2/100 [00:08<04:44,  2.90s/it]Best trial: 0. Best value: 0.567135:   2%|▏         | 2/100 [00:08<04:44,  2.90s/it]Best trial: 0. Best value: 0.567135:   3%|▎         | 3/100 [00:08<04:40,  2.89s/it]                                                                                    Best trial: 0. Best value: 0.567135:   3%|▎         | 3/100 [00:11<04:40,  2.89s/it]Best trial: 3. Best value: 0.56888:   3%|▎         | 3/100 [00:11<04:40,  2.89s/it] Best trial: 3. Best value: 0.56888:   4%|▍         | 4/100 [00:11<04:36,  2.88s/it]                                                                                   Best trial: 3. Best value: 0.56888:   4%|▍         | 4/100 [00:14<04:36,  2.88s/it]Best trial: 3. Best value: 0.56888:   4%|▍         | 4/100 [00:14<04:36,  2.88s/it]Best trial: 3. Best value: 0.56888:   5%|▌         | 5/100 [00:14<04:33,  2.88s/it]                                                                                   Best trial: 3. Best value: 0.56888:   5%|▌         | 5/100 [00:17<04:33,  2.88s/it]Best trial: 3. Best value: 0.56888:   5%|▌         | 5/100 [00:17<04:33,  2.88s/it]Best trial: 3. Best value: 0.56888:   6%|▌         | 6/100 [00:17<04:30,  2.88s/it]                                                                                   Best trial: 3. Best value: 0.56888:   6%|▌         | 6/100 [00:20<04:30,  2.88s/it]Best trial: 3. Best value: 0.56888:   6%|▌         | 6/100 [00:20<04:30,  2.88s/it]Best trial: 3. Best value: 0.56888:   7%|▋         | 7/100 [00:20<04:27,  2.88s/it]                                                                                   Best trial: 3. Best value: 0.56888:   7%|▋         | 7/100 [00:23<04:27,  2.88s/it]Best trial: 3. Best value: 0.56888:   7%|▋         | 7/100 [00:23<04:27,  2.88s/it]Best trial: 3. Best value: 0.56888:   8%|▊         | 8/100 [00:23<04:24,  2.88s/it]                                                                                   Best trial: 3. Best value: 0.56888:   8%|▊         | 8/100 [00:26<04:24,  2.88s/it]Best trial: 3. Best value: 0.56888:   8%|▊         | 8/100 [00:26<04:24,  2.88s/it]Best trial: 3. Best value: 0.56888:   9%|▉         | 9/100 [00:26<04:25,  2.92s/it]                                                                                   Best trial: 3. Best value: 0.56888:   9%|▉         | 9/100 [00:28<04:25,  2.92s/it]Best trial: 3. Best value: 0.56888:   9%|▉         | 9/100 [00:28<04:25,  2.92s/it]Best trial: 3. Best value: 0.56888:  10%|█         | 10/100 [00:28<04:21,  2.90s/it]                                                                                    Best trial: 3. Best value: 0.56888:  10%|█         | 10/100 [00:31<04:21,  2.90s/it]Best trial: 3. Best value: 0.56888:  10%|█         | 10/100 [00:31<04:21,  2.90s/it]Best trial: 3. Best value: 0.56888:  11%|█         | 11/100 [00:31<04:17,  2.89s/it]                                                                                    Best trial: 3. Best value: 0.56888:  11%|█         | 11/100 [00:34<04:17,  2.89s/it]Best trial: 3. Best value: 0.56888:  11%|█         | 11/100 [00:34<04:17,  2.89s/it]Best trial: 3. Best value: 0.56888:  12%|█▏        | 12/100 [00:34<04:14,  2.89s/it]                                                                                    Best trial: 3. Best value: 0.56888:  12%|█▏        | 12/100 [00:37<04:14,  2.89s/it]Best trial: 3. Best value: 0.56888:  12%|█▏        | 12/100 [00:37<04:14,  2.89s/it]Best trial: 3. Best value: 0.56888:  13%|█▎        | 13/100 [00:37<04:10,  2.88s/it]                                                                                    Best trial: 3. Best value: 0.56888:  13%|█▎        | 13/100 [00:40<04:10,  2.88s/it]Best trial: 3. Best value: 0.56888:  13%|█▎        | 13/100 [00:40<04:10,  2.88s/it]Best trial: 3. Best value: 0.56888:  14%|█▍        | 14/100 [00:40<04:07,  2.88s/it]                                                                                    Best trial: 3. Best value: 0.56888:  14%|█▍        | 14/100 [00:43<04:07,  2.88s/it]Best trial: 3. Best value: 0.56888:  14%|█▍        | 14/100 [00:43<04:07,  2.88s/it]Best trial: 3. Best value: 0.56888:  15%|█▌        | 15/100 [00:43<04:05,  2.88s/it]                                                                                    Best trial: 3. Best value: 0.56888:  15%|█▌        | 15/100 [00:46<04:05,  2.88s/it]Best trial: 3. Best value: 0.56888:  15%|█▌        | 15/100 [00:46<04:05,  2.88s/it]Best trial: 3. Best value: 0.56888:  16%|█▌        | 16/100 [00:46<04:01,  2.88s/it]                                                                                    Best trial: 3. Best value: 0.56888:  16%|█▌        | 16/100 [00:49<04:01,  2.88s/it]Best trial: 3. Best value: 0.56888:  16%|█▌        | 16/100 [00:49<04:01,  2.88s/it]Best trial: 3. Best value: 0.56888:  17%|█▋        | 17/100 [00:49<03:58,  2.88s/it]                                                                                    Best trial: 3. Best value: 0.56888:  17%|█▋        | 17/100 [00:51<03:58,  2.88s/it]Best trial: 3. Best value: 0.56888:  17%|█▋        | 17/100 [00:51<03:58,  2.88s/it]Best trial: 3. Best value: 0.56888:  18%|█▊        | 18/100 [00:51<03:56,  2.88s/it]                                                                                    Best trial: 3. Best value: 0.56888:  18%|█▊        | 18/100 [00:54<03:56,  2.88s/it]Best trial: 3. Best value: 0.56888:  18%|█▊        | 18/100 [00:54<03:56,  2.88s/it]Best trial: 3. Best value: 0.56888:  19%|█▉        | 19/100 [00:54<03:53,  2.88s/it]                                                                                    Best trial: 3. Best value: 0.56888:  19%|█▉        | 19/100 [00:57<03:53,  2.88s/it]Best trial: 3. Best value: 0.56888:  19%|█▉        | 19/100 [00:57<03:53,  2.88s/it]Best trial: 3. Best value: 0.56888:  20%|██        | 20/100 [00:57<03:50,  2.88s/it]                                                                                    Best trial: 3. Best value: 0.56888:  20%|██        | 20/100 [01:00<03:50,  2.88s/it]Best trial: 3. Best value: 0.56888:  20%|██        | 20/100 [01:00<03:50,  2.88s/it]Best trial: 3. Best value: 0.56888:  21%|██        | 21/100 [01:00<03:47,  2.87s/it]                                                                                    Best trial: 3. Best value: 0.56888:  21%|██        | 21/100 [01:03<03:47,  2.87s/it]Best trial: 3. Best value: 0.56888:  21%|██        | 21/100 [01:03<03:47,  2.87s/it]Best trial: 3. Best value: 0.56888:  22%|██▏       | 22/100 [01:03<03:44,  2.88s/it]                                                                                    Best trial: 3. Best value: 0.56888:  22%|██▏       | 22/100 [01:06<03:44,  2.88s/it]Best trial: 3. Best value: 0.56888:  22%|██▏       | 22/100 [01:06<03:44,  2.88s/it]Best trial: 3. Best value: 0.56888:  23%|██▎       | 23/100 [01:06<03:41,  2.88s/it]                                                                                    Best trial: 3. Best value: 0.56888:  23%|██▎       | 23/100 [01:09<03:41,  2.88s/it]Best trial: 3. Best value: 0.56888:  23%|██▎       | 23/100 [01:09<03:41,  2.88s/it]Best trial: 3. Best value: 0.56888:  24%|██▍       | 24/100 [01:09<03:38,  2.88s/it]                                                                                    Best trial: 3. Best value: 0.56888:  24%|██▍       | 24/100 [01:12<03:38,  2.88s/it]Best trial: 3. Best value: 0.56888:  24%|██▍       | 24/100 [01:12<03:38,  2.88s/it]Best trial: 3. Best value: 0.56888:  25%|██▌       | 25/100 [01:12<03:35,  2.87s/it]                                                                                    Best trial: 3. Best value: 0.56888:  25%|██▌       | 25/100 [01:15<03:35,  2.87s/it]Best trial: 25. Best value: 0.568909:  25%|██▌       | 25/100 [01:15<03:35,  2.87s/it]Best trial: 25. Best value: 0.568909:  26%|██▌       | 26/100 [01:15<03:35,  2.91s/it]                                                                                      Best trial: 25. Best value: 0.568909:  26%|██▌       | 26/100 [01:17<03:35,  2.91s/it]Best trial: 25. Best value: 0.568909:  26%|██▌       | 26/100 [01:17<03:35,  2.91s/it]Best trial: 25. Best value: 0.568909:  27%|██▋       | 27/100 [01:17<03:32,  2.91s/it]                                                                                      Best trial: 25. Best value: 0.568909:  27%|██▋       | 27/100 [01:20<03:32,  2.91s/it]Best trial: 25. Best value: 0.568909:  27%|██▋       | 27/100 [01:20<03:32,  2.91s/it]Best trial: 25. Best value: 0.568909:  28%|██▊       | 28/100 [01:20<03:28,  2.89s/it]                                                                                      Best trial: 25. Best value: 0.568909:  28%|██▊       | 28/100 [01:23<03:28,  2.89s/it]Best trial: 25. Best value: 0.568909:  28%|██▊       | 28/100 [01:23<03:28,  2.89s/it]Best trial: 25. Best value: 0.568909:  29%|██▉       | 29/100 [01:23<03:25,  2.89s/it]                                                                                      Best trial: 25. Best value: 0.568909:  29%|██▉       | 29/100 [01:26<03:25,  2.89s/it]Best trial: 25. Best value: 0.568909:  29%|██▉       | 29/100 [01:26<03:25,  2.89s/it]Best trial: 25. Best value: 0.568909:  30%|███       | 30/100 [01:26<03:21,  2.88s/it]                                                                                      Best trial: 25. Best value: 0.568909:  30%|███       | 30/100 [01:29<03:21,  2.88s/it]Best trial: 25. Best value: 0.568909:  30%|███       | 30/100 [01:29<03:21,  2.88s/it]Best trial: 25. Best value: 0.568909:  31%|███       | 31/100 [01:29<03:18,  2.88s/it]                                                                                      Best trial: 25. Best value: 0.568909:  31%|███       | 31/100 [01:32<03:18,  2.88s/it]Best trial: 25. Best value: 0.568909:  31%|███       | 31/100 [01:32<03:18,  2.88s/it]Best trial: 25. Best value: 0.568909:  32%|███▏      | 32/100 [01:32<03:20,  2.95s/it]                                                                                      Best trial: 25. Best value: 0.568909:  32%|███▏      | 32/100 [01:35<03:20,  2.95s/it]Best trial: 25. Best value: 0.568909:  32%|███▏      | 32/100 [01:35<03:20,  2.95s/it]Best trial: 25. Best value: 0.568909:  33%|███▎      | 33/100 [01:35<03:16,  2.93s/it]                                                                                      Best trial: 25. Best value: 0.568909:  33%|███▎      | 33/100 [01:38<03:16,  2.93s/it]Best trial: 25. Best value: 0.568909:  33%|███▎      | 33/100 [01:38<03:16,  2.93s/it]Best trial: 25. Best value: 0.568909:  34%|███▍      | 34/100 [01:38<03:12,  2.91s/it]                                                                                      Best trial: 25. Best value: 0.568909:  34%|███▍      | 34/100 [01:41<03:12,  2.91s/it]Best trial: 25. Best value: 0.568909:  34%|███▍      | 34/100 [01:41<03:12,  2.91s/it]Best trial: 25. Best value: 0.568909:  35%|███▌      | 35/100 [01:41<03:08,  2.90s/it]                                                                                      Best trial: 25. Best value: 0.568909:  35%|███▌      | 35/100 [01:44<03:08,  2.90s/it]Best trial: 25. Best value: 0.568909:  35%|███▌      | 35/100 [01:44<03:08,  2.90s/it]Best trial: 25. Best value: 0.568909:  36%|███▌      | 36/100 [01:44<03:06,  2.92s/it]                                                                                      Best trial: 25. Best value: 0.568909:  36%|███▌      | 36/100 [01:47<03:06,  2.92s/it]Best trial: 25. Best value: 0.568909:  36%|███▌      | 36/100 [01:47<03:06,  2.92s/it]Best trial: 25. Best value: 0.568909:  37%|███▋      | 37/100 [01:47<03:03,  2.91s/it]                                                                                      Best trial: 25. Best value: 0.568909:  37%|███▋      | 37/100 [01:49<03:03,  2.91s/it]Best trial: 25. Best value: 0.568909:  37%|███▋      | 37/100 [01:49<03:03,  2.91s/it]Best trial: 25. Best value: 0.568909:  38%|███▊      | 38/100 [01:49<02:59,  2.90s/it]                                                                                      Best trial: 25. Best value: 0.568909:  38%|███▊      | 38/100 [01:52<02:59,  2.90s/it]Best trial: 25. Best value: 0.568909:  38%|███▊      | 38/100 [01:52<02:59,  2.90s/it]Best trial: 25. Best value: 0.568909:  39%|███▉      | 39/100 [01:52<02:56,  2.89s/it]                                                                                      Best trial: 25. Best value: 0.568909:  39%|███▉      | 39/100 [01:55<02:56,  2.89s/it]Best trial: 25. Best value: 0.568909:  39%|███▉      | 39/100 [01:55<02:56,  2.89s/it]Best trial: 25. Best value: 0.568909:  40%|████      | 40/100 [01:55<02:57,  2.96s/it]                                                                                      Best trial: 25. Best value: 0.568909:  40%|████      | 40/100 [01:58<02:57,  2.96s/it]Best trial: 25. Best value: 0.568909:  40%|████      | 40/100 [01:58<02:57,  2.96s/it]Best trial: 25. Best value: 0.568909:  41%|████      | 41/100 [01:58<02:53,  2.94s/it]                                                                                      Best trial: 25. Best value: 0.568909:  41%|████      | 41/100 [02:01<02:53,  2.94s/it]Best trial: 25. Best value: 0.568909:  41%|████      | 41/100 [02:01<02:53,  2.94s/it]Best trial: 25. Best value: 0.568909:  42%|████▏     | 42/100 [02:01<02:51,  2.96s/it]                                                                                      Best trial: 25. Best value: 0.568909:  42%|████▏     | 42/100 [02:04<02:51,  2.96s/it]Best trial: 25. Best value: 0.568909:  42%|████▏     | 42/100 [02:04<02:51,  2.96s/it]Best trial: 25. Best value: 0.568909:  43%|████▎     | 43/100 [02:04<02:47,  2.94s/it]                                                                                      Best trial: 25. Best value: 0.568909:  43%|████▎     | 43/100 [02:07<02:47,  2.94s/it]Best trial: 25. Best value: 0.568909:  43%|████▎     | 43/100 [02:07<02:47,  2.94s/it]Best trial: 25. Best value: 0.568909:  44%|████▍     | 44/100 [02:07<02:43,  2.92s/it]                                                                                      Best trial: 25. Best value: 0.568909:  44%|████▍     | 44/100 [02:10<02:43,  2.92s/it]Best trial: 25. Best value: 0.568909:  44%|████▍     | 44/100 [02:10<02:43,  2.92s/it]Best trial: 25. Best value: 0.568909:  45%|████▌     | 45/100 [02:10<02:39,  2.91s/it]                                                                                      Best trial: 25. Best value: 0.568909:  45%|████▌     | 45/100 [02:13<02:39,  2.91s/it]Best trial: 25. Best value: 0.568909:  45%|████▌     | 45/100 [02:13<02:39,  2.91s/it]Best trial: 25. Best value: 0.568909:  46%|████▌     | 46/100 [02:13<02:36,  2.90s/it]                                                                                      Best trial: 25. Best value: 0.568909:  46%|████▌     | 46/100 [02:16<02:36,  2.90s/it]Best trial: 25. Best value: 0.568909:  46%|████▌     | 46/100 [02:16<02:36,  2.90s/it]Best trial: 25. Best value: 0.568909:  47%|████▋     | 47/100 [02:16<02:33,  2.89s/it]                                                                                      Best trial: 25. Best value: 0.568909:  47%|████▋     | 47/100 [02:19<02:33,  2.89s/it]Best trial: 25. Best value: 0.568909:  47%|████▋     | 47/100 [02:19<02:33,  2.89s/it]Best trial: 25. Best value: 0.568909:  48%|████▊     | 48/100 [02:19<02:30,  2.89s/it]                                                                                      Best trial: 25. Best value: 0.568909:  48%|████▊     | 48/100 [02:21<02:30,  2.89s/it]Best trial: 25. Best value: 0.568909:  48%|████▊     | 48/100 [02:21<02:30,  2.89s/it]Best trial: 25. Best value: 0.568909:  49%|████▉     | 49/100 [02:21<02:27,  2.89s/it]                                                                                      Best trial: 25. Best value: 0.568909:  49%|████▉     | 49/100 [02:24<02:27,  2.89s/it]Best trial: 49. Best value: 0.568923:  49%|████▉     | 49/100 [02:24<02:27,  2.89s/it]Best trial: 49. Best value: 0.568923:  50%|█████     | 50/100 [02:24<02:24,  2.88s/it]                                                                                      Best trial: 49. Best value: 0.568923:  50%|█████     | 50/100 [02:27<02:24,  2.88s/it]Best trial: 49. Best value: 0.568923:  50%|█████     | 50/100 [02:27<02:24,  2.88s/it]Best trial: 49. Best value: 0.568923:  51%|█████     | 51/100 [02:27<02:21,  2.88s/it]                                                                                      Best trial: 49. Best value: 0.568923:  51%|█████     | 51/100 [02:30<02:21,  2.88s/it]Best trial: 49. Best value: 0.568923:  51%|█████     | 51/100 [02:30<02:21,  2.88s/it]Best trial: 49. Best value: 0.568923:  52%|█████▏    | 52/100 [02:30<02:18,  2.88s/it]                                                                                      Best trial: 49. Best value: 0.568923:  52%|█████▏    | 52/100 [02:33<02:18,  2.88s/it]Best trial: 49. Best value: 0.568923:  52%|█████▏    | 52/100 [02:33<02:18,  2.88s/it]Best trial: 49. Best value: 0.568923:  53%|█████▎    | 53/100 [02:33<02:15,  2.88s/it]                                                                                      Best trial: 49. Best value: 0.568923:  53%|█████▎    | 53/100 [02:36<02:15,  2.88s/it]Best trial: 49. Best value: 0.568923:  53%|█████▎    | 53/100 [02:36<02:15,  2.88s/it]Best trial: 49. Best value: 0.568923:  54%|█████▍    | 54/100 [02:36<02:12,  2.88s/it]                                                                                      Best trial: 49. Best value: 0.568923:  54%|█████▍    | 54/100 [02:39<02:12,  2.88s/it]Best trial: 49. Best value: 0.568923:  54%|█████▍    | 54/100 [02:39<02:12,  2.88s/it]Best trial: 49. Best value: 0.568923:  55%|█████▌    | 55/100 [02:39<02:09,  2.88s/it]                                                                                      Best trial: 49. Best value: 0.568923:  55%|█████▌    | 55/100 [02:42<02:09,  2.88s/it]Best trial: 49. Best value: 0.568923:  55%|█████▌    | 55/100 [02:42<02:09,  2.88s/it]Best trial: 49. Best value: 0.568923:  56%|█████▌    | 56/100 [02:42<02:06,  2.88s/it]                                                                                      Best trial: 49. Best value: 0.568923:  56%|█████▌    | 56/100 [02:44<02:06,  2.88s/it]Best trial: 49. Best value: 0.568923:  56%|█████▌    | 56/100 [02:44<02:06,  2.88s/it]Best trial: 49. Best value: 0.568923:  57%|█████▋    | 57/100 [02:44<02:03,  2.88s/it]                                                                                      Best trial: 49. Best value: 0.568923:  57%|█████▋    | 57/100 [02:47<02:03,  2.88s/it]Best trial: 57. Best value: 0.568924:  57%|█████▋    | 57/100 [02:47<02:03,  2.88s/it]Best trial: 57. Best value: 0.568924:  58%|█████▊    | 58/100 [02:47<02:01,  2.88s/it]                                                                                      Best trial: 57. Best value: 0.568924:  58%|█████▊    | 58/100 [02:50<02:01,  2.88s/it]Best trial: 57. Best value: 0.568924:  58%|█████▊    | 58/100 [02:50<02:01,  2.88s/it]Best trial: 57. Best value: 0.568924:  59%|█████▉    | 59/100 [02:50<01:59,  2.92s/it]                                                                                      Best trial: 57. Best value: 0.568924:  59%|█████▉    | 59/100 [02:53<01:59,  2.92s/it]Best trial: 57. Best value: 0.568924:  59%|█████▉    | 59/100 [02:53<01:59,  2.92s/it]Best trial: 57. Best value: 0.568924:  60%|██████    | 60/100 [02:53<01:56,  2.91s/it]                                                                                      Best trial: 57. Best value: 0.568924:  60%|██████    | 60/100 [02:56<01:56,  2.91s/it]Best trial: 57. Best value: 0.568924:  60%|██████    | 60/100 [02:56<01:56,  2.91s/it]Best trial: 57. Best value: 0.568924:  61%|██████    | 61/100 [02:56<01:53,  2.90s/it]                                                                                      Best trial: 57. Best value: 0.568924:  61%|██████    | 61/100 [02:59<01:53,  2.90s/it]Best trial: 61. Best value: 0.568932:  61%|██████    | 61/100 [02:59<01:53,  2.90s/it]Best trial: 61. Best value: 0.568932:  62%|██████▏   | 62/100 [02:59<01:50,  2.89s/it]                                                                                      Best trial: 61. Best value: 0.568932:  62%|██████▏   | 62/100 [03:03<01:50,  2.89s/it]Best trial: 61. Best value: 0.568932:  62%|██████▏   | 62/100 [03:03<01:50,  2.89s/it]Best trial: 61. Best value: 0.568932:  63%|████