[I 2025-05-13 01:51:20,746] Trial 0 finished with value: 0.5292641563554745 and parameters: {'threshold_scale_factor': 0.28698906241307987}. Best is trial 0 with value: 0.5292641563554745.
[I 2025-05-13 01:51:23,646] Trial 1 finished with value: 0.5721464750774519 and parameters: {'threshold_scale_factor': 0.8267575962983966}. Best is trial 1 with value: 0.5721464750774519.
[I 2025-05-13 01:51:26,539] Trial 2 finished with value: 0.542828069325882 and parameters: {'threshold_scale_factor': 0.4519459656043149}. Best is trial 1 with value: 0.5721464750774519.
[I 2025-05-13 01:51:29,436] Trial 3 finished with value: 0.5555300625407822 and parameters: {'threshold_scale_factor': 0.5944812981916157}. Best is trial 1 with value: 0.5721464750774519.
[I 2025-05-13 01:51:32,308] Trial 4 finished with value: 0.5229242051205627 and parameters: {'threshold_scale_factor': 0.2023222436615395}. Best is trial 1 with value: 0.5721464750774519.
[I 2025-05-13 01:51:35,189] Trial 5 finished with value: 0.5394389868540208 and parameters: {'threshold_scale_factor': 0.4125776772704388}. Best is trial 1 with value: 0.5721464750774519.
[I 2025-05-13 01:51:38,093] Trial 6 finished with value: 0.5639082219777665 and parameters: {'threshold_scale_factor': 0.6935868669398386}. Best is trial 1 with value: 0.5721464750774519.
[I 2025-05-13 01:51:40,990] Trial 7 finished with value: 0.5737118929760094 and parameters: {'threshold_scale_factor': 0.9650151536597215}. Best is trial 7 with value: 0.5737118929760094.
[I 2025-05-13 01:51:44,020] Trial 8 finished with value: 0.561012796148971 and parameters: {'threshold_scale_factor': 0.664221447774383}. Best is trial 7 with value: 0.5737118929760094.
[I 2025-05-13 01:51:46,920] Trial 9 finished with value: 0.5437478808266965 and parameters: {'threshold_scale_factor': 0.46810104927003116}. Best is trial 7 with value: 0.5737118929760094.
[I 2025-05-13 01:51:49,812] Trial 10 finished with value: 0.5735448285010163 and parameters: {'threshold_scale_factor': 0.9981219161585161}. Best is trial 7 with value: 0.5737118929760094.
[I 2025-05-13 01:51:52,701] Trial 11 finished with value: 0.5736461249077606 and parameters: {'threshold_scale_factor': 0.9800160640281596}. Best is trial 7 with value: 0.5737118929760094.
[I 2025-05-13 01:51:55,587] Trial 12 finished with value: 0.5736379141883516 and parameters: {'threshold_scale_factor': 0.9873126634558452}. Best is trial 7 with value: 0.5737118929760094.
[I 2025-05-13 01:51:58,455] Trial 13 finished with value: 0.5723204126859854 and parameters: {'threshold_scale_factor': 0.8326722453556339}. Best is trial 7 with value: 0.5737118929760094.
[I 2025-05-13 01:52:01,344] Trial 14 finished with value: 0.5154001045498271 and parameters: {'threshold_scale_factor': 0.037694702251795165}. Best is trial 7 with value: 0.5737118929760094.
[I 2025-05-13 01:52:04,253] Trial 15 finished with value: 0.5732145373935609 and parameters: {'threshold_scale_factor': 0.8547354921290514}. Best is trial 7 with value: 0.5737118929760094.
[I 2025-05-13 01:52:07,139] Trial 16 finished with value: 0.5742747285312889 and parameters: {'threshold_scale_factor': 0.8901867883528503}. Best is trial 16 with value: 0.5742747285312889.
[I 2025-05-13 01:52:10,030] Trial 17 finished with value: 0.5677261859247238 and parameters: {'threshold_scale_factor': 0.7474762763084224}. Best is trial 16 with value: 0.5742747285312889.
[I 2025-05-13 01:52:12,930] Trial 18 finished with value: 0.5537141096644674 and parameters: {'threshold_scale_factor': 0.572727985821216}. Best is trial 16 with value: 0.5742747285312889.
[I 2025-05-13 01:52:15,823] Trial 19 finished with value: 0.5736403321320372 and parameters: {'threshold_scale_factor': 0.8737292624155238}. Best is trial 16 with value: 0.5742747285312889.
[I 2025-05-13 01:52:18,699] Trial 20 finished with value: 0.5682800545101225 and parameters: {'threshold_scale_factor': 0.7575294947129014}. Best is trial 16 with value: 0.5742747285312889.
[I 2025-05-13 01:52:21,572] Trial 21 finished with value: 0.5742196611499892 and parameters: {'threshold_scale_factor': 0.943854687129562}. Best is trial 16 with value: 0.5742747285312889.
[I 2025-05-13 01:52:24,462] Trial 22 finished with value: 0.5744088420928642 and parameters: {'threshold_scale_factor': 0.9136020412821921}. Best is trial 22 with value: 0.5744088420928642.
[I 2025-05-13 01:52:27,366] Trial 23 finished with value: 0.5744348992944975 and parameters: {'threshold_scale_factor': 0.8950986628260219}. Best is trial 23 with value: 0.5744348992944975.
[I 2025-05-13 01:52:30,312] Trial 24 finished with value: 0.5742573193367525 and parameters: {'threshold_scale_factor': 0.8897831158386069}. Best is trial 23 with value: 0.5744348992944975.
[I 2025-05-13 01:52:33,383] Trial 25 finished with value: 0.5683417223632279 and parameters: {'threshold_scale_factor': 0.7590959644538602}. Best is trial 23 with value: 0.5744348992944975.
[I 2025-05-13 01:52:36,325] Trial 26 finished with value: 0.5595825773143667 and parameters: {'threshold_scale_factor': 0.6507726575512514}. Best is trial 23 with value: 0.5744348992944975.
[I 2025-05-13 01:52:39,260] Trial 27 finished with value: 0.5744230050693887 and parameters: {'threshold_scale_factor': 0.899225276035305}. Best is trial 23 with value: 0.5744348992944975.
[I 2025-05-13 01:52:42,175] Trial 28 finished with value: 0.5520662656090355 and parameters: {'threshold_scale_factor': 0.5527475098890938}. Best is trial 23 with value: 0.5744348992944975.
[I 2025-05-13 01:52:45,118] Trial 29 finished with value: 0.5344076781873761 and parameters: {'threshold_scale_factor': 0.3561233606554137}. Best is trial 23 with value: 0.5744348992944975.
[I 2025-05-13 01:52:48,109] Trial 30 finished with value: 0.5704839535893922 and parameters: {'threshold_scale_factor': 0.7967752184925008}. Best is trial 23 with value: 0.5744348992944975.
[I 2025-05-13 01:52:50,994] Trial 31 finished with value: 0.5744754693028056 and parameters: {'threshold_scale_factor': 0.9290186932808839}. Best is trial 31 with value: 0.5744754693028056.
[I 2025-05-13 01:52:53,885] Trial 32 finished with value: 0.5744117333361649 and parameters: {'threshold_scale_factor': 0.915663239741348}. Best is trial 31 with value: 0.5744754693028056.
[I 2025-05-13 01:52:56,760] Trial 33 finished with value: 0.5714755059938148 and parameters: {'threshold_scale_factor': 0.8120729964229139}. Best is trial 31 with value: 0.5744754693028056.
[I 2025-05-13 01:52:59,658] Trial 34 finished with value: 0.5744997310526383 and parameters: {'threshold_scale_factor': 0.9279865651878185}. Best is trial 34 with value: 0.5744997310526383.
[I 2025-05-13 01:53:02,536] Trial 35 finished with value: 0.565756796515593 and parameters: {'threshold_scale_factor': 0.7168019441912069}. Best is trial 34 with value: 0.5744997310526383.
[I 2025-05-13 01:53:05,419] Trial 36 finished with value: 0.5228381366144768 and parameters: {'threshold_scale_factor': 0.20097540638873979}. Best is trial 34 with value: 0.5744997310526383.
[I 2025-05-13 01:53:08,314] Trial 37 finished with value: 0.5711857231599351 and parameters: {'threshold_scale_factor': 0.8062712456395779}. Best is trial 34 with value: 0.5744997310526383.
[I 2025-05-13 01:53:11,207] Trial 38 finished with value: 0.5575575083211732 and parameters: {'threshold_scale_factor': 0.6256683738528349}. Best is trial 34 with value: 0.5744997310526383.
[I 2025-05-13 01:53:14,082] Trial 39 finished with value: 0.5745027509099648 and parameters: {'threshold_scale_factor': 0.9263578391144887}. Best is trial 39 with value: 0.5745027509099648.
[I 2025-05-13 01:53:16,964] Trial 40 finished with value: 0.574144077259289 and parameters: {'threshold_scale_factor': 0.9454940069255782}. Best is trial 39 with value: 0.5745027509099648.
[I 2025-05-13 01:53:19,992] Trial 41 finished with value: 0.5731067125388654 and parameters: {'threshold_scale_factor': 0.8526464620939153}. Best is trial 39 with value: 0.5745027509099648.
[I 2025-05-13 01:53:22,895] Trial 42 finished with value: 0.5745019380693216 and parameters: {'threshold_scale_factor': 0.9249921589428518}. Best is trial 39 with value: 0.5745027509099648.
[I 2025-05-13 01:53:25,845] Trial 43 finished with value: 0.5735214310374371 and parameters: {'threshold_scale_factor': 0.9987473356083052}. Best is trial 39 with value: 0.5745027509099648.
[I 2025-05-13 01:53:28,786] Trial 44 finished with value: 0.5743830832757708 and parameters: {'threshold_scale_factor': 0.9335681107648106}. Best is trial 39 with value: 0.5745027509099648.
[I 2025-05-13 01:53:31,729] Trial 45 finished with value: 0.5698659529061533 and parameters: {'threshold_scale_factor': 0.7884456559301009}. Best is trial 39 with value: 0.5745027509099648.
[I 2025-05-13 01:53:34,685] Trial 46 finished with value: 0.5639527172861427 and parameters: {'threshold_scale_factor': 0.6943092082998926}. Best is trial 39 with value: 0.5745027509099648.
[I 2025-05-13 01:53:37,659] Trial 47 finished with value: 0.5726550149355867 and parameters: {'threshold_scale_factor': 0.8430794111757806}. Best is trial 39 with value: 0.5745027509099648.
[I 2025-05-13 01:53:40,590] Trial 48 finished with value: 0.5743337520800231 and parameters: {'threshold_scale_factor': 0.9399719368843693}. Best is trial 39 with value: 0.5745027509099648.
[I 2025-05-13 01:53:43,501] Trial 49 finished with value: 0.5736927346307217 and parameters: {'threshold_scale_factor': 0.975627275756186}. Best is trial 39 with value: 0.5745027509099648.
[I 2025-05-13 01:53:46,357] Trial 50 finished with value: 0.573440440213091 and parameters: {'threshold_scale_factor': 0.8650807775633031}. Best is trial 39 with value: 0.5745027509099648.
[I 2025-05-13 01:53:49,238] Trial 51 finished with value: 0.5743915255004264 and parameters: {'threshold_scale_factor': 0.8936907429082437}. Best is trial 39 with value: 0.5745027509099648.
[I 2025-05-13 01:53:52,117] Trial 52 finished with value: 0.5739391230922861 and parameters: {'threshold_scale_factor': 0.9545218647966157}. Best is trial 39 with value: 0.5745027509099648.
[I 2025-05-13 01:53:54,978] Trial 53 finished with value: 0.5743534454596584 and parameters: {'threshold_scale_factor': 0.9026544907631865}. Best is trial 39 with value: 0.5745027509099648.
[I 2025-05-13 01:53:57,870] Trial 54 finished with value: 0.5723305166038546 and parameters: {'threshold_scale_factor': 0.8335404371956299}. Best is trial 39 with value: 0.5745027509099648.
[I 2025-05-13 01:54:00,714] Trial 55 finished with value: 0.5735117901300609 and parameters: {'threshold_scale_factor': 0.9991462702830025}. Best is trial 39 with value: 0.5745027509099648.
[I 2025-05-13 01:54:03,583] Trial 56 finished with value: 0.5661998358226527 and parameters: {'threshold_scale_factor': 0.7227650599647995}. Best is trial 39 with value: 0.5745027509099648.
[I 2025-05-13 01:54:06,445] Trial 57 finished with value: 0.5161370680623985 and parameters: {'threshold_scale_factor': 0.0655801422022011}. Best is trial 39 with value: 0.5745027509099648.
[I 2025-05-13 01:54:09,459] Trial 58 finished with value: 0.5688035598963029 and parameters: {'threshold_scale_factor': 0.7715741345792098}. Best is trial 39 with value: 0.5745027509099648.
[I 2025-05-13 01:54:12,318] Trial 59 finished with value: 0.5737555548654985 and parameters: {'threshold_scale_factor': 0.8769207592732358}. Best is trial 39 with value: 0.5745027509099648.
[I 2025-05-13 01:54:15,179] Trial 60 finished with value: 0.5744324247606405 and parameters: {'threshold_scale_factor': 0.9200792257471512}. Best is trial 39 with value: 0.5745027509099648.
[I 2025-05-13 01:54:18,043] Trial 61 finished with value: 0.5737009350610087 and parameters: {'threshold_scale_factor': 0.9684355993074406}. Best is trial 39 with value: 0.5745027509099648.
[I 2025-05-13 01:54:20,905] Trial 62 finished with value: 0.5744219607234989 and parameters: {'threshold_scale_factor': 0.9167138682866273}. Best is trial 39 with value: 0.5745027509099648.
[I 2025-05-13 01:54:23,767] Trial 63 finished with value: 0.5723903992942815 and parameters: {'threshold_scale_factor': 0.835524875109881}. Best is trial 39 with value: 0.5745027509099648.
[I 2025-05-13 01:54:26,631] Trial 64 finished with value: 0.5736467010985963 and parameters: {'threshold_scale_factor': 0.8740600507541825}. Best is trial 39 with value: 0.5745027509099648.
[I 2025-05-13 01:54:29,492] Trial 65 finished with value: 0.5744357995926783 and parameters: {'threshold_scale_factor': 0.9203777589404011}. Best is trial 39 with value: 0.5745027509099648.
[I 2025-05-13 01:54:32,363] Trial 66 finished with value: 0.573737667226786 and parameters: {'threshold_scale_factor': 0.9629284285193999}. Best is trial 39 with value: 0.5745027509099648.
[I 2025-05-13 01:54:35,227] Trial 67 finished with value: 0.5395532166872028 and parameters: {'threshold_scale_factor': 0.4137696085556005}. Best is trial 39 with value: 0.5745027509099648.
[I 2025-05-13 01:54:38,095] Trial 68 finished with value: 0.5478821992652703 and parameters: {'threshold_scale_factor': 0.5184380537181713}. Best is trial 39 with value: 0.5745027509099648.
[I 2025-05-13 01:54:40,976] Trial 69 finished with value: 0.5745031470411643 and parameters: {'threshold_scale_factor': 0.9273687623070628}. Best is trial 69 with value: 0.5745031470411643.
[I 2025-05-13 01:54:43,843] Trial 70 finished with value: 0.5743599173174383 and parameters: {'threshold_scale_factor': 0.9371773091502047}. Best is trial 69 with value: 0.5745031470411643.
[I 2025-05-13 01:54:46,707] Trial 71 finished with value: 0.5744215543031773 and parameters: {'threshold_scale_factor': 0.9166203206129668}. Best is trial 69 with value: 0.5745031470411643.
[I 2025-05-13 01:54:49,567] Trial 72 finished with value: 0.5717129171963764 and parameters: {'threshold_scale_factor': 0.8163801664755849}. Best is trial 69 with value: 0.5745031470411643.
[I 2025-05-13 01:54:52,448] Trial 73 finished with value: 0.5736998392695085 and parameters: {'threshold_scale_factor': 0.9681982748580413}. Best is trial 69 with value: 0.5745031470411643.
[I 2025-05-13 01:54:55,463] Trial 74 finished with value: 0.573972845689859 and parameters: {'threshold_scale_factor': 0.8840878965042084}. Best is trial 69 with value: 0.5745031470411643.
[I 2025-05-13 01:54:58,341] Trial 75 finished with value: 0.5744228661662408 and parameters: {'threshold_scale_factor': 0.9173101479764002}. Best is trial 69 with value: 0.5745031470411643.
[I 2025-05-13 01:55:01,224] Trial 76 finished with value: 0.573304968487403 and parameters: {'threshold_scale_factor': 0.8587981467946995}. Best is trial 69 with value: 0.5745031470411643.
[I 2025-05-13 01:55:04,105] Trial 77 finished with value: 0.5695777082960225 and parameters: {'threshold_scale_factor': 0.7838424565391141}. Best is trial 69 with value: 0.5745031470411643.
[I 2025-05-13 01:55:07,002] Trial 78 finished with value: 0.5743726861179227 and parameters: {'threshold_scale_factor': 0.9343290698704007}. Best is trial 69 with value: 0.5745031470411643.
[I 2025-05-13 01:55:09,876] Trial 79 finished with value: 0.5736621862273064 and parameters: {'threshold_scale_factor': 0.9840983583169137}. Best is trial 69 with value: 0.5745031470411643.
[I 2025-05-13 01:55:12,773] Trial 80 finished with value: 0.5720084773722965 and parameters: {'threshold_scale_factor': 0.8236046745813576}. Best is trial 69 with value: 0.5745031470411643.
[I 2025-05-13 01:55:15,641] Trial 81 finished with value: 0.5741917930628722 and parameters: {'threshold_scale_factor': 0.8883542200965577}. Best is trial 69 with value: 0.5745031470411643.
[I 2025-05-13 01:55:18,523] Trial 82 finished with value: 0.5743936810714992 and parameters: {'threshold_scale_factor': 0.9064037955029568}. Best is trial 69 with value: 0.5745031470411643.
[I 2025-05-13 01:55:21,398] Trial 83 finished with value: 0.5730981828566724 and parameters: {'threshold_scale_factor': 0.8524818044840129}. Best is trial 69 with value: 0.5745031470411643.
[I 2025-05-13 01:55:24,271] Trial 84 finished with value: 0.5739875334116089 and parameters: {'threshold_scale_factor': 0.9522959831220693}. Best is trial 69 with value: 0.5745031470411643.
[I 2025-05-13 01:55:27,152] Trial 85 finished with value: 0.5744962944858681 and parameters: {'threshold_scale_factor': 0.9281067947649769}. Best is trial 69 with value: 0.5745031470411643.
[I 2025-05-13 01:55:30,023] Trial 86 finished with value: 0.5744739207899345 and parameters: {'threshold_scale_factor': 0.9290771792197697}. Best is trial 69 with value: 0.5745031470411643.
[I 2025-05-13 01:55:32,912] Trial 87 finished with value: 0.5270520002557464 and parameters: {'threshold_scale_factor': 0.2599893786110485}. Best is trial 69 with value: 0.5745031470411643.
[I 2025-05-13 01:55:35,795] Trial 88 finished with value: 0.573651439239308 and parameters: {'threshold_scale_factor': 0.9790506610920487}. Best is trial 69 with value: 0.5745031470411643.
[I 2025-05-13 01:55:38,677] Trial 89 finished with value: 0.5671285731368596 and parameters: {'threshold_scale_factor': 0.7378119072284702}. Best is trial 69 with value: 0.5745031470411643.
[I 2025-05-13 01:55:41,541] Trial 90 finished with value: 0.5740011304864197 and parameters: {'threshold_scale_factor': 0.9515767885425935}. Best is trial 69 with value: 0.5745031470411643.
[I 2025-05-13 01:55:44,560] Trial 91 finished with value: 0.5744998596666642 and parameters: {'threshold_scale_factor': 0.9267171262663311}. Best is trial 69 with value: 0.5745031470411643.
[I 2025-05-13 01:55:47,415] Trial 92 finished with value: 0.5734150518043921 and parameters: {'threshold_scale_factor': 0.8639493814813582}. Best is trial 69 with value: 0.5745031470411643.
[I 2025-05-13 01:55:50,288] Trial 93 finished with value: 0.5735011666115273 and parameters: {'threshold_scale_factor': 0.9998219291362149}. Best is trial 69 with value: 0.5745031470411643.
[I 2025-05-13 01:55:53,160] Trial 94 finished with value: 0.5743126130787377 and parameters: {'threshold_scale_factor': 0.8911162510845042}. Best is trial 69 with value: 0.5745031470411643.
[I 2025-05-13 01:55:56,019] Trial 95 finished with value: 0.5744295129390957 and parameters: {'threshold_scale_factor': 0.9307172251434983}. Best is trial 69 with value: 0.5745031470411643.
[I 2025-05-13 01:55:58,889] Trial 96 finished with value: 0.5738853161284396 and parameters: {'threshold_scale_factor': 0.9582193109047774}. Best is trial 69 with value: 0.5745031470411643.
[I 2025-05-13 01:56:01,778] Trial 97 finished with value: 0.5743899512647502 and parameters: {'threshold_scale_factor': 0.8935699083436627}. Best is trial 69 with value: 0.5745031470411643.
[I 2025-05-13 01:56:04,649] Trial 98 finished with value: 0.5726070779158791 and parameters: {'threshold_scale_factor': 0.8415101919654566}. Best is trial 69 with value: 0.5745031470411643.
