[I 2025-05-13 01:51:21,352] Trial 0 finished with value: 0.5671352044760315 and parameters: {'threshold_scale_factor': 0.7128190195219924}. Best is trial 0 with value: 0.5671352044760315.
[I 2025-05-13 01:51:24,217] Trial 1 finished with value: 0.5667020633043998 and parameters: {'threshold_scale_factor': 0.7018474190123429}. Best is trial 0 with value: 0.5671352044760315.
[I 2025-05-13 01:51:27,101] Trial 2 finished with value: 0.542452963947266 and parameters: {'threshold_scale_factor': 0.3980964676765849}. Best is trial 0 with value: 0.5671352044760315.
[I 2025-05-13 01:51:29,970] Trial 3 finished with value: 0.5688795450627638 and parameters: {'threshold_scale_factor': 0.8183228314042926}. Best is trial 3 with value: 0.5688795450627638.
[I 2025-05-13 01:51:32,848] Trial 4 finished with value: 0.5225527060792311 and parameters: {'threshold_scale_factor': 0.06012068954402672}. Best is trial 3 with value: 0.5688795450627638.
[I 2025-05-13 01:51:35,718] Trial 5 finished with value: 0.5521207567994995 and parameters: {'threshold_scale_factor': 0.5227942505803099}. Best is trial 3 with value: 0.5688795450627638.
[I 2025-05-13 01:51:38,606] Trial 6 finished with value: 0.5350427176567569 and parameters: {'threshold_scale_factor': 0.2973755283069839}. Best is trial 3 with value: 0.5688795450627638.
[I 2025-05-13 01:51:41,477] Trial 7 finished with value: 0.5231952668968425 and parameters: {'threshold_scale_factor': 0.07988142211155447}. Best is trial 3 with value: 0.5688795450627638.
[I 2025-05-13 01:51:44,482] Trial 8 finished with value: 0.5676032154823465 and parameters: {'threshold_scale_factor': 0.7239857086053245}. Best is trial 3 with value: 0.5688795450627638.
[I 2025-05-13 01:51:47,356] Trial 9 finished with value: 0.565384006189442 and parameters: {'threshold_scale_factor': 0.9765753784878133}. Best is trial 3 with value: 0.5688795450627638.
[I 2025-05-13 01:51:50,222] Trial 10 finished with value: 0.5656109121983737 and parameters: {'threshold_scale_factor': 0.9701559620835605}. Best is trial 3 with value: 0.5688795450627638.
[I 2025-05-13 01:51:53,108] Trial 11 finished with value: 0.568396722865234 and parameters: {'threshold_scale_factor': 0.7410343637087591}. Best is trial 3 with value: 0.5688795450627638.
[I 2025-05-13 01:51:55,970] Trial 12 finished with value: 0.568611456842761 and parameters: {'threshold_scale_factor': 0.8702471618037375}. Best is trial 3 with value: 0.5688795450627638.
[I 2025-05-13 01:51:58,849] Trial 13 finished with value: 0.567083887479725 and parameters: {'threshold_scale_factor': 0.934511767410166}. Best is trial 3 with value: 0.5688795450627638.
[I 2025-05-13 01:52:01,743] Trial 14 finished with value: 0.5687878432623463 and parameters: {'threshold_scale_factor': 0.8628855379314248}. Best is trial 3 with value: 0.5688795450627638.
[I 2025-05-13 01:52:04,614] Trial 15 finished with value: 0.5570568499305413 and parameters: {'threshold_scale_factor': 0.5756836382560762}. Best is trial 3 with value: 0.5688795450627638.
[I 2025-05-13 01:52:07,489] Trial 16 finished with value: 0.5687282280890934 and parameters: {'threshold_scale_factor': 0.8454201988737982}. Best is trial 3 with value: 0.5688795450627638.
[I 2025-05-13 01:52:10,366] Trial 17 finished with value: 0.5624043278846054 and parameters: {'threshold_scale_factor': 0.6328009222044142}. Best is trial 3 with value: 0.5688795450627638.
[I 2025-05-13 01:52:13,241] Trial 18 finished with value: 0.5686858780626678 and parameters: {'threshold_scale_factor': 0.843627528691083}. Best is trial 3 with value: 0.5688795450627638.
[I 2025-05-13 01:52:16,112] Trial 19 finished with value: 0.5397513285880314 and parameters: {'threshold_scale_factor': 0.3653852445683447}. Best is trial 3 with value: 0.5688795450627638.
[I 2025-05-13 01:52:18,985] Trial 20 finished with value: 0.5687735928282844 and parameters: {'threshold_scale_factor': 0.8068734142629919}. Best is trial 3 with value: 0.5688795450627638.
[I 2025-05-13 01:52:21,872] Trial 21 finished with value: 0.5687751979313267 and parameters: {'threshold_scale_factor': 0.8535255048819206}. Best is trial 3 with value: 0.5688795450627638.
[I 2025-05-13 01:52:24,740] Trial 22 finished with value: 0.5683427564199954 and parameters: {'threshold_scale_factor': 0.8996747137466652}. Best is trial 3 with value: 0.5688795450627638.
[I 2025-05-13 01:52:27,620] Trial 23 finished with value: 0.5636561899327484 and parameters: {'threshold_scale_factor': 0.6508690725215807}. Best is trial 3 with value: 0.5688795450627638.
[I 2025-05-13 01:52:30,489] Trial 24 finished with value: 0.5688681910165634 and parameters: {'threshold_scale_factor': 0.7881154032171421}. Best is trial 3 with value: 0.5688795450627638.
[I 2025-05-13 01:52:33,498] Trial 25 finished with value: 0.5689093526493904 and parameters: {'threshold_scale_factor': 0.786470890595457}. Best is trial 25 with value: 0.5689093526493904.
[I 2025-05-13 01:52:36,384] Trial 26 finished with value: 0.5688136072240009 and parameters: {'threshold_scale_factor': 0.7727038800678416}. Best is trial 25 with value: 0.5689093526493904.
[I 2025-05-13 01:52:39,249] Trial 27 finished with value: 0.5495844110417014 and parameters: {'threshold_scale_factor': 0.4849412437114521}. Best is trial 25 with value: 0.5689093526493904.
[I 2025-05-13 01:52:42,138] Trial 28 finished with value: 0.5611382925708155 and parameters: {'threshold_scale_factor': 0.6141616504073515}. Best is trial 25 with value: 0.5689093526493904.
[I 2025-05-13 01:52:45,001] Trial 29 finished with value: 0.5656391815612511 and parameters: {'threshold_scale_factor': 0.6853781727153063}. Best is trial 25 with value: 0.5689093526493904.
[I 2025-05-13 01:52:47,884] Trial 30 finished with value: 0.5284926728383701 and parameters: {'threshold_scale_factor': 0.19232517213678924}. Best is trial 25 with value: 0.5689093526493904.
[I 2025-05-13 01:52:50,760] Trial 31 finished with value: 0.568894587759225 and parameters: {'threshold_scale_factor': 0.8101038169440336}. Best is trial 25 with value: 0.5689093526493904.
[I 2025-05-13 01:52:53,858] Trial 32 finished with value: 0.5689031894652725 and parameters: {'threshold_scale_factor': 0.7833678182481865}. Best is trial 25 with value: 0.5689093526493904.
[I 2025-05-13 01:52:56,735] Trial 33 finished with value: 0.5670342476103154 and parameters: {'threshold_scale_factor': 0.7077981072934383}. Best is trial 25 with value: 0.5689093526493904.
[I 2025-05-13 01:52:59,609] Trial 34 finished with value: 0.5674204652407631 and parameters: {'threshold_scale_factor': 0.9280591682398174}. Best is trial 25 with value: 0.5689093526493904.
[I 2025-05-13 01:53:02,490] Trial 35 finished with value: 0.5688669563219154 and parameters: {'threshold_scale_factor': 0.7748244634252346}. Best is trial 25 with value: 0.5689093526493904.
[I 2025-05-13 01:53:05,447] Trial 36 finished with value: 0.5510962534816588 and parameters: {'threshold_scale_factor': 0.5045957752016382}. Best is trial 25 with value: 0.5689093526493904.
[I 2025-05-13 01:53:08,320] Trial 37 finished with value: 0.5664662417711974 and parameters: {'threshold_scale_factor': 0.6986325757747237}. Best is trial 25 with value: 0.5689093526493904.
[I 2025-05-13 01:53:11,203] Trial 38 finished with value: 0.5651308577746798 and parameters: {'threshold_scale_factor': 0.9866339500777762}. Best is trial 25 with value: 0.5689093526493904.
[I 2025-05-13 01:53:14,079] Trial 39 finished with value: 0.5584992922421604 and parameters: {'threshold_scale_factor': 0.5905771105132103}. Best is trial 25 with value: 0.5689093526493904.
[I 2025-05-13 01:53:17,198] Trial 40 finished with value: 0.5451835580405568 and parameters: {'threshold_scale_factor': 0.42852998294569294}. Best is trial 25 with value: 0.5689093526493904.
[I 2025-05-13 01:53:20,220] Trial 41 finished with value: 0.5688061013094534 and parameters: {'threshold_scale_factor': 0.7900586242570681}. Best is trial 25 with value: 0.5689093526493904.
[I 2025-05-13 01:53:23,096] Trial 42 finished with value: 0.5687074852190074 and parameters: {'threshold_scale_factor': 0.7581905217921122}. Best is trial 25 with value: 0.5689093526493904.
[I 2025-05-13 01:53:25,975] Trial 43 finished with value: 0.5676640499165645 and parameters: {'threshold_scale_factor': 0.9183814618021269}. Best is trial 25 with value: 0.5689093526493904.
[I 2025-05-13 01:53:28,854] Trial 44 finished with value: 0.5688019702269436 and parameters: {'threshold_scale_factor': 0.8294702726581769}. Best is trial 25 with value: 0.5689093526493904.
[I 2025-05-13 01:53:31,748] Trial 45 finished with value: 0.5650829876342656 and parameters: {'threshold_scale_factor': 0.6733434650458145}. Best is trial 25 with value: 0.5689093526493904.
[I 2025-05-13 01:53:34,621] Trial 46 finished with value: 0.5684930239032151 and parameters: {'threshold_scale_factor': 0.7479350433753525}. Best is trial 25 with value: 0.5689093526493904.
[I 2025-05-13 01:53:37,503] Trial 47 finished with value: 0.5546890091248257 and parameters: {'threshold_scale_factor': 0.5552741074363988}. Best is trial 25 with value: 0.5689093526493904.
[I 2025-05-13 01:53:40,380] Trial 48 finished with value: 0.568285415142719 and parameters: {'threshold_scale_factor': 0.9018000676854215}. Best is trial 25 with value: 0.5689093526493904.
[I 2025-05-13 01:53:43,251] Trial 49 finished with value: 0.5689228468329804 and parameters: {'threshold_scale_factor': 0.8111493405347979}. Best is trial 49 with value: 0.5689228468329804.
[I 2025-05-13 01:53:46,136] Trial 50 finished with value: 0.5685031329656454 and parameters: {'threshold_scale_factor': 0.8815367102748224}. Best is trial 49 with value: 0.5689228468329804.
[I 2025-05-13 01:53:49,002] Trial 51 finished with value: 0.5688700945041457 and parameters: {'threshold_scale_factor': 0.8173595815968447}. Best is trial 49 with value: 0.5689228468329804.
[I 2025-05-13 01:53:51,883] Trial 52 finished with value: 0.5688769933604914 and parameters: {'threshold_scale_factor': 0.8180910309424264}. Best is trial 49 with value: 0.5689228468329804.
[I 2025-05-13 01:53:54,751] Trial 53 finished with value: 0.5661692153953828 and parameters: {'threshold_scale_factor': 0.955912362583544}. Best is trial 49 with value: 0.5689228468329804.
[I 2025-05-13 01:53:57,631] Trial 54 finished with value: 0.5684297252242622 and parameters: {'threshold_scale_factor': 0.7419202458503875}. Best is trial 49 with value: 0.5689228468329804.
[I 2025-05-13 01:54:00,511] Trial 55 finished with value: 0.5684979935491732 and parameters: {'threshold_scale_factor': 0.8754163126410878}. Best is trial 49 with value: 0.5689228468329804.
[I 2025-05-13 01:54:03,392] Trial 56 finished with value: 0.5678728419260981 and parameters: {'threshold_scale_factor': 0.7306097932697012}. Best is trial 49 with value: 0.5689228468329804.
[I 2025-05-13 01:54:06,279] Trial 57 finished with value: 0.5689237316974782 and parameters: {'threshold_scale_factor': 0.8225645613898939}. Best is trial 57 with value: 0.5689237316974782.
[I 2025-05-13 01:54:09,286] Trial 58 finished with value: 0.5645077742651401 and parameters: {'threshold_scale_factor': 0.6636686999984377}. Best is trial 57 with value: 0.5689237316974782.
[I 2025-05-13 01:54:12,164] Trial 59 finished with value: 0.568779565663644 and parameters: {'threshold_scale_factor': 0.8551568498627878}. Best is trial 57 with value: 0.5689237316974782.
[I 2025-05-13 01:54:15,052] Trial 60 finished with value: 0.5667536015168306 and parameters: {'threshold_scale_factor': 0.9409737640531668}. Best is trial 57 with value: 0.5689237316974782.
[I 2025-05-13 01:54:17,933] Trial 61 finished with value: 0.5689315565748096 and parameters: {'threshold_scale_factor': 0.8220269484372796}. Best is trial 61 with value: 0.5689315565748096.
[I 2025-05-13 01:54:20,819] Trial 62 finished with value: 0.5686935331694852 and parameters: {'threshold_scale_factor': 0.8028804417854204}. Best is trial 61 with value: 0.5689315565748096.
[I 2025-05-13 01:54:24,490] Trial 63 finished with value: 0.5672403232916235 and parameters: {'threshold_scale_factor': 0.7161838229065633}. Best is trial 61 with value: 0.5689315565748096.
[I 2025-05-13 01:54:27,382] Trial 64 finished with value: 0.5647796077255749 and parameters: {'threshold_scale_factor': 0.9971713727154095}. Best is trial 61 with value: 0.5689315565748096.
[I 2025-05-13 01:54:30,254] Trial 65 finished with value: 0.5684939242013959 and parameters: {'threshold_scale_factor': 0.8874266172565742}. Best is trial 61 with value: 0.5689315565748096.
[I 2025-05-13 01:54:33,131] Trial 66 finished with value: 0.568762063867009 and parameters: {'threshold_scale_factor': 0.8375218176321322}. Best is trial 61 with value: 0.5689315565748096.
[I 2025-05-13 01:54:36,014] Trial 67 finished with value: 0.5244229237853244 and parameters: {'threshold_scale_factor': 0.10880279483434674}. Best is trial 61 with value: 0.5689315565748096.
[I 2025-05-13 01:54:38,902] Trial 68 finished with value: 0.5687873493844872 and parameters: {'threshold_scale_factor': 0.7690246625899866}. Best is trial 61 with value: 0.5689315565748096.
[I 2025-05-13 01:54:41,797] Trial 69 finished with value: 0.5623518173501391 and parameters: {'threshold_scale_factor': 0.631698994642591}. Best is trial 61 with value: 0.5689315565748096.
[I 2025-05-13 01:54:44,670] Trial 70 finished with value: 0.5687320196305748 and parameters: {'threshold_scale_factor': 0.8051700714230194}. Best is trial 61 with value: 0.5689315565748096.
[I 2025-05-13 01:54:47,561] Trial 71 finished with value: 0.5688522994675318 and parameters: {'threshold_scale_factor': 0.8270349821031344}. Best is trial 61 with value: 0.5689315565748096.
[I 2025-05-13 01:54:50,432] Trial 72 finished with value: 0.5687903589526917 and parameters: {'threshold_scale_factor': 0.8560342341143593}. Best is trial 61 with value: 0.5689315565748096.
[I 2025-05-13 01:54:53,324] Trial 73 finished with value: 0.5689060344075239 and parameters: {'threshold_scale_factor': 0.7827221851794792}. Best is trial 61 with value: 0.5689315565748096.
[I 2025-05-13 01:54:56,349] Trial 74 finished with value: 0.5666522948209642 and parameters: {'threshold_scale_factor': 0.7011308888808404}. Best is trial 61 with value: 0.5689315565748096.
[I 2025-05-13 01:54:59,226] Trial 75 finished with value: 0.5689068523927281 and parameters: {'threshold_scale_factor': 0.781946749528789}. Best is trial 61 with value: 0.5689315565748096.
[I 2025-05-13 01:55:02,118] Trial 76 finished with value: 0.5689027058765354 and parameters: {'threshold_scale_factor': 0.7815085851261175}. Best is trial 61 with value: 0.5689315565748096.
[I 2025-05-13 01:55:04,989] Trial 77 finished with value: 0.5688219722802408 and parameters: {'threshold_scale_factor': 0.7732433041728515}. Best is trial 61 with value: 0.5689315565748096.
[I 2025-05-13 01:55:07,861] Trial 78 finished with value: 0.5679245293307991 and parameters: {'threshold_scale_factor': 0.7314489400865424}. Best is trial 61 with value: 0.5689315565748096.
[I 2025-05-13 01:55:10,747] Trial 79 finished with value: 0.5346975433342324 and parameters: {'threshold_scale_factor': 0.29166204767615467}. Best is trial 61 with value: 0.5689315565748096.
[I 2025-05-13 01:55:13,622] Trial 80 finished with value: 0.5685677177848565 and parameters: {'threshold_scale_factor': 0.7546392008138684}. Best is trial 61 with value: 0.5689315565748096.
[I 2025-05-13 01:55:16,519] Trial 81 finished with value: 0.5687761188077517 and parameters: {'threshold_scale_factor': 0.7918794958272591}. Best is trial 61 with value: 0.5689315565748096.
[I 2025-05-13 01:55:19,399] Trial 82 finished with value: 0.5689094966970992 and parameters: {'threshold_scale_factor': 0.7863186286300973}. Best is trial 61 with value: 0.5689315565748096.
[I 2025-05-13 01:55:22,276] Trial 83 finished with value: 0.565666226518603 and parameters: {'threshold_scale_factor': 0.685753208074935}. Best is trial 61 with value: 0.5689315565748096.
[I 2025-05-13 01:55:25,147] Trial 84 finished with value: 0.568908550097869 and parameters: {'threshold_scale_factor': 0.785806868829094}. Best is trial 61 with value: 0.5689315565748096.
[I 2025-05-13 01:55:28,008] Trial 85 finished with value: 0.5682866292591229 and parameters: {'threshold_scale_factor': 0.9017550677311995}. Best is trial 61 with value: 0.5689315565748096.
[I 2025-05-13 01:55:30,889] Trial 86 finished with value: 0.5686963112324432 and parameters: {'threshold_scale_factor': 0.8441874895878676}. Best is trial 61 with value: 0.5689315565748096.
[I 2025-05-13 01:55:33,763] Trial 87 finished with value: 0.5631246538867951 and parameters: {'threshold_scale_factor': 0.6437275497469337}. Best is trial 61 with value: 0.5689315565748096.
[I 2025-05-13 01:55:36,649] Trial 88 finished with value: 0.5213278426873903 and parameters: {'threshold_scale_factor': 0.009723368512665087}. Best is trial 61 with value: 0.5689315565748096.
[I 2025-05-13 01:55:39,525] Trial 89 finished with value: 0.5685837739598413 and parameters: {'threshold_scale_factor': 0.8712199425957077}. Best is trial 61 with value: 0.5689315565748096.
[I 2025-05-13 01:55:42,403] Trial 90 finished with value: 0.5677089104887743 and parameters: {'threshold_scale_factor': 0.9170465189945176}. Best is trial 61 with value: 0.5689315565748096.
[I 2025-05-13 01:55:45,437] Trial 91 finished with value: 0.5688538325467197 and parameters: {'threshold_scale_factor': 0.7744395953810358}. Best is trial 61 with value: 0.5689315565748096.
[I 2025-05-13 01:55:48,310] Trial 92 finished with value: 0.5687395255451223 and parameters: {'threshold_scale_factor': 0.7944345075253055}. Best is trial 61 with value: 0.5689315565748096.
[I 2025-05-13 01:55:51,185] Trial 93 finished with value: 0.5675844224008921 and parameters: {'threshold_scale_factor': 0.7234847422159977}. Best is trial 61 with value: 0.5689315565748096.
[I 2025-05-13 01:55:54,071] Trial 94 finished with value: 0.5686821225331136 and parameters: {'threshold_scale_factor': 0.7571006247564813}. Best is trial 61 with value: 0.5689315565748096.
[I 2025-05-13 01:55:56,949] Trial 95 finished with value: 0.5687595378875416 and parameters: {'threshold_scale_factor': 0.8376792250258261}. Best is trial 61 with value: 0.5689315565748096.
[I 2025-05-13 01:55:59,831] Trial 96 finished with value: 0.56887773417728 and parameters: {'threshold_scale_factor': 0.8179525457291339}. Best is trial 61 with value: 0.5689315565748096.
[I 2025-05-13 01:56:02,705] Trial 97 finished with value: 0.5688950713479621 and parameters: {'threshold_scale_factor': 0.7873148257757221}. Best is trial 61 with value: 0.5689315565748096.
[I 2025-05-13 01:56:05,601] Trial 98 finished with value: 0.5684071920469367 and parameters: {'threshold_scale_factor': 0.7413112177517827}. Best is trial 61 with value: 0.5689315565748096.
