[I 2025-05-13 01:56:07,598] Trial 99 finished with value: 0.563468341431181 and parameters: {'threshold_scale_factor': 0.7431247391268622}. Best is trial 75 with value: 0.5663863210155462.
Best hyperparameters: {'threshold_scale_factor': 0.8837032125336111}
Best optimized value: 0.5663863210155462
Running audit 1/1
Training a GraphSAGE target model on pubmed...
Training GraphSAGE on cuda:   0%|          | 0/100 [00:00<?, ?it/s]Training GraphSAGE on cuda:  22%|██▏       | 22/100 [00:00<00:00, 210.78it/s]Training GraphSAGE on cuda:  44%|████▍     | 44/100 [00:00<00:00, 213.46it/s]Training GraphSAGE on cuda:  66%|██████▌   | 66/100 [00:00<00:00, 214.46it/s]Training GraphSAGE on cuda:  88%|████████▊ | 88/100 [00:00<00:00, 214.88it/s]Training GraphSAGE on cuda: 100%|██████████| 100/100 [00:00<00:00, 214.37it/s]
Train accuracy: 0.9625 | Test accuracy: 0.8760
Training MLP on cuda:   0%|          | 0/1000 [00:00<?, ?it/s]Training MLP on cuda:   0%|          | 1/1000 [00:21<5:53:25, 21.23s/it]Training MLP on cuda:   0%|          | 2/1000 [00:42<5:51:40, 21.14s/it]Training MLP on cuda:   0%|          | 3/1000 [01:03<5:52:20, 21.20s/it]Training MLP on cuda:   0%|          | 4/1000 [01:24<5:51:04, 21.15s/it]Training MLP on cuda:   0%|          | 5/1000 [01:45<5:50:07, 21.11s/it]Training MLP on cuda:   1%|          | 6/1000 [02:06<5:50:03, 21.13s/it]Training MLP on cuda:   1%|          | 7/1000 [02:27<5:49:40, 21.13s/it]Training MLP on cuda:   1%|          | 8/1000 [02:49<5:50:09, 21.18s/it]Training MLP on cuda:   1%|          | 9/1000 [03:10<5:49:09, 21.14s/it]Training MLP on cuda:   1%|          | 10/1000 [03:31<5:49:08, 21.16s/it]Training MLP on cuda:   1%|          | 11/1000 [03:52<5:48:10, 21.12s/it]Training MLP on cuda:   1%|          | 12/1000 [04:13<5:48:19, 21.15s/it]Training MLP on cuda:   1%|▏         | 13/1000 [04:34<5:48:06, 21.16s/it]Training MLP on cuda:   1%|▏         | 14/1000 [04:55<5:46:56, 21.11s/it]Training MLP on cuda:   2%|▏         | 15/1000 [05:17<5:46:55, 21.13s/it]Training MLP on cuda:   2%|▏         | 16/1000 [05:38<5:46:45, 21.14s/it]Training MLP on cuda:   2%|▏         | 17/1000 [05:59<5:47:08, 21.19s/it]Training MLP on cuda:   2%|▏         | 18/1000 [06:20<5:46:04, 21.15s/it]Training MLP on cuda:   2%|▏         | 19/1000 [06:41<5:45:59, 21.16s/it]Training MLP on cuda:   2%|▏         | 20/1000 [07:02<5:44:53, 21.12s/it]Training MLP on cuda:   2%|▏         | 21/1000 [07:24<5:45:08, 21.15s/it]Training MLP on cuda:   2%|▏         | 22/1000 [07:45<5:44:51, 21.16s/it]Training MLP on cuda:   2%|▏         | 23/1000 [08:06<5:43:59, 21.13s/it]Training MLP on cuda:   2%|▏         | 24/1000 [08:27<5:43:46, 21.13s/it]Training MLP on cuda:   2%|▎         | 25/1000 [08:48<5:43:41, 21.15s/it]Training MLP on cuda:   3%|▎         | 26/1000 [09:09<5:44:06, 21.20s/it]Training MLP on cuda:   3%|▎         | 27/1000 [09:31<5:43:11, 21.16s/it]Training MLP on cuda:   3%|▎         | 28/1000 [09:52<5:43:06, 21.18s/it]Training MLP on cuda:   3%|▎         | 29/1000 [10:13<5:42:07, 21.14s/it]Training MLP on cuda:   3%|▎         | 30/1000 [10:34<5:42:15, 21.17s/it]Training MLP on cuda:   3%|▎         | 31/1000 [10:55<5:41:49, 21.17s/it]Training MLP on cuda:   3%|▎         | 32/1000 [11:16<5:40:51, 21.13s/it]Training MLP on cuda:   3%|▎         | 33/1000 [11:37<5:40:46, 21.14s/it]Training MLP on cuda:   3%|▎         | 34/1000 [11:59<5:40:43, 21.16s/it]Training MLP on cuda:   4%|▎         | 35/1000 [12:20<5:41:13, 21.22s/it]Training MLP on cuda:   4%|▎         | 36/1000 [12:41<5:40:06, 21.17s/it]Training MLP on cuda:   4%|▎         | 37/1000 [13:02<5:39:55, 21.18s/it]Training MLP on cuda:   4%|▍         | 38/1000 [13:23<5:38:54, 21.14s/it]Training MLP on cuda:   4%|▍         | 39/1000 [13:45<5:38:54, 21.16s/it]Training MLP on cuda:   4%|▍         | 40/1000 [14:06<5:38:39, 21.17s/it]Training MLP on cuda:   4%|▍         | 41/1000 [14:27<5:37:34, 21.12s/it]Training MLP on cuda:   4%|▍         | 42/1000 [14:48<5:37:48, 21.16s/it]Training MLP on cuda:   4%|▍         | 43/1000 [15:09<5:37:31, 21.16s/it]Training MLP on cuda:   4%|▍         | 44/1000 [15:30<5:38:00, 21.21s/it]Training MLP on cuda:   4%|▍         | 45/1000 [15:52<5:37:00, 21.17s/it]Training MLP on cuda:   5%|▍         | 46/1000 [16:13<5:36:44, 21.18s/it]Training MLP on cuda:   5%|▍         | 47/1000 [16:34<5:35:26, 21.12s/it]Training MLP on cuda:   5%|▍         | 48/1000 [16:55<5:34:22, 21.07s/it]Training MLP on cuda:   5%|▍         | 49/1000 [17:16<5:33:14, 21.02s/it]Training MLP on cuda:   5%|▌         | 50/1000 [17:36<5:31:34, 20.94s/it]Training MLP on cuda:   5%|▌         | 51/1000 [17:57<5:31:10, 20.94s/it]Training MLP on cuda:   5%|▌         | 52/1000 [18:18<5:30:53, 20.94s/it]Training MLP on cuda:   5%|▌         | 53/1000 [18:39<5:31:07, 20.98s/it]Training MLP on cuda:   5%|▌         | 54/1000 [19:00<5:30:19, 20.95s/it]Training MLP on cuda:   6%|▌         | 55/1000 [19:21<5:29:58, 20.95s/it]Training MLP on cuda:   6%|▌         | 56/1000 [19:42<5:28:58, 20.91s/it]Training MLP on cuda:   6%|▌         | 57/1000 [20:03<5:29:35, 20.97s/it]Training MLP on cuda:   6%|▌         | 58/1000 [20:24<5:30:04, 21.02s/it]Training MLP on cuda:   6%|▌         | 59/1000 [20:45<5:29:36, 21.02s/it]Training MLP on cuda:   6%|▌         | 60/1000 [21:06<5:30:02, 21.07s/it]Training MLP on cuda:   6%|▌         | 61/1000 [21:28<5:30:18, 21.11s/it]Training MLP on cuda:   6%|▌         | 62/1000 [21:49<5:30:57, 21.17s/it]Training MLP on cuda:   6%|▋         | 63/1000 [22:10<5:30:18, 21.15s/it]Training MLP on cuda:   6%|▋         | 64/1000 [22:31<5:30:12, 21.17s/it]Training MLP on cuda:   6%|▋         | 65/1000 [22:52<5:29:17, 21.13s/it]Training MLP on cuda:   7%|▋         | 66/1000 [23:13<5:29:28, 21.17s/it]Training MLP on cuda:   7%|▋         | 67/1000 [23:35<5:29:03, 21.16s/it]Training MLP on cuda:   7%|▋         | 68/1000 [23:56<5:27:57, 21.11s/it]Training MLP on cuda:   7%|▋         | 69/1000 [24:17<5:27:47, 21.13s/it]Training MLP on cuda:   7%|▋         | 70/1000 [24:38<5:27:36, 21.14s/it]Training MLP on cuda:   7%|▋         | 71/1000 [24:59<5:28:06, 21.19s/it]Training MLP on cuda:   7%|▋         | 72/1000 [25:20<5:27:10, 21.15s/it]Training MLP on cuda:   7%|▋         | 73/1000 [25:42<5:27:07, 21.17s/it]Training MLP on cuda:   7%|▋         | 74/1000 [26:03<5:26:01, 21.12s/it]Training MLP on cuda:   8%|▊         | 75/1000 [26:24<5:26:02, 21.15s/it]Training MLP on cuda:   8%|▊         | 76/1000 [26:45<5:25:25, 21.13s/it]Training MLP on cuda:   8%|▊         | 77/1000 [27:06<5:24:15, 21.08s/it]Training MLP on cuda:   8%|▊         | 78/1000 [27:27<5:24:23, 21.11s/it]Training MLP on cuda:   8%|▊         | 79/1000 [27:48<5:24:13, 21.12s/it]Training MLP on cuda:   8%|▊         | 80/1000 [28:09<5:24:44, 21.18s/it]Training MLP on cuda:   8%|▊         | 81/1000 [28:31<5:23:47, 21.14s/it]Training MLP on cuda:   8%|▊         | 82/1000 [28:52<5:23:40, 21.16s/it]Training MLP on cuda:   8%|▊         | 83/1000 [29:13<5:21:53, 21.06s/it]Training MLP on cuda:   8%|▊         | 84/1000 [29:34<5:21:27, 21.06s/it]Training MLP on cuda:   8%|▊         | 85/1000 [29:55<5:20:38, 21.03s/it]Training MLP on cuda:   9%|▊         | 86/1000 [30:15<5:19:27, 20.97s/it]Training MLP on cuda:   9%|▊         | 87/1000 [30:36<5:19:21, 20.99s/it]Training MLP on cuda:   9%|▉         | 88/1000 [30:57<5:19:00, 20.99s/it]Training MLP on cuda:   9%|▉         | 89/1000 [31:19<5:19:16, 21.03s/it]Training MLP on cuda:   9%|▉         | 90/1000 [31:39<5:18:17, 20.99s/it]Training MLP on cuda:   9%|▉         | 91/1000 [32:00<5:18:00, 20.99s/it]Training MLP on cuda:   9%|▉         | 92/1000 [32:21<5:17:04, 20.95s/it]Training MLP on cuda:   9%|▉         | 93/1000 [32:42<5:17:16, 20.99s/it]Training MLP on cuda:   9%|▉         | 94/1000 [33:03<5:16:59, 20.99s/it]Training MLP on cuda:  10%|▉         | 95/1000 [33:24<5:15:51, 20.94s/it]Training MLP on cuda:  10%|▉         | 96/1000 [33:45<5:15:50, 20.96s/it]Training MLP on cuda:  10%|▉         | 97/1000 [34:06<5:15:42, 20.98s/it]Training MLP on cuda:  10%|▉         | 98/1000 [34:27<5:15:49, 21.01s/it]Training MLP on cuda:  10%|▉         | 99/1000 [34:48<5:15:04, 20.98s/it]Training MLP on cuda:  10%|█         | 100/1000 [35:09<5:14:49, 20.99s/it]Training MLP on cuda:  10%|█         | 101/1000 [35:30<5:13:58, 20.95s/it]Training MLP on cuda:  10%|█         | 102/1000 [35:51<5:14:09, 20.99s/it]Training MLP on cuda:  10%|█         | 103/1000 [36:12<5:13:37, 20.98s/it]Training MLP on cuda:  10%|█         | 104/1000 [36:33<5:12:37, 20.93s/it]Training MLP on cuda:  10%|█         | 105/1000 [36:54<5:12:34, 20.96s/it]Training MLP on cuda:  11%|█         | 106/1000 [37:15<5:12:39, 20.98s/it]Training MLP on cuda:  11%|█         | 107/1000 [37:36<5:12:53, 21.02s/it]Training MLP on cuda:  11%|█         | 108/1000 [37:57<5:11:53, 20.98s/it]Training MLP on cuda:  11%|█         | 109/1000 [38:18<5:11:50, 21.00s/it]Training MLP on cuda:  11%|█         | 110/1000 [38:39<5:10:52, 20.96s/it]Training MLP on cuda:  11%|█         | 111/1000 [39:00<5:10:59, 20.99s/it]Training MLP on cuda:  11%|█         | 112/1000 [39:21<5:10:23, 20.97s/it]Training MLP on cuda:  11%|█▏        | 113/1000 [39:42<5:09:21, 20.93s/it]Training MLP on cuda:  11%|█▏        | 114/1000 [40:03<5:09:22, 20.95s/it]Training MLP on cuda:  12%|█▏        | 115/1000 [40:24<5:09:05, 20.96s/it]Training MLP on cuda:  12%|█▏        | 116/1000 [40:45<5:09:25, 21.00s/it]Training MLP on cuda:  12%|█▏        | 117/1000 [41:06<5:08:34, 20.97s/it]Training MLP on cuda:  12%|█▏        | 118/1000 [41:27<5:08:15, 20.97s/it]Training MLP on cuda:  12%|█▏        | 119/1000 [41:47<5:07:15, 20.93s/it]Training MLP on cuda:  12%|█▏        | 120/1000 [42:09<5:07:25, 20.96s/it]Training MLP on cuda:  12%|█▏        | 121/1000 [42:29<5:07:07, 20.96s/it]Training MLP on cuda:  12%|█▏        | 122/1000 [42:50<5:06:10, 20.92s/it]Training MLP on cuda:  12%|█▏        | 123/1000 [43:11<5:06:09, 20.95s/it]Training MLP on cuda:  12%|█▏        | 124/1000 [43:32<5:06:03, 20.96s/it]Training MLP on cuda:  12%|█▎        | 125/1000 [43:53<5:06:22, 21.01s/it]Training MLP on cuda:  13%|█▎        | 126/1000 [44:14<5:05:36, 20.98s/it]Training MLP on cuda:  13%|█▎        | 127/1000 [44:35<5:05:31, 21.00s/it]Training MLP on cuda:  13%|█▎        | 128/1000 [44:56<5:04:36, 20.96s/it]Training MLP on cuda:  13%|█▎        | 129/1000 [45:17<5:04:41, 20.99s/it]Training MLP on cuda:  13%|█▎        | 130/1000 [45:38<5:04:16, 20.98s/it]Training MLP on cuda:  13%|█▎        | 131/1000 [45:59<5:03:12, 20.93s/it]Training MLP on cuda:  13%|█▎        | 132/1000 [46:20<5:03:07, 20.95s/it]Training MLP on cuda:  13%|█▎        | 133/1000 [46:41<5:03:04, 20.97s/it]Training MLP on cuda:  13%|█▎        | 134/1000 [47:02<5:03:27, 21.02s/it]Training MLP on cuda:  14%|█▎        | 135/1000 [47:23<5:02:28, 20.98s/it]Training MLP on cuda:  14%|█▎        | 136/1000 [47:44<5:02:07, 20.98s/it]Training MLP on cuda:  14%|█▎        | 137/1000 [48:05<5:01:16, 20.95s/it]Training MLP on cuda:  14%|█▍        | 138/1000 [48:26<5:01:14, 20.97s/it]Training MLP on cuda:  14%|█▍        | 139/1000 [48:47<5:00:46, 20.96s/it]Training MLP on cuda:  14%|█▍        | 140/1000 [49:08<4:59:56, 20.93s/it]Training MLP on cuda:  14%|█▍        | 141/1000 [49:29<4:59:49, 20.94s/it]Training MLP on cuda:  14%|█▍        | 142/1000 [49:50<4:59:53, 20.97s/it]Training MLP on cuda:  14%|█▍        | 143/1000 [50:11<5:00:18, 21.02s/it]Training MLP on cuda:  14%|█▍        | 144/1000 [50:32<4:59:17, 20.98s/it]Training MLP on cuda:  14%|█▍        | 145/1000 [50:53<4:59:13, 21.00s/it]Training MLP on cuda:  15%|█▍        | 146/1000 [51:14<4:58:17, 20.96s/it]Training MLP on cuda:  15%|█▍        | 147/1000 [51:35<4:58:27, 20.99s/it]Training MLP on cuda:  15%|█▍        | 148/1000 [51:56<4:57:56, 20.98s/it]Training MLP on cuda:  15%|█▍        | 149/1000 [52:17<4:56:54, 20.93s/it]Training MLP on cuda:  15%|█▌        | 150/1000 [52:38<4:56:51, 20.95s/it]Training MLP on cuda:  15%|█▌        | 151/1000 [52:59<4:56:35, 20.96s/it]Training MLP on cuda:  15%|█▌        | 152/1000 [53:20<4:57:02, 21.02s/it]Training MLP on cuda:  15%|█▌        | 153/1000 [53:41<4:56:02, 20.97s/it]Training MLP on cuda:  15%|█▌        | 153/1000 [54:02<4:59:08, 21.19s/it]
Training MLP on cuda:   0%|          | 0/1000 [00:00<?, ?it/s]Training MLP on cuda:   0%|          | 1/1000 [00:21<5:52:43, 21.18s/it]Training MLP on cuda:   0%|          | 2/1000 [00:42<5:50:25, 21.07s/it]Training MLP on cuda:   0%|          | 3/1000 [01:03<5:50:34, 21.10s/it]Training MLP on cuda:   0%|          | 4/1000 [01:24<5:51:00, 21.14s/it]Training MLP on cuda:   0%|          | 5/1000 [01:45<5:50:09, 21.12s/it]Training MLP on cuda:   1%|          | 6/1000 [02:06<5:50:54, 21.18s/it]Training MLP on cuda:   1%|          | 7/1000 [02:28<5:50:57, 21.21s/it]Training MLP on cuda:   1%|          | 8/1000 [02:49<5:50:42, 21.21s/it]Training MLP on cuda:   1%|          | 9/1000 [03:10<5:49:14, 21.15s/it]Training MLP on cuda:   1%|          | 10/1000 [03:31<5:48:57, 21.15s/it]Training MLP on cuda:   1%|          | 11/1000 [03:52<5:48:50, 21.16s/it]Training MLP on cuda:   1%|          | 12/1000 [04:13<5:47:58, 21.13s/it]Training MLP on cuda:   1%|▏         | 13/1000 [04:35<5:48:28, 21.18s/it]Training MLP on cuda:   1%|▏         | 14/1000 [04:56<5:48:19, 21.20s/it]Training MLP on cuda:   2%|▏         | 15/1000 [05:17<5:48:20, 21.22s/it]Training MLP on cuda:   2%|▏         | 16/1000 [05:38<5:46:53, 21.15s/it]Training MLP on cuda:   2%|▏         | 17/1000 [05:59<5:46:26, 21.15s/it]Training MLP on cuda:   2%|▏         | 18/1000 [06:20<5:46:18, 21.16s/it]Training MLP on cuda:   2%|▏         | 19/1000 [06:41<5:45:30, 21.13s/it]Training MLP on cuda:   2%|▏         | 20/1000 [07:03<5:46:03, 21.19s/it]Training MLP on cuda:   2%|▏         | 21/1000 [07:24<5:45:47, 21.19s/it]Training MLP on cuda:   2%|▏         | 22/1000 [07:45<5:45:47, 21.21s/it]Training MLP on cuda:   2%|▏         | 23/1000 [08:06<5:44:23, 21.15s/it]Training MLP on cuda:   2%|▏         | 24/1000 [08:27<5:44:02, 21.15s/it]Training MLP on cuda:   2%|▎         | 25/1000 [08:49<5:43:46, 21.16s/it]Training MLP on cuda:   3%|▎         | 26/1000 [09:10<5:43:01, 21.13s/it]Training MLP on cuda:   3%|▎         | 27/1000 [09:31<5:43:34, 21.19s/it]Training MLP on cuda:   3%|▎         | 28/1000 [09:52<5:43:18, 21.19s/it]Training MLP on cuda:   3%|▎         | 29/1000 [10:13<5:43:11, 21.21s/it]Training MLP on cuda:   3%|▎         | 30/1000 [10:34<5:41:30, 21.12s/it]Training MLP on cuda:   3%|▎         | 31/1000 [10:55<5:41:07, 21.12s/it]Training MLP on cuda:   3%|▎         | 32/1000 [11:17<5:40:54, 21.13s/it]Training MLP on cuda:   3%|▎         | 33/1000 [11:38<5:39:58, 21.09s/it]Training MLP on cuda:   3%|▎         | 34/1000 [11:59<5:40:40, 21.16s/it]Training MLP on cuda:   4%|▎         | 35/1000 [12:20<5:40:26, 21.17s/it]Training MLP on cuda:   4%|▎         | 36/1000 [12:41<5:40:27, 21.19s/it]Training MLP on cuda:   4%|▎         | 37/1000 [13:02<5:38:51, 21.11s/it]Training MLP on cuda:   4%|▍         | 38/1000 [13:23<5:38:26, 21.11s/it]Training MLP on cuda:   4%|▍         | 39/1000 [13:45<5:38:17, 21.12s/it]Training MLP on cuda:   4%|▍         | 40/1000 [14:06<5:37:28, 21.09s/it]Training MLP on cuda:   4%|▍         | 41/1000 [14:27<5:38:07, 21.16s/it]Training MLP on cuda:   4%|▍         | 42/1000 [14:48<5:37:56, 21.17s/it]Training MLP on cuda:   4%|▍         | 43/1000 [15:09<5:38:01, 21.19s/it]Training MLP on cuda:   4%|▍         | 44/1000 [15:30<5:36:35, 21.12s/it]Training MLP on cuda:   4%|▍         | 45/1000 [15:51<5:36:21, 21.13s/it]Training MLP on cuda:   5%|▍         | 46/1000 [16:13<5:36:09, 21.14s/it]Training MLP on cuda:   5%|▍         | 47/1000 [16:34<5:35:13, 21.11s/it]Training MLP on cuda:   5%|▍         | 48/1000 [16:55<5:36:02, 21.18s/it]Training MLP on cuda:   5%|▍         | 49/1000 [17:16<5:35:40, 21.18s/it]Training MLP on cuda:   5%|▌         | 50/1000 [17:37<5:35:38, 21.20s/it]Training MLP on cuda:   5%|▌         | 51/1000 [17:58<5:34:08, 21.13s/it]Training MLP on cuda:   5%|▌         | 52/1000 [18:19<5:33:44, 21.12s/it]Training MLP on cuda:   5%|▌         | 53/1000 [18:41<5:33:45, 21.15s/it]Training MLP on cuda:   5%|▌         | 54/1000 [19:02<5:32:48, 21.11s/it]Training MLP on cuda:   6%|▌         | 55/1000 [19:23<5:33:40, 21.19s/it]Training MLP on cuda:   6%|▌         | 56/1000 [19:44<5:33:22, 21.19s/it]Training MLP on cuda:   6%|▌         | 57/1000 [20:06<5:33:23, 21.21s/it]Training MLP on cuda:   6%|▌         | 58/1000 [20:26<5:31:55, 21.14s/it]Training MLP on cuda:   6%|▌         | 59/1000 [20:48<5:31:27, 21.13s/it]Training MLP on cuda:   6%|▌         | 60/1000 [21:09<5:31:27, 21.16s/it]Training MLP on cuda:   6%|▌         | 61/1000 [21:30<5:30:30, 21.12s/it]Training MLP on cuda:   6%|▌         | 62/1000 [21:51<5:31:11, 21.19s/it]Training MLP on cuda:   6%|▋         | 63/1000 [22:12<5:30:47, 21.18s/it]Training MLP on cuda:   6%|▋         | 64/1000 [22:34<5:30:39, 21.20s/it]Training MLP on cuda:   6%|▋         | 65/1000 [22:55<5:29:19, 21.13s/it]Training MLP on cuda:   7%|▋         | 66/1000 [23:16<5:28:50, 21.12s/it]Training MLP on cuda:   7%|▋         | 67/1000 [23:37<5:28:52, 21.15s/it]Training MLP on cuda:   7%|▋         | 68/1000 [23:58<5:27:53, 21.11s/it]Training MLP on cuda:   7%|▋         | 69/1000 [24:19<5:28:30, 21.17s/it]Training MLP on cuda:   7%|▋         | 70/1000 [24:40<5:28:15, 21.18s/it]Training MLP on cuda:   7%|▋         | 71/1000 [25:02<5:28:14, 21.20s/it]Training MLP on cuda:   7%|▋         | 72/1000 [25:23<5:27:02, 21.14s/it]Training MLP on cuda:   7%|▋         | 73/1000 [25:44<5:26:38, 21.14s/it]Training MLP on cuda:   7%|▋         | 74/1000 [26:05<5:26:43, 21.17s/it]Training MLP on cuda:   8%|▊         | 75/1000 [26:26<5:25:53, 21.14s/it]Training MLP on cuda:   8%|▊         | 76/1000 [26:47<5:26:30, 21.20s/it]Training MLP on cuda:   8%|▊         | 77/1000 [27:09<5:26:09, 21.20s/it]Training MLP on cuda:   8%|▊         | 78/1000 [27:30<5:25:54, 21.21s/it]Training MLP on cuda:   8%|▊         | 79/1000 [27:51<5:24:33, 21.14s/it]Training MLP on cuda:   8%|▊         | 80/1000 [28:12<5:23:58, 21.13s/it]Training MLP on cuda:   8%|▊         | 81/1000 [28:33<5:23:54, 21.15s/it]Training MLP on cuda:   8%|▊         | 82/1000 [28:54<5:22:53, 21.10s/it]Training MLP on cuda:   8%|▊         | 83/1000 [29:15<5:23:29, 21.17s/it]Training MLP on cuda:   8%|▊         | 84/1000 [29:37<5:23:15, 21.17s/it]Training MLP on cuda:   8%|▊         | 85/1000 [29:58<5:23:03, 21.18s/it]Training MLP on cuda:   9%|▊         | 86/1000 [30:19<5:21:44, 21.12s/it]Training MLP on cuda:   9%|▊         | 87/1000 [30:40<5:21:12, 21.11s/it]Training MLP on cuda:   9%|▉         | 88/1000 [31:01<5:21:06, 21.13s/it]Training MLP on cuda:   9%|▉         | 89/1000 [31:22<5:20:08, 21.09s/it]Training MLP on cuda:   9%|▉         | 90/1000 [31:43<5:20:41, 21.15s/it]Training MLP on cuda:   9%|▉         | 91/1000 [32:05<5:20:37, 21.16s/it]Training MLP on cuda:   9%|▉         | 92/1000 [32:26<5:20:30, 21.18s/it]Training MLP on cuda:   9%|▉         | 93/1000 [32:47<5:19:10, 21.11s/it]Training MLP on cuda:   9%|▉         | 94/1000 [33:08<5:18:46, 21.11s/it]Training MLP on cuda:  10%|▉         | 95/1000 [33:29<5:18:47, 21.14s/it]Training MLP on cuda:  10%|▉         | 96/1000 [33:50<5:17:44, 21.09s/it]Training MLP on cuda:  10%|▉         | 97/1000 [34:11<5:18:19, 21.15s/it]Training MLP on cuda:  10%|▉         | 98/1000 [34:33<5:18:09, 21.16s/it]Training MLP on cuda:  10%|▉         | 99/1000 [34:54<5:17:59, 21.18s/it]Training MLP on cuda:  10%|█         | 100/1000 [35:15<5:16:35, 21.11s/it]Training MLP on cuda:  10%|█         | 101/1000 [35:36<5:16:06, 21.10s/it]Training MLP on cuda:  10%|█         | 102/1000 [35:57<5:16:06, 21.12s/it]Training MLP on cuda:  10%|█         | 103/1000 [36:18<5:15:14, 21.09s/it]Training MLP on cuda:  10%|█         | 104/1000 [36:39<5:15:35, 21.13s/it]Training MLP on cuda:  10%|█         | 105/1000 [37:00<5:15:29, 21.15s/it]Training MLP on cuda:  11%|█         | 106/1000 [37:22<5:15:19, 21.16s/it]Training MLP on cuda:  11%|█         | 107/1000 [37:43<5:13:59, 21.10s/it]Training MLP on cuda:  11%|█         | 108/1000 [38:04<5:13:31, 21.09s/it]Training MLP on cuda:  11%|█         | 109/1000 [38:25<5:13:24, 21.10s/it]Training MLP on cuda:  11%|█         | 110/1000 [38:46<5:12:35, 21.07s/it]Training MLP on cuda:  11%|█         | 111/1000 [39:07<5:13:08, 21.13s/it]Training MLP on cuda:  11%|█         | 112/1000 [39:28<5:13:03, 21.15s/it]Training MLP on cuda:  11%|█▏        | 113/1000 [39:49<5:12:58, 21.17s/it]Training MLP on cuda:  11%|█▏        | 114/1000 [40:10<5:11:46, 21.11s/it]Training MLP on cuda:  12%|█▏        | 115/1000 [40:31<5:11:11, 21.10s/it]Training MLP on cuda:  12%|█▏        | 116/1000 [40:53<5:11:05, 21.11s/it]Training MLP on cuda:  12%|█▏        | 117/1000 [41:14<5:10:27, 21.10s/it]Training MLP on cuda:  12%|█▏        | 118/1000 [41:35<5:11:04, 21.16s/it]Training MLP on cuda:  12%|█▏        | 119/1000 [41:56<5:10:54, 21.17s/it]Training MLP on cuda:  12%|█▏        | 120/1000 [42:17<5:10:46, 21.19s/it]Training MLP on cuda:  12%|█▏        | 121/1000 [42:38<5:09:28, 21.12s/it]Training MLP on cuda:  12%|█▏        | 122/1000 [43:00<5:09:17, 21.14s/it]Training MLP on cuda:  12%|█▏        | 123/1000 [43:21<5:09:08, 21.15s/it]Training MLP on cuda:  12%|█▏        | 124/1000 [43:42<5:08:30, 21.13s/it]Training MLP on cuda:  12%|█▎        | 125/1000 [44:03<5:08:57, 21.19s/it]Training MLP on cuda:  13%|█▎        | 126/1000 [44:24<5:08:47, 21.20s/it]Training MLP on cuda:  13%|█▎        | 127/1000 [44:46<5:08:30, 21.20s/it]Training MLP on cuda:  13%|█▎        | 128/1000 [45:07<5:07:03, 21.13s/it]Training MLP on cuda:  13%|█▎        | 129/1000 [45:28<5:06:34, 21.