[I 2025-05-13 01:56:08,483] Trial 99 finished with value: 0.5668272356188993 and parameters: {'threshold_scale_factor': 0.7035574076331391}. Best is trial 61 with value: 0.5689315565748096.
Best hyperparameters: {'threshold_scale_factor': 0.8220269484372796}
Best optimized value: 0.5689315565748096
Running audit 1/1
Training a GraphSAGE target model on pubmed...
Training GraphSAGE on cuda:   0%|          | 0/100 [00:00<?, ?it/s]Training GraphSAGE on cuda:  22%|██▏       | 22/100 [00:00<00:00, 215.64it/s]Training GraphSAGE on cuda:  44%|████▍     | 44/100 [00:00<00:00, 216.83it/s]Training GraphSAGE on cuda:  66%|██████▌   | 66/100 [00:00<00:00, 217.03it/s]Training GraphSAGE on cuda:  88%|████████▊ | 88/100 [00:00<00:00, 217.14it/s]Training GraphSAGE on cuda: 100%|██████████| 100/100 [00:00<00:00, 217.00it/s]
Train accuracy: 0.9655 | Test accuracy: 0.8680
Training MLP on cuda:   0%|          | 0/1000 [00:00<?, ?it/s]Training MLP on cuda:   0%|          | 1/1000 [00:20<5:46:33, 20.81s/it]Training MLP on cuda:   0%|          | 2/1000 [00:41<5:44:42, 20.72s/it]Training MLP on cuda:   0%|          | 3/1000 [01:02<5:45:31, 20.79s/it]Training MLP on cuda:   0%|          | 4/1000 [01:23<5:44:54, 20.78s/it]Training MLP on cuda:   0%|          | 5/1000 [01:43<5:44:36, 20.78s/it]Training MLP on cuda:   1%|          | 6/1000 [02:04<5:44:20, 20.79s/it]Training MLP on cuda:   1%|          | 7/1000 [02:25<5:44:19, 20.81s/it]Training MLP on cuda:   1%|          | 8/1000 [02:46<5:45:18, 20.89s/it]Training MLP on cuda:   1%|          | 9/1000 [03:07<5:44:00, 20.83s/it]Training MLP on cuda:   1%|          | 10/1000 [03:28<5:43:30, 20.82s/it]Training MLP on cuda:   1%|          | 11/1000 [03:48<5:42:51, 20.80s/it]Training MLP on cuda:   1%|          | 12/1000 [04:09<5:42:51, 20.82s/it]Training MLP on cuda:   1%|▏         | 13/1000 [04:30<5:42:14, 20.81s/it]Training MLP on cuda:   1%|▏         | 14/1000 [04:51<5:41:09, 20.76s/it]Training MLP on cuda:   2%|▏         | 15/1000 [05:12<5:41:37, 20.81s/it]Training MLP on cuda:   2%|▏         | 16/1000 [05:32<5:41:04, 20.80s/it]Training MLP on cuda:   2%|▏         | 17/1000 [05:53<5:41:50, 20.87s/it]Training MLP on cuda:   2%|▏         | 18/1000 [06:14<5:41:04, 20.84s/it]Training MLP on cuda:   2%|▏         | 19/1000 [06:35<5:40:38, 20.83s/it]Training MLP on cuda:   2%|▏         | 20/1000 [06:56<5:39:25, 20.78s/it]Training MLP on cuda:   2%|▏         | 21/1000 [07:17<5:39:38, 20.82s/it]Training MLP on cuda:   2%|▏         | 22/1000 [07:37<5:39:03, 20.80s/it]Training MLP on cuda:   2%|▏         | 23/1000 [07:58<5:37:43, 20.74s/it]Training MLP on cuda:   2%|▏         | 24/1000 [08:19<5:38:06, 20.79s/it]Training MLP on cuda:   2%|▎         | 25/1000 [08:40<5:38:07, 20.81s/it]Training MLP on cuda:   3%|▎         | 26/1000 [09:01<5:38:06, 20.83s/it]Training MLP on cuda:   3%|▎         | 27/1000 [09:21<5:37:19, 20.80s/it]Training MLP on cuda:   3%|▎         | 28/1000 [09:42<5:37:44, 20.85s/it]Training MLP on cuda:   3%|▎         | 29/1000 [10:03<5:36:18, 20.78s/it]Training MLP on cuda:   3%|▎         | 30/1000 [10:24<5:36:40, 20.83s/it]Training MLP on cuda:   3%|▎         | 31/1000 [10:45<5:36:23, 20.83s/it]Training MLP on cuda:   3%|▎         | 32/1000 [11:05<5:35:07, 20.77s/it]Training MLP on cuda:   3%|▎         | 33/1000 [11:26<5:35:09, 20.80s/it]Training MLP on cuda:   3%|▎         | 34/1000 [11:47<5:35:26, 20.84s/it]Training MLP on cuda:   4%|▎         | 35/1000 [12:08<5:35:46, 20.88s/it]Training MLP on cuda:   4%|▎         | 36/1000 [12:29<5:34:25, 20.81s/it]Training MLP on cuda:   4%|▎         | 37/1000 [12:50<5:34:48, 20.86s/it]Training MLP on cuda:   4%|▍         | 38/1000 [13:10<5:33:33, 20.80s/it]Training MLP on cuda:   4%|▍         | 39/1000 [13:31<5:33:16, 20.81s/it]Training MLP on cuda:   4%|▍         | 40/1000 [13:52<5:32:57, 20.81s/it]Training MLP on cuda:   4%|▍         | 41/1000 [14:13<5:31:54, 20.77s/it]Training MLP on cuda:   4%|▍         | 42/1000 [14:33<5:31:41, 20.77s/it]Training MLP on cuda:   4%|▍         | 43/1000 [14:54<5:31:33, 20.79s/it]Training MLP on cuda:   4%|▍         | 44/1000 [15:15<5:32:31, 20.87s/it]Training MLP on cuda:   4%|▍         | 45/1000 [15:36<5:31:06, 20.80s/it]Training MLP on cuda:   5%|▍         | 46/1000 [15:57<5:30:49, 20.81s/it]Training MLP on cuda:   5%|▍         | 47/1000 [16:17<5:30:15, 20.79s/it]Training MLP on cuda:   5%|▍         | 48/1000 [16:38<5:30:05, 20.80s/it]Training MLP on cuda:   5%|▍         | 49/1000 [16:59<5:29:21, 20.78s/it]Training MLP on cuda:   5%|▌         | 50/1000 [17:20<5:28:48, 20.77s/it]Training MLP on cuda:   5%|▌         | 51/1000 [17:41<5:28:47, 20.79s/it]Training MLP on cuda:   5%|▌         | 52/1000 [18:01<5:28:22, 20.78s/it]Training MLP on cuda:   5%|▌         | 53/1000 [18:22<5:29:01, 20.85s/it]Training MLP on cuda:   5%|▌         | 54/1000 [18:43<5:28:17, 20.82s/it]Training MLP on cuda:   6%|▌         | 55/1000 [19:04<5:27:49, 20.81s/it]Training MLP on cuda:   6%|▌         | 56/1000 [19:25<5:27:11, 20.80s/it]Training MLP on cuda:   6%|▌         | 57/1000 [19:46<5:27:22, 20.83s/it]Training MLP on cuda:   6%|▌         | 58/1000 [20:06<5:26:38, 20.81s/it]Training MLP on cuda:   6%|▌         | 59/1000 [20:27<5:25:32, 20.76s/it]Training MLP on cuda:   6%|▌         | 60/1000 [20:48<5:25:43, 20.79s/it]Training MLP on cuda:   6%|▌         | 61/1000 [21:09<5:25:37, 20.81s/it]Training MLP on cuda:   6%|▌         | 62/1000 [21:30<5:25:40, 20.83s/it]Training MLP on cuda:   6%|▋         | 63/1000 [21:50<5:24:52, 20.80s/it]Training MLP on cuda:   6%|▋         | 64/1000 [22:11<5:24:41, 20.81s/it]Training MLP on cuda:   6%|▋         | 65/1000 [22:32<5:23:22, 20.75s/it]Training MLP on cuda:   7%|▋         | 66/1000 [22:53<5:23:48, 20.80s/it]Training MLP on cuda:   7%|▋         | 67/1000 [23:13<5:23:27, 20.80s/it]Training MLP on cuda:   7%|▋         | 68/1000 [23:34<5:21:58, 20.73s/it]Training MLP on cuda:   7%|▋         | 69/1000 [23:55<5:22:20, 20.77s/it]Training MLP on cuda:   7%|▋         | 70/1000 [24:16<5:22:27, 20.80s/it]Training MLP on cuda:   7%|▋         | 71/1000 [24:37<5:22:40, 20.84s/it]Training MLP on cuda:   7%|▋         | 72/1000 [24:57<5:21:39, 20.80s/it]Training MLP on cuda:   7%|▋         | 73/1000 [25:18<5:22:09, 20.85s/it]Training MLP on cuda:   7%|▋         | 74/1000 [25:39<5:21:02, 20.80s/it]Training MLP on cuda:   8%|▊         | 75/1000 [26:00<5:20:47, 20.81s/it]Training MLP on cuda:   8%|▊         | 76/1000 [26:21<5:20:46, 20.83s/it]Training MLP on cuda:   8%|▊         | 77/1000 [26:41<5:19:29, 20.77s/it]Training MLP on cuda:   8%|▊         | 78/1000 [27:02<5:19:08, 20.77s/it]Training MLP on cuda:   8%|▊         | 79/1000 [27:23<5:19:19, 20.80s/it]Training MLP on cuda:   8%|▊         | 80/1000 [27:44<5:19:33, 20.84s/it]Training MLP on cuda:   8%|▊         | 81/1000 [28:05<5:18:14, 20.78s/it]Training MLP on cuda:   8%|▊         | 82/1000 [28:26<5:18:19, 20.81s/it]Training MLP on cuda:   8%|▊         | 83/1000 [28:46<5:17:07, 20.75s/it]Training MLP on cuda:   8%|▊         | 84/1000 [29:07<5:16:42, 20.75s/it]Training MLP on cuda:   8%|▊         | 85/1000 [29:28<5:16:10, 20.73s/it]Training MLP on cuda:   9%|▊         | 86/1000 [29:48<5:14:27, 20.64s/it]Training MLP on cuda:   9%|▊         | 87/1000 [30:09<5:13:30, 20.60s/it]Training MLP on cuda:   9%|▉         | 88/1000 [30:29<5:13:25, 20.62s/it]Training MLP on cuda:   9%|▉         | 89/1000 [30:50<5:13:32, 20.65s/it]Training MLP on cuda:   9%|▉         | 90/1000 [31:10<5:12:05, 20.58s/it]Training MLP on cuda:   9%|▉         | 91/1000 [31:31<5:12:15, 20.61s/it]Training MLP on cuda:   9%|▉         | 92/1000 [31:51<5:11:06, 20.56s/it]Training MLP on cuda:   9%|▉         | 93/1000 [32:12<5:11:11, 20.59s/it]Training MLP on cuda:   9%|▉         | 94/1000 [32:33<5:10:56, 20.59s/it]Training MLP on cuda:  10%|▉         | 95/1000 [32:53<5:09:36, 20.53s/it]Training MLP on cuda:  10%|▉         | 96/1000 [33:14<5:09:28, 20.54s/it]Training MLP on cuda:  10%|▉         | 97/1000 [33:34<5:09:51, 20.59s/it]Training MLP on cuda:  10%|▉         | 98/1000 [33:55<5:09:55, 20.62s/it]Training MLP on cuda:  10%|▉         | 99/1000 [34:15<5:08:47, 20.56s/it]Training MLP on cuda:  10%|█         | 100/1000 [34:36<5:09:06, 20.61s/it]Training MLP on cuda:  10%|█         | 101/1000 [34:57<5:07:53, 20.55s/it]Training MLP on cuda:  10%|█         | 102/1000 [35:17<5:08:01, 20.58s/it]Training MLP on cuda:  10%|█         | 103/1000 [35:38<5:08:02, 20.60s/it]Training MLP on cuda:  10%|█         | 104/1000 [35:58<5:06:40, 20.54s/it]Training MLP on cuda:  10%|█         | 105/1000 [36:19<5:06:58, 20.58s/it]Training MLP on cuda:  11%|█         | 106/1000 [36:40<5:07:09, 20.62s/it]Training MLP on cuda:  11%|█         | 107/1000 [37:00<5:07:25, 20.66s/it]Training MLP on cuda:  11%|█         | 108/1000 [37:21<5:06:41, 20.63s/it]Training MLP on cuda:  11%|█         | 109/1000 [37:42<5:06:59, 20.67s/it]Training MLP on cuda:  11%|█         | 110/1000 [38:02<5:05:59, 20.63s/it]Training MLP on cuda:  11%|█         | 111/1000 [38:23<5:05:56, 20.65s/it]Training MLP on cuda:  11%|█         | 112/1000 [38:44<5:05:45, 20.66s/it]Training MLP on cuda:  11%|█▏        | 113/1000 [39:04<5:04:25, 20.59s/it]Training MLP on cuda:  11%|█▏        | 114/1000 [39:25<5:04:15, 20.60s/it]Training MLP on cuda:  12%|█▏        | 115/1000 [39:45<5:04:22, 20.64s/it]Training MLP on cuda:  12%|█▏        | 116/1000 [40:06<5:04:23, 20.66s/it]Training MLP on cuda:  12%|█▏        | 117/1000 [40:27<5:03:15, 20.61s/it]Training MLP on cuda:  12%|█▏        | 118/1000 [40:47<5:03:27, 20.64s/it]Training MLP on cuda:  12%|█▏        | 119/1000 [41:08<5:02:20, 20.59s/it]Training MLP on cuda:  12%|█▏        | 120/1000 [41:28<5:02:21, 20.62s/it]Training MLP on cuda:  12%|█▏        | 121/1000 [41:49<5:02:32, 20.65s/it]Training MLP on cuda:  12%|█▏        | 122/1000 [42:10<5:01:23, 20.60s/it]Training MLP on cuda:  12%|█▏        | 123/1000 [42:30<5:01:12, 20.61s/it]Training MLP on cuda:  12%|█▏        | 124/1000 [42:51<5:01:24, 20.64s/it]Training MLP on cuda:  12%|█▎        | 125/1000 [43:12<5:01:35, 20.68s/it]Training MLP on cuda:  13%|█▎        | 126/1000 [43:32<5:00:31, 20.63s/it]Training MLP on cuda:  13%|█▎        | 127/1000 [43:53<5:00:45, 20.67s/it]Training MLP on cuda:  13%|█▎        | 128/1000 [44:14<4:59:36, 20.62s/it]Training MLP on cuda:  13%|█▎        | 129/1000 [44:34<4:59:22, 20.62s/it]Training MLP on cuda:  13%|█▎        | 130/1000 [44:55<4:59:18, 20.64s/it]Training MLP on cuda:  13%|█▎        | 131/1000 [45:15<4:58:05, 20.58s/it]Training MLP on cuda:  13%|█▎        | 132/1000 [45:36<4:57:54, 20.59s/it]Training MLP on cuda:  13%|█▎        | 133/1000 [45:57<4:57:55, 20.62s/it]Training MLP on cuda:  13%|█▎        | 134/1000 [46:17<4:58:08, 20.66s/it]Training MLP on cuda:  14%|█▎        | 135/1000 [46:38<4:57:00, 20.60s/it]Training MLP on cuda:  14%|█▎        | 136/1000 [46:59<4:57:17, 20.65s/it]Training MLP on cuda:  14%|█▎        | 137/1000 [47:19<4:56:25, 20.61s/it]Training MLP on cuda:  14%|█▍        | 138/1000 [47:40<4:56:28, 20.64s/it]Training MLP on cuda:  14%|█▍        | 139/1000 [48:01<4:56:28, 20.66s/it]Training MLP on cuda:  14%|█▍        | 140/1000 [48:21<4:55:23, 20.61s/it]Training MLP on cuda:  14%|█▍        | 141/1000 [48:42<4:55:12, 20.62s/it]Training MLP on cuda:  14%|█▍        | 142/1000 [49:02<4:55:25, 20.66s/it]Training MLP on cuda:  14%|█▍        | 143/1000 [49:23<4:55:44, 20.71s/it]Training MLP on cuda:  14%|█▍        | 144/1000 [49:44<4:54:41, 20.66s/it]Training MLP on cuda:  14%|█▍        | 145/1000 [50:05<4:54:41, 20.68s/it]Training MLP on cuda:  15%|█▍        | 146/1000 [50:25<4:53:48, 20.64s/it]Training MLP on cuda:  15%|█▍        | 147/1000 [50:46<4:53:37, 20.65s/it]Training MLP on cuda:  15%|█▍        | 148/1000 [51:06<4:53:29, 20.67s/it]Training MLP on cuda:  15%|█▍        | 149/1000 [51:27<4:52:30, 20.62s/it]Training MLP on cuda:  15%|█▌        | 150/1000 [51:48<4:52:07, 20.62s/it]Training MLP on cuda:  15%|█▌        | 151/1000 [52:08<4:52:24, 20.66s/it]Training MLP on cuda:  15%|█▌        | 152/1000 [52:29<4:52:50, 20.72s/it]Training MLP on cuda:  15%|█▌        | 153/1000 [52:50<4:51:24, 20.64s/it]Training MLP on cuda:  15%|█▌        | 154/1000 [53:10<4:51:40, 20.69s/it]Training MLP on cuda:  16%|█▌        | 155/1000 [53:31<4:50:45, 20.65s/it]Training MLP on cuda:  16%|█▌        | 156/1000 [53:52<4:50:36, 20.66s/it]Training MLP on cuda:  16%|█▌        | 157/1000 [54:12<4:50:19, 20.66s/it]Training MLP on cuda:  16%|█▌        | 158/1000 [54:33<4:49:12, 20.61s/it]Training MLP on cuda:  16%|█▌        | 159/1000 [54:53<4:48:52, 20.61s/it]Training MLP on cuda:  16%|█▌        | 160/1000 [55:14<4:48:58, 20.64s/it]Training MLP on cuda:  16%|█▌        | 161/1000 [55:35<4:49:21, 20.69s/it]Training MLP on cuda:  16%|█▌        | 162/1000 [55:56<4:48:16, 20.64s/it]Training MLP on cuda:  16%|█▋        | 163/1000 [56:16<4:48:24, 20.67s/it]Training MLP on cuda:  16%|█▋        | 164/1000 [56:37<4:47:21, 20.62s/it]Training MLP on cuda:  16%|█▋        | 165/1000 [56:58<4:49:15, 20.78s/it]Training MLP on cuda:  17%|█▋        | 166/1000 [57:19<4:48:21, 20.75s/it]Training MLP on cuda:  17%|█▋        | 167/1000 [57:39<4:46:45, 20.65s/it]Training MLP on cuda:  17%|█▋        | 168/1000 [58:00<4:46:06, 20.63s/it]Training MLP on cuda:  17%|█▋        | 169/1000 [58:20<4:46:08, 20.66s/it]Training MLP on cuda:  17%|█▋        | 170/1000 [58:41<4:46:33, 20.71s/it]Training MLP on cuda:  17%|█▋        | 171/1000 [59:02<4:45:14, 20.64s/it]Training MLP on cuda:  17%|█▋        | 172/1000 [59:22<4:45:22, 20.68s/it]Training MLP on cuda:  17%|█▋        | 173/1000 [59:43<4:44:23, 20.63s/it]Training MLP on cuda:  17%|█▋        | 174/1000 [1:00:04<4:44:08, 20.64s/it]Training MLP on cuda:  18%|█▊        | 175/1000 [1:00:24<4:44:00, 20.65s/it]Training MLP on cuda:  18%|█▊        | 176/1000 [1:00:45<4:43:04, 20.61s/it]Training MLP on cuda:  18%|█▊        | 177/1000 [1:01:05<4:42:43, 20.61s/it]Training MLP on cuda:  18%|█▊        | 178/1000 [1:01:26<4:42:32, 20.62s/it]Training MLP on cuda:  18%|█▊        | 179/1000 [1:01:47<4:43:16, 20.70s/it]Training MLP on cuda:  18%|█▊        | 180/1000 [1:02:07<4:42:15, 20.65s/it]Training MLP on cuda:  18%|█▊        | 181/1000 [1:02:28<4:41:42, 20.64s/it]Training MLP on cuda:  18%|█▊        | 182/1000 [1:02:49<4:40:58, 20.61s/it]Training MLP on cuda:  18%|█▊        | 183/1000 [1:03:09<4:41:07, 20.65s/it]Training MLP on cuda:  18%|█▊        | 184/1000 [1:03:30<4:40:05, 20.59s/it]Training MLP on cuda:  18%|█▊        | 185/1000 [1:03:50<4:39:12, 20.55s/it]Training MLP on cuda:  19%|█▊        | 186/1000 [1:04:11<4:39:28, 20.60s/it]Training MLP on cuda:  19%|█▊        | 187/1000 [1:04:32<4:39:08, 20.60s/it]Training MLP on cuda:  19%|█▉        | 188/1000 [1:04:52<4:39:27, 20.65s/it]Training MLP on cuda:  19%|█▉        | 189/1000 [1:05:13<4:38:52, 20.63s/it]Training MLP on cuda:  19%|█▉        | 190/1000 [1:05:34<4:38:54, 20.66s/it]Training MLP on cuda:  19%|█▉        | 191/1000 [1:05:54<4:37:39, 20.59s/it]Training MLP on cuda:  19%|█▉        | 192/1000 [1:06:15<4:37:59, 20.64s/it]Training MLP on cuda:  19%|█▉        | 193/1000 [1:06:36<4:37:39, 20.64s/it]Training MLP on cuda:  19%|█▉        | 194/1000 [1:06:56<4:36:10, 20.56s/it]Training MLP on cuda:  20%|█▉        | 195/1000 [1:07:17<4:36:22, 20.60s/it]Training MLP on cuda:  20%|█▉        | 196/1000 [1:07:37<4:36:26, 20.63s/it]Training MLP on cuda:  20%|█▉        | 197/1000 [1:07:58<4:36:43, 20.68s/it]Training MLP on cuda:  20%|█▉        | 198/1000 [1:08:19<4:35:37, 20.62s/it]Training MLP on cuda:  20%|█▉        | 199/1000 [1:08:39<4:35:47, 20.66s/it]Training MLP on cuda:  20%|██        | 200/1000 [1:09:00<4:34:59, 20.62s/it]Training MLP on cuda:  20%|██        | 201/1000 [1:09:21<4:34:46, 20.63s/it]Training MLP on cuda:  20%|██        | 202/1000 [1:09:41<4:34:22, 20.63s/it]Training MLP on cuda:  20%|██        | 203/1000 [1:10:02<4:33:33, 20.59s/it]Training MLP on cuda:  20%|██        | 204/1000 [1:10:22<4:33:27, 20.61s/it]Training MLP on cuda:  20%|██        | 204/1000 [1:10:43<4:35:57, 20.80s/it]
Training MLP on cuda:   0%|          | 0/1000 [00:00<?, ?it/s]Training MLP on cuda:   0%|          | 1/1000 [00:20<5:43:15, 20.62s/it]Training MLP on cuda:   0%|          | 2/1000 [00:41<5:44:33, 20.71s/it]Training MLP on cuda:   0%|          | 3/1000 [01:02<5:43:23, 20.67s/it]Training MLP on cuda:   0%|          | 4/1000 [01:22<5:42:54, 20.66s/it]Training MLP on cuda:   0%|          | 5/1000 [01:43<5:41:35, 20.60s/it]Training MLP on cuda:   1%|          | 6/1000 [02:03<5:41:13, 20.60s/it]Training MLP on cuda:   1%|          | 7/1000 [02:24<5:40:46, 20.59s/it]Training MLP on cuda:   1%|          | 8/1000 [02:44<5:40:09, 20.57s/it]Training MLP on cuda:   1%|          | 9/1000 [03:05<5:40:59, 20.65s/it]Training MLP on cuda:   1%|          | 10/1000 [03:26<5:40:37, 20.64s/it]Training MLP on cuda:   1%|          | 11/1000 [03:47<5:40:39, 20.67s/it]Training MLP on cuda:   1%|          | 12/1000 [04:07<5:39:31, 20.62s/it]Training MLP on cuda:   1%|▏         | 13/1000 [04:28<5:38:50, 20.60s/it]Training MLP on cuda:   1%|▏         | 14/1000 [04:48<5:38:39, 20.61s/it]Training MLP on cuda:   2%|▏         | 15/1000 [05:09<5:38:16, 20.61s/it]Training MLP on cuda:   2%|▏         | 16/1000 [05:30<5:39:11, 20.68s/it]Training MLP on cuda:   2%|▏         | 17/1000 [05:50<5:38:39, 20.67s/it]Training MLP on cuda:   2%|▏         | 18/1000 [06:11<5:38:24, 20.68s/it]Training MLP on cuda:   2%|▏         | 19/1000 [06:32<5:37:33, 20.65s/it]Training MLP on cuda:   2%|▏         | 20/1000 [06:52<5:36:55, 20.63s/it]Training MLP on cuda:   2%|▏         | 21/1000 [07:13<5:36:42, 20.64s/it]Training MLP on cuda:   2%|▏         | 22/1000 [07:33<5:36:21, 20.64s/it]Training MLP on cuda:   2%|▏         | 23/1000 [07:54<5:37:06, 20.70s/it]Training MLP on cuda:   2%|▏         | 24/1000 [08:15<5:36:33, 20.69s/it]Training MLP on cuda:   2%|▎         | 25/1000 [08:36<5:36:40, 20.72s/it]Training MLP on cuda:   3%|▎         | 26/1000 [08:56<5:35:14, 20.65s/it]Training MLP on cuda:   3%|▎         | 27/1000 [09:17<5:34:09, 20.61s/it]Training MLP on cuda:   3%|▎         | 28/1000 [09:37<5:33:58, 20.62s/it]Training MLP on cuda:   3%|▎         | 29/1000 [09:58<5:33:12, 20.59s/it]Training MLP on cuda:   3%|▎         | 30/1000 [10:19<5:33:32, 20.63s/it]Training MLP on cuda:   3%|▎         | 31/1000 [10:39<5:33:13, 20.63s/it]Training MLP on cuda:   3%|▎         | 32/1000 [11:00<5:33:23, 20.66s/it]Training MLP on cuda:   3%|▎         | 33/1000 [11:20<5:32:05, 20.61s/it]Training MLP on cuda:   3%|▎         | 34/1000 [11:41<5:31:22, 20.58s/it]Training MLP on cuda:   4%|▎         | 35/1000 [12:02<5:31:28, 20.61s/it]Training MLP on cuda:   4%|▎         | 36/1000 [12:22<5:30:46, 20.59s/it]Training MLP on cuda:   4%|▎         | 37/1000 [12:43<5:30:53, 20.62s/it]Training MLP on cuda:   4%|▍         | 38/1000 [13:04<5:30:44, 20.63s/it]Training MLP on cuda:   4%|▍         | 39/1000 [13:24<5:31:20, 20.69s/it]Training MLP on cuda:   4%|▍         | 40/1000 [13:45<5:29:39, 20.60s/it]Training MLP on cuda:   4%|▍         | 41/1000 [14:05<5:29:08, 20.59s/it]Training MLP on cuda:   4%|▍         | 42/1000 [14:26<5:29:16, 20.62s/it]Training MLP on cuda:   4%|▍         | 43/1000 [14:47<5:28:22, 20.59s/it]Training MLP on cuda:   4%|▍         | 44/1000 [15:07<5:28:33, 20.62s/it]Training MLP on cuda:   4%|▍         | 45/1000 [15:28<5:28:32, 20.64s/it]Training MLP on cuda:   5%|▍         | 46/1000 [15:49<5:28:44, 20.68s/it]Training MLP on cuda:   5%|▍         | 47/1000 [16:09<5:26:58, 20.59s/it]Training MLP on cuda:   5%|▍         | 48/1000 [16:30<5:26:28, 20.58s/it]Training MLP on cuda:   5%|▍         | 49/1000 [16:50<5:26:46, 20.62s/it]Training MLP on cuda:   5%|▌         | 50/1000 [17:11<5:25:44, 20.57s/it]Training MLP on cuda:   5%|▌         | 51/1000 [17:32<5:26:17, 20.63s/it]Training MLP on cuda:   5%|▌         | 52/1000 [17:52<5:26:17, 20.65s/it]Training MLP on cuda:   5%|▌         | 53/1000 [18:13<5:26:19, 20.68s/it]Training MLP on cuda:   5%|▌         | 54/1000 [18:33<5:24:26, 20.58s/it]Training MLP on cuda:   6%|▌         | 55/1000 [18:54<5:24:13, 20.59s/it]Training MLP on cuda:   6%|▌         | 56/1000 [19:15<5:24:27, 20.62s/it]Training MLP on cuda:   6%|▌         | 57/1000 [19:35<5:23:13, 20.57s/it]Training MLP on cuda:   6%|▌         | 58/1000 [19:56<5:23:59, 20.64s/it]Training MLP on cuda:   6%|▌         | 59/1000 [20:17<5:24:02, 20.66s/it]Training MLP on cuda:   6%|▌         | 60/1000 [20:37<5:23:57, 20.68s/it]Training MLP on cuda:   6%|▌         | 61/1000 [20:58<5:22:32, 20.61s/it]Training MLP on cuda:   6%|▌         | 62/1000 [21:19<5:23:01, 20.66s/it]Training MLP on cuda:   6%|▋         | 63/1000 [21:40<5:24:01, 20.75s/it]Training MLP on cuda:   6%|▋         | 64/1000 [22:00<5:22:33, 20.68s/it]Training MLP on cuda:   6%|▋         | 65/1000 [22:21<5:23:11, 20.74s/it]Training MLP on cuda:   7%|▋         | 66/1000 [22:42<5:23:09, 20.76s/it]Training MLP on cuda:   7%|▋         | 67/1000 [23:02<5:22:32, 20.74s/it]Training MLP on cuda:   7%|▋         | 68/1000 [23:23<5:20:41, 20.65s/it]Training MLP on cuda:   7%|▋         | 69/1000 [23:44<5:20:26, 20.65s/it]Training MLP on cuda:   7%|▋         | 70/1000 [24:04<5:20:18, 20.66s/it]Training MLP on cuda:   7%|▋         | 71/1000 [24:25<5:18:59, 20.60s/it]Training MLP on cuda:   7%|▋         | 72/1000 [24:46<5:19:48, 20.68s/it]Training MLP on cuda:   7%|▋         | 73/1000 [25:06<5:19:32, 20.68s/it]Training MLP on cuda:   7%|▋         | 74/1000 [25:27<5:19:02, 20.67s/it]Training MLP on cuda:   8%|▊         | 75/1000 [25:47<5:17:51, 20.62s/it]Training MLP on cuda:   8%|▊         | 76/1000 [26:08<5:16:59, 20.58s/it]Training MLP on cuda:   8%|▊         | 77/1000 [26:28<