[I 2025-05-13 01:51:10,836] Trial 99 finished with value: 0.5394519357141415 and parameters: {'interp_param': 0.07775386659692862}. Best is trial 59 with value: 0.5590015145793464.
Best hyperparameters: {'interp_param': 0.9828555554526419}
Best optimized value: 0.5590015145793464
Tuning threshold scale factor for offline LSET using optuna
  0%|          | 0/100 [00:00<?, ?it/s]                                         0%|          | 0/100 [00:02<?, ?it/s]Best trial: 0. Best value: 0.560652:   0%|          | 0/100 [00:02<?, ?it/s]Best trial: 0. Best value: 0.560652:   1%|          | 1/100 [00:02<04:49,  2.92s/it]                                                                                    Best trial: 0. Best value: 0.560652:   1%|          | 1/100 [00:05<04:49,  2.92s/it]Best trial: 0. Best value: 0.560652:   1%|          | 1/100 [00:05<04:49,  2.92s/it]Best trial: 0. Best value: 0.560652:   2%|▏         | 2/100 [00:05<04:38,  2.84s/it]                                                                                    Best trial: 0. Best value: 0.560652:   2%|▏         | 2/100 [00:08<04:38,  2.84s/it]Best trial: 0. Best value: 0.560652:   2%|▏         | 2/100 [00:08<04:38,  2.84s/it]Best trial: 0. Best value: 0.560652:   3%|▎         | 3/100 [00:08<04:32,  2.81s/it]                                                                                    Best trial: 0. Best value: 0.560652:   3%|▎         | 3/100 [00:11<04:32,  2.81s/it]Best trial: 0. Best value: 0.560652:   3%|▎         | 3/100 [00:11<04:32,  2.81s/it]Best trial: 0. Best value: 0.560652:   4%|▍         | 4/100 [00:11<04:28,  2.80s/it]                                                                                    Best trial: 0. Best value: 0.560652:   4%|▍         | 4/100 [00:14<04:28,  2.80s/it]Best trial: 0. Best value: 0.560652:   4%|▍         | 4/100 [00:14<04:28,  2.80s/it]Best trial: 0. Best value: 0.560652:   5%|▌         | 5/100 [00:14<04:24,  2.79s/it]                                                                                    Best trial: 0. Best value: 0.560652:   5%|▌         | 5/100 [00:16<04:24,  2.79s/it]Best trial: 0. Best value: 0.560652:   5%|▌         | 5/100 [00:16<04:24,  2.79s/it]Best trial: 0. Best value: 0.560652:   6%|▌         | 6/100 [00:16<04:21,  2.78s/it]                                                                                    Best trial: 0. Best value: 0.560652:   6%|▌         | 6/100 [00:19<04:21,  2.78s/it]Best trial: 0. Best value: 0.560652:   6%|▌         | 6/100 [00:19<04:21,  2.78s/it]Best trial: 0. Best value: 0.560652:   7%|▋         | 7/100 [00:19<04:18,  2.78s/it]                                                                                    Best trial: 0. Best value: 0.560652:   7%|▋         | 7/100 [00:22<04:18,  2.78s/it]Best trial: 0. Best value: 0.560652:   7%|▋         | 7/100 [00:22<04:18,  2.78s/it]Best trial: 0. Best value: 0.560652:   8%|▊         | 8/100 [00:22<04:15,  2.78s/it]                                                                                    Best trial: 0. Best value: 0.560652:   8%|▊         | 8/100 [00:25<04:15,  2.78s/it]Best trial: 0. Best value: 0.560652:   8%|▊         | 8/100 [00:25<04:15,  2.78s/it]Best trial: 0. Best value: 0.560652:   9%|▉         | 9/100 [00:25<04:17,  2.83s/it]                                                                                    Best trial: 0. Best value: 0.560652:   9%|▉         | 9/100 [00:28<04:17,  2.83s/it]Best trial: 0. Best value: 0.560652:   9%|▉         | 9/100 [00:28<04:17,  2.83s/it]Best trial: 0. Best value: 0.560652:  10%|█         | 10/100 [00:28<04:13,  2.81s/it]                                                                                     Best trial: 0. Best value: 0.560652:  10%|█         | 10/100 [00:30<04:13,  2.81s/it]Best trial: 0. Best value: 0.560652:  10%|█         | 10/100 [00:30<04:13,  2.81s/it]Best trial: 0. Best value: 0.560652:  11%|█         | 11/100 [00:30<04:09,  2.80s/it]                                                                                     Best trial: 0. Best value: 0.560652:  11%|█         | 11/100 [00:33<04:09,  2.80s/it]Best trial: 0. Best value: 0.560652:  11%|█         | 11/100 [00:33<04:09,  2.80s/it]Best trial: 0. Best value: 0.560652:  12%|█▏        | 12/100 [00:33<04:06,  2.80s/it]                                                                                     Best trial: 0. Best value: 0.560652:  12%|█▏        | 12/100 [00:36<04:06,  2.80s/it]Best trial: 12. Best value: 0.560729:  12%|█▏        | 12/100 [00:36<04:06,  2.80s/it]Best trial: 12. Best value: 0.560729:  13%|█▎        | 13/100 [00:36<04:02,  2.79s/it]                                                                                      Best trial: 12. Best value: 0.560729:  13%|█▎        | 13/100 [00:39<04:02,  2.79s/it]Best trial: 12. Best value: 0.560729:  13%|█▎        | 13/100 [00:39<04:02,  2.79s/it]Best trial: 12. Best value: 0.560729:  14%|█▍        | 14/100 [00:39<03:59,  2.79s/it]                                                                                      Best trial: 12. Best value: 0.560729:  14%|█▍        | 14/100 [00:41<03:59,  2.79s/it]Best trial: 12. Best value: 0.560729:  14%|█▍        | 14/100 [00:41<03:59,  2.79s/it]Best trial: 12. Best value: 0.560729:  15%|█▌        | 15/100 [00:41<03:56,  2.79s/it]                                                                                      Best trial: 12. Best value: 0.560729:  15%|█▌        | 15/100 [00:44<03:56,  2.79s/it]Best trial: 12. Best value: 0.560729:  15%|█▌        | 15/100 [00:44<03:56,  2.79s/it]Best trial: 12. Best value: 0.560729:  16%|█▌        | 16/100 [00:44<03:54,  2.79s/it]                                                                                      Best trial: 12. Best value: 0.560729:  16%|█▌        | 16/100 [00:47<03:54,  2.79s/it]Best trial: 16. Best value: 0.560776:  16%|█▌        | 16/100 [00:47<03:54,  2.79s/it]Best trial: 16. Best value: 0.560776:  17%|█▋        | 17/100 [00:47<03:51,  2.79s/it]                                                                                      Best trial: 16. Best value: 0.560776:  17%|█▋        | 17/100 [00:50<03:51,  2.79s/it]Best trial: 16. Best value: 0.560776:  17%|█▋        | 17/100 [00:50<03:51,  2.79s/it]Best trial: 16. Best value: 0.560776:  18%|█▊        | 18/100 [00:50<03:48,  2.78s/it]                                                                                      Best trial: 16. Best value: 0.560776:  18%|█▊        | 18/100 [00:53<03:48,  2.78s/it]Best trial: 18. Best value: 0.560921:  18%|█▊        | 18/100 [00:53<03:48,  2.78s/it]Best trial: 18. Best value: 0.560921:  19%|█▉        | 19/100 [00:53<03:45,  2.78s/it]                                                                                      Best trial: 18. Best value: 0.560921:  19%|█▉        | 19/100 [00:55<03:45,  2.78s/it]Best trial: 19. Best value: 0.560983:  19%|█▉        | 19/100 [00:55<03:45,  2.78s/it]Best trial: 19. Best value: 0.560983:  20%|██        | 20/100 [00:55<03:42,  2.78s/it]                                                                                      Best trial: 19. Best value: 0.560983:  20%|██        | 20/100 [00:58<03:42,  2.78s/it]Best trial: 19. Best value: 0.560983:  20%|██        | 20/100 [00:58<03:42,  2.78s/it]Best trial: 19. Best value: 0.560983:  21%|██        | 21/100 [00:58<03:39,  2.78s/it]                                                                                      Best trial: 19. Best value: 0.560983:  21%|██        | 21/100 [01:01<03:39,  2.78s/it]Best trial: 19. Best value: 0.560983:  21%|██        | 21/100 [01:01<03:39,  2.78s/it]Best trial: 19. Best value: 0.560983:  22%|██▏       | 22/100 [01:01<03:36,  2.78s/it]                                                                                      Best trial: 19. Best value: 0.560983:  22%|██▏       | 22/100 [01:04<03:36,  2.78s/it]Best trial: 19. Best value: 0.560983:  22%|██▏       | 22/100 [01:04<03:36,  2.78s/it]Best trial: 19. Best value: 0.560983:  23%|██▎       | 23/100 [01:04<03:34,  2.78s/it]                                                                                      Best trial: 19. Best value: 0.560983:  23%|██▎       | 23/100 [01:06<03:34,  2.78s/it]Best trial: 19. Best value: 0.560983:  23%|██▎       | 23/100 [01:06<03:34,  2.78s/it]Best trial: 19. Best value: 0.560983:  24%|██▍       | 24/100 [01:06<03:31,  2.78s/it]                                                                                      Best trial: 19. Best value: 0.560983:  24%|██▍       | 24/100 [01:09<03:31,  2.78s/it]Best trial: 19. Best value: 0.560983:  24%|██▍       | 24/100 [01:09<03:31,  2.78s/it]Best trial: 19. Best value: 0.560983:  25%|██▌       | 25/100 [01:09<03:28,  2.78s/it]                                                                                      Best trial: 19. Best value: 0.560983:  25%|██▌       | 25/100 [01:12<03:28,  2.78s/it]Best trial: 19. Best value: 0.560983:  25%|██▌       | 25/100 [01:12<03:28,  2.78s/it]Best trial: 19. Best value: 0.560983:  26%|██▌       | 26/100 [01:12<03:28,  2.82s/it]                                                                                      Best trial: 19. Best value: 0.560983:  26%|██▌       | 26/100 [01:15<03:28,  2.82s/it]Best trial: 19. Best value: 0.560983:  26%|██▌       | 26/100 [01:15<03:28,  2.82s/it]Best trial: 19. Best value: 0.560983:  27%|██▋       | 27/100 [01:15<03:25,  2.81s/it]                                                                                      Best trial: 19. Best value: 0.560983:  27%|██▋       | 27/100 [01:18<03:25,  2.81s/it]Best trial: 19. Best value: 0.560983:  27%|██▋       | 27/100 [01:18<03:25,  2.81s/it]Best trial: 19. Best value: 0.560983:  28%|██▊       | 28/100 [01:18<03:21,  2.80s/it]                                                                                      Best trial: 19. Best value: 0.560983:  28%|██▊       | 28/100 [01:21<03:21,  2.80s/it]Best trial: 19. Best value: 0.560983:  28%|██▊       | 28/100 [01:21<03:21,  2.80s/it]Best trial: 19. Best value: 0.560983:  29%|██▉       | 29/100 [01:21<03:18,  2.79s/it]                                                                                      Best trial: 19. Best value: 0.560983:  29%|██▉       | 29/100 [01:23<03:18,  2.79s/it]Best trial: 19. Best value: 0.560983:  29%|██▉       | 29/100 [01:23<03:18,  2.79s/it]Best trial: 19. Best value: 0.560983:  30%|███       | 30/100 [01:23<03:15,  2.79s/it]                                                                                      Best trial: 19. Best value: 0.560983:  30%|███       | 30/100 [01:26<03:15,  2.79s/it]Best trial: 19. Best value: 0.560983:  30%|███       | 30/100 [01:26<03:15,  2.79s/it]Best trial: 19. Best value: 0.560983:  31%|███       | 31/100 [01:26<03:12,  2.79s/it]                                                                                      Best trial: 19. Best value: 0.560983:  31%|███       | 31/100 [01:29<03:12,  2.79s/it]Best trial: 31. Best value: 0.560986:  31%|███       | 31/100 [01:29<03:12,  2.79s/it]Best trial: 31. Best value: 0.560986:  32%|███▏      | 32/100 [01:29<03:09,  2.78s/it]                                                                                      Best trial: 31. Best value: 0.560986:  32%|███▏      | 32/100 [01:32<03:09,  2.78s/it]Best trial: 31. Best value: 0.560986:  32%|███▏      | 32/100 [01:32<03:09,  2.78s/it]Best trial: 31. Best value: 0.560986:  33%|███▎      | 33/100 [01:32<03:06,  2.78s/it]                                                                                      Best trial: 31. Best value: 0.560986:  33%|███▎      | 33/100 [01:34<03:06,  2.78s/it]Best trial: 31. Best value: 0.560986:  33%|███▎      | 33/100 [01:34<03:06,  2.78s/it]Best trial: 31. Best value: 0.560986:  34%|███▍      | 34/100 [01:34<03:03,  2.78s/it]                                                                                      Best trial: 31. Best value: 0.560986:  34%|███▍      | 34/100 [01:37<03:03,  2.78s/it]Best trial: 31. Best value: 0.560986:  34%|███▍      | 34/100 [01:37<03:03,  2.78s/it]Best trial: 31. Best value: 0.560986:  35%|███▌      | 35/100 [01:37<03:00,  2.78s/it]                                                                                      Best trial: 31. Best value: 0.560986:  35%|███▌      | 35/100 [01:40<03:00,  2.78s/it]Best trial: 31. Best value: 0.560986:  35%|███▌      | 35/100 [01:40<03:00,  2.78s/it]Best trial: 31. Best value: 0.560986:  36%|███▌      | 36/100 [01:40<02:57,  2.78s/it]                                                                                      Best trial: 31. Best value: 0.560986:  36%|███▌      | 36/100 [01:43<02:57,  2.78s/it]Best trial: 31. Best value: 0.560986:  36%|███▌      | 36/100 [01:43<02:57,  2.78s/it]Best trial: 31. Best value: 0.560986:  37%|███▋      | 37/100 [01:43<02:55,  2.78s/it]                                                                                      Best trial: 31. Best value: 0.560986:  37%|███▋      | 37/100 [01:46<02:55,  2.78s/it]Best trial: 31. Best value: 0.560986:  37%|███▋      | 37/100 [01:46<02:55,  2.78s/it]Best trial: 31. Best value: 0.560986:  38%|███▊      | 38/100 [01:46<02:52,  2.78s/it]                                                                                      Best trial: 31. Best value: 0.560986:  38%|███▊      | 38/100 [01:48<02:52,  2.78s/it]Best trial: 31. Best value: 0.560986:  38%|███▊      | 38/100 [01:48<02:52,  2.78s/it]Best trial: 31. Best value: 0.560986:  39%|███▉      | 39/100 [01:48<02:49,  2.77s/it]                                                                                      Best trial: 31. Best value: 0.560986:  39%|███▉      | 39/100 [01:51<02:49,  2.77s/it]Best trial: 31. Best value: 0.560986:  39%|███▉      | 39/100 [01:51<02:49,  2.77s/it]Best trial: 31. Best value: 0.560986:  40%|████      | 40/100 [01:51<02:46,  2.77s/it]                                                                                      Best trial: 31. Best value: 0.560986:  40%|████      | 40/100 [01:54<02:46,  2.77s/it]Best trial: 31. Best value: 0.560986:  40%|████      | 40/100 [01:54<02:46,  2.77s/it]Best trial: 31. Best value: 0.560986:  41%|████      | 41/100 [01:54<02:43,  2.78s/it]                                                                                      Best trial: 31. Best value: 0.560986:  41%|████      | 41/100 [01:57<02:43,  2.78s/it]Best trial: 31. Best value: 0.560986:  41%|████      | 41/100 [01:57<02:43,  2.78s/it]Best trial: 31. Best value: 0.560986:  42%|████▏     | 42/100 [01:57<02:43,  2.82s/it]                                                                                      Best trial: 31. Best value: 0.560986:  42%|████▏     | 42/100 [02:00<02:43,  2.82s/it]Best trial: 31. Best value: 0.560986:  42%|████▏     | 42/100 [02:00<02:43,  2.82s/it]Best trial: 31. Best value: 0.560986:  43%|████▎     | 43/100 [02:00<02:40,  2.81s/it]                                                                                      Best trial: 31. Best value: 0.560986:  43%|████▎     | 43/100 [02:02<02:40,  2.81s/it]Best trial: 31. Best value: 0.560986:  43%|████▎     | 43/100 [02:02<02:40,  2.81s/it]Best trial: 31. Best value: 0.560986:  44%|████▍     | 44/100 [02:02<02:36,  2.80s/it]                                                                                      Best trial: 31. Best value: 0.560986:  44%|████▍     | 44/100 [02:05<02:36,  2.80s/it]Best trial: 31. Best value: 0.560986:  44%|████▍     | 44/100 [02:05<02:36,  2.80s/it]Best trial: 31. Best value: 0.560986:  45%|████▌     | 45/100 [02:05<02:33,  2.80s/it]                                                                                      Best trial: 31. Best value: 0.560986:  45%|████▌     | 45/100 [02:08<02:33,  2.80s/it]Best trial: 31. Best value: 0.560986:  45%|████▌     | 45/100 [02:08<02:33,  2.80s/it]Best trial: 31. Best value: 0.560986:  46%|████▌     | 46/100 [02:08<02:30,  2.79s/it]                                                                                      Best trial: 31. Best value: 0.560986:  46%|████▌     | 46/100 [02:11<02:30,  2.79s/it]Best trial: 31. Best value: 0.560986:  46%|████▌     | 46/100 [02:11<02:30,  2.79s/it]Best trial: 31. Best value: 0.560986:  47%|████▋     | 47/100 [02:11<02:27,  2.79s/it]                                                                                      Best trial: 31. Best value: 0.560986:  47%|████▋     | 47/100 [02:13<02:27,  2.79s/it]Best trial: 31. Best value: 0.560986:  47%|████▋     | 47/100 [02:13<02:27,  2.79s/it]Best trial: 31. Best value: 0.560986:  48%|████▊     | 48/100 [02:13<02:24,  2.78s/it]                                                                                      Best trial: 31. Best value: 0.560986:  48%|████▊     | 48/100 [02:16<02:24,  2.78s/it]Best trial: 31. Best value: 0.560986:  48%|████▊     | 48/100 [02:16<02:24,  2.78s/it]Best trial: 31. Best value: 0.560986:  49%|████▉     | 49/100 [02:16<02:21,  2.78s/it]                                                                                      Best trial: 31. Best value: 0.560986:  49%|████▉     | 49/100 [02:19<02:21,  2.78s/it]Best trial: 31. Best value: 0.560986:  49%|████▉     | 49/100 [02:19<02:21,  2.78s/it]Best trial: 31. Best value: 0.560986:  50%|█████     | 50/100 [02:19<02:19,  2.78s/it]                                                                                      Best trial: 31. Best value: 0.560986:  50%|█████     | 50/100 [02:22<02:19,  2.78s/it]Best trial: 31. Best value: 0.560986:  50%|█████     | 50/100 [02:22<02:19,  2.78s/it]Best trial: 31. Best value: 0.560986:  51%|█████     | 51/100 [02:22<02:16,  2.78s/it]                                                                                      Best trial: 31. Best value: 0.560986:  51%|█████     | 51/100 [02:25<02:16,  2.78s/it]Best trial: 31. Best value: 0.560986:  51%|█████     | 51/100 [02:25<02:16,  2.78s/it]Best trial: 31. Best value: 0.560986:  52%|█████▏    | 52/100 [02:25<02:13,  2.78s/it]                                                                                      Best trial: 31. Best value: 0.560986:  52%|█████▏    | 52/100 [02:27<02:13,  2.78s/it]Best trial: 31. Best value: 0.560986:  52%|█████▏    | 52/100 [02:27<02:13,  2.78s/it]Best trial: 31. Best value: 0.560986:  53%|█████▎    | 53/100 [02:27<02:10,  2.78s/it]                                                                                      Best trial: 31. Best value: 0.560986:  53%|█████▎    | 53/100 [02:30<02:10,  2.78s/it]Best trial: 31. Best value: 0.560986:  53%|█████▎    | 53/100 [02:30<02:10,  2.78s/it]Best trial: 31. Best value: 0.560986:  54%|█████▍    | 54/100 [02:30<02:07,  2.78s/it]                                                                                      Best trial: 31. Best value: 0.560986:  54%|█████▍    | 54/100 [02:33<02:07,  2.78s/it]Best trial: 31. Best value: 0.560986:  54%|█████▍    | 54/100 [02:33<02:07,  2.78s/it]Best trial: 31. Best value: 0.560986:  55%|█████▌    | 55/100 [02:33<02:05,  2.78s/it]                                                                                      Best trial: 31. Best value: 0.560986:  55%|█████▌    | 55/100 [02:36<02:05,  2.78s/it]Best trial: 31. Best value: 0.560986:  55%|█████▌    | 55/100 [02:36<02:05,  2.78s/it]Best trial: 31. Best value: 0.560986:  56%|█████▌    | 56/100 [02:36<02:02,  2.78s/it]                                                                                      Best trial: 31. Best value: 0.560986:  56%|█████▌    | 56/100 [02:38<02:02,  2.78s/it]Best trial: 31. Best value: 0.560986:  56%|█████▌    | 56/100 [02:38<02:02,  2.78s/it]Best trial: 31. Best value: 0.560986:  57%|█████▋    | 57/100 [02:38<01:59,  2.78s/it]                                                                                      Best trial: 31. Best value: 0.560986:  57%|█████▋    | 57/100 [02:41<01:59,  2.78s/it]Best trial: 31. Best value: 0.560986:  57%|█████▋    | 57/100 [02:41<01:59,  2.78s/it]Best trial: 31. Best value: 0.560986:  58%|█████▊    | 58/100 [02:41<01:56,  2.78s/it]                                                                                      Best trial: 31. Best value: 0.560986:  58%|█████▊    | 58/100 [02:44<01:56,  2.78s/it]Best trial: 31. Best value: 0.560986:  58%|█████▊    | 58/100 [02:44<01:56,  2.78s/it]Best trial: 31. Best value: 0.560986:  59%|█████▉    | 59/100 [02:44<01:55,  2.82s/it]                                                                                      Best trial: 31. Best value: 0.560986:  59%|█████▉    | 59/100 [02:47<01:55,  2.82s/it]Best trial: 31. Best value: 0.560986:  59%|█████▉    | 59/100 [02:47<01:55,  2.82s/it]Best trial: 31. Best value: 0.560986:  60%|██████    | 60/100 [02:47<01:52,  2.81s/it]                                                                                      Best trial: 31. Best value: 0.560986:  60%|██████    | 60/100 [02:50<01:52,  2.81s/it]Best trial: 31. Best value: 0.560986:  60%|██████    | 60/100 [02:50<01:52,  2.81s/it]Best trial: 31. Best value: 0.560986:  61%|██████    | 61/100 [02:50<01:49,  2.80s/it]                                                                                      Best trial: 31. Best value: 0.560986:  61%|██████    | 61/100 [02:53<01:49,  2.80s/it]Best trial: 31. Best value: 0.560986:  61%|██████    | 61/100 [02:53<01:49,  2.80s/it]Best trial: 31. Best value: 0.560986:  62%|██████▏   | 62/100 [02:53<01:46,  2.79s/it]                                                                                      Best trial: 31. Best value: 0.560986:  62%|██████▏   | 62/100 [02:55<01:46,  2.