[I 2025-05-13 01:51:25,500] Trial 99 finished with value: 0.5512522777286747 and parameters: {'interp_param': 0.41177559218765225}. Best is trial 13 with value: 0.5648708207926941.
Best hyperparameters: {'interp_param': 0.990856295842842}
Best optimized value: 0.5648708207926941
Tuning threshold scale factor for offline LSET using optuna
  0%|          | 0/100 [00:00<?, ?it/s]                                         0%|          | 0/100 [00:02<?, ?it/s]Best trial: 0. Best value: 0.564403:   0%|          | 0/100 [00:02<?, ?it/s]Best trial: 0. Best value: 0.564403:   1%|          | 1/100 [00:02<04:48,  2.91s/it]                                                                                    Best trial: 0. Best value: 0.564403:   1%|          | 1/100 [00:05<04:48,  2.91s/it]Best trial: 1. Best value: 0.564813:   1%|          | 1/100 [00:05<04:48,  2.91s/it]Best trial: 1. Best value: 0.564813:   2%|▏         | 2/100 [00:05<04:39,  2.85s/it]                                                                                    Best trial: 1. Best value: 0.564813:   2%|▏         | 2/100 [00:08<04:39,  2.85s/it]Best trial: 2. Best value: 0.565358:   2%|▏         | 2/100 [00:08<04:39,  2.85s/it]Best trial: 2. Best value: 0.565358:   3%|▎         | 3/100 [00:08<04:34,  2.83s/it]                                                                                    Best trial: 2. Best value: 0.565358:   3%|▎         | 3/100 [00:11<04:34,  2.83s/it]Best trial: 2. Best value: 0.565358:   3%|▎         | 3/100 [00:11<04:34,  2.83s/it]Best trial: 2. Best value: 0.565358:   4%|▍         | 4/100 [00:11<04:30,  2.81s/it]                                                                                    Best trial: 2. Best value: 0.565358:   4%|▍         | 4/100 [00:14<04:30,  2.81s/it]Best trial: 2. Best value: 0.565358:   4%|▍         | 4/100 [00:14<04:30,  2.81s/it]Best trial: 2. Best value: 0.565358:   5%|▌         | 5/100 [00:14<04:26,  2.81s/it]                                                                                    Best trial: 2. Best value: 0.565358:   5%|▌         | 5/100 [00:16<04:26,  2.81s/it]Best trial: 2. Best value: 0.565358:   5%|▌         | 5/100 [00:16<04:26,  2.81s/it]Best trial: 2. Best value: 0.565358:   6%|▌         | 6/100 [00:16<04:23,  2.80s/it]                                                                                    Best trial: 2. Best value: 0.565358:   6%|▌         | 6/100 [00:19<04:23,  2.80s/it]Best trial: 2. Best value: 0.565358:   6%|▌         | 6/100 [00:19<04:23,  2.80s/it]Best trial: 2. Best value: 0.565358:   7%|▋         | 7/100 [00:19<04:20,  2.80s/it]                                                                                    Best trial: 2. Best value: 0.565358:   7%|▋         | 7/100 [00:22<04:20,  2.80s/it]Best trial: 7. Best value: 0.565416:   7%|▋         | 7/100 [00:22<04:20,  2.80s/it]Best trial: 7. Best value: 0.565416:   8%|▊         | 8/100 [00:22<04:17,  2.80s/it]                                                                                    Best trial: 7. Best value: 0.565416:   8%|▊         | 8/100 [00:25<04:17,  2.80s/it]Best trial: 8. Best value: 0.56623:   8%|▊         | 8/100 [00:25<04:17,  2.80s/it] Best trial: 8. Best value: 0.56623:   9%|▉         | 9/100 [00:25<04:19,  2.85s/it]                                                                                   Best trial: 8. Best value: 0.56623:   9%|▉         | 9/100 [00:28<04:19,  2.85s/it]Best trial: 8. Best value: 0.56623:   9%|▉         | 9/100 [00:28<04:19,  2.85s/it]Best trial: 8. Best value: 0.56623:  10%|█         | 10/100 [00:28<04:15,  2.83s/it]                                                                                    Best trial: 8. Best value: 0.56623:  10%|█         | 10/100 [00:31<04:15,  2.83s/it]Best trial: 8. Best value: 0.56623:  10%|█         | 10/100 [00:31<04:15,  2.83s/it]Best trial: 8. Best value: 0.56623:  11%|█         | 11/100 [00:31<04:11,  2.83s/it]                                                                                    Best trial: 8. Best value: 0.56623:  11%|█         | 11/100 [00:33<04:11,  2.83s/it]Best trial: 8. Best value: 0.56623:  11%|█         | 11/100 [00:33<04:11,  2.83s/it]Best trial: 8. Best value: 0.56623:  12%|█▏        | 12/100 [00:33<04:08,  2.82s/it]                                                                                    Best trial: 8. Best value: 0.56623:  12%|█▏        | 12/100 [00:36<04:08,  2.82s/it]Best trial: 8. Best value: 0.56623:  12%|█▏        | 12/100 [00:36<04:08,  2.82s/it]Best trial: 8. Best value: 0.56623:  13%|█▎        | 13/100 [00:36<04:05,  2.82s/it]                                                                                    Best trial: 8. Best value: 0.56623:  13%|█▎        | 13/100 [00:39<04:05,  2.82s/it]Best trial: 8. Best value: 0.56623:  13%|█▎        | 13/100 [00:39<04:05,  2.82s/it]Best trial: 8. Best value: 0.56623:  14%|█▍        | 14/100 [00:39<04:01,  2.81s/it]                                                                                    Best trial: 8. Best value: 0.56623:  14%|█▍        | 14/100 [00:42<04:01,  2.81s/it]Best trial: 8. Best value: 0.56623:  14%|█▍        | 14/100 [00:42<04:01,  2.81s/it]Best trial: 8. Best value: 0.56623:  15%|█▌        | 15/100 [00:42<03:58,  2.81s/it]                                                                                    Best trial: 8. Best value: 0.56623:  15%|█▌        | 15/100 [00:45<03:58,  2.81s/it]Best trial: 8. Best value: 0.56623:  15%|█▌        | 15/100 [00:45<03:58,  2.81s/it]Best trial: 8. Best value: 0.56623:  16%|█▌        | 16/100 [00:45<03:55,  2.80s/it]                                                                                    Best trial: 8. Best value: 0.56623:  16%|█▌        | 16/100 [00:48<03:55,  2.80s/it]Best trial: 8. Best value: 0.56623:  16%|█▌        | 16/100 [00:48<03:55,  2.80s/it]Best trial: 8. Best value: 0.56623:  17%|█▋        | 17/100 [00:48<04:06,  2.97s/it]                                                                                    Best trial: 8. Best value: 0.56623:  17%|█▋        | 17/100 [00:51<04:06,  2.97s/it]Best trial: 8. Best value: 0.56623:  17%|█▋        | 17/100 [00:51<04:06,  2.97s/it]Best trial: 8. Best value: 0.56623:  18%|█▊        | 18/100 [00:51<03:59,  2.92s/it]                                                                                    Best trial: 8. Best value: 0.56623:  18%|█▊        | 18/100 [00:54<03:59,  2.92s/it]Best trial: 8. Best value: 0.56623:  18%|█▊        | 18/100 [00:54<03:59,  2.92s/it]Best trial: 8. Best value: 0.56623:  19%|█▉        | 19/100 [00:54<03:53,  2.89s/it]                                                                                    Best trial: 8. Best value: 0.56623:  19%|█▉        | 19/100 [00:56<03:53,  2.89s/it]Best trial: 8. Best value: 0.56623:  19%|█▉        | 19/100 [00:56<03:53,  2.89s/it]Best trial: 8. Best value: 0.56623:  20%|██        | 20/100 [00:56<03:49,  2.87s/it]                                                                                    Best trial: 8. Best value: 0.56623:  20%|██        | 20/100 [00:59<03:49,  2.87s/it]Best trial: 8. Best value: 0.56623:  20%|██        | 20/100 [00:59<03:49,  2.87s/it]Best trial: 8. Best value: 0.56623:  21%|██        | 21/100 [00:59<03:44,  2.85s/it]                                                                                    Best trial: 8. Best value: 0.56623:  21%|██        | 21/100 [01:02<03:44,  2.85s/it]Best trial: 8. Best value: 0.56623:  21%|██        | 21/100 [01:02<03:44,  2.85s/it]Best trial: 8. Best value: 0.56623:  22%|██▏       | 22/100 [01:02<03:41,  2.84s/it]                                                                                    Best trial: 8. Best value: 0.56623:  22%|██▏       | 22/100 [01:05<03:41,  2.84s/it]Best trial: 8. Best value: 0.56623:  22%|██▏       | 22/100 [01:05<03:41,  2.84s/it]Best trial: 8. Best value: 0.56623:  23%|██▎       | 23/100 [01:05<03:37,  2.82s/it]                                                                                    Best trial: 8. Best value: 0.56623:  23%|██▎       | 23/100 [01:08<03:37,  2.82s/it]Best trial: 23. Best value: 0.566359:  23%|██▎       | 23/100 [01:08<03:37,  2.82s/it]Best trial: 23. Best value: 0.566359:  24%|██▍       | 24/100 [01:08<03:34,  2.82s/it]                                                                                      Best trial: 23. Best value: 0.566359:  24%|██▍       | 24/100 [01:10<03:34,  2.82s/it]Best trial: 23. Best value: 0.566359:  24%|██▍       | 24/100 [01:10<03:34,  2.82s/it]Best trial: 23. Best value: 0.566359:  25%|██▌       | 25/100 [01:10<03:31,  2.82s/it]                                                                                      Best trial: 23. Best value: 0.566359:  25%|██▌       | 25/100 [01:13<03:31,  2.82s/it]Best trial: 23. Best value: 0.566359:  25%|██▌       | 25/100 [01:13<03:31,  2.82s/it]Best trial: 23. Best value: 0.566359:  26%|██▌       | 26/100 [01:13<03:31,  2.86s/it]                                                                                      Best trial: 23. Best value: 0.566359:  26%|██▌       | 26/100 [01:16<03:31,  2.86s/it]Best trial: 23. Best value: 0.566359:  26%|██▌       | 26/100 [01:16<03:31,  2.86s/it]Best trial: 23. Best value: 0.566359:  27%|██▋       | 27/100 [01:16<03:27,  2.84s/it]                                                                                      Best trial: 23. Best value: 0.566359:  27%|██▋       | 27/100 [01:19<03:27,  2.84s/it]Best trial: 23. Best value: 0.566359:  27%|██▋       | 27/100 [01:19<03:27,  2.84s/it]Best trial: 23. Best value: 0.566359:  28%|██▊       | 28/100 [01:19<03:23,  2.83s/it]                                                                                      Best trial: 23. Best value: 0.566359:  28%|██▊       | 28/100 [01:22<03:23,  2.83s/it]Best trial: 23. Best value: 0.566359:  28%|██▊       | 28/100 [01:22<03:23,  2.83s/it]Best trial: 23. Best value: 0.566359:  29%|██▉       | 29/100 [01:22<03:20,  2.82s/it]                                                                                      Best trial: 23. Best value: 0.566359:  29%|██▉       | 29/100 [01:25<03:20,  2.82s/it]Best trial: 23. Best value: 0.566359:  29%|██▉       | 29/100 [01:25<03:20,  2.82s/it]Best trial: 23. Best value: 0.566359:  30%|███       | 30/100 [01:25<03:17,  2.82s/it]                                                                                      Best trial: 23. Best value: 0.566359:  30%|███       | 30/100 [01:27<03:17,  2.82s/it]Best trial: 23. Best value: 0.566359:  30%|███       | 30/100 [01:27<03:17,  2.82s/it]Best trial: 23. Best value: 0.566359:  31%|███       | 31/100 [01:27<03:14,  2.81s/it]                                                                                      Best trial: 23. Best value: 0.566359:  31%|███       | 31/100 [01:30<03:14,  2.81s/it]Best trial: 23. Best value: 0.566359:  31%|███       | 31/100 [01:30<03:14,  2.81s/it]Best trial: 23. Best value: 0.566359:  32%|███▏      | 32/100 [01:30<03:11,  2.81s/it]                                                                                      Best trial: 23. Best value: 0.566359:  32%|███▏      | 32/100 [01:33<03:11,  2.81s/it]Best trial: 23. Best value: 0.566359:  32%|███▏      | 32/100 [01:33<03:11,  2.81s/it]Best trial: 23. Best value: 0.566359:  33%|███▎      | 33/100 [01:33<03:08,  2.81s/it]                                                                                      Best trial: 23. Best value: 0.566359:  33%|███▎      | 33/100 [01:36<03:08,  2.81s/it]Best trial: 23. Best value: 0.566359:  33%|███▎      | 33/100 [01:36<03:08,  2.81s/it]Best trial: 23. Best value: 0.566359:  34%|███▍      | 34/100 [01:36<03:05,  2.81s/it]                                                                                      Best trial: 23. Best value: 0.566359:  34%|███▍      | 34/100 [01:39<03:05,  2.81s/it]Best trial: 23. Best value: 0.566359:  34%|███▍      | 34/100 [01:39<03:05,  2.81s/it]Best trial: 23. Best value: 0.566359:  35%|███▌      | 35/100 [01:39<03:02,  2.81s/it]                                                                                      Best trial: 23. Best value: 0.566359:  35%|███▌      | 35/100 [01:41<03:02,  2.81s/it]Best trial: 23. Best value: 0.566359:  35%|███▌      | 35/100 [01:41<03:02,  2.81s/it]Best trial: 23. Best value: 0.566359:  36%|███▌      | 36/100 [01:41<02:59,  2.81s/it]                                                                                      Best trial: 23. Best value: 0.566359:  36%|███▌      | 36/100 [01:44<02:59,  2.81s/it]Best trial: 23. Best value: 0.566359:  36%|███▌      | 36/100 [01:44<02:59,  2.81s/it]Best trial: 23. Best value: 0.566359:  37%|███▋      | 37/100 [01:44<02:56,  2.81s/it]                                                                                      Best trial: 23. Best value: 0.566359:  37%|███▋      | 37/100 [01:47<02:56,  2.81s/it]Best trial: 23. Best value: 0.566359:  37%|███▋      | 37/100 [01:47<02:56,  2.81s/it]Best trial: 23. Best value: 0.566359:  38%|███▊      | 38/100 [01:47<02:54,  2.81s/it]                                                                                      Best trial: 23. Best value: 0.566359:  38%|███▊      | 38/100 [01:50<02:54,  2.81s/it]Best trial: 23. Best value: 0.566359:  38%|███▊      | 38/100 [01:50<02:54,  2.81s/it]Best trial: 23. Best value: 0.566359:  39%|███▉      | 39/100 [01:50<02:51,  2.81s/it]                                                                                      Best trial: 23. Best value: 0.566359:  39%|███▉      | 39/100 [01:53<02:51,  2.81s/it]Best trial: 23. Best value: 0.566359:  39%|███▉      | 39/100 [01:53<02:51,  2.81s/it]Best trial: 23. Best value: 0.566359:  40%|████      | 40/100 [01:53<02:48,  2.81s/it]                                                                                      Best trial: 23. Best value: 0.566359:  40%|████      | 40/100 [01:55<02:48,  2.81s/it]Best trial: 23. Best value: 0.566359:  40%|████      | 40/100 [01:55<02:48,  2.81s/it]Best trial: 23. Best value: 0.566359:  41%|████      | 41/100 [01:55<02:45,  2.81s/it]                                                                                      Best trial: 23. Best value: 0.566359:  41%|████      | 41/100 [01:58<02:45,  2.81s/it]Best trial: 23. Best value: 0.566359:  41%|████      | 41/100 [01:58<02:45,  2.81s/it]Best trial: 23. Best value: 0.566359:  42%|████▏     | 42/100 [01:58<02:45,  2.85s/it]                                                                                      Best trial: 23. Best value: 0.566359:  42%|████▏     | 42/100 [02:01<02:45,  2.85s/it]Best trial: 23. Best value: 0.566359:  42%|████▏     | 42/100 [02:01<02:45,  2.85s/it]Best trial: 23. Best value: 0.566359:  43%|████▎     | 43/100 [02:01<02:41,  2.84s/it]                                                                                      Best trial: 23. Best value: 0.566359:  43%|████▎     | 43/100 [02:04<02:41,  2.84s/it]Best trial: 23. Best value: 0.566359:  43%|████▎     | 43/100 [02:04<02:41,  2.84s/it]Best trial: 23. Best value: 0.566359:  44%|████▍     | 44/100 [02:04<02:38,  2.83s/it]                                                                                      Best trial: 23. Best value: 0.566359:  44%|████▍     | 44/100 [02:07<02:38,  2.83s/it]Best trial: 23. Best value: 0.566359:  44%|████▍     | 44/100 [02:07<02:38,  2.83s/it]Best trial: 23. Best value: 0.566359:  45%|████▌     | 45/100 [02:07<02:35,  2.83s/it]                                                                                      Best trial: 23. Best value: 0.566359:  45%|████▌     | 45/100 [02:10<02:35,  2.83s/it]Best trial: 23. Best value: 0.566359:  45%|████▌     | 45/100 [02:10<02:35,  2.83s/it]Best trial: 23. Best value: 0.566359:  46%|████▌     | 46/100 [02:10<02:32,  2.82s/it]                                                                                      Best trial: 23. Best value: 0.566359:  46%|████▌     | 46/100 [02:12<02:32,  2.82s/it]Best trial: 23. Best value: 0.566359:  46%|████▌     | 46/100 [02:12<02:32,  2.82s/it]Best trial: 23. Best value: 0.566359:  47%|████▋     | 47/100 [02:12<02:28,  2.81s/it]                                                                                      Best trial: 23. Best value: 0.566359:  47%|████▋     | 47/100 [02:15<02:28,  2.81s/it]Best trial: 23. Best value: 0.566359:  47%|████▋     | 47/100 [02:15<02:28,  2.81s/it]Best trial: 23. Best value: 0.566359:  48%|████▊     | 48/100 [02:15<02:25,  2.81s/it]                                                                                      Best trial: 23. Best value: 0.566359:  48%|████▊     | 48/100 [02:18<02:25,  2.81s/it]Best trial: 23. Best value: 0.566359:  48%|████▊     | 48/100 [02:18<02:25,  2.81s/it]Best trial: 23. Best value: 0.566359:  49%|████▉     | 49/100 [02:18<02:23,  2.80s/it]                                                                                      Best trial: 23. Best value: 0.566359:  49%|████▉     | 49/100 [02:21<02:23,  2.80s/it]Best trial: 23. Best value: 0.566359:  49%|████▉     | 49/100 [02:21<02:23,  2.80s/it]Best trial: 23. Best value: 0.566359:  50%|█████     | 50/100 [02:21<02:20,  2.80s/it]                                                                                      Best trial: 23. Best value: 0.566359:  50%|█████     | 50/100 [02:24<02:20,  2.80s/it]Best trial: 23. Best value: 0.566359:  50%|█████     | 50/100 [02:24<02:20,  2.80s/it]Best trial: 23. Best value: 0.566359:  51%|█████     | 51/100 [02:24<02:17,  2.80s/it]                                                                                      Best trial: 23. Best value: 0.566359:  51%|█████     | 51/100 [02:26<02:17,  2.80s/it]Best trial: 23. Best value: 0.566359:  51%|█████     | 51/100 [02:26<02:17,  2.80s/it]Best trial: 23. Best value: 0.566359:  52%|█████▏    | 52/100 [02:26<02:14,  2.80s/it]                                                                                      Best trial: 23. Best value: 0.566359:  52%|█████▏    | 52/100 [02:29<02:14,  2.80s/it]Best trial: 23. Best value: 0.566359:  52%|█████▏    | 52/100 [02:29<02:14,  2.80s/it]Best trial: 23. Best value: 0.566359:  53%|█████▎    | 53/100 [02:29<02:11,  2.81s/it]                                                                                      Best trial: 23. Best value: 0.566359:  53%|█████▎    | 53/100 [02:32<02:11,  2.81s/it]Best trial: 23. Best value: 0.566359:  53%|█████▎    | 53/100 [02:32<02:11,  2.81s/it]Best trial: 23. Best value: 0.566359:  54%|█████▍    | 54/100 [02:32<02:09,  2.81s/it]                                                                                      Best trial: 23. Best value: 0.566359:  54%|█████▍    | 54/100 [02:35<02:09,  2.81s/it]Best trial: 23. Best value: 0.566359:  54%|█████▍    | 54/100 [02:35<02:09,  2.81s/it]Best trial: 23. Best value: 0.566359:  55%|█████▌    | 55/100 [02:35<02:06,  2.81s/it]                                                                                      Best trial: 23. Best value: 0.566359:  55%|█████▌    | 55/100 [02:38<02:06,  2.81s/it]Best trial: 23. Best value: 0.566359:  55%|█████▌    | 55/100 [02:38<02:06,  2.81s/it]Best trial: 23. Best value: 0.566359:  56%|█████▌    | 56/100 [02:38<02:03,  2.80s/it]                                                                                      Best trial: 23. Best value: 0.566359:  56%|█████▌    | 56/100 [02:40<02:03,  2.80s/it]Best trial: 23. Best value: 0.566359:  56%|█████▌    | 56/100 [02:40<02:03,  2.80s/it]Best trial: 23. Best value: 0.566359:  57%|█████▋    | 57/100 [02:40<02:00,  2.80s/it]                                                                                      Best trial: 23. Best value: 0.566359:  57%|█████▋    | 57/100 [02:43<02:00,  2.80s/it]Best trial: 23. Best value: 0.566359:  57%|█████▋    | 57/100 [02:43<02:00,  2.80s/it]Best trial: 23. Best value: 0.566359:  58%|█████▊    | 58/100 [02:43<01:57,  2.80s/it]                                                                                      Best trial: 23. Best value: 0.566359:  58%|█████▊    | 58/100 [02:46<01:57,  2.80s/it]Best trial: 23. Best value: 0.566359:  58%|█████▊    | 58/100 [02:46<01:57,  2.80s/it]Best trial: 23. Best value: 0.566359:  59%|█████▉    | 59/100 [02:46<01:56,  2.85s/it]                                                                                      Best trial: 23. Best value: 0.566359:  59%|█████▉    | 59/100 [02:49<01:56,  2.85s/it]Best trial: 23. Best value: 0.566359:  59%|█████▉    | 59/100 [02:49<01:56,  2.85s/it]Best trial: 23. Best value: 0.566359:  60%|██████    | 60/100 [02:49<01:53,  2.83s/it]                                                                                      Best trial: 23. Best value: 0.566359:  60%|██████    | 60/100 [02:52<01:53,  2.83s/it]Best trial: 23. Best value: 0.566359:  60%|██████    | 60/100 [02:52<01:53,  2.83s/it]Best trial: 23. Best value: 0.566359:  61%|██████    | 61/100 [02:52<01:50,  2.82s/it]                                                                                      Best trial: 23. Best value: 0.566359:  61%|██████    | 61/100 [02:55<01:50,  2.82s/it]Best trial: 23. Best value: 0.566359:  61%|██████    | 61/100 [02:55<01:50,  2.82s/it]Best trial: 23. Best value: 0.566359:  62%|██████▏   | 62/100 [02:55<01:47,  2.82s/it]                                                                                      Best trial: 23. Best value: 0.566359:  62%|██████▏   | 62/100 [02:57<01:47,  2.82s/it]Best trial: 23. Best value: 0.566359:  62%|██████▏   | 62/100 [02:57<01:47,  2.82s/it]Best tria