[I 2025-05-13 01:45:25,828] Trial 0 finished with value: 0.5706992637577548 and parameters: {'interp_param': 0.8522067028253095}. Best is trial 0 with value: 0.5706992637577548.
[I 2025-05-13 01:45:29,374] Trial 1 finished with value: 0.5516926470085581 and parameters: {'interp_param': 0.4071703078467137}. Best is trial 0 with value: 0.5706992637577548.
[I 2025-05-13 01:45:32,903] Trial 2 finished with value: 0.557357786172741 and parameters: {'interp_param': 0.5579139457092747}. Best is trial 0 with value: 0.5706992637577548.
[I 2025-05-13 01:45:36,442] Trial 3 finished with value: 0.5711319676416988 and parameters: {'interp_param': 0.8635221491579814}. Best is trial 3 with value: 0.5711319676416988.
[I 2025-05-13 01:45:40,120] Trial 4 finished with value: 0.5606078523163622 and parameters: {'interp_param': 0.6358010484970992}. Best is trial 3 with value: 0.5711319676416988.
[I 2025-05-13 01:45:43,637] Trial 5 finished with value: 0.5459105359601626 and parameters: {'interp_param': 0.26887698950529293}. Best is trial 3 with value: 0.5711319676416988.
[I 2025-05-13 01:45:47,163] Trial 6 finished with value: 0.5523878984202719 and parameters: {'interp_param': 0.4272191065733646}. Best is trial 3 with value: 0.5711319676416988.
[I 2025-05-13 01:45:50,702] Trial 7 finished with value: 0.5387940132372848 and parameters: {'interp_param': 0.05200827234363481}. Best is trial 3 with value: 0.5711319676416988.
[I 2025-05-13 01:45:54,237] Trial 8 finished with value: 0.5374769953236558 and parameters: {'interp_param': 0.020902470908261472}. Best is trial 3 with value: 0.5711319676416988.
[I 2025-05-13 01:45:57,794] Trial 9 finished with value: 0.5619740779562742 and parameters: {'interp_param': 0.6618968363686152}. Best is trial 3 with value: 0.5711319676416988.
[I 2025-05-13 01:46:01,337] Trial 10 finished with value: 0.573415195852101 and parameters: {'interp_param': 0.9168682126700053}. Best is trial 10 with value: 0.573415195852101.
[I 2025-05-13 01:46:04,875] Trial 11 finished with value: 0.5742572267346538 and parameters: {'interp_param': 0.9897289035066164}. Best is trial 11 with value: 0.5742572267346538.
[I 2025-05-13 01:46:08,410] Trial 12 finished with value: 0.5740518558582073 and parameters: {'interp_param': 0.9676284944553492}. Best is trial 11 with value: 0.5742572267346538.
[I 2025-05-13 01:46:11,949] Trial 13 finished with value: 0.5739672895639432 and parameters: {'interp_param': 0.9941709535566355}. Best is trial 11 with value: 0.5742572267346538.
[I 2025-05-13 01:46:15,489] Trial 14 finished with value: 0.566670686626658 and parameters: {'interp_param': 0.7556823334748949}. Best is trial 11 with value: 0.5742572267346538.
[I 2025-05-13 01:46:19,019] Trial 15 finished with value: 0.5743318485924409 and parameters: {'interp_param': 0.9847917613568341}. Best is trial 15 with value: 0.5743318485924409.
[I 2025-05-13 01:46:22,558] Trial 16 finished with value: 0.5668466614813608 and parameters: {'interp_param': 0.7590865673059417}. Best is trial 15 with value: 0.5743318485924409.
[I 2025-05-13 01:46:26,103] Trial 17 finished with value: 0.5673117452324479 and parameters: {'interp_param': 0.7721215390441794}. Best is trial 15 with value: 0.5743318485924409.
[I 2025-05-13 01:46:29,780] Trial 18 finished with value: 0.5442758722700979 and parameters: {'interp_param': 0.21747145983456106}. Best is trial 15 with value: 0.5743318485924409.
[I 2025-05-13 01:46:33,312] Trial 19 finished with value: 0.5739635906245603 and parameters: {'interp_param': 0.9952732357430066}. Best is trial 15 with value: 0.5743318485924409.
[I 2025-05-13 01:46:36,852] Trial 20 finished with value: 0.5700248992638359 and parameters: {'interp_param': 0.8398018761047219}. Best is trial 15 with value: 0.5743318485924409.
[I 2025-05-13 01:46:40,376] Trial 21 finished with value: 0.5738498906811648 and parameters: {'interp_param': 0.9979081147440457}. Best is trial 15 with value: 0.5743318485924409.
[I 2025-05-13 01:46:43,919] Trial 22 finished with value: 0.573304191658687 and parameters: {'interp_param': 0.9132663416027234}. Best is trial 15 with value: 0.5743318485924409.
[I 2025-05-13 01:46:47,462] Trial 23 finished with value: 0.5620303028638063 and parameters: {'interp_param': 0.6631195858699023}. Best is trial 15 with value: 0.5743318485924409.
[I 2025-05-13 01:46:50,984] Trial 24 finished with value: 0.5732484246170868 and parameters: {'interp_param': 0.9114101169347939}. Best is trial 15 with value: 0.5743318485924409.
[I 2025-05-13 01:46:54,506] Trial 25 finished with value: 0.5690655466669202 and parameters: {'interp_param': 0.8168957383394322}. Best is trial 15 with value: 0.5743318485924409.
[I 2025-05-13 01:46:58,038] Trial 26 finished with value: 0.56450822184195 and parameters: {'interp_param': 0.7093689473973965}. Best is trial 15 with value: 0.5743318485924409.
[I 2025-05-13 01:47:01,583] Trial 27 finished with value: 0.5737869624106063 and parameters: {'interp_param': 0.9274538667153222}. Best is trial 15 with value: 0.5743318485924409.
[I 2025-05-13 01:47:05,127] Trial 28 finished with value: 0.5574793367162731 and parameters: {'interp_param': 0.5611661754311508}. Best is trial 15 with value: 0.5743318485924409.
[I 2025-05-13 01:47:08,665] Trial 29 finished with value: 0.5708722187551311 and parameters: {'interp_param': 0.8558856702133273}. Best is trial 15 with value: 0.5743318485924409.
[I 2025-05-13 01:47:12,198] Trial 30 finished with value: 0.5746554929270413 and parameters: {'interp_param': 0.9486656870912035}. Best is trial 30 with value: 0.5746554929270413.
[I 2025-05-13 01:47:15,720] Trial 31 finished with value: 0.5745144290635102 and parameters: {'interp_param': 0.9446998679236536}. Best is trial 30 with value: 0.5746554929270413.
[I 2025-05-13 01:47:19,257] Trial 32 finished with value: 0.5718958011965467 and parameters: {'interp_param': 0.8825420191307051}. Best is trial 30 with value: 0.5746554929270413.
[I 2025-05-13 01:47:22,950] Trial 33 finished with value: 0.5688654026644834 and parameters: {'interp_param': 0.8128132356790922}. Best is trial 30 with value: 0.5746554929270413.
[I 2025-05-13 01:47:26,474] Trial 34 finished with value: 0.5736071600024949 and parameters: {'interp_param': 0.9216089812455175}. Best is trial 30 with value: 0.5746554929270413.
[I 2025-05-13 01:47:29,999] Trial 35 finished with value: 0.5745382586702162 and parameters: {'interp_param': 0.9512437107333451}. Best is trial 30 with value: 0.5746554929270413.
[I 2025-05-13 01:47:33,518] Trial 36 finished with value: 0.5572805920344375 and parameters: {'interp_param': 0.5558765338497363}. Best is trial 30 with value: 0.5746554929270413.
[I 2025-05-13 01:47:37,042] Trial 37 finished with value: 0.5685700842829318 and parameters: {'interp_param': 0.807360485931023}. Best is trial 30 with value: 0.5746554929270413.
[I 2025-05-13 01:47:40,563] Trial 38 finished with value: 0.5492697799780311 and parameters: {'interp_param': 0.35368539992912335}. Best is trial 30 with value: 0.5746554929270413.
[I 2025-05-13 01:47:44,098] Trial 39 finished with value: 0.5717880020646564 and parameters: {'interp_param': 0.8799499714159282}. Best is trial 30 with value: 0.5746554929270413.
[I 2025-05-13 01:47:47,626] Trial 40 finished with value: 0.5641029950584846 and parameters: {'interp_param': 0.7028419544559743}. Best is trial 30 with value: 0.5746554929270413.
[I 2025-05-13 01:47:51,161] Trial 41 finished with value: 0.5745904348082151 and parameters: {'interp_param': 0.9504414320049609}. Best is trial 30 with value: 0.5746554929270413.
[I 2025-05-13 01:47:54,679] Trial 42 finished with value: 0.5746162142035527 and parameters: {'interp_param': 0.949991259910792}. Best is trial 30 with value: 0.5746554929270413.
[I 2025-05-13 01:47:58,205] Trial 43 finished with value: 0.5745826253645667 and parameters: {'interp_param': 0.9459541118565381}. Best is trial 30 with value: 0.5746554929270413.
[I 2025-05-13 01:48:01,748] Trial 44 finished with value: 0.5717190855250552 and parameters: {'interp_param': 0.8787091963017766}. Best is trial 30 with value: 0.5746554929270413.
[I 2025-05-13 01:48:05,265] Trial 45 finished with value: 0.540237685098991 and parameters: {'interp_param': 0.08884223022864612}. Best is trial 30 with value: 0.5746554929270413.
[I 2025-05-13 01:48:08,804] Trial 46 finished with value: 0.5742071753003616 and parameters: {'interp_param': 0.9595055041214704}. Best is trial 30 with value: 0.5746554929270413.
[I 2025-05-13 01:48:12,324] Trial 47 finished with value: 0.5677439449494106 and parameters: {'interp_param': 0.7830809295697714}. Best is trial 30 with value: 0.5746554929270413.
[I 2025-05-13 01:48:16,003] Trial 48 finished with value: 0.5704028907411914 and parameters: {'interp_param': 0.847359656162386}. Best is trial 30 with value: 0.5746554929270413.
[I 2025-05-13 01:48:19,536] Trial 49 finished with value: 0.5648341400725272 and parameters: {'interp_param': 0.7167490803635876}. Best is trial 30 with value: 0.5746554929270413.
[I 2025-05-13 01:48:23,065] Trial 50 finished with value: 0.5743919216316259 and parameters: {'interp_param': 0.953906939017933}. Best is trial 30 with value: 0.5746554929270413.
[I 2025-05-13 01:48:26,590] Trial 51 finished with value: 0.5744396580134532 and parameters: {'interp_param': 0.9437450861860676}. Best is trial 30 with value: 0.5746554929270413.
[I 2025-05-13 01:48:30,117] Trial 52 finished with value: 0.5724262620292441 and parameters: {'interp_param': 0.8953414254641535}. Best is trial 30 with value: 0.5746554929270413.
[I 2025-05-13 01:48:33,647] Trial 53 finished with value: 0.5746345545636362 and parameters: {'interp_param': 0.9472648192032593}. Best is trial 30 with value: 0.5746554929270413.
[I 2025-05-13 01:48:37,183] Trial 54 finished with value: 0.5707235203630265 and parameters: {'interp_param': 0.8526655702881265}. Best is trial 30 with value: 0.5746554929270413.
[I 2025-05-13 01:48:40,721] Trial 55 finished with value: 0.5740238797353088 and parameters: {'interp_param': 0.9682557485726792}. Best is trial 30 with value: 0.5746554929270413.
[I 2025-05-13 01:48:44,269] Trial 56 finished with value: 0.573441541149152 and parameters: {'interp_param': 0.9179004937913041}. Best is trial 30 with value: 0.5746554929270413.
[I 2025-05-13 01:48:47,804] Trial 57 finished with value: 0.5742103494945191 and parameters: {'interp_param': 0.96041556845887}. Best is trial 30 with value: 0.5746554929270413.
[I 2025-05-13 01:48:51,345] Trial 58 finished with value: 0.573580238514608 and parameters: {'interp_param': 0.9997182376804135}. Best is trial 30 with value: 0.5746554929270413.
[I 2025-05-13 01:48:54,894] Trial 59 finished with value: 0.569603960990975 and parameters: {'interp_param': 0.8320649241128846}. Best is trial 30 with value: 0.5746554929270413.
[I 2025-05-13 01:48:58,419] Trial 60 finished with value: 0.5677576860719302 and parameters: {'interp_param': 0.783511974275616}. Best is trial 30 with value: 0.5746554929270413.
[I 2025-05-13 01:49:01,961] Trial 61 finished with value: 0.5741951833285931 and parameters: {'interp_param': 0.9385459891847363}. Best is trial 30 with value: 0.5746554929270413.
[I 2025-05-13 01:49:05,502] Trial 62 finished with value: 0.5718712719295402 and parameters: {'interp_param': 0.8816908908637919}. Best is trial 30 with value: 0.5746554929270413.
[I 2025-05-13 01:49:09,192] Trial 63 finished with value: 0.5531322701007311 and parameters: {'interp_param': 0.4504034292458544}. Best is trial 30 with value: 0.5746554929270413.
[I 2025-05-13 01:49:12,745] Trial 64 finished with value: 0.574310966819207 and parameters: {'interp_param': 0.9413824941918043}. Best is trial 30 with value: 0.5746554929270413.
[I 2025-05-13 01:49:16,320] Trial 65 finished with value: 0.5728030239565127 and parameters: {'interp_param': 0.9019286354330157}. Best is trial 30 with value: 0.5746554929270413.
[I 2025-05-13 01:49:19,881] Trial 66 finished with value: 0.5741454405679629 and parameters: {'interp_param': 0.9759287305523918}. Best is trial 30 with value: 0.5746554929270413.
[I 2025-05-13 01:49:23,438] Trial 67 finished with value: 0.5662057006222305 and parameters: {'interp_param': 0.7469447291034639}. Best is trial 30 with value: 0.5746554929270413.
[I 2025-05-13 01:49:27,027] Trial 68 finished with value: 0.5709179384690334 and parameters: {'interp_param': 0.85675596172592}. Best is trial 30 with value: 0.5746554929270413.
[I 2025-05-13 01:49:30,589] Trial 69 finished with value: 0.5732589246661556 and parameters: {'interp_param': 0.9116120987839496}. Best is trial 30 with value: 0.5746554929270413.
[I 2025-05-13 01:49:34,151] Trial 70 finished with value: 0.5741274191706635 and parameters: {'interp_param': 0.9753940481329646}. Best is trial 30 with value: 0.5746554929270413.
[I 2025-05-13 01:49:37,705] Trial 71 finished with value: 0.5743961247379901 and parameters: {'interp_param': 0.9431431954651173}. Best is trial 30 with value: 0.5746554929270413.
[I 2025-05-13 01:49:41,259] Trial 72 finished with value: 0.5738531677665429 and parameters: {'interp_param': 0.9986475579144677}. Best is trial 30 with value: 0.5746554929270413.
[I 2025-05-13 01:49:44,814] Trial 73 finished with value: 0.5743122581040263 and parameters: {'interp_param': 0.9414151106816239}. Best is trial 30 with value: 0.5746554929270413.
[I 2025-05-13 01:49:48,375] Trial 74 finished with value: 0.5722667960708971 and parameters: {'interp_param': 0.8920988894104714}. Best is trial 30 with value: 0.5746554929270413.
[I 2025-05-13 01:49:51,928] Trial 75 finished with value: 0.5441848855636642 and parameters: {'interp_param': 0.21442477283226113}. Best is trial 30 with value: 0.5746554929270413.
[I 2025-05-13 01:49:55,500] Trial 76 finished with value: 0.5688963986447086 and parameters: {'interp_param': 0.8134337990928029}. Best is trial 30 with value: 0.5746554929270413.
[I 2025-05-13 01:49:59,219] Trial 77 finished with value: 0.5737161578171059 and parameters: {'interp_param': 0.9249387992521814}. Best is trial 30 with value: 0.5746554929270413.
[I 2025-05-13 01:50:02,771] Trial 78 finished with value: 0.5712119346983995 and parameters: {'interp_param': 0.8669560749024077}. Best is trial 30 with value: 0.5746554929270413.
[I 2025-05-13 01:50:06,345] Trial 79 finished with value: 0.574103044240488 and parameters: {'interp_param': 0.9700388245365807}. Best is trial 30 with value: 0.5746554929270413.
[I 2025-05-13 01:50:09,900] Trial 80 finished with value: 0.5699985694004679 and parameters: {'interp_param': 0.8389910920641906}. Best is trial 30 with value: 0.5746554929270413.
[I 2025-05-13 01:50:13,463] Trial 81 finished with value: 0.5743647532048095 and parameters: {'interp_param': 0.9426796780848853}. Best is trial 30 with value: 0.5746554929270413.
[I 2025-05-13 01:50:17,034] Trial 82 finished with value: 0.5729727790369261 and parameters: {'interp_param': 0.9054256482772955}. Best is trial 30 with value: 0.5746554929270413.
[I 2025-05-13 01:50:20,601] Trial 83 finished with value: 0.5746476989170761 and parameters: {'interp_param': 0.9479404536257061}. Best is trial 30 with value: 0.5746554929270413.
[I 2025-05-13 01:50:24,174] Trial 84 finished with value: 0.559652440453198 and parameters: {'interp_param': 0.6161032522738197}. Best is trial 30 with value: 0.5746554929270413.
[I 2025-05-13 01:50:27,733] Trial 85 finished with value: 0.5743358922174131 and parameters: {'interp_param': 0.9836054329906618}. Best is trial 30 with value: 0.5746554929270413.
[I 2025-05-13 01:50:31,296] Trial 86 finished with value: 0.5741999111801828 and parameters: {'interp_param': 0.9581681997214779}. Best is trial 30 with value: 0.5746554929270413.
[I 2025-05-13 01:50:34,865] Trial 87 finished with value: 0.5738329496416824 and parameters: {'interp_param': 0.9287214680731096}. Best is trial 30 with value: 0.5746554929270413.
[I 2025-05-13 01:50:38,416] Trial 88 finished with value: 0.57122099941494 and parameters: {'interp_param': 0.867277149112418}. Best is trial 30 with value: 0.5746554929270413.
[I 2025-05-13 01:50:41,988] Trial 89 finished with value: 0.5730230979883922 and parameters: {'interp_param': 0.9064417938682414}. Best is trial 30 with value: 0.5746554929270413.
[I 2025-05-13 01:50:45,551] Trial 90 finished with value: 0.5738627057826985 and parameters: {'interp_param': 0.9985309479502607}. Best is trial 30 with value: 0.5746554929270413.
[I 2025-05-13 01:50:49,112] Trial 91 finished with value: 0.5742066917116244 and parameters: {'interp_param': 0.9594769771093474}. Best is trial 30 with value: 0.5746554929270413.
[I 2025-05-13 01:50:52,812] Trial 92 finished with value: 0.5742622375371003 and parameters: {'interp_param': 0.940200837321182}. Best is trial 30 with value: 0.5746554929270413.
[I 2025-05-13 01:50:56,379] Trial 93 finished with value: 0.5737164870690121 and parameters: {'interp_param': 0.9249695277744102}. Best is trial 30 with value: 0.5746554929270413.
[I 2025-05-13 01:50:59,938] Trial 94 finished with value: 0.5718467272288508 and parameters: {'interp_param': 0.8810823456458732}. Best is trial 30 with value: 0.5746554929270413.
[I 2025-05-13 01:51:03,489] Trial 95 finished with value: 0.574176899558681 and parameters: {'interp_param': 0.9713824479035617}. Best is trial 30 with value: 0.5746554929270413.
[I 2025-05-13 01:51:07,057] Trial 96 finished with value: 0.5493725940302802 and parameters: {'interp_param': 0.355259531648652}. Best is trial 30 with value: 0.5746554929270413.
[I 2025-05-13 01:51:10,619] Trial 97 finished with value: 0.5722626804220705 and parameters: {'interp_param': 0.8920210670493903}. Best is trial 30 with value: 0.5746554929270413.
[I 2025-05-13 01:51:14,183] Trial 98 finished with value: 0.5694899420847955 and parameters: {'interp_param': 0.8292743599064047}. Best is trial 30 with value: 0.5746554929270413.
