[I 2025-05-13 01:45:25,770] Trial 0 finished with value: 0.537427504646516 and parameters: {'interp_param': 0.024442849150081658}. Best is trial 0 with value: 0.537427504646516.
[I 2025-05-13 01:45:29,243] Trial 1 finished with value: 0.5424244373563368 and parameters: {'interp_param': 0.16206373790770934}. Best is trial 1 with value: 0.5424244373563368.
[I 2025-05-13 01:45:32,712] Trial 2 finished with value: 0.5375490912019754 and parameters: {'interp_param': 0.027455227437937824}. Best is trial 1 with value: 0.5424244373563368.
[I 2025-05-13 01:45:36,184] Trial 3 finished with value: 0.5521060484995055 and parameters: {'interp_param': 0.5732649207635732}. Best is trial 3 with value: 0.5521060484995055.
[I 2025-05-13 01:45:39,804] Trial 4 finished with value: 0.5567741974582535 and parameters: {'interp_param': 0.8548549171787363}. Best is trial 4 with value: 0.5567741974582535.
[I 2025-05-13 01:45:43,277] Trial 5 finished with value: 0.5460795708020315 and parameters: {'interp_param': 0.2817374173678395}. Best is trial 4 with value: 0.5567741974582535.
[I 2025-05-13 01:45:46,754] Trial 6 finished with value: 0.5565722065584058 and parameters: {'interp_param': 0.7953371981117682}. Best is trial 4 with value: 0.5567741974582535.
[I 2025-05-13 01:45:50,229] Trial 7 finished with value: 0.5489859494012668 and parameters: {'interp_param': 0.368072507724599}. Best is trial 4 with value: 0.5567741974582535.
[I 2025-05-13 01:45:53,709] Trial 8 finished with value: 0.5446966613506888 and parameters: {'interp_param': 0.23556441879367884}. Best is trial 4 with value: 0.5567741974582535.
[I 2025-05-13 01:45:57,192] Trial 9 finished with value: 0.5460735722438668 and parameters: {'interp_param': 0.2815129149545813}. Best is trial 4 with value: 0.5567741974582535.
[I 2025-05-13 01:46:00,670] Trial 10 finished with value: 0.5581213727886594 and parameters: {'interp_param': 0.9956349155574117}. Best is trial 10 with value: 0.5581213727886594.
[I 2025-05-13 01:46:04,135] Trial 11 finished with value: 0.5585007635866159 and parameters: {'interp_param': 0.944526198779597}. Best is trial 11 with value: 0.5585007635866159.
[I 2025-05-13 01:46:07,616] Trial 12 finished with value: 0.5577683067095097 and parameters: {'interp_param': 0.9997122966919167}. Best is trial 11 with value: 0.5585007635866159.
[I 2025-05-13 01:46:11,099] Trial 13 finished with value: 0.5529111311447177 and parameters: {'interp_param': 0.6578042990867814}. Best is trial 11 with value: 0.5585007635866159.
[I 2025-05-13 01:46:14,570] Trial 14 finished with value: 0.5578134965336257 and parameters: {'interp_param': 0.9194809246809714}. Best is trial 11 with value: 0.5585007635866159.
[I 2025-05-13 01:46:18,056] Trial 15 finished with value: 0.5542555026893605 and parameters: {'interp_param': 0.7192240674530599}. Best is trial 11 with value: 0.5585007635866159.
[I 2025-05-13 01:46:21,526] Trial 16 finished with value: 0.5581932165834884 and parameters: {'interp_param': 0.9949541278749793}. Best is trial 11 with value: 0.5585007635866159.
[I 2025-05-13 01:46:24,996] Trial 17 finished with value: 0.551189159109358 and parameters: {'interp_param': 0.4669380417546339}. Best is trial 11 with value: 0.5585007635866159.
[I 2025-05-13 01:46:28,622] Trial 18 finished with value: 0.5558976568602897 and parameters: {'interp_param': 0.7701606906325782}. Best is trial 11 with value: 0.5585007635866159.
[I 2025-05-13 01:46:32,091] Trial 19 finished with value: 0.5522767913356373 and parameters: {'interp_param': 0.5902031284694915}. Best is trial 11 with value: 0.5585007635866159.
[I 2025-05-13 01:46:35,561] Trial 20 finished with value: 0.5574156727734869 and parameters: {'interp_param': 0.8949670767194627}. Best is trial 11 with value: 0.5585007635866159.
[I 2025-05-13 01:46:39,038] Trial 21 finished with value: 0.5580376862143318 and parameters: {'interp_param': 0.9962905427301626}. Best is trial 11 with value: 0.5585007635866159.
[I 2025-05-13 01:46:42,504] Trial 22 finished with value: 0.5576088356066018 and parameters: {'interp_param': 0.9089418508289537}. Best is trial 11 with value: 0.5585007635866159.
[I 2025-05-13 01:46:45,976] Trial 23 finished with value: 0.5571044319755376 and parameters: {'interp_param': 0.8263117605012493}. Best is trial 11 with value: 0.5585007635866159.
[I 2025-05-13 01:46:49,458] Trial 24 finished with value: 0.5583533616238918 and parameters: {'interp_param': 0.960845506649906}. Best is trial 11 with value: 0.5585007635866159.
[I 2025-05-13 01:46:52,936] Trial 25 finished with value: 0.5542700617970845 and parameters: {'interp_param': 0.7138928600354109}. Best is trial 11 with value: 0.5585007635866159.
[I 2025-05-13 01:46:56,414] Trial 26 finished with value: 0.5568910561621233 and parameters: {'interp_param': 0.8639725810484081}. Best is trial 11 with value: 0.5585007635866159.
[I 2025-05-13 01:46:59,881] Trial 27 finished with value: 0.5579770215506279 and parameters: {'interp_param': 0.9244729005994703}. Best is trial 11 with value: 0.5585007635866159.
[I 2025-05-13 01:47:03,355] Trial 28 finished with value: 0.5559005275253461 and parameters: {'interp_param': 0.7703268599258788}. Best is trial 11 with value: 0.5585007635866159.
[I 2025-05-13 01:47:06,829] Trial 29 finished with value: 0.55860619107587 and parameters: {'interp_param': 0.9502617622117633}. Best is trial 29 with value: 0.55860619107587.
[I 2025-05-13 01:47:10,303] Trial 30 finished with value: 0.5511932799027456 and parameters: {'interp_param': 0.46977705343852266}. Best is trial 29 with value: 0.55860619107587.
[I 2025-05-13 01:47:13,770] Trial 31 finished with value: 0.5583677509611018 and parameters: {'interp_param': 0.9412523392929822}. Best is trial 29 with value: 0.55860619107587.
[I 2025-05-13 01:47:17,251] Trial 32 finished with value: 0.5578436436612804 and parameters: {'interp_param': 0.9201790016500186}. Best is trial 29 with value: 0.55860619107587.
[I 2025-05-13 01:47:20,875] Trial 33 finished with value: 0.5571434123144864 and parameters: {'interp_param': 0.8293386060175602}. Best is trial 29 with value: 0.55860619107587.
[I 2025-05-13 01:47:24,354] Trial 34 finished with value: 0.5540796770269276 and parameters: {'interp_param': 0.7061496386583042}. Best is trial 29 with value: 0.55860619107587.
[I 2025-05-13 01:47:27,815] Trial 35 finished with value: 0.5366356898242085 and parameters: {'interp_param': 0.0043953149005728775}. Best is trial 29 with value: 0.55860619107587.
[I 2025-05-13 01:47:31,290] Trial 36 finished with value: 0.5585093858709076 and parameters: {'interp_param': 0.945043865543179}. Best is trial 29 with value: 0.55860619107587.
[I 2025-05-13 01:47:34,766] Trial 37 finished with value: 0.5391927630184095 and parameters: {'interp_param': 0.07242548972625762}. Best is trial 29 with value: 0.55860619107587.
[I 2025-05-13 01:47:38,243] Trial 38 finished with value: 0.5568714605291477 and parameters: {'interp_param': 0.8592891759168344}. Best is trial 29 with value: 0.55860619107587.
[I 2025-05-13 01:47:41,719] Trial 39 finished with value: 0.5525584046065963 and parameters: {'interp_param': 0.6392270646837414}. Best is trial 29 with value: 0.55860619107587.
[I 2025-05-13 01:47:45,192] Trial 40 finished with value: 0.5566601322510247 and parameters: {'interp_param': 0.800227890185742}. Best is trial 29 with value: 0.55860619107587.
[I 2025-05-13 01:47:48,672] Trial 41 finished with value: 0.5585810959071498 and parameters: {'interp_param': 0.9550245563101062}. Best is trial 29 with value: 0.55860619107587.
[I 2025-05-13 01:47:52,156] Trial 42 finished with value: 0.5586076315529592 and parameters: {'interp_param': 0.9501577155318338}. Best is trial 42 with value: 0.5586076315529592.
[I 2025-05-13 01:47:55,636] Trial 43 finished with value: 0.5569316673269196 and parameters: {'interp_param': 0.8726250292133257}. Best is trial 42 with value: 0.5586076315529592.
[I 2025-05-13 01:47:59,112] Trial 44 finished with value: 0.5585827987568518 and parameters: {'interp_param': 0.9562156375101151}. Best is trial 42 with value: 0.5586076315529592.
[I 2025-05-13 01:48:02,578] Trial 45 finished with value: 0.5583136301790321 and parameters: {'interp_param': 0.9616779576421568}. Best is trial 42 with value: 0.5586076315529592.
[I 2025-05-13 01:48:06,054] Trial 46 finished with value: 0.5570816312810383 and parameters: {'interp_param': 0.8354443160788971}. Best is trial 42 with value: 0.5586076315529592.
[I 2025-05-13 01:48:09,518] Trial 47 finished with value: 0.5573841366143533 and parameters: {'interp_param': 0.8928381910736064}. Best is trial 42 with value: 0.5586076315529592.
[I 2025-05-13 01:48:13,141] Trial 48 finished with value: 0.5552708383994398 and parameters: {'interp_param': 0.7485882741075158}. Best is trial 42 with value: 0.5586076315529592.
[I 2025-05-13 01:48:16,609] Trial 49 finished with value: 0.5584281481076319 and parameters: {'interp_param': 0.959163810756787}. Best is trial 42 with value: 0.5586076315529592.
[I 2025-05-13 01:48:20,089] Trial 50 finished with value: 0.5485257735614053 and parameters: {'interp_param': 0.35523869203495173}. Best is trial 42 with value: 0.5586076315529592.
[I 2025-05-13 01:48:23,559] Trial 51 finished with value: 0.5585279937481649 and parameters: {'interp_param': 0.9576326993403368}. Best is trial 42 with value: 0.5586076315529592.
[I 2025-05-13 01:48:27,032] Trial 52 finished with value: 0.5570568447859803 and parameters: {'interp_param': 0.8834434474578097}. Best is trial 42 with value: 0.5586076315529592.
[I 2025-05-13 01:48:30,509] Trial 53 finished with value: 0.5589141444993191 and parameters: {'interp_param': 0.9799881963888979}. Best is trial 53 with value: 0.5589141444993191.
[I 2025-05-13 01:48:33,973] Trial 54 finished with value: 0.5566757768611268 and parameters: {'interp_param': 0.8013979417006698}. Best is trial 53 with value: 0.5589141444993191.
[I 2025-05-13 01:48:37,444] Trial 55 finished with value: 0.5577595249438261 and parameters: {'interp_param': 0.9999242984162924}. Best is trial 53 with value: 0.5589141444993191.
[I 2025-05-13 01:48:40,914] Trial 56 finished with value: 0.5586869298167254 and parameters: {'interp_param': 0.97317845510384}. Best is trial 53 with value: 0.5589141444993191.
[I 2025-05-13 01:48:44,393] Trial 57 finished with value: 0.5575828041277735 and parameters: {'interp_param': 0.904025450170375}. Best is trial 53 with value: 0.5589141444993191.
[I 2025-05-13 01:48:47,863] Trial 58 finished with value: 0.5588169483077182 and parameters: {'interp_param': 0.9773707093706773}. Best is trial 53 with value: 0.5589141444993191.
[I 2025-05-13 01:48:51,329] Trial 59 finished with value: 0.5590015145793464 and parameters: {'interp_param': 0.9828555554526419}. Best is trial 59 with value: 0.5590015145793464.
[I 2025-05-13 01:48:54,800] Trial 60 finished with value: 0.5582463959108889 and parameters: {'interp_param': 0.9935638303660963}. Best is trial 59 with value: 0.5590015145793464.
[I 2025-05-13 01:48:58,280] Trial 61 finished with value: 0.5585723501533932 and parameters: {'interp_param': 0.9717160970699286}. Best is trial 59 with value: 0.5590015145793464.
[I 2025-05-13 01:49:01,761] Trial 62 finished with value: 0.5574813533841982 and parameters: {'interp_param': 0.897532587703425}. Best is trial 59 with value: 0.5590015145793464.
[I 2025-05-13 01:49:05,377] Trial 63 finished with value: 0.558262987120221 and parameters: {'interp_param': 0.9348240550883091}. Best is trial 59 with value: 0.5590015145793464.
[I 2025-05-13 01:49:08,862] Trial 64 finished with value: 0.5568482431252048 and parameters: {'interp_param': 0.8584909390446283}. Best is trial 59 with value: 0.5590015145793464.
[I 2025-05-13 01:49:12,331] Trial 65 finished with value: 0.5515477658807403 and parameters: {'interp_param': 0.5231569267003113}. Best is trial 59 with value: 0.5590015145793464.
[I 2025-05-13 01:49:15,793] Trial 66 finished with value: 0.5579639646547255 and parameters: {'interp_param': 0.9240118222116055}. Best is trial 59 with value: 0.5590015145793464.
[I 2025-05-13 01:49:19,264] Trial 67 finished with value: 0.5589965449333884 and parameters: {'interp_param': 0.9829402626789407}. Best is trial 59 with value: 0.5590015145793464.
[I 2025-05-13 01:49:22,734] Trial 68 finished with value: 0.5589610371731369 and parameters: {'interp_param': 0.9811510599632328}. Best is trial 59 with value: 0.5590015145793464.
[I 2025-05-13 01:49:26,210] Trial 69 finished with value: 0.558825128159761 and parameters: {'interp_param': 0.9783680178632737}. Best is trial 59 with value: 0.5590015145793464.
[I 2025-05-13 01:49:29,692] Trial 70 finished with value: 0.5589245313680452 and parameters: {'interp_param': 0.9847251778529178}. Best is trial 59 with value: 0.5590015145793464.
[I 2025-05-13 01:49:33,175] Trial 71 finished with value: 0.5582251231510165 and parameters: {'interp_param': 0.9939359504749183}. Best is trial 59 with value: 0.5590015145793464.
[I 2025-05-13 01:49:36,646] Trial 72 finished with value: 0.5588288476773882 and parameters: {'interp_param': 0.9767250987985501}. Best is trial 59 with value: 0.5590015145793464.
[I 2025-05-13 01:49:40,124] Trial 73 finished with value: 0.5576409531011322 and parameters: {'interp_param': 0.91214047695694}. Best is trial 59 with value: 0.5590015145793464.
[I 2025-05-13 01:49:43,601] Trial 74 finished with value: 0.5441330541112543 and parameters: {'interp_param': 0.21302307604279014}. Best is trial 59 with value: 0.5590015145793464.
[I 2025-05-13 01:49:47,070] Trial 75 finished with value: 0.5570251903019428 and parameters: {'interp_param': 0.8384317824582568}. Best is trial 59 with value: 0.5590015145793464.
[I 2025-05-13 01:49:50,538] Trial 76 finished with value: 0.5589735693238139 and parameters: {'interp_param': 0.9814121953364703}. Best is trial 59 with value: 0.5590015145793464.
[I 2025-05-13 01:49:54,158] Trial 77 finished with value: 0.5570061091250704 and parameters: {'interp_param': 0.8793584574759269}. Best is trial 59 with value: 0.5590015145793464.
[I 2025-05-13 01:49:57,638] Trial 78 finished with value: 0.5579699786465734 and parameters: {'interp_param': 0.9241756785744293}. Best is trial 59 with value: 0.5590015145793464.
[I 2025-05-13 01:50:01,120] Trial 79 finished with value: 0.5577395846252612 and parameters: {'interp_param': 0.9995603532465444}. Best is trial 59 with value: 0.5590015145793464.
[I 2025-05-13 01:50:04,608] Trial 80 finished with value: 0.5582752517537243 and parameters: {'interp_param': 0.9350201631665859}. Best is trial 59 with value: 0.5590015145793464.
[I 2025-05-13 01:50:08,089] Trial 81 finished with value: 0.5588233584307656 and parameters: {'interp_param': 0.9772705820224333}. Best is trial 59 with value: 0.5590015145793464.
[I 2025-05-13 01:50:11,575] Trial 82 finished with value: 0.557606556566064 and parameters: {'interp_param': 0.9083510586640184}. Best is trial 59 with value: 0.5590015145793464.
[I 2025-05-13 01:50:15,054] Trial 83 finished with value: 0.5588434736644056 and parameters: {'interp_param': 0.9787098667054792}. Best is trial 59 with value: 0.5590015145793464.
[I 2025-05-13 01:50:18,535] Trial 84 finished with value: 0.5579964319794062 and parameters: {'interp_param': 0.9250733936498438}. Best is trial 59 with value: 0.5590015145793464.
[I 2025-05-13 01:50:22,014] Trial 85 finished with value: 0.5588418839950463 and parameters: {'interp_param': 0.9786787411890098}. Best is trial 59 with value: 0.5590015145793464.
[I 2025-05-13 01:50:25,493] Trial 86 finished with value: 0.5570264404302738 and parameters: {'interp_param': 0.8818047361107094}. Best is trial 59 with value: 0.5590015145793464.
[I 2025-05-13 01:50:28,967] Trial 87 finished with value: 0.5582690319794351 and parameters: {'interp_param': 0.9392401842284157}. Best is trial 59 with value: 0.5590015145793464.
[I 2025-05-13 01:50:32,443] Trial 88 finished with value: 0.5567770989906763 and parameters: {'interp_param': 0.8531072132225436}. Best is trial 59 with value: 0.5590015145793464.
[I 2025-05-13 01:50:35,922] Trial 89 finished with value: 0.5569271092458441 and parameters: {'interp_param': 0.816467327470924}. Best is trial 59 with value: 0.5590015145793464.
[I 2025-05-13 01:50:39,388] Trial 90 finished with value: 0.5588842803225211 and parameters: {'interp_param': 0.9792976052743461}. Best is trial 59 with value: 0.5590015145793464.
[I 2025-05-13 01:50:42,863] Trial 91 finished with value: 0.5588259821568926 and parameters: {'interp_param': 0.9771391692864514}. Best is trial 59 with value: 0.5590015145793464.
[I 2025-05-13 01:50:46,487] Trial 92 finished with value: 0.5584171593252649 and parameters: {'interp_param': 0.9422536160549313}. Best is trial 59 with value: 0.5590015145793464.
[I 2025-05-13 01:50:49,970] Trial 93 finished with value: 0.5588126886111827 and parameters: {'interp_param': 0.9778155428061124}. Best is trial 59 with value: 0.5590015145793464.
[I 2025-05-13 01:50:53,446] Trial 94 finished with value: 0.5577579507081498 and parameters: {'interp_param': 0.9999439419691267}. Best is trial 59 with value: 0.5590015145793464.
[I 2025-05-13 01:50:56,918] Trial 95 finished with value: 0.550145867854624 and parameters: {'interp_param': 0.41357409581960713}. Best is trial 59 with value: 0.5590015145793464.
[I 2025-05-13 01:51:00,396] Trial 96 finished with value: 0.5574713883694769 and parameters: {'interp_param': 0.8968967271258063}. Best is trial 59 with value: 0.5590015145793464.
[I 2025-05-13 01:51:03,874] Trial 97 finished with value: 0.5582948319530168 and parameters: {'interp_param': 0.9625008784791839}. Best is trial 59 with value: 0.5590015145793464.
[I 2025-05-13 01:51:07,357] Trial 98 finished with value: 0.5585672518934094 and parameters: {'interp_param': 0.951744409364747}. Best is trial 59 with value: 0.5590015145793464.
