[I 2025-05-13 01:56:07,512] Trial 99 finished with value: 0.5743799399489795 and parameters: {'threshold_scale_factor': 0.9338398027660962}. Best is trial 69 with value: 0.5745031470411643.
Best hyperparameters: {'threshold_scale_factor': 0.9273687623070628}
Best optimized value: 0.5745031470411643
Running audit 1/1
Training a GraphSAGE target model on pubmed...
Training GraphSAGE on cuda:   0%|          | 0/100 [00:00<?, ?it/s]Training GraphSAGE on cuda:  22%|██▏       | 22/100 [00:00<00:00, 214.19it/s]Training GraphSAGE on cuda:  44%|████▍     | 44/100 [00:00<00:00, 215.19it/s]Training GraphSAGE on cuda:  66%|██████▌   | 66/100 [00:00<00:00, 215.48it/s]Training GraphSAGE on cuda:  88%|████████▊ | 88/100 [00:00<00:00, 215.54it/s]Training GraphSAGE on cuda: 100%|██████████| 100/100 [00:00<00:00, 215.36it/s]
Train accuracy: 0.9628 | Test accuracy: 0.8750
Training MLP on cuda:   0%|          | 0/1000 [00:00<?, ?it/s]Training MLP on cuda:   0%|          | 1/1000 [00:20<5:47:02, 20.84s/it]Training MLP on cuda:   0%|          | 2/1000 [00:41<5:45:12, 20.75s/it]Training MLP on cuda:   0%|          | 3/1000 [01:02<5:45:59, 20.82s/it]Training MLP on cuda:   0%|          | 4/1000 [01:23<5:45:07, 20.79s/it]Training MLP on cuda:   0%|          | 5/1000 [01:43<5:44:13, 20.76s/it]Training MLP on cuda:   1%|          | 6/1000 [02:04<5:44:05, 20.77s/it]Training MLP on cuda:   1%|          | 7/1000 [02:25<5:44:06, 20.79s/it]Training MLP on cuda:   1%|          | 8/1000 [02:46<5:44:33, 20.84s/it]Training MLP on cuda:   1%|          | 9/1000 [03:07<5:43:38, 20.81s/it]Training MLP on cuda:   1%|          | 10/1000 [03:28<5:43:27, 20.82s/it]Training MLP on cuda:   1%|          | 11/1000 [03:48<5:42:26, 20.78s/it]Training MLP on cuda:   1%|          | 12/1000 [04:09<5:42:43, 20.81s/it]Training MLP on cuda:   1%|▏         | 13/1000 [04:30<5:42:08, 20.80s/it]Training MLP on cuda:   1%|▏         | 14/1000 [04:51<5:41:08, 20.76s/it]Training MLP on cuda:   2%|▏         | 15/1000 [05:11<5:41:02, 20.77s/it]Training MLP on cuda:   2%|▏         | 16/1000 [05:32<5:40:56, 20.79s/it]Training MLP on cuda:   2%|▏         | 17/1000 [05:53<5:41:18, 20.83s/it]Training MLP on cuda:   2%|▏         | 18/1000 [06:14<5:40:23, 20.80s/it]Training MLP on cuda:   2%|▏         | 19/1000 [06:35<5:40:22, 20.82s/it]Training MLP on cuda:   2%|▏         | 20/1000 [06:55<5:39:31, 20.79s/it]Training MLP on cuda:   2%|▏         | 21/1000 [07:16<5:39:44, 20.82s/it]Training MLP on cuda:   2%|▏         | 22/1000 [07:37<5:39:04, 20.80s/it]Training MLP on cuda:   2%|▏         | 23/1000 [07:58<5:37:58, 20.76s/it]Training MLP on cuda:   2%|▏         | 24/1000 [08:19<5:38:02, 20.78s/it]Training MLP on cuda:   2%|▎         | 25/1000 [08:39<5:37:41, 20.78s/it]Training MLP on cuda:   3%|▎         | 26/1000 [09:00<5:38:20, 20.84s/it]Training MLP on cuda:   3%|▎         | 27/1000 [09:21<5:37:13, 20.79s/it]Training MLP on cuda:   3%|▎         | 28/1000 [09:42<5:37:08, 20.81s/it]Training MLP on cuda:   3%|▎         | 29/1000 [10:03<5:36:10, 20.77s/it]Training MLP on cuda:   3%|▎         | 30/1000 [10:23<5:36:17, 20.80s/it]Training MLP on cuda:   3%|▎         | 31/1000 [10:44<5:35:50, 20.79s/it]Training MLP on cuda:   3%|▎         | 32/1000 [11:05<5:34:44, 20.75s/it]Training MLP on cuda:   3%|▎         | 33/1000 [11:26<5:34:49, 20.77s/it]Training MLP on cuda:   3%|▎         | 34/1000 [11:46<5:34:40, 20.79s/it]Training MLP on cuda:   4%|▎         | 35/1000 [12:07<5:35:06, 20.84s/it]Training MLP on cuda:   4%|▎         | 36/1000 [12:28<5:34:12, 20.80s/it]Training MLP on cuda:   4%|▎         | 37/1000 [12:49<5:34:03, 20.81s/it]Training MLP on cuda:   4%|▍         | 38/1000 [13:10<5:33:06, 20.78s/it]Training MLP on cuda:   4%|▍         | 39/1000 [13:31<5:33:11, 20.80s/it]Training MLP on cuda:   4%|▍         | 40/1000 [13:51<5:32:54, 20.81s/it]Training MLP on cuda:   4%|▍         | 41/1000 [14:12<5:31:44, 20.76s/it]Training MLP on cuda:   4%|▍         | 42/1000 [14:33<5:31:36, 20.77s/it]Training MLP on cuda:   4%|▍         | 43/1000 [14:54<5:31:23, 20.78s/it]Training MLP on cuda:   4%|▍         | 44/1000 [15:15<5:31:51, 20.83s/it]Training MLP on cuda:   4%|▍         | 45/1000 [15:35<5:31:03, 20.80s/it]Training MLP on cuda:   5%|▍         | 46/1000 [15:56<5:31:05, 20.82s/it]Training MLP on cuda:   5%|▍         | 47/1000 [16:17<5:30:02, 20.78s/it]Training MLP on cuda:   5%|▍         | 48/1000 [16:38<5:30:16, 20.82s/it]Training MLP on cuda:   5%|▍         | 49/1000 [16:59<5:29:49, 20.81s/it]Training MLP on cuda:   5%|▌         | 50/1000 [17:19<5:28:53, 20.77s/it]Training MLP on cuda:   5%|▌         | 51/1000 [17:40<5:28:47, 20.79s/it]Training MLP on cuda:   5%|▌         | 52/1000 [18:01<5:28:29, 20.79s/it]Training MLP on cuda:   5%|▌         | 53/1000 [18:22<5:28:55, 20.84s/it]Training MLP on cuda:   5%|▌         | 54/1000 [18:42<5:27:45, 20.79s/it]Training MLP on cuda:   6%|▌         | 55/1000 [19:03<5:27:45, 20.81s/it]Training MLP on cuda:   6%|▌         | 56/1000 [19:24<5:26:48, 20.77s/it]Training MLP on cuda:   6%|▌         | 57/1000 [19:45<5:27:01, 20.81s/it]Training MLP on cuda:   6%|▌         | 58/1000 [20:06<5:26:33, 20.80s/it]Training MLP on cuda:   6%|▌         | 59/1000 [20:26<5:25:24, 20.75s/it]Training MLP on cuda:   6%|▌         | 60/1000 [20:47<5:25:18, 20.76s/it]Training MLP on cuda:   6%|▌         | 61/1000 [21:08<5:25:06, 20.77s/it]Training MLP on cuda:   6%|▌         | 62/1000 [21:29<5:25:37, 20.83s/it]Training MLP on cuda:   6%|▋         | 63/1000 [21:50<5:24:44, 20.79s/it]Training MLP on cuda:   6%|▋         | 64/1000 [22:10<5:24:42, 20.81s/it]Training MLP on cuda:   6%|▋         | 65/1000 [22:31<5:24:00, 20.79s/it]Training MLP on cuda:   7%|▋         | 66/1000 [22:52<5:23:59, 20.81s/it]Training MLP on cuda:   7%|▋         | 67/1000 [23:13<5:23:33, 20.81s/it]Training MLP on cuda:   7%|▋         | 68/1000 [23:33<5:22:26, 20.76s/it]Training MLP on cuda:   7%|▋         | 69/1000 [23:54<5:22:33, 20.79s/it]Training MLP on cuda:   7%|▋         | 70/1000 [24:15<5:22:26, 20.80s/it]Training MLP on cuda:   7%|▋         | 71/1000 [24:36<5:22:51, 20.85s/it]Training MLP on cuda:   7%|▋         | 72/1000 [24:57<5:21:59, 20.82s/it]Training MLP on cuda:   7%|▋         | 73/1000 [25:18<5:21:43, 20.82s/it]Training MLP on cuda:   7%|▋         | 74/1000 [25:38<5:20:50, 20.79s/it]Training MLP on cuda:   8%|▊         | 75/1000 [25:59<5:20:52, 20.81s/it]Training MLP on cuda:   8%|▊         | 76/1000 [26:20<5:20:29, 20.81s/it]Training MLP on cuda:   8%|▊         | 77/1000 [26:41<5:19:28, 20.77s/it]Training MLP on cuda:   8%|▊         | 78/1000 [27:02<5:19:15, 20.78s/it]Training MLP on cuda:   8%|▊         | 79/1000 [27:22<5:19:02, 20.78s/it]Training MLP on cuda:   8%|▊         | 80/1000 [27:43<5:19:25, 20.83s/it]Training MLP on cuda:   8%|▊         | 81/1000 [28:04<5:18:27, 20.79s/it]Training MLP on cuda:   8%|▊         | 82/1000 [28:25<5:18:15, 20.80s/it]Training MLP on cuda:   8%|▊         | 83/1000 [28:45<5:17:15, 20.76s/it]Training MLP on cuda:   8%|▊         | 84/1000 [29:06<5:17:32, 20.80s/it]Training MLP on cuda:   8%|▊         | 85/1000 [29:27<5:17:05, 20.79s/it]Training MLP on cuda:   9%|▊         | 86/1000 [29:48<5:16:15, 20.76s/it]Training MLP on cuda:   9%|▊         | 87/1000 [30:09<5:16:14, 20.78s/it]Training MLP on cuda:   9%|▉         | 88/1000 [30:29<5:15:58, 20.79s/it]Training MLP on cuda:   9%|▉         | 89/1000 [30:50<5:16:26, 20.84s/it]Training MLP on cuda:   9%|▉         | 90/1000 [31:11<5:15:36, 20.81s/it]Training MLP on cuda:   9%|▉         | 91/1000 [31:32<5:15:30, 20.83s/it]Training MLP on cuda:   9%|▉         | 92/1000 [31:53<5:14:26, 20.78s/it]Training MLP on cuda:   9%|▉         | 93/1000 [32:14<5:14:31, 20.81s/it]Training MLP on cuda:   9%|▉         | 94/1000 [32:34<5:13:59, 20.79s/it]Training MLP on cuda:  10%|▉         | 95/1000 [32:55<5:12:56, 20.75s/it]Training MLP on cuda:  10%|▉         | 96/1000 [33:16<5:13:07, 20.78s/it]Training MLP on cuda:  10%|▉         | 97/1000 [33:37<5:12:54, 20.79s/it]Training MLP on cuda:  10%|▉         | 98/1000 [33:58<5:13:15, 20.84s/it]Training MLP on cuda:  10%|▉         | 99/1000 [34:18<5:12:17, 20.80s/it]Training MLP on cuda:  10%|█         | 100/1000 [34:39<5:11:47, 20.79s/it]Training MLP on cuda:  10%|█         | 101/1000 [35:00<5:10:33, 20.73s/it]Training MLP on cuda:  10%|█         | 102/1000 [35:20<5:10:03, 20.72s/it]Training MLP on cuda:  10%|█         | 103/1000 [35:41<5:09:14, 20.69s/it]Training MLP on cuda:  10%|█         | 104/1000 [36:01<5:07:56, 20.62s/it]Training MLP on cuda:  10%|█         | 105/1000 [36:22<5:07:49, 20.64s/it]Training MLP on cuda:  11%|█         | 106/1000 [36:43<5:07:42, 20.65s/it]Training MLP on cuda:  11%|█         | 107/1000 [37:04<5:07:47, 20.68s/it]Training MLP on cuda:  11%|█         | 108/1000 [37:24<5:06:48, 20.64s/it]Training MLP on cuda:  11%|█         | 109/1000 [37:45<5:06:17, 20.63s/it]Training MLP on cuda:  11%|█         | 110/1000 [38:05<5:05:11, 20.58s/it]Training MLP on cuda:  11%|█         | 111/1000 [38:26<5:04:59, 20.58s/it]Training MLP on cuda:  11%|█         | 112/1000 [38:46<5:04:23, 20.57s/it]Training MLP on cuda:  11%|█▏        | 113/1000 [39:07<5:03:12, 20.51s/it]Training MLP on cuda:  11%|█▏        | 114/1000 [39:27<5:03:05, 20.53s/it]Training MLP on cuda:  12%|█▏        | 115/1000 [39:48<5:02:40, 20.52s/it]Training MLP on cuda:  12%|█▏        | 116/1000 [40:08<5:02:56, 20.56s/it]Training MLP on cuda:  12%|█▏        | 117/1000 [40:29<5:02:13, 20.54s/it]Training MLP on cuda:  12%|█▏        | 118/1000 [40:49<5:02:11, 20.56s/it]Training MLP on cuda:  12%|█▏        | 119/1000 [41:10<5:01:16, 20.52s/it]Training MLP on cuda:  12%|█▏        | 120/1000 [41:30<5:01:11, 20.54s/it]Training MLP on cuda:  12%|█▏        | 121/1000 [41:51<5:00:24, 20.51s/it]Training MLP on cuda:  12%|█▏        | 122/1000 [42:11<4:59:05, 20.44s/it]Training MLP on cuda:  12%|█▏        | 123/1000 [42:32<4:58:47, 20.44s/it]Training MLP on cuda:  12%|█▏        | 124/1000 [42:52<4:58:26, 20.44s/it]Training MLP on cuda:  12%|█▎        | 125/1000 [43:13<4:58:29, 20.47s/it]Training MLP on cuda:  13%|█▎        | 126/1000 [43:33<4:57:15, 20.41s/it]Training MLP on cuda:  13%|█▎        | 127/1000 [43:53<4:56:59, 20.41s/it]Training MLP on cuda:  13%|█▎        | 128/1000 [44:14<4:56:04, 20.37s/it]Training MLP on cuda:  13%|█▎        | 129/1000 [44:34<4:56:04, 20.40s/it]Training MLP on cuda:  13%|█▎        | 130/1000 [44:54<4:55:40, 20.39s/it]Training MLP on cuda:  13%|█▎        | 131/1000 [45:15<4:54:34, 20.34s/it]Training MLP on cuda:  13%|█▎        | 132/1000 [45:35<4:54:31, 20.36s/it]Training MLP on cuda:  13%|█▎        | 133/1000 [45:55<4:54:27, 20.38s/it]Training MLP on cuda:  13%|█▎        | 134/1000 [46:16<4:54:49, 20.43s/it]Training MLP on cuda:  14%|█▎        | 135/1000 [46:36<4:53:58, 20.39s/it]Training MLP on cuda:  14%|█▎        | 136/1000 [46:57<4:53:39, 20.39s/it]Training MLP on cuda:  14%|█▎        | 137/1000 [47:17<4:52:51, 20.36s/it]Training MLP on cuda:  14%|█▍        | 138/1000 [47:37<4:52:57, 20.39s/it]Training MLP on cuda:  14%|█▍        | 139/1000 [47:58<4:52:29, 20.38s/it]Training MLP on cuda:  14%|█▍        | 140/1000 [48:18<4:51:32, 20.34s/it]Training MLP on cuda:  14%|█▍        | 141/1000 [48:38<4:51:21, 20.35s/it]Training MLP on cuda:  14%|█▍        | 142/1000 [48:59<4:51:09, 20.36s/it]Training MLP on cuda:  14%|█▍        | 143/1000 [49:19<4:51:30, 20.41s/it]Training MLP on cuda:  14%|█▍        | 144/1000 [49:40<4:50:22, 20.35s/it]Training MLP on cuda:  14%|█▍        | 145/1000 [50:00<4:50:20, 20.37s/it]Training MLP on cuda:  15%|█▍        | 146/1000 [50:20<4:49:31, 20.34s/it]Training MLP on cuda:  15%|█▍        | 147/1000 [50:41<4:49:32, 20.37s/it]Training MLP on cuda:  15%|█▍        | 148/1000 [51:01<4:49:01, 20.35s/it]Training MLP on cuda:  15%|█▍        | 149/1000 [51:21<4:47:59, 20.31s/it]Training MLP on cuda:  15%|█▌        | 150/1000 [51:42<4:47:59, 20.33s/it]Training MLP on cuda:  15%|█▌        | 151/1000 [52:02<4:47:42, 20.33s/it]Training MLP on cuda:  15%|█▌        | 152/1000 [52:22<4:48:09, 20.39s/it]Training MLP on cuda:  15%|█▌        | 153/1000 [52:43<4:47:25, 20.36s/it]Training MLP on cuda:  15%|█▌        | 154/1000 [53:03<4:47:18, 20.38s/it]Training MLP on cuda:  16%|█▌        | 155/1000 [53:23<4:46:44, 20.36s/it]Training MLP on cuda:  16%|█▌        | 156/1000 [53:44<4:46:45, 20.39s/it]Training MLP on cuda:  16%|█▌        | 157/1000 [54:04<4:46:16, 20.38s/it]Training MLP on cuda:  16%|█▌        | 158/1000 [54:24<4:45:15, 20.33s/it]Training MLP on cuda:  16%|█▌        | 159/1000 [54:45<4:45:11, 20.35s/it]Training MLP on cuda:  16%|█▌        | 160/1000 [55:05<4:45:13, 20.37s/it]Training MLP on cuda:  16%|█▌        | 161/1000 [55:26<4:45:37, 20.43s/it]Training MLP on cuda:  16%|█▌        | 162/1000 [55:46<4:44:53, 20.40s/it]Training MLP on cuda:  16%|█▋        | 163/1000 [56:07<4:44:42, 20.41s/it]Training MLP on cuda:  16%|█▋        | 164/1000 [56:27<4:43:43, 20.36s/it]Training MLP on cuda:  16%|█▋        | 165/1000 [56:47<4:43:53, 20.40s/it]Training MLP on cuda:  17%|█▋        | 166/1000 [57:08<4:43:27, 20.39s/it]Training MLP on cuda:  17%|█▋        | 167/1000 [57:28<4:42:33, 20.35s/it]Training MLP on cuda:  17%|█▋        | 168/1000 [57:48<4:42:29, 20.37s/it]Training MLP on cuda:  17%|█▋        | 169/1000 [58:09<4:42:17, 20.38s/it]Training MLP on cuda:  17%|█▋        | 170/1000 [58:29<4:42:42, 20.44s/it]Training MLP on cuda:  17%|█▋        | 171/1000 [58:50<4:41:49, 20.40s/it]Training MLP on cuda:  17%|█▋        | 172/1000 [59:10<4:41:42, 20.41s/it]Training MLP on cuda:  17%|█▋        | 173/1000 [59:30<4:40:46, 20.37s/it]Training MLP on cuda:  17%|█▋        | 174/1000 [59:51<4:40:52, 20.40s/it]Training MLP on cuda:  18%|█▊        | 175/1000 [1:00:11<4:40:30, 20.40s/it]Training MLP on cuda:  18%|█▊        | 176/1000 [1:00:31<4:39:26, 20.35s/it]Training MLP on cuda:  18%|█▊        | 177/1000 [1:00:52<4:39:28, 20.38s/it]Training MLP on cuda:  18%|█▊        | 178/1000 [1:01:12<4:39:12, 20.38s/it]Training MLP on cuda:  18%|█▊        | 179/1000 [1:01:33<4:39:32, 20.43s/it]Training MLP on cuda:  18%|█▊        | 180/1000 [1:01:53<4:38:44, 20.40s/it]Training MLP on cuda:  18%|█▊        | 181/1000 [1:02:14<4:38:23, 20.40s/it]Training MLP on cuda:  18%|█▊        | 182/1000 [1:02:34<4:37:34, 20.36s/it]Training MLP on cuda:  18%|█▊        | 183/1000 [1:02:54<4:37:40, 20.39s/it]Training MLP on cuda:  18%|█▊        | 184/1000 [1:03:15<4:37:10, 20.38s/it]Training MLP on cuda:  18%|█▊        | 185/1000 [1:03:35<4:36:10, 20.33s/it]Training MLP on cuda:  19%|█▊        | 186/1000 [1:03:55<4:36:04, 20.35s/it]Training MLP on cuda:  19%|█▊        | 187/1000 [1:04:16<4:35:59, 20.37s/it]Training MLP on cuda:  19%|█▉        | 188/1000 [1:04:36<4:36:18, 20.42s/it]Training MLP on cuda:  19%|█▉        | 189/1000 [1:04:56<4:35:19, 20.37s/it]Training MLP on cuda:  19%|█▉        | 190/1000 [1:05:17<4:35:07, 20.38s/it]Training MLP on cuda:  19%|█▉        | 191/1000 [1:05:37<4:34:10, 20.33s/it]Training MLP on cuda:  19%|█▉        | 192/1000 [1:05:58<4:34:19, 20.37s/it]Training MLP on cuda:  19%|█▉        | 193/1000 [1:06:18<4:33:50, 20.36s/it]Training MLP on cuda:  19%|█▉        | 194/1000 [1:06:38<4:32:55, 20.32s/it]Training MLP on cuda:  20%|█▉        | 195/1000 [1:06:58<4:32:43, 20.33s/it]Training MLP on cuda:  20%|█▉        | 196/1000 [1:07:19<4:32:30, 20.34s/it]Training MLP on cuda:  20%|█▉        | 197/1000 [1:07:39<4:32:49, 20.38s/it]Training MLP on cuda:  20%|█▉        | 197/1000 [1:08:00<4:37:10, 20.71s/it]
Training MLP on cuda:   0%|          | 0/1000 [00:00<?, ?it/s]Training MLP on cuda:   0%|          | 1/1000 [00:20<5:35:58, 20.18s/it]Training MLP on cuda:   0%|          | 2/1000 [00:40<5:36:03, 20.20s/it]Training MLP on cuda:   0%|          | 3/1000 [01:01<5:42:38, 20.62s/it]Training MLP on cuda:   0%|          | 4/1000 [01:21<5:39:09, 20.43s/it]Training MLP on cuda:   0%|          | 5/1000 [01:41<5:37:28, 20.35s/it]Training MLP on cuda:   1%|          | 6/1000 [02:01<5:35:43, 20.26s/it]Training MLP on cuda:   1%|          | 7/1000 [02:22<5:35:44, 20.29s/it]Training MLP on cuda:   1%|          | 8/1000 [02:42<5:35:08, 20.27s/it]Training MLP on cuda:   1%|          | 9/1000 [03:02<5:34:56, 20.28s/it]Training MLP on cuda:   1%|          | 10/1000 [03:22<5:33:13, 20.20s/it]Training MLP on cuda:   1%|          | 11/1000 [03:43<5:32:44, 20.19s/it]Training MLP on cuda:   1%|          | 12/1000 [04:03<5:32:31, 20.19s/it]Training MLP on cuda:   1%|▏         | 13/1000 [04:23<5:31:23, 20.15s/it]Training MLP on cuda:   1%|▏         | 14/1000 [04:43<5:32:05, 20.21s/it]Training MLP on cuda:   2%|▏         | 15/1000 [05:03<5:31:53, 20.22s/it]Training MLP on cuda:   2%|▏         | 16/1000 [05:24<5:31:56, 20.24s/it]Training MLP on cuda:   2%|▏         | 17/1000 [05:44<5:30:32, 20.18s/it]Training MLP on cuda:   2%|▏         | 18/1000 [06:04<5:30:08, 20.17s/it]Training MLP on cuda:   2%|▏         | 19/1000 [06:24<5:30:10, 20.19s/it]Training MLP on cuda:   2%|▏         | 20/1000 [06:44<5:29:15, 20.16s/it]Training MLP on cuda:   2%|▏         | 21/1000 [07:05<5:29:57, 20.22s/it]Training MLP on cuda:   2%|▏         | 22/1000 [07:25<5:29:37, 20.22s/it]Training MLP on cuda:   2%|▏         | 23/1000 [07:45<5:29:23, 20.23s/it]Training MLP on cuda:   2%|▏         | 24/1000 [08:05<5:28:06, 20.17s/it]Training MLP on cuda:   2%|▎         | 25/1000 [08:25<5:27:49, 20.17s/it]Training MLP on cuda:   3%|▎         | 26/1000 [08:45<5:27:47, 20.19s/it]Training MLP on cuda:   3%|▎         | 27/1000 [09:05<5:26:48, 20.15s/it]Training MLP on cuda:   3%|▎         | 28/1000 [09:26<5:27:26, 20.21s/it]Training MLP on cuda:   3%|▎         | 29/1000 [09:46<5:27:06, 20.21s/it]Training MLP on cuda:   3%|▎         | 30/1000 [10:06<5:27:01, 20.23s/it]Training MLP on cuda:   3%|▎         | 31/1000 [10:26<5:25:32, 20.16s/it]Training MLP on cuda:   3%|▎         | 32/1000 [10:46<5:25:06, 20.15s/it]Training MLP on cuda:   3%|▎         | 33/1000 [11:07<5:25:03, 20.17s/it]Training MLP on cuda:   3%|▎         | 34/1000 [11:27<5:24:20, 20.15s/it]Training MLP on cuda:   4%|▎         | 35/1000 [11:47<5:24:57, 20.20s/it]Training MLP on cuda:   4%|▎         | 36/1000 [12:07<5:24:45, 20.21s/it]Training MLP on cuda:   4%|▎         | 37/1000 [12:28<5:24:34, 20.22s/it]Training MLP on cuda:   4%|▍         | 38/1000 [12:48<5:23:07, 20.15s/it]Training MLP on cuda:   4%|▍         | 39/1000 [13:08<5:22:40, 20.15s/it]Training MLP on cuda:   4%|▍         | 40/1000 [13:28<5:22:41, 20.17s/it]Training MLP on cuda:   4%|▍         | 41/1000 [13:48<5:21:54, 20.14s/it]Training MLP on cuda:   4%|▍         | 42/1000 [14:08<5:22:23, 20.19s/it]Training MLP on cuda:   4%|▍         | 43/1000 [14:28<5:22:01, 20.19s/it]Training MLP on cuda:   4%|▍         | 44/1000 [14:49<5:21:47, 20.20s/it]Training MLP on cuda:   4%|▍         | 45/1000 [15:09<5:20:30, 20.14s/it]Training MLP on cuda:   5%|▍         | 46/1000 [15:29<5:20:00, 20.13s/it]Training MLP on cuda:   5%|▍         | 47/1000 [15:49<5:19:51, 20.14s/it]Training MLP on cuda:   5%|▍         | 48/1000 [16:09<5:18:45, 20.09s/it]Training MLP on cuda:   5%|▍         | 49/1000 [16:29<5:19:24, 20.15s/it]Training MLP on cuda:   5%|▌         | 50/1000 [16:49<5:19:10, 20.16s/it]Training MLP on cuda:   5%|▌         | 51/1000 [17:10<5:19:18, 20.19s/it]Training MLP on cuda:   5%|▌         | 52/1000 [17:30<5:17:54, 20.12s/it]Training MLP on cuda:   5%|▌         | 53/1000 [17:50<5:17:33, 20.12s/it]Training MLP on cuda:   5%|▌         | 54/1000 [18:10<5:17:23, 20.13s/it]Training MLP on cuda:   6%|▌         | 55/1000 [18:30<5:16:32, 20.10s/it]Training MLP on cuda:   6%|▌         | 56/1000 [18:50<5:17:11, 20.16s/it]Training MLP on cuda:   6%|▌         | 57/1000 [19:10<5:16:59, 20.17s/it]Training MLP on cuda:   6%|▌         | 58/1000 [19:31<5:16:56, 20.19s/it]Training MLP on cuda:   6%|▌         | 59/1000 [19:51<5:15:34, 20.12s/it]Training MLP on cuda:   6%|▌         | 60/1000 [20:11<5:15:11, 20.12s/it]Training MLP on cuda:   6%|▌         | 61/1000 [20:31<5:14:57, 20.12s/it]Training MLP on cuda:   6%|▌         | 62/1000 [20:51<5:14:06, 20.09s/it]Training MLP on cuda:   6%|▋         | 63/1000 [21:11<5:14:38, 20.15s/it]Training MLP on cuda:   6%|▋         | 64/1000 [21:31<5:14:37, 20.17s/it]Training MLP on cuda:   6%|▋         | 65/1000 [21:52<5:14:30, 20.18s/it]Training MLP on cuda:   7%|▋         | 66/1000 [22:12<5:13:09, 20.12s/it]Training MLP on cuda:   7%|▋         | 67/1000 [22:32<5:12:36, 20.10s/it]Training MLP on cuda:   7%|▋         | 68/1000 [22:52<5:12:33, 20.12s/it]Training MLP on cuda:   7%|▋         | 69/1000 [23:12<5:11:40, 20.09s/it]Training MLP on cuda:   7%|▋         | 70/1000 [23:32<5:12:18, 20.15s/it]Training MLP on cuda:   7%|▋         | 71/1000 [23:52<5:12:05, 20.16s/it]Training MLP on cuda:   7%|▋         | 72/1000 [24:12<5:12:03, 20.18s/it]Training MLP on cuda:   7%|▋         | 73/1000 [24:32<5:10:45, 20.11s/it]Training MLP on cuda:   7%|▋         | 74/1000 [24:53<5:10:20, 20.11s/it]Training MLP on cuda:   8%|▊         | 75/1000 [25:13<5:10:29, 20.14s/it]Training MLP on cuda:   8%|▊         | 76/1000 [25:33<5:09:36, 20.10s/it]Training MLP on cuda:   8%|▊         | 77/1000 [25:53<5:10:20, 20.17s/it]Training MLP on cuda:   8%|▊         | 78/1000 [26:13<5:09:56, 20.17s/it]Training MLP on cuda:   8%|▊         | 79/1000 [26:34<5:09:56, 20.19s/it]Training MLP on cuda:   8%|▊         | 80/1000 [26:53<5:08:30, 20.12s/it]Training MLP on cuda:   8%|▊         | 81/1000 [27:14<5:08:12, 20.12s/it]Training MLP on cuda:   8%|▊         | 82/1000 [27:34<5:08:10, 20.14s/it]Training MLP on cuda:   8%|▊         | 83/1000 [27:54<5:07:28, 20.12s/it]Training MLP on cuda:   8%|▊         | 84/1000 [28:14<5:07:58, 20.17s/it]Tra