[I 2025-05-13 01:51:28,415] Trial 0 finished with value: 0.5644027068951585 and parameters: {'threshold_scale_factor': 0.7761247535207807}. Best is trial 0 with value: 0.5644027068951585.
[I 2025-05-13 01:51:31,223] Trial 1 finished with value: 0.5648134537926126 and parameters: {'threshold_scale_factor': 0.9645447715871873}. Best is trial 1 with value: 0.5648134537926126.
[I 2025-05-13 01:51:34,019] Trial 2 finished with value: 0.5653580570235903 and parameters: {'threshold_scale_factor': 0.806299980676873}. Best is trial 2 with value: 0.5653580570235903.
[I 2025-05-13 01:51:36,814] Trial 3 finished with value: 0.5200508083021115 and parameters: {'threshold_scale_factor': 0.03059558398355089}. Best is trial 2 with value: 0.5653580570235903.
[I 2025-05-13 01:51:39,615] Trial 4 finished with value: 0.551734287085561 and parameters: {'threshold_scale_factor': 0.5313256064879306}. Best is trial 2 with value: 0.5653580570235903.
[I 2025-05-13 01:51:42,412] Trial 5 finished with value: 0.5653552686715103 and parameters: {'threshold_scale_factor': 0.9368219091558867}. Best is trial 2 with value: 0.5653580570235903.
[I 2025-05-13 01:51:45,212] Trial 6 finished with value: 0.5270688795604965 and parameters: {'threshold_scale_factor': 0.19158998733943555}. Best is trial 2 with value: 0.5653580570235903.
[I 2025-05-13 01:51:48,014] Trial 7 finished with value: 0.565415753275578 and parameters: {'threshold_scale_factor': 0.933483792915444}. Best is trial 7 with value: 0.565415753275578.
[I 2025-05-13 01:51:50,962] Trial 8 finished with value: 0.5662295405180586 and parameters: {'threshold_scale_factor': 0.8593653413064721}. Best is trial 8 with value: 0.5662295405180586.
[I 2025-05-13 01:51:53,766] Trial 9 finished with value: 0.5603613403853329 and parameters: {'threshold_scale_factor': 0.6770620073185891}. Best is trial 8 with value: 0.5662295405180586.
[I 2025-05-13 01:51:56,572] Trial 10 finished with value: 0.5399941467242388 and parameters: {'threshold_scale_factor': 0.37308694310259227}. Best is trial 8 with value: 0.5662295405180586.
[I 2025-05-13 01:51:59,378] Trial 11 finished with value: 0.5582473630883631 and parameters: {'threshold_scale_factor': 0.6258439429573143}. Best is trial 8 with value: 0.5662295405180586.
[I 2025-05-13 01:52:02,193] Trial 12 finished with value: 0.5639140610545391 and parameters: {'threshold_scale_factor': 0.9976742656345244}. Best is trial 8 with value: 0.5662295405180586.
[I 2025-05-13 01:52:04,995] Trial 13 finished with value: 0.5653769066952161 and parameters: {'threshold_scale_factor': 0.8068024993740243}. Best is trial 8 with value: 0.5662295405180586.
[I 2025-05-13 01:52:07,795] Trial 14 finished with value: 0.5426503916214773 and parameters: {'threshold_scale_factor': 0.40595252297714224}. Best is trial 8 with value: 0.5662295405180586.
[I 2025-05-13 01:52:10,590] Trial 15 finished with value: 0.5662254968930864 and parameters: {'threshold_scale_factor': 0.8590094991164678}. Best is trial 8 with value: 0.5662295405180586.
[I 2025-05-13 01:52:13,402] Trial 16 finished with value: 0.5598743562379274 and parameters: {'threshold_scale_factor': 0.6664065671637207}. Best is trial 8 with value: 0.5662295405180586.
[I 2025-05-13 01:52:16,745] Trial 17 finished with value: 0.5658846542909519 and parameters: {'threshold_scale_factor': 0.8389471208079651}. Best is trial 8 with value: 0.5662295405180586.
[I 2025-05-13 01:52:19,554] Trial 18 finished with value: 0.5521866586263351 and parameters: {'threshold_scale_factor': 0.5380579626118952}. Best is trial 8 with value: 0.5662295405180586.
[I 2025-05-13 01:52:22,373] Trial 19 finished with value: 0.5367267794218629 and parameters: {'threshold_scale_factor': 0.3221549972671742}. Best is trial 8 with value: 0.5662295405180586.
[I 2025-05-13 01:52:25,178] Trial 20 finished with value: 0.5634107635040971 and parameters: {'threshold_scale_factor': 0.7399369668137178}. Best is trial 8 with value: 0.5662295405180586.
[I 2025-05-13 01:52:27,983] Trial 21 finished with value: 0.566218932433208 and parameters: {'threshold_scale_factor': 0.8761293988943801}. Best is trial 8 with value: 0.5662295405180586.
[I 2025-05-13 01:52:30,782] Trial 22 finished with value: 0.566207017629855 and parameters: {'threshold_scale_factor': 0.8679195356578803}. Best is trial 8 with value: 0.5662295405180586.
[I 2025-05-13 01:52:33,581] Trial 23 finished with value: 0.5663592966364387 and parameters: {'threshold_scale_factor': 0.8857568765577258}. Best is trial 23 with value: 0.5663592966364387.
[I 2025-05-13 01:52:36,396] Trial 24 finished with value: 0.5628427885323454 and parameters: {'threshold_scale_factor': 0.7219026197833328}. Best is trial 23 with value: 0.5663592966364387.
[I 2025-05-13 01:52:39,350] Trial 25 finished with value: 0.5586484536447579 and parameters: {'threshold_scale_factor': 0.6335053745954331}. Best is trial 23 with value: 0.5663592966364387.
[I 2025-05-13 01:52:42,147] Trial 26 finished with value: 0.5662306208758754 and parameters: {'threshold_scale_factor': 0.8919948129644203}. Best is trial 23 with value: 0.5663592966364387.
[I 2025-05-13 01:52:44,955] Trial 27 finished with value: 0.5658478243785149 and parameters: {'threshold_scale_factor': 0.9101074352073365}. Best is trial 23 with value: 0.5663592966364387.
[I 2025-05-13 01:52:47,757] Trial 28 finished with value: 0.5569156214410569 and parameters: {'threshold_scale_factor': 0.5987397081080172}. Best is trial 23 with value: 0.5663592966364387.
[I 2025-05-13 01:52:50,571] Trial 29 finished with value: 0.564718618954526 and parameters: {'threshold_scale_factor': 0.7878281373097806}. Best is trial 23 with value: 0.5663592966364387.
[I 2025-05-13 01:52:53,375] Trial 30 finished with value: 0.5633891049021472 and parameters: {'threshold_scale_factor': 0.7389232936356829}. Best is trial 23 with value: 0.5663592966364387.
[I 2025-05-13 01:52:56,179] Trial 31 finished with value: 0.5640685573669281 and parameters: {'threshold_scale_factor': 0.9928835800844569}. Best is trial 23 with value: 0.5663592966364387.
[I 2025-05-13 01:52:58,986] Trial 32 finished with value: 0.5662194263110671 and parameters: {'threshold_scale_factor': 0.8732136802673476}. Best is trial 23 with value: 0.5663592966364387.
[I 2025-05-13 01:53:01,785] Trial 33 finished with value: 0.5655360845581453 and parameters: {'threshold_scale_factor': 0.8114457697191033}. Best is trial 23 with value: 0.5663592966364387.
[I 2025-05-13 01:53:04,587] Trial 34 finished with value: 0.5654101457040518 and parameters: {'threshold_scale_factor': 0.934056433865889}. Best is trial 23 with value: 0.5663592966364387.
[I 2025-05-13 01:53:07,396] Trial 35 finished with value: 0.5636935497349718 and parameters: {'threshold_scale_factor': 0.7601146512047727}. Best is trial 23 with value: 0.5663592966364387.
[I 2025-05-13 01:53:10,204] Trial 36 finished with value: 0.566050340023588 and parameters: {'threshold_scale_factor': 0.902591534427453}. Best is trial 23 with value: 0.5663592966364387.
[I 2025-05-13 01:53:13,010] Trial 37 finished with value: 0.5200028661378429 and parameters: {'threshold_scale_factor': 0.028874711613891657}. Best is trial 23 with value: 0.5663592966364387.
[I 2025-05-13 01:53:15,814] Trial 38 finished with value: 0.523809795001384 and parameters: {'threshold_scale_factor': 0.132273736205878}. Best is trial 23 with value: 0.5663592966364387.
[I 2025-05-13 01:53:18,623] Trial 39 finished with value: 0.5615185425104647 and parameters: {'threshold_scale_factor': 0.6922587441811847}. Best is trial 23 with value: 0.5663592966364387.
[I 2025-05-13 01:53:21,424] Trial 40 finished with value: 0.5648160569404954 and parameters: {'threshold_scale_factor': 0.9635057672236617}. Best is trial 23 with value: 0.5663592966364387.
[I 2025-05-13 01:53:24,382] Trial 41 finished with value: 0.5660332909483239 and parameters: {'threshold_scale_factor': 0.8509877449371934}. Best is trial 23 with value: 0.5663592966364387.
[I 2025-05-13 01:53:27,199] Trial 42 finished with value: 0.5663421858264421 and parameters: {'threshold_scale_factor': 0.8864477497482166}. Best is trial 23 with value: 0.5663592966364387.
[I 2025-05-13 01:53:29,997] Trial 43 finished with value: 0.5658548467043252 and parameters: {'threshold_scale_factor': 0.826054510071132}. Best is trial 23 with value: 0.5663592966364387.
[I 2025-05-13 01:53:32,816] Trial 44 finished with value: 0.5652655320934077 and parameters: {'threshold_scale_factor': 0.9434562318618657}. Best is trial 23 with value: 0.5663592966364387.
[I 2025-05-13 01:53:35,616] Trial 45 finished with value: 0.5646724156518865 and parameters: {'threshold_scale_factor': 0.7862442283992438}. Best is trial 23 with value: 0.5663592966364387.
[I 2025-05-13 01:53:38,409] Trial 46 finished with value: 0.5641477373057905 and parameters: {'threshold_scale_factor': 0.9912637235605342}. Best is trial 23 with value: 0.5663592966364387.
[I 2025-05-13 01:53:41,205] Trial 47 finished with value: 0.5661094870417871 and parameters: {'threshold_scale_factor': 0.89773054738944}. Best is trial 23 with value: 0.5663592966364387.
[I 2025-05-13 01:53:44,005] Trial 48 finished with value: 0.5658527117114964 and parameters: {'threshold_scale_factor': 0.8315086617351677}. Best is trial 23 with value: 0.5663592966364387.
[I 2025-05-13 01:53:46,807] Trial 49 finished with value: 0.5546661003945447 and parameters: {'threshold_scale_factor': 0.5691091827540672}. Best is trial 23 with value: 0.5663592966364387.
[I 2025-05-13 01:53:49,612] Trial 50 finished with value: 0.5615847478664013 and parameters: {'threshold_scale_factor': 0.6937368503134075}. Best is trial 23 with value: 0.5663592966364387.
[I 2025-05-13 01:53:52,411] Trial 51 finished with value: 0.5662261605414597 and parameters: {'threshold_scale_factor': 0.8700360163082559}. Best is trial 23 with value: 0.5663592966364387.
[I 2025-05-13 01:53:55,230] Trial 52 finished with value: 0.5654701467193823 and parameters: {'threshold_scale_factor': 0.9232024827742613}. Best is trial 23 with value: 0.5663592966364387.
[I 2025-05-13 01:53:58,042] Trial 53 finished with value: 0.5491675266829346 and parameters: {'threshold_scale_factor': 0.48600798172563386}. Best is trial 23 with value: 0.5663592966364387.
[I 2025-05-13 01:54:00,847] Trial 54 finished with value: 0.564352007246176 and parameters: {'threshold_scale_factor': 0.7701628693580247}. Best is trial 23 with value: 0.5663592966364387.
[I 2025-05-13 01:54:03,639] Trial 55 finished with value: 0.5662479631911186 and parameters: {'threshold_scale_factor': 0.8769497635753221}. Best is trial 23 with value: 0.5663592966364387.
[I 2025-05-13 01:54:06,431] Trial 56 finished with value: 0.5651237377022098 and parameters: {'threshold_scale_factor': 0.9514312930841414}. Best is trial 23 with value: 0.5663592966364387.
[I 2025-05-13 01:54:09,238] Trial 57 finished with value: 0.5662205066688841 and parameters: {'threshold_scale_factor': 0.8924919718102862}. Best is trial 23 with value: 0.5663592966364387.
[I 2025-05-13 01:54:12,185] Trial 58 finished with value: 0.5330716562652903 and parameters: {'threshold_scale_factor': 0.27294845923278993}. Best is trial 23 with value: 0.5663592966364387.
[I 2025-05-13 01:54:14,988] Trial 59 finished with value: 0.5659581700681167 and parameters: {'threshold_scale_factor': 0.846523494882134}. Best is trial 23 with value: 0.5663592966364387.
[I 2025-05-13 01:54:17,785] Trial 60 finished with value: 0.5653092094165798 and parameters: {'threshold_scale_factor': 0.8047558765493601}. Best is trial 23 with value: 0.5663592966364387.
[I 2025-05-13 01:54:20,595] Trial 61 finished with value: 0.5662573468704432 and parameters: {'threshold_scale_factor': 0.8621310768743303}. Best is trial 23 with value: 0.5663592966364387.
[I 2025-05-13 01:54:23,401] Trial 62 finished with value: 0.5647534785000872 and parameters: {'threshold_scale_factor': 0.9683944657329823}. Best is trial 23 with value: 0.5663592966364387.
[I 2025-05-13 01:54:26,199] Trial 63 finished with value: 0.5662759547477003 and parameters: {'threshold_scale_factor': 0.8776620863030926}. Best is trial 23 with value: 0.5663592966364387.
[I 2025-05-13 01:54:28,998] Trial 64 finished with value: 0.5656838106282145 and parameters: {'threshold_scale_factor': 0.9151110552715831}. Best is trial 23 with value: 0.5663592966364387.
[I 2025-05-13 01:54:31,815] Trial 65 finished with value: 0.5653944033472901 and parameters: {'threshold_scale_factor': 0.8074135654005884}. Best is trial 23 with value: 0.5663592966364387.
[I 2025-05-13 01:54:34,622] Trial 66 finished with value: 0.5625317740950815 and parameters: {'threshold_scale_factor': 0.7159773652033712}. Best is trial 23 with value: 0.5663592966364387.
[I 2025-05-13 01:54:37,429] Trial 67 finished with value: 0.5635086902233647 and parameters: {'threshold_scale_factor': 0.7562572219346851}. Best is trial 23 with value: 0.5663592966364387.
[I 2025-05-13 01:54:40,236] Trial 68 finished with value: 0.5473525872851432 and parameters: {'threshold_scale_factor': 0.46363760672150256}. Best is trial 23 with value: 0.5663592966364387.
[I 2025-05-13 01:54:43,048] Trial 69 finished with value: 0.5663493882118887 and parameters: {'threshold_scale_factor': 0.8808877200433881}. Best is trial 23 with value: 0.5663592966364387.
[I 2025-05-13 01:54:45,854] Trial 70 finished with value: 0.5663814285380036 and parameters: {'threshold_scale_factor': 0.884803176079202}. Best is trial 70 with value: 0.5663814285380036.
[I 2025-05-13 01:54:48,655] Trial 71 finished with value: 0.5663320767640118 and parameters: {'threshold_scale_factor': 0.8873151853999136}. Best is trial 70 with value: 0.5663814285380036.
[I 2025-05-13 01:54:51,463] Trial 72 finished with value: 0.5660624657539434 and parameters: {'threshold_scale_factor': 0.8520479358986519}. Best is trial 70 with value: 0.5663814285380036.
[I 2025-05-13 01:54:54,265] Trial 73 finished with value: 0.5654272050684379 and parameters: {'threshold_scale_factor': 0.9299070987762343}. Best is trial 70 with value: 0.5663814285380036.
[I 2025-05-13 01:54:57,221] Trial 74 finished with value: 0.5647682691130578 and parameters: {'threshold_scale_factor': 0.9674859434972676}. Best is trial 70 with value: 0.5663814285380036.
[I 2025-05-13 01:55:00,024] Trial 75 finished with value: 0.5663863210155462 and parameters: {'threshold_scale_factor': 0.8837032125336111}. Best is trial 75 with value: 0.5663863210155462.
[I 2025-05-13 01:55:02,823] Trial 76 finished with value: 0.5658655473912744 and parameters: {'threshold_scale_factor': 0.8286521140544111}. Best is trial 75 with value: 0.5663863210155462.
[I 2025-05-13 01:55:05,629] Trial 77 finished with value: 0.56597402046066 and parameters: {'threshold_scale_factor': 0.906606040654473}. Best is trial 75 with value: 0.5663863210155462.
[I 2025-05-13 01:55:08,436] Trial 78 finished with value: 0.5663084323615031 and parameters: {'threshold_scale_factor': 0.8887075867691688}. Best is trial 75 with value: 0.5663863210155462.
[I 2025-05-13 01:55:11,229] Trial 79 finished with value: 0.5644365529621961 and parameters: {'threshold_scale_factor': 0.9825355382091843}. Best is trial 75 with value: 0.5663863210155462.
[I 2025-05-13 01:55:14,041] Trial 80 finished with value: 0.5647873811572962 and parameters: {'threshold_scale_factor': 0.7892171225650325}. Best is trial 75 with value: 0.5663863210155462.
[I 2025-05-13 01:55:16,842] Trial 81 finished with value: 0.566369724661653 and parameters: {'threshold_scale_factor': 0.8823774442836709}. Best is trial 75 with value: 0.5663863210155462.
[I 2025-05-13 01:55:19,652] Trial 82 finished with value: 0.5653366144932039 and parameters: {'threshold_scale_factor': 0.9373390366632542}. Best is trial 75 with value: 0.5663863210155462.
[I 2025-05-13 01:55:22,460] Trial 83 finished with value: 0.5663286864982909 and parameters: {'threshold_scale_factor': 0.8874462639820206}. Best is trial 75 with value: 0.5663863210155462.
[I 2025-05-13 01:55:25,263] Trial 84 finished with value: 0.566094151105347 and parameters: {'threshold_scale_factor': 0.8993815384653236}. Best is trial 75 with value: 0.5663863210155462.
[I 2025-05-13 01:55:28,066] Trial 85 finished with value: 0.5658321591901687 and parameters: {'threshold_scale_factor': 0.8332329644555314}. Best is trial 75 with value: 0.5663863210155462.
[I 2025-05-13 01:55:30,869] Trial 86 finished with value: 0.5210817011647554 and parameters: {'threshold_scale_factor': 0.06412933827856104}. Best is trial 75 with value: 0.5663863210155462.
[I 2025-05-13 01:55:33,660] Trial 87 finished with value: 0.5652282391704778 and parameters: {'threshold_scale_factor': 0.9474802542444178}. Best is trial 75 with value: 0.5663863210155462.
[I 2025-05-13 01:55:36,468] Trial 88 finished with value: 0.563876742408804 and parameters: {'threshold_scale_factor': 0.9992571094897877}. Best is trial 75 with value: 0.5663863210155462.
[I 2025-05-13 01:55:39,270] Trial 89 finished with value: 0.5656096003353102 and parameters: {'threshold_scale_factor': 0.813238585899333}. Best is trial 75 with value: 0.5663863210155462.
[I 2025-05-13 01:55:42,070] Trial 90 finished with value: 0.5654686599412437 and parameters: {'threshold_scale_factor': 0.9256553561419631}. Best is trial 75 with value: 0.5663863210155462.
[I 2025-05-13 01:55:45,027] Trial 91 finished with value: 0.5662174816669967 and parameters: {'threshold_scale_factor': 0.8733177875436112}. Best is trial 75 with value: 0.5663863210155462.
[I 2025-05-13 01:55:47,835] Trial 92 finished with value: 0.5663718545099208 and parameters: {'threshold_scale_factor': 0.8854649947208827}. Best is trial 75 with value: 0.5663863210155462.
[I 2025-05-13 01:55:50,644] Trial 93 finished with value: 0.5661355236651762 and parameters: {'threshold_scale_factor': 0.8959922894830821}. Best is trial 75 with value: 0.5663863210155462.
[I 2025-05-13 01:55:53,459] Trial 94 finished with value: 0.5661103050269914 and parameters: {'threshold_scale_factor': 0.8535471404206934}. Best is trial 75 with value: 0.5663863210155462.
[I 2025-05-13 01:55:56,271] Trial 95 finished with value: 0.5648163656141574 and parameters: {'threshold_scale_factor': 0.9634133129080332}. Best is trial 75 with value: 0.5663863210155462.
[I 2025-05-13 01:55:59,076] Trial 96 finished with value: 0.5647612364981254 and parameters: {'threshold_scale_factor': 0.7886762755603951}. Best is trial 75 with value: 0.5663863210155462.
[I 2025-05-13 01:56:01,886] Trial 97 finished with value: 0.5655438168333782 and parameters: {'threshold_scale_factor': 0.9191701217354967}. Best is trial 75 with value: 0.5663863210155462.
[I 2025-05-13 01:56:04,693] Trial 98 finished with value: 0.5662785887629493 and parameters: {'threshold_scale_factor': 0.8897454709665296}. Best is trial 75 with value: 0.5663863210155462.
