[I 2025-05-13 01:55:50,074] Trial 99 finished with value: 0.5602211408080554 and parameters: {'threshold_scale_factor': 0.8960932654267943}. Best is trial 81 with value: 0.5609875003423705.
Best hyperparameters: {'threshold_scale_factor': 0.839491185168708}
Best optimized value: 0.5609875003423705
Running audit 1/1
Training a GraphSAGE target model on pubmed...
Training GraphSAGE on cuda:   0%|          | 0/100 [00:00<?, ?it/s]Training GraphSAGE on cuda:  22%|██▏       | 22/100 [00:00<00:00, 215.47it/s]Training GraphSAGE on cuda:  44%|████▍     | 44/100 [00:00<00:00, 216.28it/s]Training GraphSAGE on cuda:  66%|██████▌   | 66/100 [00:00<00:00, 216.38it/s]Training GraphSAGE on cuda:  88%|████████▊ | 88/100 [00:00<00:00, 216.56it/s]Training GraphSAGE on cuda: 100%|██████████| 100/100 [00:00<00:00, 216.42it/s]
Train accuracy: 0.9610 | Test accuracy: 0.8736
Training MLP on cuda:   0%|          | 0/1000 [00:00<?, ?it/s]Training MLP on cuda:   0%|          | 1/1000 [00:21<6:01:36, 21.72s/it]Training MLP on cuda:   0%|          | 2/1000 [00:43<5:59:56, 21.64s/it]Training MLP on cuda:   0%|          | 3/1000 [01:05<6:00:54, 21.72s/it]Training MLP on cuda:   0%|          | 4/1000 [01:26<5:59:53, 21.68s/it]Training MLP on cuda:   0%|          | 5/1000 [01:48<5:58:58, 21.65s/it]Training MLP on cuda:   1%|          | 6/1000 [02:10<5:59:07, 21.68s/it]Training MLP on cuda:   1%|          | 7/1000 [02:31<5:59:16, 21.71s/it]Training MLP on cuda:   1%|          | 8/1000 [02:53<6:00:05, 21.78s/it]Training MLP on cuda:   1%|          | 9/1000 [03:15<5:59:05, 21.74s/it]Training MLP on cuda:   1%|          | 10/1000 [03:37<5:58:45, 21.74s/it]Training MLP on cuda:   1%|          | 11/1000 [03:58<5:57:23, 21.68s/it]Training MLP on cuda:   1%|          | 12/1000 [04:20<5:57:41, 21.72s/it]Training MLP on cuda:   1%|▏         | 13/1000 [04:42<5:57:26, 21.73s/it]Training MLP on cuda:   1%|▏         | 14/1000 [05:03<5:56:15, 21.68s/it]Training MLP on cuda:   2%|▏         | 15/1000 [05:25<5:56:26, 21.71s/it]Training MLP on cuda:   2%|▏         | 16/1000 [05:47<5:56:10, 21.72s/it]Training MLP on cuda:   2%|▏         | 17/1000 [06:09<5:56:38, 21.77s/it]Training MLP on cuda:   2%|▏         | 18/1000 [06:30<5:55:34, 21.73s/it]Training MLP on cuda:   2%|▏         | 19/1000 [06:52<5:55:41, 21.75s/it]Training MLP on cuda:   2%|▏         | 20/1000 [07:14<5:54:46, 21.72s/it]Training MLP on cuda:   2%|▏         | 21/1000 [07:36<5:54:49, 21.75s/it]Training MLP on cuda:   2%|▏         | 22/1000 [07:57<5:54:30, 21.75s/it]Training MLP on cuda:   2%|▏         | 23/1000 [08:19<5:53:24, 21.70s/it]Training MLP on cuda:   2%|▏         | 24/1000 [08:41<5:53:23, 21.72s/it]Training MLP on cuda:   2%|▎         | 25/1000 [09:03<5:53:39, 21.76s/it]Training MLP on cuda:   3%|▎         | 26/1000 [09:25<5:54:26, 21.83s/it]Training MLP on cuda:   3%|▎         | 27/1000 [09:46<5:53:18, 21.79s/it]Training MLP on cuda:   3%|▎         | 28/1000 [10:08<5:53:01, 21.79s/it]Training MLP on cuda:   3%|▎         | 29/1000 [10:30<5:51:54, 21.74s/it]Training MLP on cuda:   3%|▎         | 30/1000 [10:52<5:52:02, 21.78s/it]Training MLP on cuda:   3%|▎         | 31/1000 [11:13<5:51:45, 21.78s/it]Training MLP on cuda:   3%|▎         | 32/1000 [11:35<5:50:24, 21.72s/it]Training MLP on cuda:   3%|▎         | 33/1000 [11:57<5:50:36, 21.75s/it]Training MLP on cuda:   3%|▎         | 34/1000 [12:19<5:50:36, 21.78s/it]Training MLP on cuda:   4%|▎         | 35/1000 [12:41<5:51:04, 21.83s/it]Training MLP on cuda:   4%|▎         | 36/1000 [13:02<5:50:00, 21.78s/it]Training MLP on cuda:   4%|▎         | 37/1000 [13:24<5:50:07, 21.81s/it]Training MLP on cuda:   4%|▍         | 38/1000 [13:46<5:49:00, 21.77s/it]Training MLP on cuda:   4%|▍         | 39/1000 [14:08<5:49:00, 21.79s/it]Training MLP on cuda:   4%|▍         | 40/1000 [14:29<5:48:38, 21.79s/it]Training MLP on cuda:   4%|▍         | 41/1000 [14:51<5:47:33, 21.75s/it]Training MLP on cuda:   4%|▍         | 42/1000 [15:13<5:47:34, 21.77s/it]Training MLP on cuda:   4%|▍         | 43/1000 [15:35<5:47:36, 21.79s/it]Training MLP on cuda:   4%|▍         | 44/1000 [15:57<5:48:01, 21.84s/it]Training MLP on cuda:   4%|▍         | 45/1000 [16:18<5:47:03, 21.80s/it]Training MLP on cuda:   5%|▍         | 46/1000 [16:40<5:46:54, 21.82s/it]Training MLP on cuda:   5%|▍         | 47/1000 [17:02<5:45:48, 21.77s/it]Training MLP on cuda:   5%|▍         | 48/1000 [17:24<5:45:54, 21.80s/it]Training MLP on cuda:   5%|▍         | 49/1000 [17:46<5:45:25, 21.79s/it]Training MLP on cuda:   5%|▌         | 50/1000 [18:07<5:44:12, 21.74s/it]Training MLP on cuda:   5%|▌         | 51/1000 [18:29<5:44:18, 21.77s/it]Training MLP on cuda:   5%|▌         | 52/1000 [18:51<5:44:08, 21.78s/it]Training MLP on cuda:   5%|▌         | 53/1000 [19:13<5:44:38, 21.84s/it]Training MLP on cuda:   5%|▌         | 54/1000 [19:34<5:43:23, 21.78s/it]Training MLP on cuda:   6%|▌         | 55/1000 [19:56<5:43:27, 21.81s/it]Training MLP on cuda:   6%|▌         | 56/1000 [20:18<5:42:10, 21.75s/it]Training MLP on cuda:   6%|▌         | 57/1000 [20:40<5:42:28, 21.79s/it]Training MLP on cuda:   6%|▌         | 58/1000 [21:02<5:41:49, 21.77s/it]Training MLP on cuda:   6%|▌         | 59/1000 [21:23<5:40:50, 21.73s/it]Training MLP on cuda:   6%|▌         | 60/1000 [21:45<5:40:48, 21.75s/it]Training MLP on cuda:   6%|▌         | 61/1000 [22:07<5:41:01, 21.79s/it]Training MLP on cuda:   6%|▌         | 62/1000 [22:29<5:41:34, 21.85s/it]Training MLP on cuda:   6%|▋         | 63/1000 [22:51<5:40:21, 21.79s/it]Training MLP on cuda:   6%|▋         | 64/1000 [23:12<5:39:50, 21.79s/it]Training MLP on cuda:   6%|▋         | 65/1000 [23:34<5:38:36, 21.73s/it]Training MLP on cuda:   7%|▋         | 66/1000 [23:56<5:38:45, 21.76s/it]Training MLP on cuda:   7%|▋         | 67/1000 [24:17<5:38:26, 21.77s/it]Training MLP on cuda:   7%|▋         | 68/1000 [24:39<5:37:12, 21.71s/it]Training MLP on cuda:   7%|▋         | 69/1000 [25:01<5:37:10, 21.73s/it]Training MLP on cuda:   7%|▋         | 70/1000 [25:23<5:37:23, 21.77s/it]Training MLP on cuda:   7%|▋         | 71/1000 [25:45<5:37:56, 21.83s/it]Training MLP on cuda:   7%|▋         | 72/1000 [26:06<5:36:31, 21.76s/it]Training MLP on cuda:   7%|▋         | 73/1000 [26:28<5:36:18, 21.77s/it]Training MLP on cuda:   7%|▋         | 74/1000 [26:50<5:35:08, 21.72s/it]Training MLP on cuda:   8%|▊         | 75/1000 [27:11<5:35:16, 21.75s/it]Training MLP on cuda:   8%|▊         | 76/1000 [27:33<5:34:39, 21.73s/it]Training MLP on cuda:   8%|▊         | 77/1000 [27:55<5:33:44, 21.70s/it]Training MLP on cuda:   8%|▊         | 78/1000 [28:17<5:33:55, 21.73s/it]Training MLP on cuda:   8%|▊         | 79/1000 [28:38<5:33:40, 21.74s/it]Training MLP on cuda:   8%|▊         | 80/1000 [29:00<5:34:20, 21.80s/it]Training MLP on cuda:   8%|▊         | 81/1000 [29:22<5:33:14, 21.76s/it]Training MLP on cuda:   8%|▊         | 82/1000 [29:44<5:33:21, 21.79s/it]Training MLP on cuda:   8%|▊         | 83/1000 [30:05<5:32:23, 21.75s/it]Training MLP on cuda:   8%|▊         | 84/1000 [30:27<5:32:36, 21.79s/it]Training MLP on cuda:   8%|▊         | 85/1000 [30:49<5:31:58, 21.77s/it]Training MLP on cuda:   9%|▊         | 86/1000 [31:11<5:30:26, 21.69s/it]Training MLP on cuda:   9%|▊         | 87/1000 [31:32<5:30:45, 21.74s/it]Training MLP on cuda:   9%|▉         | 88/1000 [31:54<5:30:30, 21.74s/it]Training MLP on cuda:   9%|▉         | 89/1000 [32:16<5:30:45, 21.78s/it]Training MLP on cuda:   9%|▉         | 90/1000 [32:38<5:29:35, 21.73s/it]Training MLP on cuda:   9%|▉         | 91/1000 [33:00<5:29:53, 21.78s/it]Training MLP on cuda:   9%|▉         | 92/1000 [33:21<5:28:44, 21.72s/it]Training MLP on cuda:   9%|▉         | 93/1000 [33:43<5:28:52, 21.76s/it]Training MLP on cuda:   9%|▉         | 94/1000 [34:05<5:28:20, 21.74s/it]Training MLP on cuda:  10%|▉         | 95/1000 [34:26<5:27:09, 21.69s/it]Training MLP on cuda:  10%|▉         | 96/1000 [34:48<5:27:18, 21.72s/it]Training MLP on cuda:  10%|▉         | 97/1000 [35:10<5:27:08, 21.74s/it]Training MLP on cuda:  10%|▉         | 98/1000 [35:32<5:27:44, 21.80s/it]Training MLP on cuda:  10%|▉         | 99/1000 [35:53<5:26:23, 21.74s/it]Training MLP on cuda:  10%|█         | 100/1000 [36:15<5:26:16, 21.75s/it]Training MLP on cuda:  10%|█         | 101/1000 [36:37<5:25:37, 21.73s/it]Training MLP on cuda:  10%|█         | 102/1000 [36:59<5:25:44, 21.76s/it]Training MLP on cuda:  10%|█         | 103/1000 [37:20<5:25:12, 21.75s/it]Training MLP on cuda:  10%|█         | 104/1000 [37:42<5:24:06, 21.70s/it]Training MLP on cuda:  10%|█         | 105/1000 [38:04<5:24:06, 21.73s/it]Training MLP on cuda:  11%|█         | 106/1000 [38:26<5:24:03, 21.75s/it]Training MLP on cuda:  11%|█         | 107/1000 [38:48<5:24:31, 21.81s/it]Training MLP on cuda:  11%|█         | 108/1000 [39:09<5:23:27, 21.76s/it]Training MLP on cuda:  11%|█         | 109/1000 [39:31<5:23:20, 21.77s/it]Training MLP on cuda:  11%|█         | 110/1000 [39:53<5:22:13, 21.72s/it]Training MLP on cuda:  11%|█         | 111/1000 [40:14<5:22:30, 21.77s/it]Training MLP on cuda:  11%|█         | 112/1000 [40:36<5:22:01, 21.76s/it]Training MLP on cuda:  11%|█▏        | 113/1000 [40:58<5:20:57, 21.71s/it]Training MLP on cuda:  11%|█▏        | 114/1000 [41:20<5:20:55, 21.73s/it]Training MLP on cuda:  12%|█▏        | 115/1000 [41:41<5:20:46, 21.75s/it]Training MLP on cuda:  12%|█▏        | 116/1000 [42:03<5:21:20, 21.81s/it]Training MLP on cuda:  12%|█▏        | 117/1000 [42:25<5:20:25, 21.77s/it]Training MLP on cuda:  12%|█▏        | 118/1000 [42:47<5:20:01, 21.77s/it]Training MLP on cuda:  12%|█▏        | 119/1000 [43:08<5:19:07, 21.73s/it]Training MLP on cuda:  12%|█▏        | 120/1000 [43:30<5:19:09, 21.76s/it]Training MLP on cuda:  12%|█▏        | 121/1000 [43:52<5:19:01, 21.78s/it]Training MLP on cuda:  12%|█▏        | 122/1000 [44:14<5:17:40, 21.71s/it]Training MLP on cuda:  12%|█▏        | 123/1000 [44:35<5:17:46, 21.74s/it]Training MLP on cuda:  12%|█▏        | 124/1000 [44:57<5:17:53, 21.77s/it]Training MLP on cuda:  12%|█▎        | 125/1000 [45:19<5:17:56, 21.80s/it]Training MLP on cuda:  13%|█▎        | 126/1000 [45:41<5:16:56, 21.76s/it]Training MLP on cuda:  13%|█▎        | 127/1000 [46:03<5:16:44, 21.77s/it]Training MLP on cuda:  13%|█▎        | 128/1000 [46:24<5:15:20, 21.70s/it]Training MLP on cuda:  13%|█▎        | 129/1000 [46:46<5:15:11, 21.71s/it]Training MLP on cuda:  13%|█▎        | 130/1000 [47:07<5:14:17, 21.68s/it]Training MLP on cuda:  13%|█▎        | 131/1000 [47:29<5:12:44, 21.59s/it]Training MLP on cuda:  13%|█▎        | 132/1000 [47:50<5:12:36, 21.61s/it]Training MLP on cuda:  13%|█▎        | 133/1000 [48:12<5:12:20, 21.62s/it]Training MLP on cuda:  13%|█▎        | 134/1000 [48:34<5:12:35, 21.66s/it]Training MLP on cuda:  14%|█▎        | 135/1000 [48:55<5:11:18, 21.59s/it]Training MLP on cuda:  14%|█▎        | 136/1000 [49:17<5:10:51, 21.59s/it]Training MLP on cuda:  14%|█▎        | 137/1000 [49:38<5:09:43, 21.53s/it]Training MLP on cuda:  14%|█▍        | 138/1000 [50:00<5:09:44, 21.56s/it]Training MLP on cuda:  14%|█▍        | 139/1000 [50:21<5:09:10, 21.54s/it]Training MLP on cuda:  14%|█▍        | 140/1000 [50:43<5:08:14, 21.50s/it]Training MLP on cuda:  14%|█▍        | 141/1000 [51:04<5:08:16, 21.53s/it]Training MLP on cuda:  14%|█▍        | 142/1000 [51:26<5:08:06, 21.55s/it]Training MLP on cuda:  14%|█▍        | 143/1000 [51:48<5:08:49, 21.62s/it]Training MLP on cuda:  14%|█▍        | 144/1000 [52:09<5:07:40, 21.57s/it]Training MLP on cuda:  14%|█▍        | 145/1000 [52:31<5:07:31, 21.58s/it]Training MLP on cuda:  15%|█▍        | 146/1000 [52:52<5:06:28, 21.53s/it]Training MLP on cuda:  15%|█▍        | 147/1000 [53:14<5:06:44, 21.58s/it]Training MLP on cuda:  15%|█▍        | 148/1000 [53:36<5:06:16, 21.57s/it]Training MLP on cuda:  15%|█▍        | 149/1000 [53:57<5:05:17, 21.53s/it]Training MLP on cuda:  15%|█▌        | 150/1000 [54:18<5:04:59, 21.53s/it]Training MLP on cuda:  15%|█▌        | 151/1000 [54:40<5:04:51, 21.54s/it]Training MLP on cuda:  15%|█▌        | 152/1000 [55:02<5:05:11, 21.59s/it]Training MLP on cuda:  15%|█▌        | 153/1000 [55:23<5:04:15, 21.55s/it]Training MLP on cuda:  15%|█▌        | 154/1000 [55:45<5:04:08, 21.57s/it]Training MLP on cuda:  16%|█▌        | 155/1000 [56:06<5:03:09, 21.53s/it]Training MLP on cuda:  16%|█▌        | 156/1000 [56:28<5:03:13, 21.56s/it]Training MLP on cuda:  16%|█▌        | 157/1000 [56:49<5:02:44, 21.55s/it]Training MLP on cuda:  16%|█▌        | 158/1000 [57:11<5:01:40, 21.50s/it]Training MLP on cuda:  16%|█▌        | 159/1000 [57:32<5:01:49, 21.53s/it]Training MLP on cuda:  16%|█▌        | 160/1000 [57:54<5:01:58, 21.57s/it]Training MLP on cuda:  16%|█▌        | 161/1000 [58:16<5:02:29, 21.63s/it]Training MLP on cuda:  16%|█▌        | 162/1000 [58:37<5:01:23, 21.58s/it]Training MLP on cuda:  16%|█▋        | 163/1000 [58:59<5:00:56, 21.57s/it]Training MLP on cuda:  16%|█▋        | 164/1000 [59:20<5:00:00, 21.53s/it]Training MLP on cuda:  16%|█▋        | 165/1000 [59:42<4:59:53, 21.55s/it]Training MLP on cuda:  17%|█▋        | 166/1000 [1:00:03<4:59:27, 21.54s/it]Training MLP on cuda:  17%|█▋        | 167/1000 [1:00:25<4:58:26, 21.50s/it]Training MLP on cuda:  17%|█▋        | 168/1000 [1:00:46<4:58:44, 21.54s/it]Training MLP on cuda:  17%|█▋        | 169/1000 [1:01:08<4:58:26, 21.55s/it]Training MLP on cuda:  17%|█▋        | 170/1000 [1:01:30<4:58:57, 21.61s/it]Training MLP on cuda:  17%|█▋        | 170/1000 [1:01:51<5:02:02, 21.83s/it]
Training MLP on cuda:   0%|          | 0/1000 [00:00<?, ?it/s]Training MLP on cuda:   0%|          | 1/1000 [00:21<5:57:45, 21.49s/it]Training MLP on cuda:   0%|          | 2/1000 [00:43<5:58:13, 21.54s/it]Training MLP on cuda:   0%|          | 3/1000 [01:04<5:56:31, 21.46s/it]Training MLP on cuda:   0%|          | 4/1000 [01:25<5:56:08, 21.45s/it]Training MLP on cuda:   0%|          | 5/1000 [01:47<5:56:09, 21.48s/it]Training MLP on cuda:   1%|          | 6/1000 [02:08<5:55:23, 21.45s/it]Training MLP on cuda:   1%|          | 7/1000 [02:30<5:56:08, 21.52s/it]Training MLP on cuda:   1%|          | 8/1000 [02:51<5:55:28, 21.50s/it]Training MLP on cuda:   1%|          | 9/1000 [03:13<5:55:22, 21.52s/it]Training MLP on cuda:   1%|          | 10/1000 [03:34<5:53:57, 21.45s/it]Training MLP on cuda:   1%|          | 11/1000 [03:56<5:53:32, 21.45s/it]Training MLP on cuda:   1%|          | 12/1000 [04:17<5:53:20, 21.46s/it]Training MLP on cuda:   1%|▏         | 13/1000 [04:39<5:52:43, 21.44s/it]Training MLP on cuda:   1%|▏         | 14/1000 [05:00<5:53:28, 21.51s/it]Training MLP on cuda:   2%|▏         | 15/1000 [05:22<5:53:33, 21.54s/it]Training MLP on cuda:   2%|▏         | 16/1000 [05:43<5:53:39, 21.56s/it]Training MLP on cuda:   2%|▏         | 17/1000 [06:05<5:52:05, 21.49s/it]Training MLP on cuda:   2%|▏         | 18/1000 [06:26<5:51:40, 21.49s/it]Training MLP on cuda:   2%|▏         | 19/1000 [06:48<5:51:37, 21.51s/it]Training MLP on cuda:   2%|▏         | 20/1000 [07:09<5:50:52, 21.48s/it]Training MLP on cuda:   2%|▏         | 21/1000 [07:31<5:51:24, 21.54s/it]Training MLP on cuda:   2%|▏         | 22/1000 [07:52<5:51:11, 21.55s/it]Training MLP on cuda:   2%|▏         | 23/1000 [08:14<5:51:11, 21.57s/it]Training MLP on cuda:   2%|▏         | 24/1000 [08:35<5:49:35, 21.49s/it]Training MLP on cuda:   2%|▎         | 25/1000 [08:57<5:49:04, 21.48s/it]Training MLP on cuda:   3%|▎         | 26/1000 [09:18<5:48:52, 21.49s/it]Training MLP on cuda:   3%|▎         | 27/1000 [09:40<5:48:02, 21.46s/it]Training MLP on cuda:   3%|▎         | 28/1000 [10:01<5:48:52, 21.54s/it]Training MLP on cuda:   3%|▎         | 29/1000 [10:23<5:48:45, 21.55s/it]Training MLP on cuda:   3%|▎         | 30/1000 [10:45<5:48:37, 21.56s/it]Training MLP on cuda:   3%|▎         | 31/1000 [11:06<5:47:05, 21.49s/it]Training MLP on cuda:   3%|▎         | 32/1000 [11:27<5:46:30, 21.48s/it]Training MLP on cuda:   3%|▎         | 33/1000 [11:49<5:46:15, 21.48s/it]Training MLP on cuda:   3%|▎         | 34/1000 [12:10<5:45:20, 21.45s/it]Training MLP on cuda:   4%|▎         | 35/1000 [12:32<5:45:54, 21.51s/it]Training MLP on cuda:   4%|▎         | 36/1000 [12:54<5:46:00, 21.54s/it]Training MLP on cuda:   4%|▎         | 37/1000 [13:15<5:45:57, 21.56s/it]Training MLP on cuda:   4%|▍         | 38/1000 [13:36<5:44:22, 21.48s/it]Training MLP on cuda:   4%|▍         | 39/1000 [13:58<5:43:43, 21.46s/it]Training MLP on cuda:   4%|▍         | 40/1000 [14:19<5:43:20, 21.46s/it]Training MLP on cuda:   4%|▍         | 41/1000 [14:41<5:42:22, 21.42s/it]Training MLP on cuda:   4%|▍         | 42/1000 [15:02<5:42:54, 21.48s/it]Training MLP on cuda:   4%|▍         | 43/1000 [15:24<5:43:06, 21.51s/it]Training MLP on cuda:   4%|▍         | 44/1000 [15:45<5:42:59, 21.53s/it]Training MLP on cuda:   4%|▍         | 45/1000 [16:07<5:41:22, 21.45s/it]Training MLP on cuda:   5%|▍         | 46/1000 [16:28<5:40:56, 21.44s/it]Training MLP on cuda:   5%|▍         | 47/1000 [16:50<5:40:30, 21.44s/it]Training MLP on cuda:   5%|▍         | 48/1000 [17:11<5:39:33, 21.40s/it]Training MLP on cuda:   5%|▍         | 49/1000 [17:32<5:40:02, 21.45s/it]Training MLP on cuda:   5%|▌         | 50/1000 [17:54<5:40:07, 21.48s/it]Training MLP on cuda:   5%|▌         | 51/1000 [18:16<5:39:56, 21.49s/it]Training MLP on cuda:   5%|▌         | 52/1000 [18:37<5:38:43, 21.44s/it]Training MLP on cuda:   5%|▌         | 53/1000 [18:58<5:37:57, 21.41s/it]Training MLP on cuda:   5%|▌         | 54/1000 [19:20<5:37:54, 21.43s/it]Training MLP on cuda:   6%|▌         | 55/1000 [19:41<5:36:59, 21.40s/it]Training MLP on cuda:   6%|▌         | 56/1000 [20:03<5:37:35, 21.46s/it]Training MLP on cuda:   6%|▌         | 57/1000 [20:24<5:37:28, 21.47s/it]Training MLP on cuda:   6%|▌         | 58/1000 [20:46<5:37:30, 21.50s/it]Training MLP on cuda:   6%|▌         | 59/1000 [21:07<5:35:45, 21.41s/it]Training MLP on cuda:   6%|▌         | 60/1000 [21:28<5:35:15, 21.40s/it]Training MLP on cuda:   6%|▌         | 61/1000 [21:50<5:35:08, 21.41s/it]Training MLP on cuda:   6%|▌         | 62/1000 [22:11<5:34:19, 21.39s/it]Training MLP on cuda:   6%|▋         | 63/1000 [22:33<5:34:40, 21.43s/it]Training MLP on cuda:   6%|▋         | 64/1000 [22:54<5:34:45, 21.46s/it]Training MLP on cuda:   6%|▋         | 65/1000 [23:16<5:34:48, 21.48s/it]Training MLP on cuda:   7%|▋         | 66/1000 [23:37<5:33:12, 21.41s/it]Training MLP on cuda:   7%|▋         | 67/1000 [23:58<5:32:49, 21.40s/it]Training MLP on cuda:   7%|▋         | 68/1000 [24:20<5:32:51, 21.43s/it]Training MLP on cuda:   7%|▋         | 69/1000 [24:41<5:31:45, 21.38s/it]Training MLP on cuda:   7%|▋         | 70/1000 [25:02<5:32:10, 21.43s/it]Training MLP on cuda:   7%|▋         | 71/1000 [25:24<5:31:51, 21.43s/it]Training MLP on cuda:   7%|▋         | 72/1000 [25:45<5:31:37, 21.44s/it]Training MLP on cuda:   7%|▋         | 73/1000 [26:07<5:30:10, 21.37s/it]Training MLP on cuda:   7%|▋         | 74/1000 [26:28<5:29:55, 21.38s/it]Training MLP on cuda:   8%|▊         | 75/1000 [26:49<5:29:59, 21.40s/it]Training MLP on cuda:   8%|▊         | 76/1000 [27:11<5:29:24, 21.39s/it]Training MLP on cuda:   8%|▊         | 77/1000 [27:32<5:30:02, 21.45s/it]Training MLP on cuda:   8%|▊         | 78/1000 [27:54<5:29:22, 21.43s/it]Training MLP on cuda:   8%|▊         | 79/1000 [28:15<5:29:15, 21.45s/it]Training MLP on cuda:   8%|▊         | 80/1000 [28:37<5:27:58, 21.39s/it]Training MLP on cuda:   8%|▊         | 81/1000 [28:58<5:27:33, 21.39s/it]Training MLP on cuda:   8%|▊         | 82/1000 [29:19<5:27:26, 21.40s/it]Training MLP on cuda:   8%|▊         | 83/1000 [29:41<5:26:46, 21.38s/it]Training MLP on cuda:   8%|▊         | 84/1000 [30:02<5:27:14, 21.43s/it]Training MLP on cuda:   8%|▊         | 85/1000 [30:24<5:26:45, 21.43s/it]Training MLP on cuda:   9%|▊         | 86/1000 [30:45<5:26:25, 21.43s/it]Training MLP on cuda:   9%|▊         | 87/1000 [31:06<5:24:48, 21.35s/it]Training MLP on cuda:   9%|▉         | 88/1000 [31:28<5:24:38, 21.36s/it]Training MLP on cuda:   9%|▉         | 89/1000 [31:49<5:24:35, 21.38s/it]Training MLP on cuda:   9%|▉         | 90/1000 [32:10<5:23:49, 21.35s/it]Training MLP on cuda:   9%|▉         | 91/1000 [32:32<5:24:31, 21.42s/it]Training MLP on cuda:   9%|▉         | 92/1000 [32:53<5:24:22, 21.43s/it]Training MLP on cuda:   9%|▉         | 93/1000 [33:15<5:24:14, 21.45s/it]Training MLP on cuda:   9%|▉         | 94/1000 [33:36<5:22:39, 21.37s/it]Training MLP on cuda:  10%|▉         | 95/1000 [33:57<5:22:14, 21.36s/it]Training MLP on cuda:  10%|▉         | 96/1000 [34:19<5:22:24, 21.40s/it]Training MLP on cuda:  10%|▉         | 97/1000 [34:40<5:22:47, 21.45s/it]Training MLP on cuda:  10%|▉         | 98/1000 [35:02<5:23:18, 21.51s/it]Training MLP on cuda:  10%|▉         | 99/1000 [35:24<5:22:39, 21.49s/it]Training MLP on cuda:  10%|█         | 100/1000 [35:45<5:22:26, 21.50s/it]Training MLP on cuda:  10%|█         | 101/1000 [36:06<5:20:50, 21.41s/it]Training MLP on cuda:  10%|█         | 102/1000 [36:28<5:20:03, 21.38s/it]Training MLP on cuda:  10%|█         | 103/1000 [36:49<5:19:43, 21.39s/it]Training MLP on cuda:  10%|█         | 104/1000 [37:10<5:18:55, 21.36s/it]Training MLP on cuda:  10%|█         | 105/1000 [37:32<5:19:36, 21.43s/it]Training MLP on cuda:  11%|█         | 106/1000 [37:53<5:19:22, 21.43s/it]Training MLP on cuda:  11%|█         | 107/1000 [38:15<5:19:21, 21.46s/it]Training MLP on cuda:  11%|█         | 108/1000 [38:36<5:17:45, 21.37s/it]Training MLP on cuda:  11%|█         | 109/1000 [38:57<5:17:30, 21.38s/it]Training MLP on cuda:  11%|█         | 110/1000 [39:19<5:17:15, 21.39s/it]Training MLP on cuda:  11%|█         | 111/1000 [39:40<5:16:33, 21.37s/it]Training MLP on cuda:  11%|█         | 112/1000 [40:02<