[I 2025-05-13 01:45:25,995] Trial 0 finished with value: 0.5542005742112087 and parameters: {'interp_param': 0.411295371865942}. Best is trial 0 with value: 0.5542005742112087.
[I 2025-05-13 01:45:29,541] Trial 1 finished with value: 0.5674987140140786 and parameters: {'interp_param': 0.9290504802857152}. Best is trial 1 with value: 0.5674987140140786.
[I 2025-05-13 01:45:33,087] Trial 2 finished with value: 0.563905377035515 and parameters: {'interp_param': 0.7484844028806606}. Best is trial 1 with value: 0.5674987140140786.
[I 2025-05-13 01:45:36,627] Trial 3 finished with value: 0.5667080978744916 and parameters: {'interp_param': 0.8665959218918429}. Best is trial 1 with value: 0.5674987140140786.
[I 2025-05-13 01:45:40,314] Trial 4 finished with value: 0.5514347192965962 and parameters: {'interp_param': 0.3450075635422467}. Best is trial 1 with value: 0.5674987140140786.
[I 2025-05-13 01:45:43,863] Trial 5 finished with value: 0.5603434887585477 and parameters: {'interp_param': 0.5981994411105271}. Best is trial 1 with value: 0.5674987140140786.
[I 2025-05-13 01:45:47,418] Trial 6 finished with value: 0.5440978910365922 and parameters: {'interp_param': 0.1302254348891807}. Best is trial 1 with value: 0.5674987140140786.
[I 2025-05-13 01:45:50,966] Trial 7 finished with value: 0.5577190526821776 and parameters: {'interp_param': 0.5282052394314461}. Best is trial 1 with value: 0.5674987140140786.
[I 2025-05-13 01:45:54,513] Trial 8 finished with value: 0.5452607110223723 and parameters: {'interp_param': 0.1653907914455277}. Best is trial 1 with value: 0.5674987140140786.
[I 2025-05-13 01:45:58,060] Trial 9 finished with value: 0.5566267080379919 and parameters: {'interp_param': 0.5003872435804209}. Best is trial 1 with value: 0.5674987140140786.
[I 2025-05-13 01:46:01,601] Trial 10 finished with value: 0.5673253628855028 and parameters: {'interp_param': 0.9376625189005008}. Best is trial 1 with value: 0.5674987140140786.
[I 2025-05-13 01:46:05,165] Trial 11 finished with value: 0.5672790566916427 and parameters: {'interp_param': 0.9615102794404711}. Best is trial 1 with value: 0.5674987140140786.
[I 2025-05-13 01:46:08,699] Trial 12 finished with value: 0.5641647606582495 and parameters: {'interp_param': 0.7678018145179262}. Best is trial 1 with value: 0.5674987140140786.
[I 2025-05-13 01:46:12,259] Trial 13 finished with value: 0.5666690763790546 and parameters: {'interp_param': 0.975919917008142}. Best is trial 1 with value: 0.5674987140140786.
[I 2025-05-13 01:46:15,819] Trial 14 finished with value: 0.5635032730005967 and parameters: {'interp_param': 0.713299628386942}. Best is trial 1 with value: 0.5674987140140786.
[I 2025-05-13 01:46:19,375] Trial 15 finished with value: 0.5664139421637336 and parameters: {'interp_param': 0.8612854114656766}. Best is trial 1 with value: 0.5674987140140786.
[I 2025-05-13 01:46:22,924] Trial 16 finished with value: 0.5616238465302539 and parameters: {'interp_param': 0.6383327368931927}. Best is trial 1 with value: 0.5674987140140786.
[I 2025-05-13 01:46:26,476] Trial 17 finished with value: 0.5664958795873098 and parameters: {'interp_param': 0.8631191410468937}. Best is trial 1 with value: 0.5674987140140786.
[I 2025-05-13 01:46:30,158] Trial 18 finished with value: 0.5656061174674907 and parameters: {'interp_param': 0.9909199397735231}. Best is trial 1 with value: 0.5674987140140786.
[I 2025-05-13 01:46:33,705] Trial 19 finished with value: 0.5514287670394806 and parameters: {'interp_param': 0.3449116613238007}. Best is trial 1 with value: 0.5674987140140786.
[I 2025-05-13 01:46:37,273] Trial 20 finished with value: 0.5409990544091039 and parameters: {'interp_param': 0.014788058395594939}. Best is trial 1 with value: 0.5674987140140786.
[I 2025-05-13 01:46:40,832] Trial 21 finished with value: 0.567620480629174 and parameters: {'interp_param': 0.9240771050245152}. Best is trial 21 with value: 0.567620480629174.
[I 2025-05-13 01:46:44,370] Trial 22 finished with value: 0.5671180885214739 and parameters: {'interp_param': 0.8807352987956795}. Best is trial 21 with value: 0.567620480629174.
[I 2025-05-13 01:46:47,927] Trial 23 finished with value: 0.5644226729365285 and parameters: {'interp_param': 0.7796296662238116}. Best is trial 21 with value: 0.567620480629174.
[I 2025-05-13 01:46:51,464] Trial 24 finished with value: 0.5676141528191032 and parameters: {'interp_param': 0.9233170668392428}. Best is trial 21 with value: 0.567620480629174.
[I 2025-05-13 01:46:55,015] Trial 25 finished with value: 0.562447948617606 and parameters: {'interp_param': 0.674456253798525}. Best is trial 21 with value: 0.567620480629174.
[I 2025-05-13 01:46:58,547] Trial 26 finished with value: 0.5649679346713185 and parameters: {'interp_param': 0.8137086380279064}. Best is trial 21 with value: 0.567620480629174.
[I 2025-05-13 01:47:02,105] Trial 27 finished with value: 0.567598497919879 and parameters: {'interp_param': 0.92217202688251}. Best is trial 21 with value: 0.567620480629174.
[I 2025-05-13 01:47:05,659] Trial 28 finished with value: 0.560542634716144 and parameters: {'interp_param': 0.6032334483940744}. Best is trial 21 with value: 0.567620480629174.
[I 2025-05-13 01:47:09,205] Trial 29 finished with value: 0.5648067812969525 and parameters: {'interp_param': 0.8021138100513574}. Best is trial 21 with value: 0.567620480629174.
[I 2025-05-13 01:47:12,753] Trial 30 finished with value: 0.5549026833227797 and parameters: {'interp_param': 0.43484639854044993}. Best is trial 21 with value: 0.567620480629174.
[I 2025-05-13 01:47:16,311] Trial 31 finished with value: 0.5675369998372879 and parameters: {'interp_param': 0.909119796783736}. Best is trial 21 with value: 0.567620480629174.
[I 2025-05-13 01:47:19,866] Trial 32 finished with value: 0.5674692099565529 and parameters: {'interp_param': 0.9060209669986661}. Best is trial 21 with value: 0.567620480629174.
[I 2025-05-13 01:47:23,567] Trial 33 finished with value: 0.564740750856091 and parameters: {'interp_param': 0.9996288931395005}. Best is trial 21 with value: 0.567620480629174.
[I 2025-05-13 01:47:27,108] Trial 34 finished with value: 0.563676248576217 and parameters: {'interp_param': 0.7209970932822676}. Best is trial 21 with value: 0.567620480629174.
[I 2025-05-13 01:47:30,664] Trial 35 finished with value: 0.5652080982140327 and parameters: {'interp_param': 0.8227187566146511}. Best is trial 21 with value: 0.567620480629174.
[I 2025-05-13 01:47:34,213] Trial 36 finished with value: 0.5675967539136888 and parameters: {'interp_param': 0.9215145838263084}. Best is trial 21 with value: 0.567620480629174.
[I 2025-05-13 01:47:37,773] Trial 37 finished with value: 0.5673247249599347 and parameters: {'interp_param': 0.9381287963039953}. Best is trial 21 with value: 0.567620480629174.
[I 2025-05-13 01:47:41,317] Trial 38 finished with value: 0.5656731613868757 and parameters: {'interp_param': 0.8425369007213925}. Best is trial 21 with value: 0.567620480629174.
[I 2025-05-13 01:47:44,867] Trial 39 finished with value: 0.5636295925522067 and parameters: {'interp_param': 0.7180848938490675}. Best is trial 21 with value: 0.567620480629174.
[I 2025-05-13 01:47:48,406] Trial 40 finished with value: 0.5674715815991892 and parameters: {'interp_param': 0.9061805172540415}. Best is trial 21 with value: 0.567620480629174.
[I 2025-05-13 01:47:51,958] Trial 41 finished with value: 0.56747417445795 and parameters: {'interp_param': 0.930130223919861}. Best is trial 21 with value: 0.567620480629174.
[I 2025-05-13 01:47:55,484] Trial 42 finished with value: 0.5673438781606615 and parameters: {'interp_param': 0.8960042107559403}. Best is trial 21 with value: 0.567620480629174.
[I 2025-05-13 01:47:59,028] Trial 43 finished with value: 0.5655759549061529 and parameters: {'interp_param': 0.8395634349346255}. Best is trial 21 with value: 0.567620480629174.
[I 2025-05-13 01:48:02,586] Trial 44 finished with value: 0.5673774464214032 and parameters: {'interp_param': 0.9337318459305476}. Best is trial 21 with value: 0.567620480629174.
[I 2025-05-13 01:48:06,135] Trial 45 finished with value: 0.5641144931523937 and parameters: {'interp_param': 0.765529645788927}. Best is trial 21 with value: 0.567620480629174.
[I 2025-05-13 01:48:09,877] Trial 46 finished with value: 0.5483205776000339 and parameters: {'interp_param': 0.2751490630388137}. Best is trial 21 with value: 0.567620480629174.
[I 2025-05-13 01:48:13,422] Trial 47 finished with value: 0.567217630632906 and parameters: {'interp_param': 0.9665519594462114}. Best is trial 21 with value: 0.567620480629174.
[I 2025-05-13 01:48:17,107] Trial 48 finished with value: 0.5673441096659079 and parameters: {'interp_param': 0.8989325762962337}. Best is trial 21 with value: 0.567620480629174.
[I 2025-05-13 01:48:20,648] Trial 49 finished with value: 0.5584379742192054 and parameters: {'interp_param': 0.5466184043619308}. Best is trial 21 with value: 0.567620480629174.
[I 2025-05-13 01:48:24,193] Trial 50 finished with value: 0.5647390737291942 and parameters: {'interp_param': 0.999649522139579}. Best is trial 21 with value: 0.567620480629174.
[I 2025-05-13 01:48:27,748] Trial 51 finished with value: 0.5673037917410904 and parameters: {'interp_param': 0.9535779596528313}. Best is trial 21 with value: 0.567620480629174.
[I 2025-05-13 01:48:31,314] Trial 52 finished with value: 0.5671946550233316 and parameters: {'interp_param': 0.8846350454161045}. Best is trial 21 with value: 0.567620480629174.
[I 2025-05-13 01:48:34,842] Trial 53 finished with value: 0.5659077842373572 and parameters: {'interp_param': 0.8508956884814389}. Best is trial 21 with value: 0.567620480629174.
[I 2025-05-13 01:48:38,397] Trial 54 finished with value: 0.5646341555514824 and parameters: {'interp_param': 0.7934459942376455}. Best is trial 21 with value: 0.567620480629174.
[I 2025-05-13 01:48:41,935] Trial 55 finished with value: 0.5672739121306094 and parameters: {'interp_param': 0.9560111356592483}. Best is trial 21 with value: 0.567620480629174.
[I 2025-05-13 01:48:45,481] Trial 56 finished with value: 0.56759616228917 and parameters: {'interp_param': 0.9200136797592363}. Best is trial 21 with value: 0.567620480629174.
[I 2025-05-13 01:48:49,020] Trial 57 finished with value: 0.5639492292737622 and parameters: {'interp_param': 0.7554275005341925}. Best is trial 21 with value: 0.567620480629174.
[I 2025-05-13 01:48:52,567] Trial 58 finished with value: 0.5667935181658874 and parameters: {'interp_param': 0.8687799406171826}. Best is trial 21 with value: 0.567620480629174.
[I 2025-05-13 01:48:56,112] Trial 59 finished with value: 0.5676114262017555 and parameters: {'interp_param': 0.9144083455710815}. Best is trial 21 with value: 0.567620480629174.
[I 2025-05-13 01:48:59,667] Trial 60 finished with value: 0.5651747151574881 and parameters: {'interp_param': 0.8213842919534021}. Best is trial 21 with value: 0.567620480629174.
[I 2025-05-13 01:49:03,207] Trial 61 finished with value: 0.5676117400199786 and parameters: {'interp_param': 0.9144238927758102}. Best is trial 21 with value: 0.567620480629174.
[I 2025-05-13 01:49:06,758] Trial 62 finished with value: 0.5671920261526435 and parameters: {'interp_param': 0.9684609862315948}. Best is trial 21 with value: 0.567620480629174.
[I 2025-05-13 01:49:10,437] Trial 63 finished with value: 0.5675830127911691 and parameters: {'interp_param': 0.9257561173564621}. Best is trial 21 with value: 0.567620480629174.
[I 2025-05-13 01:49:13,993] Trial 64 finished with value: 0.5664051552534889 and parameters: {'interp_param': 0.8610887657450179}. Best is trial 21 with value: 0.567620480629174.
[I 2025-05-13 01:49:17,535] Trial 65 finished with value: 0.5672141734878917 and parameters: {'interp_param': 0.9667439880282709}. Best is trial 21 with value: 0.567620480629174.
[I 2025-05-13 01:49:21,093] Trial 66 finished with value: 0.5672194620966338 and parameters: {'interp_param': 0.8853722638170554}. Best is trial 21 with value: 0.567620480629174.
[I 2025-05-13 01:49:24,636] Trial 67 finished with value: 0.5645997590164142 and parameters: {'interp_param': 0.7911418245970452}. Best is trial 21 with value: 0.567620480629174.
[I 2025-05-13 01:49:28,200] Trial 68 finished with value: 0.5456659120830325 and parameters: {'interp_param': 0.1806517441839366}. Best is trial 21 with value: 0.567620480629174.
[I 2025-05-13 01:49:31,739] Trial 69 finished with value: 0.5624147198978924 and parameters: {'interp_param': 0.6720823561189473}. Best is trial 21 with value: 0.567620480629174.
[I 2025-05-13 01:49:35,283] Trial 70 finished with value: 0.5673936260658528 and parameters: {'interp_param': 0.933089153401104}. Best is trial 21 with value: 0.567620480629174.
[I 2025-05-13 01:49:38,810] Trial 71 finished with value: 0.5675050315350273 and parameters: {'interp_param': 0.9285075293278814}. Best is trial 21 with value: 0.567620480629174.
[I 2025-05-13 01:49:42,369] Trial 72 finished with value: 0.5675456838563119 and parameters: {'interp_param': 0.9112089375747654}. Best is trial 21 with value: 0.567620480629174.
[I 2025-05-13 01:49:45,926] Trial 73 finished with value: 0.5663732898424491 and parameters: {'interp_param': 0.9805731205726846}. Best is trial 21 with value: 0.567620480629174.
[I 2025-05-13 01:49:49,492] Trial 74 finished with value: 0.5650979737405554 and parameters: {'interp_param': 0.8188555713324174}. Best is trial 21 with value: 0.567620480629174.
[I 2025-05-13 01:49:53,022] Trial 75 finished with value: 0.5666535758166615 and parameters: {'interp_param': 0.8656677479382138}. Best is trial 21 with value: 0.567620480629174.
[I 2025-05-13 01:49:56,563] Trial 76 finished with value: 0.5676067086392881 and parameters: {'interp_param': 0.9181256056250225}. Best is trial 21 with value: 0.567620480629174.
[I 2025-05-13 01:50:00,240] Trial 77 finished with value: 0.5656499645611768 and parameters: {'interp_param': 0.8420582146608392}. Best is trial 21 with value: 0.567620480629174.
[I 2025-05-13 01:50:03,796] Trial 78 finished with value: 0.567238069973891 and parameters: {'interp_param': 0.9490649837807195}. Best is trial 21 with value: 0.567620480629174.
[I 2025-05-13 01:50:07,336] Trial 79 finished with value: 0.5549124013985716 and parameters: {'interp_param': 0.43587547268525056}. Best is trial 21 with value: 0.567620480629174.
[I 2025-05-13 01:50:10,896] Trial 80 finished with value: 0.5649066166483634 and parameters: {'interp_param': 0.9961763430999159}. Best is trial 21 with value: 0.567620480629174.
[I 2025-05-13 01:50:14,433] Trial 81 finished with value: 0.5675965326975643 and parameters: {'interp_param': 0.9211902634859825}. Best is trial 21 with value: 0.567620480629174.
[I 2025-05-13 01:50:17,977] Trial 82 finished with value: 0.5672890731519744 and parameters: {'interp_param': 0.8879333450828739}. Best is trial 21 with value: 0.567620480629174.
[I 2025-05-13 01:50:21,520] Trial 83 finished with value: 0.5674200176639532 and parameters: {'interp_param': 0.9029482881587447}. Best is trial 21 with value: 0.567620480629174.
[I 2025-05-13 01:50:25,063] Trial 84 finished with value: 0.5673234439642374 and parameters: {'interp_param': 0.9520509087431054}. Best is trial 21 with value: 0.567620480629174.
[I 2025-05-13 01:50:28,607] Trial 85 finished with value: 0.5676114313463166 and parameters: {'interp_param': 0.9144086605591003}. Best is trial 21 with value: 0.567620480629174.
[I 2025-05-13 01:50:32,154] Trial 86 finished with value: 0.5413787590252834 and parameters: {'interp_param': 0.030263456767909758}. Best is trial 21 with value: 0.567620480629174.
[I 2025-05-13 01:50:35,701] Trial 87 finished with value: 0.565728485996227 and parameters: {'interp_param': 0.8439640164610744}. Best is trial 21 with value: 0.567620480629174.
[I 2025-05-13 01:50:39,243] Trial 88 finished with value: 0.5670629696945639 and parameters: {'interp_param': 0.8785480901656687}. Best is trial 21 with value: 0.567620480629174.
[I 2025-05-13 01:50:42,789] Trial 89 finished with value: 0.5660108040720476 and parameters: {'interp_param': 0.985412655708086}. Best is trial 21 with value: 0.567620480629174.
[I 2025-05-13 01:50:46,335] Trial 90 finished with value: 0.5649416305307555 and parameters: {'interp_param': 0.8128047752102046}. Best is trial 21 with value: 0.567620480629174.
[I 2025-05-13 01:50:49,884] Trial 91 finished with value: 0.5676198375590449 and parameters: {'interp_param': 0.9149715238005001}. Best is trial 21 with value: 0.567620480629174.
[I 2025-05-13 01:50:53,576] Trial 92 finished with value: 0.567609944568178 and parameters: {'interp_param': 0.9139395716560058}. Best is trial 21 with value: 0.567620480629174.
[I 2025-05-13 01:50:57,115] Trial 93 finished with value: 0.5639556599750538 and parameters: {'interp_param': 0.7389577797113841}. Best is trial 21 with value: 0.567620480629174.
[I 2025-05-13 01:51:00,668] Trial 94 finished with value: 0.5672323029209727 and parameters: {'interp_param': 0.9464039063363199}. Best is trial 21 with value: 0.567620480629174.
[I 2025-05-13 01:51:04,220] Trial 95 finished with value: 0.5673394126816845 and parameters: {'interp_param': 0.8973656199108548}. Best is trial 21 with value: 0.567620480629174.
[I 2025-05-13 01:51:07,757] Trial 96 finished with value: 0.5666860894423915 and parameters: {'interp_param': 0.8661817787606234}. Best is trial 21 with value: 0.567620480629174.
[I 2025-05-13 01:51:11,307] Trial 97 finished with value: 0.5667416764243556 and parameters: {'interp_param': 0.9754560184284108}. Best is trial 21 with value: 0.567620480629174.
[I 2025-05-13 01:51:14,858] Trial 98 finished with value: 0.5676141733973473 and parameters: {'interp_param': 0.9146572051913612}. Best is trial 21 with value: 0.567620480629174.
