[I 2025-05-13 01:51:17,738] Trial 99 finished with value: 0.5683005504412788 and parameters: {'interp_param': 0.7991741582980951}. Best is trial 30 with value: 0.5746554929270413.
Best hyperparameters: {'interp_param': 0.9486656870912035}
Best optimized value: 0.5746554929270413
Tuning threshold scale factor for offline LSET using optuna
  0%|          | 0/100 [00:00<?, ?it/s]                                         0%|          | 0/100 [00:03<?, ?it/s]Best trial: 0. Best value: 0.529264:   0%|          | 0/100 [00:03<?, ?it/s]Best trial: 0. Best value: 0.529264:   1%|          | 1/100 [00:03<04:57,  3.01s/it]                                                                                    Best trial: 0. Best value: 0.529264:   1%|          | 1/100 [00:05<04:57,  3.01s/it]Best trial: 1. Best value: 0.572146:   1%|          | 1/100 [00:05<04:57,  3.01s/it]Best trial: 1. Best value: 0.572146:   2%|▏         | 2/100 [00:05<04:48,  2.94s/it]                                                                                    Best trial: 1. Best value: 0.572146:   2%|▏         | 2/100 [00:08<04:48,  2.94s/it]Best trial: 1. Best value: 0.572146:   2%|▏         | 2/100 [00:08<04:48,  2.94s/it]Best trial: 1. Best value: 0.572146:   3%|▎         | 3/100 [00:08<04:43,  2.92s/it]                                                                                    Best trial: 1. Best value: 0.572146:   3%|▎         | 3/100 [00:11<04:43,  2.92s/it]Best trial: 1. Best value: 0.572146:   3%|▎         | 3/100 [00:11<04:43,  2.92s/it]Best trial: 1. Best value: 0.572146:   4%|▍         | 4/100 [00:11<04:39,  2.91s/it]                                                                                    Best trial: 1. Best value: 0.572146:   4%|▍         | 4/100 [00:14<04:39,  2.91s/it]Best trial: 1. Best value: 0.572146:   4%|▍         | 4/100 [00:14<04:39,  2.91s/it]Best trial: 1. Best value: 0.572146:   5%|▌         | 5/100 [00:14<04:35,  2.90s/it]                                                                                    Best trial: 1. Best value: 0.572146:   5%|▌         | 5/100 [00:17<04:35,  2.90s/it]Best trial: 1. Best value: 0.572146:   5%|▌         | 5/100 [00:17<04:35,  2.90s/it]Best trial: 1. Best value: 0.572146:   6%|▌         | 6/100 [00:17<04:31,  2.89s/it]                                                                                    Best trial: 1. Best value: 0.572146:   6%|▌         | 6/100 [00:20<04:31,  2.89s/it]Best trial: 1. Best value: 0.572146:   6%|▌         | 6/100 [00:20<04:31,  2.89s/it]Best trial: 1. Best value: 0.572146:   7%|▋         | 7/100 [00:20<04:29,  2.90s/it]                                                                                    Best trial: 1. Best value: 0.572146:   7%|▋         | 7/100 [00:23<04:29,  2.90s/it]Best trial: 7. Best value: 0.573712:   7%|▋         | 7/100 [00:23<04:29,  2.90s/it]Best trial: 7. Best value: 0.573712:   8%|▊         | 8/100 [00:23<04:26,  2.90s/it]                                                                                    Best trial: 7. Best value: 0.573712:   8%|▊         | 8/100 [00:26<04:26,  2.90s/it]Best trial: 7. Best value: 0.573712:   8%|▊         | 8/100 [00:26<04:26,  2.90s/it]Best trial: 7. Best value: 0.573712:   9%|▉         | 9/100 [00:26<04:27,  2.94s/it]                                                                                    Best trial: 7. Best value: 0.573712:   9%|▉         | 9/100 [00:29<04:27,  2.94s/it]Best trial: 7. Best value: 0.573712:   9%|▉         | 9/100 [00:29<04:27,  2.94s/it]Best trial: 7. Best value: 0.573712:  10%|█         | 10/100 [00:29<04:23,  2.93s/it]                                                                                     Best trial: 7. Best value: 0.573712:  10%|█         | 10/100 [00:32<04:23,  2.93s/it]Best trial: 7. Best value: 0.573712:  10%|█         | 10/100 [00:32<04:23,  2.93s/it]Best trial: 7. Best value: 0.573712:  11%|█         | 11/100 [00:32<04:19,  2.92s/it]                                                                                     Best trial: 7. Best value: 0.573712:  11%|█         | 11/100 [00:34<04:19,  2.92s/it]Best trial: 7. Best value: 0.573712:  11%|█         | 11/100 [00:34<04:19,  2.92s/it]Best trial: 7. Best value: 0.573712:  12%|█▏        | 12/100 [00:34<04:15,  2.91s/it]                                                                                     Best trial: 7. Best value: 0.573712:  12%|█▏        | 12/100 [00:37<04:15,  2.91s/it]Best trial: 7. Best value: 0.573712:  12%|█▏        | 12/100 [00:37<04:15,  2.91s/it]Best trial: 7. Best value: 0.573712:  13%|█▎        | 13/100 [00:37<04:12,  2.90s/it]                                                                                     Best trial: 7. Best value: 0.573712:  13%|█▎        | 13/100 [00:40<04:12,  2.90s/it]Best trial: 7. Best value: 0.573712:  13%|█▎        | 13/100 [00:40<04:12,  2.90s/it]Best trial: 7. Best value: 0.573712:  14%|█▍        | 14/100 [00:40<04:08,  2.89s/it]                                                                                     Best trial: 7. Best value: 0.573712:  14%|█▍        | 14/100 [00:43<04:08,  2.89s/it]Best trial: 7. Best value: 0.573712:  14%|█▍        | 14/100 [00:43<04:08,  2.89s/it]Best trial: 7. Best value: 0.573712:  15%|█▌        | 15/100 [00:43<04:05,  2.89s/it]                                                                                     Best trial: 7. Best value: 0.573712:  15%|█▌        | 15/100 [00:46<04:05,  2.89s/it]Best trial: 7. Best value: 0.573712:  15%|█▌        | 15/100 [00:46<04:05,  2.89s/it]Best trial: 7. Best value: 0.573712:  16%|█▌        | 16/100 [00:46<04:03,  2.90s/it]                                                                                     Best trial: 7. Best value: 0.573712:  16%|█▌        | 16/100 [00:49<04:03,  2.90s/it]Best trial: 16. Best value: 0.574275:  16%|█▌        | 16/100 [00:49<04:03,  2.90s/it]Best trial: 16. Best value: 0.574275:  17%|█▋        | 17/100 [00:49<04:00,  2.89s/it]                                                                                      Best trial: 16. Best value: 0.574275:  17%|█▋        | 17/100 [00:52<04:00,  2.89s/it]Best trial: 16. Best value: 0.574275:  17%|█▋        | 17/100 [00:52<04:00,  2.89s/it]Best trial: 16. Best value: 0.574275:  18%|█▊        | 18/100 [00:52<03:57,  2.89s/it]                                                                                      Best trial: 16. Best value: 0.574275:  18%|█▊        | 18/100 [00:55<03:57,  2.89s/it]Best trial: 16. Best value: 0.574275:  18%|█▊        | 18/100 [00:55<03:57,  2.89s/it]Best trial: 16. Best value: 0.574275:  19%|█▉        | 19/100 [00:55<03:54,  2.89s/it]                                                                                      Best trial: 16. Best value: 0.574275:  19%|█▉        | 19/100 [00:58<03:54,  2.89s/it]Best trial: 16. Best value: 0.574275:  19%|█▉        | 19/100 [00:58<03:54,  2.89s/it]Best trial: 16. Best value: 0.574275:  20%|██        | 20/100 [00:58<03:51,  2.89s/it]                                                                                      Best trial: 16. Best value: 0.574275:  20%|██        | 20/100 [01:00<03:51,  2.89s/it]Best trial: 16. Best value: 0.574275:  20%|██        | 20/100 [01:00<03:51,  2.89s/it]Best trial: 16. Best value: 0.574275:  21%|██        | 21/100 [01:00<03:48,  2.89s/it]                                                                                      Best trial: 16. Best value: 0.574275:  21%|██        | 21/100 [01:03<03:48,  2.89s/it]Best trial: 16. Best value: 0.574275:  21%|██        | 21/100 [01:03<03:48,  2.89s/it]Best trial: 16. Best value: 0.574275:  22%|██▏       | 22/100 [01:03<03:44,  2.88s/it]                                                                                      Best trial: 16. Best value: 0.574275:  22%|██▏       | 22/100 [01:06<03:44,  2.88s/it]Best trial: 22. Best value: 0.574409:  22%|██▏       | 22/100 [01:06<03:44,  2.88s/it]Best trial: 22. Best value: 0.574409:  23%|██▎       | 23/100 [01:06<03:42,  2.89s/it]                                                                                      Best trial: 22. Best value: 0.574409:  23%|██▎       | 23/100 [01:09<03:42,  2.89s/it]Best trial: 23. Best value: 0.574435:  23%|██▎       | 23/100 [01:09<03:42,  2.89s/it]Best trial: 23. Best value: 0.574435:  24%|██▍       | 24/100 [01:09<03:39,  2.89s/it]                                                                                      Best trial: 23. Best value: 0.574435:  24%|██▍       | 24/100 [01:12<03:39,  2.89s/it]Best trial: 23. Best value: 0.574435:  24%|██▍       | 24/100 [01:12<03:39,  2.89s/it]Best trial: 23. Best value: 0.574435:  25%|██▌       | 25/100 [01:12<03:37,  2.91s/it]                                                                                      Best trial: 23. Best value: 0.574435:  25%|██▌       | 25/100 [01:15<03:37,  2.91s/it]Best trial: 23. Best value: 0.574435:  25%|██▌       | 25/100 [01:15<03:37,  2.91s/it]Best trial: 23. Best value: 0.574435:  26%|██▌       | 26/100 [01:15<03:38,  2.96s/it]                                                                                      Best trial: 23. Best value: 0.574435:  26%|██▌       | 26/100 [01:18<03:38,  2.96s/it]Best trial: 23. Best value: 0.574435:  26%|██▌       | 26/100 [01:18<03:38,  2.96s/it]Best trial: 23. Best value: 0.574435:  27%|██▋       | 27/100 [01:18<03:35,  2.95s/it]                                                                                      Best trial: 23. Best value: 0.574435:  27%|██▋       | 27/100 [01:21<03:35,  2.95s/it]Best trial: 23. Best value: 0.574435:  27%|██▋       | 27/100 [01:21<03:35,  2.95s/it]Best trial: 23. Best value: 0.574435:  28%|██▊       | 28/100 [01:21<03:32,  2.95s/it]                                                                                      Best trial: 23. Best value: 0.574435:  28%|██▊       | 28/100 [01:24<03:32,  2.95s/it]Best trial: 23. Best value: 0.574435:  28%|██▊       | 28/100 [01:24<03:32,  2.95s/it]Best trial: 23. Best value: 0.574435:  29%|██▉       | 29/100 [01:24<03:28,  2.94s/it]                                                                                      Best trial: 23. Best value: 0.574435:  29%|██▉       | 29/100 [01:27<03:28,  2.94s/it]Best trial: 23. Best value: 0.574435:  29%|██▉       | 29/100 [01:27<03:28,  2.94s/it]Best trial: 23. Best value: 0.574435:  30%|███       | 30/100 [01:27<03:27,  2.97s/it]                                                                                      Best trial: 23. Best value: 0.574435:  30%|███       | 30/100 [01:30<03:27,  2.97s/it]Best trial: 23. Best value: 0.574435:  30%|███       | 30/100 [01:30<03:27,  2.97s/it]Best trial: 23. Best value: 0.574435:  31%|███       | 31/100 [01:30<03:23,  2.95s/it]                                                                                      Best trial: 23. Best value: 0.574435:  31%|███       | 31/100 [01:33<03:23,  2.95s/it]Best trial: 31. Best value: 0.574475:  31%|███       | 31/100 [01:33<03:23,  2.95s/it]Best trial: 31. Best value: 0.574475:  32%|███▏      | 32/100 [01:33<03:19,  2.93s/it]                                                                                      Best trial: 31. Best value: 0.574475:  32%|███▏      | 32/100 [01:36<03:19,  2.93s/it]Best trial: 31. Best value: 0.574475:  32%|███▏      | 32/100 [01:36<03:19,  2.93s/it]Best trial: 31. Best value: 0.574475:  33%|███▎      | 33/100 [01:36<03:15,  2.92s/it]                                                                                      Best trial: 31. Best value: 0.574475:  33%|███▎      | 33/100 [01:39<03:15,  2.92s/it]Best trial: 31. Best value: 0.574475:  33%|███▎      | 33/100 [01:39<03:15,  2.92s/it]Best trial: 31. Best value: 0.574475:  34%|███▍      | 34/100 [01:39<03:11,  2.90s/it]                                                                                      Best trial: 31. Best value: 0.574475:  34%|███▍      | 34/100 [01:41<03:11,  2.90s/it]Best trial: 34. Best value: 0.5745:  34%|███▍      | 34/100 [01:41<03:11,  2.90s/it]  Best trial: 34. Best value: 0.5745:  35%|███▌      | 35/100 [01:41<03:08,  2.90s/it]                                                                                    Best trial: 34. Best value: 0.5745:  35%|███▌      | 35/100 [01:44<03:08,  2.90s/it]Best trial: 34. Best value: 0.5745:  35%|███▌      | 35/100 [01:44<03:08,  2.90s/it]Best trial: 34. Best value: 0.5745:  36%|███▌      | 36/100 [01:44<03:05,  2.90s/it]                                                                                    Best trial: 34. Best value: 0.5745:  36%|███▌      | 36/100 [01:47<03:05,  2.90s/it]Best trial: 34. Best value: 0.5745:  36%|███▌      | 36/100 [01:47<03:05,  2.90s/it]Best trial: 34. Best value: 0.5745:  37%|███▋      | 37/100 [01:47<03:02,  2.89s/it]                                                                                    Best trial: 34. Best value: 0.5745:  37%|███▋      | 37/100 [01:50<03:02,  2.89s/it]Best trial: 34. Best value: 0.5745:  37%|███▋      | 37/100 [01:50<03:02,  2.89s/it]Best trial: 34. Best value: 0.5745:  38%|███▊      | 38/100 [01:50<02:59,  2.89s/it]                                                                                    Best trial: 34. Best value: 0.5745:  38%|███▊      | 38/100 [01:53<02:59,  2.89s/it]Best trial: 34. Best value: 0.5745:  38%|███▊      | 38/100 [01:53<02:59,  2.89s/it]Best trial: 34. Best value: 0.5745:  39%|███▉      | 39/100 [01:53<02:56,  2.89s/it]                                                                                    Best trial: 34. Best value: 0.5745:  39%|███▉      | 39/100 [01:56<02:56,  2.89s/it]Best trial: 39. Best value: 0.574503:  39%|███▉      | 39/100 [01:56<02:56,  2.89s/it]Best trial: 39. Best value: 0.574503:  40%|████      | 40/100 [01:56<02:53,  2.89s/it]                                                                                      Best trial: 39. Best value: 0.574503:  40%|████      | 40/100 [01:59<02:53,  2.89s/it]Best trial: 39. Best value: 0.574503:  40%|████      | 40/100 [01:59<02:53,  2.89s/it]Best trial: 39. Best value: 0.574503:  41%|████      | 41/100 [01:59<02:50,  2.89s/it]                                                                                      Best trial: 39. Best value: 0.574503:  41%|████      | 41/100 [02:02<02:50,  2.89s/it]Best trial: 39. Best value: 0.574503:  41%|████      | 41/100 [02:02<02:50,  2.89s/it]Best trial: 39. Best value: 0.574503:  42%|████▏     | 42/100 [02:02<02:49,  2.93s/it]                                                                                      Best trial: 39. Best value: 0.574503:  42%|████▏     | 42/100 [02:05<02:49,  2.93s/it]Best trial: 39. Best value: 0.574503:  42%|████▏     | 42/100 [02:05<02:49,  2.93s/it]Best trial: 39. Best value: 0.574503:  43%|████▎     | 43/100 [02:05<02:46,  2.92s/it]                                                                                      Best trial: 39. Best value: 0.574503:  43%|████▎     | 43/100 [02:08<02:46,  2.92s/it]Best trial: 39. Best value: 0.574503:  43%|████▎     | 43/100 [02:08<02:46,  2.92s/it]Best trial: 39. Best value: 0.574503:  44%|████▍     | 44/100 [02:08<02:44,  2.93s/it]                                                                                      Best trial: 39. Best value: 0.574503:  44%|████▍     | 44/100 [02:11<02:44,  2.93s/it]Best trial: 39. Best value: 0.574503:  44%|████▍     | 44/100 [02:11<02:44,  2.93s/it]Best trial: 39. Best value: 0.574503:  45%|████▌     | 45/100 [02:11<02:41,  2.93s/it]                                                                                      Best trial: 39. Best value: 0.574503:  45%|████▌     | 45/100 [02:13<02:41,  2.93s/it]Best trial: 39. Best value: 0.574503:  45%|████▌     | 45/100 [02:13<02:41,  2.93s/it]Best trial: 39. Best value: 0.574503:  46%|████▌     | 46/100 [02:13<02:38,  2.94s/it]                                                                                      Best trial: 39. Best value: 0.574503:  46%|████▌     | 46/100 [02:16<02:38,  2.94s/it]Best trial: 39. Best value: 0.574503:  46%|████▌     | 46/100 [02:16<02:38,  2.94s/it]Best trial: 39. Best value: 0.574503:  47%|████▋     | 47/100 [02:16<02:35,  2.94s/it]                                                                                      Best trial: 39. Best value: 0.574503:  47%|████▋     | 47/100 [02:19<02:35,  2.94s/it]Best trial: 39. Best value: 0.574503:  47%|████▋     | 47/100 [02:19<02:35,  2.94s/it]Best trial: 39. Best value: 0.574503:  48%|████▊     | 48/100 [02:19<02:33,  2.95s/it]                                                                                      Best trial: 39. Best value: 0.574503:  48%|████▊     | 48/100 [02:22<02:33,  2.95s/it]Best trial: 39. Best value: 0.574503:  48%|████▊     | 48/100 [02:22<02:33,  2.95s/it]Best trial: 39. Best value: 0.574503:  49%|████▉     | 49/100 [02:22<02:30,  2.95s/it]                                                                                      Best trial: 39. Best value: 0.574503:  49%|████▉     | 49/100 [02:25<02:30,  2.95s/it]Best trial: 39. Best value: 0.574503:  49%|████▉     | 49/100 [02:25<02:30,  2.95s/it]Best trial: 39. Best value: 0.574503:  50%|█████     | 50/100 [02:25<02:26,  2.94s/it]                                                                                      Best trial: 39. Best value: 0.574503:  50%|█████     | 50/100 [02:28<02:26,  2.94s/it]Best trial: 39. Best value: 0.574503:  50%|█████     | 50/100 [02:28<02:26,  2.94s/it]Best trial: 39. Best value: 0.574503:  51%|█████     | 51/100 [02:28<02:22,  2.91s/it]                                                                                      Best trial: 39. Best value: 0.574503:  51%|█████     | 51/100 [02:31<02:22,  2.91s/it]Best trial: 39. Best value: 0.574503:  51%|█████     | 51/100 [02:31<02:22,  2.91s/it]Best trial: 39. Best value: 0.574503:  52%|█████▏    | 52/100 [02:31<02:19,  2.90s/it]                                                                                      Best trial: 39. Best value: 0.574503:  52%|█████▏    | 52/100 [02:34<02:19,  2.90s/it]Best trial: 39. Best value: 0.574503:  52%|█████▏    | 52/100 [02:34<02:19,  2.90s/it]Best trial: 39. Best value: 0.574503:  53%|█████▎    | 53/100 [02:34<02:16,  2.90s/it]                                                                                      Best trial: 39. Best value: 0.574503:  53%|█████▎    | 53/100 [02:37<02:16,  2.90s/it]Best trial: 39. Best value: 0.574503:  53%|█████▎    | 53/100 [02:37<02:16,  2.90s/it]Best trial: 39. Best value: 0.574503:  54%|█████▍    | 54/100 [02:37<02:12,  2.89s/it]                                                                                      Best trial: 39. Best value: 0.574503:  54%|█████▍    | 54/100 [02:40<02:12,  2.89s/it]Best trial: 39. Best value: 0.574503:  54%|█████▍    | 54/100 [02:40<02:12,  2.89s/it]Best trial: 39. Best value: 0.574503:  55%|█████▌    | 55/100 [02:40<02:09,  2.89s/it]                                                                                      Best trial: 39. Best value: 0.574503:  55%|█████▌    | 55/100 [02:42<02:09,  2.89s/it]Best trial: 39. Best value: 0.574503:  55%|█████▌    | 55/100 [02:42<02:09,  2.89s/it]Best trial: 39. Best value: 0.574503:  56%|█████▌    | 56/100 [02:42<02:06,  2.87s/it]                                                                                      Best trial: 39. Best value: 0.574503:  56%|█████▌    | 56/100 [02:45<02:06,  2.87s/it]Best trial: 39. Best value: 0.574503:  56%|█████▌    | 56/100 [02:45<02:06,  2.87s/it]Best trial: 39. Best value: 0.574503:  57%|█████▋    | 57/100 [02:45<02:03,  2.87s/it]                                                                                      Best trial: 39. Best value: 0.574503:  57%|█████▋    | 57/100 [02:48<02:03,  2.87s/it]Best trial: 39. Best value: 0.574503:  57%|█████▋    | 57/100 [02:48<02:03,  2.87s/it]Best trial: 39. Best value: 0.574503:  58%|█████▊    | 58/100 [02:48<02:00,  2.87s/it]                                                                                      Best trial: 39. Best value: 0.574503:  58%|█████▊    | 58/100 [02:51<02:00,  2.87s/it]Best trial: 39. Best value: 0.574503:  58%|█████▊    | 58/100 [02:51<02:00,  2.87s/it]Best trial: 39. Best value: 0.574503:  59%|█████▉    | 59/100 [02:51<01:59,  2.91s/it]                                                                                      Best trial: 39. Best value: 0.574503:  59%|█████▉    | 59/100 [02:54<01:59,  2.91s/it]Best trial: 39. Best value: 0.574503:  59%|█████▉    | 59/100 [02:54<01:59,  2.91s/it]Best trial: 39. Best value: 0.574503:  60%|██████    | 60/100 [02:54<01:55,  2.90s/it]                                                                                      Best trial: 39. Best value: 0.574503:  60%|██████    | 60/100 [02:57<01:55,  2.90s/it]Best trial: 39. Best value: 0.574503:  60%|██████    | 60/100 [02:57<01:55,  2.90s/it]Best trial: 39. Best value: 0.574503:  61%|██████    | 61/100 [02:57<01:52,  2.89s/it]                                                                                      Best trial: 39. Best value: 0.574503:  61%|██████    | 61/100 [03:00<01:52,  2.89s/it]Best trial: 39. Best value: 0.574503:  61%|██████    | 61/100 [03:00<01:52,  2.89s/it]Best trial: 39. Best value: 0.574503:  62%|██████▏   | 62/100 [03:00<01:49,  2.88s/it]                                                                                      Best trial: 39. Best value: 0.574503:  62%|██████▏   | 62/100 [03:03<01:49,  2.88s/it]Best trial: 39. Best value: 0.574503:  62%|████