[I 2025-05-13 01:45:37,134] Trial 0 finished with value: 0.5585062168213112 and parameters: {'interp_param': 0.6810749247351466}. Best is trial 0 with value: 0.5585062168213112.
[I 2025-05-13 01:45:40,950] Trial 1 finished with value: 0.5577185639488794 and parameters: {'interp_param': 0.6571952075233626}. Best is trial 0 with value: 0.5585062168213112.
[I 2025-05-13 01:45:44,448] Trial 2 finished with value: 0.5418438530654927 and parameters: {'interp_param': 0.1308348398895418}. Best is trial 0 with value: 0.5585062168213112.
[I 2025-05-13 01:45:47,947] Trial 3 finished with value: 0.5608918680973238 and parameters: {'interp_param': 0.866922605147988}. Best is trial 3 with value: 0.5608918680973238.
[I 2025-05-13 01:45:51,588] Trial 4 finished with value: 0.5502636320012357 and parameters: {'interp_param': 0.3756728288084018}. Best is trial 3 with value: 0.5608918680973238.
[I 2025-05-13 01:45:55,083] Trial 5 finished with value: 0.5556174531990536 and parameters: {'interp_param': 0.5403762400552647}. Best is trial 3 with value: 0.5608918680973238.
[I 2025-05-13 01:45:58,591] Trial 6 finished with value: 0.5539767806617021 and parameters: {'interp_param': 0.4931372425821079}. Best is trial 3 with value: 0.5608918680973238.
[I 2025-05-13 01:46:02,090] Trial 7 finished with value: 0.5406480924554169 and parameters: {'interp_param': 0.09288006218710143}. Best is trial 3 with value: 0.5608918680973238.
[I 2025-05-13 01:46:05,605] Trial 8 finished with value: 0.5503597015339703 and parameters: {'interp_param': 0.37963507156509824}. Best is trial 3 with value: 0.5608918680973238.
[I 2025-05-13 01:46:09,103] Trial 9 finished with value: 0.5590641701881701 and parameters: {'interp_param': 0.7399739164461083}. Best is trial 3 with value: 0.5608918680973238.
[I 2025-05-13 01:46:12,610] Trial 10 finished with value: 0.5630766757105992 and parameters: {'interp_param': 0.9402157687355719}. Best is trial 10 with value: 0.5630766757105992.
[I 2025-05-13 01:46:16,103] Trial 11 finished with value: 0.5647306212154165 and parameters: {'interp_param': 0.9862605328574523}. Best is trial 11 with value: 0.5647306212154165.
[I 2025-05-13 01:46:19,606] Trial 12 finished with value: 0.5647827716306104 and parameters: {'interp_param': 0.9807419946810243}. Best is trial 12 with value: 0.5647827716306104.
[I 2025-05-13 01:46:23,121] Trial 13 finished with value: 0.5648708207926941 and parameters: {'interp_param': 0.990856295842842}. Best is trial 13 with value: 0.5648708207926941.
[I 2025-05-13 01:46:26,619] Trial 14 finished with value: 0.5599383700108638 and parameters: {'interp_param': 0.8387494454905}. Best is trial 13 with value: 0.5648708207926941.
[I 2025-05-13 01:46:30,127] Trial 15 finished with value: 0.5648611747407568 and parameters: {'interp_param': 0.9904759061432609}. Best is trial 13 with value: 0.5648708207926941.
[I 2025-05-13 01:46:33,639] Trial 16 finished with value: 0.5598790840895169 and parameters: {'interp_param': 0.8236569788359869}. Best is trial 13 with value: 0.5648708207926941.
[I 2025-05-13 01:46:37,153] Trial 17 finished with value: 0.5453535960718272 and parameters: {'interp_param': 0.2390389722247137}. Best is trial 13 with value: 0.5648708207926941.
[I 2025-05-13 01:46:40,810] Trial 18 finished with value: 0.5591471931141244 and parameters: {'interp_param': 0.7624954532017386}. Best is trial 13 with value: 0.5648708207926941.
[I 2025-05-13 01:46:44,329] Trial 19 finished with value: 0.5564704059846802 and parameters: {'interp_param': 0.5888003102162813}. Best is trial 13 with value: 0.5648708207926941.
[I 2025-05-13 01:46:47,838] Trial 20 finished with value: 0.561460378103423 and parameters: {'interp_param': 0.8972296361948204}. Best is trial 13 with value: 0.5648708207926941.
[I 2025-05-13 01:46:51,350] Trial 21 finished with value: 0.5648561587937494 and parameters: {'interp_param': 0.9903885499750584}. Best is trial 13 with value: 0.5648708207926941.
[I 2025-05-13 01:46:54,842] Trial 22 finished with value: 0.5618665051850693 and parameters: {'interp_param': 0.9075030383755426}. Best is trial 13 with value: 0.5648708207926941.
[I 2025-05-13 01:46:58,351] Trial 23 finished with value: 0.5640169265523985 and parameters: {'interp_param': 0.999470496532623}. Best is trial 13 with value: 0.5648708207926941.
[I 2025-05-13 01:47:01,862] Trial 24 finished with value: 0.5592223757290641 and parameters: {'interp_param': 0.7827724699728552}. Best is trial 13 with value: 0.5648708207926941.
[I 2025-05-13 01:47:05,356] Trial 25 finished with value: 0.5614923875621718 and parameters: {'interp_param': 0.8983804741774966}. Best is trial 13 with value: 0.5648708207926941.
[I 2025-05-13 01:47:08,865] Trial 26 finished with value: 0.5585007995985432 and parameters: {'interp_param': 0.6808122923661548}. Best is trial 13 with value: 0.5648708207926941.
[I 2025-05-13 01:47:12,368] Trial 27 finished with value: 0.5597108517991692 and parameters: {'interp_param': 0.8117835389827435}. Best is trial 13 with value: 0.5648708207926941.
[I 2025-05-13 01:47:15,867] Trial 28 finished with value: 0.5643857555665539 and parameters: {'interp_param': 0.9973924729563785}. Best is trial 13 with value: 0.5648708207926941.
[I 2025-05-13 01:47:19,362] Trial 29 finished with value: 0.5589747319946075 and parameters: {'interp_param': 0.7171082033611318}. Best is trial 13 with value: 0.5648708207926941.
[I 2025-05-13 01:47:22,860] Trial 30 finished with value: 0.5568599418569944 and parameters: {'interp_param': 0.6130731958732432}. Best is trial 13 with value: 0.5648708207926941.
[I 2025-05-13 01:47:26,353] Trial 31 finished with value: 0.562981125778529 and parameters: {'interp_param': 0.9304424359918891}. Best is trial 13 with value: 0.5648708207926941.
[I 2025-05-13 01:47:29,854] Trial 32 finished with value: 0.5633382457717727 and parameters: {'interp_param': 0.9482889441971674}. Best is trial 13 with value: 0.5648708207926941.
[I 2025-05-13 01:47:33,496] Trial 33 finished with value: 0.5608209194561145 and parameters: {'interp_param': 0.8622931175304864}. Best is trial 13 with value: 0.5648708207926941.
[I 2025-05-13 01:47:36,990] Trial 34 finished with value: 0.563290601992044 and parameters: {'interp_param': 0.9469821339935175}. Best is trial 13 with value: 0.5648708207926941.
[I 2025-05-13 01:47:40,492] Trial 35 finished with value: 0.5607757296319986 and parameters: {'interp_param': 0.8607333280023318}. Best is trial 13 with value: 0.5648708207926941.
[I 2025-05-13 01:47:43,996] Trial 36 finished with value: 0.5647810070461761 and parameters: {'interp_param': 0.9878940428199633}. Best is trial 13 with value: 0.5648708207926941.
[I 2025-05-13 01:47:47,494] Trial 37 finished with value: 0.5595861424951627 and parameters: {'interp_param': 0.8074229533682797}. Best is trial 13 with value: 0.5648708207926941.
[I 2025-05-13 01:47:50,977] Trial 38 finished with value: 0.5526076946458557 and parameters: {'interp_param': 0.44437752292840915}. Best is trial 13 with value: 0.5648708207926941.
[I 2025-05-13 01:47:54,486] Trial 39 finished with value: 0.5444311402666417 and parameters: {'interp_param': 0.21572775656641896}. Best is trial 13 with value: 0.5648708207926941.
[I 2025-05-13 01:47:57,998] Trial 40 finished with value: 0.5611178069287812 and parameters: {'interp_param': 0.8865251514795082}. Best is trial 13 with value: 0.5648708207926941.
[I 2025-05-13 01:48:01,507] Trial 41 finished with value: 0.5642791654065065 and parameters: {'interp_param': 0.9983097886657747}. Best is trial 13 with value: 0.5648708207926941.
[I 2025-05-13 01:48:05,018] Trial 42 finished with value: 0.5631948154101664 and parameters: {'interp_param': 0.942909444103063}. Best is trial 13 with value: 0.5648708207926941.
[I 2025-05-13 01:48:08,512] Trial 43 finished with value: 0.5638707489952004 and parameters: {'interp_param': 0.9574988671591423}. Best is trial 13 with value: 0.5648708207926941.
[I 2025-05-13 01:48:12,012] Trial 44 finished with value: 0.560841425676393 and parameters: {'interp_param': 0.8641376374721553}. Best is trial 13 with value: 0.5648708207926941.
[I 2025-05-13 01:48:15,515] Trial 45 finished with value: 0.5390905354461182 and parameters: {'interp_param': 0.020496695986895075}. Best is trial 13 with value: 0.5648708207926941.
[I 2025-05-13 01:48:19,021] Trial 46 finished with value: 0.5640978247746461 and parameters: {'interp_param': 0.9646033430907488}. Best is trial 13 with value: 0.5648708207926941.
[I 2025-05-13 01:48:22,516] Trial 47 finished with value: 0.5589500278125259 and parameters: {'interp_param': 0.7152726715975624}. Best is trial 13 with value: 0.5648708207926941.
[I 2025-05-13 01:48:26,177] Trial 48 finished with value: 0.5623087830970961 and parameters: {'interp_param': 0.9151439424853557}. Best is trial 13 with value: 0.5648708207926941.
[I 2025-05-13 01:48:29,693] Trial 49 finished with value: 0.5591724734870417 and parameters: {'interp_param': 0.7912872675423409}. Best is trial 13 with value: 0.5648708207926941.
[I 2025-05-13 01:48:33,196] Trial 50 finished with value: 0.5598436843650473 and parameters: {'interp_param': 0.8343652244627525}. Best is trial 13 with value: 0.5648708207926941.
[I 2025-05-13 01:48:36,711] Trial 51 finished with value: 0.5642838726798518 and parameters: {'interp_param': 0.998610416916169}. Best is trial 13 with value: 0.5648708207926941.
[I 2025-05-13 01:48:40,205] Trial 52 finished with value: 0.5643440949113069 and parameters: {'interp_param': 0.968749738987496}. Best is trial 13 with value: 0.5648708207926941.
[I 2025-05-13 01:48:43,706] Trial 53 finished with value: 0.5620171945222936 and parameters: {'interp_param': 0.9107284067669176}. Best is trial 13 with value: 0.5648708207926941.
[I 2025-05-13 01:48:47,215] Trial 54 finished with value: 0.5648271023130338 and parameters: {'interp_param': 0.9785254949278577}. Best is trial 13 with value: 0.5648708207926941.
[I 2025-05-13 01:48:50,712] Trial 55 finished with value: 0.5610463489760297 and parameters: {'interp_param': 0.8817335498258447}. Best is trial 13 with value: 0.5648708207926941.
[I 2025-05-13 01:48:54,218] Trial 56 finished with value: 0.5629624304437342 and parameters: {'interp_param': 0.9296684046724956}. Best is trial 13 with value: 0.5648708207926941.
[I 2025-05-13 01:48:57,727] Trial 57 finished with value: 0.5641282857205239 and parameters: {'interp_param': 0.965633435327554}. Best is trial 13 with value: 0.5648708207926941.
[I 2025-05-13 01:49:01,240] Trial 58 finished with value: 0.5600975427292321 and parameters: {'interp_param': 0.8436043534846964}. Best is trial 13 with value: 0.5648708207926941.
[I 2025-05-13 01:49:04,730] Trial 59 finished with value: 0.559234758687471 and parameters: {'interp_param': 0.7675862784974288}. Best is trial 13 with value: 0.5648708207926941.
[I 2025-05-13 01:49:08,242] Trial 60 finished with value: 0.5486192759581843 and parameters: {'interp_param': 0.3303925226344421}. Best is trial 13 with value: 0.5648708207926941.
[I 2025-05-13 01:49:11,749] Trial 61 finished with value: 0.5647897322216884 and parameters: {'interp_param': 0.9800575197171097}. Best is trial 13 with value: 0.5648708207926941.
[I 2025-05-13 01:49:15,244] Trial 62 finished with value: 0.5647831008825165 and parameters: {'interp_param': 0.9759720817827623}. Best is trial 13 with value: 0.5648708207926941.
[I 2025-05-13 01:49:18,905] Trial 63 finished with value: 0.5617238825195451 and parameters: {'interp_param': 0.9026205985501677}. Best is trial 13 with value: 0.5648708207926941.
[I 2025-05-13 01:49:22,405] Trial 64 finished with value: 0.5641505771034808 and parameters: {'interp_param': 0.9662893128099073}. Best is trial 13 with value: 0.5648708207926941.
[I 2025-05-13 01:49:25,913] Trial 65 finished with value: 0.5630008191581641 and parameters: {'interp_param': 0.9311992618315715}. Best is trial 13 with value: 0.5648708207926941.
[I 2025-05-13 01:49:29,421] Trial 66 finished with value: 0.5611881073553003 and parameters: {'interp_param': 0.8894112506301388}. Best is trial 13 with value: 0.5648708207926941.
[I 2025-05-13 01:49:32,934] Trial 67 finished with value: 0.5556710492358978 and parameters: {'interp_param': 0.5433419895565801}. Best is trial 13 with value: 0.5648708207926941.
[I 2025-05-13 01:49:36,443] Trial 68 finished with value: 0.5646949488292121 and parameters: {'interp_param': 0.9738552723969821}. Best is trial 13 with value: 0.5648708207926941.
[I 2025-05-13 01:49:39,955] Trial 69 finished with value: 0.5630180740158697 and parameters: {'interp_param': 0.9324599404254444}. Best is trial 13 with value: 0.5648708207926941.
[I 2025-05-13 01:49:43,468] Trial 70 finished with value: 0.5602700347161153 and parameters: {'interp_param': 0.8499575841007576}. Best is trial 13 with value: 0.5648708207926941.
[I 2025-05-13 01:49:46,976] Trial 71 finished with value: 0.56454118304449 and parameters: {'interp_param': 0.9964813408576225}. Best is trial 13 with value: 0.5648708207926941.
[I 2025-05-13 01:49:50,482] Trial 72 finished with value: 0.5647349375021233 and parameters: {'interp_param': 0.974824591134525}. Best is trial 13 with value: 0.5648708207926941.
[I 2025-05-13 01:49:53,993] Trial 73 finished with value: 0.5624579084877663 and parameters: {'interp_param': 0.918775691084881}. Best is trial 13 with value: 0.5648708207926941.
[I 2025-05-13 01:49:57,500] Trial 74 finished with value: 0.5639661497350006 and parameters: {'interp_param': 0.9999226308023769}. Best is trial 13 with value: 0.5648708207926941.
[I 2025-05-13 01:50:01,013] Trial 75 finished with value: 0.5632546003539335 and parameters: {'interp_param': 0.9451718032822132}. Best is trial 13 with value: 0.5648708207926941.
[I 2025-05-13 01:50:04,520] Trial 76 finished with value: 0.5609913278957793 and parameters: {'interp_param': 0.8775873615318301}. Best is trial 13 with value: 0.5648708207926941.
[I 2025-05-13 01:50:08,162] Trial 77 finished with value: 0.5637227399742744 and parameters: {'interp_param': 0.9554101383168803}. Best is trial 13 with value: 0.5648708207926941.
[I 2025-05-13 01:50:11,656] Trial 78 finished with value: 0.559855717493304 and parameters: {'interp_param': 0.8184234552431335}. Best is trial 13 with value: 0.5648708207926941.
[I 2025-05-13 01:50:15,162] Trial 79 finished with value: 0.5620466265559648 and parameters: {'interp_param': 0.911304295570621}. Best is trial 13 with value: 0.5648708207926941.
[I 2025-05-13 01:50:18,666] Trial 80 finished with value: 0.5647921398762519 and parameters: {'interp_param': 0.9814218135473145}. Best is trial 13 with value: 0.5648708207926941.
[I 2025-05-13 01:50:22,172] Trial 81 finished with value: 0.564649409174946 and parameters: {'interp_param': 0.973131527247786}. Best is trial 13 with value: 0.5648708207926941.
[I 2025-05-13 01:50:25,676] Trial 82 finished with value: 0.5630584382417363 and parameters: {'interp_param': 0.9391355886098816}. Best is trial 13 with value: 0.5648708207926941.
[I 2025-05-13 01:50:29,182] Trial 83 finished with value: 0.5648244682977848 and parameters: {'interp_param': 0.9777003142743272}. Best is trial 13 with value: 0.5648708207926941.
[I 2025-05-13 01:50:32,696] Trial 84 finished with value: 0.5614444042414148 and parameters: {'interp_param': 0.8967371831400576}. Best is trial 13 with value: 0.5648708207926941.
[I 2025-05-13 01:50:36,207] Trial 85 finished with value: 0.5571894098346846 and parameters: {'interp_param': 0.6318041596953716}. Best is trial 13 with value: 0.5648708207926941.
[I 2025-05-13 01:50:39,724] Trial 86 finished with value: 0.5633742628435664 and parameters: {'interp_param': 0.9490105119955589}. Best is trial 13 with value: 0.5648708207926941.
[I 2025-05-13 01:50:43,254] Trial 87 finished with value: 0.5647430453303117 and parameters: {'interp_param': 0.9840084852581157}. Best is trial 13 with value: 0.5648708207926941.
[I 2025-05-13 01:50:46,762] Trial 88 finished with value: 0.5608951451827019 and parameters: {'interp_param': 0.8671337260003246}. Best is trial 13 with value: 0.5648708207926941.
[I 2025-05-13 01:50:50,271] Trial 89 finished with value: 0.5648107734763143 and parameters: {'interp_param': 0.9790711450443139}. Best is trial 13 with value: 0.5648708207926941.
[I 2025-05-13 01:50:53,772] Trial 90 finished with value: 0.5627834923218764 and parameters: {'interp_param': 0.9239103214483297}. Best is trial 13 with value: 0.5648708207926941.
[I 2025-05-13 01:50:57,285] Trial 91 finished with value: 0.5648262483159022 and parameters: {'interp_param': 0.9779981596391754}. Best is trial 13 with value: 0.5648708207926941.
[I 2025-05-13 01:51:00,936] Trial 92 finished with value: 0.5636655273110237 and parameters: {'interp_param': 0.9546844771605787}. Best is trial 13 with value: 0.5648708207926941.
[I 2025-05-13 01:51:04,436] Trial 93 finished with value: 0.5647904267374279 and parameters: {'interp_param': 0.9818930250626523}. Best is trial 13 with value: 0.5648708207926941.
[I 2025-05-13 01:51:07,948] Trial 94 finished with value: 0.564382205819441 and parameters: {'interp_param': 0.9972617127607206}. Best is trial 13 with value: 0.5648708207926941.
[I 2025-05-13 01:51:11,460] Trial 95 finished with value: 0.5616888377697866 and parameters: {'interp_param': 0.9017081242103113}. Best is trial 13 with value: 0.5648708207926941.
[I 2025-05-13 01:51:14,955] Trial 96 finished with value: 0.563723928367873 and parameters: {'interp_param': 0.9554299859190888}. Best is trial 13 with value: 0.5648708207926941.
[I 2025-05-13 01:51:18,472] Trial 97 finished with value: 0.5628084743102537 and parameters: {'interp_param': 0.9249777145463886}. Best is trial 13 with value: 0.5648708207926941.
[I 2025-05-13 01:51:21,991] Trial 98 finished with value: 0.5648170292625306 and parameters: {'interp_param': 0.9767303405391279}. Best is trial 13 with value: 0.5648708207926941.
