[I 2025-05-13 01:50:07,713] Trial 99 finished with value: 0.5677672189435249 and parameters: {'interp_param': 0.9459652134846395}. Best is trial 57 with value: 0.5682459563595943.
Best hyperparameters: {'interp_param': 0.9856439594910691}
Best optimized value: 0.5682459563595943
Tuning threshold scale factor for offline LSET using optuna
  0%|          | 0/100 [00:00<?, ?it/s]                                         0%|          | 0/100 [00:02<?, ?it/s]Best trial: 0. Best value: 0.510735:   0%|          | 0/100 [00:02<?, ?it/s]Best trial: 0. Best value: 0.510735:   1%|          | 1/100 [00:02<04:43,  2.87s/it]                                                                                    Best trial: 0. Best value: 0.510735:   1%|          | 1/100 [00:05<04:43,  2.87s/it]Best trial: 1. Best value: 0.520152:   1%|          | 1/100 [00:05<04:43,  2.87s/it]Best trial: 1. Best value: 0.520152:   2%|▏         | 2/100 [00:05<04:36,  2.82s/it]                                                                                    Best trial: 1. Best value: 0.520152:   2%|▏         | 2/100 [00:08<04:36,  2.82s/it]Best trial: 1. Best value: 0.520152:   2%|▏         | 2/100 [00:08<04:36,  2.82s/it]Best trial: 1. Best value: 0.520152:   3%|▎         | 3/100 [00:08<04:32,  2.81s/it]                                                                                    Best trial: 1. Best value: 0.520152:   3%|▎         | 3/100 [00:11<04:32,  2.81s/it]Best trial: 3. Best value: 0.525011:   3%|▎         | 3/100 [00:11<04:32,  2.81s/it]Best trial: 3. Best value: 0.525011:   4%|▍         | 4/100 [00:11<04:29,  2.80s/it]                                                                                    Best trial: 3. Best value: 0.525011:   4%|▍         | 4/100 [00:14<04:29,  2.80s/it]Best trial: 4. Best value: 0.54533:   4%|▍         | 4/100 [00:14<04:29,  2.80s/it] Best trial: 4. Best value: 0.54533:   5%|▌         | 5/100 [00:14<04:26,  2.80s/it]                                                                                   Best trial: 4. Best value: 0.54533:   5%|▌         | 5/100 [00:16<04:26,  2.80s/it]Best trial: 4. Best value: 0.54533:   5%|▌         | 5/100 [00:16<04:26,  2.80s/it]Best trial: 4. Best value: 0.54533:   6%|▌         | 6/100 [00:16<04:23,  2.80s/it]                                                                                   Best trial: 4. Best value: 0.54533:   6%|▌         | 6/100 [00:19<04:23,  2.80s/it]Best trial: 4. Best value: 0.54533:   6%|▌         | 6/100 [00:19<04:23,  2.80s/it]Best trial: 4. Best value: 0.54533:   7%|▋         | 7/100 [00:19<04:19,  2.79s/it]                                                                                   Best trial: 4. Best value: 0.54533:   7%|▋         | 7/100 [00:22<04:19,  2.79s/it]Best trial: 7. Best value: 0.566558:   7%|▋         | 7/100 [00:22<04:19,  2.79s/it]Best trial: 7. Best value: 0.566558:   8%|▊         | 8/100 [00:22<04:17,  2.80s/it]                                                                                    Best trial: 7. Best value: 0.566558:   8%|▊         | 8/100 [00:25<04:17,  2.80s/it]Best trial: 7. Best value: 0.566558:   8%|▊         | 8/100 [00:25<04:17,  2.80s/it]Best trial: 7. Best value: 0.566558:   9%|▉         | 9/100 [00:25<04:18,  2.84s/it]                                                                                    Best trial: 7. Best value: 0.566558:   9%|▉         | 9/100 [00:28<04:18,  2.84s/it]Best trial: 7. Best value: 0.566558:   9%|▉         | 9/100 [00:28<04:18,  2.84s/it]Best trial: 7. Best value: 0.566558:  10%|█         | 10/100 [00:28<04:14,  2.83s/it]                                                                                     Best trial: 7. Best value: 0.566558:  10%|█         | 10/100 [00:30<04:14,  2.83s/it]Best trial: 10. Best value: 0.567461:  10%|█         | 10/100 [00:30<04:14,  2.83s/it]Best trial: 10. Best value: 0.567461:  11%|█         | 11/100 [00:30<04:10,  2.82s/it]                                                                                      Best trial: 10. Best value: 0.567461:  11%|█         | 11/100 [00:33<04:10,  2.82s/it]Best trial: 11. Best value: 0.567583:  11%|█         | 11/100 [00:33<04:10,  2.82s/it]Best trial: 11. Best value: 0.567583:  12%|█▏        | 12/100 [00:33<04:07,  2.82s/it]                                                                                      Best trial: 11. Best value: 0.567583:  12%|█▏        | 12/100 [00:36<04:07,  2.82s/it]Best trial: 12. Best value: 0.567625:  12%|█▏        | 12/100 [00:36<04:07,  2.82s/it]Best trial: 12. Best value: 0.567625:  13%|█▎        | 13/100 [00:36<04:06,  2.84s/it]                                                                                      Best trial: 12. Best value: 0.567625:  13%|█▎        | 13/100 [00:39<04:06,  2.84s/it]Best trial: 12. Best value: 0.567625:  13%|█▎        | 13/100 [00:39<04:06,  2.84s/it]Best trial: 12. Best value: 0.567625:  14%|█▍        | 14/100 [00:39<04:03,  2.83s/it]                                                                                      Best trial: 12. Best value: 0.567625:  14%|█▍        | 14/100 [00:42<04:03,  2.83s/it]Best trial: 14. Best value: 0.568655:  14%|█▍        | 14/100 [00:42<04:03,  2.83s/it]Best trial: 14. Best value: 0.568655:  15%|█▌        | 15/100 [00:42<03:59,  2.82s/it]                                                                                      Best trial: 14. Best value: 0.568655:  15%|█▌        | 15/100 [00:45<03:59,  2.82s/it]Best trial: 14. Best value: 0.568655:  15%|█▌        | 15/100 [00:45<03:59,  2.82s/it]Best trial: 14. Best value: 0.568655:  16%|█▌        | 16/100 [00:45<03:56,  2.81s/it]                                                                                      Best trial: 14. Best value: 0.568655:  16%|█▌        | 16/100 [00:47<03:56,  2.81s/it]Best trial: 16. Best value: 0.568968:  16%|█▌        | 16/100 [00:47<03:56,  2.81s/it]Best trial: 16. Best value: 0.568968:  17%|█▋        | 17/100 [00:47<03:52,  2.81s/it]                                                                                      Best trial: 16. Best value: 0.568968:  17%|█▋        | 17/100 [00:50<03:52,  2.81s/it]Best trial: 17. Best value: 0.568991:  17%|█▋        | 17/100 [00:50<03:52,  2.81s/it]Best trial: 17. Best value: 0.568991:  18%|█▊        | 18/100 [00:50<03:49,  2.80s/it]                                                                                      Best trial: 17. Best value: 0.568991:  18%|█▊        | 18/100 [00:53<03:49,  2.80s/it]Best trial: 17. Best value: 0.568991:  18%|█▊        | 18/100 [00:53<03:49,  2.80s/it]Best trial: 17. Best value: 0.568991:  19%|█▉        | 19/100 [00:53<03:48,  2.83s/it]                                                                                      Best trial: 17. Best value: 0.568991:  19%|█▉        | 19/100 [00:56<03:48,  2.83s/it]Best trial: 17. Best value: 0.568991:  19%|█▉        | 19/100 [00:56<03:48,  2.83s/it]Best trial: 17. Best value: 0.568991:  20%|██        | 20/100 [00:56<03:45,  2.82s/it]                                                                                      Best trial: 17. Best value: 0.568991:  20%|██        | 20/100 [00:59<03:45,  2.82s/it]Best trial: 17. Best value: 0.568991:  20%|██        | 20/100 [00:59<03:45,  2.82s/it]Best trial: 17. Best value: 0.568991:  21%|██        | 21/100 [00:59<03:42,  2.81s/it]                                                                                      Best trial: 17. Best value: 0.568991:  21%|██        | 21/100 [01:01<03:42,  2.81s/it]Best trial: 17. Best value: 0.568991:  21%|██        | 21/100 [01:01<03:42,  2.81s/it]Best trial: 17. Best value: 0.568991:  22%|██▏       | 22/100 [01:01<03:39,  2.81s/it]                                                                                      Best trial: 17. Best value: 0.568991:  22%|██▏       | 22/100 [01:04<03:39,  2.81s/it]Best trial: 17. Best value: 0.568991:  22%|██▏       | 22/100 [01:04<03:39,  2.81s/it]Best trial: 17. Best value: 0.568991:  23%|██▎       | 23/100 [01:04<03:36,  2.81s/it]                                                                                      Best trial: 17. Best value: 0.568991:  23%|██▎       | 23/100 [01:07<03:36,  2.81s/it]Best trial: 17. Best value: 0.568991:  23%|██▎       | 23/100 [01:07<03:36,  2.81s/it]Best trial: 17. Best value: 0.568991:  24%|██▍       | 24/100 [01:07<03:32,  2.80s/it]                                                                                      Best trial: 17. Best value: 0.568991:  24%|██▍       | 24/100 [01:10<03:32,  2.80s/it]Best trial: 17. Best value: 0.568991:  24%|██▍       | 24/100 [01:10<03:32,  2.80s/it]Best trial: 17. Best value: 0.568991:  25%|██▌       | 25/100 [01:10<03:29,  2.80s/it]                                                                                      Best trial: 17. Best value: 0.568991:  25%|██▌       | 25/100 [01:13<03:29,  2.80s/it]Best trial: 17. Best value: 0.568991:  25%|██▌       | 25/100 [01:13<03:29,  2.80s/it]Best trial: 17. Best value: 0.568991:  26%|██▌       | 26/100 [01:13<03:30,  2.84s/it]                                                                                      Best trial: 17. Best value: 0.568991:  26%|██▌       | 26/100 [01:16<03:30,  2.84s/it]Best trial: 17. Best value: 0.568991:  26%|██▌       | 26/100 [01:16<03:30,  2.84s/it]Best trial: 17. Best value: 0.568991:  27%|██▋       | 27/100 [01:16<03:26,  2.83s/it]                                                                                      Best trial: 17. Best value: 0.568991:  27%|██▋       | 27/100 [01:18<03:26,  2.83s/it]Best trial: 17. Best value: 0.568991:  27%|██▋       | 27/100 [01:18<03:26,  2.83s/it]Best trial: 17. Best value: 0.568991:  28%|██▊       | 28/100 [01:18<03:23,  2.82s/it]                                                                                      Best trial: 17. Best value: 0.568991:  28%|██▊       | 28/100 [01:21<03:23,  2.82s/it]Best trial: 17. Best value: 0.568991:  28%|██▊       | 28/100 [01:21<03:23,  2.82s/it]Best trial: 17. Best value: 0.568991:  29%|██▉       | 29/100 [01:21<03:19,  2.81s/it]                                                                                      Best trial: 17. Best value: 0.568991:  29%|██▉       | 29/100 [01:24<03:19,  2.81s/it]Best trial: 17. Best value: 0.568991:  29%|██▉       | 29/100 [01:24<03:19,  2.81s/it]Best trial: 17. Best value: 0.568991:  30%|███       | 30/100 [01:24<03:16,  2.81s/it]                                                                                      Best trial: 17. Best value: 0.568991:  30%|███       | 30/100 [01:27<03:16,  2.81s/it]Best trial: 17. Best value: 0.568991:  30%|███       | 30/100 [01:27<03:16,  2.81s/it]Best trial: 17. Best value: 0.568991:  31%|███       | 31/100 [01:27<03:13,  2.81s/it]                                                                                      Best trial: 17. Best value: 0.568991:  31%|███       | 31/100 [01:30<03:13,  2.81s/it]Best trial: 17. Best value: 0.568991:  31%|███       | 31/100 [01:30<03:13,  2.81s/it]Best trial: 17. Best value: 0.568991:  32%|███▏      | 32/100 [01:30<03:10,  2.80s/it]                                                                                      Best trial: 17. Best value: 0.568991:  32%|███▏      | 32/100 [01:32<03:10,  2.80s/it]Best trial: 17. Best value: 0.568991:  32%|███▏      | 32/100 [01:32<03:10,  2.80s/it]Best trial: 17. Best value: 0.568991:  33%|███▎      | 33/100 [01:32<03:10,  2.84s/it]                                                                                      Best trial: 17. Best value: 0.568991:  33%|███▎      | 33/100 [01:35<03:10,  2.84s/it]Best trial: 17. Best value: 0.568991:  33%|███▎      | 33/100 [01:35<03:10,  2.84s/it]Best trial: 17. Best value: 0.568991:  34%|███▍      | 34/100 [01:35<03:06,  2.83s/it]                                                                                      Best trial: 17. Best value: 0.568991:  34%|███▍      | 34/100 [01:38<03:06,  2.83s/it]Best trial: 17. Best value: 0.568991:  34%|███▍      | 34/100 [01:38<03:06,  2.83s/it]Best trial: 17. Best value: 0.568991:  35%|███▌      | 35/100 [01:38<03:02,  2.81s/it]                                                                                      Best trial: 17. Best value: 0.568991:  35%|███▌      | 35/100 [01:41<03:02,  2.81s/it]Best trial: 17. Best value: 0.568991:  35%|███▌      | 35/100 [01:41<03:02,  2.81s/it]Best trial: 17. Best value: 0.568991:  36%|███▌      | 36/100 [01:41<03:00,  2.81s/it]                                                                                      Best trial: 17. Best value: 0.568991:  36%|███▌      | 36/100 [01:44<03:00,  2.81s/it]Best trial: 17. Best value: 0.568991:  36%|███▌      | 36/100 [01:44<03:00,  2.81s/it]Best trial: 17. Best value: 0.568991:  37%|███▋      | 37/100 [01:44<03:01,  2.88s/it]                                                                                      Best trial: 17. Best value: 0.568991:  37%|███▋      | 37/100 [01:47<03:01,  2.88s/it]Best trial: 17. Best value: 0.568991:  37%|███▋      | 37/100 [01:47<03:01,  2.88s/it]Best trial: 17. Best value: 0.568991:  38%|███▊      | 38/100 [01:47<02:56,  2.85s/it]                                                                                      Best trial: 17. Best value: 0.568991:  38%|███▊      | 38/100 [01:49<02:56,  2.85s/it]Best trial: 17. Best value: 0.568991:  38%|███▊      | 38/100 [01:49<02:56,  2.85s/it]Best trial: 17. Best value: 0.568991:  39%|███▉      | 39/100 [01:49<02:53,  2.84s/it]                                                                                      Best trial: 17. Best value: 0.568991:  39%|███▉      | 39/100 [01:52<02:53,  2.84s/it]Best trial: 17. Best value: 0.568991:  39%|███▉      | 39/100 [01:52<02:53,  2.84s/it]Best trial: 17. Best value: 0.568991:  40%|████      | 40/100 [01:52<02:49,  2.83s/it]                                                                                      Best trial: 17. Best value: 0.568991:  40%|████      | 40/100 [01:55<02:49,  2.83s/it]Best trial: 17. Best value: 0.568991:  40%|████      | 40/100 [01:55<02:49,  2.83s/it]Best trial: 17. Best value: 0.568991:  41%|████      | 41/100 [01:55<02:45,  2.81s/it]                                                                                      Best trial: 17. Best value: 0.568991:  41%|████      | 41/100 [01:58<02:45,  2.81s/it]Best trial: 17. Best value: 0.568991:  41%|████      | 41/100 [01:58<02:45,  2.81s/it]Best trial: 17. Best value: 0.568991:  42%|████▏     | 42/100 [01:58<02:45,  2.86s/it]                                                                                      Best trial: 17. Best value: 0.568991:  42%|████▏     | 42/100 [02:01<02:45,  2.86s/it]Best trial: 17. Best value: 0.568991:  42%|████▏     | 42/100 [02:01<02:45,  2.86s/it]Best trial: 17. Best value: 0.568991:  43%|████▎     | 43/100 [02:01<02:49,  2.97s/it]                                                                                      Best trial: 17. Best value: 0.568991:  43%|████▎     | 43/100 [02:04<02:49,  2.97s/it]Best trial: 17. Best value: 0.568991:  43%|████▎     | 43/100 [02:04<02:49,  2.97s/it]Best trial: 17. Best value: 0.568991:  44%|████▍     | 44/100 [02:04<02:43,  2.92s/it]                                                                                      Best trial: 17. Best value: 0.568991:  44%|████▍     | 44/100 [02:07<02:43,  2.92s/it]Best trial: 17. Best value: 0.568991:  44%|████▍     | 44/100 [02:07<02:43,  2.92s/it]Best trial: 17. Best value: 0.568991:  45%|████▌     | 45/100 [02:07<02:38,  2.88s/it]                                                                                      Best trial: 17. Best value: 0.568991:  45%|████▌     | 45/100 [02:10<02:38,  2.88s/it]Best trial: 17. Best value: 0.568991:  45%|████▌     | 45/100 [02:10<02:38,  2.88s/it]Best trial: 17. Best value: 0.568991:  46%|████▌     | 46/100 [02:10<02:34,  2.86s/it]                                                                                      Best trial: 17. Best value: 0.568991:  46%|████▌     | 46/100 [02:13<02:34,  2.86s/it]Best trial: 17. Best value: 0.568991:  46%|████▌     | 46/100 [02:13<02:34,  2.86s/it]Best trial: 17. Best value: 0.568991:  47%|████▋     | 47/100 [02:13<02:37,  2.96s/it]                                                                                      Best trial: 17. Best value: 0.568991:  47%|████▋     | 47/100 [02:16<02:37,  2.96s/it]Best trial: 17. Best value: 0.568991:  47%|████▋     | 47/100 [02:16<02:37,  2.96s/it]Best trial: 17. Best value: 0.568991:  48%|████▊     | 48/100 [02:16<02:31,  2.92s/it]                                                                                      Best trial: 17. Best value: 0.568991:  48%|████▊     | 48/100 [02:18<02:31,  2.92s/it]Best trial: 17. Best value: 0.568991:  48%|████▊     | 48/100 [02:18<02:31,  2.92s/it]Best trial: 17. Best value: 0.568991:  49%|████▉     | 49/100 [02:18<02:26,  2.88s/it]                                                                                      Best trial: 17. Best value: 0.568991:  49%|████▉     | 49/100 [02:21<02:26,  2.88s/it]Best trial: 17. Best value: 0.568991:  49%|████▉     | 49/100 [02:21<02:26,  2.88s/it]Best trial: 17. Best value: 0.568991:  50%|█████     | 50/100 [02:21<02:22,  2.85s/it]                                                                                      Best trial: 17. Best value: 0.568991:  50%|█████     | 50/100 [02:24<02:22,  2.85s/it]Best trial: 17. Best value: 0.568991:  50%|█████     | 50/100 [02:24<02:22,  2.85s/it]Best trial: 17. Best value: 0.568991:  51%|█████     | 51/100 [02:24<02:19,  2.84s/it]                                                                                      Best trial: 17. Best value: 0.568991:  51%|█████     | 51/100 [02:27<02:19,  2.84s/it]Best trial: 51. Best value: 0.569021:  51%|█████     | 51/100 [02:27<02:19,  2.84s/it]Best trial: 51. Best value: 0.569021:  52%|█████▏    | 52/100 [02:27<02:15,  2.83s/it]                                                                                      Best trial: 51. Best value: 0.569021:  52%|█████▏    | 52/100 [02:30<02:15,  2.83s/it]Best trial: 51. Best value: 0.569021:  52%|█████▏    | 52/100 [02:30<02:15,  2.83s/it]Best trial: 51. Best value: 0.569021:  53%|█████▎    | 53/100 [02:30<02:13,  2.84s/it]                                                                                      Best trial: 51. Best value: 0.569021:  53%|█████▎    | 53/100 [02:33<02:13,  2.84s/it]Best trial: 51. Best value: 0.569021:  53%|█████▎    | 53/100 [02:33<02:13,  2.84s/it]Best trial: 51. Best value: 0.569021:  54%|█████▍    | 54/100 [02:33<02:10,  2.83s/it]                                                                                      Best trial: 51. Best value: 0.569021:  54%|█████▍    | 54/100 [02:35<02:10,  2.83s/it]Best trial: 51. Best value: 0.569021:  54%|█████▍    | 54/100 [02:35<02:10,  2.83s/it]Best trial: 51. Best value: 0.569021:  55%|█████▌    | 55/100 [02:35<02:07,  2.84s/it]                                                                                      Best trial: 51. Best value: 0.569021:  55%|█████▌    | 55/100 [02:38<02:07,  2.84s/it]Best trial: 55. Best value: 0.569025:  55%|█████▌    | 55/100 [02:38<02:07,  2.84s/it]Best trial: 55. Best value: 0.569025:  56%|█████▌    | 56/100 [02:38<02:04,  2.83s/it]                                                                                      Best trial: 55. Best value: 0.569025:  56%|█████▌    | 56/100 [02:41<02:04,  2.83s/it]Best trial: 55. Best value: 0.569025:  56%|█████▌    | 56/100 [02:41<02:04,  2.83s/it]Best trial: 55. Best value: 0.569025:  57%|█████▋    | 57/100 [02:41<02:01,  2.82s/it]                                                                                      Best trial: 55. Best value: 0.569025:  57%|█████▋    | 57/100 [02:44<02:01,  2.82s/it]Best trial: 55. Best value: 0.569025:  57%|█████▋    | 57/100 [02:44<02:01,  2.82s/it]Best trial: 55. Best value: 0.569025:  58%|█████▊    | 58/100 [02:44<01:58,  2.81s/it]                                                                                      Best trial: 55. Best value: 0.569025:  58%|█████▊    | 58/100 [02:47<01:58,  2.81s/it]Best trial: 55. Best value: 0.569025:  58%|█████▊    | 58/100 [02:47<01:58,  2.81s/it]Best trial: 55. Best value: 0.569025:  59%|█████▉    | 59/100 [02:47<01:56,  2.85s/it]                                                                                      Best trial: 55. Best value: 0.569025:  59%|█████▉    | 59/100 [02:50<01:56,  2.85s/it]Best trial: 55. Best value: 0.569025:  59%|█████▉    | 59/100 [02:50<01:56,  2.85s/it]Best trial: 55. Best value: 0.569025:  60%|██████    | 60/100 [02:50<01:53,  2.83s/it]                                                                                      Best trial: 55. Best value: 0.569025:  60%|██████    | 60/100 [02:52<01:53,  2.83s/it]Best trial: 55. Best value: 0.569025:  60%|██████    | 60/100 [02:52<01:53,  2.83s/it]Best trial: 55. Best value: 0.569025:  61%|██████    | 61/100 [02:52<01:49,  2.82s/it]                                                                                      Best trial: 55. Best value: 0.569025:  61%|██████    | 61/100 [02:55<01:49,  2.82s/it]Best trial: 55. Best value: 0.569025:  61%|██████    | 61/100 [02:55<01:49,  2.82s/it]Best trial: 55. Best value: 0.569025:  62%|██████▏   | 62/100 [02:55<01:46,  2.81s/it]                                                                                      Best trial: 55. Best value: 0.569025:  62%|██████▏   | 62/100 [02:58<01:46,  2.81s/