[I 2025-05-13 01:51:18,310] Trial 0 finished with value: 0.5288905737669243 and parameters: {'threshold_scale_factor': 0.2750851804817167}. Best is trial 0 with value: 0.5288905737669243.
[I 2025-05-13 01:51:21,138] Trial 1 finished with value: 0.5198826531801795 and parameters: {'threshold_scale_factor': 0.07518866602868612}. Best is trial 0 with value: 0.5288905737669243.
[I 2025-05-13 01:51:23,973] Trial 2 finished with value: 0.5214323390110973 and parameters: {'threshold_scale_factor': 0.12883987700557642}. Best is trial 0 with value: 0.5288905737669243.
[I 2025-05-13 01:51:26,812] Trial 3 finished with value: 0.532308517226182 and parameters: {'threshold_scale_factor': 0.35035107185021475}. Best is trial 3 with value: 0.532308517226182.
[I 2025-05-13 01:51:29,870] Trial 4 finished with value: 0.5217452003457721 and parameters: {'threshold_scale_factor': 0.13569639415334}. Best is trial 3 with value: 0.532308517226182.
[I 2025-05-13 01:51:32,706] Trial 5 finished with value: 0.5224971859765604 and parameters: {'threshold_scale_factor': 0.15186124549272906}. Best is trial 3 with value: 0.532308517226182.
[I 2025-05-13 01:51:35,532] Trial 6 finished with value: 0.5504817819672888 and parameters: {'threshold_scale_factor': 0.596228013467169}. Best is trial 6 with value: 0.5504817819672888.
[I 2025-05-13 01:51:38,365] Trial 7 finished with value: 0.561552964768338 and parameters: {'threshold_scale_factor': 0.8132695801689331}. Best is trial 7 with value: 0.561552964768338.
[I 2025-05-13 01:51:41,339] Trial 8 finished with value: 0.5331566907146086 and parameters: {'threshold_scale_factor': 0.36350756246724936}. Best is trial 7 with value: 0.561552964768338.
[I 2025-05-13 01:51:44,188] Trial 9 finished with value: 0.561320121935974 and parameters: {'threshold_scale_factor': 0.8069988033256119}. Best is trial 7 with value: 0.561552964768338.
[I 2025-05-13 01:51:47,022] Trial 10 finished with value: 0.5593925938199705 and parameters: {'threshold_scale_factor': 0.9652464760010844}. Best is trial 7 with value: 0.561552964768338.
[I 2025-05-13 01:51:49,861] Trial 11 finished with value: 0.5612984530449021 and parameters: {'threshold_scale_factor': 0.8066665972010363}. Best is trial 7 with value: 0.561552964768338.
[I 2025-05-13 01:51:52,983] Trial 12 finished with value: 0.5552713940120313 and parameters: {'threshold_scale_factor': 0.686599617555108}. Best is trial 7 with value: 0.561552964768338.
[I 2025-05-13 01:51:55,812] Trial 13 finished with value: 0.5577688623221013 and parameters: {'threshold_scale_factor': 0.9928680396851474}. Best is trial 7 with value: 0.561552964768338.
[I 2025-05-13 01:51:58,725] Trial 14 finished with value: 0.561189141412068 and parameters: {'threshold_scale_factor': 0.8046732102544397}. Best is trial 7 with value: 0.561552964768338.
[I 2025-05-13 01:52:01,565] Trial 15 finished with value: 0.5616028412875551 and parameters: {'threshold_scale_factor': 0.8172537889781503}. Best is trial 15 with value: 0.5616028412875551.
[I 2025-05-13 01:52:04,404] Trial 16 finished with value: 0.5467532253465278 and parameters: {'threshold_scale_factor': 0.5410291983502661}. Best is trial 15 with value: 0.5616028412875551.
[I 2025-05-13 01:52:07,250] Trial 17 finished with value: 0.5555498639561991 and parameters: {'threshold_scale_factor': 0.6933614872297444}. Best is trial 15 with value: 0.5616028412875551.
[I 2025-05-13 01:52:10,085] Trial 18 finished with value: 0.5622973878944075 and parameters: {'threshold_scale_factor': 0.8666780486036776}. Best is trial 18 with value: 0.5622973878944075.
[I 2025-05-13 01:52:12,918] Trial 19 finished with value: 0.5617055061475343 and parameters: {'threshold_scale_factor': 0.9077113271308392}. Best is trial 18 with value: 0.5622973878944075.
[I 2025-05-13 01:52:16,118] Trial 20 finished with value: 0.5614084746271587 and parameters: {'threshold_scale_factor': 0.9152203278782889}. Best is trial 18 with value: 0.5622973878944075.
[I 2025-05-13 01:52:18,951] Trial 21 finished with value: 0.5621906022410408 and parameters: {'threshold_scale_factor': 0.8707440863985203}. Best is trial 18 with value: 0.5622973878944075.
[I 2025-05-13 01:52:21,792] Trial 22 finished with value: 0.5617823710339318 and parameters: {'threshold_scale_factor': 0.902828074775799}. Best is trial 18 with value: 0.5622973878944075.
[I 2025-05-13 01:52:24,632] Trial 23 finished with value: 0.5555463759438186 and parameters: {'threshold_scale_factor': 0.693288876753682}. Best is trial 18 with value: 0.5622973878944075.
[I 2025-05-13 01:52:27,465] Trial 24 finished with value: 0.5618804366563473 and parameters: {'threshold_scale_factor': 0.8950001356201513}. Best is trial 18 with value: 0.5622973878944075.
[I 2025-05-13 01:52:30,449] Trial 25 finished with value: 0.5519130451477827 and parameters: {'threshold_scale_factor': 0.6187425837409337}. Best is trial 18 with value: 0.5622973878944075.
[I 2025-05-13 01:52:33,286] Trial 26 finished with value: 0.5584207965299154 and parameters: {'threshold_scale_factor': 0.7423355678897252}. Best is trial 18 with value: 0.5622973878944075.
[I 2025-05-13 01:52:36,137] Trial 27 finished with value: 0.5618804366563472 and parameters: {'threshold_scale_factor': 0.8920108134238902}. Best is trial 18 with value: 0.5622973878944075.
[I 2025-05-13 01:52:39,112] Trial 28 finished with value: 0.5416191283504391 and parameters: {'threshold_scale_factor': 0.47654644076754543}. Best is trial 18 with value: 0.5622973878944075.
[I 2025-05-13 01:52:41,956] Trial 29 finished with value: 0.5575163929893956 and parameters: {'threshold_scale_factor': 0.9993993623941174}. Best is trial 18 with value: 0.5622973878944075.
[I 2025-05-13 01:52:44,798] Trial 30 finished with value: 0.5390299170834636 and parameters: {'threshold_scale_factor': 0.4478231190935971}. Best is trial 18 with value: 0.5622973878944075.
[I 2025-05-13 01:52:47,641] Trial 31 finished with value: 0.5622564989233154 and parameters: {'threshold_scale_factor': 0.8683637992564608}. Best is trial 18 with value: 0.5622973878944075.
[I 2025-05-13 01:52:50,477] Trial 32 finished with value: 0.5620010406006494 and parameters: {'threshold_scale_factor': 0.8862757236537143}. Best is trial 18 with value: 0.5622973878944075.
[I 2025-05-13 01:52:53,332] Trial 33 finished with value: 0.5590899753063128 and parameters: {'threshold_scale_factor': 0.7563704655160447}. Best is trial 18 with value: 0.5622973878944075.
[I 2025-05-13 01:52:56,174] Trial 34 finished with value: 0.5621543639531228 and parameters: {'threshold_scale_factor': 0.874205728032167}. Best is trial 18 with value: 0.5622973878944075.
[I 2025-05-13 01:52:59,007] Trial 35 finished with value: 0.5584053782804987 and parameters: {'threshold_scale_factor': 0.7420683033623438}. Best is trial 18 with value: 0.5622973878944075.
[I 2025-05-13 01:53:01,845] Trial 36 finished with value: 0.5620788315080327 and parameters: {'threshold_scale_factor': 0.8535981105932736}. Best is trial 18 with value: 0.5622973878944075.
[I 2025-05-13 01:53:04,681] Trial 37 finished with value: 0.5185512407847794 and parameters: {'threshold_scale_factor': 0.015258035558171734}. Best is trial 18 with value: 0.5622973878944075.
[I 2025-05-13 01:53:07,978] Trial 38 finished with value: 0.5268959811532916 and parameters: {'threshold_scale_factor': 0.2301011060451238}. Best is trial 18 with value: 0.5622973878944075.
[I 2025-05-13 01:53:10,817] Trial 39 finished with value: 0.5599364305113543 and parameters: {'threshold_scale_factor': 0.9530091554097188}. Best is trial 18 with value: 0.5622973878944075.
[I 2025-05-13 01:53:13,652] Trial 40 finished with value: 0.5477217609848879 and parameters: {'threshold_scale_factor': 0.5512473869554589}. Best is trial 18 with value: 0.5622973878944075.
[I 2025-05-13 01:53:16,639] Trial 41 finished with value: 0.5620438227702016 and parameters: {'threshold_scale_factor': 0.8464106427122315}. Best is trial 18 with value: 0.5622973878944075.
[I 2025-05-13 01:53:19,479] Trial 42 finished with value: 0.562076850852035 and parameters: {'threshold_scale_factor': 0.8533785384901645}. Best is trial 18 with value: 0.5622973878944075.
[I 2025-05-13 01:53:22,326] Trial 43 finished with value: 0.5601740937974065 and parameters: {'threshold_scale_factor': 0.9465000751851841}. Best is trial 18 with value: 0.5622973878944075.
[I 2025-05-13 01:53:25,181] Trial 44 finished with value: 0.5587982632620455 and parameters: {'threshold_scale_factor': 0.7485469751274334}. Best is trial 18 with value: 0.5622973878944075.
[I 2025-05-13 01:53:28,028] Trial 45 finished with value: 0.5534380473748632 and parameters: {'threshold_scale_factor': 0.655757327788858}. Best is trial 18 with value: 0.5622973878944075.
[I 2025-05-13 01:53:30,864] Trial 46 finished with value: 0.5620993891739217 and parameters: {'threshold_scale_factor': 0.8550518243673477}. Best is trial 18 with value: 0.5622973878944075.
[I 2025-05-13 01:53:33,686] Trial 47 finished with value: 0.5602478307906958 and parameters: {'threshold_scale_factor': 0.7853194118288341}. Best is trial 18 with value: 0.5622973878944075.
[I 2025-05-13 01:53:36,523] Trial 48 finished with value: 0.5599176528635831 and parameters: {'threshold_scale_factor': 0.9534944729963211}. Best is trial 18 with value: 0.5622973878944075.
[I 2025-05-13 01:53:39,350] Trial 49 finished with value: 0.5618867233099298 and parameters: {'threshold_scale_factor': 0.8348449023116916}. Best is trial 18 with value: 0.5622973878944075.
[I 2025-05-13 01:53:42,177] Trial 50 finished with value: 0.5605331944466481 and parameters: {'threshold_scale_factor': 0.7911752560099861}. Best is trial 18 with value: 0.5622973878944075.
[I 2025-05-13 01:53:45,011] Trial 51 finished with value: 0.5622871605070734 and parameters: {'threshold_scale_factor': 0.8647332184095422}. Best is trial 18 with value: 0.5622973878944075.
[I 2025-05-13 01:53:47,847] Trial 52 finished with value: 0.5622238412498765 and parameters: {'threshold_scale_factor': 0.862568570756011}. Best is trial 18 with value: 0.5622973878944075.
[I 2025-05-13 01:53:50,687] Trial 53 finished with value: 0.5606877936502577 and parameters: {'threshold_scale_factor': 0.9326415056017809}. Best is trial 18 with value: 0.5622973878944075.
[I 2025-05-13 01:53:53,523] Trial 54 finished with value: 0.5583061294090457 and parameters: {'threshold_scale_factor': 0.9850604888001382}. Best is trial 18 with value: 0.5622973878944075.
[I 2025-05-13 01:53:56,350] Trial 55 finished with value: 0.5620510303002092 and parameters: {'threshold_scale_factor': 0.8807928169480033}. Best is trial 18 with value: 0.5622973878944075.
[I 2025-05-13 01:53:59,230] Trial 56 finished with value: 0.5570649886260959 and parameters: {'threshold_scale_factor': 0.7149126184188}. Best is trial 18 with value: 0.5622973878944075.
[I 2025-05-13 01:54:02,071] Trial 57 finished with value: 0.5616230182559276 and parameters: {'threshold_scale_factor': 0.8192184812060888}. Best is trial 18 with value: 0.5622973878944075.
[I 2025-05-13 01:54:05,055] Trial 58 finished with value: 0.5598906439181586 and parameters: {'threshold_scale_factor': 0.7760690664060923}. Best is trial 18 with value: 0.5622973878944075.
[I 2025-05-13 01:54:07,884] Trial 59 finished with value: 0.5609886835914082 and parameters: {'threshold_scale_factor': 0.9218619993220865}. Best is trial 18 with value: 0.5622973878944075.
[I 2025-05-13 01:54:10,718] Trial 60 finished with value: 0.5340091547669369 and parameters: {'threshold_scale_factor': 0.37643242967285184}. Best is trial 18 with value: 0.5622973878944075.
[I 2025-05-13 01:54:13,558] Trial 61 finished with value: 0.5620506238798876 and parameters: {'threshold_scale_factor': 0.8469171107072453}. Best is trial 18 with value: 0.5622973878944075.
[I 2025-05-13 01:54:16,405] Trial 62 finished with value: 0.5619723751065722 and parameters: {'threshold_scale_factor': 0.8884163145185807}. Best is trial 18 with value: 0.5622973878944075.
[I 2025-05-13 01:54:19,239] Trial 63 finished with value: 0.5620747878830606 and parameters: {'threshold_scale_factor': 0.8508809531949814}. Best is trial 18 with value: 0.5622973878944075.
[I 2025-05-13 01:54:22,079] Trial 64 finished with value: 0.5589380872863676 and parameters: {'threshold_scale_factor': 0.9740507380452768}. Best is trial 18 with value: 0.5622973878944075.
[I 2025-05-13 01:54:24,924] Trial 65 finished with value: 0.553457360056982 and parameters: {'threshold_scale_factor': 0.6568639719115048}. Best is trial 18 with value: 0.5622973878944075.
[I 2025-05-13 01:54:27,801] Trial 66 finished with value: 0.5615564682144016 and parameters: {'threshold_scale_factor': 0.8135561375326944}. Best is trial 18 with value: 0.5622973878944075.
[I 2025-05-13 01:54:30,653] Trial 67 finished with value: 0.5622878035772026 and parameters: {'threshold_scale_factor': 0.8673490529925932}. Best is trial 18 with value: 0.5622973878944075.
[I 2025-05-13 01:54:33,489] Trial 68 finished with value: 0.5607229052793095 and parameters: {'threshold_scale_factor': 0.9284181288697239}. Best is trial 18 with value: 0.5622973878944075.
[I 2025-05-13 01:54:36,341] Trial 69 finished with value: 0.5570624883694337 and parameters: {'threshold_scale_factor': 0.7148818526853697}. Best is trial 18 with value: 0.5622973878944075.
[I 2025-05-13 01:54:39,178] Trial 70 finished with value: 0.5621764804210045 and parameters: {'threshold_scale_factor': 0.8718284509077306}. Best is trial 18 with value: 0.5622973878944075.
[I 2025-05-13 01:54:42,013] Trial 71 finished with value: 0.5619815067024061 and parameters: {'threshold_scale_factor': 0.8880512132610586}. Best is trial 18 with value: 0.5622973878944075.
[I 2025-05-13 01:54:44,853] Trial 72 finished with value: 0.559748741491179 and parameters: {'threshold_scale_factor': 0.7715638865474349}. Best is trial 18 with value: 0.5622973878944075.
[I 2025-05-13 01:54:47,688] Trial 73 finished with value: 0.5622124820591151 and parameters: {'threshold_scale_factor': 0.8697111814462968}. Best is trial 18 with value: 0.5622973878944075.
[I 2025-05-13 01:54:50,666] Trial 74 finished with value: 0.5615515808814202 and parameters: {'threshold_scale_factor': 0.9121688170856869}. Best is trial 18 with value: 0.5622973878944075.
[I 2025-05-13 01:54:53,504] Trial 75 finished with value: 0.5616460350219903 and parameters: {'threshold_scale_factor': 0.8216171859684644}. Best is trial 18 with value: 0.5622973878944075.
[I 2025-05-13 01:54:56,346] Trial 76 finished with value: 0.5614094006481447 and parameters: {'threshold_scale_factor': 0.808916122833607}. Best is trial 18 with value: 0.5622973878944075.
[I 2025-05-13 01:54:59,174] Trial 77 finished with value: 0.5621840995158948 and parameters: {'threshold_scale_factor': 0.8712856532294194}. Best is trial 18 with value: 0.5622973878944075.
[I 2025-05-13 01:55:02,012] Trial 78 finished with value: 0.5592987776049685 and parameters: {'threshold_scale_factor': 0.9668215126683342}. Best is trial 18 with value: 0.5622973878944075.
[I 2025-05-13 01:55:04,850] Trial 79 finished with value: 0.561557584584146 and parameters: {'threshold_scale_factor': 0.9120274429203827}. Best is trial 18 with value: 0.5622973878944075.
[I 2025-05-13 01:55:07,699] Trial 80 finished with value: 0.5572661872635445 and parameters: {'threshold_scale_factor': 0.7184020177153824}. Best is trial 18 with value: 0.5622973878944075.
[I 2025-05-13 01:55:10,545] Trial 81 finished with value: 0.5622456850560236 and parameters: {'threshold_scale_factor': 0.8631741894668757}. Best is trial 18 with value: 0.5622973878944075.
[I 2025-05-13 01:55:13,373] Trial 82 finished with value: 0.5622992296472574 and parameters: {'threshold_scale_factor': 0.8662232486196662}. Best is trial 82 with value: 0.5622992296472574.
[I 2025-05-13 01:55:16,222] Trial 83 finished with value: 0.5605435813153742 and parameters: {'threshold_scale_factor': 0.9363216941811959}. Best is trial 82 with value: 0.5622992296472574.
[I 2025-05-13 01:55:19,360] Trial 84 finished with value: 0.561814123264629 and parameters: {'threshold_scale_factor': 0.8315613253808681}. Best is trial 82 with value: 0.5622992296472574.
[I 2025-05-13 01:55:22,182] Trial 85 finished with value: 0.5602919196787506 and parameters: {'threshold_scale_factor': 0.7864858815704447}. Best is trial 82 with value: 0.5622992296472574.
[I 2025-05-13 01:55:25,017] Trial 86 finished with value: 0.5265171562570486 and parameters: {'threshold_scale_factor': 0.22193531957273593}. Best is trial 82 with value: 0.5622992296472574.
[I 2025-05-13 01:55:27,869] Trial 87 finished with value: 0.5575494673722782 and parameters: {'threshold_scale_factor': 0.9987450053100523}. Best is trial 82 with value: 0.5622992296472574.
[I 2025-05-13 01:55:30,709] Trial 88 finished with value: 0.5588135014518258 and parameters: {'threshold_scale_factor': 0.7489616685127318}. Best is trial 82 with value: 0.5622992296472574.
[I 2025-05-13 01:55:33,542] Trial 89 finished with value: 0.56220782623138 and parameters: {'threshold_scale_factor': 0.8619058911735246}. Best is trial 82 with value: 0.5622992296472574.
[I 2025-05-13 01:55:36,374] Trial 90 finished with value: 0.5617691855240037 and parameters: {'threshold_scale_factor': 0.905159702178634}. Best is trial 82 with value: 0.5622992296472574.
[I 2025-05-13 01:55:39,371] Trial 91 finished with value: 0.5622914099144869 and parameters: {'threshold_scale_factor': 0.8648903084397913}. Best is trial 82 with value: 0.5622992296472574.
[I 2025-05-13 01:55:42,251] Trial 92 finished with value: 0.5621574249669374 and parameters: {'threshold_scale_factor': 0.8595961018650533}. Best is trial 82 with value: 0.5622992296472574.
[I 2025-05-13 01:55:45,092] Trial 93 finished with value: 0.5607757296319986 and parameters: {'threshold_scale_factor': 0.794461513156991}. Best is trial 82 with value: 0.5622992296472574.
[I 2025-05-13 01:55:47,943] Trial 94 finished with value: 0.5600546319456539 and parameters: {'threshold_scale_factor': 0.95030398374429}. Best is trial 82 with value: 0.5622992296472574.
[I 2025-05-13 01:55:50,795] Trial 95 finished with value: 0.5616764496668186 and parameters: {'threshold_scale_factor': 0.8266860301762244}. Best is trial 82 with value: 0.5622992296472574.
[I 2025-05-13 01:55:53,633] Trial 96 finished with value: 0.5618764547661075 and parameters: {'threshold_scale_factor': 0.8930747680229962}. Best is trial 82 with value: 0.5622992296472574.
[I 2025-05-13 01:55:56,471] Trial 97 finished with value: 0.5622168034903829 and parameters: {'threshold_scale_factor': 0.8622872031394092}. Best is trial 82 with value: 0.5622992296472574.
[I 2025-05-13 01:55:59,314] Trial 98 finished with value: 0.5619178736269861 and parameters: {'threshold_scale_factor': 0.8365350879887329}. Best is trial 82 with value: 0.5622992296472574.
