[I 2025-05-13 01:51:11,335] Trial 99 finished with value: 0.5351964680077962 and parameters: {'interp_param': 0.010053161015134315}. Best is trial 45 with value: 0.5722958474070516.
Best hyperparameters: {'interp_param': 0.9595594025342751}
Best optimized value: 0.5722958474070516
Tuning threshold scale factor for offline LSET using optuna
  0%|          | 0/100 [00:00<?, ?it/s]                                         0%|          | 0/100 [00:02<?, ?it/s]Best trial: 0. Best value: 0.516106:   0%|          | 0/100 [00:02<?, ?it/s]Best trial: 0. Best value: 0.516106:   1%|          | 1/100 [00:02<04:47,  2.90s/it]                                                                                    Best trial: 0. Best value: 0.516106:   1%|          | 1/100 [00:05<04:47,  2.90s/it]Best trial: 1. Best value: 0.521215:   1%|          | 1/100 [00:05<04:47,  2.90s/it]Best trial: 1. Best value: 0.521215:   2%|▏         | 2/100 [00:05<04:39,  2.85s/it]                                                                                    Best trial: 1. Best value: 0.521215:   2%|▏         | 2/100 [00:08<04:39,  2.85s/it]Best trial: 2. Best value: 0.570921:   2%|▏         | 2/100 [00:08<04:39,  2.85s/it]Best trial: 2. Best value: 0.570921:   3%|▎         | 3/100 [00:08<04:35,  2.84s/it]                                                                                    Best trial: 2. Best value: 0.570921:   3%|▎         | 3/100 [00:11<04:35,  2.84s/it]Best trial: 2. Best value: 0.570921:   3%|▎         | 3/100 [00:11<04:35,  2.84s/it]Best trial: 2. Best value: 0.570921:   4%|▍         | 4/100 [00:11<04:31,  2.83s/it]                                                                                    Best trial: 2. Best value: 0.570921:   4%|▍         | 4/100 [00:14<04:31,  2.83s/it]Best trial: 2. Best value: 0.570921:   4%|▍         | 4/100 [00:14<04:31,  2.83s/it]Best trial: 2. Best value: 0.570921:   5%|▌         | 5/100 [00:14<04:28,  2.82s/it]                                                                                    Best trial: 2. Best value: 0.570921:   5%|▌         | 5/100 [00:16<04:28,  2.82s/it]Best trial: 2. Best value: 0.570921:   5%|▌         | 5/100 [00:16<04:28,  2.82s/it]Best trial: 2. Best value: 0.570921:   6%|▌         | 6/100 [00:16<04:25,  2.82s/it]                                                                                    Best trial: 2. Best value: 0.570921:   6%|▌         | 6/100 [00:19<04:25,  2.82s/it]Best trial: 2. Best value: 0.570921:   6%|▌         | 6/100 [00:19<04:25,  2.82s/it]Best trial: 2. Best value: 0.570921:   7%|▋         | 7/100 [00:19<04:22,  2.82s/it]                                                                                    Best trial: 2. Best value: 0.570921:   7%|▋         | 7/100 [00:22<04:22,  2.82s/it]Best trial: 2. Best value: 0.570921:   7%|▋         | 7/100 [00:22<04:22,  2.82s/it]Best trial: 2. Best value: 0.570921:   8%|▊         | 8/100 [00:22<04:19,  2.82s/it]                                                                                    Best trial: 2. Best value: 0.570921:   8%|▊         | 8/100 [00:25<04:19,  2.82s/it]Best trial: 2. Best value: 0.570921:   8%|▊         | 8/100 [00:25<04:19,  2.82s/it]Best trial: 2. Best value: 0.570921:   9%|▉         | 9/100 [00:25<04:20,  2.86s/it]                                                                                    Best trial: 2. Best value: 0.570921:   9%|▉         | 9/100 [00:28<04:20,  2.86s/it]Best trial: 2. Best value: 0.570921:   9%|▉         | 9/100 [00:28<04:20,  2.86s/it]Best trial: 2. Best value: 0.570921:  10%|█         | 10/100 [00:28<04:16,  2.85s/it]                                                                                     Best trial: 2. Best value: 0.570921:  10%|█         | 10/100 [00:31<04:16,  2.85s/it]Best trial: 10. Best value: 0.572557:  10%|█         | 10/100 [00:31<04:16,  2.85s/it]Best trial: 10. Best value: 0.572557:  11%|█         | 11/100 [00:31<04:12,  2.84s/it]                                                                                      Best trial: 10. Best value: 0.572557:  11%|█         | 11/100 [00:34<04:12,  2.84s/it]Best trial: 10. Best value: 0.572557:  11%|█         | 11/100 [00:34<04:12,  2.84s/it]Best trial: 10. Best value: 0.572557:  12%|█▏        | 12/100 [00:34<04:09,  2.83s/it]                                                                                      Best trial: 10. Best value: 0.572557:  12%|█▏        | 12/100 [00:36<04:09,  2.83s/it]Best trial: 10. Best value: 0.572557:  12%|█▏        | 12/100 [00:36<04:09,  2.83s/it]Best trial: 10. Best value: 0.572557:  13%|█▎        | 13/100 [00:36<04:06,  2.83s/it]                                                                                      Best trial: 10. Best value: 0.572557:  13%|█▎        | 13/100 [00:39<04:06,  2.83s/it]Best trial: 10. Best value: 0.572557:  13%|█▎        | 13/100 [00:39<04:06,  2.83s/it]Best trial: 10. Best value: 0.572557:  14%|█▍        | 14/100 [00:39<04:03,  2.83s/it]                                                                                      Best trial: 10. Best value: 0.572557:  14%|█▍        | 14/100 [00:42<04:03,  2.83s/it]Best trial: 10. Best value: 0.572557:  14%|█▍        | 14/100 [00:42<04:03,  2.83s/it]Best trial: 10. Best value: 0.572557:  15%|█▌        | 15/100 [00:42<04:00,  2.83s/it]                                                                                      Best trial: 10. Best value: 0.572557:  15%|█▌        | 15/100 [00:45<04:00,  2.83s/it]Best trial: 15. Best value: 0.572642:  15%|█▌        | 15/100 [00:45<04:00,  2.83s/it]Best trial: 15. Best value: 0.572642:  16%|█▌        | 16/100 [00:45<03:57,  2.82s/it]                                                                                      Best trial: 15. Best value: 0.572642:  16%|█▌        | 16/100 [00:48<03:57,  2.82s/it]Best trial: 15. Best value: 0.572642:  16%|█▌        | 16/100 [00:48<03:57,  2.82s/it]Best trial: 15. Best value: 0.572642:  17%|█▋        | 17/100 [00:48<03:54,  2.82s/it]                                                                                      Best trial: 15. Best value: 0.572642:  17%|█▋        | 17/100 [00:50<03:54,  2.82s/it]Best trial: 15. Best value: 0.572642:  17%|█▋        | 17/100 [00:50<03:54,  2.82s/it]Best trial: 15. Best value: 0.572642:  18%|█▊        | 18/100 [00:50<03:51,  2.82s/it]                                                                                      Best trial: 15. Best value: 0.572642:  18%|█▊        | 18/100 [00:53<03:51,  2.82s/it]Best trial: 15. Best value: 0.572642:  18%|█▊        | 18/100 [00:53<03:51,  2.82s/it]Best trial: 15. Best value: 0.572642:  19%|█▉        | 19/100 [00:53<03:48,  2.82s/it]                                                                                      Best trial: 15. Best value: 0.572642:  19%|█▉        | 19/100 [00:56<03:48,  2.82s/it]Best trial: 15. Best value: 0.572642:  19%|█▉        | 19/100 [00:56<03:48,  2.82s/it]Best trial: 15. Best value: 0.572642:  20%|██        | 20/100 [00:56<03:45,  2.82s/it]                                                                                      Best trial: 15. Best value: 0.572642:  20%|██        | 20/100 [00:59<03:45,  2.82s/it]Best trial: 15. Best value: 0.572642:  20%|██        | 20/100 [00:59<03:45,  2.82s/it]Best trial: 15. Best value: 0.572642:  21%|██        | 21/100 [00:59<03:42,  2.82s/it]                                                                                      Best trial: 15. Best value: 0.572642:  21%|██        | 21/100 [01:02<03:42,  2.82s/it]Best trial: 21. Best value: 0.572858:  21%|██        | 21/100 [01:02<03:42,  2.82s/it]Best trial: 21. Best value: 0.572858:  22%|██▏       | 22/100 [01:02<03:39,  2.82s/it]                                                                                      Best trial: 21. Best value: 0.572858:  22%|██▏       | 22/100 [01:05<03:39,  2.82s/it]Best trial: 21. Best value: 0.572858:  22%|██▏       | 22/100 [01:05<03:39,  2.82s/it]Best trial: 21. Best value: 0.572858:  23%|██▎       | 23/100 [01:05<03:36,  2.82s/it]                                                                                      Best trial: 21. Best value: 0.572858:  23%|██▎       | 23/100 [01:07<03:36,  2.82s/it]Best trial: 21. Best value: 0.572858:  23%|██▎       | 23/100 [01:07<03:36,  2.82s/it]Best trial: 21. Best value: 0.572858:  24%|██▍       | 24/100 [01:07<03:34,  2.82s/it]                                                                                      Best trial: 21. Best value: 0.572858:  24%|██▍       | 24/100 [01:10<03:34,  2.82s/it]Best trial: 24. Best value: 0.572957:  24%|██▍       | 24/100 [01:10<03:34,  2.82s/it]Best trial: 24. Best value: 0.572957:  25%|██▌       | 25/100 [01:10<03:31,  2.82s/it]                                                                                      Best trial: 24. Best value: 0.572957:  25%|██▌       | 25/100 [01:13<03:31,  2.82s/it]Best trial: 24. Best value: 0.572957:  25%|██▌       | 25/100 [01:13<03:31,  2.82s/it]Best trial: 24. Best value: 0.572957:  26%|██▌       | 26/100 [01:13<03:31,  2.86s/it]                                                                                      Best trial: 24. Best value: 0.572957:  26%|██▌       | 26/100 [01:16<03:31,  2.86s/it]Best trial: 24. Best value: 0.572957:  26%|██▌       | 26/100 [01:16<03:31,  2.86s/it]Best trial: 24. Best value: 0.572957:  27%|██▋       | 27/100 [01:16<03:27,  2.84s/it]                                                                                      Best trial: 24. Best value: 0.572957:  27%|██▋       | 27/100 [01:19<03:27,  2.84s/it]Best trial: 24. Best value: 0.572957:  27%|██▋       | 27/100 [01:19<03:27,  2.84s/it]Best trial: 24. Best value: 0.572957:  28%|██▊       | 28/100 [01:19<03:23,  2.83s/it]                                                                                      Best trial: 24. Best value: 0.572957:  28%|██▊       | 28/100 [01:22<03:23,  2.83s/it]Best trial: 24. Best value: 0.572957:  28%|██▊       | 28/100 [01:22<03:23,  2.83s/it]Best trial: 24. Best value: 0.572957:  29%|██▉       | 29/100 [01:22<03:20,  2.83s/it]                                                                                      Best trial: 24. Best value: 0.572957:  29%|██▉       | 29/100 [01:24<03:20,  2.83s/it]Best trial: 24. Best value: 0.572957:  29%|██▉       | 29/100 [01:24<03:20,  2.83s/it]Best trial: 24. Best value: 0.572957:  30%|███       | 30/100 [01:24<03:17,  2.82s/it]                                                                                      Best trial: 24. Best value: 0.572957:  30%|███       | 30/100 [01:27<03:17,  2.82s/it]Best trial: 24. Best value: 0.572957:  30%|███       | 30/100 [01:27<03:17,  2.82s/it]Best trial: 24. Best value: 0.572957:  31%|███       | 31/100 [01:27<03:14,  2.83s/it]                                                                                      Best trial: 24. Best value: 0.572957:  31%|███       | 31/100 [01:30<03:14,  2.83s/it]Best trial: 24. Best value: 0.572957:  31%|███       | 31/100 [01:30<03:14,  2.83s/it]Best trial: 24. Best value: 0.572957:  32%|███▏      | 32/100 [01:30<03:11,  2.82s/it]                                                                                      Best trial: 24. Best value: 0.572957:  32%|███▏      | 32/100 [01:33<03:11,  2.82s/it]Best trial: 24. Best value: 0.572957:  32%|███▏      | 32/100 [01:33<03:11,  2.82s/it]Best trial: 24. Best value: 0.572957:  33%|███▎      | 33/100 [01:33<03:08,  2.82s/it]                                                                                      Best trial: 24. Best value: 0.572957:  33%|███▎      | 33/100 [01:36<03:08,  2.82s/it]Best trial: 24. Best value: 0.572957:  33%|███▎      | 33/100 [01:36<03:08,  2.82s/it]Best trial: 24. Best value: 0.572957:  34%|███▍      | 34/100 [01:36<03:05,  2.82s/it]                                                                                      Best trial: 24. Best value: 0.572957:  34%|███▍      | 34/100 [01:38<03:05,  2.82s/it]Best trial: 24. Best value: 0.572957:  34%|███▍      | 34/100 [01:38<03:05,  2.82s/it]Best trial: 24. Best value: 0.572957:  35%|███▌      | 35/100 [01:38<03:03,  2.82s/it]                                                                                      Best trial: 24. Best value: 0.572957:  35%|███▌      | 35/100 [01:41<03:03,  2.82s/it]Best trial: 24. Best value: 0.572957:  35%|███▌      | 35/100 [01:41<03:03,  2.82s/it]Best trial: 24. Best value: 0.572957:  36%|███▌      | 36/100 [01:41<03:00,  2.81s/it]                                                                                      Best trial: 24. Best value: 0.572957:  36%|███▌      | 36/100 [01:44<03:00,  2.81s/it]Best trial: 24. Best value: 0.572957:  36%|███▌      | 36/100 [01:44<03:00,  2.81s/it]Best trial: 24. Best value: 0.572957:  37%|███▋      | 37/100 [01:44<02:57,  2.82s/it]                                                                                      Best trial: 24. Best value: 0.572957:  37%|███▋      | 37/100 [01:47<02:57,  2.82s/it]Best trial: 24. Best value: 0.572957:  37%|███▋      | 37/100 [01:47<02:57,  2.82s/it]Best trial: 24. Best value: 0.572957:  38%|███▊      | 38/100 [01:47<02:54,  2.82s/it]                                                                                      Best trial: 24. Best value: 0.572957:  38%|███▊      | 38/100 [01:50<02:54,  2.82s/it]Best trial: 24. Best value: 0.572957:  38%|███▊      | 38/100 [01:50<02:54,  2.82s/it]Best trial: 24. Best value: 0.572957:  39%|███▉      | 39/100 [01:50<02:51,  2.82s/it]                                                                                      Best trial: 24. Best value: 0.572957:  39%|███▉      | 39/100 [01:53<02:51,  2.82s/it]Best trial: 24. Best value: 0.572957:  39%|███▉      | 39/100 [01:53<02:51,  2.82s/it]Best trial: 24. Best value: 0.572957:  40%|████      | 40/100 [01:53<02:49,  2.82s/it]                                                                                      Best trial: 24. Best value: 0.572957:  40%|████      | 40/100 [01:55<02:49,  2.82s/it]Best trial: 24. Best value: 0.572957:  40%|████      | 40/100 [01:55<02:49,  2.82s/it]Best trial: 24. Best value: 0.572957:  41%|████      | 41/100 [01:55<02:46,  2.82s/it]                                                                                      Best trial: 24. Best value: 0.572957:  41%|████      | 41/100 [01:58<02:46,  2.82s/it]Best trial: 41. Best value: 0.572989:  41%|████      | 41/100 [01:58<02:46,  2.82s/it]Best trial: 41. Best value: 0.572989:  42%|████▏     | 42/100 [01:58<02:46,  2.86s/it]                                                                                      Best trial: 41. Best value: 0.572989:  42%|████▏     | 42/100 [02:01<02:46,  2.86s/it]Best trial: 41. Best value: 0.572989:  42%|████▏     | 42/100 [02:01<02:46,  2.86s/it]Best trial: 41. Best value: 0.572989:  43%|████▎     | 43/100 [02:01<02:42,  2.85s/it]                                                                                      Best trial: 41. Best value: 0.572989:  43%|████▎     | 43/100 [02:04<02:42,  2.85s/it]Best trial: 41. Best value: 0.572989:  43%|████▎     | 43/100 [02:04<02:42,  2.85s/it]Best trial: 41. Best value: 0.572989:  44%|████▍     | 44/100 [02:04<02:39,  2.84s/it]                                                                                      Best trial: 41. Best value: 0.572989:  44%|████▍     | 44/100 [02:07<02:39,  2.84s/it]Best trial: 41. Best value: 0.572989:  44%|████▍     | 44/100 [02:07<02:39,  2.84s/it]Best trial: 41. Best value: 0.572989:  45%|████▌     | 45/100 [02:07<02:35,  2.84s/it]                                                                                      Best trial: 41. Best value: 0.572989:  45%|████▌     | 45/100 [02:10<02:35,  2.84s/it]Best trial: 41. Best value: 0.572989:  45%|████▌     | 45/100 [02:10<02:35,  2.84s/it]Best trial: 41. Best value: 0.572989:  46%|████▌     | 46/100 [02:10<02:33,  2.83s/it]                                                                                      Best trial: 41. Best value: 0.572989:  46%|████▌     | 46/100 [02:12<02:33,  2.83s/it]Best trial: 41. Best value: 0.572989:  46%|████▌     | 46/100 [02:12<02:33,  2.83s/it]Best trial: 41. Best value: 0.572989:  47%|████▋     | 47/100 [02:12<02:30,  2.83s/it]                                                                                      Best trial: 41. Best value: 0.572989:  47%|████▋     | 47/100 [02:15<02:30,  2.83s/it]Best trial: 41. Best value: 0.572989:  47%|████▋     | 47/100 [02:15<02:30,  2.83s/it]Best trial: 41. Best value: 0.572989:  48%|████▊     | 48/100 [02:15<02:27,  2.83s/it]                                                                                      Best trial: 41. Best value: 0.572989:  48%|████▊     | 48/100 [02:18<02:27,  2.83s/it]Best trial: 41. Best value: 0.572989:  48%|████▊     | 48/100 [02:18<02:27,  2.83s/it]Best trial: 41. Best value: 0.572989:  49%|████▉     | 49/100 [02:18<02:24,  2.83s/it]                                                                                      Best trial: 41. Best value: 0.572989:  49%|████▉     | 49/100 [02:21<02:24,  2.83s/it]Best trial: 41. Best value: 0.572989:  49%|████▉     | 49/100 [02:21<02:24,  2.83s/it]Best trial: 41. Best value: 0.572989:  50%|█████     | 50/100 [02:21<02:21,  2.82s/it]                                                                                      Best trial: 41. Best value: 0.572989:  50%|█████     | 50/100 [02:24<02:21,  2.82s/it]Best trial: 41. Best value: 0.572989:  50%|█████     | 50/100 [02:24<02:21,  2.82s/it]Best trial: 41. Best value: 0.572989:  51%|█████     | 51/100 [02:24<02:18,  2.82s/it]                                                                                      Best trial: 41. Best value: 0.572989:  51%|█████     | 51/100 [02:27<02:18,  2.82s/it]Best trial: 41. Best value: 0.572989:  51%|█████     | 51/100 [02:27<02:18,  2.82s/it]Best trial: 41. Best value: 0.572989:  52%|█████▏    | 52/100 [02:27<02:15,  2.82s/it]                                                                                      Best trial: 41. Best value: 0.572989:  52%|█████▏    | 52/100 [02:29<02:15,  2.82s/it]Best trial: 41. Best value: 0.572989:  52%|█████▏    | 52/100 [02:29<02:15,  2.82s/it]Best trial: 41. Best value: 0.572989:  53%|█████▎    | 53/100 [02:29<02:12,  2.82s/it]                                                                                      Best trial: 41. Best value: 0.572989:  53%|█████▎    | 53/100 [02:32<02:12,  2.82s/it]Best trial: 41. Best value: 0.572989:  53%|█████▎    | 53/100 [02:32<02:12,  2.82s/it]Best trial: 41. Best value: 0.572989:  54%|█████▍    | 54/100 [02:32<02:09,  2.83s/it]                                                                                      Best trial: 41. Best value: 0.572989:  54%|█████▍    | 54/100 [02:35<02:09,  2.83s/it]Best trial: 41. Best value: 0.572989:  54%|█████▍    | 54/100 [02:35<02:09,  2.83s/it]Best trial: 41. Best value: 0.572989:  55%|█████▌    | 55/100 [02:35<02:07,  2.82s/it]                                                                                      Best trial: 41. Best value: 0.572989:  55%|█████▌    | 55/100 [02:38<02:07,  2.82s/it]Best trial: 41. Best value: 0.572989:  55%|█████▌    | 55/100 [02:38<02:07,  2.82s/it]Best trial: 41. Best value: 0.572989:  56%|█████▌    | 56/100 [02:38<02:04,  2.82s/it]                                                                                      Best trial: 41. Best value: 0.572989:  56%|█████▌    | 56/100 [02:41<02:04,  2.82s/it]Best trial: 41. Best value: 0.572989:  56%|█████▌    | 56/100 [02:41<02:04,  2.82s/it]Best trial: 41. Best value: 0.572989:  57%|█████▋    | 57/100 [02:41<02:01,  2.82s/it]                                                                                      Best trial: 41. Best value: 0.572989:  57%|█████▋    | 57/100 [02:43<02:01,  2.82s/it]Best trial: 41. Best value: 0.572989:  57%|█████▋    | 57/100 [02:43<02:01,  2.82s/it]Best trial: 41. Best value: 0.572989:  58%|█████▊    | 58/100 [02:43<01:58,  2.82s/it]                                                                                      Best trial: 41. Best value: 0.572989:  58%|█████▊    | 58/100 [02:46<01:58,  2.82s/it]Best trial: 41. Best value: 0.572989:  58%|█████▊    | 58/100 [02:46<01:58,  2.82s/it]Best trial: 41. Best value: 0.572989:  59%|█████▉    | 59/100 [02:46<01:57,  2.86s/it]                                                                                      Best trial: 41. Best value: 0.572989:  59%|█████▉    | 59/100 [02:49<01:57,  2.86s/it]Best trial: 41. Best value: 0.572989:  59%|█████▉    | 59/100 [02:49<01:57,  2.86s/it]Best trial: 41. Best value: 0.572989:  60%|██████    | 60/100 [02:49<01:53,  2.85s/it]                                                                                      Best trial: 41. Best value: 0.572989:  60%|██████    | 60/100 [02:52<01:53,  2.85s/it]Best trial: 41. Best value: 0.572989:  60%|██████    | 60/100 [02:52<01:53,  2.85s/it]Best trial: 41. Best value: 0.572989:  61%|██████    | 61/100 [02:52<01:50,  2.84s/it]                                                                                      Best trial: 41. Best value: 0.572989:  61%|██████    | 61/100 [02:55<01:50,  2.84s/it]Best trial: 41. Best value: 0.572989:  61%|██████    | 61/100 [02:55<01:50,  2.84s/it]Best trial: 41. Best value: 0.572989:  62%|██████▏   | 62/100 [02:55<01:47,  2.83s/it]                                                                                      Best trial: 41. Best value: 0.572989:  62%|██████▏   | 62/100 [02:58<0