[I 2025-05-13 01:44:22,238] Trial 0 finished with value: 0.5524982492544348 and parameters: {'interp_param': 0.5392727426368626}. Best is trial 0 with value: 0.5524982492544348.
[I 2025-05-13 01:44:25,719] Trial 1 finished with value: 0.5381953663926529 and parameters: {'interp_param': 0.15337861776157102}. Best is trial 0 with value: 0.5524982492544348.
[I 2025-05-13 01:44:29,213] Trial 2 finished with value: 0.5643643233252895 and parameters: {'interp_param': 0.8593044289511168}. Best is trial 2 with value: 0.5643643233252895.
[I 2025-05-13 01:44:32,693] Trial 3 finished with value: 0.5587407625033772 and parameters: {'interp_param': 0.6883818790390293}. Best is trial 2 with value: 0.5643643233252895.
[I 2025-05-13 01:44:36,318] Trial 4 finished with value: 0.5659023875928333 and parameters: {'interp_param': 0.8926639192570827}. Best is trial 4 with value: 0.5659023875928333.
[I 2025-05-13 01:44:39,798] Trial 5 finished with value: 0.5643632172446673 and parameters: {'interp_param': 0.8592556027331685}. Best is trial 4 with value: 0.5659023875928333.
[I 2025-05-13 01:44:43,283] Trial 6 finished with value: 0.5634744068686393 and parameters: {'interp_param': 0.8269076511862015}. Best is trial 4 with value: 0.5659023875928333.
[I 2025-05-13 01:44:46,767] Trial 7 finished with value: 0.5600843314964987 and parameters: {'interp_param': 0.7306688740325888}. Best is trial 4 with value: 0.5659023875928333.
[I 2025-05-13 01:44:50,255] Trial 8 finished with value: 0.5579088201050104 and parameters: {'interp_param': 0.6708441482106676}. Best is trial 4 with value: 0.5659023875928333.
[I 2025-05-13 01:44:53,737] Trial 9 finished with value: 0.5630624715775864 and parameters: {'interp_param': 0.815541552766374}. Best is trial 4 with value: 0.5659023875928333.
[I 2025-05-13 01:44:57,211] Trial 10 finished with value: 0.5415024136942782 and parameters: {'interp_param': 0.2559397161997424}. Best is trial 4 with value: 0.5659023875928333.
[I 2025-05-13 01:45:00,699] Trial 11 finished with value: 0.5679354460893116 and parameters: {'interp_param': 0.9823364490279031}. Best is trial 11 with value: 0.5679354460893116.
[I 2025-05-13 01:45:04,181] Trial 12 finished with value: 0.5679605052461043 and parameters: {'interp_param': 0.9811134969151063}. Best is trial 12 with value: 0.5679605052461043.
[I 2025-05-13 01:45:07,671] Trial 13 finished with value: 0.5677959976179447 and parameters: {'interp_param': 0.9958937084677307}. Best is trial 12 with value: 0.5679605052461043.
[I 2025-05-13 01:45:11,156] Trial 14 finished with value: 0.567117332271002 and parameters: {'interp_param': 0.9998871898548046}. Best is trial 12 with value: 0.5679605052461043.
[I 2025-05-13 01:45:14,649] Trial 15 finished with value: 0.5495488415467176 and parameters: {'interp_param': 0.4528810237790132}. Best is trial 12 with value: 0.5679605052461043.
[I 2025-05-13 01:45:18,131] Trial 16 finished with value: 0.5322735496448391 and parameters: {'interp_param': 0.01758848219355802}. Best is trial 12 with value: 0.5679605052461043.
[I 2025-05-13 01:45:21,627] Trial 17 finished with value: 0.5524513462914948 and parameters: {'interp_param': 0.5376346273787657}. Best is trial 12 with value: 0.5679605052461043.
[I 2025-05-13 01:45:25,276] Trial 18 finished with value: 0.5462206089427575 and parameters: {'interp_param': 0.3761872057720712}. Best is trial 12 with value: 0.5679605052461043.
[I 2025-05-13 01:45:28,769] Trial 19 finished with value: 0.5678589824786746 and parameters: {'interp_param': 0.9618754687639113}. Best is trial 12 with value: 0.5679605052461043.
[I 2025-05-13 01:45:32,230] Trial 20 finished with value: 0.5557957688290265 and parameters: {'interp_param': 0.623742023182756}. Best is trial 12 with value: 0.5679605052461043.
[I 2025-05-13 01:45:35,717] Trial 21 finished with value: 0.5677507409145355 and parameters: {'interp_param': 0.9446360324621228}. Best is trial 12 with value: 0.5679605052461043.
[I 2025-05-13 01:45:39,201] Trial 22 finished with value: 0.5602694533807184 and parameters: {'interp_param': 0.7456765765095047}. Best is trial 12 with value: 0.5679605052461043.
[I 2025-05-13 01:45:42,679] Trial 23 finished with value: 0.5668209746881219 and parameters: {'interp_param': 0.912837132505331}. Best is trial 12 with value: 0.5679605052461043.
[I 2025-05-13 01:45:46,160] Trial 24 finished with value: 0.5622925777298414 and parameters: {'interp_param': 0.7968483116703922}. Best is trial 12 with value: 0.5679605052461043.
[I 2025-05-13 01:45:49,643] Trial 25 finished with value: 0.5677355490258044 and parameters: {'interp_param': 0.95074782463096}. Best is trial 12 with value: 0.5679605052461043.
[I 2025-05-13 01:45:53,117] Trial 26 finished with value: 0.5672754297761143 and parameters: {'interp_param': 0.999380085473174}. Best is trial 12 with value: 0.5679605052461043.
[I 2025-05-13 01:45:56,604] Trial 27 finished with value: 0.5614652088462333 and parameters: {'interp_param': 0.7801760274051937}. Best is trial 12 with value: 0.5679605052461043.
[I 2025-05-13 01:46:00,102] Trial 28 finished with value: 0.5668185310216309 and parameters: {'interp_param': 0.912693019259985}. Best is trial 12 with value: 0.5679605052461043.
[I 2025-05-13 01:46:03,578] Trial 29 finished with value: 0.5565174581398902 and parameters: {'interp_param': 0.6373070441103508}. Best is trial 12 with value: 0.5679605052461043.
[I 2025-05-13 01:46:07,054] Trial 30 finished with value: 0.5537416639333614 and parameters: {'interp_param': 0.5715964806607545}. Best is trial 12 with value: 0.5679605052461043.
[I 2025-05-13 01:46:10,527] Trial 31 finished with value: 0.5670878950927698 and parameters: {'interp_param': 0.999940715924681}. Best is trial 12 with value: 0.5679605052461043.
[I 2025-05-13 01:46:14,012] Trial 32 finished with value: 0.5675895566728033 and parameters: {'interp_param': 0.9366556592296558}. Best is trial 12 with value: 0.5679605052461043.
[I 2025-05-13 01:46:17,657] Trial 33 finished with value: 0.5645577279527727 and parameters: {'interp_param': 0.8664866329905956}. Best is trial 12 with value: 0.5679605052461043.
[I 2025-05-13 01:46:21,145] Trial 34 finished with value: 0.5677653463233089 and parameters: {'interp_param': 0.9457041714951055}. Best is trial 12 with value: 0.5679605052461043.
[I 2025-05-13 01:46:24,625] Trial 35 finished with value: 0.5645253172182634 and parameters: {'interp_param': 0.865743109231422}. Best is trial 12 with value: 0.5679605052461043.
[I 2025-05-13 01:46:28,114] Trial 36 finished with value: 0.5602287907703118 and parameters: {'interp_param': 0.7426979248906036}. Best is trial 12 with value: 0.5679605052461043.
[I 2025-05-13 01:46:31,598] Trial 37 finished with value: 0.5644338469230926 and parameters: {'interp_param': 0.862025488920431}. Best is trial 12 with value: 0.5679605052461043.
[I 2025-05-13 01:46:35,077] Trial 38 finished with value: 0.5398349791504318 and parameters: {'interp_param': 0.21010077927898285}. Best is trial 12 with value: 0.5679605052461043.
[I 2025-05-13 01:46:38,558] Trial 39 finished with value: 0.5679827709062562 and parameters: {'interp_param': 0.9650226558390307}. Best is trial 39 with value: 0.5679827709062562.
[I 2025-05-13 01:46:42,025] Trial 40 finished with value: 0.5630701266844039 and parameters: {'interp_param': 0.8158444305897387}. Best is trial 39 with value: 0.5679827709062562.
[I 2025-05-13 01:46:45,506] Trial 41 finished with value: 0.5680037607152717 and parameters: {'interp_param': 0.9712105879777914}. Best is trial 41 with value: 0.5680037607152717.
[I 2025-05-13 01:46:48,984] Trial 42 finished with value: 0.5677258155163294 and parameters: {'interp_param': 0.9530740714219412}. Best is trial 41 with value: 0.5680037607152717.
[I 2025-05-13 01:46:52,463] Trial 43 finished with value: 0.5661396187357587 and parameters: {'interp_param': 0.8958756790156657}. Best is trial 41 with value: 0.5680037607152717.
[I 2025-05-13 01:46:55,939] Trial 44 finished with value: 0.5640014105563222 and parameters: {'interp_param': 0.8438449792122359}. Best is trial 41 with value: 0.5680037607152717.
[I 2025-05-13 01:46:59,409] Trial 45 finished with value: 0.5667105055290552 and parameters: {'interp_param': 0.9089084724116132}. Best is trial 41 with value: 0.5680037607152717.
[I 2025-05-13 01:47:02,878] Trial 46 finished with value: 0.5679164575145379 and parameters: {'interp_param': 0.966140665452956}. Best is trial 41 with value: 0.5680037607152717.
[I 2025-05-13 01:47:06,358] Trial 47 finished with value: 0.5481868190131699 and parameters: {'interp_param': 0.4206976592457058}. Best is trial 41 with value: 0.5680037607152717.
[I 2025-05-13 01:47:09,981] Trial 48 finished with value: 0.5613202814173661 and parameters: {'interp_param': 0.7756849829096021}. Best is trial 41 with value: 0.5680037607152717.
[I 2025-05-13 01:47:13,457] Trial 49 finished with value: 0.559080411567352 and parameters: {'interp_param': 0.6954974750127882}. Best is trial 41 with value: 0.5680037607152717.
[I 2025-05-13 01:47:16,926] Trial 50 finished with value: 0.568005175469556 and parameters: {'interp_param': 0.9706414309990045}. Best is trial 50 with value: 0.568005175469556.
[I 2025-05-13 01:47:20,399] Trial 51 finished with value: 0.5678925816067826 and parameters: {'interp_param': 0.9683933159796655}. Best is trial 50 with value: 0.568005175469556.
[I 2025-05-13 01:47:23,875] Trial 52 finished with value: 0.5657454013129043 and parameters: {'interp_param': 0.888675886588771}. Best is trial 50 with value: 0.568005175469556.
[I 2025-05-13 01:47:27,356] Trial 53 finished with value: 0.5636987766089816 and parameters: {'interp_param': 0.8313187099617526}. Best is trial 50 with value: 0.568005175469556.
[I 2025-05-13 01:47:30,836] Trial 54 finished with value: 0.5436933793471104 and parameters: {'interp_param': 0.3140805102839951}. Best is trial 50 with value: 0.568005175469556.
[I 2025-05-13 01:47:34,307] Trial 55 finished with value: 0.5669331724196955 and parameters: {'interp_param': 0.918693934148739}. Best is trial 50 with value: 0.568005175469556.
[I 2025-05-13 01:47:37,780] Trial 56 finished with value: 0.536364067290776 and parameters: {'interp_param': 0.10146526754846275}. Best is trial 50 with value: 0.568005175469556.
[I 2025-05-13 01:47:41,263] Trial 57 finished with value: 0.5682459563595943 and parameters: {'interp_param': 0.9856439594910691}. Best is trial 57 with value: 0.5682459563595943.
[I 2025-05-13 01:47:44,732] Trial 58 finished with value: 0.5671163650935278 and parameters: {'interp_param': 0.999889617030411}. Best is trial 57 with value: 0.5682459563595943.
[I 2025-05-13 01:47:48,206] Trial 59 finished with value: 0.5654863726648811 and parameters: {'interp_param': 0.883543743560092}. Best is trial 57 with value: 0.5682459563595943.
[I 2025-05-13 01:47:51,686] Trial 60 finished with value: 0.5679824467989111 and parameters: {'interp_param': 0.9702621967471334}. Best is trial 57 with value: 0.5682459563595943.
[I 2025-05-13 01:47:55,159] Trial 61 finished with value: 0.5680273073711208 and parameters: {'interp_param': 0.9720236332215165}. Best is trial 57 with value: 0.5682459563595943.
[I 2025-05-13 01:47:58,649] Trial 62 finished with value: 0.5673698376156351 and parameters: {'interp_param': 0.9312893864772201}. Best is trial 57 with value: 0.5682459563595943.
[I 2025-05-13 01:48:02,271] Trial 63 finished with value: 0.5678279144745949 and parameters: {'interp_param': 0.9591495125675158}. Best is trial 57 with value: 0.5682459563595943.
[I 2025-05-13 01:48:05,752] Trial 64 finished with value: 0.5680298590733933 and parameters: {'interp_param': 0.9738080068130692}. Best is trial 57 with value: 0.5682459563595943.
[I 2025-05-13 01:48:09,212] Trial 65 finished with value: 0.5667226981387039 and parameters: {'interp_param': 0.9092170774143046}. Best is trial 57 with value: 0.5682459563595943.
[I 2025-05-13 01:48:12,694] Trial 66 finished with value: 0.5674384814935015 and parameters: {'interp_param': 0.9324910641063829}. Best is trial 57 with value: 0.5682459563595943.
[I 2025-05-13 01:48:16,175] Trial 67 finished with value: 0.568026242446987 and parameters: {'interp_param': 0.9735572068298488}. Best is trial 57 with value: 0.5682459563595943.
[I 2025-05-13 01:48:19,649] Trial 68 finished with value: 0.5639120083746869 and parameters: {'interp_param': 0.838245853537648}. Best is trial 57 with value: 0.5682459563595943.
[I 2025-05-13 01:48:23,129] Trial 69 finished with value: 0.5653416458738943 and parameters: {'interp_param': 0.8812911469915212}. Best is trial 57 with value: 0.5682459563595943.
[I 2025-05-13 01:48:26,597] Trial 70 finished with value: 0.5619841767295823 and parameters: {'interp_param': 0.7928894515221412}. Best is trial 57 with value: 0.5682459563595943.
[I 2025-05-13 01:48:30,067] Trial 71 finished with value: 0.5680511884234372 and parameters: {'interp_param': 0.9750031222175982}. Best is trial 57 with value: 0.5682459563595943.
[I 2025-05-13 01:48:33,549] Trial 72 finished with value: 0.5680142093187303 and parameters: {'interp_param': 0.9779808670028157}. Best is trial 57 with value: 0.5682459563595943.
[I 2025-05-13 01:48:37,026] Trial 73 finished with value: 0.5679811246467256 and parameters: {'interp_param': 0.9835059709811369}. Best is trial 57 with value: 0.5682459563595943.
[I 2025-05-13 01:48:40,496] Trial 74 finished with value: 0.5672843710231901 and parameters: {'interp_param': 0.928745876334778}. Best is trial 57 with value: 0.5682459563595943.
[I 2025-05-13 01:48:43,965] Trial 75 finished with value: 0.567532364587797 and parameters: {'interp_param': 0.9979660504789473}. Best is trial 57 with value: 0.5682459563595943.
[I 2025-05-13 01:48:47,438] Trial 76 finished with value: 0.5660123680186018 and parameters: {'interp_param': 0.8943054907149565}. Best is trial 57 with value: 0.5682459563595943.
[I 2025-05-13 01:48:51,062] Trial 77 finished with value: 0.567665516116459 and parameters: {'interp_param': 0.9385837437398898}. Best is trial 57 with value: 0.5682459563595943.
[I 2025-05-13 01:48:54,530] Trial 78 finished with value: 0.5642257700075425 and parameters: {'interp_param': 0.8538552738136855}. Best is trial 57 with value: 0.5682459563595943.
[I 2025-05-13 01:48:58,013] Trial 79 finished with value: 0.5680341547818561 and parameters: {'interp_param': 0.9740728120103277}. Best is trial 57 with value: 0.5682459563595943.
[I 2025-05-13 01:49:01,489] Trial 80 finished with value: 0.567761354143947 and parameters: {'interp_param': 0.9454778935918621}. Best is trial 57 with value: 0.5682459563595943.
[I 2025-05-13 01:49:04,982] Trial 81 finished with value: 0.5680238090696181 and parameters: {'interp_param': 0.9769031227158897}. Best is trial 57 with value: 0.5682459563595943.
[I 2025-05-13 01:49:08,465] Trial 82 finished with value: 0.5679725126515559 and parameters: {'interp_param': 0.9805151310369461}. Best is trial 57 with value: 0.5682459563595943.
[I 2025-05-13 01:49:11,947] Trial 83 finished with value: 0.5666905394876853 and parameters: {'interp_param': 0.9081999373307557}. Best is trial 57 with value: 0.5682459563595943.
[I 2025-05-13 01:49:15,424] Trial 84 finished with value: 0.5670627536230005 and parameters: {'interp_param': 0.9999730758909287}. Best is trial 57 with value: 0.5682459563595943.
[I 2025-05-13 01:49:18,894] Trial 85 finished with value: 0.5649943674259073 and parameters: {'interp_param': 0.8739676796942846}. Best is trial 57 with value: 0.5682459563595943.
[I 2025-05-13 01:49:22,378] Trial 86 finished with value: 0.5678369431792083 and parameters: {'interp_param': 0.9603560281298381}. Best is trial 57 with value: 0.5682459563595943.
[I 2025-05-13 01:49:25,854] Trial 87 finished with value: 0.5674174556725586 and parameters: {'interp_param': 0.932094301156367}. Best is trial 57 with value: 0.5682459563595943.
[I 2025-05-13 01:49:29,325] Trial 88 finished with value: 0.5680507717139934 and parameters: {'interp_param': 0.9744357176779253}. Best is trial 57 with value: 0.5682459563595943.
[I 2025-05-13 01:49:32,800] Trial 89 finished with value: 0.5667454731103981 and parameters: {'interp_param': 0.910050017476436}. Best is trial 57 with value: 0.5682459563595943.
[I 2025-05-13 01:49:36,271] Trial 90 finished with value: 0.5628967189656567 and parameters: {'interp_param': 0.8099704881191596}. Best is trial 57 with value: 0.5682459563595943.
[I 2025-05-13 01:49:39,749] Trial 91 finished with value: 0.5680514147841226 and parameters: {'interp_param': 0.9756679071445843}. Best is trial 57 with value: 0.5682459563595943.
[I 2025-05-13 01:49:43,381] Trial 92 finished with value: 0.5677216021208432 and parameters: {'interp_param': 0.9491834527900348}. Best is trial 57 with value: 0.5682459563595943.
[I 2025-05-13 01:49:46,854] Trial 93 finished with value: 0.5679819220536857 and parameters: {'interp_param': 0.9814216525954698}. Best is trial 57 with value: 0.5682459563595943.
[I 2025-05-13 01:49:50,330] Trial 94 finished with value: 0.5530499314013942 and parameters: {'interp_param': 0.5526042896395594}. Best is trial 57 with value: 0.5682459563595943.
[I 2025-05-13 01:49:53,803] Trial 95 finished with value: 0.5502863863946856 and parameters: {'interp_param': 0.47434024339572944}. Best is trial 57 with value: 0.5682459563595943.
[I 2025-05-13 01:49:57,286] Trial 96 finished with value: 0.5669825550610534 and parameters: {'interp_param': 0.9214196513168167}. Best is trial 57 with value: 0.5682459563595943.
[I 2025-05-13 01:50:00,766] Trial 97 finished with value: 0.5679556076240007 and parameters: {'interp_param': 0.9810119215615115}. Best is trial 57 with value: 0.5682459563595943.
[I 2025-05-13 01:50:04,238] Trial 98 finished with value: 0.566116766595649 and parameters: {'interp_param': 0.8956048455257108}. Best is trial 57 with value: 0.5682459563595943.
