[I 2025-05-13 01:56:02,160] Trial 99 finished with value: 0.5595595759819871 and parameters: {'threshold_scale_factor': 0.7654300727101898}. Best is trial 82 with value: 0.5622992296472574.
Best hyperparameters: {'threshold_scale_factor': 0.8662232486196662}
Best optimized value: 0.5622992296472574
Running audit 1/1
Training a GraphSAGE target model on pubmed...
Training GraphSAGE on cuda:   0%|          | 0/100 [00:00<?, ?it/s]Training GraphSAGE on cuda:  22%|██▏       | 22/100 [00:00<00:00, 214.67it/s]Training GraphSAGE on cuda:  44%|████▍     | 44/100 [00:00<00:00, 215.35it/s]Training GraphSAGE on cuda:  66%|██████▌   | 66/100 [00:00<00:00, 215.77it/s]Training GraphSAGE on cuda:  88%|████████▊ | 88/100 [00:00<00:00, 215.80it/s]Training GraphSAGE on cuda: 100%|██████████| 100/100 [00:00<00:00, 215.57it/s]
Train accuracy: 0.9663 | Test accuracy: 0.8684
Training MLP on cuda:   0%|          | 0/1000 [00:00<?, ?it/s]Training MLP on cuda:   0%|          | 1/1000 [00:20<5:45:04, 20.72s/it]Training MLP on cuda:   0%|          | 2/1000 [00:41<5:43:23, 20.64s/it]Training MLP on cuda:   0%|          | 3/1000 [01:02<5:43:41, 20.68s/it]Training MLP on cuda:   0%|          | 4/1000 [01:22<5:43:07, 20.67s/it]Training MLP on cuda:   0%|          | 5/1000 [01:43<5:42:13, 20.64s/it]Training MLP on cuda:   1%|          | 6/1000 [02:03<5:42:13, 20.66s/it]Training MLP on cuda:   1%|          | 7/1000 [02:24<5:42:12, 20.68s/it]Training MLP on cuda:   1%|          | 8/1000 [02:45<5:42:44, 20.73s/it]Training MLP on cuda:   1%|          | 9/1000 [03:06<5:41:48, 20.69s/it]Training MLP on cuda:   1%|          | 10/1000 [03:26<5:42:02, 20.73s/it]Training MLP on cuda:   1%|          | 11/1000 [03:47<5:42:24, 20.77s/it]Training MLP on cuda:   1%|          | 12/1000 [04:08<5:43:56, 20.89s/it]Training MLP on cuda:   1%|▏         | 13/1000 [04:30<5:44:39, 20.95s/it]Training MLP on cuda:   1%|▏         | 14/1000 [04:50<5:44:10, 20.94s/it]Training MLP on cuda:   2%|▏         | 15/1000 [05:12<5:44:23, 20.98s/it]Training MLP on cuda:   2%|▏         | 16/1000 [05:33<5:44:50, 21.03s/it]Training MLP on cuda:   2%|▏         | 17/1000 [05:54<5:45:41, 21.10s/it]Training MLP on cuda:   2%|▏         | 18/1000 [06:15<5:44:21, 21.04s/it]Training MLP on cuda:   2%|▏         | 19/1000 [06:36<5:44:51, 21.09s/it]Training MLP on cuda:   2%|▏         | 20/1000 [06:57<5:44:09, 21.07s/it]Training MLP on cuda:   2%|▏         | 21/1000 [07:18<5:44:11, 21.09s/it]Training MLP on cuda:   2%|▏         | 22/1000 [07:39<5:43:38, 21.08s/it]Training MLP on cuda:   2%|▏         | 23/1000 [08:00<5:42:52, 21.06s/it]Training MLP on cuda:   2%|▏         | 24/1000 [08:21<5:42:32, 21.06s/it]Training MLP on cuda:   2%|▎         | 25/1000 [08:42<5:42:26, 21.07s/it]Training MLP on cuda:   3%|▎         | 26/1000 [09:04<5:41:58, 21.07s/it]Training MLP on cuda:   3%|▎         | 27/1000 [09:24<5:39:34, 20.94s/it]Training MLP on cuda:   3%|▎         | 28/1000 [09:45<5:38:36, 20.90s/it]Training MLP on cuda:   3%|▎         | 29/1000 [10:06<5:36:49, 20.81s/it]Training MLP on cuda:   3%|▎         | 30/1000 [10:26<5:36:31, 20.82s/it]Training MLP on cuda:   3%|▎         | 31/1000 [10:47<5:35:49, 20.79s/it]Training MLP on cuda:   3%|▎         | 32/1000 [11:08<5:34:19, 20.72s/it]Training MLP on cuda:   3%|▎         | 33/1000 [11:28<5:34:14, 20.74s/it]Training MLP on cuda:   3%|▎         | 34/1000 [11:49<5:34:01, 20.75s/it]Training MLP on cuda:   4%|▎         | 35/1000 [12:10<5:34:33, 20.80s/it]Training MLP on cuda:   4%|▎         | 36/1000 [12:31<5:33:29, 20.76s/it]Training MLP on cuda:   4%|▎         | 37/1000 [12:52<5:33:22, 20.77s/it]Training MLP on cuda:   4%|▍         | 38/1000 [13:12<5:32:23, 20.73s/it]Training MLP on cuda:   4%|▍         | 39/1000 [13:33<5:32:32, 20.76s/it]Training MLP on cuda:   4%|▍         | 40/1000 [13:54<5:32:05, 20.76s/it]Training MLP on cuda:   4%|▍         | 41/1000 [14:14<5:30:53, 20.70s/it]Training MLP on cuda:   4%|▍         | 42/1000 [14:35<5:30:50, 20.72s/it]Training MLP on cuda:   4%|▍         | 43/1000 [14:56<5:30:51, 20.74s/it]Training MLP on cuda:   4%|▍         | 44/1000 [15:17<5:31:21, 20.80s/it]Training MLP on cuda:   4%|▍         | 45/1000 [15:38<5:30:29, 20.76s/it]Training MLP on cuda:   5%|▍         | 46/1000 [15:58<5:30:20, 20.78s/it]Training MLP on cuda:   5%|▍         | 47/1000 [16:19<5:29:23, 20.74s/it]Training MLP on cuda:   5%|▍         | 48/1000 [16:40<5:29:39, 20.78s/it]Training MLP on cuda:   5%|▍         | 49/1000 [17:01<5:29:05, 20.76s/it]Training MLP on cuda:   5%|▌         | 50/1000 [17:21<5:28:00, 20.72s/it]Training MLP on cuda:   5%|▌         | 51/1000 [17:42<5:27:58, 20.74s/it]Training MLP on cuda:   5%|▌         | 52/1000 [18:03<5:27:51, 20.75s/it]Training MLP on cuda:   5%|▌         | 53/1000 [18:24<5:28:17, 20.80s/it]Training MLP on cuda:   5%|▌         | 54/1000 [18:44<5:27:15, 20.76s/it]Training MLP on cuda:   6%|▌         | 55/1000 [19:05<5:27:18, 20.78s/it]Training MLP on cuda:   6%|▌         | 56/1000 [19:26<5:26:22, 20.74s/it]Training MLP on cuda:   6%|▌         | 57/1000 [19:47<5:26:31, 20.78s/it]Training MLP on cuda:   6%|▌         | 58/1000 [20:07<5:26:03, 20.77s/it]Training MLP on cuda:   6%|▌         | 59/1000 [20:28<5:24:56, 20.72s/it]Training MLP on cuda:   6%|▌         | 60/1000 [20:49<5:25:03, 20.75s/it]Training MLP on cuda:   6%|▌         | 61/1000 [21:10<5:24:46, 20.75s/it]Training MLP on cuda:   6%|▌         | 62/1000 [21:31<5:25:26, 20.82s/it]Training MLP on cuda:   6%|▋         | 63/1000 [21:51<5:24:19, 20.77s/it]Training MLP on cuda:   6%|▋         | 64/1000 [22:12<5:24:15, 20.79s/it]Training MLP on cuda:   6%|▋         | 65/1000 [22:33<5:23:18, 20.75s/it]Training MLP on cuda:   7%|▋         | 66/1000 [22:54<5:23:25, 20.78s/it]Training MLP on cuda:   7%|▋         | 67/1000 [23:14<5:22:57, 20.77s/it]Training MLP on cuda:   7%|▋         | 68/1000 [23:35<5:21:52, 20.72s/it]Training MLP on cuda:   7%|▋         | 69/1000 [23:56<5:22:01, 20.75s/it]Training MLP on cuda:   7%|▋         | 70/1000 [24:17<5:21:59, 20.77s/it]Training MLP on cuda:   7%|▋         | 71/1000 [24:38<5:22:18, 20.82s/it]Training MLP on cuda:   7%|▋         | 72/1000 [24:58<5:21:16, 20.77s/it]Training MLP on cuda:   7%|▋         | 73/1000 [25:19<5:21:03, 20.78s/it]Training MLP on cuda:   7%|▋         | 74/1000 [25:40<5:20:09, 20.74s/it]Training MLP on cuda:   8%|▊         | 75/1000 [26:01<5:20:14, 20.77s/it]Training MLP on cuda:   8%|▊         | 76/1000 [26:21<5:19:48, 20.77s/it]Training MLP on cuda:   8%|▊         | 77/1000 [26:42<5:18:54, 20.73s/it]Training MLP on cuda:   8%|▊         | 78/1000 [27:03<5:18:46, 20.74s/it]Training MLP on cuda:   8%|▊         | 79/1000 [27:24<5:18:58, 20.78s/it]Training MLP on cuda:   8%|▊         | 80/1000 [27:45<5:19:41, 20.85s/it]Training MLP on cuda:   8%|▊         | 81/1000 [28:05<5:19:15, 20.84s/it]Training MLP on cuda:   8%|▊         | 82/1000 [28:26<5:19:07, 20.86s/it]Training MLP on cuda:   8%|▊         | 83/1000 [28:47<5:18:22, 20.83s/it]Training MLP on cuda:   8%|▊         | 84/1000 [29:08<5:18:45, 20.88s/it]Training MLP on cuda:   8%|▊         | 85/1000 [29:29<5:18:09, 20.86s/it]Training MLP on cuda:   9%|▊         | 86/1000 [29:50<5:17:32, 20.85s/it]Training MLP on cuda:   9%|▊         | 87/1000 [30:10<5:16:05, 20.77s/it]Training MLP on cuda:   9%|▉         | 88/1000 [30:31<5:14:44, 20.71s/it]Training MLP on cuda:   9%|▉         | 89/1000 [30:51<5:14:05, 20.69s/it]Training MLP on cuda:   9%|▉         | 90/1000 [31:12<5:12:31, 20.61s/it]Training MLP on cuda:   9%|▉         | 91/1000 [31:32<5:11:59, 20.59s/it]Training MLP on cuda:   9%|▉         | 92/1000 [31:53<5:10:56, 20.55s/it]Training MLP on cuda:   9%|▉         | 93/1000 [32:13<5:10:45, 20.56s/it]Training MLP on cuda:   9%|▉         | 94/1000 [32:34<5:10:44, 20.58s/it]Training MLP on cuda:  10%|▉         | 95/1000 [32:55<5:09:56, 20.55s/it]Training MLP on cuda:  10%|▉         | 96/1000 [33:15<5:09:59, 20.57s/it]Training MLP on cuda:  10%|▉         | 97/1000 [33:36<5:09:54, 20.59s/it]Training MLP on cuda:  10%|▉         | 98/1000 [33:57<5:10:26, 20.65s/it]Training MLP on cuda:  10%|▉         | 99/1000 [34:17<5:09:41, 20.62s/it]Training MLP on cuda:  10%|█         | 100/1000 [34:38<5:09:38, 20.64s/it]Training MLP on cuda:  10%|█         | 101/1000 [34:58<5:08:54, 20.62s/it]Training MLP on cuda:  10%|█         | 102/1000 [35:19<5:08:59, 20.64s/it]Training MLP on cuda:  10%|█         | 103/1000 [35:40<5:08:40, 20.65s/it]Training MLP on cuda:  10%|█         | 104/1000 [36:00<5:07:36, 20.60s/it]Training MLP on cuda:  10%|█         | 105/1000 [36:21<5:07:30, 20.61s/it]Training MLP on cuda:  11%|█         | 106/1000 [36:42<5:07:18, 20.63s/it]Training MLP on cuda:  11%|█         | 107/1000 [37:02<5:07:37, 20.67s/it]Training MLP on cuda:  11%|█         | 108/1000 [37:23<5:06:44, 20.63s/it]Training MLP on cuda:  11%|█         | 109/1000 [37:44<5:06:31, 20.64s/it]Training MLP on cuda:  11%|█         | 110/1000 [38:04<5:05:38, 20.60s/it]Training MLP on cuda:  11%|█         | 111/1000 [38:25<5:05:44, 20.63s/it]Training MLP on cuda:  11%|█         | 112/1000 [38:45<5:05:15, 20.63s/it]Training MLP on cuda:  11%|█▏        | 113/1000 [39:06<5:04:14, 20.58s/it]Training MLP on cuda:  11%|█▏        | 114/1000 [39:27<5:04:09, 20.60s/it]Training MLP on cuda:  12%|█▏        | 115/1000 [39:47<5:04:05, 20.62s/it]Training MLP on cuda:  12%|█▏        | 116/1000 [40:08<5:04:25, 20.66s/it]Training MLP on cuda:  12%|█▏        | 117/1000 [40:28<5:03:33, 20.63s/it]Training MLP on cuda:  12%|█▏        | 118/1000 [40:49<5:03:29, 20.65s/it]Training MLP on cuda:  12%|█▏        | 119/1000 [41:10<5:02:27, 20.60s/it]Training MLP on cuda:  12%|█▏        | 120/1000 [41:30<5:02:43, 20.64s/it]Training MLP on cuda:  12%|█▏        | 121/1000 [41:51<5:02:13, 20.63s/it]Training MLP on cuda:  12%|█▏        | 122/1000 [42:11<5:01:01, 20.57s/it]Training MLP on cuda:  12%|█▏        | 123/1000 [42:32<5:00:41, 20.57s/it]Training MLP on cuda:  12%|█▏        | 124/1000 [42:53<5:00:35, 20.59s/it]Training MLP on cuda:  12%|█▎        | 125/1000 [43:13<5:01:13, 20.66s/it]Training MLP on cuda:  13%|█▎        | 126/1000 [43:34<5:00:17, 20.62s/it]Training MLP on cuda:  13%|█▎        | 127/1000 [43:55<5:00:16, 20.64s/it]Training MLP on cuda:  13%|█▎        | 128/1000 [44:15<4:59:28, 20.61s/it]Training MLP on cuda:  13%|█▎        | 129/1000 [44:36<4:59:30, 20.63s/it]Training MLP on cuda:  13%|█▎        | 130/1000 [44:57<4:59:22, 20.65s/it]Training MLP on cuda:  13%|█▎        | 131/1000 [45:17<4:58:14, 20.59s/it]Training MLP on cuda:  13%|█▎        | 132/1000 [45:38<4:58:10, 20.61s/it]Training MLP on cuda:  13%|█▎        | 133/1000 [45:58<4:58:07, 20.63s/it]Training MLP on cuda:  13%|█▎        | 134/1000 [46:19<4:58:23, 20.67s/it]Training MLP on cuda:  14%|█▎        | 135/1000 [46:40<4:57:41, 20.65s/it]Training MLP on cuda:  14%|█▎        | 136/1000 [47:00<4:57:21, 20.65s/it]Training MLP on cuda:  14%|█▎        | 137/1000 [47:21<4:56:22, 20.61s/it]Training MLP on cuda:  14%|█▍        | 138/1000 [47:42<4:56:20, 20.63s/it]Training MLP on cuda:  14%|█▍        | 139/1000 [48:02<4:55:50, 20.62s/it]Training MLP on cuda:  14%|█▍        | 140/1000 [48:23<4:54:58, 20.58s/it]Training MLP on cuda:  14%|█▍        | 141/1000 [48:43<4:54:59, 20.61s/it]Training MLP on cuda:  14%|█▍        | 142/1000 [49:04<4:54:51, 20.62s/it]Training MLP on cuda:  14%|█▍        | 143/1000 [49:25<4:55:07, 20.66s/it]Training MLP on cuda:  14%|█▍        | 144/1000 [49:45<4:54:19, 20.63s/it]Training MLP on cuda:  14%|█▍        | 145/1000 [50:06<4:54:10, 20.64s/it]Training MLP on cuda:  15%|█▍        | 146/1000 [50:27<4:53:27, 20.62s/it]Training MLP on cuda:  15%|█▍        | 147/1000 [50:47<4:53:40, 20.66s/it]Training MLP on cuda:  15%|█▍        | 148/1000 [51:08<4:53:09, 20.64s/it]Training MLP on cuda:  15%|█▍        | 149/1000 [51:28<4:52:06, 20.60s/it]Training MLP on cuda:  15%|█▌        | 150/1000 [51:49<4:51:57, 20.61s/it]Training MLP on cuda:  15%|█▌        | 151/1000 [52:10<4:51:50, 20.63s/it]Training MLP on cuda:  15%|█▌        | 152/1000 [52:30<4:52:20, 20.68s/it]Training MLP on cuda:  15%|█▌        | 153/1000 [52:51<4:51:17, 20.63s/it]Training MLP on cuda:  15%|█▌        | 154/1000 [53:12<4:51:00, 20.64s/it]Training MLP on cuda:  16%|█▌        | 155/1000 [53:32<4:50:04, 20.60s/it]Training MLP on cuda:  16%|█▌        | 156/1000 [53:53<4:50:11, 20.63s/it]Training MLP on cuda:  16%|█▌        | 157/1000 [54:14<4:49:57, 20.64s/it]Training MLP on cuda:  16%|█▌        | 157/1000 [54:34<4:53:02, 20.86s/it]
Training MLP on cuda:   0%|          | 0/1000 [00:00<?, ?it/s]Training MLP on cuda:   0%|          | 1/1000 [00:20<5:42:24, 20.57s/it]Training MLP on cuda:   0%|          | 2/1000 [00:40<5:40:41, 20.48s/it]Training MLP on cuda:   0%|          | 3/1000 [01:01<5:42:38, 20.62s/it]Training MLP on cuda:   0%|          | 4/1000 [01:22<5:42:48, 20.65s/it]Training MLP on cuda:   0%|          | 5/1000 [01:43<5:42:58, 20.68s/it]Training MLP on cuda:   1%|          | 6/1000 [02:03<5:41:37, 20.62s/it]Training MLP on cuda:   1%|          | 7/1000 [02:24<5:41:17, 20.62s/it]Training MLP on cuda:   1%|          | 8/1000 [02:45<5:41:19, 20.64s/it]Training MLP on cuda:   1%|          | 9/1000 [03:05<5:40:24, 20.61s/it]Training MLP on cuda:   1%|          | 10/1000 [03:26<5:41:03, 20.67s/it]Training MLP on cuda:   1%|          | 11/1000 [03:47<5:40:56, 20.68s/it]Training MLP on cuda:   1%|          | 12/1000 [04:07<5:40:39, 20.69s/it]Training MLP on cuda:   1%|▏         | 13/1000 [04:28<5:39:43, 20.65s/it]Training MLP on cuda:   1%|▏         | 14/1000 [04:49<5:39:41, 20.67s/it]Training MLP on cuda:   2%|▏         | 15/1000 [05:09<5:39:49, 20.70s/it]Training MLP on cuda:   2%|▏         | 16/1000 [05:30<5:39:14, 20.69s/it]Training MLP on cuda:   2%|▏         | 17/1000 [05:51<5:39:54, 20.75s/it]Training MLP on cuda:   2%|▏         | 18/1000 [06:12<5:39:41, 20.76s/it]Training MLP on cuda:   2%|▏         | 19/1000 [06:32<5:39:48, 20.78s/it]Training MLP on cuda:   2%|▏         | 20/1000 [06:53<5:38:21, 20.72s/it]Training MLP on cuda:   2%|▏         | 21/1000 [07:14<5:37:37, 20.69s/it]Training MLP on cuda:   2%|▏         | 22/1000 [07:34<5:36:58, 20.67s/it]Training MLP on cuda:   2%|▏         | 23/1000 [07:55<5:35:46, 20.62s/it]Training MLP on cuda:   2%|▏         | 24/1000 [08:16<5:36:06, 20.66s/it]Training MLP on cuda:   2%|▎         | 25/1000 [08:36<5:35:31, 20.65s/it]Training MLP on cuda:   3%|▎         | 26/1000 [08:57<5:35:06, 20.64s/it]Training MLP on cuda:   3%|▎         | 27/1000 [09:17<5:34:00, 20.60s/it]Training MLP on cuda:   3%|▎         | 28/1000 [09:38<5:33:54, 20.61s/it]Training MLP on cuda:   3%|▎         | 29/1000 [09:59<5:33:44, 20.62s/it]Training MLP on cuda:   3%|▎         | 30/1000 [10:19<5:33:01, 20.60s/it]Training MLP on cuda:   3%|▎         | 31/1000 [10:40<5:33:40, 20.66s/it]Training MLP on cuda:   3%|▎         | 32/1000 [11:01<5:33:16, 20.66s/it]Training MLP on cuda:   3%|▎         | 33/1000 [11:21<5:32:51, 20.65s/it]Training MLP on cuda:   3%|▎         | 34/1000 [11:42<5:31:17, 20.58s/it]Training MLP on cuda:   4%|▎         | 35/1000 [12:02<5:30:57, 20.58s/it]Training MLP on cuda:   4%|▎         | 36/1000 [12:23<5:30:56, 20.60s/it]Training MLP on cuda:   4%|▎         | 37/1000 [12:43<5:30:12, 20.57s/it]Training MLP on cuda:   4%|▍         | 38/1000 [13:04<5:30:43, 20.63s/it]Training MLP on cuda:   4%|▍         | 39/1000 [13:25<5:30:26, 20.63s/it]Training MLP on cuda:   4%|▍         | 40/1000 [13:46<5:30:32, 20.66s/it]Training MLP on cuda:   4%|▍         | 41/1000 [14:06<5:28:54, 20.58s/it]Training MLP on cuda:   4%|▍         | 42/1000 [14:26<5:28:30, 20.58s/it]Training MLP on cuda:   4%|▍         | 43/1000 [14:47<5:28:37, 20.60s/it]Training MLP on cuda:   4%|▍         | 44/1000 [15:08<5:27:26, 20.55s/it]Training MLP on cuda:   4%|▍         | 45/1000 [15:28<5:28:05, 20.61s/it]Training MLP on cuda:   5%|▍         | 46/1000 [15:49<5:27:51, 20.62s/it]Training MLP on cuda:   5%|▍         | 47/1000 [16:10<5:28:07, 20.66s/it]Training MLP on cuda:   5%|▍         | 48/1000 [16:30<5:26:51, 20.60s/it]Training MLP on cuda:   5%|▍         | 49/1000 [16:51<5:26:16, 20.58s/it]Training MLP on cuda:   5%|▌         | 50/1000 [17:11<5:26:03, 20.59s/it]Training MLP on cuda:   5%|▌         | 51/1000 [17:32<5:25:04, 20.55s/it]Training MLP on cuda:   5%|▌         | 52/1000 [17:53<5:25:43, 20.62s/it]Training MLP on cuda:   5%|▌         | 53/1000 [18:13<5:25:32, 20.63s/it]Training MLP on cuda:   5%|▌         | 54/1000 [18:34<5:25:32, 20.65s/it]Training MLP on cuda:   6%|▌         | 55/1000 [18:54<5:24:31, 20.61s/it]Training MLP on cuda:   6%|▌         | 56/1000 [19:15<5:24:11, 20.61s/it]Training MLP on cuda:   6%|▌         | 57/1000 [19:36<5:24:09, 20.63s/it]Training MLP on cuda:   6%|▌         | 58/1000 [19:56<5:23:28, 20.60s/it]Training MLP on cuda:   6%|▌         | 59/1000 [20:17<5:23:38, 20.64s/it]Training MLP on cuda:   6%|▌         | 60/1000 [20:38<5:22:56, 20.61s/it]Training MLP on cuda:   6%|▌         | 61/1000 [20:58<5:22:25, 20.60s/it]Training MLP on cuda:   6%|▌         | 62/1000 [21:18<5:20:34, 20.51s/it]Training MLP on cuda:   6%|▋         | 63/1000 [21:39<5:20:09, 20.50s/it]Training MLP on cuda:   6%|▋         | 64/1000 [21:59<5:19:53, 20.51s/it]Training MLP on cuda:   6%|▋         | 65/1000 [22:20<5:18:44, 20.45s/it]Training MLP on cuda:   7%|▋         | 66/1000 [22:40<5:19:50, 20.55s/it]Training MLP on cuda:   7%|▋         | 67/1000 [23:01<5:19:46, 20.56s/it]Training MLP on cuda:   7%|▋         | 68/1000 [23:22<5:19:16, 20.55s/it]Training MLP on cuda:   7%|▋         | 69/1000 [23:42<5:17:35, 20.47s/it]Training MLP on cuda:   7%|▋         | 70/1000 [24:02<5:17:13, 20.47s/it]Training MLP on cuda:   7%|▋         | 71/1000 [24:23<5:17:00, 20.47s/it]Training MLP on cuda:   7%|▋         | 72/1000 [24:43<5:16:20, 20.45s/it]Training MLP on cuda:   7%|▋         | 73/1000 [25:04<5:16:59, 20.52s/it]Training MLP on cuda:   7%|▋         | 74/1000 [25:24<5:16:58, 20.54s/it]Training MLP on cuda:   8%|▊         | 75/1000 [25:45<5:16:55, 20.56s/it]Training MLP on cuda:   8%|▊         | 76/1000 [26:05<5:15:33, 20.49s/it]Training MLP on cuda:   8%|▊         | 77/1000 [26:26<5:15:26, 20.51s/it]Training MLP on cuda:   8%|▊         | 78/1000 [26:46<5:15:15, 20.52s/it]Training MLP on cuda:   8%|▊         | 79/1000 [27:07<5:14:43, 20.50s/it]Training MLP on cuda:   8%|▊         | 80/1000 [27:28<5:15:05, 20.55s/it]Training MLP on cuda:   8%|▊         | 81/1000 [27:48<5:15:15, 20.58s/it]Training MLP on cuda:   8%|▊         | 82/1000 [28:09<5:15:28, 20.62s/it]Training MLP on cuda:   8%|▊         | 83/1000 [28:29<5:14:03, 20.55s/it]Training MLP on cuda:   8%|▊         | 84/1000 [28:50<5:13:13, 20.52s/it]Training MLP on cuda:   8%|▊         | 85/1000 [29:10<5:13:16, 20.54s/it]Training MLP on cuda:   9%|▊         | 86/1000 [29:31<5:12:36, 20.52s/it]Training MLP on cuda:   9%|▊         | 87/1000 [29:52<5:13:17, 20.59s/it]Training MLP on cuda:   9%|▉         | 88/1000 [30:12<5:12:36, 20.57s/it]Training MLP on cuda:   9%|▉         | 89/1000 [30:33<5:12:35, 20.59s/it]Training MLP on cuda:   9%|▉         | 90/1000 [30:53<5:11:05, 20.51s/it]Training MLP on cuda:   9%|▉         | 91/1000 [31:14<5:10:54, 20.52s/it]Training MLP on cuda:   9%|▉         | 92/1000 [31:34<5:11:21, 20.57s/it]Training MLP on cuda:   9%|▉         | 93/1000 [31:55<5:10:38, 20.55s/it]Training MLP on cuda:   9%|▉         | 94/1000 [32:16<5:11:18, 20.62s/it]Training MLP on cuda:  10%|▉         | 95/1000 [32:36<5:11:09, 20.63s/it]Training MLP on cuda:  10%|▉         | 96/1000 [32:57<5:11:16, 20.66s/it]Training MLP on cuda:  10%|▉         | 97/1000 [33:17<5:09:44, 20.58s/it]Training MLP on cuda:  10%|▉         | 98/1000 [33:38<5:08:39, 20.53s/it]Training MLP on cuda:  10%|▉         | 99/1000 [33:58<5:08:45, 20.56s/it]Training MLP on cuda:  10%|█         | 100/1000 [34:19<5:07:37, 20.51s/it]Training MLP on cuda:  10%|█         | 101/1000 [34:40<5:08:12, 20.57s/it]Training MLP on cuda:  10%|█         | 102/1000 [35:00<5:07:39, 20.56s/it]Training MLP on cuda:  10%|█         | 103/1000 [35:21<5:07:44, 20.58s/it]Training MLP on cuda:  10%|█         | 104/1000 [35:41<5:06:48, 20.54s/it]Training MLP on cuda:  10%|█         | 105/1000 [36:02<5:06:21, 20.54s/it]Training MLP on cuda:  11%|█         | 106/1000 [36:22<5:06:20, 20.56s/it]Training MLP on cuda:  11%|█         | 107/1000 [36:43<5:05:34, 20.53s/it]Training MLP on cuda:  11%|█         | 108/1000 [37:04<5:06:14, 20.60s/it]Training MLP on cuda:  11%|█         | 109/1000 [37:24<5:06:29, 20.64s/it]Training MLP on cuda:  11%|█         | 110/1000 [37:45<5:07:27, 20.73s/it]Training MLP on cuda:  11%|█         | 111/1000 [38:06<5:06:30, 20.69s/it]Training MLP on cuda:  11%|█         | 112/1000 [38:26<5:05:23, 20.63s/it]Training MLP on cuda:  11%|█▏        | 113/1000 [38:47<5:05:01, 20.63s/it]Training MLP on cuda:  11%|█▏        | 114/1000 [39:07<5:03:35, 20.56s/it]Training MLP on cuda:  12%|█▏        | 115/1000 [39:28<5:03:22, 20.57s/it]Training MLP on cuda:  12%|█▏        | 116/1000 [39:48<5:02:23, 20.52s/it]Training MLP on cuda:  12%|█▏        | 117/1000 [40:09<5:01:53, 20.51s/it]Training MLP on cuda:  12%|█▏        | 118/1000 [40:29<5:00:53, 20.47s/it]Training MLP on cuda:  12%|█▏        | 119/1000 [40:50<5:02:33, 20.61s/it]Training MLP on cuda:  12%|█▏        | 120/1000 [41:11<5:03:24, 20.69s/it]Training MLP on cuda:  12%|█▏        | 121/1000 [41:32<5:04:10, 20.76s/it]Training MLP on cuda:  12%|█▏        | 122/1000 [41:53<5:04:58, 20.84s/it]Training MLP on cuda:  12%|█▏        | 123/1000 [42:15<5:08:47, 21.13s/it]Training MLP on cuda:  12%|█▏        | 124/1000 [42:35<5:06:18, 20.98s/it]Training MLP on cuda:  12%|█▎        | 125/1000 [42:56<5:03:17, 20