[I 2025-05-13 01:45:26,046] Trial 0 finished with value: 0.536040978568767 and parameters: {'interp_param': 0.11153061258530517}. Best is trial 0 with value: 0.536040978568767.
[I 2025-05-13 01:45:29,570] Trial 1 finished with value: 0.5595402324325022 and parameters: {'interp_param': 0.8511221430044146}. Best is trial 1 with value: 0.5595402324325022.
[I 2025-05-13 01:45:33,085] Trial 2 finished with value: 0.5378227612706992 and parameters: {'interp_param': 0.1702622489672384}. Best is trial 1 with value: 0.5595402324325022.
[I 2025-05-13 01:45:36,594] Trial 3 finished with value: 0.5523123042404496 and parameters: {'interp_param': 0.6122302778173598}. Best is trial 1 with value: 0.5595402324325022.
[I 2025-05-13 01:45:40,266] Trial 4 finished with value: 0.5599381385056174 and parameters: {'interp_param': 0.8706452629018233}. Best is trial 4 with value: 0.5599381385056174.
[I 2025-05-13 01:45:43,781] Trial 5 finished with value: 0.5600576775257855 and parameters: {'interp_param': 0.9007498310845979}. Best is trial 5 with value: 0.5600576775257855.
[I 2025-05-13 01:45:47,292] Trial 6 finished with value: 0.5394596628448134 and parameters: {'interp_param': 0.22965904277557447}. Best is trial 5 with value: 0.5600576775257855.
[I 2025-05-13 01:45:50,812] Trial 7 finished with value: 0.5348179517852152 and parameters: {'interp_param': 0.07035976441203762}. Best is trial 5 with value: 0.5600576775257855.
[I 2025-05-13 01:45:54,326] Trial 8 finished with value: 0.5390839967090448 and parameters: {'interp_param': 0.21309836075169686}. Best is trial 5 with value: 0.5600576775257855.
[I 2025-05-13 01:45:57,842] Trial 9 finished with value: 0.5550598136504177 and parameters: {'interp_param': 0.7141650936956548}. Best is trial 5 with value: 0.5600576775257855.
[I 2025-05-13 01:46:01,365] Trial 10 finished with value: 0.5464066002577919 and parameters: {'interp_param': 0.42069836357857876}. Best is trial 5 with value: 0.5600576775257855.
[I 2025-05-13 01:46:04,898] Trial 11 finished with value: 0.5606995078157303 and parameters: {'interp_param': 0.960143804498742}. Best is trial 11 with value: 0.5606995078157303.
[I 2025-05-13 01:46:08,427] Trial 12 finished with value: 0.5600373513651433 and parameters: {'interp_param': 0.9710590111062248}. Best is trial 11 with value: 0.5606995078157303.
[I 2025-05-13 01:46:11,942] Trial 13 finished with value: 0.5595374903814714 and parameters: {'interp_param': 0.9846162169706852}. Best is trial 11 with value: 0.5606995078157303.
[I 2025-05-13 01:46:15,469] Trial 14 finished with value: 0.5555971321829725 and parameters: {'interp_param': 0.7269047839534974}. Best is trial 11 with value: 0.5606995078157303.
[I 2025-05-13 01:46:18,988] Trial 15 finished with value: 0.5477862274791954 and parameters: {'interp_param': 0.47742787381463647}. Best is trial 11 with value: 0.5606995078157303.
[I 2025-05-13 01:46:22,502] Trial 16 finished with value: 0.5582670256006321 and parameters: {'interp_param': 0.8040637794814819}. Best is trial 11 with value: 0.5606995078157303.
[I 2025-05-13 01:46:26,033] Trial 17 finished with value: 0.5523750987524213 and parameters: {'interp_param': 0.6143511812929769}. Best is trial 11 with value: 0.5606995078157303.
[I 2025-05-13 01:46:29,696] Trial 18 finished with value: 0.5431105108711674 and parameters: {'interp_param': 0.3468429858210139}. Best is trial 11 with value: 0.5606995078157303.
[I 2025-05-13 01:46:33,211] Trial 19 finished with value: 0.5520852953402974 and parameters: {'interp_param': 0.6030427416405356}. Best is trial 11 with value: 0.5606995078157303.
[I 2025-05-13 01:46:36,743] Trial 20 finished with value: 0.5602573327949241 and parameters: {'interp_param': 0.9193884297415229}. Best is trial 11 with value: 0.5606995078157303.
[I 2025-05-13 01:46:40,255] Trial 21 finished with value: 0.5601097610616859 and parameters: {'interp_param': 0.9246587388311366}. Best is trial 11 with value: 0.5606995078157303.
[I 2025-05-13 01:46:43,763] Trial 22 finished with value: 0.5565339927590509 and parameters: {'interp_param': 0.7511345025126359}. Best is trial 11 with value: 0.5606995078157303.
[I 2025-05-13 01:46:47,287] Trial 23 finished with value: 0.5601874593669709 and parameters: {'interp_param': 0.9336116020568151}. Best is trial 11 with value: 0.5606995078157303.
[I 2025-05-13 01:46:50,811] Trial 24 finished with value: 0.5578489631373886 and parameters: {'interp_param': 0.7901868386842689}. Best is trial 11 with value: 0.5606995078157303.
[I 2025-05-13 01:46:54,327] Trial 25 finished with value: 0.5592252463941205 and parameters: {'interp_param': 0.9896356817069184}. Best is trial 11 with value: 0.5606995078157303.
[I 2025-05-13 01:46:57,858] Trial 26 finished with value: 0.5595173957260757 and parameters: {'interp_param': 0.8453818657866013}. Best is trial 11 with value: 0.5606995078157303.
[I 2025-05-13 01:47:01,390] Trial 27 finished with value: 0.5544207511343089 and parameters: {'interp_param': 0.6824827284877995}. Best is trial 11 with value: 0.5606995078157303.
[I 2025-05-13 01:47:04,908] Trial 28 finished with value: 0.5602630484022321 and parameters: {'interp_param': 0.9189109814734644}. Best is trial 11 with value: 0.5606995078157303.
[I 2025-05-13 01:47:08,418] Trial 29 finished with value: 0.5580049616615994 and parameters: {'interp_param': 0.7959713257132415}. Best is trial 11 with value: 0.5606995078157303.
[I 2025-05-13 01:47:11,956] Trial 30 finished with value: 0.554080813974916 and parameters: {'interp_param': 0.6697092691879398}. Best is trial 11 with value: 0.5606995078157303.
[I 2025-05-13 01:47:15,482] Trial 31 finished with value: 0.5601173904456982 and parameters: {'interp_param': 0.9289005604793703}. Best is trial 11 with value: 0.5606995078157303.
[I 2025-05-13 01:47:18,989] Trial 32 finished with value: 0.5598384523464763 and parameters: {'interp_param': 0.8672660851647195}. Best is trial 11 with value: 0.5606995078157303.
[I 2025-05-13 01:47:22,640] Trial 33 finished with value: 0.5606404482550688 and parameters: {'interp_param': 0.9410898937279056}. Best is trial 11 with value: 0.5606995078157303.
[I 2025-05-13 01:47:26,159] Trial 34 finished with value: 0.5592366415968092 and parameters: {'interp_param': 0.9895079860634833}. Best is trial 11 with value: 0.5606995078157303.
[I 2025-05-13 01:47:29,680] Trial 35 finished with value: 0.5590485821682394 and parameters: {'interp_param': 0.8231246888088815}. Best is trial 11 with value: 0.5606995078157303.
[I 2025-05-13 01:47:33,195] Trial 36 finished with value: 0.560065949979927 and parameters: {'interp_param': 0.8863744044158428}. Best is trial 11 with value: 0.5606995078157303.
[I 2025-05-13 01:47:36,712] Trial 37 finished with value: 0.5601157184633625 and parameters: {'interp_param': 0.9283453316542483}. Best is trial 11 with value: 0.5606995078157303.
[I 2025-05-13 01:47:40,236] Trial 38 finished with value: 0.5503490985936808 and parameters: {'interp_param': 0.5545177626860225}. Best is trial 11 with value: 0.5606995078157303.
[I 2025-05-13 01:47:43,768] Trial 39 finished with value: 0.5597908342895529 and parameters: {'interp_param': 0.8645927135266163}. Best is trial 11 with value: 0.5606995078157303.
[I 2025-05-13 01:47:47,285] Trial 40 finished with value: 0.5335842757603245 and parameters: {'interp_param': 0.008275525294671682}. Best is trial 11 with value: 0.5606995078157303.
[I 2025-05-13 01:47:50,813] Trial 41 finished with value: 0.5601033457940776 and parameters: {'interp_param': 0.9268385997529062}. Best is trial 11 with value: 0.5606995078157303.
[I 2025-05-13 01:47:54,321] Trial 42 finished with value: 0.5607194790016613 and parameters: {'interp_param': 0.9438888201374844}. Best is trial 42 with value: 0.5607194790016613.
[I 2025-05-13 01:47:57,847] Trial 43 finished with value: 0.5568026623144503 and parameters: {'interp_param': 0.7632152143114409}. Best is trial 42 with value: 0.5607194790016613.
[I 2025-05-13 01:48:01,362] Trial 44 finished with value: 0.5599190727624282 and parameters: {'interp_param': 0.8817764241129956}. Best is trial 42 with value: 0.5607194790016613.
[I 2025-05-13 01:48:04,870] Trial 45 finished with value: 0.560790021222549 and parameters: {'interp_param': 0.9535868160624112}. Best is trial 45 with value: 0.560790021222549.
[I 2025-05-13 01:48:08,393] Trial 46 finished with value: 0.5602633930878214 and parameters: {'interp_param': 0.9672343503653884}. Best is trial 45 with value: 0.560790021222549.
[I 2025-05-13 01:48:11,895] Trial 47 finished with value: 0.5577244287484574 and parameters: {'interp_param': 0.9992549129646985}. Best is trial 45 with value: 0.560790021222549.
[I 2025-05-13 01:48:15,559] Trial 48 finished with value: 0.5605326697014227 and parameters: {'interp_param': 0.962617146585111}. Best is trial 45 with value: 0.560790021222549.
[I 2025-05-13 01:48:19,076] Trial 49 finished with value: 0.55899137464955 and parameters: {'interp_param': 0.8220179183779858}. Best is trial 45 with value: 0.560790021222549.
[I 2025-05-13 01:48:22,596] Trial 50 finished with value: 0.542988132053309 and parameters: {'interp_param': 0.34324711060966573}. Best is trial 45 with value: 0.560790021222549.
[I 2025-05-13 01:48:26,118] Trial 51 finished with value: 0.5607962461413992 and parameters: {'interp_param': 0.9537422677144974}. Best is trial 51 with value: 0.5607962461413992.
[I 2025-05-13 01:48:29,639] Trial 52 finished with value: 0.5607519771937083 and parameters: {'interp_param': 0.9591742088949239}. Best is trial 51 with value: 0.5607962461413992.
[I 2025-05-13 01:48:33,169] Trial 53 finished with value: 0.560759858661211 and parameters: {'interp_param': 0.9588374819703375}. Best is trial 51 with value: 0.5607962461413992.
[I 2025-05-13 01:48:36,688] Trial 54 finished with value: 0.5599189132810363 and parameters: {'interp_param': 0.8795684846058521}. Best is trial 51 with value: 0.5607962461413992.
[I 2025-05-13 01:48:40,195] Trial 55 finished with value: 0.5594581972622663 and parameters: {'interp_param': 0.832540614271974}. Best is trial 51 with value: 0.5607962461413992.
[I 2025-05-13 01:48:43,706] Trial 56 finished with value: 0.5582111968242995 and parameters: {'interp_param': 0.9972286338709777}. Best is trial 51 with value: 0.5607962461413992.
[I 2025-05-13 01:48:47,221] Trial 57 finished with value: 0.5606490242383113 and parameters: {'interp_param': 0.9609778688222921}. Best is trial 51 with value: 0.5607962461413992.
[I 2025-05-13 01:48:50,744] Trial 58 finished with value: 0.5600903094764194 and parameters: {'interp_param': 0.886860923591266}. Best is trial 51 with value: 0.5607962461413992.
[I 2025-05-13 01:48:54,271] Trial 59 finished with value: 0.5595393681462486 and parameters: {'interp_param': 0.8506700420888466}. Best is trial 51 with value: 0.5607962461413992.
[I 2025-05-13 01:48:57,784] Trial 60 finished with value: 0.5567218155378131 and parameters: {'interp_param': 0.7599339282921517}. Best is trial 51 with value: 0.5607962461413992.
[I 2025-05-13 01:49:01,296] Trial 61 finished with value: 0.5607350875998361 and parameters: {'interp_param': 0.9595695432345747}. Best is trial 51 with value: 0.5607962461413992.
[I 2025-05-13 01:49:04,811] Trial 62 finished with value: 0.5608109441522711 and parameters: {'interp_param': 0.9558394999916088}. Best is trial 62 with value: 0.5608109441522711.
[I 2025-05-13 01:49:08,462] Trial 63 finished with value: 0.5602072710715098 and parameters: {'interp_param': 0.9067971761194276}. Best is trial 62 with value: 0.5608109441522711.
[I 2025-05-13 01:49:11,984] Trial 64 finished with value: 0.5608585467755116 and parameters: {'interp_param': 0.949326167935056}. Best is trial 64 with value: 0.5608585467755116.
[I 2025-05-13 01:49:15,492] Trial 65 finished with value: 0.5376965446103099 and parameters: {'interp_param': 0.16675500056792125}. Best is trial 64 with value: 0.5608585467755116.
[I 2025-05-13 01:49:19,009] Trial 66 finished with value: 0.5600480108956041 and parameters: {'interp_param': 0.8992908910509834}. Best is trial 64 with value: 0.5608585467755116.
[I 2025-05-13 01:49:22,519] Trial 67 finished with value: 0.5605974140020258 and parameters: {'interp_param': 0.9617211960029102}. Best is trial 64 with value: 0.5608585467755116.
[I 2025-05-13 01:49:26,047] Trial 68 finished with value: 0.5595263781296397 and parameters: {'interp_param': 0.8496333577373459}. Best is trial 64 with value: 0.5608585467755116.
[I 2025-05-13 01:49:29,558] Trial 69 finished with value: 0.5578658424421388 and parameters: {'interp_param': 0.7908330357990954}. Best is trial 64 with value: 0.5608585467755116.
[I 2025-05-13 01:49:33,077] Trial 70 finished with value: 0.5579834522519194 and parameters: {'interp_param': 0.9983877013468179}. Best is trial 64 with value: 0.5608585467755116.
[I 2025-05-13 01:49:36,599] Trial 71 finished with value: 0.5608557635679926 and parameters: {'interp_param': 0.950070122739122}. Best is trial 64 with value: 0.5608585467755116.
[I 2025-05-13 01:49:40,127] Trial 72 finished with value: 0.5607796549320669 and parameters: {'interp_param': 0.9581581540021233}. Best is trial 64 with value: 0.5608585467755116.
[I 2025-05-13 01:49:43,642] Trial 73 finished with value: 0.5600599308435181 and parameters: {'interp_param': 0.9021713726123273}. Best is trial 64 with value: 0.5608585467755116.
[I 2025-05-13 01:49:47,152] Trial 74 finished with value: 0.5607619833649179 and parameters: {'interp_param': 0.9459823876909316}. Best is trial 64 with value: 0.5608585467755116.
[I 2025-05-13 01:49:50,659] Trial 75 finished with value: 0.5602272422574408 and parameters: {'interp_param': 0.9074126205327097}. Best is trial 64 with value: 0.5608585467755116.
[I 2025-05-13 01:49:54,171] Trial 76 finished with value: 0.5601027284467535 and parameters: {'interp_param': 0.930098685443109}. Best is trial 64 with value: 0.5608585467755116.
[I 2025-05-13 01:49:57,822] Trial 77 finished with value: 0.5598245568871257 and parameters: {'interp_param': 0.8665933925000198}. Best is trial 64 with value: 0.5608585467755116.
[I 2025-05-13 01:50:01,347] Trial 78 finished with value: 0.5598195872411675 and parameters: {'interp_param': 0.9771506996890837}. Best is trial 64 with value: 0.5608585467755116.
[I 2025-05-13 01:50:04,862] Trial 79 finished with value: 0.5444312688806676 and parameters: {'interp_param': 0.37755931906974993}. Best is trial 64 with value: 0.5608585467755116.
[I 2025-05-13 01:50:08,375] Trial 80 finished with value: 0.5552059603402497 and parameters: {'interp_param': 0.717333373078832}. Best is trial 64 with value: 0.5608585467755116.
[I 2025-05-13 01:50:11,890] Trial 81 finished with value: 0.5606236821306615 and parameters: {'interp_param': 0.9407919163690049}. Best is trial 64 with value: 0.5608585467755116.
[I 2025-05-13 01:50:15,419] Trial 82 finished with value: 0.5607710789488246 and parameters: {'interp_param': 0.9529108764809702}. Best is trial 64 with value: 0.5608585467755116.
[I 2025-05-13 01:50:18,929] Trial 83 finished with value: 0.5602359211319039 and parameters: {'interp_param': 0.9093774900859516}. Best is trial 64 with value: 0.5608585467755116.
[I 2025-05-13 01:50:22,457] Trial 84 finished with value: 0.5597155384942706 and parameters: {'interp_param': 0.9806984073840721}. Best is trial 64 with value: 0.5608585467755116.
[I 2025-05-13 01:50:25,981] Trial 85 finished with value: 0.5606473008103651 and parameters: {'interp_param': 0.9412348453049049}. Best is trial 64 with value: 0.5608585467755116.
[I 2025-05-13 01:50:29,502] Trial 86 finished with value: 0.5586871664665329 and parameters: {'interp_param': 0.8132168414213143}. Best is trial 64 with value: 0.5608585467755116.
[I 2025-05-13 01:50:33,023] Trial 87 finished with value: 0.549183840085971 and parameters: {'interp_param': 0.5170894535948556}. Best is trial 64 with value: 0.5608585467755116.
[I 2025-05-13 01:50:36,551] Trial 88 finished with value: 0.5405990750778922 and parameters: {'interp_param': 0.2653488293283751}. Best is trial 64 with value: 0.5608585467755116.
[I 2025-05-13 01:50:40,069] Trial 89 finished with value: 0.5599656361843399 and parameters: {'interp_param': 0.8752222334220705}. Best is trial 64 with value: 0.5608585467755116.
[I 2025-05-13 01:50:43,575] Trial 90 finished with value: 0.5607858284053069 and parameters: {'interp_param': 0.9471556531689106}. Best is trial 64 with value: 0.5608585467755116.
[I 2025-05-13 01:50:47,094] Trial 91 finished with value: 0.5608603782392394 and parameters: {'interp_param': 0.9498117368444422}. Best is trial 91 with value: 0.5608603782392394.
[I 2025-05-13 01:50:50,752] Trial 92 finished with value: 0.5607464416460365 and parameters: {'interp_param': 0.9451628590182592}. Best is trial 91 with value: 0.5608603782392394.
[I 2025-05-13 01:50:54,252] Trial 93 finished with value: 0.5597694689275818 and parameters: {'interp_param': 0.9778070678296716}. Best is trial 91 with value: 0.5608603782392394.
[I 2025-05-13 01:50:57,760] Trial 94 finished with value: 0.5602544878526727 and parameters: {'interp_param': 0.9197151939611792}. Best is trial 91 with value: 0.5608603782392394.
[I 2025-05-13 01:51:01,291] Trial 95 finished with value: 0.5600466630206133 and parameters: {'interp_param': 0.8991832716531639}. Best is trial 91 with value: 0.5608603782392394.
[I 2025-05-13 01:51:04,812] Trial 96 finished with value: 0.5597184657494985 and parameters: {'interp_param': 0.9812500161990244}. Best is trial 91 with value: 0.5608603782392394.
[I 2025-05-13 01:51:08,344] Trial 97 finished with value: 0.5607064581176863 and parameters: {'interp_param': 0.9431113344480795}. Best is trial 91 with value: 0.5608603782392394.
[I 2025-05-13 01:51:11,866] Trial 98 finished with value: 0.5595448265255049 and parameters: {'interp_param': 0.8396914196667516}. Best is trial 91 with value: 0.5608603782392394.
