[I 2025-05-13 01:54:51,520] Trial 99 finished with value: 0.5683867475613906 and parameters: {'threshold_scale_factor': 0.808445008785915}. Best is trial 89 with value: 0.5690253985126169.
Best hyperparameters: {'threshold_scale_factor': 0.8279638162320563}
Best optimized value: 0.5690253985126169
Running audit 1/1
Training a GraphSAGE target model on pubmed...
Training GraphSAGE on cuda:   0%|          | 0/100 [00:00<?, ?it/s]Training GraphSAGE on cuda:  22%|██▏       | 22/100 [00:00<00:00, 214.33it/s]Training GraphSAGE on cuda:  44%|████▍     | 44/100 [00:00<00:00, 214.86it/s]Training GraphSAGE on cuda:  66%|██████▌   | 66/100 [00:00<00:00, 214.41it/s]Training GraphSAGE on cuda:  88%|████████▊ | 88/100 [00:00<00:00, 213.96it/s]Training GraphSAGE on cuda: 100%|██████████| 100/100 [00:00<00:00, 214.26it/s]
Train accuracy: 0.9676 | Test accuracy: 0.8695
Training MLP on cuda:   0%|          | 0/1000 [00:00<?, ?it/s]Training MLP on cuda:   0%|          | 1/1000 [00:21<5:54:21, 21.28s/it]Training MLP on cuda:   0%|          | 2/1000 [00:42<5:52:22, 21.18s/it]Training MLP on cuda:   0%|          | 3/1000 [01:03<5:52:55, 21.24s/it]Training MLP on cuda:   0%|          | 4/1000 [01:24<5:52:37, 21.24s/it]Training MLP on cuda:   0%|          | 5/1000 [01:46<5:51:53, 21.22s/it]Training MLP on cuda:   1%|          | 6/1000 [02:07<5:52:03, 21.25s/it]Training MLP on cuda:   1%|          | 7/1000 [02:28<5:52:13, 21.28s/it]Training MLP on cuda:   1%|          | 8/1000 [02:50<5:52:49, 21.34s/it]Training MLP on cuda:   1%|          | 9/1000 [03:11<5:51:12, 21.26s/it]Training MLP on cuda:   1%|          | 10/1000 [03:32<5:50:53, 21.27s/it]Training MLP on cuda:   1%|          | 11/1000 [03:53<5:50:42, 21.28s/it]Training MLP on cuda:   1%|          | 12/1000 [04:15<5:51:03, 21.32s/it]Training MLP on cuda:   1%|▏         | 13/1000 [04:36<5:51:07, 21.35s/it]Training MLP on cuda:   1%|▏         | 14/1000 [04:57<5:50:07, 21.31s/it]Training MLP on cuda:   2%|▏         | 15/1000 [05:19<5:50:20, 21.34s/it]Training MLP on cuda:   2%|▏         | 16/1000 [05:40<5:50:16, 21.36s/it]Training MLP on cuda:   2%|▏         | 17/1000 [06:02<5:51:08, 21.43s/it]Training MLP on cuda:   2%|▏         | 18/1000 [06:23<5:50:15, 21.40s/it]Training MLP on cuda:   2%|▏         | 19/1000 [06:45<5:50:01, 21.41s/it]Training MLP on cuda:   2%|▏         | 20/1000 [07:06<5:48:42, 21.35s/it]Training MLP on cuda:   2%|▏         | 21/1000 [07:27<5:49:08, 21.40s/it]Training MLP on cuda:   2%|▏         | 22/1000 [07:49<5:48:26, 21.38s/it]Training MLP on cuda:   2%|▏         | 23/1000 [08:10<5:47:03, 21.31s/it]Training MLP on cuda:   2%|▏         | 24/1000 [08:31<5:46:42, 21.31s/it]Training MLP on cuda:   2%|▎         | 25/1000 [08:52<5:46:23, 21.32s/it]Training MLP on cuda:   3%|▎         | 26/1000 [09:14<5:46:57, 21.37s/it]Training MLP on cuda:   3%|▎         | 27/1000 [09:35<5:45:37, 21.31s/it]Training MLP on cuda:   3%|▎         | 28/1000 [09:56<5:45:17, 21.31s/it]Training MLP on cuda:   3%|▎         | 29/1000 [10:18<5:44:00, 21.26s/it]Training MLP on cuda:   3%|▎         | 30/1000 [10:39<5:44:28, 21.31s/it]Training MLP on cuda:   3%|▎         | 31/1000 [11:00<5:44:05, 21.31s/it]Training MLP on cuda:   3%|▎         | 32/1000 [11:21<5:42:36, 21.24s/it]Training MLP on cuda:   3%|▎         | 33/1000 [11:43<5:42:42, 21.26s/it]Training MLP on cuda:   3%|▎         | 34/1000 [12:04<5:42:32, 21.28s/it]Training MLP on cuda:   4%|▎         | 35/1000 [12:26<5:43:25, 21.35s/it]Training MLP on cuda:   4%|▎         | 36/1000 [12:47<5:42:16, 21.30s/it]Training MLP on cuda:   4%|▎         | 37/1000 [13:08<5:41:55, 21.30s/it]Training MLP on cuda:   4%|▍         | 38/1000 [13:29<5:41:11, 21.28s/it]Training MLP on cuda:   4%|▍         | 39/1000 [13:51<5:41:22, 21.31s/it]Training MLP on cuda:   4%|▍         | 40/1000 [14:12<5:40:50, 21.30s/it]Training MLP on cuda:   4%|▍         | 41/1000 [14:33<5:39:49, 21.26s/it]Training MLP on cuda:   4%|▍         | 42/1000 [14:54<5:39:47, 21.28s/it]Training MLP on cuda:   4%|▍         | 43/1000 [15:16<5:39:40, 21.30s/it]Training MLP on cuda:   4%|▍         | 44/1000 [15:37<5:40:09, 21.35s/it]Training MLP on cuda:   4%|▍         | 45/1000 [15:59<5:39:49, 21.35s/it]Training MLP on cuda:   5%|▍         | 46/1000 [16:20<5:40:09, 21.39s/it]Training MLP on cuda:   5%|▍         | 47/1000 [16:41<5:39:24, 21.37s/it]Training MLP on cuda:   5%|▍         | 48/1000 [17:03<5:39:45, 21.41s/it]Training MLP on cuda:   5%|▍         | 49/1000 [17:24<5:39:22, 21.41s/it]Training MLP on cuda:   5%|▌         | 50/1000 [17:46<5:39:07, 21.42s/it]Training MLP on cuda:   5%|▌         | 51/1000 [18:07<5:39:36, 21.47s/it]Training MLP on cuda:   5%|▌         | 52/1000 [18:29<5:39:13, 21.47s/it]Training MLP on cuda:   5%|▌         | 53/1000 [18:50<5:39:44, 21.53s/it]Training MLP on cuda:   5%|▌         | 54/1000 [19:12<5:38:42, 21.48s/it]Training MLP on cuda:   6%|▌         | 55/1000 [19:33<5:38:22, 21.48s/it]Training MLP on cuda:   6%|▌         | 56/1000 [19:55<5:37:15, 21.44s/it]Training MLP on cuda:   6%|▌         | 57/1000 [20:16<5:36:41, 21.42s/it]Training MLP on cuda:   6%|▌         | 58/1000 [20:37<5:35:30, 21.37s/it]Training MLP on cuda:   6%|▌         | 59/1000 [20:58<5:33:59, 21.30s/it]Training MLP on cuda:   6%|▌         | 60/1000 [21:20<5:33:42, 21.30s/it]Training MLP on cuda:   6%|▌         | 61/1000 [21:41<5:33:42, 21.32s/it]Training MLP on cuda:   6%|▌         | 62/1000 [22:03<5:34:07, 21.37s/it]Training MLP on cuda:   6%|▋         | 63/1000 [22:24<5:33:05, 21.33s/it]Training MLP on cuda:   6%|▋         | 64/1000 [22:45<5:32:51, 21.34s/it]Training MLP on cuda:   6%|▋         | 65/1000 [23:06<5:31:15, 21.26s/it]Training MLP on cuda:   7%|▋         | 66/1000 [23:28<5:31:16, 21.28s/it]Training MLP on cuda:   7%|▋         | 67/1000 [23:49<5:30:43, 21.27s/it]Training MLP on cuda:   7%|▋         | 68/1000 [24:10<5:29:33, 21.22s/it]Training MLP on cuda:   7%|▋         | 69/1000 [24:31<5:29:31, 21.24s/it]Training MLP on cuda:   7%|▋         | 70/1000 [24:53<5:29:22, 21.25s/it]Training MLP on cuda:   7%|▋         | 71/1000 [25:14<5:29:59, 21.31s/it]Training MLP on cuda:   7%|▋         | 72/1000 [25:35<5:28:53, 21.26s/it]Training MLP on cuda:   7%|▋         | 73/1000 [25:56<5:28:27, 21.26s/it]Training MLP on cuda:   7%|▋         | 74/1000 [26:17<5:27:22, 21.21s/it]Training MLP on cuda:   8%|▊         | 75/1000 [26:39<5:27:19, 21.23s/it]Training MLP on cuda:   8%|▊         | 76/1000 [27:00<5:27:04, 21.24s/it]Training MLP on cuda:   8%|▊         | 77/1000 [27:21<5:26:05, 21.20s/it]Training MLP on cuda:   8%|▊         | 78/1000 [27:42<5:25:56, 21.21s/it]Training MLP on cuda:   8%|▊         | 79/1000 [28:04<5:25:36, 21.21s/it]Training MLP on cuda:   8%|▊         | 80/1000 [28:25<5:26:06, 21.27s/it]Training MLP on cuda:   8%|▊         | 81/1000 [28:46<5:25:18, 21.24s/it]Training MLP on cuda:   8%|▊         | 82/1000 [29:08<5:25:34, 21.28s/it]Training MLP on cuda:   8%|▊         | 83/1000 [29:29<5:24:12, 21.21s/it]Training MLP on cuda:   8%|▊         | 84/1000 [29:50<5:24:13, 21.24s/it]Training MLP on cuda:   8%|▊         | 85/1000 [30:11<5:23:41, 21.23s/it]Training MLP on cuda:   9%|▊         | 86/1000 [30:32<5:22:59, 21.20s/it]Training MLP on cuda:   9%|▊         | 87/1000 [30:54<5:23:05, 21.23s/it]Training MLP on cuda:   9%|▉         | 88/1000 [31:15<5:22:16, 21.20s/it]Training MLP on cuda:   9%|▉         | 89/1000 [31:36<5:23:03, 21.28s/it]Training MLP on cuda:   9%|▉         | 90/1000 [31:57<5:22:09, 21.24s/it]Training MLP on cuda:   9%|▉         | 91/1000 [32:19<5:21:53, 21.25s/it]Training MLP on cuda:   9%|▉         | 92/1000 [32:40<5:20:29, 21.18s/it]Training MLP on cuda:   9%|▉         | 93/1000 [33:01<5:20:21, 21.19s/it]Training MLP on cuda:   9%|▉         | 94/1000 [33:22<5:20:12, 21.21s/it]Training MLP on cuda:  10%|▉         | 95/1000 [33:43<5:19:21, 21.17s/it]Training MLP on cuda:  10%|▉         | 96/1000 [34:04<5:19:39, 21.22s/it]Training MLP on cuda:  10%|▉         | 97/1000 [34:26<5:19:33, 21.23s/it]Training MLP on cuda:  10%|▉         | 98/1000 [34:47<5:19:44, 21.27s/it]Training MLP on cuda:  10%|▉         | 99/1000 [35:08<5:18:34, 21.21s/it]Training MLP on cuda:  10%|█         | 100/1000 [35:29<5:18:28, 21.23s/it]Training MLP on cuda:  10%|█         | 101/1000 [35:50<5:17:28, 21.19s/it]Training MLP on cuda:  10%|█         | 102/1000 [36:12<5:17:31, 21.22s/it]Training MLP on cuda:  10%|█         | 103/1000 [36:33<5:16:39, 21.18s/it]Training MLP on cuda:  10%|█         | 104/1000 [36:54<5:15:38, 21.14s/it]Training MLP on cuda:  10%|█         | 105/1000 [37:15<5:16:03, 21.19s/it]Training MLP on cuda:  11%|█         | 106/1000 [37:37<5:16:13, 21.22s/it]Training MLP on cuda:  11%|█         | 107/1000 [37:58<5:16:55, 21.29s/it]Training MLP on cuda:  11%|█         | 108/1000 [38:19<5:15:54, 21.25s/it]Training MLP on cuda:  11%|█         | 109/1000 [38:40<5:15:44, 21.26s/it]Training MLP on cuda:  11%|█         | 110/1000 [39:02<5:14:43, 21.22s/it]Training MLP on cuda:  11%|█         | 111/1000 [39:23<5:14:58, 21.26s/it]Training MLP on cuda:  11%|█         | 112/1000 [39:44<5:15:21, 21.31s/it]Training MLP on cuda:  11%|█▏        | 113/1000 [40:06<5:15:14, 21.32s/it]Training MLP on cuda:  11%|█▏        | 114/1000 [40:27<5:15:28, 21.36s/it]Training MLP on cuda:  12%|█▏        | 115/1000 [40:49<5:15:48, 21.41s/it]Training MLP on cuda:  12%|█▏        | 116/1000 [41:10<5:16:39, 21.49s/it]Training MLP on cuda:  12%|█▏        | 117/1000 [41:32<5:16:09, 21.48s/it]Training MLP on cuda:  12%|█▏        | 118/1000 [41:53<5:15:59, 21.50s/it]Training MLP on cuda:  12%|█▏        | 119/1000 [42:15<5:14:54, 21.45s/it]Training MLP on cuda:  12%|█▏        | 120/1000 [42:36<5:15:39, 21.52s/it]Training MLP on cuda:  12%|█▏        | 121/1000 [42:58<5:15:16, 21.52s/it]Training MLP on cuda:  12%|█▏        | 122/1000 [43:19<5:13:55, 21.45s/it]Training MLP on cuda:  12%|█▏        | 123/1000 [43:41<5:13:09, 21.42s/it]Training MLP on cuda:  12%|█▏        | 124/1000 [44:02<5:12:26, 21.40s/it]Training MLP on cuda:  12%|█▎        | 125/1000 [44:23<5:11:53, 21.39s/it]Training MLP on cuda:  13%|█▎        | 126/1000 [44:44<5:10:15, 21.30s/it]Training MLP on cuda:  13%|█▎        | 127/1000 [45:06<5:09:44, 21.29s/it]Training MLP on cuda:  13%|█▎        | 128/1000 [45:27<5:08:36, 21.23s/it]Training MLP on cuda:  13%|█▎        | 129/1000 [45:48<5:08:34, 21.26s/it]Training MLP on cuda:  13%|█▎        | 130/1000 [46:09<5:07:51, 21.23s/it]Training MLP on cuda:  13%|█▎        | 131/1000 [46:30<5:06:43, 21.18s/it]Training MLP on cuda:  13%|█▎        | 132/1000 [46:51<5:06:25, 21.18s/it]Training MLP on cuda:  13%|█▎        | 133/1000 [47:12<5:05:45, 21.16s/it]Training MLP on cuda:  13%|█▎        | 134/1000 [47:34<5:05:44, 21.18s/it]Training MLP on cuda:  14%|█▎        | 135/1000 [47:55<5:04:56, 21.15s/it]Training MLP on cuda:  14%|█▎        | 136/1000 [48:16<5:05:29, 21.21s/it]Training MLP on cuda:  14%|█▎        | 137/1000 [48:37<5:04:34, 21.18s/it]Training MLP on cuda:  14%|█▍        | 138/1000 [48:59<5:05:07, 21.24s/it]Training MLP on cuda:  14%|█▍        | 139/1000 [49:20<5:04:43, 21.23s/it]Training MLP on cuda:  14%|█▍        | 140/1000 [49:41<5:03:54, 21.20s/it]Training MLP on cuda:  14%|█▍        | 141/1000 [50:02<5:04:18, 21.26s/it]Training MLP on cuda:  14%|█▍        | 142/1000 [50:24<5:03:48, 21.24s/it]Training MLP on cuda:  14%|█▍        | 143/1000 [50:45<5:04:13, 21.30s/it]Training MLP on cuda:  14%|█▍        | 144/1000 [51:06<5:03:17, 21.26s/it]Training MLP on cuda:  14%|█▍        | 145/1000 [51:28<5:03:12, 21.28s/it]Training MLP on cuda:  15%|█▍        | 146/1000 [51:49<5:02:32, 21.26s/it]Training MLP on cuda:  15%|█▍        | 147/1000 [52:10<5:02:46, 21.30s/it]Training MLP on cuda:  15%|█▍        | 148/1000 [52:31<5:02:15, 21.29s/it]Training MLP on cuda:  15%|█▍        | 149/1000 [52:52<5:00:48, 21.21s/it]Training MLP on cuda:  15%|█▌        | 150/1000 [53:14<5:00:46, 21.23s/it]Training MLP on cuda:  15%|█▌        | 151/1000 [53:35<5:00:29, 21.24s/it]Training MLP on cuda:  15%|█▌        | 151/1000 [53:56<5:03:19, 21.44s/it]
Training MLP on cuda:   0%|          | 0/1000 [00:00<?, ?it/s]Training MLP on cuda:   0%|          | 1/1000 [00:21<5:53:01, 21.20s/it]Training MLP on cuda:   0%|          | 2/1000 [00:42<5:51:20, 21.12s/it]Training MLP on cuda:   0%|          | 3/1000 [01:03<5:51:56, 21.18s/it]Training MLP on cuda:   0%|          | 4/1000 [01:24<5:50:50, 21.13s/it]Training MLP on cuda:   0%|          | 5/1000 [01:45<5:51:10, 21.18s/it]Training MLP on cuda:   1%|          | 6/1000 [02:06<5:50:44, 21.17s/it]Training MLP on cuda:   1%|          | 7/1000 [02:28<5:50:43, 21.19s/it]Training MLP on cuda:   1%|          | 8/1000 [02:49<5:49:37, 21.15s/it]Training MLP on cuda:   1%|          | 9/1000 [03:10<5:48:57, 21.13s/it]Training MLP on cuda:   1%|          | 10/1000 [03:31<5:49:20, 21.17s/it]Training MLP on cuda:   1%|          | 11/1000 [03:52<5:48:11, 21.12s/it]Training MLP on cuda:   1%|          | 12/1000 [04:14<5:49:10, 21.20s/it]Training MLP on cuda:   1%|▏         | 13/1000 [04:35<5:48:48, 21.20s/it]Training MLP on cuda:   1%|▏         | 14/1000 [04:56<5:48:58, 21.24s/it]Training MLP on cuda:   2%|▏         | 15/1000 [05:17<5:47:35, 21.17s/it]Training MLP on cuda:   2%|▏         | 16/1000 [05:38<5:46:46, 21.15s/it]Training MLP on cuda:   2%|▏         | 17/1000 [05:59<5:46:41, 21.16s/it]Training MLP on cuda:   2%|▏         | 18/1000 [06:20<5:46:04, 21.15s/it]Training MLP on cuda:   2%|▏         | 19/1000 [06:42<5:46:46, 21.21s/it]Training MLP on cuda:   2%|▏         | 20/1000 [07:03<5:46:42, 21.23s/it]Training MLP on cuda:   2%|▏         | 21/1000 [07:24<5:46:12, 21.22s/it]Training MLP on cuda:   2%|▏         | 22/1000 [07:45<5:44:57, 21.16s/it]Training MLP on cuda:   2%|▏         | 23/1000 [08:06<5:44:30, 21.16s/it]Training MLP on cuda:   2%|▏         | 24/1000 [08:28<5:44:28, 21.18s/it]Training MLP on cuda:   2%|▎         | 25/1000 [08:49<5:43:35, 21.14s/it]Training MLP on cuda:   3%|▎         | 26/1000 [09:10<5:44:06, 21.20s/it]Training MLP on cuda:   3%|▎         | 27/1000 [09:31<5:44:04, 21.22s/it]Training MLP on cuda:   3%|▎         | 28/1000 [09:53<5:44:03, 21.24s/it]Training MLP on cuda:   3%|▎         | 29/1000 [10:14<5:42:50, 21.18s/it]Training MLP on cuda:   3%|▎         | 30/1000 [10:35<5:42:12, 21.17s/it]Training MLP on cuda:   3%|▎         | 31/1000 [10:56<5:41:57, 21.17s/it]Training MLP on cuda:   3%|▎         | 32/1000 [11:17<5:41:18, 21.16s/it]Training MLP on cuda:   3%|▎         | 33/1000 [11:38<5:41:57, 21.22s/it]Training MLP on cuda:   3%|▎         | 34/1000 [12:00<5:41:33, 21.21s/it]Training MLP on cuda:   4%|▎         | 35/1000 [12:21<5:41:23, 21.23s/it]Training MLP on cuda:   4%|▎         | 36/1000 [12:42<5:39:58, 21.16s/it]Training MLP on cuda:   4%|▎         | 37/1000 [13:03<5:39:37, 21.16s/it]Training MLP on cuda:   4%|▍         | 38/1000 [13:24<5:39:44, 21.19s/it]Training MLP on cuda:   4%|▍         | 39/1000 [13:45<5:38:39, 21.14s/it]Training MLP on cuda:   4%|▍         | 40/1000 [14:07<5:39:27, 21.22s/it]Training MLP on cuda:   4%|▍         | 41/1000 [14:28<5:39:23, 21.23s/it]Training MLP on cuda:   4%|▍         | 42/1000 [14:49<5:39:23, 21.26s/it]Training MLP on cuda:   4%|▍         | 43/1000 [15:10<5:38:17, 21.21s/it]Training MLP on cuda:   4%|▍         | 44/1000 [15:32<5:37:18, 21.17s/it]Training MLP on cuda:   4%|▍         | 45/1000 [15:53<5:37:25, 21.20s/it]Training MLP on cuda:   5%|▍         | 46/1000 [16:14<5:36:40, 21.17s/it]Training MLP on cuda:   5%|▍         | 47/1000 [16:35<5:37:14, 21.23s/it]Training MLP on cuda:   5%|▍         | 48/1000 [16:57<5:37:07, 21.25s/it]Training MLP on cuda:   5%|▍         | 49/1000 [17:18<5:36:54, 21.26s/it]Training MLP on cuda:   5%|▌         | 50/1000 [17:39<5:35:31, 21.19s/it]Training MLP on cuda:   5%|▌         | 51/1000 [18:00<5:35:07, 21.19s/it]Training MLP on cuda:   5%|▌         | 52/1000 [18:21<5:35:05, 21.21s/it]Training MLP on cuda:   5%|▌         | 53/1000 [18:42<5:34:16, 21.18s/it]Training MLP on cuda:   5%|▌         | 54/1000 [19:04<5:34:32, 21.22s/it]Training MLP on cuda:   6%|▌         | 55/1000 [19:25<5:34:23, 21.23s/it]Training MLP on cuda:   6%|▌         | 56/1000 [19:46<5:34:25, 21.26s/it]Training MLP on cuda:   6%|▌         | 57/1000 [20:07<5:33:04, 21.19s/it]Training MLP on cuda:   6%|▌         | 58/1000 [20:29<5:32:41, 21.19s/it]Training MLP on cuda:   6%|▌         | 59/1000 [20:50<5:32:30, 21.20s/it]Training MLP on cuda:   6%|▌         | 60/1000 [21:11<5:31:44, 21.18s/it]Training MLP on cuda:   6%|▌         | 61/1000 [21:32<5:32:13, 21.23s/it]Training MLP on cuda:   6%|▌         | 62/1000 [21:54<5:32:20, 21.26s/it]Training MLP on cuda:   6%|▋         | 63/1000 [22:15<5:32:14, 21.28s/it]Training MLP on cuda:   6%|▋         | 64/1000 [22:36<5:30:10, 21.16s/it]Training MLP on cuda:   6%|▋         | 65/1000 [22:57<5:29:50, 21.17s/it]Training MLP on cuda:   7%|▋         | 66/1000 [23:18<5:29:47, 21.19s/it]Training MLP on cuda:   7%|▋         | 67/1000 [23:39<5:29:04, 21.16s/it]Training MLP on cuda:   7%|▋         | 68/1000 [24:01<5:29:41, 21.22s/it]Training MLP on cuda:   7%|▋         | 69/1000 [24:22<5:29:40, 21.25s/it]Training MLP on cuda:   7%|▋         | 70/1000 [24:43<5:29:21, 21.25s/it]Training MLP on cuda:   7%|▋         | 71/1000 [25:04<5:27:28, 21.15s/it]Training MLP on cuda:   7%|▋         | 72/1000 [25:25<5:27:18, 21.16s/it]Training MLP on cuda:   7%|▋         | 73/1000 [25:47<5:27:25, 21.19s/it]Training MLP on cuda:   7%|▋         | 74/1000 [26:08<5:26:50, 21.18s/it]Training MLP on cuda:   8%|▊         | 75/1000 [26:29<5:27:12, 21.22s/it]Training MLP on cuda:   8%|▊         | 76/1000 [26:50<5:27:11, 21.25s/it]Training MLP on cuda:   8%|▊         | 77/1000 [27:12<5:26:50, 21.25s/it]Training MLP on cuda:   8%|▊         | 78/1000 [27:33<5:24:54, 21.14s/it]Training MLP on cuda:   8%|▊         | 79/1000 [27:54<5:24:44, 21.16s/it]Training MLP on cuda:   8%|▊         | 80/1000 [28:15<5:24:34, 21.17s/it]Training MLP on cuda:   8%|▊         | 81/1000 [28:36<5:24:05, 21.16s/it]Training MLP on cuda:   8%|▊         | 82/1000 [28:57<5:24:49, 21.23s/it]Training MLP on cuda:   8%|▊         | 83/1000 [29:19<5:24:53, 21.26s/it]Training MLP on cuda:   8%|▊         | 84/1000 [29:40<5:24:49, 21.28s/it]Training MLP on cuda:   8%|▊         | 85/1000 [30:01<5:23:05, 21.19s/it]Training MLP on cuda:   9%|▊         | 86/1000 [30:22<5:22:53, 21.20s/it]Training MLP on cuda:   9%|▊         | 87/1000 [30:43<5:22:22, 21.19s/it]Training MLP on cuda:   9%|▉         | 88/1000 [31:05<5:21:23, 21.14s/it]Training MLP on cuda:   9%|▉         | 89/1000 [31:26<5:21:56, 21.20s/it]Training MLP on cuda:   9%|▉         | 90/1000 [31:47<5:21:46, 21.22s/it]Training MLP on cuda:   9%|▉         | 91/1000 [32:08<5:21:37, 21.23s/it]Training MLP on cuda:   9%|▉         | 92/1000 [32:29<5:19:44, 21.13s/it]Training MLP on cuda:   9%|▉         | 93/1000 [32:50<5:19:12, 21.12s/it]Training MLP on cuda:   9%|▉         | 94/1000 [33:11<5:19:04, 21.13s/it]Training MLP on cuda:  10%|▉         | 95/1000 [33:33<5:18:32, 21.12s/it]Training MLP on cuda:  10%|▉         | 96/1000 [33:54<5:19:14, 21.19s/it]Training MLP on cuda:  10%|▉         | 97/1000 [34:15<5:19:00, 21.20s/it]Training MLP on cuda:  10%|▉         | 98/1000 [34:36<5:18:57, 21.22s/it]Training MLP on cuda:  10%|▉         | 99/1000 [34:57<5:17:21, 21.13s/it]Training MLP on cuda:  10%|█         | 100/1000 [35:19<5:17:08, 21.14s/it]Training MLP on cuda:  10%|█         | 101/1000 [35:40<5:17:10, 21.17s/it]Training MLP on cuda:  10%|█         | 102/1000 [36:01<5:16:28, 21.15s/it]Training MLP on cuda:  10%|█         | 103/1000 [36:22<5:16:47, 21.19s/it]Training MLP on cuda:  10%|█         | 104/1000 [36:43<5:16:10, 21.17s/it]Training MLP on cuda:  10%|█         | 105/1000 [37:04<5:15:59, 21.18s/it]Training MLP on cuda:  11%|█         | 106/1000 [37:25<5:14:53, 21.13s/it]Training MLP on cuda:  11%|█         | 107/1000 [37:47<5:14:37, 21.14s/it]Training MLP on cuda:  11%|█         | 108/1000 [38:08<5:14:07, 21.13s/it]Training MLP on cuda:  11%|█         | 109/1000 [38:29<5:13:05, 21.08s/it]Training MLP on cuda:  11%|█         | 110/1000 [38:50<5:13:56, 21.16s/it]Training MLP on cuda:  11%|█         | 111/1000 [39:11<5:13:48, 21.18s/it]Training MLP on cuda:  11%|█         | 112/1000 [39:32<5:13:18, 21.17s/it]Training MLP on cuda:  11%|█▏        | 113/1000 [39:53<5:11:41, 21.08s/it]Training MLP on cuda:  11%|█▏        | 114/1000 [40:14<5:11:21, 21.08s/it]Training MLP on cuda:  12%|█▏        | 115/1000 [40:36<5:11:24, 21.11s/it]Training MLP on cuda:  12%|█▏        | 116/1000 [40:57<5:10:48, 21.10s/it]Training MLP on cuda:  12%|█▏        | 117/1000 [41:18<5:11:24, 21.16s/it]Training MLP on cuda:  12%|█▏        | 118/1000 [41:39<5:11:23, 21.18s/it]Training MLP on cuda:  12%|█▏        | 119/1000 [42:00<5:11:14, 21.20s/it]Training MLP on cuda:  12%|█▏        | 120/1000 [42:21<5:09:36, 21.11s/it]Training MLP on cuda:  12%|█▏        | 121/1000 [42:42<5:09:02, 21.10s/it]Training MLP on cuda:  12%|█▏        | 122/1000 [43:04<5:09:12, 21.13s/it]Training MLP on cuda:  12%|█▏        | 123/1000 [43:24<5:07:39, 21.05s/it]Training MLP on cuda:  12%|█▏        | 124/1000 [43:46<5:08:27, 21.13s/it]Training MLP on cuda:  12%|█▎        | 125/1000 [44:07<5:07:57, 21.12s/it]Training MLP on cuda:  13%|█▎        | 126/1000 [44:28<5:07:45, 21.13s/it]Training MLP on cuda:  13%|█▎        | 127/1000 [44:49<5:06:31, 21.07s/it]Training MLP on cuda:  13%|█▎        | 128/1000 [45:10<5:05:35, 21.03s/it]Training MLP on cuda:  13%|█▎        | 129/1000 [45:31<5:05:43, 21.06s/it]Training MLP on cuda:  13%|█▎        | 130/1000 [45:52<5:04:40, 21.01s/it]Training MLP on cuda:  13%|█▎        | 131/1000 [46:13<5:05:32, 21.