[I 2025-05-13 01:51:14,238] Trial 0 finished with value: 0.516106349888469 and parameters: {'threshold_scale_factor': 0.0053641854916557374}. Best is trial 0 with value: 0.516106349888469.
[I 2025-05-13 01:51:17,052] Trial 1 finished with value: 0.521214631477293 and parameters: {'threshold_scale_factor': 0.15217750019114762}. Best is trial 1 with value: 0.521214631477293.
[I 2025-05-13 01:51:19,871] Trial 2 finished with value: 0.5709212927228271 and parameters: {'threshold_scale_factor': 0.8404928610430895}. Best is trial 2 with value: 0.5709212927228271.
[I 2025-05-13 01:51:22,692] Trial 3 finished with value: 0.5370072711785167 and parameters: {'threshold_scale_factor': 0.3778184953355056}. Best is trial 2 with value: 0.5709212927228271.
[I 2025-05-13 01:51:25,506] Trial 4 finished with value: 0.5657914502787128 and parameters: {'threshold_scale_factor': 0.7457709597924798}. Best is trial 2 with value: 0.5709212927228271.
[I 2025-05-13 01:51:28,324] Trial 5 finished with value: 0.5640192364603025 and parameters: {'threshold_scale_factor': 0.6977110976766445}. Best is trial 2 with value: 0.5709212927228271.
[I 2025-05-13 01:51:31,134] Trial 6 finished with value: 0.5163600127593344 and parameters: {'threshold_scale_factor': 0.016327554668495226}. Best is trial 2 with value: 0.5709212927228271.
[I 2025-05-13 01:51:33,944] Trial 7 finished with value: 0.5638677137041908 and parameters: {'threshold_scale_factor': 0.6931780276088862}. Best is trial 2 with value: 0.5709212927228271.
[I 2025-05-13 01:51:36,910] Trial 8 finished with value: 0.5388671380278112 and parameters: {'threshold_scale_factor': 0.39820255552809336}. Best is trial 2 with value: 0.5709212927228271.
[I 2025-05-13 01:51:39,737] Trial 9 finished with value: 0.5674564360115075 and parameters: {'threshold_scale_factor': 0.7869200743176881}. Best is trial 2 with value: 0.5709212927228271.
[I 2025-05-13 01:51:42,542] Trial 10 finished with value: 0.5725568618556337 and parameters: {'threshold_scale_factor': 0.9503251248769636}. Best is trial 10 with value: 0.5725568618556337.
[I 2025-05-13 01:51:45,369] Trial 11 finished with value: 0.5711985897070792 and parameters: {'threshold_scale_factor': 0.9920050980469258}. Best is trial 10 with value: 0.5725568618556337.
[I 2025-05-13 01:51:48,188] Trial 12 finished with value: 0.5713717916433849 and parameters: {'threshold_scale_factor': 0.9892616122987744}. Best is trial 10 with value: 0.5725568618556337.
[I 2025-05-13 01:51:51,010] Trial 13 finished with value: 0.570932898852518 and parameters: {'threshold_scale_factor': 0.9988205078745074}. Best is trial 10 with value: 0.5725568618556337.
[I 2025-05-13 01:51:53,832] Trial 14 finished with value: 0.551630089146394 and parameters: {'threshold_scale_factor': 0.5355067546069525}. Best is trial 10 with value: 0.5725568618556337.
[I 2025-05-13 01:51:56,645] Trial 15 finished with value: 0.5726419477505623 and parameters: {'threshold_scale_factor': 0.8914326257932053}. Best is trial 15 with value: 0.5726419477505623.
[I 2025-05-13 01:51:59,462] Trial 16 finished with value: 0.5720401164226508 and parameters: {'threshold_scale_factor': 0.8678206097846496}. Best is trial 15 with value: 0.5726419477505623.
[I 2025-05-13 01:52:02,285] Trial 17 finished with value: 0.5553860302655349 and parameters: {'threshold_scale_factor': 0.5727805834711232}. Best is trial 15 with value: 0.5726419477505623.
[I 2025-05-13 01:52:05,099] Trial 18 finished with value: 0.5725984659207095 and parameters: {'threshold_scale_factor': 0.8882888461337471}. Best is trial 15 with value: 0.5726419477505623.
[I 2025-05-13 01:52:07,919] Trial 19 finished with value: 0.5555072412680389 and parameters: {'threshold_scale_factor': 0.5745188933865717}. Best is trial 15 with value: 0.5726419477505623.
[I 2025-05-13 01:52:10,729] Trial 20 finished with value: 0.5402696071002021 and parameters: {'threshold_scale_factor': 0.41279899837322986}. Best is trial 15 with value: 0.5726419477505623.
[I 2025-05-13 01:52:13,543] Trial 21 finished with value: 0.5728584360234017 and parameters: {'threshold_scale_factor': 0.8994376087809665}. Best is trial 21 with value: 0.5728584360234017.
[I 2025-05-13 01:52:16,365] Trial 22 finished with value: 0.5722105300068767 and parameters: {'threshold_scale_factor': 0.8732818228221071}. Best is trial 21 with value: 0.5728584360234017.
[I 2025-05-13 01:52:19,177] Trial 23 finished with value: 0.5633377776167187 and parameters: {'threshold_scale_factor': 0.6709618424852108}. Best is trial 21 with value: 0.5728584360234017.
[I 2025-05-13 01:52:21,992] Trial 24 finished with value: 0.5729570366801645 and parameters: {'threshold_scale_factor': 0.9059059036189459}. Best is trial 24 with value: 0.5729570366801645.
[I 2025-05-13 01:52:24,943] Trial 25 finished with value: 0.5669690917448295 and parameters: {'threshold_scale_factor': 0.776706659256624}. Best is trial 24 with value: 0.5729570366801645.
[I 2025-05-13 01:52:27,751] Trial 26 finished with value: 0.5729001892807474 and parameters: {'threshold_scale_factor': 0.9163754745937959}. Best is trial 24 with value: 0.5729570366801645.
[I 2025-05-13 01:52:30,552] Trial 27 finished with value: 0.5618631252084705 and parameters: {'threshold_scale_factor': 0.6481100881610387}. Best is trial 24 with value: 0.5729570366801645.
[I 2025-05-13 01:52:33,373] Trial 28 finished with value: 0.5684616163581071 and parameters: {'threshold_scale_factor': 0.8044583280167457}. Best is trial 24 with value: 0.5729570366801645.
[I 2025-05-13 01:52:36,186] Trial 29 finished with value: 0.5728436608441143 and parameters: {'threshold_scale_factor': 0.9193680903536938}. Best is trial 24 with value: 0.5729570366801645.
[I 2025-05-13 01:52:39,017] Trial 30 finished with value: 0.5262802955225176 and parameters: {'threshold_scale_factor': 0.23709365897216572}. Best is trial 24 with value: 0.5729570366801645.
[I 2025-05-13 01:52:41,833] Trial 31 finished with value: 0.5727626700197681 and parameters: {'threshold_scale_factor': 0.930453250128279}. Best is trial 24 with value: 0.5729570366801645.
[I 2025-05-13 01:52:44,647] Trial 32 finished with value: 0.570282353676183 and parameters: {'threshold_scale_factor': 0.8309159995524966}. Best is trial 24 with value: 0.5729570366801645.
[I 2025-05-13 01:52:47,457] Trial 33 finished with value: 0.5727150776856497 and parameters: {'threshold_scale_factor': 0.9378278617382825}. Best is trial 24 with value: 0.5729570366801645.
[I 2025-05-13 01:52:50,274] Trial 34 finished with value: 0.5652172966891601 and parameters: {'threshold_scale_factor': 0.7371785312276534}. Best is trial 24 with value: 0.5729570366801645.
[I 2025-05-13 01:52:53,083] Trial 35 finished with value: 0.572920875560662 and parameters: {'threshold_scale_factor': 0.915584721166906}. Best is trial 24 with value: 0.5729570366801645.
[I 2025-05-13 01:52:55,902] Trial 36 finished with value: 0.5707935841397381 and parameters: {'threshold_scale_factor': 0.8385120360410541}. Best is trial 24 with value: 0.5729570366801645.
[I 2025-05-13 01:52:58,726] Trial 37 finished with value: 0.5603367545281552 and parameters: {'threshold_scale_factor': 0.6304079944080542}. Best is trial 24 with value: 0.5729570366801645.
[I 2025-05-13 01:53:01,535] Trial 38 finished with value: 0.5658441511619372 and parameters: {'threshold_scale_factor': 0.7466800941479197}. Best is trial 24 with value: 0.5729570366801645.
[I 2025-05-13 01:53:04,356] Trial 39 finished with value: 0.533538077602246 and parameters: {'threshold_scale_factor': 0.33294486525758316}. Best is trial 24 with value: 0.5729570366801645.
[I 2025-05-13 01:53:07,173] Trial 40 finished with value: 0.5451662671709241 and parameters: {'threshold_scale_factor': 0.465731737026603}. Best is trial 24 with value: 0.5729570366801645.
[I 2025-05-13 01:53:10,147] Trial 41 finished with value: 0.5729886037066645 and parameters: {'threshold_scale_factor': 0.9124156682252726}. Best is trial 41 with value: 0.5729886037066645.
[I 2025-05-13 01:53:12,961] Trial 42 finished with value: 0.5725635292067328 and parameters: {'threshold_scale_factor': 0.9501053649204081}. Best is trial 41 with value: 0.5729886037066645.
[I 2025-05-13 01:53:15,782] Trial 43 finished with value: 0.569814985739997 and parameters: {'threshold_scale_factor': 0.8246781743055425}. Best is trial 41 with value: 0.5729886037066645.
[I 2025-05-13 01:53:18,607] Trial 44 finished with value: 0.5650958747596538 and parameters: {'threshold_scale_factor': 0.7314924758802355}. Best is trial 41 with value: 0.5729886037066645.
[I 2025-05-13 01:53:21,439] Trial 45 finished with value: 0.572954942843824 and parameters: {'threshold_scale_factor': 0.9024274942097852}. Best is trial 41 with value: 0.5729886037066645.
[I 2025-05-13 01:53:24,259] Trial 46 finished with value: 0.5165449700176012 and parameters: {'threshold_scale_factor': 0.023888630692441737}. Best is trial 41 with value: 0.5729886037066645.
[I 2025-05-13 01:53:27,094] Trial 47 finished with value: 0.5720055604061907 and parameters: {'threshold_scale_factor': 0.9666225828102084}. Best is trial 41 with value: 0.5729886037066645.
[I 2025-05-13 01:53:29,914] Trial 48 finished with value: 0.567184983248589 and parameters: {'threshold_scale_factor': 0.7819664804300835}. Best is trial 41 with value: 0.5729886037066645.
[I 2025-05-13 01:53:32,722] Trial 49 finished with value: 0.572431344855545 and parameters: {'threshold_scale_factor': 0.8807947848996125}. Best is trial 41 with value: 0.5729886037066645.
[I 2025-05-13 01:53:35,541] Trial 50 finished with value: 0.5711763394806104 and parameters: {'threshold_scale_factor': 0.8472370582270842}. Best is trial 41 with value: 0.5729886037066645.
[I 2025-05-13 01:53:38,366] Trial 51 finished with value: 0.5729708241037336 and parameters: {'threshold_scale_factor': 0.9096901475655133}. Best is trial 41 with value: 0.5729886037066645.
[I 2025-05-13 01:53:41,193] Trial 52 finished with value: 0.5717472314184681 and parameters: {'threshold_scale_factor': 0.9732778344295479}. Best is trial 41 with value: 0.5729886037066645.
[I 2025-05-13 01:53:44,024] Trial 53 finished with value: 0.571036464010678 and parameters: {'threshold_scale_factor': 0.9961212411644332}. Best is trial 41 with value: 0.5729886037066645.
[I 2025-05-13 01:53:46,838] Trial 54 finished with value: 0.5728875953953381 and parameters: {'threshold_scale_factor': 0.9171141853174306}. Best is trial 41 with value: 0.5729886037066645.
[I 2025-05-13 01:53:49,660] Trial 55 finished with value: 0.5683555766660903 and parameters: {'threshold_scale_factor': 0.8030112060542629}. Best is trial 41 with value: 0.5729886037066645.
[I 2025-05-13 01:53:52,479] Trial 56 finished with value: 0.5712700219370256 and parameters: {'threshold_scale_factor': 0.850370557114832}. Best is trial 41 with value: 0.5729886037066645.
[I 2025-05-13 01:53:55,302] Trial 57 finished with value: 0.5727989957652238 and parameters: {'threshold_scale_factor': 0.897912566492461}. Best is trial 41 with value: 0.5729886037066645.
[I 2025-05-13 01:53:58,256] Trial 58 finished with value: 0.5727243481846316 and parameters: {'threshold_scale_factor': 0.9351339402260709}. Best is trial 41 with value: 0.5729886037066645.
[I 2025-05-13 01:54:01,072] Trial 59 finished with value: 0.5721537083302646 and parameters: {'threshold_scale_factor': 0.871857310547475}. Best is trial 41 with value: 0.5729886037066645.
[I 2025-05-13 01:54:03,890] Trial 60 finished with value: 0.5640059892156419 and parameters: {'threshold_scale_factor': 0.697386593724563}. Best is trial 41 with value: 0.5729886037066645.
[I 2025-05-13 01:54:06,690] Trial 61 finished with value: 0.5729550714578499 and parameters: {'threshold_scale_factor': 0.9024618492700117}. Best is trial 41 with value: 0.5729886037066645.
[I 2025-05-13 01:54:09,502] Trial 62 finished with value: 0.5725744665434894 and parameters: {'threshold_scale_factor': 0.9498294472507117}. Best is trial 41 with value: 0.5729886037066645.
[I 2025-05-13 01:54:12,322] Trial 63 finished with value: 0.5669130057404452 and parameters: {'threshold_scale_factor': 0.7753324636188974}. Best is trial 41 with value: 0.5729886037066645.
[I 2025-05-13 01:54:15,158] Trial 64 finished with value: 0.572955081746972 and parameters: {'threshold_scale_factor': 0.9050947475388925}. Best is trial 41 with value: 0.5729886037066645.
[I 2025-05-13 01:54:17,981] Trial 65 finished with value: 0.571685615010973 and parameters: {'threshold_scale_factor': 0.9763090949451071}. Best is trial 41 with value: 0.5729886037066645.
[I 2025-05-13 01:54:20,804] Trial 66 finished with value: 0.5723296265947959 and parameters: {'threshold_scale_factor': 0.8763775877657387}. Best is trial 41 with value: 0.5729886037066645.
[I 2025-05-13 01:54:23,617] Trial 67 finished with value: 0.5692441606814329 and parameters: {'threshold_scale_factor': 0.8142669129711505}. Best is trial 41 with value: 0.5729886037066645.
[I 2025-05-13 01:54:26,437] Trial 68 finished with value: 0.5729570778366528 and parameters: {'threshold_scale_factor': 0.9071706729635989}. Best is trial 41 with value: 0.5729886037066645.
[I 2025-05-13 01:54:29,260] Trial 69 finished with value: 0.5727944171059042 and parameters: {'threshold_scale_factor': 0.8976382251191888}. Best is trial 41 with value: 0.5729886037066645.
[I 2025-05-13 01:54:32,088] Trial 70 finished with value: 0.5710630099456095 and parameters: {'threshold_scale_factor': 0.8437385564987122}. Best is trial 41 with value: 0.5729886037066645.
[I 2025-05-13 01:54:34,907] Trial 71 finished with value: 0.5724552979317157 and parameters: {'threshold_scale_factor': 0.9546549560281807}. Best is trial 41 with value: 0.5729886037066645.
[I 2025-05-13 01:54:37,734] Trial 72 finished with value: 0.5729623098552237 and parameters: {'threshold_scale_factor': 0.9089153754664837}. Best is trial 41 with value: 0.5729886037066645.
[I 2025-05-13 01:54:40,564] Trial 73 finished with value: 0.5714214623801608 and parameters: {'threshold_scale_factor': 0.8557048840417101}. Best is trial 41 with value: 0.5729886037066645.
[I 2025-05-13 01:54:43,532] Trial 74 finished with value: 0.5729738079491329 and parameters: {'threshold_scale_factor': 0.9102643906254295}. Best is trial 41 with value: 0.5729886037066645.
[I 2025-05-13 01:54:46,342] Trial 75 finished with value: 0.5727095369934169 and parameters: {'threshold_scale_factor': 0.9393331806196065}. Best is trial 41 with value: 0.5729886037066645.
[I 2025-05-13 01:54:49,163] Trial 76 finished with value: 0.5709838300067469 and parameters: {'threshold_scale_factor': 0.9974757331605492}. Best is trial 41 with value: 0.5729886037066645.
[I 2025-05-13 01:54:51,989] Trial 77 finished with value: 0.5663450462023766 and parameters: {'threshold_scale_factor': 0.762207943913104}. Best is trial 41 with value: 0.5729886037066645.
[I 2025-05-13 01:54:54,804] Trial 78 finished with value: 0.5684259645501469 and parameters: {'threshold_scale_factor': 0.8038936250142952}. Best is trial 41 with value: 0.5729886037066645.
[I 2025-05-13 01:54:57,616] Trial 79 finished with value: 0.5718016197177114 and parameters: {'threshold_scale_factor': 0.8632266068963934}. Best is trial 41 with value: 0.5729886037066645.
[I 2025-05-13 01:55:00,433] Trial 80 finished with value: 0.5728707006569049 and parameters: {'threshold_scale_factor': 0.9183830187958995}. Best is trial 41 with value: 0.5729886037066645.
[I 2025-05-13 01:55:03,260] Trial 81 finished with value: 0.5729380841173182 and parameters: {'threshold_scale_factor': 0.9017369325085431}. Best is trial 41 with value: 0.5729886037066645.
[I 2025-05-13 01:55:06,080] Trial 82 finished with value: 0.5725055551484493 and parameters: {'threshold_scale_factor': 0.8839030189386523}. Best is trial 41 with value: 0.5729886037066645.
[I 2025-05-13 01:55:08,890] Trial 83 finished with value: 0.5723732061713085 and parameters: {'threshold_scale_factor': 0.9570487350414919}. Best is trial 41 with value: 0.5729886037066645.
[I 2025-05-13 01:55:11,702] Trial 84 finished with value: 0.5717235201366659 and parameters: {'threshold_scale_factor': 0.9744668971642676}. Best is trial 41 with value: 0.5729886037066645.
[I 2025-05-13 01:55:14,533] Trial 85 finished with value: 0.5698260722690237 and parameters: {'threshold_scale_factor': 0.8248403229273807}. Best is trial 41 with value: 0.5729886037066645.
[I 2025-05-13 01:55:17,352] Trial 86 finished with value: 0.572922295459507 and parameters: {'threshold_scale_factor': 0.9155422854490564}. Best is trial 41 with value: 0.5729886037066645.
[I 2025-05-13 01:55:20,173] Trial 87 finished with value: 0.5207159074416097 and parameters: {'threshold_scale_factor': 0.14148490204310893}. Best is trial 41 with value: 0.5729886037066645.
[I 2025-05-13 01:55:22,997] Trial 88 finished with value: 0.5719499477014214 and parameters: {'threshold_scale_factor': 0.8662799653146255}. Best is trial 41 with value: 0.5729886037066645.
[I 2025-05-13 01:55:25,820] Trial 89 finished with value: 0.572712495116011 and parameters: {'threshold_scale_factor': 0.9388527116964569}. Best is trial 41 with value: 0.5729886037066645.
[I 2025-05-13 01:55:28,635] Trial 90 finished with value: 0.5727840559599833 and parameters: {'threshold_scale_factor': 0.8967371008817429}. Best is trial 41 with value: 0.5729886037066645.
[I 2025-05-13 01:55:31,589] Trial 91 finished with value: 0.5729540219673991 and parameters: {'threshold_scale_factor': 0.9066090095539532}. Best is trial 41 with value: 0.5729886037066645.
[I 2025-05-13 01:55:34,421] Trial 92 finished with value: 0.5706942272325034 and parameters: {'threshold_scale_factor': 0.836918921913187}. Best is trial 41 with value: 0.5729886037066645.
[I 2025-05-13 01:55:37,655] Trial 93 finished with value: 0.5729917213106506 and parameters: {'threshold_scale_factor': 0.9117310580261854}. Best is trial 93 with value: 0.5729917213106506.
[I 2025-05-13 01:55:40,466] Trial 94 finished with value: 0.5717094086057517 and parameters: {'threshold_scale_factor': 0.9751695710659092}. Best is trial 93 with value: 0.5729917213106506.
[I 2025-05-13 01:55:43,287] Trial 95 finished with value: 0.5727058020421067 and parameters: {'threshold_scale_factor': 0.9395306165511221}. Best is trial 93 with value: 0.5729917213106506.
[I 2025-05-13 01:55:46,101] Trial 96 finished with value: 0.5678082468177649 and parameters: {'threshold_scale_factor': 0.7931836098691066}. Best is trial 93 with value: 0.5729917213106506.
[I 2025-05-13 01:55:48,930] Trial 97 finished with value: 0.572486926692948 and parameters: {'threshold_scale_factor': 0.883227384265689}. Best is trial 93 with value: 0.5729917213106506.
[I 2025-05-13 01:55:51,763] Trial 98 finished with value: 0.5486271728593702 and parameters: {'threshold_scale_factor': 0.5051107317180152}. Best is trial 93 with value: 0.5729917213106506.
