[I 2025-05-13 01:50:10,582] Trial 0 finished with value: 0.5107350526168212 and parameters: {'threshold_scale_factor': 0.04286476704646991}. Best is trial 0 with value: 0.5107350526168212.
[I 2025-05-13 01:50:13,377] Trial 1 finished with value: 0.5201524905509334 and parameters: {'threshold_scale_factor': 0.24585893826784988}. Best is trial 1 with value: 0.5201524905509334.
[I 2025-05-13 01:50:16,173] Trial 2 finished with value: 0.514291292165774 and parameters: {'threshold_scale_factor': 0.14904640446611905}. Best is trial 1 with value: 0.5201524905509334.
[I 2025-05-13 01:50:18,963] Trial 3 finished with value: 0.5250112300622795 and parameters: {'threshold_scale_factor': 0.30326686997730634}. Best is trial 3 with value: 0.5250112300622795.
[I 2025-05-13 01:50:21,762] Trial 4 finished with value: 0.5453295195261916 and parameters: {'threshold_scale_factor': 0.5139414433099249}. Best is trial 4 with value: 0.5453295195261916.
[I 2025-05-13 01:50:24,553] Trial 5 finished with value: 0.5244774767105207 and parameters: {'threshold_scale_factor': 0.2967571164864211}. Best is trial 4 with value: 0.5453295195261916.
[I 2025-05-13 01:50:27,342] Trial 6 finished with value: 0.5138136814085709 and parameters: {'threshold_scale_factor': 0.13825136858959997}. Best is trial 4 with value: 0.5453295195261916.
[I 2025-05-13 01:50:30,153] Trial 7 finished with value: 0.566558283112643 and parameters: {'threshold_scale_factor': 0.749978088763236}. Best is trial 7 with value: 0.566558283112643.
[I 2025-05-13 01:50:33,085] Trial 8 finished with value: 0.5477874776075264 and parameters: {'threshold_scale_factor': 0.5431121190909166}. Best is trial 7 with value: 0.566558283112643.
[I 2025-05-13 01:50:35,880] Trial 9 finished with value: 0.5611976608051391 and parameters: {'threshold_scale_factor': 0.6722553052702577}. Best is trial 7 with value: 0.566558283112643.
[I 2025-05-13 01:50:38,680] Trial 10 finished with value: 0.5674607625873365 and parameters: {'threshold_scale_factor': 0.9892896086778891}. Best is trial 10 with value: 0.5674607625873365.
[I 2025-05-13 01:50:41,495] Trial 11 finished with value: 0.5675834963799061 and parameters: {'threshold_scale_factor': 0.9812848354855568}. Best is trial 11 with value: 0.5675834963799061.
[I 2025-05-13 01:50:44,298] Trial 12 finished with value: 0.5676250387102495 and parameters: {'threshold_scale_factor': 0.9750908233851757}. Best is trial 12 with value: 0.5676250387102495.
[I 2025-05-13 01:50:47,180] Trial 13 finished with value: 0.5675703571710273 and parameters: {'threshold_scale_factor': 0.9819964943942828}. Best is trial 12 with value: 0.5676250387102495.
[I 2025-05-13 01:50:49,972] Trial 14 finished with value: 0.5686554839960835 and parameters: {'threshold_scale_factor': 0.8167105818701955}. Best is trial 14 with value: 0.5686554839960835.
[I 2025-05-13 01:50:52,777] Trial 15 finished with value: 0.5673117966780581 and parameters: {'threshold_scale_factor': 0.7790016244592644}. Best is trial 14 with value: 0.5686554839960835.
[I 2025-05-13 01:50:55,570] Trial 16 finished with value: 0.5689675736466033 and parameters: {'threshold_scale_factor': 0.8309637088416268}. Best is trial 16 with value: 0.5689675736466033.
[I 2025-05-13 01:50:58,366] Trial 17 finished with value: 0.5689913981087482 and parameters: {'threshold_scale_factor': 0.8252689306646209}. Best is trial 17 with value: 0.5689913981087482.
[I 2025-05-13 01:51:01,162] Trial 18 finished with value: 0.5595918581024706 and parameters: {'threshold_scale_factor': 0.6479302778736034}. Best is trial 17 with value: 0.5689913981087482.
[I 2025-05-13 01:51:04,040] Trial 19 finished with value: 0.5682578711629471 and parameters: {'threshold_scale_factor': 0.8683320130185431}. Best is trial 17 with value: 0.5689913981087482.
[I 2025-05-13 01:51:06,835] Trial 20 finished with value: 0.5564637643563863 and parameters: {'threshold_scale_factor': 0.6222857659727061}. Best is trial 17 with value: 0.5689913981087482.
[I 2025-05-13 01:51:09,643] Trial 21 finished with value: 0.568835306982439 and parameters: {'threshold_scale_factor': 0.8410434666915878}. Best is trial 17 with value: 0.5689913981087482.
[I 2025-05-13 01:51:12,440] Trial 22 finished with value: 0.5682841907371932 and parameters: {'threshold_scale_factor': 0.8671317367138829}. Best is trial 17 with value: 0.5689913981087482.
[I 2025-05-13 01:51:15,228] Trial 23 finished with value: 0.5349292234958027 and parameters: {'threshold_scale_factor': 0.4068289913105408}. Best is trial 17 with value: 0.5689913981087482.
[I 2025-05-13 01:51:18,026] Trial 24 finished with value: 0.5643352102544024 and parameters: {'threshold_scale_factor': 0.7102938544548347}. Best is trial 17 with value: 0.5689913981087482.
[I 2025-05-13 01:51:20,964] Trial 25 finished with value: 0.5684644921677249 and parameters: {'threshold_scale_factor': 0.8561455702664597}. Best is trial 17 with value: 0.5689913981087482.
[I 2025-05-13 01:51:23,773] Trial 26 finished with value: 0.5516052614948477 and parameters: {'threshold_scale_factor': 0.5763397067034982}. Best is trial 17 with value: 0.5689913981087482.
[I 2025-05-13 01:51:26,573] Trial 27 finished with value: 0.5683455653503195 and parameters: {'threshold_scale_factor': 0.9136407589938014}. Best is trial 17 with value: 0.5689913981087482.
[I 2025-05-13 01:51:29,372] Trial 28 finished with value: 0.5375063244661061 and parameters: {'threshold_scale_factor': 0.43527357897676716}. Best is trial 17 with value: 0.5689913981087482.
[I 2025-05-13 01:51:32,171] Trial 29 finished with value: 0.5664542240766238 and parameters: {'threshold_scale_factor': 0.7451302478668194}. Best is trial 17 with value: 0.5689913981087482.
[I 2025-05-13 01:51:34,972] Trial 30 finished with value: 0.5678571561595078 and parameters: {'threshold_scale_factor': 0.7952809125289333}. Best is trial 17 with value: 0.5689913981087482.
[I 2025-05-13 01:51:37,763] Trial 31 finished with value: 0.5685795091187447 and parameters: {'threshold_scale_factor': 0.8147439065001647}. Best is trial 17 with value: 0.5689913981087482.
[I 2025-05-13 01:51:40,566] Trial 32 finished with value: 0.5679738759602297 and parameters: {'threshold_scale_factor': 0.8830451196988377}. Best is trial 17 with value: 0.5689913981087482.
[I 2025-05-13 01:51:43,487] Trial 33 finished with value: 0.5683447525096763 and parameters: {'threshold_scale_factor': 0.9208243889539484}. Best is trial 17 with value: 0.5689913981087482.
[I 2025-05-13 01:51:46,270] Trial 34 finished with value: 0.568924014648335 and parameters: {'threshold_scale_factor': 0.8228663949641379}. Best is trial 17 with value: 0.5689913981087482.
[I 2025-05-13 01:51:49,084] Trial 35 finished with value: 0.5639538593786921 and parameters: {'threshold_scale_factor': 0.7063014886794856}. Best is trial 17 with value: 0.5689913981087482.
[I 2025-05-13 01:51:51,878] Trial 36 finished with value: 0.5532902389918175 and parameters: {'threshold_scale_factor': 0.5913584061301318}. Best is trial 17 with value: 0.5689913981087482.
[I 2025-05-13 01:51:54,904] Trial 37 finished with value: 0.5648382711550369 and parameters: {'threshold_scale_factor': 0.7169061745544469}. Best is trial 17 with value: 0.5689913981087482.
[I 2025-05-13 01:51:57,710] Trial 38 finished with value: 0.5684237266660975 and parameters: {'threshold_scale_factor': 0.9271442295608302}. Best is trial 17 with value: 0.5689913981087482.
[I 2025-05-13 01:52:00,514] Trial 39 finished with value: 0.5101891478119019 and parameters: {'threshold_scale_factor': 0.02063394923468964}. Best is trial 17 with value: 0.5689913981087482.
[I 2025-05-13 01:52:03,289] Trial 40 finished with value: 0.5397152394923833 and parameters: {'threshold_scale_factor': 0.4575628106591492}. Best is trial 17 with value: 0.5689913981087482.
[I 2025-05-13 01:52:06,253] Trial 41 finished with value: 0.5689163441078344 and parameters: {'threshold_scale_factor': 0.8354812912797437}. Best is trial 17 with value: 0.5689913981087482.
[I 2025-05-13 01:52:09,041] Trial 42 finished with value: 0.5684996346641428 and parameters: {'threshold_scale_factor': 0.8119135923205238}. Best is trial 17 with value: 0.5689913981087482.
[I 2025-05-13 01:52:12,271] Trial 43 finished with value: 0.5666032825880007 and parameters: {'threshold_scale_factor': 0.7611859761027346}. Best is trial 17 with value: 0.5689913981087482.
[I 2025-05-13 01:52:15,082] Trial 44 finished with value: 0.5138437050667608 and parameters: {'threshold_scale_factor': 0.13888356731220663}. Best is trial 17 with value: 0.5689913981087482.
[I 2025-05-13 01:52:17,881] Trial 45 finished with value: 0.5687506069295879 and parameters: {'threshold_scale_factor': 0.8453428159113585}. Best is trial 17 with value: 0.5689913981087482.
[I 2025-05-13 01:52:20,677] Trial 46 finished with value: 0.568452438461224 and parameters: {'threshold_scale_factor': 0.9347713016463983}. Best is trial 17 with value: 0.5689913981087482.
[I 2025-05-13 01:52:23,891] Trial 47 finished with value: 0.5665591319652135 and parameters: {'threshold_scale_factor': 0.7506842188179372}. Best is trial 17 with value: 0.5689913981087482.
[I 2025-05-13 01:52:26,693] Trial 48 finished with value: 0.5607772575666256 and parameters: {'threshold_scale_factor': 0.6635895560000022}. Best is trial 17 with value: 0.5689913981087482.
[I 2025-05-13 01:52:29,485] Trial 49 finished with value: 0.5689385583223759 and parameters: {'threshold_scale_factor': 0.8340765158934953}. Best is trial 17 with value: 0.5689913981087482.
[I 2025-05-13 01:52:32,290] Trial 50 finished with value: 0.5193645495830838 and parameters: {'threshold_scale_factor': 0.2355475342241682}. Best is trial 17 with value: 0.5689913981087482.
[I 2025-05-13 01:52:35,089] Trial 51 finished with value: 0.5690207684076869 and parameters: {'threshold_scale_factor': 0.82732310318864}. Best is trial 51 with value: 0.5690207684076869.
[I 2025-05-13 01:52:37,880] Trial 52 finished with value: 0.568060150248757 and parameters: {'threshold_scale_factor': 0.8967249127557384}. Best is trial 51 with value: 0.5690207684076869.
[I 2025-05-13 01:52:40,756] Trial 53 finished with value: 0.5674288714534914 and parameters: {'threshold_scale_factor': 0.7823587645062609}. Best is trial 51 with value: 0.5690207684076869.
[I 2025-05-13 01:52:43,548] Trial 54 finished with value: 0.5682109373326409 and parameters: {'threshold_scale_factor': 0.9449712344929937}. Best is trial 51 with value: 0.5690207684076869.
[I 2025-05-13 01:52:46,432] Trial 55 finished with value: 0.5690251772964925 and parameters: {'threshold_scale_factor': 0.8276327236665642}. Best is trial 55 with value: 0.5690251772964925.
[I 2025-05-13 01:52:49,228] Trial 56 finished with value: 0.5672891554649508 and parameters: {'threshold_scale_factor': 0.9975189836314127}. Best is trial 55 with value: 0.5690251772964925.
[I 2025-05-13 01:52:52,021] Trial 57 finished with value: 0.5629254359053443 and parameters: {'threshold_scale_factor': 0.6964328818746488}. Best is trial 55 with value: 0.5690251772964925.
[I 2025-05-13 01:52:54,954] Trial 58 finished with value: 0.511687624682295 and parameters: {'threshold_scale_factor': 0.07677867254760606}. Best is trial 55 with value: 0.5690251772964925.
[I 2025-05-13 01:52:57,749] Trial 59 finished with value: 0.5575579353197389 and parameters: {'threshold_scale_factor': 0.631206040928827}. Best is trial 55 with value: 0.5690251772964925.
[I 2025-05-13 01:53:00,541] Trial 60 finished with value: 0.5680059317200278 and parameters: {'threshold_scale_factor': 0.8813585000687967}. Best is trial 55 with value: 0.5690251772964925.
[I 2025-05-13 01:53:03,343] Trial 61 finished with value: 0.5688807283118014 and parameters: {'threshold_scale_factor': 0.8365469269291058}. Best is trial 55 with value: 0.5690251772964925.
[I 2025-05-13 01:53:06,145] Trial 62 finished with value: 0.5676226259111248 and parameters: {'threshold_scale_factor': 0.7867579041582548}. Best is trial 55 with value: 0.5690251772964925.
[I 2025-05-13 01:53:08,933] Trial 63 finished with value: 0.5680503035589394 and parameters: {'threshold_scale_factor': 0.9536120507936514}. Best is trial 55 with value: 0.5690251772964925.
[I 2025-05-13 01:53:11,722] Trial 64 finished with value: 0.5659653878872464 and parameters: {'threshold_scale_factor': 0.7344628694736743}. Best is trial 55 with value: 0.5690251772964925.
[I 2025-05-13 01:53:14,681] Trial 65 finished with value: 0.5689208507432996 and parameters: {'threshold_scale_factor': 0.8225517063251024}. Best is trial 55 with value: 0.5690251772964925.
[I 2025-05-13 01:53:17,475] Trial 66 finished with value: 0.5680219673167684 and parameters: {'threshold_scale_factor': 0.8937411338524016}. Best is trial 55 with value: 0.5690251772964925.
[I 2025-05-13 01:53:20,266] Trial 67 finished with value: 0.5684444643916224 and parameters: {'threshold_scale_factor': 0.810257853850651}. Best is trial 55 with value: 0.5690251772964925.
[I 2025-05-13 01:53:23,055] Trial 68 finished with value: 0.5616426910573186 and parameters: {'threshold_scale_factor': 0.6785344464677796}. Best is trial 55 with value: 0.5690251772964925.
[I 2025-05-13 01:53:25,853] Trial 69 finished with value: 0.5669254658672678 and parameters: {'threshold_scale_factor': 0.7669404483997708}. Best is trial 55 with value: 0.5690251772964925.
[I 2025-05-13 01:53:28,650] Trial 70 finished with value: 0.5685842781268226 and parameters: {'threshold_scale_factor': 0.8518220828377635}. Best is trial 55 with value: 0.5690251772964925.
[I 2025-05-13 01:53:31,585] Trial 71 finished with value: 0.5690229857134923 and parameters: {'threshold_scale_factor': 0.8274689886427452}. Best is trial 55 with value: 0.5690251772964925.
[I 2025-05-13 01:53:34,385] Trial 72 finished with value: 0.5682610093451774 and parameters: {'threshold_scale_factor': 0.8681189967063995}. Best is trial 55 with value: 0.5690251772964925.
[I 2025-05-13 01:53:37,181] Trial 73 finished with value: 0.5686741073070237 and parameters: {'threshold_scale_factor': 0.8174003376317391}. Best is trial 55 with value: 0.5690251772964925.
[I 2025-05-13 01:53:40,123] Trial 74 finished with value: 0.568322548584257 and parameters: {'threshold_scale_factor': 0.9085627903097706}. Best is trial 55 with value: 0.5690251772964925.
[I 2025-05-13 01:53:42,915] Trial 75 finished with value: 0.5653895005806254 and parameters: {'threshold_scale_factor': 0.7252435967990996}. Best is trial 55 with value: 0.5690251772964925.
[I 2025-05-13 01:53:45,720] Trial 76 finished with value: 0.5279597477609379 and parameters: {'threshold_scale_factor': 0.33818008696769164}. Best is trial 55 with value: 0.5690251772964925.
[I 2025-05-13 01:53:48,884] Trial 77 finished with value: 0.5678135714384343 and parameters: {'threshold_scale_factor': 0.9610129948172558}. Best is trial 55 with value: 0.5690251772964925.
[I 2025-05-13 01:53:51,691] Trial 78 finished with value: 0.5672177489578096 and parameters: {'threshold_scale_factor': 0.7737403509975734}. Best is trial 55 with value: 0.5690251772964925.
[I 2025-05-13 01:53:54,496] Trial 79 finished with value: 0.5682247350453321 and parameters: {'threshold_scale_factor': 0.803278941579931}. Best is trial 55 with value: 0.5690251772964925.
[I 2025-05-13 01:53:57,279] Trial 80 finished with value: 0.5455337431655278 and parameters: {'threshold_scale_factor': 0.5160879811832547}. Best is trial 55 with value: 0.5690251772964925.
[I 2025-05-13 01:54:00,451] Trial 81 finished with value: 0.5690238397106238 and parameters: {'threshold_scale_factor': 0.8275276331251424}. Best is trial 55 with value: 0.5690251772964925.
[I 2025-05-13 01:54:03,263] Trial 82 finished with value: 0.5689549334601447 and parameters: {'threshold_scale_factor': 0.8329386003913544}. Best is trial 55 with value: 0.5690251772964925.
[I 2025-05-13 01:54:06,052] Trial 83 finished with value: 0.5683075984898944 and parameters: {'threshold_scale_factor': 0.8664257772717769}. Best is trial 55 with value: 0.5690251772964925.
[I 2025-05-13 01:54:08,857] Trial 84 finished with value: 0.5687310627422227 and parameters: {'threshold_scale_factor': 0.8462507547644982}. Best is trial 55 with value: 0.5690251772964925.
[I 2025-05-13 01:54:11,838] Trial 85 finished with value: 0.5665833011129475 and parameters: {'threshold_scale_factor': 0.7537056338947219}. Best is trial 55 with value: 0.5690251772964925.
[I 2025-05-13 01:54:14,634] Trial 86 finished with value: 0.5677722503242153 and parameters: {'threshold_scale_factor': 0.7903119252363245}. Best is trial 55 with value: 0.5690251772964925.
[I 2025-05-13 01:54:17,445] Trial 87 finished with value: 0.5683319991428749 and parameters: {'threshold_scale_factor': 0.9166342709087565}. Best is trial 55 with value: 0.5690251772964925.
[I 2025-05-13 01:54:20,243] Trial 88 finished with value: 0.5679425404389764 and parameters: {'threshold_scale_factor': 0.8856883668906168}. Best is trial 55 with value: 0.5690251772964925.
[I 2025-05-13 01:54:23,054] Trial 89 finished with value: 0.5690253985126169 and parameters: {'threshold_scale_factor': 0.8279638162320563}. Best is trial 89 with value: 0.5690253985126169.
[I 2025-05-13 01:54:25,860] Trial 90 finished with value: 0.5659329359962486 and parameters: {'threshold_scale_factor': 0.7340144898791621}. Best is trial 89 with value: 0.5690253985126169.
[I 2025-05-13 01:54:28,945] Trial 91 finished with value: 0.5690238088432575 and parameters: {'threshold_scale_factor': 0.8275501554536251}. Best is trial 89 with value: 0.5690253985126169.
[I 2025-05-13 01:54:31,743] Trial 92 finished with value: 0.5683394844791784 and parameters: {'threshold_scale_factor': 0.8648426760416753}. Best is trial 89 with value: 0.5690253985126169.
[I 2025-05-13 01:54:34,545] Trial 93 finished with value: 0.5689126606021346 and parameters: {'threshold_scale_factor': 0.8355690944488815}. Best is trial 89 with value: 0.5690253985126169.
[I 2025-05-13 01:54:37,339] Trial 94 finished with value: 0.5678517595149839 and parameters: {'threshold_scale_factor': 0.7949522940209056}. Best is trial 89 with value: 0.5690253985126169.
[I 2025-05-13 01:54:40,152] Trial 95 finished with value: 0.5669924068954321 and parameters: {'threshold_scale_factor': 0.7683654430007097}. Best is trial 89 with value: 0.5690253985126169.
[I 2025-05-13 01:54:42,954] Trial 96 finished with value: 0.5680590184453297 and parameters: {'threshold_scale_factor': 0.8964363681936779}. Best is trial 89 with value: 0.5690253985126169.
[I 2025-05-13 01:54:45,922] Trial 97 finished with value: 0.5689962597189246 and parameters: {'threshold_scale_factor': 0.8254746101033773}. Best is trial 89 with value: 0.5690253985126169.
[I 2025-05-13 01:54:48,719] Trial 98 finished with value: 0.5633846497122925 and parameters: {'threshold_scale_factor': 0.7008994800858128}. Best is trial 89 with value: 0.5690253985126169.
