[I 2025-05-13 01:45:25,678] Trial 0 finished with value: 0.5677057002826895 and parameters: {'interp_param': 0.8551835319036901}. Best is trial 0 with value: 0.5677057002826895.
[I 2025-05-13 01:45:29,171] Trial 1 finished with value: 0.5513847810426465 and parameters: {'interp_param': 0.40113755593258116}. Best is trial 0 with value: 0.5677057002826895.
[I 2025-05-13 01:45:32,657] Trial 2 finished with value: 0.565808679413613 and parameters: {'interp_param': 0.8112452987964709}. Best is trial 0 with value: 0.5677057002826895.
[I 2025-05-13 01:45:36,131] Trial 3 finished with value: 0.5527359125404869 and parameters: {'interp_param': 0.4364957116214636}. Best is trial 0 with value: 0.5677057002826895.
[I 2025-05-13 01:45:39,781] Trial 4 finished with value: 0.5520100767134305 and parameters: {'interp_param': 0.4146988770467622}. Best is trial 0 with value: 0.5677057002826895.
[I 2025-05-13 01:45:43,263] Trial 5 finished with value: 0.5373589996717976 and parameters: {'interp_param': 0.07328227842308577}. Best is trial 0 with value: 0.5677057002826895.
[I 2025-05-13 01:45:46,750] Trial 6 finished with value: 0.5623761974248755 and parameters: {'interp_param': 0.7151986027472819}. Best is trial 0 with value: 0.5677057002826895.
[I 2025-05-13 01:45:50,230] Trial 7 finished with value: 0.5528515982844412 and parameters: {'interp_param': 0.4402791395213296}. Best is trial 0 with value: 0.5677057002826895.
[I 2025-05-13 01:45:53,709] Trial 8 finished with value: 0.5362080070318329 and parameters: {'interp_param': 0.039923591210051956}. Best is trial 0 with value: 0.5677057002826895.
[I 2025-05-13 01:45:57,192] Trial 9 finished with value: 0.5363216812524233 and parameters: {'interp_param': 0.04387585292071128}. Best is trial 0 with value: 0.5677057002826895.
[I 2025-05-13 01:46:00,682] Trial 10 finished with value: 0.571419332531893 and parameters: {'interp_param': 0.9792300035877963}. Best is trial 10 with value: 0.571419332531893.
[I 2025-05-13 01:46:04,157] Trial 11 finished with value: 0.5712696618177533 and parameters: {'interp_param': 0.9950013033767499}. Best is trial 10 with value: 0.571419332531893.
[I 2025-05-13 01:46:07,648] Trial 12 finished with value: 0.5715875390994356 and parameters: {'interp_param': 0.993089761954231}. Best is trial 12 with value: 0.5715875390994356.
[I 2025-05-13 01:46:11,141] Trial 13 finished with value: 0.5715690444025211 and parameters: {'interp_param': 0.982854463590151}. Best is trial 12 with value: 0.5715875390994356.
[I 2025-05-13 01:46:14,630] Trial 14 finished with value: 0.5590994927442243 and parameters: {'interp_param': 0.6218948460995788}. Best is trial 12 with value: 0.5715875390994356.
[I 2025-05-13 01:46:18,111] Trial 15 finished with value: 0.5678467590016596 and parameters: {'interp_param': 0.8593994253693557}. Best is trial 12 with value: 0.5715875390994356.
[I 2025-05-13 01:46:21,586] Trial 16 finished with value: 0.5456145076291885 and parameters: {'interp_param': 0.2538669675912634}. Best is trial 12 with value: 0.5715875390994356.
[I 2025-05-13 01:46:25,071] Trial 17 finished with value: 0.5587862764348381 and parameters: {'interp_param': 0.6122420572799753}. Best is trial 12 with value: 0.5715875390994356.
[I 2025-05-13 01:46:28,712] Trial 18 finished with value: 0.5623931744762852 and parameters: {'interp_param': 0.7155649213776631}. Best is trial 12 with value: 0.5715875390994356.
[I 2025-05-13 01:46:32,200] Trial 19 finished with value: 0.571085692315205 and parameters: {'interp_param': 0.917373778409786}. Best is trial 12 with value: 0.5715875390994356.
[I 2025-05-13 01:46:35,689] Trial 20 finished with value: 0.5636381994028152 and parameters: {'interp_param': 0.7609310288758342}. Best is trial 12 with value: 0.5715875390994356.
[I 2025-05-13 01:46:39,195] Trial 21 finished with value: 0.5711575361100341 and parameters: {'interp_param': 0.9963356278616162}. Best is trial 12 with value: 0.5715875390994356.
[I 2025-05-13 01:46:42,668] Trial 22 finished with value: 0.571625845500889 and parameters: {'interp_param': 0.9272910800654933}. Best is trial 22 with value: 0.571625845500889.
[I 2025-05-13 01:46:46,148] Trial 23 finished with value: 0.5697930699099955 and parameters: {'interp_param': 0.894948228294994}. Best is trial 22 with value: 0.571625845500889.
[I 2025-05-13 01:46:49,630] Trial 24 finished with value: 0.5581109036069567 and parameters: {'interp_param': 0.5930604139942357}. Best is trial 22 with value: 0.571625845500889.
[I 2025-05-13 01:46:53,112] Trial 25 finished with value: 0.5715572324903887 and parameters: {'interp_param': 0.9256527575457083}. Best is trial 22 with value: 0.571625845500889.
[I 2025-05-13 01:46:56,592] Trial 26 finished with value: 0.5655666689734877 and parameters: {'interp_param': 0.8073270360304434}. Best is trial 22 with value: 0.571625845500889.
[I 2025-05-13 01:47:00,074] Trial 27 finished with value: 0.5613914358410167 and parameters: {'interp_param': 0.6916710875467618}. Best is trial 22 with value: 0.571625845500889.
[I 2025-05-13 01:47:03,566] Trial 28 finished with value: 0.54676996574813 and parameters: {'interp_param': 0.2866249818487682}. Best is trial 22 with value: 0.571625845500889.
[I 2025-05-13 01:47:07,048] Trial 29 finished with value: 0.5669502472177648 and parameters: {'interp_param': 0.8387602258114552}. Best is trial 22 with value: 0.571625845500889.
[I 2025-05-13 01:47:10,533] Trial 30 finished with value: 0.5714968713557859 and parameters: {'interp_param': 0.9246342768259243}. Best is trial 22 with value: 0.571625845500889.
[I 2025-05-13 01:47:14,015] Trial 31 finished with value: 0.5717204848456563 and parameters: {'interp_param': 0.933337607941426}. Best is trial 31 with value: 0.5717204848456563.
[I 2025-05-13 01:47:17,499] Trial 32 finished with value: 0.5719254441572201 and parameters: {'interp_param': 0.9377679040807981}. Best is trial 32 with value: 0.5719254441572201.
[I 2025-05-13 01:47:21,119] Trial 33 finished with value: 0.5646907714456532 and parameters: {'interp_param': 0.7854994509667601}. Best is trial 32 with value: 0.5719254441572201.
[I 2025-05-13 01:47:24,606] Trial 34 finished with value: 0.5694431368685151 and parameters: {'interp_param': 0.8836095019689896}. Best is trial 32 with value: 0.5719254441572201.
[I 2025-05-13 01:47:28,093] Trial 35 finished with value: 0.5720475297350998 and parameters: {'interp_param': 0.9426523528374475}. Best is trial 35 with value: 0.5720475297350998.
[I 2025-05-13 01:47:31,568] Trial 36 finished with value: 0.567031865678557 and parameters: {'interp_param': 0.8405768695279825}. Best is trial 35 with value: 0.5720475297350998.
[I 2025-05-13 01:47:35,054] Trial 37 finished with value: 0.5561948530066183 and parameters: {'interp_param': 0.5208461787837549}. Best is trial 35 with value: 0.5720475297350998.
[I 2025-05-13 01:47:38,531] Trial 38 finished with value: 0.5637031597749819 and parameters: {'interp_param': 0.7624765482602041}. Best is trial 35 with value: 0.5720475297350998.
[I 2025-05-13 01:47:42,003] Trial 39 finished with value: 0.5717206751944145 and parameters: {'interp_param': 0.9334227077719544}. Best is trial 35 with value: 0.5720475297350998.
[I 2025-05-13 01:47:45,486] Trial 40 finished with value: 0.560840808329069 and parameters: {'interp_param': 0.6759445597208349}. Best is trial 35 with value: 0.5720475297350998.
[I 2025-05-13 01:47:48,967] Trial 41 finished with value: 0.571146068883491 and parameters: {'interp_param': 0.9181613023749751}. Best is trial 35 with value: 0.5720475297350998.
[I 2025-05-13 01:47:52,463] Trial 42 finished with value: 0.5720496955952947 and parameters: {'interp_param': 0.9466107176609934}. Best is trial 42 with value: 0.5720496955952947.
[I 2025-05-13 01:47:55,948] Trial 43 finished with value: 0.5679801780474955 and parameters: {'interp_param': 0.8621640737876282}. Best is trial 42 with value: 0.5720496955952947.
[I 2025-05-13 01:47:59,414] Trial 44 finished with value: 0.5720589609497155 and parameters: {'interp_param': 0.9433491125755799}. Best is trial 44 with value: 0.5720589609497155.
[I 2025-05-13 01:48:02,892] Trial 45 finished with value: 0.5722958474070516 and parameters: {'interp_param': 0.9595594025342751}. Best is trial 45 with value: 0.5722958474070516.
[I 2025-05-13 01:48:06,368] Trial 46 finished with value: 0.5401079135469277 and parameters: {'interp_param': 0.14371496674516948}. Best is trial 45 with value: 0.5722958474070516.
[I 2025-05-13 01:48:09,845] Trial 47 finished with value: 0.5720272498755068 and parameters: {'interp_param': 0.967984364063569}. Best is trial 45 with value: 0.5722958474070516.
[I 2025-05-13 01:48:13,481] Trial 48 finished with value: 0.5655603565971 and parameters: {'interp_param': 0.8071996633433899}. Best is trial 45 with value: 0.5722958474070516.
[I 2025-05-13 01:48:16,950] Trial 49 finished with value: 0.5721091101306676 and parameters: {'interp_param': 0.9664981617853252}. Best is trial 45 with value: 0.5722958474070516.
[I 2025-05-13 01:48:20,428] Trial 50 finished with value: 0.5680187262433174 and parameters: {'interp_param': 0.8629732275612197}. Best is trial 45 with value: 0.5722958474070516.
[I 2025-05-13 01:48:23,909] Trial 51 finished with value: 0.5721953226844624 and parameters: {'interp_param': 0.9643902051828003}. Best is trial 45 with value: 0.5722958474070516.
[I 2025-05-13 01:48:27,386] Trial 52 finished with value: 0.5721957085265399 and parameters: {'interp_param': 0.9545851277771463}. Best is trial 45 with value: 0.5722958474070516.
[I 2025-05-13 01:48:30,863] Trial 53 finished with value: 0.5719162199592875 and parameters: {'interp_param': 0.9689994688530413}. Best is trial 45 with value: 0.5722958474070516.
[I 2025-05-13 01:48:34,337] Trial 54 finished with value: 0.5696455599114897 and parameters: {'interp_param': 0.8902173338157617}. Best is trial 45 with value: 0.5722958474070516.
[I 2025-05-13 01:48:37,837] Trial 55 finished with value: 0.5722603859478497 and parameters: {'interp_param': 0.9619206342592446}. Best is trial 45 with value: 0.5722958474070516.
[I 2025-05-13 01:48:41,324] Trial 56 finished with value: 0.5713986925530277 and parameters: {'interp_param': 0.9804808162367152}. Best is trial 45 with value: 0.5722958474070516.
[I 2025-05-13 01:48:44,792] Trial 57 finished with value: 0.5695023816333737 and parameters: {'interp_param': 0.885165371494539}. Best is trial 45 with value: 0.5722958474070516.
[I 2025-05-13 01:48:48,278] Trial 58 finished with value: 0.566608139053616 and parameters: {'interp_param': 0.8292800206626001}. Best is trial 45 with value: 0.5722958474070516.
[I 2025-05-13 01:48:51,759] Trial 59 finished with value: 0.571185239571198 and parameters: {'interp_param': 0.9956859770661328}. Best is trial 45 with value: 0.5722958474070516.
[I 2025-05-13 01:48:55,239] Trial 60 finished with value: 0.5635074246613505 and parameters: {'interp_param': 0.7577433870651817}. Best is trial 45 with value: 0.5722958474070516.
[I 2025-05-13 01:48:58,729] Trial 61 finished with value: 0.5722842155545556 and parameters: {'interp_param': 0.9609879755599897}. Best is trial 45 with value: 0.5722958474070516.
[I 2025-05-13 01:49:02,223] Trial 62 finished with value: 0.5721820497169966 and parameters: {'interp_param': 0.9647286555468888}. Best is trial 45 with value: 0.5722958474070516.
[I 2025-05-13 01:49:05,843] Trial 63 finished with value: 0.570966647172896 and parameters: {'interp_param': 0.9991513546928437}. Best is trial 45 with value: 0.5722958474070516.
[I 2025-05-13 01:49:09,325] Trial 64 finished with value: 0.5699040380914823 and parameters: {'interp_param': 0.8971939936636315}. Best is trial 45 with value: 0.5722958474070516.
[I 2025-05-13 01:49:12,806] Trial 65 finished with value: 0.5717308820035044 and parameters: {'interp_param': 0.9711020424751948}. Best is trial 45 with value: 0.5722958474070516.
[I 2025-05-13 01:49:16,270] Trial 66 finished with value: 0.5684166323164326 and parameters: {'interp_param': 0.869136764542652}. Best is trial 45 with value: 0.5722958474070516.
[I 2025-05-13 01:49:19,742] Trial 67 finished with value: 0.5704278727295689 and parameters: {'interp_param': 0.9056996791299781}. Best is trial 45 with value: 0.5722958474070516.
[I 2025-05-13 01:49:23,225] Trial 68 finished with value: 0.5474923907312214 and parameters: {'interp_param': 0.30469476932185924}. Best is trial 45 with value: 0.5722958474070516.
[I 2025-05-13 01:49:26,711] Trial 69 finished with value: 0.572196027489324 and parameters: {'interp_param': 0.9546910510296069}. Best is trial 45 with value: 0.5722958474070516.
[I 2025-05-13 01:49:30,180] Trial 70 finished with value: 0.5669640912315053 and parameters: {'interp_param': 0.8392334454994885}. Best is trial 45 with value: 0.5722958474070516.
[I 2025-05-13 01:49:33,657] Trial 71 finished with value: 0.5722319365253359 and parameters: {'interp_param': 0.9577332011267407}. Best is trial 45 with value: 0.5722958474070516.
[I 2025-05-13 01:49:37,137] Trial 72 finished with value: 0.5722347248774159 and parameters: {'interp_param': 0.9579800144385917}. Best is trial 45 with value: 0.5722958474070516.
[I 2025-05-13 01:49:40,613] Trial 73 finished with value: 0.5704834597115329 and parameters: {'interp_param': 0.9069478252909501}. Best is trial 45 with value: 0.5722958474070516.
[I 2025-05-13 01:49:44,090] Trial 74 finished with value: 0.5708204644711368 and parameters: {'interp_param': 0.999773482080541}. Best is trial 45 with value: 0.5722958474070516.
[I 2025-05-13 01:49:47,574] Trial 75 finished with value: 0.5721100824527028 and parameters: {'interp_param': 0.9512089698811281}. Best is trial 45 with value: 0.5722958474070516.
[I 2025-05-13 01:49:51,056] Trial 76 finished with value: 0.5653346749936943 and parameters: {'interp_param': 0.8025617651338689}. Best is trial 45 with value: 0.5722958474070516.
[I 2025-05-13 01:49:54,683] Trial 77 finished with value: 0.5705356204158489 and parameters: {'interp_param': 0.9079413255173173}. Best is trial 45 with value: 0.5722958474070516.
[I 2025-05-13 01:49:58,164] Trial 78 finished with value: 0.5555978575660782 and parameters: {'interp_param': 0.5070194511035813}. Best is trial 45 with value: 0.5722958474070516.
[I 2025-05-13 01:50:01,629] Trial 79 finished with value: 0.5512755671564721 and parameters: {'interp_param': 0.3990372105185913}. Best is trial 45 with value: 0.5722958474070516.
[I 2025-05-13 01:50:05,097] Trial 80 finished with value: 0.5687407499506483 and parameters: {'interp_param': 0.873306037499143}. Best is trial 45 with value: 0.5722958474070516.
[I 2025-05-13 01:50:08,579] Trial 81 finished with value: 0.5722268691327181 and parameters: {'interp_param': 0.9573985755965482}. Best is trial 45 with value: 0.5722958474070516.
[I 2025-05-13 01:50:12,064] Trial 82 finished with value: 0.5720648103156103 and parameters: {'interp_param': 0.9500248226687021}. Best is trial 45 with value: 0.5722958474070516.
[I 2025-05-13 01:50:15,549] Trial 83 finished with value: 0.5713496134407707 and parameters: {'interp_param': 0.9209056562573877}. Best is trial 45 with value: 0.5722958474070516.
[I 2025-05-13 01:50:19,028] Trial 84 finished with value: 0.5721958319960047 and parameters: {'interp_param': 0.954712289894565}. Best is trial 45 with value: 0.5722958474070516.
[I 2025-05-13 01:50:22,504] Trial 85 finished with value: 0.5674553402200073 and parameters: {'interp_param': 0.8488421512851533}. Best is trial 45 with value: 0.5722958474070516.
[I 2025-05-13 01:50:25,975] Trial 86 finished with value: 0.5720190906017081 and parameters: {'interp_param': 0.9401960356147034}. Best is trial 45 with value: 0.5722958474070516.
[I 2025-05-13 01:50:29,458] Trial 87 finished with value: 0.5697273738656011 and parameters: {'interp_param': 0.8936508031050823}. Best is trial 45 with value: 0.5722958474070516.
[I 2025-05-13 01:50:32,930] Trial 88 finished with value: 0.5713283818373865 and parameters: {'interp_param': 0.976206588994347}. Best is trial 45 with value: 0.5722958474070516.
[I 2025-05-13 01:50:36,407] Trial 89 finished with value: 0.5717445048011204 and parameters: {'interp_param': 0.9348426809015966}. Best is trial 45 with value: 0.5722958474070516.
[I 2025-05-13 01:50:39,881] Trial 90 finished with value: 0.5574594118313915 and parameters: {'interp_param': 0.5669115911373874}. Best is trial 45 with value: 0.5722958474070516.
[I 2025-05-13 01:50:43,361] Trial 91 finished with value: 0.5722148154262173 and parameters: {'interp_param': 0.9563561774296734}. Best is trial 45 with value: 0.5722958474070516.
[I 2025-05-13 01:50:46,985] Trial 92 finished with value: 0.5709186638521391 and parameters: {'interp_param': 0.9148037624594211}. Best is trial 45 with value: 0.5722958474070516.
[I 2025-05-13 01:50:50,455] Trial 93 finished with value: 0.5720709632106061 and parameters: {'interp_param': 0.9503823571202826}. Best is trial 45 with value: 0.5722958474070516.
[I 2025-05-13 01:50:53,924] Trial 94 finished with value: 0.5708647334188277 and parameters: {'interp_param': 0.9994954829847866}. Best is trial 45 with value: 0.5722958474070516.
[I 2025-05-13 01:50:57,404] Trial 95 finished with value: 0.5686542904579237 and parameters: {'interp_param': 0.8723177400140257}. Best is trial 45 with value: 0.5722958474070516.
[I 2025-05-13 01:51:00,889] Trial 96 finished with value: 0.5715190186910339 and parameters: {'interp_param': 0.972984596890487}. Best is trial 45 with value: 0.5722958474070516.
[I 2025-05-13 01:51:04,372] Trial 97 finished with value: 0.5713135089114395 and parameters: {'interp_param': 0.9202312094207411}. Best is trial 45 with value: 0.5722958474070516.
[I 2025-05-13 01:51:07,864] Trial 98 finished with value: 0.5666199406766262 and parameters: {'interp_param': 0.8295459446264813}. Best is trial 45 with value: 0.5722958474070516.
