[I 2025-05-13 01:51:15,368] Trial 99 finished with value: 0.559705074457129 and parameters: {'interp_param': 0.8608016186655547}. Best is trial 91 with value: 0.5608603782392394.
Best hyperparameters: {'interp_param': 0.9498117368444422}
Best optimized value: 0.5608603782392394
Tuning threshold scale factor for offline LSET using optuna
  0%|          | 0/100 [00:00<?, ?it/s]                                         0%|          | 0/100 [00:02<?, ?it/s]Best trial: 0. Best value: 0.528891:   0%|          | 0/100 [00:02<?, ?it/s]Best trial: 0. Best value: 0.528891:   1%|          | 1/100 [00:02<04:51,  2.94s/it]                                                                                    Best trial: 0. Best value: 0.528891:   1%|          | 1/100 [00:05<04:51,  2.94s/it]Best trial: 0. Best value: 0.528891:   1%|          | 1/100 [00:05<04:51,  2.94s/it]Best trial: 0. Best value: 0.528891:   2%|▏         | 2/100 [00:05<04:41,  2.87s/it]                                                                                    Best trial: 0. Best value: 0.528891:   2%|▏         | 2/100 [00:08<04:41,  2.87s/it]Best trial: 0. Best value: 0.528891:   2%|▏         | 2/100 [00:08<04:41,  2.87s/it]Best trial: 0. Best value: 0.528891:   3%|▎         | 3/100 [00:08<04:37,  2.86s/it]                                                                                    Best trial: 0. Best value: 0.528891:   3%|▎         | 3/100 [00:11<04:37,  2.86s/it]Best trial: 3. Best value: 0.532309:   3%|▎         | 3/100 [00:11<04:37,  2.86s/it]Best trial: 3. Best value: 0.532309:   4%|▍         | 4/100 [00:11<04:41,  2.94s/it]                                                                                    Best trial: 3. Best value: 0.532309:   4%|▍         | 4/100 [00:14<04:41,  2.94s/it]Best trial: 3. Best value: 0.532309:   4%|▍         | 4/100 [00:14<04:41,  2.94s/it]Best trial: 3. Best value: 0.532309:   5%|▌         | 5/100 [00:14<04:35,  2.90s/it]                                                                                    Best trial: 3. Best value: 0.532309:   5%|▌         | 5/100 [00:17<04:35,  2.90s/it]Best trial: 3. Best value: 0.532309:   5%|▌         | 5/100 [00:17<04:35,  2.90s/it]Best trial: 3. Best value: 0.532309:   6%|▌         | 6/100 [00:17<04:30,  2.88s/it]                                                                                    Best trial: 3. Best value: 0.532309:   6%|▌         | 6/100 [00:20<04:30,  2.88s/it]Best trial: 6. Best value: 0.550482:   6%|▌         | 6/100 [00:20<04:30,  2.88s/it]Best trial: 6. Best value: 0.550482:   7%|▋         | 7/100 [00:20<04:26,  2.86s/it]                                                                                    Best trial: 6. Best value: 0.550482:   7%|▋         | 7/100 [00:22<04:26,  2.86s/it]Best trial: 7. Best value: 0.561553:   7%|▋         | 7/100 [00:22<04:26,  2.86s/it]Best trial: 7. Best value: 0.561553:   8%|▊         | 8/100 [00:22<04:22,  2.85s/it]                                                                                    Best trial: 7. Best value: 0.561553:   8%|▊         | 8/100 [00:25<04:22,  2.85s/it]Best trial: 7. Best value: 0.561553:   8%|▊         | 8/100 [00:25<04:22,  2.85s/it]Best trial: 7. Best value: 0.561553:   9%|▉         | 9/100 [00:25<04:23,  2.89s/it]                                                                                    Best trial: 7. Best value: 0.561553:   9%|▉         | 9/100 [00:28<04:23,  2.89s/it]Best trial: 7. Best value: 0.561553:   9%|▉         | 9/100 [00:28<04:23,  2.89s/it]Best trial: 7. Best value: 0.561553:  10%|█         | 10/100 [00:28<04:18,  2.88s/it]                                                                                     Best trial: 7. Best value: 0.561553:  10%|█         | 10/100 [00:31<04:18,  2.88s/it]Best trial: 7. Best value: 0.561553:  10%|█         | 10/100 [00:31<04:18,  2.88s/it]Best trial: 7. Best value: 0.561553:  11%|█         | 11/100 [00:31<04:14,  2.86s/it]                                                                                     Best trial: 7. Best value: 0.561553:  11%|█         | 11/100 [00:34<04:14,  2.86s/it]Best trial: 7. Best value: 0.561553:  11%|█         | 11/100 [00:34<04:14,  2.86s/it]Best trial: 7. Best value: 0.561553:  12%|█▏        | 12/100 [00:34<04:19,  2.94s/it]                                                                                     Best trial: 7. Best value: 0.561553:  12%|█▏        | 12/100 [00:37<04:19,  2.94s/it]Best trial: 7. Best value: 0.561553:  12%|█▏        | 12/100 [00:37<04:19,  2.94s/it]Best trial: 7. Best value: 0.561553:  13%|█▎        | 13/100 [00:37<04:13,  2.91s/it]                                                                                     Best trial: 7. Best value: 0.561553:  13%|█▎        | 13/100 [00:40<04:13,  2.91s/it]Best trial: 7. Best value: 0.561553:  13%|█▎        | 13/100 [00:40<04:13,  2.91s/it]Best trial: 7. Best value: 0.561553:  14%|█▍        | 14/100 [00:40<04:09,  2.91s/it]                                                                                     Best trial: 7. Best value: 0.561553:  14%|█▍        | 14/100 [00:43<04:09,  2.91s/it]Best trial: 7. Best value: 0.561553:  14%|█▍        | 14/100 [00:43<04:09,  2.91s/it]Best trial: 7. Best value: 0.561553:  15%|█▌        | 15/100 [00:43<04:05,  2.89s/it]                                                                                     Best trial: 7. Best value: 0.561553:  15%|█▌        | 15/100 [00:46<04:05,  2.89s/it]Best trial: 15. Best value: 0.561603:  15%|█▌        | 15/100 [00:46<04:05,  2.89s/it]Best trial: 15. Best value: 0.561603:  16%|█▌        | 16/100 [00:46<04:01,  2.87s/it]                                                                                      Best trial: 15. Best value: 0.561603:  16%|█▌        | 16/100 [00:49<04:01,  2.87s/it]Best trial: 15. Best value: 0.561603:  16%|█▌        | 16/100 [00:49<04:01,  2.87s/it]Best trial: 15. Best value: 0.561603:  17%|█▋        | 17/100 [00:49<03:57,  2.86s/it]                                                                                      Best trial: 15. Best value: 0.561603:  17%|█▋        | 17/100 [00:51<03:57,  2.86s/it]Best trial: 15. Best value: 0.561603:  17%|█▋        | 17/100 [00:51<03:57,  2.86s/it]Best trial: 15. Best value: 0.561603:  18%|█▊        | 18/100 [00:51<03:54,  2.86s/it]                                                                                      Best trial: 15. Best value: 0.561603:  18%|█▊        | 18/100 [00:54<03:54,  2.86s/it]Best trial: 18. Best value: 0.562297:  18%|█▊        | 18/100 [00:54<03:54,  2.86s/it]Best trial: 18. Best value: 0.562297:  19%|█▉        | 19/100 [00:54<03:50,  2.85s/it]                                                                                      Best trial: 18. Best value: 0.562297:  19%|█▉        | 19/100 [00:57<03:50,  2.85s/it]Best trial: 18. Best value: 0.562297:  19%|█▉        | 19/100 [00:57<03:50,  2.85s/it]Best trial: 18. Best value: 0.562297:  20%|██        | 20/100 [00:57<03:56,  2.96s/it]                                                                                      Best trial: 18. Best value: 0.562297:  20%|██        | 20/100 [01:00<03:56,  2.96s/it]Best trial: 18. Best value: 0.562297:  20%|██        | 20/100 [01:00<03:56,  2.96s/it]Best trial: 18. Best value: 0.562297:  21%|██        | 21/100 [01:00<03:50,  2.92s/it]                                                                                      Best trial: 18. Best value: 0.562297:  21%|██        | 21/100 [01:03<03:50,  2.92s/it]Best trial: 18. Best value: 0.562297:  21%|██        | 21/100 [01:03<03:50,  2.92s/it]Best trial: 18. Best value: 0.562297:  22%|██▏       | 22/100 [01:03<03:45,  2.89s/it]                                                                                      Best trial: 18. Best value: 0.562297:  22%|██▏       | 22/100 [01:06<03:45,  2.89s/it]Best trial: 18. Best value: 0.562297:  22%|██▏       | 22/100 [01:06<03:45,  2.89s/it]Best trial: 18. Best value: 0.562297:  23%|██▎       | 23/100 [01:06<03:41,  2.88s/it]                                                                                      Best trial: 18. Best value: 0.562297:  23%|██▎       | 23/100 [01:09<03:41,  2.88s/it]Best trial: 18. Best value: 0.562297:  23%|██▎       | 23/100 [01:09<03:41,  2.88s/it]Best trial: 18. Best value: 0.562297:  24%|██▍       | 24/100 [01:09<03:37,  2.87s/it]                                                                                      Best trial: 18. Best value: 0.562297:  24%|██▍       | 24/100 [01:12<03:37,  2.87s/it]Best trial: 18. Best value: 0.562297:  24%|██▍       | 24/100 [01:12<03:37,  2.87s/it]Best trial: 18. Best value: 0.562297:  25%|██▌       | 25/100 [01:12<03:34,  2.86s/it]                                                                                      Best trial: 18. Best value: 0.562297:  25%|██▌       | 25/100 [01:15<03:34,  2.86s/it]Best trial: 18. Best value: 0.562297:  25%|██▌       | 25/100 [01:15<03:34,  2.86s/it]Best trial: 18. Best value: 0.562297:  26%|██▌       | 26/100 [01:15<03:34,  2.89s/it]                                                                                      Best trial: 18. Best value: 0.562297:  26%|██▌       | 26/100 [01:17<03:34,  2.89s/it]Best trial: 18. Best value: 0.562297:  26%|██▌       | 26/100 [01:17<03:34,  2.89s/it]Best trial: 18. Best value: 0.562297:  27%|██▋       | 27/100 [01:17<03:30,  2.88s/it]                                                                                      Best trial: 18. Best value: 0.562297:  27%|██▋       | 27/100 [01:20<03:30,  2.88s/it]Best trial: 18. Best value: 0.562297:  27%|██▋       | 27/100 [01:20<03:30,  2.88s/it]Best trial: 18. Best value: 0.562297:  28%|██▊       | 28/100 [01:20<03:29,  2.91s/it]                                                                                      Best trial: 18. Best value: 0.562297:  28%|██▊       | 28/100 [01:23<03:29,  2.91s/it]Best trial: 18. Best value: 0.562297:  28%|██▊       | 28/100 [01:23<03:29,  2.91s/it]Best trial: 18. Best value: 0.562297:  29%|██▉       | 29/100 [01:23<03:25,  2.89s/it]                                                                                      Best trial: 18. Best value: 0.562297:  29%|██▉       | 29/100 [01:26<03:25,  2.89s/it]Best trial: 18. Best value: 0.562297:  29%|██▉       | 29/100 [01:26<03:25,  2.89s/it]Best trial: 18. Best value: 0.562297:  30%|███       | 30/100 [01:26<03:21,  2.88s/it]                                                                                      Best trial: 18. Best value: 0.562297:  30%|███       | 30/100 [01:29<03:21,  2.88s/it]Best trial: 18. Best value: 0.562297:  30%|███       | 30/100 [01:29<03:21,  2.88s/it]Best trial: 18. Best value: 0.562297:  31%|███       | 31/100 [01:29<03:17,  2.87s/it]                                                                                      Best trial: 18. Best value: 0.562297:  31%|███       | 31/100 [01:32<03:17,  2.87s/it]Best trial: 18. Best value: 0.562297:  31%|███       | 31/100 [01:32<03:17,  2.87s/it]Best trial: 18. Best value: 0.562297:  32%|███▏      | 32/100 [01:32<03:14,  2.86s/it]                                                                                      Best trial: 18. Best value: 0.562297:  32%|███▏      | 32/100 [01:35<03:14,  2.86s/it]Best trial: 18. Best value: 0.562297:  32%|███▏      | 32/100 [01:35<03:14,  2.86s/it]Best trial: 18. Best value: 0.562297:  33%|███▎      | 33/100 [01:35<03:11,  2.85s/it]                                                                                      Best trial: 18. Best value: 0.562297:  33%|███▎      | 33/100 [01:37<03:11,  2.85s/it]Best trial: 18. Best value: 0.562297:  33%|███▎      | 33/100 [01:37<03:11,  2.85s/it]Best trial: 18. Best value: 0.562297:  34%|███▍      | 34/100 [01:37<03:08,  2.85s/it]                                                                                      Best trial: 18. Best value: 0.562297:  34%|███▍      | 34/100 [01:40<03:08,  2.85s/it]Best trial: 18. Best value: 0.562297:  34%|███▍      | 34/100 [01:40<03:08,  2.85s/it]Best trial: 18. Best value: 0.562297:  35%|███▌      | 35/100 [01:40<03:05,  2.85s/it]                                                                                      Best trial: 18. Best value: 0.562297:  35%|███▌      | 35/100 [01:43<03:05,  2.85s/it]Best trial: 18. Best value: 0.562297:  35%|███▌      | 35/100 [01:43<03:05,  2.85s/it]Best trial: 18. Best value: 0.562297:  36%|███▌      | 36/100 [01:43<03:02,  2.84s/it]                                                                                      Best trial: 18. Best value: 0.562297:  36%|███▌      | 36/100 [01:46<03:02,  2.84s/it]Best trial: 18. Best value: 0.562297:  36%|███▌      | 36/100 [01:46<03:02,  2.84s/it]Best trial: 18. Best value: 0.562297:  37%|███▋      | 37/100 [01:46<02:59,  2.84s/it]                                                                                      Best trial: 18. Best value: 0.562297:  37%|███▋      | 37/100 [01:49<02:59,  2.84s/it]Best trial: 18. Best value: 0.562297:  37%|███▋      | 37/100 [01:49<02:59,  2.84s/it]Best trial: 18. Best value: 0.562297:  38%|███▊      | 38/100 [01:49<03:04,  2.97s/it]                                                                                      Best trial: 18. Best value: 0.562297:  38%|███▊      | 38/100 [01:52<03:04,  2.97s/it]Best trial: 18. Best value: 0.562297:  38%|███▊      | 38/100 [01:52<03:04,  2.97s/it]Best trial: 18. Best value: 0.562297:  39%|███▉      | 39/100 [01:52<02:59,  2.94s/it]                                                                                      Best trial: 18. Best value: 0.562297:  39%|███▉      | 39/100 [01:55<02:59,  2.94s/it]Best trial: 18. Best value: 0.562297:  39%|███▉      | 39/100 [01:55<02:59,  2.94s/it]Best trial: 18. Best value: 0.562297:  40%|████      | 40/100 [01:55<02:54,  2.91s/it]                                                                                      Best trial: 18. Best value: 0.562297:  40%|████      | 40/100 [01:58<02:54,  2.91s/it]Best trial: 18. Best value: 0.562297:  40%|████      | 40/100 [01:58<02:54,  2.91s/it]Best trial: 18. Best value: 0.562297:  41%|████      | 41/100 [01:58<02:50,  2.89s/it]                                                                                      Best trial: 18. Best value: 0.562297:  41%|████      | 41/100 [02:01<02:50,  2.89s/it]Best trial: 18. Best value: 0.562297:  41%|████      | 41/100 [02:01<02:50,  2.89s/it]Best trial: 18. Best value: 0.562297:  42%|████▏     | 42/100 [02:01<02:49,  2.92s/it]                                                                                      Best trial: 18. Best value: 0.562297:  42%|████▏     | 42/100 [02:04<02:49,  2.92s/it]Best trial: 18. Best value: 0.562297:  42%|████▏     | 42/100 [02:04<02:49,  2.92s/it]Best trial: 18. Best value: 0.562297:  43%|████▎     | 43/100 [02:04<02:44,  2.89s/it]                                                                                      Best trial: 18. Best value: 0.562297:  43%|████▎     | 43/100 [02:06<02:44,  2.89s/it]Best trial: 18. Best value: 0.562297:  43%|████▎     | 43/100 [02:06<02:44,  2.89s/it]Best trial: 18. Best value: 0.562297:  44%|████▍     | 44/100 [02:06<02:41,  2.88s/it]                                                                                      Best trial: 18. Best value: 0.562297:  44%|████▍     | 44/100 [02:09<02:41,  2.88s/it]Best trial: 18. Best value: 0.562297:  44%|████▍     | 44/100 [02:09<02:41,  2.88s/it]Best trial: 18. Best value: 0.562297:  45%|████▌     | 45/100 [02:09<02:37,  2.87s/it]                                                                                      Best trial: 18. Best value: 0.562297:  45%|████▌     | 45/100 [02:12<02:37,  2.87s/it]Best trial: 18. Best value: 0.562297:  45%|████▌     | 45/100 [02:12<02:37,  2.87s/it]Best trial: 18. Best value: 0.562297:  46%|████▌     | 46/100 [02:12<02:34,  2.86s/it]                                                                                      Best trial: 18. Best value: 0.562297:  46%|████▌     | 46/100 [02:15<02:34,  2.86s/it]Best trial: 18. Best value: 0.562297:  46%|████▌     | 46/100 [02:15<02:34,  2.86s/it]Best trial: 18. Best value: 0.562297:  47%|████▋     | 47/100 [02:15<02:31,  2.86s/it]                                                                                      Best trial: 18. Best value: 0.562297:  47%|████▋     | 47/100 [02:18<02:31,  2.86s/it]Best trial: 18. Best value: 0.562297:  47%|████▋     | 47/100 [02:18<02:31,  2.86s/it]Best trial: 18. Best value: 0.562297:  48%|████▊     | 48/100 [02:18<02:27,  2.85s/it]                                                                                      Best trial: 18. Best value: 0.562297:  48%|████▊     | 48/100 [02:21<02:27,  2.85s/it]Best trial: 18. Best value: 0.562297:  48%|████▊     | 48/100 [02:21<02:27,  2.85s/it]Best trial: 18. Best value: 0.562297:  49%|████▉     | 49/100 [02:21<02:24,  2.84s/it]                                                                                      Best trial: 18. Best value: 0.562297:  49%|████▉     | 49/100 [02:23<02:24,  2.84s/it]Best trial: 18. Best value: 0.562297:  49%|████▉     | 49/100 [02:23<02:24,  2.84s/it]Best trial: 18. Best value: 0.562297:  50%|█████     | 50/100 [02:23<02:21,  2.84s/it]                                                                                      Best trial: 18. Best value: 0.562297:  50%|█████     | 50/100 [02:26<02:21,  2.84s/it]Best trial: 18. Best value: 0.562297:  50%|█████     | 50/100 [02:26<02:21,  2.84s/it]Best trial: 18. Best value: 0.562297:  51%|█████     | 51/100 [02:26<02:18,  2.83s/it]                                                                                      Best trial: 18. Best value: 0.562297:  51%|█████     | 51/100 [02:29<02:18,  2.83s/it]Best trial: 18. Best value: 0.562297:  51%|█████     | 51/100 [02:29<02:18,  2.83s/it]Best trial: 18. Best value: 0.562297:  52%|█████▏    | 52/100 [02:29<02:16,  2.83s/it]                                                                                      Best trial: 18. Best value: 0.562297:  52%|█████▏    | 52/100 [02:32<02:16,  2.83s/it]Best trial: 18. Best value: 0.562297:  52%|█████▏    | 52/100 [02:32<02:16,  2.83s/it]Best trial: 18. Best value: 0.562297:  53%|█████▎    | 53/100 [02:32<02:13,  2.83s/it]                                                                                      Best trial: 18. Best value: 0.562297:  53%|█████▎    | 53/100 [02:35<02:13,  2.83s/it]Best trial: 18. Best value: 0.562297:  53%|█████▎    | 53/100 [02:35<02:13,  2.83s/it]Best trial: 18. Best value: 0.562297:  54%|█████▍    | 54/100 [02:35<02:10,  2.84s/it]                                                                                      Best trial: 18. Best value: 0.562297:  54%|█████▍    | 54/100 [02:38<02:10,  2.84s/it]Best trial: 18. Best value: 0.562297:  54%|█████▍    | 54/100 [02:38<02:10,  2.84s/it]Best trial: 18. Best value: 0.562297:  55%|█████▌    | 55/100 [02:38<02:07,  2.84s/it]                                                                                      Best trial: 18. Best value: 0.562297:  55%|█████▌    | 55/100 [02:41<02:07,  2.84s/it]Best trial: 18. Best value: 0.562297:  55%|█████▌    | 55/100 [02:41<02:07,  2.84s/it]Best trial: 18. Best value: 0.562297:  56%|█████▌    | 56/100 [02:41<02:05,  2.85s/it]                                                                                      Best trial: 18. Best value: 0.562297:  56%|█████▌    | 56/100 [02:43<02:05,  2.85s/it]Best trial: 18. Best value: 0.562297:  56%|█████▌    | 56/100 [02:43<02:05,  2.85s/it]Best trial: 18. Best value: 0.562297:  57%|█████▋    | 57/100 [02:43<02:02,  2.84s/it]                                                                                      Best trial: 18. Best value: 0.562297:  57%|█████▋    | 57/100 [02:46<02:02,  2.84s/it]Best trial: 18. Best value: 0.562297:  57%|█████▋    | 57/100 [02:46<02:02,  2.84s/it]Best trial: 18. Best value: 0.562297:  58%|█████▊    | 58/100 [02:46<01:59,  2.84s/it]                                                                                      Best trial: 18. Best value: 0.562297:  58%|█████▊    | 58/100 [02:49<01:59,  2.84s/it]Best trial: 18. Best value: 0.562297:  58%|█████▊    | 58/100 [02:49<01:59,  2.84s/it]Best trial: 18. Best value: 0.562297:  59%|█████▉    | 59/100 [02:49<01:58,  2.89s/it]                                                                                      Best trial: 18. Best value: 0.562297:  59%|█████▉    | 59/100 [02:52<01:58,  2.89s/it]Best trial: 18. Best value: 0.562297:  59%|█████▉    | 59/100 [02:52<01:58,  2.89s/it]Best trial: 18. Best value: 0.562297:  60%|██████    | 60/100 [02:52<01:54,  2.87s/it]                                                                                      Best trial: 18. Best value: 0.562297:  60%|██████    | 60/100 [02:55<01:54,  2.87s/it]Best trial: 18. Best value: 0.562297:  60%|██████    | 60/100 [02:55<01:54,  2.87s/it]Best trial: 18. Best value: 0.562297:  61%|██████    | 61/100 [02:55<01:51,  2.86s/it]                                                                                      Best trial: 18. Best value: 0.562297:  61%|██████    | 61/100 [02:58<01:51,  2.86s/it]Best trial: 18. Best value: 0.562297:  61%|██████    | 61/100 [02:58<01:51,  2.86s/it]Best trial: 18. Best value: 0.562297:  62%|██████▏   | 62/100 [02:58<01:48,  2.85s/it]                                                                                      Best trial: 18. Best value: 0.562297:  62%|██████▏   | 62/100 [03:01<01:48,  2.85s/it]Best t