[I 2025-05-13 01:55:54,585] Trial 99 finished with value: 0.5728222903375821 and parameters: {'threshold_scale_factor': 0.9209347694846469}. Best is trial 93 with value: 0.5729917213106506.
Best hyperparameters: {'threshold_scale_factor': 0.9117310580261854}
Best optimized value: 0.5729917213106506
Running audit 1/1
Training a GraphSAGE target model on pubmed...
Training GraphSAGE on cuda:   0%|          | 0/100 [00:00<?, ?it/s]Training GraphSAGE on cuda:  22%|██▏       | 22/100 [00:00<00:00, 214.53it/s]Training GraphSAGE on cuda:  44%|████▍     | 44/100 [00:00<00:00, 215.47it/s]Training GraphSAGE on cuda:  66%|██████▌   | 66/100 [00:00<00:00, 215.18it/s]Training GraphSAGE on cuda:  88%|████████▊ | 88/100 [00:00<00:00, 214.99it/s]Training GraphSAGE on cuda: 100%|██████████| 100/100 [00:00<00:00, 215.01it/s]
Train accuracy: 0.9637 | Test accuracy: 0.8796
Training MLP on cuda:   0%|          | 0/1000 [00:00<?, ?it/s]Training MLP on cuda:   0%|          | 1/1000 [00:21<5:56:43, 21.42s/it]Training MLP on cuda:   0%|          | 2/1000 [00:42<5:54:54, 21.34s/it]Training MLP on cuda:   0%|          | 3/1000 [01:04<5:55:45, 21.41s/it]Training MLP on cuda:   0%|          | 4/1000 [01:25<5:55:37, 21.42s/it]Training MLP on cuda:   0%|          | 5/1000 [01:46<5:54:29, 21.38s/it]Training MLP on cuda:   1%|          | 6/1000 [02:08<5:54:58, 21.43s/it]Training MLP on cuda:   1%|          | 7/1000 [02:29<5:54:51, 21.44s/it]Training MLP on cuda:   1%|          | 8/1000 [02:51<5:55:28, 21.50s/it]Training MLP on cuda:   1%|          | 9/1000 [03:12<5:54:04, 21.44s/it]Training MLP on cuda:   1%|          | 10/1000 [03:34<5:54:02, 21.46s/it]Training MLP on cuda:   1%|          | 11/1000 [03:55<5:52:14, 21.37s/it]Training MLP on cuda:   1%|          | 12/1000 [04:16<5:51:48, 21.36s/it]Training MLP on cuda:   1%|▏         | 13/1000 [04:38<5:50:46, 21.32s/it]Training MLP on cuda:   1%|▏         | 14/1000 [04:59<5:49:20, 21.26s/it]Training MLP on cuda:   2%|▏         | 15/1000 [05:20<5:49:18, 21.28s/it]Training MLP on cuda:   2%|▏         | 16/1000 [05:41<5:48:48, 21.27s/it]Training MLP on cuda:   2%|▏         | 17/1000 [06:03<5:48:55, 21.30s/it]Training MLP on cuda:   2%|▏         | 18/1000 [06:24<5:47:19, 21.22s/it]Training MLP on cuda:   2%|▏         | 19/1000 [06:45<5:47:04, 21.23s/it]Training MLP on cuda:   2%|▏         | 20/1000 [07:06<5:45:37, 21.16s/it]Training MLP on cuda:   2%|▏         | 21/1000 [07:27<5:45:36, 21.18s/it]Training MLP on cuda:   2%|▏         | 22/1000 [07:48<5:45:10, 21.18s/it]Training MLP on cuda:   2%|▏         | 23/1000 [08:09<5:43:50, 21.12s/it]Training MLP on cuda:   2%|▏         | 24/1000 [08:31<5:43:49, 21.14s/it]Training MLP on cuda:   2%|▎         | 25/1000 [08:52<5:43:34, 21.14s/it]Training MLP on cuda:   3%|▎         | 26/1000 [09:13<5:44:18, 21.21s/it]Training MLP on cuda:   3%|▎         | 27/1000 [09:34<5:43:14, 21.17s/it]Training MLP on cuda:   3%|▎         | 28/1000 [09:55<5:43:18, 21.19s/it]Training MLP on cuda:   3%|▎         | 29/1000 [10:16<5:41:52, 21.12s/it]Training MLP on cuda:   3%|▎         | 30/1000 [10:37<5:41:36, 21.13s/it]Training MLP on cuda:   3%|▎         | 31/1000 [10:58<5:40:40, 21.09s/it]Training MLP on cuda:   3%|▎         | 32/1000 [11:19<5:39:17, 21.03s/it]Training MLP on cuda:   3%|▎         | 33/1000 [11:40<5:38:56, 21.03s/it]Training MLP on cuda:   3%|▎         | 34/1000 [12:01<5:38:25, 21.02s/it]Training MLP on cuda:   4%|▎         | 35/1000 [12:23<5:38:56, 21.07s/it]Training MLP on cuda:   4%|▎         | 36/1000 [12:43<5:37:37, 21.01s/it]Training MLP on cuda:   4%|▎         | 37/1000 [13:05<5:37:30, 21.03s/it]Training MLP on cuda:   4%|▍         | 38/1000 [13:25<5:36:16, 20.97s/it]Training MLP on cuda:   4%|▍         | 39/1000 [13:46<5:36:19, 21.00s/it]Training MLP on cuda:   4%|▍         | 40/1000 [14:07<5:36:03, 21.00s/it]Training MLP on cuda:   4%|▍         | 41/1000 [14:28<5:34:38, 20.94s/it]Training MLP on cuda:   4%|▍         | 42/1000 [14:49<5:34:48, 20.97s/it]Training MLP on cuda:   4%|▍         | 43/1000 [15:10<5:34:33, 20.97s/it]Training MLP on cuda:   4%|▍         | 44/1000 [15:31<5:34:53, 21.02s/it]Training MLP on cuda:   4%|▍         | 45/1000 [15:52<5:33:49, 20.97s/it]Training MLP on cuda:   5%|▍         | 46/1000 [16:13<5:33:44, 20.99s/it]Training MLP on cuda:   5%|▍         | 47/1000 [16:34<5:32:35, 20.94s/it]Training MLP on cuda:   5%|▍         | 48/1000 [16:55<5:32:48, 20.98s/it]Training MLP on cuda:   5%|▍         | 49/1000 [17:16<5:32:19, 20.97s/it]Training MLP on cuda:   5%|▌         | 50/1000 [17:37<5:31:17, 20.92s/it]Training MLP on cuda:   5%|▌         | 51/1000 [17:58<5:31:17, 20.95s/it]Training MLP on cuda:   5%|▌         | 52/1000 [18:19<5:31:19, 20.97s/it]Training MLP on cuda:   5%|▌         | 53/1000 [18:40<5:31:46, 21.02s/it]Training MLP on cuda:   5%|▌         | 54/1000 [19:01<5:31:05, 21.00s/it]Training MLP on cuda:   6%|▌         | 55/1000 [19:22<5:30:34, 20.99s/it]Training MLP on cuda:   6%|▌         | 56/1000 [19:43<5:29:37, 20.95s/it]Training MLP on cuda:   6%|▌         | 57/1000 [20:04<5:29:59, 21.00s/it]Training MLP on cuda:   6%|▌         | 58/1000 [20:25<5:29:31, 20.99s/it]Training MLP on cuda:   6%|▌         | 59/1000 [20:46<5:28:25, 20.94s/it]Training MLP on cuda:   6%|▌         | 60/1000 [21:07<5:28:18, 20.96s/it]Training MLP on cuda:   6%|▌         | 61/1000 [21:28<5:28:24, 20.98s/it]Training MLP on cuda:   6%|▌         | 62/1000 [21:49<5:28:55, 21.04s/it]Training MLP on cuda:   6%|▋         | 63/1000 [22:10<5:28:05, 21.01s/it]Training MLP on cuda:   6%|▋         | 64/1000 [22:31<5:27:48, 21.01s/it]Training MLP on cuda:   6%|▋         | 65/1000 [22:52<5:26:48, 20.97s/it]Training MLP on cuda:   7%|▋         | 66/1000 [23:13<5:27:05, 21.01s/it]Training MLP on cuda:   7%|▋         | 67/1000 [23:34<5:26:38, 21.01s/it]Training MLP on cuda:   7%|▋         | 68/1000 [23:55<5:25:26, 20.95s/it]Training MLP on cuda:   7%|▋         | 69/1000 [24:16<5:25:29, 20.98s/it]Training MLP on cuda:   7%|▋         | 70/1000 [24:37<5:25:06, 20.97s/it]Training MLP on cuda:   7%|▋         | 71/1000 [24:58<5:25:56, 21.05s/it]Training MLP on cuda:   7%|▋         | 72/1000 [25:19<5:24:49, 21.00s/it]Training MLP on cuda:   7%|▋         | 73/1000 [25:40<5:24:35, 21.01s/it]Training MLP on cuda:   7%|▋         | 74/1000 [26:01<5:23:28, 20.96s/it]Training MLP on cuda:   8%|▊         | 75/1000 [26:22<5:23:33, 20.99s/it]Training MLP on cuda:   8%|▊         | 76/1000 [26:43<5:23:10, 20.99s/it]Training MLP on cuda:   8%|▊         | 77/1000 [27:04<5:22:08, 20.94s/it]Training MLP on cuda:   8%|▊         | 78/1000 [27:25<5:22:10, 20.97s/it]Training MLP on cuda:   8%|▊         | 79/1000 [27:46<5:21:51, 20.97s/it]Training MLP on cuda:   8%|▊         | 80/1000 [28:07<5:22:14, 21.02s/it]Training MLP on cuda:   8%|▊         | 81/1000 [28:28<5:21:21, 20.98s/it]Training MLP on cuda:   8%|▊         | 82/1000 [28:49<5:21:02, 20.98s/it]Training MLP on cuda:   8%|▊         | 83/1000 [29:09<5:20:04, 20.94s/it]Training MLP on cuda:   8%|▊         | 84/1000 [29:30<5:20:12, 20.97s/it]Training MLP on cuda:   8%|▊         | 85/1000 [29:51<5:19:49, 20.97s/it]Training MLP on cuda:   9%|▊         | 86/1000 [30:12<5:18:45, 20.92s/it]Training MLP on cuda:   9%|▊         | 87/1000 [30:33<5:18:41, 20.94s/it]Training MLP on cuda:   9%|▉         | 88/1000 [30:54<5:18:39, 20.96s/it]Training MLP on cuda:   9%|▉         | 89/1000 [31:15<5:19:19, 21.03s/it]Training MLP on cuda:   9%|▉         | 90/1000 [31:36<5:18:24, 20.99s/it]Training MLP on cuda:   9%|▉         | 91/1000 [31:57<5:18:13, 21.00s/it]Training MLP on cuda:   9%|▉         | 92/1000 [32:18<5:17:07, 20.96s/it]Training MLP on cuda:   9%|▉         | 93/1000 [32:39<5:17:10, 20.98s/it]Training MLP on cuda:   9%|▉         | 94/1000 [33:00<5:16:44, 20.98s/it]Training MLP on cuda:  10%|▉         | 95/1000 [33:21<5:15:46, 20.94s/it]Training MLP on cuda:  10%|▉         | 96/1000 [33:42<5:15:43, 20.95s/it]Training MLP on cuda:  10%|▉         | 97/1000 [34:03<5:15:40, 20.98s/it]Training MLP on cuda:  10%|▉         | 98/1000 [34:24<5:16:03, 21.02s/it]Training MLP on cuda:  10%|▉         | 99/1000 [34:45<5:15:01, 20.98s/it]Training MLP on cuda:  10%|█         | 100/1000 [35:06<5:14:48, 20.99s/it]Training MLP on cuda:  10%|█         | 101/1000 [35:27<5:13:51, 20.95s/it]Training MLP on cuda:  10%|█         | 102/1000 [35:48<5:14:09, 20.99s/it]Training MLP on cuda:  10%|█         | 103/1000 [36:09<5:13:56, 21.00s/it]Training MLP on cuda:  10%|█         | 104/1000 [36:30<5:12:35, 20.93s/it]Training MLP on cuda:  10%|█         | 105/1000 [36:51<5:12:24, 20.94s/it]Training MLP on cuda:  11%|█         | 106/1000 [37:12<5:12:18, 20.96s/it]Training MLP on cuda:  11%|█         | 107/1000 [37:33<5:12:57, 21.03s/it]Training MLP on cuda:  11%|█         | 108/1000 [37:54<5:11:41, 20.97s/it]Training MLP on cuda:  11%|█         | 109/1000 [38:15<5:11:41, 20.99s/it]Training MLP on cuda:  11%|█         | 110/1000 [38:36<5:11:00, 20.97s/it]Training MLP on cuda:  11%|█         | 111/1000 [38:57<5:11:01, 20.99s/it]Training MLP on cuda:  11%|█         | 112/1000 [39:18<5:10:29, 20.98s/it]Training MLP on cuda:  11%|█▏        | 113/1000 [39:39<5:09:24, 20.93s/it]Training MLP on cuda:  11%|█▏        | 114/1000 [40:00<5:09:22, 20.95s/it]Training MLP on cuda:  12%|█▏        | 115/1000 [40:21<5:09:17, 20.97s/it]Training MLP on cuda:  12%|█▏        | 116/1000 [40:42<5:09:47, 21.03s/it]Training MLP on cuda:  12%|█▏        | 117/1000 [41:03<5:08:43, 20.98s/it]Training MLP on cuda:  12%|█▏        | 118/1000 [41:24<5:08:47, 21.01s/it]Training MLP on cuda:  12%|█▏        | 119/1000 [41:45<5:07:46, 20.96s/it]Training MLP on cuda:  12%|█▏        | 120/1000 [42:06<5:07:58, 21.00s/it]Training MLP on cuda:  12%|█▏        | 121/1000 [42:27<5:07:28, 20.99s/it]Training MLP on cuda:  12%|█▏        | 122/1000 [42:47<5:06:12, 20.92s/it]Training MLP on cuda:  12%|█▏        | 123/1000 [43:08<5:06:24, 20.96s/it]Training MLP on cuda:  12%|█▏        | 124/1000 [43:29<5:06:17, 20.98s/it]Training MLP on cuda:  12%|█▎        | 125/1000 [43:51<5:06:44, 21.03s/it]Training MLP on cuda:  13%|█▎        | 126/1000 [44:12<5:05:46, 20.99s/it]Training MLP on cuda:  13%|█▎        | 127/1000 [44:33<5:05:37, 21.01s/it]Training MLP on cuda:  13%|█▎        | 128/1000 [44:53<5:04:48, 20.97s/it]Training MLP on cuda:  13%|█▎        | 129/1000 [45:15<5:04:47, 21.00s/it]Training MLP on cuda:  13%|█▎        | 130/1000 [45:35<5:04:15, 20.98s/it]Training MLP on cuda:  13%|█▎        | 131/1000 [45:56<5:03:24, 20.95s/it]Training MLP on cuda:  13%|█▎        | 132/1000 [46:17<5:03:19, 20.97s/it]Training MLP on cuda:  13%|█▎        | 133/1000 [46:38<5:03:11, 20.98s/it]Training MLP on cuda:  13%|█▎        | 134/1000 [47:00<5:03:39, 21.04s/it]Training MLP on cuda:  14%|█▎        | 135/1000 [47:20<5:02:31, 20.98s/it]Training MLP on cuda:  14%|█▎        | 136/1000 [47:41<5:02:31, 21.01s/it]Training MLP on cuda:  14%|█▎        | 137/1000 [48:02<5:01:43, 20.98s/it]Training MLP on cuda:  14%|█▍        | 138/1000 [48:23<5:01:38, 21.00s/it]Training MLP on cuda:  14%|█▍        | 139/1000 [48:44<5:01:00, 20.98s/it]Training MLP on cuda:  14%|█▍        | 140/1000 [49:05<5:00:02, 20.93s/it]Training MLP on cuda:  14%|█▍        | 141/1000 [49:26<4:59:50, 20.94s/it]Training MLP on cuda:  14%|█▍        | 142/1000 [49:47<4:59:48, 20.97s/it]Training MLP on cuda:  14%|█▍        | 143/1000 [50:08<5:00:19, 21.03s/it]Training MLP on cuda:  14%|█▍        | 144/1000 [50:29<4:59:35, 21.00s/it]Training MLP on cuda:  14%|█▍        | 145/1000 [50:50<4:59:18, 21.00s/it]Training MLP on cuda:  15%|█▍        | 146/1000 [51:11<4:58:02, 20.94s/it]Training MLP on cuda:  15%|█▍        | 147/1000 [51:32<4:58:01, 20.96s/it]Training MLP on cuda:  15%|█▍        | 148/1000 [51:53<4:57:23, 20.94s/it]Training MLP on cuda:  15%|█▍        | 149/1000 [52:14<4:56:33, 20.91s/it]Training MLP on cuda:  15%|█▌        | 150/1000 [52:35<4:56:50, 20.95s/it]Training MLP on cuda:  15%|█▌        | 151/1000 [52:56<4:56:47, 20.97s/it]Training MLP on cuda:  15%|█▌        | 152/1000 [53:17<4:57:13, 21.03s/it]Training MLP on cuda:  15%|█▌        | 153/1000 [53:38<4:56:15, 20.99s/it]Training MLP on cuda:  15%|█▌        | 154/1000 [53:59<4:56:07, 21.00s/it]Training MLP on cuda:  16%|█▌        | 155/1000 [54:20<4:55:21, 20.97s/it]Training MLP on cuda:  16%|█▌        | 156/1000 [54:41<4:55:27, 21.00s/it]Training MLP on cuda:  16%|█▌        | 157/1000 [55:02<4:54:52, 20.99s/it]Training MLP on cuda:  16%|█▌        | 157/1000 [55:23<4:57:23, 21.17s/it]
Training MLP on cuda:   0%|          | 0/1000 [00:00<?, ?it/s]Training MLP on cuda:   0%|          | 1/1000 [00:20<5:48:43, 20.94s/it]Training MLP on cuda:   0%|          | 2/1000 [00:41<5:47:20, 20.88s/it]Training MLP on cuda:   0%|          | 3/1000 [01:02<5:48:44, 20.99s/it]Training MLP on cuda:   0%|          | 4/1000 [01:24<5:49:10, 21.03s/it]Training MLP on cuda:   0%|          | 5/1000 [01:45<5:49:13, 21.06s/it]Training MLP on cuda:   1%|          | 6/1000 [02:05<5:47:37, 20.98s/it]Training MLP on cuda:   1%|          | 7/1000 [02:26<5:46:47, 20.95s/it]Training MLP on cuda:   1%|          | 8/1000 [02:47<5:46:20, 20.95s/it]Training MLP on cuda:   1%|          | 9/1000 [03:08<5:45:32, 20.92s/it]Training MLP on cuda:   1%|          | 10/1000 [03:29<5:46:04, 20.97s/it]Training MLP on cuda:   1%|          | 11/1000 [03:50<5:46:01, 20.99s/it]Training MLP on cuda:   1%|          | 12/1000 [04:11<5:45:59, 21.01s/it]Training MLP on cuda:   1%|▏         | 13/1000 [04:32<5:44:40, 20.95s/it]Training MLP on cuda:   1%|▏         | 14/1000 [04:53<5:44:01, 20.93s/it]Training MLP on cuda:   2%|▏         | 15/1000 [05:14<5:44:07, 20.96s/it]Training MLP on cuda:   2%|▏         | 16/1000 [05:35<5:43:29, 20.94s/it]Training MLP on cuda:   2%|▏         | 17/1000 [05:56<5:44:18, 21.02s/it]Training MLP on cuda:   2%|▏         | 18/1000 [06:17<5:44:10, 21.03s/it]Training MLP on cuda:   2%|▏         | 19/1000 [06:38<5:43:47, 21.03s/it]Training MLP on cuda:   2%|▏         | 20/1000 [06:59<5:42:09, 20.95s/it]Training MLP on cuda:   2%|▏         | 21/1000 [07:20<5:41:41, 20.94s/it]Training MLP on cuda:   2%|▏         | 22/1000 [07:41<5:41:44, 20.97s/it]Training MLP on cuda:   2%|▏         | 23/1000 [08:02<5:40:53, 20.93s/it]Training MLP on cuda:   2%|▏         | 24/1000 [08:23<5:41:31, 21.00s/it]Training MLP on cuda:   2%|▎         | 25/1000 [08:44<5:41:19, 21.00s/it]Training MLP on cuda:   3%|▎         | 26/1000 [09:05<5:41:03, 21.01s/it]Training MLP on cuda:   3%|▎         | 27/1000 [09:26<5:39:55, 20.96s/it]Training MLP on cuda:   3%|▎         | 28/1000 [09:47<5:39:25, 20.95s/it]Training MLP on cuda:   3%|▎         | 29/1000 [10:08<5:39:45, 20.99s/it]Training MLP on cuda:   3%|▎         | 30/1000 [10:29<5:38:57, 20.97s/it]Training MLP on cuda:   3%|▎         | 31/1000 [10:50<5:39:30, 21.02s/it]Training MLP on cuda:   3%|▎         | 32/1000 [11:11<5:39:19, 21.03s/it]Training MLP on cuda:   3%|▎         | 33/1000 [11:32<5:39:18, 21.05s/it]Training MLP on cuda:   3%|▎         | 34/1000 [11:53<5:37:38, 20.97s/it]Training MLP on cuda:   4%|▎         | 35/1000 [12:14<5:37:14, 20.97s/it]Training MLP on cuda:   4%|▎         | 36/1000 [12:35<5:37:20, 21.00s/it]Training MLP on cuda:   4%|▎         | 37/1000 [12:56<5:36:30, 20.97s/it]Training MLP on cuda:   4%|▍         | 38/1000 [13:17<5:36:54, 21.01s/it]Training MLP on cuda:   4%|▍         | 39/1000 [13:38<5:36:25, 21.00s/it]Training MLP on cuda:   4%|▍         | 40/1000 [13:59<5:36:22, 21.02s/it]Training MLP on cuda:   4%|▍         | 41/1000 [14:20<5:34:38, 20.94s/it]Training MLP on cuda:   4%|▍         | 42/1000 [14:41<5:34:00, 20.92s/it]Training MLP on cuda:   4%|▍         | 43/1000 [15:01<5:33:47, 20.93s/it]Training MLP on cuda:   4%|▍         | 44/1000 [15:22<5:33:04, 20.90s/it]Training MLP on cuda:   4%|▍         | 45/1000 [15:44<5:34:03, 20.99s/it]Training MLP on cuda:   5%|▍         | 46/1000 [16:05<5:33:51, 21.00s/it]Training MLP on cuda:   5%|▍         | 47/1000 [16:26<5:33:55, 21.02s/it]Training MLP on cuda:   5%|▍         | 48/1000 [16:46<5:32:26, 20.95s/it]Training MLP on cuda:   5%|▍         | 49/1000 [17:07<5:32:04, 20.95s/it]Training MLP on cuda:   5%|▌         | 50/1000 [17:28<5:32:00, 20.97s/it]Training MLP on cuda:   5%|▌         | 51/1000 [17:49<5:31:19, 20.95s/it]Training MLP on cuda:   5%|▌         | 52/1000 [18:10<5:32:05, 21.02s/it]Training MLP on cuda:   5%|▌         | 53/1000 [18:31<5:31:44, 21.02s/it]Training MLP on cuda:   5%|▌         | 54/1000 [18:53<5:31:51, 21.05s/it]Training MLP on cuda:   6%|▌         | 55/1000 [19:13<5:30:06, 20.96s/it]Training MLP on cuda:   6%|▌         | 56/1000 [19:34<5:29:47, 20.96s/it]Training MLP on cuda:   6%|▌         | 57/1000 [19:55<5:29:51, 20.99s/it]Training MLP on cuda:   6%|▌         | 58/1000 [20:16<5:28:55, 20.95s/it]Training MLP on cuda:   6%|▌         | 59/1000 [20:37<5:29:24, 21.00s/it]Training MLP on cuda:   6%|▌         | 60/1000 [20:58<5:29:13, 21.01s/it]Training MLP on cuda:   6%|▌         | 61/1000 [21:19<5:29:14, 21.04s/it]Training MLP on cuda:   6%|▌         | 62/1000 [21:40<5:27:36, 20.96s/it]Training MLP on cuda:   6%|▋         | 63/1000 [22:01<5:27:18, 20.96s/it]Training MLP on cuda:   6%|▋         | 64/1000 [22:22<5:27:13, 20.98s/it]Training MLP on cuda:   6%|▋         | 65/1000 [22:43<5:26:29, 20.95s/it]Training MLP on cuda:   7%|▋         | 66/1000 [23:04<5:27:24, 21.03s/it]Training MLP on cuda:   7%|▋         | 67/1000 [23:25<5:27:10, 21.04s/it]Training MLP on cuda:   7%|▋         | 68/1000 [23:46<5:26:59, 21.05s/it]Training MLP on cuda:   7%|▋         | 69/1000 [24:07<5:25:19, 20.97s/it]Training MLP on cuda:   7%|▋         | 70/1000 [24:28<5:24:45, 20.95s/it]Training MLP on cuda:   7%|▋         | 71/1000 [24:49<5:24:40, 20.97s/it]Training MLP on cuda:   7%|▋         | 72/1000 [25:10<5:23:26, 20.91s/it]Training MLP on cuda:   7%|▋         | 73/1000 [25:31<5:24:10, 20.98s/it]Training MLP on cuda:   7%|▋         | 74/1000 [25:52<5:23:45, 20.98s/it]Training MLP on cuda:   8%|▊         | 75/1000 [26:13<5:23:34, 20.99s/it]Training MLP on cuda:   8%|▊         | 76/1000 [26:34<5:21:47, 20.90s/it]Training MLP on cuda:   8%|▊         | 77/1000 [26:55<5:21:17, 20.89s/it]Training MLP on cuda:   8%|▊         | 78/1000 [27:16<5:21:22, 20.91s/it]Training MLP on cuda:   8%|▊         | 79/1000 [27:36<5:20:11, 20.86s/it]Training MLP on cuda:   8%|▊         | 80/1000 [27:57<5:20:27, 20.90s/it]Training MLP on cuda:   8%|▊         | 81/1000 [28:18<5:20:19, 20.91s/it]Training MLP on cuda:   8%|▊         | 82/1000 [28:39<5:20:18, 20.94s/it]Training MLP on cuda:   8%|▊         | 83/1000 [29:00<5:18:56, 20.87s/it]Training MLP on cuda:   8%|▊         | 84/1000 [29:21<5:18:24, 20.86s/it]Training MLP on cuda:   8%|▊         | 85/1000 [29:42<5:18:33, 20.89s/it]Training MLP on cuda:   9%|▊         | 86/1000 [30:03<5:17:46, 20.86s/it]Training MLP on cuda:   9%|▊         | 87/1000 [30:24<5:18:24, 20.93s/it]Training MLP on cuda:   9%|▉         | 88/1000 [30:45<5:18:16, 20.94s/it]Training MLP on cuda:   9%|▉         | 89/1000 [31:06<5:17:56, 20.94s/it]Training MLP on cuda:   9%|▉         | 90/1000 [31:26<5:16:33, 20.87s/it]Training MLP on cuda:   9%|▉         | 91/1000 [31:47<5:16:20, 20.88s/it]Training MLP on cuda:   9%|▉         | 92/1000 [32:08<5:16:30, 20.91s/it]Training MLP on cuda:   9%|▉         | 93/1000 [32:29<5:15:34, 20.88s/it]Training MLP on cuda:   9%|▉         | 94/1000 [32:50<5:16:07, 20.94s/it]Training MLP on cuda:  10%|▉         | 95/1000 [33:11<5:16:07, 20.96s/it]Training MLP on cuda:  10%|▉         | 96/1000 [33:32<5:15:52, 20.97s/it]Training MLP on cuda:  10%|▉         | 97/1000 [33:53<5:14:32, 20.90s/it]Training MLP on cuda:  10%|▉         | 98/1000 [34:14<5:14:16, 20.90s/it]Training MLP on cuda:  10%|▉         | 99/1000 [34:35<5:14:08, 20.92s/it]Training MLP on cuda:  10%|█         | 100/1000 [34:55<5:13:25, 20.90s/it]Training MLP on cuda:  10%|█         | 101/1000 [35:17<5:13:56, 20.95s/it]Training MLP on cuda:  10%|█         | 102/1000 [35:38<5:13:48, 20.97s/it]Training MLP on cuda:  10%|█         | 103/1000 [35:59<5:13:31, 20.97s/it]Training MLP on cuda:  10%|█         | 104/1000 [36:19<5:11:57, 20.89s/it]Training MLP on cuda:  10%|█         | 105/1000 [36:40<5:11:51, 20.91s/it]Training MLP on cuda:  11%|█         | 106/1000 [37:01<5:11:36, 20.91s/it]Training MLP on cuda:  11%|█         | 107/1000 [37:22<5:10:36, 20.87s/it]Training MLP on cuda:  11%|█         | 108/1000 [37:43<5:11:11, 20.93s/it]Training MLP on cuda:  11%|█         | 109/1000 [38:04<5:11:19, 20.96s/it]Training MLP on cuda:  11%|█         | 110/1000 [38:25<5:10:42, 20.95s/it]Training MLP on cuda:  11%|█         | 111/1000 [38:46<5:09:33, 20.89s/it]Training MLP on cuda:  11%|█         | 112/1000 [39:07<5:09:12, 20.89s/it]Training MLP on cuda:  11%|█▏        | 113/1000 [39:28<5:09:16, 20.92s/it]Training MLP on cuda:  11%|█▏        | 114/1000 [39:48<5:08:36, 20.90s/it]Training MLP on cuda:  12%|█▏        | 115/1000 [40:10<5:09:14, 20.97s/it]Training MLP on cuda:  12%|█▏        | 116/1000 [40:30<5:08:48, 20.96s/it]Training MLP on cuda:  12%|█▏        | 117/1000 [40:51<5:07:58, 20.93s/it]Training MLP on cuda:  12%|█▏        | 118/1000 [41:12<5:07:54, 20.95s/it]Training MLP on cuda:  12%|█▏        | 119/1000 [41:33<5:07:30, 20.94s/it]Training MLP on cuda:  12%|█▏        | 120/1000 [41:54<5:07:19, 20.95s/it]Training MLP on cuda:  12%|█▏        | 121/1000 [42:15<5:06:33, 20.93s/it]Training MLP on cuda:  12%|█▏        | 122/1000 [42:36<5:07:11, 20.99s/it]Training MLP on cuda:  12%|█▏        | 123/1000 [42:57<5:06:56, 21.00s/it]Training MLP on cuda:  12%|█▏        | 124/1000 [43:18<5:06:31, 20.99s/it]Training MLP on cuda:  12%|█▎        | 125/1000 [43:39<5:05:38, 20