[I 2025-05-15 03:24:27,599] Trial 0 finished with value: 0.5219540628583892 and parameters: {'threshold_scale_factor': 0.2105008165953015}. Best is trial 0 with value: 0.5219540628583892.
[I 2025-05-15 03:24:33,736] Trial 1 finished with value: 0.5207389568631314 and parameters: {'threshold_scale_factor': 0.17527860470526446}. Best is trial 0 with value: 0.5219540628583892.
[I 2025-05-15 03:24:39,853] Trial 2 finished with value: 0.5458250350034124 and parameters: {'threshold_scale_factor': 0.8423576568773248}. Best is trial 2 with value: 0.5458250350034124.
[I 2025-05-15 03:24:45,969] Trial 3 finished with value: 0.5457483891394437 and parameters: {'threshold_scale_factor': 0.8866283929444766}. Best is trial 2 with value: 0.5458250350034124.
[I 2025-05-15 03:24:52,084] Trial 4 finished with value: 0.5442123338657135 and parameters: {'threshold_scale_factor': 0.9956525486740383}. Best is trial 2 with value: 0.5458250350034124.
[I 2025-05-15 03:24:58,190] Trial 5 finished with value: 0.5353494177824372 and parameters: {'threshold_scale_factor': 0.5091449632258873}. Best is trial 2 with value: 0.5458250350034124.
[I 2025-05-15 03:25:04,309] Trial 6 finished with value: 0.5288752809067818 and parameters: {'threshold_scale_factor': 0.38148349035379703}. Best is trial 2 with value: 0.5458250350034124.
[I 2025-05-15 03:25:10,426] Trial 7 finished with value: 0.5190032913761442 and parameters: {'threshold_scale_factor': 0.11875845589091094}. Best is trial 2 with value: 0.5458250350034124.
[I 2025-05-15 03:25:16,706] Trial 8 finished with value: 0.5247643112946689 and parameters: {'threshold_scale_factor': 0.2856268085084318}. Best is trial 2 with value: 0.5458250350034124.
[I 2025-05-15 03:25:22,768] Trial 9 finished with value: 0.5234635774542844 and parameters: {'threshold_scale_factor': 0.2504278950474189}. Best is trial 2 with value: 0.5458250350034124.
[I 2025-05-15 03:25:28,901] Trial 10 finished with value: 0.543301117998438 and parameters: {'threshold_scale_factor': 0.6965182610152076}. Best is trial 2 with value: 0.5458250350034124.
[I 2025-05-15 03:25:35,025] Trial 11 finished with value: 0.5449126328898395 and parameters: {'threshold_scale_factor': 0.9654088754839392}. Best is trial 2 with value: 0.5458250350034124.
[I 2025-05-15 03:25:41,165] Trial 12 finished with value: 0.5448497576145614 and parameters: {'threshold_scale_factor': 0.7635473697472837}. Best is trial 2 with value: 0.5458250350034124.
[I 2025-05-15 03:25:47,304] Trial 13 finished with value: 0.545219523109288 and parameters: {'threshold_scale_factor': 0.7867472280716019}. Best is trial 2 with value: 0.5458250350034124.
[I 2025-05-15 03:25:53,439] Trial 14 finished with value: 0.5374901237608087 and parameters: {'threshold_scale_factor': 0.5492108974171458}. Best is trial 2 with value: 0.5458250350034124.
[I 2025-05-15 03:25:59,579] Trial 15 finished with value: 0.545813414574084 and parameters: {'threshold_scale_factor': 0.8652339609594979}. Best is trial 2 with value: 0.5458250350034124.
[I 2025-05-15 03:26:05,718] Trial 16 finished with value: 0.5414075340008021 and parameters: {'threshold_scale_factor': 0.6394010091286966}. Best is trial 2 with value: 0.5458250350034124.
[I 2025-05-15 03:26:11,859] Trial 17 finished with value: 0.5458287330523679 and parameters: {'threshold_scale_factor': 0.8550574053310884}. Best is trial 17 with value: 0.5458287330523679.
[I 2025-05-15 03:26:17,994] Trial 18 finished with value: 0.5164773761864223 and parameters: {'threshold_scale_factor': 0.008114833595460058}. Best is trial 17 with value: 0.5458287330523679.
[I 2025-05-15 03:26:24,139] Trial 19 finished with value: 0.5412693721900528 and parameters: {'threshold_scale_factor': 0.6354279983141117}. Best is trial 17 with value: 0.5458287330523679.
[I 2025-05-15 03:26:30,278] Trial 20 finished with value: 0.5457507968113475 and parameters: {'threshold_scale_factor': 0.8795106429616965}. Best is trial 17 with value: 0.5458287330523679.
[I 2025-05-15 03:26:36,413] Trial 21 finished with value: 0.5458203758557367 and parameters: {'threshold_scale_factor': 0.8638304831596331}. Best is trial 17 with value: 0.5458287330523679.
[I 2025-05-15 03:26:42,549] Trial 22 finished with value: 0.545264469601559 and parameters: {'threshold_scale_factor': 0.7899667766372065}. Best is trial 17 with value: 0.5458287330523679.
[I 2025-05-15 03:26:48,687] Trial 23 finished with value: 0.543675828296829 and parameters: {'threshold_scale_factor': 0.710543435305348}. Best is trial 17 with value: 0.5458287330523679.
[I 2025-05-15 03:26:54,968] Trial 24 finished with value: 0.5454773170851831 and parameters: {'threshold_scale_factor': 0.9195408839737371}. Best is trial 17 with value: 0.5458287330523679.
[I 2025-05-15 03:27:01,101] Trial 25 finished with value: 0.5455820669954761 and parameters: {'threshold_scale_factor': 0.8136924536824133}. Best is trial 17 with value: 0.5458287330523679.
[I 2025-05-15 03:27:07,241] Trial 26 finished with value: 0.5391263837781171 and parameters: {'threshold_scale_factor': 0.5838853563674964}. Best is trial 17 with value: 0.5458287330523679.
[I 2025-05-15 03:27:13,361] Trial 27 finished with value: 0.529146371254283 and parameters: {'threshold_scale_factor': 0.387010410718411}. Best is trial 17 with value: 0.5458287330523679.
[I 2025-05-15 03:27:19,515] Trial 28 finished with value: 0.5440753864447088 and parameters: {'threshold_scale_factor': 0.7277684302221714}. Best is trial 17 with value: 0.5458287330523679.
[I 2025-05-15 03:27:25,659] Trial 29 finished with value: 0.5452521793581887 and parameters: {'threshold_scale_factor': 0.9457532992382024}. Best is trial 17 with value: 0.5458287330523679.
[I 2025-05-15 03:27:31,798] Trial 30 finished with value: 0.5458171984605534 and parameters: {'threshold_scale_factor': 0.8510647423303052}. Best is trial 17 with value: 0.5458287330523679.
[I 2025-05-15 03:27:37,933] Trial 31 finished with value: 0.5457054211315073 and parameters: {'threshold_scale_factor': 0.825304269946843}. Best is trial 17 with value: 0.5458287330523679.
[I 2025-05-15 03:27:44,074] Trial 32 finished with value: 0.5458192655967467 and parameters: {'threshold_scale_factor': 0.8520440965265358}. Best is trial 17 with value: 0.5458287330523679.
[I 2025-05-15 03:27:50,201] Trial 33 finished with value: 0.5454245073137783 and parameters: {'threshold_scale_factor': 0.9288645385526143}. Best is trial 17 with value: 0.5458287330523679.
[I 2025-05-15 03:27:56,325] Trial 34 finished with value: 0.5443169303942192 and parameters: {'threshold_scale_factor': 0.9910539626164708}. Best is trial 17 with value: 0.5458287330523679.
[I 2025-05-15 03:28:02,440] Trial 35 finished with value: 0.5445488872784583 and parameters: {'threshold_scale_factor': 0.7492303009824526}. Best is trial 17 with value: 0.5458287330523679.
[I 2025-05-15 03:28:08,575] Trial 36 finished with value: 0.5457240661652443 and parameters: {'threshold_scale_factor': 0.8916638381172951}. Best is trial 17 with value: 0.5458287330523679.
[I 2025-05-15 03:28:14,695] Trial 37 finished with value: 0.5420013128918096 and parameters: {'threshold_scale_factor': 0.6542971566253634}. Best is trial 17 with value: 0.5458287330523679.
[I 2025-05-15 03:28:20,844] Trial 38 finished with value: 0.5457924237840273 and parameters: {'threshold_scale_factor': 0.8352485792134671}. Best is trial 17 with value: 0.5458287330523679.
[I 2025-05-15 03:28:26,986] Trial 39 finished with value: 0.5326689767746202 and parameters: {'threshold_scale_factor': 0.4599169222287303}. Best is trial 17 with value: 0.5458287330523679.
[I 2025-05-15 03:28:33,138] Trial 40 finished with value: 0.5455554545518508 and parameters: {'threshold_scale_factor': 0.9096342633719825}. Best is trial 17 with value: 0.5458287330523679.
[I 2025-05-15 03:28:39,411] Trial 41 finished with value: 0.5458288259257436 and parameters: {'threshold_scale_factor': 0.8544796021702463}. Best is trial 41 with value: 0.5458288259257436.
[I 2025-05-15 03:28:45,547] Trial 42 finished with value: 0.543005663868739 and parameters: {'threshold_scale_factor': 0.6843605343906085}. Best is trial 41 with value: 0.5458288259257436.
[I 2025-05-15 03:28:51,689] Trial 43 finished with value: 0.5445769519239563 and parameters: {'threshold_scale_factor': 0.9803335807586484}. Best is trial 41 with value: 0.5458288259257436.
[I 2025-05-15 03:28:57,833] Trial 44 finished with value: 0.5451282004376306 and parameters: {'threshold_scale_factor': 0.7814956326289542}. Best is trial 41 with value: 0.5458288259257436.
[I 2025-05-15 03:29:03,962] Trial 45 finished with value: 0.545822801820881 and parameters: {'threshold_scale_factor': 0.8480449877405276}. Best is trial 41 with value: 0.5458288259257436.
[I 2025-05-15 03:29:10,097] Trial 46 finished with value: 0.5446701770926412 and parameters: {'threshold_scale_factor': 0.7547243355263322}. Best is trial 41 with value: 0.5458288259257436.
[I 2025-05-15 03:29:16,232] Trial 47 finished with value: 0.5394783105488676 and parameters: {'threshold_scale_factor': 0.5920577709113785}. Best is trial 41 with value: 0.5458288259257436.
[I 2025-05-15 03:29:22,354] Trial 48 finished with value: 0.5452336848918939 and parameters: {'threshold_scale_factor': 0.9473982180543168}. Best is trial 41 with value: 0.5458288259257436.
[I 2025-05-15 03:29:28,483] Trial 49 finished with value: 0.5454966277114452 and parameters: {'threshold_scale_factor': 0.8063710763359768}. Best is trial 41 with value: 0.5458288259257436.
[I 2025-05-15 03:29:34,625] Trial 50 finished with value: 0.5457213320293537 and parameters: {'threshold_scale_factor': 0.8918653123158337}. Best is trial 41 with value: 0.5458288259257436.
[I 2025-05-15 03:29:40,763] Trial 51 finished with value: 0.5458265941503846 and parameters: {'threshold_scale_factor': 0.8426757462095185}. Best is trial 41 with value: 0.5458288259257436.
[I 2025-05-15 03:29:46,894] Trial 52 finished with value: 0.5457541149237664 and parameters: {'threshold_scale_factor': 0.8786807976979979}. Best is trial 41 with value: 0.5458288259257436.
[I 2025-05-15 03:29:53,025] Trial 53 finished with value: 0.5457969999085338 and parameters: {'threshold_scale_factor': 0.836302016840644}. Best is trial 41 with value: 0.5458288259257436.
[I 2025-05-15 03:29:59,158] Trial 54 finished with value: 0.5442105622357154 and parameters: {'threshold_scale_factor': 0.7334417782615328}. Best is trial 41 with value: 0.5458288259257436.
[I 2025-05-15 03:30:05,293] Trial 55 finished with value: 0.5192752710565753 and parameters: {'threshold_scale_factor': 0.12818896913701694}. Best is trial 41 with value: 0.5458288259257436.
[I 2025-05-15 03:30:11,422] Trial 56 finished with value: 0.5451698330389998 and parameters: {'threshold_scale_factor': 0.7839515644843539}. Best is trial 41 with value: 0.5458288259257436.
[I 2025-05-15 03:30:17,560] Trial 57 finished with value: 0.5441576145614196 and parameters: {'threshold_scale_factor': 0.9980172974227483}. Best is trial 41 with value: 0.5458288259257436.
[I 2025-05-15 03:30:23,776] Trial 58 finished with value: 0.5455036677947498 and parameters: {'threshold_scale_factor': 0.9160893565792045}. Best is trial 41 with value: 0.5458288259257436.
[I 2025-05-15 03:30:29,908] Trial 59 finished with value: 0.5432049546538708 and parameters: {'threshold_scale_factor': 0.6924623130778832}. Best is trial 41 with value: 0.5458288259257436.
[I 2025-05-15 03:30:36,040] Trial 60 finished with value: 0.5458306679143594 and parameters: {'threshold_scale_factor': 0.861535951357692}. Best is trial 60 with value: 0.5458306679143594.
[I 2025-05-15 03:30:42,177] Trial 61 finished with value: 0.5458007837950032 and parameters: {'threshold_scale_factor': 0.8678259868435351}. Best is trial 60 with value: 0.5458306679143594.
[I 2025-05-15 03:30:48,305] Trial 62 finished with value: 0.5454273512091129 and parameters: {'threshold_scale_factor': 0.8007153445389334}. Best is trial 60 with value: 0.5458306679143594.
[I 2025-05-15 03:30:54,435] Trial 63 finished with value: 0.5451130437841679 and parameters: {'threshold_scale_factor': 0.9549675669220484}. Best is trial 60 with value: 0.5458306679143594.
[I 2025-05-15 03:31:00,566] Trial 64 finished with value: 0.5458215606948617 and parameters: {'threshold_scale_factor': 0.8490856402071243}. Best is trial 60 with value: 0.5458306679143594.
[I 2025-05-15 03:31:06,703] Trial 65 finished with value: 0.5457029684300881 and parameters: {'threshold_scale_factor': 0.8249666073017113}. Best is trial 60 with value: 0.5458306679143594.
[I 2025-05-15 03:31:12,820] Trial 66 finished with value: 0.5450117484820127 and parameters: {'threshold_scale_factor': 0.7733128778048219}. Best is trial 60 with value: 0.5458306679143594.
[I 2025-05-15 03:31:18,942] Trial 67 finished with value: 0.5251195786925962 and parameters: {'threshold_scale_factor': 0.29441398002703595}. Best is trial 60 with value: 0.5458306679143594.
[I 2025-05-15 03:31:25,060] Trial 68 finished with value: 0.5455235623975403 and parameters: {'threshold_scale_factor': 0.9139053333121694}. Best is trial 60 with value: 0.5458306679143594.
[I 2025-05-15 03:31:31,189] Trial 69 finished with value: 0.5163893617769773 and parameters: {'threshold_scale_factor': 0.0033825289418977222}. Best is trial 60 with value: 0.5458306679143594.
[I 2025-05-15 03:31:37,322] Trial 70 finished with value: 0.5458305173469172 and parameters: {'threshold_scale_factor': 0.8558374871815116}. Best is trial 60 with value: 0.5458306679143594.
[I 2025-05-15 03:31:43,461] Trial 71 finished with value: 0.5458346150328223 and parameters: {'threshold_scale_factor': 0.8591776084068846}. Best is trial 71 with value: 0.5458346150328223.
[I 2025-05-15 03:31:49,605] Trial 72 finished with value: 0.545734515827171 and parameters: {'threshold_scale_factor': 0.8905284936831687}. Best is trial 71 with value: 0.5458346150328223.
[I 2025-05-15 03:31:55,740] Trial 73 finished with value: 0.5450484475370966 and parameters: {'threshold_scale_factor': 0.9588529519495297}. Best is trial 71 with value: 0.5458346150328223.
[I 2025-05-15 03:32:02,019] Trial 74 finished with value: 0.5455783225098326 and parameters: {'threshold_scale_factor': 0.8134234916967583}. Best is trial 71 with value: 0.5458346150328223.
[I 2025-05-15 03:32:08,158] Trial 75 finished with value: 0.5442822942538117 and parameters: {'threshold_scale_factor': 0.7365836485628487}. Best is trial 71 with value: 0.5458346150328223.
[I 2025-05-15 03:32:14,268] Trial 76 finished with value: 0.5458325718185593 and parameters: {'threshold_scale_factor': 0.8606191621180933}. Best is trial 71 with value: 0.5458346150328223.
[I 2025-05-15 03:32:20,409] Trial 77 finished with value: 0.5453431502367567 and parameters: {'threshold_scale_factor': 0.9384385222114044}. Best is trial 71 with value: 0.5458346150328223.
[I 2025-05-15 03:32:26,548] Trial 78 finished with value: 0.5457831280034334 and parameters: {'threshold_scale_factor': 0.8720108734536811}. Best is trial 71 with value: 0.5458346150328223.
[I 2025-05-15 03:32:32,687] Trial 79 finished with value: 0.5456535823090292 and parameters: {'threshold_scale_factor': 0.8992958648172957}. Best is trial 71 with value: 0.5458346150328223.
[I 2025-05-15 03:32:38,819] Trial 80 finished with value: 0.5422273582449746 and parameters: {'threshold_scale_factor': 0.6602907846577141}. Best is trial 71 with value: 0.5458346150328223.
[I 2025-05-15 03:32:44,955] Trial 81 finished with value: 0.5458292677778638 and parameters: {'threshold_scale_factor': 0.8437416153371912}. Best is trial 71 with value: 0.5458346150328223.
[I 2025-05-15 03:32:51,084] Trial 82 finished with value: 0.5450079308234069 and parameters: {'threshold_scale_factor': 0.7730970656861477}. Best is trial 71 with value: 0.5458346150328223.
[I 2025-05-15 03:32:57,219] Trial 83 finished with value: 0.5457862899197208 and parameters: {'threshold_scale_factor': 0.8343528798083448}. Best is trial 71 with value: 0.5458346150328223.
[I 2025-05-15 03:33:03,355] Trial 84 finished with value: 0.5454284403605176 and parameters: {'threshold_scale_factor': 0.8008221032710982}. Best is trial 71 with value: 0.5458346150328223.
[I 2025-05-15 03:33:09,488] Trial 85 finished with value: 0.5436078590576167 and parameters: {'threshold_scale_factor': 0.7082111248457904}. Best is trial 71 with value: 0.5458346150328223.
[I 2025-05-15 03:33:15,614] Trial 86 finished with value: 0.5341628576856237 and parameters: {'threshold_scale_factor': 0.48815829571681735}. Best is trial 71 with value: 0.5458346150328223.
[I 2025-05-15 03:33:21,748] Trial 87 finished with value: 0.5458322861625706 and parameters: {'threshold_scale_factor': 0.8606995058084552}. Best is trial 71 with value: 0.5458346150328223.
[I 2025-05-15 03:33:27,873] Trial 88 finished with value: 0.545834850030606 and parameters: {'threshold_scale_factor': 0.8585304862603975}. Best is trial 88 with value: 0.545834850030606.
[I 2025-05-15 03:33:34,007] Trial 89 finished with value: 0.5447756024456656 and parameters: {'threshold_scale_factor': 0.971251195652883}. Best is trial 88 with value: 0.545834850030606.
[I 2025-05-15 03:33:40,147] Trial 90 finished with value: 0.5453791316339381 and parameters: {'threshold_scale_factor': 0.9344126470310811}. Best is trial 88 with value: 0.545834850030606.
[I 2025-05-15 03:33:46,432] Trial 91 finished with value: 0.5458341774022191 and parameters: {'threshold_scale_factor': 0.859665064912286}. Best is trial 88 with value: 0.545834850030606.
[I 2025-05-15 03:33:52,560] Trial 92 finished with value: 0.5457855961837486 and parameters: {'threshold_scale_factor': 0.8711028538633491}. Best is trial 88 with value: 0.545834850030606.
[I 2025-05-15 03:33:58,703] Trial 93 finished with value: 0.545700940694721 and parameters: {'threshold_scale_factor': 0.8943760451213477}. Best is trial 88 with value: 0.545834850030606.
[I 2025-05-15 03:34:04,830] Trial 94 finished with value: 0.5456290834382849 and parameters: {'threshold_scale_factor': 0.8180952084851718}. Best is trial 88 with value: 0.545834850030606.
[I 2025-05-15 03:34:10,957] Trial 95 finished with value: 0.5447439382532769 and parameters: {'threshold_scale_factor': 0.7579268823093335}. Best is trial 88 with value: 0.545834850030606.
[I 2025-05-15 03:34:17,094] Trial 96 finished with value: 0.5454949433261334 and parameters: {'threshold_scale_factor': 0.9169967616570708}. Best is trial 88 with value: 0.545834850030606.
[I 2025-05-15 03:34:23,226] Trial 97 finished with value: 0.5458298447185304 and parameters: {'threshold_scale_factor': 0.8554475879579}. Best is trial 88 with value: 0.545834850030606.
[I 2025-05-15 03:34:29,345] Trial 98 finished with value: 0.5458290426302865 and parameters: {'threshold_scale_factor': 0.8553181541998768}. Best is trial 88 with value: 0.545834850030606.
