[I 2025-05-15 03:24:08,110] Trial 99 finished with value: 0.5462499081820037 and parameters: {'interp_param': 0.9794999138383573}. Best is trial 68 with value: 0.5463009646166511.
Best hyperparameters: {'interp_param': 0.9621733858960182}
Best optimized value: 0.5463009646166511
Tuning threshold scale factor for offline LSET using optuna
  0%|          | 0/100 [00:00<?, ?it/s]                                         0%|          | 0/100 [00:06<?, ?it/s]Best trial: 0. Best value: 0.537486:   0%|          | 0/100 [00:06<?, ?it/s]Best trial: 0. Best value: 0.537486:   1%|          | 1/100 [00:06<10:07,  6.14s/it]                                                                                    Best trial: 0. Best value: 0.537486:   1%|          | 1/100 [00:12<10:07,  6.14s/it]Best trial: 0. Best value: 0.537486:   1%|          | 1/100 [00:12<10:07,  6.14s/it]Best trial: 0. Best value: 0.537486:   2%|▏         | 2/100 [00:12<09:58,  6.11s/it]                                                                                    Best trial: 0. Best value: 0.537486:   2%|▏         | 2/100 [00:18<09:58,  6.11s/it]Best trial: 2. Best value: 0.541779:   2%|▏         | 2/100 [00:18<09:58,  6.11s/it]Best trial: 2. Best value: 0.541779:   3%|▎         | 3/100 [00:18<09:51,  6.10s/it]                                                                                    Best trial: 2. Best value: 0.541779:   3%|▎         | 3/100 [00:24<09:51,  6.10s/it]Best trial: 2. Best value: 0.541779:   3%|▎         | 3/100 [00:24<09:51,  6.10s/it]Best trial: 2. Best value: 0.541779:   4%|▍         | 4/100 [00:24<09:44,  6.09s/it]                                                                                    Best trial: 2. Best value: 0.541779:   4%|▍         | 4/100 [00:30<09:44,  6.09s/it]Best trial: 4. Best value: 0.542543:   4%|▍         | 4/100 [00:30<09:44,  6.09s/it]Best trial: 4. Best value: 0.542543:   5%|▌         | 5/100 [00:30<09:37,  6.08s/it]                                                                                    Best trial: 4. Best value: 0.542543:   5%|▌         | 5/100 [00:36<09:37,  6.08s/it]Best trial: 4. Best value: 0.542543:   5%|▌         | 5/100 [00:36<09:37,  6.08s/it]Best trial: 4. Best value: 0.542543:   6%|▌         | 6/100 [00:36<09:31,  6.08s/it]                                                                                    Best trial: 4. Best value: 0.542543:   6%|▌         | 6/100 [00:42<09:31,  6.08s/it]Best trial: 6. Best value: 0.546389:   6%|▌         | 6/100 [00:42<09:31,  6.08s/it]Best trial: 6. Best value: 0.546389:   7%|▋         | 7/100 [00:42<09:25,  6.08s/it]                                                                                    Best trial: 6. Best value: 0.546389:   7%|▋         | 7/100 [00:48<09:25,  6.08s/it]Best trial: 6. Best value: 0.546389:   7%|▋         | 7/100 [00:48<09:25,  6.08s/it]Best trial: 6. Best value: 0.546389:   8%|▊         | 8/100 [00:48<09:19,  6.08s/it]                                                                                    Best trial: 6. Best value: 0.546389:   8%|▊         | 8/100 [00:54<09:19,  6.08s/it]Best trial: 6. Best value: 0.546389:   8%|▊         | 8/100 [00:54<09:19,  6.08s/it]Best trial: 6. Best value: 0.546389:   9%|▉         | 9/100 [00:54<09:17,  6.13s/it]                                                                                    Best trial: 6. Best value: 0.546389:   9%|▉         | 9/100 [01:01<09:17,  6.13s/it]Best trial: 6. Best value: 0.546389:   9%|▉         | 9/100 [01:01<09:17,  6.13s/it]Best trial: 6. Best value: 0.546389:  10%|█         | 10/100 [01:01<09:10,  6.12s/it]                                                                                     Best trial: 6. Best value: 0.546389:  10%|█         | 10/100 [01:07<09:10,  6.12s/it]Best trial: 10. Best value: 0.54644:  10%|█         | 10/100 [01:07<09:10,  6.12s/it]Best trial: 10. Best value: 0.54644:  11%|█         | 11/100 [01:07<09:04,  6.12s/it]                                                                                     Best trial: 10. Best value: 0.54644:  11%|█         | 11/100 [01:13<09:04,  6.12s/it]Best trial: 10. Best value: 0.54644:  11%|█         | 11/100 [01:13<09:04,  6.12s/it]Best trial: 10. Best value: 0.54644:  12%|█▏        | 12/100 [01:13<08:56,  6.09s/it]                                                                                     Best trial: 10. Best value: 0.54644:  12%|█▏        | 12/100 [01:19<08:56,  6.09s/it]Best trial: 10. Best value: 0.54644:  12%|█▏        | 12/100 [01:19<08:56,  6.09s/it]Best trial: 10. Best value: 0.54644:  13%|█▎        | 13/100 [01:19<08:50,  6.09s/it]                                                                                     Best trial: 10. Best value: 0.54644:  13%|█▎        | 13/100 [01:25<08:50,  6.09s/it]Best trial: 10. Best value: 0.54644:  13%|█▎        | 13/100 [01:25<08:50,  6.09s/it]Best trial: 10. Best value: 0.54644:  14%|█▍        | 14/100 [01:25<08:44,  6.09s/it]                                                                                     Best trial: 10. Best value: 0.54644:  14%|█▍        | 14/100 [01:31<08:44,  6.09s/it]Best trial: 10. Best value: 0.54644:  14%|█▍        | 14/100 [01:31<08:44,  6.09s/it]Best trial: 10. Best value: 0.54644:  15%|█▌        | 15/100 [01:31<08:38,  6.10s/it]                                                                                     Best trial: 10. Best value: 0.54644:  15%|█▌        | 15/100 [01:37<08:38,  6.10s/it]Best trial: 10. Best value: 0.54644:  15%|█▌        | 15/100 [01:37<08:38,  6.10s/it]Best trial: 10. Best value: 0.54644:  16%|█▌        | 16/100 [01:37<08:32,  6.10s/it]                                                                                     Best trial: 10. Best value: 0.54644:  16%|█▌        | 16/100 [01:43<08:32,  6.10s/it]Best trial: 16. Best value: 0.546442:  16%|█▌        | 16/100 [01:43<08:32,  6.10s/it]Best trial: 16. Best value: 0.546442:  17%|█▋        | 17/100 [01:43<08:26,  6.10s/it]                                                                                      Best trial: 16. Best value: 0.546442:  17%|█▋        | 17/100 [01:49<08:26,  6.10s/it]Best trial: 16. Best value: 0.546442:  17%|█▋        | 17/100 [01:49<08:26,  6.10s/it]Best trial: 16. Best value: 0.546442:  18%|█▊        | 18/100 [01:49<08:20,  6.10s/it]                                                                                      Best trial: 16. Best value: 0.546442:  18%|█▊        | 18/100 [01:55<08:20,  6.10s/it]Best trial: 16. Best value: 0.546442:  18%|█▊        | 18/100 [01:55<08:20,  6.10s/it]Best trial: 16. Best value: 0.546442:  19%|█▉        | 19/100 [01:55<08:14,  6.10s/it]                                                                                      Best trial: 16. Best value: 0.546442:  19%|█▉        | 19/100 [02:01<08:14,  6.10s/it]Best trial: 16. Best value: 0.546442:  19%|█▉        | 19/100 [02:01<08:14,  6.10s/it]Best trial: 16. Best value: 0.546442:  20%|██        | 20/100 [02:01<08:08,  6.10s/it]                                                                                      Best trial: 16. Best value: 0.546442:  20%|██        | 20/100 [02:08<08:08,  6.10s/it]Best trial: 16. Best value: 0.546442:  20%|██        | 20/100 [02:08<08:08,  6.10s/it]Best trial: 16. Best value: 0.546442:  21%|██        | 21/100 [02:08<08:02,  6.10s/it]                                                                                      Best trial: 16. Best value: 0.546442:  21%|██        | 21/100 [02:14<08:02,  6.10s/it]Best trial: 16. Best value: 0.546442:  21%|██        | 21/100 [02:14<08:02,  6.10s/it]Best trial: 16. Best value: 0.546442:  22%|██▏       | 22/100 [02:14<07:56,  6.10s/it]                                                                                      Best trial: 16. Best value: 0.546442:  22%|██▏       | 22/100 [02:20<07:56,  6.10s/it]Best trial: 16. Best value: 0.546442:  22%|██▏       | 22/100 [02:20<07:56,  6.10s/it]Best trial: 16. Best value: 0.546442:  23%|██▎       | 23/100 [02:20<07:49,  6.10s/it]                                                                                      Best trial: 16. Best value: 0.546442:  23%|██▎       | 23/100 [02:26<07:49,  6.10s/it]Best trial: 16. Best value: 0.546442:  23%|██▎       | 23/100 [02:26<07:49,  6.10s/it]Best trial: 16. Best value: 0.546442:  24%|██▍       | 24/100 [02:26<07:43,  6.10s/it]                                                                                      Best trial: 16. Best value: 0.546442:  24%|██▍       | 24/100 [02:32<07:43,  6.10s/it]Best trial: 16. Best value: 0.546442:  24%|██▍       | 24/100 [02:32<07:43,  6.10s/it]Best trial: 16. Best value: 0.546442:  25%|██▌       | 25/100 [02:32<07:40,  6.14s/it]                                                                                      Best trial: 16. Best value: 0.546442:  25%|██▌       | 25/100 [02:38<07:40,  6.14s/it]Best trial: 16. Best value: 0.546442:  25%|██▌       | 25/100 [02:38<07:40,  6.14s/it]Best trial: 16. Best value: 0.546442:  26%|██▌       | 26/100 [02:38<07:33,  6.12s/it]                                                                                      Best trial: 16. Best value: 0.546442:  26%|██▌       | 26/100 [02:44<07:33,  6.12s/it]Best trial: 16. Best value: 0.546442:  26%|██▌       | 26/100 [02:44<07:33,  6.12s/it]Best trial: 16. Best value: 0.546442:  27%|██▋       | 27/100 [02:44<07:26,  6.12s/it]                                                                                      Best trial: 16. Best value: 0.546442:  27%|██▋       | 27/100 [02:50<07:26,  6.12s/it]Best trial: 16. Best value: 0.546442:  27%|██▋       | 27/100 [02:50<07:26,  6.12s/it]Best trial: 16. Best value: 0.546442:  28%|██▊       | 28/100 [02:50<07:20,  6.11s/it]                                                                                      Best trial: 16. Best value: 0.546442:  28%|██▊       | 28/100 [02:57<07:20,  6.11s/it]Best trial: 16. Best value: 0.546442:  28%|██▊       | 28/100 [02:57<07:20,  6.11s/it]Best trial: 16. Best value: 0.546442:  29%|██▉       | 29/100 [02:57<07:13,  6.11s/it]                                                                                      Best trial: 16. Best value: 0.546442:  29%|██▉       | 29/100 [03:03<07:13,  6.11s/it]Best trial: 16. Best value: 0.546442:  29%|██▉       | 29/100 [03:03<07:13,  6.11s/it]Best trial: 16. Best value: 0.546442:  30%|███       | 30/100 [03:03<07:07,  6.11s/it]                                                                                      Best trial: 16. Best value: 0.546442:  30%|███       | 30/100 [03:09<07:07,  6.11s/it]Best trial: 16. Best value: 0.546442:  30%|███       | 30/100 [03:09<07:07,  6.11s/it]Best trial: 16. Best value: 0.546442:  31%|███       | 31/100 [03:09<07:01,  6.11s/it]                                                                                      Best trial: 16. Best value: 0.546442:  31%|███       | 31/100 [03:15<07:01,  6.11s/it]Best trial: 16. Best value: 0.546442:  31%|███       | 31/100 [03:15<07:01,  6.11s/it]Best trial: 16. Best value: 0.546442:  32%|███▏      | 32/100 [03:15<06:55,  6.11s/it]                                                                                      Best trial: 16. Best value: 0.546442:  32%|███▏      | 32/100 [03:21<06:55,  6.11s/it]Best trial: 16. Best value: 0.546442:  32%|███▏      | 32/100 [03:21<06:55,  6.11s/it]Best trial: 16. Best value: 0.546442:  33%|███▎      | 33/100 [03:21<06:49,  6.11s/it]                                                                                      Best trial: 16. Best value: 0.546442:  33%|███▎      | 33/100 [03:27<06:49,  6.11s/it]Best trial: 16. Best value: 0.546442:  33%|███▎      | 33/100 [03:27<06:49,  6.11s/it]Best trial: 16. Best value: 0.546442:  34%|███▍      | 34/100 [03:27<06:43,  6.11s/it]                                                                                      Best trial: 16. Best value: 0.546442:  34%|███▍      | 34/100 [03:33<06:43,  6.11s/it]Best trial: 16. Best value: 0.546442:  34%|███▍      | 34/100 [03:33<06:43,  6.11s/it]Best trial: 16. Best value: 0.546442:  35%|███▌      | 35/100 [03:33<06:37,  6.11s/it]                                                                                      Best trial: 16. Best value: 0.546442:  35%|███▌      | 35/100 [03:39<06:37,  6.11s/it]Best trial: 16. Best value: 0.546442:  35%|███▌      | 35/100 [03:39<06:37,  6.11s/it]Best trial: 16. Best value: 0.546442:  36%|███▌      | 36/100 [03:39<06:31,  6.11s/it]                                                                                      Best trial: 16. Best value: 0.546442:  36%|███▌      | 36/100 [03:45<06:31,  6.11s/it]Best trial: 16. Best value: 0.546442:  36%|███▌      | 36/100 [03:45<06:31,  6.11s/it]Best trial: 16. Best value: 0.546442:  37%|███▋      | 37/100 [03:45<06:24,  6.11s/it]                                                                                      Best trial: 16. Best value: 0.546442:  37%|███▋      | 37/100 [03:51<06:24,  6.11s/it]Best trial: 16. Best value: 0.546442:  37%|███▋      | 37/100 [03:51<06:24,  6.11s/it]Best trial: 16. Best value: 0.546442:  38%|███▊      | 38/100 [03:51<06:18,  6.11s/it]                                                                                      Best trial: 16. Best value: 0.546442:  38%|███▊      | 38/100 [03:58<06:18,  6.11s/it]Best trial: 16. Best value: 0.546442:  38%|███▊      | 38/100 [03:58<06:18,  6.11s/it]Best trial: 16. Best value: 0.546442:  39%|███▉      | 39/100 [03:58<06:12,  6.11s/it]                                                                                      Best trial: 16. Best value: 0.546442:  39%|███▉      | 39/100 [04:04<06:12,  6.11s/it]Best trial: 16. Best value: 0.546442:  39%|███▉      | 39/100 [04:04<06:12,  6.11s/it]Best trial: 16. Best value: 0.546442:  40%|████      | 40/100 [04:04<06:06,  6.11s/it]                                                                                      Best trial: 16. Best value: 0.546442:  40%|████      | 40/100 [04:10<06:06,  6.11s/it]Best trial: 16. Best value: 0.546442:  40%|████      | 40/100 [04:10<06:06,  6.11s/it]Best trial: 16. Best value: 0.546442:  41%|████      | 41/100 [04:10<06:00,  6.11s/it]                                                                                      Best trial: 16. Best value: 0.546442:  41%|████      | 41/100 [04:16<06:00,  6.11s/it]Best trial: 16. Best value: 0.546442:  41%|████      | 41/100 [04:16<06:00,  6.11s/it]Best trial: 16. Best value: 0.546442:  42%|████▏     | 42/100 [04:16<05:56,  6.15s/it]                                                                                      Best trial: 16. Best value: 0.546442:  42%|████▏     | 42/100 [04:22<05:56,  6.15s/it]Best trial: 16. Best value: 0.546442:  42%|████▏     | 42/100 [04:22<05:56,  6.15s/it]Best trial: 16. Best value: 0.546442:  43%|████▎     | 43/100 [04:22<05:50,  6.14s/it]                                                                                      Best trial: 16. Best value: 0.546442:  43%|████▎     | 43/100 [04:28<05:50,  6.14s/it]Best trial: 16. Best value: 0.546442:  43%|████▎     | 43/100 [04:28<05:50,  6.14s/it]Best trial: 16. Best value: 0.546442:  44%|████▍     | 44/100 [04:28<05:43,  6.14s/it]                                                                                      Best trial: 16. Best value: 0.546442:  44%|████▍     | 44/100 [04:34<05:43,  6.14s/it]Best trial: 16. Best value: 0.546442:  44%|████▍     | 44/100 [04:34<05:43,  6.14s/it]Best trial: 16. Best value: 0.546442:  45%|████▌     | 45/100 [04:34<05:36,  6.12s/it]                                                                                      Best trial: 16. Best value: 0.546442:  45%|████▌     | 45/100 [04:41<05:36,  6.12s/it]Best trial: 16. Best value: 0.546442:  45%|████▌     | 45/100 [04:41<05:36,  6.12s/it]Best trial: 16. Best value: 0.546442:  46%|████▌     | 46/100 [04:41<05:30,  6.12s/it]                                                                                      Best trial: 16. Best value: 0.546442:  46%|████▌     | 46/100 [04:47<05:30,  6.12s/it]Best trial: 16. Best value: 0.546442:  46%|████▌     | 46/100 [04:47<05:30,  6.12s/it]Best trial: 16. Best value: 0.546442:  47%|████▋     | 47/100 [04:47<05:23,  6.11s/it]                                                                                      Best trial: 16. Best value: 0.546442:  47%|████▋     | 47/100 [04:53<05:23,  6.11s/it]Best trial: 16. Best value: 0.546442:  47%|████▋     | 47/100 [04:53<05:23,  6.11s/it]Best trial: 16. Best value: 0.546442:  48%|████▊     | 48/100 [04:53<05:17,  6.11s/it]                                                                                      Best trial: 16. Best value: 0.546442:  48%|████▊     | 48/100 [04:59<05:17,  6.11s/it]Best trial: 16. Best value: 0.546442:  48%|████▊     | 48/100 [04:59<05:17,  6.11s/it]Best trial: 16. Best value: 0.546442:  49%|████▉     | 49/100 [04:59<05:11,  6.11s/it]                                                                                      Best trial: 16. Best value: 0.546442:  49%|████▉     | 49/100 [05:05<05:11,  6.11s/it]Best trial: 16. Best value: 0.546442:  49%|████▉     | 49/100 [05:05<05:11,  6.11s/it]Best trial: 16. Best value: 0.546442:  50%|█████     | 50/100 [05:05<05:05,  6.11s/it]                                                                                      Best trial: 16. Best value: 0.546442:  50%|█████     | 50/100 [05:11<05:05,  6.11s/it]Best trial: 16. Best value: 0.546442:  50%|█████     | 50/100 [05:11<05:05,  6.11s/it]Best trial: 16. Best value: 0.546442:  51%|█████     | 51/100 [05:11<04:59,  6.10s/it]                                                                                      Best trial: 16. Best value: 0.546442:  51%|█████     | 51/100 [05:17<04:59,  6.10s/it]Best trial: 16. Best value: 0.546442:  51%|█████     | 51/100 [05:17<04:59,  6.10s/it]Best trial: 16. Best value: 0.546442:  52%|█████▏    | 52/100 [05:17<04:52,  6.10s/it]                                                                                      Best trial: 16. Best value: 0.546442:  52%|█████▏    | 52/100 [05:23<04:52,  6.10s/it]Best trial: 16. Best value: 0.546442:  52%|█████▏    | 52/100 [05:23<04:52,  6.10s/it]Best trial: 16. Best value: 0.546442:  53%|█████▎    | 53/100 [05:23<04:46,  6.10s/it]                                                                                      Best trial: 16. Best value: 0.546442:  53%|█████▎    | 53/100 [05:29<04:46,  6.10s/it]Best trial: 16. Best value: 0.546442:  53%|█████▎    | 53/100 [05:29<04:46,  6.10s/it]Best trial: 16. Best value: 0.546442:  54%|█████▍    | 54/100 [05:29<04:40,  6.09s/it]                                                                                      Best trial: 16. Best value: 0.546442:  54%|█████▍    | 54/100 [05:35<04:40,  6.09s/it]Best trial: 16. Best value: 0.546442:  54%|█████▍    | 54/100 [05:35<04:40,  6.09s/it]Best trial: 16. Best value: 0.546442:  55%|█████▌    | 55/100 [05:35<04:34,  6.10s/it]                                                                                      Best trial: 16. Best value: 0.546442:  55%|█████▌    | 55/100 [05:42<04:34,  6.10s/it]Best trial: 16. Best value: 0.546442:  55%|█████▌    | 55/100 [05:42<04:34,  6.10s/it]Best trial: 16. Best value: 0.546442:  56%|█████▌    | 56/100 [05:42<04:28,  6.10s/it]                                                                                      Best trial: 16. Best value: 0.546442:  56%|█████▌    | 56/100 [05:48<04:28,  6.10s/it]Best trial: 16. Best value: 0.546442:  56%|█████▌    | 56/100 [05:48<04:28,  6.10s/it]Best trial: 16. Best value: 0.546442:  57%|█████▋    | 57/100 [05:48<04:22,  6.10s/it]                                                                                      Best trial: 16. Best value: 0.546442:  57%|█████▋    | 57/100 [05:54<04:22,  6.10s/it]Best trial: 16. Best value: 0.546442:  57%|█████▋    | 57/100 [05:54<04:22,  6.10s/it]Best trial: 16. Best value: 0.546442:  58%|█████▊    | 58/100 [05:54<04:16,  6.10s/it]                                                                                      Best trial: 16. Best value: 0.546442:  58%|█████▊    | 58/100 [06:00<04:16,  6.10s/it]Best trial: 16. Best value: 0.546442:  58%|█████▊    | 58/100 [06:00<04:16,  6.10s/it]Best trial: 16. Best value: 0.546442:  59%|█████▉    | 59/100 [06:00<04:12,  6.15s/it]                                                                                      Best trial: 16. Best value: 0.546442:  59%|█████▉    | 59/100 [06:06<04:12,  6.15s/it]Best trial: 16. Best value: 0.546442:  59%|█████▉    | 59/100 [06:06<04:12,  6.15s/it]Best trial: 16. Best value: 0.546442:  60%|██████    | 60/100 [06:06<04:05,  6.14s/it]                                                                                      Best trial: 16. Best value: 0.546442:  60%|██████    | 60/100 [06:12<04:05,  6.14s/it]Best trial: 16. Best value: 0.546442:  60%|██████    | 60/100 [06:12<04:05,  6.14s/it]Best trial: 16. Best value: 0.546442:  61%|██████    | 61/100 [06:12<03:58,  6.11s/it]                                                                                      Best trial: 16. Best value: 0.546442:  61%|██████    | 61/100 [06:18<03:58,  6.11s/it]Best trial: 16. Best value: 0.546442:  61%|██████    | 61/100 [06:18<03:58,  6.11s/it]Best trial: 16. Best value: 0.546442:  62%|██████▏   | 62/100 [06:18<03:51,  6.10s/it]                                                                                      Best trial: 16. Best value: 0.546442:  62%|██████▏   | 62/100 [06:24<03:51,  6.10s/it]Best tria