[I 2025-05-15 03:24:40,946] Trial 99 finished with value: 0.5474677891211505 and parameters: {'interp_param': 0.9818909765496059}. Best is trial 86 with value: 0.5475597604992648.
Best hyperparameters: {'interp_param': 0.9997795387958148}
Best optimized value: 0.5475597604992648
Tuning threshold scale factor for offline LSET using optuna
  0%|          | 0/100 [00:00<?, ?it/s]                                         0%|          | 0/100 [00:06<?, ?it/s]Best trial: 0. Best value: 0.546077:   0%|          | 0/100 [00:06<?, ?it/s]Best trial: 0. Best value: 0.546077:   1%|          | 1/100 [00:06<10:07,  6.14s/it]                                                                                    Best trial: 0. Best value: 0.546077:   1%|          | 1/100 [00:12<10:07,  6.14s/it]Best trial: 0. Best value: 0.546077:   1%|          | 1/100 [00:12<10:07,  6.14s/it]Best trial: 0. Best value: 0.546077:   2%|▏         | 2/100 [00:12<09:59,  6.12s/it]                                                                                    Best trial: 0. Best value: 0.546077:   2%|▏         | 2/100 [00:18<09:59,  6.12s/it]Best trial: 0. Best value: 0.546077:   2%|▏         | 2/100 [00:18<09:59,  6.12s/it]Best trial: 0. Best value: 0.546077:   3%|▎         | 3/100 [00:18<09:52,  6.11s/it]                                                                                    Best trial: 0. Best value: 0.546077:   3%|▎         | 3/100 [00:24<09:52,  6.11s/it]Best trial: 0. Best value: 0.546077:   3%|▎         | 3/100 [00:24<09:52,  6.11s/it]Best trial: 0. Best value: 0.546077:   4%|▍         | 4/100 [00:24<09:47,  6.12s/it]                                                                                    Best trial: 0. Best value: 0.546077:   4%|▍         | 4/100 [00:30<09:47,  6.12s/it]Best trial: 0. Best value: 0.546077:   4%|▍         | 4/100 [00:30<09:47,  6.12s/it]Best trial: 0. Best value: 0.546077:   5%|▌         | 5/100 [00:30<09:40,  6.11s/it]                                                                                    Best trial: 0. Best value: 0.546077:   5%|▌         | 5/100 [00:36<09:40,  6.11s/it]Best trial: 0. Best value: 0.546077:   5%|▌         | 5/100 [00:36<09:40,  6.11s/it]Best trial: 0. Best value: 0.546077:   6%|▌         | 6/100 [00:36<09:34,  6.11s/it]                                                                                    Best trial: 0. Best value: 0.546077:   6%|▌         | 6/100 [00:42<09:34,  6.11s/it]Best trial: 6. Best value: 0.547558:   6%|▌         | 6/100 [00:42<09:34,  6.11s/it]Best trial: 6. Best value: 0.547558:   7%|▋         | 7/100 [00:42<09:26,  6.09s/it]                                                                                    Best trial: 6. Best value: 0.547558:   7%|▋         | 7/100 [00:48<09:26,  6.09s/it]Best trial: 6. Best value: 0.547558:   7%|▋         | 7/100 [00:48<09:26,  6.09s/it]Best trial: 6. Best value: 0.547558:   8%|▊         | 8/100 [00:48<09:21,  6.10s/it]                                                                                    Best trial: 6. Best value: 0.547558:   8%|▊         | 8/100 [00:55<09:21,  6.10s/it]Best trial: 6. Best value: 0.547558:   8%|▊         | 8/100 [00:55<09:21,  6.10s/it]Best trial: 6. Best value: 0.547558:   9%|▉         | 9/100 [00:55<09:19,  6.15s/it]                                                                                    Best trial: 6. Best value: 0.547558:   9%|▉         | 9/100 [01:01<09:19,  6.15s/it]Best trial: 6. Best value: 0.547558:   9%|▉         | 9/100 [01:01<09:19,  6.15s/it]Best trial: 6. Best value: 0.547558:  10%|█         | 10/100 [01:01<09:12,  6.13s/it]                                                                                     Best trial: 6. Best value: 0.547558:  10%|█         | 10/100 [01:07<09:12,  6.13s/it]Best trial: 6. Best value: 0.547558:  10%|█         | 10/100 [01:07<09:12,  6.13s/it]Best trial: 6. Best value: 0.547558:  11%|█         | 11/100 [01:07<09:05,  6.13s/it]                                                                                     Best trial: 6. Best value: 0.547558:  11%|█         | 11/100 [01:13<09:05,  6.13s/it]Best trial: 6. Best value: 0.547558:  11%|█         | 11/100 [01:13<09:05,  6.13s/it]Best trial: 6. Best value: 0.547558:  12%|█▏        | 12/100 [01:13<08:59,  6.13s/it]                                                                                     Best trial: 6. Best value: 0.547558:  12%|█▏        | 12/100 [01:19<08:59,  6.13s/it]Best trial: 6. Best value: 0.547558:  12%|█▏        | 12/100 [01:19<08:59,  6.13s/it]Best trial: 6. Best value: 0.547558:  13%|█▎        | 13/100 [01:19<08:52,  6.12s/it]                                                                                     Best trial: 6. Best value: 0.547558:  13%|█▎        | 13/100 [01:25<08:52,  6.12s/it]Best trial: 6. Best value: 0.547558:  13%|█▎        | 13/100 [01:25<08:52,  6.12s/it]Best trial: 6. Best value: 0.547558:  14%|█▍        | 14/100 [01:25<08:45,  6.12s/it]                                                                                     Best trial: 6. Best value: 0.547558:  14%|█▍        | 14/100 [01:31<08:45,  6.12s/it]Best trial: 6. Best value: 0.547558:  14%|█▍        | 14/100 [01:31<08:45,  6.12s/it]Best trial: 6. Best value: 0.547558:  15%|█▌        | 15/100 [01:31<08:39,  6.11s/it]                                                                                     Best trial: 6. Best value: 0.547558:  15%|█▌        | 15/100 [01:37<08:39,  6.11s/it]Best trial: 6. Best value: 0.547558:  15%|█▌        | 15/100 [01:37<08:39,  6.11s/it]Best trial: 6. Best value: 0.547558:  16%|█▌        | 16/100 [01:37<08:33,  6.11s/it]                                                                                     Best trial: 6. Best value: 0.547558:  16%|█▌        | 16/100 [01:43<08:33,  6.11s/it]Best trial: 16. Best value: 0.547559:  16%|█▌        | 16/100 [01:43<08:33,  6.11s/it]Best trial: 16. Best value: 0.547559:  17%|█▋        | 17/100 [01:43<08:27,  6.12s/it]                                                                                      Best trial: 16. Best value: 0.547559:  17%|█▋        | 17/100 [01:50<08:27,  6.12s/it]Best trial: 16. Best value: 0.547559:  17%|█▋        | 17/100 [01:50<08:27,  6.12s/it]Best trial: 16. Best value: 0.547559:  18%|█▊        | 18/100 [01:50<08:21,  6.11s/it]                                                                                      Best trial: 16. Best value: 0.547559:  18%|█▊        | 18/100 [01:56<08:21,  6.11s/it]Best trial: 16. Best value: 0.547559:  18%|█▊        | 18/100 [01:56<08:21,  6.11s/it]Best trial: 16. Best value: 0.547559:  19%|█▉        | 19/100 [01:56<08:14,  6.11s/it]                                                                                      Best trial: 16. Best value: 0.547559:  19%|█▉        | 19/100 [02:02<08:14,  6.11s/it]Best trial: 16. Best value: 0.547559:  19%|█▉        | 19/100 [02:02<08:14,  6.11s/it]Best trial: 16. Best value: 0.547559:  20%|██        | 20/100 [02:02<08:08,  6.11s/it]                                                                                      Best trial: 16. Best value: 0.547559:  20%|██        | 20/100 [02:08<08:08,  6.11s/it]Best trial: 16. Best value: 0.547559:  20%|██        | 20/100 [02:08<08:08,  6.11s/it]Best trial: 16. Best value: 0.547559:  21%|██        | 21/100 [02:08<08:02,  6.11s/it]                                                                                      Best trial: 16. Best value: 0.547559:  21%|██        | 21/100 [02:14<08:02,  6.11s/it]Best trial: 16. Best value: 0.547559:  21%|██        | 21/100 [02:14<08:02,  6.11s/it]Best trial: 16. Best value: 0.547559:  22%|██▏       | 22/100 [02:14<07:57,  6.12s/it]                                                                                      Best trial: 16. Best value: 0.547559:  22%|██▏       | 22/100 [02:20<07:57,  6.12s/it]Best trial: 16. Best value: 0.547559:  22%|██▏       | 22/100 [02:20<07:57,  6.12s/it]Best trial: 16. Best value: 0.547559:  23%|██▎       | 23/100 [02:20<07:50,  6.11s/it]                                                                                      Best trial: 16. Best value: 0.547559:  23%|██▎       | 23/100 [02:26<07:50,  6.11s/it]Best trial: 16. Best value: 0.547559:  23%|██▎       | 23/100 [02:26<07:50,  6.11s/it]Best trial: 16. Best value: 0.547559:  24%|██▍       | 24/100 [02:26<07:44,  6.11s/it]                                                                                      Best trial: 16. Best value: 0.547559:  24%|██▍       | 24/100 [02:33<07:44,  6.11s/it]Best trial: 16. Best value: 0.547559:  24%|██▍       | 24/100 [02:33<07:44,  6.11s/it]Best trial: 16. Best value: 0.547559:  25%|██▌       | 25/100 [02:33<07:41,  6.15s/it]                                                                                      Best trial: 16. Best value: 0.547559:  25%|██▌       | 25/100 [02:39<07:41,  6.15s/it]Best trial: 16. Best value: 0.547559:  25%|██▌       | 25/100 [02:39<07:41,  6.15s/it]Best trial: 16. Best value: 0.547559:  26%|██▌       | 26/100 [02:39<07:34,  6.14s/it]                                                                                      Best trial: 16. Best value: 0.547559:  26%|██▌       | 26/100 [02:45<07:34,  6.14s/it]Best trial: 16. Best value: 0.547559:  26%|██▌       | 26/100 [02:45<07:34,  6.14s/it]Best trial: 16. Best value: 0.547559:  27%|██▋       | 27/100 [02:45<07:27,  6.13s/it]                                                                                      Best trial: 16. Best value: 0.547559:  27%|██▋       | 27/100 [02:51<07:27,  6.13s/it]Best trial: 16. Best value: 0.547559:  27%|██▋       | 27/100 [02:51<07:27,  6.13s/it]Best trial: 16. Best value: 0.547559:  28%|██▊       | 28/100 [02:51<07:20,  6.12s/it]                                                                                      Best trial: 16. Best value: 0.547559:  28%|██▊       | 28/100 [02:57<07:20,  6.12s/it]Best trial: 16. Best value: 0.547559:  28%|██▊       | 28/100 [02:57<07:20,  6.12s/it]Best trial: 16. Best value: 0.547559:  29%|██▉       | 29/100 [02:57<07:14,  6.12s/it]                                                                                      Best trial: 16. Best value: 0.547559:  29%|██▉       | 29/100 [03:03<07:14,  6.12s/it]Best trial: 16. Best value: 0.547559:  29%|██▉       | 29/100 [03:03<07:14,  6.12s/it]Best trial: 16. Best value: 0.547559:  30%|███       | 30/100 [03:03<07:07,  6.11s/it]                                                                                      Best trial: 16. Best value: 0.547559:  30%|███       | 30/100 [03:09<07:07,  6.11s/it]Best trial: 16. Best value: 0.547559:  30%|███       | 30/100 [03:09<07:07,  6.11s/it]Best trial: 16. Best value: 0.547559:  31%|███       | 31/100 [03:09<07:01,  6.11s/it]                                                                                      Best trial: 16. Best value: 0.547559:  31%|███       | 31/100 [03:15<07:01,  6.11s/it]Best trial: 16. Best value: 0.547559:  31%|███       | 31/100 [03:15<07:01,  6.11s/it]Best trial: 16. Best value: 0.547559:  32%|███▏      | 32/100 [03:15<06:55,  6.11s/it]                                                                                      Best trial: 16. Best value: 0.547559:  32%|███▏      | 32/100 [03:21<06:55,  6.11s/it]Best trial: 16. Best value: 0.547559:  32%|███▏      | 32/100 [03:21<06:55,  6.11s/it]Best trial: 16. Best value: 0.547559:  33%|███▎      | 33/100 [03:21<06:49,  6.11s/it]                                                                                      Best trial: 16. Best value: 0.547559:  33%|███▎      | 33/100 [03:27<06:49,  6.11s/it]Best trial: 16. Best value: 0.547559:  33%|███▎      | 33/100 [03:28<06:49,  6.11s/it]Best trial: 16. Best value: 0.547559:  34%|███▍      | 34/100 [03:28<06:43,  6.11s/it]                                                                                      Best trial: 16. Best value: 0.547559:  34%|███▍      | 34/100 [03:34<06:43,  6.11s/it]Best trial: 16. Best value: 0.547559:  34%|███▍      | 34/100 [03:34<06:43,  6.11s/it]Best trial: 16. Best value: 0.547559:  35%|███▌      | 35/100 [03:34<06:37,  6.11s/it]                                                                                      Best trial: 16. Best value: 0.547559:  35%|███▌      | 35/100 [03:40<06:37,  6.11s/it]Best trial: 16. Best value: 0.547559:  35%|███▌      | 35/100 [03:40<06:37,  6.11s/it]Best trial: 16. Best value: 0.547559:  36%|███▌      | 36/100 [03:40<06:31,  6.11s/it]                                                                                      Best trial: 16. Best value: 0.547559:  36%|███▌      | 36/100 [03:46<06:31,  6.11s/it]Best trial: 16. Best value: 0.547559:  36%|███▌      | 36/100 [03:46<06:31,  6.11s/it]Best trial: 16. Best value: 0.547559:  37%|███▋      | 37/100 [03:46<06:25,  6.11s/it]                                                                                      Best trial: 16. Best value: 0.547559:  37%|███▋      | 37/100 [03:52<06:25,  6.11s/it]Best trial: 16. Best value: 0.547559:  37%|███▋      | 37/100 [03:52<06:25,  6.11s/it]Best trial: 16. Best value: 0.547559:  38%|███▊      | 38/100 [03:52<06:18,  6.11s/it]                                                                                      Best trial: 16. Best value: 0.547559:  38%|███▊      | 38/100 [03:58<06:18,  6.11s/it]Best trial: 16. Best value: 0.547559:  38%|███▊      | 38/100 [03:58<06:18,  6.11s/it]Best trial: 16. Best value: 0.547559:  39%|███▉      | 39/100 [03:58<06:12,  6.11s/it]                                                                                      Best trial: 16. Best value: 0.547559:  39%|███▉      | 39/100 [04:04<06:12,  6.11s/it]Best trial: 16. Best value: 0.547559:  39%|███▉      | 39/100 [04:04<06:12,  6.11s/it]Best trial: 16. Best value: 0.547559:  40%|████      | 40/100 [04:04<06:06,  6.11s/it]                                                                                      Best trial: 16. Best value: 0.547559:  40%|████      | 40/100 [04:10<06:06,  6.11s/it]Best trial: 16. Best value: 0.547559:  40%|████      | 40/100 [04:10<06:06,  6.11s/it]Best trial: 16. Best value: 0.547559:  41%|████      | 41/100 [04:10<06:00,  6.11s/it]                                                                                      Best trial: 16. Best value: 0.547559:  41%|████      | 41/100 [04:17<06:00,  6.11s/it]Best trial: 16. Best value: 0.547559:  41%|████      | 41/100 [04:17<06:00,  6.11s/it]Best trial: 16. Best value: 0.547559:  42%|████▏     | 42/100 [04:17<05:56,  6.15s/it]                                                                                      Best trial: 16. Best value: 0.547559:  42%|████▏     | 42/100 [04:23<05:56,  6.15s/it]Best trial: 16. Best value: 0.547559:  42%|████▏     | 42/100 [04:23<05:56,  6.15s/it]Best trial: 16. Best value: 0.547559:  43%|████▎     | 43/100 [04:23<05:50,  6.14s/it]                                                                                      Best trial: 16. Best value: 0.547559:  43%|████▎     | 43/100 [04:29<05:50,  6.14s/it]Best trial: 16. Best value: 0.547559:  43%|████▎     | 43/100 [04:29<05:50,  6.14s/it]Best trial: 16. Best value: 0.547559:  44%|████▍     | 44/100 [04:29<05:43,  6.14s/it]                                                                                      Best trial: 16. Best value: 0.547559:  44%|████▍     | 44/100 [04:35<05:43,  6.14s/it]Best trial: 16. Best value: 0.547559:  44%|████▍     | 44/100 [04:35<05:43,  6.14s/it]Best trial: 16. Best value: 0.547559:  45%|████▌     | 45/100 [04:35<05:37,  6.13s/it]                                                                                      Best trial: 16. Best value: 0.547559:  45%|████▌     | 45/100 [04:41<05:37,  6.13s/it]Best trial: 16. Best value: 0.547559:  45%|████▌     | 45/100 [04:41<05:37,  6.13s/it]Best trial: 16. Best value: 0.547559:  46%|████▌     | 46/100 [04:41<05:30,  6.12s/it]                                                                                      Best trial: 16. Best value: 0.547559:  46%|████▌     | 46/100 [04:47<05:30,  6.12s/it]Best trial: 16. Best value: 0.547559:  46%|████▌     | 46/100 [04:47<05:30,  6.12s/it]Best trial: 16. Best value: 0.547559:  47%|████▋     | 47/100 [04:47<05:24,  6.12s/it]                                                                                      Best trial: 16. Best value: 0.547559:  47%|████▋     | 47/100 [04:53<05:24,  6.12s/it]Best trial: 16. Best value: 0.547559:  47%|████▋     | 47/100 [04:53<05:24,  6.12s/it]Best trial: 16. Best value: 0.547559:  48%|████▊     | 48/100 [04:53<05:17,  6.11s/it]                                                                                      Best trial: 16. Best value: 0.547559:  48%|████▊     | 48/100 [04:59<05:17,  6.11s/it]Best trial: 16. Best value: 0.547559:  48%|████▊     | 48/100 [04:59<05:17,  6.11s/it]Best trial: 16. Best value: 0.547559:  49%|████▉     | 49/100 [04:59<05:11,  6.11s/it]                                                                                      Best trial: 16. Best value: 0.547559:  49%|████▉     | 49/100 [05:05<05:11,  6.11s/it]Best trial: 16. Best value: 0.547559:  49%|████▉     | 49/100 [05:05<05:11,  6.11s/it]Best trial: 16. Best value: 0.547559:  50%|█████     | 50/100 [05:05<05:05,  6.12s/it]                                                                                      Best trial: 16. Best value: 0.547559:  50%|█████     | 50/100 [05:12<05:05,  6.12s/it]Best trial: 16. Best value: 0.547559:  50%|█████     | 50/100 [05:12<05:05,  6.12s/it]Best trial: 16. Best value: 0.547559:  51%|█████     | 51/100 [05:12<04:59,  6.12s/it]                                                                                      Best trial: 16. Best value: 0.547559:  51%|█████     | 51/100 [05:18<04:59,  6.12s/it]Best trial: 16. Best value: 0.547559:  51%|█████     | 51/100 [05:18<04:59,  6.12s/it]Best trial: 16. Best value: 0.547559:  52%|█████▏    | 52/100 [05:18<04:53,  6.11s/it]                                                                                      Best trial: 16. Best value: 0.547559:  52%|█████▏    | 52/100 [05:24<04:53,  6.11s/it]Best trial: 16. Best value: 0.547559:  52%|█████▏    | 52/100 [05:24<04:53,  6.11s/it]Best trial: 16. Best value: 0.547559:  53%|█████▎    | 53/100 [05:24<04:47,  6.11s/it]                                                                                      Best trial: 16. Best value: 0.547559:  53%|█████▎    | 53/100 [05:30<04:47,  6.11s/it]Best trial: 16. Best value: 0.547559:  53%|█████▎    | 53/100 [05:30<04:47,  6.11s/it]Best trial: 16. Best value: 0.547559:  54%|█████▍    | 54/100 [05:30<04:40,  6.10s/it]                                                                                      Best trial: 16. Best value: 0.547559:  54%|█████▍    | 54/100 [05:36<04:40,  6.10s/it]Best trial: 16. Best value: 0.547559:  54%|█████▍    | 54/100 [05:36<04:40,  6.10s/it]Best trial: 16. Best value: 0.547559:  55%|█████▌    | 55/100 [05:36<04:34,  6.11s/it]                                                                                      Best trial: 16. Best value: 0.547559:  55%|█████▌    | 55/100 [05:42<04:34,  6.11s/it]Best trial: 16. Best value: 0.547559:  55%|█████▌    | 55/100 [05:42<04:34,  6.11s/it]Best trial: 16. Best value: 0.547559:  56%|█████▌    | 56/100 [05:42<04:27,  6.09s/it]                                                                                      Best trial: 16. Best value: 0.547559:  56%|█████▌    | 56/100 [05:48<04:27,  6.09s/it]Best trial: 16. Best value: 0.547559:  56%|█████▌    | 56/100 [05:48<04:27,  6.09s/it]Best trial: 16. Best value: 0.547559:  57%|█████▋    | 57/100 [05:48<04:22,  6.09s/it]                                                                                      Best trial: 16. Best value: 0.547559:  57%|█████▋    | 57/100 [05:54<04:22,  6.09s/it]Best trial: 16. Best value: 0.547559:  57%|█████▋    | 57/100 [05:54<04:22,  6.09s/it]Best trial: 16. Best value: 0.547559:  58%|█████▊    | 58/100 [05:54<04:16,  6.10s/it]                                                                                      Best trial: 16. Best value: 0.547559:  58%|█████▊    | 58/100 [06:00<04:16,  6.10s/it]Best trial: 16. Best value: 0.547559:  58%|█████▊    | 58/100 [06:00<04:16,  6.10s/it]Best trial: 16. Best value: 0.547559:  59%|█████▉    | 59/100 [06:00<04:11,  6.15s/it]                                                                                      Best trial: 16. Best value: 0.547559:  59%|█████▉    | 59/100 [06:07<04:11,  6.15s/it]Best trial: 16. Best value: 0.547559:  59%|█████▉    | 59/100 [06:07<04:11,  6.15s/it]Best trial: 16. Best value: 0.547559:  60%|██████    | 60/100 [06:07<04:05,  6.14s/it]                                                                                      Best trial: 16. Best value: 0.547559:  60%|██████    | 60/100 [06:13<04:05,  6.14s/it]Best trial: 16. Best value: 0.547559:  60%|██████    | 60/100 [06:13<04:05,  6.14s/it]Best trial: 16. Best value: 0.547559:  61%|██████    | 61/100 [06:13<03:59,  6.13s/it]                                                                                      Best trial: 16. Best value: 0.547559:  61%|██████    | 61/100 [06:19<03:59,  6.13s/it]Best trial: 16. Best value: 0.547559:  61%|██████    | 61/100 [06:19<03:59,  6.13s/it]Best trial: 16. Best value: 0.547559:  62%|██████▏   | 62/100 [06:19<03:52,  6.13s/it]                                                                                      Best trial: 16. Best value: 0.547559:  62%|██████▏   | 62/100 [06:25<03:52,  6.13s/it]Best tria