[I 2025-05-15 03:34:35,476] Trial 99 finished with value: 0.5453171231768323 and parameters: {'threshold_scale_factor': 0.7932687523141512}. Best is trial 88 with value: 0.545834850030606.
Best hyperparameters: {'threshold_scale_factor': 0.8585304862603975}
Best optimized value: 0.545834850030606
Running audit 1/1
Training a GraphSAGE target model on github...
Training GraphSAGE on cuda:   0%|          | 0/300 [00:00<?, ?it/s]Training GraphSAGE on cuda:   5%|▍         | 14/300 [00:00<00:02, 135.50it/s]Training GraphSAGE on cuda:   9%|▉         | 28/300 [00:00<00:01, 137.31it/s]Training GraphSAGE on cuda:  15%|█▌        | 45/300 [00:00<00:01, 148.29it/s]Training GraphSAGE on cuda:  21%|██        | 62/300 [00:00<00:01, 153.36it/s]Training GraphSAGE on cuda:  26%|██▋       | 79/300 [00:00<00:01, 156.28it/s]Training GraphSAGE on cuda:  32%|███▏      | 96/300 [00:00<00:01, 158.07it/s]Training GraphSAGE on cuda:  38%|███▊      | 113/300 [00:00<00:01, 159.00it/s]Training GraphSAGE on cuda:  43%|████▎     | 130/300 [00:00<00:01, 159.81it/s]Training GraphSAGE on cuda:  49%|████▉     | 147/300 [00:00<00:00, 160.31it/s]Training GraphSAGE on cuda:  55%|█████▍    | 164/300 [00:01<00:00, 160.70it/s]Training GraphSAGE on cuda:  60%|██████    | 181/300 [00:01<00:00, 160.76it/s]Training GraphSAGE on cuda:  66%|██████▌   | 198/300 [00:01<00:00, 160.90it/s]Training GraphSAGE on cuda:  72%|███████▏  | 215/300 [00:01<00:00, 161.02it/s]Training GraphSAGE on cuda:  77%|███████▋  | 232/300 [00:01<00:00, 161.15it/s]Training GraphSAGE on cuda:  83%|████████▎ | 249/300 [00:01<00:00, 161.13it/s]Training GraphSAGE on cuda:  89%|████████▊ | 266/300 [00:01<00:00, 161.06it/s]Training GraphSAGE on cuda:  94%|█████████▍| 283/300 [00:01<00:00, 161.26it/s]Training GraphSAGE on cuda: 100%|██████████| 300/300 [00:01<00:00, 161.22it/s]Training GraphSAGE on cuda: 100%|██████████| 300/300 [00:01<00:00, 158.62it/s]
Train accuracy: 0.9560 | Test accuracy: 0.8251
Training MLP on cuda:   0%|          | 0/1000 [00:00<?, ?it/s]Training MLP on cuda:   0%|          | 1/1000 [00:38<10:46:15, 38.81s/it]Training MLP on cuda:   0%|          | 2/1000 [01:16<10:36:07, 38.24s/it]Training MLP on cuda:   0%|          | 3/1000 [01:54<10:33:04, 38.10s/it]Training MLP on cuda:   0%|          | 4/1000 [02:32<10:29:56, 37.95s/it]Training MLP on cuda:   0%|          | 5/1000 [03:10<10:29:32, 37.96s/it]Training MLP on cuda:   1%|          | 6/1000 [03:48<10:27:43, 37.89s/it]Training MLP on cuda:   1%|          | 7/1000 [04:26<10:27:41, 37.93s/it]Training MLP on cuda:   1%|          | 8/1000 [05:03<10:26:33, 37.90s/it]Training MLP on cuda:   1%|          | 9/1000 [05:41<10:26:16, 37.92s/it]Training MLP on cuda:   1%|          | 10/1000 [06:19<10:25:24, 37.90s/it]Training MLP on cuda:   1%|          | 11/1000 [06:57<10:25:08, 37.93s/it]Training MLP on cuda:   1%|          | 12/1000 [07:35<10:23:07, 37.84s/it]Training MLP on cuda:   1%|▏         | 13/1000 [08:13<10:23:09, 37.88s/it]Training MLP on cuda:   1%|▏         | 14/1000 [08:51<10:21:41, 37.83s/it]Training MLP on cuda:   2%|▏         | 15/1000 [09:28<10:21:37, 37.87s/it]Training MLP on cuda:   2%|▏         | 16/1000 [10:06<10:20:29, 37.83s/it]Training MLP on cuda:   2%|▏         | 17/1000 [10:44<10:19:56, 37.84s/it]Training MLP on cuda:   2%|▏         | 18/1000 [11:22<10:19:10, 37.83s/it]Training MLP on cuda:   2%|▏         | 19/1000 [12:00<10:19:23, 37.88s/it]Training MLP on cuda:   2%|▏         | 20/1000 [12:38<10:18:14, 37.85s/it]Training MLP on cuda:   2%|▏         | 21/1000 [13:16<10:17:36, 37.85s/it]Training MLP on cuda:   2%|▏         | 22/1000 [13:53<10:17:26, 37.88s/it]Training MLP on cuda:   2%|▏         | 23/1000 [14:32<10:17:55, 37.95s/it]Training MLP on cuda:   2%|▏         | 24/1000 [15:10<10:19:22, 38.08s/it]Training MLP on cuda:   2%|▎         | 25/1000 [15:48<10:19:33, 38.13s/it]Training MLP on cuda:   3%|▎         | 26/1000 [16:27<10:20:10, 38.20s/it]Training MLP on cuda:   3%|▎         | 27/1000 [17:05<10:19:34, 38.21s/it]Training MLP on cuda:   3%|▎         | 28/1000 [17:43<10:19:39, 38.25s/it]Training MLP on cuda:   3%|▎         | 29/1000 [18:21<10:19:02, 38.25s/it]Training MLP on cuda:   3%|▎         | 30/1000 [19:00<10:18:51, 38.28s/it]Training MLP on cuda:   3%|▎         | 31/1000 [19:38<10:17:41, 38.25s/it]Training MLP on cuda:   3%|▎         | 32/1000 [20:16<10:18:11, 38.32s/it]Training MLP on cuda:   3%|▎         | 33/1000 [20:55<10:17:54, 38.34s/it]Training MLP on cuda:   3%|▎         | 34/1000 [21:33<10:15:43, 38.24s/it]Training MLP on cuda:   4%|▎         | 35/1000 [22:11<10:15:40, 38.28s/it]Training MLP on cuda:   4%|▎         | 36/1000 [22:50<10:15:18, 38.30s/it]Training MLP on cuda:   4%|▎         | 37/1000 [23:28<10:15:13, 38.33s/it]Training MLP on cuda:   4%|▍         | 38/1000 [24:06<10:14:08, 38.30s/it]Training MLP on cuda:   4%|▍         | 39/1000 [24:45<10:13:42, 38.32s/it]Training MLP on cuda:   4%|▍         | 40/1000 [25:23<10:12:58, 38.31s/it]Training MLP on cuda:   4%|▍         | 41/1000 [26:01<10:13:43, 38.40s/it]Training MLP on cuda:   4%|▍         | 42/1000 [26:40<10:12:21, 38.35s/it]Training MLP on cuda:   4%|▍         | 43/1000 [27:18<10:11:42, 38.35s/it]Training MLP on cuda:   4%|▍         | 44/1000 [27:56<10:10:09, 38.29s/it]Training MLP on cuda:   4%|▍         | 45/1000 [28:34<10:09:35, 38.30s/it]Training MLP on cuda:   5%|▍         | 46/1000 [29:13<10:08:05, 38.24s/it]Training MLP on cuda:   5%|▍         | 47/1000 [29:51<10:07:56, 38.28s/it]Training MLP on cuda:   5%|▍         | 48/1000 [30:29<10:07:38, 38.30s/it]Training MLP on cuda:   5%|▍         | 49/1000 [31:08<10:07:14, 38.31s/it]Training MLP on cuda:   5%|▌         | 50/1000 [31:46<10:06:22, 38.30s/it]Training MLP on cuda:   5%|▌         | 51/1000 [32:24<10:05:57, 38.31s/it]Training MLP on cuda:   5%|▌         | 52/1000 [33:02<10:04:48, 38.28s/it]Training MLP on cuda:   5%|▌         | 53/1000 [33:41<10:04:24, 38.29s/it]Training MLP on cuda:   5%|▌         | 54/1000 [34:19<10:03:31, 38.28s/it]Training MLP on cuda:   6%|▌         | 55/1000 [34:57<10:03:20, 38.31s/it]Training MLP on cuda:   6%|▌         | 56/1000 [35:36<10:02:08, 38.27s/it]Training MLP on cuda:   6%|▌         | 57/1000 [36:14<10:01:58, 38.30s/it]Training MLP on cuda:   6%|▌         | 58/1000 [36:52<10:00:58, 38.28s/it]Training MLP on cuda:   6%|▌         | 59/1000 [37:31<10:00:44, 38.30s/it]Training MLP on cuda:   6%|▌         | 60/1000 [38:09<10:00:31, 38.33s/it]Training MLP on cuda:   6%|▌         | 61/1000 [38:47<10:00:35, 38.38s/it]Training MLP on cuda:   6%|▌         | 62/1000 [39:26<10:00:01, 38.38s/it]Training MLP on cuda:   6%|▋         | 63/1000 [40:04<9:59:50, 38.41s/it] Training MLP on cuda:   6%|▋         | 64/1000 [40:43<9:58:59, 38.40s/it]Training MLP on cuda:   6%|▋         | 65/1000 [41:21<9:58:18, 38.39s/it]Training MLP on cuda:   7%|▋         | 66/1000 [42:00<9:58:06, 38.42s/it]Training MLP on cuda:   7%|▋         | 67/1000 [42:38<9:56:14, 38.34s/it]Training MLP on cuda:   7%|▋         | 68/1000 [43:16<9:55:57, 38.37s/it]Training MLP on cuda:   7%|▋         | 69/1000 [43:55<9:55:50, 38.40s/it]Training MLP on cuda:   7%|▋         | 70/1000 [44:33<9:55:51, 38.44s/it]Training MLP on cuda:   7%|▋         | 71/1000 [45:12<9:54:54, 38.42s/it]Training MLP on cuda:   7%|▋         | 72/1000 [45:50<9:54:52, 38.46s/it]Training MLP on cuda:   7%|▋         | 73/1000 [46:28<9:53:36, 38.42s/it]Training MLP on cuda:   7%|▋         | 74/1000 [47:07<9:53:20, 38.44s/it]Training MLP on cuda:   8%|▊         | 75/1000 [47:45<9:52:12, 38.41s/it]Training MLP on cuda:   8%|▊         | 76/1000 [48:24<9:52:29, 38.47s/it]Training MLP on cuda:   8%|▊         | 77/1000 [49:02<9:51:33, 38.45s/it]Training MLP on cuda:   8%|▊         | 78/1000 [49:41<9:51:31, 38.49s/it]Training MLP on cuda:   8%|▊         | 79/1000 [50:19<9:50:17, 38.46s/it]Training MLP on cuda:   8%|▊         | 80/1000 [50:58<9:50:06, 38.48s/it]Training MLP on cuda:   8%|▊         | 81/1000 [51:36<9:49:30, 38.49s/it]Training MLP on cuda:   8%|▊         | 82/1000 [52:15<9:49:12, 38.51s/it]Training MLP on cuda:   8%|▊         | 83/1000 [52:53<9:47:48, 38.46s/it]Training MLP on cuda:   8%|▊         | 84/1000 [53:32<9:47:52, 38.51s/it]Training MLP on cuda:   8%|▊         | 85/1000 [54:10<9:46:25, 38.45s/it]Training MLP on cuda:   9%|▊         | 86/1000 [54:49<9:46:26, 38.50s/it]Training MLP on cuda:   9%|▊         | 87/1000 [55:27<9:46:07, 38.52s/it]Training MLP on cuda:   9%|▉         | 88/1000 [56:06<9:45:36, 38.53s/it]Training MLP on cuda:   9%|▉         | 89/1000 [56:44<9:44:27, 38.49s/it]Training MLP on cuda:   9%|▉         | 90/1000 [57:23<9:43:17, 38.46s/it]Training MLP on cuda:   9%|▉         | 91/1000 [58:01<9:40:55, 38.34s/it]Training MLP on cuda:   9%|▉         | 92/1000 [58:39<9:40:34, 38.36s/it]Training MLP on cuda:   9%|▉         | 93/1000 [59:17<9:38:51, 38.29s/it]Training MLP on cuda:   9%|▉         | 94/1000 [59:56<9:38:28, 38.31s/it]Training MLP on cuda:  10%|▉         | 95/1000 [1:00:34<9:36:42, 38.23s/it]Training MLP on cuda:  10%|▉         | 96/1000 [1:01:12<9:36:25, 38.26s/it]Training MLP on cuda:  10%|▉         | 97/1000 [1:01:50<9:35:33, 38.24s/it]Training MLP on cuda:  10%|▉         | 98/1000 [1:02:28<9:35:09, 38.26s/it]Training MLP on cuda:  10%|▉         | 99/1000 [1:03:07<9:34:08, 38.23s/it]Training MLP on cuda:  10%|█         | 100/1000 [1:03:45<9:33:40, 38.25s/it]Training MLP on cuda:  10%|█         | 101/1000 [1:04:23<9:32:37, 38.22s/it]Training MLP on cuda:  10%|█         | 102/1000 [1:05:01<9:32:27, 38.25s/it]Training MLP on cuda:  10%|█         | 103/1000 [1:05:39<9:31:04, 38.20s/it]Training MLP on cuda:  10%|█         | 104/1000 [1:06:18<9:30:30, 38.20s/it]Training MLP on cuda:  10%|█         | 105/1000 [1:06:56<9:29:26, 38.17s/it]Training MLP on cuda:  11%|█         | 106/1000 [1:07:34<9:29:11, 38.20s/it]Training MLP on cuda:  11%|█         | 107/1000 [1:08:12<9:27:55, 38.16s/it]Training MLP on cuda:  11%|█         | 108/1000 [1:08:50<9:27:51, 38.20s/it]Training MLP on cuda:  11%|█         | 109/1000 [1:09:28<9:26:49, 38.17s/it]Training MLP on cuda:  11%|█         | 110/1000 [1:10:07<9:26:18, 38.18s/it]Training MLP on cuda:  11%|█         | 111/1000 [1:10:45<9:25:24, 38.16s/it]Training MLP on cuda:  11%|█         | 112/1000 [1:11:23<9:25:49, 38.23s/it]Training MLP on cuda:  11%|█▏        | 113/1000 [1:12:01<9:24:33, 38.19s/it]Training MLP on cuda:  11%|█▏        | 114/1000 [1:12:40<9:24:37, 38.24s/it]Training MLP on cuda:  12%|█▏        | 115/1000 [1:13:18<9:23:16, 38.19s/it]Training MLP on cuda:  12%|█▏        | 116/1000 [1:13:56<9:22:45, 38.20s/it]Training MLP on cuda:  12%|█▏        | 117/1000 [1:14:34<9:21:58, 38.19s/it]Training MLP on cuda:  12%|█▏        | 118/1000 [1:15:12<9:22:07, 38.24s/it]Training MLP on cuda:  12%|█▏        | 119/1000 [1:15:51<9:20:41, 38.19s/it]Training MLP on cuda:  12%|█▏        | 120/1000 [1:16:29<9:20:28, 38.21s/it]Training MLP on cuda:  12%|█▏        | 121/1000 [1:17:07<9:19:11, 38.17s/it]Training MLP on cuda:  12%|█▏        | 122/1000 [1:17:45<9:19:15, 38.22s/it]Training MLP on cuda:  12%|█▏        | 123/1000 [1:18:23<9:18:04, 38.18s/it]Training MLP on cuda:  12%|█▏        | 124/1000 [1:19:02<9:17:59, 38.22s/it]Training MLP on cuda:  12%|█▎        | 125/1000 [1:19:40<9:17:04, 38.20s/it]Training MLP on cuda:  13%|█▎        | 126/1000 [1:20:18<9:16:32, 38.21s/it]Training MLP on cuda:  13%|█▎        | 127/1000 [1:20:56<9:16:03, 38.22s/it]Training MLP on cuda:  13%|█▎        | 128/1000 [1:21:34<9:15:35, 38.23s/it]Training MLP on cuda:  13%|█▎        | 129/1000 [1:22:13<9:14:16, 38.18s/it]Training MLP on cuda:  13%|█▎        | 130/1000 [1:22:51<9:13:59, 38.21s/it]Training MLP on cuda:  13%|█▎        | 131/1000 [1:23:29<9:13:02, 38.18s/it]Training MLP on cuda:  13%|█▎        | 132/1000 [1:24:07<9:12:50, 38.22s/it]Training MLP on cuda:  13%|█▎        | 133/1000 [1:24:45<9:12:11, 38.21s/it]Training MLP on cuda:  13%|█▎        | 134/1000 [1:25:24<9:11:39, 38.22s/it]Training MLP on cuda:  14%|█▎        | 135/1000 [1:26:02<9:10:26, 38.18s/it]Training MLP on cuda:  14%|█▎        | 136/1000 [1:26:40<9:10:09, 38.21s/it]Training MLP on cuda:  14%|█▎        | 137/1000 [1:27:18<9:09:09, 38.18s/it]Training MLP on cuda:  14%|█▍        | 138/1000 [1:27:56<9:08:49, 38.20s/it]Training MLP on cuda:  14%|█▍        | 139/1000 [1:28:35<9:07:50, 38.18s/it]Training MLP on cuda:  14%|█▍        | 140/1000 [1:29:13<9:07:34, 38.20s/it]Training MLP on cuda:  14%|█▍        | 141/1000 [1:29:51<9:07:15, 38.22s/it]Training MLP on cuda:  14%|█▍        | 142/1000 [1:30:29<9:06:50, 38.24s/it]Training MLP on cuda:  14%|█▍        | 143/1000 [1:31:07<9:05:43, 38.21s/it]Training MLP on cuda:  14%|█▍        | 144/1000 [1:31:46<9:05:35, 38.24s/it]Training MLP on cuda:  14%|█▍        | 145/1000 [1:32:24<9:05:02, 38.25s/it]Training MLP on cuda:  15%|█▍        | 146/1000 [1:33:02<9:03:13, 38.17s/it]Training MLP on cuda:  15%|█▍        | 147/1000 [1:33:40<9:03:14, 38.21s/it]Training MLP on cuda:  15%|█▍        | 148/1000 [1:34:18<9:02:17, 38.19s/it]Training MLP on cuda:  15%|█▍        | 149/1000 [1:34:57<9:02:19, 38.24s/it]Training MLP on cuda:  15%|█▌        | 150/1000 [1:35:35<9:01:52, 38.25s/it]Training MLP on cuda:  15%|█▌        | 151/1000 [1:36:13<9:00:10, 38.17s/it]Training MLP on cuda:  15%|█▌        | 152/1000 [1:36:51<9:00:07, 38.22s/it]Training MLP on cuda:  15%|█▌        | 153/1000 [1:37:30<8:59:22, 38.21s/it]Training MLP on cuda:  15%|█▌        | 154/1000 [1:38:08<8:59:02, 38.23s/it]Training MLP on cuda:  16%|█▌        | 155/1000 [1:38:46<8:58:44, 38.25s/it]Training MLP on cuda:  16%|█▌        | 156/1000 [1:39:24<8:56:39, 38.15s/it]Training MLP on cuda:  16%|█▌        | 157/1000 [1:40:02<8:56:29, 38.18s/it]Training MLP on cuda:  16%|█▌        | 158/1000 [1:40:41<8:56:03, 38.20s/it]Training MLP on cuda:  16%|█▌        | 159/1000 [1:41:19<8:55:59, 38.24s/it]Training MLP on cuda:  16%|█▌        | 160/1000 [1:41:57<8:55:39, 38.26s/it]Training MLP on cuda:  16%|█▌        | 161/1000 [1:42:35<8:54:03, 38.19s/it]Training MLP on cuda:  16%|█▌        | 162/1000 [1:43:14<8:53:46, 38.22s/it]Training MLP on cuda:  16%|█▋        | 163/1000 [1:43:52<8:52:19, 38.16s/it]Training MLP on cuda:  16%|█▋        | 164/1000 [1:44:30<8:52:25, 38.21s/it]Training MLP on cuda:  16%|█▋        | 165/1000 [1:45:08<8:53:13, 38.32s/it]Training MLP on cuda:  17%|█▋        | 166/1000 [1:45:47<8:53:53, 38.41s/it]Training MLP on cuda:  17%|█▋        | 167/1000 [1:46:26<8:53:30, 38.43s/it]Training MLP on cuda:  17%|█▋        | 168/1000 [1:47:04<8:54:16, 38.53s/it]Training MLP on cuda:  17%|█▋        | 169/1000 [1:47:43<8:54:01, 38.56s/it]Training MLP on cuda:  17%|█▋        | 170/1000 [1:48:22<8:54:01, 38.60s/it]Training MLP on cuda:  17%|█▋        | 171/1000 [1:49:00<8:53:06, 38.58s/it]Training MLP on cuda:  17%|█▋        | 172/1000 [1:49:39<8:52:45, 38.61s/it]Training MLP on cuda:  17%|█▋        | 173/1000 [1:50:18<8:52:17, 38.62s/it]Training MLP on cuda:  17%|█▋        | 174/1000 [1:50:56<8:52:04, 38.65s/it]Training MLP on cuda:  18%|█▊        | 175/1000 [1:51:35<8:50:56, 38.61s/it]Training MLP on cuda:  18%|█▊        | 176/1000 [1:52:14<8:51:01, 38.67s/it]Training MLP on cuda:  18%|█▊        | 177/1000 [1:52:52<8:49:26, 38.60s/it]Training MLP on cuda:  18%|█▊        | 178/1000 [1:53:31<8:48:53, 38.61s/it]Training MLP on cuda:  18%|█▊        | 179/1000 [1:54:09<8:48:17, 38.61s/it]Training MLP on cuda:  18%|█▊        | 180/1000 [1:54:48<8:46:45, 38.54s/it]Training MLP on cuda:  18%|█▊        | 181/1000 [1:55:27<8:47:26, 38.64s/it]Training MLP on cuda:  18%|█▊        | 182/1000 [1:56:05<8:46:04, 38.59s/it]Training MLP on cuda:  18%|█▊        | 183/1000 [1:56:44<8:45:47, 38.61s/it]Training MLP on cuda:  18%|█▊        | 184/1000 [1:57:22<8:44:46, 38.59s/it]Training MLP on cuda:  18%|█▊        | 185/1000 [1:58:01<8:44:11, 38.59s/it]Training MLP on cuda:  19%|█▊        | 186/1000 [1:58:39<8:42:27, 38.51s/it]Training MLP on cuda:  19%|█▊        | 187/1000 [1:59:18<8:41:40, 38.50s/it]Training MLP on cuda:  19%|█▉        | 188/1000 [1:59:56<8:40:09, 38.44s/it]Training MLP on cuda:  19%|█▉        | 189/1000 [2:00:34<8:39:20, 38.42s/it]Training MLP on cuda:  19%|█▉        | 190/1000 [2:01:12<8:37:47, 38.35s/it]Training MLP on cuda:  19%|█▉        | 191/1000 [2:01:51<8:37:01, 38.35s/it]Training MLP on cuda:  19%|█▉        | 192/1000 [2:02:29<8:35:30, 38.28s/it]Training MLP on cuda:  19%|█▉        | 193/1000 [2:03:07<8:35:06, 38.30s/it]Training MLP on cuda:  19%|█▉        | 194/1000 [2:03:45<8:33:44, 38.24s/it]Training MLP on cuda:  20%|█▉        | 195/1000 [2:04:24<8:33:24, 38.27s/it]Training MLP on cuda:  20%|█▉        | 195/1000 [2:05:02<8:36:11, 38.47s/it]
Training MLP on cuda:   0%|          | 0/1000 [00:00<?, ?it/s]Training MLP on cuda:   0%|          | 1/1000 [00:37<10:32:23, 37.98s/it]Training MLP on cuda:   0%|          | 2/1000 [01:16<10:40:05, 38.48s/it]Training MLP on cuda:   0%|          | 3/1000 [01:54<10:35:25, 38.24s/it]Training MLP on cuda:   0%|          | 4/1000 [02:32<10:33:14, 38.15s/it]Training MLP on cuda:   0%|          | 5/1000 [03:12<10:39:17, 38.55s/it]Training MLP on cuda:   1%|          | 6/1000 [03:49<10:33:36, 38.25s/it]Training MLP on cuda:   1%|          | 7/1000 [04:27<10:31:59, 38.19s/it]Training MLP on cuda:   1%|          | 8/1000 [05:07<10:36:59, 38.53s/it]Training MLP on cuda:   1%|          | 9/1000 [05:44<10:32:19, 38.28s/it]Training MLP on cuda:   1%|          | 10/1000 [06:22<10:30:13, 38.20s/it]Training MLP on cuda:   1%|          | 11/1000 [07:02<10:35:06, 38.53s/it]Training MLP on cuda:   1%|          | 12/1000 [07:39<10:30:44, 38.30s/it]Training MLP on cuda:   1%|▏         | 13/1000 [08:17<10:27:47, 38.16s/it]Training MLP on cuda:   1%|▏         | 14/1000 [08:57<10:33:14, 38.53s/it]Training MLP on cuda:   2%|▏         | 15/1000 [09:34<10:29:29, 38.34s/it]Training MLP on cuda:   2%|▏         | 16/1000 [10:12<10:26:51, 38.22s/it]Training MLP on cuda:   2%|▏         | 17/1000 [10:52<10:31:49, 38.56s/it]Training MLP on cuda:   2%|▏         | 18/1000 [11:30<10:27:27, 38.34s/it]Training MLP on cuda:   2%|▏         | 19/1000 [12:07<10:24:36, 38.20s/it]Training MLP on cuda:   2%|▏         | 20/1000 [12:46<10:27:42, 38.43s/it]Training MLP on cuda:   2%|▏         | 21/1000 [13:24<10:22:37, 38.16s/it]Training MLP on cuda:   2%|▏         | 22/1000 [14:01<10:18:53, 37.97s/it]Training MLP on cuda:   2%|▏         | 23/1000 [14:40<10:22:57, 38.26s/it]Training MLP on cuda:   2%|▏         | 24/1000 [15:18<10:18:34, 38.03s/it]Training MLP on cuda:   2%|▎         | 25/1000 [15:55<10:15:42, 37.89s/it]Training MLP on cuda:   3%|▎         | 26/1000 [16:34<10:20:06, 38.20s/it]Training MLP on cuda:   3%|▎         | 27/1000 [17:12<10:16:14, 38.00s/it]Training MLP on cuda:   3%|▎         | 28/1000 [17:50<10:14:30, 37.93s/it]Training MLP on cuda:   3%|▎         | 29/1000 [18:29<10:18:41, 38.23s/it]Training MLP on cuda:   3%|▎         | 30/1000 [19:06<10:13:55, 37.98s/it]Training MLP on cuda:   3%|▎         | 31/1000 [19:44<10:11:52, 37.89s/it]Training MLP on cuda:   3%|▎         | 32/1000 [20:23<10:16:44, 38.23s/it]Training MLP on cuda:   3%|▎         | 33/1000 [21:00<10:12:40, 38.02s/it]Training MLP on cuda:   3%|▎         | 34/1000 [21:38<10:09:48, 37.88s/it]Training MLP on cuda:   4%|▎         | 35/1000 [22:17<10:14:25, 38.20s/it]Training MLP on cuda:   4%|▎         | 36/1000 [22:54<10:10:02, 37.97s/it]Training MLP on cuda:   4%|▎         | 37/1000 [23:32<10:07:03, 37.82s/it]Training MLP on cuda:   4%|▍         | 38/1000 [24:11<10:11:42, 38.15s/it]Training MLP on cuda:   4%|▍         | 39/1000 [24:48<10:08:13, 37.97s/it]Training MLP on cuda:   4%|▍         | 40/1000 [25:26<10:05:21, 37.84s/it]Training MLP on cuda:   4%|▍         | 41/1000 [26:05<10:09:58, 38.16s/it]Training MLP on cuda:   4%|▍         | 42/1000 [26:42<10:06:19, 37.97s/it]Training MLP on cuda:   4%|▍         | 43/1000 [27:20<10:04:00, 37.87s/it]Training MLP on cuda:   4%|▍         | 44/1000 [27:59<10:08:18, 38.18s/it]Training MLP on cuda:   4%|▍         | 45/1000 [28:36<10:04:13, 37.96s/it]Training MLP on cuda:   5%|▍         | 46/1000 [29:14<10:01:54, 37.86s/it]Training MLP on cuda:   5%|▍         | 47/1000 [29:53<10:06:18, 38.17s/it]Training MLP on cuda:   5%|▍         | 48/1000 [30:30<10:01:48, 37.93s/it]Training MLP on cuda:   5%|▍         | 49/1000 [31:08<9:59:54, 37.85s/it] Training MLP on cuda:   5%|▌         | 50/1000 [31:47<10:04:42, 38.19s/it]Training MLP on cuda:   5%|▌         | 51/1000 [32:24<10:00:14, 37.95s/it]Training MLP on cuda:   5%|▌         | 52/1000 [33:02<9:57:47, 37.83s/it] Training MLP on cuda:   5%|▌         | 53/1000 [33:40<10:01:59, 38.14s/it]Training MLP on cuda:   5%|▌         | 54/1000 [34:18<9:57:49, 37.92s/it] Training MLP on cuda:   6%|▌         | 55/1000 [34:55<9:55:22, 37.80s/it]Training MLP on cuda:   6%|▌         | 56/1000 [35:34<9:59:56, 38.13s/it]Training MLP on cuda:   6%|▌         | 57/1000 [36:12<9:56:14, 37.94s/it]Training MLP on cuda:   6%|▌         | 58/1000 [36:49<9:53:29, 37.80s/it]Training MLP on cuda:   6%|▌         | 59/1000 [37:28<9:58:33, 38.17s/it]Training MLP on cuda:   6%|▌         | 60/1000 [38:06<9:54:43, 37.96s/it]Training MLP on cuda:   6%|▌         | 61/1000 [38:43<9:52:26, 37.86s/it]Training MLP on cuda:   6%|▌         | 62/1000 [39:22<9:56:44, 38.17s/it]Training MLP on cuda:   6%|▋         | 63/1000 [40:00<9:52:46, 37.96s/it]Training MLP on cuda:   6%|▋         | 64/1000 [40:37<9:49:58, 37.82s/it]Training MLP on cuda:   6%|▋         | 65/1000 [41:16<9:54:41, 38.16s/it]Training MLP on cuda:   7%|▋         | 66/1000 [41:54<9:50:41, 37.95s/it]Training MLP on cuda:   7%|▋         | 67/1000 [42:31<9:48:21, 37.84s/it]Training MLP on cuda:   7%|▋        