[I 2025-05-15 03:24:14,250] Trial 0 finished with value: 0.5374864214903362 and parameters: {'threshold_scale_factor': 0.5532596218575241}. Best is trial 0 with value: 0.5374864214903362.
[I 2025-05-15 03:24:20,338] Trial 1 finished with value: 0.5179543752506526 and parameters: {'threshold_scale_factor': 0.030369627471602767}. Best is trial 0 with value: 0.5374864214903362.
[I 2025-05-15 03:24:26,424] Trial 2 finished with value: 0.5417787165180927 and parameters: {'threshold_scale_factor': 0.674201633976032}. Best is trial 2 with value: 0.5417787165180927.
[I 2025-05-15 03:24:32,498] Trial 3 finished with value: 0.5306062576954738 and parameters: {'threshold_scale_factor': 0.3791961482987082}. Best is trial 2 with value: 0.5417787165180927.
[I 2025-05-15 03:24:38,559] Trial 4 finished with value: 0.5425432191882023 and parameters: {'threshold_scale_factor': 0.6976220000680351}. Best is trial 4 with value: 0.5425432191882023.
[I 2025-05-15 03:24:44,635] Trial 5 finished with value: 0.5370083571966312 and parameters: {'threshold_scale_factor': 0.5409538998049729}. Best is trial 4 with value: 0.5425432191882023.
[I 2025-05-15 03:24:50,718] Trial 6 finished with value: 0.546388506216184 and parameters: {'threshold_scale_factor': 0.9539563765887242}. Best is trial 6 with value: 0.546388506216184.
[I 2025-05-15 03:24:56,793] Trial 7 finished with value: 0.5291010997051975 and parameters: {'threshold_scale_factor': 0.3412361057064829}. Best is trial 6 with value: 0.546388506216184.
[I 2025-05-15 03:25:03,043] Trial 8 finished with value: 0.5201275010729689 and parameters: {'threshold_scale_factor': 0.09982429453915564}. Best is trial 6 with value: 0.546388506216184.
[I 2025-05-15 03:25:09,127] Trial 9 finished with value: 0.5462057862927341 and parameters: {'threshold_scale_factor': 0.8751273423557744}. Best is trial 6 with value: 0.546388506216184.
[I 2025-05-15 03:25:15,240] Trial 10 finished with value: 0.5464403689605921 and parameters: {'threshold_scale_factor': 0.9339062475162133}. Best is trial 10 with value: 0.5464403689605921.
[I 2025-05-15 03:25:21,286] Trial 11 finished with value: 0.5461732989045163 and parameters: {'threshold_scale_factor': 0.9909362533033904}. Best is trial 10 with value: 0.5464403689605921.
[I 2025-05-15 03:25:27,374] Trial 12 finished with value: 0.5461035172273077 and parameters: {'threshold_scale_factor': 0.9991617317404721}. Best is trial 10 with value: 0.5464403689605921.
[I 2025-05-15 03:25:33,473] Trial 13 finished with value: 0.545477599926827 and parameters: {'threshold_scale_factor': 0.8164907525039788}. Best is trial 10 with value: 0.5464403689605921.
[I 2025-05-15 03:25:39,573] Trial 14 finished with value: 0.5457357935396717 and parameters: {'threshold_scale_factor': 0.8354526068314191}. Best is trial 10 with value: 0.5464403689605921.
[I 2025-05-15 03:25:45,673] Trial 15 finished with value: 0.5428321482596796 and parameters: {'threshold_scale_factor': 0.7100536856850832}. Best is trial 10 with value: 0.5464403689605921.
[I 2025-05-15 03:25:51,787] Trial 16 finished with value: 0.5464415833503367 and parameters: {'threshold_scale_factor': 0.9258609967457134}. Best is trial 16 with value: 0.5464415833503367.
[I 2025-05-15 03:25:57,884] Trial 17 finished with value: 0.5254920178148019 and parameters: {'threshold_scale_factor': 0.24640890074470456}. Best is trial 16 with value: 0.5464415833503367.
[I 2025-05-15 03:26:03,996] Trial 18 finished with value: 0.5446753737801575 and parameters: {'threshold_scale_factor': 0.7799670720028974}. Best is trial 16 with value: 0.5464415833503367.
[I 2025-05-15 03:26:10,101] Trial 19 finished with value: 0.5396841672002195 and parameters: {'threshold_scale_factor': 0.6139317009003229}. Best is trial 16 with value: 0.5464415833503367.
[I 2025-05-15 03:26:16,201] Trial 20 finished with value: 0.5463819136136889 and parameters: {'threshold_scale_factor': 0.900406741523178}. Best is trial 16 with value: 0.5464415833503367.
[I 2025-05-15 03:26:22,305] Trial 21 finished with value: 0.5464405758149287 and parameters: {'threshold_scale_factor': 0.9291804418774848}. Best is trial 16 with value: 0.5464415833503367.
[I 2025-05-15 03:26:28,399] Trial 22 finished with value: 0.5441121572655827 and parameters: {'threshold_scale_factor': 0.7593767579836828}. Best is trial 16 with value: 0.5464415833503367.
[I 2025-05-15 03:26:34,497] Trial 23 finished with value: 0.546440840363332 and parameters: {'threshold_scale_factor': 0.918203863900824}. Best is trial 16 with value: 0.5464415833503367.
[I 2025-05-15 03:26:40,745] Trial 24 finished with value: 0.5462185535675338 and parameters: {'threshold_scale_factor': 0.8764556037346777}. Best is trial 16 with value: 0.5464415833503367.
[I 2025-05-15 03:26:46,824] Trial 25 finished with value: 0.531563638666282 and parameters: {'threshold_scale_factor': 0.40206776344766665}. Best is trial 16 with value: 0.5464415833503367.
[I 2025-05-15 03:26:52,931] Trial 26 finished with value: 0.5402617931597352 and parameters: {'threshold_scale_factor': 0.6306845034547395}. Best is trial 16 with value: 0.5464415833503367.
[I 2025-05-15 03:26:59,024] Trial 27 finished with value: 0.5445786771172667 and parameters: {'threshold_scale_factor': 0.776144993671154}. Best is trial 16 with value: 0.5464415833503367.
[I 2025-05-15 03:27:05,123] Trial 28 finished with value: 0.5462401733636346 and parameters: {'threshold_scale_factor': 0.8795656121550357}. Best is trial 16 with value: 0.5464415833503367.
[I 2025-05-15 03:27:11,226] Trial 29 finished with value: 0.5362527506701658 and parameters: {'threshold_scale_factor': 0.5221730391175987}. Best is trial 16 with value: 0.5464415833503367.
[I 2025-05-15 03:27:17,334] Trial 30 finished with value: 0.5463829661786124 and parameters: {'threshold_scale_factor': 0.9549602779870412}. Best is trial 16 with value: 0.5464415833503367.
[I 2025-05-15 03:27:23,440] Trial 31 finished with value: 0.5464248689570743 and parameters: {'threshold_scale_factor': 0.9373473218704409}. Best is trial 16 with value: 0.5464415833503367.
[I 2025-05-15 03:27:29,555] Trial 32 finished with value: 0.5458111448050715 and parameters: {'threshold_scale_factor': 0.841997687834078}. Best is trial 16 with value: 0.5464415833503367.
[I 2025-05-15 03:27:35,673] Trial 33 finished with value: 0.5464411541627676 and parameters: {'threshold_scale_factor': 0.9254398375175755}. Best is trial 16 with value: 0.5464415833503367.
[I 2025-05-15 03:27:41,773] Trial 34 finished with value: 0.5441971729907338 and parameters: {'threshold_scale_factor': 0.762048363003339}. Best is trial 16 with value: 0.5464415833503367.
[I 2025-05-15 03:27:47,887] Trial 35 finished with value: 0.5396050841137277 and parameters: {'threshold_scale_factor': 0.6116482076855703}. Best is trial 16 with value: 0.5464415833503367.
[I 2025-05-15 03:27:53,989] Trial 36 finished with value: 0.5428636027833869 and parameters: {'threshold_scale_factor': 0.7114616657746669}. Best is trial 16 with value: 0.5464415833503367.
[I 2025-05-15 03:28:00,106] Trial 37 finished with value: 0.5331268959888551 and parameters: {'threshold_scale_factor': 0.4435429247494755}. Best is trial 16 with value: 0.5464415833503367.
[I 2025-05-15 03:28:06,206] Trial 38 finished with value: 0.5464255542500124 and parameters: {'threshold_scale_factor': 0.911219983832845}. Best is trial 16 with value: 0.5464415833503367.
[I 2025-05-15 03:28:12,315] Trial 39 finished with value: 0.5461635894152495 and parameters: {'threshold_scale_factor': 0.9925780082176332}. Best is trial 16 with value: 0.5464415833503367.
[I 2025-05-15 03:28:18,421] Trial 40 finished with value: 0.5455892041736732 and parameters: {'threshold_scale_factor': 0.8233428413899105}. Best is trial 16 with value: 0.5464415833503367.
[I 2025-05-15 03:28:24,684] Trial 41 finished with value: 0.5464235856158842 and parameters: {'threshold_scale_factor': 0.9377691453869007}. Best is trial 16 with value: 0.5464415833503367.
[I 2025-05-15 03:28:30,798] Trial 42 finished with value: 0.5464206516615188 and parameters: {'threshold_scale_factor': 0.9411684276564194}. Best is trial 16 with value: 0.5464415833503367.
[I 2025-05-15 03:28:36,918] Trial 43 finished with value: 0.5460720711466345 and parameters: {'threshold_scale_factor': 0.8637897683259524}. Best is trial 16 with value: 0.5464415833503367.
[I 2025-05-15 03:28:43,019] Trial 44 finished with value: 0.5254832820888067 and parameters: {'threshold_scale_factor': 0.24616460121159411}. Best is trial 16 with value: 0.5464415833503367.
[I 2025-05-15 03:28:49,125] Trial 45 finished with value: 0.5463190327097214 and parameters: {'threshold_scale_factor': 0.968328712423942}. Best is trial 16 with value: 0.5464415833503367.
[I 2025-05-15 03:28:55,220] Trial 46 finished with value: 0.5450945113242196 and parameters: {'threshold_scale_factor': 0.7999622294264801}. Best is trial 16 with value: 0.5464415833503367.
[I 2025-05-15 03:29:01,337] Trial 47 finished with value: 0.5463422651253439 and parameters: {'threshold_scale_factor': 0.8951545573978743}. Best is trial 16 with value: 0.5464415833503367.
[I 2025-05-15 03:29:07,450] Trial 48 finished with value: 0.5414837295696163 and parameters: {'threshold_scale_factor': 0.6666067097616066}. Best is trial 16 with value: 0.5464415833503367.
[I 2025-05-15 03:29:13,541] Trial 49 finished with value: 0.519319877013136 and parameters: {'threshold_scale_factor': 0.07545289230729602}. Best is trial 16 with value: 0.5464415833503367.
[I 2025-05-15 03:29:19,636] Trial 50 finished with value: 0.5433567055280766 and parameters: {'threshold_scale_factor': 0.731143015453683}. Best is trial 16 with value: 0.5464415833503367.
[I 2025-05-15 03:29:25,734] Trial 51 finished with value: 0.5464396133090361 and parameters: {'threshold_scale_factor': 0.9163782492306278}. Best is trial 16 with value: 0.5464415833503367.
[I 2025-05-15 03:29:31,827] Trial 52 finished with value: 0.5464343209337996 and parameters: {'threshold_scale_factor': 0.9146779046377492}. Best is trial 16 with value: 0.5464415833503367.
[I 2025-05-15 03:29:37,903] Trial 53 finished with value: 0.5461317887271422 and parameters: {'threshold_scale_factor': 0.9963379286852616}. Best is trial 16 with value: 0.5464415833503367.
[I 2025-05-15 03:29:44,024] Trial 54 finished with value: 0.5458697408692104 and parameters: {'threshold_scale_factor': 0.846804347596169}. Best is trial 16 with value: 0.5464415833503367.
[I 2025-05-15 03:29:50,117] Trial 55 finished with value: 0.5464373702762982 and parameters: {'threshold_scale_factor': 0.9155296561013005}. Best is trial 16 with value: 0.5464415833503367.
[I 2025-05-15 03:29:56,224] Trial 56 finished with value: 0.5463288027073996 and parameters: {'threshold_scale_factor': 0.9665296483441266}. Best is trial 16 with value: 0.5464415833503367.
[I 2025-05-15 03:30:02,331] Trial 57 finished with value: 0.5453427210491877 and parameters: {'threshold_scale_factor': 0.8104749762966945}. Best is trial 16 with value: 0.5464415833503367.
[I 2025-05-15 03:30:08,596] Trial 58 finished with value: 0.5461147098762391 and parameters: {'threshold_scale_factor': 0.8678474295296242}. Best is trial 16 with value: 0.5464415833503367.
[I 2025-05-15 03:30:14,718] Trial 59 finished with value: 0.5463408396597457 and parameters: {'threshold_scale_factor': 0.9640306138354415}. Best is trial 16 with value: 0.5464415833503367.
[I 2025-05-15 03:30:20,763] Trial 60 finished with value: 0.5464153044065603 and parameters: {'threshold_scale_factor': 0.9080692524315571}. Best is trial 16 with value: 0.5464415833503367.
[I 2025-05-15 03:30:26,836] Trial 61 finished with value: 0.546441140091044 and parameters: {'threshold_scale_factor': 0.9285994853528448}. Best is trial 16 with value: 0.5464415833503367.
[I 2025-05-15 03:30:32,954] Trial 62 finished with value: 0.5460614526240246 and parameters: {'threshold_scale_factor': 0.8627910253183446}. Best is trial 16 with value: 0.5464415833503367.
[I 2025-05-15 03:30:39,056] Trial 63 finished with value: 0.5464386761322461 and parameters: {'threshold_scale_factor': 0.9302557754054527}. Best is trial 16 with value: 0.5464415833503367.
[I 2025-05-15 03:30:45,170] Trial 64 finished with value: 0.5457232879989306 and parameters: {'threshold_scale_factor': 0.8343532111262685}. Best is trial 16 with value: 0.5464415833503367.
[I 2025-05-15 03:30:51,290] Trial 65 finished with value: 0.5461021170908119 and parameters: {'threshold_scale_factor': 0.9992662627167883}. Best is trial 16 with value: 0.5464415833503367.
[I 2025-05-15 03:30:57,401] Trial 66 finished with value: 0.5449666331290588 and parameters: {'threshold_scale_factor': 0.7944681807306738}. Best is trial 16 with value: 0.5464415833503367.
[I 2025-05-15 03:31:03,481] Trial 67 finished with value: 0.5436199030458245 and parameters: {'threshold_scale_factor': 0.739887795650685}. Best is trial 16 with value: 0.5464415833503367.
[I 2025-05-15 03:31:09,576] Trial 68 finished with value: 0.5463583899133886 and parameters: {'threshold_scale_factor': 0.89743627005101}. Best is trial 16 with value: 0.5464415833503367.
[I 2025-05-15 03:31:15,664] Trial 69 finished with value: 0.5463105784181976 and parameters: {'threshold_scale_factor': 0.9697023372502657}. Best is trial 16 with value: 0.5464415833503367.
[I 2025-05-15 03:31:21,781] Trial 70 finished with value: 0.5461392636267054 and parameters: {'threshold_scale_factor': 0.8701003256605016}. Best is trial 16 with value: 0.5464415833503367.
[I 2025-05-15 03:31:27,865] Trial 71 finished with value: 0.5464386550246607 and parameters: {'threshold_scale_factor': 0.9343257090405996}. Best is trial 16 with value: 0.5464415833503367.
[I 2025-05-15 03:31:33,966] Trial 72 finished with value: 0.5464405321925856 and parameters: {'threshold_scale_factor': 0.9169353761084059}. Best is trial 16 with value: 0.5464415833503367.
[I 2025-05-15 03:31:40,053] Trial 73 finished with value: 0.5463896713548959 and parameters: {'threshold_scale_factor': 0.9536427558065658}. Best is trial 16 with value: 0.5464415833503367.
[I 2025-05-15 03:31:46,329] Trial 74 finished with value: 0.5462998163640074 and parameters: {'threshold_scale_factor': 0.8882639357840538}. Best is trial 16 with value: 0.5464415833503367.
[I 2025-05-15 03:31:52,432] Trial 75 finished with value: 0.5458666507187133 and parameters: {'threshold_scale_factor': 0.8465328254494799}. Best is trial 16 with value: 0.5464415833503367.
[I 2025-05-15 03:31:58,540] Trial 76 finished with value: 0.5464403140808702 and parameters: {'threshold_scale_factor': 0.9278500754739708}. Best is trial 16 with value: 0.5464415833503367.
[I 2025-05-15 03:32:04,649] Trial 77 finished with value: 0.5280615792695368 and parameters: {'threshold_scale_factor': 0.31430903102128516}. Best is trial 16 with value: 0.5464415833503367.
[I 2025-05-15 03:32:10,769] Trial 78 finished with value: 0.5462566780882157 and parameters: {'threshold_scale_factor': 0.9790480938015916}. Best is trial 16 with value: 0.5464415833503367.
[I 2025-05-15 03:32:16,888] Trial 79 finished with value: 0.546415598505583 and parameters: {'threshold_scale_factor': 0.9450082903265186}. Best is trial 16 with value: 0.5464415833503367.
[I 2025-05-15 03:32:22,991] Trial 80 finished with value: 0.5455248555889368 and parameters: {'threshold_scale_factor': 0.8190530280976973}. Best is trial 16 with value: 0.5464415833503367.
[I 2025-05-15 03:32:29,104] Trial 81 finished with value: 0.5463194717474971 and parameters: {'threshold_scale_factor': 0.8921113066324514}. Best is trial 16 with value: 0.5464415833503367.
[I 2025-05-15 03:32:35,221] Trial 82 finished with value: 0.5464418183481204 and parameters: {'threshold_scale_factor': 0.9258002263474023}. Best is trial 82 with value: 0.5464418183481204.
[I 2025-05-15 03:32:41,338] Trial 83 finished with value: 0.5339928881509052 and parameters: {'threshold_scale_factor': 0.4684013928021657}. Best is trial 82 with value: 0.5464418183481204.
[I 2025-05-15 03:32:47,434] Trial 84 finished with value: 0.5464033687706239 and parameters: {'threshold_scale_factor': 0.9495174008272455}. Best is trial 82 with value: 0.5464418183481204.
[I 2025-05-15 03:32:53,562] Trial 85 finished with value: 0.5464402957876295 and parameters: {'threshold_scale_factor': 0.9224314547498429}. Best is trial 82 with value: 0.5464418183481204.
[I 2025-05-15 03:32:59,674] Trial 86 finished with value: 0.5458935530398441 and parameters: {'threshold_scale_factor': 0.8488242459348161}. Best is trial 82 with value: 0.5464418183481204.
[I 2025-05-15 03:33:05,783] Trial 87 finished with value: 0.5447226688430933 and parameters: {'threshold_scale_factor': 0.7821719585458512}. Best is trial 82 with value: 0.5464418183481204.
[I 2025-05-15 03:33:11,915] Trial 88 finished with value: 0.5462912987497274 and parameters: {'threshold_scale_factor': 0.8870522347128985}. Best is trial 82 with value: 0.5464418183481204.
[I 2025-05-15 03:33:18,022] Trial 89 finished with value: 0.5462580697816771 and parameters: {'threshold_scale_factor': 0.9788103881145946}. Best is trial 82 with value: 0.5464418183481204.
[I 2025-05-15 03:33:24,121] Trial 90 finished with value: 0.5464397047752394 and parameters: {'threshold_scale_factor': 0.9228766563062927}. Best is trial 82 with value: 0.5464418183481204.
[I 2025-05-15 03:33:30,411] Trial 91 finished with value: 0.5464402254290117 and parameters: {'threshold_scale_factor': 0.9294578386712017}. Best is trial 82 with value: 0.5464418183481204.
[I 2025-05-15 03:33:36,510] Trial 92 finished with value: 0.5383128270796248 and parameters: {'threshold_scale_factor': 0.5759104057441458}. Best is trial 82 with value: 0.5464418183481204.
[I 2025-05-15 03:33:42,621] Trial 93 finished with value: 0.5464027594649931 and parameters: {'threshold_scale_factor': 0.9047095714207138}. Best is trial 82 with value: 0.5464418183481204.
[I 2025-05-15 03:33:48,732] Trial 94 finished with value: 0.5463697570516924 and parameters: {'threshold_scale_factor': 0.9584364233003543}. Best is trial 82 with value: 0.5464418183481204.
[I 2025-05-15 03:33:54,849] Trial 95 finished with value: 0.5461433148759226 and parameters: {'threshold_scale_factor': 0.8704845561794319}. Best is trial 82 with value: 0.5464418183481204.
[I 2025-05-15 03:34:00,962] Trial 96 finished with value: 0.5220300923808652 and parameters: {'threshold_scale_factor': 0.15219242219801177}. Best is trial 82 with value: 0.5464418183481204.
[I 2025-05-15 03:34:07,080] Trial 97 finished with value: 0.5456372295590626 and parameters: {'threshold_scale_factor': 0.8272817024156061}. Best is trial 82 with value: 0.5464418183481204.
[I 2025-05-15 03:34:13,184] Trial 98 finished with value: 0.5462716504020995 and parameters: {'threshold_scale_factor': 0.9766531041487537}. Best is trial 82 with value: 0.5464418183481204.
