[I 2025-05-15 03:11:42,904] Trial 0 finished with value: 0.5460260312814416 and parameters: {'interp_param': 0.936005712388086}. Best is trial 0 with value: 0.5460260312814416.
[I 2025-05-15 03:11:50,407] Trial 1 finished with value: 0.5341231810538314 and parameters: {'interp_param': 0.2842190477120482}. Best is trial 0 with value: 0.5460260312814416.
[I 2025-05-15 03:11:57,897] Trial 2 finished with value: 0.5419940040385847 and parameters: {'interp_param': 0.6734827142904267}. Best is trial 0 with value: 0.5460260312814416.
[I 2025-05-15 03:12:05,429] Trial 3 finished with value: 0.5459342963082834 and parameters: {'interp_param': 0.9286178026224639}. Best is trial 0 with value: 0.5460260312814416.
[I 2025-05-15 03:12:13,119] Trial 4 finished with value: 0.5421267946724455 and parameters: {'interp_param': 0.6811231459804091}. Best is trial 0 with value: 0.5460260312814416.
[I 2025-05-15 03:12:20,642] Trial 5 finished with value: 0.5372927087364295 and parameters: {'interp_param': 0.4437134210160232}. Best is trial 0 with value: 0.5460260312814416.
[I 2025-05-15 03:12:28,160] Trial 6 finished with value: 0.5423119208606265 and parameters: {'interp_param': 0.6929285530779542}. Best is trial 0 with value: 0.5460260312814416.
[I 2025-05-15 03:12:35,675] Trial 7 finished with value: 0.5317584574576617 and parameters: {'interp_param': 0.1693349779229184}. Best is trial 0 with value: 0.5460260312814416.
[I 2025-05-15 03:12:43,199] Trial 8 finished with value: 0.5368794208078577 and parameters: {'interp_param': 0.42328717848188}. Best is trial 0 with value: 0.5460260312814416.
[I 2025-05-15 03:12:50,704] Trial 9 finished with value: 0.5301813338586777 and parameters: {'interp_param': 0.08293865210338369}. Best is trial 0 with value: 0.5460260312814416.
[I 2025-05-15 03:12:58,233] Trial 10 finished with value: 0.5462383623328103 and parameters: {'interp_param': 0.9707232650001977}. Best is trial 10 with value: 0.5462383623328103.
[I 2025-05-15 03:13:05,760] Trial 11 finished with value: 0.5459036790521288 and parameters: {'interp_param': 0.9241808166764284}. Best is trial 10 with value: 0.5462383623328103.
[I 2025-05-15 03:13:13,304] Trial 12 finished with value: 0.5462341183009801 and parameters: {'interp_param': 0.9751387005252485}. Best is trial 10 with value: 0.5462383623328103.
[I 2025-05-15 03:13:20,829] Trial 13 finished with value: 0.5440075635514217 and parameters: {'interp_param': 0.786503824172577}. Best is trial 10 with value: 0.5462383623328103.
[I 2025-05-15 03:13:28,348] Trial 14 finished with value: 0.5445788079842959 and parameters: {'interp_param': 0.8217058352007248}. Best is trial 10 with value: 0.5462383623328103.
[I 2025-05-15 03:13:35,881] Trial 15 finished with value: 0.544338703572107 and parameters: {'interp_param': 0.8098584640444924}. Best is trial 10 with value: 0.5462383623328103.
[I 2025-05-15 03:13:43,423] Trial 16 finished with value: 0.546238455206186 and parameters: {'interp_param': 0.9944572927625533}. Best is trial 16 with value: 0.546238455206186.
[I 2025-05-15 03:13:50,968] Trial 17 finished with value: 0.5395564494227076 and parameters: {'interp_param': 0.5550858717389116}. Best is trial 16 with value: 0.546238455206186.
[I 2025-05-15 03:13:58,655] Trial 18 finished with value: 0.5395853949581014 and parameters: {'interp_param': 0.5561686094277847}. Best is trial 16 with value: 0.546238455206186.
[I 2025-05-15 03:14:06,174] Trial 19 finished with value: 0.5461759514244102 and parameters: {'interp_param': 0.989581010134307}. Best is trial 16 with value: 0.546238455206186.
[I 2025-05-15 03:14:13,722] Trial 20 finished with value: 0.5448424178035447 and parameters: {'interp_param': 0.8346564005114001}. Best is trial 16 with value: 0.546238455206186.
[I 2025-05-15 03:14:21,275] Trial 21 finished with value: 0.5461828620478579 and parameters: {'interp_param': 0.9903151359514223}. Best is trial 16 with value: 0.546238455206186.
[I 2025-05-15 03:14:28,826] Trial 22 finished with value: 0.5456160051783943 and parameters: {'interp_param': 0.8917549653649899}. Best is trial 16 with value: 0.546238455206186.
[I 2025-05-15 03:14:36,355] Trial 23 finished with value: 0.5431875493389808 and parameters: {'interp_param': 0.7421591050608303}. Best is trial 16 with value: 0.546238455206186.
[I 2025-05-15 03:14:43,889] Trial 24 finished with value: 0.5462377094048365 and parameters: {'interp_param': 0.99543775904869}. Best is trial 16 with value: 0.546238455206186.
[I 2025-05-15 03:14:51,416] Trial 25 finished with value: 0.545396583385516 and parameters: {'interp_param': 0.8715614829734346}. Best is trial 16 with value: 0.546238455206186.
[I 2025-05-15 03:14:58,955] Trial 26 finished with value: 0.5347848123887454 and parameters: {'interp_param': 0.3173690230086609}. Best is trial 16 with value: 0.546238455206186.
[I 2025-05-15 03:15:06,494] Trial 27 finished with value: 0.5408597682387127 and parameters: {'interp_param': 0.6149559352783647}. Best is trial 16 with value: 0.546238455206186.
[I 2025-05-15 03:15:14,034] Trial 28 finished with value: 0.545280685855807 and parameters: {'interp_param': 0.8643398658265945}. Best is trial 16 with value: 0.546238455206186.
[I 2025-05-15 03:15:21,597] Trial 29 finished with value: 0.543165885920537 and parameters: {'interp_param': 0.7409234721026929}. Best is trial 16 with value: 0.546238455206186.
[I 2025-05-15 03:15:29,103] Trial 30 finished with value: 0.5460256189799406 and parameters: {'interp_param': 0.9359653549477174}. Best is trial 16 with value: 0.546238455206186.
[I 2025-05-15 03:15:36,608] Trial 31 finished with value: 0.546234149258772 and parameters: {'interp_param': 0.9842275015648341}. Best is trial 16 with value: 0.546238455206186.
[I 2025-05-15 03:15:44,100] Trial 32 finished with value: 0.5461687101154584 and parameters: {'interp_param': 0.9888510123459113}. Best is trial 16 with value: 0.546238455206186.
[I 2025-05-15 03:15:51,763] Trial 33 finished with value: 0.5457579987194732 and parameters: {'interp_param': 0.9084866005714151}. Best is trial 16 with value: 0.546238455206186.
[I 2025-05-15 03:15:59,261] Trial 34 finished with value: 0.5462078872010638 and parameters: {'interp_param': 0.9971539563197089}. Best is trial 16 with value: 0.546238455206186.
[I 2025-05-15 03:16:06,756] Trial 35 finished with value: 0.5435387190510029 and parameters: {'interp_param': 0.7599594325953721}. Best is trial 16 with value: 0.546238455206186.
[I 2025-05-15 03:16:14,263] Trial 36 finished with value: 0.5454396104946915 and parameters: {'interp_param': 0.8745195806288505}. Best is trial 16 with value: 0.546238455206186.
[I 2025-05-15 03:16:21,771] Trial 37 finished with value: 0.5460484616088201 and parameters: {'interp_param': 0.9379326388501934}. Best is trial 16 with value: 0.546238455206186.
[I 2025-05-15 03:16:29,262] Trial 38 finished with value: 0.545944135257407 and parameters: {'interp_param': 0.9299347295482163}. Best is trial 16 with value: 0.546238455206186.
[I 2025-05-15 03:16:36,752] Trial 39 finished with value: 0.5288388984654786 and parameters: {'interp_param': 0.0006433779062469114}. Best is trial 16 with value: 0.546238455206186.
[I 2025-05-15 03:16:44,272] Trial 40 finished with value: 0.5349736844697422 and parameters: {'interp_param': 0.3261834798120828}. Best is trial 16 with value: 0.546238455206186.
[I 2025-05-15 03:16:51,760] Trial 41 finished with value: 0.5462506891626621 and parameters: {'interp_param': 0.9511051874047376}. Best is trial 41 with value: 0.5462506891626621.
[I 2025-05-15 03:16:59,249] Trial 42 finished with value: 0.5462035742177881 and parameters: {'interp_param': 0.9466602379669251}. Best is trial 41 with value: 0.5462506891626621.
[I 2025-05-15 03:17:06,752] Trial 43 finished with value: 0.5450848313855723 and parameters: {'interp_param': 0.8499372051862305}. Best is trial 41 with value: 0.5462506891626621.
[I 2025-05-15 03:17:14,244] Trial 44 finished with value: 0.546247599012165 and parameters: {'interp_param': 0.9507343563879982}. Best is trial 41 with value: 0.5462506891626621.
[I 2025-05-15 03:17:21,753] Trial 45 finished with value: 0.5422251335054773 and parameters: {'interp_param': 0.6872936373516526}. Best is trial 41 with value: 0.5462506891626621.
[I 2025-05-15 03:17:29,251] Trial 46 finished with value: 0.5457228391109485 and parameters: {'interp_param': 0.9040099237047813}. Best is trial 41 with value: 0.5462506891626621.
[I 2025-05-15 03:17:36,745] Trial 47 finished with value: 0.5439854836099599 and parameters: {'interp_param': 0.7850174682773183}. Best is trial 41 with value: 0.5462506891626621.
[I 2025-05-15 03:17:44,426] Trial 48 finished with value: 0.532891647728472 and parameters: {'interp_param': 0.22859292459044167}. Best is trial 41 with value: 0.5462506891626621.
[I 2025-05-15 03:17:51,941] Trial 49 finished with value: 0.5462761885329525 and parameters: {'interp_param': 0.9569335339187072}. Best is trial 49 with value: 0.5462761885329525.
[I 2025-05-15 03:17:59,467] Trial 50 finished with value: 0.5444985470945408 and parameters: {'interp_param': 0.8181010612631764}. Best is trial 49 with value: 0.5462761885329525.
[I 2025-05-15 03:18:06,986] Trial 51 finished with value: 0.5459234723385094 and parameters: {'interp_param': 0.9266543893804313}. Best is trial 49 with value: 0.5462761885329525.
[I 2025-05-15 03:18:14,505] Trial 52 finished with value: 0.5462814330643289 and parameters: {'interp_param': 0.9589275761955312}. Best is trial 52 with value: 0.5462814330643289.
[I 2025-05-15 03:18:22,031] Trial 53 finished with value: 0.5462600707807695 and parameters: {'interp_param': 0.9523655886810711}. Best is trial 52 with value: 0.5462814330643289.
[I 2025-05-15 03:18:29,525] Trial 54 finished with value: 0.5462710748686053 and parameters: {'interp_param': 0.9542720680128377}. Best is trial 52 with value: 0.5462814330643289.
[I 2025-05-15 03:18:37,021] Trial 55 finished with value: 0.537008462734558 and parameters: {'interp_param': 0.4299770910554144}. Best is trial 52 with value: 0.5462814330643289.
[I 2025-05-15 03:18:44,531] Trial 56 finished with value: 0.5462714927987955 and parameters: {'interp_param': 0.9543456446278437}. Best is trial 52 with value: 0.5462814330643289.
[I 2025-05-15 03:18:52,056] Trial 57 finished with value: 0.5456257723617277 and parameters: {'interp_param': 0.8926252345703724}. Best is trial 52 with value: 0.5462814330643289.
[I 2025-05-15 03:18:59,575] Trial 58 finished with value: 0.5449640157884739 and parameters: {'interp_param': 0.8422380460686594}. Best is trial 52 with value: 0.5462814330643289.
[I 2025-05-15 03:19:07,064] Trial 59 finished with value: 0.5440985879025393 and parameters: {'interp_param': 0.7933431402707333}. Best is trial 52 with value: 0.5462814330643289.
[I 2025-05-15 03:19:14,573] Trial 60 finished with value: 0.5416512365527092 and parameters: {'interp_param': 0.6541775778783672}. Best is trial 52 with value: 0.5462814330643289.
[I 2025-05-15 03:19:22,112] Trial 61 finished with value: 0.5462139633713036 and parameters: {'interp_param': 0.9476377392861007}. Best is trial 52 with value: 0.5462814330643289.
[I 2025-05-15 03:19:29,646] Trial 62 finished with value: 0.5462771777751197 and parameters: {'interp_param': 0.9574299522250322}. Best is trial 52 with value: 0.5462814330643289.
[I 2025-05-15 03:19:37,326] Trial 63 finished with value: 0.5456310267433107 and parameters: {'interp_param': 0.8932642946557594}. Best is trial 52 with value: 0.5462814330643289.
[I 2025-05-15 03:19:44,844] Trial 64 finished with value: 0.5452169550197355 and parameters: {'interp_param': 0.860233068348855}. Best is trial 52 with value: 0.5462814330643289.
[I 2025-05-15 03:19:52,341] Trial 65 finished with value: 0.5462983247613085 and parameters: {'interp_param': 0.9609995932825457}. Best is trial 65 with value: 0.5462983247613085.
[I 2025-05-15 03:19:59,857] Trial 66 finished with value: 0.5462574604760464 and parameters: {'interp_param': 0.9681966073636673}. Best is trial 65 with value: 0.5462983247613085.
[I 2025-05-15 03:20:07,369] Trial 67 finished with value: 0.5457778567357823 and parameters: {'interp_param': 0.9101732212372011}. Best is trial 65 with value: 0.5462983247613085.
[I 2025-05-15 03:20:14,895] Trial 68 finished with value: 0.5463009646166511 and parameters: {'interp_param': 0.9621733858960182}. Best is trial 68 with value: 0.5463009646166511.
[I 2025-05-15 03:20:22,374] Trial 69 finished with value: 0.5385617643127019 and parameters: {'interp_param': 0.5095797984434806}. Best is trial 68 with value: 0.5463009646166511.
[I 2025-05-15 03:20:29,891] Trial 70 finished with value: 0.5455209450569554 and parameters: {'interp_param': 0.8808287690531159}. Best is trial 68 with value: 0.5463009646166511.
[I 2025-05-15 03:20:37,415] Trial 71 finished with value: 0.5462701714639517 and parameters: {'interp_param': 0.9669048760910007}. Best is trial 68 with value: 0.5463009646166511.
[I 2025-05-15 03:20:44,954] Trial 72 finished with value: 0.5462287161662998 and parameters: {'interp_param': 0.9725662662058612}. Best is trial 68 with value: 0.5463009646166511.
[I 2025-05-15 03:20:52,454] Trial 73 finished with value: 0.5458225611944079 and parameters: {'interp_param': 0.914843824296466}. Best is trial 68 with value: 0.5463009646166511.
[I 2025-05-15 03:20:59,972] Trial 74 finished with value: 0.5446906725580283 and parameters: {'interp_param': 0.8269389460792749}. Best is trial 68 with value: 0.5463009646166511.
[I 2025-05-15 03:21:07,475] Trial 75 finished with value: 0.5462280055442591 and parameters: {'interp_param': 0.9728105200332401}. Best is trial 68 with value: 0.5463009646166511.
[I 2025-05-15 03:21:14,975] Trial 76 finished with value: 0.5461545469256802 and parameters: {'interp_param': 0.9982182831247277}. Best is trial 68 with value: 0.5463009646166511.
[I 2025-05-15 03:21:22,619] Trial 77 finished with value: 0.5458680044185212 and parameters: {'interp_param': 0.9196584919349436}. Best is trial 68 with value: 0.5463009646166511.
[I 2025-05-15 03:21:30,123] Trial 78 finished with value: 0.5454040526563896 and parameters: {'interp_param': 0.8719966756945445}. Best is trial 68 with value: 0.5463009646166511.
[I 2025-05-15 03:21:37,637] Trial 79 finished with value: 0.5462951290728845 and parameters: {'interp_param': 0.9638213991526009}. Best is trial 68 with value: 0.5463009646166511.
[I 2025-05-15 03:21:45,153] Trial 80 finished with value: 0.5460999064230383 and parameters: {'interp_param': 0.9998594044092471}. Best is trial 68 with value: 0.5463009646166511.
[I 2025-05-15 03:21:52,661] Trial 81 finished with value: 0.5462848313855723 and parameters: {'interp_param': 0.9653691548582146}. Best is trial 68 with value: 0.5463009646166511.
[I 2025-05-15 03:22:00,169] Trial 82 finished with value: 0.5459785701721676 and parameters: {'interp_param': 0.9329931381398758}. Best is trial 68 with value: 0.5463009646166511.
[I 2025-05-15 03:22:07,715] Trial 83 finished with value: 0.5462959072391982 and parameters: {'interp_param': 0.9637465836634604}. Best is trial 68 with value: 0.5463009646166511.
[I 2025-05-15 03:22:15,234] Trial 84 finished with value: 0.545642143404935 and parameters: {'interp_param': 0.8943681501269266}. Best is trial 68 with value: 0.5463009646166511.
[I 2025-05-15 03:22:22,726] Trial 85 finished with value: 0.5450709425944037 and parameters: {'interp_param': 0.8490370236626755}. Best is trial 68 with value: 0.5463009646166511.
[I 2025-05-15 03:22:30,251] Trial 86 finished with value: 0.5462637814942763 and parameters: {'interp_param': 0.9675924863522055}. Best is trial 68 with value: 0.5463009646166511.
[I 2025-05-15 03:22:37,755] Trial 87 finished with value: 0.5358361601080708 and parameters: {'interp_param': 0.3699897753702559}. Best is trial 68 with value: 0.5463009646166511.
[I 2025-05-15 03:22:45,285] Trial 88 finished with value: 0.5458864552624728 and parameters: {'interp_param': 0.9219727439109339}. Best is trial 68 with value: 0.5463009646166511.
[I 2025-05-15 03:22:52,805] Trial 89 finished with value: 0.5455152080152537 and parameters: {'interp_param': 0.88020313596327}. Best is trial 68 with value: 0.5463009646166511.
[I 2025-05-15 03:23:00,310] Trial 90 finished with value: 0.546048130923316 and parameters: {'interp_param': 0.9378824090650842}. Best is trial 68 with value: 0.5463009646166511.
[I 2025-05-15 03:23:07,823] Trial 91 finished with value: 0.5462744211244714 and parameters: {'interp_param': 0.9548164055578782}. Best is trial 68 with value: 0.5463009646166511.
[I 2025-05-15 03:23:15,500] Trial 92 finished with value: 0.5462336271978273 and parameters: {'interp_param': 0.9748401887178342}. Best is trial 68 with value: 0.5463009646166511.
[I 2025-05-15 03:23:23,021] Trial 93 finished with value: 0.5457701257308502 and parameters: {'interp_param': 0.9095488951651783}. Best is trial 68 with value: 0.5463009646166511.
[I 2025-05-15 03:23:30,524] Trial 94 finished with value: 0.5462954302077689 and parameters: {'interp_param': 0.960231989700215}. Best is trial 68 with value: 0.5463009646166511.
[I 2025-05-15 03:23:38,052] Trial 95 finished with value: 0.5461192409712303 and parameters: {'interp_param': 0.9994209308362203}. Best is trial 68 with value: 0.5463009646166511.
[I 2025-05-15 03:23:45,575] Trial 96 finished with value: 0.5459497062527704 and parameters: {'interp_param': 0.9305053254537241}. Best is trial 68 with value: 0.5463009646166511.
[I 2025-05-15 03:23:53,078] Trial 97 finished with value: 0.5427372555917511 and parameters: {'interp_param': 0.7172756817636388}. Best is trial 68 with value: 0.5463009646166511.
[I 2025-05-15 03:24:00,581] Trial 98 finished with value: 0.5462745083691576 and parameters: {'interp_param': 0.9548381965300311}. Best is trial 68 with value: 0.5463009646166511.
