[I 2025-05-15 03:34:52,693] Trial 99 finished with value: 0.5475586277255169 and parameters: {'threshold_scale_factor': 0.9998382593831856}. Best is trial 77 with value: 0.5475590315839836.
Best hyperparameters: {'threshold_scale_factor': 0.9999910780911102}
Best optimized value: 0.5475590315839836
Running audit 1/1
Training a GraphSAGE target model on github...
Training GraphSAGE on cuda:   0%|          | 0/300 [00:00<?, ?it/s]Training GraphSAGE on cuda:   5%|▍         | 14/300 [00:00<00:02, 134.48it/s]Training GraphSAGE on cuda:   9%|▉         | 28/300 [00:00<00:02, 135.55it/s]Training GraphSAGE on cuda:  15%|█▍        | 44/300 [00:00<00:01, 145.94it/s]Training GraphSAGE on cuda:  20%|██        | 60/300 [00:00<00:01, 151.29it/s]Training GraphSAGE on cuda:  26%|██▌       | 77/300 [00:00<00:01, 154.59it/s]Training GraphSAGE on cuda:  31%|███       | 93/300 [00:00<00:01, 156.21it/s]Training GraphSAGE on cuda:  36%|███▋      | 109/300 [00:00<00:01, 157.41it/s]Training GraphSAGE on cuda:  42%|████▏     | 125/300 [00:00<00:01, 158.09it/s]Training GraphSAGE on cuda:  47%|████▋     | 141/300 [00:00<00:01, 158.66it/s]Training GraphSAGE on cuda:  52%|█████▏    | 157/300 [00:01<00:00, 158.95it/s]Training GraphSAGE on cuda:  58%|█████▊    | 173/300 [00:01<00:00, 159.15it/s]Training GraphSAGE on cuda:  63%|██████▎   | 189/300 [00:01<00:00, 159.29it/s]Training GraphSAGE on cuda:  68%|██████▊   | 205/300 [00:01<00:00, 159.42it/s]Training GraphSAGE on cuda:  74%|███████▎  | 221/300 [00:01<00:00, 159.56it/s]Training GraphSAGE on cuda:  79%|███████▉  | 238/300 [00:01<00:00, 159.73it/s]Training GraphSAGE on cuda:  85%|████████▍ | 254/300 [00:01<00:00, 159.73it/s]Training GraphSAGE on cuda:  90%|█████████ | 270/300 [00:01<00:00, 159.60it/s]Training GraphSAGE on cuda:  95%|█████████▌| 286/300 [00:01<00:00, 159.57it/s]Training GraphSAGE on cuda: 100%|██████████| 300/300 [00:01<00:00, 157.03it/s]
Train accuracy: 0.9202 | Test accuracy: 0.8460
Training MLP on cuda:   0%|          | 0/1000 [00:00<?, ?it/s]Training MLP on cuda:   0%|          | 1/1000 [00:40<11:08:20, 40.14s/it]Training MLP on cuda:   0%|          | 2/1000 [01:19<10:56:10, 39.45s/it]Training MLP on cuda:   0%|          | 3/1000 [01:58<10:53:36, 39.33s/it]Training MLP on cuda:   0%|          | 4/1000 [02:37<10:50:40, 39.20s/it]Training MLP on cuda:   0%|          | 5/1000 [03:16<10:49:37, 39.17s/it]Training MLP on cuda:   1%|          | 6/1000 [03:55<10:48:14, 39.13s/it]Training MLP on cuda:   1%|          | 7/1000 [04:34<10:48:05, 39.16s/it]Training MLP on cuda:   1%|          | 8/1000 [05:13<10:46:11, 39.08s/it]Training MLP on cuda:   1%|          | 9/1000 [05:52<10:46:13, 39.13s/it]Training MLP on cuda:   1%|          | 10/1000 [06:31<10:44:49, 39.08s/it]Training MLP on cuda:   1%|          | 11/1000 [07:10<10:44:05, 39.08s/it]Training MLP on cuda:   1%|          | 12/1000 [07:49<10:43:11, 39.06s/it]Training MLP on cuda:   1%|▏         | 13/1000 [08:29<10:43:15, 39.10s/it]Training MLP on cuda:   1%|▏         | 14/1000 [09:08<10:41:54, 39.06s/it]Training MLP on cuda:   2%|▏         | 15/1000 [09:47<10:42:17, 39.12s/it]Training MLP on cuda:   2%|▏         | 16/1000 [10:26<10:41:04, 39.09s/it]Training MLP on cuda:   2%|▏         | 17/1000 [11:05<10:40:20, 39.08s/it]Training MLP on cuda:   2%|▏         | 18/1000 [11:44<10:39:09, 39.05s/it]Training MLP on cuda:   2%|▏         | 19/1000 [12:23<10:39:11, 39.09s/it]Training MLP on cuda:   2%|▏         | 20/1000 [13:02<10:37:52, 39.05s/it]Training MLP on cuda:   2%|▏         | 21/1000 [13:41<10:38:03, 39.10s/it]Training MLP on cuda:   2%|▏         | 22/1000 [14:20<10:36:58, 39.08s/it]Training MLP on cuda:   2%|▏         | 23/1000 [15:00<10:37:20, 39.14s/it]Training MLP on cuda:   2%|▏         | 24/1000 [15:39<10:35:43, 39.08s/it]Training MLP on cuda:   2%|▎         | 25/1000 [16:18<10:35:52, 39.13s/it]Training MLP on cuda:   3%|▎         | 26/1000 [16:57<10:34:50, 39.11s/it]Training MLP on cuda:   3%|▎         | 27/1000 [17:36<10:34:28, 39.12s/it]Training MLP on cuda:   3%|▎         | 28/1000 [18:15<10:33:11, 39.09s/it]Training MLP on cuda:   3%|▎         | 29/1000 [18:54<10:33:17, 39.13s/it]Training MLP on cuda:   3%|▎         | 30/1000 [19:33<10:32:09, 39.10s/it]Training MLP on cuda:   3%|▎         | 31/1000 [20:12<10:31:59, 39.13s/it]Training MLP on cuda:   3%|▎         | 32/1000 [20:51<10:30:53, 39.10s/it]Training MLP on cuda:   3%|▎         | 33/1000 [21:31<10:30:46, 39.14s/it]Training MLP on cuda:   3%|▎         | 34/1000 [22:10<10:28:56, 39.07s/it]Training MLP on cuda:   4%|▎         | 35/1000 [22:49<10:28:57, 39.11s/it]Training MLP on cuda:   4%|▎         | 36/1000 [23:28<10:28:08, 39.10s/it]Training MLP on cuda:   4%|▎         | 37/1000 [24:07<10:26:38, 39.04s/it]Training MLP on cuda:   4%|▍         | 38/1000 [24:46<10:25:51, 39.03s/it]Training MLP on cuda:   4%|▍         | 39/1000 [25:24<10:23:25, 38.92s/it]Training MLP on cuda:   4%|▍         | 40/1000 [26:03<10:23:15, 38.95s/it]Training MLP on cuda:   4%|▍         | 41/1000 [26:42<10:22:10, 38.93s/it]Training MLP on cuda:   4%|▍         | 42/1000 [27:21<10:21:39, 38.93s/it]Training MLP on cuda:   4%|▍         | 43/1000 [28:00<10:19:40, 38.85s/it]Training MLP on cuda:   4%|▍         | 44/1000 [28:39<10:18:58, 38.85s/it]Training MLP on cuda:   4%|▍         | 45/1000 [29:18<10:17:53, 38.82s/it]Training MLP on cuda:   5%|▍         | 46/1000 [29:57<10:18:16, 38.89s/it]Training MLP on cuda:   5%|▍         | 47/1000 [30:36<10:18:32, 38.94s/it]Training MLP on cuda:   5%|▍         | 48/1000 [31:15<10:20:38, 39.12s/it]Training MLP on cuda:   5%|▍         | 49/1000 [31:55<10:20:52, 39.17s/it]Training MLP on cuda:   5%|▌         | 50/1000 [32:34<10:22:04, 39.29s/it]Training MLP on cuda:   5%|▌         | 51/1000 [33:13<10:21:24, 39.29s/it]Training MLP on cuda:   5%|▌         | 52/1000 [33:53<10:21:59, 39.37s/it]Training MLP on cuda:   5%|▌         | 53/1000 [34:32<10:21:14, 39.36s/it]Training MLP on cuda:   5%|▌         | 54/1000 [35:12<10:21:27, 39.42s/it]Training MLP on cuda:   6%|▌         | 55/1000 [35:51<10:20:39, 39.41s/it]Training MLP on cuda:   6%|▌         | 56/1000 [36:31<10:20:36, 39.45s/it]Training MLP on cuda:   6%|▌         | 57/1000 [37:10<10:19:17, 39.40s/it]Training MLP on cuda:   6%|▌         | 58/1000 [37:49<10:18:23, 39.39s/it]Training MLP on cuda:   6%|▌         | 59/1000 [38:28<10:16:26, 39.31s/it]Training MLP on cuda:   6%|▌         | 60/1000 [39:08<10:16:06, 39.33s/it]Training MLP on cuda:   6%|▌         | 61/1000 [39:47<10:14:38, 39.27s/it]Training MLP on cuda:   6%|▌         | 62/1000 [40:26<10:13:41, 39.26s/it]Training MLP on cuda:   6%|▋         | 63/1000 [41:05<10:13:00, 39.25s/it]Training MLP on cuda:   6%|▋         | 64/1000 [41:45<10:12:18, 39.25s/it]Training MLP on cuda:   6%|▋         | 65/1000 [42:24<10:10:20, 39.17s/it]Training MLP on cuda:   7%|▋         | 66/1000 [43:03<10:10:03, 39.19s/it]Training MLP on cuda:   7%|▋         | 67/1000 [43:42<10:08:47, 39.15s/it]Training MLP on cuda:   7%|▋         | 68/1000 [44:21<10:08:50, 39.20s/it]Training MLP on cuda:   7%|▋         | 69/1000 [45:00<10:07:01, 39.12s/it]Training MLP on cuda:   7%|▋         | 70/1000 [45:40<10:07:02, 39.16s/it]Training MLP on cuda:   7%|▋         | 71/1000 [46:19<10:05:47, 39.13s/it]Training MLP on cuda:   7%|▋         | 72/1000 [46:58<10:05:36, 39.16s/it]Training MLP on cuda:   7%|▋         | 73/1000 [47:37<10:04:01, 39.10s/it]Training MLP on cuda:   7%|▋         | 74/1000 [48:16<10:04:10, 39.15s/it]Training MLP on cuda:   8%|▊         | 75/1000 [48:55<10:03:16, 39.13s/it]Training MLP on cuda:   8%|▊         | 76/1000 [49:34<10:02:48, 39.14s/it]Training MLP on cuda:   8%|▊         | 77/1000 [50:13<10:01:22, 39.09s/it]Training MLP on cuda:   8%|▊         | 78/1000 [50:53<10:01:46, 39.16s/it]Training MLP on cuda:   8%|▊         | 79/1000 [51:32<10:00:32, 39.12s/it]Training MLP on cuda:   8%|▊         | 80/1000 [52:11<10:00:08, 39.14s/it]Training MLP on cuda:   8%|▊         | 81/1000 [52:50<9:59:03, 39.11s/it] Training MLP on cuda:   8%|▊         | 82/1000 [53:29<9:58:46, 39.14s/it]Training MLP on cuda:   8%|▊         | 83/1000 [54:08<9:57:22, 39.09s/it]Training MLP on cuda:   8%|▊         | 84/1000 [54:47<9:57:01, 39.11s/it]Training MLP on cuda:   8%|▊         | 85/1000 [55:26<9:55:42, 39.06s/it]Training MLP on cuda:   9%|▊         | 86/1000 [56:05<9:56:04, 39.13s/it]Training MLP on cuda:   9%|▊         | 87/1000 [56:44<9:55:20, 39.12s/it]Training MLP on cuda:   9%|▉         | 88/1000 [57:24<9:54:56, 39.14s/it]Training MLP on cuda:   9%|▉         | 89/1000 [58:03<9:53:36, 39.10s/it]Training MLP on cuda:   9%|▉         | 90/1000 [58:42<9:53:31, 39.13s/it]Training MLP on cuda:   9%|▉         | 91/1000 [59:21<9:52:44, 39.12s/it]Training MLP on cuda:   9%|▉         | 92/1000 [1:00:00<9:51:48, 39.11s/it]Training MLP on cuda:   9%|▉         | 93/1000 [1:00:39<9:49:52, 39.02s/it]Training MLP on cuda:   9%|▉         | 94/1000 [1:01:18<9:49:01, 39.01s/it]Training MLP on cuda:  10%|▉         | 95/1000 [1:01:57<9:47:29, 38.95s/it]Training MLP on cuda:  10%|▉         | 96/1000 [1:02:36<9:46:57, 38.96s/it]Training MLP on cuda:  10%|▉         | 97/1000 [1:03:15<9:46:01, 38.94s/it]Training MLP on cuda:  10%|▉         | 98/1000 [1:03:54<9:45:48, 38.97s/it]Training MLP on cuda:  10%|▉         | 99/1000 [1:04:32<9:44:21, 38.91s/it]Training MLP on cuda:  10%|█         | 100/1000 [1:05:11<9:43:43, 38.92s/it]Training MLP on cuda:  10%|█         | 101/1000 [1:05:50<9:42:51, 38.90s/it]Training MLP on cuda:  10%|█         | 102/1000 [1:06:29<9:42:51, 38.94s/it]Training MLP on cuda:  10%|█         | 103/1000 [1:07:08<9:41:01, 38.86s/it]Training MLP on cuda:  10%|█         | 104/1000 [1:07:47<9:41:04, 38.91s/it]Training MLP on cuda:  10%|█         | 105/1000 [1:08:26<9:40:02, 38.88s/it]Training MLP on cuda:  11%|█         | 106/1000 [1:09:05<9:40:25, 38.95s/it]Training MLP on cuda:  11%|█         | 107/1000 [1:09:44<9:38:58, 38.90s/it]Training MLP on cuda:  11%|█         | 108/1000 [1:10:23<9:38:46, 38.93s/it]Training MLP on cuda:  11%|█         | 109/1000 [1:11:01<9:37:45, 38.91s/it]Training MLP on cuda:  11%|█         | 110/1000 [1:11:40<9:37:33, 38.94s/it]Training MLP on cuda:  11%|█         | 111/1000 [1:12:19<9:36:22, 38.90s/it]Training MLP on cuda:  11%|█         | 112/1000 [1:12:58<9:36:06, 38.93s/it]Training MLP on cuda:  11%|█▏        | 113/1000 [1:13:37<9:35:29, 38.93s/it]Training MLP on cuda:  11%|█▏        | 114/1000 [1:14:16<9:33:56, 38.87s/it]Training MLP on cuda:  12%|█▏        | 115/1000 [1:14:55<9:33:58, 38.91s/it]Training MLP on cuda:  12%|█▏        | 116/1000 [1:15:34<9:33:16, 38.91s/it]Training MLP on cuda:  12%|█▏        | 117/1000 [1:16:13<9:32:56, 38.93s/it]Training MLP on cuda:  12%|█▏        | 118/1000 [1:16:52<9:31:20, 38.87s/it]Training MLP on cuda:  12%|█▏        | 119/1000 [1:17:31<9:31:54, 38.95s/it]Training MLP on cuda:  12%|█▏        | 120/1000 [1:18:10<9:30:48, 38.92s/it]Training MLP on cuda:  12%|█▏        | 121/1000 [1:18:49<9:30:48, 38.96s/it]Training MLP on cuda:  12%|█▏        | 122/1000 [1:19:27<9:29:17, 38.90s/it]Training MLP on cuda:  12%|█▏        | 123/1000 [1:20:06<9:29:03, 38.93s/it]Training MLP on cuda:  12%|█▏        | 124/1000 [1:20:45<9:28:07, 38.91s/it]Training MLP on cuda:  12%|█▎        | 125/1000 [1:21:24<9:27:57, 38.95s/it]Training MLP on cuda:  13%|█▎        | 126/1000 [1:22:03<9:27:09, 38.94s/it]Training MLP on cuda:  13%|█▎        | 127/1000 [1:22:42<9:27:00, 38.97s/it]Training MLP on cuda:  13%|█▎        | 128/1000 [1:23:21<9:25:40, 38.92s/it]Training MLP on cuda:  13%|█▎        | 129/1000 [1:24:00<9:25:04, 38.93s/it]Training MLP on cuda:  13%|█▎        | 130/1000 [1:24:39<9:24:02, 38.90s/it]Training MLP on cuda:  13%|█▎        | 131/1000 [1:25:18<9:23:19, 38.89s/it]Training MLP on cuda:  13%|█▎        | 132/1000 [1:25:56<9:21:59, 38.85s/it]Training MLP on cuda:  13%|█▎        | 133/1000 [1:26:35<9:21:41, 38.87s/it]Training MLP on cuda:  13%|█▎        | 134/1000 [1:27:14<9:20:45, 38.85s/it]Training MLP on cuda:  14%|█▎        | 135/1000 [1:27:53<9:20:37, 38.89s/it]Training MLP on cuda:  14%|█▎        | 136/1000 [1:28:32<9:19:09, 38.83s/it]Training MLP on cuda:  14%|█▎        | 137/1000 [1:29:11<9:19:02, 38.87s/it]Training MLP on cuda:  14%|█▍        | 138/1000 [1:29:49<9:17:41, 38.82s/it]Training MLP on cuda:  14%|█▍        | 139/1000 [1:30:29<9:18:00, 38.89s/it]Training MLP on cuda:  14%|█▍        | 140/1000 [1:31:07<9:16:37, 38.83s/it]Training MLP on cuda:  14%|█▍        | 141/1000 [1:31:46<9:16:35, 38.88s/it]Training MLP on cuda:  14%|█▍        | 142/1000 [1:32:25<9:15:43, 38.86s/it]Training MLP on cuda:  14%|█▍        | 143/1000 [1:33:04<9:15:11, 38.87s/it]Training MLP on cuda:  14%|█▍        | 144/1000 [1:33:43<9:14:54, 38.90s/it]Training MLP on cuda:  14%|█▍        | 145/1000 [1:34:22<9:13:30, 38.84s/it]Training MLP on cuda:  15%|█▍        | 146/1000 [1:35:01<9:13:33, 38.89s/it]Training MLP on cuda:  15%|█▍        | 147/1000 [1:35:39<9:12:25, 38.86s/it]Training MLP on cuda:  15%|█▍        | 148/1000 [1:36:18<9:12:19, 38.90s/it]Training MLP on cuda:  15%|█▍        | 149/1000 [1:36:57<9:11:57, 38.92s/it]Training MLP on cuda:  15%|█▌        | 150/1000 [1:37:36<9:11:24, 38.92s/it]Training MLP on cuda:  15%|█▌        | 151/1000 [1:38:15<9:10:15, 38.89s/it]Training MLP on cuda:  15%|█▌        | 152/1000 [1:38:54<9:10:08, 38.92s/it]Training MLP on cuda:  15%|█▌        | 153/1000 [1:39:33<9:09:04, 38.90s/it]Training MLP on cuda:  15%|█▌        | 154/1000 [1:40:12<9:08:45, 38.92s/it]Training MLP on cuda:  16%|█▌        | 155/1000 [1:40:51<9:07:53, 38.90s/it]Training MLP on cuda:  16%|█▌        | 156/1000 [1:41:30<9:07:40, 38.93s/it]Training MLP on cuda:  16%|█▌        | 157/1000 [1:42:09<9:06:38, 38.91s/it]Training MLP on cuda:  16%|█▌        | 158/1000 [1:42:48<9:06:24, 38.94s/it]Training MLP on cuda:  16%|█▌        | 159/1000 [1:43:26<9:05:10, 38.90s/it]Training MLP on cuda:  16%|█▌        | 160/1000 [1:44:05<9:04:41, 38.91s/it]Training MLP on cuda:  16%|█▌        | 161/1000 [1:44:44<9:04:09, 38.91s/it]Training MLP on cuda:  16%|█▌        | 162/1000 [1:45:23<9:03:52, 38.94s/it]Training MLP on cuda:  16%|█▋        | 163/1000 [1:46:02<9:02:26, 38.88s/it]Training MLP on cuda:  16%|█▋        | 164/1000 [1:46:41<9:02:21, 38.93s/it]Training MLP on cuda:  16%|█▋        | 165/1000 [1:47:20<9:01:29, 38.91s/it]Training MLP on cuda:  17%|█▋        | 166/1000 [1:47:59<9:01:04, 38.93s/it]Training MLP on cuda:  17%|█▋        | 167/1000 [1:48:38<8:59:48, 38.88s/it]Training MLP on cuda:  17%|█▋        | 168/1000 [1:49:17<8:59:53, 38.93s/it]Training MLP on cuda:  17%|█▋        | 169/1000 [1:49:56<8:59:07, 38.93s/it]Training MLP on cuda:  17%|█▋        | 170/1000 [1:50:35<8:58:40, 38.94s/it]Training MLP on cuda:  17%|█▋        | 171/1000 [1:51:13<8:57:19, 38.89s/it]Training MLP on cuda:  17%|█▋        | 172/1000 [1:51:52<8:57:36, 38.96s/it]Training MLP on cuda:  17%|█▋        | 173/1000 [1:52:31<8:56:36, 38.93s/it]Training MLP on cuda:  17%|█▋        | 174/1000 [1:53:10<8:56:09, 38.95s/it]Training MLP on cuda:  18%|█▊        | 175/1000 [1:53:49<8:55:15, 38.93s/it]Training MLP on cuda:  18%|█▊        | 176/1000 [1:54:28<8:54:42, 38.93s/it]Training MLP on cuda:  18%|█▊        | 177/1000 [1:55:07<8:53:40, 38.91s/it]Training MLP on cuda:  18%|█▊        | 178/1000 [1:55:46<8:53:18, 38.93s/it]Training MLP on cuda:  18%|█▊        | 179/1000 [1:56:25<8:52:09, 38.89s/it]Training MLP on cuda:  18%|█▊        | 180/1000 [1:57:04<8:52:24, 38.96s/it]Training MLP on cuda:  18%|█▊        | 181/1000 [1:57:43<8:51:34, 38.94s/it]Training MLP on cuda:  18%|█▊        | 182/1000 [1:58:22<8:51:24, 38.98s/it]Training MLP on cuda:  18%|█▊        | 183/1000 [1:59:01<8:49:36, 38.89s/it]Training MLP on cuda:  18%|█▊        | 184/1000 [1:59:40<8:49:26, 38.93s/it]Training MLP on cuda:  18%|█▊        | 185/1000 [2:00:18<8:48:09, 38.88s/it]Training MLP on cuda:  19%|█▊        | 186/1000 [2:00:57<8:47:39, 38.89s/it]Training MLP on cuda:  19%|█▊        | 187/1000 [2:01:36<8:46:44, 38.87s/it]Training MLP on cuda:  19%|█▉        | 188/1000 [2:02:15<8:46:28, 38.90s/it]Training MLP on cuda:  19%|█▉        | 189/1000 [2:02:54<8:45:36, 38.89s/it]Training MLP on cuda:  19%|█▉        | 190/1000 [2:03:33<8:45:07, 38.90s/it]Training MLP on cuda:  19%|█▉        | 191/1000 [2:04:12<8:43:58, 38.86s/it]Training MLP on cuda:  19%|█▉        | 192/1000 [2:04:51<8:44:03, 38.92s/it]Training MLP on cuda:  19%|█▉        | 192/1000 [2:05:30<8:48:09, 39.22s/it]
Training MLP on cuda:   0%|          | 0/1000 [00:00<?, ?it/s]Training MLP on cuda:   0%|          | 1/1000 [00:39<10:58:30, 39.55s/it]Training MLP on cuda:   0%|          | 2/1000 [01:18<10:51:47, 39.19s/it]Training MLP on cuda:   0%|          | 3/1000 [01:57<10:46:35, 38.91s/it]Training MLP on cuda:   0%|          | 4/1000 [02:35<10:44:32, 38.83s/it]Training MLP on cuda:   0%|          | 5/1000 [03:15<10:50:45, 39.24s/it]Training MLP on cuda:   1%|          | 6/1000 [03:54<10:46:35, 39.03s/it]Training MLP on cuda:   1%|          | 7/1000 [04:32<10:43:47, 38.90s/it]Training MLP on cuda:   1%|          | 8/1000 [05:12<10:48:51, 39.25s/it]Training MLP on cuda:   1%|          | 9/1000 [05:51<10:44:35, 39.03s/it]Training MLP on cuda:   1%|          | 10/1000 [06:30<10:42:08, 38.92s/it]Training MLP on cuda:   1%|          | 11/1000 [07:10<10:47:20, 39.27s/it]Training MLP on cuda:   1%|          | 12/1000 [07:48<10:42:52, 39.04s/it]Training MLP on cuda:   1%|▏         | 13/1000 [08:27<10:40:07, 38.91s/it]Training MLP on cuda:   1%|▏         | 14/1000 [09:07<10:45:19, 39.27s/it]Training MLP on cuda:   2%|▏         | 15/1000 [09:46<10:41:18, 39.06s/it]Training MLP on cuda:   2%|▏         | 16/1000 [10:24<10:38:23, 38.93s/it]Training MLP on cuda:   2%|▏         | 17/1000 [11:04<10:43:30, 39.28s/it]Training MLP on cuda:   2%|▏         | 18/1000 [11:43<10:39:41, 39.08s/it]Training MLP on cuda:   2%|▏         | 19/1000 [12:22<10:37:47, 39.01s/it]Training MLP on cuda:   2%|▏         | 20/1000 [13:02<10:41:58, 39.30s/it]Training MLP on cuda:   2%|▏         | 21/1000 [13:40<10:38:14, 39.12s/it]Training MLP on cuda:   2%|▏         | 22/1000 [14:19<10:35:39, 39.00s/it]Training MLP on cuda:   2%|▏         | 23/1000 [14:59<10:40:14, 39.32s/it]Training MLP on cuda:   2%|▏         | 24/1000 [15:38<10:35:45, 39.08s/it]Training MLP on cuda:   2%|▎         | 25/1000 [16:16<10:33:15, 38.97s/it]Training MLP on cuda:   3%|▎         | 26/1000 [16:56<10:37:42, 39.28s/it]Training MLP on cuda:   3%|▎         | 27/1000 [17:35<10:33:21, 39.06s/it]Training MLP on cuda:   3%|▎         | 28/1000 [18:14<10:31:16, 38.97s/it]Training MLP on cuda:   3%|▎         | 29/1000 [18:54<10:36:13, 39.31s/it]Training MLP on cuda:   3%|▎         | 30/1000 [19:32<10:31:59, 39.09s/it]Training MLP on cuda:   3%|▎         | 31/1000 [20:11<10:29:20, 38.97s/it]Training MLP on cuda:   3%|▎         | 32/1000 [20:51<10:34:24, 39.32s/it]Training MLP on cuda:   3%|▎         | 33/1000 [21:30<10:29:32, 39.06s/it]Training MLP on cuda:   3%|▎         | 34/1000 [22:08<10:26:47, 38.93s/it]Training MLP on cuda:   4%|▎         | 35/1000 [22:48<10:31:16, 39.25s/it]Training MLP on cuda:   4%|▎         | 36/1000 [23:27<10:26:53, 39.02s/it]Training MLP on cuda:   4%|▎         | 37/1000 [24:06<10:24:46, 38.93s/it]Training MLP on cuda:   4%|▍         | 38/1000 [24:46<10:29:35, 39.27s/it]Training MLP on cuda:   4%|▍         | 39/1000 [25:24<10:25:22, 39.05s/it]Training MLP on cuda:   4%|▍         | 40/1000 [26:03<10:23:07, 38.94s/it]Training MLP on cuda:   4%|▍         | 41/1000 [26:43<10:27:36, 39.27s/it]Training MLP on cuda:   4%|▍         | 42/1000 [27:21<10:23:31, 39.05s/it]Training MLP on cuda:   4%|▍         | 43/1000 [28:00<10:21:12, 38.95s/it]Training MLP on cuda:   4%|▍         | 44/1000 [28:40<10:25:39, 39.27s/it]Training MLP on cuda:   4%|▍         | 45/1000 [29:19<10:21:32, 39.05s/it]Training MLP on cuda:   5%|▍         | 46/1000 [29:57<10:19:30, 38.96s/it]Training MLP on cuda:   5%|▍         | 47/1000 [30:38<10:24:16, 39.30s/it]Training MLP on cuda:   5%|▍         | 48/1000 [31:16<10:19:29, 39.04s/it]Training MLP on cuda:   5%|▍         | 49/1000 [31:55<10:17:18, 38.95s/it]Training MLP on cuda:   5%|▌         | 50/1000 [32:35<10:22:49, 39.34s/it]Training MLP on cuda:   5%|▌         | 51/1000 [33:13<10:17:52, 39.06s/it]Training MLP on cuda:   5%|▌         | 52/1000 [33:52<10:15:19, 38.94s/it]Training MLP on cuda:   5%|▌         | 53/1000 [34:32<10:19:56, 39.28s/it]Training MLP on cuda:   5%|▌         | 54/1000 [35:11<10:15:26, 39.03s/it]Training MLP on cuda:   6%|▌         | 55/1000 [35:49<10:12:57, 38.92s/it]Training MLP on cuda:   6%|▌         | 56/1000 [36:29<10:18:02, 39.28s/it]Training MLP on cuda:   6%|▌         | 57/1000 [37:08<10:14:01, 39.07s/it]Training MLP on cuda:   6%|▌         | 58/1000 [37:47<10:11:22, 38.94s/it]Training MLP on cuda:   6%|▌         | 59/1000 [38:26<10:15:11, 39.23s/it]Training MLP on cuda:   6%|▌         | 60/1000 [39:05<10:11:24, 39.03s/it]Training MLP on cuda:   6%|▌         | 61/1000 [39:44<10:08:54, 38.91s/it]Training MLP on cuda:   6%|▌         | 62/1000 [40:24<10:14:37, 39.32s/it]Training MLP on cuda:   6%|▋         | 63/1000 [41:03<10:10:43, 39.11s/it]Training MLP on cuda:   6%|▋         | 64/1000 [41:41<10:08:21, 39.00s/it]Training MLP on cuda:   6%|▋         | 65/1000 [42:21<10:13:25, 39.36s/it]Training MLP on cuda:   7%|▋         | 66/1000 [43:00<10:09:28, 39.15s/it]Training MLP on cuda:   7%|▋         | 67/1000 [43:39<10:06:24, 39.00s/it]Training MLP on cuda:   7%|▋         | 68/1000 [44:19<10:10:55, 39.33s/it]Training MLP on cuda:   7%|▋         | 69/1000 [44:58<10:06:58, 39.12s/it]Training MLP on cuda:   7%|▋         | 70/1000 [45:36<10:04:04, 38.97s/it]Tra