[I 2025-05-15 03:12:12,242] Trial 0 finished with value: 0.53559056913086 and parameters: {'interp_param': 0.4088901029594375}. Best is trial 0 with value: 0.53559056913086.
[I 2025-05-15 03:12:19,763] Trial 1 finished with value: 0.5290710143601939 and parameters: {'interp_param': 0.11017129139679493}. Best is trial 0 with value: 0.53559056913086.
[I 2025-05-15 03:12:27,304] Trial 2 finished with value: 0.5286008203814845 and parameters: {'interp_param': 0.08354951967464674}. Best is trial 0 with value: 0.53559056913086.
[I 2025-05-15 03:12:34,844] Trial 3 finished with value: 0.5453724053500693 and parameters: {'interp_param': 0.8658295666245278}. Best is trial 3 with value: 0.5453724053500693.
[I 2025-05-15 03:12:42,545] Trial 4 finished with value: 0.5446054091705423 and parameters: {'interp_param': 0.8297416477173507}. Best is trial 3 with value: 0.5453724053500693.
[I 2025-05-15 03:12:50,065] Trial 5 finished with value: 0.5399731117505928 and parameters: {'interp_param': 0.6026329947789022}. Best is trial 3 with value: 0.5453724053500693.
[I 2025-05-15 03:12:57,596] Trial 6 finished with value: 0.5433840919164984 and parameters: {'interp_param': 0.7683487400597935}. Best is trial 3 with value: 0.5453724053500693.
[I 2025-05-15 03:13:05,133] Trial 7 finished with value: 0.5474790633860789 and parameters: {'interp_param': 0.9872370319788065}. Best is trial 7 with value: 0.5474790633860789.
[I 2025-05-15 03:13:12,656] Trial 8 finished with value: 0.538987467722984 and parameters: {'interp_param': 0.5557540443588772}. Best is trial 7 with value: 0.5474790633860789.
[I 2025-05-15 03:13:20,177] Trial 9 finished with value: 0.5298076536104526 and parameters: {'interp_param': 0.15356796525044503}. Best is trial 7 with value: 0.5474790633860789.
[I 2025-05-15 03:13:27,739] Trial 10 finished with value: 0.5474003574217788 and parameters: {'interp_param': 0.9774266836490728}. Best is trial 7 with value: 0.5474790633860789.
[I 2025-05-15 03:13:35,268] Trial 11 finished with value: 0.547530630624292 and parameters: {'interp_param': 0.9950709364085599}. Best is trial 11 with value: 0.547530630624292.
[I 2025-05-15 03:13:42,824] Trial 12 finished with value: 0.5475246754708751 and parameters: {'interp_param': 0.9929140168102604}. Best is trial 11 with value: 0.547530630624292.
[I 2025-05-15 03:13:50,346] Trial 13 finished with value: 0.5412654377361411 and parameters: {'interp_param': 0.6612834551288683}. Best is trial 11 with value: 0.547530630624292.
[I 2025-05-15 03:13:57,868] Trial 14 finished with value: 0.534572896453222 and parameters: {'interp_param': 0.3664512608561919}. Best is trial 11 with value: 0.547530630624292.
[I 2025-05-15 03:14:05,399] Trial 15 finished with value: 0.5426357787643619 and parameters: {'interp_param': 0.7306703658807803}. Best is trial 11 with value: 0.547530630624292.
[I 2025-05-15 03:14:12,938] Trial 16 finished with value: 0.5459321039337504 and parameters: {'interp_param': 0.8963489991133198}. Best is trial 11 with value: 0.547530630624292.
[I 2025-05-15 03:14:20,498] Trial 17 finished with value: 0.5323677630884618 and parameters: {'interp_param': 0.27502810982302156}. Best is trial 11 with value: 0.547530630624292.
[I 2025-05-15 03:14:28,196] Trial 18 finished with value: 0.5425211561328089 and parameters: {'interp_param': 0.7244725451274114}. Best is trial 11 with value: 0.547530630624292.
[I 2025-05-15 03:14:35,745] Trial 19 finished with value: 0.5475261037508179 and parameters: {'interp_param': 0.9943510602906301}. Best is trial 11 with value: 0.547530630624292.
[I 2025-05-15 03:14:43,320] Trial 20 finished with value: 0.5373012573085014 and parameters: {'interp_param': 0.4794847105980813}. Best is trial 11 with value: 0.547530630624292.
[I 2025-05-15 03:14:50,869] Trial 21 finished with value: 0.5475224436955161 and parameters: {'interp_param': 0.9984905940634654}. Best is trial 11 with value: 0.547530630624292.
[I 2025-05-15 03:14:58,411] Trial 22 finished with value: 0.5458511816729872 and parameters: {'interp_param': 0.8916295575596498}. Best is trial 11 with value: 0.547530630624292.
[I 2025-05-15 03:15:05,968] Trial 23 finished with value: 0.5462938682464522 and parameters: {'interp_param': 0.9150127627516399}. Best is trial 11 with value: 0.547530630624292.
[I 2025-05-15 03:15:13,518] Trial 24 finished with value: 0.5439148477791302 and parameters: {'interp_param': 0.7953759911061805}. Best is trial 11 with value: 0.547530630624292.
[I 2025-05-15 03:15:21,052] Trial 25 finished with value: 0.5466717179463727 and parameters: {'interp_param': 0.9345158444100762}. Best is trial 11 with value: 0.547530630624292.
[I 2025-05-15 03:15:28,611] Trial 26 finished with value: 0.5447148463719579 and parameters: {'interp_param': 0.8351938946417227}. Best is trial 11 with value: 0.547530630624292.
[I 2025-05-15 03:15:36,164] Trial 27 finished with value: 0.5415456887756898 and parameters: {'interp_param': 0.6749831867479965}. Best is trial 11 with value: 0.547530630624292.
[I 2025-05-15 03:15:43,728] Trial 28 finished with value: 0.5475235961696768 and parameters: {'interp_param': 0.9923718775494857}. Best is trial 11 with value: 0.547530630624292.
[I 2025-05-15 03:15:51,286] Trial 29 finished with value: 0.5361337615827875 and parameters: {'interp_param': 0.4318567372270201}. Best is trial 11 with value: 0.547530630624292.
[I 2025-05-15 03:15:58,843] Trial 30 finished with value: 0.5464738709200797 and parameters: {'interp_param': 0.9235242812548936}. Best is trial 11 with value: 0.547530630624292.
[I 2025-05-15 03:16:06,390] Trial 31 finished with value: 0.5472339424044355 and parameters: {'interp_param': 0.9657076823292666}. Best is trial 11 with value: 0.547530630624292.
[I 2025-05-15 03:16:13,951] Trial 32 finished with value: 0.5475568757959317 and parameters: {'interp_param': 0.9994086298090661}. Best is trial 32 with value: 0.5475568757959317.
[I 2025-05-15 03:16:21,669] Trial 33 finished with value: 0.5448210217478487 and parameters: {'interp_param': 0.8399748962138132}. Best is trial 32 with value: 0.5475568757959317.
[I 2025-05-15 03:16:29,217] Trial 34 finished with value: 0.5272505597028052 and parameters: {'interp_param': 0.005984936970930832}. Best is trial 32 with value: 0.5475568757959317.
[I 2025-05-15 03:16:36,750] Trial 35 finished with value: 0.5454365555235033 and parameters: {'interp_param': 0.8694646810348461}. Best is trial 32 with value: 0.5475568757959317.
[I 2025-05-15 03:16:44,323] Trial 36 finished with value: 0.5437356049785759 and parameters: {'interp_param': 0.7870399686647391}. Best is trial 32 with value: 0.5475568757959317.
[I 2025-05-15 03:16:51,888] Trial 37 finished with value: 0.5465672016266911 and parameters: {'interp_param': 0.9289615595024368}. Best is trial 32 with value: 0.5475568757959317.
[I 2025-05-15 03:16:59,438] Trial 38 finished with value: 0.5453421581802447 and parameters: {'interp_param': 0.8642112708980771}. Best is trial 32 with value: 0.5475568757959317.
[I 2025-05-15 03:17:07,004] Trial 39 finished with value: 0.5467162887236243 and parameters: {'interp_param': 0.9363362517694542}. Best is trial 32 with value: 0.5475568757959317.
[I 2025-05-15 03:17:14,568] Trial 40 finished with value: 0.5442939878561025 and parameters: {'interp_param': 0.8135278253613846}. Best is trial 32 with value: 0.5475568757959317.
[I 2025-05-15 03:17:22,119] Trial 41 finished with value: 0.5475354741115466 and parameters: {'interp_param': 0.9962573528063355}. Best is trial 32 with value: 0.5475568757959317.
[I 2025-05-15 03:17:29,669] Trial 42 finished with value: 0.547053617488338 and parameters: {'interp_param': 0.9522038067377262}. Best is trial 32 with value: 0.5475568757959317.
[I 2025-05-15 03:17:37,232] Trial 43 finished with value: 0.5474732911650684 and parameters: {'interp_param': 0.9826248143971175}. Best is trial 32 with value: 0.5475568757959317.
[I 2025-05-15 03:17:44,785] Trial 44 finished with value: 0.5457187400178711 and parameters: {'interp_param': 0.8845902716077884}. Best is trial 32 with value: 0.5475568757959317.
[I 2025-05-15 03:17:52,368] Trial 45 finished with value: 0.5428095012277578 and parameters: {'interp_param': 0.7394566559757586}. Best is trial 32 with value: 0.5475568757959317.
[I 2025-05-15 03:17:59,910] Trial 46 finished with value: 0.5471999141624861 and parameters: {'interp_param': 0.9638432189986139}. Best is trial 32 with value: 0.5475568757959317.
[I 2025-05-15 03:18:07,484] Trial 47 finished with value: 0.5311432684392348 and parameters: {'interp_param': 0.2256877695150814}. Best is trial 32 with value: 0.5475568757959317.
[I 2025-05-15 03:18:15,224] Trial 48 finished with value: 0.5475356865945726 and parameters: {'interp_param': 0.996942326702136}. Best is trial 32 with value: 0.5475568757959317.
[I 2025-05-15 03:18:22,782] Trial 49 finished with value: 0.5450910721949778 and parameters: {'interp_param': 0.8513931935412191}. Best is trial 32 with value: 0.5475568757959317.
[I 2025-05-15 03:18:30,363] Trial 50 finished with value: 0.5409753913698119 and parameters: {'interp_param': 0.6487701425397592}. Best is trial 32 with value: 0.5475568757959317.
[I 2025-05-15 03:18:37,932] Trial 51 finished with value: 0.5475343371162817 and parameters: {'interp_param': 0.9977621269550258}. Best is trial 32 with value: 0.5475568757959317.
[I 2025-05-15 03:18:45,510] Trial 52 finished with value: 0.5462338917462306 and parameters: {'interp_param': 0.9120895670016229}. Best is trial 32 with value: 0.5475568757959317.
[I 2025-05-15 03:18:53,102] Trial 53 finished with value: 0.547524053500693 and parameters: {'interp_param': 0.9926590893953087}. Best is trial 32 with value: 0.5475568757959317.
[I 2025-05-15 03:19:00,662] Trial 54 finished with value: 0.5470522764530814 and parameters: {'interp_param': 0.9521297311382373}. Best is trial 32 with value: 0.5475568757959317.
[I 2025-05-15 03:19:08,235] Trial 55 finished with value: 0.5459342625361467 and parameters: {'interp_param': 0.8964836035606705}. Best is trial 32 with value: 0.5475568757959317.
[I 2025-05-15 03:19:15,806] Trial 56 finished with value: 0.5386292945141385 and parameters: {'interp_param': 0.5393824477797545}. Best is trial 32 with value: 0.5475568757959317.
[I 2025-05-15 03:19:23,371] Trial 57 finished with value: 0.5470972947111428 and parameters: {'interp_param': 0.9555603384600266}. Best is trial 32 with value: 0.5475568757959317.
[I 2025-05-15 03:19:30,938] Trial 58 finished with value: 0.5434478382314658 and parameters: {'interp_param': 0.7721534626724476}. Best is trial 32 with value: 0.5475568757959317.
[I 2025-05-15 03:19:38,493] Trial 59 finished with value: 0.5475262135102619 and parameters: {'interp_param': 0.9934516844694662}. Best is trial 32 with value: 0.5475568757959317.
[I 2025-05-15 03:19:46,057] Trial 60 finished with value: 0.5335208451477179 and parameters: {'interp_param': 0.32231542344426223}. Best is trial 32 with value: 0.5475568757959317.
[I 2025-05-15 03:19:53,622] Trial 61 finished with value: 0.5475333746103892 and parameters: {'interp_param': 0.9954105223995481}. Best is trial 32 with value: 0.5475568757959317.
[I 2025-05-15 03:20:01,156] Trial 62 finished with value: 0.5462657585714387 and parameters: {'interp_param': 0.9137354260932883}. Best is trial 32 with value: 0.5475568757959317.
[I 2025-05-15 03:20:08,876] Trial 63 finished with value: 0.54712057778497 and parameters: {'interp_param': 0.9589805362725949}. Best is trial 32 with value: 0.5475568757959317.
[I 2025-05-15 03:20:16,416] Trial 64 finished with value: 0.5459589640397104 and parameters: {'interp_param': 0.8981085015773037}. Best is trial 32 with value: 0.5475568757959317.
[I 2025-05-15 03:20:23,890] Trial 65 finished with value: 0.5475326541381421 and parameters: {'interp_param': 0.9952619151623991}. Best is trial 32 with value: 0.5475568757959317.
[I 2025-05-15 03:20:31,439] Trial 66 finished with value: 0.5475350238163921 and parameters: {'interp_param': 0.9973683538961985}. Best is trial 32 with value: 0.5475568757959317.
[I 2025-05-15 03:20:38,993] Trial 67 finished with value: 0.5444128939203119 and parameters: {'interp_param': 0.8198892161428349}. Best is trial 32 with value: 0.5475568757959317.
[I 2025-05-15 03:20:46,531] Trial 68 finished with value: 0.5467732341745879 and parameters: {'interp_param': 0.9384282643263078}. Best is trial 32 with value: 0.5475568757959317.
[I 2025-05-15 03:20:54,110] Trial 69 finished with value: 0.5457073025209493 and parameters: {'interp_param': 0.8839806354059222}. Best is trial 32 with value: 0.5475568757959317.
[I 2025-05-15 03:21:01,637] Trial 70 finished with value: 0.5471183206805086 and parameters: {'interp_param': 0.9586982323404635}. Best is trial 32 with value: 0.5475568757959317.
[I 2025-05-15 03:21:09,178] Trial 71 finished with value: 0.5475355810566457 and parameters: {'interp_param': 0.9964894026469903}. Best is trial 32 with value: 0.5475568757959317.
[I 2025-05-15 03:21:16,728] Trial 72 finished with value: 0.5475422032097601 and parameters: {'interp_param': 0.9990034098185556}. Best is trial 32 with value: 0.5475568757959317.
[I 2025-05-15 03:21:24,264] Trial 73 finished with value: 0.5464413441310358 and parameters: {'interp_param': 0.921994196043773}. Best is trial 32 with value: 0.5475568757959317.
[I 2025-05-15 03:21:31,816] Trial 74 finished with value: 0.5473069746497901 and parameters: {'interp_param': 0.9702802258448479}. Best is trial 32 with value: 0.5475568757959317.
[I 2025-05-15 03:21:39,384] Trial 75 finished with value: 0.5451273969422145 and parameters: {'interp_param': 0.8529808919325083}. Best is trial 32 with value: 0.5475568757959317.
[I 2025-05-15 03:21:46,940] Trial 76 finished with value: 0.5475567055280766 and parameters: {'interp_param': 0.9994024195912833}. Best is trial 32 with value: 0.5475568757959317.
[I 2025-05-15 03:21:54,654] Trial 77 finished with value: 0.5466859149082877 and parameters: {'interp_param': 0.9351263889128217}. Best is trial 32 with value: 0.5475568757959317.
[I 2025-05-15 03:22:02,206] Trial 78 finished with value: 0.5472920853590753 and parameters: {'interp_param': 0.9694270281220366}. Best is trial 32 with value: 0.5475568757959317.
[I 2025-05-15 03:22:09,742] Trial 79 finished with value: 0.5454316670067333 and parameters: {'interp_param': 0.8691864983416039}. Best is trial 32 with value: 0.5475568757959317.
[I 2025-05-15 03:22:17,298] Trial 80 finished with value: 0.5461404934953458 and parameters: {'interp_param': 0.9070981000726349}. Best is trial 32 with value: 0.5475568757959317.
[I 2025-05-15 03:22:24,853] Trial 81 finished with value: 0.5475317816912805 and parameters: {'interp_param': 0.9979463669276292}. Best is trial 32 with value: 0.5475568757959317.
[I 2025-05-15 03:22:32,428] Trial 82 finished with value: 0.5468642922978422 and parameters: {'interp_param': 0.9416634891887636}. Best is trial 32 with value: 0.5475568757959317.
[I 2025-05-15 03:22:39,978] Trial 83 finished with value: 0.5473428279942869 and parameters: {'interp_param': 0.9725739384163509}. Best is trial 32 with value: 0.5475568757959317.
[I 2025-05-15 03:22:47,517] Trial 84 finished with value: 0.5473333253593566 and parameters: {'interp_param': 0.9718896184187001}. Best is trial 32 with value: 0.5475568757959317.
[I 2025-05-15 03:22:55,066] Trial 85 finished with value: 0.5466313518001252 and parameters: {'interp_param': 0.9325841413561574}. Best is trial 32 with value: 0.5475568757959317.
[I 2025-05-15 03:23:02,599] Trial 86 finished with value: 0.5475597604992648 and parameters: {'interp_param': 0.9997795387958148}. Best is trial 86 with value: 0.5475597604992648.
[I 2025-05-15 03:23:10,167] Trial 87 finished with value: 0.5455349787868767 and parameters: {'interp_param': 0.8751054230110985}. Best is trial 86 with value: 0.5475597604992648.
[I 2025-05-15 03:23:17,733] Trial 88 finished with value: 0.5297339262219534 and parameters: {'interp_param': 0.14901122620531926}. Best is trial 86 with value: 0.5475597604992648.
[I 2025-05-15 03:23:25,289] Trial 89 finished with value: 0.5469984000450295 and parameters: {'interp_param': 0.9487515133736286}. Best is trial 86 with value: 0.5475597604992648.
[I 2025-05-15 03:23:32,836] Trial 90 finished with value: 0.5461670693524896 and parameters: {'interp_param': 0.9083623606629261}. Best is trial 86 with value: 0.5475597604992648.
[I 2025-05-15 03:23:40,388] Trial 91 finished with value: 0.5474336708201705 and parameters: {'interp_param': 0.9793310679959085}. Best is trial 86 with value: 0.5475597604992648.
[I 2025-05-15 03:23:48,098] Trial 92 finished with value: 0.547524218139859 and parameters: {'interp_param': 0.9987869879870886}. Best is trial 86 with value: 0.5475597604992648.
[I 2025-05-15 03:23:55,657] Trial 93 finished with value: 0.5473903397617657 and parameters: {'interp_param': 0.9766045276747473}. Best is trial 86 with value: 0.5475597604992648.
[I 2025-05-15 03:24:03,211] Trial 94 finished with value: 0.5475593847842453 and parameters: {'interp_param': 0.999968046839595}. Best is trial 86 with value: 0.5475597604992648.
[I 2025-05-15 03:24:10,778] Trial 95 finished with value: 0.5470661821303182 and parameters: {'interp_param': 0.9530418608736421}. Best is trial 86 with value: 0.5475597604992648.
[I 2025-05-15 03:24:18,325] Trial 96 finished with value: 0.5366335835754842 and parameters: {'interp_param': 0.45144711824437544}. Best is trial 86 with value: 0.5475597604992648.
[I 2025-05-15 03:24:25,866] Trial 97 finished with value: 0.5465042447354165 and parameters: {'interp_param': 0.9250391446767614}. Best is trial 86 with value: 0.5475597604992648.
[I 2025-05-15 03:24:33,387] Trial 98 finished with value: 0.5469511401614027 and parameters: {'interp_param': 0.9457469379353649}. Best is trial 86 with value: 0.5475597604992648.
