This job can be monitored from: https://job.c3se.chalmers.se/alvis/4351578
/usr/share/lmod/lmod/init/bash: /usr/share/lmod/lmod/libexec/addto: /usr/bin/lua: bad interpreter: No such file or directory
no change     /opt/conda/condabin/conda
no change     /opt/conda/bin/conda
no change     /opt/conda/bin/conda-env
no change     /opt/conda/bin/activate
no change     /opt/conda/bin/deactivate
no change     /opt/conda/etc/profile.d/conda.sh
no change     /opt/conda/etc/fish/conf.d/conda.fish
no change     /opt/conda/shell/condabin/Conda.psm1
no change     /opt/conda/shell/condabin/conda-hook.ps1
no change     /opt/conda/lib/python3.12/site-packages/xontrib/conda.xsh
no change     /opt/conda/etc/profile.d/conda.csh
no change     /cephyr/users/lassila/Alvis/.bashrc
No action taken.
Overwriting config seed with seed=3453
Running MIA...

attacks:
  MLP-attack-0hop:
    attack: mlp-attack
    edge_dropout: 0.0
    mlp_attack_queries:
    - 0
    mlp_hidden_dim:
    - 128
    - 64
  MLP-attack-comb:
    attack: mlp-attack
    edge_dropout: 0.5
    mlp_attack_queries:
    - 0
    - 2
    mlp_hidden_dim:
    - 128
    - 64
  graph-lset-MIA:
    attack: graph-lset
    num_sampled_graphs: 16
    prior: 0.5
    sampling_strategy: MIA
  graph-lset-MIA-offline:
    attack: graph-lset
    num_sampled_graphs: 16
    offline: true
    prior: 0.5
    sampling_strategy: MIA
    threshold_scale_factor: 0.9
  lira:
    attack: lira
  lira-offline:
    attack: lira
    offline: true
  lset:
    attack: lset
  lset-offline:
    attack: lset
    offline: true
  rmia:
    Z_frac: 0.5
    attack: rmia
    rmia_gamma: 1
  rmia-offline:
    Z_frac: 0.5
    attack: rmia
    offline: true
    rmia_gamma: 1
batch_size: 524288
datadir: ./data
dataset: github
device: cuda
dropout: 0.0
early_stopping: 0
epochs: 300
epochs_mlp: 1000
frac_target_nodes: 0.2
hidden_dim:
- 64
hidden_dim_mlp:
- 128
hyperparam_search: false
inductive_inference: true
inductive_split: true
lr: 0.001
max_num_nodes: null
model: GraphSAGE
name: github-GraphSAGE
num_audits: 1
num_processes: 1
num_shadow_models: 128
offline: false
optimizer: Adam
pretrain_shadow_models: true
savedir: large_N_results
seed: 3453
target_fpr:
- 0.01
- 0.001
train_frac: 0.5
val_frac: 0.0
weight_decay: 1.0e-05

Dataset properties
#Nodes: 37700
#Edges: 578006
#Features: 128
#Classes: 2
#Class distribution: [0.7417, 0.2583]
Average degree: 15.3317
Fraction isolated nodes: 0.0

Training 128 shadow models:   0%|          | 0/128 [00:00<?, ?it/s]Training 128 shadow models:   1%|          | 1/128 [00:02<05:27,  2.58s/it]Training 128 shadow models:   2%|▏         | 2/128 [00:04<04:33,  2.17s/it]Training 128 shadow models:   2%|▏         | 3/128 [00:06<04:14,  2.04s/it]Training 128 shadow models:   3%|▎         | 4/128 [00:08<04:05,  1.98s/it]Training 128 shadow models:   4%|▍         | 5/128 [00:10<03:58,  1.94s/it]Training 128 shadow models:   5%|▍         | 6/128 [00:11<03:54,  1.92s/it]Training 128 shadow models:   5%|▌         | 7/128 [00:13<03:51,  1.91s/it]Training 128 shadow models:   6%|▋         | 8/128 [00:15<03:48,  1.90s/it]Training 128 shadow models:   7%|▋         | 9/128 [00:17<03:45,  1.89s/it]Training 128 shadow models:   8%|▊         | 10/128 [00:19<03:42,  1.89s/it]Training 128 shadow models:   9%|▊         | 11/128 [00:21<03:40,  1.89s/it]Training 128 shadow models:   9%|▉         | 12/128 [00:23<03:38,  1.88s/it]Training 128 shadow models:  10%|█         | 13/128 [00:25<03:36,  1.88s/it]Training 128 shadow models:  11%|█         | 14/128 [00:27<03:34,  1.88s/it]Training 128 shadow models:  12%|█▏        | 15/128 [00:28<03:32,  1.88s/it]Training 128 shadow models:  12%|█▎        | 16/128 [00:30<03:30,  1.88s/it]Training 128 shadow models:  13%|█▎        | 17/128 [00:32<03:28,  1.88s/it]Training 128 shadow models:  14%|█▍        | 18/128 [00:34<03:26,  1.88s/it]Training 128 shadow models:  15%|█▍        | 19/128 [00:36<03:24,  1.88s/it]Training 128 shadow models:  16%|█▌        | 20/128 [00:38<03:22,  1.88s/it]Training 128 shadow models:  16%|█▋        | 21/128 [00:40<03:20,  1.88s/it]Training 128 shadow models:  17%|█▋        | 22/128 [00:42<03:18,  1.88s/it]Training 128 shadow models:  18%|█▊        | 23/128 [00:43<03:17,  1.88s/it]Training 128 shadow models:  19%|█▉        | 24/128 [00:45<03:15,  1.88s/it]Training 128 shadow models:  20%|█▉        | 25/128 [00:47<03:16,  1.91s/it]Training 128 shadow models:  20%|██        | 26/128 [00:49<03:13,  1.90s/it]Training 128 shadow models:  21%|██        | 27/128 [00:51<03:11,  1.89s/it]Training 128 shadow models:  22%|██▏       | 28/128 [00:53<03:08,  1.89s/it]Training 128 shadow models:  23%|██▎       | 29/128 [00:55<03:06,  1.89s/it]Training 128 shadow models:  23%|██▎       | 30/128 [00:57<03:04,  1.88s/it]Training 128 shadow models:  24%|██▍       | 31/128 [00:59<03:02,  1.88s/it]Training 128 shadow models:  25%|██▌       | 32/128 [01:00<03:00,  1.88s/it]Training 128 shadow models:  26%|██▌       | 33/128 [01:02<02:58,  1.88s/it]Training 128 shadow models:  27%|██▋       | 34/128 [01:04<02:56,  1.88s/it]Training 128 shadow models:  27%|██▋       | 35/128 [01:06<02:55,  1.88s/it]Training 128 shadow models:  28%|██▊       | 36/128 [01:08<02:53,  1.88s/it]Training 128 shadow models:  29%|██▉       | 37/128 [01:10<02:51,  1.88s/it]Training 128 shadow models:  30%|██▉       | 38/128 [01:12<02:49,  1.88s/it]Training 128 shadow models:  30%|███       | 39/128 [01:14<02:47,  1.88s/it]Training 128 shadow models:  31%|███▏      | 40/128 [01:15<02:45,  1.88s/it]Training 128 shadow models:  32%|███▏      | 41/128 [01:17<02:43,  1.88s/it]Training 128 shadow models:  33%|███▎      | 42/128 [01:19<02:41,  1.88s/it]Training 128 shadow models:  34%|███▎      | 43/128 [01:21<02:39,  1.88s/it]Training 128 shadow models:  34%|███▍      | 44/128 [01:23<02:37,  1.88s/it]Training 128 shadow models:  35%|███▌      | 45/128 [01:25<02:36,  1.88s/it]Training 128 shadow models:  36%|███▌      | 46/128 [01:27<02:34,  1.88s/it]Training 128 shadow models:  37%|███▋      | 47/128 [01:29<02:32,  1.88s/it]Training 128 shadow models:  38%|███▊      | 48/128 [01:31<02:30,  1.88s/it]Training 128 shadow models:  38%|███▊      | 49/128 [01:32<02:28,  1.88s/it]Training 128 shadow models:  39%|███▉      | 50/128 [01:34<02:26,  1.88s/it]Training 128 shadow models:  40%|███▉      | 51/128 [01:36<02:25,  1.88s/it]Training 128 shadow models:  41%|████      | 52/128 [01:38<02:23,  1.88s/it]Training 128 shadow models:  41%|████▏     | 53/128 [01:40<02:21,  1.88s/it]Training 128 shadow models:  42%|████▏     | 54/128 [01:42<02:19,  1.88s/it]Training 128 shadow models:  43%|████▎     | 55/128 [01:44<02:17,  1.89s/it]Training 128 shadow models:  44%|████▍     | 56/128 [01:46<02:15,  1.88s/it]Training 128 shadow models:  45%|████▍     | 57/128 [01:48<02:13,  1.88s/it]Training 128 shadow models:  45%|████▌     | 58/128 [01:49<02:11,  1.88s/it]Training 128 shadow models:  46%|████▌     | 59/128 [01:51<02:09,  1.88s/it]Training 128 shadow models:  47%|████▋     | 60/128 [01:53<02:07,  1.88s/it]Training 128 shadow models:  48%|████▊     | 61/128 [01:55<02:06,  1.88s/it]Training 128 shadow models:  48%|████▊     | 62/128 [01:57<02:04,  1.88s/it]Training 128 shadow models:  49%|████▉     | 63/128 [01:59<02:02,  1.88s/it]Training 128 shadow models:  50%|█████     | 64/128 [02:01<02:00,  1.88s/it]Training 128 shadow models:  51%|█████     | 65/128 [02:03<01:58,  1.89s/it]Training 128 shadow models:  52%|█████▏    | 66/128 [02:04<01:56,  1.89s/it]Training 128 shadow models:  52%|█████▏    | 67/128 [02:06<01:55,  1.89s/it]Training 128 shadow models:  53%|█████▎    | 68/128 [02:08<01:53,  1.89s/it]Training 128 shadow models:  54%|█████▍    | 69/128 [02:10<01:51,  1.89s/it]Training 128 shadow models:  55%|█████▍    | 70/128 [02:12<01:49,  1.89s/it]Training 128 shadow models:  55%|█████▌    | 71/128 [02:14<01:47,  1.89s/it]Training 128 shadow models:  56%|█████▋    | 72/128 [02:16<01:45,  1.89s/it]Training 128 shadow models:  57%|█████▋    | 73/128 [02:18<01:43,  1.89s/it]Training 128 shadow models:  58%|█████▊    | 74/128 [02:20<01:41,  1.88s/it]Training 128 shadow models:  59%|█████▊    | 75/128 [02:21<01:39,  1.88s/it]Training 128 shadow models:  59%|█████▉    | 76/128 [02:23<01:37,  1.88s/it]Training 128 shadow models:  60%|██████    | 77/128 [02:25<01:35,  1.88s/it]Training 128 shadow models:  61%|██████    | 78/128 [02:27<01:34,  1.88s/it]Training 128 shadow models:  62%|██████▏   | 79/128 [02:29<01:32,  1.88s/it]Training 128 shadow models:  62%|██████▎   | 80/128 [02:31<01:30,  1.88s/it]Training 128 shadow models:  63%|██████▎   | 81/128 [02:33<01:28,  1.88s/it]Training 128 shadow models:  64%|██████▍   | 82/128 [02:35<01:26,  1.88s/it]Training 128 shadow models:  65%|██████▍   | 83/128 [02:36<01:24,  1.88s/it]Training 128 shadow models:  66%|██████▌   | 84/128 [02:38<01:22,  1.88s/it]Training 128 shadow models:  66%|██████▋   | 85/128 [02:40<01:20,  1.88s/it]Training 128 shadow models:  67%|██████▋   | 86/128 [02:42<01:19,  1.88s/it]Training 128 shadow models:  68%|██████▊   | 87/128 [02:44<01:17,  1.88s/it]Training 128 shadow models:  69%|██████▉   | 88/128 [02:46<01:15,  1.88s/it]Training 128 shadow models:  70%|██████▉   | 89/128 [02:48<01:13,  1.88s/it]Training 128 shadow models:  70%|███████   | 90/128 [02:50<01:11,  1.89s/it]Training 128 shadow models:  71%|███████   | 91/128 [02:52<01:09,  1.89s/it]Training 128 shadow models:  72%|███████▏  | 92/128 [02:53<01:08,  1.89s/it]Training 128 shadow models:  73%|███████▎  | 93/128 [02:55<01:06,  1.89s/it]Training 128 shadow models:  73%|███████▎  | 94/128 [02:57<01:04,  1.89s/it]Training 128 shadow models:  74%|███████▍  | 95/128 [02:59<01:02,  1.89s/it]Training 128 shadow models:  75%|███████▌  | 96/128 [03:01<01:00,  1.89s/it]Training 128 shadow models:  76%|███████▌  | 97/128 [03:03<00:58,  1.89s/it]Training 128 shadow models:  77%|███████▋  | 98/128 [03:05<00:56,  1.89s/it]Training 128 shadow models:  77%|███████▋  | 99/128 [03:07<00:54,  1.89s/it]Training 128 shadow models:  78%|███████▊  | 100/128 [03:09<00:52,  1.89s/it]Training 128 shadow models:  79%|███████▉  | 101/128 [03:10<00:51,  1.89s/it]Training 128 shadow models:  80%|███████▉  | 102/128 [03:12<00:49,  1.89s/it]Training 128 shadow models:  80%|████████  | 103/128 [03:14<00:47,  1.89s/it]Training 128 shadow models:  81%|████████▏ | 104/128 [03:16<00:45,  1.89s/it]Training 128 shadow models:  82%|████████▏ | 105/128 [03:18<00:43,  1.89s/it]Training 128 shadow models:  83%|████████▎ | 106/128 [03:20<00:41,  1.89s/it]Training 128 shadow models:  84%|████████▎ | 107/128 [03:22<00:39,  1.89s/it]Training 128 shadow models:  84%|████████▍ | 108/128 [03:24<00:37,  1.89s/it]Training 128 shadow models:  85%|████████▌ | 109/128 [03:26<00:35,  1.89s/it]Training 128 shadow models:  86%|████████▌ | 110/128 [03:28<00:34,  1.89s/it]Training 128 shadow models:  87%|████████▋ | 111/128 [03:29<00:32,  1.90s/it]Training 128 shadow models:  88%|████████▊ | 112/128 [03:31<00:30,  1.90s/it]Training 128 shadow models:  88%|████████▊ | 113/128 [03:33<00:28,  1.90s/it]Training 128 shadow models:  89%|████████▉ | 114/128 [03:35<00:26,  1.90s/it]Training 128 shadow models:  90%|████████▉ | 115/128 [03:37<00:24,  1.90s/it]Training 128 shadow models:  91%|█████████ | 116/128 [03:39<00:22,  1.89s/it]Training 128 shadow models:  91%|█████████▏| 117/128 [03:41<00:20,  1.89s/it]Training 128 shadow models:  92%|█████████▏| 118/128 [03:43<00:18,  1.89s/it]Training 128 shadow models:  93%|█████████▎| 119/128 [03:45<00:16,  1.89s/it]Training 128 shadow models:  94%|█████████▍| 120/128 [03:46<00:15,  1.89s/it]Training 128 shadow models:  95%|█████████▍| 121/128 [03:48<00:13,  1.89s/it]Training 128 shadow models:  95%|█████████▌| 122/128 [03:50<00:11,  1.88s/it]Training 128 shadow models:  96%|█████████▌| 123/128 [03:52<00:09,  1.88s/it]Training 128 shadow models:  97%|█████████▋| 124/128 [03:54<00:07,  1.88s/it]Training 128 shadow models:  98%|█████████▊| 125/128 [03:56<00:05,  1.88s/it]Training 128 shadow models:  98%|█████████▊| 126/128 [03:58<00:03,  1.88s/it]Training 128 shadow models:  99%|█████████▉| 127/128 [04:00<00:01,  1.88s/it]Training 128 shadow models: 100%|██████████| 128/128 [04:01<00:00,  1.88s/it]Training 128 shadow models: 100%|██████████| 128/128 [04:01<00:00,  1.89s/it]
[I 2025-05-15 03:11:35,343] A new study created in memory with name: no-name-88a7e7df-ee7b-43ed-a37b-d007e4c2d5cc
Tuning interpolation parameter for offline RMIA using optuna
  0%|          | 0/100 [00:00<?, ?it/s]                                         0%|          | 0/100 [00:07<?, ?it/s]Best trial: 0. Best value: 0.546026:   0%|          | 0/100 [00:07<?, ?it/s]Best trial: 0. Best value: 0.546026:   1%|          | 1/100 [00:07<12:28,  7.56s/it]                                                                                    Best trial: 0. Best value: 0.546026:   1%|          | 1/100 [00:15<12:28,  7.56s/it]Best trial: 0. Best value: 0.546026:   1%|          | 1/100 [00:15<12:28,  7.56s/it]Best trial: 0. Best value: 0.546026:   2%|▏         | 2/100 [00:15<12:17,  7.53s/it]                                                                                    Best trial: 0. Best value: 0.546026:   2%|▏         | 2/100 [00:22<12:17,  7.53s/it]Best trial: 0. Best value: 0.546026:   2%|▏         | 2/100 [00:22<12:17,  7.53s/it]Best trial: 0. Best value: 0.546026:   3%|▎         | 3/100 [00:22<12:08,  7.51s/it]                                                                                    Best trial: 0. Best value: 0.546026:   3%|▎         | 3/100 [00:30<12:08,  7.51s/it]Best trial: 0. Best value: 0.546026:   3%|▎         | 3/100 [00:30<12:08,  7.51s/it]Best trial: 0. Best value: 0.546026:   4%|▍         | 4/100 [00:30<12:01,  7.52s/it]                                                                                    Best trial: 0. Best value: 0.546026:   4%|▍         | 4/100 [00:37<12:01,  7.52s/it]Best trial: 0. Best value: 0.546026:   4%|▍         | 4/100 [00:37<12:01,  7.52s/it]Best trial: 0. Best value: 0.546026:   5%|▌         | 5/100 [00:37<12:00,  7.58s/it]                                                                                    Best trial: 0. Best value: 0.546026:   5%|▌         | 5/100 [00:45<12:00,  7.58s/it]Best trial: 0. Best value: 0.546026:   5%|▌         | 5/100 [00:45<12:00,  7.58s/it]Best trial: 0. Best value: 0.546026:   6%|▌         | 6/100 [00:45<11:50,  7.56s/it]                                                                                    Best trial: 0. Best value: 0.546026:   6%|▌         | 6/100 [00:52<11:50,  7.56s/it]Best trial: 0. Best value: 0.546026:   6%|▌         | 6/100 [00:52<11:50,  7.56s/it]Best trial: 0. Best value: 0.546026:   7%|▋         | 7/100 [00:52<11:41,  7.55s/it]                                                                                    Best trial: 0. Best value: 0.546026:   7%|▋         | 7/100 [01:00<11:41,  7.55s/it]Best trial: 0. Best value: 0.546026:   7%|▋         | 7/100 [01:00<11:41,  7.55s/it]Best trial: 0. Best value: 0.546026:   8%|▊         | 8/100 [01:00<11:33,  7.54s/it]                                                                                    Best trial: 0. Best value: 0.546026:   8%|▊         | 8/100 [01:07<11:33,  7.54s/it]Best trial: 0. Best value: 0.546026:   8%|▊         | 8/100 [01:07<11:33,  7.54s/it]Best trial: 0. Best value: 0.546026:   9%|▉         | 9/100 [01:07<11:25,  7.53s/it]                                                                                    Best trial: 0. Best value: 0.546026:   9%|▉         | 9/100 [01:15<11:25,  7.53s/it]Best trial: 0. Best value: 0.546026:   9%|▉         | 9/100 [01:15<11:25,  7.53s/it]Best trial: 0. Best value: 0.546026:  10%|█         | 10/100 [01:15<11:17,  7.52s/it]                                                                                     Best trial: 0. Best value: 0.546026:  10%|█         | 10/100 [01:22<11:17,  7.52s/it]Best trial: 10. Best value: 0.546238:  10%|█         | 10/100 [01:22<11:17,  7.52s/it]Best trial: 10. Best value: 0.546238:  11%|█         | 11/100 [01:22<11:09,  7.53s/it]                                                                                      Best trial: 10. Best value: 0.546238:  11%|█         | 11/100 [01:30<11:09,  7.53s/it]Best trial: 10. Best value: 0.546238:  11%|█         | 11/100 [01:30<11:09,  7.53s/it]Best trial: 10. Best value: 0.546238:  12%|█▏        | 12/100 [01:30<11:02,  7.53s/it]                                                                                      Best trial: 10. Best value: 0.546238:  12%|█▏        | 12/100 [01:37<11:02,  7.53s/it]Best trial: 10. Best value: 0.546238:  12%|█▏        | 12/100 [01:37<11:02,  7.53s/it]Best trial: 10. Best value: 0.546238:  13%|█▎        | 13/100 [01:37<10:55,  7.53s/it]                                                                                      Best trial: 10. Best value: 0.546238:  13%|█▎        | 13/100 [01:45<10:55,  7.53s/it]Best trial: 10. Best value: 0.546238:  13%|█▎        | 13/100 [01:45<10:55,  7.53s/it]Best trial: 10. Best value: 0.546238:  14%|█▍        | 14/100 [01:45<10:47,  7.53s/it]                                                                                      Best trial: 10. Best value: 0.546238:  14%|█▍        | 14/100 [01:53<10:47,  7.53s/it]Best trial: 10. Best value: 0.546238:  14%|█▍        | 14/100 [01:53<10:47,  7.53s/it]Best trial: 10. Best value: 0.546238:  15%|█▌        | 15/100 [01:53<10:39,  7.53s/it]                                                                                      Best trial: 10. Best value: 0.546238:  15%|█▌        | 15/100 [02:00<10:39,  7.53s/it]Best trial: 10. Best value: 0.546238:  15%|█▌        | 15/100 [02:00<10:39,  7.53s/it]Best trial: 10. Best value: 0.546238:  16%|█▌        | 16/100 [02:00<10:32,  7.53s/it]                                                                                      Best trial: 10. Best value: 0.546238:  16%|█▌        | 16/100 [02:08<10:32,  7.53s/it]Best trial: 16. Best value: 0.546238:  16%|█▌        | 16/100 [02:08<10:32,  7.53s/it]Best trial: 16. Best value: 0.546238:  17%|█▋        | 17/100 [02:08<10:25,  7.53s/it]                                                                                      Best trial: 16. Best value: 0.546238:  17%|█▋        | 17/100 [02:15<10:25,  7.53s/it]Best trial: 16. Best value: 0.546238:  17%|█▋        | 17/100 [02:15<10:25,  7.53s/it]Best trial: 16. Best value: 0.546238:  18%|█▊        | 18/100 [02:15<10:17,  7.54s/it]                                                                                      Best trial: 16. Best value: 0.546238:  18%|█▊        | 18/100 [02:23<10:17,  7.54s/it]Best trial: 16. Best value: 0.546238:  18%|█▊        | 18/100 [02:23<10:17,  7.54s/it]Best trial: 16. Best value: 0.546238:  19%|█▉        | 19/100 [02:23<10:14,  7.58s/it]                                                                                      Best trial: 16. Best value: 0.546238:  19%|█▉        | 19/100 [02:30<10:14,  7.58s/it]Best trial: 16. Best value: 0.546238:  19%|█▉        | 19/100 [02:30<10:14,  7.58s/it]Best trial: 16. Best value: 0.546238:  20%|██        | 20/100 [02:30<10:05,  7.56s/it]                                                                                      Best trial: 16. Best value: 0.546238:  20%|██        | 20/100 [02:38<10:05,  7.56s/it]Best trial: 16. Best value: 0.546238:  20%|██        | 20/100 [02:38<10:05,  7.56s/it]Best trial: 16. Best value: 0.546238:  21%|██        | 21/100 [02:38<09:57,  7.56s/it]                                                                                      Best trial: 16. Best value: 0.546238:  21%|██        | 21/100 [02:45<09:57,  7.56s/it]Best trial: 16. Best value: 0.546238:  21%|██        | 21/100 [02:45<09:57,  7.56s/it]Best trial: 16. Best value: 0.546238:  22%|██▏       | 22/100 [02:45<09:49,  7.56s/it]                                                                                      Best trial: 16. Best value: 0.546238:  22%|██▏       | 22/100 [02:53<09:49,  7.56s/it]Best trial: 16. Best value: 0.546238:  22%|██▏       | 22/100 [02:53<09:49,  7.56s/it]Best trial: 16. Best value: 0.546238:  23%|██▎       | 23/100 [02:53<09:41,  7.55s/it]                                                                                      Best trial: 16. Best value: 0.546238:  23%|██▎       | 23/100 [03:01<09:41,  7.55s/it]Best trial: 16. Best value: 0.546238:  23%|██▎       | 23/100 [03:01<09:41,  7.55s/it]Best trial: 16. Best value: 0.546238:  24%|██▍       | 24/100 [03:01<09:33,  7.55s/it]                                                                                      Best trial: 16. Best value: 0.546238:  24%|██▍       | 24/100 [03:08<09:33,  7.55s/it]Best trial: 16. Best value: 0.546238:  24%|██▍       | 24/100 [03:08<09:33,  7.55s/it]Best trial: 16. Best value: 0.546238:  25%|██▌       | 25/100 [03:08<09:25,  7.54s/it]                                                                                      Best trial: 16. Best value: 0.546238:  25%|██▌       | 25/100 [03:16<09:25,  7.54s/it]Best trial: 16. Best value: 0.546238:  25%|██▌       | 25/100 [03:16<09:25,  7.54s/it]Best trial: 16. Best value: 0.546238:  26%|██▌       | 26/100 [03:16<09:17,  7.54s/it]                                                                                      Best trial: 16. Best value: 0.546238:  26%|██▌       | 26/100 [03:23<09:17,  7.54s/it]Best trial: 16. Best value: 0.546238:  26%|██▌       | 26/100 [03:23<09:17,  7.54s/it]Best trial: 16. Best value: 0.546238:  27%|██▋       | 27/100 [03:23<09:10,  7.54s/it]                                                                                      B