[I 2025-05-15 03:11:52,102] Trial 0 finished with value: 0.5402275256984852 and parameters: {'interp_param': 0.5936963494895621}. Best is trial 0 with value: 0.5402275256984852.
[I 2025-05-15 03:11:59,642] Trial 1 finished with value: 0.5273087279865474 and parameters: {'interp_param': 0.009315194633258694}. Best is trial 0 with value: 0.5402275256984852.
[I 2025-05-15 03:12:07,181] Trial 2 finished with value: 0.5390302345052734 and parameters: {'interp_param': 0.5373283969575818}. Best is trial 0 with value: 0.5402275256984852.
[I 2025-05-15 03:12:14,725] Trial 3 finished with value: 0.5428129966438939 and parameters: {'interp_param': 0.7258271824606893}. Best is trial 3 with value: 0.5428129966438939.
[I 2025-05-15 03:12:22,465] Trial 4 finished with value: 0.5399197095596254 and parameters: {'interp_param': 0.577215414950614}. Best is trial 3 with value: 0.5428129966438939.
[I 2025-05-15 03:12:30,017] Trial 5 finished with value: 0.5447288604014663 and parameters: {'interp_param': 0.9795427921117484}. Best is trial 5 with value: 0.5447288604014663.
[I 2025-05-15 03:12:37,550] Trial 6 finished with value: 0.5296925075107825 and parameters: {'interp_param': 0.14948515561775533}. Best is trial 5 with value: 0.5447288604014663.
[I 2025-05-15 03:12:45,123] Trial 7 finished with value: 0.5359558007162508 and parameters: {'interp_param': 0.42174767198655716}. Best is trial 5 with value: 0.5447288604014663.
[I 2025-05-15 03:12:52,666] Trial 8 finished with value: 0.5444942144108521 and parameters: {'interp_param': 0.9891770261186157}. Best is trial 5 with value: 0.5447288604014663.
[I 2025-05-15 03:13:00,217] Trial 9 finished with value: 0.544666901195393 and parameters: {'interp_param': 0.8532964732985039}. Best is trial 5 with value: 0.5447288604014663.
[I 2025-05-15 03:13:07,776] Trial 10 finished with value: 0.5334892710143602 and parameters: {'interp_param': 0.3316285262363949}. Best is trial 5 with value: 0.5447288604014663.
[I 2025-05-15 03:13:15,334] Trial 11 finished with value: 0.544151842340409 and parameters: {'interp_param': 0.999056157930769}. Best is trial 5 with value: 0.5447288604014663.
[I 2025-05-15 03:13:22,879] Trial 12 finished with value: 0.544405707491082 and parameters: {'interp_param': 0.8278138623895239}. Best is trial 5 with value: 0.5447288604014663.
[I 2025-05-15 03:13:30,449] Trial 13 finished with value: 0.5443993611437496 and parameters: {'interp_param': 0.8272774404693211}. Best is trial 5 with value: 0.5447288604014663.
[I 2025-05-15 03:13:38,016] Trial 14 finished with value: 0.5444685799520155 and parameters: {'interp_param': 0.8329859129423347}. Best is trial 5 with value: 0.5447288604014663.
[I 2025-05-15 03:13:45,600] Trial 15 finished with value: 0.5423246177768084 and parameters: {'interp_param': 0.7037566870669835}. Best is trial 5 with value: 0.5447288604014663.
[I 2025-05-15 03:13:53,170] Trial 16 finished with value: 0.5450663144045198 and parameters: {'interp_param': 0.8998836767013685}. Best is trial 16 with value: 0.5450663144045198.
[I 2025-05-15 03:14:00,732] Trial 17 finished with value: 0.5448849101872244 and parameters: {'interp_param': 0.935816251849068}. Best is trial 16 with value: 0.5450663144045198.
[I 2025-05-15 03:14:08,454] Trial 18 finished with value: 0.5420339198896778 and parameters: {'interp_param': 0.6899046417698984}. Best is trial 16 with value: 0.5450663144045198.
[I 2025-05-15 03:14:16,025] Trial 19 finished with value: 0.5331337334393403 and parameters: {'interp_param': 0.31553414558672394}. Best is trial 16 with value: 0.5450663144045198.
[I 2025-05-15 03:14:23,611] Trial 20 finished with value: 0.5450611472676231 and parameters: {'interp_param': 0.8986795567877639}. Best is trial 16 with value: 0.5450663144045198.
[I 2025-05-15 03:14:31,164] Trial 21 finished with value: 0.5450682380091325 and parameters: {'interp_param': 0.9052735088172201}. Best is trial 21 with value: 0.5450682380091325.
[I 2025-05-15 03:14:38,731] Trial 22 finished with value: 0.5450481464022121 and parameters: {'interp_param': 0.8957517258088824}. Best is trial 21 with value: 0.5450682380091325.
[I 2025-05-15 03:14:46,286] Trial 23 finished with value: 0.5434540452687349 and parameters: {'interp_param': 0.7537065235808595}. Best is trial 21 with value: 0.5450682380091325.
[I 2025-05-15 03:14:53,844] Trial 24 finished with value: 0.5414640488570243 and parameters: {'interp_param': 0.6645454441623972}. Best is trial 21 with value: 0.5450682380091325.
[I 2025-05-15 03:15:01,411] Trial 25 finished with value: 0.5436590815386022 and parameters: {'interp_param': 0.766939252633579}. Best is trial 21 with value: 0.5450682380091325.
[I 2025-05-15 03:15:08,970] Trial 26 finished with value: 0.5450598188969176 and parameters: {'interp_param': 0.9091446882592217}. Best is trial 21 with value: 0.5450682380091325.
[I 2025-05-15 03:15:16,515] Trial 27 finished with value: 0.5410370339621049 and parameters: {'interp_param': 0.640976173183041}. Best is trial 21 with value: 0.5450682380091325.
[I 2025-05-15 03:15:24,019] Trial 28 finished with value: 0.5365030725608426 and parameters: {'interp_param': 0.44119193905464327}. Best is trial 21 with value: 0.5450682380091325.
[I 2025-05-15 03:15:31,580] Trial 29 finished with value: 0.5438800568497633 and parameters: {'interp_param': 0.7833259723800126}. Best is trial 21 with value: 0.5450682380091325.
[I 2025-05-15 03:15:39,128] Trial 30 finished with value: 0.5405004735134983 and parameters: {'interp_param': 0.6091021259813745}. Best is trial 21 with value: 0.5450682380091325.
[I 2025-05-15 03:15:46,689] Trial 31 finished with value: 0.5450544153550647 and parameters: {'interp_param': 0.8975056508510871}. Best is trial 21 with value: 0.5450682380091325.
[I 2025-05-15 03:15:54,246] Trial 32 finished with value: 0.5448849256661202 and parameters: {'interp_param': 0.9358937184136691}. Best is trial 21 with value: 0.5450682380091325.
[I 2025-05-15 03:16:01,961] Trial 33 finished with value: 0.545039061697472 and parameters: {'interp_param': 0.892209252327958}. Best is trial 21 with value: 0.5450682380091325.
[I 2025-05-15 03:16:09,515] Trial 34 finished with value: 0.5440119046781444 and parameters: {'interp_param': 0.797078491563875}. Best is trial 21 with value: 0.5450682380091325.
[I 2025-05-15 03:16:17,077] Trial 35 finished with value: 0.5271696219631461 and parameters: {'interp_param': 0.0011614439228938567}. Best is trial 21 with value: 0.5450682380091325.
[I 2025-05-15 03:16:24,647] Trial 36 finished with value: 0.5448583019651162 and parameters: {'interp_param': 0.9389208027343965}. Best is trial 21 with value: 0.5450682380091325.
[I 2025-05-15 03:16:32,207] Trial 37 finished with value: 0.5450023091698386 and parameters: {'interp_param': 0.888621989099694}. Best is trial 21 with value: 0.5450682380091325.
[I 2025-05-15 03:16:39,780] Trial 38 finished with value: 0.5286813894419858 and parameters: {'interp_param': 0.09439448581889065}. Best is trial 21 with value: 0.5450682380091325.
[I 2025-05-15 03:16:47,340] Trial 39 finished with value: 0.538314307424945 and parameters: {'interp_param': 0.5070694945997625}. Best is trial 21 with value: 0.5450682380091325.
[I 2025-05-15 03:16:54,889] Trial 40 finished with value: 0.542793462277227 and parameters: {'interp_param': 0.72491517772206}. Best is trial 21 with value: 0.5450682380091325.
[I 2025-05-15 03:17:02,453] Trial 41 finished with value: 0.5449133772840167 and parameters: {'interp_param': 0.8796125021359732}. Best is trial 21 with value: 0.5450682380091325.
[I 2025-05-15 03:17:10,026] Trial 42 finished with value: 0.5448236728605703 and parameters: {'interp_param': 0.9482066124769497}. Best is trial 21 with value: 0.5450682380091325.
[I 2025-05-15 03:17:17,592] Trial 43 finished with value: 0.5448394064546996 and parameters: {'interp_param': 0.9685859696028177}. Best is trial 21 with value: 0.5450682380091325.
[I 2025-05-15 03:17:25,164] Trial 44 finished with value: 0.544736853140457 and parameters: {'interp_param': 0.8639512324157106}. Best is trial 21 with value: 0.5450682380091325.
[I 2025-05-15 03:17:32,728] Trial 45 finished with value: 0.5441355064765108 and parameters: {'interp_param': 0.8079356395643787}. Best is trial 21 with value: 0.5450682380091325.
[I 2025-05-15 03:17:40,281] Trial 46 finished with value: 0.5442916463212997 and parameters: {'interp_param': 0.9937904486558591}. Best is trial 21 with value: 0.5450682380091325.
[I 2025-05-15 03:17:47,777] Trial 47 finished with value: 0.5450679115451457 and parameters: {'interp_param': 0.906418690232556}. Best is trial 21 with value: 0.5450682380091325.
[I 2025-05-15 03:17:55,511] Trial 48 finished with value: 0.5432892710143602 and parameters: {'interp_param': 0.7463385468334995}. Best is trial 21 with value: 0.5450682380091325.
[I 2025-05-15 03:18:03,061] Trial 49 finished with value: 0.5446093858396246 and parameters: {'interp_param': 0.8452286254932976}. Best is trial 21 with value: 0.5450682380091325.
[I 2025-05-15 03:18:10,610] Trial 50 finished with value: 0.5450034630511719 and parameters: {'interp_param': 0.9220053680469577}. Best is trial 21 with value: 0.5450682380091325.
[I 2025-05-15 03:18:18,191] Trial 51 finished with value: 0.5450545504436111 and parameters: {'interp_param': 0.9104523203494753}. Best is trial 21 with value: 0.5450682380091325.
[I 2025-05-15 03:18:25,772] Trial 52 finished with value: 0.5445878504738653 and parameters: {'interp_param': 0.8418736967446795}. Best is trial 21 with value: 0.5450682380091325.
[I 2025-05-15 03:18:33,345] Trial 53 finished with value: 0.5448273709095258 and parameters: {'interp_param': 0.9633291225025575}. Best is trial 21 with value: 0.5450682380091325.
[I 2025-05-15 03:18:40,902] Trial 54 finished with value: 0.5450187590146979 and parameters: {'interp_param': 0.9170689963156538}. Best is trial 21 with value: 0.5450682380091325.
[I 2025-05-15 03:18:48,470] Trial 55 finished with value: 0.5321881994526099 and parameters: {'interp_param': 0.27191639585271243}. Best is trial 21 with value: 0.5450682380091325.
[I 2025-05-15 03:18:56,064] Trial 56 finished with value: 0.5441949975022691 and parameters: {'interp_param': 0.8126495779387902}. Best is trial 21 with value: 0.5450682380091325.
[I 2025-05-15 03:19:03,616] Trial 57 finished with value: 0.5441689071195885 and parameters: {'interp_param': 0.9983803543435474}. Best is trial 21 with value: 0.5450682380091325.
[I 2025-05-15 03:19:11,170] Trial 58 finished with value: 0.5446881452764742 and parameters: {'interp_param': 0.8584157769265746}. Best is trial 21 with value: 0.5450682380091325.
[I 2025-05-15 03:19:18,717] Trial 59 finished with value: 0.5438045859747132 and parameters: {'interp_param': 0.777321371775392}. Best is trial 21 with value: 0.5450682380091325.
[I 2025-05-15 03:19:26,270] Trial 60 finished with value: 0.5392991465499651 and parameters: {'interp_param': 0.5485168354019565}. Best is trial 21 with value: 0.5450682380091325.
[I 2025-05-15 03:19:33,822] Trial 61 finished with value: 0.5450682957031991 and parameters: {'interp_param': 0.9009447922773484}. Best is trial 61 with value: 0.5450682957031991.
[I 2025-05-15 03:19:41,374] Trial 62 finished with value: 0.545039911629576 and parameters: {'interp_param': 0.9134744845296249}. Best is trial 61 with value: 0.5450682957031991.
[I 2025-05-15 03:19:49,079] Trial 63 finished with value: 0.5448350020052206 and parameters: {'interp_param': 0.9659710457200271}. Best is trial 61 with value: 0.5450682957031991.
[I 2025-05-15 03:19:56,641] Trial 64 finished with value: 0.54472887447319 and parameters: {'interp_param': 0.8632341962967887}. Best is trial 61 with value: 0.5450682957031991.
[I 2025-05-15 03:20:04,196] Trial 65 finished with value: 0.5442700602973356 and parameters: {'interp_param': 0.817638833516062}. Best is trial 61 with value: 0.5450682957031991.
[I 2025-05-15 03:20:11,777] Trial 66 finished with value: 0.5450555326499167 and parameters: {'interp_param': 0.910011495109223}. Best is trial 61 with value: 0.5450682957031991.
[I 2025-05-15 03:20:19,337] Trial 67 finished with value: 0.54482392333725 and parameters: {'interp_param': 0.9626245098746813}. Best is trial 61 with value: 0.5450682957031991.
[I 2025-05-15 03:20:26,897] Trial 68 finished with value: 0.5429984169310977 and parameters: {'interp_param': 0.7339944774462059}. Best is trial 61 with value: 0.5450682957031991.
[I 2025-05-15 03:20:34,446] Trial 69 finished with value: 0.5449875437102913 and parameters: {'interp_param': 0.8874595303659815}. Best is trial 61 with value: 0.5450682957031991.
[I 2025-05-15 03:20:42,001] Trial 70 finished with value: 0.5448711381913613 and parameters: {'interp_param': 0.9376384542805936}. Best is trial 61 with value: 0.5450682957031991.
[I 2025-05-15 03:20:49,563] Trial 71 finished with value: 0.5450665831744401 and parameters: {'interp_param': 0.9070725751365245}. Best is trial 61 with value: 0.5450682957031991.
[I 2025-05-15 03:20:57,101] Trial 72 finished with value: 0.5445069563565493 and parameters: {'interp_param': 0.835609363979927}. Best is trial 61 with value: 0.5450682957031991.
[I 2025-05-15 03:21:04,638] Trial 73 finished with value: 0.5448704331980102 and parameters: {'interp_param': 0.8737639137187183}. Best is trial 61 with value: 0.5450682957031991.
[I 2025-05-15 03:21:12,184] Trial 74 finished with value: 0.5450556044157069 and parameters: {'interp_param': 0.9099934664935294}. Best is trial 61 with value: 0.5450682957031991.
[I 2025-05-15 03:21:19,739] Trial 75 finished with value: 0.5439494768836761 and parameters: {'interp_param': 0.789855266613104}. Best is trial 61 with value: 0.5450682957031991.
[I 2025-05-15 03:21:27,288] Trial 76 finished with value: 0.5448418985569448 and parameters: {'interp_param': 0.941097198199885}. Best is trial 61 with value: 0.5450682957031991.
[I 2025-05-15 03:21:35,019] Trial 77 finished with value: 0.5449483089306193 and parameters: {'interp_param': 0.8841044738442485}. Best is trial 61 with value: 0.5450682957031991.
[I 2025-05-15 03:21:42,565] Trial 78 finished with value: 0.5448351652372141 and parameters: {'interp_param': 0.9702678161988928}. Best is trial 61 with value: 0.5450682957031991.
[I 2025-05-15 03:21:50,104] Trial 79 finished with value: 0.5359611747074841 and parameters: {'interp_param': 0.42192200292998006}. Best is trial 61 with value: 0.5450682957031991.
[I 2025-05-15 03:21:57,661] Trial 80 finished with value: 0.5446033631419345 and parameters: {'interp_param': 0.8436490336502096}. Best is trial 61 with value: 0.5450682957031991.
[I 2025-05-15 03:22:05,225] Trial 81 finished with value: 0.5450523228897692 and parameters: {'interp_param': 0.9114187262904772}. Best is trial 61 with value: 0.5450682957031991.
[I 2025-05-15 03:22:12,777] Trial 82 finished with value: 0.5450652604324241 and parameters: {'interp_param': 0.8997452025603878}. Best is trial 61 with value: 0.5450682957031991.
[I 2025-05-15 03:22:20,349] Trial 83 finished with value: 0.5448262803509487 and parameters: {'interp_param': 0.9472873692902639}. Best is trial 61 with value: 0.5450682957031991.
[I 2025-05-15 03:22:27,899] Trial 84 finished with value: 0.5423234850030606 and parameters: {'interp_param': 0.7036987376206925}. Best is trial 61 with value: 0.5450682957031991.
[I 2025-05-15 03:22:35,434] Trial 85 finished with value: 0.5449069493206875 and parameters: {'interp_param': 0.878848167871688}. Best is trial 61 with value: 0.5450682957031991.
[I 2025-05-15 03:22:42,995] Trial 86 finished with value: 0.5436137959177929 and parameters: {'interp_param': 0.7632452067089002}. Best is trial 61 with value: 0.5450682957031991.
[I 2025-05-15 03:22:50,548] Trial 87 finished with value: 0.5445548579107712 and parameters: {'interp_param': 0.9865864019383034}. Best is trial 61 with value: 0.5450682957031991.
[I 2025-05-15 03:22:58,108] Trial 88 finished with value: 0.5443085478684857 and parameters: {'interp_param': 0.8200051977304317}. Best is trial 61 with value: 0.5450682957031991.
[I 2025-05-15 03:23:05,656] Trial 89 finished with value: 0.5449135559949061 and parameters: {'interp_param': 0.9308000712690396}. Best is trial 61 with value: 0.5450682957031991.
[I 2025-05-15 03:23:13,222] Trial 90 finished with value: 0.5439942334076788 and parameters: {'interp_param': 0.7945329612392054}. Best is trial 61 with value: 0.5450682957031991.
[I 2025-05-15 03:23:20,794] Trial 91 finished with value: 0.5450697549409339 and parameters: {'interp_param': 0.9013465441518969}. Best is trial 91 with value: 0.5450697549409339.
[I 2025-05-15 03:23:28,499] Trial 92 finished with value: 0.5446880059664108 and parameters: {'interp_param': 0.8584097157999555}. Best is trial 91 with value: 0.5450697549409339.
[I 2025-05-15 03:23:36,074] Trial 93 finished with value: 0.5450168128953276 and parameters: {'interp_param': 0.8898878552813269}. Best is trial 91 with value: 0.5450697549409339.
[I 2025-05-15 03:23:43,653] Trial 94 finished with value: 0.5450675850811586 and parameters: {'interp_param': 0.905846104720993}. Best is trial 91 with value: 0.5450697549409339.
[I 2025-05-15 03:23:51,206] Trial 95 finished with value: 0.544812162190686 and parameters: {'interp_param': 0.9535962509244891}. Best is trial 91 with value: 0.5450697549409339.
[I 2025-05-15 03:23:58,770] Trial 96 finished with value: 0.5447034736049645 and parameters: {'interp_param': 0.9810402273150467}. Best is trial 91 with value: 0.5450697549409339.
[I 2025-05-15 03:24:06,325] Trial 97 finished with value: 0.5447058981629365 and parameters: {'interp_param': 0.8610599379609585}. Best is trial 91 with value: 0.5450697549409339.
[I 2025-05-15 03:24:13,897] Trial 98 finished with value: 0.5444278591983338 and parameters: {'interp_param': 0.829700074143045}. Best is trial 91 with value: 0.5450697549409339.
