[I 2025-05-15 03:34:19,307] Trial 99 finished with value: 0.5464396541170345 and parameters: {'threshold_scale_factor': 0.9227780194680234}. Best is trial 82 with value: 0.5464418183481204.
Best hyperparameters: {'threshold_scale_factor': 0.9258002263474023}
Best optimized value: 0.5464418183481204
Running audit 1/1
Training a GraphSAGE target model on github...
Training GraphSAGE on cuda:   0%|          | 0/300 [00:00<?, ?it/s]Training GraphSAGE on cuda:   5%|▍         | 14/300 [00:00<00:02, 134.57it/s]Training GraphSAGE on cuda:  10%|▉         | 29/300 [00:00<00:01, 138.73it/s]Training GraphSAGE on cuda:  15%|█▌        | 46/300 [00:00<00:01, 148.96it/s]Training GraphSAGE on cuda:  21%|██        | 63/300 [00:00<00:01, 153.53it/s]Training GraphSAGE on cuda:  27%|██▋       | 80/300 [00:00<00:01, 156.05it/s]Training GraphSAGE on cuda:  32%|███▏      | 97/300 [00:00<00:01, 157.47it/s]Training GraphSAGE on cuda:  38%|███▊      | 114/300 [00:00<00:01, 158.44it/s]Training GraphSAGE on cuda:  44%|████▎     | 131/300 [00:00<00:01, 158.99it/s]Training GraphSAGE on cuda:  49%|████▉     | 148/300 [00:00<00:00, 159.53it/s]Training GraphSAGE on cuda:  55%|█████▌    | 165/300 [00:01<00:00, 159.89it/s]Training GraphSAGE on cuda:  61%|██████    | 182/300 [00:01<00:00, 160.22it/s]Training GraphSAGE on cuda:  66%|██████▋   | 199/300 [00:01<00:00, 160.22it/s]Training GraphSAGE on cuda:  72%|███████▏  | 216/300 [00:01<00:00, 160.36it/s]Training GraphSAGE on cuda:  78%|███████▊  | 233/300 [00:01<00:00, 160.38it/s]Training GraphSAGE on cuda:  83%|████████▎ | 250/300 [00:01<00:00, 160.44it/s]Training GraphSAGE on cuda:  89%|████████▉ | 267/300 [00:01<00:00, 160.50it/s]Training GraphSAGE on cuda:  95%|█████████▍| 284/300 [00:01<00:00, 160.61it/s]Training GraphSAGE on cuda: 100%|██████████| 300/300 [00:01<00:00, 158.11it/s]
Train accuracy: 0.9603 | Test accuracy: 0.8377
Training MLP on cuda:   0%|          | 0/1000 [00:00<?, ?it/s]Training MLP on cuda:   0%|          | 1/1000 [00:39<11:03:43, 39.86s/it]Training MLP on cuda:   0%|          | 2/1000 [01:18<10:52:45, 39.24s/it]Training MLP on cuda:   0%|          | 3/1000 [01:57<10:49:57, 39.11s/it]Training MLP on cuda:   0%|          | 4/1000 [02:36<10:47:08, 38.98s/it]Training MLP on cuda:   0%|          | 5/1000 [03:15<10:46:02, 38.96s/it]Training MLP on cuda:   1%|          | 6/1000 [03:54<10:44:31, 38.90s/it]Training MLP on cuda:   1%|          | 7/1000 [04:32<10:43:35, 38.89s/it]Training MLP on cuda:   1%|          | 8/1000 [05:11<10:42:07, 38.84s/it]Training MLP on cuda:   1%|          | 9/1000 [05:50<10:42:03, 38.87s/it]Training MLP on cuda:   1%|          | 10/1000 [06:29<10:40:47, 38.84s/it]Training MLP on cuda:   1%|          | 11/1000 [07:08<10:40:31, 38.86s/it]Training MLP on cuda:   1%|          | 12/1000 [07:47<10:39:50, 38.86s/it]Training MLP on cuda:   1%|▏         | 13/1000 [08:26<10:39:43, 38.89s/it]Training MLP on cuda:   1%|▏         | 14/1000 [09:04<10:38:04, 38.83s/it]Training MLP on cuda:   2%|▏         | 15/1000 [09:43<10:38:45, 38.91s/it]Training MLP on cuda:   2%|▏         | 16/1000 [10:22<10:37:25, 38.87s/it]Training MLP on cuda:   2%|▏         | 17/1000 [11:01<10:36:37, 38.86s/it]Training MLP on cuda:   2%|▏         | 18/1000 [11:40<10:35:07, 38.81s/it]Training MLP on cuda:   2%|▏         | 19/1000 [12:19<10:35:03, 38.84s/it]Training MLP on cuda:   2%|▏         | 20/1000 [12:57<10:33:26, 38.78s/it]Training MLP on cuda:   2%|▏         | 21/1000 [13:36<10:33:49, 38.84s/it]Training MLP on cuda:   2%|▏         | 22/1000 [14:15<10:32:56, 38.83s/it]Training MLP on cuda:   2%|▏         | 23/1000 [14:54<10:33:34, 38.91s/it]Training MLP on cuda:   2%|▏         | 24/1000 [15:33<10:31:36, 38.83s/it]Training MLP on cuda:   2%|▎         | 25/1000 [16:12<10:30:53, 38.82s/it]Training MLP on cuda:   3%|▎         | 26/1000 [16:50<10:29:18, 38.77s/it]Training MLP on cuda:   3%|▎         | 27/1000 [17:29<10:29:09, 38.80s/it]Training MLP on cuda:   3%|▎         | 28/1000 [18:08<10:28:19, 38.79s/it]Training MLP on cuda:   3%|▎         | 29/1000 [18:47<10:27:47, 38.79s/it]Training MLP on cuda:   3%|▎         | 30/1000 [19:25<10:26:41, 38.76s/it]Training MLP on cuda:   3%|▎         | 31/1000 [20:04<10:26:12, 38.77s/it]Training MLP on cuda:   3%|▎         | 32/1000 [20:43<10:25:10, 38.75s/it]Training MLP on cuda:   3%|▎         | 33/1000 [21:22<10:25:19, 38.80s/it]Training MLP on cuda:   3%|▎         | 34/1000 [22:00<10:24:01, 38.76s/it]Training MLP on cuda:   4%|▎         | 35/1000 [22:39<10:23:46, 38.78s/it]Training MLP on cuda:   4%|▎         | 36/1000 [23:18<10:23:21, 38.80s/it]Training MLP on cuda:   4%|▎         | 37/1000 [23:57<10:21:05, 38.70s/it]Training MLP on cuda:   4%|▍         | 38/1000 [24:35<10:20:50, 38.72s/it]Training MLP on cuda:   4%|▍         | 39/1000 [25:14<10:20:40, 38.75s/it]Training MLP on cuda:   4%|▍         | 40/1000 [25:53<10:20:01, 38.75s/it]Training MLP on cuda:   4%|▍         | 41/1000 [26:32<10:19:11, 38.74s/it]Training MLP on cuda:   4%|▍         | 42/1000 [27:11<10:19:09, 38.78s/it]Training MLP on cuda:   4%|▍         | 43/1000 [27:49<10:17:30, 38.71s/it]Training MLP on cuda:   4%|▍         | 44/1000 [28:28<10:17:59, 38.79s/it]Training MLP on cuda:   4%|▍         | 45/1000 [29:07<10:17:13, 38.78s/it]Training MLP on cuda:   5%|▍         | 46/1000 [29:46<10:17:12, 38.82s/it]Training MLP on cuda:   5%|▍         | 47/1000 [30:24<10:16:18, 38.80s/it]Training MLP on cuda:   5%|▍         | 48/1000 [31:03<10:16:16, 38.84s/it]Training MLP on cuda:   5%|▍         | 49/1000 [31:42<10:14:55, 38.80s/it]Training MLP on cuda:   5%|▌         | 50/1000 [32:21<10:15:05, 38.85s/it]Training MLP on cuda:   5%|▌         | 51/1000 [33:00<10:14:45, 38.87s/it]Training MLP on cuda:   5%|▌         | 52/1000 [33:39<10:13:18, 38.82s/it]Training MLP on cuda:   5%|▌         | 53/1000 [34:18<10:12:57, 38.84s/it]Training MLP on cuda:   5%|▌         | 54/1000 [34:56<10:12:28, 38.85s/it]Training MLP on cuda:   6%|▌         | 55/1000 [35:35<10:11:58, 38.86s/it]Training MLP on cuda:   6%|▌         | 56/1000 [36:14<10:10:49, 38.82s/it]Training MLP on cuda:   6%|▌         | 57/1000 [36:53<10:10:26, 38.84s/it]Training MLP on cuda:   6%|▌         | 58/1000 [37:32<10:09:22, 38.81s/it]Training MLP on cuda:   6%|▌         | 59/1000 [38:11<10:09:36, 38.87s/it]Training MLP on cuda:   6%|▌         | 60/1000 [38:49<10:08:07, 38.82s/it]Training MLP on cuda:   6%|▌         | 61/1000 [39:28<10:07:51, 38.84s/it]Training MLP on cuda:   6%|▌         | 62/1000 [40:07<10:06:37, 38.80s/it]Training MLP on cuda:   6%|▋         | 63/1000 [40:46<10:06:30, 38.84s/it]Training MLP on cuda:   6%|▋         | 64/1000 [41:25<10:05:12, 38.80s/it]Training MLP on cuda:   6%|▋         | 65/1000 [42:04<10:05:24, 38.85s/it]Training MLP on cuda:   7%|▋         | 66/1000 [42:42<10:04:23, 38.83s/it]Training MLP on cuda:   7%|▋         | 67/1000 [43:21<10:03:45, 38.83s/it]Training MLP on cuda:   7%|▋         | 68/1000 [44:00<10:02:33, 38.79s/it]Training MLP on cuda:   7%|▋         | 69/1000 [44:39<10:02:50, 38.85s/it]Training MLP on cuda:   7%|▋         | 70/1000 [45:18<10:01:15, 38.79s/it]Training MLP on cuda:   7%|▋         | 71/1000 [45:57<10:01:30, 38.85s/it]Training MLP on cuda:   7%|▋         | 72/1000 [46:35<10:00:43, 38.84s/it]Training MLP on cuda:   7%|▋         | 73/1000 [47:14<10:00:13, 38.85s/it]Training MLP on cuda:   7%|▋         | 74/1000 [47:53<9:58:36, 38.79s/it] Training MLP on cuda:   8%|▊         | 75/1000 [48:32<9:58:10, 38.80s/it]Training MLP on cuda:   8%|▊         | 76/1000 [49:10<9:56:42, 38.75s/it]Training MLP on cuda:   8%|▊         | 77/1000 [49:49<9:56:18, 38.76s/it]Training MLP on cuda:   8%|▊         | 78/1000 [50:28<9:55:04, 38.73s/it]Training MLP on cuda:   8%|▊         | 79/1000 [51:07<9:55:18, 38.78s/it]Training MLP on cuda:   8%|▊         | 80/1000 [51:45<9:53:40, 38.72s/it]Training MLP on cuda:   8%|▊         | 81/1000 [52:24<9:53:48, 38.77s/it]Training MLP on cuda:   8%|▊         | 82/1000 [53:03<9:52:49, 38.75s/it]Training MLP on cuda:   8%|▊         | 83/1000 [53:42<9:52:52, 38.79s/it]Training MLP on cuda:   8%|▊         | 84/1000 [54:20<9:51:27, 38.74s/it]Training MLP on cuda:   8%|▊         | 85/1000 [54:59<9:50:56, 38.75s/it]Training MLP on cuda:   9%|▊         | 86/1000 [55:38<9:49:55, 38.73s/it]Training MLP on cuda:   9%|▊         | 87/1000 [56:17<9:50:11, 38.79s/it]Training MLP on cuda:   9%|▉         | 88/1000 [56:56<9:49:43, 38.80s/it]Training MLP on cuda:   9%|▉         | 89/1000 [57:35<9:50:18, 38.88s/it]Training MLP on cuda:   9%|▉         | 90/1000 [58:13<9:49:25, 38.86s/it]Training MLP on cuda:   9%|▉         | 91/1000 [58:52<9:49:30, 38.91s/it]Training MLP on cuda:   9%|▉         | 92/1000 [59:31<9:48:32, 38.89s/it]Training MLP on cuda:   9%|▉         | 93/1000 [1:00:10<9:48:23, 38.92s/it]Training MLP on cuda:   9%|▉         | 94/1000 [1:00:49<9:47:14, 38.89s/it]Training MLP on cuda:  10%|▉         | 95/1000 [1:01:28<9:47:20, 38.94s/it]Training MLP on cuda:  10%|▉         | 96/1000 [1:02:07<9:46:32, 38.93s/it]Training MLP on cuda:  10%|▉         | 97/1000 [1:02:46<9:46:16, 38.96s/it]Training MLP on cuda:  10%|▉         | 98/1000 [1:03:25<9:45:16, 38.93s/it]Training MLP on cuda:  10%|▉         | 99/1000 [1:04:04<9:44:56, 38.95s/it]Training MLP on cuda:  10%|█         | 100/1000 [1:04:43<9:43:50, 38.92s/it]Training MLP on cuda:  10%|█         | 101/1000 [1:05:22<9:43:22, 38.94s/it]Training MLP on cuda:  10%|█         | 102/1000 [1:06:01<9:42:40, 38.93s/it]Training MLP on cuda:  10%|█         | 103/1000 [1:06:40<9:42:27, 38.96s/it]Training MLP on cuda:  10%|█         | 104/1000 [1:07:19<9:41:14, 38.92s/it]Training MLP on cuda:  10%|█         | 105/1000 [1:07:58<9:40:59, 38.95s/it]Training MLP on cuda:  11%|█         | 106/1000 [1:08:37<9:40:40, 38.97s/it]Training MLP on cuda:  11%|█         | 107/1000 [1:09:15<9:38:29, 38.87s/it]Training MLP on cuda:  11%|█         | 108/1000 [1:09:54<9:38:08, 38.89s/it]Training MLP on cuda:  11%|█         | 109/1000 [1:10:33<9:37:28, 38.89s/it]Training MLP on cuda:  11%|█         | 110/1000 [1:11:12<9:37:52, 38.96s/it]Training MLP on cuda:  11%|█         | 111/1000 [1:11:51<9:37:04, 38.95s/it]Training MLP on cuda:  11%|█         | 112/1000 [1:12:30<9:36:20, 38.94s/it]Training MLP on cuda:  11%|█▏        | 113/1000 [1:13:09<9:35:43, 38.94s/it]Training MLP on cuda:  11%|█▏        | 114/1000 [1:13:48<9:35:09, 38.95s/it]Training MLP on cuda:  12%|█▏        | 115/1000 [1:14:27<9:34:12, 38.93s/it]Training MLP on cuda:  12%|█▏        | 116/1000 [1:15:06<9:33:54, 38.95s/it]Training MLP on cuda:  12%|█▏        | 117/1000 [1:15:45<9:33:06, 38.94s/it]Training MLP on cuda:  12%|█▏        | 118/1000 [1:16:24<9:33:32, 39.02s/it]Training MLP on cuda:  12%|█▏        | 119/1000 [1:17:03<9:32:43, 39.01s/it]Training MLP on cuda:  12%|█▏        | 120/1000 [1:17:42<9:32:46, 39.05s/it]Training MLP on cuda:  12%|█▏        | 121/1000 [1:18:21<9:31:27, 39.01s/it]Training MLP on cuda:  12%|█▏        | 122/1000 [1:19:00<9:31:09, 39.03s/it]Training MLP on cuda:  12%|█▏        | 123/1000 [1:19:39<9:30:55, 39.06s/it]Training MLP on cuda:  12%|█▏        | 124/1000 [1:20:18<9:29:25, 39.00s/it]Training MLP on cuda:  12%|█▎        | 125/1000 [1:20:57<9:29:17, 39.04s/it]Training MLP on cuda:  13%|█▎        | 126/1000 [1:21:36<9:28:57, 39.06s/it]Training MLP on cuda:  13%|█▎        | 127/1000 [1:22:15<9:28:54, 39.10s/it]Training MLP on cuda:  13%|█▎        | 128/1000 [1:22:55<9:27:57, 39.08s/it]Training MLP on cuda:  13%|█▎        | 129/1000 [1:23:34<9:27:46, 39.11s/it]Training MLP on cuda:  13%|█▎        | 130/1000 [1:24:13<9:26:26, 39.06s/it]Training MLP on cuda:  13%|█▎        | 131/1000 [1:24:52<9:26:35, 39.12s/it]Training MLP on cuda:  13%|█▎        | 132/1000 [1:25:31<9:25:39, 39.10s/it]Training MLP on cuda:  13%|█▎        | 133/1000 [1:26:10<9:25:32, 39.14s/it]Training MLP on cuda:  13%|█▎        | 134/1000 [1:26:49<9:23:42, 39.06s/it]Training MLP on cuda:  14%|█▎        | 135/1000 [1:27:28<9:23:45, 39.10s/it]Training MLP on cuda:  14%|█▎        | 136/1000 [1:28:07<9:22:27, 39.06s/it]Training MLP on cuda:  14%|█▎        | 137/1000 [1:28:46<9:21:53, 39.07s/it]Training MLP on cuda:  14%|█▍        | 138/1000 [1:29:25<9:20:38, 39.02s/it]Training MLP on cuda:  14%|█▍        | 139/1000 [1:30:04<9:20:16, 39.04s/it]Training MLP on cuda:  14%|█▍        | 140/1000 [1:30:43<9:19:04, 39.00s/it]Training MLP on cuda:  14%|█▍        | 141/1000 [1:31:22<9:19:07, 39.05s/it]Training MLP on cuda:  14%|█▍        | 142/1000 [1:32:01<9:17:35, 38.99s/it]Training MLP on cuda:  14%|█▍        | 143/1000 [1:32:40<9:17:39, 39.04s/it]Training MLP on cuda:  14%|█▍        | 144/1000 [1:33:19<9:16:26, 39.00s/it]Training MLP on cuda:  14%|█▍        | 145/1000 [1:33:58<9:16:12, 39.03s/it]Training MLP on cuda:  15%|█▍        | 146/1000 [1:34:37<9:15:03, 39.00s/it]Training MLP on cuda:  15%|█▍        | 147/1000 [1:35:16<9:14:48, 39.02s/it]Training MLP on cuda:  15%|█▍        | 148/1000 [1:35:55<9:13:54, 39.01s/it]Training MLP on cuda:  15%|█▍        | 149/1000 [1:36:34<9:13:28, 39.02s/it]Training MLP on cuda:  15%|█▌        | 150/1000 [1:37:13<9:11:56, 38.96s/it]Training MLP on cuda:  15%|█▌        | 151/1000 [1:37:52<9:12:12, 39.03s/it]Training MLP on cuda:  15%|█▌        | 152/1000 [1:38:31<9:11:09, 39.00s/it]Training MLP on cuda:  15%|█▌        | 153/1000 [1:39:11<9:11:07, 39.04s/it]Training MLP on cuda:  15%|█▌        | 154/1000 [1:39:49<9:10:14, 39.02s/it]Training MLP on cuda:  16%|█▌        | 155/1000 [1:40:29<9:10:06, 39.06s/it]Training MLP on cuda:  16%|█▌        | 156/1000 [1:41:08<9:08:52, 39.02s/it]Training MLP on cuda:  16%|█▌        | 157/1000 [1:41:47<9:08:15, 39.02s/it]Training MLP on cuda:  16%|█▌        | 158/1000 [1:42:26<9:07:21, 39.00s/it]Training MLP on cuda:  16%|█▌        | 159/1000 [1:43:05<9:07:11, 39.04s/it]Training MLP on cuda:  16%|█▌        | 160/1000 [1:43:44<9:06:20, 39.02s/it]Training MLP on cuda:  16%|█▌        | 161/1000 [1:44:23<9:05:40, 39.02s/it]Training MLP on cuda:  16%|█▌        | 162/1000 [1:45:02<9:04:36, 38.99s/it]Training MLP on cuda:  16%|█▋        | 163/1000 [1:45:41<9:04:15, 39.01s/it]Training MLP on cuda:  16%|█▋        | 164/1000 [1:46:20<9:03:19, 38.99s/it]Training MLP on cuda:  16%|█▋        | 165/1000 [1:46:59<9:03:12, 39.03s/it]Training MLP on cuda:  17%|█▋        | 166/1000 [1:47:38<9:02:15, 39.01s/it]Training MLP on cuda:  17%|█▋        | 167/1000 [1:48:17<9:01:35, 39.01s/it]Training MLP on cuda:  17%|█▋        | 168/1000 [1:48:56<9:00:37, 38.99s/it]Training MLP on cuda:  17%|█▋        | 169/1000 [1:49:35<9:00:35, 39.03s/it]Training MLP on cuda:  17%|█▋        | 170/1000 [1:50:14<8:59:23, 38.99s/it]Training MLP on cuda:  17%|█▋        | 171/1000 [1:50:53<8:59:02, 39.01s/it]Training MLP on cuda:  17%|█▋        | 172/1000 [1:51:32<8:58:02, 38.99s/it]Training MLP on cuda:  17%|█▋        | 173/1000 [1:52:11<8:57:45, 39.02s/it]Training MLP on cuda:  17%|█▋        | 174/1000 [1:52:50<8:57:07, 39.02s/it]Training MLP on cuda:  18%|█▊        | 175/1000 [1:53:29<8:56:42, 39.03s/it]Training MLP on cuda:  18%|█▊        | 176/1000 [1:54:08<8:55:43, 39.01s/it]Training MLP on cuda:  18%|█▊        | 177/1000 [1:54:47<8:55:21, 39.03s/it]Training MLP on cuda:  18%|█▊        | 178/1000 [1:55:26<8:54:03, 38.98s/it]Training MLP on cuda:  18%|█▊        | 179/1000 [1:56:05<8:53:53, 39.02s/it]Training MLP on cuda:  18%|█▊        | 180/1000 [1:56:44<8:52:30, 38.96s/it]Training MLP on cuda:  18%|█▊        | 181/1000 [1:57:23<8:52:29, 39.01s/it]Training MLP on cuda:  18%|█▊        | 181/1000 [1:58:02<8:54:05, 39.13s/it]
Training MLP on cuda:   0%|          | 0/1000 [00:00<?, ?it/s]Training MLP on cuda:   0%|          | 1/1000 [00:39<11:01:46, 39.75s/it]Training MLP on cuda:   0%|          | 2/1000 [01:18<10:53:48, 39.31s/it]Training MLP on cuda:   0%|          | 3/1000 [01:57<10:48:31, 39.03s/it]Training MLP on cuda:   0%|          | 4/1000 [02:36<10:46:04, 38.92s/it]Training MLP on cuda:   0%|          | 5/1000 [03:16<10:53:17, 39.39s/it]Training MLP on cuda:   1%|          | 6/1000 [03:55<10:48:30, 39.15s/it]Training MLP on cuda:   1%|          | 7/1000 [04:33<10:46:05, 39.04s/it]Training MLP on cuda:   1%|          | 8/1000 [05:14<10:51:30, 39.41s/it]Training MLP on cuda:   1%|          | 9/1000 [05:52<10:47:17, 39.19s/it]Training MLP on cuda:   1%|          | 10/1000 [06:31<10:45:11, 39.10s/it]Training MLP on cuda:   1%|          | 11/1000 [07:11<10:49:54, 39.43s/it]Training MLP on cuda:   1%|          | 12/1000 [07:50<10:45:03, 39.17s/it]Training MLP on cuda:   1%|▏         | 13/1000 [08:29<10:42:31, 39.06s/it]Training MLP on cuda:   1%|▏         | 14/1000 [09:09<10:47:44, 39.42s/it]Training MLP on cuda:   2%|▏         | 15/1000 [09:48<10:42:57, 39.16s/it]Training MLP on cuda:   2%|▏         | 16/1000 [10:26<10:40:53, 39.08s/it]Training MLP on cuda:   2%|▏         | 17/1000 [11:07<10:45:55, 39.43s/it]Training MLP on cuda:   2%|▏         | 18/1000 [11:45<10:41:31, 39.20s/it]Training MLP on cuda:   2%|▏         | 19/1000 [12:24<10:39:12, 39.10s/it]Training MLP on cuda:   2%|▏         | 20/1000 [13:05<10:44:25, 39.45s/it]Training MLP on cuda:   2%|▏         | 21/1000 [13:43<10:39:38, 39.20s/it]Training MLP on cuda:   2%|▏         | 22/1000 [14:22<10:36:47, 39.07s/it]Training MLP on cuda:   2%|▏         | 23/1000 [15:02<10:41:38, 39.40s/it]Training MLP on cuda:   2%|▏         | 24/1000 [15:41<10:37:04, 39.16s/it]Training MLP on cuda:   2%|▎         | 25/1000 [16:19<10:34:36, 39.05s/it]Training MLP on cuda:   3%|▎         | 26/1000 [17:00<10:39:27, 39.39s/it]Training MLP on cuda:   3%|▎         | 27/1000 [17:38<10:35:09, 39.17s/it]Training MLP on cuda:   3%|▎         | 28/1000 [18:17<10:33:20, 39.09s/it]Training MLP on cuda:   3%|▎         | 29/1000 [18:57<10:38:00, 39.42s/it]Training MLP on cuda:   3%|▎         | 30/1000 [19:36<10:33:58, 39.22s/it]Training MLP on cuda:   3%|▎         | 31/1000 [20:15<10:31:16, 39.09s/it]Training MLP on cuda:   3%|▎         | 32/1000 [20:55<10:36:41, 39.46s/it]Training MLP on cuda:   3%|▎         | 33/1000 [21:34<10:32:04, 39.22s/it]Training MLP on cuda:   3%|▎         | 34/1000 [22:13<10:29:26, 39.10s/it]Training MLP on cuda:   4%|▎         | 35/1000 [22:53<10:34:37, 39.46s/it]Training MLP on cuda:   4%|▎         | 36/1000 [23:32<10:30:45, 39.26s/it]Training MLP on cuda:   4%|▎         | 37/1000 [24:11<10:28:35, 39.16s/it]Training MLP on cuda:   4%|▍         | 38/1000 [24:51<10:33:22, 39.50s/it]Training MLP on cuda:   4%|▍         | 39/1000 [25:30<10:28:57, 39.27s/it]Training MLP on cuda:   4%|▍         | 40/1000 [26:08<10:25:29, 39.09s/it]Training MLP on cuda:   4%|▍         | 41/1000 [26:49<10:30:26, 39.44s/it]Training MLP on cuda:   4%|▍         | 42/1000 [27:27<10:26:27, 39.23s/it]Training MLP on cuda:   4%|▍         | 43/1000 [28:06<10:24:00, 39.12s/it]Training MLP on cuda:   4%|▍         | 44/1000 [28:47<10:29:01, 39.48s/it]Training MLP on cuda:   4%|▍         | 45/1000 [29:25<10:24:28, 39.23s/it]Training MLP on cuda:   5%|▍         | 46/1000 [30:04<10:22:03, 39.12s/it]Training MLP on cuda:   5%|▍         | 47/1000 [30:44<10:26:14, 39.43s/it]Training MLP on cuda:   5%|▍         | 48/1000 [31:23<10:22:15, 39.22s/it]Training MLP on cuda:   5%|▍         | 49/1000 [32:02<10:19:39, 39.10s/it]Training MLP on cuda:   5%|▌         | 50/1000 [32:42<10:24:26, 39.44s/it]Training MLP on cuda:   5%|▌         | 51/1000 [33:21<10:20:33, 39.23s/it]Training MLP on cuda:   5%|▌         | 52/1000 [34:00<10:17:56, 39.11s/it]Training MLP on cuda:   5%|▌         | 53/1000 [34:40<10:22:33, 39.44s/it]Training MLP on cuda:   5%|▌         | 54/1000 [35:18<10:17:50, 39.19s/it]Training MLP on cuda:   6%|▌         | 55/1000 [35:57<10:15:20, 39.07s/it]Training MLP on cuda:   6%|▌         | 56/1000 [36:38<10:20:12, 39.42s/it]Training MLP on cuda:   6%|▌         | 57/1000 [37:16<10:16:37, 39.23s/it]Training MLP on cuda:   6%|▌         | 58/1000 [37:55<10:13:44, 39.09s/it]Training MLP on cuda:   6%|▌         | 59/1000 [38:35<10:18:35, 39.44s/it]Training MLP on cuda:   6%|▌         | 60/1000 [39:14<10:14:01, 39.19s/it]Training MLP on cuda:   6%|▌         | 61/1000 [39:53<10:11:44, 39.09s/it]Training MLP on cuda:   6%|▌         | 62/1000 [40:33<10:16:01, 39.41s/it]Training MLP on cuda:   6%|▋         | 63/1000 [41:12<10:11:43, 39.17s/it]Training MLP on cuda:   6%|▋         | 64/1000 [41:50<10:09:02, 39.04s/it]Training MLP on cuda:   6%|▋         | 65/1000 [42:30<10:13:25, 39.36s/it]Training MLP on cuda:   7%|▋         | 66/1000 [43:09<10:09:07, 39.13s/it]Training MLP on cuda:   7%|▋         | 67/1000 [43:48<10:06:38, 39.01s/it]Training MLP on cuda:   7%|▋         | 68/1000 [44:28<10:10:34, 39.31s/it]Training MLP on cuda:   7%|▋         | 69/1000 [45:06<10:06:50, 39.11s/it]Training MLP on cuda:   7%|▋         | 70/1000 [45:45<10:04:27, 39.00s/it]Training MLP on cuda:   7%|▋         | 71/1000 [46:25<10:08:43, 39.32s/it]Training MLP on cuda:   7%|▋         | 72/1000 [47:04<10:04:02, 39.05s/it]Training MLP on cuda:   7%|▋         | 73/1000 [47:42<10:01:33, 38.94s/it]Training MLP on cuda:   7%|▋         | 74/1000 [48:22<10:06:28, 39.30s/it]Training MLP on cuda:   8%|▊         | 75/1000 [49:01<10:01:43, 39.03s/it]Training MLP on cuda:   8%|▊         | 76/1000 [49:39<9:59:13, 38.91s/it] Training MLP on cuda:   8%|▊         | 77/1000 [50:19<10:03:31, 39.23s/it]Training MLP on cuda:   8%|▊         | 78/1000 [50:58<9:59:51, 39.04s/it] Training MLP on cuda:   8%|▊         | 79/1000 [51:37<9:58:02, 38.96s/it]Training MLP on cuda:   8%|▊         | 80/1000 [52:17<10:02:45, 39.31s/it]Training MLP on cuda:   8%|▊         | 81/1000 [52:56<9:58:47, 39.09s/it] Training MLP on cuda:   8%|▊         | 82/1000 [53:34<9:56:12, 38.97s/it]Training MLP on cuda:   8%|▊         | 8