[I 2025-05-15 03:24:21,452] Trial 99 finished with value: 0.5449908829302957 and parameters: {'interp_param': 0.923757598263975}. Best is trial 91 with value: 0.5450697549409339.
Best hyperparameters: {'interp_param': 0.9013465441518969}
Best optimized value: 0.5450697549409339
Tuning threshold scale factor for offline LSET using optuna
  0%|          | 0/100 [00:00<?, ?it/s]                                         0%|          | 0/100 [00:06<?, ?it/s]Best trial: 0. Best value: 0.521954:   0%|          | 0/100 [00:06<?, ?it/s]Best trial: 0. Best value: 0.521954:   1%|          | 1/100 [00:06<10:08,  6.14s/it]                                                                                    Best trial: 0. Best value: 0.521954:   1%|          | 1/100 [00:12<10:08,  6.14s/it]Best trial: 0. Best value: 0.521954:   1%|          | 1/100 [00:12<10:08,  6.14s/it]Best trial: 0. Best value: 0.521954:   2%|▏         | 2/100 [00:12<10:01,  6.14s/it]                                                                                    Best trial: 0. Best value: 0.521954:   2%|▏         | 2/100 [00:18<10:01,  6.14s/it]Best trial: 2. Best value: 0.545825:   2%|▏         | 2/100 [00:18<10:01,  6.14s/it]Best trial: 2. Best value: 0.545825:   3%|▎         | 3/100 [00:18<09:54,  6.13s/it]                                                                                    Best trial: 2. Best value: 0.545825:   3%|▎         | 3/100 [00:24<09:54,  6.13s/it]Best trial: 2. Best value: 0.545825:   3%|▎         | 3/100 [00:24<09:54,  6.13s/it]Best trial: 2. Best value: 0.545825:   4%|▍         | 4/100 [00:24<09:47,  6.12s/it]                                                                                    Best trial: 2. Best value: 0.545825:   4%|▍         | 4/100 [00:30<09:47,  6.12s/it]Best trial: 2. Best value: 0.545825:   4%|▍         | 4/100 [00:30<09:47,  6.12s/it]Best trial: 2. Best value: 0.545825:   5%|▌         | 5/100 [00:30<09:41,  6.12s/it]                                                                                    Best trial: 2. Best value: 0.545825:   5%|▌         | 5/100 [00:36<09:41,  6.12s/it]Best trial: 2. Best value: 0.545825:   5%|▌         | 5/100 [00:36<09:41,  6.12s/it]Best trial: 2. Best value: 0.545825:   6%|▌         | 6/100 [00:36<09:34,  6.12s/it]                                                                                    Best trial: 2. Best value: 0.545825:   6%|▌         | 6/100 [00:42<09:34,  6.12s/it]Best trial: 2. Best value: 0.545825:   6%|▌         | 6/100 [00:42<09:34,  6.12s/it]Best trial: 2. Best value: 0.545825:   7%|▋         | 7/100 [00:42<09:28,  6.12s/it]                                                                                    Best trial: 2. Best value: 0.545825:   7%|▋         | 7/100 [00:48<09:28,  6.12s/it]Best trial: 2. Best value: 0.545825:   7%|▋         | 7/100 [00:48<09:28,  6.12s/it]Best trial: 2. Best value: 0.545825:   8%|▊         | 8/100 [00:48<09:22,  6.12s/it]                                                                                    Best trial: 2. Best value: 0.545825:   8%|▊         | 8/100 [00:55<09:22,  6.12s/it]Best trial: 2. Best value: 0.545825:   8%|▊         | 8/100 [00:55<09:22,  6.12s/it]Best trial: 2. Best value: 0.545825:   9%|▉         | 9/100 [00:55<09:21,  6.17s/it]                                                                                    Best trial: 2. Best value: 0.545825:   9%|▉         | 9/100 [01:01<09:21,  6.17s/it]Best trial: 2. Best value: 0.545825:   9%|▉         | 9/100 [01:01<09:21,  6.17s/it]Best trial: 2. Best value: 0.545825:  10%|█         | 10/100 [01:01<09:12,  6.14s/it]                                                                                     Best trial: 2. Best value: 0.545825:  10%|█         | 10/100 [01:07<09:12,  6.14s/it]Best trial: 2. Best value: 0.545825:  10%|█         | 10/100 [01:07<09:12,  6.14s/it]Best trial: 2. Best value: 0.545825:  11%|█         | 11/100 [01:07<09:05,  6.13s/it]                                                                                     Best trial: 2. Best value: 0.545825:  11%|█         | 11/100 [01:13<09:05,  6.13s/it]Best trial: 2. Best value: 0.545825:  11%|█         | 11/100 [01:13<09:05,  6.13s/it]Best trial: 2. Best value: 0.545825:  12%|█▏        | 12/100 [01:13<08:59,  6.13s/it]                                                                                     Best trial: 2. Best value: 0.545825:  12%|█▏        | 12/100 [01:19<08:59,  6.13s/it]Best trial: 2. Best value: 0.545825:  12%|█▏        | 12/100 [01:19<08:59,  6.13s/it]Best trial: 2. Best value: 0.545825:  13%|█▎        | 13/100 [01:19<08:53,  6.13s/it]                                                                                     Best trial: 2. Best value: 0.545825:  13%|█▎        | 13/100 [01:25<08:53,  6.13s/it]Best trial: 2. Best value: 0.545825:  13%|█▎        | 13/100 [01:25<08:53,  6.13s/it]Best trial: 2. Best value: 0.545825:  14%|█▍        | 14/100 [01:25<08:47,  6.14s/it]                                                                                     Best trial: 2. Best value: 0.545825:  14%|█▍        | 14/100 [01:31<08:47,  6.14s/it]Best trial: 2. Best value: 0.545825:  14%|█▍        | 14/100 [01:31<08:47,  6.14s/it]Best trial: 2. Best value: 0.545825:  15%|█▌        | 15/100 [01:31<08:41,  6.14s/it]                                                                                     Best trial: 2. Best value: 0.545825:  15%|█▌        | 15/100 [01:38<08:41,  6.14s/it]Best trial: 2. Best value: 0.545825:  15%|█▌        | 15/100 [01:38<08:41,  6.14s/it]Best trial: 2. Best value: 0.545825:  16%|█▌        | 16/100 [01:38<08:35,  6.14s/it]                                                                                     Best trial: 2. Best value: 0.545825:  16%|█▌        | 16/100 [01:44<08:35,  6.14s/it]Best trial: 2. Best value: 0.545825:  16%|█▌        | 16/100 [01:44<08:35,  6.14s/it]Best trial: 2. Best value: 0.545825:  17%|█▋        | 17/100 [01:44<08:29,  6.14s/it]                                                                                     Best trial: 2. Best value: 0.545825:  17%|█▋        | 17/100 [01:50<08:29,  6.14s/it]Best trial: 17. Best value: 0.545829:  17%|█▋        | 17/100 [01:50<08:29,  6.14s/it]Best trial: 17. Best value: 0.545829:  18%|█▊        | 18/100 [01:50<08:23,  6.14s/it]                                                                                      Best trial: 17. Best value: 0.545829:  18%|█▊        | 18/100 [01:56<08:23,  6.14s/it]Best trial: 17. Best value: 0.545829:  18%|█▊        | 18/100 [01:56<08:23,  6.14s/it]Best trial: 17. Best value: 0.545829:  19%|█▉        | 19/100 [01:56<08:17,  6.14s/it]                                                                                      Best trial: 17. Best value: 0.545829:  19%|█▉        | 19/100 [02:02<08:17,  6.14s/it]Best trial: 17. Best value: 0.545829:  19%|█▉        | 19/100 [02:02<08:17,  6.14s/it]Best trial: 17. Best value: 0.545829:  20%|██        | 20/100 [02:02<08:11,  6.14s/it]                                                                                      Best trial: 17. Best value: 0.545829:  20%|██        | 20/100 [02:08<08:11,  6.14s/it]Best trial: 17. Best value: 0.545829:  20%|██        | 20/100 [02:08<08:11,  6.14s/it]Best trial: 17. Best value: 0.545829:  21%|██        | 21/100 [02:08<08:05,  6.14s/it]                                                                                      Best trial: 17. Best value: 0.545829:  21%|██        | 21/100 [02:14<08:05,  6.14s/it]Best trial: 17. Best value: 0.545829:  21%|██        | 21/100 [02:14<08:05,  6.14s/it]Best trial: 17. Best value: 0.545829:  22%|██▏       | 22/100 [02:14<07:58,  6.14s/it]                                                                                      Best trial: 17. Best value: 0.545829:  22%|██▏       | 22/100 [02:21<07:58,  6.14s/it]Best trial: 17. Best value: 0.545829:  22%|██▏       | 22/100 [02:21<07:58,  6.14s/it]Best trial: 17. Best value: 0.545829:  23%|██▎       | 23/100 [02:21<07:52,  6.14s/it]                                                                                      Best trial: 17. Best value: 0.545829:  23%|██▎       | 23/100 [02:27<07:52,  6.14s/it]Best trial: 17. Best value: 0.545829:  23%|██▎       | 23/100 [02:27<07:52,  6.14s/it]Best trial: 17. Best value: 0.545829:  24%|██▍       | 24/100 [02:27<07:46,  6.14s/it]                                                                                      Best trial: 17. Best value: 0.545829:  24%|██▍       | 24/100 [02:33<07:46,  6.14s/it]Best trial: 17. Best value: 0.545829:  24%|██▍       | 24/100 [02:33<07:46,  6.14s/it]Best trial: 17. Best value: 0.545829:  25%|██▌       | 25/100 [02:33<07:43,  6.18s/it]                                                                                      Best trial: 17. Best value: 0.545829:  25%|██▌       | 25/100 [02:39<07:43,  6.18s/it]Best trial: 17. Best value: 0.545829:  25%|██▌       | 25/100 [02:39<07:43,  6.18s/it]Best trial: 17. Best value: 0.545829:  26%|██▌       | 26/100 [02:39<07:36,  6.17s/it]                                                                                      Best trial: 17. Best value: 0.545829:  26%|██▌       | 26/100 [02:45<07:36,  6.17s/it]Best trial: 17. Best value: 0.545829:  26%|██▌       | 26/100 [02:45<07:36,  6.17s/it]Best trial: 17. Best value: 0.545829:  27%|██▋       | 27/100 [02:45<07:29,  6.16s/it]                                                                                      Best trial: 17. Best value: 0.545829:  27%|██▋       | 27/100 [02:51<07:29,  6.16s/it]Best trial: 17. Best value: 0.545829:  27%|██▋       | 27/100 [02:51<07:29,  6.16s/it]Best trial: 17. Best value: 0.545829:  28%|██▊       | 28/100 [02:51<07:22,  6.15s/it]                                                                                      Best trial: 17. Best value: 0.545829:  28%|██▊       | 28/100 [02:58<07:22,  6.15s/it]Best trial: 17. Best value: 0.545829:  28%|██▊       | 28/100 [02:58<07:22,  6.15s/it]Best trial: 17. Best value: 0.545829:  29%|██▉       | 29/100 [02:58<07:16,  6.15s/it]                                                                                      Best trial: 17. Best value: 0.545829:  29%|██▉       | 29/100 [03:04<07:16,  6.15s/it]Best trial: 17. Best value: 0.545829:  29%|██▉       | 29/100 [03:04<07:16,  6.15s/it]Best trial: 17. Best value: 0.545829:  30%|███       | 30/100 [03:04<07:10,  6.15s/it]                                                                                      Best trial: 17. Best value: 0.545829:  30%|███       | 30/100 [03:10<07:10,  6.15s/it]Best trial: 17. Best value: 0.545829:  30%|███       | 30/100 [03:10<07:10,  6.15s/it]Best trial: 17. Best value: 0.545829:  31%|███       | 31/100 [03:10<07:04,  6.14s/it]                                                                                      Best trial: 17. Best value: 0.545829:  31%|███       | 31/100 [03:16<07:04,  6.14s/it]Best trial: 17. Best value: 0.545829:  31%|███       | 31/100 [03:16<07:04,  6.14s/it]Best trial: 17. Best value: 0.545829:  32%|███▏      | 32/100 [03:16<06:57,  6.14s/it]                                                                                      Best trial: 17. Best value: 0.545829:  32%|███▏      | 32/100 [03:22<06:57,  6.14s/it]Best trial: 17. Best value: 0.545829:  32%|███▏      | 32/100 [03:22<06:57,  6.14s/it]Best trial: 17. Best value: 0.545829:  33%|███▎      | 33/100 [03:22<06:51,  6.14s/it]                                                                                      Best trial: 17. Best value: 0.545829:  33%|███▎      | 33/100 [03:28<06:51,  6.14s/it]Best trial: 17. Best value: 0.545829:  33%|███▎      | 33/100 [03:28<06:51,  6.14s/it]Best trial: 17. Best value: 0.545829:  34%|███▍      | 34/100 [03:28<06:45,  6.14s/it]                                                                                      Best trial: 17. Best value: 0.545829:  34%|███▍      | 34/100 [03:34<06:45,  6.14s/it]Best trial: 17. Best value: 0.545829:  34%|███▍      | 34/100 [03:34<06:45,  6.14s/it]Best trial: 17. Best value: 0.545829:  35%|███▌      | 35/100 [03:34<06:38,  6.13s/it]                                                                                      Best trial: 17. Best value: 0.545829:  35%|███▌      | 35/100 [03:40<06:38,  6.13s/it]Best trial: 17. Best value: 0.545829:  35%|███▌      | 35/100 [03:40<06:38,  6.13s/it]Best trial: 17. Best value: 0.545829:  36%|███▌      | 36/100 [03:40<06:32,  6.13s/it]                                                                                      Best trial: 17. Best value: 0.545829:  36%|███▌      | 36/100 [03:47<06:32,  6.13s/it]Best trial: 17. Best value: 0.545829:  36%|███▌      | 36/100 [03:47<06:32,  6.13s/it]Best trial: 17. Best value: 0.545829:  37%|███▋      | 37/100 [03:47<06:26,  6.13s/it]                                                                                      Best trial: 17. Best value: 0.545829:  37%|███▋      | 37/100 [03:53<06:26,  6.13s/it]Best trial: 17. Best value: 0.545829:  37%|███▋      | 37/100 [03:53<06:26,  6.13s/it]Best trial: 17. Best value: 0.545829:  38%|███▊      | 38/100 [03:53<06:19,  6.13s/it]                                                                                      Best trial: 17. Best value: 0.545829:  38%|███▊      | 38/100 [03:59<06:19,  6.13s/it]Best trial: 17. Best value: 0.545829:  38%|███▊      | 38/100 [03:59<06:19,  6.13s/it]Best trial: 17. Best value: 0.545829:  39%|███▉      | 39/100 [03:59<06:14,  6.13s/it]                                                                                      Best trial: 17. Best value: 0.545829:  39%|███▉      | 39/100 [04:05<06:14,  6.13s/it]Best trial: 17. Best value: 0.545829:  39%|███▉      | 39/100 [04:05<06:14,  6.13s/it]Best trial: 17. Best value: 0.545829:  40%|████      | 40/100 [04:05<06:08,  6.14s/it]                                                                                      Best trial: 17. Best value: 0.545829:  40%|████      | 40/100 [04:11<06:08,  6.14s/it]Best trial: 17. Best value: 0.545829:  40%|████      | 40/100 [04:11<06:08,  6.14s/it]Best trial: 17. Best value: 0.545829:  41%|████      | 41/100 [04:11<06:02,  6.14s/it]                                                                                      Best trial: 17. Best value: 0.545829:  41%|████      | 41/100 [04:17<06:02,  6.14s/it]Best trial: 41. Best value: 0.545829:  41%|████      | 41/100 [04:17<06:02,  6.14s/it]Best trial: 41. Best value: 0.545829:  42%|████▏     | 42/100 [04:17<05:58,  6.18s/it]                                                                                      Best trial: 41. Best value: 0.545829:  42%|████▏     | 42/100 [04:24<05:58,  6.18s/it]Best trial: 41. Best value: 0.545829:  42%|████▏     | 42/100 [04:24<05:58,  6.18s/it]Best trial: 41. Best value: 0.545829:  43%|████▎     | 43/100 [04:24<05:51,  6.17s/it]                                                                                      Best trial: 41. Best value: 0.545829:  43%|████▎     | 43/100 [04:30<05:51,  6.17s/it]Best trial: 41. Best value: 0.545829:  43%|████▎     | 43/100 [04:30<05:51,  6.17s/it]Best trial: 41. Best value: 0.545829:  44%|████▍     | 44/100 [04:30<05:44,  6.16s/it]                                                                                      Best trial: 41. Best value: 0.545829:  44%|████▍     | 44/100 [04:36<05:44,  6.16s/it]Best trial: 41. Best value: 0.545829:  44%|████▍     | 44/100 [04:36<05:44,  6.16s/it]Best trial: 41. Best value: 0.545829:  45%|████▌     | 45/100 [04:36<05:38,  6.15s/it]                                                                                      Best trial: 41. Best value: 0.545829:  45%|████▌     | 45/100 [04:42<05:38,  6.15s/it]Best trial: 41. Best value: 0.545829:  45%|████▌     | 45/100 [04:42<05:38,  6.15s/it]Best trial: 41. Best value: 0.545829:  46%|████▌     | 46/100 [04:42<05:31,  6.15s/it]                                                                                      Best trial: 41. Best value: 0.545829:  46%|████▌     | 46/100 [04:48<05:31,  6.15s/it]Best trial: 41. Best value: 0.545829:  46%|████▌     | 46/100 [04:48<05:31,  6.15s/it]Best trial: 41. Best value: 0.545829:  47%|████▋     | 47/100 [04:48<05:25,  6.14s/it]                                                                                      Best trial: 41. Best value: 0.545829:  47%|████▋     | 47/100 [04:54<05:25,  6.14s/it]Best trial: 41. Best value: 0.545829:  47%|████▋     | 47/100 [04:54<05:25,  6.14s/it]Best trial: 41. Best value: 0.545829:  48%|████▊     | 48/100 [04:54<05:19,  6.14s/it]                                                                                      Best trial: 41. Best value: 0.545829:  48%|████▊     | 48/100 [05:00<05:19,  6.14s/it]Best trial: 41. Best value: 0.545829:  48%|████▊     | 48/100 [05:00<05:19,  6.14s/it]Best trial: 41. Best value: 0.545829:  49%|████▉     | 49/100 [05:00<05:12,  6.14s/it]                                                                                      Best trial: 41. Best value: 0.545829:  49%|████▉     | 49/100 [05:07<05:12,  6.14s/it]Best trial: 41. Best value: 0.545829:  49%|████▉     | 49/100 [05:07<05:12,  6.14s/it]Best trial: 41. Best value: 0.545829:  50%|█████     | 50/100 [05:07<05:06,  6.13s/it]                                                                                      Best trial: 41. Best value: 0.545829:  50%|█████     | 50/100 [05:13<05:06,  6.13s/it]Best trial: 41. Best value: 0.545829:  50%|█████     | 50/100 [05:13<05:06,  6.13s/it]Best trial: 41. Best value: 0.545829:  51%|█████     | 51/100 [05:13<05:00,  6.14s/it]                                                                                      Best trial: 41. Best value: 0.545829:  51%|█████     | 51/100 [05:19<05:00,  6.14s/it]Best trial: 41. Best value: 0.545829:  51%|█████     | 51/100 [05:19<05:00,  6.14s/it]Best trial: 41. Best value: 0.545829:  52%|█████▏    | 52/100 [05:19<04:54,  6.14s/it]                                                                                      Best trial: 41. Best value: 0.545829:  52%|█████▏    | 52/100 [05:25<04:54,  6.14s/it]Best trial: 41. Best value: 0.545829:  52%|█████▏    | 52/100 [05:25<04:54,  6.14s/it]Best trial: 41. Best value: 0.545829:  53%|█████▎    | 53/100 [05:25<04:48,  6.13s/it]                                                                                      Best trial: 41. Best value: 0.545829:  53%|█████▎    | 53/100 [05:31<04:48,  6.13s/it]Best trial: 41. Best value: 0.545829:  53%|█████▎    | 53/100 [05:31<04:48,  6.13s/it]Best trial: 41. Best value: 0.545829:  54%|█████▍    | 54/100 [05:31<04:42,  6.13s/it]                                                                                      Best trial: 41. Best value: 0.545829:  54%|█████▍    | 54/100 [05:37<04:42,  6.13s/it]Best trial: 41. Best value: 0.545829:  54%|█████▍    | 54/100 [05:37<04:42,  6.13s/it]Best trial: 41. Best value: 0.545829:  55%|█████▌    | 55/100 [05:37<04:36,  6.13s/it]                                                                                      Best trial: 41. Best value: 0.545829:  55%|█████▌    | 55/100 [05:43<04:36,  6.13s/it]Best trial: 41. Best value: 0.545829:  55%|█████▌    | 55/100 [05:43<04:36,  6.13s/it]Best trial: 41. Best value: 0.545829:  56%|█████▌    | 56/100 [05:43<04:29,  6.13s/it]                                                                                      Best trial: 41. Best value: 0.545829:  56%|█████▌    | 56/100 [05:49<04:29,  6.13s/it]Best trial: 41. Best value: 0.545829:  56%|█████▌    | 56/100 [05:49<04:29,  6.13s/it]Best trial: 41. Best value: 0.545829:  57%|█████▋    | 57/100 [05:49<04:23,  6.13s/it]                                                                                      Best trial: 41. Best value: 0.545829:  57%|█████▋    | 57/100 [05:56<04:23,  6.13s/it]Best trial: 41. Best value: 0.545829:  57%|█████▋    | 57/100 [05:56<04:23,  6.13s/it]Best trial: 41. Best value: 0.545829:  58%|█████▊    | 58/100 [05:56<04:17,  6.13s/it]                                                                                      Best trial: 41. Best value: 0.545829:  58%|█████▊    | 58/100 [06:02<04:17,  6.13s/it]Best trial: 41. Best value: 0.545829:  58%|█████▊    | 58/100 [06:02<04:17,  6.13s/it]Best trial: 41. Best value: 0.545829:  59%|█████▉    | 59/100 [06:02<04:12,  6.16s/it]                                                                                      Best trial: 41. Best value: 0.545829:  59%|█████▉    | 59/100 [06:08<04:12,  6.16s/it]Best trial: 41. Best value: 0.545829:  59%|█████▉    | 59/100 [06:08<04:12,  6.16s/it]Best trial: 41. Best value: 0.545829:  60%|██████    | 60/100 [06:08<04:06,  6.15s/it]                                                                                      Best trial: 41. Best value: 0.545829:  60%|██████    | 60/100 [06:14<04:06,  6.15s/it]Best trial: 60. Best value: 0.545831:  60%|██████    | 60/100 [06:14<04:06,  6.15s/it]Best trial: 60. Best value: 0.545831:  61%|██████    | 61/100 [06:14<03:59,  6.15s/it]                                                                                      Best trial: 60. Best value: 0.545831:  61%|██████    | 61/100 [06:20<03:59,  6.15s/it]Best trial: 60. Best value: 0.545831:  61%|██████    | 61/100 [06:20<03:59,  6.15s/it]Best trial: 60. Best value: 0.545831:  62%|██████▏   | 62/100 [06:20<03:53,  6.14s/it]                                                                                      Best trial: 60. Best value: 0.545831:  62%|██████▏   | 62/100 [06:26<03:53,  6.14s/it]Best trial: 60