[I 2025-05-15 03:24:47,086] Trial 0 finished with value: 0.5460773944796629 and parameters: {'threshold_scale_factor': 0.8799718911394088}. Best is trial 0 with value: 0.5460773944796629.
[I 2025-05-15 03:24:53,193] Trial 1 finished with value: 0.5222911158173208 and parameters: {'threshold_scale_factor': 0.26280585308730253}. Best is trial 0 with value: 0.5460773944796629.
[I 2025-05-15 03:24:59,292] Trial 2 finished with value: 0.5303873523348508 and parameters: {'threshold_scale_factor': 0.4452576266451883}. Best is trial 0 with value: 0.5460773944796629.
[I 2025-05-15 03:25:05,419] Trial 3 finished with value: 0.529289475054352 and parameters: {'threshold_scale_factor': 0.42337871048746767}. Best is trial 0 with value: 0.5460773944796629.
[I 2025-05-15 03:25:11,521] Trial 4 finished with value: 0.5404703839469778 and parameters: {'threshold_scale_factor': 0.6711976607338648}. Best is trial 0 with value: 0.5460773944796629.
[I 2025-05-15 03:25:17,640] Trial 5 finished with value: 0.5143991331818278 and parameters: {'threshold_scale_factor': 0.03478498907620331}. Best is trial 0 with value: 0.5460773944796629.
[I 2025-05-15 03:25:23,693] Trial 6 finished with value: 0.5475579832405773 and parameters: {'threshold_scale_factor': 0.9992180388728313}. Best is trial 6 with value: 0.5475579832405773.
[I 2025-05-15 03:25:29,799] Trial 7 finished with value: 0.5422018898324761 and parameters: {'threshold_scale_factor': 0.7269484912467504}. Best is trial 6 with value: 0.5475579832405773.
[I 2025-05-15 03:25:36,059] Trial 8 finished with value: 0.5356124605112258 and parameters: {'threshold_scale_factor': 0.5562908125990016}. Best is trial 6 with value: 0.5475579832405773.
[I 2025-05-15 03:25:42,162] Trial 9 finished with value: 0.5198050827065553 and parameters: {'threshold_scale_factor': 0.1943477086638622}. Best is trial 6 with value: 0.5475579832405773.
[I 2025-05-15 03:25:48,277] Trial 10 finished with value: 0.5475348830991564 and parameters: {'threshold_scale_factor': 0.9919234737902243}. Best is trial 6 with value: 0.5475579832405773.
[I 2025-05-15 03:25:54,401] Trial 11 finished with value: 0.547535908927805 and parameters: {'threshold_scale_factor': 0.9873543964168253}. Best is trial 6 with value: 0.5475579832405773.
[I 2025-05-15 03:26:00,501] Trial 12 finished with value: 0.5475458069781677 and parameters: {'threshold_scale_factor': 0.996205606644968}. Best is trial 6 with value: 0.5475579832405773.
[I 2025-05-15 03:26:06,608] Trial 13 finished with value: 0.5448365175298496 and parameters: {'threshold_scale_factor': 0.8171122112003434}. Best is trial 6 with value: 0.5475579832405773.
[I 2025-05-15 03:26:12,705] Trial 14 finished with value: 0.5453813099367476 and parameters: {'threshold_scale_factor': 0.8415845150157917}. Best is trial 6 with value: 0.5475579832405773.
[I 2025-05-15 03:26:18,823] Trial 15 finished with value: 0.5398302105833432 and parameters: {'threshold_scale_factor': 0.6529175345874246}. Best is trial 6 with value: 0.5475579832405773.
[I 2025-05-15 03:26:24,947] Trial 16 finished with value: 0.5475586389828958 and parameters: {'threshold_scale_factor': 0.9998540972564549}. Best is trial 16 with value: 0.5475586389828958.
[I 2025-05-15 03:26:31,060] Trial 17 finished with value: 0.5440118343195266 and parameters: {'threshold_scale_factor': 0.7822283551897103}. Best is trial 16 with value: 0.5475586389828958.
[I 2025-05-15 03:26:37,162] Trial 18 finished with value: 0.5361389005762371 and parameters: {'threshold_scale_factor': 0.5667781479599858}. Best is trial 16 with value: 0.5475586389828958.
[I 2025-05-15 03:26:43,270] Trial 19 finished with value: 0.5460623067776457 and parameters: {'threshold_scale_factor': 0.8790925459113746}. Best is trial 16 with value: 0.5475586389828958.
[I 2025-05-15 03:26:49,385] Trial 20 finished with value: 0.5253343413377988 and parameters: {'threshold_scale_factor': 0.33358148347746447}. Best is trial 16 with value: 0.5475586389828958.
[I 2025-05-15 03:26:55,525] Trial 21 finished with value: 0.5472581964271894 and parameters: {'threshold_scale_factor': 0.9456357958640067}. Best is trial 16 with value: 0.5475586389828958.
[I 2025-05-15 03:27:01,613] Trial 22 finished with value: 0.5469392481478094 and parameters: {'threshold_scale_factor': 0.9264687855307441}. Best is trial 16 with value: 0.5475586389828958.
[I 2025-05-15 03:27:07,731] Trial 23 finished with value: 0.5475351026180442 and parameters: {'threshold_scale_factor': 0.9914103601480917}. Best is trial 16 with value: 0.5475586389828958.
[I 2025-05-15 03:27:13,981] Trial 24 finished with value: 0.5433245811903271 and parameters: {'threshold_scale_factor': 0.7604193636381108}. Best is trial 16 with value: 0.5475586389828958.
[I 2025-05-15 03:27:20,092] Trial 25 finished with value: 0.5463732130670025 and parameters: {'threshold_scale_factor': 0.8938231000059826}. Best is trial 16 with value: 0.5475586389828958.
[I 2025-05-15 03:27:26,205] Trial 26 finished with value: 0.5415392706625671 and parameters: {'threshold_scale_factor': 0.706642960987421}. Best is trial 16 with value: 0.5475586389828958.
[I 2025-05-15 03:27:32,304] Trial 27 finished with value: 0.5449519141061994 and parameters: {'threshold_scale_factor': 0.8224835324778406}. Best is trial 16 with value: 0.5475586389828958.
[I 2025-05-15 03:27:38,406] Trial 28 finished with value: 0.5470758705119997 and parameters: {'threshold_scale_factor': 0.9345057952320887}. Best is trial 16 with value: 0.5475586389828958.
[I 2025-05-15 03:27:44,501] Trial 29 finished with value: 0.5380769568490597 and parameters: {'threshold_scale_factor': 0.6070802239827777}. Best is trial 16 with value: 0.5475586389828958.
[I 2025-05-15 03:27:50,620] Trial 30 finished with value: 0.5459261403372992 and parameters: {'threshold_scale_factor': 0.8715651391553045}. Best is trial 16 with value: 0.5475586389828958.
[I 2025-05-15 03:27:56,731] Trial 31 finished with value: 0.5474837816349936 and parameters: {'threshold_scale_factor': 0.971491591809256}. Best is trial 16 with value: 0.5475586389828958.
[I 2025-05-15 03:28:02,834] Trial 32 finished with value: 0.5475540262719079 and parameters: {'threshold_scale_factor': 0.9979738535765512}. Best is trial 16 with value: 0.5475586389828958.
[I 2025-05-15 03:28:08,948] Trial 33 finished with value: 0.546420644625657 and parameters: {'threshold_scale_factor': 0.8961459864137395}. Best is trial 16 with value: 0.5475586389828958.
[I 2025-05-15 03:28:15,062] Trial 34 finished with value: 0.5468978758733263 and parameters: {'threshold_scale_factor': 0.9238370817808028}. Best is trial 16 with value: 0.5475586389828958.
[I 2025-05-15 03:28:21,179] Trial 35 finished with value: 0.544116484320582 and parameters: {'threshold_scale_factor': 0.7859075311117931}. Best is trial 16 with value: 0.5475586389828958.
[I 2025-05-15 03:28:27,297] Trial 36 finished with value: 0.5475447445630378 and parameters: {'threshold_scale_factor': 0.9960596610860184}. Best is trial 16 with value: 0.5475586389828958.
[I 2025-05-15 03:28:33,405] Trial 37 finished with value: 0.5453715089812776 and parameters: {'threshold_scale_factor': 0.841175846427776}. Best is trial 16 with value: 0.5475586389828958.
[I 2025-05-15 03:28:39,497] Trial 38 finished with value: 0.5295967691322672 and parameters: {'threshold_scale_factor': 0.42985613265785505}. Best is trial 16 with value: 0.5475586389828958.
[I 2025-05-15 03:28:45,614] Trial 39 finished with value: 0.5137042306636929 and parameters: {'threshold_scale_factor': 0.00440413722912647}. Best is trial 16 with value: 0.5475586389828958.
[I 2025-05-15 03:28:51,710] Trial 40 finished with value: 0.5204482280182088 and parameters: {'threshold_scale_factor': 0.2101164271655721}. Best is trial 16 with value: 0.5475586389828958.
[I 2025-05-15 03:28:57,976] Trial 41 finished with value: 0.5475581591371219 and parameters: {'threshold_scale_factor': 0.9993748896313347}. Best is trial 16 with value: 0.5475586389828958.
[I 2025-05-15 03:29:04,099] Trial 42 finished with value: 0.5471274926299348 and parameters: {'threshold_scale_factor': 0.9374703163363611}. Best is trial 16 with value: 0.5475586389828958.
[I 2025-05-15 03:29:10,224] Trial 43 finished with value: 0.5460617917525628 and parameters: {'threshold_scale_factor': 0.8790680358005583}. Best is trial 16 with value: 0.5475586389828958.
[I 2025-05-15 03:29:16,349] Trial 44 finished with value: 0.5473214319385911 and parameters: {'threshold_scale_factor': 0.9503501559694257}. Best is trial 16 with value: 0.5475586389828958.
[I 2025-05-15 03:29:22,444] Trial 45 finished with value: 0.5333076838646582 and parameters: {'threshold_scale_factor': 0.5058059102902489}. Best is trial 16 with value: 0.5475586389828958.
[I 2025-05-15 03:29:28,551] Trial 46 finished with value: 0.547525170795545 and parameters: {'threshold_scale_factor': 0.9824268201758873}. Best is trial 16 with value: 0.5475586389828958.
[I 2025-05-15 03:29:34,652] Trial 47 finished with value: 0.5421749129312105 and parameters: {'threshold_scale_factor': 0.7261136855869452}. Best is trial 16 with value: 0.5475586389828958.
[I 2025-05-15 03:29:40,758] Trial 48 finished with value: 0.5466055921029487 and parameters: {'threshold_scale_factor': 0.9057136638622989}. Best is trial 16 with value: 0.5475586389828958.
[I 2025-05-15 03:29:46,896] Trial 49 finished with value: 0.5455594298137607 and parameters: {'threshold_scale_factor': 0.8499277660784044}. Best is trial 16 with value: 0.5475586389828958.
[I 2025-05-15 03:29:53,007] Trial 50 finished with value: 0.544417854202872 and parameters: {'threshold_scale_factor': 0.797794140145467}. Best is trial 16 with value: 0.5475586389828958.
[I 2025-05-15 03:29:59,100] Trial 51 finished with value: 0.5475350097446685 and parameters: {'threshold_scale_factor': 0.9866151498247477}. Best is trial 16 with value: 0.5475586389828958.
[I 2025-05-15 03:30:05,205] Trial 52 finished with value: 0.5475392805127737 and parameters: {'threshold_scale_factor': 0.9898075232785484}. Best is trial 16 with value: 0.5475586389828958.
[I 2025-05-15 03:30:11,291] Trial 53 finished with value: 0.5473713907787996 and parameters: {'threshold_scale_factor': 0.9540940409679342}. Best is trial 16 with value: 0.5475586389828958.
[I 2025-05-15 03:30:17,409] Trial 54 finished with value: 0.5266537188047478 and parameters: {'threshold_scale_factor': 0.36150687674030724}. Best is trial 16 with value: 0.5475586389828958.
[I 2025-05-15 03:30:23,451] Trial 55 finished with value: 0.5161869878772102 and parameters: {'threshold_scale_factor': 0.09843675401647722}. Best is trial 16 with value: 0.5475586389828958.
[I 2025-05-15 03:30:29,561] Trial 56 finished with value: 0.5467658352623321 and parameters: {'threshold_scale_factor': 0.91567311732187}. Best is trial 16 with value: 0.5475586389828958.
[I 2025-05-15 03:30:35,661] Trial 57 finished with value: 0.5475572360320553 and parameters: {'threshold_scale_factor': 0.9989563822568913}. Best is trial 16 with value: 0.5475586389828958.
[I 2025-05-15 03:30:41,924] Trial 58 finished with value: 0.5458385677799745 and parameters: {'threshold_scale_factor': 0.8661017945574512}. Best is trial 16 with value: 0.5475586389828958.
[I 2025-05-15 03:30:48,042] Trial 59 finished with value: 0.5473270620351934 and parameters: {'threshold_scale_factor': 0.9507851500684502}. Best is trial 16 with value: 0.5475586389828958.
[I 2025-05-15 03:30:54,165] Trial 60 finished with value: 0.5466769160410613 and parameters: {'threshold_scale_factor': 0.9100592720890808}. Best is trial 16 with value: 0.5475586389828958.
[I 2025-05-15 03:31:00,273] Trial 61 finished with value: 0.5475377157371121 and parameters: {'threshold_scale_factor': 0.9890364184106532}. Best is trial 16 with value: 0.5475586389828958.
[I 2025-05-15 03:31:06,394] Trial 62 finished with value: 0.5475571670806099 and parameters: {'threshold_scale_factor': 0.9987701046955522}. Best is trial 16 with value: 0.5475586389828958.
[I 2025-05-15 03:31:12,506] Trial 63 finished with value: 0.5473520885955716 and parameters: {'threshold_scale_factor': 0.9526857671992341}. Best is trial 16 with value: 0.5475586389828958.
[I 2025-05-15 03:31:18,647] Trial 64 finished with value: 0.547445446038458 and parameters: {'threshold_scale_factor': 0.9616221558491804}. Best is trial 16 with value: 0.5475586389828958.
[I 2025-05-15 03:31:24,772] Trial 65 finished with value: 0.5463887271422441 and parameters: {'threshold_scale_factor': 0.894562267947906}. Best is trial 16 with value: 0.5475586389828958.
[I 2025-05-15 03:31:30,905] Trial 66 finished with value: 0.5475521589541895 and parameters: {'threshold_scale_factor': 0.9972903509971895}. Best is trial 16 with value: 0.5475586389828958.
[I 2025-05-15 03:31:37,006] Trial 67 finished with value: 0.5450258764924822 and parameters: {'threshold_scale_factor': 0.8261466487203828}. Best is trial 16 with value: 0.5475586389828958.
[I 2025-05-15 03:31:43,123] Trial 68 finished with value: 0.5469755278655306 and parameters: {'threshold_scale_factor': 0.9287874502705671}. Best is trial 16 with value: 0.5475586389828958.
[I 2025-05-15 03:31:49,216] Trial 69 finished with value: 0.5475567758866945 and parameters: {'threshold_scale_factor': 0.9986680942474965}. Best is trial 16 with value: 0.5475586389828958.
[I 2025-05-15 03:31:55,345] Trial 70 finished with value: 0.5474542239796241 and parameters: {'threshold_scale_factor': 0.9634131897777244}. Best is trial 16 with value: 0.5475586389828958.
[I 2025-05-15 03:32:01,457] Trial 71 finished with value: 0.547553546426134 and parameters: {'threshold_scale_factor': 0.9978555000859949}. Best is trial 16 with value: 0.5475586389828958.
[I 2025-05-15 03:32:07,580] Trial 72 finished with value: 0.5469546144699533 and parameters: {'threshold_scale_factor': 0.9274709799985104}. Best is trial 16 with value: 0.5475586389828958.
[I 2025-05-15 03:32:13,680] Trial 73 finished with value: 0.5474631215304406 and parameters: {'threshold_scale_factor': 0.9660387743772572}. Best is trial 16 with value: 0.5475586389828958.
[I 2025-05-15 03:32:19,930] Trial 74 finished with value: 0.5458212581528048 and parameters: {'threshold_scale_factor': 0.8648226326833811}. Best is trial 16 with value: 0.5475586389828958.
[I 2025-05-15 03:32:26,023] Trial 75 finished with value: 0.5463892224669138 and parameters: {'threshold_scale_factor': 0.8945882411413256}. Best is trial 16 with value: 0.5475586389828958.
[I 2025-05-15 03:32:32,144] Trial 76 finished with value: 0.547473927206974 and parameters: {'threshold_scale_factor': 0.9687826198602794}. Best is trial 16 with value: 0.5475586389828958.
[I 2025-05-15 03:32:38,235] Trial 77 finished with value: 0.5475590315839836 and parameters: {'threshold_scale_factor': 0.9999910780911102}. Best is trial 77 with value: 0.5475590315839836.
[I 2025-05-15 03:32:44,349] Trial 78 finished with value: 0.546871003102815 and parameters: {'threshold_scale_factor': 0.9220606880806232}. Best is trial 77 with value: 0.5475590315839836.
[I 2025-05-15 03:32:50,455] Trial 79 finished with value: 0.5471516945873116 and parameters: {'threshold_scale_factor': 0.9390919261429744}. Best is trial 77 with value: 0.5475590315839836.
[I 2025-05-15 03:32:56,563] Trial 80 finished with value: 0.5456070921486817 and parameters: {'threshold_scale_factor': 0.8524110532712332}. Best is trial 77 with value: 0.5475590315839836.
[I 2025-05-15 03:33:02,668] Trial 81 finished with value: 0.5474912199480754 and parameters: {'threshold_scale_factor': 0.9737449745042082}. Best is trial 77 with value: 0.5475590315839836.
[I 2025-05-15 03:33:08,770] Trial 82 finished with value: 0.5474953120052909 and parameters: {'threshold_scale_factor': 0.975336642699317}. Best is trial 77 with value: 0.5475590315839836.
[I 2025-05-15 03:33:14,873] Trial 83 finished with value: 0.5475579058460975 and parameters: {'threshold_scale_factor': 0.9992288485013827}. Best is trial 77 with value: 0.5475590315839836.
[I 2025-05-15 03:33:20,975] Trial 84 finished with value: 0.5472620351933806 and parameters: {'threshold_scale_factor': 0.9458978757058115}. Best is trial 77 with value: 0.5475590315839836.
[I 2025-05-15 03:33:27,066] Trial 85 finished with value: 0.5399594087061754 and parameters: {'threshold_scale_factor': 0.6567337016076271}. Best is trial 77 with value: 0.5475590315839836.
[I 2025-05-15 03:33:33,192] Trial 86 finished with value: 0.5462034785300678 and parameters: {'threshold_scale_factor': 0.8862843000091498}. Best is trial 77 with value: 0.5475590315839836.
[I 2025-05-15 03:33:39,299] Trial 87 finished with value: 0.5468151017737407 and parameters: {'threshold_scale_factor': 0.91869779830389}. Best is trial 77 with value: 0.5475590315839836.
[I 2025-05-15 03:33:45,413] Trial 88 finished with value: 0.5474834833144537 and parameters: {'threshold_scale_factor': 0.9713501570553248}. Best is trial 77 with value: 0.5475590315839836.
[I 2025-05-15 03:33:51,488] Trial 89 finished with value: 0.5475506560941117 and parameters: {'threshold_scale_factor': 0.996988931343906}. Best is trial 77 with value: 0.5475590315839836.
[I 2025-05-15 03:33:57,578] Trial 90 finished with value: 0.5378804156787144 and parameters: {'threshold_scale_factor': 0.6027043681845949}. Best is trial 77 with value: 0.5475590315839836.
[I 2025-05-15 03:34:03,830] Trial 91 finished with value: 0.5475568814246213 and parameters: {'threshold_scale_factor': 0.9988785471965628}. Best is trial 77 with value: 0.5475590315839836.
[I 2025-05-15 03:34:09,926] Trial 92 finished with value: 0.5472497984225597 and parameters: {'threshold_scale_factor': 0.9450888497554459}. Best is trial 77 with value: 0.5475590315839836.
[I 2025-05-15 03:34:16,047] Trial 93 finished with value: 0.5474819368320328 and parameters: {'threshold_scale_factor': 0.970926159956329}. Best is trial 77 with value: 0.5475590315839836.
[I 2025-05-15 03:34:22,136] Trial 94 finished with value: 0.5475522926355634 and parameters: {'threshold_scale_factor': 0.9974116570538297}. Best is trial 77 with value: 0.5475590315839836.
[I 2025-05-15 03:34:28,244] Trial 95 finished with value: 0.5465783816110716 and parameters: {'threshold_scale_factor': 0.9041486664794056}. Best is trial 77 with value: 0.5475590315839836.
[I 2025-05-15 03:34:34,354] Trial 96 finished with value: 0.5470341717735296 and parameters: {'threshold_scale_factor': 0.932294487993072}. Best is trial 77 with value: 0.5475590315839836.
[I 2025-05-15 03:34:40,461] Trial 97 finished with value: 0.5324879778229636 and parameters: {'threshold_scale_factor': 0.4893491758194703}. Best is trial 77 with value: 0.5475590315839836.
[I 2025-05-15 03:34:46,571] Trial 98 finished with value: 0.5473238170957371 and parameters: {'threshold_scale_factor': 0.9505127556624813}. Best is trial 77 with value: 0.5475590315839836.
