[I 2025-05-13 21:06:32,255] Trial 99 finished with value: 0.5648861548976889 and parameters: {'interp_param': 0.15330328015973438}. Best is trial 58 with value: 0.5658067922593875.
Best hyperparameters: {'interp_param': 0.24850766569770352}
Best optimized value: 0.5658067922593875
Tuning threshold scale factor for offline LSET using optuna
  0%|          | 0/100 [00:00<?, ?it/s]                                         0%|          | 0/100 [00:01<?, ?it/s]Best trial: 0. Best value: 0.564506:   0%|          | 0/100 [00:01<?, ?it/s]Best trial: 0. Best value: 0.564506:   1%|          | 1/100 [00:01<02:58,  1.81s/it]                                                                                    Best trial: 0. Best value: 0.564506:   1%|          | 1/100 [00:02<02:58,  1.81s/it]Best trial: 1. Best value: 0.564736:   1%|          | 1/100 [00:02<02:58,  1.81s/it]Best trial: 1. Best value: 0.564736:   2%|▏         | 2/100 [00:02<02:17,  1.41s/it]                                                                                    Best trial: 1. Best value: 0.564736:   2%|▏         | 2/100 [00:04<02:17,  1.41s/it]Best trial: 1. Best value: 0.564736:   2%|▏         | 2/100 [00:04<02:17,  1.41s/it]Best trial: 1. Best value: 0.564736:   3%|▎         | 3/100 [00:04<02:03,  1.28s/it]                                                                                    Best trial: 1. Best value: 0.564736:   3%|▎         | 3/100 [00:05<02:03,  1.28s/it]Best trial: 3. Best value: 0.565282:   3%|▎         | 3/100 [00:05<02:03,  1.28s/it]Best trial: 3. Best value: 0.565282:   4%|▍         | 4/100 [00:05<01:56,  1.21s/it]                                                                                    Best trial: 3. Best value: 0.565282:   4%|▍         | 4/100 [00:06<01:56,  1.21s/it]Best trial: 4. Best value: 0.565448:   4%|▍         | 4/100 [00:06<01:56,  1.21s/it]Best trial: 4. Best value: 0.565448:   5%|▌         | 5/100 [00:06<01:52,  1.18s/it]                                                                                    Best trial: 4. Best value: 0.565448:   5%|▌         | 5/100 [00:07<01:52,  1.18s/it]Best trial: 4. Best value: 0.565448:   5%|▌         | 5/100 [00:07<01:52,  1.18s/it]Best trial: 4. Best value: 0.565448:   6%|▌         | 6/100 [00:07<01:49,  1.16s/it]                                                                                    Best trial: 4. Best value: 0.565448:   6%|▌         | 6/100 [00:08<01:49,  1.16s/it]Best trial: 4. Best value: 0.565448:   6%|▌         | 6/100 [00:08<01:49,  1.16s/it]Best trial: 4. Best value: 0.565448:   7%|▋         | 7/100 [00:08<01:47,  1.15s/it]                                                                                    Best trial: 4. Best value: 0.565448:   7%|▋         | 7/100 [00:09<01:47,  1.15s/it]Best trial: 4. Best value: 0.565448:   7%|▋         | 7/100 [00:09<01:47,  1.15s/it]Best trial: 4. Best value: 0.565448:   8%|▊         | 8/100 [00:09<01:45,  1.14s/it]                                                                                    Best trial: 4. Best value: 0.565448:   8%|▊         | 8/100 [00:10<01:45,  1.14s/it]Best trial: 4. Best value: 0.565448:   8%|▊         | 8/100 [00:10<01:45,  1.14s/it]Best trial: 4. Best value: 0.565448:   9%|▉         | 9/100 [00:10<01:43,  1.14s/it]                                                                                    Best trial: 4. Best value: 0.565448:   9%|▉         | 9/100 [00:11<01:43,  1.14s/it]Best trial: 4. Best value: 0.565448:   9%|▉         | 9/100 [00:11<01:43,  1.14s/it]Best trial: 4. Best value: 0.565448:  10%|█         | 10/100 [00:11<01:42,  1.13s/it]                                                                                     Best trial: 4. Best value: 0.565448:  10%|█         | 10/100 [00:13<01:42,  1.13s/it]Best trial: 10. Best value: 0.568543:  10%|█         | 10/100 [00:13<01:42,  1.13s/it]Best trial: 10. Best value: 0.568543:  11%|█         | 11/100 [00:13<01:40,  1.13s/it]                                                                                      Best trial: 10. Best value: 0.568543:  11%|█         | 11/100 [00:14<01:40,  1.13s/it]Best trial: 11. Best value: 0.568572:  11%|█         | 11/100 [00:14<01:40,  1.13s/it]Best trial: 11. Best value: 0.568572:  12%|█▏        | 12/100 [00:14<01:39,  1.13s/it]                                                                                      Best trial: 11. Best value: 0.568572:  12%|█▏        | 12/100 [00:15<01:39,  1.13s/it]Best trial: 11. Best value: 0.568572:  12%|█▏        | 12/100 [00:15<01:39,  1.13s/it]Best trial: 11. Best value: 0.568572:  13%|█▎        | 13/100 [00:15<01:38,  1.13s/it]                                                                                      Best trial: 11. Best value: 0.568572:  13%|█▎        | 13/100 [00:16<01:38,  1.13s/it]Best trial: 13. Best value: 0.568622:  13%|█▎        | 13/100 [00:16<01:38,  1.13s/it]Best trial: 13. Best value: 0.568622:  14%|█▍        | 14/100 [00:16<01:36,  1.13s/it]                                                                                      Best trial: 13. Best value: 0.568622:  14%|█▍        | 14/100 [00:17<01:36,  1.13s/it]Best trial: 13. Best value: 0.568622:  14%|█▍        | 14/100 [00:17<01:36,  1.13s/it]Best trial: 13. Best value: 0.568622:  15%|█▌        | 15/100 [00:17<01:36,  1.14s/it]                                                                                      Best trial: 13. Best value: 0.568622:  15%|█▌        | 15/100 [00:18<01:36,  1.14s/it]Best trial: 13. Best value: 0.568622:  15%|█▌        | 15/100 [00:18<01:36,  1.14s/it]Best trial: 13. Best value: 0.568622:  16%|█▌        | 16/100 [00:18<01:36,  1.15s/it]                                                                                      Best trial: 13. Best value: 0.568622:  16%|█▌        | 16/100 [00:19<01:36,  1.15s/it]Best trial: 13. Best value: 0.568622:  16%|█▌        | 16/100 [00:19<01:36,  1.15s/it]Best trial: 13. Best value: 0.568622:  17%|█▋        | 17/100 [00:19<01:36,  1.16s/it]                                                                                      Best trial: 13. Best value: 0.568622:  17%|█▋        | 17/100 [00:21<01:36,  1.16s/it]Best trial: 13. Best value: 0.568622:  17%|█▋        | 17/100 [00:21<01:36,  1.16s/it]Best trial: 13. Best value: 0.568622:  18%|█▊        | 18/100 [00:21<01:35,  1.17s/it]                                                                                      Best trial: 13. Best value: 0.568622:  18%|█▊        | 18/100 [00:22<01:35,  1.17s/it]Best trial: 13. Best value: 0.568622:  18%|█▊        | 18/100 [00:22<01:35,  1.17s/it]Best trial: 13. Best value: 0.568622:  19%|█▉        | 19/100 [00:22<01:34,  1.17s/it]                                                                                      Best trial: 13. Best value: 0.568622:  19%|█▉        | 19/100 [00:23<01:34,  1.17s/it]Best trial: 13. Best value: 0.568622:  19%|█▉        | 19/100 [00:23<01:34,  1.17s/it]Best trial: 13. Best value: 0.568622:  20%|██        | 20/100 [00:23<01:33,  1.17s/it]                                                                                      Best trial: 13. Best value: 0.568622:  20%|██        | 20/100 [00:24<01:33,  1.17s/it]Best trial: 13. Best value: 0.568622:  20%|██        | 20/100 [00:24<01:33,  1.17s/it]Best trial: 13. Best value: 0.568622:  21%|██        | 21/100 [00:24<01:32,  1.18s/it]                                                                                      Best trial: 13. Best value: 0.568622:  21%|██        | 21/100 [00:25<01:32,  1.18s/it]Best trial: 13. Best value: 0.568622:  21%|██        | 21/100 [00:25<01:32,  1.18s/it]Best trial: 13. Best value: 0.568622:  22%|██▏       | 22/100 [00:25<01:31,  1.18s/it]                                                                                      Best trial: 13. Best value: 0.568622:  22%|██▏       | 22/100 [00:27<01:31,  1.18s/it]Best trial: 13. Best value: 0.568622:  22%|██▏       | 22/100 [00:27<01:31,  1.18s/it]Best trial: 13. Best value: 0.568622:  23%|██▎       | 23/100 [00:27<01:34,  1.23s/it]                                                                                      Best trial: 13. Best value: 0.568622:  23%|██▎       | 23/100 [00:28<01:34,  1.23s/it]Best trial: 13. Best value: 0.568622:  23%|██▎       | 23/100 [00:28<01:34,  1.23s/it]Best trial: 13. Best value: 0.568622:  24%|██▍       | 24/100 [00:28<01:32,  1.22s/it]                                                                                      Best trial: 13. Best value: 0.568622:  24%|██▍       | 24/100 [00:29<01:32,  1.22s/it]Best trial: 13. Best value: 0.568622:  24%|██▍       | 24/100 [00:29<01:32,  1.22s/it]Best trial: 13. Best value: 0.568622:  25%|██▌       | 25/100 [00:29<01:30,  1.21s/it]                                                                                      Best trial: 13. Best value: 0.568622:  25%|██▌       | 25/100 [00:30<01:30,  1.21s/it]Best trial: 13. Best value: 0.568622:  25%|██▌       | 25/100 [00:30<01:30,  1.21s/it]Best trial: 13. Best value: 0.568622:  26%|██▌       | 26/100 [00:30<01:28,  1.20s/it]                                                                                      Best trial: 13. Best value: 0.568622:  26%|██▌       | 26/100 [00:31<01:28,  1.20s/it]Best trial: 13. Best value: 0.568622:  26%|██▌       | 26/100 [00:31<01:28,  1.20s/it]Best trial: 13. Best value: 0.568622:  27%|██▋       | 27/100 [00:31<01:27,  1.19s/it]                                                                                      Best trial: 13. Best value: 0.568622:  27%|██▋       | 27/100 [00:33<01:27,  1.19s/it]Best trial: 13. Best value: 0.568622:  27%|██▋       | 27/100 [00:33<01:27,  1.19s/it]Best trial: 13. Best value: 0.568622:  28%|██▊       | 28/100 [00:33<01:25,  1.19s/it]                                                                                      Best trial: 13. Best value: 0.568622:  28%|██▊       | 28/100 [00:34<01:25,  1.19s/it]Best trial: 13. Best value: 0.568622:  28%|██▊       | 28/100 [00:34<01:25,  1.19s/it]Best trial: 13. Best value: 0.568622:  29%|██▉       | 29/100 [00:34<01:24,  1.19s/it]                                                                                      Best trial: 13. Best value: 0.568622:  29%|██▉       | 29/100 [00:35<01:24,  1.19s/it]Best trial: 13. Best value: 0.568622:  29%|██▉       | 29/100 [00:35<01:24,  1.19s/it]Best trial: 13. Best value: 0.568622:  30%|███       | 30/100 [00:35<01:22,  1.18s/it]                                                                                      Best trial: 13. Best value: 0.568622:  30%|███       | 30/100 [00:36<01:22,  1.18s/it]Best trial: 30. Best value: 0.568835:  30%|███       | 30/100 [00:36<01:22,  1.18s/it]Best trial: 30. Best value: 0.568835:  31%|███       | 31/100 [00:36<01:21,  1.18s/it]                                                                                      Best trial: 30. Best value: 0.568835:  31%|███       | 31/100 [00:37<01:21,  1.18s/it]Best trial: 30. Best value: 0.568835:  31%|███       | 31/100 [00:37<01:21,  1.18s/it]Best trial: 30. Best value: 0.568835:  32%|███▏      | 32/100 [00:37<01:19,  1.18s/it]                                                                                      Best trial: 30. Best value: 0.568835:  32%|███▏      | 32/100 [00:38<01:19,  1.18s/it]Best trial: 30. Best value: 0.568835:  32%|███▏      | 32/100 [00:38<01:19,  1.18s/it]Best trial: 30. Best value: 0.568835:  33%|███▎      | 33/100 [00:38<01:18,  1.17s/it]                                                                                      Best trial: 30. Best value: 0.568835:  33%|███▎      | 33/100 [00:40<01:18,  1.17s/it]Best trial: 30. Best value: 0.568835:  33%|███▎      | 33/100 [00:40<01:18,  1.17s/it]Best trial: 30. Best value: 0.568835:  34%|███▍      | 34/100 [00:40<01:16,  1.16s/it]                                                                                      Best trial: 30. Best value: 0.568835:  34%|███▍      | 34/100 [00:41<01:16,  1.16s/it]Best trial: 30. Best value: 0.568835:  34%|███▍      | 34/100 [00:41<01:16,  1.16s/it]Best trial: 30. Best value: 0.568835:  35%|███▌      | 35/100 [00:41<01:15,  1.16s/it]                                                                                      Best trial: 30. Best value: 0.568835:  35%|███▌      | 35/100 [00:42<01:15,  1.16s/it]Best trial: 35. Best value: 0.56899:  35%|███▌      | 35/100 [00:42<01:15,  1.16s/it] Best trial: 35. Best value: 0.56899:  36%|███▌      | 36/100 [00:42<01:14,  1.16s/it]                                                                                     Best trial: 35. Best value: 0.56899:  36%|███▌      | 36/100 [00:43<01:14,  1.16s/it]Best trial: 35. Best value: 0.56899:  36%|███▌      | 36/100 [00:43<01:14,  1.16s/it]Best trial: 35. Best value: 0.56899:  37%|███▋      | 37/100 [00:43<01:12,  1.16s/it]                                                                                     Best trial: 35. Best value: 0.56899:  37%|███▋      | 37/100 [00:44<01:12,  1.16s/it]Best trial: 35. Best value: 0.56899:  37%|███▋      | 37/100 [00:44<01:12,  1.16s/it]Best trial: 35. Best value: 0.56899:  38%|███▊      | 38/100 [00:44<01:11,  1.16s/it]                                                                                     Best trial: 35. Best value: 0.56899:  38%|███▊      | 38/100 [00:45<01:11,  1.16s/it]Best trial: 35. Best value: 0.56899:  38%|███▊      | 38/100 [00:45<01:11,  1.16s/it]Best trial: 35. Best value: 0.56899:  39%|███▉      | 39/100 [00:45<01:10,  1.16s/it]                                                                                     Best trial: 35. Best value: 0.56899:  39%|███▉      | 39/100 [00:47<01:10,  1.16s/it]Best trial: 35. Best value: 0.56899:  39%|███▉      | 39/100 [00:47<01:10,  1.16s/it]Best trial: 35. Best value: 0.56899:  40%|████      | 40/100 [00:47<01:09,  1.16s/it]                                                                                     Best trial: 35. Best value: 0.56899:  40%|████      | 40/100 [00:48<01:09,  1.16s/it]Best trial: 35. Best value: 0.56899:  40%|████      | 40/100 [00:48<01:09,  1.16s/it]Best trial: 35. Best value: 0.56899:  41%|████      | 41/100 [00:48<01:08,  1.16s/it]                                                                                     Best trial: 35. Best value: 0.56899:  41%|████      | 41/100 [00:49<01:08,  1.16s/it]Best trial: 35. Best value: 0.56899:  41%|████      | 41/100 [00:49<01:08,  1.16s/it]Best trial: 35. Best value: 0.56899:  42%|████▏     | 42/100 [00:49<01:07,  1.16s/it]                                                                                     Best trial: 35. Best value: 0.56899:  42%|████▏     | 42/100 [00:50<01:07,  1.16s/it]Best trial: 35. Best value: 0.56899:  42%|████▏     | 42/100 [00:50<01:07,  1.16s/it]Best trial: 35. Best value: 0.56899:  43%|████▎     | 43/100 [00:50<01:06,  1.16s/it]                                                                                     Best trial: 35. Best value: 0.56899:  43%|████▎     | 43/100 [00:51<01:06,  1.16s/it]Best trial: 35. Best value: 0.56899:  43%|████▎     | 43/100 [00:51<01:06,  1.16s/it]Best trial: 35. Best value: 0.56899:  44%|████▍     | 44/100 [00:51<01:08,  1.22s/it]                                                                                     Best trial: 35. Best value: 0.56899:  44%|████▍     | 44/100 [00:53<01:08,  1.22s/it]Best trial: 35. Best value: 0.56899:  44%|████▍     | 44/100 [00:53<01:08,  1.22s/it]Best trial: 35. Best value: 0.56899:  45%|████▌     | 45/100 [00:53<01:06,  1.21s/it]                                                                                     Best trial: 35. Best value: 0.56899:  45%|████▌     | 45/100 [00:54<01:06,  1.21s/it]Best trial: 35. Best value: 0.56899:  45%|████▌     | 45/100 [00:54<01:06,  1.21s/it]Best trial: 35. Best value: 0.56899:  46%|████▌     | 46/100 [00:54<01:04,  1.20s/it]                                                                                     Best trial: 35. Best value: 0.56899:  46%|████▌     | 46/100 [00:55<01:04,  1.20s/it]Best trial: 35. Best value: 0.56899:  46%|████▌     | 46/100 [00:55<01:04,  1.20s/it]Best trial: 35. Best value: 0.56899:  47%|████▋     | 47/100 [00:55<01:02,  1.19s/it]                                                                                     Best trial: 35. Best value: 0.56899:  47%|████▋     | 47/100 [00:56<01:02,  1.19s/it]Best trial: 35. Best value: 0.56899:  47%|████▋     | 47/100 [00:56<01:02,  1.19s/it]Best trial: 35. Best value: 0.56899:  48%|████▊     | 48/100 [00:56<01:01,  1.18s/it]                                                                                     Best trial: 35. Best value: 0.56899:  48%|████▊     | 48/100 [00:57<01:01,  1.18s/it]Best trial: 35. Best value: 0.56899:  48%|████▊     | 48/100 [00:57<01:01,  1.18s/it]Best trial: 35. Best value: 0.56899:  49%|████▉     | 49/100 [00:57<00:59,  1.17s/it]                                                                                     Best trial: 35. Best value: 0.56899:  49%|████▉     | 49/100 [00:58<00:59,  1.17s/it]Best trial: 35. Best value: 0.56899:  49%|████▉     | 49/100 [00:58<00:59,  1.17s/it]Best trial: 35. Best value: 0.56899:  50%|█████     | 50/100 [00:58<00:58,  1.17s/it]                                                                                     Best trial: 35. Best value: 0.56899:  50%|█████     | 50/100 [01:00<00:58,  1.17s/it]Best trial: 35. Best value: 0.56899:  50%|█████     | 50/100 [01:00<00:58,  1.17s/it]Best trial: 35. Best value: 0.56899:  51%|█████     | 51/100 [01:00<00:57,  1.16s/it]                                                                                     Best trial: 35. Best value: 0.56899:  51%|█████     | 51/100 [01:01<00:57,  1.16s/it]Best trial: 35. Best value: 0.56899:  51%|█████     | 51/100 [01:01<00:57,  1.16s/it]Best trial: 35. Best value: 0.56899:  52%|█████▏    | 52/100 [01:01<00:55,  1.16s/it]                                                                                     Best trial: 35. Best value: 0.56899:  52%|█████▏    | 52/100 [01:02<00:55,  1.16s/it]Best trial: 35. Best value: 0.56899:  52%|█████▏    | 52/100 [01:02<00:55,  1.16s/it]Best trial: 35. Best value: 0.56899:  53%|█████▎    | 53/100 [01:02<00:54,  1.16s/it]                                                                                     Best trial: 35. Best value: 0.56899:  53%|█████▎    | 53/100 [01:03<00:54,  1.16s/it]Best trial: 35. Best value: 0.56899:  53%|█████▎    | 53/100 [01:03<00:54,  1.16s/it]Best trial: 35. Best value: 0.56899:  54%|█████▍    | 54/100 [01:03<00:53,  1.16s/it]                                                                                     Best trial: 35. Best value: 0.56899:  54%|█████▍    | 54/100 [01:04<00:53,  1.16s/it]Best trial: 35. Best value: 0.56899:  54%|█████▍    | 54/100 [01:04<00:53,  1.16s/it]Best trial: 35. Best value: 0.56899:  55%|█████▌    | 55/100 [01:04<00:52,  1.16s/it]                                                                                     Best trial: 35. Best value: 0.56899:  55%|█████▌    | 55/100 [01:05<00:52,  1.16s/it]Best trial: 35. Best value: 0.56899:  55%|█████▌    | 55/100 [01:05<00:52,  1.16s/it]Best trial: 35. Best value: 0.56899:  56%|█████▌    | 56/100 [01:05<00:51,  1.17s/it]                                                                                     Best trial: 35. Best value: 0.56899:  56%|█████▌    | 56/100 [01:07<00:51,  1.17s/it]Best trial: 35. Best value: 0.56899:  56%|█████▌    | 56/100 [01:07<00:51,  1.17s/it]Best trial: 35. Best value: 0.56899:  57%|█████▋    | 57/100 [01:07<00:50,  1.17s/it]                                                                                     Best trial: 35. Best value: 0.56899:  57%|█████▋    | 57/100 [01:08<00:50,  1.17s/it]Best trial: 35. Best value: 0.56899:  57%|█████▋    | 57/100 [01:08<00:50,  1.17s/it]Best trial: 35. Best value: 0.56899:  58%|█████▊    | 58/100 [01:08<00:49,  1.17s/it]                                                                                     Best trial: 35. Best value: 0.56899:  58%|█████▊    | 58/100 [01:09<00:49,  1.17s/it]Best trial: 35. Best value: 0.56899:  58%|█████▊    | 58/100 [01:09<00:49,  1.17s/it]Best trial: 35. Best value: 0.56899:  59%|█████▉    | 59/100 [01:09<00:48,  1.17s/it]                                                                                     Best trial: 35. Best value: 0.56899:  59%|█████▉    | 59/100 [01:10<00:48,  1.17s/it]Best trial: 35. Best value: 0.56899:  59%|█████▉    | 59/100 [01:10<00:48,  1.17s/it]Best trial: 35. Best value: 0.56899:  60%|██████    | 60/100 [01:10<00:46,  1.17s/it]                                                                                     Best trial: 35. Best value: 0.56899:  60%|██████    | 60/100 [01:11<00:46,  1.17s/it]Best trial: 35. Best value: 0.56899:  60%|██████    | 60/100 [01:11<00:46,  1.17s/it]Best trial: 35. Best value: 0.56899:  61%|██████    | 61/100 [01:11<00:45,  1.17s/it]                                                                                     Best trial: 35. Best value: 0.56899:  61%|██████    | 61/100 [01:12<00:45,  1.17s/it]Best trial: 35. Best value: 0.56899:  61%|██████    | 61/100 [01:12<00:45,  1.17s/it]Best trial: 35. Best value: 0.56899:  62%|██████▏   | 62/100 [01:12<00:44,  1.17s/it]                                                                                     Best trial: 35. Best value: 0.56899:  62%|██████▏   | 62/100 [01:14<00:44,  1.17s/it]Best trial: 35. Best value: 0.56899:  62%|██████▏   | 62/100 [01:14<00:44,  1.17s/it]Best