[I 2025-05-13 16:56:52,831] Trial 99 finished with value: 0.5706659148190867 and parameters: {'threshold_scale_factor': 0.8351080279885763}. Best is trial 68 with value: 0.574152949720193.
Best hyperparameters: {'threshold_scale_factor': 0.6815334226936344}
Best optimized value: 0.574152949720193
Running audit 1/1
Training a GAT target model on amazon-photo...
Training GAT on cuda:   0%|          | 0/400 [00:00<?, ?it/s]Training GAT on cuda:   3%|▎         | 13/400 [00:00<00:03, 127.92it/s]Training GAT on cuda:   6%|▋         | 26/400 [00:00<00:02, 128.74it/s]Training GAT on cuda:  10%|▉         | 39/400 [00:00<00:02, 129.01it/s]Training GAT on cuda:  13%|█▎        | 52/400 [00:00<00:02, 129.16it/s]Training GAT on cuda:  16%|█▋        | 65/400 [00:00<00:02, 129.22it/s]Training GAT on cuda:  20%|█▉        | 78/400 [00:00<00:02, 129.23it/s]Training GAT on cuda:  23%|██▎       | 91/400 [00:00<00:02, 129.26it/s]Training GAT on cuda:  26%|██▌       | 104/400 [00:00<00:02, 129.27it/s]Training GAT on cuda:  29%|██▉       | 117/400 [00:00<00:02, 129.04it/s]Training GAT on cuda:  32%|███▎      | 130/400 [00:01<00:02, 129.13it/s]Training GAT on cuda:  36%|███▌      | 143/400 [00:01<00:01, 129.22it/s]Training GAT on cuda:  39%|███▉      | 156/400 [00:01<00:01, 129.26it/s]Training GAT on cuda:  42%|████▏     | 169/400 [00:01<00:01, 129.27it/s]Training GAT on cuda:  46%|████▌     | 182/400 [00:01<00:01, 129.21it/s]Training GAT on cuda:  49%|████▉     | 195/400 [00:01<00:01, 129.24it/s]Training GAT on cuda:  52%|█████▏    | 208/400 [00:01<00:01, 129.24it/s]Training GAT on cuda:  55%|█████▌    | 221/400 [00:01<00:01, 129.26it/s]Training GAT on cuda:  58%|█████▊    | 234/400 [00:01<00:01, 129.26it/s]Training GAT on cuda:  62%|██████▏   | 247/400 [00:01<00:01, 129.30it/s]Training GAT on cuda:  65%|██████▌   | 260/400 [00:02<00:01, 129.30it/s]Training GAT on cuda:  68%|██████▊   | 273/400 [00:02<00:00, 129.29it/s]Training GAT on cuda:  72%|███████▏  | 286/400 [00:02<00:00, 129.29it/s]Training GAT on cuda:  75%|███████▍  | 299/400 [00:02<00:00, 129.29it/s]Training GAT on cuda:  78%|███████▊  | 312/400 [00:02<00:00, 129.28it/s]Training GAT on cuda:  81%|████████▏ | 325/400 [00:02<00:00, 129.29it/s]Training GAT on cuda:  84%|████████▍ | 338/400 [00:02<00:00, 129.29it/s]Training GAT on cuda:  88%|████████▊ | 351/400 [00:02<00:00, 129.26it/s]Training GAT on cuda:  91%|█████████ | 364/400 [00:02<00:00, 129.29it/s]Training GAT on cuda:  94%|█████████▍| 377/400 [00:02<00:00, 129.28it/s]Training GAT on cuda:  98%|█████████▊| 390/400 [00:03<00:00, 129.33it/s]Training GAT on cuda: 100%|██████████| 400/400 [00:03<00:00, 129.23it/s]
Train accuracy: 0.9974 | Test accuracy: 0.9067
Training MLP on cuda:   0%|          | 0/1000 [00:00<?, ?it/s]Training MLP on cuda:   0%|          | 1/1000 [00:08<2:17:52,  8.28s/it]Training MLP on cuda:   0%|          | 2/1000 [00:16<2:16:41,  8.22s/it]Training MLP on cuda:   0%|          | 3/1000 [00:24<2:16:53,  8.24s/it]Training MLP on cuda:   0%|          | 4/1000 [00:32<2:16:30,  8.22s/it]Training MLP on cuda:   0%|          | 5/1000 [00:41<2:16:52,  8.25s/it]Training MLP on cuda:   1%|          | 6/1000 [00:49<2:16:16,  8.23s/it]Training MLP on cuda:   1%|          | 7/1000 [00:57<2:16:36,  8.25s/it]Training MLP on cuda:   1%|          | 8/1000 [01:05<2:15:54,  8.22s/it]Training MLP on cuda:   1%|          | 9/1000 [01:14<2:16:18,  8.25s/it]Training MLP on cuda:   1%|          | 10/1000 [01:22<2:15:58,  8.24s/it]Training MLP on cuda:   1%|          | 11/1000 [01:30<2:16:01,  8.25s/it]Training MLP on cuda:   1%|          | 12/1000 [01:38<2:15:24,  8.22s/it]Training MLP on cuda:   1%|▏         | 13/1000 [01:47<2:15:13,  8.22s/it]Training MLP on cuda:   1%|▏         | 14/1000 [01:55<2:14:50,  8.21s/it]Training MLP on cuda:   2%|▏         | 15/1000 [02:03<2:14:49,  8.21s/it]Training MLP on cuda:   2%|▏         | 16/1000 [02:11<2:14:10,  8.18s/it]Training MLP on cuda:   2%|▏         | 17/1000 [02:19<2:14:07,  8.19s/it]Training MLP on cuda:   2%|▏         | 18/1000 [02:27<2:13:37,  8.16s/it]Training MLP on cuda:   2%|▏         | 19/1000 [02:35<2:13:13,  8.15s/it]Training MLP on cuda:   2%|▏         | 20/1000 [02:44<2:12:28,  8.11s/it]Training MLP on cuda:   2%|▏         | 21/1000 [02:52<2:12:30,  8.12s/it]Training MLP on cuda:   2%|▏         | 22/1000 [03:00<2:11:54,  8.09s/it]Training MLP on cuda:   2%|▏         | 23/1000 [03:08<2:12:13,  8.12s/it]Training MLP on cuda:   2%|▏         | 24/1000 [03:16<2:11:48,  8.10s/it]Training MLP on cuda:   2%|▎         | 25/1000 [03:24<2:11:53,  8.12s/it]Training MLP on cuda:   3%|▎         | 26/1000 [03:32<2:11:19,  8.09s/it]Training MLP on cuda:   3%|▎         | 27/1000 [03:40<2:11:09,  8.09s/it]Training MLP on cuda:   3%|▎         | 28/1000 [03:48<2:10:48,  8.07s/it]Training MLP on cuda:   3%|▎         | 29/1000 [03:56<2:10:51,  8.09s/it]Training MLP on cuda:   3%|▎         | 30/1000 [04:04<2:10:24,  8.07s/it]Training MLP on cuda:   3%|▎         | 31/1000 [04:12<2:10:20,  8.07s/it]Training MLP on cuda:   3%|▎         | 32/1000 [04:20<2:09:49,  8.05s/it]Training MLP on cuda:   3%|▎         | 33/1000 [04:29<2:09:53,  8.06s/it]Training MLP on cuda:   3%|▎         | 34/1000 [04:37<2:09:31,  8.05s/it]Training MLP on cuda:   4%|▎         | 35/1000 [04:45<2:09:23,  8.05s/it]Training MLP on cuda:   4%|▎         | 36/1000 [04:53<2:08:58,  8.03s/it]Training MLP on cuda:   4%|▎         | 37/1000 [05:01<2:09:16,  8.05s/it]Training MLP on cuda:   4%|▍         | 38/1000 [05:09<2:08:55,  8.04s/it]Training MLP on cuda:   4%|▍         | 39/1000 [05:17<2:09:10,  8.07s/it]Training MLP on cuda:   4%|▍         | 40/1000 [05:25<2:08:35,  8.04s/it]Training MLP on cuda:   4%|▍         | 41/1000 [05:33<2:08:41,  8.05s/it]Training MLP on cuda:   4%|▍         | 42/1000 [05:41<2:08:15,  8.03s/it]Training MLP on cuda:   4%|▍         | 43/1000 [05:49<2:08:18,  8.04s/it]Training MLP on cuda:   4%|▍         | 44/1000 [05:57<2:07:56,  8.03s/it]Training MLP on cuda:   4%|▍         | 45/1000 [06:05<2:08:08,  8.05s/it]Training MLP on cuda:   5%|▍         | 46/1000 [06:13<2:07:51,  8.04s/it]Training MLP on cuda:   5%|▍         | 47/1000 [06:21<2:08:05,  8.07s/it]Training MLP on cuda:   5%|▍         | 48/1000 [06:29<2:07:30,  8.04s/it]Training MLP on cuda:   5%|▍         | 49/1000 [06:37<2:07:55,  8.07s/it]Training MLP on cuda:   5%|▌         | 50/1000 [06:45<2:07:31,  8.05s/it]Training MLP on cuda:   5%|▌         | 51/1000 [06:53<2:07:21,  8.05s/it]Training MLP on cuda:   5%|▌         | 52/1000 [07:01<2:07:02,  8.04s/it]Training MLP on cuda:   5%|▌         | 53/1000 [07:09<2:07:13,  8.06s/it]Training MLP on cuda:   5%|▌         | 54/1000 [07:17<2:06:49,  8.04s/it]Training MLP on cuda:   6%|▌         | 55/1000 [07:26<2:06:54,  8.06s/it]Training MLP on cuda:   6%|▌         | 56/1000 [07:34<2:06:24,  8.03s/it]Training MLP on cuda:   6%|▌         | 57/1000 [07:42<2:06:30,  8.05s/it]Training MLP on cuda:   6%|▌         | 58/1000 [07:50<2:06:06,  8.03s/it]Training MLP on cuda:   6%|▌         | 59/1000 [07:58<2:06:13,  8.05s/it]Training MLP on cuda:   6%|▌         | 60/1000 [08:06<2:05:53,  8.04s/it]Training MLP on cuda:   6%|▌         | 61/1000 [08:14<2:05:58,  8.05s/it]Training MLP on cuda:   6%|▌         | 62/1000 [08:22<2:05:38,  8.04s/it]Training MLP on cuda:   6%|▋         | 63/1000 [08:30<2:05:35,  8.04s/it]Training MLP on cuda:   6%|▋         | 64/1000 [08:38<2:05:02,  8.02s/it]Training MLP on cuda:   6%|▋         | 65/1000 [08:46<2:05:13,  8.04s/it]Training MLP on cuda:   7%|▋         | 66/1000 [08:54<2:04:42,  8.01s/it]Training MLP on cuda:   7%|▋         | 67/1000 [09:02<2:04:44,  8.02s/it]Training MLP on cuda:   7%|▋         | 68/1000 [09:10<2:04:12,  8.00s/it]Training MLP on cuda:   7%|▋         | 69/1000 [09:18<2:04:21,  8.01s/it]Training MLP on cuda:   7%|▋         | 70/1000 [09:26<2:03:53,  7.99s/it]Training MLP on cuda:   7%|▋         | 71/1000 [09:34<2:04:04,  8.01s/it]Training MLP on cuda:   7%|▋         | 72/1000 [09:42<2:03:29,  7.98s/it]Training MLP on cuda:   7%|▋         | 73/1000 [09:50<2:03:28,  7.99s/it]Training MLP on cuda:   7%|▋         | 74/1000 [09:58<2:03:07,  7.98s/it]Training MLP on cuda:   8%|▊         | 75/1000 [10:06<2:03:16,  8.00s/it]Training MLP on cuda:   8%|▊         | 76/1000 [10:14<2:02:52,  7.98s/it]Training MLP on cuda:   8%|▊         | 77/1000 [10:22<2:03:09,  8.01s/it]Training MLP on cuda:   8%|▊         | 78/1000 [10:30<2:02:33,  7.98s/it]Training MLP on cuda:   8%|▊         | 79/1000 [10:38<2:02:43,  7.99s/it]Training MLP on cuda:   8%|▊         | 80/1000 [10:46<2:02:14,  7.97s/it]Training MLP on cuda:   8%|▊         | 81/1000 [10:54<2:02:25,  7.99s/it]Training MLP on cuda:   8%|▊         | 82/1000 [11:02<2:01:51,  7.96s/it]Training MLP on cuda:   8%|▊         | 83/1000 [11:10<2:01:52,  7.97s/it]Training MLP on cuda:   8%|▊         | 84/1000 [11:18<2:01:36,  7.97s/it]Training MLP on cuda:   8%|▊         | 85/1000 [11:26<2:01:43,  7.98s/it]Training MLP on cuda:   9%|▊         | 86/1000 [11:34<2:01:27,  7.97s/it]Training MLP on cuda:   9%|▊         | 87/1000 [11:42<2:01:36,  7.99s/it]Training MLP on cuda:   9%|▉         | 88/1000 [11:49<2:01:08,  7.97s/it]Training MLP on cuda:   9%|▉         | 89/1000 [11:57<2:01:14,  7.99s/it]Training MLP on cuda:   9%|▉         | 90/1000 [12:05<2:00:53,  7.97s/it]Training MLP on cuda:   9%|▉         | 91/1000 [12:13<2:00:51,  7.98s/it]Training MLP on cuda:   9%|▉         | 92/1000 [12:21<2:00:18,  7.95s/it]Training MLP on cuda:   9%|▉         | 93/1000 [12:29<2:00:39,  7.98s/it]Training MLP on cuda:   9%|▉         | 94/1000 [12:37<2:00:24,  7.97s/it]Training MLP on cuda:  10%|▉         | 95/1000 [12:45<2:00:29,  7.99s/it]Training MLP on cuda:  10%|▉         | 96/1000 [12:53<2:00:03,  7.97s/it]Training MLP on cuda:  10%|▉         | 97/1000 [13:01<2:00:17,  7.99s/it]Training MLP on cuda:  10%|▉         | 98/1000 [13:09<1:59:48,  7.97s/it]Training MLP on cuda:  10%|▉         | 99/1000 [13:17<1:59:50,  7.98s/it]Training MLP on cuda:  10%|█         | 100/1000 [13:25<1:59:28,  7.96s/it]Training MLP on cuda:  10%|█         | 101/1000 [13:33<1:59:51,  8.00s/it]Training MLP on cuda:  10%|█         | 102/1000 [13:41<1:59:21,  7.97s/it]Training MLP on cuda:  10%|█         | 103/1000 [13:49<1:59:47,  8.01s/it]Training MLP on cuda:  10%|█         | 104/1000 [13:57<1:59:14,  7.99s/it]Training MLP on cuda:  10%|█         | 105/1000 [14:05<1:59:09,  7.99s/it]Training MLP on cuda:  11%|█         | 106/1000 [14:13<1:58:48,  7.97s/it]Training MLP on cuda:  11%|█         | 107/1000 [14:21<1:59:00,  8.00s/it]Training MLP on cuda:  11%|█         | 108/1000 [14:29<1:58:36,  7.98s/it]Training MLP on cuda:  11%|█         | 109/1000 [14:37<1:58:59,  8.01s/it]Training MLP on cuda:  11%|█         | 110/1000 [14:45<1:58:34,  7.99s/it]Training MLP on cuda:  11%|█         | 111/1000 [14:53<1:58:36,  8.01s/it]Training MLP on cuda:  11%|█         | 112/1000 [15:01<1:58:01,  7.98s/it]Training MLP on cuda:  11%|█▏        | 113/1000 [15:09<1:58:07,  7.99s/it]Training MLP on cuda:  11%|█▏        | 114/1000 [15:17<1:57:36,  7.96s/it]Training MLP on cuda:  12%|█▏        | 115/1000 [15:25<1:57:52,  7.99s/it]Training MLP on cuda:  12%|█▏        | 116/1000 [15:33<1:57:32,  7.98s/it]Training MLP on cuda:  12%|█▏        | 117/1000 [15:41<1:57:42,  8.00s/it]Training MLP on cuda:  12%|█▏        | 118/1000 [15:49<1:57:11,  7.97s/it]Training MLP on cuda:  12%|█▏        | 119/1000 [15:57<1:57:26,  8.00s/it]Training MLP on cuda:  12%|█▏        | 120/1000 [16:05<1:57:01,  7.98s/it]Training MLP on cuda:  12%|█▏        | 121/1000 [16:13<1:57:04,  7.99s/it]Training MLP on cuda:  12%|█▏        | 122/1000 [16:21<1:56:33,  7.97s/it]Training MLP on cuda:  12%|█▏        | 123/1000 [16:29<1:56:39,  7.98s/it]Training MLP on cuda:  12%|█▏        | 124/1000 [16:37<1:56:19,  7.97s/it]Training MLP on cuda:  12%|█▎        | 125/1000 [16:45<1:56:35,  8.00s/it]Training MLP on cuda:  13%|█▎        | 126/1000 [16:53<1:56:15,  7.98s/it]Training MLP on cuda:  13%|█▎        | 127/1000 [17:01<1:56:19,  7.99s/it]Training MLP on cuda:  13%|█▎        | 128/1000 [17:09<1:56:01,  7.98s/it]Training MLP on cuda:  13%|█▎        | 129/1000 [17:17<1:56:04,  8.00s/it]Training MLP on cuda:  13%|█▎        | 130/1000 [17:25<1:55:27,  7.96s/it]Training MLP on cuda:  13%|█▎        | 131/1000 [17:33<1:55:32,  7.98s/it]Training MLP on cuda:  13%|█▎        | 132/1000 [17:41<1:55:08,  7.96s/it]Training MLP on cuda:  13%|█▎        | 133/1000 [17:49<1:55:19,  7.98s/it]Training MLP on cuda:  13%|█▎        | 134/1000 [17:57<1:55:05,  7.97s/it]Training MLP on cuda:  14%|█▎        | 135/1000 [18:05<1:55:08,  7.99s/it]Training MLP on cuda:  14%|█▎        | 136/1000 [18:13<1:54:49,  7.97s/it]Training MLP on cuda:  14%|█▎        | 137/1000 [18:21<1:55:02,  8.00s/it]Training MLP on cuda:  14%|█▍        | 138/1000 [18:29<1:54:36,  7.98s/it]Training MLP on cuda:  14%|█▍        | 139/1000 [18:37<1:54:36,  7.99s/it]Training MLP on cuda:  14%|█▍        | 140/1000 [18:45<1:54:16,  7.97s/it]Training MLP on cuda:  14%|█▍        | 141/1000 [18:53<1:54:38,  8.01s/it]Training MLP on cuda:  14%|█▍        | 142/1000 [19:01<1:54:13,  7.99s/it]Training MLP on cuda:  14%|█▍        | 143/1000 [19:09<1:54:07,  7.99s/it]Training MLP on cuda:  14%|█▍        | 144/1000 [19:17<1:53:39,  7.97s/it]Training MLP on cuda:  14%|█▍        | 145/1000 [19:24<1:53:35,  7.97s/it]Training MLP on cuda:  15%|█▍        | 146/1000 [19:32<1:53:16,  7.96s/it]Training MLP on cuda:  15%|█▍        | 147/1000 [19:40<1:53:30,  7.98s/it]Training MLP on cuda:  15%|█▍        | 148/1000 [19:48<1:52:57,  7.95s/it]Training MLP on cuda:  15%|█▍        | 149/1000 [19:56<1:53:00,  7.97s/it]Training MLP on cuda:  15%|█▌        | 150/1000 [20:04<1:52:38,  7.95s/it]Training MLP on cuda:  15%|█▌        | 151/1000 [20:12<1:52:56,  7.98s/it]Training MLP on cuda:  15%|█▌        | 152/1000 [20:20<1:52:35,  7.97s/it]Training MLP on cuda:  15%|█▌        | 153/1000 [20:28<1:52:46,  7.99s/it]Training MLP on cuda:  15%|█▌        | 154/1000 [20:36<1:52:29,  7.98s/it]Training MLP on cuda:  16%|█▌        | 155/1000 [20:44<1:52:31,  7.99s/it]Training MLP on cuda:  16%|█▌        | 156/1000 [20:52<1:52:04,  7.97s/it]Training MLP on cuda:  16%|█▌        | 157/1000 [21:00<1:52:11,  7.98s/it]Training MLP on cuda:  16%|█▌        | 158/1000 [21:08<1:51:52,  7.97s/it]Training MLP on cuda:  16%|█▌        | 159/1000 [21:16<1:52:00,  7.99s/it]Training MLP on cuda:  16%|█▌        | 160/1000 [21:24<1:51:43,  7.98s/it]Training MLP on cuda:  16%|█▌        | 161/1000 [21:32<1:51:59,  8.01s/it]Training MLP on cuda:  16%|█▌        | 162/1000 [21:40<1:51:35,  7.99s/it]Training MLP on cuda:  16%|█▋        | 163/1000 [21:48<1:51:34,  8.00s/it]Training MLP on cuda:  16%|█▋        | 164/1000 [21:56<1:51:06,  7.97s/it]Training MLP on cuda:  16%|█▋        | 165/1000 [22:04<1:51:35,  8.02s/it]Training MLP on cuda:  17%|█▋        | 166/1000 [22:12<1:51:04,  7.99s/it]Training MLP on cuda:  17%|█▋        | 167/1000 [22:20<1:50:57,  7.99s/it]Training MLP on cuda:  17%|█▋        | 168/1000 [22:28<1:50:39,  7.98s/it]Training MLP on cuda:  17%|█▋        | 169/1000 [22:36<1:50:54,  8.01s/it]Training MLP on cuda:  17%|█▋        | 170/1000 [22:44<1:50:32,  7.99s/it]Training MLP on cuda:  17%|█▋        | 171/1000 [22:52<1:50:27,  7.99s/it]Training MLP on cuda:  17%|█▋        | 172/1000 [23:00<1:50:16,  7.99s/it]Training MLP on cuda:  17%|█▋        | 173/1000 [23:08<1:50:28,  8.01s/it]Training MLP on cuda:  17%|█▋        | 174/1000 [23:16<1:50:06,  8.00s/it]Training MLP on cuda:  18%|█▊        | 175/1000 [23:24<1:49:54,  7.99s/it]Training MLP on cuda:  18%|█▊        | 176/1000 [23:32<1:49:34,  7.98s/it]Training MLP on cuda:  18%|█▊        | 177/1000 [23:40<1:49:42,  8.00s/it]Training MLP on cuda:  18%|█▊        | 178/1000 [23:48<1:49:25,  7.99s/it]Training MLP on cuda:  18%|█▊        | 179/1000 [23:56<1:49:31,  8.00s/it]Training MLP on cuda:  18%|█▊        | 180/1000 [24:04<1:49:08,  7.99s/it]Training MLP on cuda:  18%|█▊        | 181/1000 [24:12<1:49:17,  8.01s/it]Training MLP on cuda:  18%|█▊        | 182/1000 [24:20<1:48:56,  7.99s/it]Training MLP on cuda:  18%|█▊        | 183/1000 [24:28<1:48:48,  7.99s/it]Training MLP on cuda:  18%|█▊        | 184/1000 [24:36<1:48:28,  7.98s/it]Training MLP on cuda:  18%|█▊        | 185/1000 [24:44<1:48:41,  8.00s/it]Training MLP on cuda:  19%|█▊        | 186/1000 [24:52<1:48:24,  7.99s/it]Training MLP on cuda:  19%|█▊        | 187/1000 [25:00<1:48:25,  8.00s/it]Training MLP on cuda:  19%|█▉        | 188/1000 [25:08<1:47:46,  7.96s/it]Training MLP on cuda:  19%|█▉        | 189/1000 [25:16<1:47:51,  7.98s/it]Training MLP on cuda:  19%|█▉        | 190/1000 [25:24<1:47:18,  7.95s/it]Training MLP on cuda:  19%|█▉        | 191/1000 [25:32<1:47:50,  8.00s/it]Training MLP on cuda:  19%|█▉        | 192/1000 [25:40<1:47:36,  7.99s/it]Training MLP on cuda:  19%|█▉        | 193/1000 [25:48<1:47:54,  8.02s/it]Training MLP on cuda:  19%|█▉        | 194/1000 [25:56<1:47:34,  8.01s/it]Training MLP on cuda:  20%|█▉        | 195/1000 [26:04<1:47:34,  8.02s/it]Training MLP on cuda:  20%|█▉        | 196/1000 [26:12<1:47:05,  7.99s/it]Training MLP on cuda:  20%|█▉        | 197/1000 [26:20<1:47:19,  8.02s/it]Training MLP on cuda:  20%|█▉        | 198/1000 [26:28<1:46:51,  7.99s/it]Training MLP on cuda:  20%|█▉        | 199/1000 [26:36<1:46:48,  8.00s/it]Training MLP on cuda:  20%|██        | 200/1000 [26:44<1:46:12,  7.97s/it]Training MLP on cuda:  20%|██        | 201/1000 [26:52<1:46:34,  8.00s/it]Training MLP on cuda:  20%|██        | 202/1000 [27:00<1:46:19,  7.99s/it]Training MLP on cuda:  20%|██        | 203/1000 [27:08<1:46:31,  8.02s/it]Training MLP on cuda:  20%|██        | 204/1000 [27:16<1:46:07,  8.00s/it]Training MLP on cuda:  20%|██        | 205/1000 [27:24<1:46:22,  8.03s/it]Training MLP on cuda:  21%|██        | 206/1000 [27:32<1:45:48,  8.00s/it]Training MLP on cuda:  21%|██        | 207/1000 [27:40<1:45:49,  8.01s/it]Training MLP on cuda:  21%|██        | 208/1000 [27:48<1:45:12,  7.97s/it]Training MLP on cuda:  21%|██        | 209/1000 [27:56<1:45:27,  8.00s/it]Training MLP on cuda:  21%|██        | 210/1000 [28:04<1:45:12,  7.99s/it]Training MLP on cuda:  21%|██        | 211/1000 [28:12<1:45:29,  8.02s/it]Training MLP on cuda:  21%|██        | 212/1000 [28:20<1:45:11,  8.01s/it]Training MLP on cuda:  21%|██▏       | 213/1000 [28:28<1:45:21,  8.03s/it]Training MLP on cuda:  21%|██▏       | 214/1000 [28:36<1:44:49,  8.00s/it]Training MLP on cuda:  22%|██▏       | 215/1000 [28:44<1:44:52,  8.02s/it]Training MLP on cuda:  22%|██▏       | 216/1000 [28:52<1:44:27,  7.99s/it]Training MLP on cuda:  22%|██▏       | 217/1000 [29:00<1:44:36,  8.02s/it]Training MLP on cuda:  22%|██▏       | 218/1000 [29:08<1:44:02,  7.98s/it]Training MLP on cuda:  22%|██▏       | 219/1000 [29:16<1:43:59,  7.99s/it]Training MLP on cuda:  22%|██▏       | 220/1000 [29:24<1:43:48,  7.99s/it]Training MLP on cuda:  22%|██▏       | 221/1000 [29:32<1:43:58,  8.01s/it]Training MLP on cuda:  22%|██▏       | 222/1000 [29:40<1:43:41,  8.00s/it]Training MLP on cuda:  22%|██▏       | 223/1000 [29:48<1:43:45,  8.01s/it]Training MLP on cuda:  22%|██▏       | 224/1000 [29:56<1:43:19,  7.99s/it]Training MLP on cuda:  22%|██▎       | 225/1000 [30:04<1:43:27,  8.01s/it]Training MLP on cuda:  23%|██▎       | 226/1000 [30:12<1:43:07,  7.99s/it]Training MLP on cuda:  23%|██▎       | 227/1000 [30:20<1:42:54,  7.99s/it]Training MLP on cuda:  23%|██▎       | 228/1000 [30:28<1:42:40,  7.98s/it]Training MLP on cuda:  23%|██▎       | 229/1000 [30:36<1:42:48,  8.00s/it]Training MLP on cuda:  23%|██▎       | 230/1000 [30:44<1:42:26,  7.98s/it]Training MLP on cuda:  23%|██▎       | 231/1000 [30:52<1:42:35,  8.01s/it]Training MLP on cuda:  23%|██▎       | 232/1000 [31:00<1:42:17,  7.99s/it]Training MLP on cuda:  23%|██▎       | 233/1000 [31:08<1:42:26,  8.01s/it]Training MLP on cuda:  23%|██▎       | 234/1000 [31:16<1:42:01,  7.99s/it]Training MLP on cuda:  24%|██▎       | 235/1000 [31:24<1:42:04,  8.01s/it]Training MLP on cuda:  24%|██▎       | 236/1000 [31:32<1:41:47,  7.99s/it]Training MLP on cuda:  24%|██▎       | 237/1000 [31:40<1:41:58,  8.02s/it]Training MLP on cuda:  24%|██▍       | 238/1000 [31:48<1:41:30,  7.99s/it]Training MLP on cuda:  24%|██▍       | 239/1000 [31:56<1:41:43,  8.02s/it]Training MLP on cuda:  24%|██▍       | 240/1000 [32:04<1:41:18,  8.00s/it]Training MLP on cuda:  24%|██▍       | 241/1000 [32:12<1:41:32,  8.03s/it]Training MLP on cuda:  24%|██▍       | 242/1000 [32:20<1:41:08,  8.01s/it]Training MLP on cuda:  24%|██▍       | 243/1000 [32:28<1:41:10,  8.02s/it]Training MLP on cuda:  24%|██▍       | 244/1000 [32:36<1:40:51,  8.00s/it]Training MLP on cuda:  24%|██▍       | 245/1000 [32:44<1:40:58,  8.02s/it]Training MLP on cuda:  25%|██▍       | 246/1000 [32:52<1:40:25,  7.99s/it]Training MLP on cuda:  25%|██▍       | 247/1000 [33:00<1:40:34,  8.01s/it]Training MLP on cuda:  25%|██▍       | 248/1000 [33:08<1:40:15,  8.00s/it]Training MLP on cuda:  25%|██▍       | 249/1000 [33:16<1:40:27,  8.03s/it]Training MLP on cuda:  25%|██▌       | 250/1000 [33:24<1:40:08,  8.01s/it]Training MLP on cuda:  25%|██▌       | 251/1000 [33:32<1:40:11,  8.03s/it]Training MLP on cuda:  25%|██▌       | 252/1000 [33:40<1:39:48,  8.01s/it]Training MLP on cuda:  25%|██▌       | 253/1000 [33:48<1:40:05,  8.04s/it]Training MLP on cuda:  25%|██▌       | 254/1000 [33:56<1:39:32,  8.01s/it]Training MLP on cuda:  26%|██▌       | 255/1000 [34:04<1:39:48,  8.04s/it]Training MLP on cuda:  26%|██▌       | 256/1000 [34:12<1:39:21,  8.01s/it]Training MLP on cuda:  26%|██▌       | 257/1000 [34:20<1:39:23,  8.03s/it]Training MLP on cuda:  26%|██▌       | 2