This job can be monitored from: https://job.c3se.chalmers.se/alvis/4320320
/usr/share/lmod/lmod/init/bash: /usr/share/lmod/lmod/libexec/addto: /usr/bin/lua: bad interpreter: No such file or directory
no change     /opt/conda/condabin/conda
no change     /opt/conda/bin/conda
no change     /opt/conda/bin/conda-env
no change     /opt/conda/bin/activate
no change     /opt/conda/bin/deactivate
no change     /opt/conda/etc/profile.d/conda.sh
no change     /opt/conda/etc/fish/conf.d/conda.fish
no change     /opt/conda/shell/condabin/Conda.psm1
no change     /opt/conda/shell/condabin/conda-hook.ps1
no change     /opt/conda/lib/python3.12/site-packages/xontrib/conda.xsh
no change     /opt/conda/etc/profile.d/conda.csh
no change     /cephyr/users/lassila/Alvis/.bashrc
No action taken.
Overwriting config seed with seed=26495
Running MIA...

attacks:
  MLP-attack-0hop:
    attack: mlp-attack
    edge_dropout: 0.0
    mlp_attack_queries:
    - 0
    mlp_hidden_dim:
    - 128
    - 64
  MLP-attack-comb:
    attack: mlp-attack
    edge_dropout: 0.5
    mlp_attack_queries:
    - 0
    - 2
    mlp_hidden_dim:
    - 128
    - 64
  graph-lset-MIA:
    attack: graph-lset
    num_sampled_graphs: 32
    prior: 0.5
    sampling_strategy: MIA
  graph-lset-MIA-offline:
    attack: graph-lset
    num_sampled_graphs: 32
    offline: true
    prior: 0.5
    sampling_strategy: MIA
    threshold_scale_factor: 0.9
  lira:
    attack: lira
  lira-offline:
    attack: lira
    offline: true
  lset:
    attack: lset
  lset-offline:
    attack: lset
    offline: true
  rmia:
    Z_frac: 0.5
    attack: rmia
    rmia_gamma: 1
  rmia-offline:
    Z_frac: 0.5
    attack: rmia
    offline: true
    rmia_gamma: 1
batch_size: 32768
datadir: ./data
dataset: amazon-photo
device: cuda
dropout: 0.25
early_stopping: 0
epochs: 400
epochs_mlp: 1000
frac_target_nodes: 0.5
hidden_dim:
- 64
hidden_dim_mlp:
- 128
hyperparam_search: false
inductive_inference: true
inductive_split: true
lr: 0.001
max_num_nodes: null
model: GAT
name: amazon-photo-GAT
num_audits: 1
num_processes: 1
num_shadow_models: 128
offline: false
optimizer: Adam
pretrain_shadow_models: true
savedir: large_N_results
seed: 26495
target_fpr:
- 0.01
- 0.001
train_frac: 0.5
val_frac: 0.0
weight_decay: 0.0001

Dataset properties
#Nodes: 7650
#Edges: 238162
#Features: 745
#Classes: 8
#Class distribution: [0.0482, 0.2204, 0.0919, 0.1196, 0.1153, 0.1076, 0.2537, 0.0433]
Average degree: 31.1323
Fraction isolated nodes: 0.01503267977386713

Training 128 shadow models:   0%|          | 0/128 [00:00<?, ?it/s]Training 128 shadow models:   1%|          | 1/128 [00:07<16:32,  7.81s/it]Training 128 shadow models:   2%|▏         | 2/128 [00:10<10:36,  5.05s/it]Training 128 shadow models:   2%|▏         | 3/128 [00:14<08:42,  4.18s/it]Training 128 shadow models:   3%|▎         | 4/128 [00:17<07:46,  3.76s/it]Training 128 shadow models:   4%|▍         | 5/128 [00:20<07:14,  3.53s/it]Training 128 shadow models:   5%|▍         | 6/128 [00:23<06:55,  3.40s/it]Training 128 shadow models:   5%|▌         | 7/128 [00:27<07:00,  3.47s/it]Training 128 shadow models:   6%|▋         | 8/128 [00:30<07:00,  3.50s/it]Training 128 shadow models:   7%|▋         | 9/128 [00:34<06:59,  3.52s/it]Training 128 shadow models:   8%|▊         | 10/128 [00:37<06:57,  3.54s/it]Training 128 shadow models:   9%|▊         | 11/128 [00:41<06:54,  3.54s/it]Training 128 shadow models:   9%|▉         | 12/128 [00:44<06:40,  3.45s/it]Training 128 shadow models:  10%|█         | 13/128 [00:47<06:26,  3.36s/it]Training 128 shadow models:  11%|█         | 14/128 [00:50<06:15,  3.29s/it]Training 128 shadow models:  12%|█▏        | 15/128 [00:54<06:06,  3.24s/it]Training 128 shadow models:  12%|█▎        | 16/128 [00:57<06:05,  3.26s/it]Training 128 shadow models:  13%|█▎        | 17/128 [01:00<06:07,  3.31s/it]Training 128 shadow models:  14%|█▍        | 18/128 [01:03<05:56,  3.24s/it]Training 128 shadow models:  15%|█▍        | 19/128 [01:06<05:48,  3.20s/it]Training 128 shadow models:  16%|█▌        | 20/128 [01:10<05:41,  3.16s/it]Training 128 shadow models:  16%|█▋        | 21/128 [01:13<05:36,  3.14s/it]Training 128 shadow models:  17%|█▋        | 22/128 [01:16<05:31,  3.12s/it]Training 128 shadow models:  18%|█▊        | 23/128 [01:19<05:26,  3.11s/it]Training 128 shadow models:  19%|█▉        | 24/128 [01:22<05:23,  3.11s/it]Training 128 shadow models:  20%|█▉        | 25/128 [01:25<05:19,  3.10s/it]Training 128 shadow models:  20%|██        | 26/128 [01:28<05:15,  3.10s/it]Training 128 shadow models:  21%|██        | 27/128 [01:31<05:12,  3.10s/it]Training 128 shadow models:  22%|██▏       | 28/128 [01:34<05:09,  3.10s/it]Training 128 shadow models:  23%|██▎       | 29/128 [01:37<05:06,  3.10s/it]Training 128 shadow models:  23%|██▎       | 30/128 [01:40<05:03,  3.09s/it]Training 128 shadow models:  24%|██▍       | 31/128 [01:44<05:00,  3.10s/it]Training 128 shadow models:  25%|██▌       | 32/128 [01:47<04:58,  3.11s/it]Training 128 shadow models:  26%|██▌       | 33/128 [01:50<04:55,  3.11s/it]Training 128 shadow models:  27%|██▋       | 34/128 [01:53<04:53,  3.12s/it]Training 128 shadow models:  27%|██▋       | 35/128 [01:56<04:50,  3.12s/it]Training 128 shadow models:  28%|██▊       | 36/128 [01:59<04:54,  3.20s/it]Training 128 shadow models:  29%|██▉       | 37/128 [02:03<04:57,  3.27s/it]Training 128 shadow models:  30%|██▉       | 38/128 [02:06<04:50,  3.23s/it]Training 128 shadow models:  30%|███       | 39/128 [02:09<04:44,  3.20s/it]Training 128 shadow models:  31%|███▏      | 40/128 [02:12<04:39,  3.18s/it]Training 128 shadow models:  32%|███▏      | 41/128 [02:15<04:35,  3.17s/it]Training 128 shadow models:  33%|███▎      | 42/128 [02:19<04:41,  3.27s/it]Training 128 shadow models:  34%|███▎      | 43/128 [02:22<04:45,  3.36s/it]Training 128 shadow models:  34%|███▍      | 44/128 [02:26<04:47,  3.42s/it]Training 128 shadow models:  35%|███▌      | 45/128 [02:30<04:47,  3.47s/it]Training 128 shadow models:  36%|███▌      | 46/128 [02:33<04:47,  3.50s/it]Training 128 shadow models:  37%|███▋      | 47/128 [02:37<04:45,  3.52s/it]Training 128 shadow models:  38%|███▊      | 48/128 [02:40<04:42,  3.53s/it]Training 128 shadow models:  38%|███▊      | 49/128 [02:44<04:36,  3.50s/it]Training 128 shadow models:  39%|███▉      | 50/128 [02:47<04:24,  3.39s/it]Training 128 shadow models:  40%|███▉      | 51/128 [02:50<04:15,  3.32s/it]Training 128 shadow models:  41%|████      | 52/128 [02:53<04:08,  3.27s/it]Training 128 shadow models:  41%|████▏     | 53/128 [02:57<04:08,  3.31s/it]Training 128 shadow models:  42%|████▏     | 54/128 [03:00<04:05,  3.32s/it]Training 128 shadow models:  43%|████▎     | 55/128 [03:03<03:56,  3.24s/it]Training 128 shadow models:  44%|████▍     | 56/128 [03:06<03:49,  3.19s/it]Training 128 shadow models:  45%|████▍     | 57/128 [03:09<03:44,  3.16s/it]Training 128 shadow models:  45%|████▌     | 58/128 [03:12<03:40,  3.15s/it]Training 128 shadow models:  46%|████▌     | 59/128 [03:15<03:36,  3.13s/it]Training 128 shadow models:  47%|████▋     | 60/128 [03:18<03:32,  3.12s/it]Training 128 shadow models:  48%|████▊     | 61/128 [03:22<03:29,  3.12s/it]Training 128 shadow models:  48%|████▊     | 62/128 [03:25<03:25,  3.12s/it]Training 128 shadow models:  49%|████▉     | 63/128 [03:28<03:22,  3.11s/it]Training 128 shadow models:  50%|█████     | 64/128 [03:31<03:20,  3.13s/it]Training 128 shadow models:  51%|█████     | 65/128 [03:34<03:17,  3.13s/it]Training 128 shadow models:  52%|█████▏    | 66/128 [03:37<03:14,  3.14s/it]Training 128 shadow models:  52%|█████▏    | 67/128 [03:40<03:11,  3.14s/it]Training 128 shadow models:  53%|█████▎    | 68/128 [03:44<03:11,  3.19s/it]Training 128 shadow models:  54%|█████▍    | 69/128 [03:47<03:14,  3.30s/it]Training 128 shadow models:  55%|█████▍    | 70/128 [03:50<03:08,  3.25s/it]Training 128 shadow models:  55%|█████▌    | 71/128 [03:54<03:03,  3.22s/it]Training 128 shadow models:  56%|█████▋    | 72/128 [03:57<02:58,  3.19s/it]Training 128 shadow models:  57%|█████▋    | 73/128 [04:00<02:56,  3.21s/it]Training 128 shadow models:  58%|█████▊    | 74/128 [04:04<02:59,  3.33s/it]Training 128 shadow models:  59%|█████▊    | 75/128 [04:07<03:00,  3.40s/it]Training 128 shadow models:  59%|█████▉    | 76/128 [04:11<02:59,  3.45s/it]Training 128 shadow models:  60%|██████    | 77/128 [04:14<02:57,  3.49s/it]Training 128 shadow models:  61%|██████    | 78/128 [04:17<02:49,  3.39s/it]Training 128 shadow models:  62%|██████▏   | 79/128 [04:21<02:42,  3.32s/it]Training 128 shadow models:  62%|██████▎   | 80/128 [04:24<02:36,  3.27s/it]Training 128 shadow models:  63%|██████▎   | 81/128 [04:27<02:32,  3.23s/it]Training 128 shadow models:  64%|██████▍   | 82/128 [04:30<02:33,  3.34s/it]Training 128 shadow models:  65%|██████▍   | 83/128 [04:34<02:28,  3.29s/it]Training 128 shadow models:  66%|██████▌   | 84/128 [04:37<02:22,  3.23s/it]Training 128 shadow models:  66%|██████▋   | 85/128 [04:40<02:17,  3.19s/it]Training 128 shadow models:  67%|██████▋   | 86/128 [04:43<02:12,  3.16s/it]Training 128 shadow models:  68%|██████▊   | 87/128 [04:46<02:08,  3.14s/it]Training 128 shadow models:  69%|██████▉   | 88/128 [04:49<02:05,  3.13s/it]Training 128 shadow models:  70%|██████▉   | 89/128 [04:52<02:01,  3.11s/it]Training 128 shadow models:  70%|███████   | 90/128 [04:55<01:58,  3.11s/it]Training 128 shadow models:  71%|███████   | 91/128 [04:58<01:54,  3.10s/it]Training 128 shadow models:  72%|███████▏  | 92/128 [05:01<01:51,  3.09s/it]Training 128 shadow models:  73%|███████▎  | 93/128 [05:04<01:48,  3.09s/it]Training 128 shadow models:  73%|███████▎  | 94/128 [05:08<01:45,  3.10s/it]Training 128 shadow models:  74%|███████▍  | 95/128 [05:11<01:42,  3.10s/it]Training 128 shadow models:  75%|███████▌  | 96/128 [05:14<01:39,  3.09s/it]Training 128 shadow models:  76%|███████▌  | 97/128 [05:17<01:35,  3.09s/it]Training 128 shadow models:  77%|███████▋  | 98/128 [05:20<01:33,  3.10s/it]Training 128 shadow models:  77%|███████▋  | 99/128 [05:23<01:30,  3.11s/it]Training 128 shadow models:  78%|███████▊  | 100/128 [05:26<01:27,  3.12s/it]Training 128 shadow models:  79%|███████▉  | 101/128 [05:29<01:24,  3.12s/it]Training 128 shadow models:  80%|███████▉  | 102/128 [05:33<01:21,  3.12s/it]Training 128 shadow models:  80%|████████  | 103/128 [05:36<01:18,  3.13s/it]Training 128 shadow models:  81%|████████▏ | 104/128 [05:39<01:18,  3.28s/it]Training 128 shadow models:  82%|████████▏ | 105/128 [05:42<01:14,  3.26s/it]Training 128 shadow models:  83%|████████▎ | 106/128 [05:46<01:10,  3.22s/it]Training 128 shadow models:  84%|████████▎ | 107/128 [05:49<01:07,  3.19s/it]Training 128 shadow models:  84%|████████▍ | 108/128 [05:52<01:03,  3.17s/it]Training 128 shadow models:  85%|████████▌ | 109/128 [05:55<01:00,  3.16s/it]Training 128 shadow models:  86%|████████▌ | 110/128 [05:58<00:57,  3.21s/it]Training 128 shadow models:  87%|████████▋ | 111/128 [06:02<00:56,  3.33s/it]Training 128 shadow models:  88%|████████▊ | 112/128 [06:06<00:54,  3.40s/it]Training 128 shadow models:  88%|████████▊ | 113/128 [06:09<00:51,  3.45s/it]Training 128 shadow models:  89%|████████▉ | 114/128 [06:13<00:48,  3.49s/it]Training 128 shadow models:  90%|████████▉ | 115/128 [06:16<00:45,  3.51s/it]Training 128 shadow models:  91%|█████████ | 116/128 [06:20<00:41,  3.44s/it]Training 128 shadow models:  91%|█████████▏| 117/128 [06:23<00:36,  3.35s/it]Training 128 shadow models:  92%|█████████▏| 118/128 [06:26<00:32,  3.29s/it]Training 128 shadow models:  93%|█████████▎| 119/128 [06:29<00:29,  3.25s/it]Training 128 shadow models:  94%|█████████▍| 120/128 [06:32<00:25,  3.23s/it]Training 128 shadow models:  95%|█████████▍| 121/128 [06:36<00:23,  3.34s/it]Training 128 shadow models:  95%|█████████▌| 122/128 [06:39<00:19,  3.27s/it]Training 128 shadow models:  96%|█████████▌| 123/128 [06:42<00:16,  3.21s/it]Training 128 shadow models:  97%|█████████▋| 124/128 [06:45<00:12,  3.17s/it]Training 128 shadow models:  98%|█████████▊| 125/128 [06:48<00:09,  3.15s/it]Training 128 shadow models:  98%|█████████▊| 126/128 [06:51<00:06,  3.13s/it]Training 128 shadow models:  99%|█████████▉| 127/128 [06:54<00:03,  3.11s/it]Training 128 shadow models: 100%|██████████| 128/128 [06:57<00:00,  3.10s/it]Training 128 shadow models: 100%|██████████| 128/128 [06:57<00:00,  3.26s/it]
[I 2025-05-13 21:04:14,076] A new study created in memory with name: no-name-4dafa4c2-7857-4b91-936a-c6daa4b28b64
Tuning interpolation parameter for offline RMIA using optuna
  0%|          | 0/100 [00:00<?, ?it/s]                                         0%|          | 0/100 [00:01<?, ?it/s]Best trial: 0. Best value: 0.563437:   0%|          | 0/100 [00:01<?, ?it/s]Best trial: 0. Best value: 0.563437:   1%|          | 1/100 [00:01<02:17,  1.39s/it]                                                                                    Best trial: 0. Best value: 0.563437:   1%|          | 1/100 [00:02<02:17,  1.39s/it]Best trial: 0. Best value: 0.563437:   1%|          | 1/100 [00:02<02:17,  1.39s/it]Best trial: 0. Best value: 0.563437:   2%|▏         | 2/100 [00:02<02:13,  1.37s/it]                                                                                    Best trial: 0. Best value: 0.563437:   2%|▏         | 2/100 [00:04<02:13,  1.37s/it]Best trial: 0. Best value: 0.563437:   2%|▏         | 2/100 [00:04<02:13,  1.37s/it]Best trial: 0. Best value: 0.563437:   3%|▎         | 3/100 [00:04<02:11,  1.36s/it]                                                                                    Best trial: 0. Best value: 0.563437:   3%|▎         | 3/100 [00:05<02:11,  1.36s/it]Best trial: 0. Best value: 0.563437:   3%|▎         | 3/100 [00:05<02:11,  1.36s/it]Best trial: 0. Best value: 0.563437:   4%|▍         | 4/100 [00:05<02:09,  1.35s/it]                                                                                    Best trial: 0. Best value: 0.563437:   4%|▍         | 4/100 [00:06<02:09,  1.35s/it]Best trial: 4. Best value: 0.565628:   4%|▍         | 4/100 [00:06<02:09,  1.35s/it]Best trial: 4. Best value: 0.565628:   5%|▌         | 5/100 [00:06<02:08,  1.35s/it]                                                                                    Best trial: 4. Best value: 0.565628:   5%|▌         | 5/100 [00:08<02:08,  1.35s/it]Best trial: 4. Best value: 0.565628:   5%|▌         | 5/100 [00:08<02:08,  1.35s/it]Best trial: 4. Best value: 0.565628:   6%|▌         | 6/100 [00:08<02:06,  1.35s/it]                                                                                    Best trial: 4. Best value: 0.565628:   6%|▌         | 6/100 [00:09<02:06,  1.35s/it]Best trial: 4. Best value: 0.565628:   6%|▌         | 6/100 [00:09<02:06,  1.35s/it]Best trial: 4. Best value: 0.565628:   7%|▋         | 7/100 [00:09<02:05,  1.35s/it]                                                                                    Best trial: 4. Best value: 0.565628:   7%|▋         | 7/100 [00:10<02:05,  1.35s/it]Best trial: 4. Best value: 0.565628:   7%|▋         | 7/100 [00:10<02:05,  1.35s/it]Best trial: 4. Best value: 0.565628:   8%|▊         | 8/100 [00:10<02:07,  1.38s/it]                                                                                    Best trial: 4. Best value: 0.565628:   8%|▊         | 8/100 [00:12<02:07,  1.38s/it]Best trial: 4. Best value: 0.565628:   8%|▊         | 8/100 [00:12<02:07,  1.38s/it]Best trial: 4. Best value: 0.565628:   9%|▉         | 9/100 [00:12<02:04,  1.37s/it]                                                                                    Best trial: 4. Best value: 0.565628:   9%|▉         | 9/100 [00:13<02:04,  1.37s/it]Best trial: 4. Best value: 0.565628:   9%|▉         | 9/100 [00:13<02:04,  1.37s/it]Best trial: 4. Best value: 0.565628:  10%|█         | 10/100 [00:13<02:02,  1.36s/it]                                                                                     Best trial: 4. Best value: 0.565628:  10%|█         | 10/100 [00:14<02:02,  1.36s/it]Best trial: 4. Best value: 0.565628:  10%|█         | 10/100 [00:14<02:02,  1.36s/it]Best trial: 4. Best value: 0.565628:  11%|█         | 11/100 [00:14<02:00,  1.36s/it]                                                                                     Best trial: 4. Best value: 0.565628:  11%|█         | 11/100 [00:16<02:00,  1.36s/it]Best trial: 4. Best value: 0.565628:  11%|█         | 11/100 [00:16<02:00,  1.36s/it]Best trial: 4. Best value: 0.565628:  12%|█▏        | 12/100 [00:16<01:59,  1.35s/it]                                                                                     Best trial: 4. Best value: 0.565628:  12%|█▏        | 12/100 [00:17<01:59,  1.35s/it]Best trial: 4. Best value: 0.565628:  12%|█▏        | 12/100 [00:17<01:59,  1.35s/it]Best trial: 4. Best value: 0.565628:  13%|█▎        | 13/100 [00:17<01:57,  1.35s/it]                                                                                     Best trial: 4. Best value: 0.565628:  13%|█▎        | 13/100 [00:18<01:57,  1.35s/it]Best trial: 4. Best value: 0.565628:  13%|█▎        | 13/100 [00:18<01:57,  1.35s/it]Best trial: 4. Best value: 0.565628:  14%|█▍        | 14/100 [00:18<01:55,  1.35s/it]                                                                                     Best trial: 4. Best value: 0.565628:  14%|█▍        | 14/100 [00:20<01:55,  1.35s/it]Best trial: 4. Best value: 0.565628:  14%|█▍        | 14/100 [00:20<01:55,  1.35s/it]Best trial: 4. Best value: 0.565628:  15%|█▌        | 15/100 [00:20<01:54,  1.35s/it]                                                                                     Best trial: 4. Best value: 0.565628:  15%|█▌        | 15/100 [00:21<01:54,  1.35s/it]Best trial: 4. Best value: 0.565628:  15%|█▌        | 15/100 [00:21<01:54,  1.35s/it]Best trial: 4. Best value: 0.565628:  16%|█▌        | 16/100 [00:21<01:53,  1.35s/it]                                                                                     Best trial: 4. Best value: 0.565628:  16%|█▌        | 16/100 [00:23<01:53,  1.35s/it]Best trial: 4. Best value: 0.565628:  16%|█▌        | 16/100 [00:23<01:53,  1.35s/it]Best trial: 4. Best value: 0.565628:  17%|█▋        | 17/100 [00:23<01:52,  1.36s/it]                                                                                     Best trial: 4. Best value: 0.565628:  17%|█▋        | 17/100 [00:24<01:52,  1.36s/it]Best trial: 4. Best value: 0.565628:  17%|█▋        | 17/100 [00:24<01:52,  1.36s/it]Best trial: 4. Best value: 0.565628:  18%|█▊        | 18/100 [00:24<01:52,  1.38s/it]                                                                                     Best trial: 4. Best value: 0.565628:  18%|█▊        | 18/100 [00:25<01:52,  1.38s/it]Best trial: 18. Best value: 0.565649:  18%|█▊        | 18/100 [00:25<01:52,  1.38s/it]Best trial: 18. Best value: 0.565649:  19%|█▉        | 19/100 [00:25<01:52,  1.39s/it]                                                                                      Best trial: 18. Best value: 0.565649:  19%|█▉        | 19/100 [00:27<01:52,  1.39s/it]Best trial: 18. Best value: 0.565649:  19%|█▉        | 19/100 [00:27<01:52,  1.39s/it]Best trial: 18. Best value: 0.565649:  20%|██        | 20/100 [00:27<01:51,  1.39s/it]                                                                                      Best trial: 18. Best value: 0.565649:  20%|██        | 20/100 [00:28<01:51,  1.39s/it]Best trial: 18. Best value: 0.565649:  20%|██        | 20/100 [00:28<01:51,  1.39s/it]Best trial: 18. Best value: 0.565649:  21%|██        | 21/100 [00:28<01:50,  1.40s/it]                                                                                      Best trial: 18. Best value: 0.565649:  21%|██        | 21/100 [00:30<01:50,  1.40s/it]Best trial: 18. Best value: 0.565649:  21%|██        | 21/100 [00:30<01:50,  1.40s/it]Best trial: 18. Best value: 0.565649:  22%|██▏       | 22/100 [00:30<01:49,  1.40s/it]                                                                                      Best trial: 18. Best value: 0.565649:  22%|██▏       | 22/100 [00:31<01:49,  1.40s/it]Best trial: 22. Best value: 0.565777:  22%|██▏       | 22/100 [00:31<01:49,  1.40s/it]Best trial: 22. Best value: 0.565777:  23%|██▎       | 23/100 [00:31<01:47,  1.40s/it]                                                                                      Best trial: 22. Best value: 0.565777:  23%|██▎       | 23/100 [00:32<01:47,  1.40s/it]Best trial: 22. Best value: 0.565777:  23%|██▎       | 23/100 [00:32<01:47,  1.40s/it]Best trial: 22. Best value: 0.565777:  24%|██▍       | 24/100 [00:32<01:46,  1.40s/it]                                                                                      Best trial: 22. Best value: 0.565777:  24%|██▍       | 24/100 [00:34<01:46,  1.40s/it]Best trial: 22. Best value: 0.565777:  24%|██▍       | 24/100 [00:34<01:46,  1.40s/it]Best trial: 22. Best value: 0.565777:  25%|██▌       | 25/100 [00:34<01:45,  1.40s/it]                                                                                      Best trial: 22. Best value: 0.565777:  25%|██▌       | 25/100 [00:35<01:45,  1.40s/it]Best trial: 22. Best value: 0.565777:  25%|██▌       | 25/100 [00:35<01:45,  1.40s/it]Best trial: 22. Best value: 0.565777:  26%|██▌       | 26/100 [00:35<01:47,  1.46s/it]                                                                                      Best trial: 22. Best value: 0.565777:  26%|██▌       | 26/100 [00:37<01:47,  1.46s/it]Best trial: 22. Best value: 0.565777:  26%|██▌       | 26/100 [00:37<01:47,  1.46s/it]Best trial: 22. Best value: 0.565777:  27%|██▋       | 27/100 [00:37<01:45,  1.44s/it]                                                         