[I 2025-05-13 21:06:34,063] Trial 0 finished with value: 0.5645058908966636 and parameters: {'threshold_scale_factor': 0.3212574762944208}. Best is trial 0 with value: 0.5645058908966636.
[I 2025-05-13 21:06:35,188] Trial 1 finished with value: 0.5647362980050408 and parameters: {'threshold_scale_factor': 0.9258751653362889}. Best is trial 1 with value: 0.5647362980050408.
[I 2025-05-13 21:06:36,314] Trial 2 finished with value: 0.5644266393267546 and parameters: {'threshold_scale_factor': 0.9421517097217097}. Best is trial 1 with value: 0.5647362980050408.
[I 2025-05-13 21:06:37,431] Trial 3 finished with value: 0.5652817634243239 and parameters: {'threshold_scale_factor': 0.7196495770605633}. Best is trial 3 with value: 0.5652817634243239.
[I 2025-05-13 21:06:38,552] Trial 4 finished with value: 0.565448058439062 and parameters: {'threshold_scale_factor': 0.8294513530289214}. Best is trial 4 with value: 0.565448058439062.
[I 2025-05-13 21:06:39,678] Trial 5 finished with value: 0.5654313127429621 and parameters: {'threshold_scale_factor': 0.829211440535069}. Best is trial 4 with value: 0.565448058439062.
[I 2025-05-13 21:06:40,807] Trial 6 finished with value: 0.5604320731342647 and parameters: {'threshold_scale_factor': 0.1525800236678727}. Best is trial 4 with value: 0.565448058439062.
[I 2025-05-13 21:06:41,934] Trial 7 finished with value: 0.5646472040668119 and parameters: {'threshold_scale_factor': 0.9168732274169246}. Best is trial 4 with value: 0.565448058439062.
[I 2025-05-13 21:06:43,058] Trial 8 finished with value: 0.5650773634072366 and parameters: {'threshold_scale_factor': 0.8850480234485487}. Best is trial 4 with value: 0.565448058439062.
[I 2025-05-13 21:06:44,184] Trial 9 finished with value: 0.5645072237173736 and parameters: {'threshold_scale_factor': 0.9512606958565956}. Best is trial 4 with value: 0.565448058439062.
[I 2025-05-13 21:06:45,310] Trial 10 finished with value: 0.5685430048272032 and parameters: {'threshold_scale_factor': 0.5912400890792284}. Best is trial 10 with value: 0.5685430048272032.
[I 2025-05-13 21:06:46,436] Trial 11 finished with value: 0.5685724977572728 and parameters: {'threshold_scale_factor': 0.5861764811026174}. Best is trial 11 with value: 0.5685724977572728.
[I 2025-05-13 21:06:47,563] Trial 12 finished with value: 0.5685152889914136 and parameters: {'threshold_scale_factor': 0.5760286531226013}. Best is trial 11 with value: 0.5685724977572728.
[I 2025-05-13 21:06:48,687] Trial 13 finished with value: 0.5686221880473322 and parameters: {'threshold_scale_factor': 0.5180350011201543}. Best is trial 13 with value: 0.5686221880473322.
[I 2025-05-13 21:06:49,840] Trial 14 finished with value: 0.5666847110085864 and parameters: {'threshold_scale_factor': 0.3901860640448313}. Best is trial 13 with value: 0.5686221880473322.
[I 2025-05-13 21:06:51,029] Trial 15 finished with value: 0.5664293904053996 and parameters: {'threshold_scale_factor': 0.37795704609957603}. Best is trial 13 with value: 0.5686221880473322.
[I 2025-05-13 21:06:52,213] Trial 16 finished with value: 0.566803195352215 and parameters: {'threshold_scale_factor': 0.6606444020740364}. Best is trial 13 with value: 0.5686221880473322.
[I 2025-05-13 21:06:53,396] Trial 17 finished with value: 0.568322098338246 and parameters: {'threshold_scale_factor': 0.4772499920667236}. Best is trial 13 with value: 0.5686221880473322.
[I 2025-05-13 21:06:54,573] Trial 18 finished with value: 0.5628287923448246 and parameters: {'threshold_scale_factor': 0.1835971777601595}. Best is trial 13 with value: 0.5686221880473322.
[I 2025-05-13 21:06:55,757] Trial 19 finished with value: 0.5377222094066385 and parameters: {'threshold_scale_factor': 0.004929568961240305}. Best is trial 13 with value: 0.5686221880473322.
[I 2025-05-13 21:06:56,939] Trial 20 finished with value: 0.5685027809816736 and parameters: {'threshold_scale_factor': 0.5100765493405658}. Best is trial 13 with value: 0.5686221880473322.
[I 2025-05-13 21:06:58,113] Trial 21 finished with value: 0.5670476483403819 and parameters: {'threshold_scale_factor': 0.6517450771535563}. Best is trial 13 with value: 0.5686221880473322.
[I 2025-05-13 21:06:59,480] Trial 22 finished with value: 0.5683240121320859 and parameters: {'threshold_scale_factor': 0.5593612306927651}. Best is trial 13 with value: 0.5686221880473322.
[I 2025-05-13 21:07:00,661] Trial 23 finished with value: 0.5651860395574352 and parameters: {'threshold_scale_factor': 0.7213993078905379}. Best is trial 13 with value: 0.5686221880473322.
[I 2025-05-13 21:07:01,840] Trial 24 finished with value: 0.5681957879448076 and parameters: {'threshold_scale_factor': 0.4357304587264811}. Best is trial 13 with value: 0.5686221880473322.
[I 2025-05-13 21:07:03,024] Trial 25 finished with value: 0.5649042334144987 and parameters: {'threshold_scale_factor': 0.2700024037067228}. Best is trial 13 with value: 0.5686221880473322.
[I 2025-05-13 21:07:04,205] Trial 26 finished with value: 0.568397522320475 and parameters: {'threshold_scale_factor': 0.6075467965640311}. Best is trial 13 with value: 0.5686221880473322.
[I 2025-05-13 21:07:05,383] Trial 27 finished with value: 0.5649739160152079 and parameters: {'threshold_scale_factor': 0.7519000593812052}. Best is trial 13 with value: 0.5686221880473322.
[I 2025-05-13 21:07:06,565] Trial 28 finished with value: 0.5684675466700841 and parameters: {'threshold_scale_factor': 0.5258485274373828}. Best is trial 13 with value: 0.5686221880473322.
[I 2025-05-13 21:07:07,743] Trial 29 finished with value: 0.5646413259857319 and parameters: {'threshold_scale_factor': 0.25766058891994836}. Best is trial 13 with value: 0.5686221880473322.
[I 2025-05-13 21:07:08,919] Trial 30 finished with value: 0.5688352684864795 and parameters: {'threshold_scale_factor': 0.4569512568830255}. Best is trial 30 with value: 0.5688352684864795.
[I 2025-05-13 21:07:10,078] Trial 31 finished with value: 0.5682188901704472 and parameters: {'threshold_scale_factor': 0.43522087559591915}. Best is trial 30 with value: 0.5688352684864795.
[I 2025-05-13 21:07:11,235] Trial 32 finished with value: 0.5644719894057841 and parameters: {'threshold_scale_factor': 0.33439615034010056}. Best is trial 30 with value: 0.5688352684864795.
[I 2025-05-13 21:07:12,385] Trial 33 finished with value: 0.568400598060575 and parameters: {'threshold_scale_factor': 0.6077048756704}. Best is trial 30 with value: 0.5688352684864795.
[I 2025-05-13 21:07:13,537] Trial 34 finished with value: 0.5686211628006322 and parameters: {'threshold_scale_factor': 0.46453973778497853}. Best is trial 30 with value: 0.5688352684864795.
[I 2025-05-13 21:07:14,693] Trial 35 finished with value: 0.5689899098637277 and parameters: {'threshold_scale_factor': 0.46168892049816806}. Best is trial 35 with value: 0.5689899098637277.
[I 2025-05-13 21:07:15,846] Trial 36 finished with value: 0.56879709513435 and parameters: {'threshold_scale_factor': 0.4626010766057975}. Best is trial 35 with value: 0.5689899098637277.
[I 2025-05-13 21:07:17,005] Trial 37 finished with value: 0.5667046691443463 and parameters: {'threshold_scale_factor': 0.3919769320252599}. Best is trial 35 with value: 0.5689899098637277.
[I 2025-05-13 21:07:18,163] Trial 38 finished with value: 0.5648109017899099 and parameters: {'threshold_scale_factor': 0.30588636610696}. Best is trial 35 with value: 0.5689899098637277.
[I 2025-05-13 21:07:19,315] Trial 39 finished with value: 0.5684514844717844 and parameters: {'threshold_scale_factor': 0.5276360457127639}. Best is trial 35 with value: 0.5689899098637277.
[I 2025-05-13 21:07:20,470] Trial 40 finished with value: 0.5635639625784955 and parameters: {'threshold_scale_factor': 0.2068424662965508}. Best is trial 35 with value: 0.5689899098637277.
[I 2025-05-13 21:07:21,635] Trial 41 finished with value: 0.5686319620658721 and parameters: {'threshold_scale_factor': 0.4643602849659614}. Best is trial 35 with value: 0.5689899098637277.
[I 2025-05-13 21:07:22,809] Trial 42 finished with value: 0.5683243538809859 and parameters: {'threshold_scale_factor': 0.43675143758158685}. Best is trial 35 with value: 0.5689899098637277.
[I 2025-05-13 21:07:24,154] Trial 43 finished with value: 0.5657784271006878 and parameters: {'threshold_scale_factor': 0.3493577224550031}. Best is trial 35 with value: 0.5689899098637277.
[I 2025-05-13 21:07:25,359] Trial 44 finished with value: 0.5683455764876757 and parameters: {'threshold_scale_factor': 0.47441144824244047}. Best is trial 35 with value: 0.5689899098637277.
[I 2025-05-13 21:07:26,524] Trial 45 finished with value: 0.5662703062924517 and parameters: {'threshold_scale_factor': 0.670099234637977}. Best is trial 35 with value: 0.5689899098637277.
[I 2025-05-13 21:07:27,679] Trial 46 finished with value: 0.56719750523303 and parameters: {'threshold_scale_factor': 0.40169407974802496}. Best is trial 35 with value: 0.5689899098637277.
[I 2025-05-13 21:07:28,834] Trial 47 finished with value: 0.5682518689392968 and parameters: {'threshold_scale_factor': 0.5384820180162629}. Best is trial 35 with value: 0.5689899098637277.
[I 2025-05-13 21:07:29,989] Trial 48 finished with value: 0.5646943995899013 and parameters: {'threshold_scale_factor': 0.29737854105381967}. Best is trial 35 with value: 0.5689899098637277.
[I 2025-05-13 21:07:31,148] Trial 49 finished with value: 0.564394139006365 and parameters: {'threshold_scale_factor': 0.9997889789759419}. Best is trial 35 with value: 0.5689899098637277.
[I 2025-05-13 21:07:32,305] Trial 50 finished with value: 0.5683731556239053 and parameters: {'threshold_scale_factor': 0.49358499284665236}. Best is trial 35 with value: 0.5689899098637277.
[I 2025-05-13 21:07:33,460] Trial 51 finished with value: 0.5688772010765091 and parameters: {'threshold_scale_factor': 0.45017216042783625}. Best is trial 35 with value: 0.5689899098637277.
[I 2025-05-13 21:07:34,612] Trial 52 finished with value: 0.5679917296766201 and parameters: {'threshold_scale_factor': 0.41658143548439025}. Best is trial 35 with value: 0.5689899098637277.
[I 2025-05-13 21:07:35,765] Trial 53 finished with value: 0.5664746721346491 and parameters: {'threshold_scale_factor': 0.37328618463876595}. Best is trial 35 with value: 0.5689899098637277.
[I 2025-05-13 21:07:36,921] Trial 54 finished with value: 0.5683665940450254 and parameters: {'threshold_scale_factor': 0.4732878059260041}. Best is trial 35 with value: 0.5689899098637277.
[I 2025-05-13 21:07:38,114] Trial 55 finished with value: 0.568161920628818 and parameters: {'threshold_scale_factor': 0.6260160800468993}. Best is trial 35 with value: 0.5689899098637277.
[I 2025-05-13 21:07:39,305] Trial 56 finished with value: 0.568315741808706 and parameters: {'threshold_scale_factor': 0.5608925091621108}. Best is trial 35 with value: 0.5689899098637277.
[I 2025-05-13 21:07:40,474] Trial 57 finished with value: 0.5681388867529582 and parameters: {'threshold_scale_factor': 0.5010014881255166}. Best is trial 35 with value: 0.5689899098637277.
[I 2025-05-13 21:07:41,649] Trial 58 finished with value: 0.5658065188602674 and parameters: {'threshold_scale_factor': 0.3558071103866729}. Best is trial 35 with value: 0.5689899098637277.
[I 2025-05-13 21:07:42,822] Trial 59 finished with value: 0.5683074373104362 and parameters: {'threshold_scale_factor': 0.5594124436806138}. Best is trial 35 with value: 0.5689899098637277.
[I 2025-05-13 21:07:43,997] Trial 60 finished with value: 0.5686192148319023 and parameters: {'threshold_scale_factor': 0.4429274024204006}. Best is trial 35 with value: 0.5689899098637277.
[I 2025-05-13 21:07:45,170] Trial 61 finished with value: 0.568554590114913 and parameters: {'threshold_scale_factor': 0.4657495352162006}. Best is trial 35 with value: 0.5689899098637277.
[I 2025-05-13 21:07:46,343] Trial 62 finished with value: 0.5684581144004442 and parameters: {'threshold_scale_factor': 0.5127457082869568}. Best is trial 35 with value: 0.5689899098637277.
[I 2025-05-13 21:07:47,518] Trial 63 finished with value: 0.5689163655004486 and parameters: {'threshold_scale_factor': 0.4620354749502057}. Best is trial 35 with value: 0.5689899098637277.
[I 2025-05-13 21:07:48,852] Trial 64 finished with value: 0.5678800461361015 and parameters: {'threshold_scale_factor': 0.411300430061193}. Best is trial 35 with value: 0.5689899098637277.
[I 2025-05-13 21:07:50,026] Trial 65 finished with value: 0.5666139348113973 and parameters: {'threshold_scale_factor': 0.3743783652301502}. Best is trial 35 with value: 0.5689899098637277.
[I 2025-05-13 21:07:51,201] Trial 66 finished with value: 0.5683172113289761 and parameters: {'threshold_scale_factor': 0.545801147679271}. Best is trial 35 with value: 0.5689899098637277.
[I 2025-05-13 21:07:52,375] Trial 67 finished with value: 0.568875697381349 and parameters: {'threshold_scale_factor': 0.45142905527149413}. Best is trial 35 with value: 0.5689899098637277.
[I 2025-05-13 21:07:53,547] Trial 68 finished with value: 0.5645096159596736 and parameters: {'threshold_scale_factor': 0.3234604808873499}. Best is trial 35 with value: 0.5689899098637277.
[I 2025-05-13 21:07:54,723] Trial 69 finished with value: 0.5687083771199111 and parameters: {'threshold_scale_factor': 0.44452046379344723}. Best is trial 35 with value: 0.5689899098637277.
[I 2025-05-13 21:07:55,899] Trial 70 finished with value: 0.5683739416463753 and parameters: {'threshold_scale_factor': 0.4388982019156068}. Best is trial 35 with value: 0.5689899098637277.
[I 2025-05-13 21:07:57,075] Trial 71 finished with value: 0.5683715835789653 and parameters: {'threshold_scale_factor': 0.49269388605874986}. Best is trial 35 with value: 0.5689899098637277.
[I 2025-05-13 21:07:58,244] Trial 72 finished with value: 0.5687908753043702 and parameters: {'threshold_scale_factor': 0.45434565278079175}. Best is trial 35 with value: 0.5689899098637277.
[I 2025-05-13 21:07:59,417] Trial 73 finished with value: 0.5681097355717887 and parameters: {'threshold_scale_factor': 0.41867950960935124}. Best is trial 35 with value: 0.5689899098637277.
[I 2025-05-13 21:08:00,587] Trial 74 finished with value: 0.568646110470332 and parameters: {'threshold_scale_factor': 0.5790856014110665}. Best is trial 35 with value: 0.5689899098637277.
[I 2025-05-13 21:08:01,761] Trial 75 finished with value: 0.5687918663761801 and parameters: {'threshold_scale_factor': 0.4543654422435774}. Best is trial 35 with value: 0.5689899098637277.
[I 2025-05-13 21:08:02,937] Trial 76 finished with value: 0.5666155410312274 and parameters: {'threshold_scale_factor': 0.3889251839649964}. Best is trial 35 with value: 0.5689899098637277.
[I 2025-05-13 21:08:04,112] Trial 77 finished with value: 0.5649286342859584 and parameters: {'threshold_scale_factor': 0.27346268628614523}. Best is trial 35 with value: 0.5689899098637277.
[I 2025-05-13 21:08:05,282] Trial 78 finished with value: 0.5657135631594685 and parameters: {'threshold_scale_factor': 0.3485837845671832}. Best is trial 35 with value: 0.5689899098637277.
[I 2025-05-13 21:08:06,459] Trial 79 finished with value: 0.5684966978512538 and parameters: {'threshold_scale_factor': 0.5141650908177451}. Best is trial 35 with value: 0.5689899098637277.
[I 2025-05-13 21:08:07,633] Trial 80 finished with value: 0.5688399504464094 and parameters: {'threshold_scale_factor': 0.4540687485282147}. Best is trial 35 with value: 0.5689899098637277.
[I 2025-05-13 21:08:08,812] Trial 81 finished with value: 0.5684183690033748 and parameters: {'threshold_scale_factor': 0.48990308763056234}. Best is trial 35 with value: 0.5689899098637277.
[I 2025-05-13 21:08:09,991] Trial 82 finished with value: 0.5687390319962407 and parameters: {'threshold_scale_factor': 0.45469821973938385}. Best is trial 35 with value: 0.5689899098637277.
[I 2025-05-13 21:08:11,167] Trial 83 finished with value: 0.5449842026570977 and parameters: {'threshold_scale_factor': 0.021677036681076678}. Best is trial 35 with value: 0.5689899098637277.
[I 2025-05-13 21:08:12,335] Trial 84 finished with value: 0.56800283651587 and parameters: {'threshold_scale_factor': 0.4171918327375788}. Best is trial 35 with value: 0.5689899098637277.
[I 2025-05-13 21:08:13,657] Trial 85 finished with value: 0.5664140117048999 and parameters: {'threshold_scale_factor': 0.3775000534760341}. Best is trial 35 with value: 0.5689899098637277.
[I 2025-05-13 21:08:14,831] Trial 86 finished with value: 0.5684339185783246 and parameters: {'threshold_scale_factor': 0.5327602642983924}. Best is trial 35 with value: 0.5689899098637277.
[I 2025-05-13 21:08:16,006] Trial 87 finished with value: 0.5686596095518818 and parameters: {'threshold_scale_factor': 0.4840746760799205}. Best is trial 35 with value: 0.5689899098637277.
[I 2025-05-13 21:08:17,178] Trial 88 finished with value: 0.5680892306377889 and parameters: {'threshold_scale_factor': 0.42089192337552683}. Best is trial 35 with value: 0.5689899098637277.
[I 2025-05-13 21:08:18,354] Trial 89 finished with value: 0.5687872527660301 and parameters: {'threshold_scale_factor': 0.4544538498755799}. Best is trial 35 with value: 0.5689899098637277.
[I 2025-05-13 21:08:19,526] Trial 90 finished with value: 0.5686003502926225 and parameters: {'threshold_scale_factor': 0.5897928321223035}. Best is trial 35 with value: 0.5689899098637277.
[I 2025-05-13 21:08:20,696] Trial 91 finished with value: 0.5688440856080994 and parameters: {'threshold_scale_factor': 0.4577490683457327}. Best is trial 35 with value: 0.5689899098637277.
[I 2025-05-13 21:08:21,877] Trial 92 finished with value: 0.5671071809987611 and parameters: {'threshold_scale_factor': 0.4008828120234793}. Best is trial 35 with value: 0.5689899098637277.
[I 2025-05-13 21:08:23,054] Trial 93 finished with value: 0.5686757059250716 and parameters: {'threshold_scale_factor': 0.5190823306229062}. Best is trial 35 with value: 0.5689899098637277.
[I 2025-05-13 21:08:24,229] Trial 94 finished with value: 0.5683480370797557 and parameters: {'threshold_scale_factor': 0.4741531905328611}. Best is trial 35 with value: 0.5689899098637277.
[I 2025-05-13 21:08:25,406] Trial 95 finished with value: 0.5683112307232261 and parameters: {'threshold_scale_factor': 0.5504018338670174}. Best is trial 35 with value: 0.5689899098637277.
[I 2025-05-13 21:08:26,575] Trial 96 finished with value: 0.5658005724294075 and parameters: {'threshold_scale_factor': 0.35653817176590896}. Best is trial 35 with value: 0.5689899098637277.
[I 2025-05-13 21:08:27,734] Trial 97 finished with value: 0.5682074757571874 and parameters: {'threshold_scale_factor': 0.42885501033023415}. Best is trial 35 with value: 0.5689899098637277.
[I 2025-05-13 21:08:28,892] Trial 98 finished with value: 0.5683554872057757 and parameters: {'threshold_scale_factor': 0.4938550678339485}. Best is trial 35 with value: 0.5689899098637277.
