[I 2025-05-13 23:59:50,463] Trial 0 finished with value: 0.5711006194198812 and parameters: {'threshold_scale_factor': 0.07307594787155158}. Best is trial 0 with value: 0.5711006194198812.
[I 2025-05-13 23:59:51,564] Trial 1 finished with value: 0.5752527318552694 and parameters: {'threshold_scale_factor': 0.6945033421706235}. Best is trial 1 with value: 0.5752527318552694.
[I 2025-05-13 23:59:52,664] Trial 2 finished with value: 0.5752374556794395 and parameters: {'threshold_scale_factor': 0.6989154846869595}. Best is trial 1 with value: 0.5752527318552694.
[I 2025-05-13 23:59:53,767] Trial 3 finished with value: 0.5753754197103678 and parameters: {'threshold_scale_factor': 0.640738197086852}. Best is trial 3 with value: 0.5753754197103678.
[I 2025-05-13 23:59:54,867] Trial 4 finished with value: 0.5742623093681917 and parameters: {'threshold_scale_factor': 0.8536060823236815}. Best is trial 3 with value: 0.5753754197103678.
[I 2025-05-13 23:59:55,970] Trial 5 finished with value: 0.5740302960399847 and parameters: {'threshold_scale_factor': 0.0998392389050986}. Best is trial 3 with value: 0.5753754197103678.
[I 2025-05-13 23:59:57,073] Trial 6 finished with value: 0.580160792857448 and parameters: {'threshold_scale_factor': 0.2844469715574264}. Best is trial 6 with value: 0.580160792857448.
[I 2025-05-13 23:59:58,172] Trial 7 finished with value: 0.5731392883079157 and parameters: {'threshold_scale_factor': 0.8982252986328061}. Best is trial 6 with value: 0.580160792857448.
[I 2025-05-13 23:59:59,269] Trial 8 finished with value: 0.5755628689820155 and parameters: {'threshold_scale_factor': 0.592173197581773}. Best is trial 6 with value: 0.580160792857448.
[I 2025-05-14 00:00:00,370] Trial 9 finished with value: 0.5800016062198299 and parameters: {'threshold_scale_factor': 0.4379681464264509}. Best is trial 6 with value: 0.580160792857448.
[I 2025-05-14 00:00:01,479] Trial 10 finished with value: 0.5798586868298518 and parameters: {'threshold_scale_factor': 0.32119772200414504}. Best is trial 6 with value: 0.580160792857448.
[I 2025-05-14 00:00:02,598] Trial 11 finished with value: 0.5793751804861378 and parameters: {'threshold_scale_factor': 0.3629390738582382}. Best is trial 6 with value: 0.580160792857448.
[I 2025-05-14 00:00:03,702] Trial 12 finished with value: 0.5797406809346832 and parameters: {'threshold_scale_factor': 0.34742491882761284}. Best is trial 6 with value: 0.580160792857448.
[I 2025-05-14 00:00:04,807] Trial 13 finished with value: 0.5785823572130377 and parameters: {'threshold_scale_factor': 0.20321060554835724}. Best is trial 6 with value: 0.580160792857448.
[I 2025-05-14 00:00:05,910] Trial 14 finished with value: 0.5797078388653937 and parameters: {'threshold_scale_factor': 0.4801023346208094}. Best is trial 6 with value: 0.580160792857448.
[I 2025-05-14 00:00:07,016] Trial 15 finished with value: 0.5800302106027596 and parameters: {'threshold_scale_factor': 0.4735662664857509}. Best is trial 6 with value: 0.580160792857448.
[I 2025-05-14 00:00:08,123] Trial 16 finished with value: 0.5785296253577684 and parameters: {'threshold_scale_factor': 0.21813427009295688}. Best is trial 6 with value: 0.580160792857448.
[I 2025-05-14 00:00:09,227] Trial 17 finished with value: 0.578715673458926 and parameters: {'threshold_scale_factor': 0.2210259375812228}. Best is trial 6 with value: 0.580160792857448.
[I 2025-05-14 00:00:10,330] Trial 18 finished with value: 0.5511574522619505 and parameters: {'threshold_scale_factor': 0.003164280324137625}. Best is trial 6 with value: 0.580160792857448.
[I 2025-05-14 00:00:11,437] Trial 19 finished with value: 0.5780376778162245 and parameters: {'threshold_scale_factor': 0.5304367559264668}. Best is trial 6 with value: 0.580160792857448.
[I 2025-05-14 00:00:12,542] Trial 20 finished with value: 0.5797635781109829 and parameters: {'threshold_scale_factor': 0.42055043499583133}. Best is trial 6 with value: 0.580160792857448.
[I 2025-05-14 00:00:13,653] Trial 21 finished with value: 0.5805868853859626 and parameters: {'threshold_scale_factor': 0.4553359781419691}. Best is trial 21 with value: 0.5805868853859626.
[I 2025-05-14 00:00:14,908] Trial 22 finished with value: 0.5773040454526037 and parameters: {'threshold_scale_factor': 0.5506455694192651}. Best is trial 21 with value: 0.5805868853859626.
[I 2025-05-14 00:00:16,017] Trial 23 finished with value: 0.5801622282028279 and parameters: {'threshold_scale_factor': 0.2893159167466181}. Best is trial 21 with value: 0.5805868853859626.
[I 2025-05-14 00:00:17,122] Trial 24 finished with value: 0.5798930325943012 and parameters: {'threshold_scale_factor': 0.3236603216261241}. Best is trial 21 with value: 0.5805868853859626.
[I 2025-05-14 00:00:18,512] Trial 25 finished with value: 0.5796716818317742 and parameters: {'threshold_scale_factor': 0.2591834592660498}. Best is trial 21 with value: 0.5805868853859626.
[I 2025-05-14 00:00:19,620] Trial 26 finished with value: 0.5767064975009611 and parameters: {'threshold_scale_factor': 0.14167691086737577}. Best is trial 21 with value: 0.5805868853859626.
[I 2025-05-14 00:00:20,724] Trial 27 finished with value: 0.5793492417446282 and parameters: {'threshold_scale_factor': 0.4009756914112263}. Best is trial 21 with value: 0.5805868853859626.
[I 2025-05-14 00:00:21,828] Trial 28 finished with value: 0.5801565893459781 and parameters: {'threshold_scale_factor': 0.28466913321384607}. Best is trial 21 with value: 0.5805868853859626.
[I 2025-05-14 00:00:22,936] Trial 29 finished with value: 0.5698060404118075 and parameters: {'threshold_scale_factor': 0.9974382356456402}. Best is trial 21 with value: 0.5805868853859626.
[I 2025-05-14 00:00:24,043] Trial 30 finished with value: 0.5765944722115426 and parameters: {'threshold_scale_factor': 0.13905273807179191}. Best is trial 21 with value: 0.5805868853859626.
[I 2025-05-14 00:00:25,151] Trial 31 finished with value: 0.5800113118885899 and parameters: {'threshold_scale_factor': 0.310131866019357}. Best is trial 21 with value: 0.5805868853859626.
[I 2025-05-14 00:00:26,255] Trial 32 finished with value: 0.5798103977102824 and parameters: {'threshold_scale_factor': 0.27527240486024984}. Best is trial 21 with value: 0.5805868853859626.
[I 2025-05-14 00:00:27,364] Trial 33 finished with value: 0.5776834209064889 and parameters: {'threshold_scale_factor': 0.1738579132146903}. Best is trial 21 with value: 0.5805868853859626.
[I 2025-05-14 00:00:28,467] Trial 34 finished with value: 0.5663385193728908 and parameters: {'threshold_scale_factor': 0.04326698120668909}. Best is trial 21 with value: 0.5805868853859626.
[I 2025-05-14 00:00:29,571] Trial 35 finished with value: 0.5794127386902475 and parameters: {'threshold_scale_factor': 0.39646154335446704}. Best is trial 21 with value: 0.5805868853859626.
[I 2025-05-14 00:00:30,678] Trial 36 finished with value: 0.5752713913452091 and parameters: {'threshold_scale_factor': 0.11251531739941989}. Best is trial 21 with value: 0.5805868853859626.
[I 2025-05-14 00:00:31,780] Trial 37 finished with value: 0.57520382758768 and parameters: {'threshold_scale_factor': 0.6964378685725243}. Best is trial 21 with value: 0.5805868853859626.
[I 2025-05-14 00:00:32,885] Trial 38 finished with value: 0.5796211029945748 and parameters: {'threshold_scale_factor': 0.270886973899802}. Best is trial 21 with value: 0.5805868853859626.
[I 2025-05-14 00:00:33,990] Trial 39 finished with value: 0.5753311290529284 and parameters: {'threshold_scale_factor': 0.7669361710404602}. Best is trial 21 with value: 0.5805868853859626.
[I 2025-05-14 00:00:35,095] Trial 40 finished with value: 0.5761655089922679 and parameters: {'threshold_scale_factor': 0.6124679528963841}. Best is trial 21 with value: 0.5805868853859626.
[I 2025-05-14 00:00:36,200] Trial 41 finished with value: 0.579682207697894 and parameters: {'threshold_scale_factor': 0.48055914151251256}. Best is trial 21 with value: 0.5805868853859626.
[I 2025-05-14 00:00:37,301] Trial 42 finished with value: 0.5803789653552053 and parameters: {'threshold_scale_factor': 0.447540240194688}. Best is trial 21 with value: 0.5805868853859626.
[I 2025-05-14 00:00:38,550] Trial 43 finished with value: 0.5793209449357084 and parameters: {'threshold_scale_factor': 0.36370460063930554}. Best is trial 21 with value: 0.5805868853859626.
[I 2025-05-14 00:00:39,653] Trial 44 finished with value: 0.5778360117903371 and parameters: {'threshold_scale_factor': 0.5346266101044843}. Best is trial 21 with value: 0.5805868853859626.
[I 2025-05-14 00:00:40,754] Trial 45 finished with value: 0.5796472809603144 and parameters: {'threshold_scale_factor': 0.27205004570668645}. Best is trial 21 with value: 0.5805868853859626.
[I 2025-05-14 00:00:41,862] Trial 46 finished with value: 0.5803249006792259 and parameters: {'threshold_scale_factor': 0.4462245548059766}. Best is trial 21 with value: 0.5805868853859626.
[I 2025-05-14 00:00:42,964] Trial 47 finished with value: 0.5802452048357469 and parameters: {'threshold_scale_factor': 0.4441407007823728}. Best is trial 21 with value: 0.5805868853859626.
[I 2025-05-14 00:00:44,066] Trial 48 finished with value: 0.5754498526207869 and parameters: {'threshold_scale_factor': 0.6468284814804709}. Best is trial 21 with value: 0.5805868853859626.
[I 2025-05-14 00:00:45,175] Trial 49 finished with value: 0.5803536417617156 and parameters: {'threshold_scale_factor': 0.44659954511449335}. Best is trial 21 with value: 0.5805868853859626.
[I 2025-05-14 00:00:46,278] Trial 50 finished with value: 0.5756249305822547 and parameters: {'threshold_scale_factor': 0.5855089682740137}. Best is trial 21 with value: 0.5805868853859626.
[I 2025-05-14 00:00:47,385] Trial 51 finished with value: 0.5803243538809859 and parameters: {'threshold_scale_factor': 0.4462480649209917}. Best is trial 21 with value: 0.5805868853859626.
[I 2025-05-14 00:00:48,483] Trial 52 finished with value: 0.5801130847110086 and parameters: {'threshold_scale_factor': 0.4418222360082699}. Best is trial 21 with value: 0.5805868853859626.
[I 2025-05-14 00:00:49,755] Trial 53 finished with value: 0.580565628604383 and parameters: {'threshold_scale_factor': 0.4531379334957633}. Best is trial 21 with value: 0.5805868853859626.
[I 2025-05-14 00:00:50,858] Trial 54 finished with value: 0.5795709684309454 and parameters: {'threshold_scale_factor': 0.48577072586133696}. Best is trial 21 with value: 0.5805868853859626.
[I 2025-05-14 00:00:51,962] Trial 55 finished with value: 0.5781328890597633 and parameters: {'threshold_scale_factor': 0.5122918810427024}. Best is trial 21 with value: 0.5805868853859626.
[I 2025-05-14 00:00:53,066] Trial 56 finished with value: 0.5794827972147465 and parameters: {'threshold_scale_factor': 0.3762615432797082}. Best is trial 21 with value: 0.5805868853859626.
[I 2025-05-14 00:00:54,172] Trial 57 finished with value: 0.5761836558588577 and parameters: {'threshold_scale_factor': 0.5734513400997822}. Best is trial 21 with value: 0.5805868853859626.
[I 2025-05-14 00:00:55,275] Trial 58 finished with value: 0.5805101285830236 and parameters: {'threshold_scale_factor': 0.45227910326850784}. Best is trial 21 with value: 0.5805868853859626.
[I 2025-05-14 00:00:56,383] Trial 59 finished with value: 0.5755934896834551 and parameters: {'threshold_scale_factor': 0.6564398627995611}. Best is trial 21 with value: 0.5805868853859626.
[I 2025-05-14 00:00:57,488] Trial 60 finished with value: 0.5778543637062667 and parameters: {'threshold_scale_factor': 0.5193239653398548}. Best is trial 21 with value: 0.5805868853859626.
[I 2025-05-14 00:00:58,593] Trial 61 finished with value: 0.5802798923490966 and parameters: {'threshold_scale_factor': 0.4458049754691753}. Best is trial 21 with value: 0.5805868853859626.
[I 2025-05-14 00:00:59,693] Trial 62 finished with value: 0.5794129779144773 and parameters: {'threshold_scale_factor': 0.3900866701224104}. Best is trial 21 with value: 0.5805868853859626.
[I 2025-05-14 00:01:00,795] Trial 63 finished with value: 0.5797401341364432 and parameters: {'threshold_scale_factor': 0.3352767000096596}. Best is trial 21 with value: 0.5805868853859626.
[I 2025-05-14 00:01:02,027] Trial 64 finished with value: 0.5768224870776197 and parameters: {'threshold_scale_factor': 0.5535656515095804}. Best is trial 21 with value: 0.5805868853859626.
[I 2025-05-14 00:01:03,132] Trial 65 finished with value: 0.580640471613482 and parameters: {'threshold_scale_factor': 0.4566219330215032}. Best is trial 65 with value: 0.580640471613482.
[I 2025-05-14 00:01:04,239] Trial 66 finished with value: 0.5789485069844931 and parameters: {'threshold_scale_factor': 0.4966179980668477}. Best is trial 65 with value: 0.580640471613482.
[I 2025-05-14 00:01:05,346] Trial 67 finished with value: 0.5790421803579819 and parameters: {'threshold_scale_factor': 0.40935456651596974}. Best is trial 65 with value: 0.580640471613482.
[I 2025-05-14 00:01:06,454] Trial 68 finished with value: 0.5803502242727157 and parameters: {'threshold_scale_factor': 0.46750317699740496}. Best is trial 65 with value: 0.580640471613482.
[I 2025-05-14 00:01:07,559] Trial 69 finished with value: 0.5759865009184502 and parameters: {'threshold_scale_factor': 0.6220334332492079}. Best is trial 65 with value: 0.580640471613482.
[I 2025-05-14 00:01:08,666] Trial 70 finished with value: 0.5768585074116792 and parameters: {'threshold_scale_factor': 0.5605751314162697}. Best is trial 65 with value: 0.580640471613482.
[I 2025-05-14 00:01:09,769] Trial 71 finished with value: 0.5806798410867615 and parameters: {'threshold_scale_factor': 0.4599636697966802}. Best is trial 71 with value: 0.5806798410867615.
[I 2025-05-14 00:01:10,872] Trial 72 finished with value: 0.5804550386603443 and parameters: {'threshold_scale_factor': 0.4645727150692655}. Best is trial 71 with value: 0.5806798410867615.
[I 2025-05-14 00:01:11,980] Trial 73 finished with value: 0.5781542825409032 and parameters: {'threshold_scale_factor': 0.5096761656531265}. Best is trial 71 with value: 0.5806798410867615.
[I 2025-05-14 00:01:13,084] Trial 74 finished with value: 0.5796859669357939 and parameters: {'threshold_scale_factor': 0.4191059833525686}. Best is trial 71 with value: 0.5806798410867615.
[I 2025-05-14 00:01:14,196] Trial 75 finished with value: 0.57999771028237 and parameters: {'threshold_scale_factor': 0.35136705793174383}. Best is trial 71 with value: 0.5806798410867615.
[I 2025-05-14 00:01:15,305] Trial 76 finished with value: 0.5802819086676065 and parameters: {'threshold_scale_factor': 0.46927947610144444}. Best is trial 71 with value: 0.5806798410867615.
[I 2025-05-14 00:01:16,411] Trial 77 finished with value: 0.5796535691400744 and parameters: {'threshold_scale_factor': 0.41922952800582464}. Best is trial 71 with value: 0.5806798410867615.
[I 2025-05-14 00:01:17,518] Trial 78 finished with value: 0.5794040924430774 and parameters: {'threshold_scale_factor': 0.39090767070409427}. Best is trial 71 with value: 0.5806798410867615.
[I 2025-05-14 00:01:18,623] Trial 79 finished with value: 0.5777780853517877 and parameters: {'threshold_scale_factor': 0.5389449571417043}. Best is trial 71 with value: 0.5806798410867615.
[I 2025-05-14 00:01:19,729] Trial 80 finished with value: 0.5799202699816309 and parameters: {'threshold_scale_factor': 0.31613527564690824}. Best is trial 71 with value: 0.5806798410867615.
[I 2025-05-14 00:01:20,876] Trial 81 finished with value: 0.5800888888888889 and parameters: {'threshold_scale_factor': 0.47161781420095694}. Best is trial 71 with value: 0.5806798410867615.
[I 2025-05-14 00:01:21,985] Trial 82 finished with value: 0.5805820325515827 and parameters: {'threshold_scale_factor': 0.46281123979444594}. Best is trial 71 with value: 0.5806798410867615.
[I 2025-05-14 00:01:23,086] Trial 83 finished with value: 0.57840116194626 and parameters: {'threshold_scale_factor': 0.5025303940153292}. Best is trial 71 with value: 0.5806798410867615.
[I 2025-05-14 00:01:24,196] Trial 84 finished with value: 0.5795467042590456 and parameters: {'threshold_scale_factor': 0.35802449451223983}. Best is trial 71 with value: 0.5806798410867615.
[I 2025-05-14 00:01:25,445] Trial 85 finished with value: 0.579677183989064 and parameters: {'threshold_scale_factor': 0.4271676389212404}. Best is trial 71 with value: 0.5806798410867615.
[I 2025-05-14 00:01:26,550] Trial 86 finished with value: 0.5793653722927079 and parameters: {'threshold_scale_factor': 0.3824887533006439}. Best is trial 71 with value: 0.5806798410867615.
[I 2025-05-14 00:01:27,658] Trial 87 finished with value: 0.580639958990132 and parameters: {'threshold_scale_factor': 0.4616998394984927}. Best is trial 71 with value: 0.5806798410867615.
[I 2025-05-14 00:01:28,764] Trial 88 finished with value: 0.5803528899141356 and parameters: {'threshold_scale_factor': 0.46751690913035654}. Best is trial 71 with value: 0.5806798410867615.
[I 2025-05-14 00:01:29,868] Trial 89 finished with value: 0.5780353539237045 and parameters: {'threshold_scale_factor': 0.531066284619488}. Best is trial 71 with value: 0.5806798410867615.
[I 2025-05-14 00:01:30,972] Trial 90 finished with value: 0.5757207911487034 and parameters: {'threshold_scale_factor': 0.5973611896923255}. Best is trial 71 with value: 0.5806798410867615.
[I 2025-05-14 00:01:32,078] Trial 91 finished with value: 0.5805856892648126 and parameters: {'threshold_scale_factor': 0.4558172058924909}. Best is trial 71 with value: 0.5806798410867615.
[I 2025-05-14 00:01:33,184] Trial 92 finished with value: 0.578715775983596 and parameters: {'threshold_scale_factor': 0.4986021498393719}. Best is trial 71 with value: 0.5806798410867615.
[I 2025-05-14 00:01:34,289] Trial 93 finished with value: 0.579046520569012 and parameters: {'threshold_scale_factor': 0.40907279556289766}. Best is trial 71 with value: 0.5806798410867615.
[I 2025-05-14 00:01:35,395] Trial 94 finished with value: 0.580712614806271 and parameters: {'threshold_scale_factor': 0.4594940589032463}. Best is trial 94 with value: 0.580712614806271.
[I 2025-05-14 00:01:36,501] Trial 95 finished with value: 0.5796923234653338 and parameters: {'threshold_scale_factor': 0.48040778291001873}. Best is trial 94 with value: 0.580712614806271.
[I 2025-05-14 00:01:37,607] Trial 96 finished with value: 0.5795568542013756 and parameters: {'threshold_scale_factor': 0.3708250052380423}. Best is trial 94 with value: 0.580712614806271.
[I 2025-05-14 00:01:38,718] Trial 97 finished with value: 0.5795955743517449 and parameters: {'threshold_scale_factor': 0.4301242759476408}. Best is trial 94 with value: 0.580712614806271.
[I 2025-05-14 00:01:39,820] Trial 98 finished with value: 0.5779315647827759 and parameters: {'threshold_scale_factor': 0.5207477640709992}. Best is trial 94 with value: 0.580712614806271.
