[I 2025-05-14 10:20:51,748] Trial 99 finished with value: 0.5672354735358196 and parameters: {'interp_param': 0.6666794897062491}. Best is trial 41 with value: 0.567357819642018.
Best hyperparameters: {'interp_param': 0.6581593321655663}
Best optimized value: 0.567357819642018
Tuning threshold scale factor for offline LSET using optuna
  0%|          | 0/100 [00:00<?, ?it/s]                                         0%|          | 0/100 [00:01<?, ?it/s]Best trial: 0. Best value: 0.566637:   0%|          | 0/100 [00:01<?, ?it/s]Best trial: 0. Best value: 0.566637:   1%|          | 1/100 [00:01<02:08,  1.30s/it]                                                                                    Best trial: 0. Best value: 0.566637:   1%|          | 1/100 [00:02<02:08,  1.30s/it]Best trial: 0. Best value: 0.566637:   1%|          | 1/100 [00:02<02:08,  1.30s/it]Best trial: 0. Best value: 0.566637:   2%|▏         | 2/100 [00:02<01:54,  1.17s/it]                                                                                    Best trial: 0. Best value: 0.566637:   2%|▏         | 2/100 [00:03<01:54,  1.17s/it]Best trial: 0. Best value: 0.566637:   2%|▏         | 2/100 [00:03<01:54,  1.17s/it]Best trial: 0. Best value: 0.566637:   3%|▎         | 3/100 [00:03<01:49,  1.13s/it]                                                                                    Best trial: 0. Best value: 0.566637:   3%|▎         | 3/100 [00:04<01:49,  1.13s/it]Best trial: 0. Best value: 0.566637:   3%|▎         | 3/100 [00:04<01:49,  1.13s/it]Best trial: 0. Best value: 0.566637:   4%|▍         | 4/100 [00:04<01:46,  1.11s/it]                                                                                    Best trial: 0. Best value: 0.566637:   4%|▍         | 4/100 [00:05<01:46,  1.11s/it]Best trial: 4. Best value: 0.56706:   4%|▍         | 4/100 [00:05<01:46,  1.11s/it] Best trial: 4. Best value: 0.56706:   5%|▌         | 5/100 [00:05<01:44,  1.10s/it]                                                                                   Best trial: 4. Best value: 0.56706:   5%|▌         | 5/100 [00:06<01:44,  1.10s/it]Best trial: 4. Best value: 0.56706:   5%|▌         | 5/100 [00:06<01:44,  1.10s/it]Best trial: 4. Best value: 0.56706:   6%|▌         | 6/100 [00:06<01:42,  1.09s/it]                                                                                   Best trial: 4. Best value: 0.56706:   6%|▌         | 6/100 [00:07<01:42,  1.09s/it]Best trial: 4. Best value: 0.56706:   6%|▌         | 6/100 [00:07<01:42,  1.09s/it]Best trial: 4. Best value: 0.56706:   7%|▋         | 7/100 [00:07<01:40,  1.09s/it]                                                                                   Best trial: 4. Best value: 0.56706:   7%|▋         | 7/100 [00:08<01:40,  1.09s/it]Best trial: 4. Best value: 0.56706:   7%|▋         | 7/100 [00:08<01:40,  1.09s/it]Best trial: 4. Best value: 0.56706:   8%|▊         | 8/100 [00:08<01:39,  1.08s/it]                                                                                   Best trial: 4. Best value: 0.56706:   8%|▊         | 8/100 [00:09<01:39,  1.08s/it]Best trial: 4. Best value: 0.56706:   8%|▊         | 8/100 [00:09<01:39,  1.08s/it]Best trial: 4. Best value: 0.56706:   9%|▉         | 9/100 [00:09<01:38,  1.08s/it]                                                                                   Best trial: 4. Best value: 0.56706:   9%|▉         | 9/100 [00:10<01:38,  1.08s/it]Best trial: 9. Best value: 0.56771:   9%|▉         | 9/100 [00:10<01:38,  1.08s/it]Best trial: 9. Best value: 0.56771:  10%|█         | 10/100 [00:10<01:37,  1.08s/it]                                                                                    Best trial: 9. Best value: 0.56771:  10%|█         | 10/100 [00:12<01:37,  1.08s/it]Best trial: 9. Best value: 0.56771:  10%|█         | 10/100 [00:12<01:37,  1.08s/it]Best trial: 9. Best value: 0.56771:  11%|█         | 11/100 [00:12<01:36,  1.08s/it]                                                                                    Best trial: 9. Best value: 0.56771:  11%|█         | 11/100 [00:13<01:36,  1.08s/it]Best trial: 9. Best value: 0.56771:  11%|█         | 11/100 [00:13<01:36,  1.08s/it]Best trial: 9. Best value: 0.56771:  12%|█▏        | 12/100 [00:13<01:34,  1.08s/it]                                                                                    Best trial: 9. Best value: 0.56771:  12%|█▏        | 12/100 [00:14<01:34,  1.08s/it]Best trial: 9. Best value: 0.56771:  12%|█▏        | 12/100 [00:14<01:34,  1.08s/it]Best trial: 9. Best value: 0.56771:  13%|█▎        | 13/100 [00:14<01:33,  1.08s/it]                                                                                    Best trial: 9. Best value: 0.56771:  13%|█▎        | 13/100 [00:15<01:33,  1.08s/it]Best trial: 9. Best value: 0.56771:  13%|█▎        | 13/100 [00:15<01:33,  1.08s/it]Best trial: 9. Best value: 0.56771:  14%|█▍        | 14/100 [00:15<01:32,  1.08s/it]                                                                                    Best trial: 9. Best value: 0.56771:  14%|█▍        | 14/100 [00:16<01:32,  1.08s/it]Best trial: 14. Best value: 0.568495:  14%|█▍        | 14/100 [00:16<01:32,  1.08s/it]Best trial: 14. Best value: 0.568495:  15%|█▌        | 15/100 [00:16<01:31,  1.08s/it]                                                                                      Best trial: 14. Best value: 0.568495:  15%|█▌        | 15/100 [00:17<01:31,  1.08s/it]Best trial: 14. Best value: 0.568495:  15%|█▌        | 15/100 [00:17<01:31,  1.08s/it]Best trial: 14. Best value: 0.568495:  16%|█▌        | 16/100 [00:17<01:30,  1.08s/it]                                                                                      Best trial: 14. Best value: 0.568495:  16%|█▌        | 16/100 [00:18<01:30,  1.08s/it]Best trial: 14. Best value: 0.568495:  16%|█▌        | 16/100 [00:18<01:30,  1.08s/it]Best trial: 14. Best value: 0.568495:  17%|█▋        | 17/100 [00:18<01:29,  1.08s/it]                                                                                      Best trial: 14. Best value: 0.568495:  17%|█▋        | 17/100 [00:19<01:29,  1.08s/it]Best trial: 14. Best value: 0.568495:  17%|█▋        | 17/100 [00:19<01:29,  1.08s/it]Best trial: 14. Best value: 0.568495:  18%|█▊        | 18/100 [00:19<01:28,  1.08s/it]                                                                                      Best trial: 14. Best value: 0.568495:  18%|█▊        | 18/100 [00:20<01:28,  1.08s/it]Best trial: 14. Best value: 0.568495:  18%|█▊        | 18/100 [00:20<01:28,  1.08s/it]Best trial: 14. Best value: 0.568495:  19%|█▉        | 19/100 [00:20<01:27,  1.08s/it]                                                                                      Best trial: 14. Best value: 0.568495:  19%|█▉        | 19/100 [00:21<01:27,  1.08s/it]Best trial: 14. Best value: 0.568495:  19%|█▉        | 19/100 [00:21<01:27,  1.08s/it]Best trial: 14. Best value: 0.568495:  20%|██        | 20/100 [00:21<01:26,  1.08s/it]                                                                                      Best trial: 14. Best value: 0.568495:  20%|██        | 20/100 [00:22<01:26,  1.08s/it]Best trial: 14. Best value: 0.568495:  20%|██        | 20/100 [00:22<01:26,  1.08s/it]Best trial: 14. Best value: 0.568495:  21%|██        | 21/100 [00:22<01:25,  1.08s/it]                                                                                      Best trial: 14. Best value: 0.568495:  21%|██        | 21/100 [00:23<01:25,  1.08s/it]Best trial: 14. Best value: 0.568495:  21%|██        | 21/100 [00:23<01:25,  1.08s/it]Best trial: 14. Best value: 0.568495:  22%|██▏       | 22/100 [00:23<01:24,  1.08s/it]                                                                                      Best trial: 14. Best value: 0.568495:  22%|██▏       | 22/100 [00:25<01:24,  1.08s/it]Best trial: 22. Best value: 0.568678:  22%|██▏       | 22/100 [00:25<01:24,  1.08s/it]Best trial: 22. Best value: 0.568678:  23%|██▎       | 23/100 [00:25<01:25,  1.11s/it]                                                                                      Best trial: 22. Best value: 0.568678:  23%|██▎       | 23/100 [00:26<01:25,  1.11s/it]Best trial: 22. Best value: 0.568678:  23%|██▎       | 23/100 [00:26<01:25,  1.11s/it]Best trial: 22. Best value: 0.568678:  24%|██▍       | 24/100 [00:26<01:23,  1.10s/it]                                                                                      Best trial: 22. Best value: 0.568678:  24%|██▍       | 24/100 [00:27<01:23,  1.10s/it]Best trial: 22. Best value: 0.568678:  24%|██▍       | 24/100 [00:27<01:23,  1.10s/it]Best trial: 22. Best value: 0.568678:  25%|██▌       | 25/100 [00:27<01:22,  1.09s/it]                                                                                      Best trial: 22. Best value: 0.568678:  25%|██▌       | 25/100 [00:28<01:22,  1.09s/it]Best trial: 22. Best value: 0.568678:  25%|██▌       | 25/100 [00:28<01:22,  1.09s/it]Best trial: 22. Best value: 0.568678:  26%|██▌       | 26/100 [00:28<01:20,  1.09s/it]                                                                                      Best trial: 22. Best value: 0.568678:  26%|██▌       | 26/100 [00:29<01:20,  1.09s/it]Best trial: 22. Best value: 0.568678:  26%|██▌       | 26/100 [00:29<01:20,  1.09s/it]Best trial: 22. Best value: 0.568678:  27%|██▋       | 27/100 [00:29<01:19,  1.09s/it]                                                                                      Best trial: 22. Best value: 0.568678:  27%|██▋       | 27/100 [00:30<01:19,  1.09s/it]Best trial: 22. Best value: 0.568678:  27%|██▋       | 27/100 [00:30<01:19,  1.09s/it]Best trial: 22. Best value: 0.568678:  28%|██▊       | 28/100 [00:30<01:18,  1.09s/it]                                                                                      Best trial: 22. Best value: 0.568678:  28%|██▊       | 28/100 [00:31<01:18,  1.09s/it]Best trial: 22. Best value: 0.568678:  28%|██▊       | 28/100 [00:31<01:18,  1.09s/it]Best trial: 22. Best value: 0.568678:  29%|██▉       | 29/100 [00:31<01:17,  1.09s/it]                                                                                      Best trial: 22. Best value: 0.568678:  29%|██▉       | 29/100 [00:32<01:17,  1.09s/it]Best trial: 22. Best value: 0.568678:  29%|██▉       | 29/100 [00:32<01:17,  1.09s/it]Best trial: 22. Best value: 0.568678:  30%|███       | 30/100 [00:32<01:16,  1.09s/it]                                                                                      Best trial: 22. Best value: 0.568678:  30%|███       | 30/100 [00:33<01:16,  1.09s/it]Best trial: 22. Best value: 0.568678:  30%|███       | 30/100 [00:33<01:16,  1.09s/it]Best trial: 22. Best value: 0.568678:  31%|███       | 31/100 [00:33<01:14,  1.08s/it]                                                                                      Best trial: 22. Best value: 0.568678:  31%|███       | 31/100 [00:34<01:14,  1.08s/it]Best trial: 22. Best value: 0.568678:  31%|███       | 31/100 [00:34<01:14,  1.08s/it]Best trial: 22. Best value: 0.568678:  32%|███▏      | 32/100 [00:34<01:13,  1.08s/it]                                                                                      Best trial: 22. Best value: 0.568678:  32%|███▏      | 32/100 [00:35<01:13,  1.08s/it]Best trial: 22. Best value: 0.568678:  32%|███▏      | 32/100 [00:35<01:13,  1.08s/it]Best trial: 22. Best value: 0.568678:  33%|███▎      | 33/100 [00:35<01:12,  1.08s/it]                                                                                      Best trial: 22. Best value: 0.568678:  33%|███▎      | 33/100 [00:37<01:12,  1.08s/it]Best trial: 22. Best value: 0.568678:  33%|███▎      | 33/100 [00:37<01:12,  1.08s/it]Best trial: 22. Best value: 0.568678:  34%|███▍      | 34/100 [00:37<01:11,  1.08s/it]                                                                                      Best trial: 22. Best value: 0.568678:  34%|███▍      | 34/100 [00:38<01:11,  1.08s/it]Best trial: 22. Best value: 0.568678:  34%|███▍      | 34/100 [00:38<01:11,  1.08s/it]Best trial: 22. Best value: 0.568678:  35%|███▌      | 35/100 [00:38<01:10,  1.08s/it]                                                                                      Best trial: 22. Best value: 0.568678:  35%|███▌      | 35/100 [00:39<01:10,  1.08s/it]Best trial: 22. Best value: 0.568678:  35%|███▌      | 35/100 [00:39<01:10,  1.08s/it]Best trial: 22. Best value: 0.568678:  36%|███▌      | 36/100 [00:39<01:09,  1.08s/it]                                                                                      Best trial: 22. Best value: 0.568678:  36%|███▌      | 36/100 [00:40<01:09,  1.08s/it]Best trial: 22. Best value: 0.568678:  36%|███▌      | 36/100 [00:40<01:09,  1.08s/it]Best trial: 22. Best value: 0.568678:  37%|███▋      | 37/100 [00:40<01:08,  1.08s/it]                                                                                      Best trial: 22. Best value: 0.568678:  37%|███▋      | 37/100 [00:41<01:08,  1.08s/it]Best trial: 22. Best value: 0.568678:  37%|███▋      | 37/100 [00:41<01:08,  1.08s/it]Best trial: 22. Best value: 0.568678:  38%|███▊      | 38/100 [00:41<01:07,  1.08s/it]                                                                                      Best trial: 22. Best value: 0.568678:  38%|███▊      | 38/100 [00:42<01:07,  1.08s/it]Best trial: 22. Best value: 0.568678:  38%|███▊      | 38/100 [00:42<01:07,  1.08s/it]Best trial: 22. Best value: 0.568678:  39%|███▉      | 39/100 [00:42<01:05,  1.08s/it]                                                                                      Best trial: 22. Best value: 0.568678:  39%|███▉      | 39/100 [00:43<01:05,  1.08s/it]Best trial: 22. Best value: 0.568678:  39%|███▉      | 39/100 [00:43<01:05,  1.08s/it]Best trial: 22. Best value: 0.568678:  40%|████      | 40/100 [00:43<01:05,  1.10s/it]                                                                                      Best trial: 22. Best value: 0.568678:  40%|████      | 40/100 [00:44<01:05,  1.10s/it]Best trial: 22. Best value: 0.568678:  40%|████      | 40/100 [00:44<01:05,  1.10s/it]Best trial: 22. Best value: 0.568678:  41%|████      | 41/100 [00:44<01:04,  1.09s/it]                                                                                      Best trial: 22. Best value: 0.568678:  41%|████      | 41/100 [00:45<01:04,  1.09s/it]Best trial: 22. Best value: 0.568678:  41%|████      | 41/100 [00:45<01:04,  1.09s/it]Best trial: 22. Best value: 0.568678:  42%|████▏     | 42/100 [00:45<01:03,  1.09s/it]                                                                                      Best trial: 22. Best value: 0.568678:  42%|████▏     | 42/100 [00:46<01:03,  1.09s/it]Best trial: 22. Best value: 0.568678:  42%|████▏     | 42/100 [00:46<01:03,  1.09s/it]Best trial: 22. Best value: 0.568678:  43%|████▎     | 43/100 [00:46<01:01,  1.09s/it]                                                                                      Best trial: 22. Best value: 0.568678:  43%|████▎     | 43/100 [00:48<01:01,  1.09s/it]Best trial: 22. Best value: 0.568678:  43%|████▎     | 43/100 [00:48<01:01,  1.09s/it]Best trial: 22. Best value: 0.568678:  44%|████▍     | 44/100 [00:48<01:03,  1.13s/it]                                                                                      Best trial: 22. Best value: 0.568678:  44%|████▍     | 44/100 [00:49<01:03,  1.13s/it]Best trial: 22. Best value: 0.568678:  44%|████▍     | 44/100 [00:49<01:03,  1.13s/it]Best trial: 22. Best value: 0.568678:  45%|████▌     | 45/100 [00:49<01:01,  1.11s/it]                                                                                      Best trial: 22. Best value: 0.568678:  45%|████▌     | 45/100 [00:50<01:01,  1.11s/it]Best trial: 22. Best value: 0.568678:  45%|████▌     | 45/100 [00:50<01:01,  1.11s/it]Best trial: 22. Best value: 0.568678:  46%|████▌     | 46/100 [00:50<00:59,  1.10s/it]                                                                                      Best trial: 22. Best value: 0.568678:  46%|████▌     | 46/100 [00:51<00:59,  1.10s/it]Best trial: 22. Best value: 0.568678:  46%|████▌     | 46/100 [00:51<00:59,  1.10s/it]Best trial: 22. Best value: 0.568678:  47%|████▋     | 47/100 [00:51<00:58,  1.09s/it]                                                                                      Best trial: 22. Best value: 0.568678:  47%|████▋     | 47/100 [00:52<00:58,  1.09s/it]Best trial: 22. Best value: 0.568678:  47%|████▋     | 47/100 [00:52<00:58,  1.09s/it]Best trial: 22. Best value: 0.568678:  48%|████▊     | 48/100 [00:52<00:56,  1.09s/it]                                                                                      Best trial: 22. Best value: 0.568678:  48%|████▊     | 48/100 [00:53<00:56,  1.09s/it]Best trial: 22. Best value: 0.568678:  48%|████▊     | 48/100 [00:53<00:56,  1.09s/it]Best trial: 22. Best value: 0.568678:  49%|████▉     | 49/100 [00:53<00:55,  1.09s/it]                                                                                      Best trial: 22. Best value: 0.568678:  49%|████▉     | 49/100 [00:54<00:55,  1.09s/it]Best trial: 22. Best value: 0.568678:  49%|████▉     | 49/100 [00:54<00:55,  1.09s/it]Best trial: 22. Best value: 0.568678:  50%|█████     | 50/100 [00:54<00:54,  1.09s/it]                                                                                      Best trial: 22. Best value: 0.568678:  50%|█████     | 50/100 [00:55<00:54,  1.09s/it]Best trial: 22. Best value: 0.568678:  50%|█████     | 50/100 [00:55<00:54,  1.09s/it]Best trial: 22. Best value: 0.568678:  51%|█████     | 51/100 [00:55<00:53,  1.08s/it]                                                                                      Best trial: 22. Best value: 0.568678:  51%|█████     | 51/100 [00:56<00:53,  1.08s/it]Best trial: 22. Best value: 0.568678:  51%|█████     | 51/100 [00:56<00:53,  1.08s/it]Best trial: 22. Best value: 0.568678:  52%|█████▏    | 52/100 [00:56<00:51,  1.08s/it]                                                                                      Best trial: 22. Best value: 0.568678:  52%|█████▏    | 52/100 [00:57<00:51,  1.08s/it]Best trial: 22. Best value: 0.568678:  52%|█████▏    | 52/100 [00:57<00:51,  1.08s/it]Best trial: 22. Best value: 0.568678:  53%|█████▎    | 53/100 [00:57<00:50,  1.08s/it]                                                                                      Best trial: 22. Best value: 0.568678:  53%|█████▎    | 53/100 [00:58<00:50,  1.08s/it]Best trial: 22. Best value: 0.568678:  53%|█████▎    | 53/100 [00:58<00:50,  1.08s/it]Best trial: 22. Best value: 0.568678:  54%|█████▍    | 54/100 [00:58<00:49,  1.08s/it]                                                                                      Best trial: 22. Best value: 0.568678:  54%|█████▍    | 54/100 [00:59<00:49,  1.08s/it]Best trial: 22. Best value: 0.568678:  54%|█████▍    | 54/100 [00:59<00:49,  1.08s/it]Best trial: 22. Best value: 0.568678:  55%|█████▌    | 55/100 [00:59<00:48,  1.08s/it]                                                                                      Best trial: 22. Best value: 0.568678:  55%|█████▌    | 55/100 [01:00<00:48,  1.08s/it]Best trial: 22. Best value: 0.568678:  55%|█████▌    | 55/100 [01:00<00:48,  1.08s/it]Best trial: 22. Best value: 0.568678:  56%|█████▌    | 56/100 [01:00<00:47,  1.08s/it]                                                                                      Best trial: 22. Best value: 0.568678:  56%|█████▌    | 56/100 [01:02<00:47,  1.08s/it]Best trial: 22. Best value: 0.568678:  56%|█████▌    | 56/100 [01:02<00:47,  1.08s/it]Best trial: 22. Best value: 0.568678:  57%|█████▋    | 57/100 [01:02<00:46,  1.08s/it]                                                                                      Best trial: 22. Best value: 0.568678:  57%|█████▋    | 57/100 [01:03<00:46,  1.08s/it]Best trial: 22. Best value: 0.568678:  57%|█████▋    | 57/100 [01:03<00:46,  1.08s/it]Best trial: 22. Best value: 0.568678:  58%|█████▊    | 58/100 [01:03<00:45,  1.08s/it]                                                                                      Best trial: 22. Best value: 0.568678:  58%|█████▊    | 58/100 [01:04<00:45,  1.08s/it]Best trial: 22. Best value: 0.568678:  58%|█████▊    | 58/100 [01:04<00:45,  1.08s/it]Best trial: 22. Best value: 0.568678:  59%|█████▉    | 59/100 [01:04<00:44,  1.08s/it]                                                                                      Best trial: 22. Best value: 0.568678:  59%|█████▉    | 59/100 [01:05<00:44,  1.08s/it]Best trial: 22. Best value: 0.568678:  59%|█████▉    | 59/100 [01:05<00:44,  1.08s/it]Best trial: 22. Best value: 0.568678:  60%|██████    | 60/100 [01:05<00:43,  1.08s/it]                                                                                      Best trial: 22. Best value: 0.568678:  60%|██████    | 60/100 [01:06<00:43,  1.08s/it]Best trial: 22. Best value: 0.568678:  60%|██████    | 60/100 [01:06<00:43,  1.08s/it]Best trial: 22. Best value: 0.568678:  61%|██████    | 61/100 [01:06<00:42,  1.08s/it]                                                                                      Best trial: 22. Best value: 0.568678:  61%|██████    | 61/100 [01:07<00:42,  1.08s/it]Best trial: 22. Best value: 0.568678:  61%|██████    | 61/100 [01:07<00:42,  1.08s/it]Best trial: 22. Best value: 0.568678:  62%|██████▏   | 62/100 [01:07<00:41,  1.08s/it]                                                                                      Best trial: 22. Best value: 0.568678:  62%|██████▏   | 62/100 [01:08<00:41,  1.08s/it]Best trial: 22. Best value: 0.568678:  62%