[I 2025-05-14 10:18:40,065] Trial 0 finished with value: 0.5658484172754069 and parameters: {'interp_param': 0.4899686653013028}. Best is trial 0 with value: 0.5658484172754069.
[I 2025-05-14 10:18:41,380] Trial 1 finished with value: 0.5671526336024606 and parameters: {'interp_param': 0.6281700850539425}. Best is trial 1 with value: 0.5671526336024606.
[I 2025-05-14 10:18:42,693] Trial 2 finished with value: 0.5639427912341407 and parameters: {'interp_param': 0.8997444200490562}. Best is trial 1 with value: 0.5671526336024606.
[I 2025-05-14 10:18:44,011] Trial 3 finished with value: 0.5648614464522193 and parameters: {'interp_param': 0.8538467646891457}. Best is trial 1 with value: 0.5671526336024606.
[I 2025-05-14 10:18:45,344] Trial 4 finished with value: 0.5656752531077791 and parameters: {'interp_param': 0.18156260718830652}. Best is trial 1 with value: 0.5671526336024606.
[I 2025-05-14 10:18:46,664] Trial 5 finished with value: 0.5667607501388354 and parameters: {'interp_param': 0.6935455784977387}. Best is trial 1 with value: 0.5671526336024606.
[I 2025-05-14 10:18:47,992] Trial 6 finished with value: 0.5661249604852835 and parameters: {'interp_param': 0.4418758181033198}. Best is trial 1 with value: 0.5671526336024606.
[I 2025-05-14 10:18:49,446] Trial 7 finished with value: 0.5636998761160238 and parameters: {'interp_param': 0.9024171740339825}. Best is trial 1 with value: 0.5671526336024606.
[I 2025-05-14 10:18:50,769] Trial 8 finished with value: 0.5658061087615874 and parameters: {'interp_param': 0.4590159992664803}. Best is trial 1 with value: 0.5671526336024606.
[I 2025-05-14 10:18:52,085] Trial 9 finished with value: 0.5617679012345679 and parameters: {'interp_param': 0.978414680975402}. Best is trial 1 with value: 0.5671526336024606.
[I 2025-05-14 10:18:53,415] Trial 10 finished with value: 0.5661260882566534 and parameters: {'interp_param': 0.07134373545246253}. Best is trial 1 with value: 0.5671526336024606.
[I 2025-05-14 10:18:54,734] Trial 11 finished with value: 0.5669400999615533 and parameters: {'interp_param': 0.6831782829723606}. Best is trial 1 with value: 0.5671526336024606.
[I 2025-05-14 10:18:56,058] Trial 12 finished with value: 0.5668611559656542 and parameters: {'interp_param': 0.6842968201008697}. Best is trial 1 with value: 0.5671526336024606.
[I 2025-05-14 10:18:57,391] Trial 13 finished with value: 0.5672571062411893 and parameters: {'interp_param': 0.6529453514520662}. Best is trial 13 with value: 0.5672571062411893.
[I 2025-05-14 10:18:58,710] Trial 14 finished with value: 0.5655262505873809 and parameters: {'interp_param': 0.2945051919317191}. Best is trial 13 with value: 0.5672571062411893.
[I 2025-05-14 10:19:00,033] Trial 15 finished with value: 0.5670447776496219 and parameters: {'interp_param': 0.5991603292044116}. Best is trial 13 with value: 0.5672571062411893.
[I 2025-05-14 10:19:01,358] Trial 16 finished with value: 0.5654981930026912 and parameters: {'interp_param': 0.34431129736476296}. Best is trial 13 with value: 0.5672571062411893.
[I 2025-05-14 10:19:02,665] Trial 17 finished with value: 0.5658626682045367 and parameters: {'interp_param': 0.7715962550648772}. Best is trial 13 with value: 0.5672571062411893.
[I 2025-05-14 10:19:03,982] Trial 18 finished with value: 0.5672011961211499 and parameters: {'interp_param': 0.5700655841489228}. Best is trial 13 with value: 0.5672571062411893.
[I 2025-05-14 10:19:05,308] Trial 19 finished with value: 0.567031825366312 and parameters: {'interp_param': 0.583893555137732}. Best is trial 13 with value: 0.5672571062411893.
[I 2025-05-14 10:19:06,631] Trial 20 finished with value: 0.5655387585971208 and parameters: {'interp_param': 0.3471394813844005}. Best is trial 13 with value: 0.5672571062411893.
[I 2025-05-14 10:19:07,952] Trial 21 finished with value: 0.5672212567815798 and parameters: {'interp_param': 0.5782188180792498}. Best is trial 13 with value: 0.5672571062411893.
[I 2025-05-14 10:19:09,280] Trial 22 finished with value: 0.566719090947926 and parameters: {'interp_param': 0.5468845193792157}. Best is trial 13 with value: 0.5672571062411893.
[I 2025-05-14 10:19:10,595] Trial 23 finished with value: 0.5663239266948609 and parameters: {'interp_param': 0.7469000150452544}. Best is trial 13 with value: 0.5672571062411893.
[I 2025-05-14 10:19:11,907] Trial 24 finished with value: 0.5657790080738178 and parameters: {'interp_param': 0.7890937611432598}. Best is trial 13 with value: 0.5672571062411893.
[I 2025-05-14 10:19:13,358] Trial 25 finished with value: 0.5663832201290102 and parameters: {'interp_param': 0.5256569137372402}. Best is trial 13 with value: 0.5672571062411893.
[I 2025-05-14 10:19:14,677] Trial 26 finished with value: 0.5657882352941177 and parameters: {'interp_param': 0.42422474490620504}. Best is trial 13 with value: 0.5672571062411893.
[I 2025-05-14 10:19:16,000] Trial 27 finished with value: 0.5672381733521294 and parameters: {'interp_param': 0.6458933346074566}. Best is trial 13 with value: 0.5672571062411893.
[I 2025-05-14 10:19:17,336] Trial 28 finished with value: 0.5672367038318595 and parameters: {'interp_param': 0.6667123821444809}. Best is trial 13 with value: 0.5672571062411893.
[I 2025-05-14 10:19:18,662] Trial 29 finished with value: 0.5651433209449357 and parameters: {'interp_param': 0.8397799566921618}. Best is trial 13 with value: 0.5672571062411893.
[I 2025-05-14 10:19:19,994] Trial 30 finished with value: 0.5672576188645393 and parameters: {'interp_param': 0.652996948835015}. Best is trial 30 with value: 0.5672576188645393.
[I 2025-05-14 10:19:21,304] Trial 31 finished with value: 0.5672683839548892 and parameters: {'interp_param': 0.670580532763853}. Best is trial 31 with value: 0.5672683839548892.
[I 2025-05-14 10:19:22,615] Trial 32 finished with value: 0.5670661027809817 and parameters: {'interp_param': 0.643241908045542}. Best is trial 31 with value: 0.5672683839548892.
[I 2025-05-14 10:19:23,930] Trial 33 finished with value: 0.5660914690930838 and parameters: {'interp_param': 0.7328156816166232}. Best is trial 31 with value: 0.5672683839548892.
[I 2025-05-14 10:19:25,252] Trial 34 finished with value: 0.5657040967149387 and parameters: {'interp_param': 0.49818454163758924}. Best is trial 31 with value: 0.5672683839548892.
[I 2025-05-14 10:19:26,562] Trial 35 finished with value: 0.5654591994532017 and parameters: {'interp_param': 0.8197225894028743}. Best is trial 31 with value: 0.5672683839548892.
[I 2025-05-14 10:19:27,881] Trial 36 finished with value: 0.5671305566235209 and parameters: {'interp_param': 0.6257064394990345}. Best is trial 31 with value: 0.5672683839548892.
[I 2025-05-14 10:19:29,194] Trial 37 finished with value: 0.5667874407279252 and parameters: {'interp_param': 0.7036991574123189}. Best is trial 31 with value: 0.5672683839548892.
[I 2025-05-14 10:19:30,506] Trial 38 finished with value: 0.5638129950019224 and parameters: {'interp_param': 0.8983025866421814}. Best is trial 31 with value: 0.5672683839548892.
[I 2025-05-14 10:19:31,824] Trial 39 finished with value: 0.5671369473279508 and parameters: {'interp_param': 0.6292802117357965}. Best is trial 31 with value: 0.5672683839548892.
[I 2025-05-14 10:19:33,155] Trial 40 finished with value: 0.5657108291682686 and parameters: {'interp_param': 0.48167768850534903}. Best is trial 31 with value: 0.5672683839548892.
[I 2025-05-14 10:19:34,468] Trial 41 finished with value: 0.567357819642018 and parameters: {'interp_param': 0.6581593321655663}. Best is trial 41 with value: 0.567357819642018.
[I 2025-05-14 10:19:35,804] Trial 42 finished with value: 0.566563185099748 and parameters: {'interp_param': 0.7217246512177753}. Best is trial 41 with value: 0.567357819642018.
[I 2025-05-14 10:19:37,131] Trial 43 finished with value: 0.5658123627664573 and parameters: {'interp_param': 0.7876933666911003}. Best is trial 41 with value: 0.567357819642018.
[I 2025-05-14 10:19:38,575] Trial 44 finished with value: 0.5672893673373489 and parameters: {'interp_param': 0.6553951757849561}. Best is trial 41 with value: 0.567357819642018.
[I 2025-05-14 10:19:39,898] Trial 45 finished with value: 0.56640218719296 and parameters: {'interp_param': 0.5366217974270151}. Best is trial 41 with value: 0.567357819642018.
[I 2025-05-14 10:19:41,225] Trial 46 finished with value: 0.5621024392327737 and parameters: {'interp_param': 0.9722462957220845}. Best is trial 41 with value: 0.567357819642018.
[I 2025-05-14 10:19:42,550] Trial 47 finished with value: 0.5656570378914093 and parameters: {'interp_param': 0.4107998234226921}. Best is trial 41 with value: 0.567357819642018.
[I 2025-05-14 10:19:43,875] Trial 48 finished with value: 0.5672109017899098 and parameters: {'interp_param': 0.609228123004104}. Best is trial 41 with value: 0.567357819642018.
[I 2025-05-14 10:19:45,198] Trial 49 finished with value: 0.565521261053441 and parameters: {'interp_param': 0.02973474391270481}. Best is trial 41 with value: 0.567357819642018.
[I 2025-05-14 10:19:46,679] Trial 50 finished with value: 0.5668123883976248 and parameters: {'interp_param': 0.6893983564218785}. Best is trial 41 with value: 0.567357819642018.
[I 2025-05-14 10:19:48,004] Trial 51 finished with value: 0.5672958947413388 and parameters: {'interp_param': 0.6561596356652788}. Best is trial 41 with value: 0.567357819642018.
[I 2025-05-14 10:19:49,327] Trial 52 finished with value: 0.5659682686146353 and parameters: {'interp_param': 0.7662950646550828}. Best is trial 41 with value: 0.567357819642018.
[I 2025-05-14 10:19:50,639] Trial 53 finished with value: 0.5672686231791191 and parameters: {'interp_param': 0.6640002301825325}. Best is trial 41 with value: 0.567357819642018.
[I 2025-05-14 10:19:51,962] Trial 54 finished with value: 0.5662955273612713 and parameters: {'interp_param': 0.728649583375211}. Best is trial 41 with value: 0.567357819642018.
[I 2025-05-14 10:19:53,273] Trial 55 finished with value: 0.5639412191892008 and parameters: {'interp_param': 0.8925616025282317}. Best is trial 41 with value: 0.567357819642018.
[I 2025-05-14 10:19:54,603] Trial 56 finished with value: 0.5672380024776795 and parameters: {'interp_param': 0.5679804562892208}. Best is trial 41 with value: 0.567357819642018.
[I 2025-05-14 10:19:55,919] Trial 57 finished with value: 0.567272997565039 and parameters: {'interp_param': 0.6645153545348904}. Best is trial 41 with value: 0.567357819642018.
[I 2025-05-14 10:19:57,234] Trial 58 finished with value: 0.5664215301806997 and parameters: {'interp_param': 0.1418079369776868}. Best is trial 41 with value: 0.567357819642018.
[I 2025-05-14 10:19:58,561] Trial 59 finished with value: 0.5667838181895852 and parameters: {'interp_param': 0.6996416700116782}. Best is trial 41 with value: 0.567357819642018.
[I 2025-05-14 10:19:59,880] Trial 60 finished with value: 0.5670525353496518 and parameters: {'interp_param': 0.6003813275252841}. Best is trial 41 with value: 0.567357819642018.
[I 2025-05-14 10:20:01,192] Trial 61 finished with value: 0.5672600452817294 and parameters: {'interp_param': 0.6638853079986634}. Best is trial 41 with value: 0.567357819642018.
[I 2025-05-14 10:20:02,668] Trial 62 finished with value: 0.5671980862061601 and parameters: {'interp_param': 0.6768673998467775}. Best is trial 41 with value: 0.567357819642018.
[I 2025-05-14 10:20:04,132] Trial 63 finished with value: 0.5655867743175702 and parameters: {'interp_param': 0.8163543409922362}. Best is trial 41 with value: 0.567357819642018.
[I 2025-05-14 10:20:05,466] Trial 64 finished with value: 0.5660439659959844 and parameters: {'interp_param': 0.7535255371674235}. Best is trial 41 with value: 0.567357819642018.
[I 2025-05-14 10:20:06,773] Trial 65 finished with value: 0.5671846896492801 and parameters: {'interp_param': 0.5715362314237553}. Best is trial 41 with value: 0.567357819642018.
[I 2025-05-14 10:20:08,106] Trial 66 finished with value: 0.5671455252253407 and parameters: {'interp_param': 0.6154935667178513}. Best is trial 41 with value: 0.567357819642018.
[I 2025-05-14 10:20:09,422] Trial 67 finished with value: 0.5661746166004529 and parameters: {'interp_param': 0.5139420440010587}. Best is trial 41 with value: 0.567357819642018.
[I 2025-05-14 10:20:10,750] Trial 68 finished with value: 0.567285881498569 and parameters: {'interp_param': 0.6619542404016813}. Best is trial 41 with value: 0.567357819642018.
[I 2025-05-14 10:20:12,065] Trial 69 finished with value: 0.5667385022854458 and parameters: {'interp_param': 0.7150941096898235}. Best is trial 41 with value: 0.567357819642018.
[I 2025-05-14 10:20:13,385] Trial 70 finished with value: 0.5667405869537357 and parameters: {'interp_param': 0.5476537326742746}. Best is trial 41 with value: 0.567357819642018.
[I 2025-05-14 10:20:14,724] Trial 71 finished with value: 0.5672986970823187 and parameters: {'interp_param': 0.661497151802593}. Best is trial 41 with value: 0.567357819642018.
[I 2025-05-14 10:20:16,044] Trial 72 finished with value: 0.5672134307317699 and parameters: {'interp_param': 0.6652964944660062}. Best is trial 41 with value: 0.567357819642018.
[I 2025-05-14 10:20:17,357] Trial 73 finished with value: 0.5671481566918707 and parameters: {'interp_param': 0.629053235648515}. Best is trial 41 with value: 0.567357819642018.
[I 2025-05-14 10:20:18,692] Trial 74 finished with value: 0.5657099064462386 and parameters: {'interp_param': 0.7903069312027831}. Best is trial 41 with value: 0.567357819642018.
[I 2025-05-14 10:20:20,001] Trial 75 finished with value: 0.5670090307146823 and parameters: {'interp_param': 0.5919045226973239}. Best is trial 41 with value: 0.567357819642018.
[I 2025-05-14 10:20:21,330] Trial 76 finished with value: 0.5672260754410696 and parameters: {'interp_param': 0.6456577340172177}. Best is trial 41 with value: 0.567357819642018.
[I 2025-05-14 10:20:22,643] Trial 77 finished with value: 0.566157734204793 and parameters: {'interp_param': 0.743950355180147}. Best is trial 41 with value: 0.567357819642018.
[I 2025-05-14 10:20:23,961] Trial 78 finished with value: 0.5667994019394249 and parameters: {'interp_param': 0.6994158762768273}. Best is trial 41 with value: 0.567357819642018.
[I 2025-05-14 10:20:25,269] Trial 79 finished with value: 0.5671910461788201 and parameters: {'interp_param': 0.6779685489579248}. Best is trial 41 with value: 0.567357819642018.
[I 2025-05-14 10:20:26,590] Trial 80 finished with value: 0.5650097654748174 and parameters: {'interp_param': 0.8731120251444182}. Best is trial 41 with value: 0.567357819642018.
[I 2025-05-14 10:20:27,898] Trial 81 finished with value: 0.5673022512708787 and parameters: {'interp_param': 0.6491440354169445}. Best is trial 41 with value: 0.567357819642018.
[I 2025-05-14 10:20:29,320] Trial 82 finished with value: 0.5668628647101542 and parameters: {'interp_param': 0.6368360328443368}. Best is trial 41 with value: 0.567357819642018.
[I 2025-05-14 10:20:30,636] Trial 83 finished with value: 0.5670635054893417 and parameters: {'interp_param': 0.5546959715704333}. Best is trial 41 with value: 0.567357819642018.
[I 2025-05-14 10:20:31,949] Trial 84 finished with value: 0.5670425904566619 and parameters: {'interp_param': 0.5987295753067702}. Best is trial 41 with value: 0.567357819642018.
[I 2025-05-14 10:20:33,281] Trial 85 finished with value: 0.5667459524114657 and parameters: {'interp_param': 0.7136561391263168}. Best is trial 41 with value: 0.567357819642018.
[I 2025-05-14 10:20:34,596] Trial 86 finished with value: 0.567353650305438 and parameters: {'interp_param': 0.657839093872946}. Best is trial 41 with value: 0.567357819642018.
[I 2025-05-14 10:20:35,904] Trial 87 finished with value: 0.5671410824896408 and parameters: {'interp_param': 0.6206232334469174}. Best is trial 41 with value: 0.567357819642018.
[I 2025-05-14 10:20:37,229] Trial 88 finished with value: 0.5659619462599854 and parameters: {'interp_param': 0.7722370921509589}. Best is trial 41 with value: 0.567357819642018.
[I 2025-05-14 10:20:38,539] Trial 89 finished with value: 0.5661456362937332 and parameters: {'interp_param': 0.7430454806678974}. Best is trial 41 with value: 0.567357819642018.
[I 2025-05-14 10:20:39,865] Trial 90 finished with value: 0.5657452432824982 and parameters: {'interp_param': 0.47496608662871526}. Best is trial 41 with value: 0.567357819642018.
[I 2025-05-14 10:20:41,168] Trial 91 finished with value: 0.5673130163612286 and parameters: {'interp_param': 0.6604207975485039}. Best is trial 41 with value: 0.567357819642018.
[I 2025-05-14 10:20:42,502] Trial 92 finished with value: 0.5672421718142595 and parameters: {'interp_param': 0.6459594453613028}. Best is trial 41 with value: 0.567357819642018.
[I 2025-05-14 10:20:43,818] Trial 93 finished with value: 0.5668572600281943 and parameters: {'interp_param': 0.6845001189002431}. Best is trial 41 with value: 0.567357819642018.
[I 2025-05-14 10:20:45,148] Trial 94 finished with value: 0.5669778632150028 and parameters: {'interp_param': 0.5864793966627858}. Best is trial 41 with value: 0.567357819642018.
[I 2025-05-14 10:20:46,466] Trial 95 finished with value: 0.5672635994702893 and parameters: {'interp_param': 0.6541956573423922}. Best is trial 41 with value: 0.567357819642018.
[I 2025-05-14 10:20:47,796] Trial 96 finished with value: 0.5664984920329788 and parameters: {'interp_param': 0.7239491037589729}. Best is trial 41 with value: 0.567357819642018.
[I 2025-05-14 10:20:49,113] Trial 97 finished with value: 0.5667477978555256 and parameters: {'interp_param': 0.6928356540173795}. Best is trial 41 with value: 0.567357819642018.
[I 2025-05-14 10:20:50,431] Trial 98 finished with value: 0.5671534879747105 and parameters: {'interp_param': 0.6138287596783004}. Best is trial 41 with value: 0.567357819642018.
