[I 2025-05-13 16:55:01,611] Trial 0 finished with value: 0.5628481011576745 and parameters: {'threshold_scale_factor': 0.9952393841161864}. Best is trial 0 with value: 0.5628481011576745.
[I 2025-05-13 16:55:02,719] Trial 1 finished with value: 0.56480379341279 and parameters: {'threshold_scale_factor': 0.9362620226263398}. Best is trial 1 with value: 0.56480379341279.
[I 2025-05-13 16:55:03,826] Trial 2 finished with value: 0.5715973514460251 and parameters: {'threshold_scale_factor': 0.43308103845412693}. Best is trial 2 with value: 0.5715973514460251.
[I 2025-05-13 16:55:04,931] Trial 3 finished with value: 0.5676913323935239 and parameters: {'threshold_scale_factor': 0.783379051785173}. Best is trial 2 with value: 0.5715973514460251.
[I 2025-05-13 16:55:06,034] Trial 4 finished with value: 0.5722720662992866 and parameters: {'threshold_scale_factor': 0.45668398510841546}. Best is trial 4 with value: 0.5722720662992866.
[I 2025-05-13 16:55:07,141] Trial 5 finished with value: 0.5640967832884788 and parameters: {'threshold_scale_factor': 0.9630377362450613}. Best is trial 4 with value: 0.5722720662992866.
[I 2025-05-13 16:55:08,246] Trial 6 finished with value: 0.5698616771327267 and parameters: {'threshold_scale_factor': 0.3846406262656459}. Best is trial 4 with value: 0.5722720662992866.
[I 2025-05-13 16:55:09,352] Trial 7 finished with value: 0.564075355632449 and parameters: {'threshold_scale_factor': 0.9591920846742547}. Best is trial 4 with value: 0.5722720662992866.
[I 2025-05-13 16:55:10,459] Trial 8 finished with value: 0.5696719723183391 and parameters: {'threshold_scale_factor': 0.36381350301447934}. Best is trial 4 with value: 0.5722720662992866.
[I 2025-05-13 16:55:11,566] Trial 9 finished with value: 0.5677710624118929 and parameters: {'threshold_scale_factor': 0.8499667396180327}. Best is trial 4 with value: 0.5722720662992866.
[I 2025-05-13 16:55:12,672] Trial 10 finished with value: 0.5513102823700287 and parameters: {'threshold_scale_factor': 0.04205529273102748}. Best is trial 4 with value: 0.5722720662992866.
[I 2025-05-13 16:55:13,774] Trial 11 finished with value: 0.5701492930069632 and parameters: {'threshold_scale_factor': 0.5926908771590247}. Best is trial 4 with value: 0.5722720662992866.
[I 2025-05-13 16:55:14,878] Trial 12 finished with value: 0.5640305865265496 and parameters: {'threshold_scale_factor': 0.20346959961937955}. Best is trial 4 with value: 0.5722720662992866.
[I 2025-05-13 16:55:15,986] Trial 13 finished with value: 0.5695559485667905 and parameters: {'threshold_scale_factor': 0.608279079216563}. Best is trial 4 with value: 0.5722720662992866.
[I 2025-05-13 16:55:17,095] Trial 14 finished with value: 0.5716392498611645 and parameters: {'threshold_scale_factor': 0.4427869122969249}. Best is trial 4 with value: 0.5722720662992866.
[I 2025-05-13 16:55:18,204] Trial 15 finished with value: 0.564719039685591 and parameters: {'threshold_scale_factor': 0.24335601625202785}. Best is trial 4 with value: 0.5722720662992866.
[I 2025-05-13 16:55:19,317] Trial 16 finished with value: 0.569768994831048 and parameters: {'threshold_scale_factor': 0.6045530343888799}. Best is trial 4 with value: 0.5722720662992866.
[I 2025-05-13 16:55:20,427] Trial 17 finished with value: 0.5680027339911999 and parameters: {'threshold_scale_factor': 0.7243692122950585}. Best is trial 4 with value: 0.5722720662992866.
[I 2025-05-13 16:55:21,536] Trial 18 finished with value: 0.5726644623862618 and parameters: {'threshold_scale_factor': 0.49991241885122933}. Best is trial 18 with value: 0.5726644623862618.
[I 2025-05-13 16:55:22,648] Trial 19 finished with value: 0.5670086547908924 and parameters: {'threshold_scale_factor': 0.2793447001288063}. Best is trial 18 with value: 0.5726644623862618.
[I 2025-05-13 16:55:23,757] Trial 20 finished with value: 0.5720650348156692 and parameters: {'threshold_scale_factor': 0.5462424405938792}. Best is trial 18 with value: 0.5726644623862618.
[I 2025-05-13 16:55:24,865] Trial 21 finished with value: 0.5725745140757829 and parameters: {'threshold_scale_factor': 0.5094640336884051}. Best is trial 18 with value: 0.5726644623862618.
[I 2025-05-13 16:55:26,080] Trial 22 finished with value: 0.5726838737237814 and parameters: {'threshold_scale_factor': 0.4944592934196946}. Best is trial 22 with value: 0.5726838737237814.
[I 2025-05-13 16:55:27,187] Trial 23 finished with value: 0.5675270195224058 and parameters: {'threshold_scale_factor': 0.6830633336103973}. Best is trial 22 with value: 0.5726838737237814.
[I 2025-05-13 16:55:28,290] Trial 24 finished with value: 0.5691688495877654 and parameters: {'threshold_scale_factor': 0.3573773204746973}. Best is trial 22 with value: 0.5726838737237814.
[I 2025-05-13 16:55:29,400] Trial 25 finished with value: 0.572073920287069 and parameters: {'threshold_scale_factor': 0.5306007017377129}. Best is trial 22 with value: 0.5726838737237814.
[I 2025-05-13 16:55:30,507] Trial 26 finished with value: 0.5610009141783074 and parameters: {'threshold_scale_factor': 0.12469797913062308}. Best is trial 22 with value: 0.5726838737237814.
[I 2025-05-13 16:55:31,621] Trial 27 finished with value: 0.5727447733777606 and parameters: {'threshold_scale_factor': 0.4960605376300751}. Best is trial 27 with value: 0.5727447733777606.
[I 2025-05-13 16:55:32,732] Trial 28 finished with value: 0.5682886411209365 and parameters: {'threshold_scale_factor': 0.7189876978820791}. Best is trial 27 with value: 0.5727447733777606.
[I 2025-05-13 16:55:33,842] Trial 29 finished with value: 0.5668617369387843 and parameters: {'threshold_scale_factor': 0.2773562215693961}. Best is trial 27 with value: 0.5727447733777606.
[I 2025-05-13 16:55:34,952] Trial 30 finished with value: 0.5687166132684011 and parameters: {'threshold_scale_factor': 0.6461768445482056}. Best is trial 27 with value: 0.5727447733777606.
[I 2025-05-13 16:55:36,059] Trial 31 finished with value: 0.5727491819385706 and parameters: {'threshold_scale_factor': 0.5054699845803072}. Best is trial 31 with value: 0.5727491819385706.
[I 2025-05-13 16:55:37,166] Trial 32 finished with value: 0.5724620103379043 and parameters: {'threshold_scale_factor': 0.47541359345820833}. Best is trial 31 with value: 0.5727491819385706.
[I 2025-05-13 16:55:38,278] Trial 33 finished with value: 0.5700942372591737 and parameters: {'threshold_scale_factor': 0.3974691890948352}. Best is trial 31 with value: 0.5727491819385706.
[I 2025-05-13 16:55:39,386] Trial 34 finished with value: 0.5719337690631808 and parameters: {'threshold_scale_factor': 0.5520470548195433}. Best is trial 31 with value: 0.5727491819385706.
[I 2025-05-13 16:55:40,495] Trial 35 finished with value: 0.5690566192490069 and parameters: {'threshold_scale_factor': 0.32902174614648066}. Best is trial 31 with value: 0.5727491819385706.
[I 2025-05-13 16:55:41,604] Trial 36 finished with value: 0.5726785082660515 and parameters: {'threshold_scale_factor': 0.4782263498180281}. Best is trial 31 with value: 0.5727491819385706.
[I 2025-05-13 16:55:42,711] Trial 37 finished with value: 0.5716423597761544 and parameters: {'threshold_scale_factor': 0.4306666335538022}. Best is trial 31 with value: 0.5727491819385706.
[I 2025-05-13 16:55:43,824] Trial 38 finished with value: 0.5676699047374941 and parameters: {'threshold_scale_factor': 0.7846766145676898}. Best is trial 31 with value: 0.5727491819385706.
[I 2025-05-13 16:55:44,933] Trial 39 finished with value: 0.5706986201888163 and parameters: {'threshold_scale_factor': 0.5767671715496897}. Best is trial 31 with value: 0.5727491819385706.
[I 2025-05-13 16:55:46,039] Trial 40 finished with value: 0.5715397667563757 and parameters: {'threshold_scale_factor': 0.4300117374368385}. Best is trial 31 with value: 0.5727491819385706.
[I 2025-05-13 16:55:47,148] Trial 41 finished with value: 0.5726890341321713 and parameters: {'threshold_scale_factor': 0.4970304329613812}. Best is trial 31 with value: 0.5727491819385706.
[I 2025-05-13 16:55:48,257] Trial 42 finished with value: 0.5729859797513777 and parameters: {'threshold_scale_factor': 0.48937370548035647}. Best is trial 42 with value: 0.5729859797513777.
[I 2025-05-13 16:55:49,509] Trial 43 finished with value: 0.5687253620402409 and parameters: {'threshold_scale_factor': 0.6467327893809236}. Best is trial 42 with value: 0.5729859797513777.
[I 2025-05-13 16:55:50,619] Trial 44 finished with value: 0.5702157631680123 and parameters: {'threshold_scale_factor': 0.40039496018720944}. Best is trial 42 with value: 0.5729859797513777.
[I 2025-05-13 16:55:51,729] Trial 45 finished with value: 0.5691452005638857 and parameters: {'threshold_scale_factor': 0.33902766201549095}. Best is trial 42 with value: 0.5729859797513777.
[I 2025-05-13 16:55:52,835] Trial 46 finished with value: 0.5725713358110129 and parameters: {'threshold_scale_factor': 0.5095672195897823}. Best is trial 42 with value: 0.5729859797513777.
[I 2025-05-13 16:55:53,943] Trial 47 finished with value: 0.5687337007134008 and parameters: {'threshold_scale_factor': 0.6469344056336028}. Best is trial 42 with value: 0.5729859797513777.
[I 2025-05-13 16:55:55,052] Trial 48 finished with value: 0.5720264171899697 and parameters: {'threshold_scale_factor': 0.5509748291665425}. Best is trial 42 with value: 0.5729859797513777.
[I 2025-05-13 16:55:56,161] Trial 49 finished with value: 0.566800632235465 and parameters: {'threshold_scale_factor': 0.8795843316141657}. Best is trial 42 with value: 0.5729859797513777.
[I 2025-05-13 16:55:57,267] Trial 50 finished with value: 0.5723019351531462 and parameters: {'threshold_scale_factor': 0.4575260394594416}. Best is trial 42 with value: 0.5729859797513777.
[I 2025-05-13 16:55:58,379] Trial 51 finished with value: 0.5728340381904395 and parameters: {'threshold_scale_factor': 0.49170114695372763}. Best is trial 42 with value: 0.5729859797513777.
[I 2025-05-13 16:55:59,493] Trial 52 finished with value: 0.5701661754026229 and parameters: {'threshold_scale_factor': 0.5930284583502299}. Best is trial 42 with value: 0.5729859797513777.
[I 2025-05-13 16:56:00,603] Trial 53 finished with value: 0.570158178478363 and parameters: {'threshold_scale_factor': 0.3995316728284172}. Best is trial 42 with value: 0.5729859797513777.
[I 2025-05-13 16:56:01,713] Trial 54 finished with value: 0.5728441197829894 and parameters: {'threshold_scale_factor': 0.491625734323105}. Best is trial 42 with value: 0.5729859797513777.
[I 2025-05-13 16:56:02,823] Trial 55 finished with value: 0.5716337477038747 and parameters: {'threshold_scale_factor': 0.4432883001042276}. Best is trial 42 with value: 0.5729859797513777.
[I 2025-05-13 16:56:03,935] Trial 56 finished with value: 0.5712360545089497 and parameters: {'threshold_scale_factor': 0.5636674762690806}. Best is trial 42 with value: 0.5729859797513777.
[I 2025-05-13 16:56:05,047] Trial 57 finished with value: 0.572638318595412 and parameters: {'threshold_scale_factor': 0.5082556721051155}. Best is trial 42 with value: 0.5729859797513777.
[I 2025-05-13 16:56:06,155] Trial 58 finished with value: 0.5689127429621086 and parameters: {'threshold_scale_factor': 0.32396524108389196}. Best is trial 42 with value: 0.5729859797513777.
[I 2025-05-13 16:56:07,265] Trial 59 finished with value: 0.5688901533598189 and parameters: {'threshold_scale_factor': 0.6217046976704388}. Best is trial 42 with value: 0.5729859797513777.
[I 2025-05-13 16:56:08,370] Trial 60 finished with value: 0.5728159596736297 and parameters: {'threshold_scale_factor': 0.4792042616279022}. Best is trial 42 with value: 0.5729859797513777.
[I 2025-05-13 16:56:09,482] Trial 61 finished with value: 0.572159630911188 and parameters: {'threshold_scale_factor': 0.526004260373775}. Best is trial 42 with value: 0.5729859797513777.
[I 2025-05-13 16:56:10,590] Trial 62 finished with value: 0.5724759536930241 and parameters: {'threshold_scale_factor': 0.4739093852575865}. Best is trial 42 with value: 0.5729859797513777.
[I 2025-05-13 16:56:11,701] Trial 63 finished with value: 0.5712913153060788 and parameters: {'threshold_scale_factor': 0.42041709049880704}. Best is trial 42 with value: 0.5729859797513777.
[I 2025-05-13 16:56:12,913] Trial 64 finished with value: 0.5696673587081891 and parameters: {'threshold_scale_factor': 0.3623719730356305}. Best is trial 42 with value: 0.5729859797513777.
[I 2025-05-13 16:56:14,024] Trial 65 finished with value: 0.5724474518347644 and parameters: {'threshold_scale_factor': 0.4674700614269419}. Best is trial 42 with value: 0.5729859797513777.
[I 2025-05-13 16:56:15,131] Trial 66 finished with value: 0.5717852108163527 and parameters: {'threshold_scale_factor': 0.5362799318023533}. Best is trial 42 with value: 0.5729859797513777.
[I 2025-05-13 16:56:16,239] Trial 67 finished with value: 0.5694227006706822 and parameters: {'threshold_scale_factor': 0.6094766051116736}. Best is trial 42 with value: 0.5729859797513777.
[I 2025-05-13 16:56:17,344] Trial 68 finished with value: 0.5697249092229484 and parameters: {'threshold_scale_factor': 0.3816433449623616}. Best is trial 42 with value: 0.5729859797513777.
[I 2025-05-13 16:56:18,451] Trial 69 finished with value: 0.5727010978683412 and parameters: {'threshold_scale_factor': 0.5039570381482613}. Best is trial 42 with value: 0.5729859797513777.
[I 2025-05-13 16:56:19,567] Trial 70 finished with value: 0.5677327181853133 and parameters: {'threshold_scale_factor': 0.686507483436115}. Best is trial 42 with value: 0.5729859797513777.
[I 2025-05-13 16:56:20,674] Trial 71 finished with value: 0.5727331197402707 and parameters: {'threshold_scale_factor': 0.5010132913855029}. Best is trial 42 with value: 0.5729859797513777.
[I 2025-05-13 16:56:21,784] Trial 72 finished with value: 0.5720048186594899 and parameters: {'threshold_scale_factor': 0.45221712077730014}. Best is trial 42 with value: 0.5729859797513777.
[I 2025-05-13 16:56:22,898] Trial 73 finished with value: 0.5706799265239865 and parameters: {'threshold_scale_factor': 0.5739191397402341}. Best is trial 42 with value: 0.5729859797513777.
[I 2025-05-13 16:56:24,006] Trial 74 finished with value: 0.572082088085779 and parameters: {'threshold_scale_factor': 0.5305205096864636}. Best is trial 42 with value: 0.5729859797513777.
[I 2025-05-13 16:56:25,116] Trial 75 finished with value: 0.5728335597419796 and parameters: {'threshold_scale_factor': 0.4923207479543628}. Best is trial 42 with value: 0.5729859797513777.
[I 2025-05-13 16:56:26,224] Trial 76 finished with value: 0.5715554188559955 and parameters: {'threshold_scale_factor': 0.42473419406284185}. Best is trial 42 with value: 0.5729859797513777.
[I 2025-05-13 16:56:27,336] Trial 77 finished with value: 0.5680634285958392 and parameters: {'threshold_scale_factor': 0.29234741944043396}. Best is trial 42 with value: 0.5729859797513777.
[I 2025-05-13 16:56:28,445] Trial 78 finished with value: 0.5455894399589901 and parameters: {'threshold_scale_factor': 0.014695712174296216}. Best is trial 42 with value: 0.5729859797513777.
[I 2025-05-13 16:56:29,552] Trial 79 finished with value: 0.572635892178222 and parameters: {'threshold_scale_factor': 0.4776288256252226}. Best is trial 42 with value: 0.5729859797513777.
[I 2025-05-13 16:56:30,660] Trial 80 finished with value: 0.5704359519842795 and parameters: {'threshold_scale_factor': 0.5859657163288686}. Best is trial 42 with value: 0.5729859797513777.
[I 2025-05-13 16:56:31,769] Trial 81 finished with value: 0.572160621982998 and parameters: {'threshold_scale_factor': 0.5260246431589}. Best is trial 42 with value: 0.5729859797513777.
[I 2025-05-13 16:56:32,876] Trial 82 finished with value: 0.5728378316032294 and parameters: {'threshold_scale_factor': 0.4924107458687579}. Best is trial 42 with value: 0.5729859797513777.
[I 2025-05-13 16:56:33,984] Trial 83 finished with value: 0.5711996582511001 and parameters: {'threshold_scale_factor': 0.4153121572402754}. Best is trial 42 with value: 0.5729859797513777.
[I 2025-05-13 16:56:35,090] Trial 84 finished with value: 0.5731597590670254 and parameters: {'threshold_scale_factor': 0.4835567203666089}. Best is trial 84 with value: 0.5731597590670254.
[I 2025-05-13 16:56:36,339] Trial 85 finished with value: 0.5720308599256696 and parameters: {'threshold_scale_factor': 0.4523961148822836}. Best is trial 84 with value: 0.5731597590670254.
[I 2025-05-13 16:56:37,449] Trial 86 finished with value: 0.5716255799051646 and parameters: {'threshold_scale_factor': 0.5583438971218301}. Best is trial 84 with value: 0.5731597590670254.
[I 2025-05-13 16:56:38,557] Trial 87 finished with value: 0.5728168823956599 and parameters: {'threshold_scale_factor': 0.4920373361878051}. Best is trial 84 with value: 0.5731597590670254.
[I 2025-05-13 16:56:39,669] Trial 88 finished with value: 0.5699061386646163 and parameters: {'threshold_scale_factor': 0.38674361584151296}. Best is trial 84 with value: 0.5731597590670254.
[I 2025-05-13 16:56:40,783] Trial 89 finished with value: 0.5731399034559357 and parameters: {'threshold_scale_factor': 0.48201603523626013}. Best is trial 84 with value: 0.5731597590670254.
[I 2025-05-13 16:56:41,895] Trial 90 finished with value: 0.5731583920714255 and parameters: {'threshold_scale_factor': 0.4817490064237097}. Best is trial 84 with value: 0.5731597590670254.
[I 2025-05-13 16:56:43,005] Trial 91 finished with value: 0.5731340595497458 and parameters: {'threshold_scale_factor': 0.4824179904723034}. Best is trial 84 with value: 0.5731597590670254.
[I 2025-05-13 16:56:44,110] Trial 92 finished with value: 0.5714088085778974 and parameters: {'threshold_scale_factor': 0.436496787344392}. Best is trial 84 with value: 0.5731597590670254.
[I 2025-05-13 16:56:45,221] Trial 93 finished with value: 0.5718976120295612 and parameters: {'threshold_scale_factor': 0.539531434477456}. Best is trial 84 with value: 0.5731597590670254.
[I 2025-05-13 16:56:46,333] Trial 94 finished with value: 0.5730467768806868 and parameters: {'threshold_scale_factor': 0.4864434793378994}. Best is trial 84 with value: 0.5731597590670254.
[I 2025-05-13 16:56:47,442] Trial 95 finished with value: 0.5722546712802768 and parameters: {'threshold_scale_factor': 0.5197178837648496}. Best is trial 84 with value: 0.5731597590670254.
[I 2025-05-13 16:56:48,548] Trial 96 finished with value: 0.5722764748600966 and parameters: {'threshold_scale_factor': 0.4562117323239007}. Best is trial 84 with value: 0.5731597590670254.
[I 2025-05-13 16:56:49,655] Trial 97 finished with value: 0.5709916356956726 and parameters: {'threshold_scale_factor': 0.41106665728250946}. Best is trial 84 with value: 0.5731597590670254.
[I 2025-05-13 16:56:50,759] Trial 98 finished with value: 0.5716551753599043 and parameters: {'threshold_scale_factor': 0.557529309408155}. Best is trial 84 with value: 0.5731597590670254.
