[I 2025-05-13 16:52:47,820] Trial 0 finished with value: 0.56640088854714 and parameters: {'interp_param': 0.9686115521176967}. Best is trial 0 with value: 0.56640088854714.
[I 2025-05-13 16:52:49,156] Trial 1 finished with value: 0.5678347302319621 and parameters: {'interp_param': 0.4518449196811506}. Best is trial 1 with value: 0.5678347302319621.
[I 2025-05-13 16:52:50,491] Trial 2 finished with value: 0.5668118415993848 and parameters: {'interp_param': 0.7219836549576265}. Best is trial 1 with value: 0.5678347302319621.
[I 2025-05-13 16:52:51,833] Trial 3 finished with value: 0.5675713443547354 and parameters: {'interp_param': 0.4360423729530044}. Best is trial 1 with value: 0.5678347302319621.
[I 2025-05-13 16:52:53,170] Trial 4 finished with value: 0.5674716903754966 and parameters: {'interp_param': 0.6844692062133166}. Best is trial 1 with value: 0.5678347302319621.
[I 2025-05-13 16:52:54,498] Trial 5 finished with value: 0.5669715408603528 and parameters: {'interp_param': 0.3330146206080845}. Best is trial 1 with value: 0.5678347302319621.
[I 2025-05-13 16:52:55,825] Trial 6 finished with value: 0.5664944252210689 and parameters: {'interp_param': 0.8681074031919792}. Best is trial 1 with value: 0.5678347302319621.
[I 2025-05-13 16:52:57,294] Trial 7 finished with value: 0.5675679268657354 and parameters: {'interp_param': 0.6264986179869023}. Best is trial 1 with value: 0.5678347302319621.
[I 2025-05-13 16:52:58,635] Trial 8 finished with value: 0.5678284762270922 and parameters: {'interp_param': 0.45373959933350194}. Best is trial 1 with value: 0.5678347302319621.
[I 2025-05-13 16:52:59,961] Trial 9 finished with value: 0.5659679952155154 and parameters: {'interp_param': 0.902209441486777}. Best is trial 1 with value: 0.5678347302319621.
[I 2025-05-13 16:53:01,298] Trial 10 finished with value: 0.5686869836387713 and parameters: {'interp_param': 0.07116992235614106}. Best is trial 10 with value: 0.5686869836387713.
[I 2025-05-13 16:53:02,625] Trial 11 finished with value: 0.5687443632790807 and parameters: {'interp_param': 0.037524348505239405}. Best is trial 11 with value: 0.5687443632790807.
[I 2025-05-13 16:53:03,956] Trial 12 finished with value: 0.5680335939168696 and parameters: {'interp_param': 0.01372452629351728}. Best is trial 11 with value: 0.5687443632790807.
[I 2025-05-13 16:53:05,284] Trial 13 finished with value: 0.568168823956598 and parameters: {'interp_param': 0.02336143603962839}. Best is trial 11 with value: 0.5687443632790807.
[I 2025-05-13 16:53:06,612] Trial 14 finished with value: 0.5679589559571105 and parameters: {'interp_param': 0.20333760012502103}. Best is trial 11 with value: 0.5687443632790807.
[I 2025-05-13 16:53:07,953] Trial 15 finished with value: 0.5677900294758427 and parameters: {'interp_param': 0.1928275291400946}. Best is trial 11 with value: 0.5687443632790807.
[I 2025-05-13 16:53:09,282] Trial 16 finished with value: 0.5676741424238541 and parameters: {'interp_param': 0.17589676697093692}. Best is trial 11 with value: 0.5687443632790807.
[I 2025-05-13 16:53:10,606] Trial 17 finished with value: 0.5677869879106326 and parameters: {'interp_param': 0.13602430659170406}. Best is trial 11 with value: 0.5687443632790807.
[I 2025-05-13 16:53:11,950] Trial 18 finished with value: 0.5667797513776753 and parameters: {'interp_param': 0.30404774488160086}. Best is trial 11 with value: 0.5687443632790807.
[I 2025-05-13 16:53:13,284] Trial 19 finished with value: 0.568727993506771 and parameters: {'interp_param': 0.08898374284729338}. Best is trial 11 with value: 0.5687443632790807.
[I 2025-05-13 16:53:14,625] Trial 20 finished with value: 0.5666752787389466 and parameters: {'interp_param': 0.30644888674282184}. Best is trial 11 with value: 0.5687443632790807.
[I 2025-05-13 16:53:15,954] Trial 21 finished with value: 0.5687587167328805 and parameters: {'interp_param': 0.08680796833711953}. Best is trial 21 with value: 0.5687587167328805.
[I 2025-05-13 16:53:17,288] Trial 22 finished with value: 0.5687769661241403 and parameters: {'interp_param': 0.08570795105411372}. Best is trial 22 with value: 0.5687769661241403.
[I 2025-05-13 16:53:18,628] Trial 23 finished with value: 0.5680211200820198 and parameters: {'interp_param': 0.2507757650458018}. Best is trial 22 with value: 0.5687769661241403.
[I 2025-05-13 16:53:19,965] Trial 24 finished with value: 0.5681272331154684 and parameters: {'interp_param': 0.00017781902471708522}. Best is trial 22 with value: 0.5687769661241403.
[I 2025-05-13 16:53:21,439] Trial 25 finished with value: 0.5682328677004571 and parameters: {'interp_param': 0.12026174904639647}. Best is trial 22 with value: 0.5687769661241403.
[I 2025-05-13 16:53:22,769] Trial 26 finished with value: 0.5668735272758341 and parameters: {'interp_param': 0.3616980381346194}. Best is trial 22 with value: 0.5687769661241403.
[I 2025-05-13 16:53:24,102] Trial 27 finished with value: 0.5679096415908411 and parameters: {'interp_param': 0.5549298444465707}. Best is trial 22 with value: 0.5687769661241403.
[I 2025-05-13 16:53:25,432] Trial 28 finished with value: 0.5688643854927592 and parameters: {'interp_param': 0.08124400097712096}. Best is trial 28 with value: 0.5688643854927592.
[I 2025-05-13 16:53:26,767] Trial 29 finished with value: 0.5680189670639497 and parameters: {'interp_param': 0.23060353794929667}. Best is trial 28 with value: 0.5688643854927592.
[I 2025-05-13 16:53:28,105] Trial 30 finished with value: 0.5688690674526891 and parameters: {'interp_param': 0.10754309318547417}. Best is trial 30 with value: 0.5688690674526891.
[I 2025-05-13 16:53:29,440] Trial 31 finished with value: 0.5681683113332479 and parameters: {'interp_param': 0.12206798593682487}. Best is trial 30 with value: 0.5688690674526891.
[I 2025-05-13 16:53:30,772] Trial 32 finished with value: 0.5678172326882823 and parameters: {'interp_param': 0.14831410274996004}. Best is trial 30 with value: 0.5688690674526891.
[I 2025-05-13 16:53:32,105] Trial 33 finished with value: 0.5688929557007989 and parameters: {'interp_param': 0.08189414603928477}. Best is trial 33 with value: 0.5688929557007989.
[I 2025-05-13 16:53:33,439] Trial 34 finished with value: 0.5680195822119698 and parameters: {'interp_param': 0.25096418176197655}. Best is trial 33 with value: 0.5688929557007989.
[I 2025-05-13 16:53:34,765] Trial 35 finished with value: 0.5675436626938357 and parameters: {'interp_param': 0.3838853359747061}. Best is trial 33 with value: 0.5688929557007989.
[I 2025-05-13 16:53:36,102] Trial 36 finished with value: 0.568718253663121 and parameters: {'interp_param': 0.06856820049408227}. Best is trial 33 with value: 0.5688929557007989.
[I 2025-05-13 16:53:37,429] Trial 37 finished with value: 0.5675838865393652 and parameters: {'interp_param': 0.2709330989478848}. Best is trial 33 with value: 0.5688929557007989.
[I 2025-05-13 16:53:38,763] Trial 38 finished with value: 0.5676319706095947 and parameters: {'interp_param': 0.18098985317348412}. Best is trial 33 with value: 0.5688929557007989.
[I 2025-05-13 16:53:40,103] Trial 39 finished with value: 0.566644658037507 and parameters: {'interp_param': 0.7477202175209986}. Best is trial 33 with value: 0.5688929557007989.
[I 2025-05-13 16:53:41,435] Trial 40 finished with value: 0.5679057114784912 and parameters: {'interp_param': 0.5580573399694325}. Best is trial 33 with value: 0.5688929557007989.
[I 2025-05-13 16:53:42,759] Trial 41 finished with value: 0.5687789824426503 and parameters: {'interp_param': 0.08588631778499162}. Best is trial 33 with value: 0.5688929557007989.
[I 2025-05-13 16:53:44,092] Trial 42 finished with value: 0.5687496945619206 and parameters: {'interp_param': 0.05944439695930066}. Best is trial 33 with value: 0.5688929557007989.
[I 2025-05-13 16:53:45,423] Trial 43 finished with value: 0.5689142466572685 and parameters: {'interp_param': 0.10564034098062167}. Best is trial 43 with value: 0.5689142466572685.
[I 2025-05-13 16:53:46,856] Trial 44 finished with value: 0.5678853432440515 and parameters: {'interp_param': 0.15207196926582253}. Best is trial 43 with value: 0.5689142466572685.
[I 2025-05-13 16:53:48,185] Trial 45 finished with value: 0.5689144175317186 and parameters: {'interp_param': 0.10561935019145716}. Best is trial 45 with value: 0.5689144175317186.
[I 2025-05-13 16:53:49,518] Trial 46 finished with value: 0.5681894314152676 and parameters: {'interp_param': 0.003345114561106921}. Best is trial 45 with value: 0.5689144175317186.
[I 2025-05-13 16:53:50,850] Trial 47 finished with value: 0.5679430304583707 and parameters: {'interp_param': 0.1969703433586777}. Best is trial 45 with value: 0.5689144175317186.
[I 2025-05-13 16:53:52,180] Trial 48 finished with value: 0.5678611815968218 and parameters: {'interp_param': 0.4437648539524348}. Best is trial 45 with value: 0.5689144175317186.
[I 2025-05-13 16:53:53,507] Trial 49 finished with value: 0.5685240035883634 and parameters: {'interp_param': 0.03314064994508603}. Best is trial 45 with value: 0.5689144175317186.
[I 2025-05-13 16:53:54,847] Trial 50 finished with value: 0.5680446324063395 and parameters: {'interp_param': 0.12893783160615468}. Best is trial 45 with value: 0.5689144175317186.
[I 2025-05-13 16:53:56,175] Trial 51 finished with value: 0.5689327010978683 and parameters: {'interp_param': 0.10482824737047017}. Best is trial 51 with value: 0.5689327010978683.
[I 2025-05-13 16:53:57,505] Trial 52 finished with value: 0.5680160621982998 and parameters: {'interp_param': 0.2053503994658741}. Best is trial 51 with value: 0.5689327010978683.
[I 2025-05-13 16:53:58,840] Trial 53 finished with value: 0.5689755905848178 and parameters: {'interp_param': 0.04839512635169574}. Best is trial 53 with value: 0.5689755905848178.
[I 2025-05-13 16:54:00,170] Trial 54 finished with value: 0.5689681746336879 and parameters: {'interp_param': 0.04614776370140948}. Best is trial 53 with value: 0.5689755905848178.
[I 2025-05-13 16:54:01,499] Trial 55 finished with value: 0.5688996881541287 and parameters: {'interp_param': 0.044396702206685346}. Best is trial 53 with value: 0.5689755905848178.
[I 2025-05-13 16:54:02,825] Trial 56 finished with value: 0.5687940877440301 and parameters: {'interp_param': 0.04280316076422239}. Best is trial 53 with value: 0.5689755905848178.
[I 2025-05-13 16:54:04,152] Trial 57 finished with value: 0.5679686958007604 and parameters: {'interp_param': 0.15540890427874177}. Best is trial 53 with value: 0.5689755905848178.
[I 2025-05-13 16:54:05,496] Trial 58 finished with value: 0.5688051945832799 and parameters: {'interp_param': 0.03982544049737877}. Best is trial 53 with value: 0.5689755905848178.
[I 2025-05-13 16:54:06,826] Trial 59 finished with value: 0.5687451493015506 and parameters: {'interp_param': 0.037563191525586126}. Best is trial 53 with value: 0.5689755905848178.
[I 2025-05-13 16:54:08,163] Trial 60 finished with value: 0.5681888846170277 and parameters: {'interp_param': 0.0030131229092243694}. Best is trial 53 with value: 0.5689755905848178.
[I 2025-05-13 16:54:09,493] Trial 61 finished with value: 0.5671246443675508 and parameters: {'interp_param': 0.7966867291452632}. Best is trial 53 with value: 0.5689755905848178.
[I 2025-05-13 16:54:10,822] Trial 62 finished with value: 0.5689189969669786 and parameters: {'interp_param': 0.10540712555298964}. Best is trial 53 with value: 0.5689755905848178.
[I 2025-05-13 16:54:12,295] Trial 63 finished with value: 0.5685386304412833 and parameters: {'interp_param': 0.11449238953890885}. Best is trial 53 with value: 0.5689755905848178.
[I 2025-05-13 16:54:13,626] Trial 64 finished with value: 0.5679760434021104 and parameters: {'interp_param': 0.16727007146044862}. Best is trial 53 with value: 0.5689755905848178.
[I 2025-05-13 16:54:14,953] Trial 65 finished with value: 0.5663254303900209 and parameters: {'interp_param': 0.9863426604388659}. Best is trial 53 with value: 0.5689755905848178.
[I 2025-05-13 16:54:16,276] Trial 66 finished with value: 0.5679909094792601 and parameters: {'interp_param': 0.22127593430049322}. Best is trial 53 with value: 0.5689755905848178.
[I 2025-05-13 16:54:17,607] Trial 67 finished with value: 0.5687776837968304 and parameters: {'interp_param': 0.05727703097244771}. Best is trial 53 with value: 0.5689755905848178.
[I 2025-05-13 16:54:18,947] Trial 68 finished with value: 0.5688602503310692 and parameters: {'interp_param': 0.10768128926560083}. Best is trial 53 with value: 0.5689755905848178.
[I 2025-05-13 16:54:20,277] Trial 69 finished with value: 0.5661255072835234 and parameters: {'interp_param': 0.9259425517422538}. Best is trial 53 with value: 0.5689755905848178.
[I 2025-05-13 16:54:21,605] Trial 70 finished with value: 0.566801589132385 and parameters: {'interp_param': 0.3032780925465407}. Best is trial 53 with value: 0.5689755905848178.
[I 2025-05-13 16:54:22,933] Trial 71 finished with value: 0.5688308257507797 and parameters: {'interp_param': 0.09250244910769305}. Best is trial 53 with value: 0.5689755905848178.
[I 2025-05-13 16:54:24,260] Trial 72 finished with value: 0.5688099107180999 and parameters: {'interp_param': 0.060237783453758076}. Best is trial 53 with value: 0.5689755905848178.
[I 2025-05-13 16:54:25,588] Trial 73 finished with value: 0.5678486052373019 and parameters: {'interp_param': 0.1343782719877947}. Best is trial 53 with value: 0.5689755905848178.
[I 2025-05-13 16:54:26,918] Trial 74 finished with value: 0.5682086035285574 and parameters: {'interp_param': 0.02941521755560851}. Best is trial 53 with value: 0.5689755905848178.
[I 2025-05-13 16:54:28,248] Trial 75 finished with value: 0.5688788756461189 and parameters: {'interp_param': 0.09766651964439042}. Best is trial 53 with value: 0.5689755905848178.
[I 2025-05-13 16:54:29,575] Trial 76 finished with value: 0.5676110897518049 and parameters: {'interp_param': 0.1777759774509709}. Best is trial 53 with value: 0.5689755905848178.
[I 2025-05-13 16:54:30,902] Trial 77 finished with value: 0.5677483702849332 and parameters: {'interp_param': 0.14339043347286287}. Best is trial 53 with value: 0.5689755905848178.
[I 2025-05-13 16:54:32,231] Trial 78 finished with value: 0.5687400572429407 and parameters: {'interp_param': 0.06874139449067895}. Best is trial 53 with value: 0.5689755905848178.
[I 2025-05-13 16:54:33,555] Trial 79 finished with value: 0.5681675594856679 and parameters: {'interp_param': 0.02340100960237329}. Best is trial 53 with value: 0.5689755905848178.
[I 2025-05-13 16:54:34,884] Trial 80 finished with value: 0.5683404844290658 and parameters: {'interp_param': 0.505673274026625}. Best is trial 53 with value: 0.5689755905848178.
[I 2025-05-13 16:54:36,206] Trial 81 finished with value: 0.5688639070442992 and parameters: {'interp_param': 0.09847267299992746}. Best is trial 53 with value: 0.5689755905848178.
[I 2025-05-13 16:54:37,635] Trial 82 finished with value: 0.5685318638130634 and parameters: {'interp_param': 0.11468057398388551}. Best is trial 53 with value: 0.5689755905848178.
[I 2025-05-13 16:54:38,966] Trial 83 finished with value: 0.5688241274723397 and parameters: {'interp_param': 0.08468465518305518}. Best is trial 53 with value: 0.5689755905848178.
[I 2025-05-13 16:54:40,296] Trial 84 finished with value: 0.5687805203127003 and parameters: {'interp_param': 0.05580369771769506}. Best is trial 53 with value: 0.5689755905848178.
[I 2025-05-13 16:54:41,634] Trial 85 finished with value: 0.5678463838694519 and parameters: {'interp_param': 0.6452851184736791}. Best is trial 53 with value: 0.5689755905848178.
[I 2025-05-13 16:54:42,972] Trial 86 finished with value: 0.5680384467512496 and parameters: {'interp_param': 0.16228796512529617}. Best is trial 53 with value: 0.5689755905848178.
[I 2025-05-13 16:54:44,310] Trial 87 finished with value: 0.568168960656158 and parameters: {'interp_param': 0.24492152380605553}. Best is trial 53 with value: 0.5689755905848178.
[I 2025-05-13 16:54:45,642] Trial 88 finished with value: 0.5681302746806784 and parameters: {'interp_param': 0.009655748631212699}. Best is trial 53 with value: 0.5689755905848178.
[I 2025-05-13 16:54:46,969] Trial 89 finished with value: 0.5679669528813704 and parameters: {'interp_param': 0.207740311818971}. Best is trial 53 with value: 0.5689755905848178.
[I 2025-05-13 16:54:48,305] Trial 90 finished with value: 0.5679038660344312 and parameters: {'interp_param': 0.1337567368801828}. Best is trial 53 with value: 0.5689755905848178.
[I 2025-05-13 16:54:49,638] Trial 91 finished with value: 0.5689341364432483 and parameters: {'interp_param': 0.10479247689736652}. Best is trial 53 with value: 0.5689755905848178.
[I 2025-05-13 16:54:50,965] Trial 92 finished with value: 0.5688717330941091 and parameters: {'interp_param': 0.08072688435907986}. Best is trial 53 with value: 0.5689755905848178.
[I 2025-05-13 16:54:52,292] Trial 93 finished with value: 0.5689300696313384 and parameters: {'interp_param': 0.10488921260447903}. Best is trial 53 with value: 0.5689755905848178.
[I 2025-05-13 16:54:53,628] Trial 94 finished with value: 0.5689851253791276 and parameters: {'interp_param': 0.04903959292619372}. Best is trial 94 with value: 0.5689851253791276.
[I 2025-05-13 16:54:54,960] Trial 95 finished with value: 0.56879429279337 and parameters: {'interp_param': 0.04295949842919653}. Best is trial 94 with value: 0.5689851253791276.
[I 2025-05-13 16:54:56,287] Trial 96 finished with value: 0.5681649963689179 and parameters: {'interp_param': 0.018710651269940315}. Best is trial 94 with value: 0.5689851253791276.
[I 2025-05-13 16:54:57,615] Trial 97 finished with value: 0.5681232688282285 and parameters: {'interp_param': 0.1232479645450345}. Best is trial 94 with value: 0.5689851253791276.
[I 2025-05-13 16:54:58,960] Trial 98 finished with value: 0.5687781280704003 and parameters: {'interp_param': 0.057210434073709404}. Best is trial 94 with value: 0.5689851253791276.
