[I 2025-05-14 10:22:40,439] Trial 99 finished with value: 0.5666037848690675 and parameters: {'threshold_scale_factor': 0.2647058112906087}. Best is trial 22 with value: 0.5686777564184715.
Best hyperparameters: {'threshold_scale_factor': 0.3390163813996871}
Best optimized value: 0.5686777564184715
Running audit 1/1
Training a GAT target model on amazon-photo...
Training GAT on cuda:   0%|          | 0/400 [00:00<?, ?it/s]Training GAT on cuda:   3%|▎         | 13/400 [00:00<00:02, 129.03it/s]Training GAT on cuda:   7%|▋         | 27/400 [00:00<00:02, 129.74it/s]Training GAT on cuda:  10%|█         | 41/400 [00:00<00:02, 130.01it/s]Training GAT on cuda:  14%|█▍        | 55/400 [00:00<00:02, 130.07it/s]Training GAT on cuda:  17%|█▋        | 69/400 [00:00<00:02, 130.14it/s]Training GAT on cuda:  21%|██        | 83/400 [00:00<00:02, 130.15it/s]Training GAT on cuda:  24%|██▍       | 97/400 [00:00<00:02, 130.13it/s]Training GAT on cuda:  28%|██▊       | 111/400 [00:00<00:02, 130.11it/s]Training GAT on cuda:  31%|███▏      | 125/400 [00:00<00:02, 130.15it/s]Training GAT on cuda:  35%|███▍      | 139/400 [00:01<00:02, 130.15it/s]Training GAT on cuda:  38%|███▊      | 153/400 [00:01<00:01, 130.15it/s]Training GAT on cuda:  42%|████▏     | 167/400 [00:01<00:01, 130.18it/s]Training GAT on cuda:  45%|████▌     | 181/400 [00:01<00:01, 130.19it/s]Training GAT on cuda:  49%|████▉     | 195/400 [00:01<00:01, 130.20it/s]Training GAT on cuda:  52%|█████▏    | 209/400 [00:01<00:01, 130.20it/s]Training GAT on cuda:  56%|█████▌    | 223/400 [00:01<00:01, 130.23it/s]Training GAT on cuda:  59%|█████▉    | 237/400 [00:01<00:01, 130.26it/s]Training GAT on cuda:  63%|██████▎   | 251/400 [00:01<00:01, 130.24it/s]Training GAT on cuda:  66%|██████▋   | 265/400 [00:02<00:01, 130.25it/s]Training GAT on cuda:  70%|██████▉   | 279/400 [00:02<00:00, 130.25it/s]Training GAT on cuda:  73%|███████▎  | 293/400 [00:02<00:00, 130.26it/s]Training GAT on cuda:  77%|███████▋  | 307/400 [00:02<00:00, 130.23it/s]Training GAT on cuda:  80%|████████  | 321/400 [00:02<00:00, 130.24it/s]Training GAT on cuda:  84%|████████▍ | 335/400 [00:02<00:00, 130.22it/s]Training GAT on cuda:  87%|████████▋ | 349/400 [00:02<00:00, 130.25it/s]Training GAT on cuda:  91%|█████████ | 363/400 [00:02<00:00, 130.23it/s]Training GAT on cuda:  94%|█████████▍| 377/400 [00:02<00:00, 130.26it/s]Training GAT on cuda:  98%|█████████▊| 391/400 [00:03<00:00, 130.28it/s]Training GAT on cuda: 100%|██████████| 400/400 [00:03<00:00, 130.18it/s]
Train accuracy: 0.9976 | Test accuracy: 0.9007
Training MLP on cuda:   0%|          | 0/1000 [00:00<?, ?it/s]Training MLP on cuda:   0%|          | 1/1000 [00:07<2:11:30,  7.90s/it]Training MLP on cuda:   0%|          | 2/1000 [00:15<2:09:49,  7.80s/it]Training MLP on cuda:   0%|          | 3/1000 [00:23<2:09:52,  7.82s/it]Training MLP on cuda:   0%|          | 4/1000 [00:31<2:09:42,  7.81s/it]Training MLP on cuda:   0%|          | 5/1000 [00:39<2:09:50,  7.83s/it]Training MLP on cuda:   1%|          | 6/1000 [00:46<2:09:26,  7.81s/it]Training MLP on cuda:   1%|          | 7/1000 [00:54<2:09:34,  7.83s/it]Training MLP on cuda:   1%|          | 8/1000 [01:02<2:08:59,  7.80s/it]Training MLP on cuda:   1%|          | 9/1000 [01:10<2:09:13,  7.82s/it]Training MLP on cuda:   1%|          | 10/1000 [01:18<2:08:46,  7.80s/it]Training MLP on cuda:   1%|          | 11/1000 [01:25<2:08:49,  7.81s/it]Training MLP on cuda:   1%|          | 12/1000 [01:33<2:08:29,  7.80s/it]Training MLP on cuda:   1%|▏         | 13/1000 [01:41<2:08:27,  7.81s/it]Training MLP on cuda:   1%|▏         | 14/1000 [01:49<2:07:49,  7.78s/it]Training MLP on cuda:   2%|▏         | 15/1000 [01:57<2:07:48,  7.79s/it]Training MLP on cuda:   2%|▏         | 16/1000 [02:04<2:07:19,  7.76s/it]Training MLP on cuda:   2%|▏         | 17/1000 [02:12<2:08:02,  7.82s/it]Training MLP on cuda:   2%|▏         | 18/1000 [02:20<2:07:13,  7.77s/it]Training MLP on cuda:   2%|▏         | 19/1000 [02:28<2:07:06,  7.77s/it]Training MLP on cuda:   2%|▏         | 20/1000 [02:35<2:06:33,  7.75s/it]Training MLP on cuda:   2%|▏         | 21/1000 [02:43<2:06:35,  7.76s/it]Training MLP on cuda:   2%|▏         | 22/1000 [02:51<2:06:02,  7.73s/it]Training MLP on cuda:   2%|▏         | 23/1000 [02:59<2:06:04,  7.74s/it]Training MLP on cuda:   2%|▏         | 24/1000 [03:06<2:05:34,  7.72s/it]Training MLP on cuda:   2%|▎         | 25/1000 [03:14<2:05:36,  7.73s/it]Training MLP on cuda:   3%|▎         | 26/1000 [03:22<2:05:10,  7.71s/it]Training MLP on cuda:   3%|▎         | 27/1000 [03:29<2:05:14,  7.72s/it]Training MLP on cuda:   3%|▎         | 28/1000 [03:37<2:04:49,  7.71s/it]Training MLP on cuda:   3%|▎         | 29/1000 [03:45<2:04:58,  7.72s/it]Training MLP on cuda:   3%|▎         | 30/1000 [03:53<2:04:34,  7.71s/it]Training MLP on cuda:   3%|▎         | 31/1000 [04:00<2:04:40,  7.72s/it]Training MLP on cuda:   3%|▎         | 32/1000 [04:08<2:04:15,  7.70s/it]Training MLP on cuda:   3%|▎         | 33/1000 [04:16<2:04:15,  7.71s/it]Training MLP on cuda:   3%|▎         | 34/1000 [04:23<2:03:49,  7.69s/it]Training MLP on cuda:   4%|▎         | 35/1000 [04:31<2:04:07,  7.72s/it]Training MLP on cuda:   4%|▎         | 36/1000 [04:39<2:03:52,  7.71s/it]Training MLP on cuda:   4%|▎         | 37/1000 [04:47<2:04:11,  7.74s/it]Training MLP on cuda:   4%|▍         | 38/1000 [04:54<2:03:54,  7.73s/it]Training MLP on cuda:   4%|▍         | 39/1000 [05:02<2:05:39,  7.85s/it]Training MLP on cuda:   4%|▍         | 40/1000 [05:10<2:04:51,  7.80s/it]Training MLP on cuda:   4%|▍         | 41/1000 [05:18<2:04:45,  7.81s/it]Training MLP on cuda:   4%|▍         | 42/1000 [05:26<2:04:05,  7.77s/it]Training MLP on cuda:   4%|▍         | 43/1000 [05:33<2:04:02,  7.78s/it]Training MLP on cuda:   4%|▍         | 44/1000 [05:41<2:03:41,  7.76s/it]Training MLP on cuda:   4%|▍         | 45/1000 [05:49<2:03:45,  7.78s/it]Training MLP on cuda:   5%|▍         | 46/1000 [05:57<2:03:18,  7.76s/it]Training MLP on cuda:   5%|▍         | 47/1000 [06:04<2:03:26,  7.77s/it]Training MLP on cuda:   5%|▍         | 48/1000 [06:12<2:02:54,  7.75s/it]Training MLP on cuda:   5%|▍         | 49/1000 [06:20<2:02:57,  7.76s/it]Training MLP on cuda:   5%|▌         | 50/1000 [06:28<2:02:32,  7.74s/it]Training MLP on cuda:   5%|▌         | 51/1000 [06:35<2:02:34,  7.75s/it]Training MLP on cuda:   5%|▌         | 52/1000 [06:43<2:02:14,  7.74s/it]Training MLP on cuda:   5%|▌         | 53/1000 [06:51<2:02:22,  7.75s/it]Training MLP on cuda:   5%|▌         | 54/1000 [06:59<2:02:01,  7.74s/it]Training MLP on cuda:   6%|▌         | 55/1000 [07:06<2:02:14,  7.76s/it]Training MLP on cuda:   6%|▌         | 56/1000 [07:14<2:01:52,  7.75s/it]Training MLP on cuda:   6%|▌         | 57/1000 [07:22<2:02:05,  7.77s/it]Training MLP on cuda:   6%|▌         | 58/1000 [07:30<2:01:37,  7.75s/it]Training MLP on cuda:   6%|▌         | 59/1000 [07:37<2:01:35,  7.75s/it]Training MLP on cuda:   6%|▌         | 60/1000 [07:45<2:01:14,  7.74s/it]Training MLP on cuda:   6%|▌         | 61/1000 [07:53<2:01:26,  7.76s/it]Training MLP on cuda:   6%|▌         | 62/1000 [08:01<2:01:02,  7.74s/it]Training MLP on cuda:   6%|▋         | 63/1000 [08:08<2:01:16,  7.77s/it]Training MLP on cuda:   6%|▋         | 64/1000 [08:16<2:00:48,  7.74s/it]Training MLP on cuda:   6%|▋         | 65/1000 [08:24<2:01:02,  7.77s/it]Training MLP on cuda:   7%|▋         | 66/1000 [08:32<2:00:28,  7.74s/it]Training MLP on cuda:   7%|▋         | 67/1000 [08:39<2:00:31,  7.75s/it]Training MLP on cuda:   7%|▋         | 68/1000 [08:47<2:00:03,  7.73s/it]Training MLP on cuda:   7%|▋         | 69/1000 [08:55<2:00:01,  7.74s/it]Training MLP on cuda:   7%|▋         | 70/1000 [09:03<1:59:37,  7.72s/it]Training MLP on cuda:   7%|▋         | 71/1000 [09:11<2:00:44,  7.80s/it]Training MLP on cuda:   7%|▋         | 72/1000 [09:18<1:59:51,  7.75s/it]Training MLP on cuda:   7%|▋         | 73/1000 [09:26<1:59:39,  7.74s/it]Training MLP on cuda:   7%|▋         | 74/1000 [09:34<1:58:58,  7.71s/it]Training MLP on cuda:   8%|▊         | 75/1000 [09:41<1:58:54,  7.71s/it]Training MLP on cuda:   8%|▊         | 76/1000 [09:49<1:58:33,  7.70s/it]Training MLP on cuda:   8%|▊         | 77/1000 [09:57<1:58:39,  7.71s/it]Training MLP on cuda:   8%|▊         | 78/1000 [10:04<1:58:17,  7.70s/it]Training MLP on cuda:   8%|▊         | 79/1000 [10:12<1:58:21,  7.71s/it]Training MLP on cuda:   8%|▊         | 80/1000 [10:20<1:57:51,  7.69s/it]Training MLP on cuda:   8%|▊         | 81/1000 [10:27<1:57:56,  7.70s/it]Training MLP on cuda:   8%|▊         | 82/1000 [10:35<1:57:26,  7.68s/it]Training MLP on cuda:   8%|▊         | 83/1000 [10:43<1:57:36,  7.69s/it]Training MLP on cuda:   8%|▊         | 84/1000 [10:50<1:57:18,  7.68s/it]Training MLP on cuda:   8%|▊         | 85/1000 [10:58<1:57:22,  7.70s/it]Training MLP on cuda:   9%|▊         | 86/1000 [11:06<1:57:03,  7.68s/it]Training MLP on cuda:   9%|▊         | 87/1000 [11:14<1:57:11,  7.70s/it]Training MLP on cuda:   9%|▉         | 88/1000 [11:21<1:56:47,  7.68s/it]Training MLP on cuda:   9%|▉         | 89/1000 [11:29<1:56:55,  7.70s/it]Training MLP on cuda:   9%|▉         | 90/1000 [11:37<1:56:29,  7.68s/it]Training MLP on cuda:   9%|▉         | 91/1000 [11:44<1:56:33,  7.69s/it]Training MLP on cuda:   9%|▉         | 92/1000 [11:52<1:56:14,  7.68s/it]Training MLP on cuda:   9%|▉         | 93/1000 [12:00<1:56:18,  7.69s/it]Training MLP on cuda:   9%|▉         | 94/1000 [12:07<1:56:02,  7.69s/it]Training MLP on cuda:  10%|▉         | 95/1000 [12:15<1:56:10,  7.70s/it]Training MLP on cuda:  10%|▉         | 96/1000 [12:23<1:55:42,  7.68s/it]Training MLP on cuda:  10%|▉         | 97/1000 [12:30<1:55:48,  7.70s/it]Training MLP on cuda:  10%|▉         | 98/1000 [12:38<1:56:45,  7.77s/it]Training MLP on cuda:  10%|▉         | 99/1000 [12:46<1:56:20,  7.75s/it]Training MLP on cuda:  10%|█         | 100/1000 [12:54<1:55:45,  7.72s/it]Training MLP on cuda:  10%|█         | 101/1000 [13:02<1:55:56,  7.74s/it]Training MLP on cuda:  10%|█         | 102/1000 [13:09<1:55:16,  7.70s/it]Training MLP on cuda:  10%|█         | 103/1000 [13:17<1:55:15,  7.71s/it]Training MLP on cuda:  10%|█         | 104/1000 [13:24<1:54:43,  7.68s/it]Training MLP on cuda:  10%|█         | 105/1000 [13:32<1:54:44,  7.69s/it]Training MLP on cuda:  11%|█         | 106/1000 [13:40<1:54:14,  7.67s/it]Training MLP on cuda:  11%|█         | 107/1000 [13:47<1:54:12,  7.67s/it]Training MLP on cuda:  11%|█         | 108/1000 [13:55<1:53:52,  7.66s/it]Training MLP on cuda:  11%|█         | 109/1000 [14:03<1:54:03,  7.68s/it]Training MLP on cuda:  11%|█         | 110/1000 [14:10<1:53:42,  7.67s/it]Training MLP on cuda:  11%|█         | 111/1000 [14:18<1:53:53,  7.69s/it]Training MLP on cuda:  11%|█         | 112/1000 [14:26<1:53:27,  7.67s/it]Training MLP on cuda:  11%|█▏        | 113/1000 [14:34<1:53:33,  7.68s/it]Training MLP on cuda:  11%|█▏        | 114/1000 [14:41<1:53:11,  7.67s/it]Training MLP on cuda:  12%|█▏        | 115/1000 [14:49<1:53:12,  7.68s/it]Training MLP on cuda:  12%|█▏        | 116/1000 [14:57<1:53:00,  7.67s/it]Training MLP on cuda:  12%|█▏        | 117/1000 [15:04<1:53:07,  7.69s/it]Training MLP on cuda:  12%|█▏        | 118/1000 [15:12<1:52:45,  7.67s/it]Training MLP on cuda:  12%|█▏        | 119/1000 [15:20<1:52:51,  7.69s/it]Training MLP on cuda:  12%|█▏        | 120/1000 [15:27<1:52:21,  7.66s/it]Training MLP on cuda:  12%|█▏        | 121/1000 [15:35<1:52:29,  7.68s/it]Training MLP on cuda:  12%|█▏        | 122/1000 [15:43<1:52:11,  7.67s/it]Training MLP on cuda:  12%|█▏        | 123/1000 [15:50<1:52:09,  7.67s/it]Training MLP on cuda:  12%|█▏        | 124/1000 [15:58<1:51:48,  7.66s/it]Training MLP on cuda:  12%|█▎        | 125/1000 [16:06<1:51:58,  7.68s/it]Training MLP on cuda:  13%|█▎        | 126/1000 [16:13<1:51:36,  7.66s/it]Training MLP on cuda:  13%|█▎        | 127/1000 [16:21<1:51:42,  7.68s/it]Training MLP on cuda:  13%|█▎        | 128/1000 [16:29<1:51:18,  7.66s/it]Training MLP on cuda:  13%|█▎        | 129/1000 [16:36<1:51:30,  7.68s/it]Training MLP on cuda:  13%|█▎        | 130/1000 [16:44<1:51:06,  7.66s/it]Training MLP on cuda:  13%|█▎        | 131/1000 [16:52<1:51:08,  7.67s/it]Training MLP on cuda:  13%|█▎        | 132/1000 [16:59<1:50:51,  7.66s/it]Training MLP on cuda:  13%|█▎        | 133/1000 [17:07<1:50:58,  7.68s/it]Training MLP on cuda:  13%|█▎        | 134/1000 [17:15<1:50:37,  7.66s/it]Training MLP on cuda:  14%|█▎        | 135/1000 [17:22<1:50:53,  7.69s/it]Training MLP on cuda:  14%|█▎        | 136/1000 [17:30<1:50:25,  7.67s/it]Training MLP on cuda:  14%|█▎        | 137/1000 [17:38<1:50:30,  7.68s/it]Training MLP on cuda:  14%|█▍        | 138/1000 [17:45<1:50:08,  7.67s/it]Training MLP on cuda:  14%|█▍        | 139/1000 [17:53<1:50:10,  7.68s/it]Training MLP on cuda:  14%|█▍        | 140/1000 [18:01<1:49:51,  7.66s/it]Training MLP on cuda:  14%|█▍        | 141/1000 [18:08<1:50:02,  7.69s/it]Training MLP on cuda:  14%|█▍        | 142/1000 [18:16<1:49:46,  7.68s/it]Training MLP on cuda:  14%|█▍        | 143/1000 [18:24<1:49:50,  7.69s/it]Training MLP on cuda:  14%|█▍        | 144/1000 [18:31<1:49:18,  7.66s/it]Training MLP on cuda:  14%|█▍        | 145/1000 [18:39<1:50:31,  7.76s/it]Training MLP on cuda:  15%|█▍        | 146/1000 [18:47<1:49:47,  7.71s/it]Training MLP on cuda:  15%|█▍        | 147/1000 [18:55<1:49:39,  7.71s/it]Training MLP on cuda:  15%|█▍        | 148/1000 [19:02<1:49:12,  7.69s/it]Training MLP on cuda:  15%|█▍        | 149/1000 [19:10<1:49:09,  7.70s/it]Training MLP on cuda:  15%|█▌        | 150/1000 [19:18<1:48:47,  7.68s/it]Training MLP on cuda:  15%|█▌        | 151/1000 [19:25<1:48:49,  7.69s/it]Training MLP on cuda:  15%|█▌        | 152/1000 [19:33<1:48:20,  7.67s/it]Training MLP on cuda:  15%|█▌        | 153/1000 [19:41<1:48:23,  7.68s/it]Training MLP on cuda:  15%|█▌        | 154/1000 [19:48<1:47:57,  7.66s/it]Training MLP on cuda:  16%|█▌        | 155/1000 [19:56<1:47:59,  7.67s/it]Training MLP on cuda:  16%|█▌        | 156/1000 [20:04<1:47:42,  7.66s/it]Training MLP on cuda:  16%|█▌        | 157/1000 [20:11<1:47:47,  7.67s/it]Training MLP on cuda:  16%|█▌        | 158/1000 [20:19<1:47:29,  7.66s/it]Training MLP on cuda:  16%|█▌        | 159/1000 [20:27<1:47:38,  7.68s/it]Training MLP on cuda:  16%|█▌        | 160/1000 [20:34<1:47:14,  7.66s/it]Training MLP on cuda:  16%|█▌        | 161/1000 [20:42<1:47:25,  7.68s/it]Training MLP on cuda:  16%|█▌        | 162/1000 [20:50<1:47:05,  7.67s/it]Training MLP on cuda:  16%|█▋        | 163/1000 [20:58<1:47:47,  7.73s/it]Training MLP on cuda:  16%|█▋        | 164/1000 [21:05<1:47:14,  7.70s/it]Training MLP on cuda:  16%|█▋        | 165/1000 [21:13<1:47:11,  7.70s/it]Training MLP on cuda:  17%|█▋        | 166/1000 [21:21<1:46:48,  7.68s/it]Training MLP on cuda:  17%|█▋        | 167/1000 [21:28<1:46:49,  7.69s/it]Training MLP on cuda:  17%|█▋        | 168/1000 [21:36<1:46:22,  7.67s/it]Training MLP on cuda:  17%|█▋        | 169/1000 [21:44<1:46:25,  7.68s/it]Training MLP on cuda:  17%|█▋        | 170/1000 [21:51<1:45:57,  7.66s/it]Training MLP on cuda:  17%|█▋        | 171/1000 [21:59<1:46:00,  7.67s/it]Training MLP on cuda:  17%|█▋        | 172/1000 [22:06<1:45:38,  7.65s/it]Training MLP on cuda:  17%|█▋        | 173/1000 [22:14<1:45:41,  7.67s/it]Training MLP on cuda:  17%|█▋        | 174/1000 [22:22<1:45:23,  7.66s/it]Training MLP on cuda:  18%|█▊        | 175/1000 [22:30<1:45:31,  7.67s/it]Training MLP on cuda:  18%|█▊        | 176/1000 [22:37<1:45:12,  7.66s/it]Training MLP on cuda:  18%|█▊        | 177/1000 [22:45<1:45:17,  7.68s/it]Training MLP on cuda:  18%|█▊        | 178/1000 [22:52<1:44:54,  7.66s/it]Training MLP on cuda:  18%|█▊        | 179/1000 [23:00<1:45:01,  7.68s/it]Training MLP on cuda:  18%|█▊        | 180/1000 [23:08<1:44:38,  7.66s/it]Training MLP on cuda:  18%|█▊        | 181/1000 [23:16<1:44:41,  7.67s/it]Training MLP on cuda:  18%|█▊        | 182/1000 [23:23<1:44:22,  7.66s/it]Training MLP on cuda:  18%|█▊        | 183/1000 [23:31<1:44:32,  7.68s/it]Training MLP on cuda:  18%|█▊        | 184/1000 [23:38<1:44:10,  7.66s/it]Training MLP on cuda:  18%|█▊        | 185/1000 [23:46<1:44:15,  7.68s/it]Training MLP on cuda:  19%|█▊        | 186/1000 [23:54<1:43:55,  7.66s/it]Training MLP on cuda:  19%|█▊        | 187/1000 [24:02<1:43:54,  7.67s/it]Training MLP on cuda:  19%|█▉        | 188/1000 [24:09<1:43:40,  7.66s/it]Training MLP on cuda:  19%|█▉        | 189/1000 [24:17<1:43:42,  7.67s/it]Training MLP on cuda:  19%|█▉        | 190/1000 [24:24<1:43:19,  7.65s/it]Training MLP on cuda:  19%|█▉        | 191/1000 [24:32<1:43:25,  7.67s/it]Training MLP on cuda:  19%|█▉        | 192/1000 [24:40<1:43:07,  7.66s/it]Training MLP on cuda:  19%|█▉        | 193/1000 [24:48<1:43:16,  7.68s/it]Training MLP on cuda:  19%|█▉        | 194/1000 [24:55<1:42:52,  7.66s/it]Training MLP on cuda:  20%|█▉        | 195/1000 [25:03<1:42:53,  7.67s/it]Training MLP on cuda:  20%|█▉        | 196/1000 [25:10<1:42:40,  7.66s/it]Training MLP on cuda:  20%|█▉        | 197/1000 [25:18<1:42:42,  7.67s/it]Training MLP on cuda:  20%|█▉        | 198/1000 [25:26<1:42:19,  7.66s/it]Training MLP on cuda:  20%|█▉        | 199/1000 [25:34<1:42:25,  7.67s/it]Training MLP on cuda:  20%|██        | 200/1000 [25:41<1:42:05,  7.66s/it]Training MLP on cuda:  20%|██        | 201/1000 [25:49<1:42:13,  7.68s/it]Training MLP on cuda:  20%|██        | 202/1000 [25:56<1:41:50,  7.66s/it]Training MLP on cuda:  20%|██        | 203/1000 [26:04<1:41:51,  7.67s/it]Training MLP on cuda:  20%|██        | 204/1000 [26:12<1:41:33,  7.66s/it]Training MLP on cuda:  20%|██        | 205/1000 [26:19<1:41:39,  7.67s/it]Training MLP on cuda:  21%|██        | 206/1000 [26:27<1:41:19,  7.66s/it]Training MLP on cuda:  21%|██        | 207/1000 [26:35<1:41:27,  7.68s/it]Training MLP on cuda:  21%|██        | 208/1000 [26:42<1:41:00,  7.65s/it]Training MLP on cuda:  21%|██        | 209/1000 [26:50<1:41:16,  7.68s/it]Training MLP on cuda:  21%|██        | 210/1000 [26:58<1:40:52,  7.66s/it]Training MLP on cuda:  21%|██        | 211/1000 [27:06<1:40:56,  7.68s/it]Training MLP on cuda:  21%|██        | 212/1000 [27:13<1:40:36,  7.66s/it]Training MLP on cuda:  21%|██▏       | 213/1000 [27:21<1:40:40,  7.68s/it]Training MLP on cuda:  21%|██▏       | 214/1000 [27:28<1:40:27,  7.67s/it]Training MLP on cuda:  22%|██▏       | 215/1000 [27:36<1:40:36,  7.69s/it]Training MLP on cuda:  22%|██▏       | 216/1000 [27:44<1:40:10,  7.67s/it]Training MLP on cuda:  22%|██▏       | 217/1000 [27:52<1:40:17,  7.68s/it]Training MLP on cuda:  22%|██▏       | 218/1000 [27:59<1:39:57,  7.67s/it]Training MLP on cuda:  22%|██▏       | 219/1000 [28:07<1:39:53,  7.67s/it]Training MLP on cuda:  22%|██▏       | 220/1000 [28:15<1:39:39,  7.67s/it]Training MLP on cuda:  22%|██▏       | 221/1000 [28:22<1:39:43,  7.68s/it]Training MLP on cuda:  22%|██▏       | 222/1000 [28:30<1:39:25,  7.67s/it]Training MLP on cuda:  22%|██▏       | 223/1000 [28:38<1:39:30,  7.68s/it]Training MLP on cuda:  22%|██▏       | 224/1000 [28:45<1:39:05,  7.66s/it]Training MLP on cuda:  22%|██▎       | 225/1000 [28:53<1:39:09,  7.68s/it]Training MLP on cuda:  23%|██▎       | 226/1000 [29:01<1:38:51,  7.66s/it]Training MLP on cuda:  23%|██▎       | 227/1000 [29:08<1:38:56,  7.68s/it]Training MLP on cuda:  23%|██▎       | 228/1000 [29:16<1:38:38,  7.67s/it]Training MLP on cuda:  23%|██▎       | 229/1000 [29:24<1:38:40,  7.68s/it]Training MLP on cuda:  23%|██▎       | 230/1000 [29:31<1:38:17,  7.66s/it]Training MLP on cuda:  23%|██▎       | 231/1000 [29:39<1:38:24,  7.68s/it]Training MLP on cuda:  23%|██▎       | 232/1000 [29:47<1:37:59,  7.66s/it]Training MLP on cuda:  23%|██▎       | 233/1000 [29:54<1:38:09,  7.68s/it]Training MLP on cuda:  23%|██▎       | 234/1000 [30:02<1:37:47,  7.66s/it]Training MLP on cuda:  24%|██▎       | 235/1000 [30:10<1:37:50,  7.67s/it]Training MLP on cuda:  24%|██▎       | 236/1000 [30:17<1:37:27,  7.65s/it]Training MLP on cuda:  24%|██▎       | 237/1000 [30:25<1:37:29,  7.67s/it]Training MLP on cuda:  24%|██▍       | 238/1000 [30:33<1:37:08,  7.65s/it]Training MLP on cuda:  24%|██▍       | 239/1000 [30:40<1:37:18,  7.67s/it]Training MLP on cuda:  24%|██▍       | 240/1000 [30:48<1:36:59,  7.66s/it]Training MLP on cuda:  24%|██▍       | 241/1000 [30:56<1:37:04,  7.67s/it]Training MLP on cuda:  24%|██▍       | 242/1000 [31:03<1:36:46,  7.66s/it]Training MLP on cuda:  24%|██▍       | 243/1000 [31:11<1:36:45,  7.67s/it]Training MLP on cuda:  24%|██▍       | 244/1000 [31:19<1:36:27,  7.65s/it]Training MLP on cuda:  24%|██▍       | 245/1000 [31:26<1:36:31,  7.67s/it]Training MLP on cuda:  25%|██▍       | 246/1000 [31:34<1:36:12,  7.66s/it]Training MLP on cuda:  25%|██▍       | 247/1000 [31:42<1:36:22,  7.68s/it]Training MLP on cuda:  25%|██▍       | 248/1000 [31:49<1:36:00,  7.66s/it]Training MLP on cuda:  25%|██▍       | 249/1000 [31:57<1:36:04,  7.68s/it]Training MLP on cuda:  25%|██▌       | 250/1000 [32:05<1:35:39,  7.65s/it]Training MLP on cuda:  25%|██▌       | 251/1000 [32:12<1:35:40,  7.66s/it]Training MLP on cuda:  25%|██▌       | 252/1000 [32:20<1:35:25,  7.65s/it]Training MLP on cuda:  25%|██▌       | 253/1000 [32:28<1:35:33,  7.68s/it]Training MLP on cuda:  25%|██▌       | 254/1000 [32:35<1:35:17,  7.66s/it]Training MLP on cuda:  26%|██▌       | 255/1000 [32:43<1:35:22,  7.68s/it]Training MLP on cuda:  26%|██▌       | 256/1000 [32:51<1:34:59,  7.66s/it]Training MLP on cuda:  26%|██▌       | 257/1000 [32:58<1:35:05,  7.68s/it]Training MLP on cuda:  26%|██▌       | 258/1000 [33:06<1:34:44,  7.66s/it]Training MLP on cuda:  26%|██▌       | 259/1000 [33:14<1:34:45,  7.67s/it]Training MLP on cuda:  26%|██▌    