[I 2025-05-13 23:57:37,125] Trial 0 finished with value: 0.5705031739929086 and parameters: {'interp_param': 0.7945036269288394}. Best is trial 0 with value: 0.5705031739929086.
[I 2025-05-13 23:57:38,439] Trial 1 finished with value: 0.5715173822034261 and parameters: {'interp_param': 0.4628787443873029}. Best is trial 1 with value: 0.5715173822034261.
[I 2025-05-13 23:57:39,884] Trial 2 finished with value: 0.5743803836131403 and parameters: {'interp_param': 0.1920555694649818}. Best is trial 2 with value: 0.5743803836131403.
[I 2025-05-13 23:57:41,204] Trial 3 finished with value: 0.5705932590029476 and parameters: {'interp_param': 0.8949672350000771}. Best is trial 2 with value: 0.5743803836131403.
[I 2025-05-13 23:57:42,526] Trial 4 finished with value: 0.570805997693195 and parameters: {'interp_param': 0.9257528511676852}. Best is trial 2 with value: 0.5743803836131403.
[I 2025-05-13 23:57:43,842] Trial 5 finished with value: 0.5747894570464351 and parameters: {'interp_param': 0.11066821139422056}. Best is trial 5 with value: 0.5747894570464351.
[I 2025-05-13 23:57:45,163] Trial 6 finished with value: 0.5747294117647058 and parameters: {'interp_param': 0.09074715452556681}. Best is trial 5 with value: 0.5747894570464351.
[I 2025-05-13 23:57:46,640] Trial 7 finished with value: 0.5754257251484471 and parameters: {'interp_param': 0.0015000965104265962}. Best is trial 7 with value: 0.5754257251484471.
[I 2025-05-13 23:57:47,960] Trial 8 finished with value: 0.5710343884830621 and parameters: {'interp_param': 0.5851967374931629}. Best is trial 7 with value: 0.5754257251484471.
[I 2025-05-13 23:57:49,280] Trial 9 finished with value: 0.572165406467598 and parameters: {'interp_param': 0.7662749701443081}. Best is trial 7 with value: 0.5754257251484471.
[I 2025-05-13 23:57:50,603] Trial 10 finished with value: 0.5723229868853859 and parameters: {'interp_param': 0.3238182079884602}. Best is trial 7 with value: 0.5754257251484471.
[I 2025-05-13 23:57:51,925] Trial 11 finished with value: 0.5755677559912854 and parameters: {'interp_param': 0.023556204233272315}. Best is trial 11 with value: 0.5755677559912854.
[I 2025-05-13 23:57:53,244] Trial 12 finished with value: 0.5756991584433337 and parameters: {'interp_param': 0.013438870500563471}. Best is trial 12 with value: 0.5756991584433337.
[I 2025-05-13 23:57:54,560] Trial 13 finished with value: 0.5732235294117647 and parameters: {'interp_param': 0.28241566279527774}. Best is trial 12 with value: 0.5756991584433337.
[I 2025-05-13 23:57:55,877] Trial 14 finished with value: 0.5754271604938271 and parameters: {'interp_param': 0.0009373574555763056}. Best is trial 12 with value: 0.5756991584433337.
[I 2025-05-13 23:57:57,193] Trial 15 finished with value: 0.5712156520996198 and parameters: {'interp_param': 0.42783115562328905}. Best is trial 12 with value: 0.5756991584433337.
[I 2025-05-13 23:57:58,515] Trial 16 finished with value: 0.5727709513435004 and parameters: {'interp_param': 0.25752065638996}. Best is trial 12 with value: 0.5756991584433337.
[I 2025-05-13 23:57:59,835] Trial 17 finished with value: 0.5710850014951514 and parameters: {'interp_param': 0.5799834298659895}. Best is trial 12 with value: 0.5756991584433337.
[I 2025-05-13 23:58:01,156] Trial 18 finished with value: 0.5747582211969755 and parameters: {'interp_param': 0.14468093286670575}. Best is trial 12 with value: 0.5756991584433337.
[I 2025-05-13 23:58:02,473] Trial 19 finished with value: 0.5718027083600324 and parameters: {'interp_param': 0.3794213354678164}. Best is trial 12 with value: 0.5756991584433337.
[I 2025-05-13 23:58:03,793] Trial 20 finished with value: 0.5742370199495921 and parameters: {'interp_param': 0.1977714038575471}. Best is trial 12 with value: 0.5756991584433337.
[I 2025-05-13 23:58:05,113] Trial 21 finished with value: 0.5757080780896237 and parameters: {'interp_param': 0.01514698792845107}. Best is trial 21 with value: 0.5757080780896237.
[I 2025-05-13 23:58:06,434] Trial 22 finished with value: 0.5752467854244094 and parameters: {'interp_param': 0.06067574233623721}. Best is trial 21 with value: 0.5757080780896237.
[I 2025-05-13 23:58:07,756] Trial 23 finished with value: 0.5755864838310052 and parameters: {'interp_param': 0.007984606396206594}. Best is trial 21 with value: 0.5757080780896237.
[I 2025-05-13 23:58:09,080] Trial 24 finished with value: 0.5747985475671751 and parameters: {'interp_param': 0.17006117324753578}. Best is trial 21 with value: 0.5757080780896237.
[I 2025-05-13 23:58:10,522] Trial 25 finished with value: 0.5747359049938058 and parameters: {'interp_param': 0.08521191563435247}. Best is trial 21 with value: 0.5757080780896237.
[I 2025-05-13 23:58:11,844] Trial 26 finished with value: 0.57280109359648 and parameters: {'interp_param': 0.24946350574745513}. Best is trial 21 with value: 0.5757080780896237.
[I 2025-05-13 23:58:13,164] Trial 27 finished with value: 0.5747120850954761 and parameters: {'interp_param': 0.13382903400147964}. Best is trial 21 with value: 0.5757080780896237.
[I 2025-05-13 23:58:14,482] Trial 28 finished with value: 0.5713111025673886 and parameters: {'interp_param': 0.5247595072741059}. Best is trial 21 with value: 0.5757080780896237.
[I 2025-05-13 23:58:15,800] Trial 29 finished with value: 0.5721479430988081 and parameters: {'interp_param': 0.7542943299625098}. Best is trial 21 with value: 0.5757080780896237.
[I 2025-05-13 23:58:17,130] Trial 30 finished with value: 0.5720481182451194 and parameters: {'interp_param': 0.36327069277658947}. Best is trial 21 with value: 0.5757080780896237.
[I 2025-05-13 23:58:18,449] Trial 31 finished with value: 0.5754824554658464 and parameters: {'interp_param': 0.02787148429427948}. Best is trial 21 with value: 0.5757080780896237.
[I 2025-05-13 23:58:19,770] Trial 32 finished with value: 0.5753771968046478 and parameters: {'interp_param': 0.05695021431718575}. Best is trial 21 with value: 0.5757080780896237.
[I 2025-05-13 23:58:21,091] Trial 33 finished with value: 0.5741172711350335 and parameters: {'interp_param': 0.2022943868299553}. Best is trial 21 with value: 0.5757080780896237.
[I 2025-05-13 23:58:22,413] Trial 34 finished with value: 0.5754117476184373 and parameters: {'interp_param': 5.1191708843646017e-05}. Best is trial 21 with value: 0.5757080780896237.
[I 2025-05-13 23:58:23,730] Trial 35 finished with value: 0.5746118843179973 and parameters: {'interp_param': 0.09181805610951478}. Best is trial 21 with value: 0.5757080780896237.
[I 2025-05-13 23:58:25,053] Trial 36 finished with value: 0.5719300098252809 and parameters: {'interp_param': 0.6936919287095593}. Best is trial 21 with value: 0.5757080780896237.
[I 2025-05-13 23:58:26,373] Trial 37 finished with value: 0.5748230851381947 and parameters: {'interp_param': 0.16535119548238889}. Best is trial 21 with value: 0.5757080780896237.
[I 2025-05-13 23:58:27,696] Trial 38 finished with value: 0.5753808876927677 and parameters: {'interp_param': 0.05759406196853224}. Best is trial 21 with value: 0.5757080780896237.
[I 2025-05-13 23:58:29,015] Trial 39 finished with value: 0.5748003588363451 and parameters: {'interp_param': 0.12228917144427838}. Best is trial 21 with value: 0.5757080780896237.
[I 2025-05-13 23:58:30,334] Trial 40 finished with value: 0.5702141569481822 and parameters: {'interp_param': 0.9919990193262367}. Best is trial 21 with value: 0.5757080780896237.
[I 2025-05-13 23:58:31,652] Trial 41 finished with value: 0.5752606946046392 and parameters: {'interp_param': 0.036821828736010385}. Best is trial 21 with value: 0.5757080780896237.
[I 2025-05-13 23:58:32,971] Trial 42 finished with value: 0.5753241573753685 and parameters: {'interp_param': 0.050476134390165586}. Best is trial 21 with value: 0.5757080780896237.
[I 2025-05-13 23:58:34,291] Trial 43 finished with value: 0.5756152249134949 and parameters: {'interp_param': 0.009676197786953156}. Best is trial 21 with value: 0.5757080780896237.
[I 2025-05-13 23:58:35,732] Trial 44 finished with value: 0.5748333376051946 and parameters: {'interp_param': 0.1121649961948957}. Best is trial 21 with value: 0.5757080780896237.
[I 2025-05-13 23:58:37,059] Trial 45 finished with value: 0.5738775001067965 and parameters: {'interp_param': 0.21837760756925328}. Best is trial 21 with value: 0.5757080780896237.
[I 2025-05-13 23:58:38,384] Trial 46 finished with value: 0.5754662223930966 and parameters: {'interp_param': 0.003005577011450192}. Best is trial 21 with value: 0.5757080780896237.
[I 2025-05-13 23:58:39,702] Trial 47 finished with value: 0.5747298218633858 and parameters: {'interp_param': 0.08939781959368492}. Best is trial 21 with value: 0.5757080780896237.
[I 2025-05-13 23:58:41,018] Trial 48 finished with value: 0.5725699688154129 and parameters: {'interp_param': 0.31199869061107766}. Best is trial 21 with value: 0.5757080780896237.
[I 2025-05-13 23:58:42,338] Trial 49 finished with value: 0.5748376778162245 and parameters: {'interp_param': 0.11693920751214419}. Best is trial 21 with value: 0.5757080780896237.
[I 2025-05-13 23:58:43,657] Trial 50 finished with value: 0.574719535221496 and parameters: {'interp_param': 0.15612698773712233}. Best is trial 21 with value: 0.5757080780896237.
[I 2025-05-13 23:58:44,979] Trial 51 finished with value: 0.5755523431158955 and parameters: {'interp_param': 0.02396696177085178}. Best is trial 21 with value: 0.5757080780896237.
[I 2025-05-13 23:58:46,300] Trial 52 finished with value: 0.575281199538639 and parameters: {'interp_param': 0.03593983247513176}. Best is trial 21 with value: 0.5757080780896237.
[I 2025-05-13 23:58:47,612] Trial 53 finished with value: 0.5755564441026955 and parameters: {'interp_param': 0.0070036474566604855}. Best is trial 21 with value: 0.5757080780896237.
[I 2025-05-13 23:58:48,934] Trial 54 finished with value: 0.5750496646588918 and parameters: {'interp_param': 0.06906726288151059}. Best is trial 21 with value: 0.5757080780896237.
[I 2025-05-13 23:58:50,253] Trial 55 finished with value: 0.5754216583365372 and parameters: {'interp_param': 0.00045506493093296595}. Best is trial 21 with value: 0.5757080780896237.
[I 2025-05-13 23:58:51,578] Trial 56 finished with value: 0.5729831774103977 and parameters: {'interp_param': 0.23751398427976883}. Best is trial 21 with value: 0.5757080780896237.
[I 2025-05-13 23:58:52,899] Trial 57 finished with value: 0.5747456790123456 and parameters: {'interp_param': 0.0903675157088816}. Best is trial 21 with value: 0.5757080780896237.
[I 2025-05-13 23:58:54,222] Trial 58 finished with value: 0.5746839249861164 and parameters: {'interp_param': 0.17416714024269286}. Best is trial 21 with value: 0.5757080780896237.
[I 2025-05-13 23:58:55,542] Trial 59 finished with value: 0.5747828271177753 and parameters: {'interp_param': 0.12976853831742455}. Best is trial 21 with value: 0.5757080780896237.
[I 2025-05-13 23:58:56,867] Trial 60 finished with value: 0.5699738732965953 and parameters: {'interp_param': 0.8624486551074964}. Best is trial 21 with value: 0.5757080780896237.
[I 2025-05-13 23:58:58,186] Trial 61 finished with value: 0.5754577128454867 and parameters: {'interp_param': 0.029485076801341863}. Best is trial 21 with value: 0.5757080780896237.
[I 2025-05-13 23:58:59,507] Trial 62 finished with value: 0.5754633517023366 and parameters: {'interp_param': 0.02685544953381859}. Best is trial 21 with value: 0.5757080780896237.
[I 2025-05-13 23:59:00,978] Trial 63 finished with value: 0.5750371224742621 and parameters: {'interp_param': 0.07288681144353248}. Best is trial 21 with value: 0.5757080780896237.
[I 2025-05-13 23:59:02,298] Trial 64 finished with value: 0.5754905890896664 and parameters: {'interp_param': 0.026216112096725624}. Best is trial 21 with value: 0.5757080780896237.
[I 2025-05-13 23:59:03,618] Trial 65 finished with value: 0.5746620872314068 and parameters: {'interp_param': 0.09763635295051977}. Best is trial 21 with value: 0.5757080780896237.
[I 2025-05-13 23:59:04,937] Trial 66 finished with value: 0.5712457260028194 and parameters: {'interp_param': 0.45375824085579264}. Best is trial 21 with value: 0.5757080780896237.
[I 2025-05-13 23:59:06,261] Trial 67 finished with value: 0.5754256909735571 and parameters: {'interp_param': 0.0020471587211813563}. Best is trial 21 with value: 0.5757080780896237.
[I 2025-05-13 23:59:07,582] Trial 68 finished with value: 0.57519945320176 and parameters: {'interp_param': 0.062288912740764424}. Best is trial 21 with value: 0.5757080780896237.
[I 2025-05-13 23:59:08,903] Trial 69 finished with value: 0.5746967747447563 and parameters: {'interp_param': 0.1410466359699666}. Best is trial 21 with value: 0.5757080780896237.
[I 2025-05-13 23:59:10,225] Trial 70 finished with value: 0.575355427399718 and parameters: {'interp_param': 0.04748856520832162}. Best is trial 21 with value: 0.5757080780896237.
[I 2025-05-13 23:59:11,546] Trial 71 finished with value: 0.5755419539493357 and parameters: {'interp_param': 0.024769566227577283}. Best is trial 21 with value: 0.5757080780896237.
[I 2025-05-13 23:59:12,864] Trial 72 finished with value: 0.574799470289205 and parameters: {'interp_param': 0.07879413076157049}. Best is trial 21 with value: 0.5757080780896237.
[I 2025-05-13 23:59:14,182] Trial 73 finished with value: 0.5757029518561236 and parameters: {'interp_param': 0.02086478050959164}. Best is trial 21 with value: 0.5757080780896237.
[I 2025-05-13 23:59:15,497] Trial 74 finished with value: 0.5715711051305054 and parameters: {'interp_param': 0.6541278652233551}. Best is trial 21 with value: 0.5757080780896237.
[I 2025-05-13 23:59:16,824] Trial 75 finished with value: 0.5747572984749455 and parameters: {'interp_param': 0.10784833006092795}. Best is trial 21 with value: 0.5757080780896237.
[I 2025-05-13 23:59:18,142] Trial 76 finished with value: 0.5753469862018882 and parameters: {'interp_param': 0.055855050974245396}. Best is trial 21 with value: 0.5757080780896237.
[I 2025-05-13 23:59:19,465] Trial 77 finished with value: 0.5754627707292068 and parameters: {'interp_param': 0.002913851800760838}. Best is trial 21 with value: 0.5757080780896237.
[I 2025-05-13 23:59:20,789] Trial 78 finished with value: 0.5754583621683969 and parameters: {'interp_param': 0.029368444459542706}. Best is trial 21 with value: 0.5757080780896237.
[I 2025-05-13 23:59:22,111] Trial 79 finished with value: 0.5747603058652655 and parameters: {'interp_param': 0.14470830465387582}. Best is trial 21 with value: 0.5757080780896237.
[I 2025-05-13 23:59:23,434] Trial 80 finished with value: 0.5745407663719082 and parameters: {'interp_param': 0.18035104481170652}. Best is trial 21 with value: 0.5757080780896237.
[I 2025-05-13 23:59:24,759] Trial 81 finished with value: 0.5757080439147335 and parameters: {'interp_param': 0.019777583983540792}. Best is trial 21 with value: 0.5757080780896237.
[I 2025-05-13 23:59:26,226] Trial 82 finished with value: 0.5748440343457644 and parameters: {'interp_param': 0.07679109268143733}. Best is trial 21 with value: 0.5757080780896237.
[I 2025-05-13 23:59:27,548] Trial 83 finished with value: 0.575366363364518 and parameters: {'interp_param': 0.048631540869159176}. Best is trial 21 with value: 0.5757080780896237.
[I 2025-05-13 23:59:28,869] Trial 84 finished with value: 0.5756860011106839 and parameters: {'interp_param': 0.021227221134857206}. Best is trial 21 with value: 0.5757080780896237.
[I 2025-05-13 23:59:30,189] Trial 85 finished with value: 0.5747054209919262 and parameters: {'interp_param': 0.10299824849658963}. Best is trial 21 with value: 0.5757080780896237.
[I 2025-05-13 23:59:31,512] Trial 86 finished with value: 0.5750593361527618 and parameters: {'interp_param': 0.06842511267400905}. Best is trial 21 with value: 0.5757080780896237.
[I 2025-05-13 23:59:32,834] Trial 87 finished with value: 0.5757207911487034 and parameters: {'interp_param': 0.016399719527910278}. Best is trial 87 with value: 0.5757207911487034.
[I 2025-05-13 23:59:34,156] Trial 88 finished with value: 0.571680840702294 and parameters: {'interp_param': 0.5096939391823934}. Best is trial 87 with value: 0.5757207911487034.
[I 2025-05-13 23:59:35,475] Trial 89 finished with value: 0.5753110342176087 and parameters: {'interp_param': 0.04310701065911511}. Best is trial 87 with value: 0.5757207911487034.
[I 2025-05-13 23:59:36,797] Trial 90 finished with value: 0.5747948908539451 and parameters: {'interp_param': 0.12253530170398777}. Best is trial 87 with value: 0.5757207911487034.
[I 2025-05-13 23:59:38,116] Trial 91 finished with value: 0.5757011405869538 and parameters: {'interp_param': 0.013527502753667733}. Best is trial 87 with value: 0.5757207911487034.
[I 2025-05-13 23:59:39,440] Trial 92 finished with value: 0.5756876756802939 and parameters: {'interp_param': 0.021094519823495927}. Best is trial 87 with value: 0.5757207911487034.
[I 2025-05-13 23:59:40,763] Trial 93 finished with value: 0.5753534110812081 and parameters: {'interp_param': 0.04760358198218939}. Best is trial 87 with value: 0.5757207911487034.
[I 2025-05-13 23:59:42,089] Trial 94 finished with value: 0.5757015506856338 and parameters: {'interp_param': 0.01868302855559291}. Best is trial 87 with value: 0.5757207911487034.
[I 2025-05-13 23:59:43,412] Trial 95 finished with value: 0.5747537442863856 and parameters: {'interp_param': 0.08690227735462275}. Best is trial 87 with value: 0.5757207911487034.
[I 2025-05-13 23:59:44,730] Trial 96 finished with value: 0.5757033619548038 and parameters: {'interp_param': 0.013701747927942098}. Best is trial 87 with value: 0.5757207911487034.
[I 2025-05-13 23:59:46,049] Trial 97 finished with value: 0.5756897945234738 and parameters: {'interp_param': 0.021022636758373996}. Best is trial 87 with value: 0.5757207911487034.
[I 2025-05-13 23:59:47,378] Trial 98 finished with value: 0.5752405314195396 and parameters: {'interp_param': 0.06088964139993486}. Best is trial 87 with value: 0.5757207911487034.
