[I 2025-05-13 21:08:30,048] Trial 99 finished with value: 0.5688353710111496 and parameters: {'threshold_scale_factor': 0.45410004962112666}. Best is trial 35 with value: 0.5689899098637277.
Best hyperparameters: {'threshold_scale_factor': 0.46168892049816806}
Best optimized value: 0.5689899098637277
Running audit 1/1
Training a GAT target model on amazon-photo...
Training GAT on cuda:   0%|          | 0/400 [00:00<?, ?it/s]Training GAT on cuda:   3%|▎         | 13/400 [00:00<00:03, 126.80it/s]Training GAT on cuda:   6%|▋         | 26/400 [00:00<00:02, 127.38it/s]Training GAT on cuda:  10%|▉         | 39/400 [00:00<00:02, 127.57it/s]Training GAT on cuda:  13%|█▎        | 52/400 [00:00<00:02, 127.72it/s]Training GAT on cuda:  16%|█▋        | 65/400 [00:00<00:02, 127.79it/s]Training GAT on cuda:  20%|█▉        | 78/400 [00:00<00:02, 127.76it/s]Training GAT on cuda:  23%|██▎       | 91/400 [00:00<00:02, 127.74it/s]Training GAT on cuda:  26%|██▌       | 104/400 [00:00<00:02, 127.82it/s]Training GAT on cuda:  29%|██▉       | 117/400 [00:00<00:02, 127.82it/s]Training GAT on cuda:  32%|███▎      | 130/400 [00:01<00:02, 127.76it/s]Training GAT on cuda:  36%|███▌      | 143/400 [00:01<00:02, 127.79it/s]Training GAT on cuda:  39%|███▉      | 156/400 [00:01<00:01, 127.79it/s]Training GAT on cuda:  42%|████▏     | 169/400 [00:01<00:01, 127.85it/s]Training GAT on cuda:  46%|████▌     | 182/400 [00:01<00:01, 127.87it/s]Training GAT on cuda:  49%|████▉     | 195/400 [00:01<00:01, 127.88it/s]Training GAT on cuda:  52%|█████▏    | 208/400 [00:01<00:01, 127.87it/s]Training GAT on cuda:  55%|█████▌    | 221/400 [00:01<00:01, 127.84it/s]Training GAT on cuda:  58%|█████▊    | 234/400 [00:01<00:01, 127.85it/s]Training GAT on cuda:  62%|██████▏   | 247/400 [00:01<00:01, 127.76it/s]Training GAT on cuda:  65%|██████▌   | 260/400 [00:02<00:01, 127.71it/s]Training GAT on cuda:  68%|██████▊   | 273/400 [00:02<00:00, 127.79it/s]Training GAT on cuda:  72%|███████▏  | 286/400 [00:02<00:00, 127.80it/s]Training GAT on cuda:  75%|███████▍  | 299/400 [00:02<00:00, 127.88it/s]Training GAT on cuda:  78%|███████▊  | 312/400 [00:02<00:00, 127.86it/s]Training GAT on cuda:  81%|████████▏ | 325/400 [00:02<00:00, 127.88it/s]Training GAT on cuda:  84%|████████▍ | 338/400 [00:02<00:00, 127.87it/s]Training GAT on cuda:  88%|████████▊ | 351/400 [00:02<00:00, 127.91it/s]Training GAT on cuda:  91%|█████████ | 364/400 [00:02<00:00, 127.88it/s]Training GAT on cuda:  94%|█████████▍| 377/400 [00:02<00:00, 127.85it/s]Training GAT on cuda:  98%|█████████▊| 390/400 [00:03<00:00, 127.91it/s]Training GAT on cuda: 100%|██████████| 400/400 [00:03<00:00, 127.81it/s]
Train accuracy: 0.9963 | Test accuracy: 0.9135
Training MLP on cuda:   0%|          | 0/1000 [00:00<?, ?it/s]Training MLP on cuda:   0%|          | 1/1000 [00:09<2:29:55,  9.00s/it]Training MLP on cuda:   0%|          | 2/1000 [00:17<2:20:05,  8.42s/it]Training MLP on cuda:   0%|          | 3/1000 [00:24<2:15:47,  8.17s/it]Training MLP on cuda:   0%|          | 4/1000 [00:32<2:12:25,  7.98s/it]Training MLP on cuda:   0%|          | 5/1000 [00:40<2:11:23,  7.92s/it]Training MLP on cuda:   1%|          | 6/1000 [00:48<2:09:52,  7.84s/it]Training MLP on cuda:   1%|          | 7/1000 [00:55<2:09:23,  7.82s/it]Training MLP on cuda:   1%|          | 8/1000 [01:03<2:08:44,  7.79s/it]Training MLP on cuda:   1%|          | 9/1000 [01:11<2:09:31,  7.84s/it]Training MLP on cuda:   1%|          | 10/1000 [01:19<2:10:03,  7.88s/it]Training MLP on cuda:   1%|          | 11/1000 [01:28<2:15:20,  8.21s/it]Training MLP on cuda:   1%|          | 12/1000 [01:36<2:13:32,  8.11s/it]Training MLP on cuda:   1%|▏         | 13/1000 [01:45<2:18:47,  8.44s/it]Training MLP on cuda:   1%|▏         | 14/1000 [01:55<2:23:46,  8.75s/it]Training MLP on cuda:   2%|▏         | 15/1000 [02:04<2:28:01,  9.02s/it]Training MLP on cuda:   2%|▏         | 16/1000 [02:13<2:26:57,  8.96s/it]Training MLP on cuda:   2%|▏         | 17/1000 [02:21<2:21:50,  8.66s/it]Training MLP on cuda:   2%|▏         | 18/1000 [02:30<2:22:39,  8.72s/it]Training MLP on cuda:   2%|▏         | 19/1000 [02:37<2:17:33,  8.41s/it]Training MLP on cuda:   2%|▏         | 20/1000 [02:45<2:14:12,  8.22s/it]Training MLP on cuda:   2%|▏         | 21/1000 [02:53<2:12:14,  8.11s/it]Training MLP on cuda:   2%|▏         | 22/1000 [03:01<2:09:56,  7.97s/it]Training MLP on cuda:   2%|▏         | 23/1000 [03:09<2:08:48,  7.91s/it]Training MLP on cuda:   2%|▏         | 24/1000 [03:16<2:07:22,  7.83s/it]Training MLP on cuda:   2%|▎         | 25/1000 [03:24<2:07:39,  7.86s/it]Training MLP on cuda:   3%|▎         | 26/1000 [03:33<2:11:14,  8.08s/it]Training MLP on cuda:   3%|▎         | 27/1000 [03:41<2:11:59,  8.14s/it]Training MLP on cuda:   3%|▎         | 28/1000 [03:50<2:13:50,  8.26s/it]Training MLP on cuda:   3%|▎         | 29/1000 [03:59<2:20:53,  8.71s/it]Training MLP on cuda:   3%|▎         | 30/1000 [04:07<2:17:54,  8.53s/it]Training MLP on cuda:   3%|▎         | 31/1000 [04:15<2:15:04,  8.36s/it]Training MLP on cuda:   3%|▎         | 32/1000 [04:24<2:17:21,  8.51s/it]Training MLP on cuda:   3%|▎         | 33/1000 [04:32<2:13:57,  8.31s/it]Training MLP on cuda:   3%|▎         | 34/1000 [04:40<2:10:54,  8.13s/it]Training MLP on cuda:   4%|▎         | 35/1000 [04:48<2:10:00,  8.08s/it]Training MLP on cuda:   4%|▎         | 36/1000 [04:55<2:07:54,  7.96s/it]Training MLP on cuda:   4%|▎         | 37/1000 [05:03<2:06:55,  7.91s/it]Training MLP on cuda:   4%|▍         | 38/1000 [05:11<2:05:51,  7.85s/it]Training MLP on cuda:   4%|▍         | 39/1000 [05:19<2:05:22,  7.83s/it]Training MLP on cuda:   4%|▍         | 40/1000 [05:26<2:04:24,  7.78s/it]Training MLP on cuda:   4%|▍         | 41/1000 [05:34<2:04:17,  7.78s/it]Training MLP on cuda:   4%|▍         | 42/1000 [05:42<2:03:36,  7.74s/it]Training MLP on cuda:   4%|▍         | 43/1000 [05:50<2:03:40,  7.75s/it]Training MLP on cuda:   4%|▍         | 44/1000 [05:57<2:03:15,  7.74s/it]Training MLP on cuda:   4%|▍         | 45/1000 [06:05<2:03:18,  7.75s/it]Training MLP on cuda:   5%|▍         | 46/1000 [06:13<2:02:49,  7.73s/it]Training MLP on cuda:   5%|▍         | 47/1000 [06:20<2:03:02,  7.75s/it]Training MLP on cuda:   5%|▍         | 48/1000 [06:28<2:02:28,  7.72s/it]Training MLP on cuda:   5%|▍         | 49/1000 [06:36<2:02:36,  7.74s/it]Training MLP on cuda:   5%|▌         | 50/1000 [06:44<2:02:14,  7.72s/it]Training MLP on cuda:   5%|▌         | 51/1000 [06:51<2:02:20,  7.74s/it]Training MLP on cuda:   5%|▌         | 52/1000 [06:59<2:01:58,  7.72s/it]Training MLP on cuda:   5%|▌         | 53/1000 [07:07<2:02:11,  7.74s/it]Training MLP on cuda:   5%|▌         | 54/1000 [07:15<2:01:43,  7.72s/it]Training MLP on cuda:   6%|▌         | 55/1000 [07:22<2:01:55,  7.74s/it]Training MLP on cuda:   6%|▌         | 56/1000 [07:30<2:01:33,  7.73s/it]Training MLP on cuda:   6%|▌         | 57/1000 [07:38<2:01:40,  7.74s/it]Training MLP on cuda:   6%|▌         | 58/1000 [07:45<2:01:11,  7.72s/it]Training MLP on cuda:   6%|▌         | 59/1000 [07:53<2:01:14,  7.73s/it]Training MLP on cuda:   6%|▌         | 60/1000 [08:01<2:00:53,  7.72s/it]Training MLP on cuda:   6%|▌         | 61/1000 [08:09<2:01:01,  7.73s/it]Training MLP on cuda:   6%|▌         | 62/1000 [08:16<2:00:36,  7.71s/it]Training MLP on cuda:   6%|▋         | 63/1000 [08:24<2:00:49,  7.74s/it]Training MLP on cuda:   6%|▋         | 64/1000 [08:32<2:00:24,  7.72s/it]Training MLP on cuda:   6%|▋         | 65/1000 [08:40<2:00:31,  7.73s/it]Training MLP on cuda:   7%|▋         | 66/1000 [08:47<2:00:06,  7.72s/it]Training MLP on cuda:   7%|▋         | 67/1000 [08:55<2:00:09,  7.73s/it]Training MLP on cuda:   7%|▋         | 68/1000 [09:03<1:59:50,  7.71s/it]Training MLP on cuda:   7%|▋         | 69/1000 [09:11<2:01:16,  7.82s/it]Training MLP on cuda:   7%|▋         | 70/1000 [09:18<2:00:33,  7.78s/it]Training MLP on cuda:   7%|▋         | 71/1000 [09:26<2:00:24,  7.78s/it]Training MLP on cuda:   7%|▋         | 72/1000 [09:34<1:59:48,  7.75s/it]Training MLP on cuda:   7%|▋         | 73/1000 [09:42<1:59:50,  7.76s/it]Training MLP on cuda:   7%|▋         | 74/1000 [09:49<1:59:17,  7.73s/it]Training MLP on cuda:   8%|▊         | 75/1000 [09:57<1:59:14,  7.73s/it]Training MLP on cuda:   8%|▊         | 76/1000 [10:05<1:58:59,  7.73s/it]Training MLP on cuda:   8%|▊         | 77/1000 [10:13<1:59:04,  7.74s/it]Training MLP on cuda:   8%|▊         | 78/1000 [10:20<1:58:38,  7.72s/it]Training MLP on cuda:   8%|▊         | 79/1000 [10:28<1:58:50,  7.74s/it]Training MLP on cuda:   8%|▊         | 80/1000 [10:36<1:58:19,  7.72s/it]Training MLP on cuda:   8%|▊         | 81/1000 [10:43<1:58:21,  7.73s/it]Training MLP on cuda:   8%|▊         | 82/1000 [10:51<1:58:00,  7.71s/it]Training MLP on cuda:   8%|▊         | 83/1000 [10:59<1:58:03,  7.72s/it]Training MLP on cuda:   8%|▊         | 84/1000 [11:07<1:57:42,  7.71s/it]Training MLP on cuda:   8%|▊         | 85/1000 [11:14<1:57:50,  7.73s/it]Training MLP on cuda:   9%|▊         | 86/1000 [11:22<1:59:05,  7.82s/it]Training MLP on cuda:   9%|▊         | 87/1000 [11:30<1:58:41,  7.80s/it]Training MLP on cuda:   9%|▉         | 88/1000 [11:38<1:57:58,  7.76s/it]Training MLP on cuda:   9%|▉         | 89/1000 [11:46<1:57:56,  7.77s/it]Training MLP on cuda:   9%|▉         | 90/1000 [11:53<1:57:22,  7.74s/it]Training MLP on cuda:   9%|▉         | 91/1000 [12:01<1:57:18,  7.74s/it]Training MLP on cuda:   9%|▉         | 92/1000 [12:09<1:56:56,  7.73s/it]Training MLP on cuda:   9%|▉         | 93/1000 [12:16<1:56:54,  7.73s/it]Training MLP on cuda:   9%|▉         | 94/1000 [12:24<1:56:37,  7.72s/it]Training MLP on cuda:  10%|▉         | 95/1000 [12:32<1:56:51,  7.75s/it]Training MLP on cuda:  10%|▉         | 96/1000 [12:40<1:56:26,  7.73s/it]Training MLP on cuda:  10%|▉         | 97/1000 [12:47<1:56:30,  7.74s/it]Training MLP on cuda:  10%|▉         | 98/1000 [12:55<1:56:02,  7.72s/it]Training MLP on cuda:  10%|▉         | 99/1000 [13:03<1:56:05,  7.73s/it]Training MLP on cuda:  10%|█         | 100/1000 [13:10<1:55:41,  7.71s/it]Training MLP on cuda:  10%|█         | 101/1000 [13:18<1:55:52,  7.73s/it]Training MLP on cuda:  10%|█         | 102/1000 [13:26<1:55:37,  7.72s/it]Training MLP on cuda:  10%|█         | 103/1000 [13:34<1:55:44,  7.74s/it]Training MLP on cuda:  10%|█         | 104/1000 [13:41<1:55:13,  7.72s/it]Training MLP on cuda:  10%|█         | 105/1000 [13:49<1:55:11,  7.72s/it]Training MLP on cuda:  11%|█         | 106/1000 [13:57<1:54:41,  7.70s/it]Training MLP on cuda:  11%|█         | 107/1000 [14:04<1:54:37,  7.70s/it]Training MLP on cuda:  11%|█         | 108/1000 [14:12<1:54:22,  7.69s/it]Training MLP on cuda:  11%|█         | 109/1000 [14:20<1:54:26,  7.71s/it]Training MLP on cuda:  11%|█         | 110/1000 [14:28<1:53:59,  7.69s/it]Training MLP on cuda:  11%|█         | 111/1000 [14:35<1:54:04,  7.70s/it]Training MLP on cuda:  11%|█         | 112/1000 [14:43<1:53:35,  7.68s/it]Training MLP on cuda:  11%|█▏        | 113/1000 [14:51<1:53:46,  7.70s/it]Training MLP on cuda:  11%|█▏        | 114/1000 [14:58<1:53:20,  7.68s/it]Training MLP on cuda:  12%|█▏        | 115/1000 [15:06<1:53:29,  7.69s/it]Training MLP on cuda:  12%|█▏        | 116/1000 [15:14<1:53:05,  7.68s/it]Training MLP on cuda:  12%|█▏        | 117/1000 [15:21<1:53:18,  7.70s/it]Training MLP on cuda:  12%|█▏        | 118/1000 [15:29<1:52:56,  7.68s/it]Training MLP on cuda:  12%|█▏        | 119/1000 [15:37<1:53:05,  7.70s/it]Training MLP on cuda:  12%|█▏        | 120/1000 [15:44<1:52:40,  7.68s/it]Training MLP on cuda:  12%|█▏        | 121/1000 [15:52<1:52:52,  7.70s/it]Training MLP on cuda:  12%|█▏        | 122/1000 [16:03<2:05:52,  8.60s/it]Training MLP on cuda:  12%|█▏        | 123/1000 [16:14<2:18:36,  9.48s/it]Training MLP on cuda:  12%|█▏        | 124/1000 [16:26<2:26:37, 10.04s/it]Training MLP on cuda:  12%|█▎        | 125/1000 [16:37<2:32:53, 10.48s/it]Training MLP on cuda:  13%|█▎        | 126/1000 [16:49<2:36:40, 10.76s/it]Training MLP on cuda:  13%|█▎        | 127/1000 [17:00<2:40:03, 11.00s/it]Training MLP on cuda:  13%|█▎        | 128/1000 [17:08<2:27:22, 10.14s/it]Training MLP on cuda:  13%|█▎        | 129/1000 [17:16<2:16:50,  9.43s/it]Training MLP on cuda:  13%|█▎        | 130/1000 [17:24<2:09:02,  8.90s/it]Training MLP on cuda:  13%|█▎        | 131/1000 [17:32<2:04:35,  8.60s/it]Training MLP on cuda:  13%|█▎        | 132/1000 [17:39<2:01:01,  8.37s/it]Training MLP on cuda:  13%|█▎        | 133/1000 [17:47<1:58:56,  8.23s/it]Training MLP on cuda:  13%|█▎        | 134/1000 [17:55<1:57:55,  8.17s/it]Training MLP on cuda:  14%|█▎        | 135/1000 [18:03<1:56:44,  8.10s/it]Training MLP on cuda:  14%|█▎        | 136/1000 [18:11<1:55:22,  8.01s/it]Training MLP on cuda:  14%|█▎        | 137/1000 [18:21<2:01:23,  8.44s/it]Training MLP on cuda:  14%|█▍        | 138/1000 [18:30<2:05:39,  8.75s/it]Training MLP on cuda:  14%|█▍        | 139/1000 [18:40<2:09:08,  9.00s/it]Training MLP on cuda:  14%|█▍        | 140/1000 [18:49<2:11:01,  9.14s/it]Training MLP on cuda:  14%|█▍        | 141/1000 [18:59<2:12:56,  9.29s/it]Training MLP on cuda:  14%|█▍        | 142/1000 [19:07<2:06:52,  8.87s/it]Training MLP on cuda:  14%|█▍        | 143/1000 [19:14<2:02:04,  8.55s/it]Training MLP on cuda:  14%|█▍        | 144/1000 [19:22<1:58:18,  8.29s/it]Training MLP on cuda:  14%|█▍        | 145/1000 [19:30<1:55:51,  8.13s/it]Training MLP on cuda:  15%|█▍        | 146/1000 [19:38<1:55:26,  8.11s/it]Training MLP on cuda:  15%|█▍        | 147/1000 [19:46<1:54:28,  8.05s/it]Training MLP on cuda:  15%|█▍        | 148/1000 [19:54<1:53:41,  8.01s/it]Training MLP on cuda:  15%|█▍        | 149/1000 [20:02<1:52:40,  7.94s/it]Training MLP on cuda:  15%|█▌        | 150/1000 [20:09<1:51:12,  7.85s/it]Training MLP on cuda:  15%|█▌        | 151/1000 [20:17<1:50:36,  7.82s/it]Training MLP on cuda:  15%|█▌        | 152/1000 [20:25<1:49:36,  7.76s/it]Training MLP on cuda:  15%|█▌        | 153/1000 [20:32<1:49:40,  7.77s/it]Training MLP on cuda:  15%|█▌        | 154/1000 [20:40<1:49:43,  7.78s/it]Training MLP on cuda:  16%|█▌        | 155/1000 [20:48<1:49:29,  7.77s/it]Training MLP on cuda:  16%|█▌        | 156/1000 [20:56<1:48:39,  7.72s/it]Training MLP on cuda:  16%|█▌        | 157/1000 [21:03<1:48:22,  7.71s/it]Training MLP on cuda:  16%|█▌        | 158/1000 [21:11<1:47:49,  7.68s/it]Training MLP on cuda:  16%|█▌        | 159/1000 [21:19<1:47:44,  7.69s/it]Training MLP on cuda:  16%|█▌        | 160/1000 [21:26<1:47:16,  7.66s/it]Training MLP on cuda:  16%|█▌        | 161/1000 [21:34<1:47:12,  7.67s/it]Training MLP on cuda:  16%|█▌        | 162/1000 [21:41<1:46:42,  7.64s/it]Training MLP on cuda:  16%|█▋        | 163/1000 [21:49<1:46:48,  7.66s/it]Training MLP on cuda:  16%|█▋        | 164/1000 [21:57<1:46:28,  7.64s/it]Training MLP on cuda:  16%|█▋        | 165/1000 [22:04<1:46:27,  7.65s/it]Training MLP on cuda:  17%|█▋        | 166/1000 [22:12<1:46:04,  7.63s/it]Training MLP on cuda:  17%|█▋        | 167/1000 [22:20<1:46:08,  7.64s/it]Training MLP on cuda:  17%|█▋        | 168/1000 [22:27<1:45:50,  7.63s/it]Training MLP on cuda:  17%|█▋        | 169/1000 [22:35<1:45:55,  7.65s/it]Training MLP on cuda:  17%|█▋        | 170/1000 [22:43<1:45:35,  7.63s/it]Training MLP on cuda:  17%|█▋        | 171/1000 [22:50<1:45:38,  7.65s/it]Training MLP on cuda:  17%|█▋        | 172/1000 [22:58<1:45:21,  7.63s/it]Training MLP on cuda:  17%|█▋        | 173/1000 [23:06<1:45:29,  7.65s/it]Training MLP on cuda:  17%|█▋        | 174/1000 [23:13<1:45:04,  7.63s/it]Training MLP on cuda:  18%|█▊        | 175/1000 [23:21<1:45:13,  7.65s/it]Training MLP on cuda:  18%|█▊        | 176/1000 [23:28<1:44:53,  7.64s/it]Training MLP on cuda:  18%|█▊        | 177/1000 [23:36<1:44:58,  7.65s/it]Training MLP on cuda:  18%|█▊        | 178/1000 [23:44<1:44:32,  7.63s/it]Training MLP on cuda:  18%|█▊        | 179/1000 [23:51<1:44:37,  7.65s/it]Training MLP on cuda:  18%|█▊        | 180/1000 [23:59<1:44:16,  7.63s/it]Training MLP on cuda:  18%|█▊        | 181/1000 [24:07<1:44:18,  7.64s/it]Training MLP on cuda:  18%|█▊        | 182/1000 [24:14<1:43:59,  7.63s/it]Training MLP on cuda:  18%|█▊        | 183/1000 [24:22<1:44:05,  7.64s/it]Training MLP on cuda:  18%|█▊        | 184/1000 [24:29<1:43:46,  7.63s/it]Training MLP on cuda:  18%|█▊        | 185/1000 [24:37<1:43:53,  7.65s/it]Training MLP on cuda:  19%|█▊        | 186/1000 [24:45<1:43:29,  7.63s/it]Training MLP on cuda:  19%|█▊        | 187/1000 [24:52<1:43:31,  7.64s/it]Training MLP on cuda:  19%|█▉        | 188/1000 [25:00<1:43:09,  7.62s/it]Training MLP on cuda:  19%|█▉        | 189/1000 [25:08<1:43:20,  7.64s/it]Training MLP on cuda:  19%|█▉        | 190/1000 [25:15<1:42:59,  7.63s/it]Training MLP on cuda:  19%|█▉        | 191/1000 [25:23<1:43:04,  7.64s/it]Training MLP on cuda:  19%|█▉        | 192/1000 [25:31<1:42:38,  7.62s/it]Training MLP on cuda:  19%|█▉        | 193/1000 [25:38<1:42:46,  7.64s/it]Training MLP on cuda:  19%|█▉        | 194/1000 [25:46<1:42:25,  7.62s/it]Training MLP on cuda:  20%|█▉        | 195/1000 [25:53<1:42:29,  7.64s/it]Training MLP on cuda:  20%|█▉        | 196/1000 [26:01<1:42:09,  7.62s/it]Training MLP on cuda:  20%|█▉        | 197/1000 [26:09<1:42:15,  7.64s/it]Training MLP on cuda:  20%|█▉        | 198/1000 [26:16<1:41:58,  7.63s/it]Training MLP on cuda:  20%|█▉        | 199/1000 [26:24<1:42:07,  7.65s/it]Training MLP on cuda:  20%|██        | 200/1000 [26:32<1:41:51,  7.64s/it]Training MLP on cuda:  20%|██        | 201/1000 [26:39<1:41:58,  7.66s/it]Training MLP on cuda:  20%|██        | 202/1000 [26:47<1:41:32,  7.64s/it]Training MLP on cuda:  20%|██        | 203/1000 [26:55<1:41:37,  7.65s/it]Training MLP on cuda:  20%|██        | 204/1000 [27:02<1:41:17,  7.64s/it]Training MLP on cuda:  20%|██        | 205/1000 [27:10<1:41:21,  7.65s/it]Training MLP on cuda:  21%|██        | 206/1000 [27:18<1:41:06,  7.64s/it]Training MLP on cuda:  21%|██        | 207/1000 [27:25<1:41:09,  7.65s/it]Training MLP on cuda:  21%|██        | 208/1000 [27:33<1:40:42,  7.63s/it]Training MLP on cuda:  21%|██        | 209/1000 [27:40<1:40:46,  7.64s/it]Training MLP on cuda:  21%|██        | 210/1000 [27:48<1:40:26,  7.63s/it]Training MLP on cuda:  21%|██        | 211/1000 [27:56<1:40:27,  7.64s/it]Training MLP on cuda:  21%|██        | 212/1000 [28:03<1:40:09,  7.63s/it]Training MLP on cuda:  21%|██▏       | 213/1000 [28:11<1:40:15,  7.64s/it]Training MLP on cuda:  21%|██▏       | 214/1000 [28:19<1:39:56,  7.63s/it]Training MLP on cuda:  22%|██▏       | 215/1000 [28:26<1:40:05,  7.65s/it]Training MLP on cuda:  22%|██▏       | 216/1000 [28:34<1:39:38,  7.63s/it]Training MLP on cuda:  22%|██▏       | 217/1000 [28:42<1:39:41,  7.64s/it]Training MLP on cuda:  22%|██▏       | 218/1000 [28:49<1:39:22,  7.63s/it]Training MLP on cuda:  22%|██▏       | 219/1000 [28:57<1:39:25,  7.64s/it]Training MLP on cuda:  22%|██▏       | 220/1000 [29:04<1:39:09,  7.63s/it]Training MLP on cuda:  22%|██▏       | 221/1000 [29:12<1:39:14,  7.64s/it]Training MLP on cuda:  22%|██▏       | 222/1000 [29:20<1:38:55,  7.63s/it]Training MLP on cuda:  22%|██▏       | 223/1000 [29:27<1:39:02,  7.65s/it]Training MLP on cuda:  22%|██▏       | 224/1000 [29:35<1:38:36,  7.62s/it]Training MLP on cuda:  22%|██▎       | 225/1000 [29:43<1:38:44,  7.64s/it]Training MLP on cuda:  23%|██▎       | 226/1000 [29:50<1:38:19,  7.62s/it]Training MLP on cuda:  23%|██▎       | 227/1000 [29:58<1:38:22,  7.64s/it]Training MLP on cuda:  23%|██▎       | 228/1000 [30:05<1:38:08,  7.63s/it]Training MLP on cuda:  23%|██▎       | 229/1000 [30:13<1:38:09,  7.64s/it]Training MLP on cuda:  23%|██▎       | 230/1000 [30:21<1:37:50,  7.62s/it]Training MLP on cuda:  23%|██▎       | 231/1000 [30:28<1:37:57,  7.64s/it]Training MLP on cuda:  23%|██▎       | 232/1000 [30:36<1:37:34,  7.62s/it]Training MLP on cuda:  23%|██▎       | 233/1000 [30:44<1:37:44,  7.65s/it]Training MLP on cuda:  23%|██▎       | 234/1000 [30:51<1:37:25,  7.63s/it]Training MLP on cuda:  24%|██▎       | 235/1000 [30:59<1:37:27,  7.64s/it]Training MLP on cuda:  24%|██▎       | 236/1000 [31:07<1:37:07,  7.63s/it]Training MLP on cuda:  24%|██▎       | 237/1000 [31:14<1:37:09,  7.64s/it]Training MLP on cuda:  24%|██▍       | 238/1000 [31:22<1:36:47,  7.62s/it]Training MLP on cuda:  24%|██▍       | 239/1000 [31:30<1:36:54,  7.64s/it]Training MLP on cuda:  24%|██▍       | 240/1000 [31:37<1:36:32,  7.62s/it]Training MLP on cuda:  24%|██▍       | 241/1000 [31:45<1:36:46,  7.65s/it]Training MLP on cuda:  24%|██▍       | 242/1000 [31:52<1:36:26,  7.63s/it]Training MLP on cuda:  24%|██▍       | 243/1000 [32:00<1:36:33,  7.65s/it]Training MLP on cuda:  24%|██▍       | 244/1000 [32:08<1:36:50,  7.69s/it]Training MLP on cuda:  24%|██▍       | 245/1000 [32:16<1:37:21,  7.74s/it]Training MLP on cuda:  25%|██▍       | 246/1000 [32:23<1:37:18,  7.74s/it]Training MLP on cuda:  25%|██▍       | 247/1000 [32:31<1:37:39,  7.78s/it]Training MLP on cuda:  25%|██▍       | 248/1000 [32:39<1:38:40,  7.87s/it]Training MLP on cuda:  25%|██▍       | 249/1000 [32:49<1:46:30,  8.51s/it]Training MLP on cuda:  25%|██▌       | 250/1000 [32:59<1:49:52,  8.79s/it]Training MLP on cuda:  25%|██▌       | 251/1000 [33:08<1:52:40,  9.03s/it]Training MLP on cuda:  25%|██▌       | 252/1000 [33:18<1:52:45,  9.04s/it]Training MLP on cuda:  25%|██▌       | 253/1000 [33:25<1:47:37,  8.64s/it]Training MLP on cuda:  25%|██▌       | 254/1000 [33:33<1:43:45,  8.35s/it]Training MLP on cuda:  26%|██▌       | 255/1000 [33:41<1:41:22,  8.16s/it]Training MLP on cuda:  26%|██▌       | 256/1000 [33:48<1:39:12,  8.00s/it]Training MLP on cuda:  26%|██▌       | 257/1000 [33:56<1:38:04,  7.92s/it]Training MLP on cuda:  26%|██▌      