This job can be monitored from: https://job.c3se.chalmers.se/alvis/4320321
/usr/share/lmod/lmod/init/bash: /usr/share/lmod/lmod/libexec/addto: /usr/bin/lua: bad interpreter: No such file or directory
no change     /opt/conda/condabin/conda
no change     /opt/conda/bin/conda
no change     /opt/conda/bin/conda-env
no change     /opt/conda/bin/activate
no change     /opt/conda/bin/deactivate
no change     /opt/conda/etc/profile.d/conda.sh
no change     /opt/conda/etc/fish/conf.d/conda.fish
no change     /opt/conda/shell/condabin/Conda.psm1
no change     /opt/conda/shell/condabin/conda-hook.ps1
no change     /opt/conda/lib/python3.12/site-packages/xontrib/conda.xsh
no change     /opt/conda/etc/profile.d/conda.csh
no change     /cephyr/users/lassila/Alvis/.bashrc
No action taken.
Overwriting config seed with seed=1124
Running MIA...

attacks:
  MLP-attack-0hop:
    attack: mlp-attack
    edge_dropout: 0.0
    mlp_attack_queries:
    - 0
    mlp_hidden_dim:
    - 128
    - 64
  MLP-attack-comb:
    attack: mlp-attack
    edge_dropout: 0.5
    mlp_attack_queries:
    - 0
    - 2
    mlp_hidden_dim:
    - 128
    - 64
  graph-lset-MIA:
    attack: graph-lset
    num_sampled_graphs: 32
    prior: 0.5
    sampling_strategy: MIA
  graph-lset-MIA-offline:
    attack: graph-lset
    num_sampled_graphs: 32
    offline: true
    prior: 0.5
    sampling_strategy: MIA
    threshold_scale_factor: 0.9
  lira:
    attack: lira
  lira-offline:
    attack: lira
    offline: true
  lset:
    attack: lset
  lset-offline:
    attack: lset
    offline: true
  rmia:
    Z_frac: 0.5
    attack: rmia
    rmia_gamma: 1
  rmia-offline:
    Z_frac: 0.5
    attack: rmia
    offline: true
    rmia_gamma: 1
batch_size: 32768
datadir: ./data
dataset: amazon-photo
device: cuda
dropout: 0.25
early_stopping: 0
epochs: 400
epochs_mlp: 1000
frac_target_nodes: 0.5
hidden_dim:
- 64
hidden_dim_mlp:
- 128
hyperparam_search: false
inductive_inference: true
inductive_split: true
lr: 0.001
max_num_nodes: null
model: GAT
name: amazon-photo-GAT
num_audits: 1
num_processes: 1
num_shadow_models: 128
offline: false
optimizer: Adam
pretrain_shadow_models: true
savedir: large_N_results
seed: 1124
target_fpr:
- 0.01
- 0.001
train_frac: 0.5
val_frac: 0.0
weight_decay: 0.0001

Dataset properties
#Nodes: 7650
#Edges: 238162
#Features: 745
#Classes: 8
#Class distribution: [0.0482, 0.2204, 0.0919, 0.1196, 0.1153, 0.1076, 0.2537, 0.0433]
Average degree: 31.1323
Fraction isolated nodes: 0.01503267977386713

Training 128 shadow models:   0%|          | 0/128 [00:00<?, ?it/s]Training 128 shadow models:   1%|          | 1/128 [00:07<16:15,  7.68s/it]Training 128 shadow models:   2%|▏         | 2/128 [00:10<10:30,  5.00s/it]Training 128 shadow models:   2%|▏         | 3/128 [00:13<08:38,  4.15s/it]Training 128 shadow models:   3%|▎         | 4/128 [00:17<07:44,  3.75s/it]Training 128 shadow models:   4%|▍         | 5/128 [00:20<07:13,  3.53s/it]Training 128 shadow models:   5%|▍         | 6/128 [00:23<06:54,  3.39s/it]Training 128 shadow models:   5%|▌         | 7/128 [00:26<06:40,  3.31s/it]Training 128 shadow models:   6%|▋         | 8/128 [00:29<06:30,  3.26s/it]Training 128 shadow models:   7%|▋         | 9/128 [00:32<06:23,  3.22s/it]Training 128 shadow models:   8%|▊         | 10/128 [00:35<06:17,  3.20s/it]Training 128 shadow models:   9%|▊         | 11/128 [00:39<06:11,  3.18s/it]Training 128 shadow models:   9%|▉         | 12/128 [00:42<06:06,  3.16s/it]Training 128 shadow models:  10%|█         | 13/128 [00:45<06:02,  3.16s/it]Training 128 shadow models:  11%|█         | 14/128 [00:48<05:59,  3.15s/it]Training 128 shadow models:  12%|█▏        | 15/128 [00:51<05:55,  3.15s/it]Training 128 shadow models:  12%|█▎        | 16/128 [00:54<05:52,  3.14s/it]Training 128 shadow models:  13%|█▎        | 17/128 [00:57<05:49,  3.15s/it]Training 128 shadow models:  14%|█▍        | 18/128 [01:01<05:46,  3.15s/it]Training 128 shadow models:  15%|█▍        | 19/128 [01:04<05:42,  3.14s/it]Training 128 shadow models:  16%|█▌        | 20/128 [01:07<05:40,  3.15s/it]Training 128 shadow models:  16%|█▋        | 21/128 [01:10<05:36,  3.15s/it]Training 128 shadow models:  17%|█▋        | 22/128 [01:13<05:33,  3.15s/it]Training 128 shadow models:  18%|█▊        | 23/128 [01:16<05:30,  3.14s/it]Training 128 shadow models:  19%|█▉        | 24/128 [01:19<05:26,  3.14s/it]Training 128 shadow models:  20%|█▉        | 25/128 [01:23<05:24,  3.15s/it]Training 128 shadow models:  20%|██        | 26/128 [01:26<05:21,  3.15s/it]Training 128 shadow models:  21%|██        | 27/128 [01:29<05:17,  3.14s/it]Training 128 shadow models:  22%|██▏       | 28/128 [01:32<05:14,  3.14s/it]Training 128 shadow models:  23%|██▎       | 29/128 [01:35<05:11,  3.15s/it]Training 128 shadow models:  23%|██▎       | 30/128 [01:38<05:08,  3.15s/it]Training 128 shadow models:  24%|██▍       | 31/128 [01:41<05:05,  3.14s/it]Training 128 shadow models:  25%|██▌       | 32/128 [01:45<05:01,  3.14s/it]Training 128 shadow models:  26%|██▌       | 33/128 [01:48<04:58,  3.14s/it]Training 128 shadow models:  27%|██▋       | 34/128 [01:51<04:55,  3.14s/it]Training 128 shadow models:  27%|██▋       | 35/128 [01:54<04:51,  3.14s/it]Training 128 shadow models:  28%|██▊       | 36/128 [01:57<04:48,  3.14s/it]Training 128 shadow models:  29%|██▉       | 37/128 [02:00<04:46,  3.14s/it]Training 128 shadow models:  30%|██▉       | 38/128 [02:03<04:43,  3.15s/it]Training 128 shadow models:  30%|███       | 39/128 [02:07<04:40,  3.15s/it]Training 128 shadow models:  31%|███▏      | 40/128 [02:10<04:38,  3.16s/it]Training 128 shadow models:  32%|███▏      | 41/128 [02:13<04:34,  3.16s/it]Training 128 shadow models:  33%|███▎      | 42/128 [02:16<04:31,  3.16s/it]Training 128 shadow models:  34%|███▎      | 43/128 [02:19<04:28,  3.15s/it]Training 128 shadow models:  34%|███▍      | 44/128 [02:22<04:24,  3.15s/it]Training 128 shadow models:  35%|███▌      | 45/128 [02:26<04:21,  3.15s/it]Training 128 shadow models:  36%|███▌      | 46/128 [02:29<04:18,  3.15s/it]Training 128 shadow models:  37%|███▋      | 47/128 [02:32<04:15,  3.15s/it]Training 128 shadow models:  38%|███▊      | 48/128 [02:35<04:11,  3.15s/it]Training 128 shadow models:  38%|███▊      | 49/128 [02:38<04:08,  3.15s/it]Training 128 shadow models:  39%|███▉      | 50/128 [02:41<04:05,  3.15s/it]Training 128 shadow models:  40%|███▉      | 51/128 [02:44<04:02,  3.15s/it]Training 128 shadow models:  41%|████      | 52/128 [02:48<03:59,  3.15s/it]Training 128 shadow models:  41%|████▏     | 53/128 [02:51<03:56,  3.15s/it]Training 128 shadow models:  42%|████▏     | 54/128 [02:54<03:53,  3.16s/it]Training 128 shadow models:  43%|████▎     | 55/128 [02:57<03:50,  3.15s/it]Training 128 shadow models:  44%|████▍     | 56/128 [03:00<03:46,  3.15s/it]Training 128 shadow models:  45%|████▍     | 57/128 [03:03<03:43,  3.15s/it]Training 128 shadow models:  45%|████▌     | 58/128 [03:06<03:40,  3.15s/it]Training 128 shadow models:  46%|████▌     | 59/128 [03:10<03:37,  3.15s/it]Training 128 shadow models:  47%|████▋     | 60/128 [03:13<03:34,  3.15s/it]Training 128 shadow models:  48%|████▊     | 61/128 [03:16<03:30,  3.15s/it]Training 128 shadow models:  48%|████▊     | 62/128 [03:19<03:27,  3.15s/it]Training 128 shadow models:  49%|████▉     | 63/128 [03:22<03:24,  3.15s/it]Training 128 shadow models:  50%|█████     | 64/128 [03:25<03:21,  3.15s/it]Training 128 shadow models:  51%|█████     | 65/128 [03:29<03:18,  3.15s/it]Training 128 shadow models:  52%|█████▏    | 66/128 [03:32<03:15,  3.15s/it]Training 128 shadow models:  52%|█████▏    | 67/128 [03:35<03:12,  3.15s/it]Training 128 shadow models:  53%|█████▎    | 68/128 [03:38<03:09,  3.15s/it]Training 128 shadow models:  54%|█████▍    | 69/128 [03:41<03:05,  3.15s/it]Training 128 shadow models:  55%|█████▍    | 70/128 [03:44<03:02,  3.15s/it]Training 128 shadow models:  55%|█████▌    | 71/128 [03:47<02:59,  3.15s/it]Training 128 shadow models:  56%|█████▋    | 72/128 [03:51<02:56,  3.15s/it]Training 128 shadow models:  57%|█████▋    | 73/128 [03:54<02:53,  3.15s/it]Training 128 shadow models:  58%|█████▊    | 74/128 [03:57<02:50,  3.15s/it]Training 128 shadow models:  59%|█████▊    | 75/128 [04:00<02:47,  3.15s/it]Training 128 shadow models:  59%|█████▉    | 76/128 [04:03<02:43,  3.15s/it]Training 128 shadow models:  60%|██████    | 77/128 [04:06<02:40,  3.15s/it]Training 128 shadow models:  61%|██████    | 78/128 [04:09<02:37,  3.15s/it]Training 128 shadow models:  62%|██████▏   | 79/128 [04:13<02:34,  3.15s/it]Training 128 shadow models:  62%|██████▎   | 80/128 [04:16<02:31,  3.15s/it]Training 128 shadow models:  63%|██████▎   | 81/128 [04:19<02:28,  3.15s/it]Training 128 shadow models:  64%|██████▍   | 82/128 [04:22<02:24,  3.15s/it]Training 128 shadow models:  65%|██████▍   | 83/128 [04:25<02:21,  3.15s/it]Training 128 shadow models:  66%|██████▌   | 84/128 [04:28<02:18,  3.14s/it]Training 128 shadow models:  66%|██████▋   | 85/128 [04:31<02:15,  3.14s/it]Training 128 shadow models:  67%|██████▋   | 86/128 [04:35<02:12,  3.15s/it]Training 128 shadow models:  68%|██████▊   | 87/128 [04:38<02:08,  3.14s/it]Training 128 shadow models:  69%|██████▉   | 88/128 [04:41<02:05,  3.14s/it]Training 128 shadow models:  70%|██████▉   | 89/128 [04:44<02:02,  3.14s/it]Training 128 shadow models:  70%|███████   | 90/128 [04:47<01:59,  3.14s/it]Training 128 shadow models:  71%|███████   | 91/128 [04:50<01:56,  3.14s/it]Training 128 shadow models:  72%|███████▏  | 92/128 [04:53<01:53,  3.14s/it]Training 128 shadow models:  73%|███████▎  | 93/128 [04:57<01:50,  3.15s/it]Training 128 shadow models:  73%|███████▎  | 94/128 [05:00<01:46,  3.15s/it]Training 128 shadow models:  74%|███████▍  | 95/128 [05:03<01:43,  3.15s/it]Training 128 shadow models:  75%|███████▌  | 96/128 [05:06<01:40,  3.15s/it]Training 128 shadow models:  76%|███████▌  | 97/128 [05:09<01:37,  3.15s/it]Training 128 shadow models:  77%|███████▋  | 98/128 [05:12<01:34,  3.15s/it]Training 128 shadow models:  77%|███████▋  | 99/128 [05:16<01:31,  3.15s/it]Training 128 shadow models:  78%|███████▊  | 100/128 [05:19<01:28,  3.15s/it]Training 128 shadow models:  79%|███████▉  | 101/128 [05:22<01:25,  3.15s/it]Training 128 shadow models:  80%|███████▉  | 102/128 [05:25<01:21,  3.15s/it]Training 128 shadow models:  80%|████████  | 103/128 [05:28<01:18,  3.15s/it]Training 128 shadow models:  81%|████████▏ | 104/128 [05:31<01:15,  3.15s/it]Training 128 shadow models:  82%|████████▏ | 105/128 [05:34<01:12,  3.15s/it]Training 128 shadow models:  83%|████████▎ | 106/128 [05:38<01:09,  3.15s/it]Training 128 shadow models:  84%|████████▎ | 107/128 [05:41<01:06,  3.15s/it]Training 128 shadow models:  84%|████████▍ | 108/128 [05:44<01:03,  3.15s/it]Training 128 shadow models:  85%|████████▌ | 109/128 [05:47<00:59,  3.15s/it]Training 128 shadow models:  86%|████████▌ | 110/128 [05:50<00:56,  3.15s/it]Training 128 shadow models:  87%|████████▋ | 111/128 [05:53<00:53,  3.15s/it]Training 128 shadow models:  88%|████████▊ | 112/128 [05:56<00:50,  3.15s/it]Training 128 shadow models:  88%|████████▊ | 113/128 [06:00<00:47,  3.15s/it]Training 128 shadow models:  89%|████████▉ | 114/128 [06:03<00:44,  3.15s/it]Training 128 shadow models:  90%|████████▉ | 115/128 [06:06<00:40,  3.15s/it]Training 128 shadow models:  91%|█████████ | 116/128 [06:09<00:37,  3.15s/it]Training 128 shadow models:  91%|█████████▏| 117/128 [06:12<00:34,  3.14s/it]Training 128 shadow models:  92%|█████████▏| 118/128 [06:15<00:31,  3.14s/it]Training 128 shadow models:  93%|█████████▎| 119/128 [06:19<00:28,  3.15s/it]Training 128 shadow models:  94%|█████████▍| 120/128 [06:22<00:25,  3.15s/it]Training 128 shadow models:  95%|█████████▍| 121/128 [06:25<00:22,  3.15s/it]Training 128 shadow models:  95%|█████████▌| 122/128 [06:28<00:18,  3.16s/it]Training 128 shadow models:  96%|█████████▌| 123/128 [06:31<00:15,  3.15s/it]Training 128 shadow models:  97%|█████████▋| 124/128 [06:34<00:12,  3.15s/it]Training 128 shadow models:  98%|█████████▊| 125/128 [06:37<00:09,  3.15s/it]Training 128 shadow models:  98%|█████████▊| 126/128 [06:41<00:06,  3.15s/it]Training 128 shadow models:  99%|█████████▉| 127/128 [06:44<00:03,  3.15s/it]Training 128 shadow models: 100%|██████████| 128/128 [06:47<00:00,  3.15s/it]Training 128 shadow models: 100%|██████████| 128/128 [06:47<00:00,  3.18s/it]
[I 2025-05-13 23:57:35,776] A new study created in memory with name: no-name-8b1b1054-4d69-4baa-91ca-0db16e70db22
Tuning interpolation parameter for offline RMIA using optuna
  0%|          | 0/100 [00:00<?, ?it/s]                                         0%|          | 0/100 [00:01<?, ?it/s]Best trial: 0. Best value: 0.570503:   0%|          | 0/100 [00:01<?, ?it/s]Best trial: 0. Best value: 0.570503:   1%|          | 1/100 [00:01<02:13,  1.35s/it]                                                                                    Best trial: 0. Best value: 0.570503:   1%|          | 1/100 [00:02<02:13,  1.35s/it]Best trial: 1. Best value: 0.571517:   1%|          | 1/100 [00:02<02:13,  1.35s/it]Best trial: 1. Best value: 0.571517:   2%|▏         | 2/100 [00:02<02:17,  1.40s/it]                                                                                    Best trial: 1. Best value: 0.571517:   2%|▏         | 2/100 [00:04<02:17,  1.40s/it]Best trial: 2. Best value: 0.57438:   2%|▏         | 2/100 [00:04<02:17,  1.40s/it] Best trial: 2. Best value: 0.57438:   3%|▎         | 3/100 [00:04<02:12,  1.36s/it]                                                                                   Best trial: 2. Best value: 0.57438:   3%|▎         | 3/100 [00:05<02:12,  1.36s/it]Best trial: 2. Best value: 0.57438:   3%|▎         | 3/100 [00:05<02:12,  1.36s/it]Best trial: 2. Best value: 0.57438:   4%|▍         | 4/100 [00:05<02:09,  1.35s/it]                                                                                   Best trial: 2. Best value: 0.57438:   4%|▍         | 4/100 [00:06<02:09,  1.35s/it]Best trial: 2. Best value: 0.57438:   4%|▍         | 4/100 [00:06<02:09,  1.35s/it]Best trial: 2. Best value: 0.57438:   5%|▌         | 5/100 [00:06<02:07,  1.34s/it]                                                                                   Best trial: 2. Best value: 0.57438:   5%|▌         | 5/100 [00:08<02:07,  1.34s/it]Best trial: 5. Best value: 0.574789:   5%|▌         | 5/100 [00:08<02:07,  1.34s/it]Best trial: 5. Best value: 0.574789:   6%|▌         | 6/100 [00:08<02:05,  1.33s/it]                                                                                    Best trial: 5. Best value: 0.574789:   6%|▌         | 6/100 [00:09<02:05,  1.33s/it]Best trial: 5. Best value: 0.574789:   6%|▌         | 6/100 [00:09<02:05,  1.33s/it]Best trial: 5. Best value: 0.574789:   7%|▋         | 7/100 [00:09<02:03,  1.33s/it]                                                                                    Best trial: 5. Best value: 0.574789:   7%|▋         | 7/100 [00:10<02:03,  1.33s/it]Best trial: 7. Best value: 0.575426:   7%|▋         | 7/100 [00:10<02:03,  1.33s/it]Best trial: 7. Best value: 0.575426:   8%|▊         | 8/100 [00:10<02:06,  1.37s/it]                                                                                    Best trial: 7. Best value: 0.575426:   8%|▊         | 8/100 [00:12<02:06,  1.37s/it]Best trial: 7. Best value: 0.575426:   8%|▊         | 8/100 [00:12<02:06,  1.37s/it]Best trial: 7. Best value: 0.575426:   9%|▉         | 9/100 [00:12<02:03,  1.36s/it]                                                                                    Best trial: 7. Best value: 0.575426:   9%|▉         | 9/100 [00:13<02:03,  1.36s/it]Best trial: 7. Best value: 0.575426:   9%|▉         | 9/100 [00:13<02:03,  1.36s/it]Best trial: 7. Best value: 0.575426:  10%|█         | 10/100 [00:13<02:01,  1.35s/it]                                                                                     Best trial: 7. Best value: 0.575426:  10%|█         | 10/100 [00:14<02:01,  1.35s/it]Best trial: 7. Best value: 0.575426:  10%|█         | 10/100 [00:14<02:01,  1.35s/it]Best trial: 7. Best value: 0.575426:  11%|█         | 11/100 [00:14<01:59,  1.34s/it]                                                                                     Best trial: 7. Best value: 0.575426:  11%|█         | 11/100 [00:16<01:59,  1.34s/it]Best trial: 11. Best value: 0.575568:  11%|█         | 11/100 [00:16<01:59,  1.34s/it]Best trial: 11. Best value: 0.575568:  12%|█▏        | 12/100 [00:16<01:57,  1.33s/it]                                                                                      Best trial: 11. Best value: 0.575568:  12%|█▏        | 12/100 [00:17<01:57,  1.33s/it]Best trial: 12. Best value: 0.575699:  12%|█▏        | 12/100 [00:17<01:57,  1.33s/it]Best trial: 12. Best value: 0.575699:  13%|█▎        | 13/100 [00:17<01:55,  1.33s/it]                                                                                      Best trial: 12. Best value: 0.575699:  13%|█▎        | 13/100 [00:18<01:55,  1.33s/it]Best trial: 12. Best value: 0.575699:  13%|█▎        | 13/100 [00:18<01:55,  1.33s/it]Best trial: 12. Best value: 0.575699:  14%|█▍        | 14/100 [00:18<01:53,  1.33s/it]                                                                                      Best trial: 12. Best value: 0.575699:  14%|█▍        | 14/100 [00:20<01:53,  1.33s/it]Best trial: 12. Best value: 0.575699:  14%|█▍        | 14/100 [00:20<01:53,  1.33s/it]Best trial: 12. Best value: 0.575699:  15%|█▌        | 15/100 [00:20<01:52,  1.32s/it]                                                                                      Best trial: 12. Best value: 0.575699:  15%|█▌        | 15/100 [00:21<01:52,  1.32s/it]Best trial: 12. Best value: 0.575699:  15%|█▌        | 15/100 [00:21<01:52,  1.32s/it]Best trial: 12. Best value: 0.575699:  16%|█▌        | 16/100 [00:21<01:50,  1.32s/it]                                                                                      Best trial: 12. Best value: 0.575699:  16%|█▌        | 16/100 [00:22<01:50,  1.32s/it]Best trial: 12. Best value: 0.575699:  16%|█▌        | 16/100 [00:22<01:50,  1.32s/it]Best trial: 12. Best value: 0.575699:  17%|█▋        | 17/100 [00:22<01:49,  1.32s/it]                                                                                      Best trial: 12. Best value: 0.575699:  17%|█▋        | 17/100 [00:24<01:49,  1.32s/it]Best trial: 12. Best value: 0.575699:  17%|█▋        | 17/100 [00:24<01:49,  1.32s/it]Best trial: 12. Best value: 0.575699:  18%|█▊        | 18/100 [00:24<01:48,  1.32s/it]                                                                                      Best trial: 12. Best value: 0.575699:  18%|█▊        | 18/100 [00:25<01:48,  1.32s/it]Best trial: 12. Best value: 0.575699:  18%|█▊        | 18/100 [00:25<01:48,  1.32s/it]Best trial: 12. Best value: 0.575699:  19%|█▉        | 19/100 [00:25<01:46,  1.32s/it]                                                                                      Best trial: 12. Best value: 0.575699:  19%|█▉        | 19/100 [00:26<01:46,  1.32s/it]Best trial: 12. Best value: 0.575699:  19%|█▉        | 19/100 [00:26<01:46,  1.32s/it]Best trial: 12. Best value: 0.575699:  20%|██        | 20/100 [00:26<01:45,  1.32s/it]                                                                                      Best trial: 12. Best value: 0.575699:  20%|██        | 20/100 [00:28<01:45,  1.32s/it]Best trial: 12. Best value: 0.575699:  20%|██        | 20/100 [00:28<01:45,  1.32s/it]Best trial: 12. Best value: 0.575699:  21%|██        | 21/100 [00:28<01:44,  1.32s/it]                                                                                      Best trial: 12. Best value: 0.575699:  21%|██        | 21/100 [00:29<01:44,  1.32s/it]Best trial: 21. Best value: 0.575708:  21%|██        | 21/100 [00:29<01:44,  1.32s/it]Best trial: 21. Best value: 0.575708:  22%|██▏       | 22/100 [00:29<01:42,  1.32s/it]                                                                                      Best trial: 21. Best value: 0.575708:  22%|██▏       | 22/100 [00:30<01:42,  1.32s/it]Best trial: 21. Best value: 0.575708:  22%|██▏       | 22/100 [00:30<01:42,  1.32s/it]Best trial: 21. Best value: 0.575708:  23%|██▎       | 23/100 [00:30<01:41,  1.32s/it]                                                                                      Best trial: 21. Best value: 0.575708:  23%|██▎       | 23/100 [00:31<01:41,  1.32s/it]Best trial: 21. Best value: 0.575708:  23%|██▎       | 23/100 [00:31<01:41,  1.32s/it]Best trial: 21. Best value: 0.575708:  24%|██▍       | 24/100 [00:31<01:40,  1.32s/it]                                                                                      Best trial: 21. Best value: 0.575708:  24%|██▍       | 24/100 [00:33<01:40,  1.32s/it]Best trial: 21. Best value: 0.575708:  24%|██▍       | 24/100 [00:33<01:40,  1.32s/it]Best trial: 21. Best value: 0.575708:  25%|██▌       | 25/100 [00:33<01:39,  1.32s/it]                                                                                      Best trial: 21. Best value: 0.575708:  25%|██▌       | 25/100 [00:34<01:39,  1.32s/it]Best trial: 21. Best value: 0.575708:  25%|██▌       | 25/100 [00:34<01:39,  1.32s/it]Best trial: 21. Best value: 0.575708:  26%|██▌       | 26/100 [00:34<01:40,  1.36s/it]                                                                                      Best trial: 21. Best value: 0.575708:  26%|██▌       | 26/100 [00:36<01:40,  1.36s/it]Best trial: 21. Best value: 0.575708:  26%|██▌       | 26/100 [00:36<01:40,  1.36s/it]Best trial: 21. Best value: 0.575708:  27%|██▋       | 27/100 [00:36<01:38,  1.35s/it]                                          