[I 2025-05-13 16:55:00,306] Trial 99 finished with value: 0.5676907514203938 and parameters: {'interp_param': 0.1830707595764246}. Best is trial 94 with value: 0.5689851253791276.
Best hyperparameters: {'interp_param': 0.04903959292619372}
Best optimized value: 0.5689851253791276
Tuning threshold scale factor for offline LSET using optuna
  0%|          | 0/100 [00:00<?, ?it/s]                                         0%|          | 0/100 [00:01<?, ?it/s]Best trial: 0. Best value: 0.570214:   0%|          | 0/100 [00:01<?, ?it/s]Best trial: 0. Best value: 0.570214:   1%|          | 1/100 [00:01<02:11,  1.33s/it]                                                                                    Best trial: 0. Best value: 0.570214:   1%|          | 1/100 [00:02<02:11,  1.33s/it]Best trial: 1. Best value: 0.573471:   1%|          | 1/100 [00:02<02:11,  1.33s/it]Best trial: 1. Best value: 0.573471:   2%|▏         | 2/100 [00:02<01:57,  1.20s/it]                                                                                    Best trial: 1. Best value: 0.573471:   2%|▏         | 2/100 [00:03<01:57,  1.20s/it]Best trial: 1. Best value: 0.573471:   2%|▏         | 2/100 [00:03<01:57,  1.20s/it]Best trial: 1. Best value: 0.573471:   3%|▎         | 3/100 [00:03<01:52,  1.16s/it]                                                                                    Best trial: 1. Best value: 0.573471:   3%|▎         | 3/100 [00:04<01:52,  1.16s/it]Best trial: 1. Best value: 0.573471:   3%|▎         | 3/100 [00:04<01:52,  1.16s/it]Best trial: 1. Best value: 0.573471:   4%|▍         | 4/100 [00:04<01:49,  1.14s/it]                                                                                    Best trial: 1. Best value: 0.573471:   4%|▍         | 4/100 [00:05<01:49,  1.14s/it]Best trial: 1. Best value: 0.573471:   4%|▍         | 4/100 [00:05<01:49,  1.14s/it]Best trial: 1. Best value: 0.573471:   5%|▌         | 5/100 [00:05<01:47,  1.13s/it]                                                                                    Best trial: 1. Best value: 0.573471:   5%|▌         | 5/100 [00:06<01:47,  1.13s/it]Best trial: 1. Best value: 0.573471:   5%|▌         | 5/100 [00:06<01:47,  1.13s/it]Best trial: 1. Best value: 0.573471:   6%|▌         | 6/100 [00:06<01:45,  1.12s/it]                                                                                    Best trial: 1. Best value: 0.573471:   6%|▌         | 6/100 [00:07<01:45,  1.12s/it]Best trial: 1. Best value: 0.573471:   6%|▌         | 6/100 [00:07<01:45,  1.12s/it]Best trial: 1. Best value: 0.573471:   7%|▋         | 7/100 [00:07<01:43,  1.12s/it]                                                                                    Best trial: 1. Best value: 0.573471:   7%|▋         | 7/100 [00:09<01:43,  1.12s/it]Best trial: 1. Best value: 0.573471:   7%|▋         | 7/100 [00:09<01:43,  1.12s/it]Best trial: 1. Best value: 0.573471:   8%|▊         | 8/100 [00:09<01:42,  1.11s/it]                                                                                    Best trial: 1. Best value: 0.573471:   8%|▊         | 8/100 [00:10<01:42,  1.11s/it]Best trial: 1. Best value: 0.573471:   8%|▊         | 8/100 [00:10<01:42,  1.11s/it]Best trial: 1. Best value: 0.573471:   9%|▉         | 9/100 [00:10<01:41,  1.11s/it]                                                                                    Best trial: 1. Best value: 0.573471:   9%|▉         | 9/100 [00:11<01:41,  1.11s/it]Best trial: 1. Best value: 0.573471:   9%|▉         | 9/100 [00:11<01:41,  1.11s/it]Best trial: 1. Best value: 0.573471:  10%|█         | 10/100 [00:11<01:39,  1.11s/it]                                                                                     Best trial: 1. Best value: 0.573471:  10%|█         | 10/100 [00:12<01:39,  1.11s/it]Best trial: 1. Best value: 0.573471:  10%|█         | 10/100 [00:12<01:39,  1.11s/it]Best trial: 1. Best value: 0.573471:  11%|█         | 11/100 [00:12<01:38,  1.11s/it]                                                                                     Best trial: 1. Best value: 0.573471:  11%|█         | 11/100 [00:13<01:38,  1.11s/it]Best trial: 11. Best value: 0.574123:  11%|█         | 11/100 [00:13<01:38,  1.11s/it]Best trial: 11. Best value: 0.574123:  12%|█▏        | 12/100 [00:13<01:37,  1.11s/it]                                                                                      Best trial: 11. Best value: 0.574123:  12%|█▏        | 12/100 [00:14<01:37,  1.11s/it]Best trial: 11. Best value: 0.574123:  12%|█▏        | 12/100 [00:14<01:37,  1.11s/it]Best trial: 11. Best value: 0.574123:  13%|█▎        | 13/100 [00:14<01:36,  1.11s/it]                                                                                      Best trial: 11. Best value: 0.574123:  13%|█▎        | 13/100 [00:15<01:36,  1.11s/it]Best trial: 11. Best value: 0.574123:  13%|█▎        | 13/100 [00:15<01:36,  1.11s/it]Best trial: 11. Best value: 0.574123:  14%|█▍        | 14/100 [00:15<01:35,  1.11s/it]                                                                                      Best trial: 11. Best value: 0.574123:  14%|█▍        | 14/100 [00:16<01:35,  1.11s/it]Best trial: 11. Best value: 0.574123:  14%|█▍        | 14/100 [00:16<01:35,  1.11s/it]Best trial: 11. Best value: 0.574123:  15%|█▌        | 15/100 [00:16<01:34,  1.11s/it]                                                                                      Best trial: 11. Best value: 0.574123:  15%|█▌        | 15/100 [00:17<01:34,  1.11s/it]Best trial: 11. Best value: 0.574123:  15%|█▌        | 15/100 [00:17<01:34,  1.11s/it]Best trial: 11. Best value: 0.574123:  16%|█▌        | 16/100 [00:17<01:33,  1.11s/it]                                                                                      Best trial: 11. Best value: 0.574123:  16%|█▌        | 16/100 [00:19<01:33,  1.11s/it]Best trial: 11. Best value: 0.574123:  16%|█▌        | 16/100 [00:19<01:33,  1.11s/it]Best trial: 11. Best value: 0.574123:  17%|█▋        | 17/100 [00:19<01:32,  1.11s/it]                                                                                      Best trial: 11. Best value: 0.574123:  17%|█▋        | 17/100 [00:20<01:32,  1.11s/it]Best trial: 11. Best value: 0.574123:  17%|█▋        | 17/100 [00:20<01:32,  1.11s/it]Best trial: 11. Best value: 0.574123:  18%|█▊        | 18/100 [00:20<01:31,  1.11s/it]                                                                                      Best trial: 11. Best value: 0.574123:  18%|█▊        | 18/100 [00:21<01:31,  1.11s/it]Best trial: 11. Best value: 0.574123:  18%|█▊        | 18/100 [00:21<01:31,  1.11s/it]Best trial: 11. Best value: 0.574123:  19%|█▉        | 19/100 [00:21<01:30,  1.11s/it]                                                                                      Best trial: 11. Best value: 0.574123:  19%|█▉        | 19/100 [00:22<01:30,  1.11s/it]Best trial: 11. Best value: 0.574123:  19%|█▉        | 19/100 [00:22<01:30,  1.11s/it]Best trial: 11. Best value: 0.574123:  20%|██        | 20/100 [00:22<01:34,  1.18s/it]                                                                                      Best trial: 11. Best value: 0.574123:  20%|██        | 20/100 [00:23<01:34,  1.18s/it]Best trial: 11. Best value: 0.574123:  20%|██        | 20/100 [00:23<01:34,  1.18s/it]Best trial: 11. Best value: 0.574123:  21%|██        | 21/100 [00:23<01:31,  1.16s/it]                                                                                      Best trial: 11. Best value: 0.574123:  21%|██        | 21/100 [00:24<01:31,  1.16s/it]Best trial: 11. Best value: 0.574123:  21%|██        | 21/100 [00:24<01:31,  1.16s/it]Best trial: 11. Best value: 0.574123:  22%|██▏       | 22/100 [00:24<01:29,  1.14s/it]                                                                                      Best trial: 11. Best value: 0.574123:  22%|██▏       | 22/100 [00:26<01:29,  1.14s/it]Best trial: 11. Best value: 0.574123:  22%|██▏       | 22/100 [00:26<01:29,  1.14s/it]Best trial: 11. Best value: 0.574123:  23%|██▎       | 23/100 [00:26<01:29,  1.16s/it]                                                                                      Best trial: 11. Best value: 0.574123:  23%|██▎       | 23/100 [00:27<01:29,  1.16s/it]Best trial: 11. Best value: 0.574123:  23%|██▎       | 23/100 [00:27<01:29,  1.16s/it]Best trial: 11. Best value: 0.574123:  24%|██▍       | 24/100 [00:27<01:27,  1.15s/it]                                                                                      Best trial: 11. Best value: 0.574123:  24%|██▍       | 24/100 [00:28<01:27,  1.15s/it]Best trial: 11. Best value: 0.574123:  24%|██▍       | 24/100 [00:28<01:27,  1.15s/it]Best trial: 11. Best value: 0.574123:  25%|██▌       | 25/100 [00:28<01:25,  1.14s/it]                                                                                      Best trial: 11. Best value: 0.574123:  25%|██▌       | 25/100 [00:29<01:25,  1.14s/it]Best trial: 11. Best value: 0.574123:  25%|██▌       | 25/100 [00:29<01:25,  1.14s/it]Best trial: 11. Best value: 0.574123:  26%|██▌       | 26/100 [00:29<01:23,  1.13s/it]                                                                                      Best trial: 11. Best value: 0.574123:  26%|██▌       | 26/100 [00:30<01:23,  1.13s/it]Best trial: 11. Best value: 0.574123:  26%|██▌       | 26/100 [00:30<01:23,  1.13s/it]Best trial: 11. Best value: 0.574123:  27%|██▋       | 27/100 [00:30<01:22,  1.13s/it]                                                                                      Best trial: 11. Best value: 0.574123:  27%|██▋       | 27/100 [00:31<01:22,  1.13s/it]Best trial: 11. Best value: 0.574123:  27%|██▋       | 27/100 [00:31<01:22,  1.13s/it]Best trial: 11. Best value: 0.574123:  28%|██▊       | 28/100 [00:31<01:20,  1.12s/it]                                                                                      Best trial: 11. Best value: 0.574123:  28%|██▊       | 28/100 [00:32<01:20,  1.12s/it]Best trial: 11. Best value: 0.574123:  28%|██▊       | 28/100 [00:32<01:20,  1.12s/it]Best trial: 11. Best value: 0.574123:  29%|██▉       | 29/100 [00:32<01:19,  1.12s/it]                                                                                      Best trial: 11. Best value: 0.574123:  29%|██▉       | 29/100 [00:33<01:19,  1.12s/it]Best trial: 11. Best value: 0.574123:  29%|██▉       | 29/100 [00:33<01:19,  1.12s/it]Best trial: 11. Best value: 0.574123:  30%|███       | 30/100 [00:33<01:18,  1.12s/it]                                                                                      Best trial: 11. Best value: 0.574123:  30%|███       | 30/100 [00:34<01:18,  1.12s/it]Best trial: 11. Best value: 0.574123:  30%|███       | 30/100 [00:34<01:18,  1.12s/it]Best trial: 11. Best value: 0.574123:  31%|███       | 31/100 [00:34<01:16,  1.11s/it]                                                                                      Best trial: 11. Best value: 0.574123:  31%|███       | 31/100 [00:36<01:16,  1.11s/it]Best trial: 11. Best value: 0.574123:  31%|███       | 31/100 [00:36<01:16,  1.11s/it]Best trial: 11. Best value: 0.574123:  32%|███▏      | 32/100 [00:36<01:15,  1.11s/it]                                                                                      Best trial: 11. Best value: 0.574123:  32%|███▏      | 32/100 [00:37<01:15,  1.11s/it]Best trial: 11. Best value: 0.574123:  32%|███▏      | 32/100 [00:37<01:15,  1.11s/it]Best trial: 11. Best value: 0.574123:  33%|███▎      | 33/100 [00:37<01:14,  1.11s/it]                                                                                      Best trial: 11. Best value: 0.574123:  33%|███▎      | 33/100 [00:38<01:14,  1.11s/it]Best trial: 11. Best value: 0.574123:  33%|███▎      | 33/100 [00:38<01:14,  1.11s/it]Best trial: 11. Best value: 0.574123:  34%|███▍      | 34/100 [00:38<01:13,  1.11s/it]                                                                                      Best trial: 11. Best value: 0.574123:  34%|███▍      | 34/100 [00:39<01:13,  1.11s/it]Best trial: 11. Best value: 0.574123:  34%|███▍      | 34/100 [00:39<01:13,  1.11s/it]Best trial: 11. Best value: 0.574123:  35%|███▌      | 35/100 [00:39<01:12,  1.11s/it]                                                                                      Best trial: 11. Best value: 0.574123:  35%|███▌      | 35/100 [00:40<01:12,  1.11s/it]Best trial: 11. Best value: 0.574123:  35%|███▌      | 35/100 [00:40<01:12,  1.11s/it]Best trial: 11. Best value: 0.574123:  36%|███▌      | 36/100 [00:40<01:11,  1.11s/it]                                                                                      Best trial: 11. Best value: 0.574123:  36%|███▌      | 36/100 [00:41<01:11,  1.11s/it]Best trial: 11. Best value: 0.574123:  36%|███▌      | 36/100 [00:41<01:11,  1.11s/it]Best trial: 11. Best value: 0.574123:  37%|███▋      | 37/100 [00:41<01:09,  1.11s/it]                                                                                      Best trial: 11. Best value: 0.574123:  37%|███▋      | 37/100 [00:42<01:09,  1.11s/it]Best trial: 11. Best value: 0.574123:  37%|███▋      | 37/100 [00:42<01:09,  1.11s/it]Best trial: 11. Best value: 0.574123:  38%|███▊      | 38/100 [00:42<01:08,  1.11s/it]                                                                                      Best trial: 11. Best value: 0.574123:  38%|███▊      | 38/100 [00:43<01:08,  1.11s/it]Best trial: 11. Best value: 0.574123:  38%|███▊      | 38/100 [00:43<01:08,  1.11s/it]Best trial: 11. Best value: 0.574123:  39%|███▉      | 39/100 [00:43<01:07,  1.11s/it]                                                                                      Best trial: 11. Best value: 0.574123:  39%|███▉      | 39/100 [00:44<01:07,  1.11s/it]Best trial: 11. Best value: 0.574123:  39%|███▉      | 39/100 [00:44<01:07,  1.11s/it]Best trial: 11. Best value: 0.574123:  40%|████      | 40/100 [00:44<01:06,  1.11s/it]                                                                                      Best trial: 11. Best value: 0.574123:  40%|████      | 40/100 [00:46<01:06,  1.11s/it]Best trial: 11. Best value: 0.574123:  40%|████      | 40/100 [00:46<01:06,  1.11s/it]Best trial: 11. Best value: 0.574123:  41%|████      | 41/100 [00:46<01:05,  1.11s/it]                                                                                      Best trial: 11. Best value: 0.574123:  41%|████      | 41/100 [00:47<01:05,  1.11s/it]Best trial: 11. Best value: 0.574123:  41%|████      | 41/100 [00:47<01:05,  1.11s/it]Best trial: 11. Best value: 0.574123:  42%|████▏     | 42/100 [00:47<01:04,  1.11s/it]                                                                                      Best trial: 11. Best value: 0.574123:  42%|████▏     | 42/100 [00:48<01:04,  1.11s/it]Best trial: 11. Best value: 0.574123:  42%|████▏     | 42/100 [00:48<01:04,  1.11s/it]Best trial: 11. Best value: 0.574123:  43%|████▎     | 43/100 [00:48<01:03,  1.11s/it]                                                                                      Best trial: 11. Best value: 0.574123:  43%|████▎     | 43/100 [00:49<01:03,  1.11s/it]Best trial: 11. Best value: 0.574123:  43%|████▎     | 43/100 [00:49<01:03,  1.11s/it]Best trial: 11. Best value: 0.574123:  44%|████▍     | 44/100 [00:49<01:04,  1.16s/it]                                                                                      Best trial: 11. Best value: 0.574123:  44%|████▍     | 44/100 [00:50<01:04,  1.16s/it]Best trial: 11. Best value: 0.574123:  44%|████▍     | 44/100 [00:50<01:04,  1.16s/it]Best trial: 11. Best value: 0.574123:  45%|████▌     | 45/100 [00:50<01:02,  1.14s/it]                                                                                      Best trial: 11. Best value: 0.574123:  45%|████▌     | 45/100 [00:51<01:02,  1.14s/it]Best trial: 11. Best value: 0.574123:  45%|████▌     | 45/100 [00:51<01:02,  1.14s/it]Best trial: 11. Best value: 0.574123:  46%|████▌     | 46/100 [00:51<01:01,  1.14s/it]                                                                                      Best trial: 11. Best value: 0.574123:  46%|████▌     | 46/100 [00:53<01:01,  1.14s/it]Best trial: 11. Best value: 0.574123:  46%|████▌     | 46/100 [00:53<01:01,  1.14s/it]Best trial: 11. Best value: 0.574123:  47%|████▋     | 47/100 [00:53<01:07,  1.26s/it]                                                                                      Best trial: 11. Best value: 0.574123:  47%|████▋     | 47/100 [00:54<01:07,  1.26s/it]Best trial: 11. Best value: 0.574123:  47%|████▋     | 47/100 [00:54<01:07,  1.26s/it]Best trial: 11. Best value: 0.574123:  48%|████▊     | 48/100 [00:54<01:03,  1.22s/it]                                                                                      Best trial: 11. Best value: 0.574123:  48%|████▊     | 48/100 [00:55<01:03,  1.22s/it]Best trial: 11. Best value: 0.574123:  48%|████▊     | 48/100 [00:55<01:03,  1.22s/it]Best trial: 11. Best value: 0.574123:  49%|████▉     | 49/100 [00:55<01:00,  1.19s/it]                                                                                      Best trial: 11. Best value: 0.574123:  49%|████▉     | 49/100 [00:56<01:00,  1.19s/it]Best trial: 11. Best value: 0.574123:  49%|████▉     | 49/100 [00:56<01:00,  1.19s/it]Best trial: 11. Best value: 0.574123:  50%|█████     | 50/100 [00:56<00:58,  1.16s/it]                                                                                      Best trial: 11. Best value: 0.574123:  50%|█████     | 50/100 [00:57<00:58,  1.16s/it]Best trial: 11. Best value: 0.574123:  50%|█████     | 50/100 [00:57<00:58,  1.16s/it]Best trial: 11. Best value: 0.574123:  51%|█████     | 51/100 [00:57<00:56,  1.15s/it]                                                                                      Best trial: 11. Best value: 0.574123:  51%|█████     | 51/100 [00:58<00:56,  1.15s/it]Best trial: 11. Best value: 0.574123:  51%|█████     | 51/100 [00:58<00:56,  1.15s/it]Best trial: 11. Best value: 0.574123:  52%|█████▏    | 52/100 [00:58<00:54,  1.14s/it]                                                                                      Best trial: 11. Best value: 0.574123:  52%|█████▏    | 52/100 [01:00<00:54,  1.14s/it]Best trial: 11. Best value: 0.574123:  52%|█████▏    | 52/100 [01:00<00:54,  1.14s/it]Best trial: 11. Best value: 0.574123:  53%|█████▎    | 53/100 [01:00<00:53,  1.13s/it]                                                                                      Best trial: 11. Best value: 0.574123:  53%|█████▎    | 53/100 [01:01<00:53,  1.13s/it]Best trial: 11. Best value: 0.574123:  53%|█████▎    | 53/100 [01:01<00:53,  1.13s/it]Best trial: 11. Best value: 0.574123:  54%|█████▍    | 54/100 [01:01<00:51,  1.12s/it]                                                                                      Best trial: 11. Best value: 0.574123:  54%|█████▍    | 54/100 [01:02<00:51,  1.12s/it]Best trial: 11. Best value: 0.574123:  54%|█████▍    | 54/100 [01:02<00:51,  1.12s/it]Best trial: 11. Best value: 0.574123:  55%|█████▌    | 55/100 [01:02<00:50,  1.12s/it]                                                                                      Best trial: 11. Best value: 0.574123:  55%|█████▌    | 55/100 [01:03<00:50,  1.12s/it]Best trial: 11. Best value: 0.574123:  55%|█████▌    | 55/100 [01:03<00:50,  1.12s/it]Best trial: 11. Best value: 0.574123:  56%|█████▌    | 56/100 [01:03<00:49,  1.12s/it]                                                                                      Best trial: 11. Best value: 0.574123:  56%|█████▌    | 56/100 [01:04<00:49,  1.12s/it]Best trial: 11. Best value: 0.574123:  56%|█████▌    | 56/100 [01:04<00:49,  1.12s/it]Best trial: 11. Best value: 0.574123:  57%|█████▋    | 57/100 [01:04<00:47,  1.11s/it]                                                                                      Best trial: 11. Best value: 0.574123:  57%|█████▋    | 57/100 [01:05<00:47,  1.11s/it]Best trial: 11. Best value: 0.574123:  57%|█████▋    | 57/100 [01:05<00:47,  1.11s/it]Best trial: 11. Best value: 0.574123:  58%|█████▊    | 58/100 [01:05<00:46,  1.12s/it]                                                                                      Best trial: 11. Best value: 0.574123:  58%|█████▊    | 58/100 [01:06<00:46,  1.12s/it]Best trial: 11. Best value: 0.574123:  58%|█████▊    | 58/100 [01:06<00:46,  1.12s/it]Best trial: 11. Best value: 0.574123:  59%|█████▉    | 59/100 [01:06<00:45,  1.11s/it]                                                                                      Best trial: 11. Best value: 0.574123:  59%|█████▉    | 59/100 [01:07<00:45,  1.11s/it]Best trial: 11. Best value: 0.574123:  59%|█████▉    | 59/100 [01:07<00:45,  1.11s/it]Best trial: 11. Best value: 0.574123:  60%|██████    | 60/100 [01:07<00:44,  1.11s/it]                                                                                      Best trial: 11. Best value: 0.574123:  60%|██████    | 60/100 [01:08<00:44,  1.11s/it]Best trial: 11. Best value: 0.574123:  60%|██████    | 60/100 [01:08<00:44,  1.11s/it]Best trial: 11. Best value: 0.574123:  61%|██████    | 61/100 [01:08<00:43,  1.11s/it]                                                                                      Best trial: 11. Best value: 0.574123:  61%|██████    | 61/100 [01:10<00:43,  1.11s/it]Best trial: 11. Best value: 0.574123:  61%|██████    | 61/100 [01:10<00:43,  1.11s/it]Best trial: 11. Best value: 0.574123:  62%|██████▏   | 62/100 [01:10<00:42,  1.11s/it]                                                                                      Best trial: 11. Best value: 0.574123:  62%|██████▏   | 62/100 [01:11<00:42,