[I 2025-05-13 16:52:47,508] Trial 0 finished with value: 0.5682529625357768 and parameters: {'interp_param': 0.51947471833051}. Best is trial 0 with value: 0.5682529625357768.
[I 2025-05-13 16:52:48,832] Trial 1 finished with value: 0.5635769490366953 and parameters: {'interp_param': 0.995210461630165}. Best is trial 0 with value: 0.5682529625357768.
[I 2025-05-13 16:52:50,171] Trial 2 finished with value: 0.5698043316673075 and parameters: {'interp_param': 0.03249721139461137}. Best is trial 2 with value: 0.5698043316673075.
[I 2025-05-13 16:52:51,503] Trial 3 finished with value: 0.5694680507497116 and parameters: {'interp_param': 0.01823557180405655}. Best is trial 2 with value: 0.5698043316673075.
[I 2025-05-13 16:52:52,843] Trial 4 finished with value: 0.5683625955828955 and parameters: {'interp_param': 0.4527234215345983}. Best is trial 2 with value: 0.5698043316673075.
[I 2025-05-13 16:52:54,161] Trial 5 finished with value: 0.5669032252552437 and parameters: {'interp_param': 0.8351331516061726}. Best is trial 2 with value: 0.5698043316673075.
[I 2025-05-13 16:52:55,498] Trial 6 finished with value: 0.5681336579947884 and parameters: {'interp_param': 0.46301624005860564}. Best is trial 2 with value: 0.5698043316673075.
[I 2025-05-13 16:52:56,970] Trial 7 finished with value: 0.5697467128027682 and parameters: {'interp_param': 0.3598239717209729}. Best is trial 2 with value: 0.5698043316673075.
[I 2025-05-13 16:52:58,307] Trial 8 finished with value: 0.5653102311076936 and parameters: {'interp_param': 0.9436512021856432}. Best is trial 2 with value: 0.5698043316673075.
[I 2025-05-13 16:52:59,632] Trial 9 finished with value: 0.5682350207185272 and parameters: {'interp_param': 0.512328403555158}. Best is trial 2 with value: 0.5698043316673075.
[I 2025-05-13 16:53:00,971] Trial 10 finished with value: 0.5696646930667693 and parameters: {'interp_param': 0.025879114791978394}. Best is trial 2 with value: 0.5698043316673075.
[I 2025-05-13 16:53:02,297] Trial 11 finished with value: 0.5713177666709386 and parameters: {'interp_param': 0.19897897762549427}. Best is trial 11 with value: 0.5713177666709386.
[I 2025-05-13 16:53:03,625] Trial 12 finished with value: 0.571445546584647 and parameters: {'interp_param': 0.21025645155952735}. Best is trial 12 with value: 0.571445546584647.
[I 2025-05-13 16:53:04,953] Trial 13 finished with value: 0.5713368704344484 and parameters: {'interp_param': 0.24150933181942047}. Best is trial 12 with value: 0.571445546584647.
[I 2025-05-13 16:53:06,291] Trial 14 finished with value: 0.5712246742705797 and parameters: {'interp_param': 0.26088374273560017}. Best is trial 12 with value: 0.571445546584647.
[I 2025-05-13 16:53:07,614] Trial 15 finished with value: 0.5712884446153189 and parameters: {'interp_param': 0.19537800678240416}. Best is trial 12 with value: 0.571445546584647.
[I 2025-05-13 16:53:08,961] Trial 16 finished with value: 0.5660579093511042 and parameters: {'interp_param': 0.7159098709530871}. Best is trial 12 with value: 0.571445546584647.
[I 2025-05-13 16:53:10,293] Trial 17 finished with value: 0.5703333589645009 and parameters: {'interp_param': 0.30734691365724975}. Best is trial 12 with value: 0.571445546584647.
[I 2025-05-13 16:53:11,621] Trial 18 finished with value: 0.5704958947413389 and parameters: {'interp_param': 0.1226164488462018}. Best is trial 12 with value: 0.571445546584647.
[I 2025-05-13 16:53:12,955] Trial 19 finished with value: 0.5656339014908796 and parameters: {'interp_param': 0.6271768861720352}. Best is trial 12 with value: 0.571445546584647.
[I 2025-05-13 16:53:14,293] Trial 20 finished with value: 0.5695043444828911 and parameters: {'interp_param': 0.37201357752530606}. Best is trial 12 with value: 0.571445546584647.
[I 2025-05-13 16:53:15,628] Trial 21 finished with value: 0.5712785680721091 and parameters: {'interp_param': 0.16862171348790223}. Best is trial 12 with value: 0.571445546584647.
[I 2025-05-13 16:53:16,964] Trial 22 finished with value: 0.5713890896663676 and parameters: {'interp_param': 0.23283342868450874}. Best is trial 12 with value: 0.571445546584647.
[I 2025-05-13 16:53:18,295] Trial 23 finished with value: 0.5706124994660173 and parameters: {'interp_param': 0.11127731858327194}. Best is trial 12 with value: 0.571445546584647.
[I 2025-05-13 16:53:19,624] Trial 24 finished with value: 0.5710232132940323 and parameters: {'interp_param': 0.2774925574496623}. Best is trial 12 with value: 0.571445546584647.
[I 2025-05-13 16:53:21,081] Trial 25 finished with value: 0.569441223461062 and parameters: {'interp_param': 0.3804558400547899}. Best is trial 12 with value: 0.571445546584647.
[I 2025-05-13 16:53:22,420] Trial 26 finished with value: 0.5712407364688795 and parameters: {'interp_param': 0.26061615737815214}. Best is trial 12 with value: 0.571445546584647.
[I 2025-05-13 16:53:23,753] Trial 27 finished with value: 0.5666039215686275 and parameters: {'interp_param': 0.5912744758036389}. Best is trial 12 with value: 0.571445546584647.
[I 2025-05-13 16:53:25,086] Trial 28 finished with value: 0.5705651330684779 and parameters: {'interp_param': 0.1205957755679072}. Best is trial 12 with value: 0.571445546584647.
[I 2025-05-13 16:53:26,415] Trial 29 finished with value: 0.5683317014823358 and parameters: {'interp_param': 0.4219601240165102}. Best is trial 12 with value: 0.571445546584647.
[I 2025-05-13 16:53:27,757] Trial 30 finished with value: 0.571287180144389 and parameters: {'interp_param': 0.20862207842214833}. Best is trial 12 with value: 0.571445546584647.
[I 2025-05-13 16:53:29,082] Trial 31 finished with value: 0.5700926310393439 and parameters: {'interp_param': 0.3236324434059359}. Best is trial 12 with value: 0.571445546584647.
[I 2025-05-13 16:53:30,417] Trial 32 finished with value: 0.5712946986201889 and parameters: {'interp_param': 0.2224596682259325}. Best is trial 12 with value: 0.571445546584647.
[I 2025-05-13 16:53:31,755] Trial 33 finished with value: 0.5710006920415225 and parameters: {'interp_param': 0.09112398645721073}. Best is trial 12 with value: 0.571445546584647.
[I 2025-05-13 16:53:33,095] Trial 34 finished with value: 0.570879712930924 and parameters: {'interp_param': 0.15299980217689152}. Best is trial 12 with value: 0.571445546584647.
[I 2025-05-13 16:53:34,424] Trial 35 finished with value: 0.5705889187919176 and parameters: {'interp_param': 0.07485860739235486}. Best is trial 12 with value: 0.571445546584647.
[I 2025-05-13 16:53:35,758] Trial 36 finished with value: 0.5713184501687385 and parameters: {'interp_param': 0.21577949770912422}. Best is trial 12 with value: 0.571445546584647.
[I 2025-05-13 16:53:37,088] Trial 37 finished with value: 0.5700760903925841 and parameters: {'interp_param': 0.3252571309853872}. Best is trial 12 with value: 0.571445546584647.
[I 2025-05-13 16:53:38,431] Trial 38 finished with value: 0.5713531718569781 and parameters: {'interp_param': 0.24247329283633434}. Best is trial 12 with value: 0.571445546584647.
[I 2025-05-13 16:53:39,759] Trial 39 finished with value: 0.5682869323764363 and parameters: {'interp_param': 0.44473078378349795}. Best is trial 12 with value: 0.571445546584647.
[I 2025-05-13 16:53:41,093] Trial 40 finished with value: 0.5688944252210688 and parameters: {'interp_param': 0.0024637075347200554}. Best is trial 12 with value: 0.571445546584647.
[I 2025-05-13 16:53:42,414] Trial 41 finished with value: 0.5712247426203597 and parameters: {'interp_param': 0.2488533552183413}. Best is trial 12 with value: 0.571445546584647.
[I 2025-05-13 16:53:43,756] Trial 42 finished with value: 0.5701073604169336 and parameters: {'interp_param': 0.05888579766714255}. Best is trial 12 with value: 0.571445546584647.
[I 2025-05-13 16:53:45,081] Trial 43 finished with value: 0.5709222264940835 and parameters: {'interp_param': 0.15641533517821177}. Best is trial 12 with value: 0.571445546584647.
[I 2025-05-13 16:53:46,523] Trial 44 finished with value: 0.5706679653124866 and parameters: {'interp_param': 0.28296078351980875}. Best is trial 12 with value: 0.571445546584647.
[I 2025-05-13 16:53:47,855] Trial 45 finished with value: 0.5690288350634372 and parameters: {'interp_param': 0.3921295481426711}. Best is trial 12 with value: 0.571445546584647.
[I 2025-05-13 16:53:49,194] Trial 46 finished with value: 0.5713084027510786 and parameters: {'interp_param': 0.22058296496318222}. Best is trial 12 with value: 0.571445546584647.
[I 2025-05-13 16:53:50,525] Trial 47 finished with value: 0.5701137511213636 and parameters: {'interp_param': 0.33277706041506844}. Best is trial 12 with value: 0.571445546584647.
[I 2025-05-13 16:53:51,867] Trial 48 finished with value: 0.5679245418428809 and parameters: {'interp_param': 0.4761205479565148}. Best is trial 12 with value: 0.571445546584647.
[I 2025-05-13 16:53:53,197] Trial 49 finished with value: 0.5674149600580972 and parameters: {'interp_param': 0.5556316548796203}. Best is trial 12 with value: 0.571445546584647.
[I 2025-05-13 16:53:54,536] Trial 50 finished with value: 0.5712371822803195 and parameters: {'interp_param': 0.17985038355762906}. Best is trial 12 with value: 0.571445546584647.
[I 2025-05-13 16:53:55,864] Trial 51 finished with value: 0.5713720705711478 and parameters: {'interp_param': 0.2299164496194329}. Best is trial 12 with value: 0.571445546584647.
[I 2025-05-13 16:53:57,205] Trial 52 finished with value: 0.5714480413516169 and parameters: {'interp_param': 0.23784110739463377}. Best is trial 52 with value: 0.5714480413516169.
[I 2025-05-13 16:53:58,539] Trial 53 finished with value: 0.5703795975906703 and parameters: {'interp_param': 0.3038759925572557}. Best is trial 52 with value: 0.5714480413516169.
[I 2025-05-13 16:53:59,870] Trial 54 finished with value: 0.5712211200820198 and parameters: {'interp_param': 0.24958041371701897}. Best is trial 52 with value: 0.5714480413516169.
[I 2025-05-13 16:54:01,197] Trial 55 finished with value: 0.5668398308342946 and parameters: {'interp_param': 0.7833441768897903}. Best is trial 52 with value: 0.5714480413516169.
[I 2025-05-13 16:54:02,534] Trial 56 finished with value: 0.5705343756674783 and parameters: {'interp_param': 0.13583300915779636}. Best is trial 52 with value: 0.5714480413516169.
[I 2025-05-13 16:54:03,861] Trial 57 finished with value: 0.5700452988166944 and parameters: {'interp_param': 0.0439573660674121}. Best is trial 52 with value: 0.5714480413516169.
[I 2025-05-13 16:54:05,191] Trial 58 finished with value: 0.5696722115425691 and parameters: {'interp_param': 0.3570812172452664}. Best is trial 52 with value: 0.5714480413516169.
[I 2025-05-13 16:54:06,523] Trial 59 finished with value: 0.5705948993976675 and parameters: {'interp_param': 0.28912529539944143}. Best is trial 52 with value: 0.5714480413516169.
[I 2025-05-13 16:54:07,856] Trial 60 finished with value: 0.5650565850741167 and parameters: {'interp_param': 0.968415430758964}. Best is trial 52 with value: 0.5714480413516169.
[I 2025-05-13 16:54:09,183] Trial 61 finished with value: 0.5714118501431074 and parameters: {'interp_param': 0.23303893946289084}. Best is trial 52 with value: 0.5714480413516169.
[I 2025-05-13 16:54:10,509] Trial 62 finished with value: 0.5711596736298006 and parameters: {'interp_param': 0.18405879102266343}. Best is trial 52 with value: 0.5714480413516169.
[I 2025-05-13 16:54:11,975] Trial 63 finished with value: 0.5713764449570679 and parameters: {'interp_param': 0.23158569378050758}. Best is trial 52 with value: 0.5714480413516169.
[I 2025-05-13 16:54:13,310] Trial 64 finished with value: 0.5713779486522277 and parameters: {'interp_param': 0.23194380815996093}. Best is trial 52 with value: 0.5714480413516169.
[I 2025-05-13 16:54:14,641] Trial 65 finished with value: 0.5712709128967493 and parameters: {'interp_param': 0.19351590509365638}. Best is trial 52 with value: 0.5714480413516169.
[I 2025-05-13 16:54:15,982] Trial 66 finished with value: 0.5710066384723824 and parameters: {'interp_param': 0.09156458037573681}. Best is trial 52 with value: 0.5714480413516169.
[I 2025-05-13 16:54:17,309] Trial 67 finished with value: 0.5706758255371865 and parameters: {'interp_param': 0.1442786430574254}. Best is trial 52 with value: 0.5714480413516169.
[I 2025-05-13 16:54:18,652] Trial 68 finished with value: 0.5708793711820239 and parameters: {'interp_param': 0.27937834280677876}. Best is trial 52 with value: 0.5714480413516169.
[I 2025-05-13 16:54:19,976] Trial 69 finished with value: 0.5687403648169507 and parameters: {'interp_param': 0.3993052916386137}. Best is trial 52 with value: 0.5714480413516169.
[I 2025-05-13 16:54:21,306] Trial 70 finished with value: 0.5697824255628177 and parameters: {'interp_param': 0.3444827030593914}. Best is trial 52 with value: 0.5714480413516169.
[I 2025-05-13 16:54:22,635] Trial 71 finished with value: 0.5712647272416592 and parameters: {'interp_param': 0.24575075747436528}. Best is trial 52 with value: 0.5714480413516169.
[I 2025-05-13 16:54:23,969] Trial 72 finished with value: 0.5712458968772695 and parameters: {'interp_param': 0.22341620196281362}. Best is trial 52 with value: 0.5714480413516169.
[I 2025-05-13 16:54:25,293] Trial 73 finished with value: 0.5711870818915802 and parameters: {'interp_param': 0.1730883048340443}. Best is trial 52 with value: 0.5714480413516169.
[I 2025-05-13 16:54:26,618] Trial 74 finished with value: 0.5703352044085608 and parameters: {'interp_param': 0.3062593515775893}. Best is trial 52 with value: 0.5714480413516169.
[I 2025-05-13 16:54:27,945] Trial 75 finished with value: 0.5713390918022982 and parameters: {'interp_param': 0.26275528769473716}. Best is trial 52 with value: 0.5714480413516169.
[I 2025-05-13 16:54:29,276] Trial 76 finished with value: 0.5706862830535264 and parameters: {'interp_param': 0.11039102346245075}. Best is trial 52 with value: 0.5714480413516169.
[I 2025-05-13 16:54:30,610] Trial 77 finished with value: 0.5712470929984195 and parameters: {'interp_param': 0.22621307398234514}. Best is trial 52 with value: 0.5714480413516169.
[I 2025-05-13 16:54:31,936] Trial 78 finished with value: 0.571282805758469 and parameters: {'interp_param': 0.1626569547878647}. Best is trial 52 with value: 0.5714480413516169.
[I 2025-05-13 16:54:33,261] Trial 79 finished with value: 0.5713410055961382 and parameters: {'interp_param': 0.20082866765869495}. Best is trial 52 with value: 0.5714480413516169.
[I 2025-05-13 16:54:34,609] Trial 80 finished with value: 0.5711768977743603 and parameters: {'interp_param': 0.269086155919754}. Best is trial 52 with value: 0.5714480413516169.
[I 2025-05-13 16:54:35,939] Trial 81 finished with value: 0.5712728950403692 and parameters: {'interp_param': 0.1938254466783573}. Best is trial 52 with value: 0.5714480413516169.
[I 2025-05-13 16:54:37,371] Trial 82 finished with value: 0.5713419966679482 and parameters: {'interp_param': 0.24111874828490173}. Best is trial 52 with value: 0.5714480413516169.
[I 2025-05-13 16:54:38,699] Trial 83 finished with value: 0.571430543807937 and parameters: {'interp_param': 0.23660139455413484}. Best is trial 52 with value: 0.5714480413516169.
[I 2025-05-13 16:54:40,032] Trial 84 finished with value: 0.5704046136101499 and parameters: {'interp_param': 0.3012248113368573}. Best is trial 52 with value: 0.5714480413516169.
[I 2025-05-13 16:54:41,362] Trial 85 finished with value: 0.5656726899910292 and parameters: {'interp_param': 0.6663918120555183}. Best is trial 52 with value: 0.5714480413516169.
[I 2025-05-13 16:54:42,692] Trial 86 finished with value: 0.5703672946302705 and parameters: {'interp_param': 0.13235637500913305}. Best is trial 52 with value: 0.5714480413516169.
[I 2025-05-13 16:54:44,022] Trial 87 finished with value: 0.5701366141227733 and parameters: {'interp_param': 0.3285303402699144}. Best is trial 52 with value: 0.5714480413516169.
[I 2025-05-13 16:54:45,349] Trial 88 finished with value: 0.5713769917553078 and parameters: {'interp_param': 0.2317666600481294}. Best is trial 52 with value: 0.5714480413516169.
[I 2025-05-13 16:54:46,677] Trial 89 finished with value: 0.5713119569396385 and parameters: {'interp_param': 0.21801330565010016}. Best is trial 52 with value: 0.5714480413516169.
[I 2025-05-13 16:54:48,274] Trial 90 finished with value: 0.5669423896791831 and parameters: {'interp_param': 0.8812788153478834}. Best is trial 52 with value: 0.5714480413516169.
[I 2025-05-13 16:54:49,604] Trial 91 finished with value: 0.5712638386945192 and parameters: {'interp_param': 0.24549484947891398}. Best is trial 52 with value: 0.5714480413516169.
[I 2025-05-13 16:54:50,940] Trial 92 finished with value: 0.5709910888974326 and parameters: {'interp_param': 0.15797233897938848}. Best is trial 52 with value: 0.5714480413516169.
[I 2025-05-13 16:54:52,266] Trial 93 finished with value: 0.571121021829211 and parameters: {'interp_param': 0.2746428315777996}. Best is trial 52 with value: 0.5714480413516169.
[I 2025-05-13 16:54:53,609] Trial 94 finished with value: 0.5713785638002478 and parameters: {'interp_param': 0.23208704032062888}. Best is trial 52 with value: 0.5714480413516169.
[I 2025-05-13 16:54:54,942] Trial 95 finished with value: 0.5713210132854885 and parameters: {'interp_param': 0.20098319874391102}. Best is trial 52 with value: 0.5714480413516169.
[I 2025-05-13 16:54:56,275] Trial 96 finished with value: 0.5708814558503139 and parameters: {'interp_param': 0.10646276353462025}. Best is trial 52 with value: 0.5714480413516169.
[I 2025-05-13 16:54:57,600] Trial 97 finished with value: 0.5697296253577684 and parameters: {'interp_param': 0.35635496071363204}. Best is trial 52 with value: 0.5714480413516169.
[I 2025-05-13 16:54:58,937] Trial 98 finished with value: 0.5712297321542996 and parameters: {'interp_param': 0.18045857105108948}. Best is trial 52 with value: 0.5714480413516169.
