[I 2025-05-13 16:55:00,257] Trial 99 finished with value: 0.5713800674954077 and parameters: {'interp_param': 0.23232268962643762}. Best is trial 52 with value: 0.5714480413516169.
Best hyperparameters: {'interp_param': 0.23784110739463377}
Best optimized value: 0.5714480413516169
Tuning threshold scale factor for offline LSET using optuna
  0%|          | 0/100 [00:00<?, ?it/s]                                         0%|          | 0/100 [00:01<?, ?it/s]Best trial: 0. Best value: 0.562848:   0%|          | 0/100 [00:01<?, ?it/s]Best trial: 0. Best value: 0.562848:   1%|          | 1/100 [00:01<02:13,  1.35s/it]                                                                                    Best trial: 0. Best value: 0.562848:   1%|          | 1/100 [00:02<02:13,  1.35s/it]Best trial: 1. Best value: 0.564804:   1%|          | 1/100 [00:02<02:13,  1.35s/it]Best trial: 1. Best value: 0.564804:   2%|▏         | 2/100 [00:02<01:58,  1.21s/it]                                                                                    Best trial: 1. Best value: 0.564804:   2%|▏         | 2/100 [00:03<01:58,  1.21s/it]Best trial: 2. Best value: 0.571597:   2%|▏         | 2/100 [00:03<01:58,  1.21s/it]Best trial: 2. Best value: 0.571597:   3%|▎         | 3/100 [00:03<01:52,  1.16s/it]                                                                                    Best trial: 2. Best value: 0.571597:   3%|▎         | 3/100 [00:04<01:52,  1.16s/it]Best trial: 2. Best value: 0.571597:   3%|▎         | 3/100 [00:04<01:52,  1.16s/it]Best trial: 2. Best value: 0.571597:   4%|▍         | 4/100 [00:04<01:49,  1.14s/it]                                                                                    Best trial: 2. Best value: 0.571597:   4%|▍         | 4/100 [00:05<01:49,  1.14s/it]Best trial: 4. Best value: 0.572272:   4%|▍         | 4/100 [00:05<01:49,  1.14s/it]Best trial: 4. Best value: 0.572272:   5%|▌         | 5/100 [00:05<01:46,  1.13s/it]                                                                                    Best trial: 4. Best value: 0.572272:   5%|▌         | 5/100 [00:06<01:46,  1.13s/it]Best trial: 4. Best value: 0.572272:   5%|▌         | 5/100 [00:06<01:46,  1.13s/it]Best trial: 4. Best value: 0.572272:   6%|▌         | 6/100 [00:06<01:45,  1.12s/it]                                                                                    Best trial: 4. Best value: 0.572272:   6%|▌         | 6/100 [00:07<01:45,  1.12s/it]Best trial: 4. Best value: 0.572272:   6%|▌         | 6/100 [00:07<01:45,  1.12s/it]Best trial: 4. Best value: 0.572272:   7%|▋         | 7/100 [00:07<01:43,  1.12s/it]                                                                                    Best trial: 4. Best value: 0.572272:   7%|▋         | 7/100 [00:09<01:43,  1.12s/it]Best trial: 4. Best value: 0.572272:   7%|▋         | 7/100 [00:09<01:43,  1.12s/it]Best trial: 4. Best value: 0.572272:   8%|▊         | 8/100 [00:09<01:42,  1.11s/it]                                                                                    Best trial: 4. Best value: 0.572272:   8%|▊         | 8/100 [00:10<01:42,  1.11s/it]Best trial: 4. Best value: 0.572272:   8%|▊         | 8/100 [00:10<01:42,  1.11s/it]Best trial: 4. Best value: 0.572272:   9%|▉         | 9/100 [00:10<01:41,  1.11s/it]                                                                                    Best trial: 4. Best value: 0.572272:   9%|▉         | 9/100 [00:11<01:41,  1.11s/it]Best trial: 4. Best value: 0.572272:   9%|▉         | 9/100 [00:11<01:41,  1.11s/it]Best trial: 4. Best value: 0.572272:  10%|█         | 10/100 [00:11<01:39,  1.11s/it]                                                                                     Best trial: 4. Best value: 0.572272:  10%|█         | 10/100 [00:12<01:39,  1.11s/it]Best trial: 4. Best value: 0.572272:  10%|█         | 10/100 [00:12<01:39,  1.11s/it]Best trial: 4. Best value: 0.572272:  11%|█         | 11/100 [00:12<01:38,  1.11s/it]                                                                                     Best trial: 4. Best value: 0.572272:  11%|█         | 11/100 [00:13<01:38,  1.11s/it]Best trial: 4. Best value: 0.572272:  11%|█         | 11/100 [00:13<01:38,  1.11s/it]Best trial: 4. Best value: 0.572272:  12%|█▏        | 12/100 [00:13<01:37,  1.11s/it]                                                                                     Best trial: 4. Best value: 0.572272:  12%|█▏        | 12/100 [00:14<01:37,  1.11s/it]Best trial: 4. Best value: 0.572272:  12%|█▏        | 12/100 [00:14<01:37,  1.11s/it]Best trial: 4. Best value: 0.572272:  13%|█▎        | 13/100 [00:14<01:36,  1.11s/it]                                                                                     Best trial: 4. Best value: 0.572272:  13%|█▎        | 13/100 [00:15<01:36,  1.11s/it]Best trial: 4. Best value: 0.572272:  13%|█▎        | 13/100 [00:15<01:36,  1.11s/it]Best trial: 4. Best value: 0.572272:  14%|█▍        | 14/100 [00:15<01:35,  1.11s/it]                                                                                     Best trial: 4. Best value: 0.572272:  14%|█▍        | 14/100 [00:16<01:35,  1.11s/it]Best trial: 4. Best value: 0.572272:  14%|█▍        | 14/100 [00:16<01:35,  1.11s/it]Best trial: 4. Best value: 0.572272:  15%|█▌        | 15/100 [00:16<01:34,  1.11s/it]                                                                                     Best trial: 4. Best value: 0.572272:  15%|█▌        | 15/100 [00:17<01:34,  1.11s/it]Best trial: 4. Best value: 0.572272:  15%|█▌        | 15/100 [00:17<01:34,  1.11s/it]Best trial: 4. Best value: 0.572272:  16%|█▌        | 16/100 [00:17<01:33,  1.11s/it]                                                                                     Best trial: 4. Best value: 0.572272:  16%|█▌        | 16/100 [00:19<01:33,  1.11s/it]Best trial: 4. Best value: 0.572272:  16%|█▌        | 16/100 [00:19<01:33,  1.11s/it]Best trial: 4. Best value: 0.572272:  17%|█▋        | 17/100 [00:19<01:32,  1.11s/it]                                                                                     Best trial: 4. Best value: 0.572272:  17%|█▋        | 17/100 [00:20<01:32,  1.11s/it]Best trial: 4. Best value: 0.572272:  17%|█▋        | 17/100 [00:20<01:32,  1.11s/it]Best trial: 4. Best value: 0.572272:  18%|█▊        | 18/100 [00:20<01:30,  1.11s/it]                                                                                     Best trial: 4. Best value: 0.572272:  18%|█▊        | 18/100 [00:21<01:30,  1.11s/it]Best trial: 18. Best value: 0.572664:  18%|█▊        | 18/100 [00:21<01:30,  1.11s/it]Best trial: 18. Best value: 0.572664:  19%|█▉        | 19/100 [00:21<01:29,  1.11s/it]                                                                                      Best trial: 18. Best value: 0.572664:  19%|█▉        | 19/100 [00:22<01:29,  1.11s/it]Best trial: 18. Best value: 0.572664:  19%|█▉        | 19/100 [00:22<01:29,  1.11s/it]Best trial: 18. Best value: 0.572664:  20%|██        | 20/100 [00:22<01:28,  1.11s/it]                                                                                      Best trial: 18. Best value: 0.572664:  20%|██        | 20/100 [00:23<01:28,  1.11s/it]Best trial: 18. Best value: 0.572664:  20%|██        | 20/100 [00:23<01:28,  1.11s/it]Best trial: 18. Best value: 0.572664:  21%|██        | 21/100 [00:23<01:27,  1.11s/it]                                                                                      Best trial: 18. Best value: 0.572664:  21%|██        | 21/100 [00:24<01:27,  1.11s/it]Best trial: 18. Best value: 0.572664:  21%|██        | 21/100 [00:24<01:27,  1.11s/it]Best trial: 18. Best value: 0.572664:  22%|██▏       | 22/100 [00:24<01:26,  1.11s/it]                                                                                      Best trial: 18. Best value: 0.572664:  22%|██▏       | 22/100 [00:25<01:26,  1.11s/it]Best trial: 22. Best value: 0.572684:  22%|██▏       | 22/100 [00:25<01:26,  1.11s/it]Best trial: 22. Best value: 0.572684:  23%|██▎       | 23/100 [00:25<01:27,  1.14s/it]                                                                                      Best trial: 22. Best value: 0.572684:  23%|██▎       | 23/100 [00:26<01:27,  1.14s/it]Best trial: 22. Best value: 0.572684:  23%|██▎       | 23/100 [00:26<01:27,  1.14s/it]Best trial: 22. Best value: 0.572684:  24%|██▍       | 24/100 [00:26<01:25,  1.13s/it]                                                                                      Best trial: 22. Best value: 0.572684:  24%|██▍       | 24/100 [00:28<01:25,  1.13s/it]Best trial: 22. Best value: 0.572684:  24%|██▍       | 24/100 [00:28<01:25,  1.13s/it]Best trial: 22. Best value: 0.572684:  25%|██▌       | 25/100 [00:28<01:24,  1.12s/it]                                                                                      Best trial: 22. Best value: 0.572684:  25%|██▌       | 25/100 [00:29<01:24,  1.12s/it]Best trial: 22. Best value: 0.572684:  25%|██▌       | 25/100 [00:29<01:24,  1.12s/it]Best trial: 22. Best value: 0.572684:  26%|██▌       | 26/100 [00:29<01:22,  1.12s/it]                                                                                      Best trial: 22. Best value: 0.572684:  26%|██▌       | 26/100 [00:30<01:22,  1.12s/it]Best trial: 22. Best value: 0.572684:  26%|██▌       | 26/100 [00:30<01:22,  1.12s/it]Best trial: 22. Best value: 0.572684:  27%|██▋       | 27/100 [00:30<01:21,  1.12s/it]                                                                                      Best trial: 22. Best value: 0.572684:  27%|██▋       | 27/100 [00:31<01:21,  1.12s/it]Best trial: 27. Best value: 0.572745:  27%|██▋       | 27/100 [00:31<01:21,  1.12s/it]Best trial: 27. Best value: 0.572745:  28%|██▊       | 28/100 [00:31<01:20,  1.11s/it]                                                                                      Best trial: 27. Best value: 0.572745:  28%|██▊       | 28/100 [00:32<01:20,  1.11s/it]Best trial: 27. Best value: 0.572745:  28%|██▊       | 28/100 [00:32<01:20,  1.11s/it]Best trial: 27. Best value: 0.572745:  29%|██▉       | 29/100 [00:32<01:19,  1.11s/it]                                                                                      Best trial: 27. Best value: 0.572745:  29%|██▉       | 29/100 [00:33<01:19,  1.11s/it]Best trial: 27. Best value: 0.572745:  29%|██▉       | 29/100 [00:33<01:19,  1.11s/it]Best trial: 27. Best value: 0.572745:  30%|███       | 30/100 [00:33<01:17,  1.11s/it]                                                                                      Best trial: 27. Best value: 0.572745:  30%|███       | 30/100 [00:34<01:17,  1.11s/it]Best trial: 27. Best value: 0.572745:  30%|███       | 30/100 [00:34<01:17,  1.11s/it]Best trial: 27. Best value: 0.572745:  31%|███       | 31/100 [00:34<01:16,  1.11s/it]                                                                                      Best trial: 27. Best value: 0.572745:  31%|███       | 31/100 [00:35<01:16,  1.11s/it]Best trial: 31. Best value: 0.572749:  31%|███       | 31/100 [00:35<01:16,  1.11s/it]Best trial: 31. Best value: 0.572749:  32%|███▏      | 32/100 [00:35<01:15,  1.11s/it]                                                                                      Best trial: 31. Best value: 0.572749:  32%|███▏      | 32/100 [00:36<01:15,  1.11s/it]Best trial: 31. Best value: 0.572749:  32%|███▏      | 32/100 [00:36<01:15,  1.11s/it]Best trial: 31. Best value: 0.572749:  33%|███▎      | 33/100 [00:36<01:14,  1.11s/it]                                                                                      Best trial: 31. Best value: 0.572749:  33%|███▎      | 33/100 [00:38<01:14,  1.11s/it]Best trial: 31. Best value: 0.572749:  33%|███▎      | 33/100 [00:38<01:14,  1.11s/it]Best trial: 31. Best value: 0.572749:  34%|███▍      | 34/100 [00:38<01:13,  1.11s/it]                                                                                      Best trial: 31. Best value: 0.572749:  34%|███▍      | 34/100 [00:39<01:13,  1.11s/it]Best trial: 31. Best value: 0.572749:  34%|███▍      | 34/100 [00:39<01:13,  1.11s/it]Best trial: 31. Best value: 0.572749:  35%|███▌      | 35/100 [00:39<01:12,  1.11s/it]                                                                                      Best trial: 31. Best value: 0.572749:  35%|███▌      | 35/100 [00:40<01:12,  1.11s/it]Best trial: 31. Best value: 0.572749:  35%|███▌      | 35/100 [00:40<01:12,  1.11s/it]Best trial: 31. Best value: 0.572749:  36%|███▌      | 36/100 [00:40<01:10,  1.11s/it]                                                                                      Best trial: 31. Best value: 0.572749:  36%|███▌      | 36/100 [00:41<01:10,  1.11s/it]Best trial: 31. Best value: 0.572749:  36%|███▌      | 36/100 [00:41<01:10,  1.11s/it]Best trial: 31. Best value: 0.572749:  37%|███▋      | 37/100 [00:41<01:09,  1.11s/it]                                                                                      Best trial: 31. Best value: 0.572749:  37%|███▋      | 37/100 [00:42<01:09,  1.11s/it]Best trial: 31. Best value: 0.572749:  37%|███▋      | 37/100 [00:42<01:09,  1.11s/it]Best trial: 31. Best value: 0.572749:  38%|███▊      | 38/100 [00:42<01:08,  1.11s/it]                                                                                      Best trial: 31. Best value: 0.572749:  38%|███▊      | 38/100 [00:43<01:08,  1.11s/it]Best trial: 31. Best value: 0.572749:  38%|███▊      | 38/100 [00:43<01:08,  1.11s/it]Best trial: 31. Best value: 0.572749:  39%|███▉      | 39/100 [00:43<01:07,  1.11s/it]                                                                                      Best trial: 31. Best value: 0.572749:  39%|███▉      | 39/100 [00:44<01:07,  1.11s/it]Best trial: 31. Best value: 0.572749:  39%|███▉      | 39/100 [00:44<01:07,  1.11s/it]Best trial: 31. Best value: 0.572749:  40%|████      | 40/100 [00:44<01:06,  1.11s/it]                                                                                      Best trial: 31. Best value: 0.572749:  40%|████      | 40/100 [00:45<01:06,  1.11s/it]Best trial: 31. Best value: 0.572749:  40%|████      | 40/100 [00:45<01:06,  1.11s/it]Best trial: 31. Best value: 0.572749:  41%|████      | 41/100 [00:45<01:05,  1.11s/it]                                                                                      Best trial: 31. Best value: 0.572749:  41%|████      | 41/100 [00:46<01:05,  1.11s/it]Best trial: 31. Best value: 0.572749:  41%|████      | 41/100 [00:46<01:05,  1.11s/it]Best trial: 31. Best value: 0.572749:  42%|████▏     | 42/100 [00:46<01:04,  1.11s/it]                                                                                      Best trial: 31. Best value: 0.572749:  42%|████▏     | 42/100 [00:47<01:04,  1.11s/it]Best trial: 42. Best value: 0.572986:  42%|████▏     | 42/100 [00:47<01:04,  1.11s/it]Best trial: 42. Best value: 0.572986:  43%|████▎     | 43/100 [00:47<01:03,  1.11s/it]                                                                                      Best trial: 42. Best value: 0.572986:  43%|████▎     | 43/100 [00:49<01:03,  1.11s/it]Best trial: 42. Best value: 0.572986:  43%|████▎     | 43/100 [00:49<01:03,  1.11s/it]Best trial: 42. Best value: 0.572986:  44%|████▍     | 44/100 [00:49<01:04,  1.15s/it]                                                                                      Best trial: 42. Best value: 0.572986:  44%|████▍     | 44/100 [00:50<01:04,  1.15s/it]Best trial: 42. Best value: 0.572986:  44%|████▍     | 44/100 [00:50<01:04,  1.15s/it]Best trial: 42. Best value: 0.572986:  45%|████▌     | 45/100 [00:50<01:02,  1.14s/it]                                                                                      Best trial: 42. Best value: 0.572986:  45%|████▌     | 45/100 [00:51<01:02,  1.14s/it]Best trial: 42. Best value: 0.572986:  45%|████▌     | 45/100 [00:51<01:02,  1.14s/it]Best trial: 42. Best value: 0.572986:  46%|████▌     | 46/100 [00:51<01:01,  1.13s/it]                                                                                      Best trial: 42. Best value: 0.572986:  46%|████▌     | 46/100 [00:52<01:01,  1.13s/it]Best trial: 42. Best value: 0.572986:  46%|████▌     | 46/100 [00:52<01:01,  1.13s/it]Best trial: 42. Best value: 0.572986:  47%|████▋     | 47/100 [00:52<00:59,  1.12s/it]                                                                                      Best trial: 42. Best value: 0.572986:  47%|████▋     | 47/100 [00:53<00:59,  1.12s/it]Best trial: 42. Best value: 0.572986:  47%|████▋     | 47/100 [00:53<00:59,  1.12s/it]Best trial: 42. Best value: 0.572986:  48%|████▊     | 48/100 [00:53<00:58,  1.12s/it]                                                                                      Best trial: 42. Best value: 0.572986:  48%|████▊     | 48/100 [00:54<00:58,  1.12s/it]Best trial: 42. Best value: 0.572986:  48%|████▊     | 48/100 [00:54<00:58,  1.12s/it]Best trial: 42. Best value: 0.572986:  49%|████▉     | 49/100 [00:54<00:56,  1.12s/it]                                                                                      Best trial: 42. Best value: 0.572986:  49%|████▉     | 49/100 [00:55<00:56,  1.12s/it]Best trial: 42. Best value: 0.572986:  49%|████▉     | 49/100 [00:55<00:56,  1.12s/it]Best trial: 42. Best value: 0.572986:  50%|█████     | 50/100 [00:55<00:55,  1.11s/it]                                                                                      Best trial: 42. Best value: 0.572986:  50%|█████     | 50/100 [00:57<00:55,  1.11s/it]Best trial: 42. Best value: 0.572986:  50%|█████     | 50/100 [00:57<00:55,  1.11s/it]Best trial: 42. Best value: 0.572986:  51%|█████     | 51/100 [00:57<00:54,  1.11s/it]                                                                                      Best trial: 42. Best value: 0.572986:  51%|█████     | 51/100 [00:58<00:54,  1.11s/it]Best trial: 42. Best value: 0.572986:  51%|█████     | 51/100 [00:58<00:54,  1.11s/it]Best trial: 42. Best value: 0.572986:  52%|█████▏    | 52/100 [00:58<00:53,  1.11s/it]                                                                                      Best trial: 42. Best value: 0.572986:  52%|█████▏    | 52/100 [00:59<00:53,  1.11s/it]Best trial: 42. Best value: 0.572986:  52%|█████▏    | 52/100 [00:59<00:53,  1.11s/it]Best trial: 42. Best value: 0.572986:  53%|█████▎    | 53/100 [00:59<00:52,  1.11s/it]                                                                                      Best trial: 42. Best value: 0.572986:  53%|█████▎    | 53/100 [01:00<00:52,  1.11s/it]Best trial: 42. Best value: 0.572986:  53%|█████▎    | 53/100 [01:00<00:52,  1.11s/it]Best trial: 42. Best value: 0.572986:  54%|█████▍    | 54/100 [01:00<00:51,  1.11s/it]                                                                                      Best trial: 42. Best value: 0.572986:  54%|█████▍    | 54/100 [01:01<00:51,  1.11s/it]Best trial: 42. Best value: 0.572986:  54%|█████▍    | 54/100 [01:01<00:51,  1.11s/it]Best trial: 42. Best value: 0.572986:  55%|█████▌    | 55/100 [01:01<00:50,  1.11s/it]                                                                                      Best trial: 42. Best value: 0.572986:  55%|█████▌    | 55/100 [01:02<00:50,  1.11s/it]Best trial: 42. Best value: 0.572986:  55%|█████▌    | 55/100 [01:02<00:50,  1.11s/it]Best trial: 42. Best value: 0.572986:  56%|█████▌    | 56/100 [01:02<00:48,  1.11s/it]                                                                                      Best trial: 42. Best value: 0.572986:  56%|█████▌    | 56/100 [01:03<00:48,  1.11s/it]Best trial: 42. Best value: 0.572986:  56%|█████▌    | 56/100 [01:03<00:48,  1.11s/it]Best trial: 42. Best value: 0.572986:  57%|█████▋    | 57/100 [01:03<00:47,  1.11s/it]                                                                                      Best trial: 42. Best value: 0.572986:  57%|█████▋    | 57/100 [01:04<00:47,  1.11s/it]Best trial: 42. Best value: 0.572986:  57%|█████▋    | 57/100 [01:04<00:47,  1.11s/it]Best trial: 42. Best value: 0.572986:  58%|█████▊    | 58/100 [01:04<00:46,  1.11s/it]                                                                                      Best trial: 42. Best value: 0.572986:  58%|█████▊    | 58/100 [01:05<00:46,  1.11s/it]Best trial: 42. Best value: 0.572986:  58%|█████▊    | 58/100 [01:05<00:46,  1.11s/it]Best trial: 42. Best value: 0.572986:  59%|█████▉    | 59/100 [01:05<00:45,  1.11s/it]                                                                                      Best trial: 42. Best value: 0.572986:  59%|█████▉    | 59/100 [01:07<00:45,  1.11s/it]Best trial: 42. Best value: 0.572986:  59%|█████▉    | 59/100 [01:07<00:45,  1.11s/it]Best trial: 42. Best value: 0.572986:  60%|██████    | 60/100 [01:07<00:44,  1.11s/it]                                                                                      Best trial: 42. Best value: 0.572986:  60%|██████    | 60/100 [01:08<00:44,  1.11s/it]Best trial: 42. Best value: 0.572986:  60%|██████    | 60/100 [01:08<00:44,  1.11s/it]Best trial: 42. Best value: 0.572986:  61%|██████    | 61/100 [01:08<00:43,  1.11s/it]                                                                                      Best trial: 42. Best value: 0.572986:  61%|██████    | 61/100 [01:09<00:43,  1.11s/it]Best trial: 42. Best value: 0.572986:  61%|██████    | 61/100 [01:09<00:43,  1.11s/it]Best trial: 42. Best value: 0.572986:  62%|██████▏   | 62/100 [01:09<00:42,  1.11s/it]                                                                                      Best trial: 42. Best value: 0.572986:  62%|██████▏   | 62/100 [01:10<00:42,  1.11s/it]Best trial: 42.