[I 2025-05-14 10:20:53,052] Trial 0 finished with value: 0.566637002862147 and parameters: {'threshold_scale_factor': 0.6811348055472516}. Best is trial 0 with value: 0.566637002862147.
[I 2025-05-14 10:20:54,128] Trial 1 finished with value: 0.5637254731086335 and parameters: {'threshold_scale_factor': 0.2325981530076663}. Best is trial 0 with value: 0.566637002862147.
[I 2025-05-14 10:20:55,207] Trial 2 finished with value: 0.5654123115041223 and parameters: {'threshold_scale_factor': 0.8090175884515908}. Best is trial 0 with value: 0.566637002862147.
[I 2025-05-14 10:20:56,282] Trial 3 finished with value: 0.5662296723482421 and parameters: {'threshold_scale_factor': 0.5365444719892011}. Best is trial 0 with value: 0.566637002862147.
[I 2025-05-14 10:20:57,361] Trial 4 finished with value: 0.5670600196505617 and parameters: {'threshold_scale_factor': 0.6966309634241051}. Best is trial 4 with value: 0.5670600196505617.
[I 2025-05-14 10:20:58,440] Trial 5 finished with value: 0.5599372890768508 and parameters: {'threshold_scale_factor': 0.16255849461895333}. Best is trial 4 with value: 0.5670600196505617.
[I 2025-05-14 10:20:59,514] Trial 6 finished with value: 0.5669450894954932 and parameters: {'threshold_scale_factor': 0.7745845979682036}. Best is trial 4 with value: 0.5670600196505617.
[I 2025-05-14 10:21:00,589] Trial 7 finished with value: 0.5559411166645307 and parameters: {'threshold_scale_factor': 0.0921979868562286}. Best is trial 4 with value: 0.5670600196505617.
[I 2025-05-14 10:21:01,660] Trial 8 finished with value: 0.5568550215728993 and parameters: {'threshold_scale_factor': 0.10240204224246818}. Best is trial 4 with value: 0.5670600196505617.
[I 2025-05-14 10:21:02,742] Trial 9 finished with value: 0.5677101969328036 and parameters: {'threshold_scale_factor': 0.2862604578057504}. Best is trial 9 with value: 0.5677101969328036.
[I 2025-05-14 10:21:03,822] Trial 10 finished with value: 0.5665222777564185 and parameters: {'threshold_scale_factor': 0.4077033485038164}. Best is trial 9 with value: 0.5677101969328036.
[I 2025-05-14 10:21:04,899] Trial 11 finished with value: 0.5668533640907343 and parameters: {'threshold_scale_factor': 0.38995369788889}. Best is trial 9 with value: 0.5677101969328036.
[I 2025-05-14 10:21:05,976] Trial 12 finished with value: 0.5598836344995515 and parameters: {'threshold_scale_factor': 0.9955823213961843}. Best is trial 9 with value: 0.5677101969328036.
[I 2025-05-14 10:21:07,056] Trial 13 finished with value: 0.566315075398351 and parameters: {'threshold_scale_factor': 0.567761688933516}. Best is trial 9 with value: 0.5677101969328036.
[I 2025-05-14 10:21:08,134] Trial 14 finished with value: 0.5684954333803237 and parameters: {'threshold_scale_factor': 0.33010662976644356}. Best is trial 14 with value: 0.5684954333803237.
[I 2025-05-14 10:21:09,209] Trial 15 finished with value: 0.5679272074843009 and parameters: {'threshold_scale_factor': 0.30341689265595506}. Best is trial 14 with value: 0.5684954333803237.
[I 2025-05-14 10:21:10,290] Trial 16 finished with value: 0.5679157247212611 and parameters: {'threshold_scale_factor': 0.3039853905702097}. Best is trial 14 with value: 0.5684954333803237.
[I 2025-05-14 10:21:11,368] Trial 17 finished with value: 0.5447657909351105 and parameters: {'threshold_scale_factor': 0.01885232261674874}. Best is trial 14 with value: 0.5684954333803237.
[I 2025-05-14 10:21:12,442] Trial 18 finished with value: 0.5664519458327993 and parameters: {'threshold_scale_factor': 0.3979570732643003}. Best is trial 14 with value: 0.5684954333803237.
[I 2025-05-14 10:21:13,520] Trial 19 finished with value: 0.5667725063009954 and parameters: {'threshold_scale_factor': 0.464106733435519}. Best is trial 14 with value: 0.5684954333803237.
[I 2025-05-14 10:21:14,605] Trial 20 finished with value: 0.5637267375795634 and parameters: {'threshold_scale_factor': 0.23269109156459722}. Best is trial 14 with value: 0.5684954333803237.
[I 2025-05-14 10:21:15,682] Trial 21 finished with value: 0.5675722329018754 and parameters: {'threshold_scale_factor': 0.28105437719242565}. Best is trial 14 with value: 0.5684954333803237.
[I 2025-05-14 10:21:16,863] Trial 22 finished with value: 0.5686777564184715 and parameters: {'threshold_scale_factor': 0.3390163813996871}. Best is trial 22 with value: 0.5686777564184715.
[I 2025-05-14 10:21:17,943] Trial 23 finished with value: 0.5685348370284933 and parameters: {'threshold_scale_factor': 0.33548632943539125}. Best is trial 22 with value: 0.5686777564184715.
[I 2025-05-14 10:21:19,023] Trial 24 finished with value: 0.5663640138408303 and parameters: {'threshold_scale_factor': 0.49395539186166854}. Best is trial 22 with value: 0.5686777564184715.
[I 2025-05-14 10:21:20,106] Trial 25 finished with value: 0.567510547225426 and parameters: {'threshold_scale_factor': 0.3652111150715166}. Best is trial 22 with value: 0.5686777564184715.
[I 2025-05-14 10:21:21,182] Trial 26 finished with value: 0.5605461147421931 and parameters: {'threshold_scale_factor': 0.17754048200553543}. Best is trial 22 with value: 0.5686777564184715.
[I 2025-05-14 10:21:22,273] Trial 27 finished with value: 0.5659825537186551 and parameters: {'threshold_scale_factor': 0.6307245463264943}. Best is trial 22 with value: 0.5686777564184715.
[I 2025-05-14 10:21:23,354] Trial 28 finished with value: 0.5667423298731258 and parameters: {'threshold_scale_factor': 0.44207671596872367}. Best is trial 22 with value: 0.5686777564184715.
[I 2025-05-14 10:21:24,432] Trial 29 finished with value: 0.5684480328078944 and parameters: {'threshold_scale_factor': 0.326336393070762}. Best is trial 22 with value: 0.5686777564184715.
[I 2025-05-14 10:21:25,517] Trial 30 finished with value: 0.5661195608526635 and parameters: {'threshold_scale_factor': 0.5753700163424191}. Best is trial 22 with value: 0.5686777564184715.
[I 2025-05-14 10:21:26,596] Trial 31 finished with value: 0.5681223461061984 and parameters: {'threshold_scale_factor': 0.35083071842865066}. Best is trial 22 with value: 0.5686777564184715.
[I 2025-05-14 10:21:27,677] Trial 32 finished with value: 0.5617424751164082 and parameters: {'threshold_scale_factor': 0.21239868609262857}. Best is trial 22 with value: 0.5686777564184715.
[I 2025-05-14 10:21:28,752] Trial 33 finished with value: 0.5685244136870434 and parameters: {'threshold_scale_factor': 0.3433209736940161}. Best is trial 22 with value: 0.5686777564184715.
[I 2025-05-14 10:21:29,830] Trial 34 finished with value: 0.565433431586142 and parameters: {'threshold_scale_factor': 0.2537637608112501}. Best is trial 22 with value: 0.5686777564184715.
[I 2025-05-14 10:21:30,912] Trial 35 finished with value: 0.5659504634969457 and parameters: {'threshold_scale_factor': 0.5162577784796014}. Best is trial 22 with value: 0.5686777564184715.
[I 2025-05-14 10:21:31,993] Trial 36 finished with value: 0.5666456491093169 and parameters: {'threshold_scale_factor': 0.43916925329736334}. Best is trial 22 with value: 0.5686777564184715.
[I 2025-05-14 10:21:33,076] Trial 37 finished with value: 0.5580533982656244 and parameters: {'threshold_scale_factor': 0.1309260078753725}. Best is trial 22 with value: 0.5686777564184715.
[I 2025-05-14 10:21:34,158] Trial 38 finished with value: 0.5606332948865821 and parameters: {'threshold_scale_factor': 0.19766035689631983}. Best is trial 22 with value: 0.5686777564184715.
[I 2025-05-14 10:21:35,239] Trial 39 finished with value: 0.5680380708274595 and parameters: {'threshold_scale_factor': 0.3562241710826362}. Best is trial 22 with value: 0.5686777564184715.
[I 2025-05-14 10:21:36,368] Trial 40 finished with value: 0.542639326754667 and parameters: {'threshold_scale_factor': 0.013334787387134228}. Best is trial 22 with value: 0.5686777564184715.
[I 2025-05-14 10:21:37,450] Trial 41 finished with value: 0.5677776239907728 and parameters: {'threshold_scale_factor': 0.3007849206280623}. Best is trial 22 with value: 0.5686777564184715.
[I 2025-05-14 10:21:38,529] Trial 42 finished with value: 0.5685446110470331 and parameters: {'threshold_scale_factor': 0.33622316607153585}. Best is trial 22 with value: 0.5686777564184715.
[I 2025-05-14 10:21:39,752] Trial 43 finished with value: 0.5669910888974325 and parameters: {'threshold_scale_factor': 0.4281401590275405}. Best is trial 22 with value: 0.5686777564184715.
[I 2025-05-14 10:21:40,828] Trial 44 finished with value: 0.5661938570635225 and parameters: {'threshold_scale_factor': 0.2597542017201325}. Best is trial 22 with value: 0.5686777564184715.
[I 2025-05-14 10:21:41,905] Trial 45 finished with value: 0.5683056260412662 and parameters: {'threshold_scale_factor': 0.34712473349219575}. Best is trial 22 with value: 0.5686777564184715.
[I 2025-05-14 10:21:42,984] Trial 46 finished with value: 0.5661791276859327 and parameters: {'threshold_scale_factor': 0.48073170546563804}. Best is trial 22 with value: 0.5686777564184715.
[I 2025-05-14 10:21:44,062] Trial 47 finished with value: 0.5574674014268017 and parameters: {'threshold_scale_factor': 0.12383399607935375}. Best is trial 22 with value: 0.5686777564184715.
[I 2025-05-14 10:21:45,144] Trial 48 finished with value: 0.5670734503823316 and parameters: {'threshold_scale_factor': 0.3854806644791163}. Best is trial 22 with value: 0.5686777564184715.
[I 2025-05-14 10:21:46,225] Trial 49 finished with value: 0.5538985518390362 and parameters: {'threshold_scale_factor': 0.06412166419058829}. Best is trial 22 with value: 0.5686777564184715.
[I 2025-05-14 10:21:47,305] Trial 50 finished with value: 0.5610796872997565 and parameters: {'threshold_scale_factor': 0.9581961404881325}. Best is trial 22 with value: 0.5686777564184715.
[I 2025-05-14 10:21:48,384] Trial 51 finished with value: 0.5681477038745781 and parameters: {'threshold_scale_factor': 0.31817915719307993}. Best is trial 22 with value: 0.5686777564184715.
[I 2025-05-14 10:21:49,462] Trial 52 finished with value: 0.5685341535306934 and parameters: {'threshold_scale_factor': 0.3327937264489171}. Best is trial 22 with value: 0.5686777564184715.
[I 2025-05-14 10:21:50,542] Trial 53 finished with value: 0.5633930881284976 and parameters: {'threshold_scale_factor': 0.22589552383299272}. Best is trial 22 with value: 0.5686777564184715.
[I 2025-05-14 10:21:51,624] Trial 54 finished with value: 0.5665514972873681 and parameters: {'threshold_scale_factor': 0.2632026183798185}. Best is trial 22 with value: 0.5686777564184715.
[I 2025-05-14 10:21:52,705] Trial 55 finished with value: 0.5664994489298987 and parameters: {'threshold_scale_factor': 0.4003887001508373}. Best is trial 22 with value: 0.5686777564184715.
[I 2025-05-14 10:21:53,785] Trial 56 finished with value: 0.5597689777436029 and parameters: {'threshold_scale_factor': 0.1551190473227232}. Best is trial 22 with value: 0.5686777564184715.
[I 2025-05-14 10:21:54,866] Trial 57 finished with value: 0.5662263915588022 and parameters: {'threshold_scale_factor': 0.5424557571098303}. Best is trial 22 with value: 0.5686777564184715.
[I 2025-05-14 10:21:55,945] Trial 58 finished with value: 0.5686266649579221 and parameters: {'threshold_scale_factor': 0.3339247620416347}. Best is trial 22 with value: 0.5686777564184715.
[I 2025-05-14 10:21:57,025] Trial 59 finished with value: 0.5671019522405912 and parameters: {'threshold_scale_factor': 0.3835827810816813}. Best is trial 22 with value: 0.5686777564184715.
[I 2025-05-14 10:21:58,104] Trial 60 finished with value: 0.5667386731598958 and parameters: {'threshold_scale_factor': 0.45443104144446955}. Best is trial 22 with value: 0.5686777564184715.
[I 2025-05-14 10:21:59,184] Trial 61 finished with value: 0.5685306676919134 and parameters: {'threshold_scale_factor': 0.33490313313918463}. Best is trial 22 with value: 0.5686777564184715.
[I 2025-05-14 10:22:00,262] Trial 62 finished with value: 0.5679183220129009 and parameters: {'threshold_scale_factor': 0.30306084769248676}. Best is trial 22 with value: 0.5686777564184715.
[I 2025-05-14 10:22:01,337] Trial 63 finished with value: 0.5670022640864625 and parameters: {'threshold_scale_factor': 0.41901641357654346}. Best is trial 22 with value: 0.5686777564184715.
[I 2025-05-14 10:22:02,518] Trial 64 finished with value: 0.5685260199068733 and parameters: {'threshold_scale_factor': 0.34331080324848995}. Best is trial 22 with value: 0.5686777564184715.
[I 2025-05-14 10:22:03,596] Trial 65 finished with value: 0.5676214447434748 and parameters: {'threshold_scale_factor': 0.2817681209111053}. Best is trial 22 with value: 0.5686777564184715.
[I 2025-05-14 10:22:04,675] Trial 66 finished with value: 0.5642789696270665 and parameters: {'threshold_scale_factor': 0.2398187976311879}. Best is trial 22 with value: 0.5686777564184715.
[I 2025-05-14 10:22:05,755] Trial 67 finished with value: 0.5674292109872271 and parameters: {'threshold_scale_factor': 0.3714478785610614}. Best is trial 22 with value: 0.5686777564184715.
[I 2025-05-14 10:22:06,834] Trial 68 finished with value: 0.5685934811397326 and parameters: {'threshold_scale_factor': 0.3332258571790714}. Best is trial 22 with value: 0.5686777564184715.
[I 2025-05-14 10:22:07,912] Trial 69 finished with value: 0.5611301294373959 and parameters: {'threshold_scale_factor': 0.20376917561391136}. Best is trial 22 with value: 0.5686777564184715.
[I 2025-05-14 10:22:08,994] Trial 70 finished with value: 0.5664564227433893 and parameters: {'threshold_scale_factor': 0.47579601518925807}. Best is trial 22 with value: 0.5686777564184715.
[I 2025-05-14 10:22:10,076] Trial 71 finished with value: 0.5681854329531377 and parameters: {'threshold_scale_factor': 0.32430692152283686}. Best is trial 22 with value: 0.5686777564184715.
[I 2025-05-14 10:22:11,158] Trial 72 finished with value: 0.5673468495023282 and parameters: {'threshold_scale_factor': 0.2777176926050307}. Best is trial 22 with value: 0.5686777564184715.
[I 2025-05-14 10:22:12,241] Trial 73 finished with value: 0.5669177154086036 and parameters: {'threshold_scale_factor': 0.41518488498545425}. Best is trial 22 with value: 0.5686777564184715.
[I 2025-05-14 10:22:13,316] Trial 74 finished with value: 0.5686050664274425 and parameters: {'threshold_scale_factor': 0.33350218941269005}. Best is trial 22 with value: 0.5686777564184715.
[I 2025-05-14 10:22:14,395] Trial 75 finished with value: 0.5676205561963347 and parameters: {'threshold_scale_factor': 0.367427015183659}. Best is trial 22 with value: 0.5686777564184715.
[I 2025-05-14 10:22:15,470] Trial 76 finished with value: 0.5606041095305225 and parameters: {'threshold_scale_factor': 0.17907600961636605}. Best is trial 22 with value: 0.5686777564184715.
[I 2025-05-14 10:22:16,555] Trial 77 finished with value: 0.5679585458584304 and parameters: {'threshold_scale_factor': 0.30756773631778006}. Best is trial 22 with value: 0.5686777564184715.
[I 2025-05-14 10:22:17,633] Trial 78 finished with value: 0.5644134136443248 and parameters: {'threshold_scale_factor': 0.24161604161358047}. Best is trial 22 with value: 0.5686777564184715.
[I 2025-05-14 10:22:18,708] Trial 79 finished with value: 0.5673841343073176 and parameters: {'threshold_scale_factor': 0.27865473587495515}. Best is trial 22 with value: 0.5686777564184715.
[I 2025-05-14 10:22:19,784] Trial 80 finished with value: 0.5670839078986715 and parameters: {'threshold_scale_factor': 0.38111781898881686}. Best is trial 22 with value: 0.5686777564184715.
[I 2025-05-14 10:22:20,862] Trial 81 finished with value: 0.5684840531419539 and parameters: {'threshold_scale_factor': 0.32912899670422957}. Best is trial 22 with value: 0.5686777564184715.
[I 2025-05-14 10:22:21,939] Trial 82 finished with value: 0.5684427698748344 and parameters: {'threshold_scale_factor': 0.3439230824883616}. Best is trial 22 with value: 0.5686777564184715.
[I 2025-05-14 10:22:23,027] Trial 83 finished with value: 0.5666445555128369 and parameters: {'threshold_scale_factor': 0.41196174223494086}. Best is trial 22 with value: 0.5686777564184715.
[I 2025-05-14 10:22:24,111] Trial 84 finished with value: 0.5665976333888675 and parameters: {'threshold_scale_factor': 0.7792729176520463}. Best is trial 22 with value: 0.5686777564184715.
[I 2025-05-14 10:22:25,336] Trial 85 finished with value: 0.5680996198043486 and parameters: {'threshold_scale_factor': 0.34949194813951445}. Best is trial 22 with value: 0.5686777564184715.
[I 2025-05-14 10:22:26,416] Trial 86 finished with value: 0.5660325515827246 and parameters: {'threshold_scale_factor': 0.510969476222198}. Best is trial 22 with value: 0.5686777564184715.
[I 2025-05-14 10:22:27,494] Trial 87 finished with value: 0.5679150753983511 and parameters: {'threshold_scale_factor': 0.30290484877943086}. Best is trial 22 with value: 0.5686777564184715.
[I 2025-05-14 10:22:28,573] Trial 88 finished with value: 0.5667777692340552 and parameters: {'threshold_scale_factor': 0.44683675758260255}. Best is trial 22 with value: 0.5686777564184715.
[I 2025-05-14 10:22:29,652] Trial 89 finished with value: 0.5669304968174634 and parameters: {'threshold_scale_factor': 0.6925081673861989}. Best is trial 22 with value: 0.5686777564184715.
[I 2025-05-14 10:22:30,729] Trial 90 finished with value: 0.5660716134819941 and parameters: {'threshold_scale_factor': 0.2586535065025214}. Best is trial 22 with value: 0.5686777564184715.
[I 2025-05-14 10:22:31,808] Trial 91 finished with value: 0.5685245503866034 and parameters: {'threshold_scale_factor': 0.3352422786956912}. Best is trial 22 with value: 0.5686777564184715.
[I 2025-05-14 10:22:32,883] Trial 92 finished with value: 0.5670619334444017 and parameters: {'threshold_scale_factor': 0.3857410119082413}. Best is trial 22 with value: 0.5686777564184715.
[I 2025-05-14 10:22:33,964] Trial 93 finished with value: 0.5686752616515016 and parameters: {'threshold_scale_factor': 0.33897934472040103}. Best is trial 22 with value: 0.5686777564184715.
[I 2025-05-14 10:22:35,046] Trial 94 finished with value: 0.5677478576615831 and parameters: {'threshold_scale_factor': 0.3617237650194304}. Best is trial 22 with value: 0.5686777564184715.
[I 2025-05-14 10:22:36,123] Trial 95 finished with value: 0.5677487120338331 and parameters: {'threshold_scale_factor': 0.2896401767205606}. Best is trial 22 with value: 0.5686777564184715.
[I 2025-05-14 10:22:37,207] Trial 96 finished with value: 0.5681318809005083 and parameters: {'threshold_scale_factor': 0.315345980125886}. Best is trial 22 with value: 0.5686777564184715.
[I 2025-05-14 10:22:38,284] Trial 97 finished with value: 0.5664511598103293 and parameters: {'threshold_scale_factor': 0.39797378601351363}. Best is trial 22 with value: 0.5686777564184715.
[I 2025-05-14 10:22:39,362] Trial 98 finished with value: 0.5669755051475928 and parameters: {'threshold_scale_factor': 0.4313163227390523}. Best is trial 22 with value: 0.5686777564184715.
