[I 2025-05-13 16:55:01,639] Trial 0 finished with value: 0.5702140202486223 and parameters: {'threshold_scale_factor': 0.38640557138368214}. Best is trial 0 with value: 0.5702140202486223.
[I 2025-05-13 16:55:02,748] Trial 1 finished with value: 0.5734712631893716 and parameters: {'threshold_scale_factor': 0.664967496066353}. Best is trial 1 with value: 0.5734712631893716.
[I 2025-05-13 16:55:03,851] Trial 2 finished with value: 0.5637827160493827 and parameters: {'threshold_scale_factor': 0.19150329428835122}. Best is trial 1 with value: 0.5734712631893716.
[I 2025-05-13 16:55:04,955] Trial 3 finished with value: 0.5691913024904951 and parameters: {'threshold_scale_factor': 0.2898968443821517}. Best is trial 1 with value: 0.5734712631893716.
[I 2025-05-13 16:55:06,065] Trial 4 finished with value: 0.5672871117946089 and parameters: {'threshold_scale_factor': 0.23862641391556383}. Best is trial 1 with value: 0.5734712631893716.
[I 2025-05-13 16:55:07,176] Trial 5 finished with value: 0.5713736426160878 and parameters: {'threshold_scale_factor': 0.5761073725334518}. Best is trial 1 with value: 0.5734712631893716.
[I 2025-05-13 16:55:08,280] Trial 6 finished with value: 0.5671669187064804 and parameters: {'threshold_scale_factor': 0.9243297725488695}. Best is trial 1 with value: 0.5734712631893716.
[I 2025-05-13 16:55:09,387] Trial 7 finished with value: 0.5705795206971678 and parameters: {'threshold_scale_factor': 0.3920488670790273}. Best is trial 1 with value: 0.5734712631893716.
[I 2025-05-13 16:55:10,494] Trial 8 finished with value: 0.5650541244820368 and parameters: {'threshold_scale_factor': 0.20980209746357448}. Best is trial 1 with value: 0.5734712631893716.
[I 2025-05-13 16:55:11,597] Trial 9 finished with value: 0.5659027553505062 and parameters: {'threshold_scale_factor': 0.9984530869979564}. Best is trial 1 with value: 0.5734712631893716.
[I 2025-05-13 16:55:12,709] Trial 10 finished with value: 0.5733127258746635 and parameters: {'threshold_scale_factor': 0.6577303300191975}. Best is trial 1 with value: 0.5734712631893716.
[I 2025-05-13 16:55:13,819] Trial 11 finished with value: 0.5741230808663335 and parameters: {'threshold_scale_factor': 0.6845001097297604}. Best is trial 11 with value: 0.5741230808663335.
[I 2025-05-13 16:55:14,930] Trial 12 finished with value: 0.5732251014567047 and parameters: {'threshold_scale_factor': 0.739350066049704}. Best is trial 11 with value: 0.5741230808663335.
[I 2025-05-13 16:55:16,037] Trial 13 finished with value: 0.571280652740399 and parameters: {'threshold_scale_factor': 0.8166190681750609}. Best is trial 11 with value: 0.5741230808663335.
[I 2025-05-13 16:55:17,148] Trial 14 finished with value: 0.5381953949335726 and parameters: {'threshold_scale_factor': 0.01717925995066527}. Best is trial 11 with value: 0.5741230808663335.
[I 2025-05-13 16:55:18,264] Trial 15 finished with value: 0.5718230082446922 and parameters: {'threshold_scale_factor': 0.5670446248638378}. Best is trial 11 with value: 0.5741230808663335.
[I 2025-05-13 16:55:19,377] Trial 16 finished with value: 0.572319979495066 and parameters: {'threshold_scale_factor': 0.7917683259255391}. Best is trial 11 with value: 0.5741230808663335.
[I 2025-05-13 16:55:20,488] Trial 17 finished with value: 0.5738044683668675 and parameters: {'threshold_scale_factor': 0.4771224261288909}. Best is trial 11 with value: 0.5741230808663335.
[I 2025-05-13 16:55:21,599] Trial 18 finished with value: 0.5733522662223931 and parameters: {'threshold_scale_factor': 0.4852470477812345}. Best is trial 11 with value: 0.5741230808663335.
[I 2025-05-13 16:55:22,705] Trial 19 finished with value: 0.5739408261779657 and parameters: {'threshold_scale_factor': 0.4682651151324965}. Best is trial 11 with value: 0.5741230808663335.
[I 2025-05-13 16:55:24,037] Trial 20 finished with value: 0.569924524755436 and parameters: {'threshold_scale_factor': 0.3778836038561306}. Best is trial 11 with value: 0.5741230808663335.
[I 2025-05-13 16:55:25,144] Trial 21 finished with value: 0.5732128668460849 and parameters: {'threshold_scale_factor': 0.5012407264851652}. Best is trial 11 with value: 0.5741230808663335.
[I 2025-05-13 16:55:26,359] Trial 22 finished with value: 0.5735743346576103 and parameters: {'threshold_scale_factor': 0.4814297301963955}. Best is trial 11 with value: 0.5741230808663335.
[I 2025-05-13 16:55:27,474] Trial 23 finished with value: 0.5731697381349053 and parameters: {'threshold_scale_factor': 0.6496207460743236}. Best is trial 11 with value: 0.5741230808663335.
[I 2025-05-13 16:55:28,587] Trial 24 finished with value: 0.5712697851253792 and parameters: {'threshold_scale_factor': 0.5726154884509485}. Best is trial 11 with value: 0.5741230808663335.
[I 2025-05-13 16:55:29,706] Trial 25 finished with value: 0.5687625443205605 and parameters: {'threshold_scale_factor': 0.3198110792068996}. Best is trial 11 with value: 0.5741230808663335.
[I 2025-05-13 16:55:30,820] Trial 26 finished with value: 0.5569882694690076 and parameters: {'threshold_scale_factor': 0.1010458467349119}. Best is trial 11 with value: 0.5741230808663335.
[I 2025-05-13 16:55:31,934] Trial 27 finished with value: 0.5728648981161092 and parameters: {'threshold_scale_factor': 0.7311399566854191}. Best is trial 11 with value: 0.5741230808663335.
[I 2025-05-13 16:55:33,042] Trial 28 finished with value: 0.5730455465846469 and parameters: {'threshold_scale_factor': 0.4436459026584181}. Best is trial 11 with value: 0.5741230808663335.
[I 2025-05-13 16:55:34,150] Trial 29 finished with value: 0.5718799094365414 and parameters: {'threshold_scale_factor': 0.40075680367424127}. Best is trial 11 with value: 0.5741230808663335.
[I 2025-05-13 16:55:35,259] Trial 30 finished with value: 0.5705888846170277 and parameters: {'threshold_scale_factor': 0.8438756356749137}. Best is trial 11 with value: 0.5741230808663335.
[I 2025-05-13 16:55:36,367] Trial 31 finished with value: 0.572556640608313 and parameters: {'threshold_scale_factor': 0.5186581607916486}. Best is trial 11 with value: 0.5741230808663335.
[I 2025-05-13 16:55:37,471] Trial 32 finished with value: 0.5727432696826007 and parameters: {'threshold_scale_factor': 0.6136750831663338}. Best is trial 11 with value: 0.5741230808663335.
[I 2025-05-13 16:55:38,581] Trial 33 finished with value: 0.5739958135759751 and parameters: {'threshold_scale_factor': 0.4684730937652404}. Best is trial 11 with value: 0.5741230808663335.
[I 2025-05-13 16:55:39,694] Trial 34 finished with value: 0.5734343543081721 and parameters: {'threshold_scale_factor': 0.7007701370246793}. Best is trial 11 with value: 0.5741230808663335.
[I 2025-05-13 16:55:40,805] Trial 35 finished with value: 0.5690490665983169 and parameters: {'threshold_scale_factor': 0.30509054520262535}. Best is trial 11 with value: 0.5741230808663335.
[I 2025-05-13 16:55:41,915] Trial 36 finished with value: 0.5696210517322398 and parameters: {'threshold_scale_factor': 0.34961559911304846}. Best is trial 11 with value: 0.5741230808663335.
[I 2025-05-13 16:55:43,032] Trial 37 finished with value: 0.5729498910675381 and parameters: {'threshold_scale_factor': 0.43868809591485725}. Best is trial 11 with value: 0.5741230808663335.
[I 2025-05-13 16:55:44,142] Trial 38 finished with value: 0.5723448588149858 and parameters: {'threshold_scale_factor': 0.5499491476775145}. Best is trial 11 with value: 0.5741230808663335.
[I 2025-05-13 16:55:45,254] Trial 39 finished with value: 0.5690186509462173 and parameters: {'threshold_scale_factor': 0.27017210457509955}. Best is trial 11 with value: 0.5741230808663335.
[I 2025-05-13 16:55:46,362] Trial 40 finished with value: 0.5725224315434234 and parameters: {'threshold_scale_factor': 0.6065495402839701}. Best is trial 11 with value: 0.5741230808663335.
[I 2025-05-13 16:55:47,477] Trial 41 finished with value: 0.5738975265923363 and parameters: {'threshold_scale_factor': 0.4717074852917922}. Best is trial 11 with value: 0.5741230808663335.
[I 2025-05-13 16:55:48,589] Trial 42 finished with value: 0.572958639839378 and parameters: {'threshold_scale_factor': 0.4382978402241805}. Best is trial 11 with value: 0.5741230808663335.
[I 2025-05-13 16:55:49,849] Trial 43 finished with value: 0.5727285061301209 and parameters: {'threshold_scale_factor': 0.42741553993962006}. Best is trial 11 with value: 0.5741230808663335.
[I 2025-05-13 16:55:50,965] Trial 44 finished with value: 0.5720557050706994 and parameters: {'threshold_scale_factor': 0.5352499849617924}. Best is trial 11 with value: 0.5741230808663335.
[I 2025-05-13 16:55:52,080] Trial 45 finished with value: 0.5727635353923705 and parameters: {'threshold_scale_factor': 0.6182725937085692}. Best is trial 11 with value: 0.5741230808663335.
[I 2025-05-13 16:55:53,197] Trial 46 finished with value: 0.5624545772993294 and parameters: {'threshold_scale_factor': 0.1665497924445279}. Best is trial 11 with value: 0.5741230808663335.
[I 2025-05-13 16:55:54,755] Trial 47 finished with value: 0.573917313853646 and parameters: {'threshold_scale_factor': 0.47155561392188833}. Best is trial 11 with value: 0.5741230808663335.
[I 2025-05-13 16:55:55,870] Trial 48 finished with value: 0.5694369515998121 and parameters: {'threshold_scale_factor': 0.3471016603665532}. Best is trial 11 with value: 0.5741230808663335.
[I 2025-05-13 16:55:56,981] Trial 49 finished with value: 0.5737243282498184 and parameters: {'threshold_scale_factor': 0.6906073675734763}. Best is trial 11 with value: 0.5741230808663335.
[I 2025-05-13 16:55:58,093] Trial 50 finished with value: 0.5692092784826349 and parameters: {'threshold_scale_factor': 0.8786271268531431}. Best is trial 11 with value: 0.5741230808663335.
[I 2025-05-13 16:55:59,202] Trial 51 finished with value: 0.5729798624460678 and parameters: {'threshold_scale_factor': 0.4921315270190245}. Best is trial 11 with value: 0.5741230808663335.
[I 2025-05-13 16:56:00,311] Trial 52 finished with value: 0.5735307958477509 and parameters: {'threshold_scale_factor': 0.4605993178128064}. Best is trial 11 with value: 0.5741230808663335.
[I 2025-05-13 16:56:01,421] Trial 53 finished with value: 0.5702581742065018 and parameters: {'threshold_scale_factor': 0.38793133339805785}. Best is trial 11 with value: 0.5741230808663335.
[I 2025-05-13 16:56:02,531] Trial 54 finished with value: 0.5722688538596267 and parameters: {'threshold_scale_factor': 0.5232938094599234}. Best is trial 11 with value: 0.5741230808663335.
[I 2025-05-13 16:56:03,642] Trial 55 finished with value: 0.5719867059677902 and parameters: {'threshold_scale_factor': 0.5870962823412004}. Best is trial 11 with value: 0.5741230808663335.
[I 2025-05-13 16:56:04,752] Trial 56 finished with value: 0.5658993720363963 and parameters: {'threshold_scale_factor': 0.998652946470804}. Best is trial 11 with value: 0.5741230808663335.
[I 2025-05-13 16:56:05,868] Trial 57 finished with value: 0.5725167926865735 and parameters: {'threshold_scale_factor': 0.4090895837531031}. Best is trial 11 with value: 0.5741230808663335.
[I 2025-05-13 16:56:06,982] Trial 58 finished with value: 0.5736594984834892 and parameters: {'threshold_scale_factor': 0.47966734533268335}. Best is trial 11 with value: 0.5741230808663335.
[I 2025-05-13 16:56:08,093] Trial 59 finished with value: 0.5697358451877483 and parameters: {'threshold_scale_factor': 0.3573077648799448}. Best is trial 11 with value: 0.5741230808663335.
[I 2025-05-13 16:56:09,200] Trial 60 finished with value: 0.56880656157888 and parameters: {'threshold_scale_factor': 0.264919121447171}. Best is trial 11 with value: 0.5741230808663335.
[I 2025-05-13 16:56:10,311] Trial 61 finished with value: 0.5733958050322526 and parameters: {'threshold_scale_factor': 0.6703540178581807}. Best is trial 11 with value: 0.5741230808663335.
[I 2025-05-13 16:56:11,433] Trial 62 finished with value: 0.5726162757913623 and parameters: {'threshold_scale_factor': 0.7789304326296503}. Best is trial 11 with value: 0.5741230808663335.
[I 2025-05-13 16:56:12,546] Trial 63 finished with value: 0.5730853603314965 and parameters: {'threshold_scale_factor': 0.6454023070518778}. Best is trial 11 with value: 0.5741230808663335.
[I 2025-05-13 16:56:13,765] Trial 64 finished with value: 0.5721157161775385 and parameters: {'threshold_scale_factor': 0.5594890211151351}. Best is trial 11 with value: 0.5741230808663335.
[I 2025-05-13 16:56:14,881] Trial 65 finished with value: 0.5727549233200906 and parameters: {'threshold_scale_factor': 0.7145337130104575}. Best is trial 11 with value: 0.5741230808663335.
[I 2025-05-13 16:56:15,990] Trial 66 finished with value: 0.5727433722072707 and parameters: {'threshold_scale_factor': 0.7556911922245457}. Best is trial 11 with value: 0.5741230808663335.
[I 2025-05-13 16:56:17,098] Trial 67 finished with value: 0.5671613481994104 and parameters: {'threshold_scale_factor': 0.9527375153103268}. Best is trial 11 with value: 0.5741230808663335.
[I 2025-05-13 16:56:18,212] Trial 68 finished with value: 0.574152949720193 and parameters: {'threshold_scale_factor': 0.6815334226936344}. Best is trial 68 with value: 0.574152949720193.
[I 2025-05-13 16:56:19,328] Trial 69 finished with value: 0.5725563330343031 and parameters: {'threshold_scale_factor': 0.5186507124801831}. Best is trial 68 with value: 0.574152949720193.
[I 2025-05-13 16:56:20,437] Trial 70 finished with value: 0.5737846127557777 and parameters: {'threshold_scale_factor': 0.46381204448440205}. Best is trial 68 with value: 0.574152949720193.
[I 2025-05-13 16:56:21,548] Trial 71 finished with value: 0.5731583578965356 and parameters: {'threshold_scale_factor': 0.4875336459633364}. Best is trial 68 with value: 0.574152949720193.
[I 2025-05-13 16:56:22,660] Trial 72 finished with value: 0.5738704942543467 and parameters: {'threshold_scale_factor': 0.46551666398540137}. Best is trial 68 with value: 0.574152949720193.
[I 2025-05-13 16:56:23,772] Trial 73 finished with value: 0.5728463069759495 and parameters: {'threshold_scale_factor': 0.4191956185380653}. Best is trial 68 with value: 0.574152949720193.
[I 2025-05-13 16:56:24,894] Trial 74 finished with value: 0.5735797684651203 and parameters: {'threshold_scale_factor': 0.45690165082420914}. Best is trial 68 with value: 0.574152949720193.
[I 2025-05-13 16:56:26,001] Trial 75 finished with value: 0.5699037122474262 and parameters: {'threshold_scale_factor': 0.36853084893126187}. Best is trial 68 with value: 0.574152949720193.
[I 2025-05-13 16:56:27,113] Trial 76 finished with value: 0.572163116749968 and parameters: {'threshold_scale_factor': 0.5882745767577252}. Best is trial 68 with value: 0.574152949720193.
[I 2025-05-13 16:56:28,222] Trial 77 finished with value: 0.5690330044000171 and parameters: {'threshold_scale_factor': 0.32700970431302345}. Best is trial 68 with value: 0.574152949720193.
[I 2025-05-13 16:56:29,331] Trial 78 finished with value: 0.5722448972617369 and parameters: {'threshold_scale_factor': 0.5403550819243405}. Best is trial 68 with value: 0.574152949720193.
[I 2025-05-13 16:56:30,445] Trial 79 finished with value: 0.5727478832927506 and parameters: {'threshold_scale_factor': 0.5068444637078392}. Best is trial 68 with value: 0.574152949720193.
[I 2025-05-13 16:56:31,551] Trial 80 finished with value: 0.5728100132427699 and parameters: {'threshold_scale_factor': 0.6283951937491115}. Best is trial 68 with value: 0.574152949720193.
[I 2025-05-13 16:56:32,657] Trial 81 finished with value: 0.5717149814174036 and parameters: {'threshold_scale_factor': 0.39943209269632546}. Best is trial 68 with value: 0.574152949720193.
[I 2025-05-13 16:56:33,765] Trial 82 finished with value: 0.57359401939425 and parameters: {'threshold_scale_factor': 0.45882866641716896}. Best is trial 68 with value: 0.574152949720193.
[I 2025-05-13 16:56:34,870] Trial 83 finished with value: 0.5737081293519586 and parameters: {'threshold_scale_factor': 0.4792671685925511}. Best is trial 68 with value: 0.574152949720193.
[I 2025-05-13 16:56:35,981] Trial 84 finished with value: 0.5727615532487504 and parameters: {'threshold_scale_factor': 0.42698182090905024}. Best is trial 68 with value: 0.574152949720193.
[I 2025-05-13 16:56:37,245] Trial 85 finished with value: 0.5719638429663805 and parameters: {'threshold_scale_factor': 0.5560123980762796}. Best is trial 68 with value: 0.574152949720193.
[I 2025-05-13 16:56:38,359] Trial 86 finished with value: 0.573445666196762 and parameters: {'threshold_scale_factor': 0.4500157954587176}. Best is trial 68 with value: 0.574152949720193.
[I 2025-05-13 16:56:39,468] Trial 87 finished with value: 0.5725157674398735 and parameters: {'threshold_scale_factor': 0.5152430652734592}. Best is trial 68 with value: 0.574152949720193.
[I 2025-05-13 16:56:40,582] Trial 88 finished with value: 0.5701959759067026 and parameters: {'threshold_scale_factor': 0.3836039004662109}. Best is trial 68 with value: 0.574152949720193.
[I 2025-05-13 16:56:41,691] Trial 89 finished with value: 0.5716989533939937 and parameters: {'threshold_scale_factor': 0.5797035386477699}. Best is trial 68 with value: 0.574152949720193.
[I 2025-05-13 16:56:42,802] Trial 90 finished with value: 0.5737959929941475 and parameters: {'threshold_scale_factor': 0.4729947077850489}. Best is trial 68 with value: 0.574152949720193.
[I 2025-05-13 16:56:43,913] Trial 91 finished with value: 0.5731742150454954 and parameters: {'threshold_scale_factor': 0.4982679826587278}. Best is trial 68 with value: 0.574152949720193.
[I 2025-05-13 16:56:45,033] Trial 92 finished with value: 0.5739111965483361 and parameters: {'threshold_scale_factor': 0.46738555506127155}. Best is trial 68 with value: 0.574152949720193.
[I 2025-05-13 16:56:46,152] Trial 93 finished with value: 0.5720924089025587 and parameters: {'threshold_scale_factor': 0.5359309784679576}. Best is trial 68 with value: 0.574152949720193.
[I 2025-05-13 16:56:47,265] Trial 94 finished with value: 0.5735935751206801 and parameters: {'threshold_scale_factor': 0.48010665898562876}. Best is trial 68 with value: 0.574152949720193.
[I 2025-05-13 16:56:48,376] Trial 95 finished with value: 0.5725730103806228 and parameters: {'threshold_scale_factor': 0.4287176611093695}. Best is trial 68 with value: 0.574152949720193.
[I 2025-05-13 16:56:49,492] Trial 96 finished with value: 0.5726513050536118 and parameters: {'threshold_scale_factor': 0.41396163985824963}. Best is trial 68 with value: 0.574152949720193.
[I 2025-05-13 16:56:50,605] Trial 97 finished with value: 0.5346070314836173 and parameters: {'threshold_scale_factor': 0.00990181892931219}. Best is trial 68 with value: 0.574152949720193.
[I 2025-05-13 16:56:51,717] Trial 98 finished with value: 0.573831808278867 and parameters: {'threshold_scale_factor': 0.4725618725152722}. Best is trial 68 with value: 0.574152949720193.
