[I 2025-05-13 16:56:51,868] Trial 99 finished with value: 0.5689888504421377 and parameters: {'threshold_scale_factor': 0.6298053126586172}. Best is trial 84 with value: 0.5731597590670254.
Best hyperparameters: {'threshold_scale_factor': 0.4835567203666089}
Best optimized value: 0.5731597590670254
Running audit 1/1
Training a GAT target model on amazon-photo...
Training GAT on cuda:   0%|          | 0/400 [00:00<?, ?it/s]Training GAT on cuda:   3%|▎         | 13/400 [00:00<00:03, 128.16it/s]Training GAT on cuda:   6%|▋         | 26/400 [00:00<00:02, 128.93it/s]Training GAT on cuda:  10%|▉         | 39/400 [00:00<00:02, 129.15it/s]Training GAT on cuda:  13%|█▎        | 52/400 [00:00<00:02, 129.26it/s]Training GAT on cuda:  16%|█▋        | 65/400 [00:00<00:02, 129.34it/s]Training GAT on cuda:  20%|█▉        | 78/400 [00:00<00:02, 129.38it/s]Training GAT on cuda:  23%|██▎       | 91/400 [00:00<00:02, 129.44it/s]Training GAT on cuda:  26%|██▌       | 104/400 [00:00<00:02, 129.46it/s]Training GAT on cuda:  29%|██▉       | 117/400 [00:00<00:02, 129.41it/s]Training GAT on cuda:  32%|███▎      | 130/400 [00:01<00:02, 129.44it/s]Training GAT on cuda:  36%|███▌      | 143/400 [00:01<00:01, 129.47it/s]Training GAT on cuda:  39%|███▉      | 156/400 [00:01<00:01, 129.48it/s]Training GAT on cuda:  42%|████▏     | 169/400 [00:01<00:01, 129.49it/s]Training GAT on cuda:  46%|████▌     | 182/400 [00:01<00:01, 129.47it/s]Training GAT on cuda:  49%|████▉     | 195/400 [00:01<00:01, 129.46it/s]Training GAT on cuda:  52%|█████▏    | 208/400 [00:01<00:01, 129.48it/s]Training GAT on cuda:  55%|█████▌    | 221/400 [00:01<00:01, 129.47it/s]Training GAT on cuda:  58%|█████▊    | 234/400 [00:01<00:01, 129.48it/s]Training GAT on cuda:  62%|██████▏   | 247/400 [00:01<00:01, 129.50it/s]Training GAT on cuda:  65%|██████▌   | 260/400 [00:02<00:01, 129.50it/s]Training GAT on cuda:  68%|██████▊   | 273/400 [00:02<00:00, 129.47it/s]Training GAT on cuda:  72%|███████▏  | 286/400 [00:02<00:00, 129.45it/s]Training GAT on cuda:  75%|███████▍  | 299/400 [00:02<00:00, 129.46it/s]Training GAT on cuda:  78%|███████▊  | 312/400 [00:02<00:00, 129.46it/s]Training GAT on cuda:  81%|████████▏ | 325/400 [00:02<00:00, 129.47it/s]Training GAT on cuda:  84%|████████▍ | 338/400 [00:02<00:00, 129.47it/s]Training GAT on cuda:  88%|████████▊ | 351/400 [00:02<00:00, 129.50it/s]Training GAT on cuda:  91%|█████████ | 364/400 [00:02<00:00, 129.46it/s]Training GAT on cuda:  94%|█████████▍| 377/400 [00:02<00:00, 129.43it/s]Training GAT on cuda:  98%|█████████▊| 390/400 [00:03<00:00, 129.45it/s]Training GAT on cuda: 100%|██████████| 400/400 [00:03<00:00, 129.42it/s]
Train accuracy: 0.9974 | Test accuracy: 0.9145
Training MLP on cuda:   0%|          | 0/1000 [00:00<?, ?it/s]Training MLP on cuda:   0%|          | 1/1000 [00:08<2:14:18,  8.07s/it]Training MLP on cuda:   0%|          | 2/1000 [00:15<2:12:39,  7.98s/it]Training MLP on cuda:   0%|          | 3/1000 [00:23<2:12:41,  7.99s/it]Training MLP on cuda:   0%|          | 4/1000 [00:31<2:12:15,  7.97s/it]Training MLP on cuda:   0%|          | 5/1000 [00:39<2:12:23,  7.98s/it]Training MLP on cuda:   1%|          | 6/1000 [00:47<2:11:55,  7.96s/it]Training MLP on cuda:   1%|          | 7/1000 [00:55<2:12:13,  7.99s/it]Training MLP on cuda:   1%|          | 8/1000 [01:03<2:11:35,  7.96s/it]Training MLP on cuda:   1%|          | 9/1000 [01:11<2:11:48,  7.98s/it]Training MLP on cuda:   1%|          | 10/1000 [01:19<2:11:49,  7.99s/it]Training MLP on cuda:   1%|          | 11/1000 [01:27<2:11:50,  8.00s/it]Training MLP on cuda:   1%|          | 12/1000 [01:35<2:11:08,  7.96s/it]Training MLP on cuda:   1%|▏         | 13/1000 [01:43<2:11:15,  7.98s/it]Training MLP on cuda:   1%|▏         | 14/1000 [01:51<2:10:49,  7.96s/it]Training MLP on cuda:   2%|▏         | 15/1000 [01:59<2:10:56,  7.98s/it]Training MLP on cuda:   2%|▏         | 16/1000 [02:07<2:10:19,  7.95s/it]Training MLP on cuda:   2%|▏         | 17/1000 [02:15<2:10:34,  7.97s/it]Training MLP on cuda:   2%|▏         | 18/1000 [02:23<2:10:05,  7.95s/it]Training MLP on cuda:   2%|▏         | 19/1000 [02:31<2:10:20,  7.97s/it]Training MLP on cuda:   2%|▏         | 20/1000 [02:39<2:09:52,  7.95s/it]Training MLP on cuda:   2%|▏         | 21/1000 [02:47<2:10:05,  7.97s/it]Training MLP on cuda:   2%|▏         | 22/1000 [02:55<2:09:41,  7.96s/it]Training MLP on cuda:   2%|▏         | 23/1000 [03:03<2:09:46,  7.97s/it]Training MLP on cuda:   2%|▏         | 24/1000 [03:11<2:09:21,  7.95s/it]Training MLP on cuda:   2%|▎         | 25/1000 [03:19<2:09:36,  7.98s/it]Training MLP on cuda:   3%|▎         | 26/1000 [03:27<2:09:09,  7.96s/it]Training MLP on cuda:   3%|▎         | 27/1000 [03:35<2:09:09,  7.96s/it]Training MLP on cuda:   3%|▎         | 28/1000 [03:43<2:08:44,  7.95s/it]Training MLP on cuda:   3%|▎         | 29/1000 [03:51<2:08:55,  7.97s/it]Training MLP on cuda:   3%|▎         | 30/1000 [03:59<2:08:35,  7.95s/it]Training MLP on cuda:   3%|▎         | 31/1000 [04:07<2:08:44,  7.97s/it]Training MLP on cuda:   3%|▎         | 32/1000 [04:14<2:08:17,  7.95s/it]Training MLP on cuda:   3%|▎         | 33/1000 [04:22<2:08:24,  7.97s/it]Training MLP on cuda:   3%|▎         | 34/1000 [04:30<2:07:58,  7.95s/it]Training MLP on cuda:   4%|▎         | 35/1000 [04:38<2:08:04,  7.96s/it]Training MLP on cuda:   4%|▎         | 36/1000 [04:46<2:07:38,  7.94s/it]Training MLP on cuda:   4%|▎         | 37/1000 [04:54<2:07:42,  7.96s/it]Training MLP on cuda:   4%|▍         | 38/1000 [05:02<2:07:16,  7.94s/it]Training MLP on cuda:   4%|▍         | 39/1000 [05:10<2:07:26,  7.96s/it]Training MLP on cuda:   4%|▍         | 40/1000 [05:18<2:07:01,  7.94s/it]Training MLP on cuda:   4%|▍         | 41/1000 [05:26<2:07:15,  7.96s/it]Training MLP on cuda:   4%|▍         | 42/1000 [05:34<2:06:45,  7.94s/it]Training MLP on cuda:   4%|▍         | 43/1000 [05:42<2:06:51,  7.95s/it]Training MLP on cuda:   4%|▍         | 44/1000 [05:50<2:06:31,  7.94s/it]Training MLP on cuda:   4%|▍         | 45/1000 [05:58<2:06:35,  7.95s/it]Training MLP on cuda:   5%|▍         | 46/1000 [06:06<2:06:11,  7.94s/it]Training MLP on cuda:   5%|▍         | 47/1000 [06:14<2:06:22,  7.96s/it]Training MLP on cuda:   5%|▍         | 48/1000 [06:22<2:05:58,  7.94s/it]Training MLP on cuda:   5%|▍         | 49/1000 [06:30<2:06:12,  7.96s/it]Training MLP on cuda:   5%|▌         | 50/1000 [06:38<2:05:43,  7.94s/it]Training MLP on cuda:   5%|▌         | 51/1000 [06:45<2:05:45,  7.95s/it]Training MLP on cuda:   5%|▌         | 52/1000 [06:53<2:05:25,  7.94s/it]Training MLP on cuda:   5%|▌         | 53/1000 [07:01<2:05:35,  7.96s/it]Training MLP on cuda:   5%|▌         | 54/1000 [07:09<2:05:13,  7.94s/it]Training MLP on cuda:   6%|▌         | 55/1000 [07:17<2:05:33,  7.97s/it]Training MLP on cuda:   6%|▌         | 56/1000 [07:25<2:05:00,  7.95s/it]Training MLP on cuda:   6%|▌         | 57/1000 [07:33<2:05:22,  7.98s/it]Training MLP on cuda:   6%|▌         | 58/1000 [07:41<2:04:49,  7.95s/it]Training MLP on cuda:   6%|▌         | 59/1000 [07:49<2:04:46,  7.96s/it]Training MLP on cuda:   6%|▌         | 60/1000 [07:57<2:04:24,  7.94s/it]Training MLP on cuda:   6%|▌         | 61/1000 [08:05<2:04:30,  7.96s/it]Training MLP on cuda:   6%|▌         | 62/1000 [08:13<2:04:11,  7.94s/it]Training MLP on cuda:   6%|▋         | 63/1000 [08:21<2:04:28,  7.97s/it]Training MLP on cuda:   6%|▋         | 64/1000 [08:29<2:03:58,  7.95s/it]Training MLP on cuda:   6%|▋         | 65/1000 [08:37<2:04:02,  7.96s/it]Training MLP on cuda:   7%|▋         | 66/1000 [08:45<2:03:36,  7.94s/it]Training MLP on cuda:   7%|▋         | 67/1000 [08:53<2:03:43,  7.96s/it]Training MLP on cuda:   7%|▋         | 68/1000 [09:01<2:03:18,  7.94s/it]Training MLP on cuda:   7%|▋         | 69/1000 [09:09<2:03:27,  7.96s/it]Training MLP on cuda:   7%|▋         | 70/1000 [09:17<2:03:13,  7.95s/it]Training MLP on cuda:   7%|▋         | 71/1000 [09:25<2:03:16,  7.96s/it]Training MLP on cuda:   7%|▋         | 72/1000 [09:32<2:02:52,  7.94s/it]Training MLP on cuda:   7%|▋         | 73/1000 [09:40<2:02:58,  7.96s/it]Training MLP on cuda:   7%|▋         | 74/1000 [09:48<2:02:30,  7.94s/it]Training MLP on cuda:   8%|▊         | 75/1000 [09:56<2:02:37,  7.95s/it]Training MLP on cuda:   8%|▊         | 76/1000 [10:04<2:02:17,  7.94s/it]Training MLP on cuda:   8%|▊         | 77/1000 [10:12<2:02:23,  7.96s/it]Training MLP on cuda:   8%|▊         | 78/1000 [10:20<2:02:05,  7.94s/it]Training MLP on cuda:   8%|▊         | 79/1000 [10:28<2:02:14,  7.96s/it]Training MLP on cuda:   8%|▊         | 80/1000 [10:36<2:01:46,  7.94s/it]Training MLP on cuda:   8%|▊         | 81/1000 [10:44<2:01:52,  7.96s/it]Training MLP on cuda:   8%|▊         | 82/1000 [10:52<2:01:26,  7.94s/it]Training MLP on cuda:   8%|▊         | 83/1000 [11:00<2:01:31,  7.95s/it]Training MLP on cuda:   8%|▊         | 84/1000 [11:08<2:01:13,  7.94s/it]Training MLP on cuda:   8%|▊         | 85/1000 [11:16<2:01:25,  7.96s/it]Training MLP on cuda:   9%|▊         | 86/1000 [11:24<2:01:01,  7.95s/it]Training MLP on cuda:   9%|▊         | 87/1000 [11:32<2:01:18,  7.97s/it]Training MLP on cuda:   9%|▉         | 88/1000 [11:40<2:00:48,  7.95s/it]Training MLP on cuda:   9%|▉         | 89/1000 [11:48<2:00:51,  7.96s/it]Training MLP on cuda:   9%|▉         | 90/1000 [11:56<2:00:28,  7.94s/it]Training MLP on cuda:   9%|▉         | 91/1000 [12:04<2:00:30,  7.95s/it]Training MLP on cuda:   9%|▉         | 92/1000 [12:11<2:00:12,  7.94s/it]Training MLP on cuda:   9%|▉         | 93/1000 [12:20<2:00:26,  7.97s/it]Training MLP on cuda:   9%|▉         | 94/1000 [12:27<2:00:00,  7.95s/it]Training MLP on cuda:  10%|▉         | 95/1000 [12:35<2:00:16,  7.97s/it]Training MLP on cuda:  10%|▉         | 96/1000 [12:43<1:59:49,  7.95s/it]Training MLP on cuda:  10%|▉         | 97/1000 [12:51<1:59:55,  7.97s/it]Training MLP on cuda:  10%|▉         | 98/1000 [12:59<1:59:35,  7.95s/it]Training MLP on cuda:  10%|▉         | 99/1000 [13:07<1:59:36,  7.96s/it]Training MLP on cuda:  10%|█         | 100/1000 [13:15<1:59:11,  7.95s/it]Training MLP on cuda:  10%|█         | 101/1000 [13:23<1:59:22,  7.97s/it]Training MLP on cuda:  10%|█         | 102/1000 [13:31<1:59:04,  7.96s/it]Training MLP on cuda:  10%|█         | 103/1000 [13:39<1:59:09,  7.97s/it]Training MLP on cuda:  10%|█         | 104/1000 [13:47<1:58:38,  7.94s/it]Training MLP on cuda:  10%|█         | 105/1000 [13:55<1:58:49,  7.97s/it]Training MLP on cuda:  11%|█         | 106/1000 [14:03<1:58:22,  7.94s/it]Training MLP on cuda:  11%|█         | 107/1000 [14:11<1:58:23,  7.95s/it]Training MLP on cuda:  11%|█         | 108/1000 [14:19<1:58:10,  7.95s/it]Training MLP on cuda:  11%|█         | 109/1000 [14:27<1:58:22,  7.97s/it]Training MLP on cuda:  11%|█         | 110/1000 [14:35<1:58:03,  7.96s/it]Training MLP on cuda:  11%|█         | 111/1000 [14:43<1:58:09,  7.97s/it]Training MLP on cuda:  11%|█         | 112/1000 [14:51<1:57:41,  7.95s/it]Training MLP on cuda:  11%|█▏        | 113/1000 [14:59<1:57:48,  7.97s/it]Training MLP on cuda:  11%|█▏        | 114/1000 [15:07<1:57:18,  7.94s/it]Training MLP on cuda:  12%|█▏        | 115/1000 [15:15<1:57:21,  7.96s/it]Training MLP on cuda:  12%|█▏        | 116/1000 [15:23<1:57:04,  7.95s/it]Training MLP on cuda:  12%|█▏        | 117/1000 [15:31<1:57:18,  7.97s/it]Training MLP on cuda:  12%|█▏        | 118/1000 [15:38<1:56:52,  7.95s/it]Training MLP on cuda:  12%|█▏        | 119/1000 [15:46<1:56:57,  7.97s/it]Training MLP on cuda:  12%|█▏        | 120/1000 [15:54<1:56:33,  7.95s/it]Training MLP on cuda:  12%|█▏        | 121/1000 [16:02<1:56:37,  7.96s/it]Training MLP on cuda:  12%|█▏        | 122/1000 [16:10<1:56:12,  7.94s/it]Training MLP on cuda:  12%|█▏        | 123/1000 [16:18<1:56:20,  7.96s/it]Training MLP on cuda:  12%|█▏        | 124/1000 [16:26<1:56:00,  7.95s/it]Training MLP on cuda:  12%|█▎        | 125/1000 [16:34<1:56:11,  7.97s/it]Training MLP on cuda:  13%|█▎        | 126/1000 [16:42<1:55:49,  7.95s/it]Training MLP on cuda:  13%|█▎        | 127/1000 [16:50<1:56:01,  7.97s/it]Training MLP on cuda:  13%|█▎        | 128/1000 [16:58<1:55:37,  7.96s/it]Training MLP on cuda:  13%|█▎        | 129/1000 [17:06<1:55:42,  7.97s/it]Training MLP on cuda:  13%|█▎        | 130/1000 [17:14<1:55:16,  7.95s/it]Training MLP on cuda:  13%|█▎        | 131/1000 [17:22<1:55:23,  7.97s/it]Training MLP on cuda:  13%|█▎        | 132/1000 [17:30<1:55:04,  7.95s/it]Training MLP on cuda:  13%|█▎        | 133/1000 [17:38<1:55:03,  7.96s/it]Training MLP on cuda:  13%|█▎        | 134/1000 [17:46<1:54:41,  7.95s/it]Training MLP on cuda:  14%|█▎        | 135/1000 [17:54<1:54:52,  7.97s/it]Training MLP on cuda:  14%|█▎        | 136/1000 [18:02<1:54:24,  7.95s/it]Training MLP on cuda:  14%|█▎        | 137/1000 [18:10<1:54:33,  7.96s/it]Training MLP on cuda:  14%|█▍        | 138/1000 [18:18<1:54:10,  7.95s/it]Training MLP on cuda:  14%|█▍        | 139/1000 [18:26<1:54:14,  7.96s/it]Training MLP on cuda:  14%|█▍        | 140/1000 [18:33<1:53:56,  7.95s/it]Training MLP on cuda:  14%|█▍        | 141/1000 [18:41<1:54:02,  7.97s/it]Training MLP on cuda:  14%|█▍        | 142/1000 [18:49<1:53:42,  7.95s/it]Training MLP on cuda:  14%|█▍        | 143/1000 [18:57<1:53:50,  7.97s/it]Training MLP on cuda:  14%|█▍        | 144/1000 [19:05<1:53:22,  7.95s/it]Training MLP on cuda:  14%|█▍        | 145/1000 [19:13<1:53:32,  7.97s/it]Training MLP on cuda:  15%|█▍        | 146/1000 [19:21<1:53:10,  7.95s/it]Training MLP on cuda:  15%|█▍        | 147/1000 [19:29<1:53:12,  7.96s/it]Training MLP on cuda:  15%|█▍        | 148/1000 [19:37<1:52:58,  7.96s/it]Training MLP on cuda:  15%|█▍        | 149/1000 [19:45<1:52:59,  7.97s/it]Training MLP on cuda:  15%|█▌        | 150/1000 [19:53<1:52:37,  7.95s/it]Training MLP on cuda:  15%|█▌        | 151/1000 [20:01<1:52:48,  7.97s/it]Training MLP on cuda:  15%|█▌        | 152/1000 [20:09<1:52:26,  7.96s/it]Training MLP on cuda:  15%|█▌        | 153/1000 [20:17<1:52:28,  7.97s/it]Training MLP on cuda:  15%|█▌        | 154/1000 [20:25<1:52:11,  7.96s/it]Training MLP on cuda:  16%|█▌        | 155/1000 [20:33<1:52:17,  7.97s/it]Training MLP on cuda:  16%|█▌        | 156/1000 [20:41<1:51:58,  7.96s/it]Training MLP on cuda:  16%|█▌        | 157/1000 [20:49<1:51:59,  7.97s/it]Training MLP on cuda:  16%|█▌        | 158/1000 [20:57<1:51:41,  7.96s/it]Training MLP on cuda:  16%|█▌        | 159/1000 [21:05<1:51:58,  7.99s/it]Training MLP on cuda:  16%|█▌        | 160/1000 [21:13<1:51:25,  7.96s/it]Training MLP on cuda:  16%|█▌        | 161/1000 [21:21<1:51:34,  7.98s/it]Training MLP on cuda:  16%|█▌        | 162/1000 [21:29<1:51:06,  7.96s/it]Training MLP on cuda:  16%|█▋        | 163/1000 [21:37<1:51:11,  7.97s/it]Training MLP on cuda:  16%|█▋        | 164/1000 [21:45<1:50:48,  7.95s/it]Training MLP on cuda:  16%|█▋        | 165/1000 [21:53<1:50:53,  7.97s/it]Training MLP on cuda:  17%|█▋        | 166/1000 [22:01<1:50:28,  7.95s/it]Training MLP on cuda:  17%|█▋        | 167/1000 [22:09<1:50:35,  7.97s/it]Training MLP on cuda:  17%|█▋        | 168/1000 [22:16<1:50:06,  7.94s/it]Training MLP on cuda:  17%|█▋        | 169/1000 [22:24<1:50:17,  7.96s/it]Training MLP on cuda:  17%|█▋        | 170/1000 [22:32<1:49:57,  7.95s/it]Training MLP on cuda:  17%|█▋        | 171/1000 [22:40<1:49:59,  7.96s/it]Training MLP on cuda:  17%|█▋        | 172/1000 [22:48<1:49:39,  7.95s/it]Training MLP on cuda:  17%|█▋        | 173/1000 [22:56<1:49:47,  7.96s/it]Training MLP on cuda:  17%|█▋        | 174/1000 [23:04<1:49:24,  7.95s/it]Training MLP on cuda:  18%|█▊        | 175/1000 [23:12<1:49:31,  7.97s/it]Training MLP on cuda:  18%|█▊        | 176/1000 [23:20<1:49:05,  7.94s/it]Training MLP on cuda:  18%|█▊        | 177/1000 [23:28<1:49:12,  7.96s/it]Training MLP on cuda:  18%|█▊        | 178/1000 [23:36<1:48:52,  7.95s/it]Training MLP on cuda:  18%|█▊        | 179/1000 [23:44<1:48:57,  7.96s/it]Training MLP on cuda:  18%|█▊        | 180/1000 [23:52<1:48:36,  7.95s/it]Training MLP on cuda:  18%|█▊        | 181/1000 [24:00<1:48:45,  7.97s/it]Training MLP on cuda:  18%|█▊        | 182/1000 [24:08<1:48:20,  7.95s/it]Training MLP on cuda:  18%|█▊        | 183/1000 [24:16<1:48:30,  7.97s/it]Training MLP on cuda:  18%|█▊        | 184/1000 [24:24<1:48:09,  7.95s/it]Training MLP on cuda:  18%|█▊        | 185/1000 [24:32<1:48:20,  7.98s/it]Training MLP on cuda:  19%|█▊        | 186/1000 [24:40<1:47:56,  7.96s/it]Training MLP on cuda:  19%|█▊        | 187/1000 [24:48<1:47:58,  7.97s/it]Training MLP on cuda:  19%|█▉        | 188/1000 [24:56<1:47:35,  7.95s/it]Training MLP on cuda:  19%|█▉        | 189/1000 [25:04<1:47:40,  7.97s/it]Training MLP on cuda:  19%|█▉        | 190/1000 [25:12<1:47:22,  7.95s/it]Training MLP on cuda:  19%|█▉        | 191/1000 [25:20<1:47:35,  7.98s/it]Training MLP on cuda:  19%|█▉        | 192/1000 [25:27<1:47:10,  7.96s/it]Training MLP on cuda:  19%|█▉        | 193/1000 [25:35<1:47:14,  7.97s/it]Training MLP on cuda:  19%|█▉        | 194/1000 [25:43<1:46:50,  7.95s/it]Training MLP on cuda:  20%|█▉        | 195/1000 [25:51<1:46:51,  7.96s/it]Training MLP on cuda:  20%|█▉        | 196/1000 [25:59<1:46:31,  7.95s/it]Training MLP on cuda:  20%|█▉        | 197/1000 [26:07<1:46:34,  7.96s/it]Training MLP on cuda:  20%|█▉        | 198/1000 [26:15<1:46:15,  7.95s/it]Training MLP on cuda:  20%|█▉        | 199/1000 [26:23<1:46:30,  7.98s/it]Training MLP on cuda:  20%|██        | 200/1000 [26:31<1:46:03,  7.95s/it]Training MLP on cuda:  20%|██        | 201/1000 [26:39<1:46:11,  7.97s/it]Training MLP on cuda:  20%|██        | 202/1000 [26:47<1:45:48,  7.96s/it]Training MLP on cuda:  20%|██        | 203/1000 [26:55<1:45:50,  7.97s/it]Training MLP on cuda:  20%|██        | 204/1000 [27:03<1:45:34,  7.96s/it]Training MLP on cuda:  20%|██        | 205/1000 [27:11<1:45:37,  7.97s/it]Training MLP on cuda:  21%|██        | 206/1000 [27:19<1:45:11,  7.95s/it]Training MLP on cuda:  21%|██        | 207/1000 [27:27<1:45:25,  7.98s/it]Training MLP on cuda:  21%|██        | 208/1000 [27:35<1:45:02,  7.96s/it]Training MLP on cuda:  21%|██        | 209/1000 [27:43<1:45:05,  7.97s/it]Training MLP on cuda:  21%|██        | 210/1000 [27:51<1:44:43,  7.95s/it]Training MLP on cuda:  21%|██        | 211/1000 [27:59<1:44:45,  7.97s/it]Training MLP on cuda:  21%|██        | 212/1000 [28:07<1:44:24,  7.95s/it]Training MLP on cuda:  21%|██▏       | 213/1000 [28:15<1:44:25,  7.96s/it]Training MLP on cuda:  21%|██▏       | 214/1000 [28:23<1:44:08,  7.95s/it]Training MLP on cuda:  22%|██▏       | 215/1000 [28:31<1:44:14,  7.97s/it]Training MLP on cuda:  22%|██▏       | 216/1000 [28:39<1:43:56,  7.95s/it]Training MLP on cuda:  22%|██▏       | 217/1000 [28:47<1:44:00,  7.97s/it]Training MLP on cuda:  22%|██▏       | 218/1000 [28:54<1:43:37,  7.95s/it]Training MLP on cuda:  22%|██▏       | 219/1000 [29:02<1:43:41,  7.97s/it]Training MLP on cuda:  22%|██▏       | 220/1000 [29:10<1:43:22,  7.95s/it]Training MLP on cuda:  22%|██▏       | 221/1000 [29:18<1:43:27,  7.97s/it]Training MLP on cuda:  22%|██▏       | 222/1000 [29:26<1:43:14,  7.96s/it]Training MLP on cuda:  22%|██▏       | 223/1000 [29:34<1:43:20,  7.98s/it]Training MLP on cuda:  22%|██▏       | 224/1000 [29:42<1:42:51,  7.95s/it]Training MLP on cuda:  22%|██▎       | 225/1000 [29:50<1:42:56,  7.97s/it]Training MLP on cuda:  23%|██▎       | 226/1000 [29:58<1:42:32,  7.95s/it]Training MLP on cuda:  23%|██▎       | 227/1000 [30:06<1:42:34,  7.96s/it]Training MLP on cuda:  23%|██▎       | 228/1000 [30:14<1:42:28,  7.96s/it]Training MLP on cuda:  23%|██▎       | 229/1000 [30:22<1:42:33,  7.98s/it]Training MLP on cuda:  23%|██▎       | 230/1000 [30:30<1:42:08,  7.96s/it]Training MLP on cuda:  23%|██▎       | 231/1000 [30:38<1:42:18,  7.98s/it]Training MLP on cuda:  23%|██▎       | 232/1000 [30:46<1:41:54,  7.96s/it]Training MLP on cuda:  23%|██▎       | 233/1000 [30:54<1:41:57,  7.98s/it]Training MLP on cuda:  23%|██▎       | 234/1000 [31:02<1:41:36,  7.96s/it]Training MLP on cuda:  24%|██▎       | 235/1000 [31:10<1:41:35,  7.97s/it]Training MLP on cuda:  24%|██▎       | 236/1000 [31:18<1:41:13,  7.95s/it]Training MLP on cuda:  24%|██▎       | 237/1000 [31:26<1:41:24,  7.98s/it]Training MLP on cuda:  24%|██▍       | 238/1000 [31:34<1:41:09,  7.96s/it]Training MLP on cuda:  24%|██▍       | 239/1000 [31:42<1:41:12,  7.98s/it]Training MLP on cuda:  24%|██▍       | 240/1000 [31:50<1:40:47,  7.96s/it]Training MLP on cuda:  24%|██▍       | 241/1000 [31:58<1:40:51,  7.97s/it]Training MLP on cuda:  24%|██▍       | 242/1000 [32:06<1:40:26,  7.95s/it]Training MLP on cuda:  24%|██▍       | 243/1000 [32:14<1:40:28,  7.96s/it]Training MLP on cuda:  24%|██▍       | 244/1000 [32:21<1:40:07,  7.95s/it]Training MLP on cuda:  24%|██▍       | 245/1000 [32:30<1:40:17,  7.97s/it]Training MLP on cuda:  25%|██▍       | 246/1000 [32:37<1:39:58,  7.95s/it]Training MLP on cuda:  25%|██▍       | 247/1000 [32:45<1:40:06,  7.98s/it]Training MLP on cuda:  25%|██▍       | 248/1000 [32:53<1:39:42,  7.96s/it]Training MLP on cuda:  25%|██▍       | 249/1000 [33:01<1:39:48,  7.97s/it]Training MLP on cuda:  25%|██▌       | 250/1000 [33:09<1:39:28,  7.96s/it]Training MLP on cuda:  25%|██▌       | 251/1000 [33:17<1:39:31,  7.97s/it]Training MLP on cuda:  25%|██▌       | 252/1000 [33:25<1:39:14,  7.96s/it]Training MLP on cuda:  25%|██▌       | 253/1000 [33:33<1:39:20,  7.98s/it]Training MLP on cuda:  25%|██▌       | 254/1000 [33:41<1:39:04,  7.97s/it]Training MLP on cuda:  26%|██▌       | 255/1000 [33:49<1:39:07,  7.98s/it]Training MLP on cuda:  26%|██▌       | 256/1000 [33:57<1:38:42,  7.96s/it]Training MLP on cuda:  26%|██▌       | 257/1000 [34:05<1:38:51,  7.98s/it]Training MLP on cuda:  26%|██▌       |