[I 2025-05-13 23:59:48,697] Trial 99 finished with value: 0.5747594173181256 and parameters: {'interp_param': 0.10737506699263014}. Best is trial 87 with value: 0.5757207911487034.
Best hyperparameters: {'interp_param': 0.016399719527910278}
Best optimized value: 0.5757207911487034
Tuning threshold scale factor for offline LSET using optuna
  0%|          | 0/100 [00:00<?, ?it/s]                                         0%|          | 0/100 [00:01<?, ?it/s]Best trial: 0. Best value: 0.571101:   0%|          | 0/100 [00:01<?, ?it/s]Best trial: 0. Best value: 0.571101:   1%|          | 1/100 [00:01<02:54,  1.76s/it]                                                                                    Best trial: 0. Best value: 0.571101:   1%|          | 1/100 [00:02<02:54,  1.76s/it]Best trial: 1. Best value: 0.575253:   1%|          | 1/100 [00:02<02:54,  1.76s/it]Best trial: 1. Best value: 0.575253:   2%|▏         | 2/100 [00:02<02:14,  1.37s/it]                                                                                    Best trial: 1. Best value: 0.575253:   2%|▏         | 2/100 [00:03<02:14,  1.37s/it]Best trial: 1. Best value: 0.575253:   2%|▏         | 2/100 [00:03<02:14,  1.37s/it]Best trial: 1. Best value: 0.575253:   3%|▎         | 3/100 [00:03<02:01,  1.25s/it]                                                                                    Best trial: 1. Best value: 0.575253:   3%|▎         | 3/100 [00:05<02:01,  1.25s/it]Best trial: 3. Best value: 0.575375:   3%|▎         | 3/100 [00:05<02:01,  1.25s/it]Best trial: 3. Best value: 0.575375:   4%|▍         | 4/100 [00:05<01:54,  1.19s/it]                                                                                    Best trial: 3. Best value: 0.575375:   4%|▍         | 4/100 [00:06<01:54,  1.19s/it]Best trial: 3. Best value: 0.575375:   4%|▍         | 4/100 [00:06<01:54,  1.19s/it]Best trial: 3. Best value: 0.575375:   5%|▌         | 5/100 [00:06<01:50,  1.16s/it]                                                                                    Best trial: 3. Best value: 0.575375:   5%|▌         | 5/100 [00:07<01:50,  1.16s/it]Best trial: 3. Best value: 0.575375:   5%|▌         | 5/100 [00:07<01:50,  1.16s/it]Best trial: 3. Best value: 0.575375:   6%|▌         | 6/100 [00:07<01:47,  1.14s/it]                                                                                    Best trial: 3. Best value: 0.575375:   6%|▌         | 6/100 [00:08<01:47,  1.14s/it]Best trial: 6. Best value: 0.580161:   6%|▌         | 6/100 [00:08<01:47,  1.14s/it]Best trial: 6. Best value: 0.580161:   7%|▋         | 7/100 [00:08<01:44,  1.13s/it]                                                                                    Best trial: 6. Best value: 0.580161:   7%|▋         | 7/100 [00:09<01:44,  1.13s/it]Best trial: 6. Best value: 0.580161:   7%|▋         | 7/100 [00:09<01:44,  1.13s/it]Best trial: 6. Best value: 0.580161:   8%|▊         | 8/100 [00:09<01:42,  1.12s/it]                                                                                    Best trial: 6. Best value: 0.580161:   8%|▊         | 8/100 [00:10<01:42,  1.12s/it]Best trial: 6. Best value: 0.580161:   8%|▊         | 8/100 [00:10<01:42,  1.12s/it]Best trial: 6. Best value: 0.580161:   9%|▉         | 9/100 [00:10<01:41,  1.11s/it]                                                                                    Best trial: 6. Best value: 0.580161:   9%|▉         | 9/100 [00:11<01:41,  1.11s/it]Best trial: 6. Best value: 0.580161:   9%|▉         | 9/100 [00:11<01:41,  1.11s/it]Best trial: 6. Best value: 0.580161:  10%|█         | 10/100 [00:11<01:39,  1.11s/it]                                                                                     Best trial: 6. Best value: 0.580161:  10%|█         | 10/100 [00:12<01:39,  1.11s/it]Best trial: 6. Best value: 0.580161:  10%|█         | 10/100 [00:12<01:39,  1.11s/it]Best trial: 6. Best value: 0.580161:  11%|█         | 11/100 [00:12<01:38,  1.11s/it]                                                                                     Best trial: 6. Best value: 0.580161:  11%|█         | 11/100 [00:13<01:38,  1.11s/it]Best trial: 6. Best value: 0.580161:  11%|█         | 11/100 [00:13<01:38,  1.11s/it]Best trial: 6. Best value: 0.580161:  12%|█▏        | 12/100 [00:13<01:37,  1.11s/it]                                                                                     Best trial: 6. Best value: 0.580161:  12%|█▏        | 12/100 [00:15<01:37,  1.11s/it]Best trial: 6. Best value: 0.580161:  12%|█▏        | 12/100 [00:15<01:37,  1.11s/it]Best trial: 6. Best value: 0.580161:  13%|█▎        | 13/100 [00:15<01:36,  1.11s/it]                                                                                     Best trial: 6. Best value: 0.580161:  13%|█▎        | 13/100 [00:16<01:36,  1.11s/it]Best trial: 6. Best value: 0.580161:  13%|█▎        | 13/100 [00:16<01:36,  1.11s/it]Best trial: 6. Best value: 0.580161:  14%|█▍        | 14/100 [00:16<01:35,  1.11s/it]                                                                                     Best trial: 6. Best value: 0.580161:  14%|█▍        | 14/100 [00:17<01:35,  1.11s/it]Best trial: 6. Best value: 0.580161:  14%|█▍        | 14/100 [00:17<01:35,  1.11s/it]Best trial: 6. Best value: 0.580161:  15%|█▌        | 15/100 [00:17<01:34,  1.11s/it]                                                                                     Best trial: 6. Best value: 0.580161:  15%|█▌        | 15/100 [00:18<01:34,  1.11s/it]Best trial: 6. Best value: 0.580161:  15%|█▌        | 15/100 [00:18<01:34,  1.11s/it]Best trial: 6. Best value: 0.580161:  16%|█▌        | 16/100 [00:18<01:32,  1.11s/it]                                                                                     Best trial: 6. Best value: 0.580161:  16%|█▌        | 16/100 [00:19<01:32,  1.11s/it]Best trial: 6. Best value: 0.580161:  16%|█▌        | 16/100 [00:19<01:32,  1.11s/it]Best trial: 6. Best value: 0.580161:  17%|█▋        | 17/100 [00:19<01:31,  1.11s/it]                                                                                     Best trial: 6. Best value: 0.580161:  17%|█▋        | 17/100 [00:20<01:31,  1.11s/it]Best trial: 6. Best value: 0.580161:  17%|█▋        | 17/100 [00:20<01:31,  1.11s/it]Best trial: 6. Best value: 0.580161:  18%|█▊        | 18/100 [00:20<01:30,  1.11s/it]                                                                                     Best trial: 6. Best value: 0.580161:  18%|█▊        | 18/100 [00:21<01:30,  1.11s/it]Best trial: 6. Best value: 0.580161:  18%|█▊        | 18/100 [00:21<01:30,  1.11s/it]Best trial: 6. Best value: 0.580161:  19%|█▉        | 19/100 [00:21<01:29,  1.10s/it]                                                                                     Best trial: 6. Best value: 0.580161:  19%|█▉        | 19/100 [00:22<01:29,  1.10s/it]Best trial: 6. Best value: 0.580161:  19%|█▉        | 19/100 [00:22<01:29,  1.10s/it]Best trial: 6. Best value: 0.580161:  20%|██        | 20/100 [00:22<01:28,  1.11s/it]                                                                                     Best trial: 6. Best value: 0.580161:  20%|██        | 20/100 [00:23<01:28,  1.11s/it]Best trial: 6. Best value: 0.580161:  20%|██        | 20/100 [00:23<01:28,  1.11s/it]Best trial: 6. Best value: 0.580161:  21%|██        | 21/100 [00:23<01:27,  1.11s/it]                                                                                     Best trial: 6. Best value: 0.580161:  21%|██        | 21/100 [00:24<01:27,  1.11s/it]Best trial: 21. Best value: 0.580587:  21%|██        | 21/100 [00:24<01:27,  1.11s/it]Best trial: 21. Best value: 0.580587:  22%|██▏       | 22/100 [00:24<01:26,  1.11s/it]                                                                                      Best trial: 21. Best value: 0.580587:  22%|██▏       | 22/100 [00:26<01:26,  1.11s/it]Best trial: 21. Best value: 0.580587:  22%|██▏       | 22/100 [00:26<01:26,  1.11s/it]Best trial: 21. Best value: 0.580587:  23%|██▎       | 23/100 [00:26<01:28,  1.15s/it]                                                                                      Best trial: 21. Best value: 0.580587:  23%|██▎       | 23/100 [00:27<01:28,  1.15s/it]Best trial: 21. Best value: 0.580587:  23%|██▎       | 23/100 [00:27<01:28,  1.15s/it]Best trial: 21. Best value: 0.580587:  24%|██▍       | 24/100 [00:27<01:26,  1.14s/it]                                                                                      Best trial: 21. Best value: 0.580587:  24%|██▍       | 24/100 [00:28<01:26,  1.14s/it]Best trial: 21. Best value: 0.580587:  24%|██▍       | 24/100 [00:28<01:26,  1.14s/it]Best trial: 21. Best value: 0.580587:  25%|██▌       | 25/100 [00:28<01:31,  1.21s/it]                                                                                      Best trial: 21. Best value: 0.580587:  25%|██▌       | 25/100 [00:29<01:31,  1.21s/it]Best trial: 21. Best value: 0.580587:  25%|██▌       | 25/100 [00:29<01:31,  1.21s/it]Best trial: 21. Best value: 0.580587:  26%|██▌       | 26/100 [00:29<01:27,  1.18s/it]                                                                                      Best trial: 21. Best value: 0.580587:  26%|██▌       | 26/100 [00:30<01:27,  1.18s/it]Best trial: 21. Best value: 0.580587:  26%|██▌       | 26/100 [00:30<01:27,  1.18s/it]Best trial: 21. Best value: 0.580587:  27%|██▋       | 27/100 [00:30<01:24,  1.16s/it]                                                                                      Best trial: 21. Best value: 0.580587:  27%|██▋       | 27/100 [00:32<01:24,  1.16s/it]Best trial: 21. Best value: 0.580587:  27%|██▋       | 27/100 [00:32<01:24,  1.16s/it]Best trial: 21. Best value: 0.580587:  28%|██▊       | 28/100 [00:32<01:22,  1.14s/it]                                                                                      Best trial: 21. Best value: 0.580587:  28%|██▊       | 28/100 [00:33<01:22,  1.14s/it]Best trial: 21. Best value: 0.580587:  28%|██▊       | 28/100 [00:33<01:22,  1.14s/it]Best trial: 21. Best value: 0.580587:  29%|██▉       | 29/100 [00:33<01:20,  1.13s/it]                                                                                      Best trial: 21. Best value: 0.580587:  29%|██▉       | 29/100 [00:34<01:20,  1.13s/it]Best trial: 21. Best value: 0.580587:  29%|██▉       | 29/100 [00:34<01:20,  1.13s/it]Best trial: 21. Best value: 0.580587:  30%|███       | 30/100 [00:34<01:18,  1.12s/it]                                                                                      Best trial: 21. Best value: 0.580587:  30%|███       | 30/100 [00:35<01:18,  1.12s/it]Best trial: 21. Best value: 0.580587:  30%|███       | 30/100 [00:35<01:18,  1.12s/it]Best trial: 21. Best value: 0.580587:  31%|███       | 31/100 [00:35<01:17,  1.12s/it]                                                                                      Best trial: 21. Best value: 0.580587:  31%|███       | 31/100 [00:36<01:17,  1.12s/it]Best trial: 21. Best value: 0.580587:  31%|███       | 31/100 [00:36<01:17,  1.12s/it]Best trial: 21. Best value: 0.580587:  32%|███▏      | 32/100 [00:36<01:15,  1.12s/it]                                                                                      Best trial: 21. Best value: 0.580587:  32%|███▏      | 32/100 [00:37<01:15,  1.12s/it]Best trial: 21. Best value: 0.580587:  32%|███▏      | 32/100 [00:37<01:15,  1.12s/it]Best trial: 21. Best value: 0.580587:  33%|███▎      | 33/100 [00:37<01:14,  1.11s/it]                                                                                      Best trial: 21. Best value: 0.580587:  33%|███▎      | 33/100 [00:38<01:14,  1.11s/it]Best trial: 21. Best value: 0.580587:  33%|███▎      | 33/100 [00:38<01:14,  1.11s/it]Best trial: 21. Best value: 0.580587:  34%|███▍      | 34/100 [00:38<01:13,  1.11s/it]                                                                                      Best trial: 21. Best value: 0.580587:  34%|███▍      | 34/100 [00:39<01:13,  1.11s/it]Best trial: 21. Best value: 0.580587:  34%|███▍      | 34/100 [00:39<01:13,  1.11s/it]Best trial: 21. Best value: 0.580587:  35%|███▌      | 35/100 [00:39<01:12,  1.11s/it]                                                                                      Best trial: 21. Best value: 0.580587:  35%|███▌      | 35/100 [00:40<01:12,  1.11s/it]Best trial: 21. Best value: 0.580587:  35%|███▌      | 35/100 [00:40<01:12,  1.11s/it]Best trial: 21. Best value: 0.580587:  36%|███▌      | 36/100 [00:40<01:10,  1.11s/it]                                                                                      Best trial: 21. Best value: 0.580587:  36%|███▌      | 36/100 [00:41<01:10,  1.11s/it]Best trial: 21. Best value: 0.580587:  36%|███▌      | 36/100 [00:41<01:10,  1.11s/it]Best trial: 21. Best value: 0.580587:  37%|███▋      | 37/100 [00:41<01:09,  1.11s/it]                                                                                      Best trial: 21. Best value: 0.580587:  37%|███▋      | 37/100 [00:43<01:09,  1.11s/it]Best trial: 21. Best value: 0.580587:  37%|███▋      | 37/100 [00:43<01:09,  1.11s/it]Best trial: 21. Best value: 0.580587:  38%|███▊      | 38/100 [00:43<01:08,  1.11s/it]                                                                                      Best trial: 21. Best value: 0.580587:  38%|███▊      | 38/100 [00:44<01:08,  1.11s/it]Best trial: 21. Best value: 0.580587:  38%|███▊      | 38/100 [00:44<01:08,  1.11s/it]Best trial: 21. Best value: 0.580587:  39%|███▉      | 39/100 [00:44<01:07,  1.11s/it]                                                                                      Best trial: 21. Best value: 0.580587:  39%|███▉      | 39/100 [00:45<01:07,  1.11s/it]Best trial: 21. Best value: 0.580587:  39%|███▉      | 39/100 [00:45<01:07,  1.11s/it]Best trial: 21. Best value: 0.580587:  40%|████      | 40/100 [00:45<01:06,  1.11s/it]                                                                                      Best trial: 21. Best value: 0.580587:  40%|████      | 40/100 [00:46<01:06,  1.11s/it]Best trial: 21. Best value: 0.580587:  40%|████      | 40/100 [00:46<01:06,  1.11s/it]Best trial: 21. Best value: 0.580587:  41%|████      | 41/100 [00:46<01:05,  1.11s/it]                                                                                      Best trial: 21. Best value: 0.580587:  41%|████      | 41/100 [00:47<01:05,  1.11s/it]Best trial: 21. Best value: 0.580587:  41%|████      | 41/100 [00:47<01:05,  1.11s/it]Best trial: 21. Best value: 0.580587:  42%|████▏     | 42/100 [00:47<01:04,  1.10s/it]                                                                                      Best trial: 21. Best value: 0.580587:  42%|████▏     | 42/100 [00:48<01:04,  1.10s/it]Best trial: 21. Best value: 0.580587:  42%|████▏     | 42/100 [00:48<01:04,  1.10s/it]Best trial: 21. Best value: 0.580587:  43%|████▎     | 43/100 [00:48<01:02,  1.10s/it]                                                                                      Best trial: 21. Best value: 0.580587:  43%|████▎     | 43/100 [00:49<01:02,  1.10s/it]Best trial: 21. Best value: 0.580587:  43%|████▎     | 43/100 [00:49<01:02,  1.10s/it]Best trial: 21. Best value: 0.580587:  44%|████▍     | 44/100 [00:49<01:04,  1.15s/it]                                                                                      Best trial: 21. Best value: 0.580587:  44%|████▍     | 44/100 [00:50<01:04,  1.15s/it]Best trial: 21. Best value: 0.580587:  44%|████▍     | 44/100 [00:50<01:04,  1.15s/it]Best trial: 21. Best value: 0.580587:  45%|████▌     | 45/100 [00:50<01:02,  1.13s/it]                                                                                      Best trial: 21. Best value: 0.580587:  45%|████▌     | 45/100 [00:52<01:02,  1.13s/it]Best trial: 21. Best value: 0.580587:  45%|████▌     | 45/100 [00:52<01:02,  1.13s/it]Best trial: 21. Best value: 0.580587:  46%|████▌     | 46/100 [00:52<01:00,  1.12s/it]                                                                                      Best trial: 21. Best value: 0.580587:  46%|████▌     | 46/100 [00:53<01:00,  1.12s/it]Best trial: 21. Best value: 0.580587:  46%|████▌     | 46/100 [00:53<01:00,  1.12s/it]Best trial: 21. Best value: 0.580587:  47%|████▋     | 47/100 [00:53<00:59,  1.12s/it]                                                                                      Best trial: 21. Best value: 0.580587:  47%|████▋     | 47/100 [00:54<00:59,  1.12s/it]Best trial: 21. Best value: 0.580587:  47%|████▋     | 47/100 [00:54<00:59,  1.12s/it]Best trial: 21. Best value: 0.580587:  48%|████▊     | 48/100 [00:54<00:57,  1.11s/it]                                                                                      Best trial: 21. Best value: 0.580587:  48%|████▊     | 48/100 [00:55<00:57,  1.11s/it]Best trial: 21. Best value: 0.580587:  48%|████▊     | 48/100 [00:55<00:57,  1.11s/it]Best trial: 21. Best value: 0.580587:  49%|████▉     | 49/100 [00:55<00:56,  1.11s/it]                                                                                      Best trial: 21. Best value: 0.580587:  49%|████▉     | 49/100 [00:56<00:56,  1.11s/it]Best trial: 21. Best value: 0.580587:  49%|████▉     | 49/100 [00:56<00:56,  1.11s/it]Best trial: 21. Best value: 0.580587:  50%|█████     | 50/100 [00:56<00:55,  1.11s/it]                                                                                      Best trial: 21. Best value: 0.580587:  50%|█████     | 50/100 [00:57<00:55,  1.11s/it]Best trial: 21. Best value: 0.580587:  50%|█████     | 50/100 [00:57<00:55,  1.11s/it]Best trial: 21. Best value: 0.580587:  51%|█████     | 51/100 [00:57<00:54,  1.11s/it]                                                                                      Best trial: 21. Best value: 0.580587:  51%|█████     | 51/100 [00:58<00:54,  1.11s/it]Best trial: 21. Best value: 0.580587:  51%|█████     | 51/100 [00:58<00:54,  1.11s/it]Best trial: 21. Best value: 0.580587:  52%|█████▏    | 52/100 [00:58<00:53,  1.11s/it]                                                                                      Best trial: 21. Best value: 0.580587:  52%|█████▏    | 52/100 [00:59<00:53,  1.11s/it]Best trial: 21. Best value: 0.580587:  52%|█████▏    | 52/100 [00:59<00:53,  1.11s/it]Best trial: 21. Best value: 0.580587:  53%|█████▎    | 53/100 [00:59<00:54,  1.15s/it]                                                                                      Best trial: 21. Best value: 0.580587:  53%|█████▎    | 53/100 [01:01<00:54,  1.15s/it]Best trial: 21. Best value: 0.580587:  53%|█████▎    | 53/100 [01:01<00:54,  1.15s/it]Best trial: 21. Best value: 0.580587:  54%|█████▍    | 54/100 [01:01<00:52,  1.14s/it]                                                                                      Best trial: 21. Best value: 0.580587:  54%|█████▍    | 54/100 [01:02<00:52,  1.14s/it]Best trial: 21. Best value: 0.580587:  54%|█████▍    | 54/100 [01:02<00:52,  1.14s/it]Best trial: 21. Best value: 0.580587:  55%|█████▌    | 55/100 [01:02<00:50,  1.13s/it]                                                                                      Best trial: 21. Best value: 0.580587:  55%|█████▌    | 55/100 [01:03<00:50,  1.13s/it]Best trial: 21. Best value: 0.580587:  55%|█████▌    | 55/100 [01:03<00:50,  1.13s/it]Best trial: 21. Best value: 0.580587:  56%|█████▌    | 56/100 [01:03<00:49,  1.12s/it]                                                                                      Best trial: 21. Best value: 0.580587:  56%|█████▌    | 56/100 [01:04<00:49,  1.12s/it]Best trial: 21. Best value: 0.580587:  56%|█████▌    | 56/100 [01:04<00:49,  1.12s/it]Best trial: 21. Best value: 0.580587:  57%|█████▋    | 57/100 [01:04<00:47,  1.12s/it]                                                                                      Best trial: 21. Best value: 0.580587:  57%|█████▋    | 57/100 [01:05<00:47,  1.12s/it]Best trial: 21. Best value: 0.580587:  57%|█████▋    | 57/100 [01:05<00:47,  1.12s/it]Best trial: 21. Best value: 0.580587:  58%|█████▊    | 58/100 [01:05<00:46,  1.11s/it]                                                                                      Best trial: 21. Best value: 0.580587:  58%|█████▊    | 58/100 [01:06<00:46,  1.11s/it]Best trial: 21. Best value: 0.580587:  58%|█████▊    | 58/100 [01:06<00:46,  1.11s/it]Best trial: 21. Best value: 0.580587:  59%|█████▉    | 59/100 [01:06<00:45,  1.11s/it]                                                                                      Best trial: 21. Best value: 0.580587:  59%|█████▉    | 59/100 [01:07<00:45,  1.11s/it]Best trial: 21. Best value: 0.580587:  59%|█████▉    | 59/100 [01:07<00:45,  1.11s/it]Best trial: 21. Best value: 0.580587:  60%|██████    | 60/100 [01:07<00:44,  1.11s/it]                                                                                      Best trial: 21. Best value: 0.580587:  60%|██████    | 60/100 [01:08<00:44,  1.11s/it]Best trial: 21. Best value: 0.580587:  60%|██████    | 60/100 [01:08<00:44,  1.11s/it]Best trial: 21. Best value: 0.580587:  61%|██████    | 61/100 [01:08<00:43,  1.11s/it]                                                                                      Best trial: 21. Best value: 0.580587:  61%|██████    | 61/100 [01:09<00:43,  1.11s/it]Best trial: 21. Best value: 0.580587:  61%|██████    | 61/100 [01:09<00:43,  1.11s/it]Best trial: 21. Best value: 0.580587:  62%|██████▏   | 62/100 [01:09<00:42,  1.11s/it]                                                                                      Best trial: 21. Best value: 0.580587:  62%|██████▏   | 62/100 [01:10<00:42,  1.11s/it]Best trial: 21. Best value