[I 2025-05-13 21:04:15,465] Trial 0 finished with value: 0.5634374471357171 and parameters: {'interp_param': 0.3565414315559273}. Best is trial 0 with value: 0.5634374471357171.
[I 2025-05-13 21:04:16,815] Trial 1 finished with value: 0.5616993805801187 and parameters: {'interp_param': 0.4838415108759102}. Best is trial 0 with value: 0.5634374471357171.
[I 2025-05-13 21:04:18,162] Trial 2 finished with value: 0.5598001110683926 and parameters: {'interp_param': 0.7247249011232055}. Best is trial 0 with value: 0.5634374471357171.
[I 2025-05-13 21:04:19,511] Trial 3 finished with value: 0.5599541372976206 and parameters: {'interp_param': 0.6333478126277696}. Best is trial 0 with value: 0.5634374471357171.
[I 2025-05-13 21:04:20,857] Trial 4 finished with value: 0.5656282284591396 and parameters: {'interp_param': 0.2678236003090454}. Best is trial 4 with value: 0.5656282284591396.
[I 2025-05-13 21:04:22,199] Trial 5 finished with value: 0.5637838096458627 and parameters: {'interp_param': 0.028810074348562753}. Best is trial 4 with value: 0.5656282284591396.
[I 2025-05-13 21:04:23,549] Trial 6 finished with value: 0.5616990388312187 and parameters: {'interp_param': 0.4931480003077383}. Best is trial 4 with value: 0.5656282284591396.
[I 2025-05-13 21:04:25,005] Trial 7 finished with value: 0.5596224016403948 and parameters: {'interp_param': 0.7546753751391673}. Best is trial 4 with value: 0.5656282284591396.
[I 2025-05-13 21:04:26,352] Trial 8 finished with value: 0.5634219659105473 and parameters: {'interp_param': 0.4015573613198715}. Best is trial 4 with value: 0.5656282284591396.
[I 2025-05-13 21:04:27,697] Trial 9 finished with value: 0.5613276261267035 and parameters: {'interp_param': 0.5420424117245543}. Best is trial 4 with value: 0.5656282284591396.
[I 2025-05-13 21:04:29,043] Trial 10 finished with value: 0.5631955572643002 and parameters: {'interp_param': 0.9528447957851364}. Best is trial 4 with value: 0.5656282284591396.
[I 2025-05-13 21:04:30,387] Trial 11 finished with value: 0.5638599513007818 and parameters: {'interp_param': 0.030215551512930604}. Best is trial 4 with value: 0.5656282284591396.
[I 2025-05-13 21:04:31,736] Trial 12 finished with value: 0.5641470545516681 and parameters: {'interp_param': 0.10998955972599489}. Best is trial 4 with value: 0.5656282284591396.
[I 2025-05-13 21:04:33,076] Trial 13 finished with value: 0.5652359690717246 and parameters: {'interp_param': 0.17006303997269756}. Best is trial 4 with value: 0.5656282284591396.
[I 2025-05-13 21:04:34,418] Trial 14 finished with value: 0.5651351531462259 and parameters: {'interp_param': 0.22242063305645093}. Best is trial 4 with value: 0.5656282284591396.
[I 2025-05-13 21:04:35,770] Trial 15 finished with value: 0.5653724977572728 and parameters: {'interp_param': 0.22976761871268353}. Best is trial 4 with value: 0.5656282284591396.
[I 2025-05-13 21:04:37,158] Trial 16 finished with value: 0.5656 and parameters: {'interp_param': 0.28131268409552934}. Best is trial 4 with value: 0.5656282284591396.
[I 2025-05-13 21:04:38,575] Trial 17 finished with value: 0.5641295570079884 and parameters: {'interp_param': 0.3181128101337082}. Best is trial 4 with value: 0.5656282284591396.
[I 2025-05-13 21:04:39,983] Trial 18 finished with value: 0.5656485625186893 and parameters: {'interp_param': 0.26537853589967353}. Best is trial 18 with value: 0.5656485625186893.
[I 2025-05-13 21:04:41,387] Trial 19 finished with value: 0.5635331026528259 and parameters: {'interp_param': 0.39748463207779966}. Best is trial 18 with value: 0.5656485625186893.
[I 2025-05-13 21:04:42,796] Trial 20 finished with value: 0.564715929770601 and parameters: {'interp_param': 0.1273691937628154}. Best is trial 18 with value: 0.5656485625186893.
[I 2025-05-13 21:04:44,201] Trial 21 finished with value: 0.5653713358110128 and parameters: {'interp_param': 0.2889698196766767}. Best is trial 18 with value: 0.5656485625186893.
[I 2025-05-13 21:04:45,607] Trial 22 finished with value: 0.5657769575804178 and parameters: {'interp_param': 0.25528535361991095}. Best is trial 22 with value: 0.5657769575804178.
[I 2025-05-13 21:04:47,013] Trial 23 finished with value: 0.5651670041437054 and parameters: {'interp_param': 0.2175079321440005}. Best is trial 22 with value: 0.5657769575804178.
[I 2025-05-13 21:04:48,416] Trial 24 finished with value: 0.5622950147379213 and parameters: {'interp_param': 0.43993875475800814}. Best is trial 22 with value: 0.5657769575804178.
[I 2025-05-13 21:04:49,996] Trial 25 finished with value: 0.5640497586398394 and parameters: {'interp_param': 0.10138327173400677}. Best is trial 22 with value: 0.5657769575804178.
[I 2025-05-13 21:04:51,403] Trial 26 finished with value: 0.5610101755734973 and parameters: {'interp_param': 0.5690587418509852}. Best is trial 22 with value: 0.5657769575804178.
[I 2025-05-13 21:04:52,813] Trial 27 finished with value: 0.5642975949421163 and parameters: {'interp_param': 0.3129672767582732}. Best is trial 22 with value: 0.5657769575804178.
[I 2025-05-13 21:04:54,219] Trial 28 finished with value: 0.5652937246358238 and parameters: {'interp_param': 0.19748096590469255}. Best is trial 22 with value: 0.5657769575804178.
[I 2025-05-13 21:04:55,623] Trial 29 finished with value: 0.563521278140886 and parameters: {'interp_param': 0.3659123978910331}. Best is trial 22 with value: 0.5657769575804178.
[I 2025-05-13 21:04:57,031] Trial 30 finished with value: 0.5635542227348456 and parameters: {'interp_param': 0.9689977205875462}. Best is trial 22 with value: 0.5657769575804178.
[I 2025-05-13 21:04:58,438] Trial 31 finished with value: 0.5656344824640096 and parameters: {'interp_param': 0.26745396596572596}. Best is trial 22 with value: 0.5657769575804178.
[I 2025-05-13 21:04:59,847] Trial 32 finished with value: 0.5656594984834893 and parameters: {'interp_param': 0.2785186270404866}. Best is trial 22 with value: 0.5657769575804178.
[I 2025-05-13 21:05:01,256] Trial 33 finished with value: 0.5647403648169508 and parameters: {'interp_param': 0.14289379242980726}. Best is trial 22 with value: 0.5657769575804178.
[I 2025-05-13 21:05:02,664] Trial 34 finished with value: 0.5634312273057371 and parameters: {'interp_param': 0.36305581165792855}. Best is trial 22 with value: 0.5657769575804178.
[I 2025-05-13 21:05:04,064] Trial 35 finished with value: 0.5625782562262378 and parameters: {'interp_param': 0.43367968900453174}. Best is trial 22 with value: 0.5657769575804178.
[I 2025-05-13 21:05:05,417] Trial 36 finished with value: 0.563844709299842 and parameters: {'interp_param': 0.07904579428132275}. Best is trial 22 with value: 0.5657769575804178.
[I 2025-05-13 21:05:06,794] Trial 37 finished with value: 0.5638658635567517 and parameters: {'interp_param': 0.3338767582750616}. Best is trial 22 with value: 0.5657769575804178.
[I 2025-05-13 21:05:08,167] Trial 38 finished with value: 0.5657753513605878 and parameters: {'interp_param': 0.25322161598764564}. Best is trial 22 with value: 0.5657769575804178.
[I 2025-05-13 21:05:09,537] Trial 39 finished with value: 0.559598069118715 and parameters: {'interp_param': 0.7542524439627005}. Best is trial 22 with value: 0.5657769575804178.
[I 2025-05-13 21:05:10,913] Trial 40 finished with value: 0.5609447648340382 and parameters: {'interp_param': 0.5935764685950101}. Best is trial 22 with value: 0.5657769575804178.
[I 2025-05-13 21:05:12,287] Trial 41 finished with value: 0.5656603528557392 and parameters: {'interp_param': 0.27846217019839925}. Best is trial 22 with value: 0.5657769575804178.
[I 2025-05-13 21:05:13,670] Trial 42 finished with value: 0.5657773335042078 and parameters: {'interp_param': 0.2505030625390984}. Best is trial 42 with value: 0.5657773335042078.
[I 2025-05-13 21:05:15,043] Trial 43 finished with value: 0.5653301892434534 and parameters: {'interp_param': 0.18045606560396077}. Best is trial 42 with value: 0.5657773335042078.
[I 2025-05-13 21:05:16,534] Trial 44 finished with value: 0.5637832970225127 and parameters: {'interp_param': 0.05424241142702768}. Best is trial 42 with value: 0.5657773335042078.
[I 2025-05-13 21:05:17,912] Trial 45 finished with value: 0.5616805160408389 and parameters: {'interp_param': 0.47547933275354026}. Best is trial 42 with value: 0.5657773335042078.
[I 2025-05-13 21:05:19,300] Trial 46 finished with value: 0.5623503780597205 and parameters: {'interp_param': 0.8563103668218202}. Best is trial 42 with value: 0.5657773335042078.
[I 2025-05-13 21:05:20,702] Trial 47 finished with value: 0.5656715280447691 and parameters: {'interp_param': 0.2406944797106611}. Best is trial 42 with value: 0.5657773335042078.
[I 2025-05-13 21:05:22,129] Trial 48 finished with value: 0.5652336451792046 and parameters: {'interp_param': 0.1656840883916048}. Best is trial 42 with value: 0.5657773335042078.
[I 2025-05-13 21:05:23,524] Trial 49 finished with value: 0.5598048955529924 and parameters: {'interp_param': 0.6604875367599313}. Best is trial 42 with value: 0.5657773335042078.
[I 2025-05-13 21:05:24,902] Trial 50 finished with value: 0.5655965825110001 and parameters: {'interp_param': 0.23556263226703114}. Best is trial 42 with value: 0.5657773335042078.
[I 2025-05-13 21:05:26,267] Trial 51 finished with value: 0.565676415054039 and parameters: {'interp_param': 0.23911443853608816}. Best is trial 42 with value: 0.5657773335042078.
[I 2025-05-13 21:05:27,638] Trial 52 finished with value: 0.5655653124866504 and parameters: {'interp_param': 0.2344981186790129}. Best is trial 42 with value: 0.5657773335042078.
[I 2025-05-13 21:05:29,005] Trial 53 finished with value: 0.5636946131829638 and parameters: {'interp_param': 0.33996535622485247}. Best is trial 42 with value: 0.5657773335042078.
[I 2025-05-13 21:05:30,378] Trial 54 finished with value: 0.5633786321500277 and parameters: {'interp_param': 0.4025033032469283}. Best is trial 42 with value: 0.5657773335042078.
[I 2025-05-13 21:05:31,749] Trial 55 finished with value: 0.5651804690503652 and parameters: {'interp_param': 0.20493758272505158}. Best is trial 42 with value: 0.5657773335042078.
[I 2025-05-13 21:05:33,121] Trial 56 finished with value: 0.5646655559827416 and parameters: {'interp_param': 0.3043647065692303}. Best is trial 42 with value: 0.5657773335042078.
[I 2025-05-13 21:05:34,498] Trial 57 finished with value: 0.5648139433551198 and parameters: {'interp_param': 0.1445368679151923}. Best is trial 42 with value: 0.5657773335042078.
[I 2025-05-13 21:05:35,888] Trial 58 finished with value: 0.5658067922593875 and parameters: {'interp_param': 0.24850766569770352}. Best is trial 58 with value: 0.5658067922593875.
[I 2025-05-13 21:05:37,312] Trial 59 finished with value: 0.5638498355333419 and parameters: {'interp_param': 0.08835518716953741}. Best is trial 58 with value: 0.5658067922593875.
[I 2025-05-13 21:05:38,713] Trial 60 finished with value: 0.565766670938528 and parameters: {'interp_param': 0.2520277792931143}. Best is trial 58 with value: 0.5658067922593875.
[I 2025-05-13 21:05:40,109] Trial 61 finished with value: 0.5657708402751078 and parameters: {'interp_param': 0.25755721241523327}. Best is trial 58 with value: 0.5658067922593875.
[I 2025-05-13 21:05:41,503] Trial 62 finished with value: 0.565194993378615 and parameters: {'interp_param': 0.16435446342449309}. Best is trial 58 with value: 0.5658067922593875.
[I 2025-05-13 21:05:43,044] Trial 63 finished with value: 0.5638294672989022 and parameters: {'interp_param': 0.005482578301532981}. Best is trial 58 with value: 0.5658067922593875.
[I 2025-05-13 21:05:44,446] Trial 64 finished with value: 0.5653323422615234 and parameters: {'interp_param': 0.19399003111570484}. Best is trial 58 with value: 0.5658067922593875.
[I 2025-05-13 21:05:45,842] Trial 65 finished with value: 0.5656557050706994 and parameters: {'interp_param': 0.24266485041068014}. Best is trial 58 with value: 0.5658067922593875.
[I 2025-05-13 21:05:47,239] Trial 66 finished with value: 0.5645146396685036 and parameters: {'interp_param': 0.30685020148813547}. Best is trial 58 with value: 0.5658067922593875.
[I 2025-05-13 21:05:48,613] Trial 67 finished with value: 0.5635789311803153 and parameters: {'interp_param': 0.3688705291424059}. Best is trial 58 with value: 0.5658067922593875.
[I 2025-05-13 21:05:49,986] Trial 68 finished with value: 0.5657763424323978 and parameters: {'interp_param': 0.25388940569351953}. Best is trial 58 with value: 0.5658067922593875.
[I 2025-05-13 21:05:51,364] Trial 69 finished with value: 0.5646175060874024 and parameters: {'interp_param': 0.13423357892778806}. Best is trial 58 with value: 0.5658067922593875.
[I 2025-05-13 21:05:52,732] Trial 70 finished with value: 0.5637378785937033 and parameters: {'interp_param': 0.3433274372080767}. Best is trial 58 with value: 0.5658067922593875.
[I 2025-05-13 21:05:54,103] Trial 71 finished with value: 0.5657258319449784 and parameters: {'interp_param': 0.2587883232280757}. Best is trial 58 with value: 0.5658067922593875.
[I 2025-05-13 21:05:55,472] Trial 72 finished with value: 0.5634634884018968 and parameters: {'interp_param': 0.3967773345421673}. Best is trial 58 with value: 0.5658067922593875.
[I 2025-05-13 21:05:56,846] Trial 73 finished with value: 0.5657112734418386 and parameters: {'interp_param': 0.2610208903488436}. Best is trial 58 with value: 0.5658067922593875.
[I 2025-05-13 21:05:58,222] Trial 74 finished with value: 0.5651351189713358 and parameters: {'interp_param': 0.2114672185784094}. Best is trial 58 with value: 0.5658067922593875.
[I 2025-05-13 21:05:59,599] Trial 75 finished with value: 0.564321312315776 and parameters: {'interp_param': 0.30944079081679354}. Best is trial 58 with value: 0.5658067922593875.
[I 2025-05-13 21:06:00,990] Trial 76 finished with value: 0.5656528343799393 and parameters: {'interp_param': 0.2640608587799047}. Best is trial 58 with value: 0.5658067922593875.
[I 2025-05-13 21:06:02,400] Trial 77 finished with value: 0.5653297449698834 and parameters: {'interp_param': 0.19238834810385438}. Best is trial 58 with value: 0.5658067922593875.
[I 2025-05-13 21:06:03,835] Trial 78 finished with value: 0.5643575376991756 and parameters: {'interp_param': 0.11588192095922303}. Best is trial 58 with value: 0.5658067922593875.
[I 2025-05-13 21:06:05,197] Trial 79 finished with value: 0.5653491563074031 and parameters: {'interp_param': 0.2918599368235506}. Best is trial 58 with value: 0.5658067922593875.
[I 2025-05-13 21:06:06,545] Trial 80 finished with value: 0.5651851851851852 and parameters: {'interp_param': 0.16367923943962373}. Best is trial 58 with value: 0.5658067922593875.
[I 2025-05-13 21:06:07,892] Trial 81 finished with value: 0.5657716262975778 and parameters: {'interp_param': 0.2577249300543864}. Best is trial 58 with value: 0.5658067922593875.
[I 2025-05-13 21:06:09,352] Trial 82 finished with value: 0.56399815455594 and parameters: {'interp_param': 0.33008251508063047}. Best is trial 58 with value: 0.5658067922593875.
[I 2025-05-13 21:06:10,700] Trial 83 finished with value: 0.5656411807424495 and parameters: {'interp_param': 0.2661435498414439}. Best is trial 58 with value: 0.5658067922593875.
[I 2025-05-13 21:06:12,047] Trial 84 finished with value: 0.5632979794096288 and parameters: {'interp_param': 0.38150754742735926}. Best is trial 58 with value: 0.5658067922593875.
[I 2025-05-13 21:06:13,391] Trial 85 finished with value: 0.5655513691315306 and parameters: {'interp_param': 0.28499918527147966}. Best is trial 58 with value: 0.5658067922593875.
[I 2025-05-13 21:06:14,742] Trial 86 finished with value: 0.5651717202785254 and parameters: {'interp_param': 0.2149777605624978}. Best is trial 58 with value: 0.5658067922593875.
[I 2025-05-13 21:06:16,086] Trial 87 finished with value: 0.5619747276688453 and parameters: {'interp_param': 0.44960112298849253}. Best is trial 58 with value: 0.5658067922593875.
[I 2025-05-13 21:06:17,436] Trial 88 finished with value: 0.5657785296253578 and parameters: {'interp_param': 0.25438897270118616}. Best is trial 58 with value: 0.5658067922593875.
[I 2025-05-13 21:06:18,783] Trial 89 finished with value: 0.5616675979324192 and parameters: {'interp_param': 0.5116119177961974}. Best is trial 58 with value: 0.5658067922593875.
[I 2025-05-13 21:06:20,130] Trial 90 finished with value: 0.5640058439061899 and parameters: {'interp_param': 0.3241201405965747}. Best is trial 58 with value: 0.5658067922593875.
[I 2025-05-13 21:06:21,477] Trial 91 finished with value: 0.5657737451407578 and parameters: {'interp_param': 0.2570326293440201}. Best is trial 58 with value: 0.5658067922593875.
[I 2025-05-13 21:06:22,819] Trial 92 finished with value: 0.5651720620274253 and parameters: {'interp_param': 0.21585416691624826}. Best is trial 58 with value: 0.5658067922593875.
[I 2025-05-13 21:06:24,161] Trial 93 finished with value: 0.5653192191037635 and parameters: {'interp_param': 0.17824166948526782}. Best is trial 58 with value: 0.5658067922593875.
[I 2025-05-13 21:06:25,504] Trial 94 finished with value: 0.563443564441027 and parameters: {'interp_param': 0.356305029433971}. Best is trial 58 with value: 0.5658067922593875.
[I 2025-05-13 21:06:26,855] Trial 95 finished with value: 0.5658031013712674 and parameters: {'interp_param': 0.24784080491526045}. Best is trial 58 with value: 0.5658067922593875.
[I 2025-05-13 21:06:28,197] Trial 96 finished with value: 0.5649280533128284 and parameters: {'interp_param': 0.2994385102295983}. Best is trial 58 with value: 0.5658067922593875.
[I 2025-05-13 21:06:29,547] Trial 97 finished with value: 0.5656098081934298 and parameters: {'interp_param': 0.2804770421447803}. Best is trial 58 with value: 0.5658067922593875.
[I 2025-05-13 21:06:30,900] Trial 98 finished with value: 0.5655913879277201 and parameters: {'interp_param': 0.235231631671754}. Best is trial 58 with value: 0.5658067922593875.
