[I 2025-05-14 00:01:40,927] Trial 99 finished with value: 0.5806177794865222 and parameters: {'threshold_scale_factor': 0.46182584333206417}. Best is trial 94 with value: 0.580712614806271.
Best hyperparameters: {'threshold_scale_factor': 0.4594940589032463}
Best optimized value: 0.580712614806271
Running audit 1/1
Training a GAT target model on amazon-photo...
Training GAT on cuda:   0%|          | 0/400 [00:00<?, ?it/s]Training GAT on cuda:   3%|▎         | 13/400 [00:00<00:03, 123.62it/s]Training GAT on cuda:   6%|▋         | 26/400 [00:00<00:03, 124.55it/s]Training GAT on cuda:  10%|▉         | 39/400 [00:00<00:02, 124.86it/s]Training GAT on cuda:  13%|█▎        | 52/400 [00:00<00:02, 125.07it/s]Training GAT on cuda:  16%|█▋        | 65/400 [00:00<00:02, 125.02it/s]Training GAT on cuda:  20%|█▉        | 78/400 [00:00<00:02, 125.60it/s]Training GAT on cuda:  23%|██▎       | 91/400 [00:00<00:02, 126.66it/s]Training GAT on cuda:  26%|██▌       | 104/400 [00:00<00:02, 127.32it/s]Training GAT on cuda:  29%|██▉       | 117/400 [00:00<00:02, 127.82it/s]Training GAT on cuda:  32%|███▎      | 130/400 [00:01<00:02, 128.18it/s]Training GAT on cuda:  36%|███▌      | 143/400 [00:01<00:02, 128.43it/s]Training GAT on cuda:  39%|███▉      | 156/400 [00:01<00:01, 128.55it/s]Training GAT on cuda:  42%|████▏     | 169/400 [00:01<00:01, 128.41it/s]Training GAT on cuda:  46%|████▌     | 182/400 [00:01<00:01, 127.89it/s]Training GAT on cuda:  49%|████▉     | 195/400 [00:01<00:01, 127.57it/s]Training GAT on cuda:  52%|█████▏    | 208/400 [00:01<00:01, 127.27it/s]Training GAT on cuda:  55%|█████▌    | 221/400 [00:01<00:01, 127.08it/s]Training GAT on cuda:  58%|█████▊    | 234/400 [00:01<00:01, 126.95it/s]Training GAT on cuda:  62%|██████▏   | 247/400 [00:01<00:01, 126.81it/s]Training GAT on cuda:  65%|██████▌   | 260/400 [00:02<00:01, 126.32it/s]Training GAT on cuda:  68%|██████▊   | 273/400 [00:02<00:01, 125.85it/s]Training GAT on cuda:  72%|███████▏  | 286/400 [00:02<00:00, 126.25it/s]Training GAT on cuda:  75%|███████▍  | 299/400 [00:02<00:00, 126.89it/s]Training GAT on cuda:  78%|███████▊  | 312/400 [00:02<00:00, 127.45it/s]Training GAT on cuda:  81%|████████▏ | 325/400 [00:02<00:00, 127.90it/s]Training GAT on cuda:  84%|████████▍ | 338/400 [00:02<00:00, 128.20it/s]Training GAT on cuda:  88%|████████▊ | 351/400 [00:02<00:00, 128.40it/s]Training GAT on cuda:  91%|█████████ | 364/400 [00:02<00:00, 127.90it/s]Training GAT on cuda:  94%|█████████▍| 377/400 [00:02<00:00, 126.98it/s]Training GAT on cuda:  98%|█████████▊| 390/400 [00:03<00:00, 126.36it/s]Training GAT on cuda: 100%|██████████| 400/400 [00:03<00:00, 126.93it/s]
Train accuracy: 0.9974 | Test accuracy: 0.9153
Training MLP on cuda:   0%|          | 0/1000 [00:00<?, ?it/s]Training MLP on cuda:   0%|          | 1/1000 [00:08<2:23:46,  8.64s/it]Training MLP on cuda:   0%|          | 2/1000 [00:16<2:20:38,  8.46s/it]Training MLP on cuda:   0%|          | 3/1000 [00:25<2:20:47,  8.47s/it]Training MLP on cuda:   0%|          | 4/1000 [00:33<2:19:48,  8.42s/it]Training MLP on cuda:   0%|          | 5/1000 [00:42<2:19:54,  8.44s/it]Training MLP on cuda:   1%|          | 6/1000 [00:50<2:19:21,  8.41s/it]Training MLP on cuda:   1%|          | 7/1000 [00:59<2:19:30,  8.43s/it]Training MLP on cuda:   1%|          | 8/1000 [01:07<2:19:00,  8.41s/it]Training MLP on cuda:   1%|          | 9/1000 [01:15<2:19:15,  8.43s/it]Training MLP on cuda:   1%|          | 10/1000 [01:24<2:18:42,  8.41s/it]Training MLP on cuda:   1%|          | 11/1000 [01:32<2:18:44,  8.42s/it]Training MLP on cuda:   1%|          | 12/1000 [01:41<2:18:21,  8.40s/it]Training MLP on cuda:   1%|▏         | 13/1000 [01:49<2:18:26,  8.42s/it]Training MLP on cuda:   1%|▏         | 14/1000 [01:57<2:18:01,  8.40s/it]Training MLP on cuda:   2%|▏         | 15/1000 [02:06<2:18:10,  8.42s/it]Training MLP on cuda:   2%|▏         | 16/1000 [02:14<2:17:39,  8.39s/it]Training MLP on cuda:   2%|▏         | 17/1000 [02:23<2:17:55,  8.42s/it]Training MLP on cuda:   2%|▏         | 18/1000 [02:31<2:17:28,  8.40s/it]Training MLP on cuda:   2%|▏         | 19/1000 [02:39<2:17:24,  8.40s/it]Training MLP on cuda:   2%|▏         | 20/1000 [02:48<2:16:54,  8.38s/it]Training MLP on cuda:   2%|▏         | 21/1000 [02:56<2:16:59,  8.40s/it]Training MLP on cuda:   2%|▏         | 22/1000 [03:05<2:16:38,  8.38s/it]Training MLP on cuda:   2%|▏         | 23/1000 [03:13<2:17:01,  8.42s/it]Training MLP on cuda:   2%|▏         | 24/1000 [03:21<2:16:30,  8.39s/it]Training MLP on cuda:   2%|▎         | 25/1000 [03:30<2:16:33,  8.40s/it]Training MLP on cuda:   3%|▎         | 26/1000 [03:38<2:16:04,  8.38s/it]Training MLP on cuda:   3%|▎         | 27/1000 [03:47<2:16:13,  8.40s/it]Training MLP on cuda:   3%|▎         | 28/1000 [03:55<2:15:47,  8.38s/it]Training MLP on cuda:   3%|▎         | 29/1000 [04:03<2:15:57,  8.40s/it]Training MLP on cuda:   3%|▎         | 30/1000 [04:12<2:15:35,  8.39s/it]Training MLP on cuda:   3%|▎         | 31/1000 [04:20<2:15:53,  8.41s/it]Training MLP on cuda:   3%|▎         | 32/1000 [04:29<2:15:23,  8.39s/it]Training MLP on cuda:   3%|▎         | 33/1000 [04:37<2:15:30,  8.41s/it]Training MLP on cuda:   3%|▎         | 34/1000 [04:45<2:14:58,  8.38s/it]Training MLP on cuda:   4%|▎         | 35/1000 [04:54<2:15:03,  8.40s/it]Training MLP on cuda:   4%|▎         | 36/1000 [05:02<2:14:38,  8.38s/it]Training MLP on cuda:   4%|▎         | 37/1000 [05:11<2:14:53,  8.40s/it]Training MLP on cuda:   4%|▍         | 38/1000 [05:19<2:14:23,  8.38s/it]Training MLP on cuda:   4%|▍         | 39/1000 [05:27<2:14:44,  8.41s/it]Training MLP on cuda:   4%|▍         | 40/1000 [05:36<2:14:11,  8.39s/it]Training MLP on cuda:   4%|▍         | 41/1000 [05:44<2:14:21,  8.41s/it]Training MLP on cuda:   4%|▍         | 42/1000 [05:52<2:13:55,  8.39s/it]Training MLP on cuda:   4%|▍         | 43/1000 [06:01<2:14:01,  8.40s/it]Training MLP on cuda:   4%|▍         | 44/1000 [06:09<2:13:42,  8.39s/it]Training MLP on cuda:   4%|▍         | 45/1000 [06:18<2:13:42,  8.40s/it]Training MLP on cuda:   5%|▍         | 46/1000 [06:26<2:13:23,  8.39s/it]Training MLP on cuda:   5%|▍         | 47/1000 [06:35<2:13:37,  8.41s/it]Training MLP on cuda:   5%|▍         | 48/1000 [06:43<2:13:05,  8.39s/it]Training MLP on cuda:   5%|▍         | 49/1000 [06:51<2:13:13,  8.41s/it]Training MLP on cuda:   5%|▌         | 50/1000 [07:00<2:12:51,  8.39s/it]Training MLP on cuda:   5%|▌         | 51/1000 [07:08<2:13:00,  8.41s/it]Training MLP on cuda:   5%|▌         | 52/1000 [07:16<2:12:35,  8.39s/it]Training MLP on cuda:   5%|▌         | 53/1000 [07:25<2:12:42,  8.41s/it]Training MLP on cuda:   5%|▌         | 54/1000 [07:33<2:12:25,  8.40s/it]Training MLP on cuda:   6%|▌         | 55/1000 [07:42<2:12:33,  8.42s/it]Training MLP on cuda:   6%|▌         | 56/1000 [07:50<2:11:58,  8.39s/it]Training MLP on cuda:   6%|▌         | 57/1000 [07:59<2:12:08,  8.41s/it]Training MLP on cuda:   6%|▌         | 58/1000 [08:07<2:11:40,  8.39s/it]Training MLP on cuda:   6%|▌         | 59/1000 [08:15<2:11:52,  8.41s/it]Training MLP on cuda:   6%|▌         | 60/1000 [08:24<2:11:27,  8.39s/it]Training MLP on cuda:   6%|▌         | 61/1000 [08:32<2:11:34,  8.41s/it]Training MLP on cuda:   6%|▌         | 62/1000 [08:40<2:11:09,  8.39s/it]Training MLP on cuda:   6%|▋         | 63/1000 [08:49<2:11:25,  8.42s/it]Training MLP on cuda:   6%|▋         | 64/1000 [08:57<2:10:48,  8.39s/it]Training MLP on cuda:   6%|▋         | 65/1000 [09:06<2:10:57,  8.40s/it]Training MLP on cuda:   7%|▋         | 66/1000 [09:14<2:10:41,  8.40s/it]Training MLP on cuda:   7%|▋         | 67/1000 [09:23<2:10:54,  8.42s/it]Training MLP on cuda:   7%|▋         | 68/1000 [09:31<2:10:23,  8.39s/it]Training MLP on cuda:   7%|▋         | 69/1000 [09:39<2:10:29,  8.41s/it]Training MLP on cuda:   7%|▋         | 70/1000 [09:48<2:10:10,  8.40s/it]Training MLP on cuda:   7%|▋         | 71/1000 [09:56<2:10:22,  8.42s/it]Training MLP on cuda:   7%|▋         | 72/1000 [10:05<2:09:55,  8.40s/it]Training MLP on cuda:   7%|▋         | 73/1000 [10:13<2:10:08,  8.42s/it]Training MLP on cuda:   7%|▋         | 74/1000 [10:21<2:09:48,  8.41s/it]Training MLP on cuda:   8%|▊         | 75/1000 [10:30<2:09:53,  8.43s/it]Training MLP on cuda:   8%|▊         | 76/1000 [10:38<2:09:20,  8.40s/it]Training MLP on cuda:   8%|▊         | 77/1000 [10:47<2:09:31,  8.42s/it]Training MLP on cuda:   8%|▊         | 78/1000 [10:55<2:09:02,  8.40s/it]Training MLP on cuda:   8%|▊         | 79/1000 [11:04<2:09:17,  8.42s/it]Training MLP on cuda:   8%|▊         | 80/1000 [11:12<2:08:54,  8.41s/it]Training MLP on cuda:   8%|▊         | 81/1000 [11:20<2:09:00,  8.42s/it]Training MLP on cuda:   8%|▊         | 82/1000 [11:29<2:08:32,  8.40s/it]Training MLP on cuda:   8%|▊         | 83/1000 [11:37<2:08:38,  8.42s/it]Training MLP on cuda:   8%|▊         | 84/1000 [11:46<2:08:17,  8.40s/it]Training MLP on cuda:   8%|▊         | 85/1000 [11:54<2:08:23,  8.42s/it]Training MLP on cuda:   9%|▊         | 86/1000 [12:02<2:07:54,  8.40s/it]Training MLP on cuda:   9%|▊         | 87/1000 [12:11<2:08:18,  8.43s/it]Training MLP on cuda:   9%|▉         | 88/1000 [12:19<2:07:53,  8.41s/it]Training MLP on cuda:   9%|▉         | 89/1000 [12:28<2:07:57,  8.43s/it]Training MLP on cuda:   9%|▉         | 90/1000 [12:36<2:07:22,  8.40s/it]Training MLP on cuda:   9%|▉         | 91/1000 [12:44<2:07:26,  8.41s/it]Training MLP on cuda:   9%|▉         | 92/1000 [12:53<2:06:59,  8.39s/it]Training MLP on cuda:   9%|▉         | 93/1000 [13:01<2:07:06,  8.41s/it]Training MLP on cuda:   9%|▉         | 94/1000 [13:10<2:06:55,  8.41s/it]Training MLP on cuda:  10%|▉         | 95/1000 [13:18<2:07:09,  8.43s/it]Training MLP on cuda:  10%|▉         | 96/1000 [13:26<2:06:31,  8.40s/it]Training MLP on cuda:  10%|▉         | 97/1000 [13:35<2:06:43,  8.42s/it]Training MLP on cuda:  10%|▉         | 98/1000 [13:43<2:06:36,  8.42s/it]Training MLP on cuda:  10%|▉         | 99/1000 [13:52<2:06:41,  8.44s/it]Training MLP on cuda:  10%|█         | 100/1000 [14:00<2:06:21,  8.42s/it]Training MLP on cuda:  10%|█         | 101/1000 [14:09<2:06:30,  8.44s/it]Training MLP on cuda:  10%|█         | 102/1000 [14:17<2:06:08,  8.43s/it]Training MLP on cuda:  10%|█         | 103/1000 [14:26<2:06:21,  8.45s/it]Training MLP on cuda:  10%|█         | 104/1000 [14:34<2:05:50,  8.43s/it]Training MLP on cuda:  10%|█         | 105/1000 [14:42<2:06:01,  8.45s/it]Training MLP on cuda:  11%|█         | 106/1000 [14:51<2:05:34,  8.43s/it]Training MLP on cuda:  11%|█         | 107/1000 [14:59<2:05:47,  8.45s/it]Training MLP on cuda:  11%|█         | 108/1000 [15:08<2:05:18,  8.43s/it]Training MLP on cuda:  11%|█         | 109/1000 [15:16<2:05:34,  8.46s/it]Training MLP on cuda:  11%|█         | 110/1000 [15:25<2:05:17,  8.45s/it]Training MLP on cuda:  11%|█         | 111/1000 [15:33<2:05:20,  8.46s/it]Training MLP on cuda:  11%|█         | 112/1000 [15:42<2:04:51,  8.44s/it]Training MLP on cuda:  11%|█▏        | 113/1000 [15:50<2:05:02,  8.46s/it]Training MLP on cuda:  11%|█▏        | 114/1000 [15:58<2:04:30,  8.43s/it]Training MLP on cuda:  12%|█▏        | 115/1000 [16:07<2:04:37,  8.45s/it]Training MLP on cuda:  12%|█▏        | 116/1000 [16:15<2:04:21,  8.44s/it]Training MLP on cuda:  12%|█▏        | 117/1000 [16:24<2:04:28,  8.46s/it]Training MLP on cuda:  12%|█▏        | 118/1000 [16:32<2:04:04,  8.44s/it]Training MLP on cuda:  12%|█▏        | 119/1000 [16:41<2:04:10,  8.46s/it]Training MLP on cuda:  12%|█▏        | 120/1000 [16:49<2:03:41,  8.43s/it]Training MLP on cuda:  12%|█▏        | 121/1000 [16:58<2:03:55,  8.46s/it]Training MLP on cuda:  12%|█▏        | 122/1000 [17:06<2:03:18,  8.43s/it]Training MLP on cuda:  12%|█▏        | 123/1000 [17:14<2:03:29,  8.45s/it]Training MLP on cuda:  12%|█▏        | 124/1000 [17:23<2:03:02,  8.43s/it]Training MLP on cuda:  12%|█▎        | 125/1000 [17:31<2:03:10,  8.45s/it]Training MLP on cuda:  13%|█▎        | 126/1000 [17:40<2:02:58,  8.44s/it]Training MLP on cuda:  13%|█▎        | 127/1000 [17:48<2:03:04,  8.46s/it]Training MLP on cuda:  13%|█▎        | 128/1000 [17:57<2:02:34,  8.43s/it]Training MLP on cuda:  13%|█▎        | 129/1000 [18:05<2:02:46,  8.46s/it]Training MLP on cuda:  13%|█▎        | 130/1000 [18:14<2:02:19,  8.44s/it]Training MLP on cuda:  13%|█▎        | 131/1000 [18:22<2:02:17,  8.44s/it]Training MLP on cuda:  13%|█▎        | 132/1000 [18:30<2:02:02,  8.44s/it]Training MLP on cuda:  13%|█▎        | 133/1000 [18:39<2:02:05,  8.45s/it]Training MLP on cuda:  13%|█▎        | 134/1000 [18:47<2:01:43,  8.43s/it]Training MLP on cuda:  14%|█▎        | 135/1000 [18:56<2:01:54,  8.46s/it]Training MLP on cuda:  14%|█▎        | 136/1000 [19:04<2:01:25,  8.43s/it]Training MLP on cuda:  14%|█▎        | 137/1000 [19:13<2:01:44,  8.46s/it]Training MLP on cuda:  14%|█▍        | 138/1000 [19:21<2:01:17,  8.44s/it]Training MLP on cuda:  14%|█▍        | 139/1000 [19:30<2:01:14,  8.45s/it]Training MLP on cuda:  14%|█▍        | 140/1000 [19:38<2:00:55,  8.44s/it]Training MLP on cuda:  14%|█▍        | 141/1000 [19:46<2:01:00,  8.45s/it]Training MLP on cuda:  14%|█▍        | 142/1000 [19:55<2:00:40,  8.44s/it]Training MLP on cuda:  14%|█▍        | 143/1000 [20:03<2:00:44,  8.45s/it]Training MLP on cuda:  14%|█▍        | 144/1000 [20:12<2:00:22,  8.44s/it]Training MLP on cuda:  14%|█▍        | 145/1000 [20:20<2:00:32,  8.46s/it]Training MLP on cuda:  15%|█▍        | 146/1000 [20:29<2:00:08,  8.44s/it]Training MLP on cuda:  15%|█▍        | 147/1000 [20:37<2:00:13,  8.46s/it]Training MLP on cuda:  15%|█▍        | 148/1000 [20:46<1:59:45,  8.43s/it]Training MLP on cuda:  15%|█▍        | 149/1000 [20:54<1:59:58,  8.46s/it]Training MLP on cuda:  15%|█▌        | 150/1000 [21:02<1:59:38,  8.45s/it]Training MLP on cuda:  15%|█▌        | 151/1000 [21:11<1:59:40,  8.46s/it]Training MLP on cuda:  15%|█▌        | 152/1000 [21:19<1:59:16,  8.44s/it]Training MLP on cuda:  15%|█▌        | 153/1000 [21:28<1:59:33,  8.47s/it]Training MLP on cuda:  15%|█▌        | 154/1000 [21:36<1:59:09,  8.45s/it]Training MLP on cuda:  16%|█▌        | 155/1000 [21:45<1:59:41,  8.50s/it]Training MLP on cuda:  16%|█▌        | 156/1000 [21:53<1:59:30,  8.50s/it]Training MLP on cuda:  16%|█▌        | 157/1000 [22:02<1:59:47,  8.53s/it]Training MLP on cuda:  16%|█▌        | 158/1000 [22:10<1:59:29,  8.52s/it]Training MLP on cuda:  16%|█▌        | 159/1000 [22:19<1:59:54,  8.55s/it]Training MLP on cuda:  16%|█▌        | 160/1000 [22:28<1:59:32,  8.54s/it]Training MLP on cuda:  16%|█▌        | 161/1000 [22:36<1:59:38,  8.56s/it]Training MLP on cuda:  16%|█▌        | 162/1000 [22:45<1:59:11,  8.53s/it]Training MLP on cuda:  16%|█▋        | 163/1000 [22:53<1:59:12,  8.54s/it]Training MLP on cuda:  16%|█▋        | 164/1000 [23:02<1:58:53,  8.53s/it]Training MLP on cuda:  16%|█▋        | 165/1000 [23:10<1:58:55,  8.55s/it]Training MLP on cuda:  17%|█▋        | 166/1000 [23:19<1:58:36,  8.53s/it]Training MLP on cuda:  17%|█▋        | 167/1000 [23:27<1:58:47,  8.56s/it]Training MLP on cuda:  17%|█▋        | 168/1000 [23:36<1:58:24,  8.54s/it]Training MLP on cuda:  17%|█▋        | 169/1000 [23:45<1:58:29,  8.55s/it]Training MLP on cuda:  17%|█▋        | 170/1000 [23:53<1:58:02,  8.53s/it]Training MLP on cuda:  17%|█▋        | 171/1000 [24:02<1:58:05,  8.55s/it]Training MLP on cuda:  17%|█▋        | 172/1000 [24:10<1:57:47,  8.54s/it]Training MLP on cuda:  17%|█▋        | 173/1000 [24:19<1:57:54,  8.55s/it]Training MLP on cuda:  17%|█▋        | 174/1000 [24:27<1:57:34,  8.54s/it]Training MLP on cuda:  18%|█▊        | 175/1000 [24:36<1:57:37,  8.55s/it]Training MLP on cuda:  18%|█▊        | 176/1000 [24:44<1:56:55,  8.51s/it]Training MLP on cuda:  18%|█▊        | 177/1000 [24:53<1:56:55,  8.52s/it]Training MLP on cuda:  18%|█▊        | 178/1000 [25:01<1:56:07,  8.48s/it]Training MLP on cuda:  18%|█▊        | 179/1000 [25:10<1:56:00,  8.48s/it]Training MLP on cuda:  18%|█▊        | 180/1000 [25:18<1:55:38,  8.46s/it]Training MLP on cuda:  18%|█▊        | 181/1000 [25:27<1:55:38,  8.47s/it]Training MLP on cuda:  18%|█▊        | 182/1000 [25:35<1:55:07,  8.44s/it]Training MLP on cuda:  18%|█▊        | 183/1000 [25:43<1:55:19,  8.47s/it]Training MLP on cuda:  18%|█▊        | 184/1000 [25:52<1:54:47,  8.44s/it]Training MLP on cuda:  18%|█▊        | 185/1000 [26:00<1:54:47,  8.45s/it]Training MLP on cuda:  19%|█▊        | 186/1000 [26:09<1:54:28,  8.44s/it]Training MLP on cuda:  19%|█▊        | 187/1000 [26:17<1:54:32,  8.45s/it]Training MLP on cuda:  19%|█▉        | 188/1000 [26:26<1:54:07,  8.43s/it]Training MLP on cuda:  19%|█▉        | 189/1000 [26:34<1:54:23,  8.46s/it]Training MLP on cuda:  19%|█▉        | 190/1000 [26:43<1:54:07,  8.45s/it]Training MLP on cuda:  19%|█▉        | 191/1000 [26:51<1:54:14,  8.47s/it]Training MLP on cuda:  19%|█▉        | 192/1000 [26:59<1:53:45,  8.45s/it]Training MLP on cuda:  19%|█▉        | 193/1000 [27:08<1:53:41,  8.45s/it]Training MLP on cuda:  19%|█▉        | 194/1000 [27:16<1:53:18,  8.43s/it]Training MLP on cuda:  20%|█▉        | 195/1000 [27:25<1:53:22,  8.45s/it]Training MLP on cuda:  20%|█▉        | 196/1000 [27:33<1:53:00,  8.43s/it]Training MLP on cuda:  20%|█▉        | 197/1000 [27:42<1:53:02,  8.45s/it]Training MLP on cuda:  20%|█▉        | 198/1000 [27:50<1:52:38,  8.43s/it]Training MLP on cuda:  20%|█▉        | 199/1000 [27:59<1:52:49,  8.45s/it]Training MLP on cuda:  20%|██        | 200/1000 [28:07<1:52:29,  8.44s/it]Training MLP on cuda:  20%|██        | 201/1000 [28:16<1:52:38,  8.46s/it]Training MLP on cuda:  20%|██        | 202/1000 [28:24<1:52:10,  8.43s/it]Training MLP on cuda:  20%|██        | 203/1000 [28:32<1:52:17,  8.45s/it]Training MLP on cuda:  20%|██        | 204/1000 [28:41<1:51:57,  8.44s/it]Training MLP on cuda:  20%|██        | 205/1000 [28:49<1:52:01,  8.46s/it]Training MLP on cuda:  21%|██        | 206/1000 [28:58<1:51:44,  8.44s/it]Training MLP on cuda:  21%|██        | 207/1000 [29:06<1:51:45,  8.46s/it]Training MLP on cuda:  21%|██        | 208/1000 [29:15<1:51:25,  8.44s/it]Training MLP on cuda:  21%|██        | 209/1000 [29:23<1:51:34,  8.46s/it]Training MLP on cuda:  21%|██        | 210/1000 [29:31<1:51:09,  8.44s/it]Training MLP on cuda:  21%|██        | 211/1000 [29:40<1:51:07,  8.45s/it]Training MLP on cuda:  21%|██        | 212/1000 [29:48<1:50:48,  8.44s/it]Training MLP on cuda:  21%|██▏       | 213/1000 [29:57<1:50:56,  8.46s/it]Training MLP on cuda:  21%|██▏       | 214/1000 [30:05<1:50:34,  8.44s/it]Training MLP on cuda:  22%|██▏       | 215/1000 [30:14<1:50:39,  8.46s/it]Training MLP on cuda:  22%|██▏       | 216/1000 [30:22<1:50:25,  8.45s/it]Training MLP on cuda:  22%|██▏       | 217/1000 [30:31<1:50:33,  8.47s/it]Training MLP on cuda:  22%|██▏       | 218/1000 [30:39<1:50:01,  8.44s/it]Training MLP on cuda:  22%|██▏       | 219/1000 [30:48<1:50:00,  8.45s/it]Training MLP on cuda:  22%|██▏       | 220/1000 [30:56<1:49:43,  8.44s/it]Training MLP on cuda:  22%|██▏       | 221/1000 [31:04<1:49:46,  8.45s/it]Training MLP on cuda:  22%|██▏       | 222/1000 [31:13<1:49:16,  8.43s/it]Training MLP on cuda:  22%|██▏       | 223/1000 [31:21<1:49:36,  8.46s/it]Training MLP on cuda:  22%|██▏       | 224/1000 [31:30<1:49:17,  8.45s/it]Training MLP on cuda:  22%|██▎       | 225/1000 [31:38<1:49:12,  8.46s/it]Training MLP on cuda:  23%|██▎       | 226/1000 [31:47<1:48:53,  8.44s/it]Training MLP on cuda:  23%|██▎       | 227/1000 [31:55<1:48:51,  8.45s/it]Training MLP on cuda:  23%|██▎       | 228/1000 [32:04<1:48:26,  8.43s/it]Training MLP on cuda:  23%|██▎       | 229/1000 [32:12<1:48:33,  8.45s/it]Training MLP on cuda:  23%|██▎       | 230/1000 [32:20<1:48:18,  8.44s/it]Training MLP on cuda:  23%|██▎       | 231/1000 [32:29<1:48:34,  8.47s/it]Training MLP on cuda:  23%|██▎       | 232/1000 [32:37<1:47:58,  8.43s/it]Training MLP on cuda:  23%|██▎       | 233/1000 [32:46<1:48:11,  8.46s/it]Training MLP on cuda:  23%|██▎       | 234/1000 [32:54<1:47:43,  8.44s/it]Training MLP on cuda:  24%|██▎       | 235/1000 [33:03<1:47:44,  8.45s/it]Training MLP on cuda:  24%|██▎       | 236/1000 [33:11<1:47:25,  8.44s/it]Training MLP on cuda:  24%|██▎       | 237/1000 [33:20<1:47:35,  8.46s/it]Training MLP on cuda:  24%|██▍       | 238/1000 [33:28<1:47:09,  8.44s/it]Training MLP on cuda:  24%|██▍       | 239/1000 [33:37<1:47:22,  8.47s/it]Training MLP on cuda:  24%|██▍       | 240/1000 [33:45<1:46:50,  8.43s/it]Training MLP on cuda:  24%|██▍       | 241/1000 [33:53<1:46:59,  8.46s/it]Training MLP on cuda:  24%|██▍       | 242/1000 [34:02<1:46:39,  8.44s/it]Training MLP on cuda:  24%|██▍       | 243/1000 [34:10<1:46:38,  8.45s/it]Training MLP on cuda:  24%|██▍       | 244/1000 [34:19<1:46:17,  8.44s/it]Training MLP on cuda:  24%|██▍       | 245/1000 [34:27<1:46:23,  8.45s/it]Training MLP on cuda:  25%|██▍       | 246/1000 [34:36<1:46:00,  8.44s/it]Training MLP on cuda:  25%|██▍       | 247/1000 [34:44<1:46:06,  8.45s/it]Training MLP on cuda:  25%|██▍       | 248/1000 [34:53<1:45:45,  8.44s/it]Training MLP on cuda:  25%|██▍       | 249/1000 [35:01<1:45:50,  8.46s/it]Training MLP on cuda:  25%|██▌       | 250/1000 [35:09<1:45:21,  8.43s/it]Training MLP on cuda:  25%|██▌       | 251/1000 [35:18<1:45:25,  8.44s/it]Training MLP on cuda:  25%|██▌       | 252/1000 [35:26<1:45:09,  8.43s/it]Training MLP on cuda:  25%|██▌       | 253/1000 [35:35<1:45:21,  8.46s/it]Training MLP on cuda:  25%|██▌       | 254/1000 [35:43<1:45:01,  8.45s/it]Training MLP on cuda:  26%|██▌       | 255/1000 [35:52<1:45:06,  8.47s/it]Training MLP on cuda:  26%|██▌       | 256/1000 [36:00<1:44:43,  8.45s/it]Training MLP on cuda:  26%|██▌       | 257/1000 [36:09<1:44:43,  8.46s/it]Training MLP on cuda:  26%|██▌       | 