[I 2025-05-13 17:12:46,326] Trial 0 finished with value: 0.561660508218974 and parameters: {'threshold_scale_factor': 0.4647181052963646}. Best is trial 0 with value: 0.561660508218974.
[I 2025-05-13 17:13:00,679] Trial 1 finished with value: 0.5622749891172155 and parameters: {'threshold_scale_factor': 0.677872320899203}. Best is trial 1 with value: 0.5622749891172155.
[I 2025-05-13 17:13:14,985] Trial 2 finished with value: 0.5621886097811674 and parameters: {'threshold_scale_factor': 0.7528862455097215}. Best is trial 1 with value: 0.5622749891172155.
[I 2025-05-13 17:13:29,293] Trial 3 finished with value: 0.562292641354581 and parameters: {'threshold_scale_factor': 0.640088317386385}. Best is trial 3 with value: 0.562292641354581.
[I 2025-05-13 17:13:43,638] Trial 4 finished with value: 0.5595084048364444 and parameters: {'threshold_scale_factor': 0.2277510129811562}. Best is trial 3 with value: 0.562292641354581.
[I 2025-05-13 17:13:57,960] Trial 5 finished with value: 0.5622596581220723 and parameters: {'threshold_scale_factor': 0.6938067126771861}. Best is trial 3 with value: 0.562292641354581.
[I 2025-05-13 17:14:12,297] Trial 6 finished with value: 0.5622505069792623 and parameters: {'threshold_scale_factor': 0.703327771476926}. Best is trial 3 with value: 0.562292641354581.
[I 2025-05-13 17:14:26,672] Trial 7 finished with value: 0.5577495690982275 and parameters: {'threshold_scale_factor': 0.12915432285035588}. Best is trial 3 with value: 0.562292641354581.
[I 2025-05-13 17:14:40,983] Trial 8 finished with value: 0.5617080440960699 and parameters: {'threshold_scale_factor': 0.8993735294184833}. Best is trial 3 with value: 0.562292641354581.
[I 2025-05-13 17:14:55,489] Trial 9 finished with value: 0.5603832306883538 and parameters: {'threshold_scale_factor': 0.30374699684641704}. Best is trial 3 with value: 0.562292641354581.
[I 2025-05-13 17:15:09,737] Trial 10 finished with value: 0.5612617901121233 and parameters: {'threshold_scale_factor': 0.9748674894241063}. Best is trial 3 with value: 0.562292641354581.
[I 2025-05-13 17:15:24,113] Trial 11 finished with value: 0.5618575903459423 and parameters: {'threshold_scale_factor': 0.5018637414031624}. Best is trial 3 with value: 0.562292641354581.
[I 2025-05-13 17:15:38,451] Trial 12 finished with value: 0.5619364139067392 and parameters: {'threshold_scale_factor': 0.5176114698464958}. Best is trial 3 with value: 0.562292641354581.
[I 2025-05-13 17:15:52,815] Trial 13 finished with value: 0.5622612226066898 and parameters: {'threshold_scale_factor': 0.6106429427522095}. Best is trial 3 with value: 0.562292641354581.
[I 2025-05-13 17:16:07,182] Trial 14 finished with value: 0.5620495383722117 and parameters: {'threshold_scale_factor': 0.8161315749635017}. Best is trial 3 with value: 0.562292641354581.
[I 2025-05-13 17:16:21,550] Trial 15 finished with value: 0.5608293177035519 and parameters: {'threshold_scale_factor': 0.3511740246732934}. Best is trial 3 with value: 0.562292641354581.
[I 2025-05-13 17:16:35,899] Trial 16 finished with value: 0.5622785050020008 and parameters: {'threshold_scale_factor': 0.6208362785322494}. Best is trial 3 with value: 0.562292641354581.
[I 2025-05-13 17:16:50,241] Trial 17 finished with value: 0.5545635470188075 and parameters: {'threshold_scale_factor': 0.007060878605388066}. Best is trial 3 with value: 0.562292641354581.
[I 2025-05-13 17:17:04,598] Trial 18 finished with value: 0.5622364000031385 and parameters: {'threshold_scale_factor': 0.5985105578441302}. Best is trial 3 with value: 0.562292641354581.
[I 2025-05-13 17:17:18,974] Trial 19 finished with value: 0.5620062324537658 and parameters: {'threshold_scale_factor': 0.8302194178934723}. Best is trial 3 with value: 0.562292641354581.
[I 2025-05-13 17:17:33,318] Trial 20 finished with value: 0.5613732506649719 and parameters: {'threshold_scale_factor': 0.4201902845767806}. Best is trial 3 with value: 0.562292641354581.
[I 2025-05-13 17:17:47,687] Trial 21 finished with value: 0.5622928248946637 and parameters: {'threshold_scale_factor': 0.6427915751184431}. Best is trial 21 with value: 0.5622928248946637.
[I 2025-05-13 17:18:02,044] Trial 22 finished with value: 0.5622062743214933 and parameters: {'threshold_scale_factor': 0.5872158266236396}. Best is trial 21 with value: 0.5622928248946637.
[I 2025-05-13 17:18:16,391] Trial 23 finished with value: 0.5621951208091079 and parameters: {'threshold_scale_factor': 0.5834425159729385}. Best is trial 21 with value: 0.5622928248946637.
[I 2025-05-13 17:18:30,747] Trial 24 finished with value: 0.5621355343078408 and parameters: {'threshold_scale_factor': 0.7828589430622753}. Best is trial 21 with value: 0.5622928248946637.
[I 2025-05-13 17:18:45,089] Trial 25 finished with value: 0.5612566587733133 and parameters: {'threshold_scale_factor': 0.403078149817542}. Best is trial 21 with value: 0.5622928248946637.
[I 2025-05-13 17:18:59,574] Trial 26 finished with value: 0.562281148380921 and parameters: {'threshold_scale_factor': 0.6715709098184476}. Best is trial 21 with value: 0.5622928248946637.
[I 2025-05-13 17:19:13,893] Trial 27 finished with value: 0.5617528532354118 and parameters: {'threshold_scale_factor': 0.8908191356176332}. Best is trial 21 with value: 0.5622928248946637.
[I 2025-05-13 17:19:28,252] Trial 28 finished with value: 0.5622163790692747 and parameters: {'threshold_scale_factor': 0.7334642107687004}. Best is trial 21 with value: 0.5622928248946637.
[I 2025-05-13 17:19:42,613] Trial 29 finished with value: 0.5619581796012523 and parameters: {'threshold_scale_factor': 0.5219491002790438}. Best is trial 21 with value: 0.5622928248946637.
[I 2025-05-13 17:19:56,936] Trial 30 finished with value: 0.5616670358182488 and parameters: {'threshold_scale_factor': 0.4658027756127632}. Best is trial 21 with value: 0.5622928248946637.
[I 2025-05-13 17:20:11,258] Trial 31 finished with value: 0.5622927463063656 and parameters: {'threshold_scale_factor': 0.6446052903649863}. Best is trial 21 with value: 0.5622928248946637.
[I 2025-05-13 17:20:25,629] Trial 32 finished with value: 0.5622855834726047 and parameters: {'threshold_scale_factor': 0.6660020801049953}. Best is trial 21 with value: 0.5622928248946637.
[I 2025-05-13 17:20:39,970] Trial 33 finished with value: 0.5622846878673038 and parameters: {'threshold_scale_factor': 0.667356831797084}. Best is trial 21 with value: 0.5622928248946637.
[I 2025-05-13 17:20:54,330] Trial 34 finished with value: 0.5620297896099616 and parameters: {'threshold_scale_factor': 0.5379514103506786}. Best is trial 21 with value: 0.5622928248946637.
[I 2025-05-13 17:21:08,639] Trial 35 finished with value: 0.5622011824023727 and parameters: {'threshold_scale_factor': 0.7442993685306217}. Best is trial 21 with value: 0.5622928248946637.
[I 2025-05-13 17:21:22,963] Trial 36 finished with value: 0.5622907246035669 and parameters: {'threshold_scale_factor': 0.655498782941836}. Best is trial 21 with value: 0.5622928248946637.
[I 2025-05-13 17:21:37,310] Trial 37 finished with value: 0.5621242198526469 and parameters: {'threshold_scale_factor': 0.7883947858999891}. Best is trial 21 with value: 0.5622928248946637.
[I 2025-05-13 17:21:51,664] Trial 38 finished with value: 0.561770334486736 and parameters: {'threshold_scale_factor': 0.8872682025620107}. Best is trial 21 with value: 0.5622928248946637.
[I 2025-05-13 17:22:05,988] Trial 39 finished with value: 0.5622319156996132 and parameters: {'threshold_scale_factor': 0.7215069855850521}. Best is trial 21 with value: 0.5622928248946637.
[I 2025-05-13 17:22:20,346] Trial 40 finished with value: 0.562096281084983 and parameters: {'threshold_scale_factor': 0.5543194157294807}. Best is trial 21 with value: 0.5622928248946637.
[I 2025-05-13 17:22:34,702] Trial 41 finished with value: 0.5622885477328186 and parameters: {'threshold_scale_factor': 0.6603300891006899}. Best is trial 21 with value: 0.5622928248946637.
[I 2025-05-13 17:22:49,183] Trial 42 finished with value: 0.5622813407088325 and parameters: {'threshold_scale_factor': 0.6234437573887833}. Best is trial 21 with value: 0.5622928248946637.
[I 2025-05-13 17:23:03,571] Trial 43 finished with value: 0.5622815330367441 and parameters: {'threshold_scale_factor': 0.6710008957639072}. Best is trial 21 with value: 0.5622928248946637.
[I 2025-05-13 17:23:17,910] Trial 44 finished with value: 0.5617079511961647 and parameters: {'threshold_scale_factor': 0.47321314729125485}. Best is trial 21 with value: 0.5622928248946637.
[I 2025-05-13 17:23:32,305] Trial 45 finished with value: 0.5622923887672717 and parameters: {'threshold_scale_factor': 0.6389477934797643}. Best is trial 21 with value: 0.5622928248946637.
[I 2025-05-13 17:23:46,981] Trial 46 finished with value: 0.5622364800979215 and parameters: {'threshold_scale_factor': 0.7176977609381042}. Best is trial 21 with value: 0.5622928248946637.
[I 2025-05-13 17:24:01,730] Trial 47 finished with value: 0.5619516562703513 and parameters: {'threshold_scale_factor': 0.84565760461521}. Best is trial 21 with value: 0.5622928248946637.
[I 2025-05-13 17:24:16,471] Trial 48 finished with value: 0.562157304270728 and parameters: {'threshold_scale_factor': 0.7718326845540127}. Best is trial 21 with value: 0.5622928248946637.
[I 2025-05-13 17:24:31,251] Trial 49 finished with value: 0.5620810311889461 and parameters: {'threshold_scale_factor': 0.5503076705114054}. Best is trial 21 with value: 0.5622928248946637.
[I 2025-05-13 17:24:46,042] Trial 50 finished with value: 0.5614091976555328 and parameters: {'threshold_scale_factor': 0.9513206009027166}. Best is trial 21 with value: 0.5622928248946637.
[I 2025-05-13 17:25:00,841] Trial 51 finished with value: 0.5622927611201343 and parameters: {'threshold_scale_factor': 0.6402197996924923}. Best is trial 21 with value: 0.5622928248946637.
[I 2025-05-13 17:25:15,526] Trial 52 finished with value: 0.562289512887508 and parameters: {'threshold_scale_factor': 0.6329406841067095}. Best is trial 21 with value: 0.5622928248946637.
[I 2025-05-13 17:25:30,297] Trial 53 finished with value: 0.5621506774945272 and parameters: {'threshold_scale_factor': 0.5691923614482313}. Best is trial 21 with value: 0.5622928248946637.
[I 2025-05-13 17:25:45,082] Trial 54 finished with value: 0.5622464949587678 and parameters: {'threshold_scale_factor': 0.7065076458458431}. Best is trial 21 with value: 0.5622928248946637.
[I 2025-05-13 17:25:59,832] Trial 55 finished with value: 0.5622913025916249 and parameters: {'threshold_scale_factor': 0.6357718945420651}. Best is trial 21 with value: 0.5622928248946637.
[I 2025-05-13 17:26:14,545] Trial 56 finished with value: 0.5622724988975982 and parameters: {'threshold_scale_factor': 0.6162887556612641}. Best is trial 21 with value: 0.5622928248946637.
[I 2025-05-13 17:26:29,246] Trial 57 finished with value: 0.5596808210342961 and parameters: {'threshold_scale_factor': 0.24093065367005728}. Best is trial 21 with value: 0.5622928248946637.
[I 2025-05-13 17:26:43,969] Trial 58 finished with value: 0.561828075543943 and parameters: {'threshold_scale_factor': 0.49599272434522984}. Best is trial 21 with value: 0.5622928248946637.
[I 2025-05-13 17:26:58,913] Trial 59 finished with value: 0.5613492578835455 and parameters: {'threshold_scale_factor': 0.41669101035230527}. Best is trial 21 with value: 0.5622928248946637.
[I 2025-05-13 17:27:13,650] Trial 60 finished with value: 0.5622541124999019 and parameters: {'threshold_scale_factor': 0.6990262138642481}. Best is trial 21 with value: 0.5622928248946637.
[I 2025-05-13 17:27:28,438] Trial 61 finished with value: 0.5622926207659534 and parameters: {'threshold_scale_factor': 0.6404281125021611}. Best is trial 21 with value: 0.5622928248946637.
[I 2025-05-13 17:27:43,202] Trial 62 finished with value: 0.5622341023625136 and parameters: {'threshold_scale_factor': 0.597656397129135}. Best is trial 21 with value: 0.5622928248946637.
[I 2025-05-13 17:27:57,942] Trial 63 finished with value: 0.5622927149212626 and parameters: {'threshold_scale_factor': 0.6415236853984502}. Best is trial 21 with value: 0.5622928248946637.
[I 2025-05-13 17:28:12,714] Trial 64 finished with value: 0.5621873659267629 and parameters: {'threshold_scale_factor': 0.7538367690087323}. Best is trial 21 with value: 0.5622928248946637.
[I 2025-05-13 17:28:27,445] Trial 65 finished with value: 0.5621530763207243 and parameters: {'threshold_scale_factor': 0.5698565531038078}. Best is trial 21 with value: 0.5622928248946637.
[I 2025-05-13 17:28:42,217] Trial 66 finished with value: 0.5618600725309731 and parameters: {'threshold_scale_factor': 0.5023664487159444}. Best is trial 21 with value: 0.5622928248946637.
[I 2025-05-13 17:28:56,963] Trial 67 finished with value: 0.562260572809516 and parameters: {'threshold_scale_factor': 0.6927669053587979}. Best is trial 21 with value: 0.5622928248946637.
[I 2025-05-13 17:29:11,683] Trial 68 finished with value: 0.5622314921262622 and parameters: {'threshold_scale_factor': 0.5966994135867032}. Best is trial 21 with value: 0.5622928248946637.
[I 2025-05-13 17:29:26,446] Trial 69 finished with value: 0.5620724771163368 and parameters: {'threshold_scale_factor': 0.8085796583403313}. Best is trial 21 with value: 0.5622928248946637.
[I 2025-05-13 17:29:41,206] Trial 70 finished with value: 0.5622925504633226 and parameters: {'threshold_scale_factor': 0.6433133605416573}. Best is trial 21 with value: 0.5622928248946637.
[I 2025-05-13 17:29:55,974] Trial 71 finished with value: 0.5622928379508666 and parameters: {'threshold_scale_factor': 0.6413355575099923}. Best is trial 71 with value: 0.5622928379508666.
[I 2025-05-13 17:30:10,678] Trial 72 finished with value: 0.5622170293686102 and parameters: {'threshold_scale_factor': 0.7327540095296108}. Best is trial 71 with value: 0.5622928379508666.
[I 2025-05-13 17:30:25,405] Trial 73 finished with value: 0.5622597138620153 and parameters: {'threshold_scale_factor': 0.6934780132699901}. Best is trial 71 with value: 0.5622928379508666.
[I 2025-05-13 17:30:40,211] Trial 74 finished with value: 0.5557439196541362 and parameters: {'threshold_scale_factor': 0.04284630027750436}. Best is trial 71 with value: 0.5622928379508666.
[I 2025-05-13 17:30:55,172] Trial 75 finished with value: 0.5622925675368187 and parameters: {'threshold_scale_factor': 0.6439023006650096}. Best is trial 71 with value: 0.5622928379508666.
[I 2025-05-13 17:31:09,930] Trial 76 finished with value: 0.5621860972153568 and parameters: {'threshold_scale_factor': 0.5804863986241035}. Best is trial 71 with value: 0.5622928379508666.
[I 2025-05-13 17:31:24,712] Trial 77 finished with value: 0.5620014867751022 and parameters: {'threshold_scale_factor': 0.5313134883383459}. Best is trial 71 with value: 0.5622928379508666.
[I 2025-05-13 17:31:39,481] Trial 78 finished with value: 0.5622561163759622 and parameters: {'threshold_scale_factor': 0.6078469935733535}. Best is trial 71 with value: 0.5622928379508666.
[I 2025-05-13 17:31:54,245] Trial 79 finished with value: 0.5621850426758939 and parameters: {'threshold_scale_factor': 0.7551442343254033}. Best is trial 71 with value: 0.5622928379508666.
[I 2025-05-13 17:32:08,967] Trial 80 finished with value: 0.5622806642970914 and parameters: {'threshold_scale_factor': 0.6720355129869032}. Best is trial 71 with value: 0.5622928379508666.
[I 2025-05-13 17:32:23,727] Trial 81 finished with value: 0.5622932474636914 and parameters: {'threshold_scale_factor': 0.6473480559118929}. Best is trial 81 with value: 0.5622932474636914.
[I 2025-05-13 17:32:38,486] Trial 82 finished with value: 0.5622927935095606 and parameters: {'threshold_scale_factor': 0.6459796030202556}. Best is trial 81 with value: 0.5622932474636914.
[I 2025-05-13 17:32:53,252] Trial 83 finished with value: 0.5622723125956265 and parameters: {'threshold_scale_factor': 0.6806315383519057}. Best is trial 81 with value: 0.5622932474636914.
[I 2025-05-13 17:33:07,998] Trial 84 finished with value: 0.5621340300826213 and parameters: {'threshold_scale_factor': 0.5644308265069344}. Best is trial 81 with value: 0.5622932474636914.
[I 2025-05-13 17:33:22,755] Trial 85 finished with value: 0.5622711661605819 and parameters: {'threshold_scale_factor': 0.615487192449285}. Best is trial 81 with value: 0.5622932474636914.
[I 2025-05-13 17:33:37,516] Trial 86 finished with value: 0.5622319149463707 and parameters: {'threshold_scale_factor': 0.7215245784412396}. Best is trial 81 with value: 0.5622932474636914.
[I 2025-05-13 17:33:52,282] Trial 87 finished with value: 0.5622688248318936 and parameters: {'threshold_scale_factor': 0.6851287305148589}. Best is trial 81 with value: 0.5622932474636914.
[I 2025-05-13 17:34:07,009] Trial 88 finished with value: 0.5620378103868999 and parameters: {'threshold_scale_factor': 0.5399585051240468}. Best is trial 81 with value: 0.5622932474636914.
[I 2025-05-13 17:34:21,768] Trial 89 finished with value: 0.562293338103869 and parameters: {'threshold_scale_factor': 0.6477980973814319}. Best is trial 89 with value: 0.562293338103869.
[I 2025-05-13 17:34:36,540] Trial 90 finished with value: 0.5622145168027995 and parameters: {'threshold_scale_factor': 0.5902815915518781}. Best is trial 89 with value: 0.562293338103869.
[I 2025-05-13 17:34:51,316] Trial 91 finished with value: 0.5622899434911219 and parameters: {'threshold_scale_factor': 0.6585491176098396}. Best is trial 89 with value: 0.562293338103869.
[I 2025-05-13 17:35:06,203] Trial 92 finished with value: 0.5622847649491169 and parameters: {'threshold_scale_factor': 0.6267607298136962}. Best is trial 89 with value: 0.562293338103869.
[I 2025-05-13 17:35:20,949] Trial 93 finished with value: 0.5622937473656129 and parameters: {'threshold_scale_factor': 0.6486382282944487}. Best is trial 93 with value: 0.5622937473656129.
[I 2025-05-13 17:35:35,692] Trial 94 finished with value: 0.5622392703591241 and parameters: {'threshold_scale_factor': 0.713621494479162}. Best is trial 93 with value: 0.5622937473656129.
[I 2025-05-13 17:35:50,481] Trial 95 finished with value: 0.5621711626768354 and parameters: {'threshold_scale_factor': 0.7638228199479977}. Best is trial 93 with value: 0.5622937473656129.
[I 2025-05-13 17:36:05,230] Trial 96 finished with value: 0.5622897225399964 and parameters: {'threshold_scale_factor': 0.6589797472691138}. Best is trial 93 with value: 0.5622937473656129.
[I 2025-05-13 17:36:19,995] Trial 97 finished with value: 0.5621130969721222 and parameters: {'threshold_scale_factor': 0.7934688876598562}. Best is trial 93 with value: 0.5622937473656129.
[I 2025-05-13 17:36:34,736] Trial 98 finished with value: 0.5622566107541056 and parameters: {'threshold_scale_factor': 0.6080601986736947}. Best is trial 93 with value: 0.5622937473656129.
