[I 2025-05-13 16:43:00,601] Trial 0 finished with value: 0.5536914295757519 and parameters: {'interp_param': 0.8444091794781994}. Best is trial 0 with value: 0.5536914295757519.
[I 2025-05-13 16:43:18,584] Trial 1 finished with value: 0.5533595735392196 and parameters: {'interp_param': 0.801688887975672}. Best is trial 0 with value: 0.5536914295757519.
[I 2025-05-13 16:43:36,545] Trial 2 finished with value: 0.5509057651609663 and parameters: {'interp_param': 0.2721716996712885}. Best is trial 0 with value: 0.5536914295757519.
[I 2025-05-13 16:43:54,504] Trial 3 finished with value: 0.5526370633586768 and parameters: {'interp_param': 0.689286629336141}. Best is trial 0 with value: 0.5536914295757519.
[I 2025-05-13 16:44:12,472] Trial 4 finished with value: 0.5512990559047148 and parameters: {'interp_param': 0.3933379251062701}. Best is trial 0 with value: 0.5536914295757519.
[I 2025-05-13 16:44:30,539] Trial 5 finished with value: 0.5548274342207471 and parameters: {'interp_param': 0.9570531224613176}. Best is trial 5 with value: 0.5548274342207471.
[I 2025-05-13 16:44:48,489] Trial 6 finished with value: 0.55272831366272 and parameters: {'interp_param': 0.7053665241893018}. Best is trial 5 with value: 0.5548274342207471.
[I 2025-05-13 16:45:06,330] Trial 7 finished with value: 0.5520616184983798 and parameters: {'interp_param': 0.5784165575274822}. Best is trial 5 with value: 0.5548274342207471.
[I 2025-05-13 16:45:24,278] Trial 8 finished with value: 0.5509115967641959 and parameters: {'interp_param': 0.2740282659694787}. Best is trial 5 with value: 0.5548274342207471.
[I 2025-05-13 16:45:42,215] Trial 9 finished with value: 0.5520183181037122 and parameters: {'interp_param': 0.5690304707929154}. Best is trial 5 with value: 0.5548274342207471.
[I 2025-05-13 16:46:00,149] Trial 10 finished with value: 0.5550098057732897 and parameters: {'interp_param': 0.9697637626109122}. Best is trial 10 with value: 0.5550098057732897.
[I 2025-05-13 16:46:18,102] Trial 11 finished with value: 0.5552156543872451 and parameters: {'interp_param': 0.9820654706056712}. Best is trial 11 with value: 0.5552156543872451.
[I 2025-05-13 16:46:36,071] Trial 12 finished with value: 0.5556347999278143 and parameters: {'interp_param': 0.9967930144266642}. Best is trial 12 with value: 0.5556347999278143.
[I 2025-05-13 16:46:53,981] Trial 13 finished with value: 0.5502887917833801 and parameters: {'interp_param': 0.04919037076299049}. Best is trial 12 with value: 0.5556347999278143.
[I 2025-05-13 16:47:11,919] Trial 14 finished with value: 0.5555394534912004 and parameters: {'interp_param': 0.9992596723847285}. Best is trial 12 with value: 0.5556347999278143.
[I 2025-05-13 16:47:29,846] Trial 15 finished with value: 0.5535428070522326 and parameters: {'interp_param': 0.8259183394877345}. Best is trial 12 with value: 0.5556347999278143.
[I 2025-05-13 16:47:47,764] Trial 16 finished with value: 0.5527450522169652 and parameters: {'interp_param': 0.7081258651031515}. Best is trial 12 with value: 0.5556347999278143.
[I 2025-05-13 16:48:05,734] Trial 17 finished with value: 0.5541510387998336 and parameters: {'interp_param': 0.8965978959341785}. Best is trial 12 with value: 0.5556347999278143.
[I 2025-05-13 16:48:23,658] Trial 18 finished with value: 0.5515156603190295 and parameters: {'interp_param': 0.4517806271481355}. Best is trial 12 with value: 0.5556347999278143.
[I 2025-05-13 16:48:41,734] Trial 19 finished with value: 0.5501789946409936 and parameters: {'interp_param': 0.006292902237041376}. Best is trial 12 with value: 0.5556347999278143.
[I 2025-05-13 16:48:59,698] Trial 20 finished with value: 0.5532480075324246 and parameters: {'interp_param': 0.786088493328287}. Best is trial 12 with value: 0.5556347999278143.
[I 2025-05-13 16:49:17,651] Trial 21 finished with value: 0.5552283475272463 and parameters: {'interp_param': 0.9826330625783268}. Best is trial 12 with value: 0.5556347999278143.
[I 2025-05-13 16:49:35,582] Trial 22 finished with value: 0.5541417570949949 and parameters: {'interp_param': 0.8955012947433194}. Best is trial 12 with value: 0.5556347999278143.
[I 2025-05-13 16:49:53,550] Trial 23 finished with value: 0.5552593924157898 and parameters: {'interp_param': 0.9840947746621659}. Best is trial 12 with value: 0.5556347999278143.
[I 2025-05-13 16:50:11,440] Trial 24 finished with value: 0.5541051374589052 and parameters: {'interp_param': 0.8914893600398998}. Best is trial 12 with value: 0.5556347999278143.
[I 2025-05-13 16:50:29,376] Trial 25 finished with value: 0.5529817908025956 and parameters: {'interp_param': 0.7464178853299477}. Best is trial 12 with value: 0.5556347999278143.
[I 2025-05-13 16:50:47,283] Trial 26 finished with value: 0.5522887951729711 and parameters: {'interp_param': 0.6243797878425215}. Best is trial 12 with value: 0.5556347999278143.
[I 2025-05-13 16:51:05,181] Trial 27 finished with value: 0.554174515108004 and parameters: {'interp_param': 0.8991455450493366}. Best is trial 12 with value: 0.5556347999278143.
[I 2025-05-13 16:51:23,112] Trial 28 finished with value: 0.5544433701951368 and parameters: {'interp_param': 0.9260367792295862}. Best is trial 12 with value: 0.5556347999278143.
[I 2025-05-13 16:51:41,040] Trial 29 finished with value: 0.5555216403110264 and parameters: {'interp_param': 0.9993379869428872}. Best is trial 12 with value: 0.5556347999278143.
[I 2025-05-13 16:51:58,972] Trial 30 finished with value: 0.5534322704768182 and parameters: {'interp_param': 0.8114981281204224}. Best is trial 12 with value: 0.5556347999278143.
[I 2025-05-13 16:52:16,918] Trial 31 finished with value: 0.5555722900925075 and parameters: {'interp_param': 0.9944318440978795}. Best is trial 12 with value: 0.5556347999278143.
[I 2025-05-13 16:52:34,832] Trial 32 finished with value: 0.5536979888112108 and parameters: {'interp_param': 0.8452265967579875}. Best is trial 12 with value: 0.5556347999278143.
[I 2025-05-13 16:52:52,778] Trial 33 finished with value: 0.5555233742752004 and parameters: {'interp_param': 0.9993316928928138}. Best is trial 12 with value: 0.5556347999278143.
[I 2025-05-13 16:53:10,870] Trial 34 finished with value: 0.553877305212281 and parameters: {'interp_param': 0.8661946982287558}. Best is trial 12 with value: 0.5556347999278143.
[I 2025-05-13 16:53:28,805] Trial 35 finished with value: 0.5532672360552063 and parameters: {'interp_param': 0.7887629266172435}. Best is trial 12 with value: 0.5556347999278143.
[I 2025-05-13 16:53:46,738] Trial 36 finished with value: 0.5544309120667874 and parameters: {'interp_param': 0.9248727603279389}. Best is trial 12 with value: 0.5556347999278143.
[I 2025-05-13 16:54:04,698] Trial 37 finished with value: 0.5510716582789978 and parameters: {'interp_param': 0.32599838566190126}. Best is trial 12 with value: 0.5556347999278143.
[I 2025-05-13 16:54:22,641] Trial 38 finished with value: 0.5506288212539918 and parameters: {'interp_param': 0.1757975694577829}. Best is trial 12 with value: 0.5556347999278143.
[I 2025-05-13 16:54:40,557] Trial 39 finished with value: 0.552407109228005 and parameters: {'interp_param': 0.6470998935775049}. Best is trial 12 with value: 0.5556347999278143.
[I 2025-05-13 16:54:58,485] Trial 40 finished with value: 0.5530001754427261 and parameters: {'interp_param': 0.7492576632488357}. Best is trial 12 with value: 0.5556347999278143.
[I 2025-05-13 16:55:16,365] Trial 41 finished with value: 0.5546484884149738 and parameters: {'interp_param': 0.9436591404962698}. Best is trial 12 with value: 0.5556347999278143.
[I 2025-05-13 16:55:34,253] Trial 42 finished with value: 0.5556362466555249 and parameters: {'interp_param': 0.9980777997072858}. Best is trial 42 with value: 0.5556362466555249.
[I 2025-05-13 16:55:52,187] Trial 43 finished with value: 0.5547892440741002 and parameters: {'interp_param': 0.9543274250048137}. Best is trial 42 with value: 0.5556362466555249.
[I 2025-05-13 16:56:10,141] Trial 44 finished with value: 0.5538597629483166 and parameters: {'interp_param': 0.8642095802033363}. Best is trial 42 with value: 0.5556362466555249.
[I 2025-05-13 16:56:28,096] Trial 45 finished with value: 0.5556105184034398 and parameters: {'interp_param': 0.9956818660707516}. Best is trial 42 with value: 0.5556362466555249.
[I 2025-05-13 16:56:46,035] Trial 46 finished with value: 0.554589367668636 and parameters: {'interp_param': 0.9388227680873392}. Best is trial 42 with value: 0.5556362466555249.
[I 2025-05-13 16:57:03,938] Trial 47 finished with value: 0.5537030468344201 and parameters: {'interp_param': 0.8458624015112445}. Best is trial 42 with value: 0.5556362466555249.
[I 2025-05-13 16:57:21,867] Trial 48 finished with value: 0.5545236593147063 and parameters: {'interp_param': 0.9332305717258123}. Best is trial 42 with value: 0.5556362466555249.
[I 2025-05-13 16:57:39,996] Trial 49 finished with value: 0.5517516680083798 and parameters: {'interp_param': 0.5095405705491803}. Best is trial 42 with value: 0.5556362466555249.
[I 2025-05-13 16:57:57,953] Trial 50 finished with value: 0.5540185873878964 and parameters: {'interp_param': 0.882055887967101}. Best is trial 42 with value: 0.5556362466555249.
[I 2025-05-13 16:58:15,913] Trial 51 finished with value: 0.5556284862494016 and parameters: {'interp_param': 0.996462598759439}. Best is trial 42 with value: 0.5556362466555249.
[I 2025-05-13 16:58:33,816] Trial 52 finished with value: 0.5549199693053691 and parameters: {'interp_param': 0.9635661536884003}. Best is trial 42 with value: 0.5556362466555249.
[I 2025-05-13 16:58:51,706] Trial 53 finished with value: 0.5544092538348673 and parameters: {'interp_param': 0.9228232977657114}. Best is trial 42 with value: 0.5556362466555249.
[I 2025-05-13 16:59:09,660] Trial 54 finished with value: 0.5555168338708032 and parameters: {'interp_param': 0.9928118021468004}. Best is trial 42 with value: 0.5556362466555249.
[I 2025-05-13 16:59:27,655] Trial 55 finished with value: 0.5548306003499439 and parameters: {'interp_param': 0.957273473774453}. Best is trial 42 with value: 0.5556362466555249.
[I 2025-05-13 16:59:45,603] Trial 56 finished with value: 0.5534684203406853 and parameters: {'interp_param': 0.8161310602102394}. Best is trial 42 with value: 0.5556362466555249.
[I 2025-05-13 17:00:03,532] Trial 57 finished with value: 0.5542564176729516 and parameters: {'interp_param': 0.9075537614210512}. Best is trial 42 with value: 0.5556362466555249.
[I 2025-05-13 17:00:21,501] Trial 58 finished with value: 0.5549214024747153 and parameters: {'interp_param': 0.9636746977117125}. Best is trial 42 with value: 0.5556362466555249.
[I 2025-05-13 17:00:39,422] Trial 59 finished with value: 0.5529345283525176 and parameters: {'interp_param': 0.7390704180045227}. Best is trial 42 with value: 0.5556362466555249.
[I 2025-05-13 17:00:57,362] Trial 60 finished with value: 0.553915130287409 and parameters: {'interp_param': 0.8704735464016817}. Best is trial 42 with value: 0.5556362466555249.
[I 2025-05-13 17:01:15,280] Trial 61 finished with value: 0.555629522962126 and parameters: {'interp_param': 0.9965435663088932}. Best is trial 42 with value: 0.5556362466555249.
[I 2025-05-13 17:01:33,220] Trial 62 finished with value: 0.555513911541087 and parameters: {'interp_param': 0.9927355569868198}. Best is trial 42 with value: 0.5556362466555249.
[I 2025-05-13 17:01:51,215] Trial 63 finished with value: 0.5548789100581409 and parameters: {'interp_param': 0.9607550429165038}. Best is trial 42 with value: 0.5556362466555249.
[I 2025-05-13 17:02:09,321] Trial 64 finished with value: 0.5554050662461063 and parameters: {'interp_param': 0.9996673820926762}. Best is trial 42 with value: 0.5556362466555249.
[I 2025-05-13 17:02:27,257] Trial 65 finished with value: 0.5541528676725592 and parameters: {'interp_param': 0.8967864320405424}. Best is trial 42 with value: 0.5556362466555249.
[I 2025-05-13 17:02:45,208] Trial 66 finished with value: 0.5544460288899874 and parameters: {'interp_param': 0.9262820092304231}. Best is trial 42 with value: 0.5556362466555249.
[I 2025-05-13 17:03:03,112] Trial 67 finished with value: 0.5536917230892358 and parameters: {'interp_param': 0.8444428460496058}. Best is trial 42 with value: 0.5556362466555249.
[I 2025-05-13 17:03:21,048] Trial 68 finished with value: 0.5549042614379085 and parameters: {'interp_param': 0.9624921951518756}. Best is trial 42 with value: 0.5556362466555249.
[I 2025-05-13 17:03:39,004] Trial 69 finished with value: 0.5504946514448916 and parameters: {'interp_param': 0.12733226083983007}. Best is trial 42 with value: 0.5556362466555249.
[I 2025-05-13 17:03:56,936] Trial 70 finished with value: 0.55427370232799 and parameters: {'interp_param': 0.9092874839680185}. Best is trial 42 with value: 0.5556362466555249.
[I 2025-05-13 17:04:14,898] Trial 71 finished with value: 0.5551867354000424 and parameters: {'interp_param': 0.9806254568249705}. Best is trial 42 with value: 0.5556362466555249.
[I 2025-05-13 17:04:32,860] Trial 72 finished with value: 0.5555926002714812 and parameters: {'interp_param': 0.9950780746813409}. Best is trial 42 with value: 0.5556362466555249.
[I 2025-05-13 17:04:50,773] Trial 73 finished with value: 0.5546115044606077 and parameters: {'interp_param': 0.9406980668406388}. Best is trial 42 with value: 0.5556362466555249.
[I 2025-05-13 17:05:08,697] Trial 74 finished with value: 0.5550643186843365 and parameters: {'interp_param': 0.9734850712530676}. Best is trial 42 with value: 0.5556362466555249.
[I 2025-05-13 17:05:26,623] Trial 75 finished with value: 0.5512955960109533 and parameters: {'interp_param': 0.3924475979905625}. Best is trial 42 with value: 0.5556362466555249.
[I 2025-05-13 17:05:44,595] Trial 76 finished with value: 0.5540206673414463 and parameters: {'interp_param': 0.8822469760367906}. Best is trial 42 with value: 0.5556362466555249.
[I 2025-05-13 17:06:02,489] Trial 77 finished with value: 0.5543056501031786 and parameters: {'interp_param': 0.912499065642211}. Best is trial 42 with value: 0.5556362466555249.
[I 2025-05-13 17:06:20,615] Trial 78 finished with value: 0.5556360585959874 and parameters: {'interp_param': 0.9968542249223629}. Best is trial 42 with value: 0.5556362466555249.
[I 2025-05-13 17:06:38,571] Trial 79 finished with value: 0.5546474720397963 and parameters: {'interp_param': 0.943584573968122}. Best is trial 42 with value: 0.5556362466555249.
[I 2025-05-13 17:06:56,502] Trial 80 finished with value: 0.5550189649506863 and parameters: {'interp_param': 0.9703859533549128}. Best is trial 42 with value: 0.5556362466555249.
[I 2025-05-13 17:07:14,473] Trial 81 finished with value: 0.5556294752567694 and parameters: {'interp_param': 0.9983505379931983}. Best is trial 42 with value: 0.5556362466555249.
[I 2025-05-13 17:07:32,414] Trial 82 finished with value: 0.5556412830857833 and parameters: {'interp_param': 0.997721478091031}. Best is trial 82 with value: 0.5556412830857833.
[I 2025-05-13 17:07:50,347] Trial 83 finished with value: 0.5546315045547632 and parameters: {'interp_param': 0.9422826169745048}. Best is trial 82 with value: 0.5556412830857833.
[I 2025-05-13 17:08:08,352] Trial 84 finished with value: 0.5550804435970467 and parameters: {'interp_param': 0.9745656934871398}. Best is trial 82 with value: 0.5556412830857833.
[I 2025-05-13 17:08:26,299] Trial 85 finished with value: 0.5556156831359995 and parameters: {'interp_param': 0.995878766205141}. Best is trial 82 with value: 0.5556412830857833.
[I 2025-05-13 17:08:44,251] Trial 86 finished with value: 0.5542804970772623 and parameters: {'interp_param': 0.9099862295810446}. Best is trial 82 with value: 0.5556412830857833.
[I 2025-05-13 17:09:02,194] Trial 87 finished with value: 0.5538478868253184 and parameters: {'interp_param': 0.8628673711190941}. Best is trial 82 with value: 0.5556412830857833.
[I 2025-05-13 17:09:20,120] Trial 88 finished with value: 0.5546682178440003 and parameters: {'interp_param': 0.9452139305783082}. Best is trial 82 with value: 0.5556412830857833.
[I 2025-05-13 17:09:38,073] Trial 89 finished with value: 0.555043148553539 and parameters: {'interp_param': 0.9720918078992992}. Best is trial 82 with value: 0.5556412830857833.
[I 2025-05-13 17:09:56,013] Trial 90 finished with value: 0.5544262683269386 and parameters: {'interp_param': 0.9244516381461118}. Best is trial 82 with value: 0.5556412830857833.
[I 2025-05-13 17:10:13,882] Trial 91 finished with value: 0.5556412916225313 and parameters: {'interp_param': 0.9977472855612546}. Best is trial 91 with value: 0.5556412916225313.
[I 2025-05-13 17:10:31,811] Trial 92 finished with value: 0.5556308682531836 and parameters: {'interp_param': 0.9983105271300423}. Best is trial 91 with value: 0.5556412916225313.
[I 2025-05-13 17:10:49,908] Trial 93 finished with value: 0.5547867643998776 and parameters: {'interp_param': 0.9541310789356457}. Best is trial 91 with value: 0.5556412916225313.
[I 2025-05-13 17:11:07,838] Trial 94 finished with value: 0.5551129392305942 and parameters: {'interp_param': 0.9765892691842639}. Best is trial 91 with value: 0.5556412916225313.
[I 2025-05-13 17:11:25,732] Trial 95 finished with value: 0.5556243589828088 and parameters: {'interp_param': 0.9984623551267675}. Best is trial 91 with value: 0.5556412916225313.
[I 2025-05-13 17:11:43,653] Trial 96 finished with value: 0.5540552122966833 and parameters: {'interp_param': 0.885888650911409}. Best is trial 91 with value: 0.5556412916225313.
[I 2025-05-13 17:12:01,578] Trial 97 finished with value: 0.554620329198346 and parameters: {'interp_param': 0.9413920565741497}. Best is trial 91 with value: 0.5556412916225313.
[I 2025-05-13 17:12:19,491] Trial 98 finished with value: 0.5519117302764243 and parameters: {'interp_param': 0.5458686019419334}. Best is trial 91 with value: 0.5556412916225313.
