[I 2025-05-13 17:12:32,303] Trial 0 finished with value: 0.5622777643135687 and parameters: {'threshold_scale_factor': 0.25578838213692134}. Best is trial 0 with value: 0.5622777643135687.
[I 2025-05-13 17:12:46,655] Trial 1 finished with value: 0.5652541562507356 and parameters: {'threshold_scale_factor': 0.881533453863074}. Best is trial 1 with value: 0.5652541562507356.
[I 2025-05-13 17:13:00,976] Trial 2 finished with value: 0.5656045018791831 and parameters: {'threshold_scale_factor': 0.615723355746623}. Best is trial 2 with value: 0.5656045018791831.
[I 2025-05-13 17:13:15,300] Trial 3 finished with value: 0.5643528237961851 and parameters: {'threshold_scale_factor': 0.9959443191521602}. Best is trial 2 with value: 0.5656045018791831.
[I 2025-05-13 17:13:29,583] Trial 4 finished with value: 0.5638712414848293 and parameters: {'threshold_scale_factor': 0.3751057845056396}. Best is trial 2 with value: 0.5656045018791831.
[I 2025-05-13 17:13:43,897] Trial 5 finished with value: 0.5644012055645788 and parameters: {'threshold_scale_factor': 0.43231180896411303}. Best is trial 2 with value: 0.5656045018791831.
[I 2025-05-13 17:13:58,243] Trial 6 finished with value: 0.5582782426225392 and parameters: {'threshold_scale_factor': 0.059763209050540556}. Best is trial 2 with value: 0.5656045018791831.
[I 2025-05-13 17:14:12,566] Trial 7 finished with value: 0.5648976034021452 and parameters: {'threshold_scale_factor': 0.49792162582894295}. Best is trial 2 with value: 0.5656045018791831.
[I 2025-05-13 17:14:26,879] Trial 8 finished with value: 0.5642408138784926 and parameters: {'threshold_scale_factor': 0.41341591183465876}. Best is trial 2 with value: 0.5656045018791831.
[I 2025-05-13 17:14:41,342] Trial 9 finished with value: 0.5606055248452322 and parameters: {'threshold_scale_factor': 0.16081130698234625}. Best is trial 2 with value: 0.5656045018791831.
[I 2025-05-13 17:14:55,692] Trial 10 finished with value: 0.5658100389018352 and parameters: {'threshold_scale_factor': 0.7171132390625825}. Best is trial 10 with value: 0.5658100389018352.
[I 2025-05-13 17:15:09,938] Trial 11 finished with value: 0.565810880524759 and parameters: {'threshold_scale_factor': 0.72054748920395}. Best is trial 11 with value: 0.565810880524759.
[I 2025-05-13 17:15:24,244] Trial 12 finished with value: 0.5657968300418207 and parameters: {'threshold_scale_factor': 0.7508235207238453}. Best is trial 11 with value: 0.565810880524759.
[I 2025-05-13 17:15:38,527] Trial 13 finished with value: 0.5657500099961553 and parameters: {'threshold_scale_factor': 0.6625120043304298}. Best is trial 11 with value: 0.565810880524759.
[I 2025-05-13 17:15:52,799] Trial 14 finished with value: 0.5657365058650912 and parameters: {'threshold_scale_factor': 0.7859589689169868}. Best is trial 11 with value: 0.565810880524759.
[I 2025-05-13 17:16:07,099] Trial 15 finished with value: 0.5655037682523991 and parameters: {'threshold_scale_factor': 0.5943116910589052}. Best is trial 11 with value: 0.565810880524759.
[I 2025-05-13 17:16:21,380] Trial 16 finished with value: 0.5653739064880854 and parameters: {'threshold_scale_factor': 0.8629318760956124}. Best is trial 11 with value: 0.565810880524759.
[I 2025-05-13 17:16:35,723] Trial 17 finished with value: 0.5658076857723482 and parameters: {'threshold_scale_factor': 0.7129664920324603}. Best is trial 11 with value: 0.565810880524759.
[I 2025-05-13 17:16:50,056] Trial 18 finished with value: 0.5649301957018101 and parameters: {'threshold_scale_factor': 0.9266872251918675}. Best is trial 11 with value: 0.565810880524759.
[I 2025-05-13 17:17:04,383] Trial 19 finished with value: 0.5652703233450243 and parameters: {'threshold_scale_factor': 0.5539438175335845}. Best is trial 11 with value: 0.565810880524759.
[I 2025-05-13 17:17:18,688] Trial 20 finished with value: 0.5656597037560123 and parameters: {'threshold_scale_factor': 0.8074239278418757}. Best is trial 11 with value: 0.565810880524759.
[I 2025-05-13 17:17:32,979] Trial 21 finished with value: 0.5658049042989745 and parameters: {'threshold_scale_factor': 0.7078804490954003}. Best is trial 11 with value: 0.565810880524759.
[I 2025-05-13 17:17:47,291] Trial 22 finished with value: 0.5658102382600099 and parameters: {'threshold_scale_factor': 0.7281511552286626}. Best is trial 11 with value: 0.565810880524759.
[I 2025-05-13 17:18:01,654] Trial 23 finished with value: 0.565041206568902 and parameters: {'threshold_scale_factor': 0.5195543332365342}. Best is trial 11 with value: 0.565810880524759.
[I 2025-05-13 17:18:15,959] Trial 24 finished with value: 0.5657132002918814 and parameters: {'threshold_scale_factor': 0.6462240068231724}. Best is trial 11 with value: 0.565810880524759.
[I 2025-05-13 17:18:30,266] Trial 25 finished with value: 0.5655241833831572 and parameters: {'threshold_scale_factor': 0.8358954030973911}. Best is trial 11 with value: 0.565810880524759.
[I 2025-05-13 17:18:44,724] Trial 26 finished with value: 0.5649304241853604 and parameters: {'threshold_scale_factor': 0.9266555802855521}. Best is trial 11 with value: 0.565810880524759.
[I 2025-05-13 17:18:59,038] Trial 27 finished with value: 0.5658035346530769 and parameters: {'threshold_scale_factor': 0.7030890683290849}. Best is trial 11 with value: 0.565810880524759.
[I 2025-05-13 17:19:13,353] Trial 28 finished with value: 0.5657918013950678 and parameters: {'threshold_scale_factor': 0.7556482774169035}. Best is trial 11 with value: 0.565810880524759.
[I 2025-05-13 17:19:27,681] Trial 29 finished with value: 0.563426762391231 and parameters: {'threshold_scale_factor': 0.33549141769019497}. Best is trial 11 with value: 0.565810880524759.
[I 2025-05-13 17:19:42,044] Trial 30 finished with value: 0.5653817334306271 and parameters: {'threshold_scale_factor': 0.572202412829195}. Best is trial 11 with value: 0.565810880524759.
[I 2025-05-13 17:19:56,389] Trial 31 finished with value: 0.5657934050482939 and parameters: {'threshold_scale_factor': 0.6910917616012068}. Best is trial 11 with value: 0.565810880524759.
[I 2025-05-13 17:20:10,676] Trial 32 finished with value: 0.5658064800822289 and parameters: {'threshold_scale_factor': 0.7381050986231693}. Best is trial 11 with value: 0.565810880524759.
[I 2025-05-13 17:20:25,030] Trial 33 finished with value: 0.5656256300794827 and parameters: {'threshold_scale_factor': 0.6208510204005391}. Best is trial 11 with value: 0.565810880524759.
[I 2025-05-13 17:20:39,372] Trial 34 finished with value: 0.5651226657251136 and parameters: {'threshold_scale_factor': 0.9008118617040389}. Best is trial 11 with value: 0.565810880524759.
[I 2025-05-13 17:20:53,729] Trial 35 finished with value: 0.5655814318197867 and parameters: {'threshold_scale_factor': 0.8247421251501071}. Best is trial 11 with value: 0.565810880524759.
[I 2025-05-13 17:21:08,073] Trial 36 finished with value: 0.5649947131793894 and parameters: {'threshold_scale_factor': 0.5125621575593808}. Best is trial 11 with value: 0.565810880524759.
[I 2025-05-13 17:21:22,421] Trial 37 finished with value: 0.5657182932153253 and parameters: {'threshold_scale_factor': 0.6480274979435344}. Best is trial 11 with value: 0.565810880524759.
[I 2025-05-13 17:21:36,737] Trial 38 finished with value: 0.5646865820210437 and parameters: {'threshold_scale_factor': 0.9577642820226413}. Best is trial 11 with value: 0.565810880524759.
[I 2025-05-13 17:21:51,073] Trial 39 finished with value: 0.5657175771328139 and parameters: {'threshold_scale_factor': 0.7923174115490752}. Best is trial 11 with value: 0.565810880524759.
[I 2025-05-13 17:22:05,436] Trial 40 finished with value: 0.5646245140879882 and parameters: {'threshold_scale_factor': 0.4604082465884506}. Best is trial 11 with value: 0.565810880524759.
[I 2025-05-13 17:22:19,780] Trial 41 finished with value: 0.5658064793289865 and parameters: {'threshold_scale_factor': 0.7381032182651485}. Best is trial 11 with value: 0.565810880524759.
[I 2025-05-13 17:22:34,245] Trial 42 finished with value: 0.5658094501173019 and parameters: {'threshold_scale_factor': 0.7292847601664354}. Best is trial 11 with value: 0.565810880524759.
[I 2025-05-13 17:22:48,547] Trial 43 finished with value: 0.565323551726573 and parameters: {'threshold_scale_factor': 0.8709326646484143}. Best is trial 11 with value: 0.565810880524759.
[I 2025-05-13 17:23:02,832] Trial 44 finished with value: 0.5657653947225949 and parameters: {'threshold_scale_factor': 0.6714889458140556}. Best is trial 11 with value: 0.565810880524759.
[I 2025-05-13 17:23:17,141] Trial 45 finished with value: 0.5657646728652246 and parameters: {'threshold_scale_factor': 0.7737508518126177}. Best is trial 11 with value: 0.565810880524759.
[I 2025-05-13 17:23:31,411] Trial 46 finished with value: 0.5655387227204608 and parameters: {'threshold_scale_factor': 0.6012249570549338}. Best is trial 11 with value: 0.565810880524759.
[I 2025-05-13 17:23:45,757] Trial 47 finished with value: 0.5658105337821403 and parameters: {'threshold_scale_factor': 0.7192862568091201}. Best is trial 11 with value: 0.565810880524759.
[I 2025-05-13 17:24:00,010] Trial 48 finished with value: 0.557410553491985 and parameters: {'threshold_scale_factor': 0.030180864673757246}. Best is trial 11 with value: 0.565810880524759.
[I 2025-05-13 17:24:14,344] Trial 49 finished with value: 0.5655246503934908 and parameters: {'threshold_scale_factor': 0.8358080194545813}. Best is trial 11 with value: 0.565810880524759.
[I 2025-05-13 17:24:28,666] Trial 50 finished with value: 0.5644143852992177 and parameters: {'threshold_scale_factor': 0.9892444674069226}. Best is trial 11 with value: 0.565810880524759.
[I 2025-05-13 17:24:42,957] Trial 51 finished with value: 0.5658076857723482 and parameters: {'threshold_scale_factor': 0.7121553949231544}. Best is trial 11 with value: 0.565810880524759.
[I 2025-05-13 17:24:57,265] Trial 52 finished with value: 0.5656732201900367 and parameters: {'threshold_scale_factor': 0.6328939465181991}. Best is trial 11 with value: 0.565810880524759.
[I 2025-05-13 17:25:11,510] Trial 53 finished with value: 0.5605930343274564 and parameters: {'threshold_scale_factor': 0.16018775231930393}. Best is trial 11 with value: 0.565810880524759.
[I 2025-05-13 17:25:25,821] Trial 54 finished with value: 0.5653173093551147 and parameters: {'threshold_scale_factor': 0.5613366991544579}. Best is trial 11 with value: 0.565810880524759.
[I 2025-05-13 17:25:40,135] Trial 55 finished with value: 0.565810263870254 and parameters: {'threshold_scale_factor': 0.7283992848161001}. Best is trial 11 with value: 0.565810880524759.
[I 2025-05-13 17:25:54,436] Trial 56 finished with value: 0.5657930510243314 and parameters: {'threshold_scale_factor': 0.7548482080141298}. Best is trial 11 with value: 0.565810880524759.
[I 2025-05-13 17:26:08,741] Trial 57 finished with value: 0.5657416791343989 and parameters: {'threshold_scale_factor': 0.7842425495019035}. Best is trial 11 with value: 0.565810880524759.
[I 2025-05-13 17:26:23,023] Trial 58 finished with value: 0.5657644496543716 and parameters: {'threshold_scale_factor': 0.6710008492853957}. Best is trial 11 with value: 0.565810880524759.
[I 2025-05-13 17:26:37,428] Trial 59 finished with value: 0.5654041991384788 and parameters: {'threshold_scale_factor': 0.8577049874612046}. Best is trial 11 with value: 0.565810880524759.
[I 2025-05-13 17:26:51,742] Trial 60 finished with value: 0.5658092557807437 and parameters: {'threshold_scale_factor': 0.7294142514262776}. Best is trial 11 with value: 0.565810880524759.
[I 2025-05-13 17:27:06,059] Trial 61 finished with value: 0.565780807570087 and parameters: {'threshold_scale_factor': 0.6813650640350797}. Best is trial 11 with value: 0.565810880524759.
[I 2025-05-13 17:27:20,393] Trial 62 finished with value: 0.5658093951306012 and parameters: {'threshold_scale_factor': 0.7304174958392066}. Best is trial 11 with value: 0.565810880524759.
[I 2025-05-13 17:27:34,690] Trial 63 finished with value: 0.56568017663536 and parameters: {'threshold_scale_factor': 0.8026683933730787}. Best is trial 11 with value: 0.565810880524759.
[I 2025-05-13 17:27:48,978] Trial 64 finished with value: 0.5655341623394456 and parameters: {'threshold_scale_factor': 0.6002706819165216}. Best is trial 11 with value: 0.565810880524759.
[I 2025-05-13 17:28:03,252] Trial 65 finished with value: 0.5657929980462774 and parameters: {'threshold_scale_factor': 0.7548884045315}. Best is trial 11 with value: 0.565810880524759.
[I 2025-05-13 17:28:17,574] Trial 66 finished with value: 0.565800022534504 and parameters: {'threshold_scale_factor': 0.6975079796556013}. Best is trial 11 with value: 0.565810880524759.
[I 2025-05-13 17:28:31,878] Trial 67 finished with value: 0.5656980581095183 and parameters: {'threshold_scale_factor': 0.6408198265246453}. Best is trial 11 with value: 0.565810880524759.
[I 2025-05-13 17:28:46,114] Trial 68 finished with value: 0.5656343895362066 and parameters: {'threshold_scale_factor': 0.8133794290076202}. Best is trial 11 with value: 0.565810880524759.
[I 2025-05-13 17:29:00,441] Trial 69 finished with value: 0.5652298152202057 and parameters: {'threshold_scale_factor': 0.8852892087943691}. Best is trial 11 with value: 0.565810880524759.
[I 2025-05-13 17:29:14,731] Trial 70 finished with value: 0.5651945720091959 and parameters: {'threshold_scale_factor': 0.5423771942094255}. Best is trial 11 with value: 0.565810880524759.
[I 2025-05-13 17:29:29,026] Trial 71 finished with value: 0.5658106219115098 and parameters: {'threshold_scale_factor': 0.7268028716971063}. Best is trial 11 with value: 0.565810880524759.
[I 2025-05-13 17:29:43,338] Trial 72 finished with value: 0.5658113683748008 and parameters: {'threshold_scale_factor': 0.7215025121225997}. Best is trial 72 with value: 0.5658113683748008.
[I 2025-05-13 17:29:57,612] Trial 73 finished with value: 0.5657622090090938 and parameters: {'threshold_scale_factor': 0.7751714008009287}. Best is trial 72 with value: 0.5658113683748008.
[I 2025-05-13 17:30:11,839] Trial 74 finished with value: 0.5657597042267888 and parameters: {'threshold_scale_factor': 0.6682798382700537}. Best is trial 72 with value: 0.5658113683748008.
[I 2025-05-13 17:30:26,297] Trial 75 finished with value: 0.5657950930646768 and parameters: {'threshold_scale_factor': 0.6927305063346894}. Best is trial 72 with value: 0.5658113683748008.
[I 2025-05-13 17:30:40,580] Trial 76 finished with value: 0.5658103492377343 and parameters: {'threshold_scale_factor': 0.718886774923363}. Best is trial 72 with value: 0.5658113683748008.
[I 2025-05-13 17:30:54,841] Trial 77 finished with value: 0.5656282694411098 and parameters: {'threshold_scale_factor': 0.6214830736596901}. Best is trial 72 with value: 0.5658113683748008.
[I 2025-05-13 17:31:09,083] Trial 78 finished with value: 0.5637306103617918 and parameters: {'threshold_scale_factor': 0.3617765064052187}. Best is trial 72 with value: 0.5658113683748008.
[I 2025-05-13 17:31:23,330] Trial 79 finished with value: 0.5654395623661229 and parameters: {'threshold_scale_factor': 0.582427584779296}. Best is trial 72 with value: 0.5658113683748008.
[I 2025-05-13 17:31:37,600] Trial 80 finished with value: 0.565474330281132 and parameters: {'threshold_scale_factor': 0.8450893502573709}. Best is trial 72 with value: 0.5658113683748008.
[I 2025-05-13 17:31:51,845] Trial 81 finished with value: 0.5658079418747891 and parameters: {'threshold_scale_factor': 0.7136927865775209}. Best is trial 72 with value: 0.5658113683748008.
[I 2025-05-13 17:32:06,089] Trial 82 finished with value: 0.56578519068804 and parameters: {'threshold_scale_factor': 0.7607147728527229}. Best is trial 72 with value: 0.5658113683748008.
[I 2025-05-13 17:32:20,341] Trial 83 finished with value: 0.5658104218000926 and parameters: {'threshold_scale_factor': 0.7266868094190035}. Best is trial 72 with value: 0.5658113683748008.
[I 2025-05-13 17:32:34,627] Trial 84 finished with value: 0.5657190311418685 and parameters: {'threshold_scale_factor': 0.7919307884713351}. Best is trial 72 with value: 0.5658113683748008.
[I 2025-05-13 17:32:48,915] Trial 85 finished with value: 0.5657165529741308 and parameters: {'threshold_scale_factor': 0.6473516875728889}. Best is trial 72 with value: 0.5658113683748008.
[I 2025-05-13 17:33:03,215] Trial 86 finished with value: 0.5657465551240104 and parameters: {'threshold_scale_factor': 0.660562877736211}. Best is trial 72 with value: 0.5658113683748008.
[I 2025-05-13 17:33:17,450] Trial 87 finished with value: 0.5656121656191888 and parameters: {'threshold_scale_factor': 0.8181144140092621}. Best is trial 72 with value: 0.5658113683748008.
[I 2025-05-13 17:33:31,692] Trial 88 finished with value: 0.5647171732065375 and parameters: {'threshold_scale_factor': 0.47301532413060654}. Best is trial 72 with value: 0.5658113683748008.
[I 2025-05-13 17:33:45,947] Trial 89 finished with value: 0.5658100753085549 and parameters: {'threshold_scale_factor': 0.717332133366316}. Best is trial 72 with value: 0.5658113683748008.
[I 2025-05-13 17:34:00,264] Trial 90 finished with value: 0.5658030063790223 and parameters: {'threshold_scale_factor': 0.7436705802855378}. Best is trial 72 with value: 0.5658113683748008.
[I 2025-05-13 17:34:14,540] Trial 91 finished with value: 0.565810610110711 and parameters: {'threshold_scale_factor': 0.7193737025804364}. Best is trial 72 with value: 0.5658113683748008.
[I 2025-05-13 17:34:28,910] Trial 92 finished with value: 0.5658010138015991 and parameters: {'threshold_scale_factor': 0.6987409722248596}. Best is trial 72 with value: 0.5658113683748008.
[I 2025-05-13 17:34:43,167] Trial 93 finished with value: 0.5657683230782509 and parameters: {'threshold_scale_factor': 0.7714852887386273}. Best is trial 72 with value: 0.5658113683748008.
[I 2025-05-13 17:34:57,448] Trial 94 finished with value: 0.5657823946519784 and parameters: {'threshold_scale_factor': 0.6829634411464861}. Best is trial 72 with value: 0.5658113683748008.
[I 2025-05-13 17:35:11,632] Trial 95 finished with value: 0.5658095063594064 and parameters: {'threshold_scale_factor': 0.7156194134119036}. Best is trial 72 with value: 0.5658113683748008.
[I 2025-05-13 17:35:25,917] Trial 96 finished with value: 0.565631364765514 and parameters: {'threshold_scale_factor': 0.6222326788452682}. Best is trial 72 with value: 0.5658113683748008.
[I 2025-05-13 17:35:40,180] Trial 97 finished with value: 0.5658093348712034 and parameters: {'threshold_scale_factor': 0.7295156045421731}. Best is trial 72 with value: 0.5658113683748008.
[I 2025-05-13 17:35:54,462] Trial 98 finished with value: 0.5657636060228013 and parameters: {'threshold_scale_factor': 0.7743903511099188}. Best is trial 72 with value: 0.5658113683748008.
