[I 2025-05-13 17:12:17,977] Trial 99 finished with value: 0.5639131119742015 and parameters: {'interp_param': 0.8670948370065048}. Best is trial 92 with value: 0.5651959539580538.
Best hyperparameters: {'interp_param': 0.9855842438198377}
Best optimized value: 0.5651959539580538
Tuning threshold scale factor for offline LSET using optuna
  0%|          | 0/100 [00:00<?, ?it/s]                                         0%|          | 0/100 [00:14<?, ?it/s]Best trial: 0. Best value: 0.562278:   0%|          | 0/100 [00:14<?, ?it/s]Best trial: 0. Best value: 0.562278:   1%|          | 1/100 [00:14<23:38, 14.32s/it]                                                                                    Best trial: 0. Best value: 0.562278:   1%|          | 1/100 [00:28<23:38, 14.32s/it]Best trial: 1. Best value: 0.565254:   1%|          | 1/100 [00:28<23:38, 14.32s/it]Best trial: 1. Best value: 0.565254:   2%|▏         | 2/100 [00:28<23:25, 14.34s/it]                                                                                    Best trial: 1. Best value: 0.565254:   2%|▏         | 2/100 [00:42<23:25, 14.34s/it]Best trial: 2. Best value: 0.565605:   2%|▏         | 2/100 [00:42<23:25, 14.34s/it]Best trial: 2. Best value: 0.565605:   3%|▎         | 3/100 [00:42<23:10, 14.33s/it]                                                                                    Best trial: 2. Best value: 0.565605:   3%|▎         | 3/100 [00:57<23:10, 14.33s/it]Best trial: 2. Best value: 0.565605:   3%|▎         | 3/100 [00:57<23:10, 14.33s/it]Best trial: 2. Best value: 0.565605:   4%|▍         | 4/100 [00:57<22:55, 14.33s/it]                                                                                    Best trial: 2. Best value: 0.565605:   4%|▍         | 4/100 [01:11<22:55, 14.33s/it]Best trial: 2. Best value: 0.565605:   4%|▍         | 4/100 [01:11<22:55, 14.33s/it]Best trial: 2. Best value: 0.565605:   5%|▌         | 5/100 [01:11<22:39, 14.31s/it]                                                                                    Best trial: 2. Best value: 0.565605:   5%|▌         | 5/100 [01:25<22:39, 14.31s/it]Best trial: 2. Best value: 0.565605:   5%|▌         | 5/100 [01:25<22:39, 14.31s/it]Best trial: 2. Best value: 0.565605:   6%|▌         | 6/100 [01:25<22:25, 14.31s/it]                                                                                    Best trial: 2. Best value: 0.565605:   6%|▌         | 6/100 [01:40<22:25, 14.31s/it]Best trial: 2. Best value: 0.565605:   6%|▌         | 6/100 [01:40<22:25, 14.31s/it]Best trial: 2. Best value: 0.565605:   7%|▋         | 7/100 [01:40<22:12, 14.32s/it]                                                                                    Best trial: 2. Best value: 0.565605:   7%|▋         | 7/100 [01:54<22:12, 14.32s/it]Best trial: 2. Best value: 0.565605:   7%|▋         | 7/100 [01:54<22:12, 14.32s/it]Best trial: 2. Best value: 0.565605:   8%|▊         | 8/100 [01:54<21:57, 14.32s/it]                                                                                    Best trial: 2. Best value: 0.565605:   8%|▊         | 8/100 [02:08<21:57, 14.32s/it]Best trial: 2. Best value: 0.565605:   8%|▊         | 8/100 [02:08<21:57, 14.32s/it]Best trial: 2. Best value: 0.565605:   9%|▉         | 9/100 [02:08<21:43, 14.32s/it]                                                                                    Best trial: 2. Best value: 0.565605:   9%|▉         | 9/100 [02:23<21:43, 14.32s/it]Best trial: 2. Best value: 0.565605:   9%|▉         | 9/100 [02:23<21:43, 14.32s/it]Best trial: 2. Best value: 0.565605:  10%|█         | 10/100 [02:23<21:32, 14.36s/it]                                                                                     Best trial: 2. Best value: 0.565605:  10%|█         | 10/100 [02:37<21:32, 14.36s/it]Best trial: 10. Best value: 0.56581:  10%|█         | 10/100 [02:37<21:32, 14.36s/it]Best trial: 10. Best value: 0.56581:  11%|█         | 11/100 [02:37<21:18, 14.36s/it]                                                                                     Best trial: 10. Best value: 0.56581:  11%|█         | 11/100 [02:51<21:18, 14.36s/it]Best trial: 11. Best value: 0.565811:  11%|█         | 11/100 [02:51<21:18, 14.36s/it]Best trial: 11. Best value: 0.565811:  12%|█▏        | 12/100 [02:51<21:00, 14.33s/it]                                                                                      Best trial: 11. Best value: 0.565811:  12%|█▏        | 12/100 [03:06<21:00, 14.33s/it]Best trial: 11. Best value: 0.565811:  12%|█▏        | 12/100 [03:06<21:00, 14.33s/it]Best trial: 11. Best value: 0.565811:  13%|█▎        | 13/100 [03:06<20:45, 14.32s/it]                                                                                      Best trial: 11. Best value: 0.565811:  13%|█▎        | 13/100 [03:20<20:45, 14.32s/it]Best trial: 11. Best value: 0.565811:  13%|█▎        | 13/100 [03:20<20:45, 14.32s/it]Best trial: 11. Best value: 0.565811:  14%|█▍        | 14/100 [03:20<20:30, 14.31s/it]                                                                                      Best trial: 11. Best value: 0.565811:  14%|█▍        | 14/100 [03:34<20:30, 14.31s/it]Best trial: 11. Best value: 0.565811:  14%|█▍        | 14/100 [03:34<20:30, 14.31s/it]Best trial: 11. Best value: 0.565811:  15%|█▌        | 15/100 [03:34<20:15, 14.30s/it]                                                                                      Best trial: 11. Best value: 0.565811:  15%|█▌        | 15/100 [03:49<20:15, 14.30s/it]Best trial: 11. Best value: 0.565811:  15%|█▌        | 15/100 [03:49<20:15, 14.30s/it]Best trial: 11. Best value: 0.565811:  16%|█▌        | 16/100 [03:49<20:01, 14.30s/it]                                                                                      Best trial: 11. Best value: 0.565811:  16%|█▌        | 16/100 [04:03<20:01, 14.30s/it]Best trial: 11. Best value: 0.565811:  16%|█▌        | 16/100 [04:03<20:01, 14.30s/it]Best trial: 11. Best value: 0.565811:  17%|█▋        | 17/100 [04:03<19:46, 14.29s/it]                                                                                      Best trial: 11. Best value: 0.565811:  17%|█▋        | 17/100 [04:17<19:46, 14.29s/it]Best trial: 11. Best value: 0.565811:  17%|█▋        | 17/100 [04:17<19:46, 14.29s/it]Best trial: 11. Best value: 0.565811:  18%|█▊        | 18/100 [04:17<19:33, 14.31s/it]                                                                                      Best trial: 11. Best value: 0.565811:  18%|█▊        | 18/100 [04:32<19:33, 14.31s/it]Best trial: 11. Best value: 0.565811:  18%|█▊        | 18/100 [04:32<19:33, 14.31s/it]Best trial: 11. Best value: 0.565811:  19%|█▉        | 19/100 [04:32<19:19, 14.32s/it]                                                                                      Best trial: 11. Best value: 0.565811:  19%|█▉        | 19/100 [04:46<19:19, 14.32s/it]Best trial: 11. Best value: 0.565811:  19%|█▉        | 19/100 [04:46<19:19, 14.32s/it]Best trial: 11. Best value: 0.565811:  20%|██        | 20/100 [04:46<19:05, 14.32s/it]                                                                                      Best trial: 11. Best value: 0.565811:  20%|██        | 20/100 [05:00<19:05, 14.32s/it]Best trial: 11. Best value: 0.565811:  20%|██        | 20/100 [05:00<19:05, 14.32s/it]Best trial: 11. Best value: 0.565811:  21%|██        | 21/100 [05:00<18:50, 14.31s/it]                                                                                      Best trial: 11. Best value: 0.565811:  21%|██        | 21/100 [05:15<18:50, 14.31s/it]Best trial: 11. Best value: 0.565811:  21%|██        | 21/100 [05:15<18:50, 14.31s/it]Best trial: 11. Best value: 0.565811:  22%|██▏       | 22/100 [05:15<18:36, 14.31s/it]                                                                                      Best trial: 11. Best value: 0.565811:  22%|██▏       | 22/100 [05:29<18:36, 14.31s/it]Best trial: 11. Best value: 0.565811:  22%|██▏       | 22/100 [05:29<18:36, 14.31s/it]Best trial: 11. Best value: 0.565811:  23%|██▎       | 23/100 [05:29<18:21, 14.31s/it]                                                                                      Best trial: 11. Best value: 0.565811:  23%|██▎       | 23/100 [05:43<18:21, 14.31s/it]Best trial: 11. Best value: 0.565811:  23%|██▎       | 23/100 [05:43<18:21, 14.31s/it]Best trial: 11. Best value: 0.565811:  24%|██▍       | 24/100 [05:43<18:08, 14.33s/it]                                                                                      Best trial: 11. Best value: 0.565811:  24%|██▍       | 24/100 [05:57<18:08, 14.33s/it]Best trial: 11. Best value: 0.565811:  24%|██▍       | 24/100 [05:57<18:08, 14.33s/it]Best trial: 11. Best value: 0.565811:  25%|██▌       | 25/100 [05:57<17:53, 14.32s/it]                                                                                      Best trial: 11. Best value: 0.565811:  25%|██▌       | 25/100 [06:12<17:53, 14.32s/it]Best trial: 11. Best value: 0.565811:  25%|██▌       | 25/100 [06:12<17:53, 14.32s/it]Best trial: 11. Best value: 0.565811:  26%|██▌       | 26/100 [06:12<17:39, 14.32s/it]                                                                                      Best trial: 11. Best value: 0.565811:  26%|██▌       | 26/100 [06:26<17:39, 14.32s/it]Best trial: 11. Best value: 0.565811:  26%|██▌       | 26/100 [06:26<17:39, 14.32s/it]Best trial: 11. Best value: 0.565811:  27%|██▋       | 27/100 [06:26<17:28, 14.36s/it]                                                                                      Best trial: 11. Best value: 0.565811:  27%|██▋       | 27/100 [06:41<17:28, 14.36s/it]Best trial: 11. Best value: 0.565811:  27%|██▋       | 27/100 [06:41<17:28, 14.36s/it]Best trial: 11. Best value: 0.565811:  28%|██▊       | 28/100 [06:41<17:12, 14.35s/it]                                                                                      Best trial: 11. Best value: 0.565811:  28%|██▊       | 28/100 [06:55<17:12, 14.35s/it]Best trial: 11. Best value: 0.565811:  28%|██▊       | 28/100 [06:55<17:12, 14.35s/it]Best trial: 11. Best value: 0.565811:  29%|██▉       | 29/100 [06:55<16:57, 14.34s/it]                                                                                      Best trial: 11. Best value: 0.565811:  29%|██▉       | 29/100 [07:09<16:57, 14.34s/it]Best trial: 11. Best value: 0.565811:  29%|██▉       | 29/100 [07:09<16:57, 14.34s/it]Best trial: 11. Best value: 0.565811:  30%|███       | 30/100 [07:09<16:43, 14.33s/it]                                                                                      Best trial: 11. Best value: 0.565811:  30%|███       | 30/100 [07:24<16:43, 14.33s/it]Best trial: 11. Best value: 0.565811:  30%|███       | 30/100 [07:24<16:43, 14.33s/it]Best trial: 11. Best value: 0.565811:  31%|███       | 31/100 [07:24<16:29, 14.34s/it]                                                                                      Best trial: 11. Best value: 0.565811:  31%|███       | 31/100 [07:38<16:29, 14.34s/it]Best trial: 11. Best value: 0.565811:  31%|███       | 31/100 [07:38<16:29, 14.34s/it]Best trial: 11. Best value: 0.565811:  32%|███▏      | 32/100 [07:38<16:15, 14.34s/it]                                                                                      Best trial: 11. Best value: 0.565811:  32%|███▏      | 32/100 [07:52<16:15, 14.34s/it]Best trial: 11. Best value: 0.565811:  32%|███▏      | 32/100 [07:52<16:15, 14.34s/it]Best trial: 11. Best value: 0.565811:  33%|███▎      | 33/100 [07:52<15:59, 14.33s/it]                                                                                      Best trial: 11. Best value: 0.565811:  33%|███▎      | 33/100 [08:07<15:59, 14.33s/it]Best trial: 11. Best value: 0.565811:  33%|███▎      | 33/100 [08:07<15:59, 14.33s/it]Best trial: 11. Best value: 0.565811:  34%|███▍      | 34/100 [08:07<15:46, 14.33s/it]                                                                                      Best trial: 11. Best value: 0.565811:  34%|███▍      | 34/100 [08:21<15:46, 14.33s/it]Best trial: 11. Best value: 0.565811:  34%|███▍      | 34/100 [08:21<15:46, 14.33s/it]Best trial: 11. Best value: 0.565811:  35%|███▌      | 35/100 [08:21<15:31, 14.34s/it]                                                                                      Best trial: 11. Best value: 0.565811:  35%|███▌      | 35/100 [08:35<15:31, 14.34s/it]Best trial: 11. Best value: 0.565811:  35%|███▌      | 35/100 [08:35<15:31, 14.34s/it]Best trial: 11. Best value: 0.565811:  36%|███▌      | 36/100 [08:35<15:17, 14.34s/it]                                                                                      Best trial: 11. Best value: 0.565811:  36%|███▌      | 36/100 [08:50<15:17, 14.34s/it]Best trial: 11. Best value: 0.565811:  36%|███▌      | 36/100 [08:50<15:17, 14.34s/it]Best trial: 11. Best value: 0.565811:  37%|███▋      | 37/100 [08:50<15:03, 14.34s/it]                                                                                      Best trial: 11. Best value: 0.565811:  37%|███▋      | 37/100 [09:04<15:03, 14.34s/it]Best trial: 11. Best value: 0.565811:  37%|███▋      | 37/100 [09:04<15:03, 14.34s/it]Best trial: 11. Best value: 0.565811:  38%|███▊      | 38/100 [09:04<14:49, 14.34s/it]                                                                                      Best trial: 11. Best value: 0.565811:  38%|███▊      | 38/100 [09:18<14:49, 14.34s/it]Best trial: 11. Best value: 0.565811:  38%|███▊      | 38/100 [09:18<14:49, 14.34s/it]Best trial: 11. Best value: 0.565811:  39%|███▉      | 39/100 [09:18<14:34, 14.34s/it]                                                                                      Best trial: 11. Best value: 0.565811:  39%|███▉      | 39/100 [09:33<14:34, 14.34s/it]Best trial: 11. Best value: 0.565811:  39%|███▉      | 39/100 [09:33<14:34, 14.34s/it]Best trial: 11. Best value: 0.565811:  40%|████      | 40/100 [09:33<14:20, 14.34s/it]                                                                                      Best trial: 11. Best value: 0.565811:  40%|████      | 40/100 [09:47<14:20, 14.34s/it]Best trial: 11. Best value: 0.565811:  40%|████      | 40/100 [09:47<14:20, 14.34s/it]Best trial: 11. Best value: 0.565811:  41%|████      | 41/100 [09:47<14:06, 14.34s/it]                                                                                      Best trial: 11. Best value: 0.565811:  41%|████      | 41/100 [10:01<14:06, 14.34s/it]Best trial: 11. Best value: 0.565811:  41%|████      | 41/100 [10:01<14:06, 14.34s/it]Best trial: 11. Best value: 0.565811:  42%|████▏     | 42/100 [10:01<13:51, 14.34s/it]                                                                                      Best trial: 11. Best value: 0.565811:  42%|████▏     | 42/100 [10:16<13:51, 14.34s/it]Best trial: 11. Best value: 0.565811:  42%|████▏     | 42/100 [10:16<13:51, 14.34s/it]Best trial: 11. Best value: 0.565811:  43%|████▎     | 43/100 [10:16<13:39, 14.38s/it]                                                                                      Best trial: 11. Best value: 0.565811:  43%|████▎     | 43/100 [10:30<13:39, 14.38s/it]Best trial: 11. Best value: 0.565811:  43%|████▎     | 43/100 [10:30<13:39, 14.38s/it]Best trial: 11. Best value: 0.565811:  44%|████▍     | 44/100 [10:30<13:23, 14.36s/it]                                                                                      Best trial: 11. Best value: 0.565811:  44%|████▍     | 44/100 [10:44<13:23, 14.36s/it]Best trial: 11. Best value: 0.565811:  44%|████▍     | 44/100 [10:44<13:23, 14.36s/it]Best trial: 11. Best value: 0.565811:  45%|████▌     | 45/100 [10:44<13:08, 14.34s/it]                                                                                      Best trial: 11. Best value: 0.565811:  45%|████▌     | 45/100 [10:59<13:08, 14.34s/it]Best trial: 11. Best value: 0.565811:  45%|████▌     | 45/100 [10:59<13:08, 14.34s/it]Best trial: 11. Best value: 0.565811:  46%|████▌     | 46/100 [10:59<12:53, 14.33s/it]                                                                                      Best trial: 11. Best value: 0.565811:  46%|████▌     | 46/100 [11:13<12:53, 14.33s/it]Best trial: 11. Best value: 0.565811:  46%|████▌     | 46/100 [11:13<12:53, 14.33s/it]Best trial: 11. Best value: 0.565811:  47%|████▋     | 47/100 [11:13<12:38, 14.31s/it]                                                                                      Best trial: 11. Best value: 0.565811:  47%|████▋     | 47/100 [11:27<12:38, 14.31s/it]Best trial: 11. Best value: 0.565811:  47%|████▋     | 47/100 [11:27<12:38, 14.31s/it]Best trial: 11. Best value: 0.565811:  48%|████▊     | 48/100 [11:27<12:24, 14.32s/it]                                                                                      Best trial: 11. Best value: 0.565811:  48%|████▊     | 48/100 [11:42<12:24, 14.32s/it]Best trial: 11. Best value: 0.565811:  48%|████▊     | 48/100 [11:42<12:24, 14.32s/it]Best trial: 11. Best value: 0.565811:  49%|████▉     | 49/100 [11:42<12:09, 14.30s/it]                                                                                      Best trial: 11. Best value: 0.565811:  49%|████▉     | 49/100 [11:56<12:09, 14.30s/it]Best trial: 11. Best value: 0.565811:  49%|████▉     | 49/100 [11:56<12:09, 14.30s/it]Best trial: 11. Best value: 0.565811:  50%|█████     | 50/100 [11:56<11:55, 14.31s/it]                                                                                      Best trial: 11. Best value: 0.565811:  50%|█████     | 50/100 [12:10<11:55, 14.31s/it]Best trial: 11. Best value: 0.565811:  50%|█████     | 50/100 [12:10<11:55, 14.31s/it]Best trial: 11. Best value: 0.565811:  51%|█████     | 51/100 [12:10<11:41, 14.31s/it]                                                                                      Best trial: 11. Best value: 0.565811:  51%|█████     | 51/100 [12:24<11:41, 14.31s/it]Best trial: 11. Best value: 0.565811:  51%|█████     | 51/100 [12:24<11:41, 14.31s/it]Best trial: 11. Best value: 0.565811:  52%|█████▏    | 52/100 [12:24<11:26, 14.31s/it]                                                                                      Best trial: 11. Best value: 0.565811:  52%|█████▏    | 52/100 [12:39<11:26, 14.31s/it]Best trial: 11. Best value: 0.565811:  52%|█████▏    | 52/100 [12:39<11:26, 14.31s/it]Best trial: 11. Best value: 0.565811:  53%|█████▎    | 53/100 [12:39<11:12, 14.31s/it]                                                                                      Best trial: 11. Best value: 0.565811:  53%|█████▎    | 53/100 [12:53<11:12, 14.31s/it]Best trial: 11. Best value: 0.565811:  53%|█████▎    | 53/100 [12:53<11:12, 14.31s/it]Best trial: 11. Best value: 0.565811:  54%|█████▍    | 54/100 [12:53<10:57, 14.29s/it]                                                                                      Best trial: 11. Best value: 0.565811:  54%|█████▍    | 54/100 [13:07<10:57, 14.29s/it]Best trial: 11. Best value: 0.565811:  54%|█████▍    | 54/100 [13:07<10:57, 14.29s/it]Best trial: 11. Best value: 0.565811:  55%|█████▌    | 55/100 [13:07<10:43, 14.30s/it]                                                                                      Best trial: 11. Best value: 0.565811:  55%|█████▌    | 55/100 [13:22<10:43, 14.30s/it]Best trial: 11. Best value: 0.565811:  55%|█████▌    | 55/100 [13:22<10:43, 14.30s/it]Best trial: 11. Best value: 0.565811:  56%|█████▌    | 56/100 [13:22<10:29, 14.30s/it]                                                                                      Best trial: 11. Best value: 0.565811:  56%|█████▌    | 56/100 [13:36<10:29, 14.30s/it]Best trial: 11. Best value: 0.565811:  56%|█████▌    | 56/100 [13:36<10:29, 14.30s/it]Best trial: 11. Best value: 0.565811:  57%|█████▋    | 57/100 [13:36<10:14, 14.30s/it]                                                                                      Best trial: 11. Best value: 0.565811:  57%|█████▋    | 57/100 [13:50<10:14, 14.30s/it]Best trial: 11. Best value: 0.565811:  57%|█████▋    | 57/100 [13:50<10:14, 14.30s/it]Best trial: 11. Best value: 0.565811:  58%|█████▊    | 58/100 [13:50<10:00, 14.30s/it]                                                                                      Best trial: 11. Best value: 0.565811:  58%|█████▊    | 58/100 [14:05<10:00, 14.30s/it]Best trial: 11. Best value: 0.565811:  58%|█████▊    | 58/100 [14:05<10:00, 14.30s/it]Best trial: 11. Best value: 0.565811:  59%|█████▉    | 59/100 [14:05<09:46, 14.30s/it]                                                                                      Best trial: 11. Best value: 0.565811:  59%|█████▉    | 59/100 [14:19<09:46, 14.30s/it]Best trial: 11. Best value: 0.565811:  59%|█████▉    | 59/100 [14:19<09:46, 14.30s/it]Best trial: 11. Best value: 0.565811:  60%|██████    | 60/100 [14:19<09:33, 14.33s/it]                                                                                      Best trial: 11. Best value: 0.565811:  60%|██████    | 60/100 [14:33<09:33, 14.33s/it]Best trial: 11. Best value: 0.565811:  60%|██████    | 60/100 [14:33<09:33, 14.33s/it]Best trial: 11. Best value: 0.565811:  61%|██████    | 61/100 [14:33<09:18, 14.32s/it]                                                                                      Best trial: 11. Best value: 0.565811:  61%|██████    | 61/100 [14:48<09:18, 14.32s/it]Best trial: 11. Best value: 0.565811:  61%|██████    | 61/100 [14:48<09:18, 14.32s/it]Best trial: 11. Best value: 0.565811:  62%|██████▏   | 62/100 [14:48<09:04, 14.32s/it]                                                                                      Best trial: 11. Best value: 0.565811:  62%|██████▏   | 62/100 [15:02<09:04, 