[I 2025-05-13 17:12:51,958] Trial 0 finished with value: 0.5552908942714341 and parameters: {'threshold_scale_factor': 0.5392515491223534}. Best is trial 0 with value: 0.5552908942714341.
[I 2025-05-13 17:13:06,490] Trial 1 finished with value: 0.5555918146395813 and parameters: {'threshold_scale_factor': 0.8948037632193283}. Best is trial 1 with value: 0.5555918146395813.
[I 2025-05-13 17:13:21,054] Trial 2 finished with value: 0.5559104462490879 and parameters: {'threshold_scale_factor': 0.7992731370316574}. Best is trial 2 with value: 0.5559104462490879.
[I 2025-05-13 17:13:35,580] Trial 3 finished with value: 0.554884046920729 and parameters: {'threshold_scale_factor': 0.9990318548383649}. Best is trial 2 with value: 0.5559104462490879.
[I 2025-05-13 17:13:50,123] Trial 4 finished with value: 0.5555290012475579 and parameters: {'threshold_scale_factor': 0.6002439060512431}. Best is trial 2 with value: 0.5559104462490879.
[I 2025-05-13 17:14:04,642] Trial 5 finished with value: 0.5489831684830795 and parameters: {'threshold_scale_factor': 0.05184778278890401}. Best is trial 2 with value: 0.5559104462490879.
[I 2025-05-13 17:14:19,165] Trial 6 finished with value: 0.5525831989893997 and parameters: {'threshold_scale_factor': 0.2437346530737795}. Best is trial 2 with value: 0.5559104462490879.
[I 2025-05-13 17:14:33,677] Trial 7 finished with value: 0.5552468418896971 and parameters: {'threshold_scale_factor': 0.5305499639779961}. Best is trial 2 with value: 0.5559104462490879.
[I 2025-05-13 17:14:48,213] Trial 8 finished with value: 0.5544173562130735 and parameters: {'threshold_scale_factor': 0.41893215592725674}. Best is trial 2 with value: 0.5559104462490879.
[I 2025-05-13 17:15:02,826] Trial 9 finished with value: 0.5555103994225141 and parameters: {'threshold_scale_factor': 0.5944797727630833}. Best is trial 2 with value: 0.5559104462490879.
[I 2025-05-13 17:15:17,347] Trial 10 finished with value: 0.5559163175230877 and parameters: {'threshold_scale_factor': 0.7748987245709087}. Best is trial 10 with value: 0.5559163175230877.
[I 2025-05-13 17:15:31,922] Trial 11 finished with value: 0.5559183050788943 and parameters: {'threshold_scale_factor': 0.7841472113162047}. Best is trial 11 with value: 0.5559183050788943.
[I 2025-05-13 17:15:46,466] Trial 12 finished with value: 0.5559133680766424 and parameters: {'threshold_scale_factor': 0.767842297862287}. Best is trial 11 with value: 0.5559183050788943.
[I 2025-05-13 17:16:00,981] Trial 13 finished with value: 0.5559042352627326 and parameters: {'threshold_scale_factor': 0.757996004204031}. Best is trial 11 with value: 0.5559183050788943.
[I 2025-05-13 17:16:15,541] Trial 14 finished with value: 0.5557923609286852 and parameters: {'threshold_scale_factor': 0.7022599449340684}. Best is trial 11 with value: 0.5559183050788943.
[I 2025-05-13 17:16:30,118] Trial 15 finished with value: 0.5540250208318621 and parameters: {'threshold_scale_factor': 0.37530490708332265}. Best is trial 11 with value: 0.5559183050788943.
[I 2025-05-13 17:16:44,598] Trial 16 finished with value: 0.5553334770771053 and parameters: {'threshold_scale_factor': 0.9365448185994716}. Best is trial 11 with value: 0.5559183050788943.
[I 2025-05-13 17:16:59,164] Trial 17 finished with value: 0.555629510157004 and parameters: {'threshold_scale_factor': 0.6377782221104672}. Best is trial 11 with value: 0.5559183050788943.
[I 2025-05-13 17:17:13,694] Trial 18 finished with value: 0.5557818434040283 and parameters: {'threshold_scale_factor': 0.8563823682733954}. Best is trial 11 with value: 0.5559183050788943.
[I 2025-05-13 17:17:28,246] Trial 19 finished with value: 0.5544823984495759 and parameters: {'threshold_scale_factor': 0.4267876960417204}. Best is trial 11 with value: 0.5559183050788943.
[I 2025-05-13 17:17:42,818] Trial 20 finished with value: 0.5557973368484649 and parameters: {'threshold_scale_factor': 0.7042594519208338}. Best is trial 11 with value: 0.5559183050788943.
[I 2025-05-13 17:17:57,327] Trial 21 finished with value: 0.5558898375350141 and parameters: {'threshold_scale_factor': 0.818352968900034}. Best is trial 11 with value: 0.5559183050788943.
[I 2025-05-13 17:18:11,903] Trial 22 finished with value: 0.5557789102778367 and parameters: {'threshold_scale_factor': 0.6963239869135032}. Best is trial 11 with value: 0.5559183050788943.
[I 2025-05-13 17:18:26,443] Trial 23 finished with value: 0.554957896319312 and parameters: {'threshold_scale_factor': 0.9894597586304643}. Best is trial 11 with value: 0.5559183050788943.
[I 2025-05-13 17:18:41,008] Trial 24 finished with value: 0.5559122487583268 and parameters: {'threshold_scale_factor': 0.7655249384049507}. Best is trial 11 with value: 0.5559183050788943.
[I 2025-05-13 17:18:55,553] Trial 25 finished with value: 0.5556307763576019 and parameters: {'threshold_scale_factor': 0.8879683723588903}. Best is trial 11 with value: 0.5559183050788943.
[I 2025-05-13 17:19:10,328] Trial 26 finished with value: 0.5556933017599197 and parameters: {'threshold_scale_factor': 0.6616485716754422}. Best is trial 11 with value: 0.5559183050788943.
[I 2025-05-13 17:19:24,864] Trial 27 finished with value: 0.5531757253803482 and parameters: {'threshold_scale_factor': 0.29690239191925416}. Best is trial 11 with value: 0.5559183050788943.
[I 2025-05-13 17:19:39,395] Trial 28 finished with value: 0.555885348460953 and parameters: {'threshold_scale_factor': 0.7446950038011011}. Best is trial 11 with value: 0.5559183050788943.
[I 2025-05-13 17:19:53,929] Trial 29 finished with value: 0.5549408893596655 and parameters: {'threshold_scale_factor': 0.48323588930708294}. Best is trial 11 with value: 0.5559183050788943.
[I 2025-05-13 17:20:08,372] Trial 30 finished with value: 0.555416857252705 and parameters: {'threshold_scale_factor': 0.5683157232353993}. Best is trial 11 with value: 0.5559183050788943.
[I 2025-05-13 17:20:22,862] Trial 31 finished with value: 0.5559160995849319 and parameters: {'threshold_scale_factor': 0.7891358880859239}. Best is trial 11 with value: 0.5559183050788943.
[I 2025-05-13 17:20:37,373] Trial 32 finished with value: 0.5558666469568219 and parameters: {'threshold_scale_factor': 0.829524875612839}. Best is trial 11 with value: 0.5559183050788943.
[I 2025-05-13 17:20:51,897] Trial 33 finished with value: 0.555333307346468 and parameters: {'threshold_scale_factor': 0.936580105736727}. Best is trial 11 with value: 0.5559183050788943.
[I 2025-05-13 17:21:06,400] Trial 34 finished with value: 0.5559172131283886 and parameters: {'threshold_scale_factor': 0.7797938860923432}. Best is trial 11 with value: 0.5559183050788943.
[I 2025-05-13 17:21:20,919] Trial 35 finished with value: 0.5556170063319446 and parameters: {'threshold_scale_factor': 0.8903645069412511}. Best is trial 11 with value: 0.5559183050788943.
[I 2025-05-13 17:21:35,421] Trial 36 finished with value: 0.5556542735054806 and parameters: {'threshold_scale_factor': 0.6470905276358029}. Best is trial 11 with value: 0.5559183050788943.
[I 2025-05-13 17:21:49,957] Trial 37 finished with value: 0.5559008481824101 and parameters: {'threshold_scale_factor': 0.8101078438283315}. Best is trial 11 with value: 0.5559183050788943.
[I 2025-05-13 17:22:04,460] Trial 38 finished with value: 0.5553701906174235 and parameters: {'threshold_scale_factor': 0.931054985301145}. Best is trial 11 with value: 0.5559183050788943.
[I 2025-05-13 17:22:18,984] Trial 39 finished with value: 0.5497914775008043 and parameters: {'threshold_scale_factor': 0.0853896869080103}. Best is trial 11 with value: 0.5559183050788943.
[I 2025-05-13 17:22:33,516] Trial 40 finished with value: 0.5557729034201917 and parameters: {'threshold_scale_factor': 0.8585092485446035}. Best is trial 11 with value: 0.5559183050788943.
[I 2025-05-13 17:22:48,041] Trial 41 finished with value: 0.5559162776012365 and parameters: {'threshold_scale_factor': 0.7749566313312061}. Best is trial 11 with value: 0.5559183050788943.
[I 2025-05-13 17:23:02,744] Trial 42 finished with value: 0.5558061246773218 and parameters: {'threshold_scale_factor': 0.7079101410185786}. Best is trial 11 with value: 0.5559183050788943.
[I 2025-05-13 17:23:17,346] Trial 43 finished with value: 0.5559129804078494 and parameters: {'threshold_scale_factor': 0.7944683658373084}. Best is trial 11 with value: 0.5559183050788943.
[I 2025-05-13 17:23:31,922] Trial 44 finished with value: 0.5555602753728943 and parameters: {'threshold_scale_factor': 0.6112754318547403}. Best is trial 11 with value: 0.5559183050788943.
[I 2025-05-13 17:23:46,473] Trial 45 finished with value: 0.5558633650793651 and parameters: {'threshold_scale_factor': 0.7327287822686648}. Best is trial 11 with value: 0.5559183050788943.
[I 2025-05-13 17:24:00,972] Trial 46 finished with value: 0.555048218377547 and parameters: {'threshold_scale_factor': 0.9770618813292669}. Best is trial 11 with value: 0.5559183050788943.
[I 2025-05-13 17:24:15,553] Trial 47 finished with value: 0.5552177868166874 and parameters: {'threshold_scale_factor': 0.5246173555025271}. Best is trial 11 with value: 0.5559183050788943.
[I 2025-05-13 17:24:30,107] Trial 48 finished with value: 0.5557701078862918 and parameters: {'threshold_scale_factor': 0.8591239783858601}. Best is trial 11 with value: 0.5559183050788943.
[I 2025-05-13 17:24:44,628] Trial 49 finished with value: 0.5559167107156588 and parameters: {'threshold_scale_factor': 0.7744363300967854}. Best is trial 11 with value: 0.5559183050788943.
[I 2025-05-13 17:24:59,194] Trial 50 finished with value: 0.5557047254352722 and parameters: {'threshold_scale_factor': 0.666524031266465}. Best is trial 11 with value: 0.5559183050788943.
[I 2025-05-13 17:25:13,702] Trial 51 finished with value: 0.5559160902949415 and parameters: {'threshold_scale_factor': 0.7885697892711566}. Best is trial 11 with value: 0.5559183050788943.
[I 2025-05-13 17:25:28,260] Trial 52 finished with value: 0.5558735810559517 and parameters: {'threshold_scale_factor': 0.7376393028853857}. Best is trial 11 with value: 0.5559183050788943.
[I 2025-05-13 17:25:42,814] Trial 53 finished with value: 0.555846652135364 and parameters: {'threshold_scale_factor': 0.8375088631542882}. Best is trial 11 with value: 0.5559183050788943.
[I 2025-05-13 17:25:57,322] Trial 54 finished with value: 0.5559171837519321 and parameters: {'threshold_scale_factor': 0.7817594414700169}. Best is trial 11 with value: 0.5559183050788943.
[I 2025-05-13 17:26:11,837] Trial 55 finished with value: 0.5557536101185572 and parameters: {'threshold_scale_factor': 0.6862650329871292}. Best is trial 11 with value: 0.5559183050788943.
[I 2025-05-13 17:26:26,404] Trial 56 finished with value: 0.5555391341163917 and parameters: {'threshold_scale_factor': 0.6040910614186084}. Best is trial 11 with value: 0.5559183050788943.
[I 2025-05-13 17:26:40,939] Trial 57 finished with value: 0.5555431260504201 and parameters: {'threshold_scale_factor': 0.9030548161944013}. Best is trial 11 with value: 0.5559183050788943.
[I 2025-05-13 17:26:55,454] Trial 58 finished with value: 0.5559083748322858 and parameters: {'threshold_scale_factor': 0.7615589869320231}. Best is trial 11 with value: 0.5559183050788943.
[I 2025-05-13 17:27:10,187] Trial 59 finished with value: 0.5554180880509066 and parameters: {'threshold_scale_factor': 0.5686706549784885}. Best is trial 11 with value: 0.5559183050788943.
[I 2025-05-13 17:27:24,704] Trial 60 finished with value: 0.5558586475217538 and parameters: {'threshold_scale_factor': 0.7303407341144615}. Best is trial 11 with value: 0.5559183050788943.
[I 2025-05-13 17:27:39,221] Trial 61 finished with value: 0.5559182651570432 and parameters: {'threshold_scale_factor': 0.7840499683158675}. Best is trial 11 with value: 0.5559183050788943.
[I 2025-05-13 17:27:53,761] Trial 62 finished with value: 0.5558704443032114 and parameters: {'threshold_scale_factor': 0.8279142321004103}. Best is trial 11 with value: 0.5559183050788943.
[I 2025-05-13 17:28:08,308] Trial 63 finished with value: 0.5559178862760791 and parameters: {'threshold_scale_factor': 0.7830703401100072}. Best is trial 11 with value: 0.5559183050788943.
[I 2025-05-13 17:28:22,832] Trial 64 finished with value: 0.5557127389308665 and parameters: {'threshold_scale_factor': 0.871722338600088}. Best is trial 11 with value: 0.5559183050788943.
[I 2025-05-13 17:28:37,384] Trial 65 finished with value: 0.5558189418512504 and parameters: {'threshold_scale_factor': 0.7132687292959611}. Best is trial 11 with value: 0.5559183050788943.
[I 2025-05-13 17:28:51,904] Trial 66 finished with value: 0.5557278474683991 and parameters: {'threshold_scale_factor': 0.675800724624725}. Best is trial 11 with value: 0.5559183050788943.
[I 2025-05-13 17:29:06,426] Trial 67 finished with value: 0.5559023973510973 and parameters: {'threshold_scale_factor': 0.8089584577761989}. Best is trial 11 with value: 0.5559183050788943.
[I 2025-05-13 17:29:20,947] Trial 68 finished with value: 0.5554235493099201 and parameters: {'threshold_scale_factor': 0.9228058272147104}. Best is trial 11 with value: 0.5559183050788943.
[I 2025-05-13 17:29:35,483] Trial 69 finished with value: 0.5556202427637722 and parameters: {'threshold_scale_factor': 0.6341580346654787}. Best is trial 11 with value: 0.5559183050788943.
[I 2025-05-13 17:29:50,058] Trial 70 finished with value: 0.5551907810653673 and parameters: {'threshold_scale_factor': 0.9571924355083066}. Best is trial 11 with value: 0.5559183050788943.
[I 2025-05-13 17:30:04,516] Trial 71 finished with value: 0.5559130823466641 and parameters: {'threshold_scale_factor': 0.7676062097245502}. Best is trial 11 with value: 0.5559183050788943.
[I 2025-05-13 17:30:19,059] Trial 72 finished with value: 0.5559177100173402 and parameters: {'threshold_scale_factor': 0.780572107851866}. Best is trial 11 with value: 0.5559183050788943.
[I 2025-05-13 17:30:33,602] Trial 73 finished with value: 0.5558324314196267 and parameters: {'threshold_scale_factor': 0.8422228203145443}. Best is trial 11 with value: 0.5559183050788943.
[I 2025-05-13 17:30:48,149] Trial 74 finished with value: 0.5558958413796892 and parameters: {'threshold_scale_factor': 0.7506619602517348}. Best is trial 11 with value: 0.5559183050788943.
[I 2025-05-13 17:31:02,834] Trial 75 finished with value: 0.5559108226192438 and parameters: {'threshold_scale_factor': 0.7987084714919312}. Best is trial 11 with value: 0.5559183050788943.
[I 2025-05-13 17:31:17,419] Trial 76 finished with value: 0.5556398120032326 and parameters: {'threshold_scale_factor': 0.8862910869070872}. Best is trial 11 with value: 0.5559183050788943.
[I 2025-05-13 17:31:31,981] Trial 77 finished with value: 0.5557944850724603 and parameters: {'threshold_scale_factor': 0.7031467135882868}. Best is trial 11 with value: 0.5559183050788943.
[I 2025-05-13 17:31:46,518] Trial 78 finished with value: 0.5558964316707075 and parameters: {'threshold_scale_factor': 0.8136897664377521}. Best is trial 11 with value: 0.5559183050788943.
[I 2025-05-13 17:32:01,023] Trial 79 finished with value: 0.5519338090687256 and parameters: {'threshold_scale_factor': 0.1968598129261373}. Best is trial 11 with value: 0.5559183050788943.
[I 2025-05-13 17:32:15,583] Trial 80 finished with value: 0.5558453982377264 and parameters: {'threshold_scale_factor': 0.7246585516787972}. Best is trial 11 with value: 0.5559183050788943.
[I 2025-05-13 17:32:30,112] Trial 81 finished with value: 0.555916601746581 and parameters: {'threshold_scale_factor': 0.7784913976609076}. Best is trial 11 with value: 0.5559183050788943.
[I 2025-05-13 17:32:44,644] Trial 82 finished with value: 0.5559173354047502 and parameters: {'threshold_scale_factor': 0.7819884015915978}. Best is trial 11 with value: 0.5559183050788943.
[I 2025-05-13 17:32:59,193] Trial 83 finished with value: 0.5559161658702697 and parameters: {'threshold_scale_factor': 0.7762490842228639}. Best is trial 11 with value: 0.5559183050788943.
[I 2025-05-13 17:33:13,697] Trial 84 finished with value: 0.5557971924769908 and parameters: {'threshold_scale_factor': 0.852172445267387}. Best is trial 11 with value: 0.5559183050788943.
[I 2025-05-13 17:33:28,224] Trial 85 finished with value: 0.5558809417414025 and parameters: {'threshold_scale_factor': 0.742037394385746}. Best is trial 11 with value: 0.5559183050788943.
[I 2025-05-13 17:33:42,750] Trial 86 finished with value: 0.5558788698224388 and parameters: {'threshold_scale_factor': 0.8243370630979904}. Best is trial 11 with value: 0.5559183050788943.
[I 2025-05-13 17:33:57,284] Trial 87 finished with value: 0.5559175307456315 and parameters: {'threshold_scale_factor': 0.7866225477747802}. Best is trial 11 with value: 0.5559183050788943.
[I 2025-05-13 17:34:11,773] Trial 88 finished with value: 0.5556784588658993 and parameters: {'threshold_scale_factor': 0.6560213964125973}. Best is trial 11 with value: 0.5559183050788943.
[I 2025-05-13 17:34:26,312] Trial 89 finished with value: 0.5547222280912365 and parameters: {'threshold_scale_factor': 0.4565870858025056}. Best is trial 11 with value: 0.5559183050788943.
[I 2025-05-13 17:34:40,876] Trial 90 finished with value: 0.5557551083178369 and parameters: {'threshold_scale_factor': 0.6867840662437112}. Best is trial 11 with value: 0.5559183050788943.
[I 2025-05-13 17:34:55,430] Trial 91 finished with value: 0.5559174880618915 and parameters: {'threshold_scale_factor': 0.7822840139672593}. Best is trial 11 with value: 0.5559183050788943.
[I 2025-05-13 17:35:10,097] Trial 92 finished with value: 0.5558969873125721 and parameters: {'threshold_scale_factor': 0.7514421106877162}. Best is trial 11 with value: 0.5559183050788943.
[I 2025-05-13 17:35:24,660] Trial 93 finished with value: 0.55590837608769 and parameters: {'threshold_scale_factor': 0.8025974471792914}. Best is trial 11 with value: 0.5559183050788943.
[I 2025-05-13 17:35:39,224] Trial 94 finished with value: 0.5557043337491859 and parameters: {'threshold_scale_factor': 0.873567969893171}. Best is trial 11 with value: 0.5559183050788943.
[I 2025-05-13 17:35:53,791] Trial 95 finished with value: 0.5554712004331144 and parameters: {'threshold_scale_factor': 0.9148673504083973}. Best is trial 11 with value: 0.5559183050788943.
[I 2025-05-13 17:36:08,363] Trial 96 finished with value: 0.5558442018375978 and parameters: {'threshold_scale_factor': 0.8382737547743917}. Best is trial 11 with value: 0.5559183050788943.
[I 2025-05-13 17:36:22,841] Trial 97 finished with value: 0.5559178167266907 and parameters: {'threshold_scale_factor': 0.7861360372836952}. Best is trial 11 with value: 0.5559183050788943.
[I 2025-05-13 17:36:37,410] Trial 98 finished with value: 0.5558385716011895 and parameters: {'threshold_scale_factor': 0.7216732556138865}. Best is trial 11 with value: 0.5559183050788943.
