This job can be monitored from: https://job.c3se.chalmers.se/alvis/4319688
/usr/share/lmod/lmod/init/bash: /usr/share/lmod/lmod/libexec/addto: /usr/bin/lua: bad interpreter: No such file or directory
no change     /opt/conda/condabin/conda
no change     /opt/conda/bin/conda
no change     /opt/conda/bin/conda-env
no change     /opt/conda/bin/activate
no change     /opt/conda/bin/deactivate
no change     /opt/conda/etc/profile.d/conda.sh
no change     /opt/conda/etc/fish/conf.d/conda.fish
no change     /opt/conda/shell/condabin/Conda.psm1
no change     /opt/conda/shell/condabin/conda-hook.ps1
no change     /opt/conda/lib/python3.12/site-packages/xontrib/conda.xsh
no change     /opt/conda/etc/profile.d/conda.csh
no change     /cephyr/users/lassila/Alvis/.bashrc
No action taken.
Overwriting config seed with seed=62
Running MIA...

attacks:
  MLP-attack-0hop:
    attack: mlp-attack
    edge_dropout: 0.0
    mlp_attack_queries:
    - 0
    mlp_hidden_dim:
    - 128
    - 64
  MLP-attack-comb:
    attack: mlp-attack
    edge_dropout: 0.5
    mlp_attack_queries:
    - 0
    - 2
    mlp_hidden_dim:
    - 128
    - 64
  graph-lset-MI:
    attack: graph-lset
    num_sampled_graphs: 16
    prior: 0.5
    sampling_strategy: model-independent
  graph-lset-MI-offline:
    attack: graph-lset
    num_sampled_graphs: 16
    offline: true
    prior: 0.5
    sampling_strategy: model-independent
    threshold_scale_factor: 0.9
  lira:
    attack: lira
  lira-offline:
    attack: lira
    offline: true
  lset:
    attack: lset
  lset-offline:
    attack: lset
    offline: true
  rmia:
    Z_frac: 0.5
    attack: rmia
    rmia_gamma: 1
  rmia-offline:
    Z_frac: 0.5
    attack: rmia
    offline: true
    rmia_gamma: 1
batch_size: 32768
datadir: ./data
dataset: flickr
device: cuda
dropout: 0.0
early_stopping: 0
epochs: 800
epochs_mlp: 1000
frac_target_nodes: 0.1
hidden_dim:
- 128
hidden_dim_mlp:
- 128
hyperparam_search: false
inductive_inference: true
inductive_split: true
lr: 0.001
max_num_nodes: null
model: GCN
name: flickr-GCN
num_audits: 1
num_processes: 1
num_shadow_models: 128
offline: false
optimizer: Adam
pretrain_shadow_models: true
savedir: large_N_results
seed: 62
target_fpr:
- 0.01
- 0.001
train_frac: 0.5
val_frac: 0.0
weight_decay: 0.0001

Dataset properties
#Nodes: 89250
#Edges: 899756
#Features: 500
#Classes: 7
#Class distribution: [0.0590, 0.0953, 0.0719, 0.0549, 0.2573, 0.0390, 0.4226]
Average degree: 10.0813
Fraction isolated nodes: 0.0

Training 128 shadow models:   0%|          | 0/128 [00:00<?, ?it/s]Training 128 shadow models:   1%|          | 1/128 [00:10<21:48, 10.30s/it]Training 128 shadow models:   2%|▏         | 2/128 [00:17<18:00,  8.58s/it]Training 128 shadow models:   2%|▏         | 3/128 [00:25<16:42,  8.02s/it]Training 128 shadow models:   3%|▎         | 4/128 [00:32<15:59,  7.74s/it]Training 128 shadow models:   4%|▍         | 5/128 [00:39<15:32,  7.58s/it]Training 128 shadow models:   5%|▍         | 6/128 [00:46<15:13,  7.49s/it]Training 128 shadow models:   5%|▌         | 7/128 [00:54<14:59,  7.43s/it]Training 128 shadow models:   6%|▋         | 8/128 [01:01<14:47,  7.40s/it]Training 128 shadow models:   7%|▋         | 9/128 [01:08<14:37,  7.37s/it]Training 128 shadow models:   8%|▊         | 10/128 [01:16<14:27,  7.35s/it]Training 128 shadow models:   9%|▊         | 11/128 [01:23<14:18,  7.34s/it]Training 128 shadow models:   9%|▉         | 12/128 [01:30<14:10,  7.33s/it]Training 128 shadow models:  10%|█         | 13/128 [01:38<14:01,  7.32s/it]Training 128 shadow models:  11%|█         | 14/128 [01:45<13:54,  7.32s/it]Training 128 shadow models:  12%|█▏        | 15/128 [01:52<13:46,  7.32s/it]Training 128 shadow models:  12%|█▎        | 16/128 [02:00<13:39,  7.32s/it]Training 128 shadow models:  13%|█▎        | 17/128 [02:07<13:32,  7.32s/it]Training 128 shadow models:  14%|█▍        | 18/128 [02:14<13:24,  7.31s/it]Training 128 shadow models:  15%|█▍        | 19/128 [02:22<13:17,  7.31s/it]Training 128 shadow models:  16%|█▌        | 20/128 [02:29<13:09,  7.31s/it]Training 128 shadow models:  16%|█▋        | 21/128 [02:36<13:02,  7.31s/it]Training 128 shadow models:  17%|█▋        | 22/128 [02:43<12:55,  7.31s/it]Training 128 shadow models:  18%|█▊        | 23/128 [02:51<12:48,  7.31s/it]Training 128 shadow models:  19%|█▉        | 24/128 [02:58<12:40,  7.31s/it]Training 128 shadow models:  20%|█▉        | 25/128 [03:05<12:33,  7.31s/it]Training 128 shadow models:  20%|██        | 26/128 [03:13<12:25,  7.31s/it]Training 128 shadow models:  21%|██        | 27/128 [03:20<12:18,  7.31s/it]Training 128 shadow models:  22%|██▏       | 28/128 [03:27<12:11,  7.31s/it]Training 128 shadow models:  23%|██▎       | 29/128 [03:35<12:03,  7.31s/it]Training 128 shadow models:  23%|██▎       | 30/128 [03:42<11:56,  7.31s/it]Training 128 shadow models:  24%|██▍       | 31/128 [03:49<11:48,  7.31s/it]Training 128 shadow models:  25%|██▌       | 32/128 [03:57<11:41,  7.31s/it]Training 128 shadow models:  26%|██▌       | 33/128 [04:04<11:34,  7.31s/it]Training 128 shadow models:  27%|██▋       | 34/128 [04:11<11:28,  7.32s/it]Training 128 shadow models:  27%|██▋       | 35/128 [04:19<11:21,  7.33s/it]Training 128 shadow models:  28%|██▊       | 36/128 [04:26<11:14,  7.33s/it]Training 128 shadow models:  29%|██▉       | 37/128 [04:33<11:08,  7.34s/it]Training 128 shadow models:  30%|██▉       | 38/128 [04:41<11:01,  7.35s/it]Training 128 shadow models:  30%|███       | 39/128 [04:48<10:53,  7.35s/it]Training 128 shadow models:  31%|███▏      | 40/128 [04:55<10:46,  7.35s/it]Training 128 shadow models:  32%|███▏      | 41/128 [05:03<10:39,  7.35s/it]Training 128 shadow models:  33%|███▎      | 42/128 [05:10<10:31,  7.34s/it]Training 128 shadow models:  34%|███▎      | 43/128 [05:17<10:24,  7.34s/it]Training 128 shadow models:  34%|███▍      | 44/128 [05:25<10:17,  7.35s/it]Training 128 shadow models:  35%|███▌      | 45/128 [05:32<10:09,  7.35s/it]Training 128 shadow models:  36%|███▌      | 46/128 [05:39<10:02,  7.35s/it]Training 128 shadow models:  37%|███▋      | 47/128 [05:47<09:55,  7.35s/it]Training 128 shadow models:  38%|███▊      | 48/128 [05:54<09:48,  7.35s/it]Training 128 shadow models:  38%|███▊      | 49/128 [06:01<09:40,  7.35s/it]Training 128 shadow models:  39%|███▉      | 50/128 [06:09<09:33,  7.35s/it]Training 128 shadow models:  40%|███▉      | 51/128 [06:16<09:26,  7.35s/it]Training 128 shadow models:  41%|████      | 52/128 [06:24<09:19,  7.36s/it]Training 128 shadow models:  41%|████▏     | 53/128 [06:31<09:11,  7.35s/it]Training 128 shadow models:  42%|████▏     | 54/128 [06:38<09:04,  7.35s/it]Training 128 shadow models:  43%|████▎     | 55/128 [06:46<08:56,  7.35s/it]Training 128 shadow models:  44%|████▍     | 56/128 [06:53<08:48,  7.34s/it]Training 128 shadow models:  45%|████▍     | 57/128 [07:00<08:40,  7.33s/it]Training 128 shadow models:  45%|████▌     | 58/128 [07:08<08:32,  7.33s/it]Training 128 shadow models:  46%|████▌     | 59/128 [07:15<08:25,  7.32s/it]Training 128 shadow models:  47%|████▋     | 60/128 [07:22<08:17,  7.32s/it]Training 128 shadow models:  48%|████▊     | 61/128 [07:29<08:10,  7.33s/it]Training 128 shadow models:  48%|████▊     | 62/128 [07:37<08:04,  7.34s/it]Training 128 shadow models:  49%|████▉     | 63/128 [07:44<07:57,  7.34s/it]Training 128 shadow models:  50%|█████     | 64/128 [07:51<07:49,  7.33s/it]Training 128 shadow models:  51%|█████     | 65/128 [07:59<07:41,  7.33s/it]Training 128 shadow models:  52%|█████▏    | 66/128 [08:06<07:34,  7.33s/it]Training 128 shadow models:  52%|█████▏    | 67/128 [08:14<07:27,  7.34s/it]Training 128 shadow models:  53%|█████▎    | 68/128 [08:21<07:19,  7.33s/it]Training 128 shadow models:  54%|█████▍    | 69/128 [08:28<07:12,  7.33s/it]Training 128 shadow models:  55%|█████▍    | 70/128 [08:35<07:05,  7.33s/it]Training 128 shadow models:  55%|█████▌    | 71/128 [08:43<06:58,  7.33s/it]Training 128 shadow models:  56%|█████▋    | 72/128 [08:50<06:50,  7.34s/it]Training 128 shadow models:  57%|█████▋    | 73/128 [08:58<06:43,  7.34s/it]Training 128 shadow models:  58%|█████▊    | 74/128 [09:05<06:36,  7.34s/it]Training 128 shadow models:  59%|█████▊    | 75/128 [09:12<06:28,  7.34s/it]Training 128 shadow models:  59%|█████▉    | 76/128 [09:20<06:21,  7.34s/it]Training 128 shadow models:  60%|██████    | 77/128 [09:27<06:14,  7.34s/it]Training 128 shadow models:  61%|██████    | 78/128 [09:34<06:06,  7.34s/it]Training 128 shadow models:  62%|██████▏   | 79/128 [09:42<05:59,  7.33s/it]Training 128 shadow models:  62%|██████▎   | 80/128 [09:49<05:51,  7.33s/it]Training 128 shadow models:  63%|██████▎   | 81/128 [09:56<05:44,  7.33s/it]Training 128 shadow models:  64%|██████▍   | 82/128 [10:03<05:36,  7.32s/it]Training 128 shadow models:  65%|██████▍   | 83/128 [10:11<05:29,  7.33s/it]Training 128 shadow models:  66%|██████▌   | 84/128 [10:18<05:22,  7.33s/it]Training 128 shadow models:  66%|██████▋   | 85/128 [10:25<05:15,  7.33s/it]Training 128 shadow models:  67%|██████▋   | 86/128 [10:33<05:07,  7.32s/it]Training 128 shadow models:  68%|██████▊   | 87/128 [10:40<05:00,  7.32s/it]Training 128 shadow models:  69%|██████▉   | 88/128 [10:47<04:52,  7.32s/it]Training 128 shadow models:  70%|██████▉   | 89/128 [10:55<04:45,  7.32s/it]Training 128 shadow models:  70%|███████   | 90/128 [11:02<04:38,  7.32s/it]Training 128 shadow models:  71%|███████   | 91/128 [11:09<04:30,  7.32s/it]Training 128 shadow models:  72%|███████▏  | 92/128 [11:17<04:23,  7.32s/it]Training 128 shadow models:  73%|███████▎  | 93/128 [11:24<04:16,  7.32s/it]Training 128 shadow models:  73%|███████▎  | 94/128 [11:31<04:08,  7.32s/it]Training 128 shadow models:  74%|███████▍  | 95/128 [11:39<04:01,  7.33s/it]Training 128 shadow models:  75%|███████▌  | 96/128 [11:46<03:54,  7.33s/it]Training 128 shadow models:  76%|███████▌  | 97/128 [11:53<03:47,  7.33s/it]Training 128 shadow models:  77%|███████▋  | 98/128 [12:01<03:40,  7.34s/it]Training 128 shadow models:  77%|███████▋  | 99/128 [12:08<03:32,  7.34s/it]Training 128 shadow models:  78%|███████▊  | 100/128 [12:15<03:25,  7.34s/it]Training 128 shadow models:  79%|███████▉  | 101/128 [12:23<03:18,  7.34s/it]Training 128 shadow models:  80%|███████▉  | 102/128 [12:30<03:10,  7.34s/it]Training 128 shadow models:  80%|████████  | 103/128 [12:37<03:03,  7.33s/it]Training 128 shadow models:  81%|████████▏ | 104/128 [12:45<02:56,  7.33s/it]Training 128 shadow models:  82%|████████▏ | 105/128 [12:52<02:48,  7.34s/it]Training 128 shadow models:  83%|████████▎ | 106/128 [12:59<02:41,  7.34s/it]Training 128 shadow models:  84%|████████▎ | 107/128 [13:07<02:34,  7.34s/it]Training 128 shadow models:  84%|████████▍ | 108/128 [13:14<02:26,  7.33s/it]Training 128 shadow models:  85%|████████▌ | 109/128 [13:21<02:19,  7.33s/it]Training 128 shadow models:  86%|████████▌ | 110/128 [13:29<02:11,  7.33s/it]Training 128 shadow models:  87%|████████▋ | 111/128 [13:36<02:04,  7.32s/it]Training 128 shadow models:  88%|████████▊ | 112/128 [13:43<01:57,  7.32s/it]Training 128 shadow models:  88%|████████▊ | 113/128 [13:51<01:49,  7.32s/it]Training 128 shadow models:  89%|████████▉ | 114/128 [13:58<01:42,  7.33s/it]Training 128 shadow models:  90%|████████▉ | 115/128 [14:05<01:35,  7.33s/it]Training 128 shadow models:  91%|█████████ | 116/128 [14:13<01:27,  7.33s/it]Training 128 shadow models:  91%|█████████▏| 117/128 [14:20<01:20,  7.34s/it]Training 128 shadow models:  92%|█████████▏| 118/128 [14:27<01:13,  7.34s/it]Training 128 shadow models:  93%|█████████▎| 119/128 [14:35<01:06,  7.34s/it]Training 128 shadow models:  94%|█████████▍| 120/128 [14:42<00:58,  7.34s/it]Training 128 shadow models:  95%|█████████▍| 121/128 [14:49<00:51,  7.34s/it]Training 128 shadow models:  95%|█████████▌| 122/128 [14:57<00:44,  7.34s/it]Training 128 shadow models:  96%|█████████▌| 123/128 [15:04<00:36,  7.34s/it]Training 128 shadow models:  97%|█████████▋| 124/128 [15:11<00:29,  7.34s/it]Training 128 shadow models:  98%|█████████▊| 125/128 [15:19<00:22,  7.34s/it]Training 128 shadow models:  98%|█████████▊| 126/128 [15:26<00:14,  7.33s/it]Training 128 shadow models:  99%|█████████▉| 127/128 [15:33<00:07,  7.34s/it]Training 128 shadow models: 100%|██████████| 128/128 [15:41<00:00,  7.34s/it]Training 128 shadow models: 100%|██████████| 128/128 [15:41<00:00,  7.35s/it]
[I 2025-05-13 16:42:39,670] A new study created in memory with name: no-name-d1ac6f9f-6982-423c-96dd-cf223e2e0269
Tuning interpolation parameter for offline RMIA using optuna
  0%|          | 0/100 [00:00<?, ?it/s]                                         0%|          | 0/100 [00:17<?, ?it/s]Best trial: 0. Best value: 0.56386:   0%|          | 0/100 [00:17<?, ?it/s]Best trial: 0. Best value: 0.56386:   1%|          | 1/100 [00:17<29:20, 17.78s/it]                                                                                   Best trial: 0. Best value: 0.56386:   1%|          | 1/100 [00:35<29:20, 17.78s/it]Best trial: 0. Best value: 0.56386:   1%|          | 1/100 [00:35<29:20, 17.78s/it]Best trial: 0. Best value: 0.56386:   2%|▏         | 2/100 [00:35<29:04, 17.80s/it]                                                                                   Best trial: 0. Best value: 0.56386:   2%|▏         | 2/100 [00:53<29:04, 17.80s/it]Best trial: 0. Best value: 0.56386:   2%|▏         | 2/100 [00:53<29:04, 17.80s/it]Best trial: 0. Best value: 0.56386:   3%|▎         | 3/100 [00:53<28:45, 17.78s/it]                                                                                   Best trial: 0. Best value: 0.56386:   3%|▎         | 3/100 [01:11<28:45, 17.78s/it]Best trial: 3. Best value: 0.565097:   3%|▎         | 3/100 [01:11<28:45, 17.78s/it]Best trial: 3. Best value: 0.565097:   4%|▍         | 4/100 [01:11<28:26, 17.77s/it]                                                                                    Best trial: 3. Best value: 0.565097:   4%|▍         | 4/100 [01:28<28:26, 17.77s/it]Best trial: 3. Best value: 0.565097:   4%|▍         | 4/100 [01:28<28:26, 17.77s/it]Best trial: 3. Best value: 0.565097:   5%|▌         | 5/100 [01:28<28:08, 17.78s/it]                                                                                    Best trial: 3. Best value: 0.565097:   5%|▌         | 5/100 [01:46<28:08, 17.78s/it]Best trial: 3. Best value: 0.565097:   5%|▌         | 5/100 [01:46<28:08, 17.78s/it]Best trial: 3. Best value: 0.565097:   6%|▌         | 6/100 [01:46<27:55, 17.83s/it]                                                                                    Best trial: 3. Best value: 0.565097:   6%|▌         | 6/100 [02:04<27:55, 17.83s/it]Best trial: 3. Best value: 0.565097:   6%|▌         | 6/100 [02:04<27:55, 17.83s/it]Best trial: 3. Best value: 0.565097:   7%|▋         | 7/100 [02:04<27:35, 17.80s/it]                                                                                    Best trial: 3. Best value: 0.565097:   7%|▋         | 7/100 [02:22<27:35, 17.80s/it]Best trial: 3. Best value: 0.565097:   7%|▋         | 7/100 [02:22<27:35, 17.80s/it]Best trial: 3. Best value: 0.565097:   8%|▊         | 8/100 [02:22<27:18, 17.81s/it]                                                                                    Best trial: 3. Best value: 0.565097:   8%|▊         | 8/100 [02:40<27:18, 17.81s/it]Best trial: 3. Best value: 0.565097:   8%|▊         | 8/100 [02:40<27:18, 17.81s/it]Best trial: 3. Best value: 0.565097:   9%|▉         | 9/100 [02:40<27:02, 17.82s/it]                                                                                    Best trial: 3. Best value: 0.565097:   9%|▉         | 9/100 [02:58<27:02, 17.82s/it]Best trial: 3. Best value: 0.565097:   9%|▉         | 9/100 [02:58<27:02, 17.82s/it]Best trial: 3. Best value: 0.565097:  10%|█         | 10/100 [02:58<26:43, 17.82s/it]                                                                                     Best trial: 3. Best value: 0.565097:  10%|█         | 10/100 [03:15<26:43, 17.82s/it]Best trial: 3. Best value: 0.565097:  10%|█         | 10/100 [03:15<26:43, 17.82s/it]Best trial: 3. Best value: 0.565097:  11%|█         | 11/100 [03:15<26:24, 17.80s/it]                                                                                     Best trial: 3. Best value: 0.565097:  11%|█         | 11/100 [03:33<26:24, 17.80s/it]Best trial: 11. Best value: 0.565182:  11%|█         | 11/100 [03:33<26:24, 17.80s/it]Best trial: 11. Best value: 0.565182:  12%|█▏        | 12/100 [03:33<26:05, 17.79s/it]                                                                                      Best trial: 11. Best value: 0.565182:  12%|█▏        | 12/100 [03:51<26:05, 17.79s/it]Best trial: 11. Best value: 0.565182:  12%|█▏        | 12/100 [03:51<26:05, 17.79s/it]Best trial: 11. Best value: 0.565182:  13%|█▎        | 13/100 [03:51<25:47, 17.79s/it]                                                                                      Best trial: 11. Best value: 0.565182:  13%|█▎        | 13/100 [04:09<25:47, 17.79s/it]Best trial: 11. Best value: 0.565182:  13%|█▎        | 13/100 [04:09<25:47, 17.79s/it]Best trial: 11. Best value: 0.565182:  14%|█▍        | 14/100 [04:09<25:29, 17.78s/it]                                                                                      Best trial: 11. Best value: 0.565182:  14%|█▍        | 14/100 [04:26<25:29, 17.78s/it]Best trial: 11. Best value: 0.565182:  14%|█▍        | 14/100 [04:26<25:29, 17.78s/it]Best trial: 11. Best value: 0.565182:  15%|█▌        | 15/100 [04:26<25:10, 17.78s/it]                                                                                      Best trial: 11. Best value: 0.565182:  15%|█▌        | 15/100 [04:44<25:10, 17.78s/it]Best trial: 11. Best value: 0.565182:  15%|█▌        | 15/100 [04:44<25:10, 17.78s/it]Best trial: 11. Best value: 0.565182:  16%|█▌        | 16/100 [04:44<24:53, 17.78s/it]                                                                                      Best trial: 11. Best value: 0.565182:  16%|█▌        | 16/100 [05:02<24:53, 17.78s/it]Best trial: 11. Best value: 0.565182:  16%|█▌        | 16/100 [05:02<24:53, 17.78s/it]Best trial: 11. Best value: 0.565182:  17%|█▋        | 17/100 [05:02<24:35, 17.77s/it]                                                                                      Best trial: 11. Best value: 0.565182:  17%|█▋        | 17/100 [05:20<24:35, 17.77s/it]Best trial: 11. Best value: 0.565182:  17%|█▋        | 17/100 [05:20<24:35, 17.77s/it]Best trial: 11. Best value: 0.565182:  18%|█▊        | 18/100 [05:20<24:16, 17.76s/it]                                                                                      Best trial: 11. Best value: 0.565182:  18%|█▊        | 18/100 [05:37<24:16, 17.76s/it]Best trial: 11. Best value: 0.565182:  18%|█▊        | 18/100 [05:37<24:16, 17.76s/it]Best trial: 11. Best value: 0.565182:  19%|█▉        | 19/100 [05:37<23:59, 17.77s/it]                                                                                      Best trial: 11. Best value: 0.565182:  19%|█▉        | 19/100 [05:55<23:59, 17.77s/it]Best trial: 11. Best value: 0.565182:  19%|█▉        | 19/100 [05:55<23:59, 17.77s/it]Best trial: 11. Best value: 0.565182:  20%|██        | 20/100 [05:55<23:45, 17.82s/it]                                                                                      Best trial: 11. Best value: 0.565182:  20%|██        | 20/100 [06:13<23:45, 17.82s/it]Best trial: 11. Best value: 0.565182:  20%|██        | 20/100 [06:13<23:45, 17.82s/it]Best trial: 11. Best value: 0.565182:  21%|██        | 21/100 [06:13<23:26, 17.80s/it]                                                                                      Best trial: 11. Best value: 0.565182:  21%|██        | 21/100 [06:31<23:26, 17.80s/it]Best trial: 21. Best value: 0.565193:  21%|██        | 21/100 [06:31<23:26, 17.80s/it]Best trial: 21. Best value: 0.565193:  22%|██▏       | 22/100 [06:31<23:06, 17.78s/it]                                                                                      Best trial: 21. Best value: 0.565193:  22%|██▏       | 22/100 [06:49<23:06, 17.78s/it]Best trial: 21. Best value: 0.565193:  22%|██▏       | 22/100 [06:49<23:06, 17.78s/it]Best trial: 21. Best value: 0.565193:  23%|██▎       | 23/100 [06:49<22:48, 17.77s/it]                                                                                      Best trial: 21. Best value: 0.565193:  23%|██▎       | 23/100 [07:06<22:48, 17.77s/it]Best trial: 21. Best value: 0.565193:  23%|██▎       | 23/100 [07:06<22:48, 17.77s/it]Best trial: 21. Best value: 0.565193:  24%|██▍       | 24/100 [07:06<22:30, 17.78s/it]                                                                                      Best trial: 21. Best value: 0.565193:  24%|██▍       | 24/100 [07:24<22:30, 17.78s/it]Best trial: 21. Best value: 0.565193:  24%|██▍       | 24/100 [07:24<22:30, 17.78s/it]Best trial: 21. Best value: 0.565193:  25%|██▌       | 25/100 [07:24<22:15, 17.80s/it]                                                                                      Best trial: 21. Best value: 0.565193:  25%|██▌       | 25/100 [07:42<22:15, 17.80s/it]Best trial: 21. Best value: 0.565193:  25%|██▌       | 25/100 [07:42<22:15, 17.80s/it]Best trial: 21. Best value: 0.565193:  26%|██▌       | 26/100 [07:42<21:56, 17.79s/it]                                                                                      Best trial: 21. Best value: 0.565193:  26%|██▌       | 26/100 [08:00<21:56, 17.79s/it]Best trial: 21. Best value: 0.565193:  26%|██▌       | 26/100 [08:00<21:56, 17.79s/it]Best trial: 21. Best value: 0.565193:  27%|██▋       | 27/100 [08:00<21:38, 17.79s/it]                                                        