[I 2025-05-13 16:42:59,358] Trial 0 finished with value: 0.559220631311348 and parameters: {'interp_param': 0.5873478308935379}. Best is trial 0 with value: 0.559220631311348.
[I 2025-05-13 16:43:17,237] Trial 1 finished with value: 0.5582224346365998 and parameters: {'interp_param': 0.2640748814094488}. Best is trial 0 with value: 0.559220631311348.
[I 2025-05-13 16:43:35,123] Trial 2 finished with value: 0.5576592917323793 and parameters: {'interp_param': 0.022244546096543028}. Best is trial 0 with value: 0.559220631311348.
[I 2025-05-13 16:43:52,957] Trial 3 finished with value: 0.5591620699730873 and parameters: {'interp_param': 0.5722398977799757}. Best is trial 0 with value: 0.559220631311348.
[I 2025-05-13 16:44:10,812] Trial 4 finished with value: 0.5581002865773761 and parameters: {'interp_param': 0.2144827493941316}. Best is trial 0 with value: 0.559220631311348.
[I 2025-05-13 16:44:28,853] Trial 5 finished with value: 0.5603237915715306 and parameters: {'interp_param': 0.816525145825089}. Best is trial 5 with value: 0.5603237915715306.
[I 2025-05-13 16:44:46,730] Trial 6 finished with value: 0.5580323004182065 and parameters: {'interp_param': 0.18600454867413363}. Best is trial 5 with value: 0.5603237915715306.
[I 2025-05-13 16:45:04,613] Trial 7 finished with value: 0.5583850591844581 and parameters: {'interp_param': 0.32700180132251255}. Best is trial 5 with value: 0.5603237915715306.
[I 2025-05-13 16:45:22,498] Trial 8 finished with value: 0.560414088772764 and parameters: {'interp_param': 0.8309967440073517}. Best is trial 8 with value: 0.560414088772764.
[I 2025-05-13 16:45:40,421] Trial 9 finished with value: 0.5592903875903303 and parameters: {'interp_param': 0.6049869449762724}. Best is trial 8 with value: 0.560414088772764.
[I 2025-05-13 16:45:58,322] Trial 10 finished with value: 0.5613930471325785 and parameters: {'interp_param': 0.9649329245341682}. Best is trial 10 with value: 0.5613930471325785.
[I 2025-05-13 16:46:16,252] Trial 11 finished with value: 0.5614309985013612 and parameters: {'interp_param': 0.9721094363528968}. Best is trial 11 with value: 0.5614309985013612.
[I 2025-05-13 16:46:34,168] Trial 12 finished with value: 0.5614171918179037 and parameters: {'interp_param': 0.9693561447660924}. Best is trial 11 with value: 0.5614309985013612.
[I 2025-05-13 16:46:52,047] Trial 13 finished with value: 0.5613138419289284 and parameters: {'interp_param': 0.9525557651395956}. Best is trial 11 with value: 0.5614309985013612.
[I 2025-05-13 16:47:09,934] Trial 14 finished with value: 0.5599160933079115 and parameters: {'interp_param': 0.7435011453032634}. Best is trial 11 with value: 0.5614309985013612.
[I 2025-05-13 16:47:27,844] Trial 15 finished with value: 0.5597936404365669 and parameters: {'interp_param': 0.719125303817769}. Best is trial 11 with value: 0.5614309985013612.
[I 2025-05-13 16:47:45,754] Trial 16 finished with value: 0.5613422954122825 and parameters: {'interp_param': 0.9960678501914157}. Best is trial 11 with value: 0.5614309985013612.
[I 2025-05-13 16:48:03,631] Trial 17 finished with value: 0.5586674580734254 and parameters: {'interp_param': 0.4265127539698881}. Best is trial 11 with value: 0.5614309985013612.
[I 2025-05-13 16:48:21,525] Trial 18 finished with value: 0.5607439941623708 and parameters: {'interp_param': 0.8801111469306835}. Best is trial 11 with value: 0.5614309985013612.
[I 2025-05-13 16:48:39,551] Trial 19 finished with value: 0.5597400497453884 and parameters: {'interp_param': 0.708104602084538}. Best is trial 11 with value: 0.5614309985013612.
[I 2025-05-13 16:48:57,450] Trial 20 finished with value: 0.5607656651994131 and parameters: {'interp_param': 0.8830386071920568}. Best is trial 11 with value: 0.5614309985013612.
[I 2025-05-13 16:49:15,343] Trial 21 finished with value: 0.5612603858170719 and parameters: {'interp_param': 0.9974119747365189}. Best is trial 11 with value: 0.5614309985013612.
[I 2025-05-13 16:49:33,194] Trial 22 finished with value: 0.5610357294917967 and parameters: {'interp_param': 0.9170298204026751}. Best is trial 11 with value: 0.5614309985013612.
[I 2025-05-13 16:49:51,092] Trial 23 finished with value: 0.5602251667725914 and parameters: {'interp_param': 0.7996982970509742}. Best is trial 11 with value: 0.5614309985013612.
[I 2025-05-13 16:50:08,913] Trial 24 finished with value: 0.5609980821818924 and parameters: {'interp_param': 0.9125967785947097}. Best is trial 11 with value: 0.5614309985013612.
[I 2025-05-13 16:50:26,814] Trial 25 finished with value: 0.5594420630055944 and parameters: {'interp_param': 0.6419241518221515}. Best is trial 11 with value: 0.5614309985013612.
[I 2025-05-13 16:50:44,664] Trial 26 finished with value: 0.5601728628706384 and parameters: {'interp_param': 0.7905758812399337}. Best is trial 11 with value: 0.5614309985013612.
[I 2025-05-13 16:51:02,529] Trial 27 finished with value: 0.5587320895416991 and parameters: {'interp_param': 0.44803992798102815}. Best is trial 11 with value: 0.5614309985013612.
[I 2025-05-13 16:51:20,401] Trial 28 finished with value: 0.5614246750307966 and parameters: {'interp_param': 0.9911105884441972}. Best is trial 11 with value: 0.5614309985013612.
[I 2025-05-13 16:51:38,261] Trial 29 finished with value: 0.5606311797817166 and parameters: {'interp_param': 0.8642801599337676}. Best is trial 11 with value: 0.5614309985013612.
[I 2025-05-13 16:51:56,157] Trial 30 finished with value: 0.5595532250233426 and parameters: {'interp_param': 0.6675648509812608}. Best is trial 11 with value: 0.5614309985013612.
[I 2025-05-13 16:52:14,015] Trial 31 finished with value: 0.5613131147988607 and parameters: {'interp_param': 0.952455043478186}. Best is trial 11 with value: 0.5614309985013612.
[I 2025-05-13 16:52:31,884] Trial 32 finished with value: 0.5613431656584202 and parameters: {'interp_param': 0.9960416270177552}. Best is trial 11 with value: 0.5614309985013612.
[I 2025-05-13 16:52:49,783] Trial 33 finished with value: 0.5612185673014303 and parameters: {'interp_param': 0.9390697146788755}. Best is trial 11 with value: 0.5614309985013612.
[I 2025-05-13 16:53:07,800] Trial 34 finished with value: 0.5576642739291795 and parameters: {'interp_param': 0.024415579131478515}. Best is trial 11 with value: 0.5614309985013612.
[I 2025-05-13 16:53:25,701] Trial 35 finished with value: 0.5599876397931721 and parameters: {'interp_param': 0.7571425523834989}. Best is trial 11 with value: 0.5614309985013612.
[I 2025-05-13 16:53:43,573] Trial 36 finished with value: 0.5604823217443841 and parameters: {'interp_param': 0.8416690184007865}. Best is trial 11 with value: 0.5614309985013612.
[I 2025-05-13 16:54:01,456] Trial 37 finished with value: 0.5611817083853149 and parameters: {'interp_param': 0.934552074197065}. Best is trial 11 with value: 0.5614309985013612.
[I 2025-05-13 16:54:19,304] Trial 38 finished with value: 0.56079375411341 and parameters: {'interp_param': 0.8867580702960447}. Best is trial 11 with value: 0.5614309985013612.
[I 2025-05-13 16:54:37,192] Trial 39 finished with value: 0.5589119563119365 and parameters: {'interp_param': 0.5026594222868117}. Best is trial 11 with value: 0.5614309985013612.
[I 2025-05-13 16:54:55,061] Trial 40 finished with value: 0.5602130571444265 and parameters: {'interp_param': 0.7975663287704696}. Best is trial 11 with value: 0.5614309985013612.
[I 2025-05-13 16:55:12,844] Trial 41 finished with value: 0.5614561206443361 and parameters: {'interp_param': 0.9865979169972503}. Best is trial 41 with value: 0.5614561206443361.
[I 2025-05-13 16:55:30,723] Trial 42 finished with value: 0.5614122638545614 and parameters: {'interp_param': 0.9683891525647156}. Best is trial 41 with value: 0.5614561206443361.
[I 2025-05-13 16:55:48,579] Trial 43 finished with value: 0.5605719726635753 and parameters: {'interp_param': 0.8554869130728597}. Best is trial 41 with value: 0.5614561206443361.
[I 2025-05-13 16:56:06,503] Trial 44 finished with value: 0.5613360088505991 and parameters: {'interp_param': 0.9962395881058239}. Best is trial 41 with value: 0.5614561206443361.
[I 2025-05-13 16:56:24,417] Trial 45 finished with value: 0.5610775670895809 and parameters: {'interp_param': 0.9218668452158606}. Best is trial 41 with value: 0.5614561206443361.
[I 2025-05-13 16:56:42,314] Trial 46 finished with value: 0.5582820808951031 and parameters: {'interp_param': 0.2873611445090601}. Best is trial 41 with value: 0.5614561206443361.
[I 2025-05-13 16:57:00,174] Trial 47 finished with value: 0.5613896844070961 and parameters: {'interp_param': 0.9644039955062367}. Best is trial 41 with value: 0.5614561206443361.
[I 2025-05-13 16:57:18,074] Trial 48 finished with value: 0.5609257139090931 and parameters: {'interp_param': 0.9035979082097869}. Best is trial 41 with value: 0.5614561206443361.
[I 2025-05-13 16:57:36,133] Trial 49 finished with value: 0.557954117364593 and parameters: {'interp_param': 0.15322198273712284}. Best is trial 41 with value: 0.5614561206443361.
[I 2025-05-13 16:57:54,084] Trial 50 finished with value: 0.5604423795557438 and parameters: {'interp_param': 0.8353872708135752}. Best is trial 41 with value: 0.5614561206443361.
[I 2025-05-13 16:58:12,010] Trial 51 finished with value: 0.5613825115301023 and parameters: {'interp_param': 0.9633465626630746}. Best is trial 41 with value: 0.5614561206443361.
[I 2025-05-13 16:58:29,906] Trial 52 finished with value: 0.5613988877747178 and parameters: {'interp_param': 0.9658938150234297}. Best is trial 41 with value: 0.5614561206443361.
[I 2025-05-13 16:58:47,811] Trial 53 finished with value: 0.5613237518379901 and parameters: {'interp_param': 0.9965124601959282}. Best is trial 41 with value: 0.5614561206443361.
[I 2025-05-13 16:59:05,693] Trial 54 finished with value: 0.5609522870481526 and parameters: {'interp_param': 0.9070488295986717}. Best is trial 41 with value: 0.5614561206443361.
[I 2025-05-13 16:59:23,623] Trial 55 finished with value: 0.5613768273113167 and parameters: {'interp_param': 0.9621504085200628}. Best is trial 41 with value: 0.5614561206443361.
[I 2025-05-13 16:59:41,524] Trial 56 finished with value: 0.5600865533350595 and parameters: {'interp_param': 0.7753471956026841}. Best is trial 41 with value: 0.5614561206443361.
[I 2025-05-13 16:59:59,374] Trial 57 finished with value: 0.560728801512762 and parameters: {'interp_param': 0.877970360490056}. Best is trial 41 with value: 0.5614561206443361.
[I 2025-05-13 17:00:17,155] Trial 58 finished with value: 0.5604084808825491 and parameters: {'interp_param': 0.8302021040275703}. Best is trial 41 with value: 0.5614561206443361.
[I 2025-05-13 17:00:34,996] Trial 59 finished with value: 0.5598050852027086 and parameters: {'interp_param': 0.7213363959789401}. Best is trial 41 with value: 0.5614561206443361.
[I 2025-05-13 17:00:52,862] Trial 60 finished with value: 0.5590765691688441 and parameters: {'interp_param': 0.5493643436296527}. Best is trial 41 with value: 0.5614561206443361.
[I 2025-05-13 17:01:10,726] Trial 61 finished with value: 0.5613639463628588 and parameters: {'interp_param': 0.960141153926851}. Best is trial 41 with value: 0.5614561206443361.
[I 2025-05-13 17:01:28,623] Trial 62 finished with value: 0.5611773026700876 and parameters: {'interp_param': 0.9339614133557631}. Best is trial 41 with value: 0.5614561206443361.
[I 2025-05-13 17:01:46,481] Trial 63 finished with value: 0.5608777388916351 and parameters: {'interp_param': 0.9994068424686987}. Best is trial 41 with value: 0.5614561206443361.
[I 2025-05-13 17:02:04,534] Trial 64 finished with value: 0.5608088267463848 and parameters: {'interp_param': 0.8887784976280658}. Best is trial 41 with value: 0.5614561206443361.
[I 2025-05-13 17:02:22,382] Trial 65 finished with value: 0.5614058811289222 and parameters: {'interp_param': 0.9673050684179632}. Best is trial 41 with value: 0.5614561206443361.
[I 2025-05-13 17:02:40,300] Trial 66 finished with value: 0.5611063417053095 and parameters: {'interp_param': 0.9252369677494081}. Best is trial 41 with value: 0.5614561206443361.
[I 2025-05-13 17:02:58,180] Trial 67 finished with value: 0.5606209587835134 and parameters: {'interp_param': 0.862806695089066}. Best is trial 41 with value: 0.5614561206443361.
[I 2025-05-13 17:03:16,027] Trial 68 finished with value: 0.5614187776443911 and parameters: {'interp_param': 0.9696361706664952}. Best is trial 41 with value: 0.5614561206443361.
[I 2025-05-13 17:03:33,863] Trial 69 finished with value: 0.5614103383157184 and parameters: {'interp_param': 0.9680232630997521}. Best is trial 41 with value: 0.5614561206443361.
[I 2025-05-13 17:03:51,729] Trial 70 finished with value: 0.5584947385699378 and parameters: {'interp_param': 0.3674275519617177}. Best is trial 41 with value: 0.5614561206443361.
[I 2025-05-13 17:04:09,622] Trial 71 finished with value: 0.5614027903239727 and parameters: {'interp_param': 0.9666678172705635}. Best is trial 41 with value: 0.5614561206443361.
[I 2025-05-13 17:04:27,495] Trial 72 finished with value: 0.5609273733022622 and parameters: {'interp_param': 0.9038251463997531}. Best is trial 41 with value: 0.5614561206443361.
[I 2025-05-13 17:04:45,407] Trial 73 finished with value: 0.5611640277758162 and parameters: {'interp_param': 0.9324236969096329}. Best is trial 41 with value: 0.5614561206443361.
[I 2025-05-13 17:05:03,314] Trial 74 finished with value: 0.5614581046850113 and parameters: {'interp_param': 0.978488150475854}. Best is trial 74 with value: 0.5614581046850113.
[I 2025-05-13 17:05:21,171] Trial 75 finished with value: 0.5603186624924479 and parameters: {'interp_param': 0.8157472108644217}. Best is trial 74 with value: 0.5614581046850113.
[I 2025-05-13 17:05:39,061] Trial 76 finished with value: 0.5614575944887759 and parameters: {'interp_param': 0.978361086553282}. Best is trial 74 with value: 0.5614581046850113.
[I 2025-05-13 17:05:56,955] Trial 77 finished with value: 0.5611807447371105 and parameters: {'interp_param': 0.9344375001654978}. Best is trial 74 with value: 0.5614581046850113.
[I 2025-05-13 17:06:14,986] Trial 78 finished with value: 0.5607291728613013 and parameters: {'interp_param': 0.8780319509721821}. Best is trial 74 with value: 0.5614581046850113.
[I 2025-05-13 17:06:32,859] Trial 79 finished with value: 0.560324560632096 and parameters: {'interp_param': 0.9999958295765209}. Best is trial 74 with value: 0.5614581046850113.
[I 2025-05-13 17:06:50,751] Trial 80 finished with value: 0.5609179336675847 and parameters: {'interp_param': 0.9026223409854781}. Best is trial 74 with value: 0.5614581046850113.
[I 2025-05-13 17:07:08,600] Trial 81 finished with value: 0.5614598657659142 and parameters: {'interp_param': 0.9790298696574031}. Best is trial 81 with value: 0.5614598657659142.
[I 2025-05-13 17:07:26,472] Trial 82 finished with value: 0.5612338445652771 and parameters: {'interp_param': 0.9410042853656307}. Best is trial 81 with value: 0.5614598657659142.
[I 2025-05-13 17:07:44,297] Trial 83 finished with value: 0.5614591896052539 and parameters: {'interp_param': 0.978881021982526}. Best is trial 81 with value: 0.5614598657659142.
[I 2025-05-13 17:08:02,175] Trial 84 finished with value: 0.5614619663080919 and parameters: {'interp_param': 0.9845025439095735}. Best is trial 84 with value: 0.5614619663080919.
[I 2025-05-13 17:08:20,049] Trial 85 finished with value: 0.561464598388375 and parameters: {'interp_param': 0.9837070028062274}. Best is trial 85 with value: 0.561464598388375.
[I 2025-05-13 17:08:37,917] Trial 86 finished with value: 0.5614618739103485 and parameters: {'interp_param': 0.9845560120269038}. Best is trial 85 with value: 0.561464598388375.
[I 2025-05-13 17:08:55,769] Trial 87 finished with value: 0.5610387730935512 and parameters: {'interp_param': 0.9173322896315781}. Best is trial 85 with value: 0.561464598388375.
[I 2025-05-13 17:09:13,623] Trial 88 finished with value: 0.5614645423973511 and parameters: {'interp_param': 0.983585567547118}. Best is trial 85 with value: 0.561464598388375.
[I 2025-05-13 17:09:31,486] Trial 89 finished with value: 0.5612863812191543 and parameters: {'interp_param': 0.9484258614777673}. Best is trial 85 with value: 0.561464598388375.
[I 2025-05-13 17:09:49,354] Trial 90 finished with value: 0.5605898182331757 and parameters: {'interp_param': 0.8581973689429255}. Best is trial 85 with value: 0.561464598388375.
[I 2025-05-13 17:10:07,253] Trial 91 finished with value: 0.5614599225101805 and parameters: {'interp_param': 0.9790375766107278}. Best is trial 85 with value: 0.561464598388375.
[I 2025-05-13 17:10:25,178] Trial 92 finished with value: 0.5614646586477728 and parameters: {'interp_param': 0.9827171138029739}. Best is trial 92 with value: 0.5614646586477728.
[I 2025-05-13 17:10:43,257] Trial 93 finished with value: 0.5614628099396621 and parameters: {'interp_param': 0.9808195499797772}. Best is trial 92 with value: 0.5614646586477728.
[I 2025-05-13 17:11:01,191] Trial 94 finished with value: 0.5612615239664493 and parameters: {'interp_param': 0.9448067425340921}. Best is trial 92 with value: 0.5614646586477728.
[I 2025-05-13 17:11:19,131] Trial 95 finished with value: 0.5610374988583668 and parameters: {'interp_param': 0.917202095840881}. Best is trial 92 with value: 0.5614646586477728.
[I 2025-05-13 17:11:37,032] Trial 96 finished with value: 0.5608412982761732 and parameters: {'interp_param': 0.893095156100989}. Best is trial 92 with value: 0.5614646586477728.
[I 2025-05-13 17:11:54,930] Trial 97 finished with value: 0.5614638692496606 and parameters: {'interp_param': 0.9813979148604299}. Best is trial 92 with value: 0.5614646586477728.
[I 2025-05-13 17:12:12,874] Trial 98 finished with value: 0.561242456637557 and parameters: {'interp_param': 0.9420890374847857}. Best is trial 92 with value: 0.5614646586477728.
