[I 2025-05-13 17:36:36,042] Trial 99 finished with value: 0.5623118648557462 and parameters: {'threshold_scale_factor': 0.6890233338695917}. Best is trial 63 with value: 0.5623370168773392.
Best hyperparameters: {'threshold_scale_factor': 0.6549761715549165}
Best optimized value: 0.5623370168773392
Running audit 1/1
Training a GCN target model on flickr...
Training GCN on cuda:   0%|          | 0/800 [00:00<?, ?it/s]Training GCN on cuda:   1%|▏         | 10/800 [00:00<00:08, 93.26it/s]Training GCN on cuda:   3%|▎         | 21/800 [00:00<00:07, 98.81it/s]Training GCN on cuda:   4%|▍         | 32/800 [00:00<00:07, 103.08it/s]Training GCN on cuda:   5%|▌         | 43/800 [00:00<00:07, 105.15it/s]Training GCN on cuda:   7%|▋         | 54/800 [00:00<00:07, 106.35it/s]Training GCN on cuda:   8%|▊         | 65/800 [00:00<00:06, 107.04it/s]Training GCN on cuda:  10%|▉         | 76/800 [00:00<00:06, 107.51it/s]Training GCN on cuda:  11%|█         | 87/800 [00:00<00:06, 107.86it/s]Training GCN on cuda:  12%|█▏        | 98/800 [00:00<00:06, 108.04it/s]Training GCN on cuda:  14%|█▎        | 109/800 [00:01<00:06, 108.16it/s]Training GCN on cuda:  15%|█▌        | 120/800 [00:01<00:06, 108.24it/s]Training GCN on cuda:  16%|█▋        | 131/800 [00:01<00:06, 108.30it/s]Training GCN on cuda:  18%|█▊        | 142/800 [00:01<00:06, 108.39it/s]Training GCN on cuda:  19%|█▉        | 153/800 [00:01<00:05, 108.42it/s]Training GCN on cuda:  20%|██        | 164/800 [00:01<00:05, 108.44it/s]Training GCN on cuda:  22%|██▏       | 175/800 [00:01<00:05, 108.41it/s]Training GCN on cuda:  23%|██▎       | 186/800 [00:01<00:05, 108.43it/s]Training GCN on cuda:  25%|██▍       | 197/800 [00:01<00:05, 108.46it/s]Training GCN on cuda:  26%|██▌       | 208/800 [00:01<00:05, 108.42it/s]Training GCN on cuda:  27%|██▋       | 219/800 [00:02<00:05, 108.43it/s]Training GCN on cuda:  29%|██▉       | 230/800 [00:02<00:05, 108.45it/s]Training GCN on cuda:  30%|███       | 241/800 [00:02<00:05, 108.45it/s]Training GCN on cuda:  32%|███▏      | 252/800 [00:02<00:05, 108.45it/s]Training GCN on cuda:  33%|███▎      | 263/800 [00:02<00:04, 108.47it/s]Training GCN on cuda:  34%|███▍      | 274/800 [00:02<00:04, 108.48it/s]Training GCN on cuda:  36%|███▌      | 285/800 [00:02<00:04, 108.46it/s]Training GCN on cuda:  37%|███▋      | 296/800 [00:02<00:04, 108.48it/s]Training GCN on cuda:  38%|███▊      | 307/800 [00:02<00:04, 108.51it/s]Training GCN on cuda:  40%|███▉      | 318/800 [00:02<00:04, 108.48it/s]Training GCN on cuda:  41%|████      | 329/800 [00:03<00:04, 108.48it/s]Training GCN on cuda:  42%|████▎     | 340/800 [00:03<00:04, 108.49it/s]Training GCN on cuda:  44%|████▍     | 351/800 [00:03<00:04, 108.50it/s]Training GCN on cuda:  45%|████▌     | 362/800 [00:03<00:04, 108.51it/s]Training GCN on cuda:  47%|████▋     | 373/800 [00:03<00:03, 108.48it/s]Training GCN on cuda:  48%|████▊     | 384/800 [00:03<00:03, 108.45it/s]Training GCN on cuda:  49%|████▉     | 395/800 [00:03<00:03, 108.47it/s]Training GCN on cuda:  51%|█████     | 406/800 [00:03<00:03, 108.46it/s]Training GCN on cuda:  52%|█████▏    | 417/800 [00:03<00:03, 108.48it/s]Training GCN on cuda:  54%|█████▎    | 428/800 [00:03<00:03, 108.49it/s]Training GCN on cuda:  55%|█████▍    | 439/800 [00:04<00:03, 108.49it/s]Training GCN on cuda:  56%|█████▋    | 450/800 [00:04<00:03, 108.48it/s]Training GCN on cuda:  58%|█████▊    | 461/800 [00:04<00:03, 108.38it/s]Training GCN on cuda:  59%|█████▉    | 472/800 [00:04<00:03, 108.17it/s]Training GCN on cuda:  60%|██████    | 483/800 [00:04<00:02, 107.94it/s]Training GCN on cuda:  62%|██████▏   | 494/800 [00:04<00:02, 107.85it/s]Training GCN on cuda:  63%|██████▎   | 505/800 [00:04<00:02, 107.76it/s]Training GCN on cuda:  64%|██████▍   | 516/800 [00:04<00:02, 107.68it/s]Training GCN on cuda:  66%|██████▌   | 527/800 [00:04<00:02, 106.60it/s]Training GCN on cuda:  67%|██████▋   | 538/800 [00:04<00:02, 106.13it/s]Training GCN on cuda:  69%|██████▊   | 549/800 [00:05<00:02, 105.98it/s]Training GCN on cuda:  70%|███████   | 560/800 [00:05<00:02, 106.39it/s]Training GCN on cuda:  71%|███████▏  | 571/800 [00:05<00:02, 106.85it/s]Training GCN on cuda:  73%|███████▎  | 582/800 [00:05<00:02, 107.03it/s]Training GCN on cuda:  74%|███████▍  | 593/800 [00:05<00:01, 107.02it/s]Training GCN on cuda:  76%|███████▌  | 604/800 [00:05<00:01, 107.37it/s]Training GCN on cuda:  77%|███████▋  | 615/800 [00:05<00:01, 107.67it/s]Training GCN on cuda:  78%|███████▊  | 626/800 [00:05<00:01, 107.70it/s]Training GCN on cuda:  80%|███████▉  | 637/800 [00:05<00:01, 107.62it/s]Training GCN on cuda:  81%|████████  | 648/800 [00:06<00:01, 107.83it/s]Training GCN on cuda:  82%|████████▏ | 659/800 [00:06<00:01, 108.00it/s]Training GCN on cuda:  84%|████████▍ | 670/800 [00:06<00:01, 108.13it/s]Training GCN on cuda:  85%|████████▌ | 681/800 [00:06<00:01, 108.18it/s]Training GCN on cuda:  86%|████████▋ | 692/800 [00:06<00:00, 108.26it/s]Training GCN on cuda:  88%|████████▊ | 703/800 [00:06<00:00, 108.30it/s]Training GCN on cuda:  89%|████████▉ | 714/800 [00:06<00:00, 108.31it/s]Training GCN on cuda:  91%|█████████ | 725/800 [00:06<00:00, 108.33it/s]Training GCN on cuda:  92%|█████████▏| 736/800 [00:06<00:00, 108.31it/s]Training GCN on cuda:  93%|█████████▎| 747/800 [00:06<00:00, 108.26it/s]Training GCN on cuda:  95%|█████████▍| 758/800 [00:07<00:00, 108.22it/s]Training GCN on cuda:  96%|█████████▌| 769/800 [00:07<00:00, 108.24it/s]Training GCN on cuda:  98%|█████████▊| 780/800 [00:07<00:00, 107.42it/s]Training GCN on cuda:  99%|█████████▉| 791/800 [00:07<00:00, 106.54it/s]Training GCN on cuda: 100%|██████████| 800/800 [00:07<00:00, 107.74it/s]
Train accuracy: 0.5641 | Test accuracy: 0.4743
Training MLP on cuda:   0%|          | 0/1000 [00:00<?, ?it/s]Training MLP on cuda:   0%|          | 1/1000 [01:46<29:38:58, 106.84s/it]Training MLP on cuda:   0%|          | 2/1000 [03:33<29:37:59, 106.89s/it]Training MLP on cuda:   0%|          | 3/1000 [05:20<29:37:29, 106.97s/it]Training MLP on cuda:   0%|          | 4/1000 [07:08<29:38:28, 107.14s/it]Training MLP on cuda:   0%|          | 5/1000 [08:55<29:38:11, 107.23s/it]Training MLP on cuda:   1%|          | 6/1000 [10:42<29:35:07, 107.15s/it]Training MLP on cuda:   1%|          | 7/1000 [12:29<29:32:46, 107.12s/it]Training MLP on cuda:   1%|          | 8/1000 [14:16<29:27:12, 106.89s/it]Training MLP on cuda:   1%|          | 9/1000 [16:02<29:23:20, 106.76s/it]Training MLP on cuda:   1%|          | 10/1000 [17:49<29:20:02, 106.67s/it]Training MLP on cuda:   1%|          | 11/1000 [19:34<29:14:32, 106.44s/it]Training MLP on cuda:   1%|          | 12/1000 [21:20<29:10:35, 106.31s/it]Training MLP on cuda:   1%|▏         | 13/1000 [23:06<29:07:10, 106.21s/it]Training MLP on cuda:   1%|▏         | 14/1000 [24:52<29:03:46, 106.11s/it]Training MLP on cuda:   2%|▏         | 15/1000 [26:38<29:00:02, 105.99s/it]Training MLP on cuda:   2%|▏         | 16/1000 [28:24<28:56:26, 105.88s/it]Training MLP on cuda:   2%|▏         | 17/1000 [30:10<28:57:07, 106.03s/it]Training MLP on cuda:   2%|▏         | 18/1000 [31:56<28:54:24, 105.97s/it]Training MLP on cuda:   2%|▏         | 19/1000 [33:42<28:55:10, 106.13s/it]Training MLP on cuda:   2%|▏         | 20/1000 [35:29<28:54:09, 106.17s/it]Training MLP on cuda:   2%|▏         | 21/1000 [37:14<28:50:14, 106.04s/it]Training MLP on cuda:   2%|▏         | 22/1000 [39:00<28:46:47, 105.94s/it]Training MLP on cuda:   2%|▏         | 23/1000 [40:47<28:47:58, 106.12s/it]Training MLP on cuda:   2%|▏         | 24/1000 [42:34<28:50:39, 106.39s/it]Training MLP on cuda:   2%|▎         | 25/1000 [44:20<28:50:18, 106.48s/it]Training MLP on cuda:   3%|▎         | 26/1000 [46:07<28:48:56, 106.51s/it]Training MLP on cuda:   3%|▎         | 27/1000 [47:53<28:45:07, 106.38s/it]Training MLP on cuda:   3%|▎         | 28/1000 [49:39<28:43:07, 106.37s/it]Training MLP on cuda:   3%|▎         | 29/1000 [51:26<28:43:33, 106.50s/it]Training MLP on cuda:   3%|▎         | 30/1000 [53:13<28:41:45, 106.50s/it]Training MLP on cuda:   3%|▎         | 31/1000 [54:59<28:38:09, 106.39s/it]Training MLP on cuda:   3%|▎         | 32/1000 [56:45<28:35:25, 106.33s/it]Training MLP on cuda:   3%|▎         | 33/1000 [58:32<28:35:26, 106.44s/it]Training MLP on cuda:   3%|▎         | 34/1000 [1:00:19<28:36:24, 106.61s/it]Training MLP on cuda:   4%|▎         | 35/1000 [1:02:04<28:30:06, 106.33s/it]Training MLP on cuda:   4%|▎         | 36/1000 [1:03:50<28:24:17, 106.08s/it]Training MLP on cuda:   4%|▎         | 37/1000 [1:05:36<28:20:45, 105.97s/it]Training MLP on cuda:   4%|▍         | 38/1000 [1:07:21<28:18:35, 105.94s/it]Training MLP on cuda:   4%|▍         | 39/1000 [1:09:07<28:16:18, 105.91s/it]Training MLP on cuda:   4%|▍         | 40/1000 [1:10:53<28:15:56, 106.00s/it]Training MLP on cuda:   4%|▍         | 41/1000 [1:12:40<28:16:31, 106.14s/it]Training MLP on cuda:   4%|▍         | 42/1000 [1:14:26<28:16:07, 106.23s/it]Training MLP on cuda:   4%|▍         | 43/1000 [1:16:12<28:13:39, 106.19s/it]Training MLP on cuda:   4%|▍         | 44/1000 [1:17:59<28:11:58, 106.19s/it]Training MLP on cuda:   4%|▍         | 45/1000 [1:19:46<28:14:57, 106.49s/it]Training MLP on cuda:   5%|▍         | 46/1000 [1:21:32<28:13:15, 106.49s/it]Training MLP on cuda:   5%|▍         | 47/1000 [1:23:19<28:11:17, 106.48s/it]Training MLP on cuda:   5%|▍         | 48/1000 [1:25:05<28:08:07, 106.39s/it]Training MLP on cuda:   5%|▍         | 49/1000 [1:26:52<28:07:49, 106.49s/it]Training MLP on cuda:   5%|▌         | 50/1000 [1:28:38<28:05:38, 106.46s/it]Training MLP on cuda:   5%|▌         | 51/1000 [1:30:24<28:01:33, 106.32s/it]Training MLP on cuda:   5%|▌         | 52/1000 [1:32:10<28:00:07, 106.34s/it]Training MLP on cuda:   5%|▌         | 53/1000 [1:33:57<27:59:20, 106.40s/it]Training MLP on cuda:   5%|▌         | 54/1000 [1:35:43<27:54:54, 106.23s/it]Training MLP on cuda:   6%|▌         | 55/1000 [1:37:28<27:50:33, 106.07s/it]Training MLP on cuda:   6%|▌         | 56/1000 [1:39:15<27:49:10, 106.09s/it]Training MLP on cuda:   6%|▌         | 57/1000 [1:41:01<27:47:56, 106.13s/it]Training MLP on cuda:   6%|▌         | 58/1000 [1:42:48<27:49:25, 106.33s/it]Training MLP on cuda:   6%|▌         | 59/1000 [1:44:34<27:45:42, 106.21s/it]Training MLP on cuda:   6%|▌         | 60/1000 [1:46:19<27:40:56, 106.02s/it]Training MLP on cuda:   6%|▌         | 61/1000 [1:48:05<27:37:23, 105.90s/it]Training MLP on cuda:   6%|▌         | 62/1000 [1:49:50<27:33:31, 105.77s/it]Training MLP on cuda:   6%|▋         | 63/1000 [1:51:35<27:29:12, 105.61s/it]Training MLP on cuda:   6%|▋         | 64/1000 [1:53:21<27:26:33, 105.55s/it]Training MLP on cuda:   6%|▋         | 65/1000 [1:55:06<27:24:52, 105.55s/it]Training MLP on cuda:   7%|▋         | 66/1000 [1:56:52<27:23:27, 105.57s/it]Training MLP on cuda:   7%|▋         | 67/1000 [1:58:38<27:22:50, 105.65s/it]Training MLP on cuda:   7%|▋         | 68/1000 [2:00:23<27:19:40, 105.56s/it]Training MLP on cuda:   7%|▋         | 69/1000 [2:02:09<27:17:46, 105.55s/it]Training MLP on cuda:   7%|▋         | 70/1000 [2:03:54<27:15:20, 105.51s/it]Training MLP on cuda:   7%|▋         | 71/1000 [2:05:39<27:12:07, 105.41s/it]Training MLP on cuda:   7%|▋         | 72/1000 [2:07:25<27:09:39, 105.37s/it]Training MLP on cuda:   7%|▋         | 73/1000 [2:09:10<27:08:35, 105.41s/it]Training MLP on cuda:   7%|▋         | 74/1000 [2:10:56<27:07:26, 105.45s/it]Training MLP on cuda:   8%|▊         | 75/1000 [2:12:41<27:04:58, 105.40s/it]Training MLP on cuda:   8%|▊         | 76/1000 [2:14:27<27:04:05, 105.46s/it]Training MLP on cuda:   8%|▊         | 77/1000 [2:16:12<27:02:43, 105.49s/it]Training MLP on cuda:   8%|▊         | 78/1000 [2:17:58<27:00:55, 105.48s/it]Training MLP on cuda:   8%|▊         | 79/1000 [2:19:43<26:58:18, 105.43s/it]Training MLP on cuda:   8%|▊         | 80/1000 [2:21:28<26:57:07, 105.46s/it]Training MLP on cuda:   8%|▊         | 81/1000 [2:23:14<26:56:25, 105.53s/it]Training MLP on cuda:   8%|▊         | 82/1000 [2:25:00<26:55:32, 105.59s/it]Training MLP on cuda:   8%|▊         | 83/1000 [2:26:45<26:53:13, 105.55s/it]Training MLP on cuda:   8%|▊         | 84/1000 [2:28:31<26:50:55, 105.52s/it]Training MLP on cuda:   8%|▊         | 85/1000 [2:30:16<26:49:35, 105.55s/it]Training MLP on cuda:   9%|▊         | 86/1000 [2:32:02<26:47:27, 105.52s/it]Training MLP on cuda:   9%|▊         | 87/1000 [2:33:47<26:43:58, 105.41s/it]Training MLP on cuda:   9%|▉         | 88/1000 [2:35:32<26:41:53, 105.39s/it]Training MLP on cuda:   9%|▉         | 89/1000 [2:37:18<26:41:23, 105.47s/it]Training MLP on cuda:   9%|▉         | 90/1000 [2:39:03<26:39:34, 105.47s/it]Training MLP on cuda:   9%|▉         | 91/1000 [2:40:49<26:38:30, 105.51s/it]Training MLP on cuda:   9%|▉         | 92/1000 [2:42:35<26:39:06, 105.67s/it]Training MLP on cuda:   9%|▉         | 93/1000 [2:44:21<26:39:34, 105.82s/it]Training MLP on cuda:   9%|▉         | 94/1000 [2:46:07<26:38:25, 105.86s/it]Training MLP on cuda:  10%|▉         | 95/1000 [2:47:53<26:37:46, 105.93s/it]Training MLP on cuda:  10%|▉         | 96/1000 [2:49:39<26:36:17, 105.95s/it]Training MLP on cuda:  10%|▉         | 97/1000 [2:51:25<26:34:24, 105.94s/it]Training MLP on cuda:  10%|▉         | 98/1000 [2:53:11<26:32:46, 105.95s/it]Training MLP on cuda:  10%|▉         | 99/1000 [2:54:57<26:31:25, 105.98s/it]Training MLP on cuda:  10%|█         | 100/1000 [2:56:43<26:30:53, 106.06s/it]Training MLP on cuda:  10%|█         | 101/1000 [2:58:30<26:29:33, 106.09s/it]Training MLP on cuda:  10%|█         | 101/1000 [3:00:16<26:44:34, 107.09s/it]
Training MLP on cuda:   0%|          | 0/1000 [00:00<?, ?it/s]Training MLP on cuda:   0%|          | 1/1000 [01:45<29:21:10, 105.78s/it]Training MLP on cuda:   0%|          | 2/1000 [03:31<29:20:26, 105.84s/it]Training MLP on cuda:   0%|          | 3/1000 [05:17<29:20:42, 105.96s/it]Training MLP on cuda:   0%|          | 4/1000 [07:03<29:19:24, 105.99s/it]Training MLP on cuda:   0%|          | 5/1000 [08:49<29:16:40, 105.93s/it]Training MLP on cuda:   1%|          | 6/1000 [10:35<29:14:22, 105.90s/it]Training MLP on cuda:   1%|          | 7/1000 [12:21<29:14:20, 106.00s/it]Training MLP on cuda:   1%|          | 8/1000 [14:07<29:13:05, 106.03s/it]Training MLP on cuda:   1%|          | 9/1000 [15:53<29:10:47, 106.00s/it]Training MLP on cuda:   1%|          | 10/1000 [17:39<29:09:08, 106.01s/it]Training MLP on cuda:   1%|          | 11/1000 [19:25<29:08:12, 106.06s/it]Training MLP on cuda:   1%|          | 12/1000 [21:12<29:09:03, 106.22s/it]Training MLP on cuda:   1%|▏         | 13/1000 [22:58<29:05:14, 106.09s/it]Training MLP on cuda:   1%|▏         | 14/1000 [24:44<29:02:39, 106.04s/it]Training MLP on cuda:   2%|▏         | 15/1000 [26:30<29:00:59, 106.05s/it]Training MLP on cuda:   2%|▏         | 16/1000 [28:16<28:59:34, 106.07s/it]Training MLP on cuda:   2%|▏         | 17/1000 [30:02<28:57:03, 106.03s/it]Training MLP on cuda:   2%|▏         | 18/1000 [31:48<28:56:11, 106.08s/it]Training MLP on cuda:   2%|▏         | 19/1000 [33:34<28:55:25, 106.14s/it]Training MLP on cuda:   2%|▏         | 20/1000 [35:21<28:54:44, 106.21s/it]Training MLP on cuda:   2%|▏         | 21/1000 [37:07<28:51:46, 106.14s/it]Training MLP on cuda:   2%|▏         | 22/1000 [38:53<28:49:37, 106.11s/it]Training MLP on cuda:   2%|▏         | 23/1000 [40:39<28:48:40, 106.16s/it]Training MLP on cuda:   2%|▏         | 24/1000 [42:25<28:46:37, 106.15s/it]Training MLP on cuda:   2%|▎         | 25/1000 [44:11<28:44:44, 106.14s/it]Training MLP on cuda:   3%|▎         | 26/1000 [45:57<28:42:52, 106.13s/it]Training MLP on cuda:   3%|▎         | 27/1000 [47:44<28:44:41, 106.35s/it]Training MLP on cuda:   3%|▎         | 28/1000 [49:31<28:43:32, 106.39s/it]Training MLP on cuda:   3%|▎         | 29/1000 [51:16<28:36:21, 106.06s/it]Training MLP on cuda:   3%|▎         | 30/1000 [53:02<28:35:58, 106.14s/it]Training MLP on cuda:   3%|▎         | 31/1000 [54:48<28:31:42, 105.99s/it]Training MLP on cuda:   3%|▎         | 32/1000 [56:33<28:27:28, 105.83s/it]Training MLP on cuda:   3%|▎         | 33/1000 [58:19<28:23:56, 105.73s/it]Training MLP on cuda:   3%|▎         | 34/1000 [1:00:04<28:20:30, 105.62s/it]Training MLP on cuda:   4%|▎         | 35/1000 [1:01:50<28:19:07, 105.65s/it]Training MLP on cuda:   4%|▎         | 36/1000 [1:03:36<28:18:58, 105.75s/it]Training MLP on cuda:   4%|▎         | 37/1000 [1:05:22<28:16:49, 105.72s/it]Training MLP on cuda:   4%|▍         | 38/1000 [1:07:08<28:16:12, 105.79s/it]Training MLP on cuda:   4%|▍         | 39/1000 [1:08:53<28:13:33, 105.74s/it]Training MLP on cuda:   4%|▍         | 40/1000 [1:10:39<28:12:08, 105.76s/it]Training MLP on cuda:   4%|▍         | 41/1000 [1:12:25<28:09:59, 105.74s/it]Training MLP on cuda:   4%|▍         | 42/1000 [1:14:11<28:09:52, 105.84s/it]Training MLP on cuda:   4%|▍         | 43/1000 [1:15:56<28:06:47, 105.75s/it]Training MLP on cuda:   4%|▍         | 44/1000 [1:17:42<28:05:42, 105.80s/it]Training MLP on cuda:   4%|▍         | 45/1000 [1:19:29<28:06:30, 105.96s/it]Training MLP on cuda:   5%|▍         | 46/1000 [1:21:14<28:02:42, 105.83s/it]Training MLP on cuda:   5%|▍         | 47/1000 [1:23:00<28:01:00, 105.84s/it]Training MLP on cuda:   5%|▍         | 48/1000 [1:24:46<28:02:32, 106.04s/it]Training MLP on cuda:   5%|▍         | 49/1000 [1:26:33<28:03:59, 106.25s/it]Training MLP on cuda:   5%|▌         | 50/1000 [1:28:19<28:01:55, 106.23s/it]Training MLP on cuda:   5%|▌         | 51/1000 [1:30:06<28:02:03, 106.35s/it]Training MLP on cuda:   5%|▌         | 52/1000 [1:31:52<28:00:41, 106.37s/it]Training MLP on cuda:   5%|▌         | 53/1000 [1:33:39<28:00:54, 106.50s/it]Training MLP on cuda:   5%|▌         | 54/1000 [1:35:26<28:00:45, 106.60s/it]Training MLP on cuda:   6%|▌         | 55/1000 [1:37:13<27:59:24, 106.63s/it]Training MLP on cuda:   6%|▌         | 56/1000 [1:38:59<27:56:53, 106.58s/it]Training MLP on cuda:   6%|▌         | 57/1000 [1:40:46<27:56:27, 106.67s/it]Training MLP on cuda:   6%|▌         | 58/1000 [1:42:32<27:52:48, 106.55s/it]Training MLP on cuda:   6%|▌         | 59/1000 [1:44:19<27:49:49, 106.47s/it]Training MLP on cuda:   6%|▌         | 60/1000 [1:46:05<27:48:11, 106.48s/it]Training MLP on cuda:   6%|▌         | 61/1000 [1:47:52<27:45:55, 106.45s/it]Training MLP on cuda:   6%|▌         | 62/1000 [1:49:38<27:43:20, 106.40s/it]Training MLP on cuda:   6%|▋         | 63/1000 [1:51:24<27:42:48, 106.48s/it]Training MLP on cuda:   6%|▋         | 64/1000 [1:53:11<27:40:29, 106.44s/it]Training MLP on cuda:   6%|▋         | 65/1000 [1:54:57<27:36:03, 106.27s/it]Training MLP on cuda:   7%|▋         | 66/1000 [1:56:42<27:31:28, 106.09s/it]Training MLP on cuda:   7%|▋         | 67/1000 [1:58:28<27:28:20, 106.00s/it]Training MLP on cuda:   7%|▋         | 68/1000 [2:00:14<27:24:20, 105.86s/it]Training MLP on cuda:   7%|▋         | 69/1000 [2:01:59<27:21:38, 105.80s/it]Training MLP on cuda:   7%|▋         | 70/1000 [2:03:45<27:19:08, 105.75s/it]Training MLP on cuda:   7%|▋         | 71/1000 [2:05:31<27:17:37, 105.77s/it]Training MLP on cuda:   7%|▋         | 72/1000 [2:07:16<27:14:49, 105.70s/it]Training MLP on cuda:   7%|▋         | 73/1000 [2:09:02<27:12:17, 105.65s/it]Training MLP on cuda:   7%|▋         | 74/1000 [2:10:48<27:10:53, 105.67s/it]Training MLP on cuda:   8%|▊         | 75/1000 [2:12:33<27:09:50, 105.72s/it]Training MLP on cuda:   8%|▊         | 76/1000 [2:14:19<27:08:17, 105.73s/it]Training MLP on cuda:   8%|▊         | 77/1000 [2:16:05<27:06:52, 105.76s/it]Training MLP on cuda:   8%|▊         | 78/1000 [2:17:51<27:04:57, 105.75s/it]Training MLP on cuda:   8%|▊         | 79/1000 [2:19:37<27:04:34, 105.84s/it]Training MLP on cuda:   8%|▊         | 80/1000 [2:21:22<27:02:19, 105.80s/it]Training MLP on cuda:   8%|▊         | 81/1000 [2:23:08<27:01:17, 105.85s/it]Training MLP on cuda:   8%|▊         | 82/1000 [2:24:55<27:02:03, 106.02s/it]Training MLP on cuda:   8%|▊         | 83/1000 [2:26:41<27:03:08, 106.20s/it]Training MLP on cuda:   8%|▊         | 84/1000 [2:28:28<27:02:30, 106.28s/it]Training MLP on cuda:   8%|▊         | 85/1000 [2:30:14<27:00:38, 106.27s/it]Training MLP on cuda:   9%|▊         | 86/1000 [2:32:01<26:59:43, 106.33s/it]Training MLP on cuda:   9%|▊         | 87/1000 [2:33:47<27:00:03, 106.47s/it]Training MLP on cuda:   9%|▉         | 88/1000 [2:35:34<26:58:01, 106.45s/it]Training MLP on cuda:   9%|▉         | 89/1000 [2:37:20<26:56:20, 106.45s/it]Training MLP on cuda:   9%|▉         | 90/1000 [2:39:07<26:56:05, 106.56s/it]Training MLP on cuda:   9%|▉         | 91/1000 [2:40:54<26:55:28, 106.63s/it]Training MLP on cuda:   9%|▉         | 92/1000 [2:42:41<26:54:48, 106.70s/it]Training MLP on cuda:   9%|▉         | 93/1000 [2:44:27<26:51:58, 106.64s/it]Training MLP on cuda:   9%|▉         | 94/1000 [2:46:14<26:49:38, 106.60s/it]Training MLP on cuda:  10%|▉         | 95/1000 [2:48:00<26:47:52, 106.60s/it]Training MLP on cuda:  10%|▉         | 96/1000 [2:49:47<26:45:06, 106.53s/it]Training MLP on cuda:  10%|▉         | 97/1000 [2:51:33<26:43:03, 106.52s/it]Training MLP on cuda:  10%|▉         | 98/1000 [2:53:19<26:39:10, 106.38s/it]Training MLP on cuda:  10%|▉         | 99/1000 [2:55:06<26:37:22, 106.37s/it]Training MLP on cuda:  10%|█         | 100/1000 [2:56:52<26:35:59, 106.40s/it]Training MLP on cuda:  10%|█         | 101/1000 [2:58:38<26:32:33, 106.29s/it]Training MLP on cuda:  10%|█         | 102/1000 [3:00:25<26:32:24, 106.40s/it]Training MLP on cuda:  10%|█         | 103/1000 [3:02:11<26:29:53, 106.35s/it]Training MLP on cuda:  10%|█         | 104/1000 [3:03:58<26:28:56, 106.40s/it]Training MLP on cuda:  10%|█         | 105/1000 [3:05:43<26:25:08, 106.27s/it]Training MLP on cuda:  11%|█         | 106/1000 [3:07:30<26:24:22, 106.33s/it]T