[I 2025-05-13 17:36:49,463] Trial 99 finished with value: 0.5622167697510377 and parameters: {'threshold_scale_factor': 0.7328647760425393}. Best is trial 93 with value: 0.5622937473656129.
Best hyperparameters: {'threshold_scale_factor': 0.6486382282944487}
Best optimized value: 0.5622937473656129
Running audit 1/1
Training a GCN target model on flickr...
Training GCN on cuda:   0%|          | 0/800 [00:00<?, ?it/s]Training GCN on cuda:   1%|▏         | 10/800 [00:00<00:08, 92.61it/s]Training GCN on cuda:   2%|▎         | 20/800 [00:00<00:08, 93.16it/s]Training GCN on cuda:   4%|▍         | 31/800 [00:00<00:07, 98.85it/s]Training GCN on cuda:   5%|▌         | 42/800 [00:00<00:07, 102.36it/s]Training GCN on cuda:   7%|▋         | 53/800 [00:00<00:07, 104.21it/s]Training GCN on cuda:   8%|▊         | 64/800 [00:00<00:06, 105.34it/s]Training GCN on cuda:   9%|▉         | 75/800 [00:00<00:06, 106.09it/s]Training GCN on cuda:  11%|█         | 86/800 [00:00<00:06, 106.59it/s]Training GCN on cuda:  12%|█▏        | 97/800 [00:00<00:06, 106.95it/s]Training GCN on cuda:  14%|█▎        | 108/800 [00:01<00:06, 107.23it/s]Training GCN on cuda:  15%|█▍        | 119/800 [00:01<00:06, 107.41it/s]Training GCN on cuda:  16%|█▋        | 130/800 [00:01<00:06, 107.57it/s]Training GCN on cuda:  18%|█▊        | 141/800 [00:01<00:06, 107.69it/s]Training GCN on cuda:  19%|█▉        | 152/800 [00:01<00:06, 107.70it/s]Training GCN on cuda:  20%|██        | 163/800 [00:01<00:05, 107.75it/s]Training GCN on cuda:  22%|██▏       | 174/800 [00:01<00:05, 107.67it/s]Training GCN on cuda:  23%|██▎       | 185/800 [00:01<00:05, 107.62it/s]Training GCN on cuda:  24%|██▍       | 196/800 [00:01<00:05, 107.63it/s]Training GCN on cuda:  26%|██▌       | 207/800 [00:01<00:05, 107.59it/s]Training GCN on cuda:  27%|██▋       | 218/800 [00:02<00:05, 107.62it/s]Training GCN on cuda:  29%|██▊       | 229/800 [00:02<00:05, 107.68it/s]Training GCN on cuda:  30%|███       | 240/800 [00:02<00:05, 107.79it/s]Training GCN on cuda:  31%|███▏      | 251/800 [00:02<00:05, 107.86it/s]Training GCN on cuda:  33%|███▎      | 262/800 [00:02<00:04, 107.89it/s]Training GCN on cuda:  34%|███▍      | 273/800 [00:02<00:04, 107.87it/s]Training GCN on cuda:  36%|███▌      | 284/800 [00:02<00:04, 107.92it/s]Training GCN on cuda:  37%|███▋      | 295/800 [00:02<00:04, 107.75it/s]Training GCN on cuda:  38%|███▊      | 306/800 [00:02<00:04, 107.73it/s]Training GCN on cuda:  40%|███▉      | 317/800 [00:02<00:04, 107.69it/s]Training GCN on cuda:  41%|████      | 328/800 [00:03<00:04, 107.69it/s]Training GCN on cuda:  42%|████▏     | 339/800 [00:03<00:04, 107.70it/s]Training GCN on cuda:  44%|████▍     | 350/800 [00:03<00:04, 107.73it/s]Training GCN on cuda:  45%|████▌     | 361/800 [00:03<00:04, 107.79it/s]Training GCN on cuda:  46%|████▋     | 372/800 [00:03<00:03, 107.80it/s]Training GCN on cuda:  48%|████▊     | 383/800 [00:03<00:03, 107.86it/s]Training GCN on cuda:  49%|████▉     | 394/800 [00:03<00:03, 107.92it/s]Training GCN on cuda:  51%|█████     | 405/800 [00:03<00:03, 107.94it/s]Training GCN on cuda:  52%|█████▏    | 416/800 [00:03<00:03, 107.74it/s]Training GCN on cuda:  53%|█████▎    | 427/800 [00:03<00:03, 107.71it/s]Training GCN on cuda:  55%|█████▍    | 438/800 [00:04<00:03, 107.65it/s]Training GCN on cuda:  56%|█████▌    | 449/800 [00:04<00:03, 107.62it/s]Training GCN on cuda:  57%|█████▊    | 460/800 [00:04<00:03, 107.61it/s]Training GCN on cuda:  59%|█████▉    | 471/800 [00:04<00:03, 107.66it/s]Training GCN on cuda:  60%|██████    | 482/800 [00:04<00:02, 107.77it/s]Training GCN on cuda:  62%|██████▏   | 493/800 [00:04<00:02, 107.81it/s]Training GCN on cuda:  63%|██████▎   | 504/800 [00:04<00:02, 107.88it/s]Training GCN on cuda:  64%|██████▍   | 515/800 [00:04<00:02, 107.88it/s]Training GCN on cuda:  66%|██████▌   | 526/800 [00:04<00:02, 107.90it/s]Training GCN on cuda:  67%|██████▋   | 537/800 [00:05<00:02, 107.45it/s]Training GCN on cuda:  68%|██████▊   | 548/800 [00:05<00:02, 107.45it/s]Training GCN on cuda:  70%|██████▉   | 559/800 [00:05<00:03, 64.58it/s] Training GCN on cuda:  71%|███████▏  | 570/800 [00:05<00:03, 73.42it/s]Training GCN on cuda:  73%|███████▎  | 581/800 [00:05<00:02, 81.21it/s]Training GCN on cuda:  74%|███████▍  | 592/800 [00:05<00:02, 87.71it/s]Training GCN on cuda:  75%|███████▌  | 603/800 [00:05<00:02, 92.90it/s]Training GCN on cuda:  77%|███████▋  | 614/800 [00:05<00:01, 96.95it/s]Training GCN on cuda:  78%|███████▊  | 625/800 [00:06<00:01, 99.86it/s]Training GCN on cuda:  80%|███████▉  | 636/800 [00:06<00:01, 102.03it/s]Training GCN on cuda:  81%|████████  | 647/800 [00:06<00:01, 103.58it/s]Training GCN on cuda:  82%|████████▏ | 658/800 [00:06<00:01, 104.72it/s]Training GCN on cuda:  84%|████████▎ | 669/800 [00:06<00:01, 105.54it/s]Training GCN on cuda:  85%|████████▌ | 680/800 [00:06<00:01, 106.09it/s]Training GCN on cuda:  86%|████████▋ | 691/800 [00:06<00:01, 106.54it/s]Training GCN on cuda:  88%|████████▊ | 702/800 [00:06<00:00, 106.89it/s]Training GCN on cuda:  89%|████████▉ | 713/800 [00:06<00:00, 107.12it/s]Training GCN on cuda:  90%|█████████ | 724/800 [00:06<00:00, 107.28it/s]Training GCN on cuda:  92%|█████████▏| 735/800 [00:07<00:00, 107.37it/s]Training GCN on cuda:  93%|█████████▎| 746/800 [00:07<00:00, 107.28it/s]Training GCN on cuda:  95%|█████████▍| 757/800 [00:07<00:00, 107.28it/s]Training GCN on cuda:  96%|█████████▌| 768/800 [00:07<00:00, 107.31it/s]Training GCN on cuda:  97%|█████████▋| 779/800 [00:07<00:00, 107.34it/s]Training GCN on cuda:  99%|█████████▉| 790/800 [00:07<00:00, 107.39it/s]Training GCN on cuda: 100%|██████████| 800/800 [00:07<00:00, 104.07it/s]
Train accuracy: 0.5628 | Test accuracy: 0.4753
Training MLP on cuda:   0%|          | 0/1000 [00:00<?, ?it/s]Training MLP on cuda:   0%|          | 1/1000 [01:58<32:56:40, 118.72s/it]Training MLP on cuda:   0%|          | 2/1000 [03:58<33:01:28, 119.13s/it]Training MLP on cuda:   0%|          | 3/1000 [05:57<33:00:16, 119.17s/it]Training MLP on cuda:   0%|          | 4/1000 [07:57<33:01:43, 119.38s/it]Training MLP on cuda:   0%|          | 5/1000 [09:56<33:00:58, 119.46s/it]Training MLP on cuda:   1%|          | 6/1000 [11:56<32:59:40, 119.50s/it]Training MLP on cuda:   1%|          | 7/1000 [13:56<33:01:25, 119.72s/it]Training MLP on cuda:   1%|          | 8/1000 [15:56<32:59:52, 119.75s/it]Training MLP on cuda:   1%|          | 9/1000 [17:56<32:58:39, 119.80s/it]Training MLP on cuda:   1%|          | 10/1000 [19:56<32:58:32, 119.91s/it]Training MLP on cuda:   1%|          | 11/1000 [21:56<32:56:56, 119.94s/it]Training MLP on cuda:   1%|          | 12/1000 [23:56<32:57:59, 120.12s/it]Training MLP on cuda:   1%|▏         | 13/1000 [25:56<32:55:50, 120.11s/it]Training MLP on cuda:   1%|▏         | 14/1000 [27:57<32:53:58, 120.12s/it]Training MLP on cuda:   2%|▏         | 15/1000 [29:57<32:51:09, 120.07s/it]Training MLP on cuda:   2%|▏         | 16/1000 [31:54<32:36:57, 119.33s/it]Training MLP on cuda:   2%|▏         | 17/1000 [33:54<32:36:03, 119.39s/it]Training MLP on cuda:   2%|▏         | 18/1000 [35:56<32:48:20, 120.26s/it]Training MLP on cuda:   2%|▏         | 19/1000 [37:57<32:50:51, 120.54s/it]Training MLP on cuda:   2%|▏         | 20/1000 [39:59<32:53:16, 120.81s/it]Training MLP on cuda:   2%|▏         | 21/1000 [42:00<32:54:19, 121.00s/it]Training MLP on cuda:   2%|▏         | 22/1000 [44:01<32:54:15, 121.12s/it]Training MLP on cuda:   2%|▏         | 23/1000 [46:03<32:52:29, 121.14s/it]Training MLP on cuda:   2%|▏         | 24/1000 [47:59<32:25:45, 119.62s/it]Training MLP on cuda:   2%|▎         | 25/1000 [49:59<32:25:27, 119.72s/it]Training MLP on cuda:   3%|▎         | 26/1000 [51:59<32:24:54, 119.81s/it]Training MLP on cuda:   3%|▎         | 27/1000 [53:58<32:23:02, 119.82s/it]Training MLP on cuda:   3%|▎         | 28/1000 [55:51<31:45:11, 117.60s/it]Training MLP on cuda:   3%|▎         | 29/1000 [57:36<30:43:33, 113.92s/it]Training MLP on cuda:   3%|▎         | 30/1000 [59:22<30:00:57, 111.40s/it]Training MLP on cuda:   3%|▎         | 31/1000 [1:01:10<29:43:55, 110.46s/it]Training MLP on cuda:   3%|▎         | 32/1000 [1:02:56<29:19:35, 109.07s/it]Training MLP on cuda:   3%|▎         | 33/1000 [1:04:41<28:58:57, 107.90s/it]Training MLP on cuda:   3%|▎         | 34/1000 [1:06:26<28:41:19, 106.91s/it]Training MLP on cuda:   4%|▎         | 35/1000 [1:08:09<28:23:10, 105.90s/it]Training MLP on cuda:   4%|▎         | 36/1000 [1:09:53<28:10:43, 105.23s/it]Training MLP on cuda:   4%|▎         | 37/1000 [1:11:36<28:00:49, 104.72s/it]Training MLP on cuda:   4%|▍         | 38/1000 [1:13:19<27:51:20, 104.24s/it]Training MLP on cuda:   4%|▍         | 39/1000 [1:15:02<27:41:43, 103.75s/it]Training MLP on cuda:   4%|▍         | 40/1000 [1:16:50<28:00:00, 105.00s/it]Training MLP on cuda:   4%|▍         | 41/1000 [1:18:48<28:59:15, 108.82s/it]Training MLP on cuda:   4%|▍         | 42/1000 [1:20:45<29:38:56, 111.42s/it]Training MLP on cuda:   4%|▍         | 43/1000 [1:22:43<30:05:58, 113.23s/it]Training MLP on cuda:   4%|▍         | 44/1000 [1:24:36<30:03:41, 113.20s/it]Training MLP on cuda:   4%|▍         | 45/1000 [1:26:34<30:24:20, 114.62s/it]Training MLP on cuda:   5%|▍         | 46/1000 [1:28:28<30:20:28, 114.50s/it]Training MLP on cuda:   5%|▍         | 47/1000 [1:30:24<30:27:01, 115.03s/it]Training MLP on cuda:   5%|▍         | 48/1000 [1:32:22<30:36:14, 115.73s/it]Training MLP on cuda:   5%|▍         | 49/1000 [1:34:15<30:24:32, 115.11s/it]Training MLP on cuda:   5%|▌         | 50/1000 [1:35:59<29:30:57, 111.85s/it]Training MLP on cuda:   5%|▌         | 51/1000 [1:37:45<29:00:22, 110.03s/it]Training MLP on cuda:   5%|▌         | 52/1000 [1:39:32<28:40:39, 108.90s/it]Training MLP on cuda:   5%|▌         | 53/1000 [1:41:15<28:15:05, 107.40s/it]Training MLP on cuda:   5%|▌         | 54/1000 [1:42:58<27:48:39, 105.83s/it]Training MLP on cuda:   6%|▌         | 55/1000 [1:44:41<27:33:18, 104.97s/it]Training MLP on cuda:   6%|▌         | 56/1000 [1:46:24<27:23:50, 104.48s/it]Training MLP on cuda:   6%|▌         | 57/1000 [1:48:07<27:17:39, 104.20s/it]Training MLP on cuda:   6%|▌         | 58/1000 [1:49:51<27:11:19, 103.91s/it]Training MLP on cuda:   6%|▌         | 59/1000 [1:51:34<27:06:41, 103.72s/it]Training MLP on cuda:   6%|▌         | 60/1000 [1:53:18<27:04:46, 103.71s/it]Training MLP on cuda:   6%|▌         | 61/1000 [1:55:03<27:10:14, 104.17s/it]Training MLP on cuda:   6%|▌         | 62/1000 [1:57:01<28:12:16, 108.25s/it]Training MLP on cuda:   6%|▋         | 63/1000 [1:58:58<28:54:46, 111.09s/it]Training MLP on cuda:   6%|▋         | 64/1000 [2:00:56<29:23:59, 113.08s/it]Training MLP on cuda:   6%|▋         | 65/1000 [2:02:54<29:45:51, 114.60s/it]Training MLP on cuda:   7%|▋         | 66/1000 [2:04:52<29:58:53, 115.56s/it]Training MLP on cuda:   7%|▋         | 67/1000 [2:06:50<30:07:17, 116.22s/it]Training MLP on cuda:   7%|▋         | 68/1000 [2:08:48<30:12:55, 116.71s/it]Training MLP on cuda:   7%|▋         | 69/1000 [2:10:46<30:16:47, 117.09s/it]Training MLP on cuda:   7%|▋         | 70/1000 [2:12:40<30:00:45, 116.18s/it]Training MLP on cuda:   7%|▋         | 71/1000 [2:14:39<30:14:09, 117.17s/it]Training MLP on cuda:   7%|▋         | 72/1000 [2:16:38<30:19:06, 117.61s/it]Training MLP on cuda:   7%|▋         | 73/1000 [2:18:37<30:23:02, 118.00s/it]Training MLP on cuda:   7%|▋         | 74/1000 [2:20:35<30:22:12, 118.07s/it]Training MLP on cuda:   8%|▊         | 75/1000 [2:22:33<30:21:26, 118.15s/it]Training MLP on cuda:   8%|▊         | 76/1000 [2:24:31<30:19:10, 118.13s/it]Training MLP on cuda:   8%|▊         | 77/1000 [2:26:30<30:20:18, 118.33s/it]Training MLP on cuda:   8%|▊         | 78/1000 [2:28:25<30:00:00, 117.14s/it]Training MLP on cuda:   8%|▊         | 79/1000 [2:30:21<29:55:15, 116.96s/it]Training MLP on cuda:   8%|▊         | 80/1000 [2:32:18<29:53:55, 117.00s/it]Training MLP on cuda:   8%|▊         | 81/1000 [2:34:16<29:54:24, 117.15s/it]Training MLP on cuda:   8%|▊         | 82/1000 [2:35:59<28:51:11, 113.15s/it]Training MLP on cuda:   8%|▊         | 83/1000 [2:37:44<28:09:32, 110.55s/it]Training MLP on cuda:   8%|▊         | 84/1000 [2:39:30<27:49:16, 109.34s/it]Training MLP on cuda:   8%|▊         | 85/1000 [2:41:18<27:37:44, 108.70s/it]Training MLP on cuda:   9%|▊         | 86/1000 [2:43:05<27:28:34, 108.22s/it]Training MLP on cuda:   9%|▊         | 87/1000 [2:44:49<27:08:12, 107.00s/it]Training MLP on cuda:   9%|▉         | 88/1000 [2:46:32<26:46:47, 105.71s/it]Training MLP on cuda:   9%|▉         | 89/1000 [2:48:15<26:34:09, 104.99s/it]Training MLP on cuda:   9%|▉         | 90/1000 [2:49:58<26:21:45, 104.29s/it]Training MLP on cuda:   9%|▉         | 91/1000 [2:51:40<26:12:11, 103.77s/it]Training MLP on cuda:   9%|▉         | 92/1000 [2:53:23<26:05:20, 103.44s/it]Training MLP on cuda:   9%|▉         | 93/1000 [2:55:06<26:01:04, 103.27s/it]Training MLP on cuda:   9%|▉         | 94/1000 [2:56:48<25:56:48, 103.10s/it]Training MLP on cuda:  10%|▉         | 95/1000 [2:58:32<25:59:01, 103.36s/it]Training MLP on cuda:  10%|▉         | 96/1000 [3:00:30<27:01:17, 107.61s/it]Training MLP on cuda:  10%|▉         | 97/1000 [3:02:28<27:47:48, 110.82s/it]Training MLP on cuda:  10%|▉         | 98/1000 [3:04:25<28:12:32, 112.59s/it]Training MLP on cuda:  10%|▉         | 99/1000 [3:06:20<28:21:10, 113.29s/it]Training MLP on cuda:  10%|█         | 100/1000 [3:08:17<28:37:11, 114.48s/it]Training MLP on cuda:  10%|█         | 101/1000 [3:10:07<28:13:43, 113.04s/it]Training MLP on cuda:  10%|█         | 102/1000 [3:11:53<27:41:14, 111.00s/it]Training MLP on cuda:  10%|█         | 103/1000 [3:13:37<27:09:43, 109.01s/it]Training MLP on cuda:  10%|█         | 104/1000 [3:15:20<26:40:14, 107.16s/it]Training MLP on cuda:  10%|█         | 105/1000 [3:17:03<26:19:47, 105.91s/it]Training MLP on cuda:  11%|█         | 106/1000 [3:18:46<26:05:46, 105.09s/it]Training MLP on cuda:  11%|█         | 107/1000 [3:20:29<25:54:06, 104.42s/it]Training MLP on cuda:  11%|█         | 108/1000 [3:22:13<25:48:21, 104.15s/it]Training MLP on cuda:  11%|█         | 109/1000 [3:23:56<25:42:10, 103.85s/it]Training MLP on cuda:  11%|█         | 110/1000 [3:25:40<25:43:33, 104.06s/it]Training MLP on cuda:  11%|█         | 111/1000 [3:27:37<26:37:23, 107.81s/it]Training MLP on cuda:  11%|█         | 112/1000 [3:29:34<27:16:23, 110.57s/it]Training MLP on cuda:  11%|█▏        | 113/1000 [3:31:31<27:44:54, 112.62s/it]Training MLP on cuda:  11%|█▏        | 114/1000 [3:33:24<27:44:17, 112.71s/it]Training MLP on cuda:  12%|█▏        | 115/1000 [3:35:21<28:01:35, 114.01s/it]Training MLP on cuda:  12%|█▏        | 116/1000 [3:37:14<27:55:33, 113.73s/it]Training MLP on cuda:  12%|█▏        | 117/1000 [3:39:12<28:09:59, 114.84s/it]Training MLP on cuda:  12%|█▏        | 118/1000 [3:41:08<28:14:01, 115.24s/it]Training MLP on cuda:  12%|█▏        | 119/1000 [3:42:52<27:21:12, 111.77s/it]Training MLP on cuda:  12%|█▏        | 120/1000 [3:44:36<26:45:38, 109.48s/it]Training MLP on cuda:  12%|█▏        | 121/1000 [3:46:23<26:33:39, 108.78s/it]Training MLP on cuda:  12%|█▏        | 122/1000 [3:48:06<26:05:06, 106.96s/it]Training MLP on cuda:  12%|█▏        | 123/1000 [3:49:50<25:52:14, 106.20s/it]Training MLP on cuda:  12%|█▏        | 124/1000 [3:51:34<25:41:02, 105.55s/it]Training MLP on cuda:  12%|█▎        | 125/1000 [3:53:19<25:34:29, 105.22s/it]Training MLP on cuda:  13%|█▎        | 126/1000 [3:55:03<25:28:29, 104.93s/it]Training MLP on cuda:  13%|█▎        | 127/1000 [3:56:47<25:23:15, 104.69s/it]Training MLP on cuda:  13%|█▎        | 128/1000 [3:58:32<25:21:40, 104.70s/it]Training MLP on cuda:  13%|█▎        | 129/1000 [4:00:16<25:19:29, 104.67s/it]Training MLP on cuda:  13%|█▎        | 130/1000 [4:02:01<25:17:08, 104.63s/it]Training MLP on cuda:  13%|█▎        | 131/1000 [4:03:59<26:13:16, 108.63s/it]Training MLP on cuda:  13%|█▎        | 132/1000 [4:05:57<26:52:53, 111.49s/it]Training MLP on cuda:  13%|█▎        | 133/1000 [4:07:56<27:21:49, 113.62s/it]Training MLP on cuda:  13%|█▎        | 134/1000 [4:09:53<27:34:25, 114.63s/it]Training MLP on cuda:  14%|█▎        | 135/1000 [4:11:48<27:36:50, 114.93s/it]Training MLP on cuda:  14%|█▎        | 136/1000 [4:13:41<27:26:03, 114.31s/it]Training MLP on cuda:  14%|█▎        | 137/1000 [4:15:39<27:40:14, 115.43s/it]Training MLP on cuda:  14%|█▍        | 138/1000 [4:17:37<27:48:59, 116.17s/it]Training MLP on cuda:  14%|█▍        | 139/1000 [4:19:35<27:52:58, 116.58s/it]Training MLP on cuda:  14%|█▍        | 140/1000 [4:21:28<27:37:54, 115.67s/it]Training MLP on cuda:  14%|█▍        | 140/1000 [4:23:26<26:58:14, 112.90s/it]
Training MLP on cuda:   0%|          | 0/1000 [00:00<?, ?it/s]Training MLP on cuda:   0%|          | 1/1000 [01:56<32:23:31, 116.73s/it]Training MLP on cuda:   0%|          | 2/1000 [03:47<31:28:01, 113.51s/it]Training MLP on cuda:   0%|          | 3/1000 [05:35<30:39:35, 110.71s/it]Training MLP on cuda:   0%|          | 4/1000 [07:23<30:21:35, 109.73s/it]Training MLP on cuda:   0%|          | 5/1000 [09:12<30:17:12, 109.58s/it]Training MLP on cuda:   1%|          | 6/1000 [11:02<30:13:45, 109.48s/it]Training MLP on cuda:   1%|          | 7/1000 [12:51<30:08:48, 109.29s/it]Training MLP on cuda:   1%|          | 8/1000 [14:40<30:04:59, 109.17s/it]Training MLP on cuda:   1%|          | 9/1000 [16:27<29:54:44, 108.66s/it]Training MLP on cuda:   1%|          | 10/1000 [18:15<29:46:57, 108.30s/it]Training MLP on cuda:   1%|          | 11/1000 [20:02<29:40:22, 108.01s/it]Training MLP on cuda:   1%|          | 12/1000 [21:49<29:36:11, 107.87s/it]Training MLP on cuda:   1%|▏         | 13/1000 [23:37<29:34:23, 107.87s/it]Training MLP on cuda:   1%|▏         | 14/1000 [25:24<29:25:42, 107.45s/it]Training MLP on cuda:   2%|▏         | 15/1000 [27:08<29:09:28, 106.57s/it]Training MLP on cuda:   2%|▏         | 16/1000 [28:53<28:59:19, 106.06s/it]Training MLP on cuda:   2%|▏         | 17/1000 [30:38<28:52:17, 105.74s/it]Training MLP on cuda:   2%|▏         | 18/1000 [32:23<28:47:35, 105.56s/it]Training MLP on cuda:   2%|▏         | 19/1000 [34:08<28:42:05, 105.33s/it]Training MLP on cuda:   2%|▏         | 20/1000 [35:53<28:38:46, 105.23s/it]Training MLP on cuda:   2%|▏         | 21/1000 [37:39<28:38:49, 105.34s/it]Training MLP on cuda:   2%|▏         | 22/1000 [39:24<28:34:46, 105.20s/it]Training MLP on cuda:   2%|▏         | 23/1000 [41:08<28:30:45, 105.06s/it]Training MLP on cuda:   2%|▏         | 24/1000 [42:53<28:29:35, 105.10s/it]Training MLP on cuda:   2%|▎         | 25/1000 [44:39<28:28:04, 105.11s/it]Training MLP on cuda:   3%|▎         | 26/1000 [46:24<28:25:21, 105.05s/it]Training MLP on cuda:   3%|▎         | 27/1000 [48:08<28:22:12, 104.97s/it]Training MLP on cuda:   3%|▎         | 28/1000 [49:53<28:19:44, 104.92s/it]Training MLP on cuda:   3%|▎         | 29/1000 [51:38<28:18:34, 104.96s/it]Training MLP on cuda:   3%|▎         | 30/1000 [53:23<28:17:40, 105.01s/it]Training MLP on cuda:   3%|▎         | 31/1000 [55:08<28:15:10, 104.96s/it]Training MLP on cuda:   3%|▎         | 32/1000 [56:53<28:13:17, 104.96s/it]Training MLP on cuda:   3%|▎         | 33/1000 [58:38<28:12:03, 104.99s/it]Training MLP on cuda:   3%|▎         | 34/1000 [1:00:23<28:10:03, 104.97s/it]Training MLP on cuda:   4%|▎         | 35/1000 [1:02:08<28:07:25, 104.92s/it]Training MLP on cuda:   4%|▎         | 36/1000 [1:03:53<28:05:53, 104.93s/it]Training MLP on cuda:   4%|▎         | 37/1000 [1:05:39<28:08:07, 105.18s/it]Training MLP on cuda:   4%|▍         | 38/1000 [1:07:24<28:07:30, 105.25s/it]Training MLP on cuda:   4%|▍         | 39/1000 [1:09:09<28:04:14, 105.16s/it]Training MLP on cuda:   4%|▍         | 40/1000 [1:10:54<28:01:55, 105.12s/it]Training MLP on cuda:   4%|▍         | 41/1000 [1:12:38<27:55:50, 104.85s/it]Training MLP on cuda:   4%|▍         | 42/1000 [1:14:22<27:47:52, 104.46s/it]Training MLP on cuda:   4%|▍         | 43/1000 [1:16:05<27:41:35, 104.18s/it]Training MLP on cuda:   4%|▍         | 44/1000 [1:17:49<27:37:46, 104.04s/it]Training MLP on cuda:   4%|▍         | 45/1000 [1:19:33<27:37:32, 104.14s/it]Training MLP on cuda:   5%|▍         | 46/1000 [1:21:17<27:33:06, 103.97s/it]Training MLP on cuda:   5%|▍         | 47/1000 [1:23:01<27:29:54, 103.88s/it]Training MLP on cuda:   5%|▍         | 48/1000 [1:24:44<27:27:42, 103.85s/it]Training MLP on cuda:   5%|▍         | 49/1000 [1:26:28<27:25:11, 103.80s/it]Training MLP on cuda:   5%|▌         | 50/1000 [1:28:12<27:25:10, 103.91s/it]Training MLP on cuda:   5%|▌         | 51/1000 [1:29:56<27:22:34, 103.85s/it]Training MLP on cuda:   5%|▌         | 52/1000 [1:31:40<27:21:16, 103.88s/it]Training MLP on cuda:   5%|▌         | 53/1000 [1:33:24<27:20:26, 103.94s/it]Training MLP on cuda:   5%|▌         | 54/1000 [1:35:08<27:18:20, 103.91s/it]Training MLP on cuda:   6%|▌         | 55/1000 [1:36:52<27:16:15, 103.89s/it]Training MLP on cuda:   6%|▌         | 56/1000 [1:38:36<27:14:46, 103.91s/it]Training MLP on cuda:   6%|▌         | 57/1000 [1:40:20<27:14:10, 103.98s/it]Training MLP on cuda:   6%|▌         | 58/1000 [1:42:04<27:15:06, 104.15s/it]Training MLP on cuda:   6%|▌         | 59/1000 [1:43:50<27:18:46, 104.49s/it]Training MLP on cuda:   6%|▌         | 60/1000 [1:45:36<27:25:03, 105.00s/it]Training MLP on cuda:   6%|▌         | 61/1000 [1:47:22<27:26:42, 105.22s/it]Training MLP on cuda:   6%|▌         | 62/1000 [1:49:07<27:27:24, 105.38s/it]Training MLP on cuda:   6%|▋         | 63/1000 [1:50:53<27:25:07, 105.34s/it]Training MLP on cuda:   6%|▋         | 64/1000 [1:52:38<27:23:35, 105.36s/it]Training MLP on cuda:   6%|▋         | 65/1000 [1:54:23<27:22:11, 105.38s/it]Training MLP on cuda:   7%|▋         | 66/1000 [1:56:09<27:20:24, 105.38s/it]Training MLP on cuda:   7%|▋         | 67/1000 [