This job can be monitored from: https://job.c3se.chalmers.se/alvis/4319685
/usr/share/lmod/lmod/init/bash: /usr/share/lmod/lmod/libexec/addto: /usr/bin/lua: bad interpreter: No such file or directory
no change     /opt/conda/condabin/conda
no change     /opt/conda/bin/conda
no change     /opt/conda/bin/conda-env
no change     /opt/conda/bin/activate
no change     /opt/conda/bin/deactivate
no change     /opt/conda/etc/profile.d/conda.sh
no change     /opt/conda/etc/fish/conf.d/conda.fish
no change     /opt/conda/shell/condabin/Conda.psm1
no change     /opt/conda/shell/condabin/conda-hook.ps1
no change     /opt/conda/lib/python3.12/site-packages/xontrib/conda.xsh
no change     /opt/conda/etc/profile.d/conda.csh
no change     /cephyr/users/lassila/Alvis/.bashrc
No action taken.
Overwriting config seed with seed=1
Running MIA...

attacks:
  MLP-attack-0hop:
    attack: mlp-attack
    edge_dropout: 0.0
    mlp_attack_queries:
    - 0
    mlp_hidden_dim:
    - 128
    - 64
  MLP-attack-comb:
    attack: mlp-attack
    edge_dropout: 0.5
    mlp_attack_queries:
    - 0
    - 2
    mlp_hidden_dim:
    - 128
    - 64
  graph-lset-MI:
    attack: graph-lset
    num_sampled_graphs: 16
    prior: 0.5
    sampling_strategy: model-independent
  graph-lset-MI-offline:
    attack: graph-lset
    num_sampled_graphs: 16
    offline: true
    prior: 0.5
    sampling_strategy: model-independent
    threshold_scale_factor: 0.9
  lira:
    attack: lira
  lira-offline:
    attack: lira
    offline: true
  lset:
    attack: lset
  lset-offline:
    attack: lset
    offline: true
  rmia:
    Z_frac: 0.5
    attack: rmia
    rmia_gamma: 1
  rmia-offline:
    Z_frac: 0.5
    attack: rmia
    offline: true
    rmia_gamma: 1
batch_size: 32768
datadir: ./data
dataset: flickr
device: cuda
dropout: 0.0
early_stopping: 0
epochs: 800
epochs_mlp: 1000
frac_target_nodes: 0.1
hidden_dim:
- 128
hidden_dim_mlp:
- 128
hyperparam_search: false
inductive_inference: true
inductive_split: true
lr: 0.001
max_num_nodes: null
model: GCN
name: flickr-GCN
num_audits: 1
num_processes: 1
num_shadow_models: 128
offline: false
optimizer: Adam
pretrain_shadow_models: true
savedir: large_N_results
seed: 1
target_fpr:
- 0.01
- 0.001
train_frac: 0.5
val_frac: 0.0
weight_decay: 0.0001

Dataset properties
#Nodes: 89250
#Edges: 899756
#Features: 500
#Classes: 7
#Class distribution: [0.0590, 0.0953, 0.0719, 0.0549, 0.2573, 0.0390, 0.4226]
Average degree: 10.0813
Fraction isolated nodes: 0.0

Training 128 shadow models:   0%|          | 0/128 [00:00<?, ?it/s]Training 128 shadow models:   1%|          | 1/128 [00:10<22:53, 10.81s/it]Training 128 shadow models:   2%|▏         | 2/128 [00:18<18:26,  8.79s/it]Training 128 shadow models:   2%|▏         | 3/128 [00:25<16:57,  8.14s/it]Training 128 shadow models:   3%|▎         | 4/128 [00:32<16:12,  7.84s/it]Training 128 shadow models:   4%|▍         | 5/128 [00:40<15:43,  7.67s/it]Training 128 shadow models:   5%|▍         | 6/128 [00:47<15:22,  7.56s/it]Training 128 shadow models:   5%|▌         | 7/128 [00:55<15:06,  7.50s/it]Training 128 shadow models:   6%|▋         | 8/128 [01:02<14:54,  7.45s/it]Training 128 shadow models:   7%|▋         | 9/128 [01:09<14:43,  7.42s/it]Training 128 shadow models:   8%|▊         | 10/128 [01:17<14:33,  7.40s/it]Training 128 shadow models:   9%|▊         | 11/128 [01:24<14:24,  7.39s/it]Training 128 shadow models:   9%|▉         | 12/128 [01:31<14:16,  7.38s/it]Training 128 shadow models:  10%|█         | 13/128 [01:39<14:07,  7.37s/it]Training 128 shadow models:  11%|█         | 14/128 [01:46<13:59,  7.37s/it]Training 128 shadow models:  12%|█▏        | 15/128 [01:53<13:52,  7.36s/it]Training 128 shadow models:  12%|█▎        | 16/128 [02:01<13:44,  7.36s/it]Training 128 shadow models:  13%|█▎        | 17/128 [02:08<13:36,  7.36s/it]Training 128 shadow models:  14%|█▍        | 18/128 [02:15<13:29,  7.36s/it]Training 128 shadow models:  15%|█▍        | 19/128 [02:23<13:22,  7.36s/it]Training 128 shadow models:  16%|█▌        | 20/128 [02:30<13:14,  7.36s/it]Training 128 shadow models:  16%|█▋        | 21/128 [02:38<13:08,  7.37s/it]Training 128 shadow models:  17%|█▋        | 22/128 [02:45<13:00,  7.37s/it]Training 128 shadow models:  18%|█▊        | 23/128 [02:52<12:52,  7.36s/it]Training 128 shadow models:  19%|█▉        | 24/128 [03:00<12:45,  7.36s/it]Training 128 shadow models:  20%|█▉        | 25/128 [03:07<12:38,  7.36s/it]Training 128 shadow models:  20%|██        | 26/128 [03:14<12:30,  7.36s/it]Training 128 shadow models:  21%|██        | 27/128 [03:22<12:23,  7.36s/it]Training 128 shadow models:  22%|██▏       | 28/128 [03:29<12:15,  7.36s/it]Training 128 shadow models:  23%|██▎       | 29/128 [03:36<12:08,  7.36s/it]Training 128 shadow models:  23%|██▎       | 30/128 [03:44<12:00,  7.36s/it]Training 128 shadow models:  24%|██▍       | 31/128 [03:51<11:53,  7.35s/it]Training 128 shadow models:  25%|██▌       | 32/128 [03:58<11:45,  7.35s/it]Training 128 shadow models:  26%|██▌       | 33/128 [04:06<11:38,  7.35s/it]Training 128 shadow models:  27%|██▋       | 34/128 [04:13<11:31,  7.35s/it]Training 128 shadow models:  27%|██▋       | 35/128 [04:21<11:24,  7.36s/it]Training 128 shadow models:  28%|██▊       | 36/128 [04:28<11:16,  7.36s/it]Training 128 shadow models:  29%|██▉       | 37/128 [04:35<11:09,  7.36s/it]Training 128 shadow models:  30%|██▉       | 38/128 [04:43<11:02,  7.37s/it]Training 128 shadow models:  30%|███       | 39/128 [04:50<10:55,  7.36s/it]Training 128 shadow models:  31%|███▏      | 40/128 [04:57<10:47,  7.36s/it]Training 128 shadow models:  32%|███▏      | 41/128 [05:05<10:40,  7.36s/it]Training 128 shadow models:  33%|███▎      | 42/128 [05:12<10:33,  7.37s/it]Training 128 shadow models:  34%|███▎      | 43/128 [05:19<10:26,  7.37s/it]Training 128 shadow models:  34%|███▍      | 44/128 [05:27<10:18,  7.37s/it]Training 128 shadow models:  35%|███▌      | 45/128 [05:34<10:11,  7.37s/it]Training 128 shadow models:  36%|███▌      | 46/128 [05:42<10:04,  7.37s/it]Training 128 shadow models:  37%|███▋      | 47/128 [05:49<09:57,  7.37s/it]Training 128 shadow models:  38%|███▊      | 48/128 [05:56<09:49,  7.37s/it]Training 128 shadow models:  38%|███▊      | 49/128 [06:04<09:42,  7.37s/it]Training 128 shadow models:  39%|███▉      | 50/128 [06:11<09:35,  7.37s/it]Training 128 shadow models:  40%|███▉      | 51/128 [06:18<09:27,  7.37s/it]Training 128 shadow models:  41%|████      | 52/128 [06:26<09:20,  7.37s/it]Training 128 shadow models:  41%|████▏     | 53/128 [06:33<09:13,  7.37s/it]Training 128 shadow models:  42%|████▏     | 54/128 [06:41<09:05,  7.37s/it]Training 128 shadow models:  43%|████▎     | 55/128 [06:48<08:57,  7.37s/it]Training 128 shadow models:  44%|████▍     | 56/128 [06:55<08:50,  7.36s/it]Training 128 shadow models:  45%|████▍     | 57/128 [07:03<08:43,  7.38s/it]Training 128 shadow models:  45%|████▌     | 58/128 [07:10<08:37,  7.39s/it]Training 128 shadow models:  46%|████▌     | 59/128 [07:18<08:35,  7.48s/it]Training 128 shadow models:  47%|████▋     | 60/128 [07:25<08:27,  7.46s/it]Training 128 shadow models:  48%|████▊     | 61/128 [07:33<08:17,  7.42s/it]Training 128 shadow models:  48%|████▊     | 62/128 [07:40<08:07,  7.39s/it]Training 128 shadow models:  49%|████▉     | 63/128 [07:47<07:59,  7.37s/it]Training 128 shadow models:  50%|█████     | 64/128 [07:54<07:51,  7.36s/it]Training 128 shadow models:  51%|█████     | 65/128 [08:02<07:42,  7.35s/it]Training 128 shadow models:  52%|█████▏    | 66/128 [08:09<07:35,  7.34s/it]Training 128 shadow models:  52%|█████▏    | 67/128 [08:16<07:27,  7.34s/it]Training 128 shadow models:  53%|█████▎    | 68/128 [08:24<07:20,  7.34s/it]Training 128 shadow models:  54%|█████▍    | 69/128 [08:31<07:12,  7.34s/it]Training 128 shadow models:  55%|█████▍    | 70/128 [08:38<07:05,  7.34s/it]Training 128 shadow models:  55%|█████▌    | 71/128 [08:46<06:58,  7.34s/it]Training 128 shadow models:  56%|█████▋    | 72/128 [08:53<06:50,  7.34s/it]Training 128 shadow models:  57%|█████▋    | 73/128 [09:00<06:43,  7.34s/it]Training 128 shadow models:  58%|█████▊    | 74/128 [09:08<06:36,  7.34s/it]Training 128 shadow models:  59%|█████▊    | 75/128 [09:15<06:29,  7.34s/it]Training 128 shadow models:  59%|█████▉    | 76/128 [09:23<06:21,  7.34s/it]Training 128 shadow models:  60%|██████    | 77/128 [09:30<06:14,  7.34s/it]Training 128 shadow models:  61%|██████    | 78/128 [09:37<06:06,  7.33s/it]Training 128 shadow models:  62%|██████▏   | 79/128 [09:45<05:59,  7.34s/it]Training 128 shadow models:  62%|██████▎   | 80/128 [09:52<05:52,  7.33s/it]Training 128 shadow models:  63%|██████▎   | 81/128 [09:59<05:44,  7.33s/it]Training 128 shadow models:  64%|██████▍   | 82/128 [10:07<05:37,  7.33s/it]Training 128 shadow models:  65%|██████▍   | 83/128 [10:14<05:29,  7.33s/it]Training 128 shadow models:  66%|██████▌   | 84/128 [10:21<05:22,  7.33s/it]Training 128 shadow models:  66%|██████▋   | 85/128 [10:29<05:15,  7.33s/it]Training 128 shadow models:  67%|██████▋   | 86/128 [10:36<05:08,  7.33s/it]Training 128 shadow models:  68%|██████▊   | 87/128 [10:43<05:00,  7.33s/it]Training 128 shadow models:  69%|██████▉   | 88/128 [10:50<04:53,  7.33s/it]Training 128 shadow models:  70%|██████▉   | 89/128 [10:58<04:45,  7.33s/it]Training 128 shadow models:  70%|███████   | 90/128 [11:05<04:38,  7.33s/it]Training 128 shadow models:  71%|███████   | 91/128 [11:12<04:31,  7.33s/it]Training 128 shadow models:  72%|███████▏  | 92/128 [11:20<04:23,  7.33s/it]Training 128 shadow models:  73%|███████▎  | 93/128 [11:27<04:16,  7.33s/it]Training 128 shadow models:  73%|███████▎  | 94/128 [11:34<04:09,  7.33s/it]Training 128 shadow models:  74%|███████▍  | 95/128 [11:42<04:02,  7.33s/it]Training 128 shadow models:  75%|███████▌  | 96/128 [11:49<03:54,  7.33s/it]Training 128 shadow models:  76%|███████▌  | 97/128 [11:57<03:47,  7.34s/it]Training 128 shadow models:  77%|███████▋  | 98/128 [12:04<03:40,  7.34s/it]Training 128 shadow models:  77%|███████▋  | 99/128 [12:11<03:32,  7.34s/it]Training 128 shadow models:  78%|███████▊  | 100/128 [12:19<03:25,  7.34s/it]Training 128 shadow models:  79%|███████▉  | 101/128 [12:26<03:18,  7.34s/it]Training 128 shadow models:  80%|███████▉  | 102/128 [12:33<03:10,  7.34s/it]Training 128 shadow models:  80%|████████  | 103/128 [12:41<03:03,  7.34s/it]Training 128 shadow models:  81%|████████▏ | 104/128 [12:48<02:56,  7.34s/it]Training 128 shadow models:  82%|████████▏ | 105/128 [12:55<02:48,  7.34s/it]Training 128 shadow models:  83%|████████▎ | 106/128 [13:03<02:41,  7.34s/it]Training 128 shadow models:  84%|████████▎ | 107/128 [13:10<02:34,  7.34s/it]Training 128 shadow models:  84%|████████▍ | 108/128 [13:17<02:26,  7.34s/it]Training 128 shadow models:  85%|████████▌ | 109/128 [13:25<02:19,  7.34s/it]Training 128 shadow models:  86%|████████▌ | 110/128 [13:32<02:12,  7.34s/it]Training 128 shadow models:  87%|████████▋ | 111/128 [13:39<02:04,  7.34s/it]Training 128 shadow models:  88%|████████▊ | 112/128 [13:47<01:57,  7.35s/it]Training 128 shadow models:  88%|████████▊ | 113/128 [13:54<01:50,  7.35s/it]Training 128 shadow models:  89%|████████▉ | 114/128 [14:01<01:42,  7.35s/it]Training 128 shadow models:  90%|████████▉ | 115/128 [14:09<01:35,  7.35s/it]Training 128 shadow models:  91%|█████████ | 116/128 [14:16<01:28,  7.35s/it]Training 128 shadow models:  91%|█████████▏| 117/128 [14:23<01:20,  7.35s/it]Training 128 shadow models:  92%|█████████▏| 118/128 [14:31<01:13,  7.36s/it]Training 128 shadow models:  93%|█████████▎| 119/128 [14:38<01:06,  7.36s/it]Training 128 shadow models:  94%|█████████▍| 120/128 [14:45<00:58,  7.35s/it]Training 128 shadow models:  95%|█████████▍| 121/128 [14:53<00:51,  7.35s/it]Training 128 shadow models:  95%|█████████▌| 122/128 [15:00<00:44,  7.35s/it]Training 128 shadow models:  96%|█████████▌| 123/128 [15:08<00:36,  7.35s/it]Training 128 shadow models:  97%|█████████▋| 124/128 [15:15<00:29,  7.35s/it]Training 128 shadow models:  98%|█████████▊| 125/128 [15:22<00:22,  7.35s/it]Training 128 shadow models:  98%|█████████▊| 126/128 [15:30<00:14,  7.35s/it]Training 128 shadow models:  99%|█████████▉| 127/128 [15:37<00:07,  7.35s/it]Training 128 shadow models: 100%|██████████| 128/128 [15:44<00:00,  7.35s/it]Training 128 shadow models: 100%|██████████| 128/128 [15:44<00:00,  7.38s/it]
[I 2025-05-13 16:42:43,156] A new study created in memory with name: no-name-2bfd8d97-45c4-41ea-a9ce-92a458b26783
Tuning interpolation parameter for offline RMIA using optuna
  0%|          | 0/100 [00:00<?, ?it/s]                                         0%|          | 0/100 [00:17<?, ?it/s]Best trial: 0. Best value: 0.558141:   0%|          | 0/100 [00:17<?, ?it/s]Best trial: 0. Best value: 0.558141:   1%|          | 1/100 [00:17<29:14, 17.72s/it]                                                                                    Best trial: 0. Best value: 0.558141:   1%|          | 1/100 [00:35<29:14, 17.72s/it]Best trial: 1. Best value: 0.55902:   1%|          | 1/100 [00:35<29:14, 17.72s/it] Best trial: 1. Best value: 0.55902:   2%|▏         | 2/100 [00:35<28:54, 17.70s/it]                                                                                   Best trial: 1. Best value: 0.55902:   2%|▏         | 2/100 [00:53<28:54, 17.70s/it]Best trial: 1. Best value: 0.55902:   2%|▏         | 2/100 [00:53<28:54, 17.70s/it]Best trial: 1. Best value: 0.55902:   3%|▎         | 3/100 [00:53<28:33, 17.67s/it]                                                                                   Best trial: 1. Best value: 0.55902:   3%|▎         | 3/100 [01:10<28:33, 17.67s/it]Best trial: 1. Best value: 0.55902:   3%|▎         | 3/100 [01:10<28:33, 17.67s/it]Best trial: 1. Best value: 0.55902:   4%|▍         | 4/100 [01:10<28:15, 17.66s/it]                                                                                   Best trial: 1. Best value: 0.55902:   4%|▍         | 4/100 [01:28<28:15, 17.66s/it]Best trial: 4. Best value: 0.56217:   4%|▍         | 4/100 [01:28<28:15, 17.66s/it]Best trial: 4. Best value: 0.56217:   5%|▌         | 5/100 [01:28<28:00, 17.68s/it]                                                                                   Best trial: 4. Best value: 0.56217:   5%|▌         | 5/100 [01:46<28:00, 17.68s/it]Best trial: 4. Best value: 0.56217:   5%|▌         | 5/100 [01:46<28:00, 17.68s/it]Best trial: 4. Best value: 0.56217:   6%|▌         | 6/100 [01:46<27:46, 17.73s/it]                                                                                   Best trial: 4. Best value: 0.56217:   6%|▌         | 6/100 [02:03<27:46, 17.73s/it]Best trial: 4. Best value: 0.56217:   6%|▌         | 6/100 [02:03<27:46, 17.73s/it]Best trial: 4. Best value: 0.56217:   7%|▋         | 7/100 [02:03<27:26, 17.70s/it]                                                                                   Best trial: 4. Best value: 0.56217:   7%|▋         | 7/100 [02:21<27:26, 17.70s/it]Best trial: 4. Best value: 0.56217:   7%|▋         | 7/100 [02:21<27:26, 17.70s/it]Best trial: 4. Best value: 0.56217:   8%|▊         | 8/100 [02:21<27:06, 17.67s/it]                                                                                   Best trial: 4. Best value: 0.56217:   8%|▊         | 8/100 [02:39<27:06, 17.67s/it]Best trial: 4. Best value: 0.56217:   8%|▊         | 8/100 [02:39<27:06, 17.67s/it]Best trial: 4. Best value: 0.56217:   9%|▉         | 9/100 [02:39<26:48, 17.67s/it]                                                                                   Best trial: 4. Best value: 0.56217:   9%|▉         | 9/100 [02:56<26:48, 17.67s/it]Best trial: 4. Best value: 0.56217:   9%|▉         | 9/100 [02:56<26:48, 17.67s/it]Best trial: 4. Best value: 0.56217:  10%|█         | 10/100 [02:56<26:30, 17.67s/it]                                                                                    Best trial: 4. Best value: 0.56217:  10%|█         | 10/100 [03:14<26:30, 17.67s/it]Best trial: 4. Best value: 0.56217:  10%|█         | 10/100 [03:14<26:30, 17.67s/it]Best trial: 4. Best value: 0.56217:  11%|█         | 11/100 [03:14<26:12, 17.66s/it]                                                                                    Best trial: 4. Best value: 0.56217:  11%|█         | 11/100 [03:32<26:12, 17.66s/it]Best trial: 4. Best value: 0.56217:  11%|█         | 11/100 [03:32<26:12, 17.66s/it]Best trial: 4. Best value: 0.56217:  12%|█▏        | 12/100 [03:32<25:53, 17.65s/it]                                                                                    Best trial: 4. Best value: 0.56217:  12%|█▏        | 12/100 [03:49<25:53, 17.65s/it]Best trial: 4. Best value: 0.56217:  12%|█▏        | 12/100 [03:49<25:53, 17.65s/it]Best trial: 4. Best value: 0.56217:  13%|█▎        | 13/100 [03:49<25:35, 17.64s/it]                                                                                    Best trial: 4. Best value: 0.56217:  13%|█▎        | 13/100 [04:07<25:35, 17.64s/it]Best trial: 4. Best value: 0.56217:  13%|█▎        | 13/100 [04:07<25:35, 17.64s/it]Best trial: 4. Best value: 0.56217:  14%|█▍        | 14/100 [04:07<25:18, 17.65s/it]                                                                                    Best trial: 4. Best value: 0.56217:  14%|█▍        | 14/100 [04:25<25:18, 17.65s/it]Best trial: 4. Best value: 0.56217:  14%|█▍        | 14/100 [04:25<25:18, 17.65s/it]Best trial: 4. Best value: 0.56217:  15%|█▌        | 15/100 [04:25<24:59, 17.64s/it]                                                                                    Best trial: 4. Best value: 0.56217:  15%|█▌        | 15/100 [04:42<24:59, 17.64s/it]Best trial: 4. Best value: 0.56217:  15%|█▌        | 15/100 [04:42<24:59, 17.64s/it]Best trial: 4. Best value: 0.56217:  16%|█▌        | 16/100 [04:42<24:42, 17.65s/it]                                                                                    Best trial: 4. Best value: 0.56217:  16%|█▌        | 16/100 [05:00<24:42, 17.65s/it]Best trial: 4. Best value: 0.56217:  16%|█▌        | 16/100 [05:00<24:42, 17.65s/it]Best trial: 4. Best value: 0.56217:  17%|█▋        | 17/100 [05:00<24:24, 17.65s/it]                                                                                    Best trial: 4. Best value: 0.56217:  17%|█▋        | 17/100 [05:18<24:24, 17.65s/it]Best trial: 4. Best value: 0.56217:  17%|█▋        | 17/100 [05:18<24:24, 17.65s/it]Best trial: 4. Best value: 0.56217:  18%|█▊        | 18/100 [05:18<24:08, 17.66s/it]                                                                                    Best trial: 4. Best value: 0.56217:  18%|█▊        | 18/100 [05:35<24:08, 17.66s/it]Best trial: 4. Best value: 0.56217:  18%|█▊        | 18/100 [05:35<24:08, 17.66s/it]Best trial: 4. Best value: 0.56217:  19%|█▉        | 19/100 [05:35<23:51, 17.67s/it]                                                                                    Best trial: 4. Best value: 0.56217:  19%|█▉        | 19/100 [05:53<23:51, 17.67s/it]Best trial: 4. Best value: 0.56217:  19%|█▉        | 19/100 [05:53<23:51, 17.67s/it]Best trial: 4. Best value: 0.56217:  20%|██        | 20/100 [05:53<23:42, 17.78s/it]                                                                                    Best trial: 4. Best value: 0.56217:  20%|██        | 20/100 [06:11<23:42, 17.78s/it]Best trial: 4. Best value: 0.56217:  20%|██        | 20/100 [06:11<23:42, 17.78s/it]Best trial: 4. Best value: 0.56217:  21%|██        | 21/100 [06:11<23:33, 17.89s/it]                                                                                    Best trial: 4. Best value: 0.56217:  21%|██        | 21/100 [06:30<23:33, 17.89s/it]Best trial: 4. Best value: 0.56217:  21%|██        | 21/100 [06:30<23:33, 17.89s/it]Best trial: 4. Best value: 0.56217:  22%|██▏       | 22/100 [06:30<23:21, 17.97s/it]                                                                                    Best trial: 4. Best value: 0.56217:  22%|██▏       | 22/100 [06:48<23:21, 17.97s/it]Best trial: 4. Best value: 0.56217:  22%|██▏       | 22/100 [06:48<23:21, 17.97s/it]Best trial: 4. Best value: 0.56217:  23%|██▎       | 23/100 [06:48<23:06, 18.01s/it]                                                                                    Best trial: 4. Best value: 0.56217:  23%|██▎       | 23/100 [07:06<23:06, 18.01s/it]Best trial: 4. Best value: 0.56217:  23%|██▎       | 23/100 [07:06<23:06, 18.01s/it]Best trial: 4. Best value: 0.56217:  24%|██▍       | 24/100 [07:06<22:52, 18.06s/it]                                                                                    Best trial: 4. Best value: 0.56217:  24%|██▍       | 24/100 [07:24<22:52, 18.06s/it]Best trial: 4. Best value: 0.56217:  24%|██▍       | 24/100 [07:24<22:52, 18.06s/it]Best trial: 4. Best value: 0.56217:  25%|██▌       | 25/100 [07:24<22:34, 18.06s/it]                                                                                    Best trial: 4. Best value: 0.56217:  25%|██▌       | 25/100 [07:42<22:34, 18.06s/it]Best trial: 4. Best value: 0.56217:  25%|██▌       | 25/100 [07:42<22:34, 18.06s/it]Best trial: 4. Best value: 0.56217:  26%|██▌       | 26/100 [07:42<22:18, 18.08s/it]                                                                                    Best trial: 4. Best value: 0.56217:  26%|██▌       | 26/100 [08:00<22:18, 18.08s/it]Best trial: 4. Best value: 0.56217:  26%|██▌       | 26/100 [08:00<22:18, 18.08s/it]Best trial: 4. Best value: 0.56217:  27%|██▋       | 27/100 [08:00<22:01, 18.11s/it]                                                                                    Best trial: 4. Best value: 0.56217:  27%|██▋       | 27/100 [08:18<22:01, 18.11s/it]Best trial: 4. Best value: 0.56217:  2