[I 2025-05-13 17:12:45,264] Trial 0 finished with value: 0.5603018400772073 and parameters: {'threshold_scale_factor': 0.9887825735513907}. Best is trial 0 with value: 0.5603018400772073.
[I 2025-05-13 17:12:59,728] Trial 1 finished with value: 0.5611430416872631 and parameters: {'threshold_scale_factor': 0.38984765369300534}. Best is trial 1 with value: 0.5611430416872631.
[I 2025-05-13 17:13:14,165] Trial 2 finished with value: 0.5604400507810968 and parameters: {'threshold_scale_factor': 0.9745224421329018}. Best is trial 1 with value: 0.5611430416872631.
[I 2025-05-13 17:13:28,538] Trial 3 finished with value: 0.5604443698734396 and parameters: {'threshold_scale_factor': 0.31288813327772225}. Best is trial 1 with value: 0.5611430416872631.
[I 2025-05-13 17:13:42,935] Trial 4 finished with value: 0.5613502775227738 and parameters: {'threshold_scale_factor': 0.8732130001530436}. Best is trial 4 with value: 0.5613502775227738.
[I 2025-05-13 17:13:57,394] Trial 5 finished with value: 0.5599699750017654 and parameters: {'threshold_scale_factor': 0.2717119433510805}. Best is trial 4 with value: 0.5613502775227738.
[I 2025-05-13 17:14:11,808] Trial 6 finished with value: 0.5623261922808339 and parameters: {'threshold_scale_factor': 0.6295581706397526}. Best is trial 6 with value: 0.5623261922808339.
[I 2025-05-13 17:14:26,215] Trial 7 finished with value: 0.5622315948183195 and parameters: {'threshold_scale_factor': 0.5779881981150908}. Best is trial 6 with value: 0.5623261922808339.
[I 2025-05-13 17:14:40,666] Trial 8 finished with value: 0.5621584281084983 and parameters: {'threshold_scale_factor': 0.5579729356813299}. Best is trial 6 with value: 0.5623261922808339.
[I 2025-05-13 17:14:55,275] Trial 9 finished with value: 0.5613037479776224 and parameters: {'threshold_scale_factor': 0.4122128997469673}. Best is trial 6 with value: 0.5623261922808339.
[I 2025-05-13 17:15:09,649] Trial 10 finished with value: 0.557897959371984 and parameters: {'threshold_scale_factor': 0.11627076759291421}. Best is trial 6 with value: 0.5623261922808339.
[I 2025-05-13 17:15:24,089] Trial 11 finished with value: 0.5623365915464225 and parameters: {'threshold_scale_factor': 0.6574836871851284}. Best is trial 11 with value: 0.5623365915464225.
[I 2025-05-13 17:15:38,566] Trial 12 finished with value: 0.5622341194360096 and parameters: {'threshold_scale_factor': 0.7243789394302553}. Best is trial 11 with value: 0.5623365915464225.
[I 2025-05-13 17:15:52,999] Trial 13 finished with value: 0.5622316894757904 and parameters: {'threshold_scale_factor': 0.7250956738044312}. Best is trial 11 with value: 0.5623365915464225.
[I 2025-05-13 17:16:07,440] Trial 14 finished with value: 0.5622651105932569 and parameters: {'threshold_scale_factor': 0.7133093539652547}. Best is trial 11 with value: 0.5623365915464225.
[I 2025-05-13 17:16:21,875] Trial 15 finished with value: 0.5623223650558262 and parameters: {'threshold_scale_factor': 0.6264847241265078}. Best is trial 11 with value: 0.5623365915464225.
[I 2025-05-13 17:16:36,322] Trial 16 finished with value: 0.5615003028348594 and parameters: {'threshold_scale_factor': 0.8532725491894537}. Best is trial 11 with value: 0.5623365915464225.
[I 2025-05-13 17:16:50,732] Trial 17 finished with value: 0.5555623505559086 and parameters: {'threshold_scale_factor': 0.007404366785597971}. Best is trial 11 with value: 0.5623365915464225.
[I 2025-05-13 17:17:05,156] Trial 18 finished with value: 0.5618786906762705 and parameters: {'threshold_scale_factor': 0.5019751148467654}. Best is trial 11 with value: 0.5623365915464225.
[I 2025-05-13 17:17:19,573] Trial 19 finished with value: 0.5623221732300764 and parameters: {'threshold_scale_factor': 0.6262692785848392}. Best is trial 11 with value: 0.5623365915464225.
[I 2025-05-13 17:17:34,041] Trial 20 finished with value: 0.5617585826487458 and parameters: {'threshold_scale_factor': 0.8152254480653853}. Best is trial 11 with value: 0.5623365915464225.
[I 2025-05-13 17:17:48,478] Trial 21 finished with value: 0.5623362297389544 and parameters: {'threshold_scale_factor': 0.6496073327768045}. Best is trial 11 with value: 0.5623365915464225.
[I 2025-05-13 17:18:02,931] Trial 22 finished with value: 0.5618116769531342 and parameters: {'threshold_scale_factor': 0.49077664667762694}. Best is trial 11 with value: 0.5623365915464225.
[I 2025-05-13 17:18:17,331] Trial 23 finished with value: 0.5623280304435501 and parameters: {'threshold_scale_factor': 0.6728197047231037}. Best is trial 11 with value: 0.5623365915464225.
[I 2025-05-13 17:18:31,790] Trial 24 finished with value: 0.5619934298425252 and parameters: {'threshold_scale_factor': 0.7771515448182782}. Best is trial 11 with value: 0.5623365915464225.
[I 2025-05-13 17:18:46,224] Trial 25 finished with value: 0.5623104791406759 and parameters: {'threshold_scale_factor': 0.6902728954425053}. Best is trial 11 with value: 0.5623365915464225.
[I 2025-05-13 17:19:00,808] Trial 26 finished with value: 0.5619111802838782 and parameters: {'threshold_scale_factor': 0.5076400488692259}. Best is trial 11 with value: 0.5623365915464225.
[I 2025-05-13 17:19:15,277] Trial 27 finished with value: 0.5610658298142787 and parameters: {'threshold_scale_factor': 0.9069861427773526}. Best is trial 11 with value: 0.5623365915464225.
[I 2025-05-13 17:19:29,707] Trial 28 finished with value: 0.5619509324043342 and parameters: {'threshold_scale_factor': 0.784238687404196}. Best is trial 11 with value: 0.5623365915464225.
[I 2025-05-13 17:19:44,156] Trial 29 finished with value: 0.5612002311198989 and parameters: {'threshold_scale_factor': 0.39728806192162275}. Best is trial 11 with value: 0.5623365915464225.
[I 2025-05-13 17:19:58,634] Trial 30 finished with value: 0.560265475790316 and parameters: {'threshold_scale_factor': 0.9924295217142692}. Best is trial 11 with value: 0.5623365915464225.
[I 2025-05-13 17:20:13,011] Trial 31 finished with value: 0.5623353582374125 and parameters: {'threshold_scale_factor': 0.6413228252160041}. Best is trial 11 with value: 0.5623365915464225.
[I 2025-05-13 17:20:27,465] Trial 32 finished with value: 0.562321887500098 and parameters: {'threshold_scale_factor': 0.6815205493654867}. Best is trial 11 with value: 0.5623365915464225.
[I 2025-05-13 17:20:41,892] Trial 33 finished with value: 0.5621919810433977 and parameters: {'threshold_scale_factor': 0.5665248528337979}. Best is trial 11 with value: 0.5623365915464225.
[I 2025-05-13 17:20:56,315] Trial 34 finished with value: 0.5615464597760673 and parameters: {'threshold_scale_factor': 0.44994535688642573}. Best is trial 11 with value: 0.5623365915464225.
[I 2025-05-13 17:21:10,784] Trial 35 finished with value: 0.5623309999764612 and parameters: {'threshold_scale_factor': 0.6347676930926925}. Best is trial 11 with value: 0.5623365915464225.
[I 2025-05-13 17:21:25,239] Trial 36 finished with value: 0.5620420744925422 and parameters: {'threshold_scale_factor': 0.7689542770161188}. Best is trial 11 with value: 0.5623365915464225.
[I 2025-05-13 17:21:39,652] Trial 37 finished with value: 0.5610463431804094 and parameters: {'threshold_scale_factor': 0.9091538318274613}. Best is trial 11 with value: 0.5623365915464225.
[I 2025-05-13 17:21:54,066] Trial 38 finished with value: 0.5622876420842847 and parameters: {'threshold_scale_factor': 0.6014189072961349}. Best is trial 11 with value: 0.5623365915464225.
[I 2025-05-13 17:22:08,500] Trial 39 finished with value: 0.5602847778797794 and parameters: {'threshold_scale_factor': 0.29839585500125665}. Best is trial 11 with value: 0.5623365915464225.
[I 2025-05-13 17:22:22,933] Trial 40 finished with value: 0.5619687390564069 and parameters: {'threshold_scale_factor': 0.5181701525016233}. Best is trial 11 with value: 0.5623365915464225.
[I 2025-05-13 17:22:37,373] Trial 41 finished with value: 0.5623368114932248 and parameters: {'threshold_scale_factor': 0.6571670532293696}. Best is trial 41 with value: 0.5623368114932248.
[I 2025-05-13 17:22:51,946] Trial 42 finished with value: 0.5623366610958109 and parameters: {'threshold_scale_factor': 0.653625177914005}. Best is trial 41 with value: 0.5623368114932248.
[I 2025-05-13 17:23:06,397] Trial 43 finished with value: 0.562188816169605 and parameters: {'threshold_scale_factor': 0.5655765835777206}. Best is trial 41 with value: 0.5623368114932248.
[I 2025-05-13 17:23:20,849] Trial 44 finished with value: 0.5623356474825224 and parameters: {'threshold_scale_factor': 0.6593638285921775}. Best is trial 41 with value: 0.5623368114932248.
[I 2025-05-13 17:23:35,208] Trial 45 finished with value: 0.5620780784784503 and parameters: {'threshold_scale_factor': 0.7623280556745908}. Best is trial 41 with value: 0.5623368114932248.
[I 2025-05-13 17:23:49,593] Trial 46 finished with value: 0.5621939929540445 and parameters: {'threshold_scale_factor': 0.7359971742626206}. Best is trial 41 with value: 0.5623368114932248.
[I 2025-05-13 17:24:04,052] Trial 47 finished with value: 0.5607200875016674 and parameters: {'threshold_scale_factor': 0.3419728394295616}. Best is trial 41 with value: 0.5623368114932248.
[I 2025-05-13 17:24:18,508] Trial 48 finished with value: 0.56232857252705 and parameters: {'threshold_scale_factor': 0.6722861375593097}. Best is trial 41 with value: 0.5623368114932248.
[I 2025-05-13 17:24:33,015] Trial 49 finished with value: 0.5622721627003743 and parameters: {'threshold_scale_factor': 0.5938296638649193}. Best is trial 41 with value: 0.5623368114932248.
[I 2025-05-13 17:24:47,497] Trial 50 finished with value: 0.5615236576199107 and parameters: {'threshold_scale_factor': 0.8500988247376917}. Best is trial 41 with value: 0.5623368114932248.
[I 2025-05-13 17:25:01,994] Trial 51 finished with value: 0.5623360316361838 and parameters: {'threshold_scale_factor': 0.6448604931798456}. Best is trial 41 with value: 0.5623368114932248.
[I 2025-05-13 17:25:16,399] Trial 52 finished with value: 0.5620551957253489 and parameters: {'threshold_scale_factor': 0.5354169629970368}. Best is trial 41 with value: 0.5623368114932248.
[I 2025-05-13 17:25:30,853] Trial 53 finished with value: 0.5622234203799167 and parameters: {'threshold_scale_factor': 0.7276018315156106}. Best is trial 41 with value: 0.5623368114932248.
[I 2025-05-13 17:25:45,326] Trial 54 finished with value: 0.5616803634394935 and parameters: {'threshold_scale_factor': 0.470285030962564}. Best is trial 41 with value: 0.5623368114932248.
[I 2025-05-13 17:25:59,745] Trial 55 finished with value: 0.5623362445527231 and parameters: {'threshold_scale_factor': 0.6518120114242799}. Best is trial 41 with value: 0.5623368114932248.
[I 2025-05-13 17:26:14,201] Trial 56 finished with value: 0.559178225768739 and parameters: {'threshold_scale_factor': 0.20732279397703157}. Best is trial 41 with value: 0.5623368114932248.
[I 2025-05-13 17:26:28,649] Trial 57 finished with value: 0.5622997617556826 and parameters: {'threshold_scale_factor': 0.6090082112187885}. Best is trial 41 with value: 0.5623368114932248.
[I 2025-05-13 17:26:43,118] Trial 58 finished with value: 0.561802452996885 and parameters: {'threshold_scale_factor': 0.8083523790456132}. Best is trial 41 with value: 0.5623368114932248.
[I 2025-05-13 17:26:57,687] Trial 59 finished with value: 0.5622907861183689 and parameters: {'threshold_scale_factor': 0.7024298686776487}. Best is trial 41 with value: 0.5623368114932248.
[I 2025-05-13 17:27:12,110] Trial 60 finished with value: 0.5621783920470148 and parameters: {'threshold_scale_factor': 0.5627067450219135}. Best is trial 41 with value: 0.5623368114932248.
[I 2025-05-13 17:27:26,554] Trial 61 finished with value: 0.5623356974476065 and parameters: {'threshold_scale_factor': 0.6585970620612689}. Best is trial 41 with value: 0.5623368114932248.
[I 2025-05-13 17:27:41,007] Trial 62 finished with value: 0.5621842093386374 and parameters: {'threshold_scale_factor': 0.7386074117149977}. Best is trial 41 with value: 0.5623368114932248.
[I 2025-05-13 17:27:55,467] Trial 63 finished with value: 0.5623370168773392 and parameters: {'threshold_scale_factor': 0.6549761715549165}. Best is trial 63 with value: 0.5623370168773392.
[I 2025-05-13 17:28:09,935] Trial 64 finished with value: 0.5623066323313639 and parameters: {'threshold_scale_factor': 0.6133610057792184}. Best is trial 63 with value: 0.5623370168773392.
[I 2025-05-13 17:28:24,361] Trial 65 finished with value: 0.5620350967053488 and parameters: {'threshold_scale_factor': 0.5312707331603304}. Best is trial 63 with value: 0.5623370168773392.
[I 2025-05-13 17:28:38,841] Trial 66 finished with value: 0.5622862985507929 and parameters: {'threshold_scale_factor': 0.7044367583209485}. Best is trial 63 with value: 0.5623370168773392.
[I 2025-05-13 17:28:53,293] Trial 67 finished with value: 0.56233552796805 and parameters: {'threshold_scale_factor': 0.643213168776767}. Best is trial 63 with value: 0.5623370168773392.
[I 2025-05-13 17:29:07,758] Trial 68 finished with value: 0.5623118123798538 and parameters: {'threshold_scale_factor': 0.6890863969494034}. Best is trial 63 with value: 0.5623370168773392.
[I 2025-05-13 17:29:22,258] Trial 69 finished with value: 0.5622573027328578 and parameters: {'threshold_scale_factor': 0.5870540007846496}. Best is trial 63 with value: 0.5623370168773392.
[I 2025-05-13 17:29:36,651] Trial 70 finished with value: 0.561477327432934 and parameters: {'threshold_scale_factor': 0.43868696605184165}. Best is trial 63 with value: 0.5623370168773392.
[I 2025-05-13 17:29:51,074] Trial 71 finished with value: 0.5623366942384798 and parameters: {'threshold_scale_factor': 0.656535480957731}. Best is trial 63 with value: 0.5623370168773392.
[I 2025-05-13 17:30:05,496] Trial 72 finished with value: 0.5623331710723505 and parameters: {'threshold_scale_factor': 0.6376544392982687}. Best is trial 63 with value: 0.5623370168773392.
[I 2025-05-13 17:30:19,989] Trial 73 finished with value: 0.5618758614975402 and parameters: {'threshold_scale_factor': 0.7966337305828805}. Best is trial 63 with value: 0.5623370168773392.
[I 2025-05-13 17:30:34,417] Trial 74 finished with value: 0.5621074900862306 and parameters: {'threshold_scale_factor': 0.7566195523402146}. Best is trial 63 with value: 0.5623370168773392.
[I 2025-05-13 17:30:49,040] Trial 75 finished with value: 0.5623294982620499 and parameters: {'threshold_scale_factor': 0.6699442998125121}. Best is trial 63 with value: 0.5623370168773392.
[I 2025-05-13 17:31:03,478] Trial 76 finished with value: 0.562284201021585 and parameters: {'threshold_scale_factor': 0.7053104583062528}. Best is trial 63 with value: 0.5623370168773392.
[I 2025-05-13 17:31:17,960] Trial 77 finished with value: 0.5621036754152642 and parameters: {'threshold_scale_factor': 0.5459509079025218}. Best is trial 63 with value: 0.5623370168773392.
[I 2025-05-13 17:31:32,410] Trial 78 finished with value: 0.5615831906409623 and parameters: {'threshold_scale_factor': 0.8416616275935708}. Best is trial 63 with value: 0.5623370168773392.
[I 2025-05-13 17:31:46,883] Trial 79 finished with value: 0.5623129397327559 and parameters: {'threshold_scale_factor': 0.6180369072475497}. Best is trial 63 with value: 0.5623370168773392.
[I 2025-05-13 17:32:01,290] Trial 80 finished with value: 0.5622588330704831 and parameters: {'threshold_scale_factor': 0.5876343287729002}. Best is trial 63 with value: 0.5623370168773392.
[I 2025-05-13 17:32:15,782] Trial 81 finished with value: 0.5623365466029548 and parameters: {'threshold_scale_factor': 0.6531894692895229}. Best is trial 63 with value: 0.5623370168773392.
[I 2025-05-13 17:32:30,195] Trial 82 finished with value: 0.5623363763701559 and parameters: {'threshold_scale_factor': 0.6526843731974338}. Best is trial 63 with value: 0.5623370168773392.
[I 2025-05-13 17:32:44,603] Trial 83 finished with value: 0.5621953279507881 and parameters: {'threshold_scale_factor': 0.7356483018104802}. Best is trial 63 with value: 0.5623370168773392.
[I 2025-05-13 17:32:59,083] Trial 84 finished with value: 0.5623118575744023 and parameters: {'threshold_scale_factor': 0.6890144365051675}. Best is trial 63 with value: 0.5623370168773392.
[I 2025-05-13 17:33:13,543] Trial 85 finished with value: 0.5623304084300387 and parameters: {'threshold_scale_factor': 0.6686294257669239}. Best is trial 63 with value: 0.5623370168773392.
[I 2025-05-13 17:33:28,064] Trial 86 finished with value: 0.5623091735203885 and parameters: {'threshold_scale_factor': 0.6153212238110857}. Best is trial 63 with value: 0.5623370168773392.
[I 2025-05-13 17:33:42,496] Trial 87 finished with value: 0.5622232594371082 and parameters: {'threshold_scale_factor': 0.5753065180705862}. Best is trial 63 with value: 0.5623370168773392.
[I 2025-05-13 17:33:56,908] Trial 88 finished with value: 0.5617904086497344 and parameters: {'threshold_scale_factor': 0.4872963964248742}. Best is trial 63 with value: 0.5623370168773392.
[I 2025-05-13 17:34:11,359] Trial 89 finished with value: 0.5621016999113371 and parameters: {'threshold_scale_factor': 0.7577525740844716}. Best is trial 63 with value: 0.5623370168773392.
[I 2025-05-13 17:34:25,839] Trial 90 finished with value: 0.5622426702445684 and parameters: {'threshold_scale_factor': 0.7214143573805942}. Best is trial 63 with value: 0.5623370168773392.
[I 2025-05-13 17:34:40,268] Trial 91 finished with value: 0.5623359633421996 and parameters: {'threshold_scale_factor': 0.6476286446580474}. Best is trial 63 with value: 0.5623370168773392.
[I 2025-05-13 17:34:54,854] Trial 92 finished with value: 0.5623234218550165 and parameters: {'threshold_scale_factor': 0.6272846771630219}. Best is trial 63 with value: 0.5623370168773392.
[I 2025-05-13 17:35:09,223] Trial 93 finished with value: 0.5623361323195945 and parameters: {'threshold_scale_factor': 0.6502947020490815}. Best is trial 63 with value: 0.5623370168773392.
[I 2025-05-13 17:35:23,694] Trial 94 finished with value: 0.5623262040816326 and parameters: {'threshold_scale_factor': 0.6752148217595515}. Best is trial 63 with value: 0.5623370168773392.
[I 2025-05-13 17:35:38,130] Trial 95 finished with value: 0.5622893306028294 and parameters: {'threshold_scale_factor': 0.6026140798211499}. Best is trial 63 with value: 0.5623370168773392.
[I 2025-05-13 17:35:52,580] Trial 96 finished with value: 0.5623368923412503 and parameters: {'threshold_scale_factor': 0.6558081381528643}. Best is trial 63 with value: 0.5623370168773392.
[I 2025-05-13 17:36:07,045] Trial 97 finished with value: 0.5622768785004197 and parameters: {'threshold_scale_factor': 0.708554592361162}. Best is trial 63 with value: 0.5623370168773392.
[I 2025-05-13 17:36:21,539] Trial 98 finished with value: 0.5621186370705146 and parameters: {'threshold_scale_factor': 0.5491252273965069}. Best is trial 63 with value: 0.5623370168773392.
