[I 2025-05-13 17:12:14,364] Trial 0 finished with value: 0.5499042155528878 and parameters: {'threshold_scale_factor': 0.28810046716335824}. Best is trial 0 with value: 0.5499042155528878.
[I 2025-05-13 17:12:28,600] Trial 1 finished with value: 0.5527791027940587 and parameters: {'threshold_scale_factor': 0.6175734568575774}. Best is trial 1 with value: 0.5527791027940587.
[I 2025-05-13 17:12:42,880] Trial 2 finished with value: 0.5530317644234164 and parameters: {'threshold_scale_factor': 0.7378779041349653}. Best is trial 2 with value: 0.5530317644234164.
[I 2025-05-13 17:12:57,161] Trial 3 finished with value: 0.5472285245392274 and parameters: {'threshold_scale_factor': 0.11859121442211962}. Best is trial 2 with value: 0.5530317644234164.
[I 2025-05-13 17:13:11,443] Trial 4 finished with value: 0.5530276150617109 and parameters: {'threshold_scale_factor': 0.7638905732904004}. Best is trial 2 with value: 0.5530317644234164.
[I 2025-05-13 17:13:25,724] Trial 5 finished with value: 0.5528585194077631 and parameters: {'threshold_scale_factor': 0.8484383410349062}. Best is trial 2 with value: 0.5530317644234164.
[I 2025-05-13 17:13:39,976] Trial 6 finished with value: 0.5528903926119467 and parameters: {'threshold_scale_factor': 0.651600595618369}. Best is trial 2 with value: 0.5530317644234164.
[I 2025-05-13 17:13:54,212] Trial 7 finished with value: 0.5468478917841647 and parameters: {'threshold_scale_factor': 0.09990732311826411}. Best is trial 2 with value: 0.5530317644234164.
[I 2025-05-13 17:14:08,450] Trial 8 finished with value: 0.5526060488509129 and parameters: {'threshold_scale_factor': 0.9116653658017618}. Best is trial 2 with value: 0.5530317644234164.
[I 2025-05-13 17:14:22,847] Trial 9 finished with value: 0.552780746118055 and parameters: {'threshold_scale_factor': 0.6181101528150723}. Best is trial 2 with value: 0.5530317644234164.
[I 2025-05-13 17:14:37,095] Trial 10 finished with value: 0.5504866640617031 and parameters: {'threshold_scale_factor': 0.33481484630783775}. Best is trial 2 with value: 0.5530317644234164.
[I 2025-05-13 17:14:51,341] Trial 11 finished with value: 0.5530259004307606 and parameters: {'threshold_scale_factor': 0.7685107689789058}. Best is trial 2 with value: 0.5530317644234164.
[I 2025-05-13 17:15:05,528] Trial 12 finished with value: 0.5521605804988663 and parameters: {'threshold_scale_factor': 0.9993198430388606}. Best is trial 2 with value: 0.5530317644234164.
[I 2025-05-13 17:15:19,786] Trial 13 finished with value: 0.5518490145548416 and parameters: {'threshold_scale_factor': 0.4557632107181472}. Best is trial 2 with value: 0.5530317644234164.
[I 2025-05-13 17:15:34,074] Trial 14 finished with value: 0.5530298511875339 and parameters: {'threshold_scale_factor': 0.755240503763897}. Best is trial 2 with value: 0.5530317644234164.
[I 2025-05-13 17:15:48,358] Trial 15 finished with value: 0.5519154841858313 and parameters: {'threshold_scale_factor': 0.4636555398703449}. Best is trial 2 with value: 0.5530317644234164.
[I 2025-05-13 17:16:02,631] Trial 16 finished with value: 0.5530200048019208 and parameters: {'threshold_scale_factor': 0.7167812638344028}. Best is trial 2 with value: 0.5530317644234164.
[I 2025-05-13 17:16:16,909] Trial 17 finished with value: 0.5524654019097835 and parameters: {'threshold_scale_factor': 0.5449542659269407}. Best is trial 2 with value: 0.5530317644234164.
[I 2025-05-13 17:16:31,169] Trial 18 finished with value: 0.552757416692167 and parameters: {'threshold_scale_factor': 0.874402464925903}. Best is trial 2 with value: 0.5530317644234164.
[I 2025-05-13 17:16:45,420] Trial 19 finished with value: 0.5507251034688385 and parameters: {'threshold_scale_factor': 0.35340677417299726}. Best is trial 2 with value: 0.5530317644234164.
[I 2025-05-13 17:16:59,690] Trial 20 finished with value: 0.5524836745678663 and parameters: {'threshold_scale_factor': 0.9382907368132527}. Best is trial 2 with value: 0.5530317644234164.
[I 2025-05-13 17:17:13,934] Trial 21 finished with value: 0.5530255943632355 and parameters: {'threshold_scale_factor': 0.7700551830926153}. Best is trial 2 with value: 0.5530317644234164.
[I 2025-05-13 17:17:28,172] Trial 22 finished with value: 0.5529915751712449 and parameters: {'threshold_scale_factor': 0.7995632983602352}. Best is trial 2 with value: 0.5530317644234164.
[I 2025-05-13 17:17:42,410] Trial 23 finished with value: 0.5529551149714786 and parameters: {'threshold_scale_factor': 0.6775008648106575}. Best is trial 2 with value: 0.5530317644234164.
[I 2025-05-13 17:17:56,665] Trial 24 finished with value: 0.5526147503079664 and parameters: {'threshold_scale_factor': 0.5746686126347316}. Best is trial 2 with value: 0.5530317644234164.
[I 2025-05-13 17:18:10,919] Trial 25 finished with value: 0.5530304711060895 and parameters: {'threshold_scale_factor': 0.7337734839991105}. Best is trial 2 with value: 0.5530317644234164.
[I 2025-05-13 17:18:25,332] Trial 26 finished with value: 0.5530181056265644 and parameters: {'threshold_scale_factor': 0.7146539437382651}. Best is trial 2 with value: 0.5530317644234164.
[I 2025-05-13 17:18:39,587] Trial 27 finished with value: 0.5528819683481235 and parameters: {'threshold_scale_factor': 0.8414696406456371}. Best is trial 2 with value: 0.5530317644234164.
[I 2025-05-13 17:18:53,820] Trial 28 finished with value: 0.5524528543966607 and parameters: {'threshold_scale_factor': 0.5427080918614835}. Best is trial 2 with value: 0.5530317644234164.
[I 2025-05-13 17:19:08,104] Trial 29 finished with value: 0.5489778827295624 and parameters: {'threshold_scale_factor': 0.2187599819897612}. Best is trial 2 with value: 0.5530317644234164.
[I 2025-05-13 17:19:22,383] Trial 30 finished with value: 0.5522876160974193 and parameters: {'threshold_scale_factor': 0.9763523440648291}. Best is trial 2 with value: 0.5530317644234164.
[I 2025-05-13 17:19:36,683] Trial 31 finished with value: 0.5530261635634646 and parameters: {'threshold_scale_factor': 0.7672313749672719}. Best is trial 2 with value: 0.5530317644234164.
[I 2025-05-13 17:19:50,957] Trial 32 finished with value: 0.5529946584437696 and parameters: {'threshold_scale_factor': 0.6957833402085714}. Best is trial 2 with value: 0.5530317644234164.
[I 2025-05-13 17:20:05,151] Trial 33 finished with value: 0.5529440523503519 and parameters: {'threshold_scale_factor': 0.8209668867898066}. Best is trial 2 with value: 0.5530317644234164.
[I 2025-05-13 17:20:19,390] Trial 34 finished with value: 0.552759233513013 and parameters: {'threshold_scale_factor': 0.6119160080951567}. Best is trial 2 with value: 0.5530317644234164.
[I 2025-05-13 17:20:33,614] Trial 35 finished with value: 0.552739529192069 and parameters: {'threshold_scale_factor': 0.8788469559291591}. Best is trial 2 with value: 0.5530317644234164.
[I 2025-05-13 17:20:47,904] Trial 36 finished with value: 0.5530316529435303 and parameters: {'threshold_scale_factor': 0.7498746809872728}. Best is trial 2 with value: 0.5530317644234164.
[I 2025-05-13 17:21:02,185] Trial 37 finished with value: 0.5528452957339799 and parameters: {'threshold_scale_factor': 0.6366746252035462}. Best is trial 2 with value: 0.5530317644234164.
[I 2025-05-13 17:21:16,439] Trial 38 finished with value: 0.5530245101962353 and parameters: {'threshold_scale_factor': 0.7218734517915701}. Best is trial 2 with value: 0.5530317644234164.
[I 2025-05-13 17:21:30,682] Trial 39 finished with value: 0.5451824473161814 and parameters: {'threshold_scale_factor': 0.0277839196533336}. Best is trial 2 with value: 0.5530317644234164.
[I 2025-05-13 17:21:44,913] Trial 40 finished with value: 0.5520669700350729 and parameters: {'threshold_scale_factor': 0.4823750867455238}. Best is trial 2 with value: 0.5530317644234164.
[I 2025-05-13 17:21:59,169] Trial 41 finished with value: 0.5530294110428485 and parameters: {'threshold_scale_factor': 0.7609073238557835}. Best is trial 2 with value: 0.5530317644234164.
[I 2025-05-13 17:22:13,578] Trial 42 finished with value: 0.5525900113143296 and parameters: {'threshold_scale_factor': 0.9152784964957275}. Best is trial 2 with value: 0.5530317644234164.
[I 2025-05-13 17:22:27,845] Trial 43 finished with value: 0.5529415661480278 and parameters: {'threshold_scale_factor': 0.8218558734200995}. Best is trial 2 with value: 0.5530317644234164.
[I 2025-05-13 17:22:42,108] Trial 44 finished with value: 0.5530320285604438 and parameters: {'threshold_scale_factor': 0.7404825281592319}. Best is trial 44 with value: 0.5530320285604438.
[I 2025-05-13 17:22:56,378] Trial 45 finished with value: 0.5529278016461486 and parameters: {'threshold_scale_factor': 0.6665021933434055}. Best is trial 44 with value: 0.5530320285604438.
[I 2025-05-13 17:23:10,686] Trial 46 finished with value: 0.5530322660829037 and parameters: {'threshold_scale_factor': 0.7411356674619538}. Best is trial 46 with value: 0.5530322660829037.
[I 2025-05-13 17:23:24,900] Trial 47 finished with value: 0.5527473895283603 and parameters: {'threshold_scale_factor': 0.6084184558991514}. Best is trial 46 with value: 0.5530322660829037.
[I 2025-05-13 17:23:39,130] Trial 48 finished with value: 0.5529022524146914 and parameters: {'threshold_scale_factor': 0.6558765048335854}. Best is trial 46 with value: 0.5530322660829037.
[I 2025-05-13 17:23:53,405] Trial 49 finished with value: 0.5527955104237774 and parameters: {'threshold_scale_factor': 0.865021251813917}. Best is trial 46 with value: 0.5530322660829037.
[I 2025-05-13 17:24:07,678] Trial 50 finished with value: 0.5513535537509122 and parameters: {'threshold_scale_factor': 0.40509895039872373}. Best is trial 46 with value: 0.5530322660829037.
[I 2025-05-13 17:24:21,968] Trial 51 finished with value: 0.5530306021702798 and parameters: {'threshold_scale_factor': 0.754474426581345}. Best is trial 46 with value: 0.5530322660829037.
[I 2025-05-13 17:24:36,195] Trial 52 finished with value: 0.5529861119035849 and parameters: {'threshold_scale_factor': 0.8025428688224394}. Best is trial 46 with value: 0.5530322660829037.
[I 2025-05-13 17:24:50,451] Trial 53 finished with value: 0.5530313639495014 and parameters: {'threshold_scale_factor': 0.7373427488861742}. Best is trial 46 with value: 0.5530322660829037.
[I 2025-05-13 17:25:04,651] Trial 54 finished with value: 0.5526448300418206 and parameters: {'threshold_scale_factor': 0.5814343557876047}. Best is trial 46 with value: 0.5530322660829037.
[I 2025-05-13 17:25:18,931] Trial 55 finished with value: 0.5530053303831336 and parameters: {'threshold_scale_factor': 0.7911513389923375}. Best is trial 46 with value: 0.5530322660829037.
[I 2025-05-13 17:25:33,213] Trial 56 finished with value: 0.5529903755070655 and parameters: {'threshold_scale_factor': 0.6936956200312235}. Best is trial 46 with value: 0.5530322660829037.
[I 2025-05-13 17:25:47,511] Trial 57 finished with value: 0.5530310144449937 and parameters: {'threshold_scale_factor': 0.7456737861477387}. Best is trial 46 with value: 0.5530322660829037.
[I 2025-05-13 17:26:01,787] Trial 58 finished with value: 0.5523014654646172 and parameters: {'threshold_scale_factor': 0.515990080489297}. Best is trial 46 with value: 0.5530322660829037.
[I 2025-05-13 17:26:16,145] Trial 59 finished with value: 0.5526579339500506 and parameters: {'threshold_scale_factor': 0.8991985652683119}. Best is trial 46 with value: 0.5530322660829037.
[I 2025-05-13 17:26:30,423] Trial 60 finished with value: 0.5530306704642641 and parameters: {'threshold_scale_factor': 0.7337092577616626}. Best is trial 46 with value: 0.5530322660829037.
[I 2025-05-13 17:26:44,651] Trial 61 finished with value: 0.5528852954201289 and parameters: {'threshold_scale_factor': 0.8404856402408869}. Best is trial 46 with value: 0.5530322660829037.
[I 2025-05-13 17:26:58,955] Trial 62 finished with value: 0.5530284501565332 and parameters: {'threshold_scale_factor': 0.7296595542604783}. Best is trial 46 with value: 0.5530322660829037.
[I 2025-05-13 17:27:13,238] Trial 63 finished with value: 0.5529598704422946 and parameters: {'threshold_scale_factor': 0.6793833623079635}. Best is trial 46 with value: 0.5530322660829037.
[I 2025-05-13 17:27:27,525] Trial 64 finished with value: 0.5528610621032727 and parameters: {'threshold_scale_factor': 0.6415443163737644}. Best is trial 46 with value: 0.5530322660829037.
[I 2025-05-13 17:27:41,750] Trial 65 finished with value: 0.5530305760578741 and parameters: {'threshold_scale_factor': 0.7333575444688233}. Best is trial 46 with value: 0.5530322660829037.
[I 2025-05-13 17:27:56,037] Trial 66 finished with value: 0.5530033131997898 and parameters: {'threshold_scale_factor': 0.7929501300518484}. Best is trial 46 with value: 0.5530322660829037.
[I 2025-05-13 17:28:10,359] Trial 67 finished with value: 0.552999002644195 and parameters: {'threshold_scale_factor': 0.6982318270017097}. Best is trial 46 with value: 0.5530322660829037.
[I 2025-05-13 17:28:24,625] Trial 68 finished with value: 0.5524633980337234 and parameters: {'threshold_scale_factor': 0.9425077465817426}. Best is trial 46 with value: 0.5530322660829037.
[I 2025-05-13 17:28:38,924] Trial 69 finished with value: 0.5526489944683756 and parameters: {'threshold_scale_factor': 0.5823954578857216}. Best is trial 46 with value: 0.5530322660829037.
[I 2025-05-13 17:28:53,177] Trial 70 finished with value: 0.5493424043813604 and parameters: {'threshold_scale_factor': 0.2449473530823562}. Best is trial 46 with value: 0.5530322660829037.
[I 2025-05-13 17:29:07,423] Trial 71 finished with value: 0.5530310965484233 and parameters: {'threshold_scale_factor': 0.7529540320359693}. Best is trial 46 with value: 0.5530322660829037.
[I 2025-05-13 17:29:21,686] Trial 72 finished with value: 0.5530168517289269 and parameters: {'threshold_scale_factor': 0.7817224762491174}. Best is trial 46 with value: 0.5530322660829037.
[I 2025-05-13 17:29:35,960] Trial 73 finished with value: 0.5530317676874672 and parameters: {'threshold_scale_factor': 0.7500071701130279}. Best is trial 46 with value: 0.5530322660829037.
[I 2025-05-13 17:29:50,256] Trial 74 finished with value: 0.5529402321556073 and parameters: {'threshold_scale_factor': 0.8223821962481139}. Best is trial 46 with value: 0.5530322660829037.
[I 2025-05-13 17:30:04,602] Trial 75 finished with value: 0.5530300457751728 and parameters: {'threshold_scale_factor': 0.7561264834866521}. Best is trial 46 with value: 0.5530322660829037.
[I 2025-05-13 17:30:18,870] Trial 76 finished with value: 0.5528641192633916 and parameters: {'threshold_scale_factor': 0.8467505752769536}. Best is trial 46 with value: 0.5530322660829037.
[I 2025-05-13 17:30:33,167] Trial 77 finished with value: 0.5530039203132233 and parameters: {'threshold_scale_factor': 0.7016007611458664}. Best is trial 46 with value: 0.5530322660829037.
[I 2025-05-13 17:30:47,436] Trial 78 finished with value: 0.5528182342427167 and parameters: {'threshold_scale_factor': 0.6289377124752438}. Best is trial 46 with value: 0.5530322660829037.
[I 2025-05-13 17:31:01,689] Trial 79 finished with value: 0.5529459753783866 and parameters: {'threshold_scale_factor': 0.6737899794255265}. Best is trial 46 with value: 0.5530322660829037.
[I 2025-05-13 17:31:15,904] Trial 80 finished with value: 0.5529583252909007 and parameters: {'threshold_scale_factor': 0.8153192228564726}. Best is trial 46 with value: 0.5530322660829037.
[I 2025-05-13 17:31:30,164] Trial 81 finished with value: 0.5530314970223383 and parameters: {'threshold_scale_factor': 0.7390563035405204}. Best is trial 46 with value: 0.5530322660829037.
[I 2025-05-13 17:31:44,415] Trial 82 finished with value: 0.5530290359280967 and parameters: {'threshold_scale_factor': 0.7612750384446023}. Best is trial 46 with value: 0.5530322660829037.
[I 2025-05-13 17:31:58,659] Trial 83 finished with value: 0.5530151247950161 and parameters: {'threshold_scale_factor': 0.7119859457989961}. Best is trial 46 with value: 0.5530322660829037.
[I 2025-05-13 17:32:12,937] Trial 84 finished with value: 0.5530311871886009 and parameters: {'threshold_scale_factor': 0.7469003216156094}. Best is trial 46 with value: 0.5530322660829037.
[I 2025-05-13 17:32:27,173] Trial 85 finished with value: 0.5530147293427174 and parameters: {'threshold_scale_factor': 0.7839169163919909}. Best is trial 46 with value: 0.5530322660829037.
[I 2025-05-13 17:32:41,434] Trial 86 finished with value: 0.5529047632229362 and parameters: {'threshold_scale_factor': 0.6569203033001257}. Best is trial 46 with value: 0.5530322660829037.
[I 2025-05-13 17:32:55,703] Trial 87 finished with value: 0.5527481344851666 and parameters: {'threshold_scale_factor': 0.6086179352996683}. Best is trial 46 with value: 0.5530322660829037.
[I 2025-05-13 17:33:09,949] Trial 88 finished with value: 0.5527691120369717 and parameters: {'threshold_scale_factor': 0.8714203084809325}. Best is trial 46 with value: 0.5530322660829037.
[I 2025-05-13 17:33:24,156] Trial 89 finished with value: 0.5529709453663819 and parameters: {'threshold_scale_factor': 0.6839054050814058}. Best is trial 46 with value: 0.5530322660829037.
[I 2025-05-13 17:33:38,419] Trial 90 finished with value: 0.553021376456465 and parameters: {'threshold_scale_factor': 0.7761965806958288}. Best is trial 46 with value: 0.5530322660829037.
[I 2025-05-13 17:33:52,689] Trial 91 finished with value: 0.5530319592621362 and parameters: {'threshold_scale_factor': 0.7417734798552383}. Best is trial 46 with value: 0.5530322660829037.
[I 2025-05-13 17:34:07,042] Trial 92 finished with value: 0.5530191209974187 and parameters: {'threshold_scale_factor': 0.716005310603937}. Best is trial 46 with value: 0.5530322660829037.
[I 2025-05-13 17:34:21,226] Trial 93 finished with value: 0.5530316351167918 and parameters: {'threshold_scale_factor': 0.7441031276719902}. Best is trial 46 with value: 0.5530322660829037.
[I 2025-05-13 17:34:35,442] Trial 94 finished with value: 0.5529712639879482 and parameters: {'threshold_scale_factor': 0.8097607448676006}. Best is trial 46 with value: 0.5530322660829037.
[I 2025-05-13 17:34:49,656] Trial 95 finished with value: 0.5530321887500098 and parameters: {'threshold_scale_factor': 0.7409561083342846}. Best is trial 46 with value: 0.5530322660829037.
[I 2025-05-13 17:35:03,781] Trial 96 finished with value: 0.5529057806024371 and parameters: {'threshold_scale_factor': 0.8342682041975557}. Best is trial 46 with value: 0.5530322660829037.
[I 2025-05-13 17:35:17,988] Trial 97 finished with value: 0.5530147080008474 and parameters: {'threshold_scale_factor': 0.7115744097648072}. Best is trial 46 with value: 0.5530322660829037.
[I 2025-05-13 17:35:32,175] Trial 98 finished with value: 0.5530304372101782 and parameters: {'threshold_scale_factor': 0.734281412643417}. Best is trial 46 with value: 0.5530322660829037.
