[I 2025-05-13 16:42:55,964] Trial 0 finished with value: 0.5504257952906653 and parameters: {'interp_param': 0.7074663773111137}. Best is trial 0 with value: 0.5504257952906653.
[I 2025-05-13 16:43:13,605] Trial 1 finished with value: 0.5479634491600562 and parameters: {'interp_param': 0.206434497242593}. Best is trial 0 with value: 0.5504257952906653.
[I 2025-05-13 16:43:31,175] Trial 2 finished with value: 0.5493756158463385 and parameters: {'interp_param': 0.5288520914364906}. Best is trial 0 with value: 0.5504257952906653.
[I 2025-05-13 16:43:48,768] Trial 3 finished with value: 0.5483825620601183 and parameters: {'interp_param': 0.3143403314037261}. Best is trial 0 with value: 0.5504257952906653.
[I 2025-05-13 16:44:06,373] Trial 4 finished with value: 0.5500493000965092 and parameters: {'interp_param': 0.6478042471130789}. Best is trial 0 with value: 0.5504257952906653.
[I 2025-05-13 16:44:24,100] Trial 5 finished with value: 0.5498224367707867 and parameters: {'interp_param': 0.6093288811889908}. Best is trial 0 with value: 0.5504257952906653.
[I 2025-05-13 16:44:41,685] Trial 6 finished with value: 0.5476232529717769 and parameters: {'interp_param': 0.11184849061876567}. Best is trial 0 with value: 0.5504257952906653.
[I 2025-05-13 16:44:59,291] Trial 7 finished with value: 0.5476790057199351 and parameters: {'interp_param': 0.12782164892316916}. Best is trial 0 with value: 0.5504257952906653.
[I 2025-05-13 16:45:16,922] Trial 8 finished with value: 0.5505159682068905 and parameters: {'interp_param': 0.7209686106164825}. Best is trial 8 with value: 0.5505159682068905.
[I 2025-05-13 16:45:34,545] Trial 9 finished with value: 0.5505439594504469 and parameters: {'interp_param': 0.7249864047450458}. Best is trial 9 with value: 0.5505439594504469.
[I 2025-05-13 16:45:52,154] Trial 10 finished with value: 0.5513644142519754 and parameters: {'interp_param': 0.8327408941682141}. Best is trial 10 with value: 0.5513644142519754.
[I 2025-05-13 16:46:09,736] Trial 11 finished with value: 0.5526421781261524 and parameters: {'interp_param': 0.9640572224568356}. Best is trial 11 with value: 0.5526421781261524.
[I 2025-05-13 16:46:27,313] Trial 12 finished with value: 0.5527882240582508 and parameters: {'interp_param': 0.9785965444391556}. Best is trial 12 with value: 0.5527882240582508.
[I 2025-05-13 16:46:44,920] Trial 13 finished with value: 0.5528478783513406 and parameters: {'interp_param': 0.9885432033124426}. Best is trial 13 with value: 0.5528478783513406.
[I 2025-05-13 16:47:02,499] Trial 14 finished with value: 0.5527145740178424 and parameters: {'interp_param': 0.9712685204035363}. Best is trial 13 with value: 0.5528478783513406.
[I 2025-05-13 16:47:20,119] Trial 15 finished with value: 0.5517101126254423 and parameters: {'interp_param': 0.870785540117615}. Best is trial 13 with value: 0.5528478783513406.
[I 2025-05-13 16:47:37,762] Trial 16 finished with value: 0.5487725912639566 and parameters: {'interp_param': 0.40499259559309664}. Best is trial 13 with value: 0.5528478783513406.
[I 2025-05-13 16:47:55,341] Trial 17 finished with value: 0.5526894071824808 and parameters: {'interp_param': 0.9960492153966811}. Best is trial 13 with value: 0.5528478783513406.
[I 2025-05-13 16:48:12,985] Trial 18 finished with value: 0.5513869038125053 and parameters: {'interp_param': 0.8352801557240549}. Best is trial 13 with value: 0.5528478783513406.
[I 2025-05-13 16:48:30,717] Trial 19 finished with value: 0.5518452202214219 and parameters: {'interp_param': 0.8852067226526077}. Best is trial 13 with value: 0.5528478783513406.
[I 2025-05-13 16:48:48,322] Trial 20 finished with value: 0.547305548854836 and parameters: {'interp_param': 0.018207459473514875}. Best is trial 13 with value: 0.5528478783513406.
[I 2025-05-13 16:49:05,941] Trial 21 finished with value: 0.5526561829123806 and parameters: {'interp_param': 0.996784224812269}. Best is trial 13 with value: 0.5528478783513406.
[I 2025-05-13 16:49:23,573] Trial 22 finished with value: 0.5520561587458512 and parameters: {'interp_param': 0.9072998005603797}. Best is trial 13 with value: 0.5528478783513406.
[I 2025-05-13 16:49:41,240] Trial 23 finished with value: 0.5509925404514746 and parameters: {'interp_param': 0.7872750391551999}. Best is trial 13 with value: 0.5528478783513406.
[I 2025-05-13 16:49:58,869] Trial 24 finished with value: 0.5522630872584328 and parameters: {'interp_param': 0.9282068978289559}. Best is trial 13 with value: 0.5528478783513406.
[I 2025-05-13 16:50:16,410] Trial 25 finished with value: 0.5510058238824942 and parameters: {'interp_param': 0.7890090964733938}. Best is trial 13 with value: 0.5528478783513406.
[I 2025-05-13 16:50:34,008] Trial 26 finished with value: 0.5495097675776193 and parameters: {'interp_param': 0.5538345029109009}. Best is trial 13 with value: 0.5528478783513406.
[I 2025-05-13 16:50:51,616] Trial 27 finished with value: 0.5487212429756216 and parameters: {'interp_param': 0.39317702250935793}. Best is trial 13 with value: 0.5528478783513406.
[I 2025-05-13 16:51:09,175] Trial 28 finished with value: 0.5524609304113802 and parameters: {'interp_param': 0.9469097536137803}. Best is trial 13 with value: 0.5528478783513406.
[I 2025-05-13 16:51:26,737] Trial 29 finished with value: 0.5507981260582664 and parameters: {'interp_param': 0.7611677315974676}. Best is trial 13 with value: 0.5528478783513406.
[I 2025-05-13 16:51:44,379] Trial 30 finished with value: 0.5500911334259194 and parameters: {'interp_param': 0.6547818792143099}. Best is trial 13 with value: 0.5528478783513406.
[I 2025-05-13 16:52:01,941] Trial 31 finished with value: 0.5526208375114752 and parameters: {'interp_param': 0.9618352783548341}. Best is trial 13 with value: 0.5528478783513406.
[I 2025-05-13 16:52:19,517] Trial 32 finished with value: 0.5527983699832875 and parameters: {'interp_param': 0.992437378724441}. Best is trial 13 with value: 0.5528478783513406.
[I 2025-05-13 16:52:37,125] Trial 33 finished with value: 0.5517316355247982 and parameters: {'interp_param': 0.8730665584559981}. Best is trial 13 with value: 0.5528478783513406.
[I 2025-05-13 16:52:54,899] Trial 34 finished with value: 0.5526325705184034 and parameters: {'interp_param': 0.9971937663053324}. Best is trial 13 with value: 0.5528478783513406.
[I 2025-05-13 16:53:12,487] Trial 35 finished with value: 0.5513113990380466 and parameters: {'interp_param': 0.8265219641178438}. Best is trial 13 with value: 0.5528478783513406.
[I 2025-05-13 16:53:30,052] Trial 36 finished with value: 0.5521763134744094 and parameters: {'interp_param': 0.9195230478869401}. Best is trial 13 with value: 0.5528478783513406.
[I 2025-05-13 16:53:47,621] Trial 37 finished with value: 0.551939540490706 and parameters: {'interp_param': 0.895245484512458}. Best is trial 13 with value: 0.5528478783513406.
[I 2025-05-13 16:54:05,223] Trial 38 finished with value: 0.5502320500278544 and parameters: {'interp_param': 0.6774127134931078}. Best is trial 13 with value: 0.5528478783513406.
[I 2025-05-13 16:54:22,817] Trial 39 finished with value: 0.5482323255890591 and parameters: {'interp_param': 0.2769150642967254}. Best is trial 13 with value: 0.5528478783513406.
[I 2025-05-13 16:54:40,444] Trial 40 finished with value: 0.5498333861544618 and parameters: {'interp_param': 0.6112286563396074}. Best is trial 13 with value: 0.5528478783513406.
[I 2025-05-13 16:54:58,024] Trial 41 finished with value: 0.5526622319516042 and parameters: {'interp_param': 0.9966695804889312}. Best is trial 13 with value: 0.5528478783513406.
[I 2025-05-13 16:55:15,571] Trial 42 finished with value: 0.5524709595838335 and parameters: {'interp_param': 0.9478777163300272}. Best is trial 13 with value: 0.5528478783513406.
[I 2025-05-13 16:55:33,149] Trial 43 finished with value: 0.5515803312069927 and parameters: {'interp_param': 0.8566473733469624}. Best is trial 13 with value: 0.5528478783513406.
[I 2025-05-13 16:55:50,714] Trial 44 finished with value: 0.5525737965146842 and parameters: {'interp_param': 0.9572434973063548}. Best is trial 13 with value: 0.5528478783513406.
[I 2025-05-13 16:56:08,288] Trial 45 finished with value: 0.5510011201343283 and parameters: {'interp_param': 0.7883848300323761}. Best is trial 13 with value: 0.5528478783513406.
[I 2025-05-13 16:56:25,908] Trial 46 finished with value: 0.5521042449921145 and parameters: {'interp_param': 0.9122119986443641}. Best is trial 13 with value: 0.5528478783513406.
[I 2025-05-13 16:56:43,538] Trial 47 finished with value: 0.552419185964582 and parameters: {'interp_param': 0.999232217497368}. Best is trial 13 with value: 0.5528478783513406.
[I 2025-05-13 16:57:01,184] Trial 48 finished with value: 0.5512378604775243 and parameters: {'interp_param': 0.8178128625714456}. Best is trial 13 with value: 0.5528478783513406.
[I 2025-05-13 16:57:18,961] Trial 49 finished with value: 0.5506699061114642 and parameters: {'interp_param': 0.7431863684510523}. Best is trial 13 with value: 0.5528478783513406.
[I 2025-05-13 16:57:36,584] Trial 50 finished with value: 0.5489083757738389 and parameters: {'interp_param': 0.43454661362418767}. Best is trial 13 with value: 0.5528478783513406.
[I 2025-05-13 16:57:54,189] Trial 51 finished with value: 0.5527933659424554 and parameters: {'interp_param': 0.9792000294404383}. Best is trial 13 with value: 0.5528478783513406.
[I 2025-05-13 16:58:11,808] Trial 52 finished with value: 0.5526045797770088 and parameters: {'interp_param': 0.9602624273776166}. Best is trial 13 with value: 0.5528478783513406.
[I 2025-05-13 16:58:29,443] Trial 53 finished with value: 0.5517200124912711 and parameters: {'interp_param': 0.8718319454047021}. Best is trial 13 with value: 0.5528478783513406.
[I 2025-05-13 16:58:47,042] Trial 54 finished with value: 0.5522352541957959 and parameters: {'interp_param': 0.9254869139065761}. Best is trial 13 with value: 0.5528478783513406.
[I 2025-05-13 16:59:04,674] Trial 55 finished with value: 0.55274241034453 and parameters: {'interp_param': 0.9738941155519446}. Best is trial 13 with value: 0.5528478783513406.
[I 2025-05-13 16:59:22,300] Trial 56 finished with value: 0.5515634620907186 and parameters: {'interp_param': 0.8547885278033538}. Best is trial 13 with value: 0.5528478783513406.
[I 2025-05-13 16:59:39,904] Trial 57 finished with value: 0.5520504152719912 and parameters: {'interp_param': 0.9067194731437115}. Best is trial 13 with value: 0.5528478783513406.
[I 2025-05-13 16:59:57,518] Trial 58 finished with value: 0.5527236395420914 and parameters: {'interp_param': 0.9720752937602846}. Best is trial 13 with value: 0.5528478783513406.
[I 2025-05-13 17:00:15,418] Trial 59 finished with value: 0.5523656434809218 and parameters: {'interp_param': 0.9379220705850914}. Best is trial 13 with value: 0.5528478783513406.
[I 2025-05-13 17:00:33,061] Trial 60 finished with value: 0.5526502004095757 and parameters: {'interp_param': 0.9649051311516709}. Best is trial 13 with value: 0.5528478783513406.
[I 2025-05-13 17:00:50,686] Trial 61 finished with value: 0.552701352101625 and parameters: {'interp_param': 0.9698497435594148}. Best is trial 13 with value: 0.5528478783513406.
[I 2025-05-13 17:01:08,279] Trial 62 finished with value: 0.5519553204183634 and parameters: {'interp_param': 0.8968631259565754}. Best is trial 13 with value: 0.5528478783513406.
[I 2025-05-13 17:01:25,845] Trial 63 finished with value: 0.5527617706847445 and parameters: {'interp_param': 0.9758953461118559}. Best is trial 13 with value: 0.5528478783513406.
[I 2025-05-13 17:01:43,605] Trial 64 finished with value: 0.552260945287919 and parameters: {'interp_param': 0.9280015233569742}. Best is trial 13 with value: 0.5528478783513406.
[I 2025-05-13 17:02:01,205] Trial 65 finished with value: 0.5514649537932821 and parameters: {'interp_param': 0.8441502498391784}. Best is trial 13 with value: 0.5528478783513406.
[I 2025-05-13 17:02:18,776] Trial 66 finished with value: 0.5527825807656396 and parameters: {'interp_param': 0.9780415207901222}. Best is trial 13 with value: 0.5528478783513406.
[I 2025-05-13 17:02:36,386] Trial 67 finished with value: 0.5478581872906025 and parameters: {'interp_param': 0.17775997322598724}. Best is trial 13 with value: 0.5528478783513406.
[I 2025-05-13 17:02:53,960] Trial 68 finished with value: 0.5518854036987344 and parameters: {'interp_param': 0.8895514270657243}. Best is trial 13 with value: 0.5528478783513406.
[I 2025-05-13 17:03:11,532] Trial 69 finished with value: 0.5523934263273936 and parameters: {'interp_param': 0.9993475841575359}. Best is trial 13 with value: 0.5528478783513406.
[I 2025-05-13 17:03:29,127] Trial 70 finished with value: 0.5511573589435774 and parameters: {'interp_param': 0.8080662124055407}. Best is trial 13 with value: 0.5528478783513406.
[I 2025-05-13 17:03:46,740] Trial 71 finished with value: 0.5526553232116376 and parameters: {'interp_param': 0.9653402300945043}. Best is trial 13 with value: 0.5528478783513406.
[I 2025-05-13 17:04:04,380] Trial 72 finished with value: 0.5522868272014687 and parameters: {'interp_param': 0.9304346093307554}. Best is trial 13 with value: 0.5528478783513406.
[I 2025-05-13 17:04:21,990] Trial 73 finished with value: 0.5528155582232893 and parameters: {'interp_param': 0.9816654002524623}. Best is trial 13 with value: 0.5528478783513406.
[I 2025-05-13 17:04:39,575] Trial 74 finished with value: 0.5518089857433169 and parameters: {'interp_param': 0.8814084116284505}. Best is trial 13 with value: 0.5528478783513406.
[I 2025-05-13 17:04:57,174] Trial 75 finished with value: 0.5527614490502083 and parameters: {'interp_param': 0.9758557907360099}. Best is trial 13 with value: 0.5528478783513406.
[I 2025-05-13 17:05:14,667] Trial 76 finished with value: 0.5523848431294086 and parameters: {'interp_param': 0.9397953990409155}. Best is trial 13 with value: 0.5528478783513406.
[I 2025-05-13 17:05:32,248] Trial 77 finished with value: 0.5520687574794624 and parameters: {'interp_param': 0.9085755988993032}. Best is trial 13 with value: 0.5528478783513406.
[I 2025-05-13 17:05:49,978] Trial 78 finished with value: 0.5524373893243573 and parameters: {'interp_param': 0.9991352946966449}. Best is trial 13 with value: 0.5528478783513406.
[I 2025-05-13 17:06:07,607] Trial 79 finished with value: 0.552430201131433 and parameters: {'interp_param': 0.9439810043971091}. Best is trial 13 with value: 0.5528478783513406.
[I 2025-05-13 17:06:25,214] Trial 80 finished with value: 0.5515920913306499 and parameters: {'interp_param': 0.8579264784225692}. Best is trial 13 with value: 0.5528478783513406.
[I 2025-05-13 17:06:42,816] Trial 81 finished with value: 0.5527464035339626 and parameters: {'interp_param': 0.9743496899703056}. Best is trial 13 with value: 0.5528478783513406.
[I 2025-05-13 17:07:00,410] Trial 82 finished with value: 0.5527945598317758 and parameters: {'interp_param': 0.9793452551635103}. Best is trial 13 with value: 0.5528478783513406.
[I 2025-05-13 17:07:18,021] Trial 83 finished with value: 0.5492817650981962 and parameters: {'interp_param': 0.5107926128259399}. Best is trial 13 with value: 0.5528478783513406.
[I 2025-05-13 17:07:35,621] Trial 84 finished with value: 0.5527948578647146 and parameters: {'interp_param': 0.9793609901568894}. Best is trial 13 with value: 0.5528478783513406.
[I 2025-05-13 17:07:53,202] Trial 85 finished with value: 0.5524123917174713 and parameters: {'interp_param': 0.9423280630866833}. Best is trial 13 with value: 0.5528478783513406.
[I 2025-05-13 17:08:10,840] Trial 86 finished with value: 0.5520257809790583 and parameters: {'interp_param': 0.9042279173079429}. Best is trial 13 with value: 0.5528478783513406.
[I 2025-05-13 17:08:28,429] Trial 87 finished with value: 0.5528187338935574 and parameters: {'interp_param': 0.9819910547968457}. Best is trial 13 with value: 0.5528478783513406.
[I 2025-05-13 17:08:46,039] Trial 88 finished with value: 0.5518020172461141 and parameters: {'interp_param': 0.8807244923470424}. Best is trial 13 with value: 0.5528478783513406.
[I 2025-05-13 17:09:03,676] Trial 89 finished with value: 0.5522195513499517 and parameters: {'interp_param': 0.9239023253725812}. Best is trial 13 with value: 0.5528478783513406.
[I 2025-05-13 17:09:21,287] Trial 90 finished with value: 0.5482726720178267 and parameters: {'interp_param': 0.2872180461238151}. Best is trial 13 with value: 0.5528478783513406.
[I 2025-05-13 17:09:38,933] Trial 91 finished with value: 0.5528422810065202 and parameters: {'interp_param': 0.9895242208511191}. Best is trial 13 with value: 0.5528478783513406.
[I 2025-05-13 17:09:56,504] Trial 92 finished with value: 0.55284214692936 and parameters: {'interp_param': 0.985410783165385}. Best is trial 13 with value: 0.5528478783513406.
[I 2025-05-13 17:10:14,187] Trial 93 finished with value: 0.5525515469874225 and parameters: {'interp_param': 0.9551068052770214}. Best is trial 13 with value: 0.5528478783513406.
[I 2025-05-13 17:10:31,793] Trial 94 finished with value: 0.5528502360002825 and parameters: {'interp_param': 0.9876289876761759}. Best is trial 94 with value: 0.5528502360002825.
[I 2025-05-13 17:10:49,426] Trial 95 finished with value: 0.5525337453569663 and parameters: {'interp_param': 0.9984184649734236}. Best is trial 94 with value: 0.5528502360002825.
[I 2025-05-13 17:11:07,042] Trial 96 finished with value: 0.5525146534221531 and parameters: {'interp_param': 0.9518278546941848}. Best is trial 94 with value: 0.5528502360002825.
[I 2025-05-13 17:11:24,669] Trial 97 finished with value: 0.552110283988105 and parameters: {'interp_param': 0.9128755918461198}. Best is trial 94 with value: 0.5528502360002825.
[I 2025-05-13 17:11:42,254] Trial 98 finished with value: 0.5474746033315288 and parameters: {'interp_param': 0.06845909991449506}. Best is trial 94 with value: 0.5528502360002825.
