This job can be monitored from: https://job.c3se.chalmers.se/alvis/4319689
/usr/share/lmod/lmod/init/bash: /usr/share/lmod/lmod/libexec/addto: /usr/bin/lua: bad interpreter: No such file or directory
no change     /opt/conda/condabin/conda
no change     /opt/conda/bin/conda
no change     /opt/conda/bin/conda-env
no change     /opt/conda/bin/activate
no change     /opt/conda/bin/deactivate
no change     /opt/conda/etc/profile.d/conda.sh
no change     /opt/conda/etc/fish/conf.d/conda.fish
no change     /opt/conda/shell/condabin/Conda.psm1
no change     /opt/conda/shell/condabin/conda-hook.ps1
no change     /opt/conda/lib/python3.12/site-packages/xontrib/conda.xsh
no change     /opt/conda/etc/profile.d/conda.csh
no change     /cephyr/users/lassila/Alvis/.bashrc
No action taken.
Overwriting config seed with seed=159
Running MIA...

attacks:
  MLP-attack-0hop:
    attack: mlp-attack
    edge_dropout: 0.0
    mlp_attack_queries:
    - 0
    mlp_hidden_dim:
    - 128
    - 64
  MLP-attack-comb:
    attack: mlp-attack
    edge_dropout: 0.5
    mlp_attack_queries:
    - 0
    - 2
    mlp_hidden_dim:
    - 128
    - 64
  graph-lset-MI:
    attack: graph-lset
    num_sampled_graphs: 16
    prior: 0.5
    sampling_strategy: model-independent
  graph-lset-MI-offline:
    attack: graph-lset
    num_sampled_graphs: 16
    offline: true
    prior: 0.5
    sampling_strategy: model-independent
    threshold_scale_factor: 0.9
  lira:
    attack: lira
  lira-offline:
    attack: lira
    offline: true
  lset:
    attack: lset
  lset-offline:
    attack: lset
    offline: true
  rmia:
    Z_frac: 0.5
    attack: rmia
    rmia_gamma: 1
  rmia-offline:
    Z_frac: 0.5
    attack: rmia
    offline: true
    rmia_gamma: 1
batch_size: 32768
datadir: ./data
dataset: flickr
device: cuda
dropout: 0.0
early_stopping: 0
epochs: 800
epochs_mlp: 1000
frac_target_nodes: 0.1
hidden_dim:
- 128
hidden_dim_mlp:
- 128
hyperparam_search: false
inductive_inference: true
inductive_split: true
lr: 0.001
max_num_nodes: null
model: GCN
name: flickr-GCN
num_audits: 1
num_processes: 1
num_shadow_models: 128
offline: false
optimizer: Adam
pretrain_shadow_models: true
savedir: large_N_results
seed: 159
target_fpr:
- 0.01
- 0.001
train_frac: 0.5
val_frac: 0.0
weight_decay: 0.0001

Dataset properties
#Nodes: 89250
#Edges: 899756
#Features: 500
#Classes: 7
#Class distribution: [0.0590, 0.0953, 0.0719, 0.0549, 0.2573, 0.0390, 0.4226]
Average degree: 10.0813
Fraction isolated nodes: 0.0

Training 128 shadow models:   0%|          | 0/128 [00:00<?, ?it/s]Training 128 shadow models:   1%|          | 1/128 [00:10<21:47, 10.29s/it]Training 128 shadow models:   2%|▏         | 2/128 [00:17<17:57,  8.55s/it]Training 128 shadow models:   2%|▏         | 3/128 [00:24<16:39,  8.00s/it]Training 128 shadow models:   3%|▎         | 4/128 [00:32<15:58,  7.73s/it]Training 128 shadow models:   4%|▍         | 5/128 [00:39<15:33,  7.59s/it]Training 128 shadow models:   5%|▍         | 6/128 [00:46<15:15,  7.50s/it]Training 128 shadow models:   5%|▌         | 7/128 [00:54<15:00,  7.44s/it]Training 128 shadow models:   6%|▋         | 8/128 [01:01<14:48,  7.41s/it]Training 128 shadow models:   7%|▋         | 9/128 [01:08<14:38,  7.38s/it]Training 128 shadow models:   8%|▊         | 10/128 [01:16<14:29,  7.37s/it]Training 128 shadow models:   9%|▊         | 11/128 [01:23<14:20,  7.36s/it]Training 128 shadow models:   9%|▉         | 12/128 [01:30<14:12,  7.35s/it]Training 128 shadow models:  10%|█         | 13/128 [01:38<14:04,  7.34s/it]Training 128 shadow models:  11%|█         | 14/128 [01:45<13:56,  7.34s/it]Training 128 shadow models:  12%|█▏        | 15/128 [01:52<13:49,  7.34s/it]Training 128 shadow models:  12%|█▎        | 16/128 [02:00<13:42,  7.35s/it]Training 128 shadow models:  13%|█▎        | 17/128 [02:07<13:35,  7.35s/it]Training 128 shadow models:  14%|█▍        | 18/128 [02:14<13:27,  7.34s/it]Training 128 shadow models:  15%|█▍        | 19/128 [02:22<13:20,  7.34s/it]Training 128 shadow models:  16%|█▌        | 20/128 [02:29<13:12,  7.34s/it]Training 128 shadow models:  16%|█▋        | 21/128 [02:36<13:04,  7.33s/it]Training 128 shadow models:  17%|█▋        | 22/128 [02:44<12:57,  7.33s/it]Training 128 shadow models:  18%|█▊        | 23/128 [02:51<12:49,  7.33s/it]Training 128 shadow models:  19%|█▉        | 24/128 [02:58<12:42,  7.33s/it]Training 128 shadow models:  20%|█▉        | 25/128 [03:06<12:35,  7.33s/it]Training 128 shadow models:  20%|██        | 26/128 [03:13<12:27,  7.33s/it]Training 128 shadow models:  21%|██        | 27/128 [03:20<12:20,  7.33s/it]Training 128 shadow models:  22%|██▏       | 28/128 [03:28<12:12,  7.33s/it]Training 128 shadow models:  23%|██▎       | 29/128 [03:35<12:06,  7.34s/it]Training 128 shadow models:  23%|██▎       | 30/128 [03:42<11:58,  7.34s/it]Training 128 shadow models:  24%|██▍       | 31/128 [03:50<11:51,  7.34s/it]Training 128 shadow models:  25%|██▌       | 32/128 [03:57<11:44,  7.34s/it]Training 128 shadow models:  26%|██▌       | 33/128 [04:04<11:37,  7.34s/it]Training 128 shadow models:  27%|██▋       | 34/128 [04:12<11:29,  7.34s/it]Training 128 shadow models:  27%|██▋       | 35/128 [04:19<11:22,  7.34s/it]Training 128 shadow models:  28%|██▊       | 36/128 [04:26<11:14,  7.33s/it]Training 128 shadow models:  29%|██▉       | 37/128 [04:34<11:07,  7.34s/it]Training 128 shadow models:  30%|██▉       | 38/128 [04:41<11:00,  7.34s/it]Training 128 shadow models:  30%|███       | 39/128 [04:49<10:53,  7.34s/it]Training 128 shadow models:  31%|███▏      | 40/128 [04:56<10:45,  7.34s/it]Training 128 shadow models:  32%|███▏      | 41/128 [05:03<10:38,  7.34s/it]Training 128 shadow models:  33%|███▎      | 42/128 [05:11<10:31,  7.35s/it]Training 128 shadow models:  34%|███▎      | 43/128 [05:18<10:24,  7.34s/it]Training 128 shadow models:  34%|███▍      | 44/128 [05:25<10:16,  7.34s/it]Training 128 shadow models:  35%|███▌      | 45/128 [05:33<10:08,  7.34s/it]Training 128 shadow models:  36%|███▌      | 46/128 [05:40<10:01,  7.34s/it]Training 128 shadow models:  37%|███▋      | 47/128 [05:47<09:54,  7.34s/it]Training 128 shadow models:  38%|███▊      | 48/128 [05:55<09:47,  7.34s/it]Training 128 shadow models:  38%|███▊      | 49/128 [06:02<09:39,  7.34s/it]Training 128 shadow models:  39%|███▉      | 50/128 [06:09<09:32,  7.34s/it]Training 128 shadow models:  40%|███▉      | 51/128 [06:17<09:25,  7.34s/it]Training 128 shadow models:  41%|████      | 52/128 [06:24<09:18,  7.35s/it]Training 128 shadow models:  41%|████▏     | 53/128 [06:31<09:11,  7.35s/it]Training 128 shadow models:  42%|████▏     | 54/128 [06:39<09:03,  7.35s/it]Training 128 shadow models:  43%|████▎     | 55/128 [06:46<08:56,  7.35s/it]Training 128 shadow models:  44%|████▍     | 56/128 [06:53<08:49,  7.35s/it]Training 128 shadow models:  45%|████▍     | 57/128 [07:01<08:41,  7.35s/it]Training 128 shadow models:  45%|████▌     | 58/128 [07:08<08:34,  7.35s/it]Training 128 shadow models:  46%|████▌     | 59/128 [07:15<08:27,  7.35s/it]Training 128 shadow models:  47%|████▋     | 60/128 [07:23<08:19,  7.35s/it]Training 128 shadow models:  48%|████▊     | 61/128 [07:30<08:12,  7.35s/it]Training 128 shadow models:  48%|████▊     | 62/128 [07:37<08:05,  7.35s/it]Training 128 shadow models:  49%|████▉     | 63/128 [07:45<07:57,  7.35s/it]Training 128 shadow models:  50%|█████     | 64/128 [07:52<07:50,  7.35s/it]Training 128 shadow models:  51%|█████     | 65/128 [08:00<07:43,  7.36s/it]Training 128 shadow models:  52%|█████▏    | 66/128 [08:07<07:36,  7.36s/it]Training 128 shadow models:  52%|█████▏    | 67/128 [08:14<07:29,  7.36s/it]Training 128 shadow models:  53%|█████▎    | 68/128 [08:22<07:21,  7.36s/it]Training 128 shadow models:  54%|█████▍    | 69/128 [08:29<07:14,  7.37s/it]Training 128 shadow models:  55%|█████▍    | 70/128 [08:36<07:07,  7.36s/it]Training 128 shadow models:  55%|█████▌    | 71/128 [08:44<06:59,  7.36s/it]Training 128 shadow models:  56%|█████▋    | 72/128 [08:51<06:52,  7.36s/it]Training 128 shadow models:  57%|█████▋    | 73/128 [08:58<06:44,  7.36s/it]Training 128 shadow models:  58%|█████▊    | 74/128 [09:06<06:37,  7.36s/it]Training 128 shadow models:  59%|█████▊    | 75/128 [09:13<06:30,  7.36s/it]Training 128 shadow models:  59%|█████▉    | 76/128 [09:21<06:22,  7.36s/it]Training 128 shadow models:  60%|██████    | 77/128 [09:28<06:15,  7.36s/it]Training 128 shadow models:  61%|██████    | 78/128 [09:35<06:07,  7.36s/it]Training 128 shadow models:  62%|██████▏   | 79/128 [09:43<06:00,  7.36s/it]Training 128 shadow models:  62%|██████▎   | 80/128 [09:50<05:53,  7.37s/it]Training 128 shadow models:  63%|██████▎   | 81/128 [09:57<05:46,  7.37s/it]Training 128 shadow models:  64%|██████▍   | 82/128 [10:05<05:38,  7.36s/it]Training 128 shadow models:  65%|██████▍   | 83/128 [10:12<05:30,  7.35s/it]Training 128 shadow models:  66%|██████▌   | 84/128 [10:19<05:23,  7.35s/it]Training 128 shadow models:  66%|██████▋   | 85/128 [10:27<05:15,  7.35s/it]Training 128 shadow models:  67%|██████▋   | 86/128 [10:34<05:08,  7.35s/it]Training 128 shadow models:  68%|██████▊   | 87/128 [10:41<05:01,  7.35s/it]Training 128 shadow models:  69%|██████▉   | 88/128 [10:49<04:53,  7.35s/it]Training 128 shadow models:  70%|██████▉   | 89/128 [10:56<04:46,  7.35s/it]Training 128 shadow models:  70%|███████   | 90/128 [11:03<04:39,  7.35s/it]Training 128 shadow models:  71%|███████   | 91/128 [11:11<04:32,  7.35s/it]Training 128 shadow models:  72%|███████▏  | 92/128 [11:18<04:24,  7.36s/it]Training 128 shadow models:  73%|███████▎  | 93/128 [11:26<04:17,  7.36s/it]Training 128 shadow models:  73%|███████▎  | 94/128 [11:33<04:10,  7.36s/it]Training 128 shadow models:  74%|███████▍  | 95/128 [11:40<04:03,  7.37s/it]Training 128 shadow models:  75%|███████▌  | 96/128 [11:48<03:55,  7.36s/it]Training 128 shadow models:  76%|███████▌  | 97/128 [11:55<03:47,  7.35s/it]Training 128 shadow models:  77%|███████▋  | 98/128 [12:02<03:40,  7.35s/it]Training 128 shadow models:  77%|███████▋  | 99/128 [12:10<03:33,  7.35s/it]Training 128 shadow models:  78%|███████▊  | 100/128 [12:17<03:25,  7.35s/it]Training 128 shadow models:  79%|███████▉  | 101/128 [12:24<03:18,  7.35s/it]Training 128 shadow models:  80%|███████▉  | 102/128 [12:32<03:10,  7.34s/it]Training 128 shadow models:  80%|████████  | 103/128 [12:39<03:03,  7.35s/it]Training 128 shadow models:  81%|████████▏ | 104/128 [12:46<02:56,  7.34s/it]Training 128 shadow models:  82%|████████▏ | 105/128 [12:54<02:48,  7.35s/it]Training 128 shadow models:  83%|████████▎ | 106/128 [13:01<02:41,  7.35s/it]Training 128 shadow models:  84%|████████▎ | 107/128 [13:08<02:34,  7.34s/it]Training 128 shadow models:  84%|████████▍ | 108/128 [13:16<02:26,  7.34s/it]Training 128 shadow models:  85%|████████▌ | 109/128 [13:23<02:19,  7.34s/it]Training 128 shadow models:  86%|████████▌ | 110/128 [13:30<02:12,  7.34s/it]Training 128 shadow models:  87%|████████▋ | 111/128 [13:38<02:04,  7.34s/it]Training 128 shadow models:  88%|████████▊ | 112/128 [13:45<01:57,  7.34s/it]Training 128 shadow models:  88%|████████▊ | 113/128 [13:52<01:50,  7.34s/it]Training 128 shadow models:  89%|████████▉ | 114/128 [14:00<01:42,  7.34s/it]Training 128 shadow models:  90%|████████▉ | 115/128 [14:07<01:35,  7.34s/it]Training 128 shadow models:  91%|█████████ | 116/128 [14:14<01:28,  7.34s/it]Training 128 shadow models:  91%|█████████▏| 117/128 [14:22<01:20,  7.34s/it]Training 128 shadow models:  92%|█████████▏| 118/128 [14:29<01:13,  7.34s/it]Training 128 shadow models:  93%|█████████▎| 119/128 [14:36<01:06,  7.34s/it]Training 128 shadow models:  94%|█████████▍| 120/128 [14:44<00:58,  7.34s/it]Training 128 shadow models:  95%|█████████▍| 121/128 [14:51<00:51,  7.34s/it]Training 128 shadow models:  95%|█████████▌| 122/128 [14:58<00:44,  7.34s/it]Training 128 shadow models:  96%|█████████▌| 123/128 [15:06<00:36,  7.34s/it]Training 128 shadow models:  97%|█████████▋| 124/128 [15:13<00:29,  7.34s/it]Training 128 shadow models:  98%|█████████▊| 125/128 [15:21<00:22,  7.34s/it]Training 128 shadow models:  98%|█████████▊| 126/128 [15:28<00:14,  7.33s/it]Training 128 shadow models:  99%|█████████▉| 127/128 [15:35<00:07,  7.34s/it]Training 128 shadow models: 100%|██████████| 128/128 [15:43<00:00,  7.34s/it]Training 128 shadow models: 100%|██████████| 128/128 [15:43<00:00,  7.37s/it]
[I 2025-05-13 16:42:41,449] A new study created in memory with name: no-name-487120ab-672a-44c0-9211-5cd7192f799f
Tuning interpolation parameter for offline RMIA using optuna
  0%|          | 0/100 [00:00<?, ?it/s]                                         0%|          | 0/100 [00:17<?, ?it/s]Best trial: 0. Best value: 0.559221:   0%|          | 0/100 [00:17<?, ?it/s]Best trial: 0. Best value: 0.559221:   1%|          | 1/100 [00:17<29:33, 17.91s/it]                                                                                    Best trial: 0. Best value: 0.559221:   1%|          | 1/100 [00:35<29:33, 17.91s/it]Best trial: 0. Best value: 0.559221:   1%|          | 1/100 [00:35<29:33, 17.91s/it]Best trial: 0. Best value: 0.559221:   2%|▏         | 2/100 [00:35<29:13, 17.89s/it]                                                                                    Best trial: 0. Best value: 0.559221:   2%|▏         | 2/100 [00:53<29:13, 17.89s/it]Best trial: 0. Best value: 0.559221:   2%|▏         | 2/100 [00:53<29:13, 17.89s/it]Best trial: 0. Best value: 0.559221:   3%|▎         | 3/100 [00:53<28:55, 17.89s/it]                                                                                    Best trial: 0. Best value: 0.559221:   3%|▎         | 3/100 [01:11<28:55, 17.89s/it]Best trial: 0. Best value: 0.559221:   3%|▎         | 3/100 [01:11<28:55, 17.89s/it]Best trial: 0. Best value: 0.559221:   4%|▍         | 4/100 [01:11<28:35, 17.87s/it]                                                                                    Best trial: 0. Best value: 0.559221:   4%|▍         | 4/100 [01:29<28:35, 17.87s/it]Best trial: 0. Best value: 0.559221:   4%|▍         | 4/100 [01:29<28:35, 17.87s/it]Best trial: 0. Best value: 0.559221:   5%|▌         | 5/100 [01:29<28:16, 17.86s/it]                                                                                    Best trial: 0. Best value: 0.559221:   5%|▌         | 5/100 [01:47<28:16, 17.86s/it]Best trial: 5. Best value: 0.560324:   5%|▌         | 5/100 [01:47<28:16, 17.86s/it]Best trial: 5. Best value: 0.560324:   6%|▌         | 6/100 [01:47<28:04, 17.92s/it]                                                                                    Best trial: 5. Best value: 0.560324:   6%|▌         | 6/100 [02:05<28:04, 17.92s/it]Best trial: 5. Best value: 0.560324:   6%|▌         | 6/100 [02:05<28:04, 17.92s/it]Best trial: 5. Best value: 0.560324:   7%|▋         | 7/100 [02:05<27:45, 17.91s/it]                                                                                    Best trial: 5. Best value: 0.560324:   7%|▋         | 7/100 [02:23<27:45, 17.91s/it]Best trial: 5. Best value: 0.560324:   7%|▋         | 7/100 [02:23<27:45, 17.91s/it]Best trial: 5. Best value: 0.560324:   8%|▊         | 8/100 [02:23<27:26, 17.90s/it]                                                                                    Best trial: 5. Best value: 0.560324:   8%|▊         | 8/100 [02:41<27:26, 17.90s/it]Best trial: 8. Best value: 0.560414:   8%|▊         | 8/100 [02:41<27:26, 17.90s/it]Best trial: 8. Best value: 0.560414:   9%|▉         | 9/100 [02:41<27:08, 17.90s/it]                                                                                    Best trial: 8. Best value: 0.560414:   9%|▉         | 9/100 [02:58<27:08, 17.90s/it]Best trial: 8. Best value: 0.560414:   9%|▉         | 9/100 [02:58<27:08, 17.90s/it]Best trial: 8. Best value: 0.560414:  10%|█         | 10/100 [02:58<26:51, 17.90s/it]                                                                                     Best trial: 8. Best value: 0.560414:  10%|█         | 10/100 [03:16<26:51, 17.90s/it]Best trial: 10. Best value: 0.561393:  10%|█         | 10/100 [03:16<26:51, 17.90s/it]Best trial: 10. Best value: 0.561393:  11%|█         | 11/100 [03:16<26:33, 17.90s/it]                                                                                      Best trial: 10. Best value: 0.561393:  11%|█         | 11/100 [03:34<26:33, 17.90s/it]Best trial: 11. Best value: 0.561431:  11%|█         | 11/100 [03:34<26:33, 17.90s/it]Best trial: 11. Best value: 0.561431:  12%|█▏        | 12/100 [03:34<26:16, 17.91s/it]                                                                                      Best trial: 11. Best value: 0.561431:  12%|█▏        | 12/100 [03:52<26:16, 17.91s/it]Best trial: 11. Best value: 0.561431:  12%|█▏        | 12/100 [03:52<26:16, 17.91s/it]Best trial: 11. Best value: 0.561431:  13%|█▎        | 13/100 [03:52<25:58, 17.91s/it]                                                                                      Best trial: 11. Best value: 0.561431:  13%|█▎        | 13/100 [04:10<25:58, 17.91s/it]Best trial: 11. Best value: 0.561431:  13%|█▎        | 13/100 [04:10<25:58, 17.91s/it]Best trial: 11. Best value: 0.561431:  14%|█▍        | 14/100 [04:10<25:39, 17.90s/it]                                                                                      Best trial: 11. Best value: 0.561431:  14%|█▍        | 14/100 [04:28<25:39, 17.90s/it]Best trial: 11. Best value: 0.561431:  14%|█▍        | 14/100 [04:28<25:39, 17.90s/it]Best trial: 11. Best value: 0.561431:  15%|█▌        | 15/100 [04:28<25:21, 17.90s/it]                                                                                      Best trial: 11. Best value: 0.561431:  15%|█▌        | 15/100 [04:46<25:21, 17.90s/it]Best trial: 11. Best value: 0.561431:  15%|█▌        | 15/100 [04:46<25:21, 17.90s/it]Best trial: 11. Best value: 0.561431:  16%|█▌        | 16/100 [04:46<25:03, 17.90s/it]                                                                                      Best trial: 11. Best value: 0.561431:  16%|█▌        | 16/100 [05:04<25:03, 17.90s/it]Best trial: 11. Best value: 0.561431:  16%|█▌        | 16/100 [05:04<25:03, 17.90s/it]Best trial: 11. Best value: 0.561431:  17%|█▋        | 17/100 [05:04<24:46, 17.90s/it]                                                                                      Best trial: 11. Best value: 0.561431:  17%|█▋        | 17/100 [05:22<24:46, 17.90s/it]Best trial: 11. Best value: 0.561431:  17%|█▋        | 17/100 [05:22<24:46, 17.90s/it]Best trial: 11. Best value: 0.561431:  18%|█▊        | 18/100 [05:22<24:27, 17.90s/it]                                                                                      Best trial: 11. Best value: 0.561431:  18%|█▊        | 18/100 [05:40<24:27, 17.90s/it]Best trial: 11. Best value: 0.561431:  18%|█▊        | 18/100 [05:40<24:27, 17.90s/it]Best trial: 11. Best value: 0.561431:  19%|█▉        | 19/100 [05:40<24:09, 17.90s/it]                                                                                      Best trial: 11. Best value: 0.561431:  19%|█▉        | 19/100 [05:58<24:09, 17.90s/it]Best trial: 11. Best value: 0.561431:  19%|█▉        | 19/100 [05:58<24:09, 17.90s/it]Best trial: 11. Best value: 0.561431:  20%|██        | 20/100 [05:58<23:54, 17.93s/it]                                                                                      Best trial: 11. Best value: 0.561431:  20%|██        | 20/100 [06:16<23:54, 17.93s/it]Best trial: 11. Best value: 0.561431:  20%|██        | 20/100 [06:16<23:54, 17.93s/it]Best trial: 11. Best value: 0.561431:  21%|██        | 21/100 [06:16<23:35, 17.92s/it]                                                                                      Best trial: 11. Best value: 0.561431:  21%|██        | 21/100 [06:33<23:35, 17.92s/it]Best trial: 11. Best value: 0.561431:  21%|██        | 21/100 [06:33<23:35, 17.92s/it]Best trial: 11. Best value: 0.561431:  22%|██▏       | 22/100 [06:33<23:17, 17.91s/it]                                                                                      Best trial: 11. Best value: 0.561431:  22%|██▏       | 22/100 [06:51<23:17, 17.91s/it]Best trial: 11. Best value: 0.561431:  22%|██▏       | 22/100 [06:51<23:17, 17.91s/it]Best trial: 11. Best value: 0.561431:  23%|██▎       | 23/100 [06:51<22:57, 17.90s/it]                                                                                      Best trial: 11. Best value: 0.561431:  23%|██▎       | 23/100 [07:09<22:57, 17.90s/it]Best trial: 11. Best value: 0.561431:  23%|██▎       | 23/100 [07:09<22:57, 17.90s/it]Best trial: 11. Best value: 0.561431:  24%|██▍       | 24/100 [07:09<22:40, 17.90s/it]                                                                                      Best trial: 11. Best value: 0.561431:  24%|██▍       | 24/100 [07:27<22:40, 17.90s/it]Best trial: 11. Best value: 0.561431:  24%|██▍       | 24/100 [07:27<22:40, 17.90s/it]Best trial: 11. Best value: 0.561431:  25%|██▌       | 25/100 [07:27<22:20, 17.87s/it]                                                                                      Best trial: 11. Best value: 0.561431:  25%|██▌       | 25/100 [07:45<22:20, 17.87s/it]Best trial: 11. Best value: 0.561431:  25%|██▌       | 25/100 [07:45<22:20, 17.87s/it]Best trial: 11. Best value: 0.561431:  26%|██▌       | 26/100 [07:45<22:03, 17.88s/it]                                                                                      Best trial: 11. Best value: 0.561431:  26%|██▌       | 26/100 [08:03<22:03, 17.88s/it]Best trial: 11. Best value: 0.561431:  26%|██▌       | 26/100 [08:03<22:03, 17.88s/it]Best trial: 11. Best value: 0.561431:  27%|██▋       | 27/100 [08:03<21:44, 17.87s/it]                                      