[I 2025-05-13 17:36:08,757] Trial 99 finished with value: 0.5622863638318072 and parameters: {'threshold_scale_factor': 0.2563421463379715}. Best is trial 72 with value: 0.5658113683748008.
Best hyperparameters: {'threshold_scale_factor': 0.7215025121225997}
Best optimized value: 0.5658113683748008
Running audit 1/1
Training a GCN target model on flickr...
Training GCN on cuda:   0%|          | 0/800 [00:00<?, ?it/s]Training GCN on cuda:   1%|▏         | 10/800 [00:00<00:08, 93.93it/s]Training GCN on cuda:   3%|▎         | 21/800 [00:00<00:07, 100.86it/s]Training GCN on cuda:   4%|▍         | 32/800 [00:00<00:07, 104.14it/s]Training GCN on cuda:   5%|▌         | 43/800 [00:00<00:07, 105.90it/s]Training GCN on cuda:   7%|▋         | 54/800 [00:00<00:06, 106.99it/s]Training GCN on cuda:   8%|▊         | 65/800 [00:00<00:06, 107.60it/s]Training GCN on cuda:  10%|▉         | 76/800 [00:00<00:06, 107.94it/s]Training GCN on cuda:  11%|█         | 87/800 [00:00<00:06, 108.18it/s]Training GCN on cuda:  12%|█▏        | 98/800 [00:00<00:06, 108.51it/s]Training GCN on cuda:  14%|█▎        | 109/800 [00:01<00:06, 108.53it/s]Training GCN on cuda:  15%|█▌        | 120/800 [00:01<00:06, 108.42it/s]Training GCN on cuda:  16%|█▋        | 131/800 [00:01<00:06, 108.67it/s]Training GCN on cuda:  18%|█▊        | 142/800 [00:01<00:06, 108.73it/s]Training GCN on cuda:  19%|█▉        | 153/800 [00:01<00:05, 108.62it/s]Training GCN on cuda:  20%|██        | 164/800 [00:01<00:05, 108.65it/s]Training GCN on cuda:  22%|██▏       | 175/800 [00:01<00:05, 108.71it/s]Training GCN on cuda:  23%|██▎       | 186/800 [00:01<00:05, 108.81it/s]Training GCN on cuda:  25%|██▍       | 197/800 [00:01<00:05, 108.59it/s]Training GCN on cuda:  26%|██▌       | 208/800 [00:01<00:05, 108.70it/s]Training GCN on cuda:  27%|██▋       | 219/800 [00:02<00:05, 108.81it/s]Training GCN on cuda:  29%|██▉       | 230/800 [00:02<00:05, 108.55it/s]Training GCN on cuda:  30%|███       | 241/800 [00:02<00:05, 108.74it/s]Training GCN on cuda:  32%|███▏      | 252/800 [00:02<00:05, 108.76it/s]Training GCN on cuda:  33%|███▎      | 263/800 [00:02<00:04, 108.76it/s]Training GCN on cuda:  34%|███▍      | 274/800 [00:02<00:04, 108.60it/s]Training GCN on cuda:  36%|███▌      | 285/800 [00:02<00:04, 108.68it/s]Training GCN on cuda:  37%|███▋      | 296/800 [00:03<00:08, 59.90it/s] Training GCN on cuda:  38%|███▊      | 307/800 [00:03<00:07, 69.25it/s]Training GCN on cuda:  40%|███▉      | 318/800 [00:03<00:06, 77.68it/s]Training GCN on cuda:  41%|████      | 329/800 [00:03<00:05, 84.91it/s]Training GCN on cuda:  42%|████▎     | 340/800 [00:03<00:05, 90.98it/s]Training GCN on cuda:  44%|████▍     | 351/800 [00:03<00:04, 95.70it/s]Training GCN on cuda:  45%|████▌     | 362/800 [00:03<00:04, 99.08it/s]Training GCN on cuda:  47%|████▋     | 373/800 [00:03<00:04, 101.85it/s]Training GCN on cuda:  48%|████▊     | 384/800 [00:03<00:04, 103.86it/s]Training GCN on cuda:  49%|████▉     | 395/800 [00:03<00:03, 105.28it/s]Training GCN on cuda:  51%|█████     | 406/800 [00:04<00:03, 106.13it/s]Training GCN on cuda:  52%|█████▏    | 417/800 [00:04<00:03, 106.91it/s]Training GCN on cuda:  54%|█████▎    | 428/800 [00:04<00:03, 107.61it/s]Training GCN on cuda:  55%|█████▍    | 439/800 [00:04<00:03, 107.78it/s]Training GCN on cuda:  56%|█████▋    | 450/800 [00:04<00:03, 107.96it/s]Training GCN on cuda:  58%|█████▊    | 461/800 [00:04<00:03, 108.26it/s]Training GCN on cuda:  59%|█████▉    | 472/800 [00:04<00:03, 108.46it/s]Training GCN on cuda:  60%|██████    | 483/800 [00:04<00:02, 108.52it/s]Training GCN on cuda:  62%|██████▏   | 494/800 [00:04<00:02, 108.53it/s]Training GCN on cuda:  63%|██████▎   | 505/800 [00:04<00:02, 108.63it/s]Training GCN on cuda:  64%|██████▍   | 516/800 [00:05<00:02, 108.73it/s]Training GCN on cuda:  66%|██████▌   | 527/800 [00:05<00:02, 108.51it/s]Training GCN on cuda:  67%|██████▋   | 538/800 [00:05<00:02, 108.72it/s]Training GCN on cuda:  69%|██████▊   | 549/800 [00:05<00:02, 108.75it/s]Training GCN on cuda:  70%|███████   | 560/800 [00:05<00:02, 108.79it/s]Training GCN on cuda:  71%|███████▏  | 571/800 [00:05<00:02, 108.61it/s]Training GCN on cuda:  73%|███████▎  | 582/800 [00:05<00:02, 108.66it/s]Training GCN on cuda:  74%|███████▍  | 593/800 [00:05<00:01, 108.82it/s]Training GCN on cuda:  76%|███████▌  | 604/800 [00:05<00:01, 108.75it/s]Training GCN on cuda:  77%|███████▋  | 615/800 [00:05<00:01, 108.57it/s]Training GCN on cuda:  78%|███████▊  | 626/800 [00:06<00:01, 108.76it/s]Training GCN on cuda:  80%|███████▉  | 637/800 [00:06<00:01, 108.76it/s]Training GCN on cuda:  81%|████████  | 648/800 [00:06<00:01, 108.65it/s]Training GCN on cuda:  82%|████████▏ | 659/800 [00:06<00:01, 108.62it/s]Training GCN on cuda:  84%|████████▍ | 670/800 [00:06<00:01, 108.72it/s]Training GCN on cuda:  85%|████████▌ | 681/800 [00:06<00:01, 108.82it/s]Training GCN on cuda:  86%|████████▋ | 692/800 [00:06<00:00, 108.58it/s]Training GCN on cuda:  88%|████████▊ | 703/800 [00:06<00:00, 108.71it/s]Training GCN on cuda:  89%|████████▉ | 714/800 [00:06<00:00, 108.75it/s]Training GCN on cuda:  91%|█████████ | 725/800 [00:06<00:00, 108.76it/s]Training GCN on cuda:  92%|█████████▏| 736/800 [00:07<00:00, 108.61it/s]Training GCN on cuda:  93%|█████████▎| 747/800 [00:07<00:00, 108.63it/s]Training GCN on cuda:  95%|█████████▍| 758/800 [00:07<00:00, 108.83it/s]Training GCN on cuda:  96%|█████████▌| 769/800 [00:07<00:00, 108.79it/s]Training GCN on cuda:  98%|█████████▊| 780/800 [00:07<00:00, 108.56it/s]Training GCN on cuda:  99%|█████████▉| 791/800 [00:07<00:00, 108.78it/s]Training GCN on cuda: 100%|██████████| 800/800 [00:07<00:00, 104.56it/s]
Train accuracy: 0.5550 | Test accuracy: 0.4780
Training MLP on cuda:   0%|          | 0/1000 [00:00<?, ?it/s]Training MLP on cuda:   0%|          | 1/1000 [01:47<29:44:01, 107.15s/it]Training MLP on cuda:   0%|          | 2/1000 [03:34<29:44:24, 107.28s/it]Training MLP on cuda:   0%|          | 3/1000 [05:22<29:46:06, 107.49s/it]Training MLP on cuda:   0%|          | 4/1000 [07:09<29:45:18, 107.55s/it]Training MLP on cuda:   0%|          | 5/1000 [08:57<29:45:41, 107.68s/it]Training MLP on cuda:   1%|          | 6/1000 [10:45<29:46:05, 107.81s/it]Training MLP on cuda:   1%|          | 7/1000 [12:33<29:43:14, 107.75s/it]Training MLP on cuda:   1%|          | 8/1000 [14:20<29:36:20, 107.44s/it]Training MLP on cuda:   1%|          | 9/1000 [16:07<29:31:37, 107.26s/it]Training MLP on cuda:   1%|          | 10/1000 [17:53<29:27:15, 107.11s/it]Training MLP on cuda:   1%|          | 11/1000 [19:40<29:22:29, 106.93s/it]Training MLP on cuda:   1%|          | 12/1000 [21:27<29:19:42, 106.87s/it]Training MLP on cuda:   1%|▏         | 13/1000 [23:13<29:17:44, 106.85s/it]Training MLP on cuda:   1%|▏         | 14/1000 [25:00<29:15:58, 106.85s/it]Training MLP on cuda:   2%|▏         | 15/1000 [26:47<29:13:10, 106.79s/it]Training MLP on cuda:   2%|▏         | 16/1000 [28:34<29:14:36, 106.99s/it]Training MLP on cuda:   2%|▏         | 17/1000 [30:21<29:12:58, 107.00s/it]Training MLP on cuda:   2%|▏         | 18/1000 [32:09<29:11:42, 107.03s/it]Training MLP on cuda:   2%|▏         | 19/1000 [33:57<29:17:18, 107.48s/it]Training MLP on cuda:   2%|▏         | 20/1000 [35:46<29:20:55, 107.81s/it]Training MLP on cuda:   2%|▏         | 21/1000 [37:34<29:20:25, 107.89s/it]Training MLP on cuda:   2%|▏         | 22/1000 [39:22<29:19:13, 107.93s/it]Training MLP on cuda:   2%|▏         | 23/1000 [41:10<29:16:51, 107.89s/it]Training MLP on cuda:   2%|▏         | 24/1000 [42:58<29:15:35, 107.93s/it]Training MLP on cuda:   2%|▎         | 25/1000 [44:46<29:15:50, 108.05s/it]Training MLP on cuda:   3%|▎         | 26/1000 [46:34<29:13:44, 108.03s/it]Training MLP on cuda:   3%|▎         | 27/1000 [48:22<29:11:54, 108.03s/it]Training MLP on cuda:   3%|▎         | 28/1000 [50:10<29:11:32, 108.12s/it]Training MLP on cuda:   3%|▎         | 29/1000 [51:59<29:10:48, 108.19s/it]Training MLP on cuda:   3%|▎         | 30/1000 [53:47<29:10:35, 108.28s/it]Training MLP on cuda:   3%|▎         | 31/1000 [55:35<29:08:52, 108.29s/it]Training MLP on cuda:   3%|▎         | 32/1000 [57:24<29:09:58, 108.47s/it]Training MLP on cuda:   3%|▎         | 33/1000 [59:13<29:09:41, 108.56s/it]Training MLP on cuda:   3%|▎         | 34/1000 [1:01:02<29:08:15, 108.59s/it]Training MLP on cuda:   4%|▎         | 35/1000 [1:02:50<29:06:16, 108.58s/it]Training MLP on cuda:   4%|▎         | 36/1000 [1:04:39<29:03:55, 108.54s/it]Training MLP on cuda:   4%|▎         | 37/1000 [1:06:28<29:03:24, 108.62s/it]Training MLP on cuda:   4%|▍         | 38/1000 [1:08:16<29:01:48, 108.64s/it]Training MLP on cuda:   4%|▍         | 39/1000 [1:10:04<28:58:15, 108.53s/it]Training MLP on cuda:   4%|▍         | 40/1000 [1:11:53<28:56:33, 108.53s/it]Training MLP on cuda:   4%|▍         | 41/1000 [1:13:42<28:56:27, 108.64s/it]Training MLP on cuda:   4%|▍         | 42/1000 [1:15:31<28:55:37, 108.70s/it]Training MLP on cuda:   4%|▍         | 43/1000 [1:17:19<28:52:06, 108.60s/it]Training MLP on cuda:   4%|▍         | 44/1000 [1:19:08<28:49:23, 108.54s/it]Training MLP on cuda:   4%|▍         | 45/1000 [1:20:56<28:48:13, 108.58s/it]Training MLP on cuda:   5%|▍         | 46/1000 [1:22:45<28:46:40, 108.60s/it]Training MLP on cuda:   5%|▍         | 47/1000 [1:24:33<28:44:23, 108.57s/it]Training MLP on cuda:   5%|▍         | 48/1000 [1:26:22<28:42:28, 108.56s/it]Training MLP on cuda:   5%|▍         | 49/1000 [1:28:10<28:38:25, 108.42s/it]Training MLP on cuda:   5%|▌         | 50/1000 [1:29:58<28:34:43, 108.30s/it]Training MLP on cuda:   5%|▌         | 51/1000 [1:31:46<28:31:22, 108.20s/it]Training MLP on cuda:   5%|▌         | 52/1000 [1:33:34<28:30:09, 108.24s/it]Training MLP on cuda:   5%|▌         | 53/1000 [1:35:23<28:31:31, 108.44s/it]Training MLP on cuda:   5%|▌         | 54/1000 [1:37:12<28:31:21, 108.54s/it]Training MLP on cuda:   6%|▌         | 55/1000 [1:39:00<28:28:49, 108.50s/it]Training MLP on cuda:   6%|▌         | 56/1000 [1:40:49<28:25:44, 108.42s/it]Training MLP on cuda:   6%|▌         | 57/1000 [1:42:37<28:22:26, 108.32s/it]Training MLP on cuda:   6%|▌         | 58/1000 [1:44:25<28:19:53, 108.27s/it]Training MLP on cuda:   6%|▌         | 59/1000 [1:46:13<28:16:49, 108.19s/it]Training MLP on cuda:   6%|▌         | 60/1000 [1:48:01<28:13:51, 108.12s/it]Training MLP on cuda:   6%|▌         | 61/1000 [1:49:49<28:14:36, 108.28s/it]Training MLP on cuda:   6%|▌         | 62/1000 [1:51:38<28:11:38, 108.21s/it]Training MLP on cuda:   6%|▋         | 63/1000 [1:53:25<28:07:54, 108.08s/it]Training MLP on cuda:   6%|▋         | 64/1000 [1:55:13<28:05:03, 108.02s/it]Training MLP on cuda:   6%|▋         | 65/1000 [1:57:01<28:03:46, 108.05s/it]Training MLP on cuda:   7%|▋         | 66/1000 [1:58:49<28:01:38, 108.03s/it]Training MLP on cuda:   7%|▋         | 67/1000 [2:00:38<28:01:04, 108.11s/it]Training MLP on cuda:   7%|▋         | 68/1000 [2:02:26<27:59:35, 108.13s/it]Training MLP on cuda:   7%|▋         | 69/1000 [2:04:14<27:58:15, 108.16s/it]Training MLP on cuda:   7%|▋         | 70/1000 [2:06:02<27:56:43, 108.18s/it]Training MLP on cuda:   7%|▋         | 71/1000 [2:07:50<27:54:03, 108.12s/it]Training MLP on cuda:   7%|▋         | 72/1000 [2:09:38<27:51:58, 108.10s/it]Training MLP on cuda:   7%|▋         | 73/1000 [2:11:27<27:51:54, 108.21s/it]Training MLP on cuda:   7%|▋         | 74/1000 [2:13:15<27:49:56, 108.20s/it]Training MLP on cuda:   8%|▊         | 75/1000 [2:15:03<27:46:00, 108.07s/it]Training MLP on cuda:   8%|▊         | 76/1000 [2:16:51<27:43:23, 108.01s/it]Training MLP on cuda:   8%|▊         | 77/1000 [2:18:39<27:42:06, 108.05s/it]Training MLP on cuda:   8%|▊         | 78/1000 [2:20:27<27:42:17, 108.17s/it]Training MLP on cuda:   8%|▊         | 79/1000 [2:22:15<27:37:57, 108.01s/it]Training MLP on cuda:   8%|▊         | 80/1000 [2:24:03<27:38:49, 108.18s/it]Training MLP on cuda:   8%|▊         | 81/1000 [2:25:51<27:34:52, 108.04s/it]Training MLP on cuda:   8%|▊         | 82/1000 [2:27:39<27:32:30, 108.01s/it]Training MLP on cuda:   8%|▊         | 83/1000 [2:29:27<27:30:35, 108.00s/it]Training MLP on cuda:   8%|▊         | 84/1000 [2:31:15<27:28:14, 107.96s/it]Training MLP on cuda:   8%|▊         | 85/1000 [2:33:03<27:26:39, 107.98s/it]Training MLP on cuda:   9%|▊         | 86/1000 [2:34:51<27:24:05, 107.93s/it]Training MLP on cuda:   9%|▊         | 87/1000 [2:36:38<27:21:52, 107.90s/it]Training MLP on cuda:   9%|▉         | 88/1000 [2:38:26<27:19:49, 107.88s/it]Training MLP on cuda:   9%|▉         | 89/1000 [2:40:14<27:18:30, 107.91s/it]Training MLP on cuda:   9%|▉         | 90/1000 [2:42:02<27:17:03, 107.94s/it]Training MLP on cuda:   9%|▉         | 91/1000 [2:43:50<27:13:43, 107.84s/it]Training MLP on cuda:   9%|▉         | 92/1000 [2:45:38<27:12:01, 107.84s/it]Training MLP on cuda:   9%|▉         | 93/1000 [2:47:26<27:09:43, 107.81s/it]Training MLP on cuda:   9%|▉         | 94/1000 [2:49:13<27:07:25, 107.78s/it]Training MLP on cuda:  10%|▉         | 95/1000 [2:51:01<27:05:24, 107.76s/it]Training MLP on cuda:  10%|▉         | 96/1000 [2:52:49<27:03:53, 107.78s/it]Training MLP on cuda:  10%|▉         | 97/1000 [2:54:37<27:02:57, 107.84s/it]Training MLP on cuda:  10%|▉         | 98/1000 [2:56:25<27:01:06, 107.83s/it]Training MLP on cuda:  10%|▉         | 99/1000 [2:58:12<26:58:53, 107.81s/it]Training MLP on cuda:  10%|█         | 100/1000 [3:00:00<26:58:27, 107.90s/it]Training MLP on cuda:  10%|█         | 101/1000 [3:01:49<26:59:32, 108.09s/it]Training MLP on cuda:  10%|█         | 102/1000 [3:03:37<26:57:53, 108.10s/it]Training MLP on cuda:  10%|█         | 103/1000 [3:05:25<26:56:34, 108.13s/it]Training MLP on cuda:  10%|█         | 104/1000 [3:07:13<26:54:16, 108.10s/it]Training MLP on cuda:  10%|█         | 105/1000 [3:09:02<26:53:36, 108.18s/it]Training MLP on cuda:  11%|█         | 106/1000 [3:10:50<26:52:33, 108.23s/it]Training MLP on cuda:  11%|█         | 107/1000 [3:12:38<26:48:26, 108.07s/it]Training MLP on cuda:  11%|█         | 108/1000 [3:14:26<26:45:39, 108.00s/it]Training MLP on cuda:  11%|█         | 109/1000 [3:16:13<26:42:12, 107.89s/it]Training MLP on cuda:  11%|█         | 110/1000 [3:18:00<26:37:06, 107.67s/it]Training MLP on cuda:  11%|█         | 111/1000 [3:19:48<26:36:12, 107.73s/it]Training MLP on cuda:  11%|█         | 112/1000 [3:21:36<26:33:18, 107.66s/it]Training MLP on cuda:  11%|█▏        | 113/1000 [3:23:23<26:31:03, 107.63s/it]Training MLP on cuda:  11%|█▏        | 114/1000 [3:25:11<26:29:16, 107.63s/it]Training MLP on cuda:  12%|█▏        | 115/1000 [3:26:58<26:24:00, 107.39s/it]Training MLP on cuda:  12%|█▏        | 116/1000 [3:28:45<26:23:28, 107.48s/it]Training MLP on cuda:  12%|█▏        | 117/1000 [3:30:33<26:23:32, 107.60s/it]Training MLP on cuda:  12%|█▏        | 118/1000 [3:32:21<26:20:52, 107.54s/it]Training MLP on cuda:  12%|█▏        | 119/1000 [3:34:08<26:17:15, 107.42s/it]Training MLP on cuda:  12%|█▏        | 120/1000 [3:35:55<26:14:31, 107.35s/it]Training MLP on cuda:  12%|█▏        | 121/1000 [3:37:42<26:12:21, 107.33s/it]Training MLP on cuda:  12%|█▏        | 122/1000 [3:39:30<26:10:47, 107.34s/it]Training MLP on cuda:  12%|█▏        | 123/1000 [3:41:17<26:10:50, 107.47s/it]Training MLP on cuda:  12%|█▏        | 124/1000 [3:43:05<26:07:47, 107.38s/it]Training MLP on cuda:  12%|█▎        | 125/1000 [3:44:52<26:06:40, 107.43s/it]Training MLP on cuda:  13%|█▎        | 126/1000 [3:46:40<26:04:56, 107.43s/it]Training MLP on cuda:  13%|█▎        | 127/1000 [3:48:28<26:05:49, 107.62s/it]Training MLP on cuda:  13%|█▎        | 128/1000 [3:50:15<26:03:21, 107.57s/it]Training MLP on cuda:  13%|█▎        | 129/1000 [3:52:02<26:00:22, 107.49s/it]Training MLP on cuda:  13%|█▎        | 130/1000 [3:53:50<25:58:17, 107.47s/it]Training MLP on cuda:  13%|█▎        | 131/1000 [3:55:37<25:55:43, 107.42s/it]Training MLP on cuda:  13%|█▎        | 132/1000 [3:57:24<25:52:53, 107.34s/it]Training MLP on cuda:  13%|█▎        | 133/1000 [3:59:12<25:52:11, 107.42s/it]Training MLP on cuda:  13%|█▎        | 134/1000 [4:00:59<25:50:54, 107.45s/it]Training MLP on cuda:  14%|█▎        | 135/1000 [4:02:47<25:48:02, 107.38s/it]Training MLP on cuda:  14%|█▎        | 136/1000 [4:04:34<25:48:09, 107.51s/it]Training MLP on cuda:  14%|█▎        | 137/1000 [4:06:22<25:46:21, 107.51s/it]Training MLP on cuda:  14%|█▍        | 138/1000 [4:08:09<25:44:33, 107.51s/it]Training MLP on cuda:  14%|█▍        | 139/1000 [4:09:57<25:40:55, 107.38s/it]Training MLP on cuda:  14%|█▍        | 140/1000 [4:11:43<25:36:31, 107.20s/it]Training MLP on cuda:  14%|█▍        | 141/1000 [4:13:30<25:33:57, 107.14s/it]Training MLP on cuda:  14%|█▍        | 142/1000 [4:15:17<25:32:05, 107.14s/it]Training MLP on cuda:  14%|█▍        | 143/1000 [4:17:04<25:28:55, 107.04s/it]Training MLP on cuda:  14%|█▍        | 144/1000 [4:18:51<25:25:24, 106.92s/it]Training MLP on cuda:  14%|█▍        | 145/1000 [4:20:38<25:25:17, 107.04s/it]Training MLP on cuda:  15%|█▍        | 146/1000 [4:22:25<25:23:20, 107.03s/it]Training MLP on cuda:  15%|█▍        | 147/1000 [4:24:12<25:19:44, 106.90s/it]Training MLP on cuda:  15%|█▍        | 148/1000 [4:25:59<25:18:16, 106.92s/it]Training MLP on cuda:  15%|█▍        | 148/1000 [4:27:46<25:41:29, 108.56s/it]
Training MLP on cuda:   0%|          | 0/1000 [00:00<?, ?it/s]Training MLP on cuda:   0%|          | 1/1000 [01:46<29:39:04, 106.85s/it]Training MLP on cuda:   0%|          | 2/1000 [03:34<29:41:37, 107.11s/it]Training MLP on cuda:   0%|          | 3/1000 [05:21<29:39:20, 107.08s/it]Training MLP on cuda:   0%|          | 4/1000 [07:08<29:38:04, 107.11s/it]Training MLP on cuda:   0%|          | 5/1000 [08:55<29:36:59, 107.16s/it]Training MLP on cuda:   1%|          | 6/1000 [10:43<29:38:10, 107.33s/it]Training MLP on cuda:   1%|          | 7/1000 [12:30<29:35:17, 107.27s/it]Training MLP on cuda:   1%|          | 8/1000 [14:17<29:33:51, 107.29s/it]Training MLP on cuda:   1%|          | 9/1000 [16:05<29:32:49, 107.34s/it]Training MLP on cuda:   1%|          | 10/1000 [17:52<29:31:35, 107.37s/it]Training MLP on cuda:   1%|          | 11/1000 [19:39<29:28:47, 107.31s/it]Training MLP on cuda:   1%|          | 12/1000 [21:27<29:29:11, 107.44s/it]Training MLP on cuda:   1%|▏         | 13/1000 [23:14<29:27:23, 107.44s/it]Training MLP on cuda:   1%|▏         | 14/1000 [25:02<29:25:51, 107.46s/it]Training MLP on cuda:   2%|▏         | 15/1000 [26:49<29:23:47, 107.44s/it]Training MLP on cuda:   2%|▏         | 16/1000 [28:37<29:23:23, 107.52s/it]Training MLP on cuda:   2%|▏         | 17/1000 [30:25<29:23:05, 107.62s/it]Training MLP on cuda:   2%|▏         | 18/1000 [32:13<29:23:29, 107.75s/it]Training MLP on cuda:   2%|▏         | 19/1000 [34:01<29:24:17, 107.91s/it]Training MLP on cuda:   2%|▏         | 20/1000 [35:49<29:23:21, 107.96s/it]Training MLP on cuda:   2%|▏         | 21/1000 [37:37<29:18:16, 107.76s/it]Training MLP on cuda:   2%|▏         | 22/1000 [39:24<29:13:52, 107.60s/it]Training MLP on cuda:   2%|▏         | 23/1000 [41:11<29:09:01, 107.41s/it]Training MLP on cuda:   2%|▏         | 24/1000 [42:58<29:05:48, 107.32s/it]Training MLP on cuda:   2%|▎         | 25/1000 [44:45<29:04:01, 107.32s/it]Training MLP on cuda:   3%|▎         | 26/1000 [46:33<29:01:52, 107.30s/it]Training MLP on cuda:   3%|▎         | 27/1000 [48:20<28:59:21, 107.26s/it]Training MLP on cuda:   3%|▎         | 28/1000 [50:07<28:58:30, 107.32s/it]Training MLP on cuda:   3%|▎         | 29/1000 [51:55<28:57:13, 107.35s/it]Training MLP on cuda:   3%|▎         | 30/1000 [53:42<28:55:08, 107.33s/it]Training MLP on cuda:   3%|▎         | 31/1000 [55:29<28:52:21, 107.27s/it]Training MLP on cuda:   3%|▎         | 32/1000 [57:16<28:50:14, 107.25s/it]Training MLP on cuda:   3%|▎         | 33/1000 [59:04<28:49:17, 107.30s/it]Training MLP on cuda:   3%|▎         | 34/1000 [1:00:51<28:46:39, 107.25s/it]Training MLP on cuda:   4%|▎         | 35/1000 [1:02:38<28:43:56, 107.19s/it]Training MLP on cuda:   4%|▎         | 36/1000 [1:04:25<28:41:54, 107.17s/it]Training MLP on cuda:   4%|▎         | 37/1000 [1:06:13<28:43:53, 107.41s/it]Training MLP on cuda:   4%|▍         | 38/1000 [1:08:00<28:41:57, 107.40s/it]Training MLP on cuda:   4%|▍         | 39/1000 [1:09:47<28:39:16, 107.34s/it]Training MLP on cuda:   4%|▍         | 40/1000 [1:11:35<28:36:38, 107.29s/it]Training MLP on cuda:   4%|▍         | 41/1000 [1:13:22<28:35:00, 107.30s/it]Training MLP on cuda:   4%|▍         | 42/1000 [1:15:09<28:32:56, 107.28s/it]Training MLP on cuda:   4%|▍         | 43/1000 [1:16:57<28:33:03, 107.40s/it]Training MLP on cuda:   4%|▍         | 44/1000 [1:18:46<28:37:27, 107.79s/it]Training MLP on cuda:   4%|▍         | 45/1000 [1:20:34<28:39:38, 108.04s/it]Training MLP on cuda:   5%|▍         | 46/1000 [1:22:23<28:40:28, 108.21s/it]Training MLP on cuda:   5%|▍         | 47/1000 [1:24:11<28:38:59, 108.23s/it]Training MLP on cuda:   5%|▍         | 48/1000 [1:26:00<28:41:30, 108.50s/it]Training MLP on cuda:   5%|▍         | 49/1000 [1:27:49<28:40:21, 108.54s/it]Training MLP on cuda:   5%|▌         | 50/1000 [1:29:37<28:37:29, 108.47s/it]Training MLP on cuda:   5%|▌         | 51/1000 [1:31:26<28:35:35, 108.47s/it]Training MLP on cuda:   5%|▌         | 52/1000 [1:33:13<28:30:00, 108.23s/it]Training MLP on cuda:   5%|▌         | 53/1000 [1:35:01<28:26:01, 108.09s/it]Training MLP on cuda:   5%|▌         | 54/1000 [1:36:49<28:22:48, 108.00s/it]Training MLP on cuda:   6%|▌         | 55/1000 [1:38:36<28:18:32, 107.84s/it]Training MLP on cuda:   6%|▌         | 56/1000 [1:40:24<28:15:25, 107.76s/it]Training MLP on cuda:   6%|▌         | 57/1000 [1:42:12<28:13:30, 107.75s/it]Training MLP on cuda:   6%|▌         | 58/1000 [1:43:59<28:10:22, 107.67s/it]Training MLP on cuda:   6%|▌         | 59/10