[I 2025-05-13 17:11:59,887] Trial 99 finished with value: 0.5495455400670072 and parameters: {'interp_param': 0.5603355266309988}. Best is trial 94 with value: 0.5528502360002825.
Best hyperparameters: {'interp_param': 0.9876289876761759}
Best optimized value: 0.5528502360002825
Tuning threshold scale factor for offline LSET using optuna
  0%|          | 0/100 [00:00<?, ?it/s]                                         0%|          | 0/100 [00:14<?, ?it/s]Best trial: 0. Best value: 0.549904:   0%|          | 0/100 [00:14<?, ?it/s]Best trial: 0. Best value: 0.549904:   1%|          | 1/100 [00:14<23:53, 14.48s/it]                                                                                    Best trial: 0. Best value: 0.549904:   1%|          | 1/100 [00:28<23:53, 14.48s/it]Best trial: 1. Best value: 0.552779:   1%|          | 1/100 [00:28<23:53, 14.48s/it]Best trial: 1. Best value: 0.552779:   2%|▏         | 2/100 [00:28<23:24, 14.33s/it]                                                                                    Best trial: 1. Best value: 0.552779:   2%|▏         | 2/100 [00:42<23:24, 14.33s/it]Best trial: 2. Best value: 0.553032:   2%|▏         | 2/100 [00:42<23:24, 14.33s/it]Best trial: 2. Best value: 0.553032:   3%|▎         | 3/100 [00:42<23:08, 14.31s/it]                                                                                    Best trial: 2. Best value: 0.553032:   3%|▎         | 3/100 [00:57<23:08, 14.31s/it]Best trial: 2. Best value: 0.553032:   3%|▎         | 3/100 [00:57<23:08, 14.31s/it]Best trial: 2. Best value: 0.553032:   4%|▍         | 4/100 [00:57<22:52, 14.30s/it]                                                                                    Best trial: 2. Best value: 0.553032:   4%|▍         | 4/100 [01:11<22:52, 14.30s/it]Best trial: 2. Best value: 0.553032:   4%|▍         | 4/100 [01:11<22:52, 14.30s/it]Best trial: 2. Best value: 0.553032:   5%|▌         | 5/100 [01:11<22:37, 14.29s/it]                                                                                    Best trial: 2. Best value: 0.553032:   5%|▌         | 5/100 [01:25<22:37, 14.29s/it]Best trial: 2. Best value: 0.553032:   5%|▌         | 5/100 [01:25<22:37, 14.29s/it]Best trial: 2. Best value: 0.553032:   6%|▌         | 6/100 [01:25<22:23, 14.29s/it]                                                                                    Best trial: 2. Best value: 0.553032:   6%|▌         | 6/100 [01:40<22:23, 14.29s/it]Best trial: 2. Best value: 0.553032:   6%|▌         | 6/100 [01:40<22:23, 14.29s/it]Best trial: 2. Best value: 0.553032:   7%|▋         | 7/100 [01:40<22:07, 14.28s/it]                                                                                    Best trial: 2. Best value: 0.553032:   7%|▋         | 7/100 [01:54<22:07, 14.28s/it]Best trial: 2. Best value: 0.553032:   7%|▋         | 7/100 [01:54<22:07, 14.28s/it]Best trial: 2. Best value: 0.553032:   8%|▊         | 8/100 [01:54<21:52, 14.26s/it]                                                                                    Best trial: 2. Best value: 0.553032:   8%|▊         | 8/100 [02:08<21:52, 14.26s/it]Best trial: 2. Best value: 0.553032:   8%|▊         | 8/100 [02:08<21:52, 14.26s/it]Best trial: 2. Best value: 0.553032:   9%|▉         | 9/100 [02:08<21:37, 14.26s/it]                                                                                    Best trial: 2. Best value: 0.553032:   9%|▉         | 9/100 [02:22<21:37, 14.26s/it]Best trial: 2. Best value: 0.553032:   9%|▉         | 9/100 [02:22<21:37, 14.26s/it]Best trial: 2. Best value: 0.553032:  10%|█         | 10/100 [02:22<21:26, 14.30s/it]                                                                                     Best trial: 2. Best value: 0.553032:  10%|█         | 10/100 [02:37<21:26, 14.30s/it]Best trial: 2. Best value: 0.553032:  10%|█         | 10/100 [02:37<21:26, 14.30s/it]Best trial: 2. Best value: 0.553032:  11%|█         | 11/100 [02:37<21:11, 14.28s/it]                                                                                     Best trial: 2. Best value: 0.553032:  11%|█         | 11/100 [02:51<21:11, 14.28s/it]Best trial: 2. Best value: 0.553032:  11%|█         | 11/100 [02:51<21:11, 14.28s/it]Best trial: 2. Best value: 0.553032:  12%|█▏        | 12/100 [02:51<20:55, 14.27s/it]                                                                                     Best trial: 2. Best value: 0.553032:  12%|█▏        | 12/100 [03:05<20:55, 14.27s/it]Best trial: 2. Best value: 0.553032:  12%|█▏        | 12/100 [03:05<20:55, 14.27s/it]Best trial: 2. Best value: 0.553032:  13%|█▎        | 13/100 [03:05<20:39, 14.25s/it]                                                                                     Best trial: 2. Best value: 0.553032:  13%|█▎        | 13/100 [03:19<20:39, 14.25s/it]Best trial: 2. Best value: 0.553032:  13%|█▎        | 13/100 [03:19<20:39, 14.25s/it]Best trial: 2. Best value: 0.553032:  14%|█▍        | 14/100 [03:19<20:25, 14.25s/it]                                                                                     Best trial: 2. Best value: 0.553032:  14%|█▍        | 14/100 [03:34<20:25, 14.25s/it]Best trial: 2. Best value: 0.553032:  14%|█▍        | 14/100 [03:34<20:25, 14.25s/it]Best trial: 2. Best value: 0.553032:  15%|█▌        | 15/100 [03:34<20:12, 14.26s/it]                                                                                     Best trial: 2. Best value: 0.553032:  15%|█▌        | 15/100 [03:48<20:12, 14.26s/it]Best trial: 2. Best value: 0.553032:  15%|█▌        | 15/100 [03:48<20:12, 14.26s/it]Best trial: 2. Best value: 0.553032:  16%|█▌        | 16/100 [03:48<19:58, 14.27s/it]                                                                                     Best trial: 2. Best value: 0.553032:  16%|█▌        | 16/100 [04:02<19:58, 14.27s/it]Best trial: 2. Best value: 0.553032:  16%|█▌        | 16/100 [04:02<19:58, 14.27s/it]Best trial: 2. Best value: 0.553032:  17%|█▋        | 17/100 [04:02<19:44, 14.27s/it]                                                                                     Best trial: 2. Best value: 0.553032:  17%|█▋        | 17/100 [04:17<19:44, 14.27s/it]Best trial: 2. Best value: 0.553032:  17%|█▋        | 17/100 [04:17<19:44, 14.27s/it]Best trial: 2. Best value: 0.553032:  18%|█▊        | 18/100 [04:17<19:30, 14.27s/it]                                                                                     Best trial: 2. Best value: 0.553032:  18%|█▊        | 18/100 [04:31<19:30, 14.27s/it]Best trial: 2. Best value: 0.553032:  18%|█▊        | 18/100 [04:31<19:30, 14.27s/it]Best trial: 2. Best value: 0.553032:  19%|█▉        | 19/100 [04:31<19:15, 14.27s/it]                                                                                     Best trial: 2. Best value: 0.553032:  19%|█▉        | 19/100 [04:45<19:15, 14.27s/it]Best trial: 2. Best value: 0.553032:  19%|█▉        | 19/100 [04:45<19:15, 14.27s/it]Best trial: 2. Best value: 0.553032:  20%|██        | 20/100 [04:45<19:01, 14.26s/it]                                                                                     Best trial: 2. Best value: 0.553032:  20%|██        | 20/100 [04:59<19:01, 14.26s/it]Best trial: 2. Best value: 0.553032:  20%|██        | 20/100 [04:59<19:01, 14.26s/it]Best trial: 2. Best value: 0.553032:  21%|██        | 21/100 [04:59<18:46, 14.27s/it]                                                                                     Best trial: 2. Best value: 0.553032:  21%|██        | 21/100 [05:14<18:46, 14.27s/it]Best trial: 2. Best value: 0.553032:  21%|██        | 21/100 [05:14<18:46, 14.27s/it]Best trial: 2. Best value: 0.553032:  22%|██▏       | 22/100 [05:14<18:32, 14.26s/it]                                                                                     Best trial: 2. Best value: 0.553032:  22%|██▏       | 22/100 [05:28<18:32, 14.26s/it]Best trial: 2. Best value: 0.553032:  22%|██▏       | 22/100 [05:28<18:32, 14.26s/it]Best trial: 2. Best value: 0.553032:  23%|██▎       | 23/100 [05:28<18:17, 14.25s/it]                                                                                     Best trial: 2. Best value: 0.553032:  23%|██▎       | 23/100 [05:42<18:17, 14.25s/it]Best trial: 2. Best value: 0.553032:  23%|██▎       | 23/100 [05:42<18:17, 14.25s/it]Best trial: 2. Best value: 0.553032:  24%|██▍       | 24/100 [05:42<18:02, 14.25s/it]                                                                                     Best trial: 2. Best value: 0.553032:  24%|██▍       | 24/100 [05:56<18:02, 14.25s/it]Best trial: 2. Best value: 0.553032:  24%|██▍       | 24/100 [05:56<18:02, 14.25s/it]Best trial: 2. Best value: 0.553032:  25%|██▌       | 25/100 [05:56<17:48, 14.25s/it]                                                                                     Best trial: 2. Best value: 0.553032:  25%|██▌       | 25/100 [06:11<17:48, 14.25s/it]Best trial: 2. Best value: 0.553032:  25%|██▌       | 25/100 [06:11<17:48, 14.25s/it]Best trial: 2. Best value: 0.553032:  26%|██▌       | 26/100 [06:11<17:34, 14.25s/it]                                                                                     Best trial: 2. Best value: 0.553032:  26%|██▌       | 26/100 [06:25<17:34, 14.25s/it]Best trial: 2. Best value: 0.553032:  26%|██▌       | 26/100 [06:25<17:34, 14.25s/it]Best trial: 2. Best value: 0.553032:  27%|██▋       | 27/100 [06:25<17:23, 14.30s/it]                                                                                     Best trial: 2. Best value: 0.553032:  27%|██▋       | 27/100 [06:39<17:23, 14.30s/it]Best trial: 2. Best value: 0.553032:  27%|██▋       | 27/100 [06:39<17:23, 14.30s/it]Best trial: 2. Best value: 0.553032:  28%|██▊       | 28/100 [06:39<17:08, 14.29s/it]                                                                                     Best trial: 2. Best value: 0.553032:  28%|██▊       | 28/100 [06:53<17:08, 14.29s/it]Best trial: 2. Best value: 0.553032:  28%|██▊       | 28/100 [06:53<17:08, 14.29s/it]Best trial: 2. Best value: 0.553032:  29%|██▉       | 29/100 [06:53<16:53, 14.27s/it]                                                                                     Best trial: 2. Best value: 0.553032:  29%|██▉       | 29/100 [07:08<16:53, 14.27s/it]Best trial: 2. Best value: 0.553032:  29%|██▉       | 29/100 [07:08<16:53, 14.27s/it]Best trial: 2. Best value: 0.553032:  30%|███       | 30/100 [07:08<16:39, 14.27s/it]                                                                                     Best trial: 2. Best value: 0.553032:  30%|███       | 30/100 [07:22<16:39, 14.27s/it]Best trial: 2. Best value: 0.553032:  30%|███       | 30/100 [07:22<16:39, 14.27s/it]Best trial: 2. Best value: 0.553032:  31%|███       | 31/100 [07:22<16:25, 14.28s/it]                                                                                     Best trial: 2. Best value: 0.553032:  31%|███       | 31/100 [07:36<16:25, 14.28s/it]Best trial: 2. Best value: 0.553032:  31%|███       | 31/100 [07:36<16:25, 14.28s/it]Best trial: 2. Best value: 0.553032:  32%|███▏      | 32/100 [07:36<16:11, 14.28s/it]                                                                                     Best trial: 2. Best value: 0.553032:  32%|███▏      | 32/100 [07:51<16:11, 14.28s/it]Best trial: 2. Best value: 0.553032:  32%|███▏      | 32/100 [07:51<16:11, 14.28s/it]Best trial: 2. Best value: 0.553032:  33%|███▎      | 33/100 [07:51<15:56, 14.28s/it]                                                                                     Best trial: 2. Best value: 0.553032:  33%|███▎      | 33/100 [08:05<15:56, 14.28s/it]Best trial: 2. Best value: 0.553032:  33%|███▎      | 33/100 [08:05<15:56, 14.28s/it]Best trial: 2. Best value: 0.553032:  34%|███▍      | 34/100 [08:05<15:40, 14.25s/it]                                                                                     Best trial: 2. Best value: 0.553032:  34%|███▍      | 34/100 [08:19<15:40, 14.25s/it]Best trial: 2. Best value: 0.553032:  34%|███▍      | 34/100 [08:19<15:40, 14.25s/it]Best trial: 2. Best value: 0.553032:  35%|███▌      | 35/100 [08:19<15:26, 14.25s/it]                                                                                     Best trial: 2. Best value: 0.553032:  35%|███▌      | 35/100 [08:33<15:26, 14.25s/it]Best trial: 2. Best value: 0.553032:  35%|███▌      | 35/100 [08:33<15:26, 14.25s/it]Best trial: 2. Best value: 0.553032:  36%|███▌      | 36/100 [08:33<15:11, 14.24s/it]                                                                                     Best trial: 2. Best value: 0.553032:  36%|███▌      | 36/100 [08:48<15:11, 14.24s/it]Best trial: 2. Best value: 0.553032:  36%|███▌      | 36/100 [08:48<15:11, 14.24s/it]Best trial: 2. Best value: 0.553032:  37%|███▋      | 37/100 [08:48<14:58, 14.26s/it]                                                                                     Best trial: 2. Best value: 0.553032:  37%|███▋      | 37/100 [09:02<14:58, 14.26s/it]Best trial: 2. Best value: 0.553032:  37%|███▋      | 37/100 [09:02<14:58, 14.26s/it]Best trial: 2. Best value: 0.553032:  38%|███▊      | 38/100 [09:02<14:44, 14.26s/it]                                                                                     Best trial: 2. Best value: 0.553032:  38%|███▊      | 38/100 [09:16<14:44, 14.26s/it]Best trial: 2. Best value: 0.553032:  38%|███▊      | 38/100 [09:16<14:44, 14.26s/it]Best trial: 2. Best value: 0.553032:  39%|███▉      | 39/100 [09:16<14:29, 14.26s/it]                                                                                     Best trial: 2. Best value: 0.553032:  39%|███▉      | 39/100 [09:30<14:29, 14.26s/it]Best trial: 2. Best value: 0.553032:  39%|███▉      | 39/100 [09:30<14:29, 14.26s/it]Best trial: 2. Best value: 0.553032:  40%|████      | 40/100 [09:30<14:15, 14.26s/it]                                                                                     Best trial: 2. Best value: 0.553032:  40%|████      | 40/100 [09:45<14:15, 14.26s/it]Best trial: 2. Best value: 0.553032:  40%|████      | 40/100 [09:45<14:15, 14.26s/it]Best trial: 2. Best value: 0.553032:  41%|████      | 41/100 [09:45<14:00, 14.25s/it]                                                                                     Best trial: 2. Best value: 0.553032:  41%|████      | 41/100 [09:59<14:00, 14.25s/it]Best trial: 2. Best value: 0.553032:  41%|████      | 41/100 [09:59<14:00, 14.25s/it]Best trial: 2. Best value: 0.553032:  42%|████▏     | 42/100 [09:59<13:46, 14.25s/it]                                                                                     Best trial: 2. Best value: 0.553032:  42%|████▏     | 42/100 [10:13<13:46, 14.25s/it]Best trial: 2. Best value: 0.553032:  42%|████▏     | 42/100 [10:13<13:46, 14.25s/it]Best trial: 2. Best value: 0.553032:  43%|████▎     | 43/100 [10:13<13:34, 14.30s/it]                                                                                     Best trial: 2. Best value: 0.553032:  43%|████▎     | 43/100 [10:27<13:34, 14.30s/it]Best trial: 2. Best value: 0.553032:  43%|████▎     | 43/100 [10:27<13:34, 14.30s/it]Best trial: 2. Best value: 0.553032:  44%|████▍     | 44/100 [10:27<13:20, 14.29s/it]                                                                                     Best trial: 2. Best value: 0.553032:  44%|████▍     | 44/100 [10:42<13:20, 14.29s/it]Best trial: 44. Best value: 0.553032:  44%|████▍     | 44/100 [10:42<13:20, 14.29s/it]Best trial: 44. Best value: 0.553032:  45%|████▌     | 45/100 [10:42<13:05, 14.28s/it]                                                                                      Best trial: 44. Best value: 0.553032:  45%|████▌     | 45/100 [10:56<13:05, 14.28s/it]Best trial: 44. Best value: 0.553032:  45%|████▌     | 45/100 [10:56<13:05, 14.28s/it]Best trial: 44. Best value: 0.553032:  46%|████▌     | 46/100 [10:56<12:50, 14.28s/it]                                                                                      Best trial: 44. Best value: 0.553032:  46%|████▌     | 46/100 [11:10<12:50, 14.28s/it]Best trial: 46. Best value: 0.553032:  46%|████▌     | 46/100 [11:10<12:50, 14.28s/it]Best trial: 46. Best value: 0.553032:  47%|████▋     | 47/100 [11:10<12:37, 14.29s/it]                                                                                      Best trial: 46. Best value: 0.553032:  47%|████▋     | 47/100 [11:25<12:37, 14.29s/it]Best trial: 46. Best value: 0.553032:  47%|████▋     | 47/100 [11:25<12:37, 14.29s/it]Best trial: 46. Best value: 0.553032:  48%|████▊     | 48/100 [11:25<12:21, 14.26s/it]                                                                                      Best trial: 46. Best value: 0.553032:  48%|████▊     | 48/100 [11:39<12:21, 14.26s/it]Best trial: 46. Best value: 0.553032:  48%|████▊     | 48/100 [11:39<12:21, 14.26s/it]Best trial: 46. Best value: 0.553032:  49%|████▉     | 49/100 [11:39<12:06, 14.25s/it]                                                                                      Best trial: 46. Best value: 0.553032:  49%|████▉     | 49/100 [11:53<12:06, 14.25s/it]Best trial: 46. Best value: 0.553032:  49%|████▉     | 49/100 [11:53<12:06, 14.25s/it]Best trial: 46. Best value: 0.553032:  50%|█████     | 50/100 [11:53<11:53, 14.26s/it]                                                                                      Best trial: 46. Best value: 0.553032:  50%|█████     | 50/100 [12:07<11:53, 14.26s/it]Best trial: 46. Best value: 0.553032:  50%|█████     | 50/100 [12:07<11:53, 14.26s/it]Best trial: 46. Best value: 0.553032:  51%|█████     | 51/100 [12:07<11:38, 14.26s/it]                                                                                      Best trial: 46. Best value: 0.553032:  51%|█████     | 51/100 [12:22<11:38, 14.26s/it]Best trial: 46. Best value: 0.553032:  51%|█████     | 51/100 [12:22<11:38, 14.26s/it]Best trial: 46. Best value: 0.553032:  52%|█████▏    | 52/100 [12:22<11:25, 14.27s/it]                                                                                      Best trial: 46. Best value: 0.553032:  52%|█████▏    | 52/100 [12:36<11:25, 14.27s/it]Best trial: 46. Best value: 0.553032:  52%|█████▏    | 52/100 [12:36<11:25, 14.27s/it]Best trial: 46. Best value: 0.553032:  53%|█████▎    | 53/100 [12:36<11:10, 14.26s/it]                                                                                      Best trial: 46. Best value: 0.553032:  53%|█████▎    | 53/100 [12:50<11:10, 14.26s/it]Best trial: 46. Best value: 0.553032:  53%|█████▎    | 53/100 [12:50<11:10, 14.26s/it]Best trial: 46. Best value: 0.553032:  54%|█████▍    | 54/100 [12:50<10:55, 14.26s/it]                                                                                      Best trial: 46. Best value: 0.553032:  54%|█████▍    | 54/100 [13:04<10:55, 14.26s/it]Best trial: 46. Best value: 0.553032:  54%|█████▍    | 54/100 [13:04<10:55, 14.26s/it]Best trial: 46. Best value: 0.553032:  55%|█████▌    | 55/100 [13:04<10:40, 14.24s/it]                                                                                      Best trial: 46. Best value: 0.553032:  55%|█████▌    | 55/100 [13:19<10:40, 14.24s/it]Best trial: 46. Best value: 0.553032:  55%|█████▌    | 55/100 [13:19<10:40, 14.24s/it]Best trial: 46. Best value: 0.553032:  56%|█████▌    | 56/100 [13:19<10:27, 14.25s/it]                                                                                      Best trial: 46. Best value: 0.553032:  56%|█████▌    | 56/100 [13:33<10:27, 14.25s/it]Best trial: 46. Best value: 0.553032:  56%|█████▌    | 56/100 [13:33<10:27, 14.25s/it]Best trial: 46. Best value: 0.553032:  57%|█████▋    | 57/100 [13:33<10:13, 14.26s/it]                                                                                      Best trial: 46. Best value: 0.553032:  57%|█████▋    | 57/100 [13:47<10:13, 14.26s/it]Best trial: 46. Best value: 0.553032:  57%|█████▋    | 57/100 [13:47<10:13, 14.26s/it]Best trial: 46. Best value: 0.553032:  58%|█████▊    | 58/100 [13:47<09:59, 14.27s/it]                                                                                      Best trial: 46. Best value: 0.553032:  58%|█████▊    | 58/100 [14:01<09:59, 14.27s/it]Best trial: 46. Best value: 0.553032:  58%|█████▊    | 58/100 [14:01<09:59, 14.27s/it]Best trial: 46. Best value: 0.553032:  59%|█████▉    | 59/100 [14:01<09:45, 14.27s/it]                                                                                      Best trial: 46. Best value: 0.553032:  59%|█████▉    | 59/100 [14:16<09:45, 14.27s/it]Best trial: 46. Best value: 0.553032:  59%|█████▉    | 59/100 [14:16<09:45, 14.27s/it]Best trial: 46. Best value: 0.553032:  60%|██████    | 60/100 [14:16<09:31, 14.30s/it]                                                                                      Best trial: 46. Best value: 0.553032:  60%|██████    | 60/100 [14:30<09:31, 14.30s/it]Best trial: 46. Best value: 0.553032:  60%|██████    | 60/100 [14:30<09:31, 14.30s/it]Best trial: 46. Best value: 0.553032:  61%|██████    | 61/100 [14:30<09:17, 14.29s/it]                                                                                      Best trial: 46. Best value: 0.553032:  61%|██████    | 61/100 [14:44<09:17, 14.29s/it]Best trial: 46. Best value: 0.553032:  61%|██████    | 61/100 [14:44<09:17, 14.29s/it]Best trial: 46. Best value: 0.553032:  62%|██████▏   | 62/100 [14:44<09:02, 14.27s/it]                                                                                      Best trial: 46. Best value: 0.553032:  62%|██████▏   | 62/100 [14:59<09:02, 14.27s/it]Best trial: 46. Best value: 0.553032:  62%|██████▏   | 62/100 [14:59<09:02, 14.27s/it]Best trial: 46. Best value: 0.5530