[I 2025-05-13 16:42:57,448] Trial 0 finished with value: 0.5638596217153529 and parameters: {'interp_param': 0.8618034665732709}. Best is trial 0 with value: 0.5638596217153529.
[I 2025-05-13 16:43:15,264] Trial 1 finished with value: 0.5610329721221822 and parameters: {'interp_param': 0.3960503201673552}. Best is trial 0 with value: 0.5638596217153529.
[I 2025-05-13 16:43:33,030] Trial 2 finished with value: 0.5606675548650834 and parameters: {'interp_param': 0.30261904747888957}. Best is trial 0 with value: 0.5638596217153529.
[I 2025-05-13 16:43:50,783] Trial 3 finished with value: 0.565097235505967 and parameters: {'interp_param': 0.9693954285329637}. Best is trial 3 with value: 0.565097235505967.
[I 2025-05-13 16:44:08,568] Trial 4 finished with value: 0.5597078051926654 and parameters: {'interp_param': 0.03370245631536917}. Best is trial 3 with value: 0.565097235505967.
[I 2025-05-13 16:44:26,499] Trial 5 finished with value: 0.5607993680295649 and parameters: {'interp_param': 0.33765671072380976}. Best is trial 3 with value: 0.565097235505967.
[I 2025-05-13 16:44:44,254] Trial 6 finished with value: 0.5607761947759496 and parameters: {'interp_param': 0.3313354917015565}. Best is trial 3 with value: 0.565097235505967.
[I 2025-05-13 16:45:02,082] Trial 7 finished with value: 0.5604833524311685 and parameters: {'interp_param': 0.25331498729716795}. Best is trial 3 with value: 0.565097235505967.
[I 2025-05-13 16:45:19,837] Trial 8 finished with value: 0.5601867232853927 and parameters: {'interp_param': 0.171431094910786}. Best is trial 3 with value: 0.565097235505967.
[I 2025-05-13 16:45:37,748] Trial 9 finished with value: 0.5614065567874209 and parameters: {'interp_param': 0.4821987446894993}. Best is trial 3 with value: 0.565097235505967.
[I 2025-05-13 16:45:55,500] Trial 10 finished with value: 0.5648197921992326 and parameters: {'interp_param': 0.9990682542940124}. Best is trial 3 with value: 0.565097235505967.
[I 2025-05-13 16:46:13,273] Trial 11 finished with value: 0.5651815690354574 and parameters: {'interp_param': 0.9896714880436817}. Best is trial 11 with value: 0.5651815690354574.
[I 2025-05-13 16:46:31,051] Trial 12 finished with value: 0.562632195529192 and parameters: {'interp_param': 0.7082413047348057}. Best is trial 11 with value: 0.5651815690354574.
[I 2025-05-13 16:46:48,823] Trial 13 finished with value: 0.5624756622021359 and parameters: {'interp_param': 0.6834882230226985}. Best is trial 11 with value: 0.5651815690354574.
[I 2025-05-13 16:47:06,582] Trial 14 finished with value: 0.5650793565426171 and parameters: {'interp_param': 0.9677182656847387}. Best is trial 11 with value: 0.5651815690354574.
[I 2025-05-13 16:47:24,369] Trial 15 finished with value: 0.562975226168899 and parameters: {'interp_param': 0.7579625587640224}. Best is trial 11 with value: 0.5651815690354574.
[I 2025-05-13 16:47:42,127] Trial 16 finished with value: 0.5619117406962785 and parameters: {'interp_param': 0.5858413025805024}. Best is trial 11 with value: 0.5651815690354574.
[I 2025-05-13 16:47:59,870] Trial 17 finished with value: 0.5638738391670394 and parameters: {'interp_param': 0.8632379502952803}. Best is trial 11 with value: 0.5651815690354574.
[I 2025-05-13 16:48:17,657] Trial 18 finished with value: 0.5638828660248413 and parameters: {'interp_param': 0.8641463097759496}. Best is trial 11 with value: 0.5651815690354574.
[I 2025-05-13 16:48:35,580] Trial 19 finished with value: 0.5617534304702273 and parameters: {'interp_param': 0.5550649438670523}. Best is trial 11 with value: 0.5651815690354574.
[I 2025-05-13 16:48:53,334] Trial 20 finished with value: 0.5632706644383243 and parameters: {'interp_param': 0.7956146368007182}. Best is trial 11 with value: 0.5651815690354574.
[I 2025-05-13 16:49:11,070] Trial 21 finished with value: 0.5651934614787092 and parameters: {'interp_param': 0.9868476077601377}. Best is trial 21 with value: 0.5651934614787092.
[I 2025-05-13 16:49:28,835] Trial 22 finished with value: 0.5646809201484515 and parameters: {'interp_param': 0.93609215213089}. Best is trial 21 with value: 0.5651934614787092.
[I 2025-05-13 16:49:46,611] Trial 23 finished with value: 0.5643850927037481 and parameters: {'interp_param': 0.9114919962131443}. Best is trial 21 with value: 0.5651934614787092.
[I 2025-05-13 16:50:04,474] Trial 24 finished with value: 0.5632782664124474 and parameters: {'interp_param': 0.7965939956322852}. Best is trial 21 with value: 0.5651934614787092.
[I 2025-05-13 16:50:22,245] Trial 25 finished with value: 0.5650905200982353 and parameters: {'interp_param': 0.9955866856855761}. Best is trial 21 with value: 0.5651934614787092.
[I 2025-05-13 16:50:40,043] Trial 26 finished with value: 0.5623074940407535 and parameters: {'interp_param': 0.6561691677869596}. Best is trial 21 with value: 0.5651934614787092.
[I 2025-05-13 16:50:57,817] Trial 27 finished with value: 0.564161815314361 and parameters: {'interp_param': 0.8916310533224543}. Best is trial 21 with value: 0.5651934614787092.
[I 2025-05-13 16:51:15,571] Trial 28 finished with value: 0.5633193485080307 and parameters: {'interp_param': 0.8015115051325785}. Best is trial 21 with value: 0.5651934614787092.
[I 2025-05-13 16:51:33,324] Trial 29 finished with value: 0.5644985945436999 and parameters: {'interp_param': 0.921164066146119}. Best is trial 21 with value: 0.5651934614787092.
[I 2025-05-13 16:51:51,094] Trial 30 finished with value: 0.5628648743889713 and parameters: {'interp_param': 0.7425407764875664}. Best is trial 21 with value: 0.5651934614787092.
[I 2025-05-13 16:52:08,875] Trial 31 finished with value: 0.5650050218048004 and parameters: {'interp_param': 0.9614284489034978}. Best is trial 21 with value: 0.5651934614787092.
[I 2025-05-13 16:52:26,663] Trial 32 finished with value: 0.5636023532550275 and parameters: {'interp_param': 0.8341040573069908}. Best is trial 21 with value: 0.5651934614787092.
[I 2025-05-13 16:52:44,396] Trial 33 finished with value: 0.565190390258064 and parameters: {'interp_param': 0.9823265182350334}. Best is trial 21 with value: 0.5651934614787092.
[I 2025-05-13 16:53:02,319] Trial 34 finished with value: 0.5648720642139209 and parameters: {'interp_param': 0.9987258911492144}. Best is trial 21 with value: 0.5651934614787092.
[I 2025-05-13 16:53:20,037] Trial 35 finished with value: 0.5642435265557204 and parameters: {'interp_param': 0.8991557285269212}. Best is trial 21 with value: 0.5651934614787092.
[I 2025-05-13 16:53:37,783] Trial 36 finished with value: 0.564704732402765 and parameters: {'interp_param': 0.9379382422172058}. Best is trial 21 with value: 0.5651934614787092.
[I 2025-05-13 16:53:55,514] Trial 37 finished with value: 0.5637053016657644 and parameters: {'interp_param': 0.8453154716450078}. Best is trial 21 with value: 0.5651934614787092.
[I 2025-05-13 16:54:13,255] Trial 38 finished with value: 0.5598313359539894 and parameters: {'interp_param': 0.06968771675318464}. Best is trial 21 with value: 0.5651934614787092.
[I 2025-05-13 16:54:31,000] Trial 39 finished with value: 0.5648530546336182 and parameters: {'interp_param': 0.9495745168273703}. Best is trial 21 with value: 0.5651934614787092.
[I 2025-05-13 16:54:48,778] Trial 40 finished with value: 0.5613718795125893 and parameters: {'interp_param': 0.47449291365386037}. Best is trial 21 with value: 0.5651934614787092.
[I 2025-05-13 16:55:06,488] Trial 41 finished with value: 0.5651773162284521 and parameters: {'interp_param': 0.9903174804500687}. Best is trial 21 with value: 0.5651934614787092.
[I 2025-05-13 16:55:24,303] Trial 42 finished with value: 0.5641163937888881 and parameters: {'interp_param': 0.8873878542350451}. Best is trial 21 with value: 0.5651934614787092.
[I 2025-05-13 16:55:42,082] Trial 43 finished with value: 0.5651675024833462 and parameters: {'interp_param': 0.9915391004250536}. Best is trial 21 with value: 0.5651934614787092.
[I 2025-05-13 16:55:59,849] Trial 44 finished with value: 0.5649194250876821 and parameters: {'interp_param': 0.9546086738151504}. Best is trial 21 with value: 0.5651934614787092.
[I 2025-05-13 16:56:17,651] Trial 45 finished with value: 0.5611534645544493 and parameters: {'interp_param': 0.42456634036274715}. Best is trial 21 with value: 0.5651934614787092.
[I 2025-05-13 16:56:35,401] Trial 46 finished with value: 0.5636153368955426 and parameters: {'interp_param': 0.8355482554169263}. Best is trial 21 with value: 0.5651934614787092.
[I 2025-05-13 16:56:53,147] Trial 47 finished with value: 0.5651424461235475 and parameters: {'interp_param': 0.9934278205585862}. Best is trial 21 with value: 0.5651934614787092.
[I 2025-05-13 16:57:10,917] Trial 48 finished with value: 0.5603017172986842 and parameters: {'interp_param': 0.20322992332850287}. Best is trial 21 with value: 0.5651934614787092.
[I 2025-05-13 16:57:28,854] Trial 49 finished with value: 0.5628835979882149 and parameters: {'interp_param': 0.7450987996473208}. Best is trial 21 with value: 0.5651934614787092.
[I 2025-05-13 16:57:46,598] Trial 50 finished with value: 0.5621679382968874 and parameters: {'interp_param': 0.6325507413490608}. Best is trial 21 with value: 0.5651934614787092.
[I 2025-05-13 16:58:04,411] Trial 51 finished with value: 0.564545520796554 and parameters: {'interp_param': 0.9998717795749964}. Best is trial 21 with value: 0.5651934614787092.
[I 2025-05-13 16:58:22,169] Trial 52 finished with value: 0.564388225690276 and parameters: {'interp_param': 0.9117601833240266}. Best is trial 21 with value: 0.5651934614787092.
[I 2025-05-13 16:58:39,886] Trial 53 finished with value: 0.5650563520153159 and parameters: {'interp_param': 0.9656094912047527}. Best is trial 21 with value: 0.5651934614787092.
[I 2025-05-13 16:58:57,635] Trial 54 finished with value: 0.5640031131511428 and parameters: {'interp_param': 0.8762612351863446}. Best is trial 21 with value: 0.5651934614787092.
[I 2025-05-13 16:59:15,403] Trial 55 finished with value: 0.5645848483393358 and parameters: {'interp_param': 0.9283710268403205}. Best is trial 21 with value: 0.5651934614787092.
[I 2025-05-13 16:59:33,134] Trial 56 finished with value: 0.5651463946205932 and parameters: {'interp_param': 0.9748389543685168}. Best is trial 21 with value: 0.5651934614787092.
[I 2025-05-13 16:59:50,907] Trial 57 finished with value: 0.563459189981875 and parameters: {'interp_param': 0.8178802180729329}. Best is trial 21 with value: 0.5651934614787092.
[I 2025-05-13 17:00:08,596] Trial 58 finished with value: 0.5639126502365652 and parameters: {'interp_param': 0.8670529144833831}. Best is trial 21 with value: 0.5651934614787092.
[I 2025-05-13 17:00:26,332] Trial 59 finished with value: 0.5648700796710842 and parameters: {'interp_param': 0.9509070668931615}. Best is trial 21 with value: 0.5651934614787092.
[I 2025-05-13 17:00:44,119] Trial 60 finished with value: 0.5630163373898578 and parameters: {'interp_param': 0.763421438620421}. Best is trial 21 with value: 0.5651934614787092.
[I 2025-05-13 17:01:01,930] Trial 61 finished with value: 0.5647567904965908 and parameters: {'interp_param': 0.9993774477369537}. Best is trial 21 with value: 0.5651934614787092.
[I 2025-05-13 17:01:19,725] Trial 62 finished with value: 0.5651624612825522 and parameters: {'interp_param': 0.9770743071140012}. Best is trial 21 with value: 0.5651934614787092.
[I 2025-05-13 17:01:37,516] Trial 63 finished with value: 0.5644483680844887 and parameters: {'interp_param': 0.9168839640389804}. Best is trial 21 with value: 0.5651934614787092.
[I 2025-05-13 17:01:55,462] Trial 64 finished with value: 0.5650829490070538 and parameters: {'interp_param': 0.9680290669826973}. Best is trial 21 with value: 0.5651934614787092.
[I 2025-05-13 17:02:13,244] Trial 65 finished with value: 0.5641714053464524 and parameters: {'interp_param': 0.8925234025057286}. Best is trial 21 with value: 0.5651934614787092.
[I 2025-05-13 17:02:31,048] Trial 66 finished with value: 0.5646518211362976 and parameters: {'interp_param': 0.933704866348573}. Best is trial 21 with value: 0.5651934614787092.
[I 2025-05-13 17:02:48,809] Trial 67 finished with value: 0.5651328849657511 and parameters: {'interp_param': 0.9731403184616482}. Best is trial 21 with value: 0.5651934614787092.
[I 2025-05-13 17:03:06,559] Trial 68 finished with value: 0.563884547262042 and parameters: {'interp_param': 0.8643239466375323}. Best is trial 21 with value: 0.5651934614787092.
[I 2025-05-13 17:03:24,395] Trial 69 finished with value: 0.5651195480545159 and parameters: {'interp_param': 0.971607320627923}. Best is trial 21 with value: 0.5651934614787092.
[I 2025-05-13 17:03:42,137] Trial 70 finished with value: 0.5643724542993668 and parameters: {'interp_param': 0.910399641397519}. Best is trial 21 with value: 0.5651934614787092.
[I 2025-05-13 17:03:59,907] Trial 71 finished with value: 0.5651672187620146 and parameters: {'interp_param': 0.9778345453548212}. Best is trial 21 with value: 0.5651934614787092.
[I 2025-05-13 17:04:17,693] Trial 72 finished with value: 0.5647110049039223 and parameters: {'interp_param': 0.9384652363738438}. Best is trial 21 with value: 0.5651934614787092.
[I 2025-05-13 17:04:35,483] Trial 73 finished with value: 0.5651434707843922 and parameters: {'interp_param': 0.9745105522399788}. Best is trial 21 with value: 0.5651934614787092.
[I 2025-05-13 17:04:53,286] Trial 74 finished with value: 0.564180916037003 and parameters: {'interp_param': 0.8934375270015105}. Best is trial 21 with value: 0.5651934614787092.
[I 2025-05-13 17:05:11,000] Trial 75 finished with value: 0.5646304702273065 and parameters: {'interp_param': 0.9319694891765439}. Best is trial 21 with value: 0.5651934614787092.
[I 2025-05-13 17:05:28,764] Trial 76 finished with value: 0.5637042252822698 and parameters: {'interp_param': 0.8452020151842738}. Best is trial 21 with value: 0.5651934614787092.
[I 2025-05-13 17:05:46,537] Trial 77 finished with value: 0.5651947083460835 and parameters: {'interp_param': 0.9861404451501434}. Best is trial 77 with value: 0.5651947083460835.
[I 2025-05-13 17:06:04,491] Trial 78 finished with value: 0.5648467042974052 and parameters: {'interp_param': 0.9490669447519405}. Best is trial 77 with value: 0.5651947083460835.
[I 2025-05-13 17:06:22,264] Trial 79 finished with value: 0.5607040595061554 and parameters: {'interp_param': 0.312181272519122}. Best is trial 77 with value: 0.5651947083460835.
[I 2025-05-13 17:06:40,019] Trial 80 finished with value: 0.5616880178895087 and parameters: {'interp_param': 0.5420516240249978}. Best is trial 77 with value: 0.5651947083460835.
[I 2025-05-13 17:06:57,796] Trial 81 finished with value: 0.5651839244246718 and parameters: {'interp_param': 0.9805123427467526}. Best is trial 77 with value: 0.5651947083460835.
[I 2025-05-13 17:07:15,691] Trial 82 finished with value: 0.5647614500545317 and parameters: {'interp_param': 0.9993566020858784}. Best is trial 77 with value: 0.5651947083460835.
[I 2025-05-13 17:07:33,445] Trial 83 finished with value: 0.5651580663638005 and parameters: {'interp_param': 0.9764559470384062}. Best is trial 77 with value: 0.5651947083460835.
[I 2025-05-13 17:07:51,206] Trial 84 finished with value: 0.5644278304262882 and parameters: {'interp_param': 0.915168841010509}. Best is trial 77 with value: 0.5651947083460835.
[I 2025-05-13 17:08:08,981] Trial 85 finished with value: 0.5647481071173568 and parameters: {'interp_param': 0.941443348986012}. Best is trial 77 with value: 0.5651947083460835.
[I 2025-05-13 17:08:26,766] Trial 86 finished with value: 0.5641317378402342 and parameters: {'interp_param': 0.888816847918543}. Best is trial 77 with value: 0.5651947083460835.
[I 2025-05-13 17:08:44,557] Trial 87 finished with value: 0.5649055463440278 and parameters: {'interp_param': 0.9535310816965301}. Best is trial 77 with value: 0.5651947083460835.
[I 2025-05-13 17:09:02,318] Trial 88 finished with value: 0.5651826973926826 and parameters: {'interp_param': 0.9802551946812292}. Best is trial 77 with value: 0.5651947083460835.
[I 2025-05-13 17:09:20,059] Trial 89 finished with value: 0.5634348125446257 and parameters: {'interp_param': 0.8151253677916468}. Best is trial 77 with value: 0.5651947083460835.
[I 2025-05-13 17:09:37,860] Trial 90 finished with value: 0.5599211412878877 and parameters: {'interp_param': 0.09569523524054158}. Best is trial 77 with value: 0.5651947083460835.
[I 2025-05-13 17:09:55,661] Trial 91 finished with value: 0.5651866431278394 and parameters: {'interp_param': 0.9888743877720427}. Best is trial 77 with value: 0.5651947083460835.
[I 2025-05-13 17:10:13,373] Trial 92 finished with value: 0.5651959539580538 and parameters: {'interp_param': 0.9855842438198377}. Best is trial 92 with value: 0.5651959539580538.
[I 2025-05-13 17:10:31,283] Trial 93 finished with value: 0.5645674346287535 and parameters: {'interp_param': 0.9268535626996702}. Best is trial 92 with value: 0.5651959539580538.
[I 2025-05-13 17:10:49,061] Trial 94 finished with value: 0.5608861601424884 and parameters: {'interp_param': 0.3598237770241228}. Best is trial 92 with value: 0.5651959539580538.
[I 2025-05-13 17:11:06,828] Trial 95 finished with value: 0.5651840851163995 and parameters: {'interp_param': 0.9893690309490779}. Best is trial 92 with value: 0.5651959539580538.
[I 2025-05-13 17:11:24,597] Trial 96 finished with value: 0.5649067078439218 and parameters: {'interp_param': 0.9536062643855604}. Best is trial 92 with value: 0.5651959539580538.
[I 2025-05-13 17:11:42,379] Trial 97 finished with value: 0.5647426609231929 and parameters: {'interp_param': 0.9994327198994987}. Best is trial 92 with value: 0.5651959539580538.
[I 2025-05-13 17:12:00,175] Trial 98 finished with value: 0.5643271799072571 and parameters: {'interp_param': 0.906445339172105}. Best is trial 92 with value: 0.5651959539580538.
