[I 2025-05-13 17:12:37,415] Trial 99 finished with value: 0.5551124900469991 and parameters: {'interp_param': 0.9765598779145369}. Best is trial 91 with value: 0.5556412916225313.
Best hyperparameters: {'interp_param': 0.9977472855612546}
Best optimized value: 0.5556412916225313
Tuning threshold scale factor for offline LSET using optuna
  0%|          | 0/100 [00:00<?, ?it/s]                                         0%|          | 0/100 [00:14<?, ?it/s]Best trial: 0. Best value: 0.555291:   0%|          | 0/100 [00:14<?, ?it/s]Best trial: 0. Best value: 0.555291:   1%|          | 1/100 [00:14<23:59, 14.54s/it]                                                                                    Best trial: 0. Best value: 0.555291:   1%|          | 1/100 [00:29<23:59, 14.54s/it]Best trial: 1. Best value: 0.555592:   1%|          | 1/100 [00:29<23:59, 14.54s/it]Best trial: 1. Best value: 0.555592:   2%|▏         | 2/100 [00:29<23:44, 14.54s/it]                                                                                    Best trial: 1. Best value: 0.555592:   2%|▏         | 2/100 [00:43<23:44, 14.54s/it]Best trial: 2. Best value: 0.55591:   2%|▏         | 2/100 [00:43<23:44, 14.54s/it] Best trial: 2. Best value: 0.55591:   3%|▎         | 3/100 [00:43<23:31, 14.55s/it]                                                                                   Best trial: 2. Best value: 0.55591:   3%|▎         | 3/100 [00:58<23:31, 14.55s/it]Best trial: 2. Best value: 0.55591:   3%|▎         | 3/100 [00:58<23:31, 14.55s/it]Best trial: 2. Best value: 0.55591:   4%|▍         | 4/100 [00:58<23:15, 14.54s/it]                                                                                   Best trial: 2. Best value: 0.55591:   4%|▍         | 4/100 [01:12<23:15, 14.54s/it]Best trial: 2. Best value: 0.55591:   4%|▍         | 4/100 [01:12<23:15, 14.54s/it]Best trial: 2. Best value: 0.55591:   5%|▌         | 5/100 [01:12<23:01, 14.54s/it]                                                                                   Best trial: 2. Best value: 0.55591:   5%|▌         | 5/100 [01:27<23:01, 14.54s/it]Best trial: 2. Best value: 0.55591:   5%|▌         | 5/100 [01:27<23:01, 14.54s/it]Best trial: 2. Best value: 0.55591:   6%|▌         | 6/100 [01:27<22:46, 14.53s/it]                                                                                   Best trial: 2. Best value: 0.55591:   6%|▌         | 6/100 [01:41<22:46, 14.53s/it]Best trial: 2. Best value: 0.55591:   6%|▌         | 6/100 [01:41<22:46, 14.53s/it]Best trial: 2. Best value: 0.55591:   7%|▋         | 7/100 [01:41<22:31, 14.53s/it]                                                                                   Best trial: 2. Best value: 0.55591:   7%|▋         | 7/100 [01:56<22:31, 14.53s/it]Best trial: 2. Best value: 0.55591:   7%|▋         | 7/100 [01:56<22:31, 14.53s/it]Best trial: 2. Best value: 0.55591:   8%|▊         | 8/100 [01:56<22:16, 14.52s/it]                                                                                   Best trial: 2. Best value: 0.55591:   8%|▊         | 8/100 [02:10<22:16, 14.52s/it]Best trial: 2. Best value: 0.55591:   8%|▊         | 8/100 [02:10<22:16, 14.52s/it]Best trial: 2. Best value: 0.55591:   9%|▉         | 9/100 [02:10<22:02, 14.53s/it]                                                                                   Best trial: 2. Best value: 0.55591:   9%|▉         | 9/100 [02:25<22:02, 14.53s/it]Best trial: 2. Best value: 0.55591:   9%|▉         | 9/100 [02:25<22:02, 14.53s/it]Best trial: 2. Best value: 0.55591:  10%|█         | 10/100 [02:25<21:49, 14.55s/it]                                                                                    Best trial: 2. Best value: 0.55591:  10%|█         | 10/100 [02:39<21:49, 14.55s/it]Best trial: 10. Best value: 0.555916:  10%|█         | 10/100 [02:39<21:49, 14.55s/it]Best trial: 10. Best value: 0.555916:  11%|█         | 11/100 [02:39<21:34, 14.54s/it]                                                                                      Best trial: 10. Best value: 0.555916:  11%|█         | 11/100 [02:54<21:34, 14.54s/it]Best trial: 11. Best value: 0.555918:  11%|█         | 11/100 [02:54<21:34, 14.54s/it]Best trial: 11. Best value: 0.555918:  12%|█▏        | 12/100 [02:54<21:20, 14.55s/it]                                                                                      Best trial: 11. Best value: 0.555918:  12%|█▏        | 12/100 [03:09<21:20, 14.55s/it]Best trial: 11. Best value: 0.555918:  12%|█▏        | 12/100 [03:09<21:20, 14.55s/it]Best trial: 11. Best value: 0.555918:  13%|█▎        | 13/100 [03:09<21:05, 14.55s/it]                                                                                      Best trial: 11. Best value: 0.555918:  13%|█▎        | 13/100 [03:23<21:05, 14.55s/it]Best trial: 11. Best value: 0.555918:  13%|█▎        | 13/100 [03:23<21:05, 14.55s/it]Best trial: 11. Best value: 0.555918:  14%|█▍        | 14/100 [03:23<20:50, 14.54s/it]                                                                                      Best trial: 11. Best value: 0.555918:  14%|█▍        | 14/100 [03:38<20:50, 14.54s/it]Best trial: 11. Best value: 0.555918:  14%|█▍        | 14/100 [03:38<20:50, 14.54s/it]Best trial: 11. Best value: 0.555918:  15%|█▌        | 15/100 [03:38<20:36, 14.55s/it]                                                                                      Best trial: 11. Best value: 0.555918:  15%|█▌        | 15/100 [03:52<20:36, 14.55s/it]Best trial: 11. Best value: 0.555918:  15%|█▌        | 15/100 [03:52<20:36, 14.55s/it]Best trial: 11. Best value: 0.555918:  16%|█▌        | 16/100 [03:52<20:22, 14.56s/it]                                                                                      Best trial: 11. Best value: 0.555918:  16%|█▌        | 16/100 [04:07<20:22, 14.56s/it]Best trial: 11. Best value: 0.555918:  16%|█▌        | 16/100 [04:07<20:22, 14.56s/it]Best trial: 11. Best value: 0.555918:  17%|█▋        | 17/100 [04:07<20:06, 14.53s/it]                                                                                      Best trial: 11. Best value: 0.555918:  17%|█▋        | 17/100 [04:21<20:06, 14.53s/it]Best trial: 11. Best value: 0.555918:  17%|█▋        | 17/100 [04:21<20:06, 14.53s/it]Best trial: 11. Best value: 0.555918:  18%|█▊        | 18/100 [04:21<19:52, 14.54s/it]                                                                                      Best trial: 11. Best value: 0.555918:  18%|█▊        | 18/100 [04:36<19:52, 14.54s/it]Best trial: 11. Best value: 0.555918:  18%|█▊        | 18/100 [04:36<19:52, 14.54s/it]Best trial: 11. Best value: 0.555918:  19%|█▉        | 19/100 [04:36<19:37, 14.54s/it]                                                                                      Best trial: 11. Best value: 0.555918:  19%|█▉        | 19/100 [04:50<19:37, 14.54s/it]Best trial: 11. Best value: 0.555918:  19%|█▉        | 19/100 [04:50<19:37, 14.54s/it]Best trial: 11. Best value: 0.555918:  20%|██        | 20/100 [04:50<19:23, 14.54s/it]                                                                                      Best trial: 11. Best value: 0.555918:  20%|██        | 20/100 [05:05<19:23, 14.54s/it]Best trial: 11. Best value: 0.555918:  20%|██        | 20/100 [05:05<19:23, 14.54s/it]Best trial: 11. Best value: 0.555918:  21%|██        | 21/100 [05:05<19:09, 14.55s/it]                                                                                      Best trial: 11. Best value: 0.555918:  21%|██        | 21/100 [05:19<19:09, 14.55s/it]Best trial: 11. Best value: 0.555918:  21%|██        | 21/100 [05:19<19:09, 14.55s/it]Best trial: 11. Best value: 0.555918:  22%|██▏       | 22/100 [05:19<18:54, 14.54s/it]                                                                                      Best trial: 11. Best value: 0.555918:  22%|██▏       | 22/100 [05:34<18:54, 14.54s/it]Best trial: 11. Best value: 0.555918:  22%|██▏       | 22/100 [05:34<18:54, 14.54s/it]Best trial: 11. Best value: 0.555918:  23%|██▎       | 23/100 [05:34<18:40, 14.55s/it]                                                                                      Best trial: 11. Best value: 0.555918:  23%|██▎       | 23/100 [05:49<18:40, 14.55s/it]Best trial: 11. Best value: 0.555918:  23%|██▎       | 23/100 [05:49<18:40, 14.55s/it]Best trial: 11. Best value: 0.555918:  24%|██▍       | 24/100 [05:49<18:25, 14.55s/it]                                                                                      Best trial: 11. Best value: 0.555918:  24%|██▍       | 24/100 [06:03<18:25, 14.55s/it]Best trial: 11. Best value: 0.555918:  24%|██▍       | 24/100 [06:03<18:25, 14.55s/it]Best trial: 11. Best value: 0.555918:  25%|██▌       | 25/100 [06:03<18:11, 14.55s/it]                                                                                      Best trial: 11. Best value: 0.555918:  25%|██▌       | 25/100 [06:18<18:11, 14.55s/it]Best trial: 11. Best value: 0.555918:  25%|██▌       | 25/100 [06:18<18:11, 14.55s/it]Best trial: 11. Best value: 0.555918:  26%|██▌       | 26/100 [06:18<17:56, 14.55s/it]                                                                                      Best trial: 11. Best value: 0.555918:  26%|██▌       | 26/100 [06:32<17:56, 14.55s/it]Best trial: 11. Best value: 0.555918:  26%|██▌       | 26/100 [06:32<17:56, 14.55s/it]Best trial: 11. Best value: 0.555918:  27%|██▋       | 27/100 [06:32<17:47, 14.62s/it]                                                                                      Best trial: 11. Best value: 0.555918:  27%|██▋       | 27/100 [06:47<17:47, 14.62s/it]Best trial: 11. Best value: 0.555918:  27%|██▋       | 27/100 [06:47<17:47, 14.62s/it]Best trial: 11. Best value: 0.555918:  28%|██▊       | 28/100 [06:47<17:30, 14.59s/it]                                                                                      Best trial: 11. Best value: 0.555918:  28%|██▊       | 28/100 [07:01<17:30, 14.59s/it]Best trial: 11. Best value: 0.555918:  28%|██▊       | 28/100 [07:01<17:30, 14.59s/it]Best trial: 11. Best value: 0.555918:  29%|██▉       | 29/100 [07:01<17:14, 14.57s/it]                                                                                      Best trial: 11. Best value: 0.555918:  29%|██▉       | 29/100 [07:16<17:14, 14.57s/it]Best trial: 11. Best value: 0.555918:  29%|██▉       | 29/100 [07:16<17:14, 14.57s/it]Best trial: 11. Best value: 0.555918:  30%|███       | 30/100 [07:16<16:59, 14.56s/it]                                                                                      Best trial: 11. Best value: 0.555918:  30%|███       | 30/100 [07:30<16:59, 14.56s/it]Best trial: 11. Best value: 0.555918:  30%|███       | 30/100 [07:30<16:59, 14.56s/it]Best trial: 11. Best value: 0.555918:  31%|███       | 31/100 [07:30<16:42, 14.53s/it]                                                                                      Best trial: 11. Best value: 0.555918:  31%|███       | 31/100 [07:45<16:42, 14.53s/it]Best trial: 11. Best value: 0.555918:  31%|███       | 31/100 [07:45<16:42, 14.53s/it]Best trial: 11. Best value: 0.555918:  32%|███▏      | 32/100 [07:45<16:27, 14.52s/it]                                                                                      Best trial: 11. Best value: 0.555918:  32%|███▏      | 32/100 [07:59<16:27, 14.52s/it]Best trial: 11. Best value: 0.555918:  32%|███▏      | 32/100 [07:59<16:27, 14.52s/it]Best trial: 11. Best value: 0.555918:  33%|███▎      | 33/100 [07:59<16:12, 14.51s/it]                                                                                      Best trial: 11. Best value: 0.555918:  33%|███▎      | 33/100 [08:14<16:12, 14.51s/it]Best trial: 11. Best value: 0.555918:  33%|███▎      | 33/100 [08:14<16:12, 14.51s/it]Best trial: 11. Best value: 0.555918:  34%|███▍      | 34/100 [08:14<15:58, 14.52s/it]                                                                                      Best trial: 11. Best value: 0.555918:  34%|███▍      | 34/100 [08:28<15:58, 14.52s/it]Best trial: 11. Best value: 0.555918:  34%|███▍      | 34/100 [08:28<15:58, 14.52s/it]Best trial: 11. Best value: 0.555918:  35%|███▌      | 35/100 [08:28<15:43, 14.51s/it]                                                                                      Best trial: 11. Best value: 0.555918:  35%|███▌      | 35/100 [08:43<15:43, 14.51s/it]Best trial: 11. Best value: 0.555918:  35%|███▌      | 35/100 [08:43<15:43, 14.51s/it]Best trial: 11. Best value: 0.555918:  36%|███▌      | 36/100 [08:43<15:28, 14.51s/it]                                                                                      Best trial: 11. Best value: 0.555918:  36%|███▌      | 36/100 [08:58<15:28, 14.51s/it]Best trial: 11. Best value: 0.555918:  36%|███▌      | 36/100 [08:58<15:28, 14.51s/it]Best trial: 11. Best value: 0.555918:  37%|███▋      | 37/100 [08:58<15:14, 14.51s/it]                                                                                      Best trial: 11. Best value: 0.555918:  37%|███▋      | 37/100 [09:12<15:14, 14.51s/it]Best trial: 11. Best value: 0.555918:  37%|███▋      | 37/100 [09:12<15:14, 14.51s/it]Best trial: 11. Best value: 0.555918:  38%|███▊      | 38/100 [09:12<15:00, 14.52s/it]                                                                                      Best trial: 11. Best value: 0.555918:  38%|███▊      | 38/100 [09:27<15:00, 14.52s/it]Best trial: 11. Best value: 0.555918:  38%|███▊      | 38/100 [09:27<15:00, 14.52s/it]Best trial: 11. Best value: 0.555918:  39%|███▉      | 39/100 [09:27<14:45, 14.51s/it]                                                                                      Best trial: 11. Best value: 0.555918:  39%|███▉      | 39/100 [09:41<14:45, 14.51s/it]Best trial: 11. Best value: 0.555918:  39%|███▉      | 39/100 [09:41<14:45, 14.51s/it]Best trial: 11. Best value: 0.555918:  40%|████      | 40/100 [09:41<14:31, 14.52s/it]                                                                                      Best trial: 11. Best value: 0.555918:  40%|████      | 40/100 [09:56<14:31, 14.52s/it]Best trial: 11. Best value: 0.555918:  40%|████      | 40/100 [09:56<14:31, 14.52s/it]Best trial: 11. Best value: 0.555918:  41%|████      | 41/100 [09:56<14:16, 14.52s/it]                                                                                      Best trial: 11. Best value: 0.555918:  41%|████      | 41/100 [10:10<14:16, 14.52s/it]Best trial: 11. Best value: 0.555918:  41%|████      | 41/100 [10:10<14:16, 14.52s/it]Best trial: 11. Best value: 0.555918:  42%|████▏     | 42/100 [10:10<14:02, 14.52s/it]                                                                                      Best trial: 11. Best value: 0.555918:  42%|████▏     | 42/100 [10:25<14:02, 14.52s/it]Best trial: 11. Best value: 0.555918:  42%|████▏     | 42/100 [10:25<14:02, 14.52s/it]Best trial: 11. Best value: 0.555918:  43%|████▎     | 43/100 [10:25<13:50, 14.58s/it]                                                                                      Best trial: 11. Best value: 0.555918:  43%|████▎     | 43/100 [10:39<13:50, 14.58s/it]Best trial: 11. Best value: 0.555918:  43%|████▎     | 43/100 [10:39<13:50, 14.58s/it]Best trial: 11. Best value: 0.555918:  44%|████▍     | 44/100 [10:39<13:36, 14.58s/it]                                                                                      Best trial: 11. Best value: 0.555918:  44%|████▍     | 44/100 [10:54<13:36, 14.58s/it]Best trial: 11. Best value: 0.555918:  44%|████▍     | 44/100 [10:54<13:36, 14.58s/it]Best trial: 11. Best value: 0.555918:  45%|████▌     | 45/100 [10:54<13:21, 14.58s/it]                                                                                      Best trial: 11. Best value: 0.555918:  45%|████▌     | 45/100 [11:09<13:21, 14.58s/it]Best trial: 11. Best value: 0.555918:  45%|████▌     | 45/100 [11:09<13:21, 14.58s/it]Best trial: 11. Best value: 0.555918:  46%|████▌     | 46/100 [11:09<13:06, 14.57s/it]                                                                                      Best trial: 11. Best value: 0.555918:  46%|████▌     | 46/100 [11:23<13:06, 14.57s/it]Best trial: 11. Best value: 0.555918:  46%|████▌     | 46/100 [11:23<13:06, 14.57s/it]Best trial: 11. Best value: 0.555918:  47%|████▋     | 47/100 [11:23<12:51, 14.55s/it]                                                                                      Best trial: 11. Best value: 0.555918:  47%|████▋     | 47/100 [11:38<12:51, 14.55s/it]Best trial: 11. Best value: 0.555918:  47%|████▋     | 47/100 [11:38<12:51, 14.55s/it]Best trial: 11. Best value: 0.555918:  48%|████▊     | 48/100 [11:38<12:37, 14.56s/it]                                                                                      Best trial: 11. Best value: 0.555918:  48%|████▊     | 48/100 [11:52<12:37, 14.56s/it]Best trial: 11. Best value: 0.555918:  48%|████▊     | 48/100 [11:52<12:37, 14.56s/it]Best trial: 11. Best value: 0.555918:  49%|████▉     | 49/100 [11:52<12:22, 14.56s/it]                                                                                      Best trial: 11. Best value: 0.555918:  49%|████▉     | 49/100 [12:07<12:22, 14.56s/it]Best trial: 11. Best value: 0.555918:  49%|████▉     | 49/100 [12:07<12:22, 14.56s/it]Best trial: 11. Best value: 0.555918:  50%|█████     | 50/100 [12:07<12:07, 14.55s/it]                                                                                      Best trial: 11. Best value: 0.555918:  50%|█████     | 50/100 [12:21<12:07, 14.55s/it]Best trial: 11. Best value: 0.555918:  50%|█████     | 50/100 [12:21<12:07, 14.55s/it]Best trial: 11. Best value: 0.555918:  51%|█████     | 51/100 [12:21<11:53, 14.55s/it]                                                                                      Best trial: 11. Best value: 0.555918:  51%|█████     | 51/100 [12:36<11:53, 14.55s/it]Best trial: 11. Best value: 0.555918:  51%|█████     | 51/100 [12:36<11:53, 14.55s/it]Best trial: 11. Best value: 0.555918:  52%|█████▏    | 52/100 [12:36<11:37, 14.54s/it]                                                                                      Best trial: 11. Best value: 0.555918:  52%|█████▏    | 52/100 [12:50<11:37, 14.54s/it]Best trial: 11. Best value: 0.555918:  52%|█████▏    | 52/100 [12:50<11:37, 14.54s/it]Best trial: 11. Best value: 0.555918:  53%|█████▎    | 53/100 [12:50<11:23, 14.54s/it]                                                                                      Best trial: 11. Best value: 0.555918:  53%|█████▎    | 53/100 [13:05<11:23, 14.54s/it]Best trial: 11. Best value: 0.555918:  53%|█████▎    | 53/100 [13:05<11:23, 14.54s/it]Best trial: 11. Best value: 0.555918:  54%|█████▍    | 54/100 [13:05<11:09, 14.55s/it]                                                                                      Best trial: 11. Best value: 0.555918:  54%|█████▍    | 54/100 [13:19<11:09, 14.55s/it]Best trial: 11. Best value: 0.555918:  54%|█████▍    | 54/100 [13:19<11:09, 14.55s/it]Best trial: 11. Best value: 0.555918:  55%|█████▌    | 55/100 [13:19<10:54, 14.54s/it]                                                                                      Best trial: 11. Best value: 0.555918:  55%|█████▌    | 55/100 [13:34<10:54, 14.54s/it]Best trial: 11. Best value: 0.555918:  55%|█████▌    | 55/100 [13:34<10:54, 14.54s/it]Best trial: 11. Best value: 0.555918:  56%|█████▌    | 56/100 [13:34<10:39, 14.53s/it]                                                                                      Best trial: 11. Best value: 0.555918:  56%|█████▌    | 56/100 [13:48<10:39, 14.53s/it]Best trial: 11. Best value: 0.555918:  56%|█████▌    | 56/100 [13:48<10:39, 14.53s/it]Best trial: 11. Best value: 0.555918:  57%|█████▋    | 57/100 [13:48<10:25, 14.54s/it]                                                                                      Best trial: 11. Best value: 0.555918:  57%|█████▋    | 57/100 [14:03<10:25, 14.54s/it]Best trial: 11. Best value: 0.555918:  57%|█████▋    | 57/100 [14:03<10:25, 14.54s/it]Best trial: 11. Best value: 0.555918:  58%|█████▊    | 58/100 [14:03<10:10, 14.54s/it]                                                                                      Best trial: 11. Best value: 0.555918:  58%|█████▊    | 58/100 [14:18<10:10, 14.54s/it]Best trial: 11. Best value: 0.555918:  58%|█████▊    | 58/100 [14:18<10:10, 14.54s/it]Best trial: 11. Best value: 0.555918:  59%|█████▉    | 59/100 [14:18<09:55, 14.53s/it]                                                                                      Best trial: 11. Best value: 0.555918:  59%|█████▉    | 59/100 [14:32<09:55, 14.53s/it]Best trial: 11. Best value: 0.555918:  59%|█████▉    | 59/100 [14:32<09:55, 14.53s/it]Best trial: 11. Best value: 0.555918:  60%|██████    | 60/100 [14:32<09:43, 14.59s/it]                                                                                      Best trial: 11. Best value: 0.555918:  60%|██████    | 60/100 [14:47<09:43, 14.59s/it]Best trial: 11. Best value: 0.555918:  60%|██████    | 60/100 [14:47<09:43, 14.59s/it]Best trial: 11. Best value: 0.555918:  61%|██████    | 61/100 [14:47<09:28, 14.57s/it]                                                                                      Best trial: 11. Best value: 0.555918:  61%|██████    | 61/100 [15:01<09:28, 14.57s/it]Best trial: 11. Best value: 0.555918:  61%|██████    | 61/100 [15:01<09:28, 14.57s/it]Best trial: 11. Best value: 0.555918:  62%|██████▏   | 62/100 [15:01<09:13, 14.55s/it]                                                                                      Best trial: 11. Best value: 0.555918:  62%|██████▏   | 62/100 [15:16<09:13, 14.55s/it]Best trial: 11. 