[I 2025-05-13 17:35:46,367] Trial 99 finished with value: 0.5529059053896068 and parameters: {'threshold_scale_factor': 0.657358787465596}. Best is trial 46 with value: 0.5530322660829037.
Best hyperparameters: {'threshold_scale_factor': 0.7411356674619538}
Best optimized value: 0.5530322660829037
Running audit 1/1
Training a GCN target model on flickr...
Training GCN on cuda:   0%|          | 0/800 [00:00<?, ?it/s]Training GCN on cuda:   1%|▏         | 10/800 [00:00<00:08, 94.36it/s]Training GCN on cuda:   3%|▎         | 21/800 [00:00<00:07, 100.27it/s]Training GCN on cuda:   4%|▍         | 32/800 [00:00<00:07, 104.51it/s]Training GCN on cuda:   5%|▌         | 43/800 [00:00<00:07, 106.55it/s]Training GCN on cuda:   7%|▋         | 54/800 [00:00<00:06, 107.69it/s]Training GCN on cuda:   8%|▊         | 65/800 [00:00<00:06, 108.41it/s]Training GCN on cuda:  10%|▉         | 76/800 [00:00<00:06, 108.84it/s]Training GCN on cuda:  11%|█         | 87/800 [00:00<00:06, 109.15it/s]Training GCN on cuda:  12%|█▏        | 98/800 [00:00<00:06, 109.04it/s]Training GCN on cuda:  14%|█▎        | 109/800 [00:01<00:06, 109.21it/s]Training GCN on cuda:  15%|█▌        | 120/800 [00:01<00:06, 109.38it/s]Training GCN on cuda:  16%|█▋        | 131/800 [00:01<00:06, 109.50it/s]Training GCN on cuda:  18%|█▊        | 142/800 [00:01<00:06, 109.53it/s]Training GCN on cuda:  19%|█▉        | 153/800 [00:01<00:05, 109.55it/s]Training GCN on cuda:  20%|██        | 164/800 [00:01<00:05, 109.63it/s]Training GCN on cuda:  22%|██▏       | 175/800 [00:01<00:05, 109.64it/s]Training GCN on cuda:  23%|██▎       | 186/800 [00:01<00:05, 109.64it/s]Training GCN on cuda:  25%|██▍       | 197/800 [00:01<00:05, 109.67it/s]Training GCN on cuda:  26%|██▌       | 208/800 [00:01<00:05, 109.72it/s]Training GCN on cuda:  27%|██▋       | 219/800 [00:02<00:05, 109.76it/s]Training GCN on cuda:  29%|██▉       | 230/800 [00:02<00:05, 109.74it/s]Training GCN on cuda:  30%|███       | 241/800 [00:02<00:05, 109.73it/s]Training GCN on cuda:  32%|███▏      | 252/800 [00:02<00:04, 109.72it/s]Training GCN on cuda:  33%|███▎      | 263/800 [00:02<00:04, 109.74it/s]Training GCN on cuda:  34%|███▍      | 274/800 [00:02<00:04, 109.76it/s]Training GCN on cuda:  36%|███▌      | 285/800 [00:02<00:04, 109.65it/s]Training GCN on cuda:  37%|███▋      | 296/800 [00:02<00:04, 109.46it/s]Training GCN on cuda:  38%|███▊      | 307/800 [00:02<00:04, 109.51it/s]Training GCN on cuda:  40%|███▉      | 318/800 [00:02<00:04, 109.57it/s]Training GCN on cuda:  41%|████      | 329/800 [00:03<00:04, 109.58it/s]Training GCN on cuda:  42%|████▎     | 340/800 [00:03<00:04, 109.64it/s]Training GCN on cuda:  44%|████▍     | 351/800 [00:03<00:04, 109.68it/s]Training GCN on cuda:  45%|████▌     | 362/800 [00:03<00:03, 109.71it/s]Training GCN on cuda:  47%|████▋     | 373/800 [00:03<00:03, 109.73it/s]Training GCN on cuda:  48%|████▊     | 384/800 [00:03<00:03, 109.73it/s]Training GCN on cuda:  49%|████▉     | 395/800 [00:03<00:03, 109.71it/s]Training GCN on cuda:  51%|█████     | 406/800 [00:03<00:03, 109.70it/s]Training GCN on cuda:  52%|█████▏    | 417/800 [00:03<00:03, 109.73it/s]Training GCN on cuda:  54%|█████▎    | 428/800 [00:03<00:03, 109.74it/s]Training GCN on cuda:  55%|█████▍    | 439/800 [00:04<00:03, 109.74it/s]Training GCN on cuda:  56%|█████▋    | 450/800 [00:04<00:03, 109.70it/s]Training GCN on cuda:  58%|█████▊    | 461/800 [00:04<00:03, 109.71it/s]Training GCN on cuda:  59%|█████▉    | 472/800 [00:04<00:02, 109.72it/s]Training GCN on cuda:  60%|██████    | 483/800 [00:04<00:02, 109.66it/s]Training GCN on cuda:  62%|██████▏   | 494/800 [00:04<00:02, 109.53it/s]Training GCN on cuda:  63%|██████▎   | 505/800 [00:04<00:02, 109.58it/s]Training GCN on cuda:  64%|██████▍   | 516/800 [00:04<00:02, 109.58it/s]Training GCN on cuda:  66%|██████▌   | 527/800 [00:04<00:02, 109.59it/s]Training GCN on cuda:  67%|██████▋   | 538/800 [00:04<00:02, 109.63it/s]Training GCN on cuda:  69%|██████▊   | 549/800 [00:05<00:02, 109.65it/s]Training GCN on cuda:  70%|███████   | 560/800 [00:05<00:02, 109.66it/s]Training GCN on cuda:  71%|███████▏  | 571/800 [00:05<00:02, 109.67it/s]Training GCN on cuda:  73%|███████▎  | 582/800 [00:05<00:01, 109.68it/s]Training GCN on cuda:  74%|███████▍  | 593/800 [00:05<00:01, 109.67it/s]Training GCN on cuda:  76%|███████▌  | 604/800 [00:05<00:01, 109.71it/s]Training GCN on cuda:  77%|███████▋  | 615/800 [00:05<00:01, 109.69it/s]Training GCN on cuda:  78%|███████▊  | 626/800 [00:05<00:01, 109.71it/s]Training GCN on cuda:  80%|███████▉  | 637/800 [00:05<00:01, 109.75it/s]Training GCN on cuda:  81%|████████  | 648/800 [00:05<00:01, 109.78it/s]Training GCN on cuda:  82%|████████▏ | 659/800 [00:06<00:01, 109.77it/s]Training GCN on cuda:  84%|████████▍ | 670/800 [00:06<00:01, 109.71it/s]Training GCN on cuda:  85%|████████▌ | 681/800 [00:06<00:01, 109.54it/s]Training GCN on cuda:  86%|████████▋ | 692/800 [00:06<00:00, 109.56it/s]Training GCN on cuda:  88%|████████▊ | 703/800 [00:06<00:00, 109.59it/s]Training GCN on cuda:  89%|████████▉ | 714/800 [00:06<00:00, 109.64it/s]Training GCN on cuda:  91%|█████████ | 725/800 [00:06<00:00, 109.69it/s]Training GCN on cuda:  92%|█████████▏| 736/800 [00:06<00:00, 109.67it/s]Training GCN on cuda:  93%|█████████▎| 747/800 [00:06<00:00, 109.70it/s]Training GCN on cuda:  95%|█████████▍| 758/800 [00:06<00:00, 109.72it/s]Training GCN on cuda:  96%|█████████▌| 769/800 [00:07<00:00, 109.69it/s]Training GCN on cuda:  98%|█████████▊| 780/800 [00:07<00:00, 109.70it/s]Training GCN on cuda:  99%|█████████▉| 791/800 [00:07<00:00, 109.70it/s]Training GCN on cuda: 100%|██████████| 800/800 [00:07<00:00, 109.38it/s]
Train accuracy: 0.5629 | Test accuracy: 0.4745
Training MLP on cuda:   0%|          | 0/1000 [00:00<?, ?it/s]Training MLP on cuda:   0%|          | 1/1000 [01:45<29:17:59, 105.58s/it]Training MLP on cuda:   0%|          | 2/1000 [03:31<29:16:53, 105.63s/it]Training MLP on cuda:   0%|          | 3/1000 [05:16<29:15:53, 105.67s/it]Training MLP on cuda:   0%|          | 4/1000 [07:02<29:16:20, 105.80s/it]Training MLP on cuda:   0%|          | 5/1000 [08:49<29:18:43, 106.05s/it]Training MLP on cuda:   1%|          | 6/1000 [10:35<29:17:10, 106.07s/it]Training MLP on cuda:   1%|          | 7/1000 [12:21<29:14:48, 106.03s/it]Training MLP on cuda:   1%|          | 8/1000 [14:07<29:13:07, 106.04s/it]Training MLP on cuda:   1%|          | 9/1000 [15:54<29:13:49, 106.19s/it]Training MLP on cuda:   1%|          | 10/1000 [17:40<29:12:52, 106.24s/it]Training MLP on cuda:   1%|          | 11/1000 [19:26<29:09:45, 106.15s/it]Training MLP on cuda:   1%|          | 12/1000 [21:12<29:07:49, 106.14s/it]Training MLP on cuda:   1%|▏         | 13/1000 [22:59<29:08:01, 106.26s/it]Training MLP on cuda:   1%|▏         | 14/1000 [24:45<29:06:35, 106.28s/it]Training MLP on cuda:   2%|▏         | 15/1000 [26:31<29:04:02, 106.24s/it]Training MLP on cuda:   2%|▏         | 16/1000 [28:17<29:02:01, 106.22s/it]Training MLP on cuda:   2%|▏         | 17/1000 [30:05<29:07:21, 106.66s/it]Training MLP on cuda:   2%|▏         | 18/1000 [31:51<29:04:36, 106.60s/it]Training MLP on cuda:   2%|▏         | 19/1000 [33:38<29:02:16, 106.56s/it]Training MLP on cuda:   2%|▏         | 20/1000 [35:24<28:58:50, 106.46s/it]Training MLP on cuda:   2%|▏         | 21/1000 [37:11<28:58:06, 106.52s/it]Training MLP on cuda:   2%|▏         | 22/1000 [38:57<28:55:36, 106.48s/it]Training MLP on cuda:   2%|▏         | 23/1000 [40:44<28:54:14, 106.50s/it]Training MLP on cuda:   2%|▏         | 24/1000 [42:30<28:51:22, 106.44s/it]Training MLP on cuda:   2%|▎         | 25/1000 [44:16<28:49:03, 106.40s/it]Training MLP on cuda:   3%|▎         | 26/1000 [46:03<28:46:46, 106.37s/it]Training MLP on cuda:   3%|▎         | 27/1000 [47:49<28:43:56, 106.31s/it]Training MLP on cuda:   3%|▎         | 28/1000 [49:35<28:43:32, 106.39s/it]Training MLP on cuda:   3%|▎         | 29/1000 [51:22<28:42:05, 106.41s/it]Training MLP on cuda:   3%|▎         | 30/1000 [53:08<28:41:29, 106.48s/it]Training MLP on cuda:   3%|▎         | 31/1000 [54:55<28:38:36, 106.42s/it]Training MLP on cuda:   3%|▎         | 32/1000 [56:41<28:36:26, 106.39s/it]Training MLP on cuda:   3%|▎         | 33/1000 [58:29<28:44:15, 106.99s/it]Training MLP on cuda:   3%|▎         | 34/1000 [1:00:17<28:47:10, 107.28s/it]Training MLP on cuda:   4%|▎         | 35/1000 [1:02:05<28:48:11, 107.45s/it]Training MLP on cuda:   4%|▎         | 36/1000 [1:03:53<28:49:58, 107.68s/it]Training MLP on cuda:   4%|▎         | 37/1000 [1:05:42<28:52:04, 107.92s/it]Training MLP on cuda:   4%|▍         | 38/1000 [1:07:30<28:52:02, 108.03s/it]Training MLP on cuda:   4%|▍         | 39/1000 [1:09:18<28:49:10, 107.96s/it]Training MLP on cuda:   4%|▍         | 40/1000 [1:11:06<28:48:05, 108.01s/it]Training MLP on cuda:   4%|▍         | 41/1000 [1:12:54<28:47:06, 108.06s/it]Training MLP on cuda:   4%|▍         | 42/1000 [1:14:43<28:49:16, 108.31s/it]Training MLP on cuda:   4%|▍         | 43/1000 [1:16:32<28:47:57, 108.34s/it]Training MLP on cuda:   4%|▍         | 44/1000 [1:18:20<28:45:00, 108.26s/it]Training MLP on cuda:   4%|▍         | 45/1000 [1:20:08<28:43:15, 108.27s/it]Training MLP on cuda:   5%|▍         | 46/1000 [1:21:56<28:40:46, 108.23s/it]Training MLP on cuda:   5%|▍         | 47/1000 [1:23:44<28:37:30, 108.13s/it]Training MLP on cuda:   5%|▍         | 48/1000 [1:25:32<28:34:26, 108.05s/it]Training MLP on cuda:   5%|▍         | 49/1000 [1:27:20<28:32:40, 108.05s/it]Training MLP on cuda:   5%|▌         | 50/1000 [1:29:08<28:30:26, 108.03s/it]Training MLP on cuda:   5%|▌         | 51/1000 [1:30:57<28:31:43, 108.22s/it]Training MLP on cuda:   5%|▌         | 52/1000 [1:32:44<28:28:47, 108.15s/it]Training MLP on cuda:   5%|▌         | 53/1000 [1:34:32<28:26:03, 108.09s/it]Training MLP on cuda:   5%|▌         | 54/1000 [1:36:20<28:22:54, 108.01s/it]Training MLP on cuda:   6%|▌         | 55/1000 [1:38:07<28:15:01, 107.62s/it]Training MLP on cuda:   6%|▌         | 56/1000 [1:39:54<28:10:12, 107.43s/it]Training MLP on cuda:   6%|▌         | 57/1000 [1:41:41<28:07:25, 107.37s/it]Training MLP on cuda:   6%|▌         | 58/1000 [1:43:29<28:05:46, 107.37s/it]Training MLP on cuda:   6%|▌         | 59/1000 [1:45:16<28:01:57, 107.24s/it]Training MLP on cuda:   6%|▌         | 60/1000 [1:47:02<27:58:22, 107.13s/it]Training MLP on cuda:   6%|▌         | 61/1000 [1:48:50<27:56:46, 107.14s/it]Training MLP on cuda:   6%|▌         | 62/1000 [1:50:36<27:54:04, 107.08s/it]Training MLP on cuda:   6%|▋         | 63/1000 [1:52:24<27:53:12, 107.14s/it]Training MLP on cuda:   6%|▋         | 64/1000 [1:54:11<27:50:41, 107.10s/it]Training MLP on cuda:   6%|▋         | 65/1000 [1:55:58<27:49:07, 107.11s/it]Training MLP on cuda:   7%|▋         | 66/1000 [1:57:45<27:48:10, 107.16s/it]Training MLP on cuda:   7%|▋         | 67/1000 [1:59:32<27:45:09, 107.08s/it]Training MLP on cuda:   7%|▋         | 68/1000 [2:01:19<27:43:55, 107.12s/it]Training MLP on cuda:   7%|▋         | 69/1000 [2:03:06<27:41:31, 107.08s/it]Training MLP on cuda:   7%|▋         | 70/1000 [2:04:54<27:40:45, 107.15s/it]Training MLP on cuda:   7%|▋         | 70/1000 [2:06:41<28:03:04, 108.59s/it]
Training MLP on cuda:   0%|          | 0/1000 [00:00<?, ?it/s]Training MLP on cuda:   0%|          | 1/1000 [01:47<29:44:19, 107.17s/it]Training MLP on cuda:   0%|          | 2/1000 [03:34<29:43:18, 107.21s/it]Training MLP on cuda:   0%|          | 3/1000 [05:21<29:43:53, 107.36s/it]Training MLP on cuda:   0%|          | 4/1000 [07:09<29:40:34, 107.26s/it]Training MLP on cuda:   0%|          | 5/1000 [08:56<29:41:34, 107.43s/it]Training MLP on cuda:   1%|          | 6/1000 [10:44<29:40:56, 107.50s/it]Training MLP on cuda:   1%|          | 7/1000 [12:32<29:40:08, 107.56s/it]Training MLP on cuda:   1%|          | 8/1000 [14:19<29:38:37, 107.58s/it]Training MLP on cuda:   1%|          | 9/1000 [16:07<29:35:53, 107.52s/it]Training MLP on cuda:   1%|          | 10/1000 [17:54<29:33:44, 107.50s/it]Training MLP on cuda:   1%|          | 11/1000 [19:42<29:32:50, 107.55s/it]Training MLP on cuda:   1%|          | 12/1000 [21:29<29:30:56, 107.55s/it]Training MLP on cuda:   1%|▏         | 13/1000 [23:16<29:24:12, 107.25s/it]Training MLP on cuda:   1%|▏         | 14/1000 [25:02<29:18:49, 107.03s/it]Training MLP on cuda:   2%|▏         | 15/1000 [26:49<29:14:51, 106.90s/it]Training MLP on cuda:   2%|▏         | 16/1000 [28:36<29:12:19, 106.85s/it]Training MLP on cuda:   2%|▏         | 17/1000 [30:22<29:08:02, 106.70s/it]Training MLP on cuda:   2%|▏         | 18/1000 [32:09<29:06:17, 106.70s/it]Training MLP on cuda:   2%|▏         | 19/1000 [33:56<29:04:52, 106.72s/it]Training MLP on cuda:   2%|▏         | 20/1000 [35:42<29:01:57, 106.65s/it]Training MLP on cuda:   2%|▏         | 21/1000 [37:29<28:59:42, 106.62s/it]Training MLP on cuda:   2%|▏         | 22/1000 [39:15<28:58:13, 106.64s/it]Training MLP on cuda:   2%|▏         | 23/1000 [41:02<28:58:19, 106.76s/it]Training MLP on cuda:   2%|▏         | 24/1000 [42:49<28:56:30, 106.75s/it]Training MLP on cuda:   2%|▎         | 25/1000 [44:35<28:53:30, 106.68s/it]Training MLP on cuda:   3%|▎         | 26/1000 [46:22<28:51:46, 106.68s/it]Training MLP on cuda:   3%|▎         | 27/1000 [48:10<28:53:30, 106.90s/it]Training MLP on cuda:   3%|▎         | 28/1000 [49:57<28:56:08, 107.17s/it]Training MLP on cuda:   3%|▎         | 29/1000 [51:45<28:56:33, 107.31s/it]Training MLP on cuda:   3%|▎         | 30/1000 [53:33<28:55:54, 107.38s/it]Training MLP on cuda:   3%|▎         | 31/1000 [55:21<28:56:57, 107.55s/it]Training MLP on cuda:   3%|▎         | 32/1000 [57:08<28:55:55, 107.60s/it]Training MLP on cuda:   3%|▎         | 33/1000 [58:56<28:55:48, 107.70s/it]Training MLP on cuda:   3%|▎         | 34/1000 [1:00:44<28:55:38, 107.80s/it]Training MLP on cuda:   4%|▎         | 35/1000 [1:02:33<28:56:29, 107.97s/it]Training MLP on cuda:   4%|▎         | 36/1000 [1:04:20<28:54:13, 107.94s/it]Training MLP on cuda:   4%|▎         | 37/1000 [1:06:08<28:50:29, 107.82s/it]Training MLP on cuda:   4%|▍         | 38/1000 [1:07:56<28:48:48, 107.83s/it]Training MLP on cuda:   4%|▍         | 39/1000 [1:09:44<28:47:08, 107.83s/it]Training MLP on cuda:   4%|▍         | 40/1000 [1:11:31<28:42:23, 107.65s/it]Training MLP on cuda:   4%|▍         | 41/1000 [1:13:19<28:42:07, 107.75s/it]Training MLP on cuda:   4%|▍         | 42/1000 [1:15:06<28:37:59, 107.60s/it]Training MLP on cuda:   4%|▍         | 43/1000 [1:16:53<28:34:24, 107.49s/it]Training MLP on cuda:   4%|▍         | 44/1000 [1:18:41<28:31:19, 107.41s/it]Training MLP on cuda:   4%|▍         | 45/1000 [1:20:27<28:26:50, 107.24s/it]Training MLP on cuda:   5%|▍         | 46/1000 [1:22:15<28:25:01, 107.23s/it]Training MLP on cuda:   5%|▍         | 47/1000 [1:24:02<28:24:51, 107.34s/it]Training MLP on cuda:   5%|▍         | 48/1000 [1:25:49<28:21:25, 107.23s/it]Training MLP on cuda:   5%|▍         | 49/1000 [1:27:36<28:19:15, 107.21s/it]Training MLP on cuda:   5%|▌         | 50/1000 [1:29:23<28:15:42, 107.10s/it]Training MLP on cuda:   5%|▌         | 51/1000 [1:31:10<28:14:03, 107.11s/it]Training MLP on cuda:   5%|▌         | 52/1000 [1:32:58<28:14:18, 107.23s/it]Training MLP on cuda:   5%|▌         | 53/1000 [1:34:45<28:11:09, 107.15s/it]Training MLP on cuda:   5%|▌         | 54/1000 [1:36:32<28:10:58, 107.25s/it]Training MLP on cuda:   6%|▌         | 55/1000 [1:38:19<28:08:49, 107.23s/it]Training MLP on cuda:   6%|▌         | 56/1000 [1:40:07<28:06:19, 107.18s/it]Training MLP on cuda:   6%|▌         | 57/1000 [1:41:53<28:02:57, 107.08s/it]Training MLP on cuda:   6%|▌         | 58/1000 [1:43:41<28:01:44, 107.12s/it]Training MLP on cuda:   6%|▌         | 59/1000 [1:45:28<28:00:29, 107.15s/it]Training MLP on cuda:   6%|▌         | 60/1000 [1:47:15<27:58:11, 107.12s/it]Training MLP on cuda:   6%|▌         | 61/1000 [1:49:02<27:55:35, 107.07s/it]Training MLP on cuda:   6%|▌         | 62/1000 [1:50:49<27:54:27, 107.11s/it]Training MLP on cuda:   6%|▋         | 63/1000 [1:52:36<27:52:20, 107.09s/it]Training MLP on cuda:   6%|▋         | 64/1000 [1:54:23<27:51:03, 107.12s/it]Training MLP on cuda:   6%|▋         | 65/1000 [1:56:11<27:50:03, 107.17s/it]Training MLP on cuda:   7%|▋         | 66/1000 [1:57:58<27:47:43, 107.13s/it]Training MLP on cuda:   7%|▋         | 67/1000 [1:59:45<27:47:34, 107.24s/it]Training MLP on cuda:   7%|▋         | 68/1000 [2:01:32<27:45:06, 107.20s/it]Training MLP on cuda:   7%|▋         | 69/1000 [2:03:19<27:40:52, 107.04s/it]Training MLP on cuda:   7%|▋         | 70/1000 [2:05:06<27:40:32, 107.13s/it]Training MLP on cuda:   7%|▋         | 71/1000 [2:06:53<27:38:43, 107.13s/it]Training MLP on cuda:   7%|▋         | 72/1000 [2:08:41<27:37:55, 107.19s/it]Training MLP on cuda:   7%|▋         | 73/1000 [2:10:28<27:35:10, 107.13s/it]Training MLP on cuda:   7%|▋         | 74/1000 [2:12:15<27:35:37, 107.28s/it]Training MLP on cuda:   8%|▊         | 75/1000 [2:14:03<27:35:30, 107.38s/it]Training MLP on cuda:   8%|▊         | 76/1000 [2:15:50<27:33:45, 107.39s/it]Training MLP on cuda:   8%|▊         | 77/1000 [2:17:38<27:32:05, 107.40s/it]Training MLP on cuda:   8%|▊         | 78/1000 [2:19:25<27:31:33, 107.48s/it]Training MLP on cuda:   8%|▊         | 79/1000 [2:21:13<27:29:55, 107.49s/it]Training MLP on cuda:   8%|▊         | 80/1000 [2:23:00<27:26:55, 107.41s/it]Training MLP on cuda:   8%|▊         | 81/1000 [2:24:47<27:24:32, 107.37s/it]Training MLP on cuda:   8%|▊         | 82/1000 [2:26:35<27:22:44, 107.37s/it]Training MLP on cuda:   8%|▊         | 83/1000 [2:28:22<27:22:14, 107.45s/it]Training MLP on cuda:   8%|▊         | 84/1000 [2:30:10<27:20:43, 107.47s/it]Training MLP on cuda:   8%|▊         | 85/1000 [2:31:57<27:18:35, 107.45s/it]Training MLP on cuda:   9%|▊         | 86/1000 [2:33:45<27:19:02, 107.60s/it]Training MLP on cuda:   9%|▊         | 87/1000 [2:35:33<27:19:12, 107.72s/it]Training MLP on cuda:   9%|▉         | 88/1000 [2:37:21<27:17:10, 107.71s/it]Training MLP on cuda:   9%|▉         | 89/1000 [2:39:09<27:16:21, 107.77s/it]Training MLP on cuda:   9%|▉         | 90/1000 [2:40:56<27:13:58, 107.73s/it]Training MLP on cuda:   9%|▉         | 91/1000 [2:42:44<27:10:41, 107.64s/it]Training MLP on cuda:   9%|▉         | 92/1000 [2:44:31<27:06:22, 107.47s/it]Training MLP on cuda:   9%|▉         | 93/1000 [2:46:18<27:04:14, 107.45s/it]Training MLP on cuda:   9%|▉         | 94/1000 [2:48:07<27:08:27, 107.84s/it]Training MLP on cuda:  10%|▉         | 95/1000 [2:49:56<27:09:26, 108.03s/it]Training MLP on cuda:  10%|▉         | 96/1000 [2:51:43<27:02:40, 107.70s/it]Training MLP on cuda:  10%|▉         | 97/1000 [2:53:30<26:59:03, 107.58s/it]Training MLP on cuda:  10%|▉         | 98/1000 [2:55:17<26:55:44, 107.48s/it]Training MLP on cuda:  10%|▉         | 99/1000 [2:57:04<26:52:49, 107.40s/it]Training MLP on cuda:  10%|█         | 100/1000 [2:58:52<26:50:12, 107.35s/it]Training MLP on cuda:  10%|█         | 101/1000 [3:00:38<26:46:19, 107.21s/it]Training MLP on cuda:  10%|█         | 102/1000 [3:02:26<26:44:12, 107.19s/it]Training MLP on cuda:  10%|█         | 103/1000 [3:04:13<26:42:03, 107.16s/it]Training MLP on cuda:  10%|█         | 104/1000 [3:06:00<26:40:18, 107.16s/it]Training MLP on cuda:  10%|█         | 105/1000 [3:07:47<26:37:32, 107.10s/it]Training MLP on cuda:  11%|█         | 106/1000 [3:09:34<26:36:40, 107.16s/it]Training MLP on cuda:  11%|█         | 107/1000 [3:11:21<26:35:50, 107.22s/it]Training MLP on cuda:  11%|█         | 108/1000 [3:13:09<26:33:52, 107.21s/it]Training MLP on cuda:  11%|█         | 109/1000 [3:14:56<26:31:36, 107.18s/it]Training MLP on cuda:  11%|█         | 110/1000 [3:16:43<26:29:49, 107.18s/it]Training MLP on cuda:  11%|█         | 111/1000 [3:18:30<26:27:36, 107.15s/it]Training MLP on cuda:  11%|█         | 112/1000 [3:20:17<26:26:18, 107.18s/it]Training MLP on cuda:  11%|█▏        | 113/1000 [3:22:04<26:23:22, 107.11s/it]Training MLP on cuda:  11%|█▏        | 114/1000 [3:23:51<26:22:22, 107.16s/it]Training MLP on cuda:  12%|█▏        | 115/1000 [3:25:39<26:21:37, 107.23s/it]Training MLP on cuda:  12%|█▏        | 116/1000 [3:27:26<26:20:36, 107.28s/it]Training MLP on cuda:  12%|█▏        | 117/1000 [3:29:13<26:18:16, 107.24s/it]Training MLP on cuda:  12%|█▏        | 118/1000 [3:31:01<26:18:37, 107.39s/it]Training MLP on cuda:  12%|█▏        | 119/1000 [3:32:49<26:16:47, 107.39s/it]Training MLP on cuda:  12%|█▏        | 120/1000 [3:34:35<26:13:02, 107.25s/it]Training MLP on cuda:  12%|█▏        | 121/1000 [3:36:22<26:07:01, 106.96s/it]Training MLP on cuda:  12%|█▏        | 122/1000 [3:38:09<26:07:42, 107.13s/it]Training MLP on cuda:  12%|█▏        | 123/1000 [3:39:57<26:08:17, 107.29s/it]Training MLP on cuda:  12%|█▏        | 124/1000 [3:41:45<26:07:44, 107.38s/it]Training MLP on cuda:  12%|█▎        | 125/1000 [3:43:32<26:06:01, 107.38s/it]Training MLP on cuda:  13%|█▎        | 126/1000 [3:45:20<26:05:15, 107.46s/it]Training MLP on cuda:  13%|█▎        | 127/1000 [3:47:07<26:03:46, 107.48s/it]Training MLP on cuda:  13%|█▎        | 128/1000 [3:48:55<26:02:35, 107.52s/it]Training MLP on cuda:  13%|█▎        | 129/1000 [3:50:42<26:00:41, 107.51s/it]Training MLP on cuda:  13%|█▎        | 130/1000 [3:52:30<26:00:44, 107.64s/it]Training MLP on cuda:  13%|█▎        | 131/1000 [3:54:18<25:58:56, 107.64s/it]Training MLP on cuda:  13%|█▎        | 132/1000 [3:56:05<25:57:19, 107.65s/it]Training MLP on cuda:  13%|█▎        | 133/1000 [3:57:53<25:55:12, 107.63s/it]Training MLP on cuda:  13%|█▎        | 134/1000 [3:59:41<25:56:17, 107.83s/it]Training MLP on cuda:  14%|█▎        | 135/1000 [4:01:29<25:56:08, 107.94s/it]Training MLP on cuda:  14%|█▎        | 136/1000 [4:03:17<25:52:55, 107.84s/it]Training MLP on cuda:  14%|█▎        | 137/1000 [4:0