[I 2025-05-13 17:36:52,017] Trial 99 finished with value: 0.5535872167219829 and parameters: {'threshold_scale_factor': 0.3327022754952068}. Best is trial 11 with value: 0.5559183050788943.
Best hyperparameters: {'threshold_scale_factor': 0.7841472113162047}
Best optimized value: 0.5559183050788943
Running audit 1/1
Training a GCN target model on flickr...
Training GCN on cuda:   0%|          | 0/800 [00:00<?, ?it/s]Training GCN on cuda:   1%|▏         | 10/800 [00:00<00:08, 93.17it/s]Training GCN on cuda:   3%|▎         | 21/800 [00:00<00:07, 99.14it/s]Training GCN on cuda:   4%|▍         | 32/800 [00:00<00:07, 103.16it/s]Training GCN on cuda:   5%|▌         | 43/800 [00:00<00:07, 105.18it/s]Training GCN on cuda:   7%|▋         | 54/800 [00:00<00:07, 106.41it/s]Training GCN on cuda:   8%|▊         | 65/800 [00:00<00:06, 106.83it/s]Training GCN on cuda:  10%|▉         | 76/800 [00:00<00:06, 107.41it/s]Training GCN on cuda:  11%|█         | 87/800 [00:00<00:06, 107.80it/s]Training GCN on cuda:  12%|█▏        | 98/800 [00:00<00:06, 107.93it/s]Training GCN on cuda:  14%|█▎        | 109/800 [00:01<00:06, 107.89it/s]Training GCN on cuda:  15%|█▌        | 120/800 [00:01<00:06, 108.02it/s]Training GCN on cuda:  16%|█▋        | 131/800 [00:01<00:06, 108.28it/s]Training GCN on cuda:  18%|█▊        | 142/800 [00:01<00:06, 108.30it/s]Training GCN on cuda:  19%|█▉        | 153/800 [00:01<00:05, 108.08it/s]Training GCN on cuda:  20%|██        | 164/800 [00:01<00:05, 108.25it/s]Training GCN on cuda:  22%|██▏       | 175/800 [00:01<00:05, 108.27it/s]Training GCN on cuda:  23%|██▎       | 186/800 [00:01<00:05, 108.24it/s]Training GCN on cuda:  25%|██▍       | 197/800 [00:01<00:05, 108.20it/s]Training GCN on cuda:  26%|██▌       | 208/800 [00:01<00:05, 108.31it/s]Training GCN on cuda:  27%|██▋       | 219/800 [00:02<00:05, 108.42it/s]Training GCN on cuda:  29%|██▉       | 230/800 [00:02<00:05, 108.23it/s]Training GCN on cuda:  30%|███       | 241/800 [00:02<00:05, 108.25it/s]Training GCN on cuda:  32%|███▏      | 252/800 [00:02<00:05, 108.24it/s]Training GCN on cuda:  33%|███▎      | 263/800 [00:02<00:04, 108.36it/s]Training GCN on cuda:  34%|███▍      | 274/800 [00:02<00:04, 108.10it/s]Training GCN on cuda:  36%|███▌      | 285/800 [00:02<00:04, 108.19it/s]Training GCN on cuda:  37%|███▋      | 296/800 [00:02<00:04, 108.40it/s]Training GCN on cuda:  38%|███▊      | 307/800 [00:02<00:04, 108.40it/s]Training GCN on cuda:  40%|███▉      | 318/800 [00:02<00:04, 108.29it/s]Training GCN on cuda:  41%|████      | 329/800 [00:03<00:04, 108.29it/s]Training GCN on cuda:  42%|████▎     | 340/800 [00:03<00:04, 108.34it/s]Training GCN on cuda:  44%|████▍     | 351/800 [00:03<00:04, 108.27it/s]Training GCN on cuda:  45%|████▌     | 362/800 [00:03<00:04, 108.23it/s]Training GCN on cuda:  47%|████▋     | 373/800 [00:03<00:03, 108.42it/s]Training GCN on cuda:  48%|████▊     | 384/800 [00:03<00:03, 108.40it/s]Training GCN on cuda:  49%|████▉     | 395/800 [00:03<00:03, 108.24it/s]Training GCN on cuda:  51%|█████     | 406/800 [00:03<00:03, 108.35it/s]Training GCN on cuda:  52%|█████▏    | 417/800 [00:03<00:03, 108.38it/s]Training GCN on cuda:  54%|█████▎    | 428/800 [00:03<00:03, 108.40it/s]Training GCN on cuda:  55%|█████▍    | 439/800 [00:04<00:03, 108.22it/s]Training GCN on cuda:  56%|█████▋    | 450/800 [00:04<00:03, 108.32it/s]Training GCN on cuda:  58%|█████▊    | 461/800 [00:04<00:03, 108.34it/s]Training GCN on cuda:  59%|█████▉    | 472/800 [00:04<00:03, 108.14it/s]Training GCN on cuda:  60%|██████    | 483/800 [00:04<00:02, 108.28it/s]Training GCN on cuda:  62%|██████▏   | 494/800 [00:04<00:02, 108.31it/s]Training GCN on cuda:  63%|██████▎   | 505/800 [00:04<00:02, 108.38it/s]Training GCN on cuda:  64%|██████▍   | 516/800 [00:04<00:02, 108.20it/s]Training GCN on cuda:  66%|██████▌   | 527/800 [00:04<00:02, 108.22it/s]Training GCN on cuda:  67%|██████▋   | 538/800 [00:04<00:02, 108.40it/s]Training GCN on cuda:  69%|██████▊   | 549/800 [00:05<00:02, 108.42it/s]Training GCN on cuda:  70%|███████   | 560/800 [00:05<00:02, 108.19it/s]Training GCN on cuda:  71%|███████▏  | 571/800 [00:05<00:02, 108.34it/s]Training GCN on cuda:  73%|███████▎  | 582/800 [00:05<00:02, 108.41it/s]Training GCN on cuda:  74%|███████▍  | 593/800 [00:05<00:01, 108.37it/s]Training GCN on cuda:  76%|███████▌  | 604/800 [00:05<00:01, 108.21it/s]Training GCN on cuda:  77%|███████▋  | 615/800 [00:05<00:01, 108.38it/s]Training GCN on cuda:  78%|███████▊  | 626/800 [00:05<00:01, 108.41it/s]Training GCN on cuda:  80%|███████▉  | 637/800 [00:05<00:01, 108.29it/s]Training GCN on cuda:  81%|████████  | 648/800 [00:06<00:01, 108.28it/s]Training GCN on cuda:  82%|████████▏ | 659/800 [00:06<00:01, 108.28it/s]Training GCN on cuda:  84%|████████▍ | 670/800 [00:06<00:01, 108.36it/s]Training GCN on cuda:  85%|████████▌ | 681/800 [00:06<00:01, 108.05it/s]Training GCN on cuda:  86%|████████▋ | 692/800 [00:06<00:00, 108.18it/s]Training GCN on cuda:  88%|████████▊ | 703/800 [00:06<00:00, 108.31it/s]Training GCN on cuda:  89%|████████▉ | 714/800 [00:06<00:00, 108.29it/s]Training GCN on cuda:  91%|█████████ | 725/800 [00:06<00:00, 108.16it/s]Training GCN on cuda:  92%|█████████▏| 736/800 [00:06<00:00, 108.16it/s]Training GCN on cuda:  93%|█████████▎| 747/800 [00:06<00:00, 108.32it/s]Training GCN on cuda:  95%|█████████▍| 758/800 [00:07<00:00, 108.34it/s]Training GCN on cuda:  96%|█████████▌| 769/800 [00:07<00:00, 108.13it/s]Training GCN on cuda:  98%|█████████▊| 780/800 [00:07<00:00, 108.28it/s]Training GCN on cuda:  99%|█████████▉| 791/800 [00:07<00:00, 108.34it/s]Training GCN on cuda: 100%|██████████| 800/800 [00:07<00:00, 108.00it/s]
Train accuracy: 0.5715 | Test accuracy: 0.4735
Training MLP on cuda:   0%|          | 0/1000 [00:00<?, ?it/s]Training MLP on cuda:   0%|          | 1/1000 [01:48<30:14:08, 108.96s/it]Training MLP on cuda:   0%|          | 2/1000 [03:38<30:20:13, 109.43s/it]Training MLP on cuda:   0%|          | 3/1000 [05:27<30:16:43, 109.33s/it]Training MLP on cuda:   0%|          | 4/1000 [07:18<30:19:46, 109.63s/it]Training MLP on cuda:   0%|          | 5/1000 [09:07<30:18:39, 109.67s/it]Training MLP on cuda:   1%|          | 6/1000 [10:57<30:19:04, 109.80s/it]Training MLP on cuda:   1%|          | 7/1000 [12:47<30:14:15, 109.62s/it]Training MLP on cuda:   1%|          | 8/1000 [14:37<30:18:09, 109.97s/it]Training MLP on cuda:   1%|          | 9/1000 [16:27<30:16:51, 110.00s/it]Training MLP on cuda:   1%|          | 10/1000 [18:17<30:15:16, 110.02s/it]Training MLP on cuda:   1%|          | 11/1000 [20:07<30:09:02, 109.75s/it]Training MLP on cuda:   1%|          | 12/1000 [21:55<30:02:49, 109.48s/it]Training MLP on cuda:   1%|▏         | 13/1000 [23:44<29:55:51, 109.17s/it]Training MLP on cuda:   1%|▏         | 14/1000 [25:32<29:46:48, 108.73s/it]Training MLP on cuda:   2%|▏         | 15/1000 [27:20<29:41:03, 108.49s/it]Training MLP on cuda:   2%|▏         | 16/1000 [29:08<29:38:07, 108.42s/it]Training MLP on cuda:   2%|▏         | 17/1000 [30:57<29:39:52, 108.64s/it]Training MLP on cuda:   2%|▏         | 18/1000 [32:46<29:40:52, 108.81s/it]Training MLP on cuda:   2%|▏         | 19/1000 [34:35<29:39:17, 108.82s/it]Training MLP on cuda:   2%|▏         | 20/1000 [36:24<29:37:13, 108.81s/it]Training MLP on cuda:   2%|▏         | 21/1000 [38:13<29:37:40, 108.95s/it]Training MLP on cuda:   2%|▏         | 22/1000 [40:02<29:34:02, 108.84s/it]Training MLP on cuda:   2%|▏         | 23/1000 [41:50<29:32:16, 108.84s/it]Training MLP on cuda:   2%|▏         | 24/1000 [43:40<29:31:39, 108.91s/it]Training MLP on cuda:   2%|▎         | 25/1000 [45:28<29:27:30, 108.77s/it]Training MLP on cuda:   3%|▎         | 26/1000 [47:17<29:27:07, 108.86s/it]Training MLP on cuda:   3%|▎         | 27/1000 [49:06<29:23:28, 108.74s/it]Training MLP on cuda:   3%|▎         | 28/1000 [50:54<29:21:10, 108.71s/it]Training MLP on cuda:   3%|▎         | 29/1000 [52:43<29:18:59, 108.69s/it]Training MLP on cuda:   3%|▎         | 30/1000 [54:32<29:19:46, 108.85s/it]Training MLP on cuda:   3%|▎         | 31/1000 [56:20<29:15:58, 108.73s/it]Training MLP on cuda:   3%|▎         | 32/1000 [58:09<29:11:57, 108.59s/it]Training MLP on cuda:   3%|▎         | 33/1000 [59:58<29:10:55, 108.64s/it]Training MLP on cuda:   3%|▎         | 34/1000 [1:01:46<29:08:21, 108.59s/it]Training MLP on cuda:   4%|▎         | 35/1000 [1:03:34<29:04:35, 108.47s/it]Training MLP on cuda:   4%|▎         | 36/1000 [1:05:23<29:02:53, 108.48s/it]Training MLP on cuda:   4%|▎         | 37/1000 [1:07:12<29:02:59, 108.60s/it]Training MLP on cuda:   4%|▍         | 38/1000 [1:09:01<29:03:31, 108.74s/it]Training MLP on cuda:   4%|▍         | 39/1000 [1:10:49<29:00:29, 108.67s/it]Training MLP on cuda:   4%|▍         | 40/1000 [1:12:38<28:58:04, 108.63s/it]Training MLP on cuda:   4%|▍         | 41/1000 [1:14:26<28:56:47, 108.66s/it]Training MLP on cuda:   4%|▍         | 42/1000 [1:16:15<28:56:18, 108.75s/it]Training MLP on cuda:   4%|▍         | 43/1000 [1:18:04<28:54:02, 108.72s/it]Training MLP on cuda:   4%|▍         | 44/1000 [1:19:53<28:51:44, 108.69s/it]Training MLP on cuda:   4%|▍         | 45/1000 [1:21:42<28:51:26, 108.78s/it]Training MLP on cuda:   5%|▍         | 46/1000 [1:23:30<28:47:50, 108.67s/it]Training MLP on cuda:   5%|▍         | 47/1000 [1:25:18<28:44:43, 108.59s/it]Training MLP on cuda:   5%|▍         | 48/1000 [1:27:07<28:42:44, 108.58s/it]Training MLP on cuda:   5%|▍         | 49/1000 [1:28:56<28:44:36, 108.81s/it]Training MLP on cuda:   5%|▌         | 50/1000 [1:30:45<28:39:49, 108.62s/it]Training MLP on cuda:   5%|▌         | 51/1000 [1:32:34<28:40:08, 108.76s/it]Training MLP on cuda:   5%|▌         | 52/1000 [1:34:22<28:36:34, 108.64s/it]Training MLP on cuda:   5%|▌         | 53/1000 [1:36:10<28:32:28, 108.50s/it]Training MLP on cuda:   5%|▌         | 54/1000 [1:37:58<28:29:06, 108.40s/it]Training MLP on cuda:   6%|▌         | 55/1000 [1:39:46<28:26:03, 108.32s/it]Training MLP on cuda:   6%|▌         | 56/1000 [1:41:34<28:23:00, 108.24s/it]Training MLP on cuda:   6%|▌         | 57/1000 [1:43:23<28:21:37, 108.27s/it]Training MLP on cuda:   6%|▌         | 58/1000 [1:45:11<28:18:51, 108.21s/it]Training MLP on cuda:   6%|▌         | 59/1000 [1:46:59<28:16:07, 108.15s/it]Training MLP on cuda:   6%|▌         | 60/1000 [1:48:47<28:12:50, 108.05s/it]Training MLP on cuda:   6%|▌         | 61/1000 [1:50:35<28:10:48, 108.04s/it]Training MLP on cuda:   6%|▌         | 62/1000 [1:52:23<28:10:49, 108.16s/it]Training MLP on cuda:   6%|▋         | 63/1000 [1:54:11<28:07:56, 108.09s/it]Training MLP on cuda:   6%|▋         | 64/1000 [1:55:59<28:06:30, 108.11s/it]Training MLP on cuda:   6%|▋         | 65/1000 [1:57:47<28:04:36, 108.10s/it]Training MLP on cuda:   7%|▋         | 66/1000 [1:59:35<28:03:03, 108.12s/it]Training MLP on cuda:   7%|▋         | 67/1000 [2:01:24<28:00:52, 108.09s/it]Training MLP on cuda:   7%|▋         | 68/1000 [2:03:12<28:00:52, 108.21s/it]Training MLP on cuda:   7%|▋         | 69/1000 [2:05:00<27:59:35, 108.24s/it]Training MLP on cuda:   7%|▋         | 70/1000 [2:06:48<27:56:31, 108.16s/it]Training MLP on cuda:   7%|▋         | 71/1000 [2:08:36<27:53:50, 108.11s/it]Training MLP on cuda:   7%|▋         | 72/1000 [2:10:24<27:51:09, 108.05s/it]Training MLP on cuda:   7%|▋         | 73/1000 [2:12:12<27:48:52, 108.02s/it]Training MLP on cuda:   7%|▋         | 74/1000 [2:14:00<27:46:23, 107.97s/it]Training MLP on cuda:   8%|▊         | 75/1000 [2:15:48<27:43:20, 107.89s/it]Training MLP on cuda:   8%|▊         | 76/1000 [2:17:36<27:41:24, 107.88s/it]Training MLP on cuda:   8%|▊         | 77/1000 [2:19:24<27:41:15, 107.99s/it]Training MLP on cuda:   8%|▊         | 78/1000 [2:21:12<27:38:32, 107.93s/it]Training MLP on cuda:   8%|▊         | 79/1000 [2:23:00<27:39:34, 108.12s/it]Training MLP on cuda:   8%|▊         | 80/1000 [2:24:48<27:38:50, 108.19s/it]Training MLP on cuda:   8%|▊         | 81/1000 [2:26:37<27:36:31, 108.15s/it]Training MLP on cuda:   8%|▊         | 82/1000 [2:28:24<27:33:38, 108.08s/it]Training MLP on cuda:   8%|▊         | 83/1000 [2:30:12<27:30:11, 107.97s/it]Training MLP on cuda:   8%|▊         | 84/1000 [2:32:00<27:27:43, 107.93s/it]Training MLP on cuda:   8%|▊         | 85/1000 [2:33:48<27:25:44, 107.92s/it]Training MLP on cuda:   9%|▊         | 86/1000 [2:35:37<27:27:51, 108.17s/it]Training MLP on cuda:   9%|▊         | 87/1000 [2:37:25<27:26:05, 108.18s/it]Training MLP on cuda:   9%|▉         | 88/1000 [2:39:12<27:21:39, 108.00s/it]Training MLP on cuda:   9%|▉         | 89/1000 [2:41:00<27:19:30, 107.98s/it]Training MLP on cuda:   9%|▉         | 90/1000 [2:42:48<27:16:40, 107.91s/it]Training MLP on cuda:   9%|▉         | 91/1000 [2:44:35<27:11:12, 107.67s/it]Training MLP on cuda:   9%|▉         | 92/1000 [2:46:22<27:07:01, 107.51s/it]Training MLP on cuda:   9%|▉         | 93/1000 [2:48:10<27:05:13, 107.51s/it]Training MLP on cuda:   9%|▉         | 94/1000 [2:49:57<27:02:14, 107.43s/it]Training MLP on cuda:  10%|▉         | 95/1000 [2:51:44<26:55:33, 107.11s/it]Training MLP on cuda:  10%|▉         | 96/1000 [2:53:30<26:51:39, 106.97s/it]Training MLP on cuda:  10%|▉         | 97/1000 [2:55:18<26:52:31, 107.14s/it]Training MLP on cuda:  10%|▉         | 98/1000 [2:57:04<26:47:22, 106.92s/it]Training MLP on cuda:  10%|▉         | 99/1000 [2:58:52<26:48:23, 107.11s/it]Training MLP on cuda:  10%|█         | 100/1000 [3:00:38<26:42:50, 106.86s/it]Training MLP on cuda:  10%|█         | 101/1000 [3:02:25<26:41:59, 106.92s/it]Training MLP on cuda:  10%|█         | 102/1000 [3:04:12<26:38:55, 106.83s/it]Training MLP on cuda:  10%|█         | 103/1000 [3:05:58<26:33:58, 106.62s/it]Training MLP on cuda:  10%|█         | 104/1000 [3:07:44<26:31:28, 106.57s/it]Training MLP on cuda:  10%|█         | 105/1000 [3:09:31<26:30:55, 106.65s/it]Training MLP on cuda:  11%|█         | 106/1000 [3:11:18<26:28:50, 106.63s/it]Training MLP on cuda:  11%|█         | 107/1000 [3:13:04<26:26:17, 106.58s/it]Training MLP on cuda:  11%|█         | 108/1000 [3:14:51<26:24:36, 106.59s/it]Training MLP on cuda:  11%|█         | 109/1000 [3:16:38<26:24:37, 106.71s/it]Training MLP on cuda:  11%|█         | 110/1000 [3:18:24<26:22:19, 106.67s/it]Training MLP on cuda:  11%|█         | 111/1000 [3:20:11<26:19:58, 106.64s/it]Training MLP on cuda:  11%|█         | 112/1000 [3:21:58<26:18:54, 106.68s/it]Training MLP on cuda:  11%|█▏        | 113/1000 [3:23:44<26:16:21, 106.63s/it]Training MLP on cuda:  11%|█▏        | 114/1000 [3:25:31<26:14:23, 106.62s/it]Training MLP on cuda:  12%|█▏        | 115/1000 [3:27:17<26:11:56, 106.57s/it]Training MLP on cuda:  12%|█▏        | 116/1000 [3:29:04<26:11:47, 106.68s/it]Training MLP on cuda:  12%|█▏        | 117/1000 [3:30:51<26:10:26, 106.71s/it]Training MLP on cuda:  12%|█▏        | 118/1000 [3:32:37<26:08:00, 106.67s/it]Training MLP on cuda:  12%|█▏        | 119/1000 [3:34:24<26:05:10, 106.60s/it]Training MLP on cuda:  12%|█▏        | 119/1000 [3:36:10<26:40:27, 109.00s/it]
Training MLP on cuda:   0%|          | 0/1000 [00:00<?, ?it/s]Training MLP on cuda:   0%|          | 1/1000 [01:47<29:41:44, 107.01s/it]Training MLP on cuda:   0%|          | 2/1000 [03:34<29:40:22, 107.04s/it]Training MLP on cuda:   0%|          | 3/1000 [05:21<29:40:09, 107.13s/it]Training MLP on cuda:   0%|          | 4/1000 [07:08<29:39:09, 107.18s/it]Training MLP on cuda:   0%|          | 5/1000 [08:56<29:39:01, 107.28s/it]Training MLP on cuda:   1%|          | 6/1000 [10:43<29:37:50, 107.31s/it]Training MLP on cuda:   1%|          | 7/1000 [12:30<29:35:57, 107.31s/it]Training MLP on cuda:   1%|          | 8/1000 [14:17<29:34:08, 107.31s/it]Training MLP on cuda:   1%|          | 9/1000 [16:05<29:33:47, 107.39s/it]Training MLP on cuda:   1%|          | 10/1000 [17:53<29:32:28, 107.42s/it]Training MLP on cuda:   1%|          | 11/1000 [19:40<29:30:14, 107.40s/it]Training MLP on cuda:   1%|          | 12/1000 [21:27<29:27:07, 107.32s/it]Training MLP on cuda:   1%|▏         | 13/1000 [23:14<29:25:13, 107.31s/it]Training MLP on cuda:   1%|▏         | 14/1000 [25:02<29:23:17, 107.30s/it]Training MLP on cuda:   2%|▏         | 15/1000 [26:49<29:21:27, 107.30s/it]Training MLP on cuda:   2%|▏         | 16/1000 [28:36<29:19:39, 107.30s/it]Training MLP on cuda:   2%|▏         | 17/1000 [30:24<29:18:53, 107.36s/it]Training MLP on cuda:   2%|▏         | 18/1000 [32:11<29:18:04, 107.42s/it]Training MLP on cuda:   2%|▏         | 19/1000 [33:59<29:15:59, 107.40s/it]Training MLP on cuda:   2%|▏         | 20/1000 [35:46<29:12:58, 107.33s/it]Training MLP on cuda:   2%|▏         | 21/1000 [37:33<29:11:57, 107.37s/it]Training MLP on cuda:   2%|▏         | 22/1000 [39:21<29:09:47, 107.35s/it]Training MLP on cuda:   2%|▏         | 23/1000 [41:08<29:06:18, 107.24s/it]Training MLP on cuda:   2%|▏         | 24/1000 [42:55<29:05:05, 107.28s/it]Training MLP on cuda:   2%|▎         | 25/1000 [44:42<29:04:21, 107.34s/it]Training MLP on cuda:   3%|▎         | 26/1000 [46:30<29:02:30, 107.34s/it]Training MLP on cuda:   3%|▎         | 27/1000 [48:17<28:59:26, 107.26s/it]Training MLP on cuda:   3%|▎         | 28/1000 [50:04<28:57:15, 107.24s/it]Training MLP on cuda:   3%|▎         | 29/1000 [51:52<28:58:17, 107.41s/it]Training MLP on cuda:   3%|▎         | 30/1000 [53:40<29:01:37, 107.73s/it]Training MLP on cuda:   3%|▎         | 31/1000 [55:29<29:04:10, 108.00s/it]Training MLP on cuda:   3%|▎         | 32/1000 [57:17<29:05:05, 108.17s/it]Training MLP on cuda:   3%|▎         | 33/1000 [59:06<29:06:32, 108.37s/it]Training MLP on cuda:   3%|▎         | 34/1000 [1:00:55<29:07:56, 108.57s/it]Training MLP on cuda:   4%|▎         | 35/1000 [1:02:43<29:04:08, 108.44s/it]Training MLP on cuda:   4%|▎         | 36/1000 [1:04:32<29:03:14, 108.50s/it]Training MLP on cuda:   4%|▎         | 37/1000 [1:06:21<29:02:33, 108.57s/it]Training MLP on cuda:   4%|▍         | 38/1000 [1:08:09<29:00:28, 108.55s/it]Training MLP on cuda:   4%|▍         | 39/1000 [1:09:58<28:58:18, 108.53s/it]Training MLP on cuda:   4%|▍         | 40/1000 [1:11:46<28:55:09, 108.45s/it]Training MLP on cuda:   4%|▍         | 41/1000 [1:13:35<28:57:48, 108.73s/it]Training MLP on cuda:   4%|▍         | 42/1000 [1:15:24<28:54:27, 108.63s/it]Training MLP on cuda:   4%|▍         | 43/1000 [1:17:12<28:50:52, 108.52s/it]Training MLP on cuda:   4%|▍         | 44/1000 [1:19:01<28:49:30, 108.55s/it]Training MLP on cuda:   4%|▍         | 45/1000 [1:20:50<28:50:06, 108.70s/it]Training MLP on cuda:   5%|▍         | 46/1000 [1:22:38<28:46:42, 108.60s/it]Training MLP on cuda:   5%|▍         | 47/1000 [1:24:27<28:43:38, 108.52s/it]Training MLP on cuda:   5%|▍         | 48/1000 [1:26:15<28:43:26, 108.62s/it]Training MLP on cuda:   5%|▍         | 49/1000 [1:28:04<28:42:05, 108.65s/it]Training MLP on cuda:   5%|▌         | 50/1000 [1:29:53<28:40:53, 108.69s/it]Training MLP on cuda:   5%|▌         | 51/1000 [1:31:41<28:37:18, 108.58s/it]Training MLP on cuda:   5%|▌         | 52/1000 [1:33:30<28:34:33, 108.52s/it]Training MLP on cuda:   5%|▌         | 53/1000 [1:35:18<28:34:01, 108.60s/it]Training MLP on cuda:   5%|▌         | 54/1000 [1:37:07<28:31:54, 108.58s/it]Training MLP on cuda:   6%|▌         | 55/1000 [1:38:55<28:28:09, 108.45s/it]Training MLP on cuda:   6%|▌         | 56/1000 [1:40:43<28:25:22, 108.39s/it]Training MLP on cuda:   6%|▌         | 57/1000 [1:42:32<28:26:59, 108.61s/it]Training MLP on cuda:   6%|▌         | 58/1000 [1:44:21<28:25:20, 108.62s/it]Training MLP on cuda:   6%|▌         | 59/1000 [1:46:10<28:23:35, 108.62s/it]Training MLP on cuda:   6%|▌         | 60/1000 [1:47:58<28:21:54, 108.63s/it]Training MLP on cuda:   6%|▌         | 61/1000 [1:49:47<28:21:13, 108.70s/it]Training MLP on cuda:   6%|▌         | 62/1000 [1:51:36<28:18:39, 108.66s/it]Training MLP on cuda:   6%|▋         | 63/1000 [1:53:24<28:15:55, 108.60s/it]Training MLP on cuda:   6%|▋         | 64/1000 [1:55:13<28:14:57, 108.65s/it]Training MLP on cuda:   6%|▋         | 65/1000 [1:57:02<28:13:47, 108.69s/it]Training MLP on cuda:   7%|▋         | 66/1000 [1:58:50<28:10:49, 108.62s/it]Training MLP on cuda:   7%|▋         | 67/1000 [2:00:39<28:08:17, 108.57s/it]Training MLP on cuda:   7%|▋         | 68/1000 [2:02:27<28:06:54, 108.60s/it]Training MLP on cuda:   7%|▋         | 69/1000 [2:04:16<28:05:26, 108.62s/it]Training MLP on cuda:   7%|▋         | 70/1000 [2:06:04<28:00:22, 108.41s/it]Training MLP on cuda:   7%|▋         | 71/1000 [2:07:51<27:53:27, 108.08s/it]Training MLP on cuda:   7%|▋         | 72/1000 [2:09:38<27:46:45, 107.76s/it]Training MLP on cuda:   7%|▋         | 73/1000 [2:11:26<27:43:33, 107.67s/it]Training MLP on cuda:   7%|▋         | 74/1000 [2:13:13<27:39:50, 107.55s/it]Training MLP on cuda:   8%|▊         | 75/1000 [2:15:00<27:34:47, 107.34s/it]Training MLP on cuda:   8%|▊         | 76/1000 [2:16:47<27:33:08, 107.35s/it]Training MLP on cuda:   8%|▊         | 77/1000 [2:18:35<27:31:52, 107.38s/it]Training MLP on cuda:   8%|▊         | 78/1000 [2:20:22<27:28:38, 107.29s/it]Training MLP on cuda:   8%|▊         | 79/1000 [2:22:09<27:25:44, 107.21s/it]Training MLP on cuda:   8%|▊         | 80/1000 [2:23:56<27:25:53, 107.34s/it]Training MLP on cuda:   8%|▊         | 81/1000 [2:25:44<27:24:23, 107.36s/it]Training MLP on cuda:   8%|▊         | 82/1000 [2:27:30<27:15:06, 106.87s/it]Training MLP on cuda:   8%|▊         | 83/1000 [2:29:13<26:57:29, 105.83s/it]Training MLP on cuda:   8%|▊         | 84/1000 [2:30:57<26:45:42, 105.18s/it]Training MLP on cuda:   8%|▊         | 85/1000 [2:32:41<26:38:20, 104.81s/it]Training MLP on cuda:   9%|▊         | 86/1000 [2:34:25<26:33:26, 104.60s/it]Training MLP on cuda:   9%|▊         | 87/1000 [2:36:08<26:26:39, 104.27s/it]Training MLP on cuda:   9%|▉         | 88/1000 [2:37:52<26:21:28, 10