[I 2025-05-13 17:12:31,938] Trial 99 finished with value: 0.5611637754395876 and parameters: {'interp_param': 0.8672541871181062}. Best is trial 74 with value: 0.5621831791540146.
Best hyperparameters: {'interp_param': 0.980822707392647}
Best optimized value: 0.5621831791540146
Tuning threshold scale factor for offline LSET using optuna
  0%|          | 0/100 [00:00<?, ?it/s]                                         0%|          | 0/100 [00:14<?, ?it/s]Best trial: 0. Best value: 0.561661:   0%|          | 0/100 [00:14<?, ?it/s]Best trial: 0. Best value: 0.561661:   1%|          | 1/100 [00:14<23:44, 14.39s/it]                                                                                    Best trial: 0. Best value: 0.561661:   1%|          | 1/100 [00:28<23:44, 14.39s/it]Best trial: 1. Best value: 0.562275:   1%|          | 1/100 [00:28<23:44, 14.39s/it]Best trial: 1. Best value: 0.562275:   2%|▏         | 2/100 [00:28<23:27, 14.37s/it]                                                                                    Best trial: 1. Best value: 0.562275:   2%|▏         | 2/100 [00:43<23:27, 14.37s/it]Best trial: 1. Best value: 0.562275:   2%|▏         | 2/100 [00:43<23:27, 14.37s/it]Best trial: 1. Best value: 0.562275:   3%|▎         | 3/100 [00:43<23:10, 14.34s/it]                                                                                    Best trial: 1. Best value: 0.562275:   3%|▎         | 3/100 [00:57<23:10, 14.34s/it]Best trial: 3. Best value: 0.562293:   3%|▎         | 3/100 [00:57<23:10, 14.34s/it]Best trial: 3. Best value: 0.562293:   4%|▍         | 4/100 [00:57<22:55, 14.33s/it]                                                                                    Best trial: 3. Best value: 0.562293:   4%|▍         | 4/100 [01:11<22:55, 14.33s/it]Best trial: 3. Best value: 0.562293:   4%|▍         | 4/100 [01:11<22:55, 14.33s/it]Best trial: 3. Best value: 0.562293:   5%|▌         | 5/100 [01:11<22:41, 14.33s/it]                                                                                    Best trial: 3. Best value: 0.562293:   5%|▌         | 5/100 [01:26<22:41, 14.33s/it]Best trial: 3. Best value: 0.562293:   5%|▌         | 5/100 [01:26<22:41, 14.33s/it]Best trial: 3. Best value: 0.562293:   6%|▌         | 6/100 [01:26<22:26, 14.33s/it]                                                                                    Best trial: 3. Best value: 0.562293:   6%|▌         | 6/100 [01:40<22:26, 14.33s/it]Best trial: 3. Best value: 0.562293:   6%|▌         | 6/100 [01:40<22:26, 14.33s/it]Best trial: 3. Best value: 0.562293:   7%|▋         | 7/100 [01:40<22:12, 14.33s/it]                                                                                    Best trial: 3. Best value: 0.562293:   7%|▋         | 7/100 [01:54<22:12, 14.33s/it]Best trial: 3. Best value: 0.562293:   7%|▋         | 7/100 [01:54<22:12, 14.33s/it]Best trial: 3. Best value: 0.562293:   8%|▊         | 8/100 [01:54<21:59, 14.35s/it]                                                                                    Best trial: 3. Best value: 0.562293:   8%|▊         | 8/100 [02:09<21:59, 14.35s/it]Best trial: 3. Best value: 0.562293:   8%|▊         | 8/100 [02:09<21:59, 14.35s/it]Best trial: 3. Best value: 0.562293:   9%|▉         | 9/100 [02:09<21:44, 14.33s/it]                                                                                    Best trial: 3. Best value: 0.562293:   9%|▉         | 9/100 [02:23<21:44, 14.33s/it]Best trial: 3. Best value: 0.562293:   9%|▉         | 9/100 [02:23<21:44, 14.33s/it]Best trial: 3. Best value: 0.562293:  10%|█         | 10/100 [02:23<21:34, 14.39s/it]                                                                                     Best trial: 3. Best value: 0.562293:  10%|█         | 10/100 [02:37<21:34, 14.39s/it]Best trial: 3. Best value: 0.562293:  10%|█         | 10/100 [02:37<21:34, 14.39s/it]Best trial: 3. Best value: 0.562293:  11%|█         | 11/100 [02:37<21:16, 14.34s/it]                                                                                     Best trial: 3. Best value: 0.562293:  11%|█         | 11/100 [02:52<21:16, 14.34s/it]Best trial: 3. Best value: 0.562293:  11%|█         | 11/100 [02:52<21:16, 14.34s/it]Best trial: 3. Best value: 0.562293:  12%|█▏        | 12/100 [02:52<21:03, 14.35s/it]                                                                                     Best trial: 3. Best value: 0.562293:  12%|█▏        | 12/100 [03:06<21:03, 14.35s/it]Best trial: 3. Best value: 0.562293:  12%|█▏        | 12/100 [03:06<21:03, 14.35s/it]Best trial: 3. Best value: 0.562293:  13%|█▎        | 13/100 [03:06<20:48, 14.35s/it]                                                                                     Best trial: 3. Best value: 0.562293:  13%|█▎        | 13/100 [03:20<20:48, 14.35s/it]Best trial: 3. Best value: 0.562293:  13%|█▎        | 13/100 [03:20<20:48, 14.35s/it]Best trial: 3. Best value: 0.562293:  14%|█▍        | 14/100 [03:20<20:34, 14.35s/it]                                                                                     Best trial: 3. Best value: 0.562293:  14%|█▍        | 14/100 [03:35<20:34, 14.35s/it]Best trial: 3. Best value: 0.562293:  14%|█▍        | 14/100 [03:35<20:34, 14.35s/it]Best trial: 3. Best value: 0.562293:  15%|█▌        | 15/100 [03:35<20:20, 14.36s/it]                                                                                     Best trial: 3. Best value: 0.562293:  15%|█▌        | 15/100 [03:49<20:20, 14.36s/it]Best trial: 3. Best value: 0.562293:  15%|█▌        | 15/100 [03:49<20:20, 14.36s/it]Best trial: 3. Best value: 0.562293:  16%|█▌        | 16/100 [03:49<20:06, 14.36s/it]                                                                                     Best trial: 3. Best value: 0.562293:  16%|█▌        | 16/100 [04:03<20:06, 14.36s/it]Best trial: 3. Best value: 0.562293:  16%|█▌        | 16/100 [04:03<20:06, 14.36s/it]Best trial: 3. Best value: 0.562293:  17%|█▋        | 17/100 [04:03<19:51, 14.36s/it]                                                                                     Best trial: 3. Best value: 0.562293:  17%|█▋        | 17/100 [04:18<19:51, 14.36s/it]Best trial: 3. Best value: 0.562293:  17%|█▋        | 17/100 [04:18<19:51, 14.36s/it]Best trial: 3. Best value: 0.562293:  18%|█▊        | 18/100 [04:18<19:36, 14.35s/it]                                                                                     Best trial: 3. Best value: 0.562293:  18%|█▊        | 18/100 [04:32<19:36, 14.35s/it]Best trial: 3. Best value: 0.562293:  18%|█▊        | 18/100 [04:32<19:36, 14.35s/it]Best trial: 3. Best value: 0.562293:  19%|█▉        | 19/100 [04:32<19:22, 14.35s/it]                                                                                     Best trial: 3. Best value: 0.562293:  19%|█▉        | 19/100 [04:47<19:22, 14.35s/it]Best trial: 3. Best value: 0.562293:  19%|█▉        | 19/100 [04:47<19:22, 14.35s/it]Best trial: 3. Best value: 0.562293:  20%|██        | 20/100 [04:47<19:08, 14.36s/it]                                                                                     Best trial: 3. Best value: 0.562293:  20%|██        | 20/100 [05:01<19:08, 14.36s/it]Best trial: 3. Best value: 0.562293:  20%|██        | 20/100 [05:01<19:08, 14.36s/it]Best trial: 3. Best value: 0.562293:  21%|██        | 21/100 [05:01<18:54, 14.36s/it]                                                                                     Best trial: 3. Best value: 0.562293:  21%|██        | 21/100 [05:15<18:54, 14.36s/it]Best trial: 21. Best value: 0.562293:  21%|██        | 21/100 [05:15<18:54, 14.36s/it]Best trial: 21. Best value: 0.562293:  22%|██▏       | 22/100 [05:15<18:40, 14.36s/it]                                                                                      Best trial: 21. Best value: 0.562293:  22%|██▏       | 22/100 [05:30<18:40, 14.36s/it]Best trial: 21. Best value: 0.562293:  22%|██▏       | 22/100 [05:30<18:40, 14.36s/it]Best trial: 21. Best value: 0.562293:  23%|██▎       | 23/100 [05:30<18:25, 14.36s/it]                                                                                      Best trial: 21. Best value: 0.562293:  23%|██▎       | 23/100 [05:44<18:25, 14.36s/it]Best trial: 21. Best value: 0.562293:  23%|██▎       | 23/100 [05:44<18:25, 14.36s/it]Best trial: 21. Best value: 0.562293:  24%|██▍       | 24/100 [05:44<18:10, 14.36s/it]                                                                                      Best trial: 21. Best value: 0.562293:  24%|██▍       | 24/100 [05:58<18:10, 14.36s/it]Best trial: 21. Best value: 0.562293:  24%|██▍       | 24/100 [05:58<18:10, 14.36s/it]Best trial: 21. Best value: 0.562293:  25%|██▌       | 25/100 [05:58<17:56, 14.36s/it]                                                                                      Best trial: 21. Best value: 0.562293:  25%|██▌       | 25/100 [06:13<17:56, 14.36s/it]Best trial: 21. Best value: 0.562293:  25%|██▌       | 25/100 [06:13<17:56, 14.36s/it]Best trial: 21. Best value: 0.562293:  26%|██▌       | 26/100 [06:13<17:42, 14.35s/it]                                                                                      Best trial: 21. Best value: 0.562293:  26%|██▌       | 26/100 [06:27<17:42, 14.35s/it]Best trial: 21. Best value: 0.562293:  26%|██▌       | 26/100 [06:27<17:42, 14.35s/it]Best trial: 21. Best value: 0.562293:  27%|██▋       | 27/100 [06:27<17:30, 14.39s/it]                                                                                      Best trial: 21. Best value: 0.562293:  27%|██▋       | 27/100 [06:41<17:30, 14.39s/it]Best trial: 21. Best value: 0.562293:  27%|██▋       | 27/100 [06:41<17:30, 14.39s/it]Best trial: 21. Best value: 0.562293:  28%|██▊       | 28/100 [06:41<17:14, 14.37s/it]                                                                                      Best trial: 21. Best value: 0.562293:  28%|██▊       | 28/100 [06:56<17:14, 14.37s/it]Best trial: 21. Best value: 0.562293:  28%|██▊       | 28/100 [06:56<17:14, 14.37s/it]Best trial: 21. Best value: 0.562293:  29%|██▉       | 29/100 [06:56<17:00, 14.37s/it]                                                                                      Best trial: 21. Best value: 0.562293:  29%|██▉       | 29/100 [07:10<17:00, 14.37s/it]Best trial: 21. Best value: 0.562293:  29%|██▉       | 29/100 [07:10<17:00, 14.37s/it]Best trial: 21. Best value: 0.562293:  30%|███       | 30/100 [07:10<16:45, 14.36s/it]                                                                                      Best trial: 21. Best value: 0.562293:  30%|███       | 30/100 [07:24<16:45, 14.36s/it]Best trial: 21. Best value: 0.562293:  30%|███       | 30/100 [07:24<16:45, 14.36s/it]Best trial: 21. Best value: 0.562293:  31%|███       | 31/100 [07:24<16:30, 14.35s/it]                                                                                      Best trial: 21. Best value: 0.562293:  31%|███       | 31/100 [07:39<16:30, 14.35s/it]Best trial: 21. Best value: 0.562293:  31%|███       | 31/100 [07:39<16:30, 14.35s/it]Best trial: 21. Best value: 0.562293:  32%|███▏      | 32/100 [07:39<16:15, 14.34s/it]                                                                                      Best trial: 21. Best value: 0.562293:  32%|███▏      | 32/100 [07:53<16:15, 14.34s/it]Best trial: 21. Best value: 0.562293:  32%|███▏      | 32/100 [07:53<16:15, 14.34s/it]Best trial: 21. Best value: 0.562293:  33%|███▎      | 33/100 [07:53<16:01, 14.35s/it]                                                                                      Best trial: 21. Best value: 0.562293:  33%|███▎      | 33/100 [08:08<16:01, 14.35s/it]Best trial: 21. Best value: 0.562293:  33%|███▎      | 33/100 [08:08<16:01, 14.35s/it]Best trial: 21. Best value: 0.562293:  34%|███▍      | 34/100 [08:08<15:47, 14.35s/it]                                                                                      Best trial: 21. Best value: 0.562293:  34%|███▍      | 34/100 [08:22<15:47, 14.35s/it]Best trial: 21. Best value: 0.562293:  34%|███▍      | 34/100 [08:22<15:47, 14.35s/it]Best trial: 21. Best value: 0.562293:  35%|███▌      | 35/100 [08:22<15:32, 14.35s/it]                                                                                      Best trial: 21. Best value: 0.562293:  35%|███▌      | 35/100 [08:36<15:32, 14.35s/it]Best trial: 21. Best value: 0.562293:  35%|███▌      | 35/100 [08:36<15:32, 14.35s/it]Best trial: 21. Best value: 0.562293:  36%|███▌      | 36/100 [08:36<15:17, 14.34s/it]                                                                                      Best trial: 21. Best value: 0.562293:  36%|███▌      | 36/100 [08:51<15:17, 14.34s/it]Best trial: 21. Best value: 0.562293:  36%|███▌      | 36/100 [08:51<15:17, 14.34s/it]Best trial: 21. Best value: 0.562293:  37%|███▋      | 37/100 [08:51<15:03, 14.33s/it]                                                                                      Best trial: 21. Best value: 0.562293:  37%|███▋      | 37/100 [09:05<15:03, 14.33s/it]Best trial: 21. Best value: 0.562293:  37%|███▋      | 37/100 [09:05<15:03, 14.33s/it]Best trial: 21. Best value: 0.562293:  38%|███▊      | 38/100 [09:05<14:48, 14.34s/it]                                                                                      Best trial: 21. Best value: 0.562293:  38%|███▊      | 38/100 [09:19<14:48, 14.34s/it]Best trial: 21. Best value: 0.562293:  38%|███▊      | 38/100 [09:19<14:48, 14.34s/it]Best trial: 21. Best value: 0.562293:  39%|███▉      | 39/100 [09:19<14:34, 14.34s/it]                                                                                      Best trial: 21. Best value: 0.562293:  39%|███▉      | 39/100 [09:34<14:34, 14.34s/it]Best trial: 21. Best value: 0.562293:  39%|███▉      | 39/100 [09:34<14:34, 14.34s/it]Best trial: 21. Best value: 0.562293:  40%|████      | 40/100 [09:34<14:20, 14.34s/it]                                                                                      Best trial: 21. Best value: 0.562293:  40%|████      | 40/100 [09:48<14:20, 14.34s/it]Best trial: 21. Best value: 0.562293:  40%|████      | 40/100 [09:48<14:20, 14.34s/it]Best trial: 21. Best value: 0.562293:  41%|████      | 41/100 [09:48<14:06, 14.34s/it]                                                                                      Best trial: 21. Best value: 0.562293:  41%|████      | 41/100 [10:02<14:06, 14.34s/it]Best trial: 21. Best value: 0.562293:  41%|████      | 41/100 [10:02<14:06, 14.34s/it]Best trial: 21. Best value: 0.562293:  42%|████▏     | 42/100 [10:02<13:52, 14.35s/it]                                                                                      Best trial: 21. Best value: 0.562293:  42%|████▏     | 42/100 [10:17<13:52, 14.35s/it]Best trial: 21. Best value: 0.562293:  42%|████▏     | 42/100 [10:17<13:52, 14.35s/it]Best trial: 21. Best value: 0.562293:  43%|████▎     | 43/100 [10:17<13:40, 14.39s/it]                                                                                      Best trial: 21. Best value: 0.562293:  43%|████▎     | 43/100 [10:31<13:40, 14.39s/it]Best trial: 21. Best value: 0.562293:  43%|████▎     | 43/100 [10:31<13:40, 14.39s/it]Best trial: 21. Best value: 0.562293:  44%|████▍     | 44/100 [10:31<13:25, 14.39s/it]                                                                                      Best trial: 21. Best value: 0.562293:  44%|████▍     | 44/100 [10:45<13:25, 14.39s/it]Best trial: 21. Best value: 0.562293:  44%|████▍     | 44/100 [10:45<13:25, 14.39s/it]Best trial: 21. Best value: 0.562293:  45%|████▌     | 45/100 [10:45<13:10, 14.37s/it]                                                                                      Best trial: 21. Best value: 0.562293:  45%|████▌     | 45/100 [11:00<13:10, 14.37s/it]Best trial: 21. Best value: 0.562293:  45%|████▌     | 45/100 [11:00<13:10, 14.37s/it]Best trial: 21. Best value: 0.562293:  46%|████▌     | 46/100 [11:00<12:56, 14.38s/it]                                                                                      Best trial: 21. Best value: 0.562293:  46%|████▌     | 46/100 [11:15<12:56, 14.38s/it]Best trial: 21. Best value: 0.562293:  46%|████▌     | 46/100 [11:15<12:56, 14.38s/it]Best trial: 21. Best value: 0.562293:  47%|████▋     | 47/100 [11:15<12:46, 14.47s/it]                                                                                      Best trial: 21. Best value: 0.562293:  47%|████▋     | 47/100 [11:29<12:46, 14.47s/it]Best trial: 21. Best value: 0.562293:  47%|████▋     | 47/100 [11:29<12:46, 14.47s/it]Best trial: 21. Best value: 0.562293:  48%|████▊     | 48/100 [11:29<12:36, 14.55s/it]                                                                                      Best trial: 21. Best value: 0.562293:  48%|████▊     | 48/100 [11:44<12:36, 14.55s/it]Best trial: 21. Best value: 0.562293:  48%|████▊     | 48/100 [11:44<12:36, 14.55s/it]Best trial: 21. Best value: 0.562293:  49%|████▉     | 49/100 [11:44<12:25, 14.61s/it]                                                                                      Best trial: 21. Best value: 0.562293:  49%|████▉     | 49/100 [11:59<12:25, 14.61s/it]Best trial: 21. Best value: 0.562293:  49%|████▉     | 49/100 [11:59<12:25, 14.61s/it]Best trial: 21. Best value: 0.562293:  50%|█████     | 50/100 [11:59<12:13, 14.66s/it]                                                                                      Best trial: 21. Best value: 0.562293:  50%|█████     | 50/100 [12:14<12:13, 14.66s/it]Best trial: 21. Best value: 0.562293:  50%|█████     | 50/100 [12:14<12:13, 14.66s/it]Best trial: 21. Best value: 0.562293:  51%|█████     | 51/100 [12:14<12:00, 14.70s/it]                                                                                      Best trial: 21. Best value: 0.562293:  51%|█████     | 51/100 [12:28<12:00, 14.70s/it]Best trial: 21. Best value: 0.562293:  51%|█████     | 51/100 [12:28<12:00, 14.70s/it]Best trial: 21. Best value: 0.562293:  52%|█████▏    | 52/100 [12:28<11:47, 14.73s/it]                                                                                      Best trial: 21. Best value: 0.562293:  52%|█████▏    | 52/100 [12:43<11:47, 14.73s/it]Best trial: 21. Best value: 0.562293:  52%|█████▏    | 52/100 [12:43<11:47, 14.73s/it]Best trial: 21. Best value: 0.562293:  53%|█████▎    | 53/100 [12:43<11:31, 14.72s/it]                                                                                      Best trial: 21. Best value: 0.562293:  53%|█████▎    | 53/100 [12:58<11:31, 14.72s/it]Best trial: 21. Best value: 0.562293:  53%|█████▎    | 53/100 [12:58<11:31, 14.72s/it]Best trial: 21. Best value: 0.562293:  54%|█████▍    | 54/100 [12:58<11:17, 14.73s/it]                                                                                      Best trial: 21. Best value: 0.562293:  54%|█████▍    | 54/100 [13:13<11:17, 14.73s/it]Best trial: 21. Best value: 0.562293:  54%|█████▍    | 54/100 [13:13<11:17, 14.73s/it]Best trial: 21. Best value: 0.562293:  55%|█████▌    | 55/100 [13:13<11:03, 14.75s/it]                                                                                      Best trial: 21. Best value: 0.562293:  55%|█████▌    | 55/100 [13:27<11:03, 14.75s/it]Best trial: 21. Best value: 0.562293:  55%|█████▌    | 55/100 [13:27<11:03, 14.75s/it]Best trial: 21. Best value: 0.562293:  56%|█████▌    | 56/100 [13:27<10:48, 14.75s/it]                                                                                      Best trial: 21. Best value: 0.562293:  56%|█████▌    | 56/100 [13:42<10:48, 14.75s/it]Best trial: 21. Best value: 0.562293:  56%|█████▌    | 56/100 [13:42<10:48, 14.75s/it]Best trial: 21. Best value: 0.562293:  57%|█████▋    | 57/100 [13:42<10:33, 14.74s/it]                                                                                      Best trial: 21. Best value: 0.562293:  57%|█████▋    | 57/100 [13:57<10:33, 14.74s/it]Best trial: 21. Best value: 0.562293:  57%|█████▋    | 57/100 [13:57<10:33, 14.74s/it]Best trial: 21. Best value: 0.562293:  58%|█████▊    | 58/100 [13:57<10:18, 14.73s/it]                                                                                      Best trial: 21. Best value: 0.562293:  58%|█████▊    | 58/100 [14:12<10:18, 14.73s/it]Best trial: 21. Best value: 0.562293:  58%|█████▊    | 58/100 [14:12<10:18, 14.73s/it]Best trial: 21. Best value: 0.562293:  59%|█████▉    | 59/100 [14:12<10:03, 14.73s/it]                                                                                      Best trial: 21. Best value: 0.562293:  59%|█████▉    | 59/100 [14:26<10:03, 14.73s/it]Best trial: 21. Best value: 0.562293:  59%|█████▉    | 59/100 [14:26<10:03, 14.73s/it]Best trial: 21. Best value: 0.562293:  60%|██████    | 60/100 [14:26<09:51, 14.79s/it]                                                                                      Best trial: 21. Best value: 0.562293:  60%|██████    | 60/100 [14:41<09:51, 14.79s/it]Best trial: 21. Best value: 0.562293:  60%|██████    | 60/100 [14:41<09:51, 14.79s/it]Best trial: 21. Best value: 0.562293:  61%|██████    | 61/100 [14:41<09:36, 14.78s/it]                                                                                      Best trial: 21. Best value: 0.562293:  61%|██████    | 61/100 [14:56<09:36, 14.78s/it]Best trial: 21. Best value: 0.562293:  61%|██████    | 61/100 [14:56<09:36, 14.78s/it]Best trial: 21. Best value: 0.562293:  62%|██████▏   | 62/100 [14:56<09:21, 14.78s/it]                                                                                      Best trial: 21. Best value: 0.562293:  62%|██████▏   | 62/100 [15:11<09:21, 14.78s/it]Best trial: 21. Best value: 0.