This job can be monitored from: https://job.c3se.chalmers.se/alvis/4319686
/usr/share/lmod/lmod/init/bash: /usr/share/lmod/lmod/libexec/addto: /usr/bin/lua: bad interpreter: No such file or directory
no change     /opt/conda/condabin/conda
no change     /opt/conda/bin/conda
no change     /opt/conda/bin/conda-env
no change     /opt/conda/bin/activate
no change     /opt/conda/bin/deactivate
no change     /opt/conda/etc/profile.d/conda.sh
no change     /opt/conda/etc/fish/conf.d/conda.fish
no change     /opt/conda/shell/condabin/Conda.psm1
no change     /opt/conda/shell/condabin/conda-hook.ps1
no change     /opt/conda/lib/python3.12/site-packages/xontrib/conda.xsh
no change     /opt/conda/etc/profile.d/conda.csh
no change     /cephyr/users/lassila/Alvis/.bashrc
No action taken.
Overwriting config seed with seed=3453
Running MIA...

attacks:
  MLP-attack-0hop:
    attack: mlp-attack
    edge_dropout: 0.0
    mlp_attack_queries:
    - 0
    mlp_hidden_dim:
    - 128
    - 64
  MLP-attack-comb:
    attack: mlp-attack
    edge_dropout: 0.5
    mlp_attack_queries:
    - 0
    - 2
    mlp_hidden_dim:
    - 128
    - 64
  graph-lset-MI:
    attack: graph-lset
    num_sampled_graphs: 16
    prior: 0.5
    sampling_strategy: model-independent
  graph-lset-MI-offline:
    attack: graph-lset
    num_sampled_graphs: 16
    offline: true
    prior: 0.5
    sampling_strategy: model-independent
    threshold_scale_factor: 0.9
  lira:
    attack: lira
  lira-offline:
    attack: lira
    offline: true
  lset:
    attack: lset
  lset-offline:
    attack: lset
    offline: true
  rmia:
    Z_frac: 0.5
    attack: rmia
    rmia_gamma: 1
  rmia-offline:
    Z_frac: 0.5
    attack: rmia
    offline: true
    rmia_gamma: 1
batch_size: 32768
datadir: ./data
dataset: flickr
device: cuda
dropout: 0.0
early_stopping: 0
epochs: 800
epochs_mlp: 1000
frac_target_nodes: 0.1
hidden_dim:
- 128
hidden_dim_mlp:
- 128
hyperparam_search: false
inductive_inference: true
inductive_split: true
lr: 0.001
max_num_nodes: null
model: GCN
name: flickr-GCN
num_audits: 1
num_processes: 1
num_shadow_models: 128
offline: false
optimizer: Adam
pretrain_shadow_models: true
savedir: large_N_results
seed: 3453
target_fpr:
- 0.01
- 0.001
train_frac: 0.5
val_frac: 0.0
weight_decay: 0.0001

Dataset properties
#Nodes: 89250
#Edges: 899756
#Features: 500
#Classes: 7
#Class distribution: [0.0590, 0.0953, 0.0719, 0.0549, 0.2573, 0.0390, 0.4226]
Average degree: 10.0813
Fraction isolated nodes: 0.0

Training 128 shadow models:   0%|          | 0/128 [00:00<?, ?it/s]Training 128 shadow models:   1%|          | 1/128 [00:10<21:44, 10.27s/it]Training 128 shadow models:   2%|▏         | 2/128 [00:17<17:55,  8.54s/it]Training 128 shadow models:   2%|▏         | 3/128 [00:24<16:38,  7.98s/it]Training 128 shadow models:   3%|▎         | 4/128 [00:32<15:57,  7.72s/it]Training 128 shadow models:   4%|▍         | 5/128 [00:39<15:31,  7.58s/it]Training 128 shadow models:   5%|▍         | 6/128 [00:46<15:13,  7.49s/it]Training 128 shadow models:   5%|▌         | 7/128 [00:54<14:59,  7.44s/it]Training 128 shadow models:   6%|▋         | 8/128 [01:01<14:47,  7.40s/it]Training 128 shadow models:   7%|▋         | 9/128 [01:08<14:37,  7.37s/it]Training 128 shadow models:   8%|▊         | 10/128 [01:16<14:27,  7.35s/it]Training 128 shadow models:   9%|▊         | 11/128 [01:23<14:18,  7.34s/it]Training 128 shadow models:   9%|▉         | 12/128 [01:30<14:10,  7.33s/it]Training 128 shadow models:  10%|█         | 13/128 [01:38<14:02,  7.33s/it]Training 128 shadow models:  11%|█         | 14/128 [01:45<13:54,  7.32s/it]Training 128 shadow models:  12%|█▏        | 15/128 [01:52<13:47,  7.32s/it]Training 128 shadow models:  12%|█▎        | 16/128 [02:00<13:39,  7.32s/it]Training 128 shadow models:  13%|█▎        | 17/128 [02:07<13:31,  7.31s/it]Training 128 shadow models:  14%|█▍        | 18/128 [02:14<13:24,  7.31s/it]Training 128 shadow models:  15%|█▍        | 19/128 [02:21<13:16,  7.31s/it]Training 128 shadow models:  16%|█▌        | 20/128 [02:29<13:09,  7.31s/it]Training 128 shadow models:  16%|█▋        | 21/128 [02:36<13:02,  7.31s/it]Training 128 shadow models:  17%|█▋        | 22/128 [02:43<12:55,  7.31s/it]Training 128 shadow models:  18%|█▊        | 23/128 [02:51<12:47,  7.31s/it]Training 128 shadow models:  19%|█▉        | 24/128 [02:58<12:40,  7.31s/it]Training 128 shadow models:  20%|█▉        | 25/128 [03:05<12:33,  7.32s/it]Training 128 shadow models:  20%|██        | 26/128 [03:13<12:26,  7.32s/it]Training 128 shadow models:  21%|██        | 27/128 [03:20<12:18,  7.31s/it]Training 128 shadow models:  22%|██▏       | 28/128 [03:27<12:11,  7.31s/it]Training 128 shadow models:  23%|██▎       | 29/128 [03:35<12:04,  7.32s/it]Training 128 shadow models:  23%|██▎       | 30/128 [03:42<11:56,  7.32s/it]Training 128 shadow models:  24%|██▍       | 31/128 [03:49<11:49,  7.32s/it]Training 128 shadow models:  25%|██▌       | 32/128 [03:57<11:42,  7.32s/it]Training 128 shadow models:  26%|██▌       | 33/128 [04:04<11:34,  7.31s/it]Training 128 shadow models:  27%|██▋       | 34/128 [04:11<11:27,  7.31s/it]Training 128 shadow models:  27%|██▋       | 35/128 [04:18<11:20,  7.31s/it]Training 128 shadow models:  28%|██▊       | 36/128 [04:26<11:13,  7.32s/it]Training 128 shadow models:  29%|██▉       | 37/128 [04:33<11:06,  7.32s/it]Training 128 shadow models:  30%|██▉       | 38/128 [04:40<10:59,  7.32s/it]Training 128 shadow models:  30%|███       | 39/128 [04:48<10:52,  7.33s/it]Training 128 shadow models:  31%|███▏      | 40/128 [04:55<10:45,  7.33s/it]Training 128 shadow models:  32%|███▏      | 41/128 [05:02<10:38,  7.34s/it]Training 128 shadow models:  33%|███▎      | 42/128 [05:10<10:31,  7.34s/it]Training 128 shadow models:  34%|███▎      | 43/128 [05:17<10:23,  7.34s/it]Training 128 shadow models:  34%|███▍      | 44/128 [05:24<10:15,  7.33s/it]Training 128 shadow models:  35%|███▌      | 45/128 [05:32<10:08,  7.33s/it]Training 128 shadow models:  36%|███▌      | 46/128 [05:39<10:00,  7.32s/it]Training 128 shadow models:  37%|███▋      | 47/128 [05:46<09:52,  7.32s/it]Training 128 shadow models:  38%|███▊      | 48/128 [05:54<09:45,  7.32s/it]Training 128 shadow models:  38%|███▊      | 49/128 [06:01<09:38,  7.32s/it]Training 128 shadow models:  39%|███▉      | 50/128 [06:08<09:30,  7.31s/it]Training 128 shadow models:  40%|███▉      | 51/128 [06:16<09:22,  7.31s/it]Training 128 shadow models:  41%|████      | 52/128 [06:23<09:15,  7.31s/it]Training 128 shadow models:  41%|████▏     | 53/128 [06:30<09:09,  7.32s/it]Training 128 shadow models:  42%|████▏     | 54/128 [06:38<09:02,  7.33s/it]Training 128 shadow models:  43%|████▎     | 55/128 [06:45<08:55,  7.34s/it]Training 128 shadow models:  44%|████▍     | 56/128 [06:52<08:47,  7.33s/it]Training 128 shadow models:  45%|████▍     | 57/128 [07:00<08:40,  7.33s/it]Training 128 shadow models:  45%|████▌     | 58/128 [07:07<08:32,  7.32s/it]Training 128 shadow models:  46%|████▌     | 59/128 [07:14<08:25,  7.32s/it]Training 128 shadow models:  47%|████▋     | 60/128 [07:22<08:17,  7.32s/it]Training 128 shadow models:  48%|████▊     | 61/128 [07:29<08:10,  7.32s/it]Training 128 shadow models:  48%|████▊     | 62/128 [07:36<08:03,  7.32s/it]Training 128 shadow models:  49%|████▉     | 63/128 [07:44<07:55,  7.32s/it]Training 128 shadow models:  50%|█████     | 64/128 [07:51<07:48,  7.32s/it]Training 128 shadow models:  51%|█████     | 65/128 [07:58<07:40,  7.31s/it]Training 128 shadow models:  52%|█████▏    | 66/128 [08:06<07:33,  7.32s/it]Training 128 shadow models:  52%|█████▏    | 67/128 [08:13<07:26,  7.31s/it]Training 128 shadow models:  53%|█████▎    | 68/128 [08:20<07:18,  7.31s/it]Training 128 shadow models:  54%|█████▍    | 69/128 [08:27<07:11,  7.31s/it]Training 128 shadow models:  55%|█████▍    | 70/128 [08:35<07:04,  7.32s/it]Training 128 shadow models:  55%|█████▌    | 71/128 [08:42<06:56,  7.32s/it]Training 128 shadow models:  56%|█████▋    | 72/128 [08:49<06:49,  7.31s/it]Training 128 shadow models:  57%|█████▋    | 73/128 [08:57<06:42,  7.31s/it]Training 128 shadow models:  58%|█████▊    | 74/128 [09:04<06:34,  7.31s/it]Training 128 shadow models:  59%|█████▊    | 75/128 [09:11<06:27,  7.32s/it]Training 128 shadow models:  59%|█████▉    | 76/128 [09:19<06:20,  7.32s/it]Training 128 shadow models:  60%|██████    | 77/128 [09:26<06:13,  7.32s/it]Training 128 shadow models:  61%|██████    | 78/128 [09:33<06:05,  7.31s/it]Training 128 shadow models:  62%|██████▏   | 79/128 [09:41<05:58,  7.31s/it]Training 128 shadow models:  62%|██████▎   | 80/128 [09:48<05:51,  7.31s/it]Training 128 shadow models:  63%|██████▎   | 81/128 [09:55<05:43,  7.32s/it]Training 128 shadow models:  64%|██████▍   | 82/128 [10:03<05:36,  7.31s/it]Training 128 shadow models:  65%|██████▍   | 83/128 [10:10<05:29,  7.32s/it]Training 128 shadow models:  66%|██████▌   | 84/128 [10:17<05:21,  7.31s/it]Training 128 shadow models:  66%|██████▋   | 85/128 [10:24<05:14,  7.32s/it]Training 128 shadow models:  67%|██████▋   | 86/128 [10:32<05:07,  7.32s/it]Training 128 shadow models:  68%|██████▊   | 87/128 [10:39<05:00,  7.32s/it]Training 128 shadow models:  69%|██████▉   | 88/128 [10:46<04:52,  7.32s/it]Training 128 shadow models:  70%|██████▉   | 89/128 [10:54<04:45,  7.32s/it]Training 128 shadow models:  70%|███████   | 90/128 [11:01<04:38,  7.32s/it]Training 128 shadow models:  71%|███████   | 91/128 [11:08<04:30,  7.32s/it]Training 128 shadow models:  72%|███████▏  | 92/128 [11:16<04:23,  7.32s/it]Training 128 shadow models:  73%|███████▎  | 93/128 [11:23<04:16,  7.32s/it]Training 128 shadow models:  73%|███████▎  | 94/128 [11:30<04:08,  7.32s/it]Training 128 shadow models:  74%|███████▍  | 95/128 [11:38<04:01,  7.32s/it]Training 128 shadow models:  75%|███████▌  | 96/128 [11:45<03:54,  7.32s/it]Training 128 shadow models:  76%|███████▌  | 97/128 [11:52<03:47,  7.33s/it]Training 128 shadow models:  77%|███████▋  | 98/128 [12:00<03:39,  7.33s/it]Training 128 shadow models:  77%|███████▋  | 99/128 [12:07<03:32,  7.33s/it]Training 128 shadow models:  78%|███████▊  | 100/128 [12:14<03:25,  7.33s/it]Training 128 shadow models:  79%|███████▉  | 101/128 [12:22<03:17,  7.33s/it]Training 128 shadow models:  80%|███████▉  | 102/128 [12:29<03:10,  7.32s/it]Training 128 shadow models:  80%|████████  | 103/128 [12:36<03:03,  7.33s/it]Training 128 shadow models:  81%|████████▏ | 104/128 [12:44<02:55,  7.33s/it]Training 128 shadow models:  82%|████████▏ | 105/128 [12:51<02:48,  7.34s/it]Training 128 shadow models:  83%|████████▎ | 106/128 [12:58<02:41,  7.34s/it]Training 128 shadow models:  84%|████████▎ | 107/128 [13:06<02:34,  7.34s/it]Training 128 shadow models:  84%|████████▍ | 108/128 [13:13<02:26,  7.34s/it]Training 128 shadow models:  85%|████████▌ | 109/128 [13:20<02:19,  7.34s/it]Training 128 shadow models:  86%|████████▌ | 110/128 [13:28<02:12,  7.34s/it]Training 128 shadow models:  87%|████████▋ | 111/128 [13:35<02:04,  7.34s/it]Training 128 shadow models:  88%|████████▊ | 112/128 [13:42<01:57,  7.33s/it]Training 128 shadow models:  88%|████████▊ | 113/128 [13:50<01:49,  7.33s/it]Training 128 shadow models:  89%|████████▉ | 114/128 [13:57<01:42,  7.33s/it]Training 128 shadow models:  90%|████████▉ | 115/128 [14:04<01:35,  7.33s/it]Training 128 shadow models:  91%|█████████ | 116/128 [14:12<01:27,  7.33s/it]Training 128 shadow models:  91%|█████████▏| 117/128 [14:19<01:20,  7.33s/it]Training 128 shadow models:  92%|█████████▏| 118/128 [14:26<01:13,  7.33s/it]Training 128 shadow models:  93%|█████████▎| 119/128 [14:34<01:05,  7.32s/it]Training 128 shadow models:  94%|█████████▍| 120/128 [14:41<00:58,  7.32s/it]Training 128 shadow models:  95%|█████████▍| 121/128 [14:48<00:51,  7.31s/it]Training 128 shadow models:  95%|█████████▌| 122/128 [14:56<00:43,  7.31s/it]Training 128 shadow models:  96%|█████████▌| 123/128 [15:03<00:36,  7.31s/it]Training 128 shadow models:  97%|█████████▋| 124/128 [15:10<00:29,  7.31s/it]Training 128 shadow models:  98%|█████████▊| 125/128 [15:17<00:21,  7.31s/it]Training 128 shadow models:  98%|█████████▊| 126/128 [15:25<00:14,  7.31s/it]Training 128 shadow models:  99%|█████████▉| 127/128 [15:32<00:07,  7.31s/it]Training 128 shadow models: 100%|██████████| 128/128 [15:39<00:00,  7.31s/it]Training 128 shadow models: 100%|██████████| 128/128 [15:39<00:00,  7.34s/it]
[I 2025-05-13 16:42:38,330] A new study created in memory with name: no-name-0892b626-9644-45ef-b507-aae2ab761184
Tuning interpolation parameter for offline RMIA using optuna
  0%|          | 0/100 [00:00<?, ?it/s]                                         0%|          | 0/100 [00:17<?, ?it/s]Best trial: 0. Best value: 0.550426:   0%|          | 0/100 [00:17<?, ?it/s]Best trial: 0. Best value: 0.550426:   1%|          | 1/100 [00:17<29:05, 17.63s/it]                                                                                    Best trial: 0. Best value: 0.550426:   1%|          | 1/100 [00:35<29:05, 17.63s/it]Best trial: 0. Best value: 0.550426:   1%|          | 1/100 [00:35<29:05, 17.63s/it]Best trial: 0. Best value: 0.550426:   2%|▏         | 2/100 [00:35<28:48, 17.64s/it]                                                                                    Best trial: 0. Best value: 0.550426:   2%|▏         | 2/100 [00:52<28:48, 17.64s/it]Best trial: 0. Best value: 0.550426:   2%|▏         | 2/100 [00:52<28:48, 17.64s/it]Best trial: 0. Best value: 0.550426:   3%|▎         | 3/100 [00:52<28:27, 17.61s/it]                                                                                    Best trial: 0. Best value: 0.550426:   3%|▎         | 3/100 [01:10<28:27, 17.61s/it]Best trial: 0. Best value: 0.550426:   3%|▎         | 3/100 [01:10<28:27, 17.61s/it]Best trial: 0. Best value: 0.550426:   4%|▍         | 4/100 [01:10<28:09, 17.60s/it]                                                                                    Best trial: 0. Best value: 0.550426:   4%|▍         | 4/100 [01:28<28:09, 17.60s/it]Best trial: 0. Best value: 0.550426:   4%|▍         | 4/100 [01:28<28:09, 17.60s/it]Best trial: 0. Best value: 0.550426:   5%|▌         | 5/100 [01:28<27:52, 17.60s/it]                                                                                    Best trial: 0. Best value: 0.550426:   5%|▌         | 5/100 [01:45<27:52, 17.60s/it]Best trial: 0. Best value: 0.550426:   5%|▌         | 5/100 [01:45<27:52, 17.60s/it]Best trial: 0. Best value: 0.550426:   6%|▌         | 6/100 [01:45<27:38, 17.64s/it]                                                                                    Best trial: 0. Best value: 0.550426:   6%|▌         | 6/100 [02:03<27:38, 17.64s/it]Best trial: 0. Best value: 0.550426:   6%|▌         | 6/100 [02:03<27:38, 17.64s/it]Best trial: 0. Best value: 0.550426:   7%|▋         | 7/100 [02:03<27:19, 17.63s/it]                                                                                    Best trial: 0. Best value: 0.550426:   7%|▋         | 7/100 [02:20<27:19, 17.63s/it]Best trial: 0. Best value: 0.550426:   7%|▋         | 7/100 [02:20<27:19, 17.63s/it]Best trial: 0. Best value: 0.550426:   8%|▊         | 8/100 [02:20<27:00, 17.62s/it]                                                                                    Best trial: 0. Best value: 0.550426:   8%|▊         | 8/100 [02:38<27:00, 17.62s/it]Best trial: 8. Best value: 0.550516:   8%|▊         | 8/100 [02:38<27:00, 17.62s/it]Best trial: 8. Best value: 0.550516:   9%|▉         | 9/100 [02:38<26:43, 17.62s/it]                                                                                    Best trial: 8. Best value: 0.550516:   9%|▉         | 9/100 [02:56<26:43, 17.62s/it]Best trial: 9. Best value: 0.550544:   9%|▉         | 9/100 [02:56<26:43, 17.62s/it]Best trial: 9. Best value: 0.550544:  10%|█         | 10/100 [02:56<26:26, 17.62s/it]                                                                                     Best trial: 9. Best value: 0.550544:  10%|█         | 10/100 [03:13<26:26, 17.62s/it]Best trial: 10. Best value: 0.551364:  10%|█         | 10/100 [03:13<26:26, 17.62s/it]Best trial: 10. Best value: 0.551364:  11%|█         | 11/100 [03:13<26:08, 17.62s/it]                                                                                      Best trial: 10. Best value: 0.551364:  11%|█         | 11/100 [03:31<26:08, 17.62s/it]Best trial: 11. Best value: 0.552642:  11%|█         | 11/100 [03:31<26:08, 17.62s/it]Best trial: 11. Best value: 0.552642:  12%|█▏        | 12/100 [03:31<25:49, 17.61s/it]                                                                                      Best trial: 11. Best value: 0.552642:  12%|█▏        | 12/100 [03:48<25:49, 17.61s/it]Best trial: 12. Best value: 0.552788:  12%|█▏        | 12/100 [03:48<25:49, 17.61s/it]Best trial: 12. Best value: 0.552788:  13%|█▎        | 13/100 [03:48<25:31, 17.60s/it]                                                                                      Best trial: 12. Best value: 0.552788:  13%|█▎        | 13/100 [04:06<25:31, 17.60s/it]Best trial: 13. Best value: 0.552848:  13%|█▎        | 13/100 [04:06<25:31, 17.60s/it]Best trial: 13. Best value: 0.552848:  14%|█▍        | 14/100 [04:06<25:13, 17.60s/it]                                                                                      Best trial: 13. Best value: 0.552848:  14%|█▍        | 14/100 [04:24<25:13, 17.60s/it]Best trial: 13. Best value: 0.552848:  14%|█▍        | 14/100 [04:24<25:13, 17.60s/it]Best trial: 13. Best value: 0.552848:  15%|█▌        | 15/100 [04:24<24:55, 17.59s/it]                                                                                      Best trial: 13. Best value: 0.552848:  15%|█▌        | 15/100 [04:41<24:55, 17.59s/it]Best trial: 13. Best value: 0.552848:  15%|█▌        | 15/100 [04:41<24:55, 17.59s/it]Best trial: 13. Best value: 0.552848:  16%|█▌        | 16/100 [04:41<24:38, 17.60s/it]                                                                                      Best trial: 13. Best value: 0.552848:  16%|█▌        | 16/100 [04:59<24:38, 17.60s/it]Best trial: 13. Best value: 0.552848:  16%|█▌        | 16/100 [04:59<24:38, 17.60s/it]Best trial: 13. Best value: 0.552848:  17%|█▋        | 17/100 [04:59<24:21, 17.61s/it]                                                                                      Best trial: 13. Best value: 0.552848:  17%|█▋        | 17/100 [05:17<24:21, 17.61s/it]Best trial: 13. Best value: 0.552848:  17%|█▋        | 17/100 [05:17<24:21, 17.61s/it]Best trial: 13. Best value: 0.552848:  18%|█▊        | 18/100 [05:17<24:03, 17.60s/it]                                                                                      Best trial: 13. Best value: 0.552848:  18%|█▊        | 18/100 [05:34<24:03, 17.60s/it]Best trial: 13. Best value: 0.552848:  18%|█▊        | 18/100 [05:34<24:03, 17.60s/it]Best trial: 13. Best value: 0.552848:  19%|█▉        | 19/100 [05:34<23:46, 17.62s/it]                                                                                      Best trial: 13. Best value: 0.552848:  19%|█▉        | 19/100 [05:52<23:46, 17.62s/it]Best trial: 13. Best value: 0.552848:  19%|█▉        | 19/100 [05:52<23:46, 17.62s/it]Best trial: 13. Best value: 0.552848:  20%|██        | 20/100 [05:52<23:32, 17.65s/it]                                                                                      Best trial: 13. Best value: 0.552848:  20%|██        | 20/100 [06:09<23:32, 17.65s/it]Best trial: 13. Best value: 0.552848:  20%|██        | 20/100 [06:09<23:32, 17.65s/it]Best trial: 13. Best value: 0.552848:  21%|██        | 21/100 [06:09<23:13, 17.64s/it]                                                                                      Best trial: 13. Best value: 0.552848:  21%|██        | 21/100 [06:27<23:13, 17.64s/it]Best trial: 13. Best value: 0.552848:  21%|██        | 21/100 [06:27<23:13, 17.64s/it]Best trial: 13. Best value: 0.552848:  22%|██▏       | 22/100 [06:27<22:55, 17.63s/it]                                                                                      Best trial: 13. Best value: 0.552848:  22%|██▏       | 22/100 [06:45<22:55, 17.63s/it]Best trial: 13. Best value: 0.552848:  22%|██▏       | 22/100 [06:45<22:55, 17.63s/it]Best trial: 13. Best value: 0.552848:  23%|██▎       | 23/100 [06:45<22:37, 17.63s/it]                                                                                      Best trial: 13. Best value: 0.552848:  23%|██▎       | 23/100 [07:02<22:37, 17.63s/it]Best trial: 13. Best value: 0.552848:  23%|██▎       | 23/100 [07:02<22:37, 17.63s/it]Best trial: 13. Best value: 0.552848:  24%|██▍       | 24/100 [07:02<22:20, 17.64s/it]                                                                                      Best trial: 13. Best value: 0.552848:  24%|██▍       | 24/100 [07:20<22:20, 17.64s/it]Best trial: 13. Best value: 0.552848:  24%|██▍       | 24/100 [07:20<22:20, 17.64s/it]Best trial: 13. Best value: 0.552848:  25%|██▌       | 25/100 [07:20<22:02, 17.64s/it]                                                                                      Best trial: 13. Best value: 0.552848:  25%|██▌       | 25/100 [07:38<22:02, 17.64s/it]Best trial: 13. Best value: 0.552848:  25%|██▌       | 25/100 [07:38<22:02, 17.64s/it]Best trial: 13. Best value: 0.552848:  26%|██▌       | 26/100 [07:38<21:43, 17.61s/it]                                                                                      Best trial: 13. Best value: 0.552848:  26%|██▌       | 26/100 [07:55<21:43, 17.61s/it]Best trial: 13. Best value: 0.552848:  26%|██▌       | 26/100 [07:55<21:43, 17.61s/it]Best trial: 13. Best value: 0.552848:  27%|██▋       | 27/100 [07:55<21:25, 17.61s/it]                                    