[I 2025-05-13 17:12:30,805] Trial 99 finished with value: 0.5614622126183806 and parameters: {'interp_param': 0.9844824504711838}. Best is trial 92 with value: 0.5614646586477728.
Best hyperparameters: {'interp_param': 0.9827171138029739}
Best optimized value: 0.5614646586477728
Tuning threshold scale factor for offline LSET using optuna
  0%|          | 0/100 [00:00<?, ?it/s]                                         0%|          | 0/100 [00:14<?, ?it/s]Best trial: 0. Best value: 0.560302:   0%|          | 0/100 [00:14<?, ?it/s]Best trial: 0. Best value: 0.560302:   1%|          | 1/100 [00:14<23:51, 14.46s/it]                                                                                    Best trial: 0. Best value: 0.560302:   1%|          | 1/100 [00:28<23:51, 14.46s/it]Best trial: 1. Best value: 0.561143:   1%|          | 1/100 [00:28<23:51, 14.46s/it]Best trial: 1. Best value: 0.561143:   2%|▏         | 2/100 [00:28<23:37, 14.46s/it]                                                                                    Best trial: 1. Best value: 0.561143:   2%|▏         | 2/100 [00:43<23:37, 14.46s/it]Best trial: 1. Best value: 0.561143:   2%|▏         | 2/100 [00:43<23:37, 14.46s/it]Best trial: 1. Best value: 0.561143:   3%|▎         | 3/100 [00:43<23:21, 14.45s/it]                                                                                    Best trial: 1. Best value: 0.561143:   3%|▎         | 3/100 [00:57<23:21, 14.45s/it]Best trial: 1. Best value: 0.561143:   3%|▎         | 3/100 [00:57<23:21, 14.45s/it]Best trial: 1. Best value: 0.561143:   4%|▍         | 4/100 [00:57<23:04, 14.42s/it]                                                                                    Best trial: 1. Best value: 0.561143:   4%|▍         | 4/100 [01:12<23:04, 14.42s/it]Best trial: 4. Best value: 0.56135:   4%|▍         | 4/100 [01:12<23:04, 14.42s/it] Best trial: 4. Best value: 0.56135:   5%|▌         | 5/100 [01:12<22:49, 14.41s/it]                                                                                   Best trial: 4. Best value: 0.56135:   5%|▌         | 5/100 [01:26<22:49, 14.41s/it]Best trial: 4. Best value: 0.56135:   5%|▌         | 5/100 [01:26<22:49, 14.41s/it]Best trial: 4. Best value: 0.56135:   6%|▌         | 6/100 [01:26<22:36, 14.43s/it]                                                                                   Best trial: 4. Best value: 0.56135:   6%|▌         | 6/100 [01:41<22:36, 14.43s/it]Best trial: 6. Best value: 0.562326:   6%|▌         | 6/100 [01:41<22:36, 14.43s/it]Best trial: 6. Best value: 0.562326:   7%|▋         | 7/100 [01:41<22:21, 14.42s/it]                                                                                    Best trial: 6. Best value: 0.562326:   7%|▋         | 7/100 [01:55<22:21, 14.42s/it]Best trial: 6. Best value: 0.562326:   7%|▋         | 7/100 [01:55<22:21, 14.42s/it]Best trial: 6. Best value: 0.562326:   8%|▊         | 8/100 [01:55<22:06, 14.42s/it]                                                                                    Best trial: 6. Best value: 0.562326:   8%|▊         | 8/100 [02:09<22:06, 14.42s/it]Best trial: 6. Best value: 0.562326:   8%|▊         | 8/100 [02:09<22:06, 14.42s/it]Best trial: 6. Best value: 0.562326:   9%|▉         | 9/100 [02:09<21:52, 14.43s/it]                                                                                    Best trial: 6. Best value: 0.562326:   9%|▉         | 9/100 [02:24<21:52, 14.43s/it]Best trial: 6. Best value: 0.562326:   9%|▉         | 9/100 [02:24<21:52, 14.43s/it]Best trial: 6. Best value: 0.562326:  10%|█         | 10/100 [02:24<21:43, 14.48s/it]                                                                                     Best trial: 6. Best value: 0.562326:  10%|█         | 10/100 [02:38<21:43, 14.48s/it]Best trial: 6. Best value: 0.562326:  10%|█         | 10/100 [02:38<21:43, 14.48s/it]Best trial: 6. Best value: 0.562326:  11%|█         | 11/100 [02:38<21:26, 14.45s/it]                                                                                     Best trial: 6. Best value: 0.562326:  11%|█         | 11/100 [02:53<21:26, 14.45s/it]Best trial: 11. Best value: 0.562337:  11%|█         | 11/100 [02:53<21:26, 14.45s/it]Best trial: 11. Best value: 0.562337:  12%|█▏        | 12/100 [02:53<21:11, 14.45s/it]                                                                                      Best trial: 11. Best value: 0.562337:  12%|█▏        | 12/100 [03:07<21:11, 14.45s/it]Best trial: 11. Best value: 0.562337:  12%|█▏        | 12/100 [03:07<21:11, 14.45s/it]Best trial: 11. Best value: 0.562337:  13%|█▎        | 13/100 [03:07<20:57, 14.46s/it]                                                                                      Best trial: 11. Best value: 0.562337:  13%|█▎        | 13/100 [03:22<20:57, 14.46s/it]Best trial: 11. Best value: 0.562337:  13%|█▎        | 13/100 [03:22<20:57, 14.46s/it]Best trial: 11. Best value: 0.562337:  14%|█▍        | 14/100 [03:22<20:42, 14.45s/it]                                                                                      Best trial: 11. Best value: 0.562337:  14%|█▍        | 14/100 [03:36<20:42, 14.45s/it]Best trial: 11. Best value: 0.562337:  14%|█▍        | 14/100 [03:36<20:42, 14.45s/it]Best trial: 11. Best value: 0.562337:  15%|█▌        | 15/100 [03:36<20:27, 14.45s/it]                                                                                      Best trial: 11. Best value: 0.562337:  15%|█▌        | 15/100 [03:51<20:27, 14.45s/it]Best trial: 11. Best value: 0.562337:  15%|█▌        | 15/100 [03:51<20:27, 14.45s/it]Best trial: 11. Best value: 0.562337:  16%|█▌        | 16/100 [03:51<20:13, 14.44s/it]                                                                                      Best trial: 11. Best value: 0.562337:  16%|█▌        | 16/100 [04:05<20:13, 14.44s/it]Best trial: 11. Best value: 0.562337:  16%|█▌        | 16/100 [04:05<20:13, 14.44s/it]Best trial: 11. Best value: 0.562337:  17%|█▋        | 17/100 [04:05<19:58, 14.44s/it]                                                                                      Best trial: 11. Best value: 0.562337:  17%|█▋        | 17/100 [04:19<19:58, 14.44s/it]Best trial: 11. Best value: 0.562337:  17%|█▋        | 17/100 [04:19<19:58, 14.44s/it]Best trial: 11. Best value: 0.562337:  18%|█▊        | 18/100 [04:19<19:43, 14.43s/it]                                                                                      Best trial: 11. Best value: 0.562337:  18%|█▊        | 18/100 [04:34<19:43, 14.43s/it]Best trial: 11. Best value: 0.562337:  18%|█▊        | 18/100 [04:34<19:43, 14.43s/it]Best trial: 11. Best value: 0.562337:  19%|█▉        | 19/100 [04:34<19:28, 14.43s/it]                                                                                      Best trial: 11. Best value: 0.562337:  19%|█▉        | 19/100 [04:48<19:28, 14.43s/it]Best trial: 11. Best value: 0.562337:  19%|█▉        | 19/100 [04:48<19:28, 14.43s/it]Best trial: 11. Best value: 0.562337:  20%|██        | 20/100 [04:48<19:14, 14.43s/it]                                                                                      Best trial: 11. Best value: 0.562337:  20%|██        | 20/100 [05:03<19:14, 14.43s/it]Best trial: 11. Best value: 0.562337:  20%|██        | 20/100 [05:03<19:14, 14.43s/it]Best trial: 11. Best value: 0.562337:  21%|██        | 21/100 [05:03<19:00, 14.44s/it]                                                                                      Best trial: 11. Best value: 0.562337:  21%|██        | 21/100 [05:17<19:00, 14.44s/it]Best trial: 11. Best value: 0.562337:  21%|██        | 21/100 [05:17<19:00, 14.44s/it]Best trial: 11. Best value: 0.562337:  22%|██▏       | 22/100 [05:17<18:46, 14.44s/it]                                                                                      Best trial: 11. Best value: 0.562337:  22%|██▏       | 22/100 [05:32<18:46, 14.44s/it]Best trial: 11. Best value: 0.562337:  22%|██▏       | 22/100 [05:32<18:46, 14.44s/it]Best trial: 11. Best value: 0.562337:  23%|██▎       | 23/100 [05:32<18:32, 14.44s/it]                                                                                      Best trial: 11. Best value: 0.562337:  23%|██▎       | 23/100 [05:46<18:32, 14.44s/it]Best trial: 11. Best value: 0.562337:  23%|██▎       | 23/100 [05:46<18:32, 14.44s/it]Best trial: 11. Best value: 0.562337:  24%|██▍       | 24/100 [05:46<18:16, 14.43s/it]                                                                                      Best trial: 11. Best value: 0.562337:  24%|██▍       | 24/100 [06:00<18:16, 14.43s/it]Best trial: 11. Best value: 0.562337:  24%|██▍       | 24/100 [06:00<18:16, 14.43s/it]Best trial: 11. Best value: 0.562337:  25%|██▌       | 25/100 [06:00<18:02, 14.44s/it]                                                                                      Best trial: 11. Best value: 0.562337:  25%|██▌       | 25/100 [06:15<18:02, 14.44s/it]Best trial: 11. Best value: 0.562337:  25%|██▌       | 25/100 [06:15<18:02, 14.44s/it]Best trial: 11. Best value: 0.562337:  26%|██▌       | 26/100 [06:15<17:48, 14.44s/it]                                                                                      Best trial: 11. Best value: 0.562337:  26%|██▌       | 26/100 [06:30<17:48, 14.44s/it]Best trial: 11. Best value: 0.562337:  26%|██▌       | 26/100 [06:30<17:48, 14.44s/it]Best trial: 11. Best value: 0.562337:  27%|██▋       | 27/100 [06:30<17:37, 14.48s/it]                                                                                      Best trial: 11. Best value: 0.562337:  27%|██▋       | 27/100 [06:44<17:37, 14.48s/it]Best trial: 11. Best value: 0.562337:  27%|██▋       | 27/100 [06:44<17:37, 14.48s/it]Best trial: 11. Best value: 0.562337:  28%|██▊       | 28/100 [06:44<17:22, 14.48s/it]                                                                                      Best trial: 11. Best value: 0.562337:  28%|██▊       | 28/100 [06:58<17:22, 14.48s/it]Best trial: 11. Best value: 0.562337:  28%|██▊       | 28/100 [06:58<17:22, 14.48s/it]Best trial: 11. Best value: 0.562337:  29%|██▉       | 29/100 [06:58<17:06, 14.46s/it]                                                                                      Best trial: 11. Best value: 0.562337:  29%|██▉       | 29/100 [07:13<17:06, 14.46s/it]Best trial: 11. Best value: 0.562337:  29%|██▉       | 29/100 [07:13<17:06, 14.46s/it]Best trial: 11. Best value: 0.562337:  30%|███       | 30/100 [07:13<16:52, 14.46s/it]                                                                                      Best trial: 11. Best value: 0.562337:  30%|███       | 30/100 [07:27<16:52, 14.46s/it]Best trial: 11. Best value: 0.562337:  30%|███       | 30/100 [07:27<16:52, 14.46s/it]Best trial: 11. Best value: 0.562337:  31%|███       | 31/100 [07:27<16:38, 14.46s/it]                                                                                      Best trial: 11. Best value: 0.562337:  31%|███       | 31/100 [07:42<16:38, 14.46s/it]Best trial: 11. Best value: 0.562337:  31%|███       | 31/100 [07:42<16:38, 14.46s/it]Best trial: 11. Best value: 0.562337:  32%|███▏      | 32/100 [07:42<16:21, 14.44s/it]                                                                                      Best trial: 11. Best value: 0.562337:  32%|███▏      | 32/100 [07:56<16:21, 14.44s/it]Best trial: 11. Best value: 0.562337:  32%|███▏      | 32/100 [07:56<16:21, 14.44s/it]Best trial: 11. Best value: 0.562337:  33%|███▎      | 33/100 [07:56<16:07, 14.44s/it]                                                                                      Best trial: 11. Best value: 0.562337:  33%|███▎      | 33/100 [08:11<16:07, 14.44s/it]Best trial: 11. Best value: 0.562337:  33%|███▎      | 33/100 [08:11<16:07, 14.44s/it]Best trial: 11. Best value: 0.562337:  34%|███▍      | 34/100 [08:11<15:52, 14.44s/it]                                                                                      Best trial: 11. Best value: 0.562337:  34%|███▍      | 34/100 [08:25<15:52, 14.44s/it]Best trial: 11. Best value: 0.562337:  34%|███▍      | 34/100 [08:25<15:52, 14.44s/it]Best trial: 11. Best value: 0.562337:  35%|███▌      | 35/100 [08:25<15:38, 14.43s/it]                                                                                      Best trial: 11. Best value: 0.562337:  35%|███▌      | 35/100 [08:39<15:38, 14.43s/it]Best trial: 11. Best value: 0.562337:  35%|███▌      | 35/100 [08:39<15:38, 14.43s/it]Best trial: 11. Best value: 0.562337:  36%|███▌      | 36/100 [08:39<15:24, 14.44s/it]                                                                                      Best trial: 11. Best value: 0.562337:  36%|███▌      | 36/100 [08:54<15:24, 14.44s/it]Best trial: 11. Best value: 0.562337:  36%|███▌      | 36/100 [08:54<15:24, 14.44s/it]Best trial: 11. Best value: 0.562337:  37%|███▋      | 37/100 [08:54<15:10, 14.45s/it]                                                                                      Best trial: 11. Best value: 0.562337:  37%|███▋      | 37/100 [09:08<15:10, 14.45s/it]Best trial: 11. Best value: 0.562337:  37%|███▋      | 37/100 [09:08<15:10, 14.45s/it]Best trial: 11. Best value: 0.562337:  38%|███▊      | 38/100 [09:08<14:55, 14.44s/it]                                                                                      Best trial: 11. Best value: 0.562337:  38%|███▊      | 38/100 [09:23<14:55, 14.44s/it]Best trial: 11. Best value: 0.562337:  38%|███▊      | 38/100 [09:23<14:55, 14.44s/it]Best trial: 11. Best value: 0.562337:  39%|███▉      | 39/100 [09:23<14:40, 14.43s/it]                                                                                      Best trial: 11. Best value: 0.562337:  39%|███▉      | 39/100 [09:37<14:40, 14.43s/it]Best trial: 11. Best value: 0.562337:  39%|███▉      | 39/100 [09:37<14:40, 14.43s/it]Best trial: 11. Best value: 0.562337:  40%|████      | 40/100 [09:37<14:25, 14.43s/it]                                                                                      Best trial: 11. Best value: 0.562337:  40%|████      | 40/100 [09:52<14:25, 14.43s/it]Best trial: 11. Best value: 0.562337:  40%|████      | 40/100 [09:52<14:25, 14.43s/it]Best trial: 11. Best value: 0.562337:  41%|████      | 41/100 [09:52<14:11, 14.43s/it]                                                                                      Best trial: 11. Best value: 0.562337:  41%|████      | 41/100 [10:06<14:11, 14.43s/it]Best trial: 41. Best value: 0.562337:  41%|████      | 41/100 [10:06<14:11, 14.43s/it]Best trial: 41. Best value: 0.562337:  42%|████▏     | 42/100 [10:06<13:57, 14.43s/it]                                                                                      Best trial: 41. Best value: 0.562337:  42%|████▏     | 42/100 [10:21<13:57, 14.43s/it]Best trial: 41. Best value: 0.562337:  42%|████▏     | 42/100 [10:21<13:57, 14.43s/it]Best trial: 41. Best value: 0.562337:  43%|████▎     | 43/100 [10:21<13:45, 14.48s/it]                                                                                      Best trial: 41. Best value: 0.562337:  43%|████▎     | 43/100 [10:35<13:45, 14.48s/it]Best trial: 41. Best value: 0.562337:  43%|████▎     | 43/100 [10:35<13:45, 14.48s/it]Best trial: 41. Best value: 0.562337:  44%|████▍     | 44/100 [10:35<13:30, 14.47s/it]                                                                                      Best trial: 41. Best value: 0.562337:  44%|████▍     | 44/100 [10:50<13:30, 14.47s/it]Best trial: 41. Best value: 0.562337:  44%|████▍     | 44/100 [10:50<13:30, 14.47s/it]Best trial: 41. Best value: 0.562337:  45%|████▌     | 45/100 [10:50<13:15, 14.46s/it]                                                                                      Best trial: 41. Best value: 0.562337:  45%|████▌     | 45/100 [11:04<13:15, 14.46s/it]Best trial: 41. Best value: 0.562337:  45%|████▌     | 45/100 [11:04<13:15, 14.46s/it]Best trial: 41. Best value: 0.562337:  46%|████▌     | 46/100 [11:04<12:59, 14.43s/it]                                                                                      Best trial: 41. Best value: 0.562337:  46%|████▌     | 46/100 [11:18<12:59, 14.43s/it]Best trial: 41. Best value: 0.562337:  46%|████▌     | 46/100 [11:18<12:59, 14.43s/it]Best trial: 41. Best value: 0.562337:  47%|████▋     | 47/100 [11:18<12:44, 14.42s/it]                                                                                      Best trial: 41. Best value: 0.562337:  47%|████▋     | 47/100 [11:33<12:44, 14.42s/it]Best trial: 41. Best value: 0.562337:  47%|████▋     | 47/100 [11:33<12:44, 14.42s/it]Best trial: 41. Best value: 0.562337:  48%|████▊     | 48/100 [11:33<12:30, 14.43s/it]                                                                                      Best trial: 41. Best value: 0.562337:  48%|████▊     | 48/100 [11:47<12:30, 14.43s/it]Best trial: 41. Best value: 0.562337:  48%|████▊     | 48/100 [11:47<12:30, 14.43s/it]Best trial: 41. Best value: 0.562337:  49%|████▉     | 49/100 [11:47<12:16, 14.44s/it]                                                                                      Best trial: 41. Best value: 0.562337:  49%|████▉     | 49/100 [12:02<12:16, 14.44s/it]Best trial: 41. Best value: 0.562337:  49%|████▉     | 49/100 [12:02<12:16, 14.44s/it]Best trial: 41. Best value: 0.562337:  50%|█████     | 50/100 [12:02<12:02, 14.46s/it]                                                                                      Best trial: 41. Best value: 0.562337:  50%|█████     | 50/100 [12:16<12:02, 14.46s/it]Best trial: 41. Best value: 0.562337:  50%|█████     | 50/100 [12:16<12:02, 14.46s/it]Best trial: 41. Best value: 0.562337:  51%|█████     | 51/100 [12:16<11:48, 14.47s/it]                                                                                      Best trial: 41. Best value: 0.562337:  51%|█████     | 51/100 [12:31<11:48, 14.47s/it]Best trial: 41. Best value: 0.562337:  51%|█████     | 51/100 [12:31<11:48, 14.47s/it]Best trial: 41. Best value: 0.562337:  52%|█████▏    | 52/100 [12:31<11:34, 14.48s/it]                                                                                      Best trial: 41. Best value: 0.562337:  52%|█████▏    | 52/100 [12:45<11:34, 14.48s/it]Best trial: 41. Best value: 0.562337:  52%|█████▏    | 52/100 [12:45<11:34, 14.48s/it]Best trial: 41. Best value: 0.562337:  53%|█████▎    | 53/100 [12:45<11:19, 14.45s/it]                                                                                      Best trial: 41. Best value: 0.562337:  53%|█████▎    | 53/100 [13:00<11:19, 14.45s/it]Best trial: 41. Best value: 0.562337:  53%|█████▎    | 53/100 [13:00<11:19, 14.45s/it]Best trial: 41. Best value: 0.562337:  54%|█████▍    | 54/100 [13:00<11:04, 14.45s/it]                                                                                      Best trial: 41. Best value: 0.562337:  54%|█████▍    | 54/100 [13:14<11:04, 14.45s/it]Best trial: 41. Best value: 0.562337:  54%|█████▍    | 54/100 [13:14<11:04, 14.45s/it]Best trial: 41. Best value: 0.562337:  55%|█████▌    | 55/100 [13:14<10:50, 14.46s/it]                                                                                      Best trial: 41. Best value: 0.562337:  55%|█████▌    | 55/100 [13:28<10:50, 14.46s/it]Best trial: 41. Best value: 0.562337:  55%|█████▌    | 55/100 [13:28<10:50, 14.46s/it]Best trial: 41. Best value: 0.562337:  56%|█████▌    | 56/100 [13:28<10:35, 14.45s/it]                                                                                      Best trial: 41. Best value: 0.562337:  56%|█████▌    | 56/100 [13:43<10:35, 14.45s/it]Best trial: 41. Best value: 0.562337:  56%|█████▌    | 56/100 [13:43<10:35, 14.45s/it]Best trial: 41. Best value: 0.562337:  57%|█████▋    | 57/100 [13:43<10:21, 14.45s/it]                                                                                      Best trial: 41. Best value: 0.562337:  57%|█████▋    | 57/100 [13:57<10:21, 14.45s/it]Best trial: 41. Best value: 0.562337:  57%|█████▋    | 57/100 [13:57<10:21, 14.45s/it]Best trial: 41. Best value: 0.562337:  58%|█████▊    | 58/100 [13:57<10:06, 14.45s/it]                                                                                      Best trial: 41. Best value: 0.562337:  58%|█████▊    | 58/100 [14:12<10:06, 14.45s/it]Best trial: 41. Best value: 0.562337:  58%|█████▊    | 58/100 [14:12<10:06, 14.45s/it]Best trial: 41. Best value: 0.562337:  59%|█████▉    | 59/100 [14:12<09:52, 14.46s/it]                                                                                      Best trial: 41. Best value: 0.562337:  59%|█████▉    | 59/100 [14:26<09:52, 14.46s/it]Best trial: 41. Best value: 0.562337:  59%|█████▉    | 59/100 [14:26<09:52, 14.46s/it]Best trial: 41. Best value: 0.562337:  60%|██████    | 60/100 [14:26<09:39, 14.49s/it]                                                                                      Best trial: 41. Best value: 0.562337:  60%|██████    | 60/100 [14:41<09:39, 14.49s/it]Best trial: 41. Best value: 0.562337:  60%|██████    | 60/100 [14:41<09:39, 14.49s/it]Best trial: 41. Best value: 0.562337:  61%|██████    | 61/100 [14:41<09:24, 14.47s/it]                                                                                      Best trial: 41. Best value: 0.562337:  61%|██████    | 61/100 [14:55<09:24, 14.47s/it]Best trial: 41. Best value: 0.562337:  61%|██████    | 61/100 [14:55<09:24, 14.47s/it]Best trial: 41. Best value: 0.562337:  62%|██████▏   | 62/100 [14:55<09:09, 14.46s/it]                                                                                      Best trial: 41. Best value: 0.562337:  62%|██████▏   | 62/100 [15:10<09:09, 14.46s/