[I 2025-05-13 16:43:00,877] Trial 0 finished with value: 0.5581412707514378 and parameters: {'interp_param': 0.2006938666118704}. Best is trial 0 with value: 0.5581412707514378.
[I 2025-05-13 16:43:18,564] Trial 1 finished with value: 0.5590195439430674 and parameters: {'interp_param': 0.4527492406928184}. Best is trial 1 with value: 0.5590195439430674.
[I 2025-05-13 16:43:36,189] Trial 2 finished with value: 0.5584984364883208 and parameters: {'interp_param': 0.3077977796668525}. Best is trial 1 with value: 0.5590195439430674.
[I 2025-05-13 16:43:53,837] Trial 3 finished with value: 0.55773310698397 and parameters: {'interp_param': 0.07247511373895765}. Best is trial 1 with value: 0.5590195439430674.
[I 2025-05-13 16:44:11,568] Trial 4 finished with value: 0.5621699690385958 and parameters: {'interp_param': 0.985564787376824}. Best is trial 4 with value: 0.5621699690385958.
[I 2025-05-13 16:44:29,390] Trial 5 finished with value: 0.5597549074531774 and parameters: {'interp_param': 0.6300798410424483}. Best is trial 4 with value: 0.5621699690385958.
[I 2025-05-13 16:44:47,026] Trial 6 finished with value: 0.5579972779072413 and parameters: {'interp_param': 0.15589179833874622}. Best is trial 4 with value: 0.5621699690385958.
[I 2025-05-13 16:45:04,647] Trial 7 finished with value: 0.5580070996869335 and parameters: {'interp_param': 0.15899429197689607}. Best is trial 4 with value: 0.5621699690385958.
[I 2025-05-13 16:45:22,312] Trial 8 finished with value: 0.5615992693548008 and parameters: {'interp_param': 0.9131038279219814}. Best is trial 4 with value: 0.5621699690385958.
[I 2025-05-13 16:45:39,973] Trial 9 finished with value: 0.5586436890050137 and parameters: {'interp_param': 0.34929876557918493}. Best is trial 4 with value: 0.5621699690385958.
[I 2025-05-13 16:45:57,627] Trial 10 finished with value: 0.5619603446712018 and parameters: {'interp_param': 0.950011780446072}. Best is trial 4 with value: 0.5621699690385958.
[I 2025-05-13 16:46:15,239] Trial 11 finished with value: 0.5621578468563897 and parameters: {'interp_param': 0.9725330107596157}. Best is trial 4 with value: 0.5621699690385958.
[I 2025-05-13 16:46:32,874] Trial 12 finished with value: 0.5604155902360944 and parameters: {'interp_param': 0.7619663572426975}. Best is trial 4 with value: 0.5621699690385958.
[I 2025-05-13 16:46:50,543] Trial 13 finished with value: 0.5604555145979961 and parameters: {'interp_param': 0.7687608885219859}. Best is trial 4 with value: 0.5621699690385958.
[I 2025-05-13 16:47:08,161] Trial 14 finished with value: 0.5620740468736514 and parameters: {'interp_param': 0.9923660319976524}. Best is trial 4 with value: 0.5621699690385958.
[I 2025-05-13 16:47:25,844] Trial 15 finished with value: 0.5608592550745789 and parameters: {'interp_param': 0.8301830900646713}. Best is trial 4 with value: 0.5621699690385958.
[I 2025-05-13 16:47:43,485] Trial 16 finished with value: 0.5596517353294259 and parameters: {'interp_param': 0.6065884099638796}. Best is trial 4 with value: 0.5621699690385958.
[I 2025-05-13 16:48:01,165] Trial 17 finished with value: 0.5599503663426155 and parameters: {'interp_param': 0.6728850169943296}. Best is trial 4 with value: 0.5621699690385958.
[I 2025-05-13 16:48:18,871] Trial 18 finished with value: 0.5612956496167094 and parameters: {'interp_param': 0.8817656840764125}. Best is trial 4 with value: 0.5621699690385958.
[I 2025-05-13 16:48:36,894] Trial 19 finished with value: 0.5591589211684674 and parameters: {'interp_param': 0.488249381505507}. Best is trial 4 with value: 0.5621699690385958.
[I 2025-05-13 16:48:55,041] Trial 20 finished with value: 0.5619050536606799 and parameters: {'interp_param': 0.9960945609371239}. Best is trial 4 with value: 0.5621699690385958.
[I 2025-05-13 16:49:13,185] Trial 21 finished with value: 0.5615439745780665 and parameters: {'interp_param': 0.9995425616940519}. Best is trial 4 with value: 0.5621699690385958.
[I 2025-05-13 16:49:31,306] Trial 22 finished with value: 0.5608476702053371 and parameters: {'interp_param': 0.8286249709434251}. Best is trial 4 with value: 0.5621699690385958.
[I 2025-05-13 16:49:49,476] Trial 23 finished with value: 0.5602331820257515 and parameters: {'interp_param': 0.7294187807662166}. Best is trial 4 with value: 0.5621699690385958.
[I 2025-05-13 16:50:07,533] Trial 24 finished with value: 0.5613042280441588 and parameters: {'interp_param': 0.8826759884137182}. Best is trial 4 with value: 0.5621699690385958.
[I 2025-05-13 16:50:25,669] Trial 25 finished with value: 0.5617585341901465 and parameters: {'interp_param': 0.9294511854740678}. Best is trial 4 with value: 0.5621699690385958.
[I 2025-05-13 16:50:43,833] Trial 26 finished with value: 0.5608470462694882 and parameters: {'interp_param': 0.8285283976305181}. Best is trial 4 with value: 0.5621699690385958.
[I 2025-05-13 16:51:01,978] Trial 27 finished with value: 0.5595608942871266 and parameters: {'interp_param': 0.5856032771534048}. Best is trial 4 with value: 0.5621699690385958.
[I 2025-05-13 16:51:20,128] Trial 28 finished with value: 0.5601194908708582 and parameters: {'interp_param': 0.7076622778751842}. Best is trial 4 with value: 0.5621699690385958.
[I 2025-05-13 16:51:38,293] Trial 29 finished with value: 0.5621420106866275 and parameters: {'interp_param': 0.970063752720028}. Best is trial 4 with value: 0.5621699690385958.
[I 2025-05-13 16:51:56,425] Trial 30 finished with value: 0.5608031149087086 and parameters: {'interp_param': 0.8223957261942598}. Best is trial 4 with value: 0.5621699690385958.
[I 2025-05-13 16:52:14,586] Trial 31 finished with value: 0.56163893108616 and parameters: {'interp_param': 0.9989778353071038}. Best is trial 4 with value: 0.5621699690385958.
[I 2025-05-13 16:52:32,743] Trial 32 finished with value: 0.5616804392659025 and parameters: {'interp_param': 0.9215014593130082}. Best is trial 4 with value: 0.5621699690385958.
[I 2025-05-13 16:52:50,922] Trial 33 finished with value: 0.5612024122590213 and parameters: {'interp_param': 0.8715928745954947}. Best is trial 4 with value: 0.5621699690385958.
[I 2025-05-13 16:53:09,283] Trial 34 finished with value: 0.5587660075481173 and parameters: {'interp_param': 0.3836735939829823}. Best is trial 4 with value: 0.5621699690385958.
[I 2025-05-13 16:53:27,388] Trial 35 finished with value: 0.562040167784761 and parameters: {'interp_param': 0.9578453262909427}. Best is trial 4 with value: 0.5621699690385958.
[I 2025-05-13 16:53:45,561] Trial 36 finished with value: 0.559418702696765 and parameters: {'interp_param': 0.5522072080999834}. Best is trial 4 with value: 0.5621699690385958.
[I 2025-05-13 16:54:03,728] Trial 37 finished with value: 0.5606290234995959 and parameters: {'interp_param': 0.7971878689056148}. Best is trial 4 with value: 0.5621699690385958.
[I 2025-05-13 16:54:21,851] Trial 38 finished with value: 0.5576654396974476 and parameters: {'interp_param': 0.051271277314470676}. Best is trial 4 with value: 0.5621699690385958.
[I 2025-05-13 16:54:40,026] Trial 39 finished with value: 0.5612079945389921 and parameters: {'interp_param': 0.8722063164162009}. Best is trial 4 with value: 0.5621699690385958.
[I 2025-05-13 16:54:58,182] Trial 40 finished with value: 0.5582788868959347 and parameters: {'interp_param': 0.24287422926968838}. Best is trial 4 with value: 0.5621699690385958.
[I 2025-05-13 16:55:16,318] Trial 41 finished with value: 0.562005057646588 and parameters: {'interp_param': 0.9543582413111632}. Best is trial 4 with value: 0.5621699690385958.
[I 2025-05-13 16:55:34,485] Trial 42 finished with value: 0.5621021440733156 and parameters: {'interp_param': 0.9650088804899232}. Best is trial 4 with value: 0.5621699690385958.
[I 2025-05-13 16:55:52,593] Trial 43 finished with value: 0.5615689320120205 and parameters: {'interp_param': 0.9100983097745301}. Best is trial 4 with value: 0.5621699690385958.
[I 2025-05-13 16:56:10,778] Trial 44 finished with value: 0.5620636513742753 and parameters: {'interp_param': 0.9602321264992664}. Best is trial 4 with value: 0.5621699690385958.
[I 2025-05-13 16:56:28,928] Trial 45 finished with value: 0.5614092985900243 and parameters: {'interp_param': 0.8937886246262037}. Best is trial 4 with value: 0.5621699690385958.
[I 2025-05-13 16:56:47,111] Trial 46 finished with value: 0.5621025081405111 and parameters: {'interp_param': 0.965049776259342}. Best is trial 4 with value: 0.5621699690385958.
[I 2025-05-13 16:57:05,276] Trial 47 finished with value: 0.560372662947532 and parameters: {'interp_param': 0.7545704501575501}. Best is trial 4 with value: 0.5621699690385958.
[I 2025-05-13 16:57:23,390] Trial 48 finished with value: 0.5598955405848614 and parameters: {'interp_param': 0.6613351179849011}. Best is trial 4 with value: 0.5621699690385958.
[I 2025-05-13 16:57:41,730] Trial 49 finished with value: 0.5619583533491828 and parameters: {'interp_param': 0.9497873774976094}. Best is trial 4 with value: 0.5621699690385958.
[I 2025-05-13 16:57:59,891] Trial 50 finished with value: 0.5610460225501965 and parameters: {'interp_param': 0.8537689120604585}. Best is trial 4 with value: 0.5621699690385958.
[I 2025-05-13 16:58:18,037] Trial 51 finished with value: 0.56218134450643 and parameters: {'interp_param': 0.9779313910888875}. Best is trial 51 with value: 0.56218134450643.
[I 2025-05-13 16:58:36,217] Trial 52 finished with value: 0.5617355715933432 and parameters: {'interp_param': 0.9270541591411429}. Best is trial 51 with value: 0.56218134450643.
[I 2025-05-13 16:58:54,342] Trial 53 finished with value: 0.5621321992012491 and parameters: {'interp_param': 0.9687243856494496}. Best is trial 51 with value: 0.56218134450643.
[I 2025-05-13 16:59:12,464] Trial 54 finished with value: 0.5615187381933164 and parameters: {'interp_param': 0.904868158606174}. Best is trial 51 with value: 0.56218134450643.
[I 2025-05-13 16:59:30,623] Trial 55 finished with value: 0.5621619793956798 and parameters: {'interp_param': 0.973331618493801}. Best is trial 51 with value: 0.56218134450643.
[I 2025-05-13 16:59:48,750] Trial 56 finished with value: 0.5605216410014986 and parameters: {'interp_param': 0.7799145883137025}. Best is trial 51 with value: 0.56218134450643.
[I 2025-05-13 17:00:06,847] Trial 57 finished with value: 0.5609884135615031 and parameters: {'interp_param': 0.8469103746484861}. Best is trial 51 with value: 0.56218134450643.
[I 2025-05-13 17:00:24,997] Trial 58 finished with value: 0.5619193735533429 and parameters: {'interp_param': 0.9958815634839175}. Best is trial 51 with value: 0.56218134450643.
[I 2025-05-13 17:00:43,131] Trial 59 finished with value: 0.5616757116650581 and parameters: {'interp_param': 0.9210215773285253}. Best is trial 51 with value: 0.56218134450643.
[I 2025-05-13 17:01:01,265] Trial 60 finished with value: 0.5606632709240559 and parameters: {'interp_param': 0.8022974901154085}. Best is trial 51 with value: 0.56218134450643.
[I 2025-05-13 17:01:19,136] Trial 61 finished with value: 0.5621343976649483 and parameters: {'interp_param': 0.9689901526269655}. Best is trial 51 with value: 0.56218134450643.
[I 2025-05-13 17:01:36,840] Trial 62 finished with value: 0.562155973793439 and parameters: {'interp_param': 0.972247583939381}. Best is trial 51 with value: 0.56218134450643.
[I 2025-05-13 17:01:54,609] Trial 63 finished with value: 0.5617715537352196 and parameters: {'interp_param': 0.9306912599186405}. Best is trial 51 with value: 0.56218134450643.
[I 2025-05-13 17:02:12,469] Trial 64 finished with value: 0.5578888034586383 and parameters: {'interp_param': 0.1216171386881757}. Best is trial 51 with value: 0.56218134450643.
[I 2025-05-13 17:02:30,171] Trial 65 finished with value: 0.5616310732606768 and parameters: {'interp_param': 0.9990377996075505}. Best is trial 51 with value: 0.56218134450643.
[I 2025-05-13 17:02:47,873] Trial 66 finished with value: 0.5613714391168232 and parameters: {'interp_param': 0.8897563273872531}. Best is trial 51 with value: 0.56218134450643.
[I 2025-05-13 17:03:05,565] Trial 67 finished with value: 0.5589598891478159 and parameters: {'interp_param': 0.4365753395475701}. Best is trial 51 with value: 0.56218134450643.
[I 2025-05-13 17:03:23,255] Trial 68 finished with value: 0.5618233735533429 and parameters: {'interp_param': 0.9362537882269291}. Best is trial 51 with value: 0.56218134450643.
[I 2025-05-13 17:03:40,932] Trial 69 finished with value: 0.5611511822297546 and parameters: {'interp_param': 0.8658700549654544}. Best is trial 51 with value: 0.56218134450643.
[I 2025-05-13 17:03:58,597] Trial 70 finished with value: 0.5621741083570683 and parameters: {'interp_param': 0.9756553843652964}. Best is trial 51 with value: 0.56218134450643.
[I 2025-05-13 17:04:16,281] Trial 71 finished with value: 0.562174191715902 and parameters: {'interp_param': 0.9757207322833015}. Best is trial 51 with value: 0.56218134450643.
[I 2025-05-13 17:04:33,962] Trial 72 finished with value: 0.5621804797840705 and parameters: {'interp_param': 0.9777530523925125}. Best is trial 51 with value: 0.56218134450643.
[I 2025-05-13 17:04:51,661] Trial 73 finished with value: 0.5614853534825696 and parameters: {'interp_param': 0.90148637105424}. Best is trial 51 with value: 0.56218134450643.
[I 2025-05-13 17:05:09,287] Trial 74 finished with value: 0.5621831791540146 and parameters: {'interp_param': 0.980822707392647}. Best is trial 74 with value: 0.5621831791540146.
[I 2025-05-13 17:05:27,023] Trial 75 finished with value: 0.5618084573437219 and parameters: {'interp_param': 0.9346992190878405}. Best is trial 74 with value: 0.5621831791540146.
[I 2025-05-13 17:05:44,725] Trial 76 finished with value: 0.5609892049682619 and parameters: {'interp_param': 0.8469884251639489}. Best is trial 74 with value: 0.5621831791540146.
[I 2025-05-13 17:06:02,443] Trial 77 finished with value: 0.562177044245149 and parameters: {'interp_param': 0.9834349345304081}. Best is trial 74 with value: 0.5621831791540146.
[I 2025-05-13 17:06:20,294] Trial 78 finished with value: 0.5615407100251866 and parameters: {'interp_param': 0.9995548535037294}. Best is trial 74 with value: 0.5621831791540146.
[I 2025-05-13 17:06:38,044] Trial 79 finished with value: 0.5614404828284255 and parameters: {'interp_param': 0.8969508404107641}. Best is trial 74 with value: 0.5621831791540146.
[I 2025-05-13 17:06:56,017] Trial 80 finished with value: 0.5617614660609341 and parameters: {'interp_param': 0.9297300846919847}. Best is trial 74 with value: 0.5621831791540146.
[I 2025-05-13 17:07:13,725] Trial 81 finished with value: 0.5621830217263375 and parameters: {'interp_param': 0.9813069043375923}. Best is trial 74 with value: 0.5621831791540146.
[I 2025-05-13 17:07:31,439] Trial 82 finished with value: 0.5621825725427425 and parameters: {'interp_param': 0.9792861315742138}. Best is trial 74 with value: 0.5621831791540146.
[I 2025-05-13 17:07:49,115] Trial 83 finished with value: 0.5618946044300073 and parameters: {'interp_param': 0.9433032680644293}. Best is trial 74 with value: 0.5621831791540146.
[I 2025-05-13 17:08:06,779] Trial 84 finished with value: 0.5621831221586673 and parameters: {'interp_param': 0.9804315446375295}. Best is trial 74 with value: 0.5621831791540146.
[I 2025-05-13 17:08:24,452] Trial 85 finished with value: 0.5621812124379164 and parameters: {'interp_param': 0.9819373946939556}. Best is trial 74 with value: 0.5621831791540146.
[I 2025-05-13 17:08:42,113] Trial 86 finished with value: 0.5619510333388258 and parameters: {'interp_param': 0.9489922648005044}. Best is trial 74 with value: 0.5621831791540146.
[I 2025-05-13 17:08:59,796] Trial 87 finished with value: 0.5612734548250673 and parameters: {'interp_param': 0.8793253497722713}. Best is trial 74 with value: 0.5621831791540146.
[I 2025-05-13 17:09:17,471] Trial 88 finished with value: 0.5575457693038 and parameters: {'interp_param': 0.012641087523679428}. Best is trial 74 with value: 0.5621831791540146.
[I 2025-05-13 17:09:35,133] Trial 89 finished with value: 0.5615534471043319 and parameters: {'interp_param': 0.9084994471393117}. Best is trial 74 with value: 0.5621831791540146.
[I 2025-05-13 17:09:52,806] Trial 90 finished with value: 0.5582803770606282 and parameters: {'interp_param': 0.2433094714472278}. Best is trial 74 with value: 0.5621831791540146.
[I 2025-05-13 17:10:10,387] Trial 91 finished with value: 0.5621796695462499 and parameters: {'interp_param': 0.9825739972242604}. Best is trial 74 with value: 0.5621831791540146.
[I 2025-05-13 17:10:28,052] Trial 92 finished with value: 0.5621625478426664 and parameters: {'interp_param': 0.9866737494498725}. Best is trial 74 with value: 0.5621831791540146.
[I 2025-05-13 17:10:45,898] Trial 93 finished with value: 0.5619719757393153 and parameters: {'interp_param': 0.9512180433087376}. Best is trial 74 with value: 0.5621831791540146.
[I 2025-05-13 17:11:03,546] Trial 94 finished with value: 0.5621670911501855 and parameters: {'interp_param': 0.9861125362004104}. Best is trial 74 with value: 0.5621831791540146.
[I 2025-05-13 17:11:21,225] Trial 95 finished with value: 0.561630115889493 and parameters: {'interp_param': 0.9163736575094499}. Best is trial 74 with value: 0.5621831791540146.
[I 2025-05-13 17:11:38,892] Trial 96 finished with value: 0.5619716676631437 and parameters: {'interp_param': 0.9511861457805847}. Best is trial 74 with value: 0.5621831791540146.
[I 2025-05-13 17:11:56,546] Trial 97 finished with value: 0.5621829248091393 and parameters: {'interp_param': 0.9794413821226515}. Best is trial 74 with value: 0.5621831791540146.
[I 2025-05-13 17:12:14,236] Trial 98 finished with value: 0.561638922549412 and parameters: {'interp_param': 0.998978057348196}. Best is trial 74 with value: 0.5621831791540146.
