[I 2025-05-13 17:12:26,932] Trial 99 finished with value: 0.5547866489026982 and parameters: {'interp_param': 0.8537912164987087}. Best is trial 22 with value: 0.5562752445919544.
Best hyperparameters: {'interp_param': 0.9920229564979055}
Best optimized value: 0.5562752445919544
Tuning threshold scale factor for offline LSET using optuna
  0%|          | 0/100 [00:00<?, ?it/s]                                         0%|          | 0/100 [00:14<?, ?it/s]Best trial: 0. Best value: 0.556784:   0%|          | 0/100 [00:14<?, ?it/s]Best trial: 0. Best value: 0.556784:   1%|          | 1/100 [00:14<23:53, 14.48s/it]                                                                                    Best trial: 0. Best value: 0.556784:   1%|          | 1/100 [00:28<23:53, 14.48s/it]Best trial: 0. Best value: 0.556784:   1%|          | 1/100 [00:28<23:53, 14.48s/it]Best trial: 0. Best value: 0.556784:   2%|▏         | 2/100 [00:28<23:40, 14.50s/it]                                                                                    Best trial: 0. Best value: 0.556784:   2%|▏         | 2/100 [00:43<23:40, 14.50s/it]Best trial: 0. Best value: 0.556784:   2%|▏         | 2/100 [00:43<23:40, 14.50s/it]Best trial: 0. Best value: 0.556784:   3%|▎         | 3/100 [00:43<23:26, 14.50s/it]                                                                                    Best trial: 0. Best value: 0.556784:   3%|▎         | 3/100 [00:58<23:26, 14.50s/it]Best trial: 0. Best value: 0.556784:   3%|▎         | 3/100 [00:58<23:26, 14.50s/it]Best trial: 0. Best value: 0.556784:   4%|▍         | 4/100 [00:58<23:12, 14.51s/it]                                                                                    Best trial: 0. Best value: 0.556784:   4%|▍         | 4/100 [01:12<23:12, 14.51s/it]Best trial: 0. Best value: 0.556784:   4%|▍         | 4/100 [01:12<23:12, 14.51s/it]Best trial: 0. Best value: 0.556784:   5%|▌         | 5/100 [01:12<22:58, 14.51s/it]                                                                                    Best trial: 0. Best value: 0.556784:   5%|▌         | 5/100 [01:26<22:58, 14.51s/it]Best trial: 0. Best value: 0.556784:   5%|▌         | 5/100 [01:26<22:58, 14.51s/it]Best trial: 0. Best value: 0.556784:   6%|▌         | 6/100 [01:26<22:42, 14.49s/it]                                                                                    Best trial: 0. Best value: 0.556784:   6%|▌         | 6/100 [01:41<22:42, 14.49s/it]Best trial: 0. Best value: 0.556784:   6%|▌         | 6/100 [01:41<22:42, 14.49s/it]Best trial: 0. Best value: 0.556784:   7%|▋         | 7/100 [01:41<22:26, 14.48s/it]                                                                                    Best trial: 0. Best value: 0.556784:   7%|▋         | 7/100 [01:55<22:26, 14.48s/it]Best trial: 0. Best value: 0.556784:   7%|▋         | 7/100 [01:55<22:26, 14.48s/it]Best trial: 0. Best value: 0.556784:   8%|▊         | 8/100 [01:55<22:12, 14.48s/it]                                                                                    Best trial: 0. Best value: 0.556784:   8%|▊         | 8/100 [02:10<22:12, 14.48s/it]Best trial: 0. Best value: 0.556784:   8%|▊         | 8/100 [02:10<22:12, 14.48s/it]Best trial: 0. Best value: 0.556784:   9%|▉         | 9/100 [02:10<21:58, 14.49s/it]                                                                                    Best trial: 0. Best value: 0.556784:   9%|▉         | 9/100 [02:25<21:58, 14.49s/it]Best trial: 0. Best value: 0.556784:   9%|▉         | 9/100 [02:25<21:58, 14.49s/it]Best trial: 0. Best value: 0.556784:  10%|█         | 10/100 [02:25<21:48, 14.53s/it]                                                                                     Best trial: 0. Best value: 0.556784:  10%|█         | 10/100 [02:39<21:48, 14.53s/it]Best trial: 0. Best value: 0.556784:  10%|█         | 10/100 [02:39<21:48, 14.53s/it]Best trial: 0. Best value: 0.556784:  11%|█         | 11/100 [02:39<21:30, 14.50s/it]                                                                                     Best trial: 0. Best value: 0.556784:  11%|█         | 11/100 [02:54<21:30, 14.50s/it]Best trial: 0. Best value: 0.556784:  11%|█         | 11/100 [02:54<21:30, 14.50s/it]Best trial: 0. Best value: 0.556784:  12%|█▏        | 12/100 [02:54<21:17, 14.52s/it]                                                                                     Best trial: 0. Best value: 0.556784:  12%|█▏        | 12/100 [03:08<21:17, 14.52s/it]Best trial: 0. Best value: 0.556784:  12%|█▏        | 12/100 [03:08<21:17, 14.52s/it]Best trial: 0. Best value: 0.556784:  13%|█▎        | 13/100 [03:08<21:03, 14.52s/it]                                                                                     Best trial: 0. Best value: 0.556784:  13%|█▎        | 13/100 [03:23<21:03, 14.52s/it]Best trial: 0. Best value: 0.556784:  13%|█▎        | 13/100 [03:23<21:03, 14.52s/it]Best trial: 0. Best value: 0.556784:  14%|█▍        | 14/100 [03:23<20:48, 14.51s/it]                                                                                     Best trial: 0. Best value: 0.556784:  14%|█▍        | 14/100 [03:37<20:48, 14.51s/it]Best trial: 14. Best value: 0.556795:  14%|█▍        | 14/100 [03:37<20:48, 14.51s/it]Best trial: 14. Best value: 0.556795:  15%|█▌        | 15/100 [03:37<20:33, 14.51s/it]                                                                                      Best trial: 14. Best value: 0.556795:  15%|█▌        | 15/100 [03:52<20:33, 14.51s/it]Best trial: 14. Best value: 0.556795:  15%|█▌        | 15/100 [03:52<20:33, 14.51s/it]Best trial: 14. Best value: 0.556795:  16%|█▌        | 16/100 [03:52<20:17, 14.49s/it]                                                                                      Best trial: 14. Best value: 0.556795:  16%|█▌        | 16/100 [04:06<20:17, 14.49s/it]Best trial: 14. Best value: 0.556795:  16%|█▌        | 16/100 [04:06<20:17, 14.49s/it]Best trial: 14. Best value: 0.556795:  17%|█▋        | 17/100 [04:06<20:04, 14.51s/it]                                                                                      Best trial: 14. Best value: 0.556795:  17%|█▋        | 17/100 [04:21<20:04, 14.51s/it]Best trial: 14. Best value: 0.556795:  17%|█▋        | 17/100 [04:21<20:04, 14.51s/it]Best trial: 14. Best value: 0.556795:  18%|█▊        | 18/100 [04:21<19:48, 14.50s/it]                                                                                      Best trial: 14. Best value: 0.556795:  18%|█▊        | 18/100 [04:35<19:48, 14.50s/it]Best trial: 14. Best value: 0.556795:  18%|█▊        | 18/100 [04:35<19:48, 14.50s/it]Best trial: 14. Best value: 0.556795:  19%|█▉        | 19/100 [04:35<19:33, 14.49s/it]                                                                                      Best trial: 14. Best value: 0.556795:  19%|█▉        | 19/100 [04:49<19:33, 14.49s/it]Best trial: 14. Best value: 0.556795:  19%|█▉        | 19/100 [04:49<19:33, 14.49s/it]Best trial: 14. Best value: 0.556795:  20%|██        | 20/100 [04:49<19:18, 14.48s/it]                                                                                      Best trial: 14. Best value: 0.556795:  20%|██        | 20/100 [05:04<19:18, 14.48s/it]Best trial: 14. Best value: 0.556795:  20%|██        | 20/100 [05:04<19:18, 14.48s/it]Best trial: 14. Best value: 0.556795:  21%|██        | 21/100 [05:04<19:03, 14.47s/it]                                                                                      Best trial: 14. Best value: 0.556795:  21%|██        | 21/100 [05:18<19:03, 14.47s/it]Best trial: 14. Best value: 0.556795:  21%|██        | 21/100 [05:18<19:03, 14.47s/it]Best trial: 14. Best value: 0.556795:  22%|██▏       | 22/100 [05:18<18:49, 14.48s/it]                                                                                      Best trial: 14. Best value: 0.556795:  22%|██▏       | 22/100 [05:33<18:49, 14.48s/it]Best trial: 14. Best value: 0.556795:  22%|██▏       | 22/100 [05:33<18:49, 14.48s/it]Best trial: 14. Best value: 0.556795:  23%|██▎       | 23/100 [05:33<18:35, 14.49s/it]                                                                                      Best trial: 14. Best value: 0.556795:  23%|██▎       | 23/100 [05:47<18:35, 14.49s/it]Best trial: 14. Best value: 0.556795:  23%|██▎       | 23/100 [05:47<18:35, 14.49s/it]Best trial: 14. Best value: 0.556795:  24%|██▍       | 24/100 [05:47<18:20, 14.48s/it]                                                                                      Best trial: 14. Best value: 0.556795:  24%|██▍       | 24/100 [06:02<18:20, 14.48s/it]Best trial: 14. Best value: 0.556795:  24%|██▍       | 24/100 [06:02<18:20, 14.48s/it]Best trial: 14. Best value: 0.556795:  25%|██▌       | 25/100 [06:02<18:05, 14.47s/it]                                                                                      Best trial: 14. Best value: 0.556795:  25%|██▌       | 25/100 [06:16<18:05, 14.47s/it]Best trial: 14. Best value: 0.556795:  25%|██▌       | 25/100 [06:16<18:05, 14.47s/it]Best trial: 14. Best value: 0.556795:  26%|██▌       | 26/100 [06:16<17:51, 14.47s/it]                                                                                      Best trial: 14. Best value: 0.556795:  26%|██▌       | 26/100 [06:31<17:51, 14.47s/it]Best trial: 14. Best value: 0.556795:  26%|██▌       | 26/100 [06:31<17:51, 14.47s/it]Best trial: 14. Best value: 0.556795:  27%|██▋       | 27/100 [06:31<17:39, 14.52s/it]                                                                                      Best trial: 14. Best value: 0.556795:  27%|██▋       | 27/100 [06:45<17:39, 14.52s/it]Best trial: 14. Best value: 0.556795:  27%|██▋       | 27/100 [06:45<17:39, 14.52s/it]Best trial: 14. Best value: 0.556795:  28%|██▊       | 28/100 [06:45<17:24, 14.51s/it]                                                                                      Best trial: 14. Best value: 0.556795:  28%|██▊       | 28/100 [07:00<17:24, 14.51s/it]Best trial: 14. Best value: 0.556795:  28%|██▊       | 28/100 [07:00<17:24, 14.51s/it]Best trial: 14. Best value: 0.556795:  29%|██▉       | 29/100 [07:00<17:09, 14.50s/it]                                                                                      Best trial: 14. Best value: 0.556795:  29%|██▉       | 29/100 [07:14<17:09, 14.50s/it]Best trial: 14. Best value: 0.556795:  29%|██▉       | 29/100 [07:14<17:09, 14.50s/it]Best trial: 14. Best value: 0.556795:  30%|███       | 30/100 [07:14<16:54, 14.50s/it]                                                                                      Best trial: 14. Best value: 0.556795:  30%|███       | 30/100 [07:29<16:54, 14.50s/it]Best trial: 14. Best value: 0.556795:  30%|███       | 30/100 [07:29<16:54, 14.50s/it]Best trial: 14. Best value: 0.556795:  31%|███       | 31/100 [07:29<16:39, 14.49s/it]                                                                                      Best trial: 14. Best value: 0.556795:  31%|███       | 31/100 [07:43<16:39, 14.49s/it]Best trial: 14. Best value: 0.556795:  31%|███       | 31/100 [07:43<16:39, 14.49s/it]Best trial: 14. Best value: 0.556795:  32%|███▏      | 32/100 [07:43<16:23, 14.47s/it]                                                                                      Best trial: 14. Best value: 0.556795:  32%|███▏      | 32/100 [07:58<16:23, 14.47s/it]Best trial: 14. Best value: 0.556795:  32%|███▏      | 32/100 [07:58<16:23, 14.47s/it]Best trial: 14. Best value: 0.556795:  33%|███▎      | 33/100 [07:58<16:10, 14.48s/it]                                                                                      Best trial: 14. Best value: 0.556795:  33%|███▎      | 33/100 [08:12<16:10, 14.48s/it]Best trial: 33. Best value: 0.556795:  33%|███▎      | 33/100 [08:12<16:10, 14.48s/it]Best trial: 33. Best value: 0.556795:  34%|███▍      | 34/100 [08:12<15:56, 14.50s/it]                                                                                      Best trial: 33. Best value: 0.556795:  34%|███▍      | 34/100 [08:27<15:56, 14.50s/it]Best trial: 33. Best value: 0.556795:  34%|███▍      | 34/100 [08:27<15:56, 14.50s/it]Best trial: 33. Best value: 0.556795:  35%|███▌      | 35/100 [08:27<15:42, 14.50s/it]                                                                                      Best trial: 33. Best value: 0.556795:  35%|███▌      | 35/100 [08:41<15:42, 14.50s/it]Best trial: 33. Best value: 0.556795:  35%|███▌      | 35/100 [08:41<15:42, 14.50s/it]Best trial: 33. Best value: 0.556795:  36%|███▌      | 36/100 [08:41<15:27, 14.49s/it]                                                                                      Best trial: 33. Best value: 0.556795:  36%|███▌      | 36/100 [08:56<15:27, 14.49s/it]Best trial: 33. Best value: 0.556795:  36%|███▌      | 36/100 [08:56<15:27, 14.49s/it]Best trial: 33. Best value: 0.556795:  37%|███▋      | 37/100 [08:56<15:12, 14.48s/it]                                                                                      Best trial: 33. Best value: 0.556795:  37%|███▋      | 37/100 [09:10<15:12, 14.48s/it]Best trial: 33. Best value: 0.556795:  37%|███▋      | 37/100 [09:10<15:12, 14.48s/it]Best trial: 33. Best value: 0.556795:  38%|███▊      | 38/100 [09:10<14:57, 14.47s/it]                                                                                      Best trial: 33. Best value: 0.556795:  38%|███▊      | 38/100 [09:25<14:57, 14.47s/it]Best trial: 33. Best value: 0.556795:  38%|███▊      | 38/100 [09:25<14:57, 14.47s/it]Best trial: 33. Best value: 0.556795:  39%|███▉      | 39/100 [09:25<14:43, 14.48s/it]                                                                                      Best trial: 33. Best value: 0.556795:  39%|███▉      | 39/100 [09:39<14:43, 14.48s/it]Best trial: 33. Best value: 0.556795:  39%|███▉      | 39/100 [09:39<14:43, 14.48s/it]Best trial: 33. Best value: 0.556795:  40%|████      | 40/100 [09:39<14:28, 14.48s/it]                                                                                      Best trial: 33. Best value: 0.556795:  40%|████      | 40/100 [09:54<14:28, 14.48s/it]Best trial: 33. Best value: 0.556795:  40%|████      | 40/100 [09:54<14:28, 14.48s/it]Best trial: 33. Best value: 0.556795:  41%|████      | 41/100 [09:54<14:14, 14.48s/it]                                                                                      Best trial: 33. Best value: 0.556795:  41%|████      | 41/100 [10:08<14:14, 14.48s/it]Best trial: 33. Best value: 0.556795:  41%|████      | 41/100 [10:08<14:14, 14.48s/it]Best trial: 33. Best value: 0.556795:  42%|████▏     | 42/100 [10:08<13:59, 14.47s/it]                                                                                      Best trial: 33. Best value: 0.556795:  42%|████▏     | 42/100 [10:23<13:59, 14.47s/it]Best trial: 33. Best value: 0.556795:  42%|████▏     | 42/100 [10:23<13:59, 14.47s/it]Best trial: 33. Best value: 0.556795:  43%|████▎     | 43/100 [10:23<13:48, 14.53s/it]                                                                                      Best trial: 33. Best value: 0.556795:  43%|████▎     | 43/100 [10:37<13:48, 14.53s/it]Best trial: 33. Best value: 0.556795:  43%|████▎     | 43/100 [10:37<13:48, 14.53s/it]Best trial: 33. Best value: 0.556795:  44%|████▍     | 44/100 [10:37<13:33, 14.53s/it]                                                                                      Best trial: 33. Best value: 0.556795:  44%|████▍     | 44/100 [10:52<13:33, 14.53s/it]Best trial: 33. Best value: 0.556795:  44%|████▍     | 44/100 [10:52<13:33, 14.53s/it]Best trial: 33. Best value: 0.556795:  45%|████▌     | 45/100 [10:52<13:18, 14.51s/it]                                                                                      Best trial: 33. Best value: 0.556795:  45%|████▌     | 45/100 [11:06<13:18, 14.51s/it]Best trial: 33. Best value: 0.556795:  45%|████▌     | 45/100 [11:06<13:18, 14.51s/it]Best trial: 33. Best value: 0.556795:  46%|████▌     | 46/100 [11:06<13:03, 14.51s/it]                                                                                      Best trial: 33. Best value: 0.556795:  46%|████▌     | 46/100 [11:21<13:03, 14.51s/it]Best trial: 46. Best value: 0.556795:  46%|████▌     | 46/100 [11:21<13:03, 14.51s/it]Best trial: 46. Best value: 0.556795:  47%|████▋     | 47/100 [11:21<12:48, 14.50s/it]                                                                                      Best trial: 46. Best value: 0.556795:  47%|████▋     | 47/100 [11:35<12:48, 14.50s/it]Best trial: 46. Best value: 0.556795:  47%|████▋     | 47/100 [11:35<12:48, 14.50s/it]Best trial: 46. Best value: 0.556795:  48%|████▊     | 48/100 [11:35<12:33, 14.49s/it]                                                                                      Best trial: 46. Best value: 0.556795:  48%|████▊     | 48/100 [11:50<12:33, 14.49s/it]Best trial: 46. Best value: 0.556795:  48%|████▊     | 48/100 [11:50<12:33, 14.49s/it]Best trial: 46. Best value: 0.556795:  49%|████▉     | 49/100 [11:50<12:19, 14.50s/it]                                                                                      Best trial: 46. Best value: 0.556795:  49%|████▉     | 49/100 [12:04<12:19, 14.50s/it]Best trial: 46. Best value: 0.556795:  49%|████▉     | 49/100 [12:04<12:19, 14.50s/it]Best trial: 46. Best value: 0.556795:  50%|█████     | 50/100 [12:04<12:04, 14.50s/it]                                                                                      Best trial: 46. Best value: 0.556795:  50%|█████     | 50/100 [12:19<12:04, 14.50s/it]Best trial: 46. Best value: 0.556795:  50%|█████     | 50/100 [12:19<12:04, 14.50s/it]Best trial: 46. Best value: 0.556795:  51%|█████     | 51/100 [12:19<11:50, 14.49s/it]                                                                                      Best trial: 46. Best value: 0.556795:  51%|█████     | 51/100 [12:33<11:50, 14.49s/it]Best trial: 46. Best value: 0.556795:  51%|█████     | 51/100 [12:33<11:50, 14.49s/it]Best trial: 46. Best value: 0.556795:  52%|█████▏    | 52/100 [12:33<11:36, 14.50s/it]                                                                                      Best trial: 46. Best value: 0.556795:  52%|█████▏    | 52/100 [12:48<11:36, 14.50s/it]Best trial: 46. Best value: 0.556795:  52%|█████▏    | 52/100 [12:48<11:36, 14.50s/it]Best trial: 46. Best value: 0.556795:  53%|█████▎    | 53/100 [12:48<11:21, 14.50s/it]                                                                                      Best trial: 46. Best value: 0.556795:  53%|█████▎    | 53/100 [13:02<11:21, 14.50s/it]Best trial: 46. Best value: 0.556795:  53%|█████▎    | 53/100 [13:02<11:21, 14.50s/it]Best trial: 46. Best value: 0.556795:  54%|█████▍    | 54/100 [13:02<11:06, 14.48s/it]                                                                                      Best trial: 46. Best value: 0.556795:  54%|█████▍    | 54/100 [13:17<11:06, 14.48s/it]Best trial: 46. Best value: 0.556795:  54%|█████▍    | 54/100 [13:17<11:06, 14.48s/it]Best trial: 46. Best value: 0.556795:  55%|█████▌    | 55/100 [13:17<10:51, 14.48s/it]                                                                                      Best trial: 46. Best value: 0.556795:  55%|█████▌    | 55/100 [13:31<10:51, 14.48s/it]Best trial: 46. Best value: 0.556795:  55%|█████▌    | 55/100 [13:31<10:51, 14.48s/it]Best trial: 46. Best value: 0.556795:  56%|█████▌    | 56/100 [13:31<10:37, 14.48s/it]                                                                                      Best trial: 46. Best value: 0.556795:  56%|█████▌    | 56/100 [13:46<10:37, 14.48s/it]Best trial: 46. Best value: 0.556795:  56%|█████▌    | 56/100 [13:46<10:37, 14.48s/it]Best trial: 46. Best value: 0.556795:  57%|█████▋    | 57/100 [13:46<10:22, 14.48s/it]                                                                                      Best trial: 46. Best value: 0.556795:  57%|█████▋    | 57/100 [14:00<10:22, 14.48s/it]Best trial: 46. Best value: 0.556795:  57%|█████▋    | 57/100 [14:00<10:22, 14.48s/it]Best trial: 46. Best value: 0.556795:  58%|█████▊    | 58/100 [14:00<10:08, 14.49s/it]                                                                                      Best trial: 46. Best value: 0.556795:  58%|█████▊    | 58/100 [14:15<10:08, 14.49s/it]Best trial: 46. Best value: 0.556795:  58%|█████▊    | 58/100 [14:15<10:08, 14.49s/it]Best trial: 46. Best value: 0.556795:  59%|█████▉    | 59/100 [14:15<09:54, 14.49s/it]                                                                                      Best trial: 46. Best value: 0.556795:  59%|█████▉    | 59/100 [14:29<09:54, 14.49s/it]Best trial: 46. Best value: 0.556795:  59%|█████▉    | 59/100 [14:29<09:54, 14.49s/it]Best trial: 46. Best value: 0.556795:  60%|██████    | 60/100 [14:29<09:41, 14.54s/it]                                                                                      Best trial: 46. Best value: 0.556795:  60%|██████    | 60/100 [14:44<09:41, 14.54s/it]Best trial: 46. Best value: 0.556795:  60%|██████    | 60/100 [14:44<09:41, 14.54s/it]Best trial: 46. Best value: 0.556795:  61%|██████    | 61/100 [14:44<09:26, 14.52s/it]                                                                                      Best trial: 46. Best value: 0.556795:  61%|██████    | 61/100 [14:58<09:26, 14.52s/it]Best trial: 46. Best value: 0.556795:  61%|██████    | 61/100 [14:58<09:26, 14.52s/it]Best trial: 46. Best value: 0.556795:  62%|██████▏   | 62/100 [14:58<09:10, 14.49s/it]                                                                                      Best trial: 46. Best value: 0.556795:  62%|██████▏   | 62/100 [15:13<09:10, 14.49s/it]B