[I 2025-05-13 17:12:37,661] Trial 0 finished with value: 0.5591422885703301 and parameters: {'threshold_scale_factor': 0.7091676489839349}. Best is trial 0 with value: 0.5591422885703301.
[I 2025-05-13 17:12:52,085] Trial 1 finished with value: 0.5587618212775306 and parameters: {'threshold_scale_factor': 0.49156919170210256}. Best is trial 0 with value: 0.5591422885703301.
[I 2025-05-13 17:13:06,535] Trial 2 finished with value: 0.5579624138282764 and parameters: {'threshold_scale_factor': 0.3617692421953316}. Best is trial 0 with value: 0.5591422885703301.
[I 2025-05-13 17:13:21,008] Trial 3 finished with value: 0.5591292740468736 and parameters: {'threshold_scale_factor': 0.7142245291650756}. Best is trial 0 with value: 0.5591422885703301.
[I 2025-05-13 17:13:35,412] Trial 4 finished with value: 0.5572533028270131 and parameters: {'threshold_scale_factor': 0.2779624985693583}. Best is trial 0 with value: 0.5591422885703301.
[I 2025-05-13 17:13:49,813] Trial 5 finished with value: 0.5550498185156416 and parameters: {'threshold_scale_factor': 0.1087586259651081}. Best is trial 0 with value: 0.5591422885703301.
[I 2025-05-13 17:14:04,205] Trial 6 finished with value: 0.5577422066552111 and parameters: {'threshold_scale_factor': 0.9996849428456079}. Best is trial 0 with value: 0.5591422885703301.
[I 2025-05-13 17:14:18,612] Trial 7 finished with value: 0.5586475709656411 and parameters: {'threshold_scale_factor': 0.4692968522817824}. Best is trial 0 with value: 0.5591422885703301.
[I 2025-05-13 17:14:32,994] Trial 8 finished with value: 0.557907800233819 and parameters: {'threshold_scale_factor': 0.35467923504697196}. Best is trial 0 with value: 0.5591422885703301.
[I 2025-05-13 17:14:47,547] Trial 9 finished with value: 0.5556734493012891 and parameters: {'threshold_scale_factor': 0.14836901493588595}. Best is trial 0 with value: 0.5591422885703301.
[I 2025-05-13 17:15:01,909] Trial 10 finished with value: 0.5590443796028216 and parameters: {'threshold_scale_factor': 0.745162260716896}. Best is trial 0 with value: 0.5591422885703301.
[I 2025-05-13 17:15:16,280] Trial 11 finished with value: 0.5591098411443008 and parameters: {'threshold_scale_factor': 0.7227621053935753}. Best is trial 0 with value: 0.5591422885703301.
[I 2025-05-13 17:15:30,683] Trial 12 finished with value: 0.55913878950796 and parameters: {'threshold_scale_factor': 0.7105769907804069}. Best is trial 0 with value: 0.5591422885703301.
[I 2025-05-13 17:15:45,140] Trial 13 finished with value: 0.5583331469685914 and parameters: {'threshold_scale_factor': 0.9009540003621304}. Best is trial 0 with value: 0.5591422885703301.
[I 2025-05-13 17:15:59,583] Trial 14 finished with value: 0.5592004529498074 and parameters: {'threshold_scale_factor': 0.6318917948927281}. Best is trial 14 with value: 0.5592004529498074.
[I 2025-05-13 17:16:13,991] Trial 15 finished with value: 0.5591604236361211 and parameters: {'threshold_scale_factor': 0.5993435516153371}. Best is trial 14 with value: 0.5592004529498074.
[I 2025-05-13 17:16:28,432] Trial 16 finished with value: 0.5591111972318339 and parameters: {'threshold_scale_factor': 0.5768186206164798}. Best is trial 14 with value: 0.5592004529498074.
[I 2025-05-13 17:16:42,863] Trial 17 finished with value: 0.5591340995692395 and parameters: {'threshold_scale_factor': 0.586441506377616}. Best is trial 14 with value: 0.5592004529498074.
[I 2025-05-13 17:16:57,271] Trial 18 finished with value: 0.5586871870002903 and parameters: {'threshold_scale_factor': 0.8309949315620904}. Best is trial 14 with value: 0.5592004529498074.
[I 2025-05-13 17:17:11,697] Trial 19 finished with value: 0.5591202788252556 and parameters: {'threshold_scale_factor': 0.5804270090826352}. Best is trial 14 with value: 0.5592004529498074.
[I 2025-05-13 17:17:26,157] Trial 20 finished with value: 0.5580562171221429 and parameters: {'threshold_scale_factor': 0.3742232621595514}. Best is trial 14 with value: 0.5592004529498074.
[I 2025-05-13 17:17:40,601] Trial 21 finished with value: 0.559204825271285 and parameters: {'threshold_scale_factor': 0.6395546955368189}. Best is trial 21 with value: 0.559204825271285.
[I 2025-05-13 17:17:54,966] Trial 22 finished with value: 0.5591805168812622 and parameters: {'threshold_scale_factor': 0.6113933616427487}. Best is trial 21 with value: 0.559204825271285.
[I 2025-05-13 17:18:09,388] Trial 23 finished with value: 0.558831570024088 and parameters: {'threshold_scale_factor': 0.8000773382224827}. Best is trial 21 with value: 0.559204825271285.
[I 2025-05-13 17:18:23,793] Trial 24 finished with value: 0.5592027987979505 and parameters: {'threshold_scale_factor': 0.6356684279437095}. Best is trial 21 with value: 0.559204825271285.
[I 2025-05-13 17:18:38,227] Trial 25 finished with value: 0.558639126615352 and parameters: {'threshold_scale_factor': 0.46770050600804963}. Best is trial 21 with value: 0.559204825271285.
[I 2025-05-13 17:18:52,813] Trial 26 finished with value: 0.5529038201633595 and parameters: {'threshold_scale_factor': 0.013075977393195104}. Best is trial 21 with value: 0.559204825271285.
[I 2025-05-13 17:19:07,183] Trial 27 finished with value: 0.5592048950717542 and parameters: {'threshold_scale_factor': 0.6539760033336348}. Best is trial 27 with value: 0.5592048950717542.
[I 2025-05-13 17:19:21,576] Trial 28 finished with value: 0.5584057432227792 and parameters: {'threshold_scale_factor': 0.8874853027542029}. Best is trial 27 with value: 0.5592048950717542.
[I 2025-05-13 17:19:35,978] Trial 29 finished with value: 0.5591965185132877 and parameters: {'threshold_scale_factor': 0.6712239026864787}. Best is trial 27 with value: 0.5592048950717542.
[I 2025-05-13 17:19:50,385] Trial 30 finished with value: 0.5588360741629985 and parameters: {'threshold_scale_factor': 0.7989625881196262}. Best is trial 27 with value: 0.5592048950717542.
[I 2025-05-13 17:20:04,709] Trial 31 finished with value: 0.5592023453459816 and parameters: {'threshold_scale_factor': 0.6633196802127483}. Best is trial 27 with value: 0.5592048950717542.
[I 2025-05-13 17:20:19,100] Trial 32 finished with value: 0.5589643993126663 and parameters: {'threshold_scale_factor': 0.5367339450844062}. Best is trial 27 with value: 0.5592048950717542.
[I 2025-05-13 17:20:33,514] Trial 33 finished with value: 0.5592037712339838 and parameters: {'threshold_scale_factor': 0.6611865402746239}. Best is trial 27 with value: 0.5592048950717542.
[I 2025-05-13 17:20:47,918] Trial 34 finished with value: 0.5588508663386923 and parameters: {'threshold_scale_factor': 0.5107718398661685}. Best is trial 27 with value: 0.5592048950717542.
[I 2025-05-13 17:21:02,319] Trial 35 finished with value: 0.5584007133206224 and parameters: {'threshold_scale_factor': 0.4272617589050846}. Best is trial 27 with value: 0.5592048950717542.
[I 2025-05-13 17:21:16,710] Trial 36 finished with value: 0.5589733450713619 and parameters: {'threshold_scale_factor': 0.764819154058601}. Best is trial 27 with value: 0.5592048950717542.
[I 2025-05-13 17:21:31,133] Trial 37 finished with value: 0.5592025715698044 and parameters: {'threshold_scale_factor': 0.6630045597929649}. Best is trial 27 with value: 0.5592048950717542.
[I 2025-05-13 17:21:45,537] Trial 38 finished with value: 0.558986390226679 and parameters: {'threshold_scale_factor': 0.5422747765202862}. Best is trial 27 with value: 0.5592048950717542.
[I 2025-05-13 17:21:59,955] Trial 39 finished with value: 0.5586398416935402 and parameters: {'threshold_scale_factor': 0.8409215516807622}. Best is trial 27 with value: 0.5592048950717542.
[I 2025-05-13 17:22:14,340] Trial 40 finished with value: 0.5583371871101381 and parameters: {'threshold_scale_factor': 0.41724906952640284}. Best is trial 27 with value: 0.5592048950717542.
[I 2025-05-13 17:22:28,765] Trial 41 finished with value: 0.5591986431592244 and parameters: {'threshold_scale_factor': 0.6689161909969945}. Best is trial 27 with value: 0.5592048950717542.
[I 2025-05-13 17:22:43,308] Trial 42 finished with value: 0.5592022524460765 and parameters: {'threshold_scale_factor': 0.6342307514148413}. Best is trial 27 with value: 0.5592048950717542.
[I 2025-05-13 17:22:57,718] Trial 43 finished with value: 0.5591851485692316 and parameters: {'threshold_scale_factor': 0.6830094027558711}. Best is trial 27 with value: 0.5592048950717542.
[I 2025-05-13 17:23:12,161] Trial 44 finished with value: 0.5590243436041082 and parameters: {'threshold_scale_factor': 0.7508645152457075}. Best is trial 27 with value: 0.5592048950717542.
[I 2025-05-13 17:23:26,567] Trial 45 finished with value: 0.5589461319272807 and parameters: {'threshold_scale_factor': 0.5327121092947081}. Best is trial 27 with value: 0.5592048950717542.
[I 2025-05-13 17:23:41,021] Trial 46 finished with value: 0.5579892706886675 and parameters: {'threshold_scale_factor': 0.9586419456111761}. Best is trial 27 with value: 0.5592048950717542.
[I 2025-05-13 17:23:55,447] Trial 47 finished with value: 0.5591446359249582 and parameters: {'threshold_scale_factor': 0.708254838283567}. Best is trial 27 with value: 0.5592048950717542.
[I 2025-05-13 17:24:09,812] Trial 48 finished with value: 0.5575314795408359 and parameters: {'threshold_scale_factor': 0.30830518816831104}. Best is trial 27 with value: 0.5592048950717542.
[I 2025-05-13 17:24:24,194] Trial 49 finished with value: 0.5586908670919348 and parameters: {'threshold_scale_factor': 0.47759683582410317}. Best is trial 27 with value: 0.5592048950717542.
[I 2025-05-13 17:24:38,612] Trial 50 finished with value: 0.55894823598459 and parameters: {'threshold_scale_factor': 0.7716212008621841}. Best is trial 27 with value: 0.5592048950717542.
[I 2025-05-13 17:24:53,039] Trial 51 finished with value: 0.5592063902580641 and parameters: {'threshold_scale_factor': 0.6462156417399795}. Best is trial 51 with value: 0.5592063902580641.
[I 2025-05-13 17:25:07,362] Trial 52 finished with value: 0.5592063433059499 and parameters: {'threshold_scale_factor': 0.6455492887558603}. Best is trial 51 with value: 0.5592063902580641.
[I 2025-05-13 17:25:21,798] Trial 53 finished with value: 0.5591981618372839 and parameters: {'threshold_scale_factor': 0.6287810197268953}. Best is trial 51 with value: 0.5592063902580641.
[I 2025-05-13 17:25:36,155] Trial 54 finished with value: 0.5591237018101358 and parameters: {'threshold_scale_factor': 0.7168603119407931}. Best is trial 51 with value: 0.5592063902580641.
[I 2025-05-13 17:25:50,553] Trial 55 finished with value: 0.559178126842894 and parameters: {'threshold_scale_factor': 0.6100120377253502}. Best is trial 51 with value: 0.5592063902580641.
[I 2025-05-13 17:26:04,950] Trial 56 finished with value: 0.5590744824361117 and parameters: {'threshold_scale_factor': 0.5643914313167184}. Best is trial 51 with value: 0.5592063902580641.
[I 2025-05-13 17:26:19,354] Trial 57 finished with value: 0.5591537684877873 and parameters: {'threshold_scale_factor': 0.7035595172542741}. Best is trial 51 with value: 0.5592063902580641.
[I 2025-05-13 17:26:33,728] Trial 58 finished with value: 0.5592060324678891 and parameters: {'threshold_scale_factor': 0.643022841299321}. Best is trial 51 with value: 0.5592063902580641.
[I 2025-05-13 17:26:48,290] Trial 59 finished with value: 0.5591148848559031 and parameters: {'threshold_scale_factor': 0.5781307201080923}. Best is trial 51 with value: 0.5592063902580641.
[I 2025-05-13 17:27:02,654] Trial 60 finished with value: 0.5590505895848535 and parameters: {'threshold_scale_factor': 0.7432271514000586}. Best is trial 51 with value: 0.5592063902580641.
[I 2025-05-13 17:27:17,055] Trial 61 finished with value: 0.5592004552095348 and parameters: {'threshold_scale_factor': 0.6319794936674812}. Best is trial 51 with value: 0.5592063902580641.
[I 2025-05-13 17:27:31,435] Trial 62 finished with value: 0.5592061667961302 and parameters: {'threshold_scale_factor': 0.6474915759068305}. Best is trial 51 with value: 0.5592063902580641.
[I 2025-05-13 17:27:45,860] Trial 63 finished with value: 0.5591742458865899 and parameters: {'threshold_scale_factor': 0.6918828495807652}. Best is trial 51 with value: 0.5592063902580641.
[I 2025-05-13 17:28:00,223] Trial 64 finished with value: 0.559159114751783 and parameters: {'threshold_scale_factor': 0.5986496743712464}. Best is trial 51 with value: 0.5592063902580641.
[I 2025-05-13 17:28:14,620] Trial 65 finished with value: 0.558822096995661 and parameters: {'threshold_scale_factor': 0.5039974966129853}. Best is trial 51 with value: 0.5592063902580641.
[I 2025-05-13 17:28:28,985] Trial 66 finished with value: 0.5587849048952914 and parameters: {'threshold_scale_factor': 0.8104270787453982}. Best is trial 51 with value: 0.5592063902580641.
[I 2025-05-13 17:28:43,394] Trial 67 finished with value: 0.5590417322066081 and parameters: {'threshold_scale_factor': 0.5558831290898701}. Best is trial 51 with value: 0.5592063902580641.
[I 2025-05-13 17:28:57,776] Trial 68 finished with value: 0.5561914325573366 and parameters: {'threshold_scale_factor': 0.1846534263809111}. Best is trial 51 with value: 0.5592063902580641.
[I 2025-05-13 17:29:12,147] Trial 69 finished with value: 0.5592056764352801 and parameters: {'threshold_scale_factor': 0.6515834181750273}. Best is trial 51 with value: 0.5592063902580641.
[I 2025-05-13 17:29:26,562] Trial 70 finished with value: 0.5590845530369011 and parameters: {'threshold_scale_factor': 0.7319057555879709}. Best is trial 51 with value: 0.5592063902580641.
[I 2025-05-13 17:29:40,996] Trial 71 finished with value: 0.5592060219224946 and parameters: {'threshold_scale_factor': 0.6433339350426002}. Best is trial 51 with value: 0.5592063902580641.
[I 2025-05-13 17:29:55,403] Trial 72 finished with value: 0.5592042927288563 and parameters: {'threshold_scale_factor': 0.6387531433193351}. Best is trial 51 with value: 0.5592063902580641.
[I 2025-05-13 17:30:09,705] Trial 73 finished with value: 0.5591621930026913 and parameters: {'threshold_scale_factor': 0.6003478393170306}. Best is trial 51 with value: 0.5592063902580641.
[I 2025-05-13 17:30:24,085] Trial 74 finished with value: 0.5592021336848465 and parameters: {'threshold_scale_factor': 0.6635537551229271}. Best is trial 51 with value: 0.5592063902580641.
[I 2025-05-13 17:30:38,597] Trial 75 finished with value: 0.5591791045516246 and parameters: {'threshold_scale_factor': 0.688893138001968}. Best is trial 51 with value: 0.5592063902580641.
[I 2025-05-13 17:30:52,990] Trial 76 finished with value: 0.5589583108537532 and parameters: {'threshold_scale_factor': 0.7690195121997324}. Best is trial 51 with value: 0.5592063902580641.
[I 2025-05-13 17:31:07,415] Trial 77 finished with value: 0.5592061138180763 and parameters: {'threshold_scale_factor': 0.6494590170618065}. Best is trial 51 with value: 0.5592063902580641.
[I 2025-05-13 17:31:21,798] Trial 78 finished with value: 0.5585675638098376 and parameters: {'threshold_scale_factor': 0.8556680475531392}. Best is trial 51 with value: 0.5592063902580641.
[I 2025-05-13 17:31:36,168] Trial 79 finished with value: 0.5589494371552542 and parameters: {'threshold_scale_factor': 0.5333836112841155}. Best is trial 51 with value: 0.5592063902580641.
[I 2025-05-13 17:31:50,553] Trial 80 finished with value: 0.5591049696741442 and parameters: {'threshold_scale_factor': 0.5743622519542898}. Best is trial 51 with value: 0.5592063902580641.
[I 2025-05-13 17:32:04,914] Trial 81 finished with value: 0.5592053982377265 and parameters: {'threshold_scale_factor': 0.652099687713362}. Best is trial 51 with value: 0.5592063902580641.
[I 2025-05-13 17:32:19,329] Trial 82 finished with value: 0.5591892286326295 and parameters: {'threshold_scale_factor': 0.6179519958119457}. Best is trial 51 with value: 0.5592063902580641.
[I 2025-05-13 17:32:33,754] Trial 83 finished with value: 0.5592050447159256 and parameters: {'threshold_scale_factor': 0.653480580519459}. Best is trial 51 with value: 0.5592063902580641.
[I 2025-05-13 17:32:48,159] Trial 84 finished with value: 0.5590959531106561 and parameters: {'threshold_scale_factor': 0.7278885149501435}. Best is trial 51 with value: 0.5592063902580641.
[I 2025-05-13 17:33:02,636] Trial 85 finished with value: 0.5591813680452573 and parameters: {'threshold_scale_factor': 0.687131160023502}. Best is trial 51 with value: 0.5592063902580641.
[I 2025-05-13 17:33:17,013] Trial 86 finished with value: 0.5591561688204694 and parameters: {'threshold_scale_factor': 0.5967033038914707}. Best is trial 51 with value: 0.5592063902580641.
[I 2025-05-13 17:33:31,413] Trial 87 finished with value: 0.5592061524845233 and parameters: {'threshold_scale_factor': 0.6482160980631919}. Best is trial 51 with value: 0.5592063902580641.
[I 2025-05-13 17:33:45,804] Trial 88 finished with value: 0.5588986379806825 and parameters: {'threshold_scale_factor': 0.7842653010177459}. Best is trial 51 with value: 0.5592063902580641.
[I 2025-05-13 17:34:00,192] Trial 89 finished with value: 0.5590239810433978 and parameters: {'threshold_scale_factor': 0.5514760177085891}. Best is trial 51 with value: 0.5592063902580641.
[I 2025-05-13 17:34:14,560] Trial 90 finished with value: 0.5585603522663968 and parameters: {'threshold_scale_factor': 0.45315902177647394}. Best is trial 51 with value: 0.5592063902580641.
[I 2025-05-13 17:34:28,988] Trial 91 finished with value: 0.5592063038862604 and parameters: {'threshold_scale_factor': 0.6504955208292161}. Best is trial 51 with value: 0.5592063902580641.
[I 2025-05-13 17:34:43,530] Trial 92 finished with value: 0.5592062393584885 and parameters: {'threshold_scale_factor': 0.6455974431816166}. Best is trial 51 with value: 0.5592063902580641.
[I 2025-05-13 17:34:57,877] Trial 93 finished with value: 0.5591895093409913 and parameters: {'threshold_scale_factor': 0.6182802236111132}. Best is trial 51 with value: 0.5592063902580641.
[I 2025-05-13 17:35:12,223] Trial 94 finished with value: 0.5591922647019592 and parameters: {'threshold_scale_factor': 0.6762556933084871}. Best is trial 51 with value: 0.5592063902580641.
[I 2025-05-13 17:35:26,606] Trial 95 finished with value: 0.5591153988183508 and parameters: {'threshold_scale_factor': 0.7206574198781894}. Best is trial 51 with value: 0.5592063902580641.
[I 2025-05-13 17:35:41,031] Trial 96 finished with value: 0.5588796412055018 and parameters: {'threshold_scale_factor': 0.5173498674347178}. Best is trial 51 with value: 0.5592063902580641.
[I 2025-05-13 17:35:55,442] Trial 97 finished with value: 0.5591565733116777 and parameters: {'threshold_scale_factor': 0.7022203181665667}. Best is trial 51 with value: 0.5592063902580641.
[I 2025-05-13 17:36:09,831] Trial 98 finished with value: 0.5591433245298119 and parameters: {'threshold_scale_factor': 0.5904803056071949}. Best is trial 51 with value: 0.5592063902580641.
