[I 2025-05-13 17:35:42,031] Trial 99 finished with value: 0.5510843705011417 and parameters: {'threshold_scale_factor': 0.7363727802539397}. Best is trial 83 with value: 0.5511131202598687.
Best hyperparameters: {'threshold_scale_factor': 0.6846908348841618}
Best optimized value: 0.5511131202598687
Running audit 1/1
Training a GCN target model on flickr...
Training GCN on cuda:   0%|          | 0/800 [00:00<?, ?it/s]Training GCN on cuda:   1%|▏         | 10/800 [00:00<00:08, 94.09it/s]Training GCN on cuda:   2%|▎         | 20/800 [00:00<00:08, 94.39it/s]Training GCN on cuda:   4%|▍         | 31/800 [00:00<00:07, 99.14it/s]Training GCN on cuda:   5%|▌         | 42/800 [00:00<00:07, 103.02it/s]Training GCN on cuda:   7%|▋         | 53/800 [00:00<00:07, 105.27it/s]Training GCN on cuda:   8%|▊         | 64/800 [00:00<00:06, 106.59it/s]Training GCN on cuda:   9%|▉         | 75/800 [00:00<00:06, 107.47it/s]Training GCN on cuda:  11%|█         | 86/800 [00:00<00:06, 108.07it/s]Training GCN on cuda:  12%|█▏        | 97/800 [00:00<00:06, 108.46it/s]Training GCN on cuda:  14%|█▎        | 108/800 [00:01<00:06, 108.71it/s]Training GCN on cuda:  15%|█▍        | 119/800 [00:01<00:06, 108.88it/s]Training GCN on cuda:  16%|█▋        | 130/800 [00:01<00:06, 109.02it/s]Training GCN on cuda:  18%|█▊        | 141/800 [00:01<00:06, 108.95it/s]Training GCN on cuda:  19%|█▉        | 152/800 [00:01<00:05, 109.04it/s]Training GCN on cuda:  20%|██        | 163/800 [00:01<00:05, 109.12it/s]Training GCN on cuda:  22%|██▏       | 174/800 [00:01<00:05, 109.17it/s]Training GCN on cuda:  23%|██▎       | 185/800 [00:01<00:05, 109.23it/s]Training GCN on cuda:  24%|██▍       | 196/800 [00:01<00:05, 109.25it/s]Training GCN on cuda:  26%|██▌       | 207/800 [00:01<00:05, 109.15it/s]Training GCN on cuda:  27%|██▋       | 218/800 [00:02<00:05, 109.21it/s]Training GCN on cuda:  29%|██▊       | 229/800 [00:02<00:05, 109.24it/s]Training GCN on cuda:  30%|███       | 240/800 [00:02<00:05, 109.23it/s]Training GCN on cuda:  31%|███▏      | 251/800 [00:02<00:05, 109.26it/s]Training GCN on cuda:  33%|███▎      | 262/800 [00:02<00:04, 109.28it/s]Training GCN on cuda:  34%|███▍      | 273/800 [00:02<00:04, 109.30it/s]Training GCN on cuda:  36%|███▌      | 284/800 [00:02<00:04, 109.30it/s]Training GCN on cuda:  37%|███▋      | 295/800 [00:02<00:04, 109.31it/s]Training GCN on cuda:  38%|███▊      | 306/800 [00:02<00:04, 109.29it/s]Training GCN on cuda:  40%|███▉      | 317/800 [00:02<00:04, 109.31it/s]Training GCN on cuda:  41%|████      | 328/800 [00:03<00:04, 109.29it/s]Training GCN on cuda:  42%|████▏     | 339/800 [00:03<00:04, 109.28it/s]Training GCN on cuda:  44%|████▍     | 350/800 [00:03<00:04, 109.26it/s]Training GCN on cuda:  45%|████▌     | 361/800 [00:03<00:04, 109.25it/s]Training GCN on cuda:  46%|████▋     | 372/800 [00:03<00:03, 109.29it/s]Training GCN on cuda:  48%|████▊     | 383/800 [00:03<00:03, 109.35it/s]Training GCN on cuda:  49%|████▉     | 394/800 [00:03<00:03, 109.32it/s]Training GCN on cuda:  51%|█████     | 405/800 [00:03<00:03, 109.27it/s]Training GCN on cuda:  52%|█████▏    | 416/800 [00:03<00:03, 109.29it/s]Training GCN on cuda:  53%|█████▎    | 427/800 [00:03<00:03, 109.30it/s]Training GCN on cuda:  55%|█████▍    | 438/800 [00:04<00:03, 109.33it/s]Training GCN on cuda:  56%|█████▌    | 449/800 [00:04<00:03, 109.35it/s]Training GCN on cuda:  57%|█████▊    | 460/800 [00:04<00:03, 109.31it/s]Training GCN on cuda:  59%|█████▉    | 471/800 [00:04<00:03, 109.30it/s]Training GCN on cuda:  60%|██████    | 482/800 [00:04<00:02, 109.30it/s]Training GCN on cuda:  62%|██████▏   | 493/800 [00:04<00:02, 109.29it/s]Training GCN on cuda:  63%|██████▎   | 504/800 [00:04<00:02, 109.32it/s]Training GCN on cuda:  64%|██████▍   | 515/800 [00:04<00:02, 109.31it/s]Training GCN on cuda:  66%|██████▌   | 526/800 [00:04<00:02, 109.36it/s]Training GCN on cuda:  67%|██████▋   | 537/800 [00:04<00:02, 109.33it/s]Training GCN on cuda:  68%|██████▊   | 548/800 [00:05<00:02, 109.34it/s]Training GCN on cuda:  70%|██████▉   | 559/800 [00:05<00:02, 109.32it/s]Training GCN on cuda:  71%|███████▏  | 570/800 [00:05<00:02, 109.32it/s]Training GCN on cuda:  73%|███████▎  | 581/800 [00:05<00:02, 109.33it/s]Training GCN on cuda:  74%|███████▍  | 592/800 [00:05<00:01, 109.35it/s]Training GCN on cuda:  75%|███████▌  | 603/800 [00:05<00:01, 109.28it/s]Training GCN on cuda:  77%|███████▋  | 614/800 [00:05<00:01, 109.24it/s]Training GCN on cuda:  78%|███████▊  | 625/800 [00:05<00:01, 109.24it/s]Training GCN on cuda:  80%|███████▉  | 636/800 [00:05<00:01, 109.22it/s]Training GCN on cuda:  81%|████████  | 647/800 [00:05<00:01, 109.25it/s]Training GCN on cuda:  82%|████████▏ | 658/800 [00:06<00:01, 109.29it/s]Training GCN on cuda:  84%|████████▎ | 669/800 [00:06<00:01, 109.31it/s]Training GCN on cuda:  85%|████████▌ | 680/800 [00:06<00:01, 109.24it/s]Training GCN on cuda:  86%|████████▋ | 691/800 [00:06<00:00, 109.27it/s]Training GCN on cuda:  88%|████████▊ | 702/800 [00:06<00:00, 109.26it/s]Training GCN on cuda:  89%|████████▉ | 713/800 [00:06<00:00, 109.28it/s]Training GCN on cuda:  90%|█████████ | 724/800 [00:06<00:00, 109.28it/s]Training GCN on cuda:  92%|█████████▏| 735/800 [00:06<00:00, 109.27it/s]Training GCN on cuda:  93%|█████████▎| 746/800 [00:06<00:00, 109.29it/s]Training GCN on cuda:  95%|█████████▍| 757/800 [00:06<00:00, 109.30it/s]Training GCN on cuda:  96%|█████████▌| 768/800 [00:07<00:00, 109.30it/s]Training GCN on cuda:  97%|█████████▋| 779/800 [00:07<00:00, 109.33it/s]Training GCN on cuda:  99%|█████████▉| 790/800 [00:07<00:00, 109.33it/s]Training GCN on cuda: 100%|██████████| 800/800 [00:07<00:00, 108.79it/s]
Train accuracy: 0.5907 | Test accuracy: 0.4637
Training MLP on cuda:   0%|          | 0/1000 [00:00<?, ?it/s]Training MLP on cuda:   0%|          | 1/1000 [01:42<28:19:16, 102.06s/it]Training MLP on cuda:   0%|          | 2/1000 [03:25<28:26:36, 102.60s/it]Training MLP on cuda:   0%|          | 3/1000 [05:07<28:22:52, 102.48s/it]Training MLP on cuda:   0%|          | 4/1000 [06:50<28:26:21, 102.79s/it]Training MLP on cuda:   0%|          | 5/1000 [08:33<28:27:03, 102.94s/it]Training MLP on cuda:   1%|          | 6/1000 [10:16<28:25:51, 102.97s/it]Training MLP on cuda:   1%|          | 7/1000 [12:00<28:27:55, 103.20s/it]Training MLP on cuda:   1%|          | 8/1000 [13:43<28:25:27, 103.15s/it]Training MLP on cuda:   1%|          | 9/1000 [15:27<28:26:23, 103.31s/it]Training MLP on cuda:   1%|          | 10/1000 [17:10<28:23:50, 103.26s/it]Training MLP on cuda:   1%|          | 11/1000 [18:53<28:20:43, 103.18s/it]Training MLP on cuda:   1%|          | 12/1000 [20:36<28:18:12, 103.13s/it]Training MLP on cuda:   1%|▏         | 13/1000 [22:20<28:19:47, 103.33s/it]Training MLP on cuda:   1%|▏         | 14/1000 [24:03<28:16:32, 103.24s/it]Training MLP on cuda:   2%|▏         | 15/1000 [25:46<28:13:58, 103.19s/it]Training MLP on cuda:   2%|▏         | 16/1000 [27:29<28:09:55, 103.04s/it]Training MLP on cuda:   2%|▏         | 17/1000 [29:11<28:06:55, 102.97s/it]Training MLP on cuda:   2%|▏         | 18/1000 [30:55<28:07:45, 103.12s/it]Training MLP on cuda:   2%|▏         | 19/1000 [32:38<28:05:23, 103.08s/it]Training MLP on cuda:   2%|▏         | 20/1000 [34:21<28:02:01, 102.98s/it]Training MLP on cuda:   2%|▏         | 21/1000 [36:03<27:59:42, 102.94s/it]Training MLP on cuda:   2%|▏         | 22/1000 [37:46<27:58:13, 102.96s/it]Training MLP on cuda:   2%|▏         | 23/1000 [39:29<27:55:59, 102.93s/it]Training MLP on cuda:   2%|▏         | 24/1000 [41:12<27:52:37, 102.83s/it]Training MLP on cuda:   2%|▎         | 25/1000 [42:55<27:51:09, 102.84s/it]Training MLP on cuda:   3%|▎         | 26/1000 [44:38<27:50:42, 102.92s/it]Training MLP on cuda:   3%|▎         | 27/1000 [46:20<27:46:55, 102.79s/it]Training MLP on cuda:   3%|▎         | 28/1000 [48:03<27:45:45, 102.82s/it]Training MLP on cuda:   3%|▎         | 29/1000 [49:46<27:46:14, 102.96s/it]Training MLP on cuda:   3%|▎         | 30/1000 [51:29<27:44:28, 102.96s/it]Training MLP on cuda:   3%|▎         | 31/1000 [53:12<27:41:23, 102.87s/it]Training MLP on cuda:   3%|▎         | 32/1000 [54:55<27:37:34, 102.74s/it]Training MLP on cuda:   3%|▎         | 33/1000 [56:38<27:40:56, 103.06s/it]Training MLP on cuda:   3%|▎         | 34/1000 [58:22<27:42:32, 103.26s/it]Training MLP on cuda:   4%|▎         | 35/1000 [1:00:05<27:40:41, 103.26s/it]Training MLP on cuda:   4%|▎         | 36/1000 [1:01:48<27:36:42, 103.11s/it]Training MLP on cuda:   4%|▎         | 37/1000 [1:03:31<27:35:25, 103.14s/it]Training MLP on cuda:   4%|▍         | 38/1000 [1:05:14<27:30:04, 102.92s/it]Training MLP on cuda:   4%|▍         | 39/1000 [1:06:56<27:26:11, 102.78s/it]Training MLP on cuda:   4%|▍         | 40/1000 [1:08:39<27:22:50, 102.68s/it]Training MLP on cuda:   4%|▍         | 41/1000 [1:10:21<27:21:29, 102.70s/it]Training MLP on cuda:   4%|▍         | 42/1000 [1:12:04<27:18:58, 102.65s/it]Training MLP on cuda:   4%|▍         | 43/1000 [1:13:46<27:16:34, 102.61s/it]Training MLP on cuda:   4%|▍         | 44/1000 [1:15:29<27:13:47, 102.54s/it]Training MLP on cuda:   4%|▍         | 45/1000 [1:17:12<27:14:30, 102.69s/it]Training MLP on cuda:   5%|▍         | 46/1000 [1:18:54<27:12:04, 102.65s/it]Training MLP on cuda:   5%|▍         | 47/1000 [1:20:37<27:10:06, 102.63s/it]Training MLP on cuda:   5%|▍         | 48/1000 [1:22:20<27:09:46, 102.72s/it]Training MLP on cuda:   5%|▍         | 49/1000 [1:24:04<27:14:17, 103.11s/it]Training MLP on cuda:   5%|▌         | 50/1000 [1:25:47<27:14:55, 103.26s/it]Training MLP on cuda:   5%|▌         | 51/1000 [1:27:31<27:14:15, 103.33s/it]Training MLP on cuda:   5%|▌         | 52/1000 [1:29:15<27:13:52, 103.41s/it]Training MLP on cuda:   5%|▌         | 53/1000 [1:30:59<27:17:34, 103.75s/it]Training MLP on cuda:   5%|▌         | 54/1000 [1:32:43<27:18:15, 103.91s/it]Training MLP on cuda:   6%|▌         | 55/1000 [1:34:27<27:14:34, 103.78s/it]Training MLP on cuda:   6%|▌         | 56/1000 [1:36:11<27:12:13, 103.74s/it]Training MLP on cuda:   6%|▌         | 57/1000 [1:37:55<27:13:41, 103.95s/it]Training MLP on cuda:   6%|▌         | 58/1000 [1:39:39<27:10:22, 103.85s/it]Training MLP on cuda:   6%|▌         | 59/1000 [1:41:22<27:07:05, 103.75s/it]Training MLP on cuda:   6%|▌         | 60/1000 [1:43:06<27:04:47, 103.71s/it]Training MLP on cuda:   6%|▌         | 61/1000 [1:44:50<27:03:37, 103.75s/it]Training MLP on cuda:   6%|▌         | 62/1000 [1:46:33<27:01:05, 103.69s/it]Training MLP on cuda:   6%|▋         | 63/1000 [1:48:16<26:54:26, 103.38s/it]Training MLP on cuda:   6%|▋         | 64/1000 [1:49:58<26:48:19, 103.10s/it]Training MLP on cuda:   6%|▋         | 65/1000 [1:51:41<26:44:51, 102.99s/it]Training MLP on cuda:   7%|▋         | 66/1000 [1:53:23<26:40:53, 102.84s/it]Training MLP on cuda:   7%|▋         | 67/1000 [1:55:06<26:36:58, 102.70s/it]Training MLP on cuda:   7%|▋         | 68/1000 [1:56:49<26:37:49, 102.86s/it]Training MLP on cuda:   7%|▋         | 69/1000 [1:58:32<26:35:16, 102.81s/it]Training MLP on cuda:   7%|▋         | 70/1000 [2:00:14<26:32:42, 102.76s/it]Training MLP on cuda:   7%|▋         | 71/1000 [2:01:57<26:29:38, 102.67s/it]Training MLP on cuda:   7%|▋         | 72/1000 [2:03:39<26:26:44, 102.59s/it]Training MLP on cuda:   7%|▋         | 73/1000 [2:05:22<26:24:42, 102.57s/it]Training MLP on cuda:   7%|▋         | 74/1000 [2:07:05<26:27:38, 102.87s/it]Training MLP on cuda:   8%|▊         | 75/1000 [2:08:49<26:28:55, 103.07s/it]Training MLP on cuda:   8%|▊         | 76/1000 [2:10:33<26:30:27, 103.28s/it]Training MLP on cuda:   8%|▊         | 77/1000 [2:12:17<26:32:18, 103.51s/it]Training MLP on cuda:   8%|▊         | 78/1000 [2:14:00<26:31:31, 103.57s/it]Training MLP on cuda:   8%|▊         | 79/1000 [2:15:44<26:30:14, 103.60s/it]Training MLP on cuda:   8%|▊         | 80/1000 [2:17:28<26:29:26, 103.66s/it]Training MLP on cuda:   8%|▊         | 81/1000 [2:19:12<26:28:37, 103.72s/it]Training MLP on cuda:   8%|▊         | 82/1000 [2:20:55<26:26:59, 103.72s/it]Training MLP on cuda:   8%|▊         | 83/1000 [2:22:39<26:24:29, 103.67s/it]Training MLP on cuda:   8%|▊         | 84/1000 [2:24:23<26:22:52, 103.68s/it]Training MLP on cuda:   8%|▊         | 85/1000 [2:26:07<26:22:07, 103.75s/it]Training MLP on cuda:   9%|▊         | 86/1000 [2:27:51<26:21:26, 103.81s/it]Training MLP on cuda:   9%|▊         | 87/1000 [2:29:34<26:20:01, 103.84s/it]Training MLP on cuda:   9%|▉         | 88/1000 [2:31:19<26:19:22, 103.91s/it]Training MLP on cuda:   9%|▉         | 89/1000 [2:33:03<26:21:10, 104.14s/it]Training MLP on cuda:   9%|▉         | 90/1000 [2:34:47<26:18:44, 104.09s/it]Training MLP on cuda:   9%|▉         | 91/1000 [2:36:31<26:15:44, 104.01s/it]Training MLP on cuda:   9%|▉         | 92/1000 [2:38:15<26:13:30, 103.98s/it]Training MLP on cuda:   9%|▉         | 93/1000 [2:39:59<26:13:45, 104.11s/it]Training MLP on cuda:   9%|▉         | 94/1000 [2:41:43<26:11:19, 104.06s/it]Training MLP on cuda:  10%|▉         | 95/1000 [2:43:27<26:08:50, 104.01s/it]Training MLP on cuda:  10%|▉         | 96/1000 [2:45:11<26:06:29, 103.97s/it]Training MLP on cuda:  10%|▉         | 97/1000 [2:46:56<26:07:48, 104.17s/it]Training MLP on cuda:  10%|▉         | 98/1000 [2:48:40<26:05:17, 104.12s/it]Training MLP on cuda:  10%|▉         | 99/1000 [2:50:24<26:06:28, 104.32s/it]Training MLP on cuda:  10%|█         | 100/1000 [2:52:08<26:03:01, 104.20s/it]Training MLP on cuda:  10%|█         | 101/1000 [2:53:52<26:00:13, 104.13s/it]Training MLP on cuda:  10%|█         | 102/1000 [2:55:36<25:57:44, 104.08s/it]Training MLP on cuda:  10%|█         | 103/1000 [2:57:20<25:54:43, 104.00s/it]Training MLP on cuda:  10%|█         | 104/1000 [2:59:04<25:52:31, 103.96s/it]Training MLP on cuda:  10%|█         | 105/1000 [3:00:49<25:53:59, 104.18s/it]Training MLP on cuda:  11%|█         | 106/1000 [3:02:33<25:50:46, 104.08s/it]Training MLP on cuda:  11%|█         | 107/1000 [3:04:16<25:47:37, 103.98s/it]Training MLP on cuda:  11%|█         | 108/1000 [3:06:00<25:45:58, 103.99s/it]Training MLP on cuda:  11%|█         | 109/1000 [3:07:44<25:44:43, 104.02s/it]Training MLP on cuda:  11%|█         | 110/1000 [3:09:28<25:42:23, 103.98s/it]Training MLP on cuda:  11%|█         | 111/1000 [3:11:12<25:39:54, 103.93s/it]Training MLP on cuda:  11%|█         | 112/1000 [3:12:56<25:38:19, 103.94s/it]Training MLP on cuda:  11%|█▏        | 113/1000 [3:14:40<25:37:24, 104.00s/it]Training MLP on cuda:  11%|█▏        | 114/1000 [3:16:24<25:36:52, 104.08s/it]Training MLP on cuda:  12%|█▏        | 115/1000 [3:18:08<25:33:41, 103.98s/it]Training MLP on cuda:  12%|█▏        | 116/1000 [3:19:52<25:33:01, 104.05s/it]Training MLP on cuda:  12%|█▏        | 117/1000 [3:21:37<25:31:41, 104.08s/it]Training MLP on cuda:  12%|█▏        | 118/1000 [3:23:21<25:30:22, 104.11s/it]Training MLP on cuda:  12%|█▏        | 119/1000 [3:25:05<25:27:34, 104.03s/it]Training MLP on cuda:  12%|█▏        | 120/1000 [3:26:48<25:25:10, 103.99s/it]Training MLP on cuda:  12%|█▏        | 121/1000 [3:28:33<25:23:53, 104.02s/it]Training MLP on cuda:  12%|█▏        | 122/1000 [3:30:17<25:22:12, 104.02s/it]Training MLP on cuda:  12%|█▏        | 123/1000 [3:32:01<25:20:53, 104.05s/it]Training MLP on cuda:  12%|█▏        | 124/1000 [3:33:45<25:19:18, 104.06s/it]Training MLP on cuda:  12%|█▎        | 125/1000 [3:35:29<25:17:34, 104.06s/it]Training MLP on cuda:  13%|█▎        | 126/1000 [3:37:12<25:13:27, 103.90s/it]Training MLP on cuda:  13%|█▎        | 127/1000 [3:38:55<25:07:56, 103.64s/it]Training MLP on cuda:  13%|█▎        | 128/1000 [3:40:38<25:02:53, 103.41s/it]Training MLP on cuda:  13%|█▎        | 129/1000 [3:42:21<24:58:37, 103.24s/it]Training MLP on cuda:  13%|█▎        | 130/1000 [3:44:04<24:55:12, 103.12s/it]Training MLP on cuda:  13%|█▎        | 131/1000 [3:45:47<24:51:41, 102.99s/it]Training MLP on cuda:  13%|█▎        | 132/1000 [3:47:29<24:49:05, 102.93s/it]Training MLP on cuda:  13%|█▎        | 133/1000 [3:49:13<24:48:07, 102.98s/it]Training MLP on cuda:  13%|█▎        | 133/1000 [3:50:57<25:05:35, 104.19s/it]
Training MLP on cuda:   0%|          | 0/1000 [00:00<?, ?it/s]Training MLP on cuda:   0%|          | 1/1000 [01:42<28:29:11, 102.65s/it]Training MLP on cuda:   0%|          | 2/1000 [03:25<28:30:04, 102.81s/it]Training MLP on cuda:   0%|          | 3/1000 [05:08<28:31:13, 102.98s/it]Training MLP on cuda:   0%|          | 4/1000 [06:51<28:29:40, 102.99s/it]Training MLP on cuda:   0%|          | 5/1000 [08:34<28:27:49, 102.98s/it]Training MLP on cuda:   1%|          | 6/1000 [10:17<28:26:48, 103.03s/it]Training MLP on cuda:   1%|          | 7/1000 [12:00<28:25:25, 103.05s/it]Training MLP on cuda:   1%|          | 8/1000 [13:44<28:28:16, 103.32s/it]Training MLP on cuda:   1%|          | 9/1000 [15:27<28:24:15, 103.18s/it]Training MLP on cuda:   1%|          | 10/1000 [17:10<28:22:21, 103.17s/it]Training MLP on cuda:   1%|          | 11/1000 [18:53<28:19:32, 103.11s/it]Training MLP on cuda:   1%|          | 12/1000 [20:36<28:16:01, 103.00s/it]Training MLP on cuda:   1%|▏         | 13/1000 [22:19<28:12:57, 102.92s/it]Training MLP on cuda:   1%|▏         | 14/1000 [24:02<28:10:59, 102.90s/it]Training MLP on cuda:   2%|▏         | 15/1000 [25:45<28:10:36, 102.98s/it]Training MLP on cuda:   2%|▏         | 16/1000 [27:28<28:08:25, 102.95s/it]Training MLP on cuda:   2%|▏         | 17/1000 [29:11<28:06:09, 102.92s/it]Training MLP on cuda:   2%|▏         | 18/1000 [30:54<28:07:06, 103.08s/it]Training MLP on cuda:   2%|▏         | 19/1000 [32:37<28:05:36, 103.09s/it]Training MLP on cuda:   2%|▏         | 20/1000 [34:20<28:04:15, 103.12s/it]Training MLP on cuda:   2%|▏         | 21/1000 [36:03<28:00:56, 103.02s/it]Training MLP on cuda:   2%|▏         | 22/1000 [37:46<27:59:04, 103.01s/it]Training MLP on cuda:   2%|▏         | 23/1000 [39:29<27:59:01, 103.11s/it]Training MLP on cuda:   2%|▏         | 24/1000 [41:13<28:01:40, 103.38s/it]Training MLP on cuda:   2%|▎         | 25/1000 [42:58<28:07:15, 103.83s/it]Training MLP on cuda:   3%|▎         | 26/1000 [44:43<28:11:52, 104.22s/it]Training MLP on cuda:   3%|▎         | 27/1000 [46:28<28:12:12, 104.35s/it]Training MLP on cuda:   3%|▎         | 28/1000 [48:13<28:11:37, 104.42s/it]Training MLP on cuda:   3%|▎         | 29/1000 [49:57<28:10:07, 104.44s/it]Training MLP on cuda:   3%|▎         | 30/1000 [51:42<28:10:50, 104.59s/it]Training MLP on cuda:   3%|▎         | 31/1000 [53:27<28:09:32, 104.62s/it]Training MLP on cuda:   3%|▎         | 32/1000 [55:11<28:07:27, 104.59s/it]Training MLP on cuda:   3%|▎         | 33/1000 [56:56<28:05:01, 104.55s/it]Training MLP on cuda:   3%|▎         | 34/1000 [58:41<28:05:32, 104.69s/it]Training MLP on cuda:   4%|▎         | 35/1000 [1:00:25<28:03:37, 104.68s/it]Training MLP on cuda:   4%|▎         | 36/1000 [1:02:10<28:01:24, 104.65s/it]Training MLP on cuda:   4%|▎         | 37/1000 [1:03:55<28:02:18, 104.82s/it]Training MLP on cuda:   4%|▍         | 38/1000 [1:05:42<28:09:49, 105.39s/it]Training MLP on cuda:   4%|▍         | 39/1000 [1:07:29<28:16:05, 105.90s/it]Training MLP on cuda:   4%|▍         | 40/1000 [1:09:17<28:23:59, 106.50s/it]Training MLP on cuda:   4%|▍         | 41/1000 [1:11:05<28:28:52, 106.92s/it]Training MLP on cuda:   4%|▍         | 42/1000 [1:12:53<28:30:50, 107.15s/it]Training MLP on cuda:   4%|▍         | 43/1000 [1:14:41<28:34:29, 107.49s/it]Training MLP on cuda:   4%|▍         | 44/1000 [1:16:28<28:29:57, 107.32s/it]Training MLP on cuda:   4%|▍         | 45/1000 [1:18:15<28:26:27, 107.21s/it]Training MLP on cuda:   5%|▍         | 46/1000 [1:20:01<28:19:46, 106.90s/it]Training MLP on cuda:   5%|▍         | 47/1000 [1:21:47<28:15:14, 106.73s/it]Training MLP on cuda:   5%|▍         | 48/1000 [1:23:33<28:06:50, 106.31s/it]Training MLP on cuda:   5%|▍         | 49/1000 [1:25:19<28:04:20, 106.27s/it]Training MLP on cuda:   5%|▌         | 50/1000 [1:27:05<28:02:37, 106.27s/it]Training MLP on cuda:   5%|▌         | 51/1000 [1:28:51<27:57:58, 106.09s/it]Training MLP on cuda:   5%|▌         | 52/1000 [1:30:36<27:51:16, 105.78s/it]Training MLP on cuda:   5%|▌         | 53/1000 [1:32:21<27:48:21, 105.70s/it]Training MLP on cuda:   5%|▌         | 54/1000 [1:34:08<27:49:06, 105.86s/it]Training MLP on cuda:   6%|▌         | 55/1000 [1:35:54<27:52:20, 106.18s/it]Training MLP on cuda:   6%|▌         | 56/1000 [1:37:39<27:44:23, 105.79s/it]Training MLP on cuda:   6%|▌         | 57/1000 [1:39:24<27:39:45, 105.60s/it]Training MLP on cuda:   6%|▌         | 58/1000 [1:41:10<27:39:25, 105.70s/it]Training MLP on cuda:   6%|▌         | 59/1000 [1:42:57<27:41:30, 105.94s/it]Training MLP on cuda:   6%|▌         | 60/1000 [1:44:42<27:36:16, 105.72s/it]Training MLP on cuda:   6%|▌         | 61/1000 [1:46:27<27:31:30, 105.53s/it]Training MLP on cuda:   6%|▌         | 62/1000 [1:48:12<27:24:51, 105.21s/it]Training MLP on cuda:   6%|▋         | 63/1000 [1:49:56<27:20:20, 105.04s/it]Training MLP on cuda:   6%|▋         | 64/1000 [1:51:41<27:16:07, 104.88s/it]Training MLP on cuda:   6%|▋         | 65/1000 [1:53:25<27:12:02, 104.73s/it]Training MLP on cuda:   7%|▋         | 66/1000 [1:55:10<27:08:52, 104.64s/it]Training MLP on cuda:   7%|▋         | 67/1000 [1:56:54<27:08:15, 104.71s/it]Training MLP on cuda:   7%|▋         | 68/1000 [1:58:39<27:05:29, 104.65s/it]Training MLP on cuda:   7%|▋         | 69/1000 [2:00:23<27:02:22, 104.56s/it]Training MLP on cuda:   7%|▋         | 70/1000 [2:02:08<26:59:40, 104.50s/it]Training MLP on cuda:   7%|▋         | 71/1000 [2:03:52<26:59:20, 104.59s/it]Training MLP on cuda:   7%|▋         | 72/1000 [2:05:37<26:58:04, 104.62s/it]Training MLP on cuda:   7%|▋         | 73/1000 [2:07:22<26:55:31, 104.57s/it]Training MLP on cuda:   7%|▋         | 74/1000 [2:09:06<26: