[I 2025-05-13 17:12:45,454] Trial 0 finished with value: 0.5513532742979546 and parameters: {'threshold_scale_factor': 0.9141406907756324}. Best is trial 0 with value: 0.5513532742979546.
[I 2025-05-13 17:12:59,972] Trial 1 finished with value: 0.5519505488783749 and parameters: {'threshold_scale_factor': 0.7222273232270126}. Best is trial 1 with value: 0.5519505488783749.
[I 2025-05-13 17:13:14,447] Trial 2 finished with value: 0.5473422212178989 and parameters: {'threshold_scale_factor': 0.21553273545299434}. Best is trial 1 with value: 0.5519505488783749.
[I 2025-05-13 17:13:28,856] Trial 3 finished with value: 0.5496613598851305 and parameters: {'threshold_scale_factor': 0.3791754738755876}. Best is trial 1 with value: 0.5519505488783749.
[I 2025-05-13 17:13:43,385] Trial 4 finished with value: 0.5454689860257829 and parameters: {'threshold_scale_factor': 0.10951102730329199}. Best is trial 1 with value: 0.5519505488783749.
[I 2025-05-13 17:13:57,886] Trial 5 finished with value: 0.5495871810685058 and parameters: {'threshold_scale_factor': 0.3726902010121005}. Best is trial 1 with value: 0.5519505488783749.
[I 2025-05-13 17:14:12,350] Trial 6 finished with value: 0.5510064674026474 and parameters: {'threshold_scale_factor': 0.5235460852498378}. Best is trial 1 with value: 0.5519505488783749.
[I 2025-05-13 17:14:26,823] Trial 7 finished with value: 0.5516191307268005 and parameters: {'threshold_scale_factor': 0.6088967835667505}. Best is trial 1 with value: 0.5519505488783749.
[I 2025-05-13 17:14:41,282] Trial 8 finished with value: 0.5476797499234988 and parameters: {'threshold_scale_factor': 0.236730012501279}. Best is trial 1 with value: 0.5519505488783749.
[I 2025-05-13 17:14:55,910] Trial 9 finished with value: 0.5505004576889578 and parameters: {'threshold_scale_factor': 0.46322094931957836}. Best is trial 1 with value: 0.5519505488783749.
[I 2025-05-13 17:15:10,388] Trial 10 finished with value: 0.5518925148098455 and parameters: {'threshold_scale_factor': 0.77286305546839}. Best is trial 1 with value: 0.5519505488783749.
[I 2025-05-13 17:15:24,866] Trial 11 finished with value: 0.5518589324984896 and parameters: {'threshold_scale_factor': 0.7877961429441211}. Best is trial 1 with value: 0.5519505488783749.
[I 2025-05-13 17:15:39,365] Trial 12 finished with value: 0.5519507537603277 and parameters: {'threshold_scale_factor': 0.7264282366448724}. Best is trial 12 with value: 0.5519507537603277.
[I 2025-05-13 17:15:53,869] Trial 13 finished with value: 0.5518876689499329 and parameters: {'threshold_scale_factor': 0.6733426430399235}. Best is trial 12 with value: 0.5519507537603277.
[I 2025-05-13 17:16:08,360] Trial 14 finished with value: 0.5508268989164293 and parameters: {'threshold_scale_factor': 0.9885811748535148}. Best is trial 12 with value: 0.5519507537603277.
[I 2025-05-13 17:16:22,815] Trial 15 finished with value: 0.5517707162551295 and parameters: {'threshold_scale_factor': 0.8199430560693657}. Best is trial 12 with value: 0.5519507537603277.
[I 2025-05-13 17:16:37,310] Trial 16 finished with value: 0.5517637673422311 and parameters: {'threshold_scale_factor': 0.6368963880548724}. Best is trial 12 with value: 0.5519507537603277.
[I 2025-05-13 17:16:51,820] Trial 17 finished with value: 0.5519325629545936 and parameters: {'threshold_scale_factor': 0.6988262466782298}. Best is trial 12 with value: 0.5519507537603277.
[I 2025-05-13 17:17:06,262] Trial 18 finished with value: 0.5514711748228703 and parameters: {'threshold_scale_factor': 0.8927587602722009}. Best is trial 12 with value: 0.5519507537603277.
[I 2025-05-13 17:17:20,682] Trial 19 finished with value: 0.5511103222151607 and parameters: {'threshold_scale_factor': 0.5367357719346804}. Best is trial 12 with value: 0.5519507537603277.
[I 2025-05-13 17:17:35,050] Trial 20 finished with value: 0.551911537697432 and parameters: {'threshold_scale_factor': 0.7628643175993972}. Best is trial 12 with value: 0.5519507537603277.
[I 2025-05-13 17:17:49,441] Trial 21 finished with value: 0.5519488194336559 and parameters: {'threshold_scale_factor': 0.7124335324460934}. Best is trial 12 with value: 0.5519507537603277.
[I 2025-05-13 17:18:03,856] Trial 22 finished with value: 0.5516113404420592 and parameters: {'threshold_scale_factor': 0.8633180137572225}. Best is trial 12 with value: 0.5519507537603277.
[I 2025-05-13 17:18:18,275] Trial 23 finished with value: 0.5519479348759111 and parameters: {'threshold_scale_factor': 0.7100979241103588}. Best is trial 12 with value: 0.5519507537603277.
[I 2025-05-13 17:18:32,758] Trial 24 finished with value: 0.5513077674050013 and parameters: {'threshold_scale_factor': 0.562662339924874}. Best is trial 12 with value: 0.5519507537603277.
[I 2025-05-13 17:18:47,195] Trial 25 finished with value: 0.5509644465158612 and parameters: {'threshold_scale_factor': 0.9713387281542585}. Best is trial 12 with value: 0.5519507537603277.
[I 2025-05-13 17:19:01,734] Trial 26 finished with value: 0.5502732767459926 and parameters: {'threshold_scale_factor': 0.43715134720242754}. Best is trial 12 with value: 0.5519507537603277.
[I 2025-05-13 17:19:16,128] Trial 27 finished with value: 0.5517166326922925 and parameters: {'threshold_scale_factor': 0.6266940018493933}. Best is trial 12 with value: 0.5519507537603277.
[I 2025-05-13 17:19:30,540] Trial 28 finished with value: 0.5519461813274329 and parameters: {'threshold_scale_factor': 0.7335906511634679}. Best is trial 12 with value: 0.5519507537603277.
[I 2025-05-13 17:19:44,959] Trial 29 finished with value: 0.5516761253207165 and parameters: {'threshold_scale_factor': 0.8471238827873373}. Best is trial 12 with value: 0.5519507537603277.
[I 2025-05-13 17:19:59,391] Trial 30 finished with value: 0.5513238192531915 and parameters: {'threshold_scale_factor': 0.9192677368651062}. Best is trial 12 with value: 0.5519507537603277.
[I 2025-05-13 17:20:13,827] Trial 31 finished with value: 0.5518819641425198 and parameters: {'threshold_scale_factor': 0.6710812356488608}. Best is trial 12 with value: 0.5519507537603277.
[I 2025-05-13 17:20:28,274] Trial 32 finished with value: 0.5519458398575117 and parameters: {'threshold_scale_factor': 0.7342589601144542}. Best is trial 12 with value: 0.5519507537603277.
[I 2025-05-13 17:20:42,723] Trial 33 finished with value: 0.5514834333419643 and parameters: {'threshold_scale_factor': 0.5877252647115719}. Best is trial 12 with value: 0.5519507537603277.
[I 2025-05-13 17:20:57,195] Trial 34 finished with value: 0.5519430799770889 and parameters: {'threshold_scale_factor': 0.7066859762964024}. Best is trial 12 with value: 0.5519507537603277.
[I 2025-05-13 17:21:11,585] Trial 35 finished with value: 0.5433751376629083 and parameters: {'threshold_scale_factor': 0.01706842501566508}. Best is trial 12 with value: 0.5519507537603277.
[I 2025-05-13 17:21:26,003] Trial 36 finished with value: 0.5517611884910827 and parameters: {'threshold_scale_factor': 0.8229383029605712}. Best is trial 12 with value: 0.5519507537603277.
[I 2025-05-13 17:21:40,408] Trial 37 finished with value: 0.5489594975872703 and parameters: {'threshold_scale_factor': 0.32403293775474923}. Best is trial 12 with value: 0.5519507537603277.
[I 2025-05-13 17:21:54,761] Trial 38 finished with value: 0.5512286957763498 and parameters: {'threshold_scale_factor': 0.934629870502087}. Best is trial 12 with value: 0.5519507537603277.
[I 2025-05-13 17:22:09,169] Trial 39 finished with value: 0.5506401977261492 and parameters: {'threshold_scale_factor': 0.47962115477866085}. Best is trial 12 with value: 0.5519507537603277.
[I 2025-05-13 17:22:23,528] Trial 40 finished with value: 0.5518279960768622 and parameters: {'threshold_scale_factor': 0.653442575293216}. Best is trial 12 with value: 0.5519507537603277.
[I 2025-05-13 17:22:37,941] Trial 41 finished with value: 0.5519376674277554 and parameters: {'threshold_scale_factor': 0.7455312763629063}. Best is trial 12 with value: 0.5519507537603277.
[I 2025-05-13 17:22:52,434] Trial 42 finished with value: 0.5518399244246719 and parameters: {'threshold_scale_factor': 0.7955896276002768}. Best is trial 12 with value: 0.5519507537603277.
[I 2025-05-13 17:23:06,764] Trial 43 finished with value: 0.5519493133096376 and parameters: {'threshold_scale_factor': 0.7130469681722267}. Best is trial 12 with value: 0.5519507537603277.
[I 2025-05-13 17:23:21,197] Trial 44 finished with value: 0.5516162628816232 and parameters: {'threshold_scale_factor': 0.60831361939054}. Best is trial 12 with value: 0.5519507537603277.
[I 2025-05-13 17:23:35,461] Trial 45 finished with value: 0.551950457233874 and parameters: {'threshold_scale_factor': 0.7159625996907245}. Best is trial 12 with value: 0.5519507537603277.
[I 2025-05-13 17:23:49,845] Trial 46 finished with value: 0.5509651384946136 and parameters: {'threshold_scale_factor': 0.5184137119113673}. Best is trial 12 with value: 0.5519507537603277.
[I 2025-05-13 17:24:04,216] Trial 47 finished with value: 0.5518541303266404 and parameters: {'threshold_scale_factor': 0.7904533317150666}. Best is trial 12 with value: 0.5519507537603277.
[I 2025-05-13 17:24:18,600] Trial 48 finished with value: 0.5514381802917245 and parameters: {'threshold_scale_factor': 0.5811925299998022}. Best is trial 12 with value: 0.5519507537603277.
[I 2025-05-13 17:24:33,034] Trial 49 finished with value: 0.551890348233411 and parameters: {'threshold_scale_factor': 0.6744074715581398}. Best is trial 12 with value: 0.5519507537603277.
[I 2025-05-13 17:24:47,455] Trial 50 finished with value: 0.551659949438599 and parameters: {'threshold_scale_factor': 0.8512753851208771}. Best is trial 12 with value: 0.5519507537603277.
[I 2025-05-13 17:25:01,909] Trial 51 finished with value: 0.5519504203249928 and parameters: {'threshold_scale_factor': 0.7160366527595744}. Best is trial 12 with value: 0.5519507537603277.
[I 2025-05-13 17:25:16,257] Trial 52 finished with value: 0.5519046854506509 and parameters: {'threshold_scale_factor': 0.7665352655264966}. Best is trial 12 with value: 0.5519507537603277.
[I 2025-05-13 17:25:30,644] Trial 53 finished with value: 0.551943777981781 and parameters: {'threshold_scale_factor': 0.7070919949582024}. Best is trial 12 with value: 0.5519507537603277.
[I 2025-05-13 17:25:45,090] Trial 54 finished with value: 0.5515132170515264 and parameters: {'threshold_scale_factor': 0.8844939209514873}. Best is trial 12 with value: 0.5519507537603277.
[I 2025-05-13 17:25:59,441] Trial 55 finished with value: 0.5517673959623065 and parameters: {'threshold_scale_factor': 0.6376465379273926}. Best is trial 12 with value: 0.5519507537603277.
[I 2025-05-13 17:26:13,820] Trial 56 finished with value: 0.5518232950905853 and parameters: {'threshold_scale_factor': 0.8021140180898028}. Best is trial 12 with value: 0.5519507537603277.
[I 2025-05-13 17:26:28,180] Trial 57 finished with value: 0.5512460273835024 and parameters: {'threshold_scale_factor': 0.5544963310149285}. Best is trial 12 with value: 0.5519507537603277.
[I 2025-05-13 17:26:42,561] Trial 58 finished with value: 0.5519448184607175 and parameters: {'threshold_scale_factor': 0.7362541636211863}. Best is trial 12 with value: 0.5519507537603277.
[I 2025-05-13 17:26:57,088] Trial 59 finished with value: 0.5519180444569985 and parameters: {'threshold_scale_factor': 0.6892105930141099}. Best is trial 12 with value: 0.5519507537603277.
[I 2025-05-13 17:27:11,455] Trial 60 finished with value: 0.5517456149518631 and parameters: {'threshold_scale_factor': 0.8282433575328455}. Best is trial 12 with value: 0.5519507537603277.
[I 2025-05-13 17:27:25,802] Trial 61 finished with value: 0.5519413352164395 and parameters: {'threshold_scale_factor': 0.7051120907260906}. Best is trial 12 with value: 0.5519507537603277.
[I 2025-05-13 17:27:40,183] Trial 62 finished with value: 0.5516591140926959 and parameters: {'threshold_scale_factor': 0.6161003379359953}. Best is trial 12 with value: 0.5519507537603277.
[I 2025-05-13 17:27:54,610] Trial 63 finished with value: 0.5519095810245667 and parameters: {'threshold_scale_factor': 0.7639419540051635}. Best is trial 12 with value: 0.5519507537603277.
[I 2025-05-13 17:28:08,994] Trial 64 finished with value: 0.5518577491545638 and parameters: {'threshold_scale_factor': 0.6623972994977103}. Best is trial 12 with value: 0.5519507537603277.
[I 2025-05-13 17:28:23,361] Trial 65 finished with value: 0.5519466664155859 and parameters: {'threshold_scale_factor': 0.7327004095096992}. Best is trial 12 with value: 0.5519507537603277.
[I 2025-05-13 17:28:37,754] Trial 66 finished with value: 0.5500804976421941 and parameters: {'threshold_scale_factor': 0.4175673963557186}. Best is trial 12 with value: 0.5519507537603277.
[I 2025-05-13 17:28:52,134] Trial 67 finished with value: 0.5519488699009015 and parameters: {'threshold_scale_factor': 0.711878660983833}. Best is trial 12 with value: 0.5519507537603277.
[I 2025-05-13 17:29:06,511] Trial 68 finished with value: 0.551517918539965 and parameters: {'threshold_scale_factor': 0.5929859782662957}. Best is trial 12 with value: 0.5519507537603277.
[I 2025-05-13 17:29:20,871] Trial 69 finished with value: 0.5472985431976712 and parameters: {'threshold_scale_factor': 0.21285154374024828}. Best is trial 12 with value: 0.5519507537603277.
[I 2025-05-13 17:29:35,276] Trial 70 finished with value: 0.5517946018250437 and parameters: {'threshold_scale_factor': 0.6444510037673415}. Best is trial 12 with value: 0.5519507537603277.
[I 2025-05-13 17:29:49,712] Trial 71 finished with value: 0.551949528736985 and parameters: {'threshold_scale_factor': 0.7172345475938909}. Best is trial 12 with value: 0.5519507537603277.
[I 2025-05-13 17:30:04,040] Trial 72 finished with value: 0.5518884063743145 and parameters: {'threshold_scale_factor': 0.7749425853705507}. Best is trial 12 with value: 0.5519507537603277.
[I 2025-05-13 17:30:18,454] Trial 73 finished with value: 0.5519099184771948 and parameters: {'threshold_scale_factor': 0.6841626958942787}. Best is trial 12 with value: 0.5519507537603277.
[I 2025-05-13 17:30:32,808] Trial 74 finished with value: 0.5519501446382475 and parameters: {'threshold_scale_factor': 0.7152595697955524}. Best is trial 12 with value: 0.5519507537603277.
[I 2025-05-13 17:30:47,352] Trial 75 finished with value: 0.5519442053213443 and parameters: {'threshold_scale_factor': 0.7366731184912774}. Best is trial 12 with value: 0.5519507537603277.
[I 2025-05-13 17:31:01,712] Trial 76 finished with value: 0.5515193002377421 and parameters: {'threshold_scale_factor': 0.8831865462838195}. Best is trial 12 with value: 0.5519507537603277.
[I 2025-05-13 17:31:16,153] Trial 77 finished with value: 0.5517711794992507 and parameters: {'threshold_scale_factor': 0.8198427234572603}. Best is trial 12 with value: 0.5519507537603277.
[I 2025-05-13 17:31:30,528] Trial 78 finished with value: 0.5518249755745436 and parameters: {'threshold_scale_factor': 0.6525936145781209}. Best is trial 12 with value: 0.5519507537603277.
[I 2025-05-13 17:31:44,892] Trial 79 finished with value: 0.5519244445072147 and parameters: {'threshold_scale_factor': 0.7559713572998958}. Best is trial 12 with value: 0.5519507537603277.
[I 2025-05-13 17:31:59,270] Trial 80 finished with value: 0.5518082859810591 and parameters: {'threshold_scale_factor': 0.8077885393765953}. Best is trial 12 with value: 0.5519507537603277.
[I 2025-05-13 17:32:13,635] Trial 81 finished with value: 0.551950003781905 and parameters: {'threshold_scale_factor': 0.7150784790878036}. Best is trial 12 with value: 0.5519507537603277.
[I 2025-05-13 17:32:28,027] Trial 82 finished with value: 0.5519499954962377 and parameters: {'threshold_scale_factor': 0.7146055541404698}. Best is trial 12 with value: 0.5519507537603277.
[I 2025-05-13 17:32:42,404] Trial 83 finished with value: 0.5518707245094117 and parameters: {'threshold_scale_factor': 0.7827902903714358}. Best is trial 12 with value: 0.5519507537603277.
[I 2025-05-13 17:32:56,827] Trial 84 finished with value: 0.5519033140471876 and parameters: {'threshold_scale_factor': 0.680327973625739}. Best is trial 12 with value: 0.5519507537603277.
[I 2025-05-13 17:33:11,243] Trial 85 finished with value: 0.5519495078972765 and parameters: {'threshold_scale_factor': 0.7171547194846746}. Best is trial 12 with value: 0.5519507537603277.
[I 2025-05-13 17:33:25,635] Trial 86 finished with value: 0.5517124968889516 and parameters: {'threshold_scale_factor': 0.6258147523417428}. Best is trial 12 with value: 0.5519507537603277.
[I 2025-05-13 17:33:40,004] Trial 87 finished with value: 0.5519505667051134 and parameters: {'threshold_scale_factor': 0.7265977184439562}. Best is trial 12 with value: 0.5519507537603277.
[I 2025-05-13 17:33:54,338] Trial 88 finished with value: 0.5519263577430972 and parameters: {'threshold_scale_factor': 0.7541962519736812}. Best is trial 12 with value: 0.5519507537603277.
[I 2025-05-13 17:34:08,750] Trial 89 finished with value: 0.5518874615571718 and parameters: {'threshold_scale_factor': 0.6732318968523268}. Best is trial 12 with value: 0.5519507537603277.
[I 2025-05-13 17:34:23,170] Trial 90 finished with value: 0.5516242595548024 and parameters: {'threshold_scale_factor': 0.8601968683358322}. Best is trial 12 with value: 0.5519507537603277.
[I 2025-05-13 17:34:37,608] Trial 91 finished with value: 0.5519476639597015 and parameters: {'threshold_scale_factor': 0.7308324289959544}. Best is trial 12 with value: 0.5519507537603277.
[I 2025-05-13 17:34:52,143] Trial 92 finished with value: 0.5519416671452896 and parameters: {'threshold_scale_factor': 0.7053925913482264}. Best is trial 12 with value: 0.5519507537603277.
[I 2025-05-13 17:35:06,464] Trial 93 finished with value: 0.5518762025908402 and parameters: {'threshold_scale_factor': 0.7803244728773537}. Best is trial 12 with value: 0.5519507537603277.
[I 2025-05-13 17:35:20,847] Trial 94 finished with value: 0.551948979372141 and parameters: {'threshold_scale_factor': 0.7285381114728081}. Best is trial 12 with value: 0.5519507537603277.
[I 2025-05-13 17:35:35,241] Trial 95 finished with value: 0.5517073173426232 and parameters: {'threshold_scale_factor': 0.8386598957136321}. Best is trial 12 with value: 0.5519507537603277.
[I 2025-05-13 17:35:49,669] Trial 96 finished with value: 0.5519204287205078 and parameters: {'threshold_scale_factor': 0.6907629634567185}. Best is trial 12 with value: 0.5519507537603277.
[I 2025-05-13 17:36:04,101] Trial 97 finished with value: 0.5515878877354864 and parameters: {'threshold_scale_factor': 0.6037153412661139}. Best is trial 12 with value: 0.5519507537603277.
[I 2025-05-13 17:36:18,582] Trial 98 finished with value: 0.551849042424813 and parameters: {'threshold_scale_factor': 0.6593150900983604}. Best is trial 12 with value: 0.5519507537603277.
