[I 2025-05-13 17:12:23,206] Trial 99 finished with value: 0.5569450920760461 and parameters: {'interp_param': 0.8330743473311343}. Best is trial 53 with value: 0.5582967317122928.
Best hyperparameters: {'interp_param': 0.9943002406082511}
Best optimized value: 0.5582967317122928
Tuning threshold scale factor for offline LSET using optuna
  0%|          | 0/100 [00:00<?, ?it/s]                                         0%|          | 0/100 [00:14<?, ?it/s]Best trial: 0. Best value: 0.559142:   0%|          | 0/100 [00:14<?, ?it/s]Best trial: 0. Best value: 0.559142:   1%|          | 1/100 [00:14<23:50, 14.45s/it]                                                                                    Best trial: 0. Best value: 0.559142:   1%|          | 1/100 [00:28<23:50, 14.45s/it]Best trial: 0. Best value: 0.559142:   1%|          | 1/100 [00:28<23:50, 14.45s/it]Best trial: 0. Best value: 0.559142:   2%|▏         | 2/100 [00:28<23:34, 14.44s/it]                                                                                    Best trial: 0. Best value: 0.559142:   2%|▏         | 2/100 [00:43<23:34, 14.44s/it]Best trial: 0. Best value: 0.559142:   2%|▏         | 2/100 [00:43<23:34, 14.44s/it]Best trial: 0. Best value: 0.559142:   3%|▎         | 3/100 [00:43<23:20, 14.44s/it]                                                                                    Best trial: 0. Best value: 0.559142:   3%|▎         | 3/100 [00:57<23:20, 14.44s/it]Best trial: 0. Best value: 0.559142:   3%|▎         | 3/100 [00:57<23:20, 14.44s/it]Best trial: 0. Best value: 0.559142:   4%|▍         | 4/100 [00:57<23:07, 14.45s/it]                                                                                    Best trial: 0. Best value: 0.559142:   4%|▍         | 4/100 [01:12<23:07, 14.45s/it]Best trial: 0. Best value: 0.559142:   4%|▍         | 4/100 [01:12<23:07, 14.45s/it]Best trial: 0. Best value: 0.559142:   5%|▌         | 5/100 [01:12<22:51, 14.44s/it]                                                                                    Best trial: 0. Best value: 0.559142:   5%|▌         | 5/100 [01:26<22:51, 14.44s/it]Best trial: 0. Best value: 0.559142:   5%|▌         | 5/100 [01:26<22:51, 14.44s/it]Best trial: 0. Best value: 0.559142:   6%|▌         | 6/100 [01:26<22:35, 14.42s/it]                                                                                    Best trial: 0. Best value: 0.559142:   6%|▌         | 6/100 [01:40<22:35, 14.42s/it]Best trial: 0. Best value: 0.559142:   6%|▌         | 6/100 [01:40<22:35, 14.42s/it]Best trial: 0. Best value: 0.559142:   7%|▋         | 7/100 [01:40<22:20, 14.41s/it]                                                                                    Best trial: 0. Best value: 0.559142:   7%|▋         | 7/100 [01:55<22:20, 14.41s/it]Best trial: 0. Best value: 0.559142:   7%|▋         | 7/100 [01:55<22:20, 14.41s/it]Best trial: 0. Best value: 0.559142:   8%|▊         | 8/100 [01:55<22:05, 14.41s/it]                                                                                    Best trial: 0. Best value: 0.559142:   8%|▊         | 8/100 [02:09<22:05, 14.41s/it]Best trial: 0. Best value: 0.559142:   8%|▊         | 8/100 [02:09<22:05, 14.41s/it]Best trial: 0. Best value: 0.559142:   9%|▉         | 9/100 [02:09<21:50, 14.40s/it]                                                                                    Best trial: 0. Best value: 0.559142:   9%|▉         | 9/100 [02:24<21:50, 14.40s/it]Best trial: 0. Best value: 0.559142:   9%|▉         | 9/100 [02:24<21:50, 14.40s/it]Best trial: 0. Best value: 0.559142:  10%|█         | 10/100 [02:24<21:40, 14.45s/it]                                                                                     Best trial: 0. Best value: 0.559142:  10%|█         | 10/100 [02:38<21:40, 14.45s/it]Best trial: 0. Best value: 0.559142:  10%|█         | 10/100 [02:38<21:40, 14.45s/it]Best trial: 0. Best value: 0.559142:  11%|█         | 11/100 [02:38<21:23, 14.42s/it]                                                                                     Best trial: 0. Best value: 0.559142:  11%|█         | 11/100 [02:53<21:23, 14.42s/it]Best trial: 0. Best value: 0.559142:  11%|█         | 11/100 [02:53<21:23, 14.42s/it]Best trial: 0. Best value: 0.559142:  12%|█▏        | 12/100 [02:53<21:07, 14.41s/it]                                                                                     Best trial: 0. Best value: 0.559142:  12%|█▏        | 12/100 [03:07<21:07, 14.41s/it]Best trial: 0. Best value: 0.559142:  12%|█▏        | 12/100 [03:07<21:07, 14.41s/it]Best trial: 0. Best value: 0.559142:  13%|█▎        | 13/100 [03:07<20:53, 14.41s/it]                                                                                     Best trial: 0. Best value: 0.559142:  13%|█▎        | 13/100 [03:21<20:53, 14.41s/it]Best trial: 0. Best value: 0.559142:  13%|█▎        | 13/100 [03:21<20:53, 14.41s/it]Best trial: 0. Best value: 0.559142:  14%|█▍        | 14/100 [03:21<20:40, 14.42s/it]                                                                                     Best trial: 0. Best value: 0.559142:  14%|█▍        | 14/100 [03:36<20:40, 14.42s/it]Best trial: 14. Best value: 0.5592:  14%|█▍        | 14/100 [03:36<20:40, 14.42s/it] Best trial: 14. Best value: 0.5592:  15%|█▌        | 15/100 [03:36<20:26, 14.43s/it]                                                                                    Best trial: 14. Best value: 0.5592:  15%|█▌        | 15/100 [03:50<20:26, 14.43s/it]Best trial: 14. Best value: 0.5592:  15%|█▌        | 15/100 [03:50<20:26, 14.43s/it]Best trial: 14. Best value: 0.5592:  16%|█▌        | 16/100 [03:50<20:11, 14.42s/it]                                                                                    Best trial: 14. Best value: 0.5592:  16%|█▌        | 16/100 [04:05<20:11, 14.42s/it]Best trial: 14. Best value: 0.5592:  16%|█▌        | 16/100 [04:05<20:11, 14.42s/it]Best trial: 14. Best value: 0.5592:  17%|█▋        | 17/100 [04:05<19:57, 14.43s/it]                                                                                    Best trial: 14. Best value: 0.5592:  17%|█▋        | 17/100 [04:19<19:57, 14.43s/it]Best trial: 14. Best value: 0.5592:  17%|█▋        | 17/100 [04:19<19:57, 14.43s/it]Best trial: 14. Best value: 0.5592:  18%|█▊        | 18/100 [04:19<19:43, 14.43s/it]                                                                                    Best trial: 14. Best value: 0.5592:  18%|█▊        | 18/100 [04:34<19:43, 14.43s/it]Best trial: 14. Best value: 0.5592:  18%|█▊        | 18/100 [04:34<19:43, 14.43s/it]Best trial: 14. Best value: 0.5592:  19%|█▉        | 19/100 [04:34<19:28, 14.42s/it]                                                                                    Best trial: 14. Best value: 0.5592:  19%|█▉        | 19/100 [04:48<19:28, 14.42s/it]Best trial: 14. Best value: 0.5592:  19%|█▉        | 19/100 [04:48<19:28, 14.42s/it]Best trial: 14. Best value: 0.5592:  20%|██        | 20/100 [04:48<19:13, 14.42s/it]                                                                                    Best trial: 14. Best value: 0.5592:  20%|██        | 20/100 [05:02<19:13, 14.42s/it]Best trial: 14. Best value: 0.5592:  20%|██        | 20/100 [05:02<19:13, 14.42s/it]Best trial: 14. Best value: 0.5592:  21%|██        | 21/100 [05:02<19:00, 14.43s/it]                                                                                    Best trial: 14. Best value: 0.5592:  21%|██        | 21/100 [05:17<19:00, 14.43s/it]Best trial: 21. Best value: 0.559205:  21%|██        | 21/100 [05:17<19:00, 14.43s/it]Best trial: 21. Best value: 0.559205:  22%|██▏       | 22/100 [05:17<18:46, 14.44s/it]                                                                                      Best trial: 21. Best value: 0.559205:  22%|██▏       | 22/100 [05:31<18:46, 14.44s/it]Best trial: 21. Best value: 0.559205:  22%|██▏       | 22/100 [05:31<18:46, 14.44s/it]Best trial: 21. Best value: 0.559205:  23%|██▎       | 23/100 [05:31<18:30, 14.42s/it]                                                                                      Best trial: 21. Best value: 0.559205:  23%|██▎       | 23/100 [05:46<18:30, 14.42s/it]Best trial: 21. Best value: 0.559205:  23%|██▎       | 23/100 [05:46<18:30, 14.42s/it]Best trial: 21. Best value: 0.559205:  24%|██▍       | 24/100 [05:46<18:15, 14.42s/it]                                                                                      Best trial: 21. Best value: 0.559205:  24%|██▍       | 24/100 [06:00<18:15, 14.42s/it]Best trial: 21. Best value: 0.559205:  24%|██▍       | 24/100 [06:00<18:15, 14.42s/it]Best trial: 21. Best value: 0.559205:  25%|██▌       | 25/100 [06:00<18:01, 14.41s/it]                                                                                      Best trial: 21. Best value: 0.559205:  25%|██▌       | 25/100 [06:15<18:01, 14.41s/it]Best trial: 21. Best value: 0.559205:  25%|██▌       | 25/100 [06:15<18:01, 14.41s/it]Best trial: 21. Best value: 0.559205:  26%|██▌       | 26/100 [06:15<17:47, 14.42s/it]                                                                                      Best trial: 21. Best value: 0.559205:  26%|██▌       | 26/100 [06:29<17:47, 14.42s/it]Best trial: 21. Best value: 0.559205:  26%|██▌       | 26/100 [06:29<17:47, 14.42s/it]Best trial: 21. Best value: 0.559205:  27%|██▋       | 27/100 [06:29<17:36, 14.47s/it]                                                                                      Best trial: 21. Best value: 0.559205:  27%|██▋       | 27/100 [06:43<17:36, 14.47s/it]Best trial: 27. Best value: 0.559205:  27%|██▋       | 27/100 [06:43<17:36, 14.47s/it]Best trial: 27. Best value: 0.559205:  28%|██▊       | 28/100 [06:43<17:19, 14.44s/it]                                                                                      Best trial: 27. Best value: 0.559205:  28%|██▊       | 28/100 [06:58<17:19, 14.44s/it]Best trial: 27. Best value: 0.559205:  28%|██▊       | 28/100 [06:58<17:19, 14.44s/it]Best trial: 27. Best value: 0.559205:  29%|██▉       | 29/100 [06:58<17:04, 14.43s/it]                                                                                      Best trial: 27. Best value: 0.559205:  29%|██▉       | 29/100 [07:12<17:04, 14.43s/it]Best trial: 27. Best value: 0.559205:  29%|██▉       | 29/100 [07:12<17:04, 14.43s/it]Best trial: 27. Best value: 0.559205:  30%|███       | 30/100 [07:12<16:49, 14.42s/it]                                                                                      Best trial: 27. Best value: 0.559205:  30%|███       | 30/100 [07:27<16:49, 14.42s/it]Best trial: 27. Best value: 0.559205:  30%|███       | 30/100 [07:27<16:49, 14.42s/it]Best trial: 27. Best value: 0.559205:  31%|███       | 31/100 [07:27<16:34, 14.42s/it]                                                                                      Best trial: 27. Best value: 0.559205:  31%|███       | 31/100 [07:41<16:34, 14.42s/it]Best trial: 27. Best value: 0.559205:  31%|███       | 31/100 [07:41<16:34, 14.42s/it]Best trial: 27. Best value: 0.559205:  32%|███▏      | 32/100 [07:41<16:18, 14.39s/it]                                                                                      Best trial: 27. Best value: 0.559205:  32%|███▏      | 32/100 [07:55<16:18, 14.39s/it]Best trial: 27. Best value: 0.559205:  32%|███▏      | 32/100 [07:55<16:18, 14.39s/it]Best trial: 27. Best value: 0.559205:  33%|███▎      | 33/100 [07:55<16:04, 14.39s/it]                                                                                      Best trial: 27. Best value: 0.559205:  33%|███▎      | 33/100 [08:10<16:04, 14.39s/it]Best trial: 27. Best value: 0.559205:  33%|███▎      | 33/100 [08:10<16:04, 14.39s/it]Best trial: 27. Best value: 0.559205:  34%|███▍      | 34/100 [08:10<15:50, 14.40s/it]                                                                                      Best trial: 27. Best value: 0.559205:  34%|███▍      | 34/100 [08:24<15:50, 14.40s/it]Best trial: 27. Best value: 0.559205:  34%|███▍      | 34/100 [08:24<15:50, 14.40s/it]Best trial: 27. Best value: 0.559205:  35%|███▌      | 35/100 [08:24<15:35, 14.40s/it]                                                                                      Best trial: 27. Best value: 0.559205:  35%|███▌      | 35/100 [08:39<15:35, 14.40s/it]Best trial: 27. Best value: 0.559205:  35%|███▌      | 35/100 [08:39<15:35, 14.40s/it]Best trial: 27. Best value: 0.559205:  36%|███▌      | 36/100 [08:39<15:21, 14.40s/it]                                                                                      Best trial: 27. Best value: 0.559205:  36%|███▌      | 36/100 [08:53<15:21, 14.40s/it]Best trial: 27. Best value: 0.559205:  36%|███▌      | 36/100 [08:53<15:21, 14.40s/it]Best trial: 27. Best value: 0.559205:  37%|███▋      | 37/100 [08:53<15:07, 14.40s/it]                                                                                      Best trial: 27. Best value: 0.559205:  37%|███▋      | 37/100 [09:07<15:07, 14.40s/it]Best trial: 27. Best value: 0.559205:  37%|███▋      | 37/100 [09:07<15:07, 14.40s/it]Best trial: 27. Best value: 0.559205:  38%|███▊      | 38/100 [09:07<14:53, 14.40s/it]                                                                                      Best trial: 27. Best value: 0.559205:  38%|███▊      | 38/100 [09:22<14:53, 14.40s/it]Best trial: 27. Best value: 0.559205:  38%|███▊      | 38/100 [09:22<14:53, 14.40s/it]Best trial: 27. Best value: 0.559205:  39%|███▉      | 39/100 [09:22<14:38, 14.40s/it]                                                                                      Best trial: 27. Best value: 0.559205:  39%|███▉      | 39/100 [09:36<14:38, 14.40s/it]Best trial: 27. Best value: 0.559205:  39%|███▉      | 39/100 [09:36<14:38, 14.40s/it]Best trial: 27. Best value: 0.559205:  40%|████      | 40/100 [09:36<14:24, 14.41s/it]                                                                                      Best trial: 27. Best value: 0.559205:  40%|████      | 40/100 [09:51<14:24, 14.41s/it]Best trial: 27. Best value: 0.559205:  40%|████      | 40/100 [09:51<14:24, 14.41s/it]Best trial: 27. Best value: 0.559205:  41%|████      | 41/100 [09:51<14:09, 14.40s/it]                                                                                      Best trial: 27. Best value: 0.559205:  41%|████      | 41/100 [10:05<14:09, 14.40s/it]Best trial: 27. Best value: 0.559205:  41%|████      | 41/100 [10:05<14:09, 14.40s/it]Best trial: 27. Best value: 0.559205:  42%|████▏     | 42/100 [10:05<13:55, 14.41s/it]                                                                                      Best trial: 27. Best value: 0.559205:  42%|████▏     | 42/100 [10:20<13:55, 14.41s/it]Best trial: 27. Best value: 0.559205:  42%|████▏     | 42/100 [10:20<13:55, 14.41s/it]Best trial: 27. Best value: 0.559205:  43%|████▎     | 43/100 [10:20<13:43, 14.45s/it]                                                                                      Best trial: 27. Best value: 0.559205:  43%|████▎     | 43/100 [10:34<13:43, 14.45s/it]Best trial: 27. Best value: 0.559205:  43%|████▎     | 43/100 [10:34<13:43, 14.45s/it]Best trial: 27. Best value: 0.559205:  44%|████▍     | 44/100 [10:34<13:28, 14.44s/it]                                                                                      Best trial: 27. Best value: 0.559205:  44%|████▍     | 44/100 [10:48<13:28, 14.44s/it]Best trial: 27. Best value: 0.559205:  44%|████▍     | 44/100 [10:48<13:28, 14.44s/it]Best trial: 27. Best value: 0.559205:  45%|████▌     | 45/100 [10:48<13:14, 14.44s/it]                                                                                      Best trial: 27. Best value: 0.559205:  45%|████▌     | 45/100 [11:03<13:14, 14.44s/it]Best trial: 27. Best value: 0.559205:  45%|████▌     | 45/100 [11:03<13:14, 14.44s/it]Best trial: 27. Best value: 0.559205:  46%|████▌     | 46/100 [11:03<12:59, 14.43s/it]                                                                                      Best trial: 27. Best value: 0.559205:  46%|████▌     | 46/100 [11:17<12:59, 14.43s/it]Best trial: 27. Best value: 0.559205:  46%|████▌     | 46/100 [11:17<12:59, 14.43s/it]Best trial: 27. Best value: 0.559205:  47%|████▋     | 47/100 [11:17<12:45, 14.44s/it]                                                                                      Best trial: 27. Best value: 0.559205:  47%|████▋     | 47/100 [11:32<12:45, 14.44s/it]Best trial: 27. Best value: 0.559205:  47%|████▋     | 47/100 [11:32<12:45, 14.44s/it]Best trial: 27. Best value: 0.559205:  48%|████▊     | 48/100 [11:32<12:30, 14.43s/it]                                                                                      Best trial: 27. Best value: 0.559205:  48%|████▊     | 48/100 [11:46<12:30, 14.43s/it]Best trial: 27. Best value: 0.559205:  48%|████▊     | 48/100 [11:46<12:30, 14.43s/it]Best trial: 27. Best value: 0.559205:  49%|████▉     | 49/100 [11:46<12:15, 14.41s/it]                                                                                      Best trial: 27. Best value: 0.559205:  49%|████▉     | 49/100 [12:00<12:15, 14.41s/it]Best trial: 27. Best value: 0.559205:  49%|████▉     | 49/100 [12:00<12:15, 14.41s/it]Best trial: 27. Best value: 0.559205:  50%|█████     | 50/100 [12:00<12:00, 14.40s/it]                                                                                      Best trial: 27. Best value: 0.559205:  50%|█████     | 50/100 [12:15<12:00, 14.40s/it]Best trial: 27. Best value: 0.559205:  50%|█████     | 50/100 [12:15<12:00, 14.40s/it]Best trial: 27. Best value: 0.559205:  51%|█████     | 51/100 [12:15<11:45, 14.41s/it]                                                                                      Best trial: 27. Best value: 0.559205:  51%|█████     | 51/100 [12:29<11:45, 14.41s/it]Best trial: 51. Best value: 0.559206:  51%|█████     | 51/100 [12:29<11:45, 14.41s/it]Best trial: 51. Best value: 0.559206:  52%|█████▏    | 52/100 [12:29<11:31, 14.41s/it]                                                                                      Best trial: 51. Best value: 0.559206:  52%|█████▏    | 52/100 [12:44<11:31, 14.41s/it]Best trial: 51. Best value: 0.559206:  52%|█████▏    | 52/100 [12:44<11:31, 14.41s/it]Best trial: 51. Best value: 0.559206:  53%|█████▎    | 53/100 [12:44<11:16, 14.39s/it]                                                                                      Best trial: 51. Best value: 0.559206:  53%|█████▎    | 53/100 [12:58<11:16, 14.39s/it]Best trial: 51. Best value: 0.559206:  53%|█████▎    | 53/100 [12:58<11:16, 14.39s/it]Best trial: 51. Best value: 0.559206:  54%|█████▍    | 54/100 [12:58<11:02, 14.40s/it]                                                                                      Best trial: 51. Best value: 0.559206:  54%|█████▍    | 54/100 [13:12<11:02, 14.40s/it]Best trial: 51. Best value: 0.559206:  54%|█████▍    | 54/100 [13:12<11:02, 14.40s/it]Best trial: 51. Best value: 0.559206:  55%|█████▌    | 55/100 [13:12<10:47, 14.39s/it]                                                                                      Best trial: 51. Best value: 0.559206:  55%|█████▌    | 55/100 [13:27<10:47, 14.39s/it]Best trial: 51. Best value: 0.559206:  55%|█████▌    | 55/100 [13:27<10:47, 14.39s/it]Best trial: 51. Best value: 0.559206:  56%|█████▌    | 56/100 [13:27<10:33, 14.39s/it]                                                                                      Best trial: 51. Best value: 0.559206:  56%|█████▌    | 56/100 [13:41<10:33, 14.39s/it]Best trial: 51. Best value: 0.559206:  56%|█████▌    | 56/100 [13:41<10:33, 14.39s/it]Best trial: 51. Best value: 0.559206:  57%|█████▋    | 57/100 [13:41<10:18, 14.39s/it]                                                                                      Best trial: 51. Best value: 0.559206:  57%|█████▋    | 57/100 [13:56<10:18, 14.39s/it]Best trial: 51. Best value: 0.559206:  57%|█████▋    | 57/100 [13:56<10:18, 14.39s/it]Best trial: 51. Best value: 0.559206:  58%|█████▊    | 58/100 [13:56<10:04, 14.40s/it]                                                                                      Best trial: 51. Best value: 0.559206:  58%|█████▊    | 58/100 [14:10<10:04, 14.40s/it]Best trial: 51. Best value: 0.559206:  58%|█████▊    | 58/100 [14:10<10:04, 14.40s/it]Best trial: 51. Best value: 0.559206:  59%|█████▉    | 59/100 [14:10<09:49, 14.39s/it]                                                                                      Best trial: 51. Best value: 0.559206:  59%|█████▉    | 59/100 [14:25<09:49, 14.39s/it]Best trial: 51. Best value: 0.559206:  59%|█████▉    | 59/100 [14:25<09:49, 14.39s/it]Best trial: 51. Best value: 0.559206:  60%|██████    | 60/100 [14:25<09:37, 14.44s/it]                                                                                      Best trial: 51. Best value: 0.559206:  60%|██████    | 60/100 [14:39<09:37, 14.44s/it]Best trial: 51. Best value: 0.559206:  60%|██████    | 60/100 [14:39<09:37, 14.44s/it]Best trial: 51. Best value: 0.559206:  61%|██████    | 61/100 [14:39<09:22, 14.42s/it]                                                                                      Best trial: 51. Best value: 0.559206:  61%|██████    | 61/100 [14:53<09:22, 14.42s/it]Best trial: 51. Best value: 0.559206:  61%|██████    | 61/100 [14:53<09:22, 14.42s/it]Best trial: 51. Best value: 0.559206:  62%|██████▏   | 62/100 [14:53<09:07, 14.41s/it]                                                                                      Best trial: 51. Best value: 0.559206:  62%|██████▏   | 62/100 [15:08<09:07, 14.41s/it]Best trial: 51. Best value: 0.559206:  62%|██████▏   | 6