[I 2025-05-13 17:12:05,934] Trial 99 finished with value: 0.5503103194532715 and parameters: {'interp_param': 0.9997997942345015}. Best is trial 21 with value: 0.5504148328507874.
Best hyperparameters: {'interp_param': 0.9990179804047583}
Best optimized value: 0.5504148328507874
Tuning threshold scale factor for offline LSET using optuna
  0%|          | 0/100 [00:00<?, ?it/s]                                         0%|          | 0/100 [00:14<?, ?it/s]Best trial: 0. Best value: 0.550815:   0%|          | 0/100 [00:14<?, ?it/s]Best trial: 0. Best value: 0.550815:   1%|          | 1/100 [00:14<23:41, 14.35s/it]                                                                                    Best trial: 0. Best value: 0.550815:   1%|          | 1/100 [00:28<23:41, 14.35s/it]Best trial: 1. Best value: 0.551022:   1%|          | 1/100 [00:28<23:41, 14.35s/it]Best trial: 1. Best value: 0.551022:   2%|▏         | 2/100 [00:28<23:22, 14.31s/it]                                                                                    Best trial: 1. Best value: 0.551022:   2%|▏         | 2/100 [00:42<23:22, 14.31s/it]Best trial: 1. Best value: 0.551022:   2%|▏         | 2/100 [00:42<23:22, 14.31s/it]Best trial: 1. Best value: 0.551022:   3%|▎         | 3/100 [00:42<23:08, 14.31s/it]                                                                                    Best trial: 1. Best value: 0.551022:   3%|▎         | 3/100 [00:57<23:08, 14.31s/it]Best trial: 1. Best value: 0.551022:   3%|▎         | 3/100 [00:57<23:08, 14.31s/it]Best trial: 1. Best value: 0.551022:   4%|▍         | 4/100 [00:57<22:51, 14.29s/it]                                                                                    Best trial: 1. Best value: 0.551022:   4%|▍         | 4/100 [01:11<22:51, 14.29s/it]Best trial: 1. Best value: 0.551022:   4%|▍         | 4/100 [01:11<22:51, 14.29s/it]Best trial: 1. Best value: 0.551022:   5%|▌         | 5/100 [01:11<22:35, 14.27s/it]                                                                                    Best trial: 1. Best value: 0.551022:   5%|▌         | 5/100 [01:25<22:35, 14.27s/it]Best trial: 1. Best value: 0.551022:   5%|▌         | 5/100 [01:25<22:35, 14.27s/it]Best trial: 1. Best value: 0.551022:   6%|▌         | 6/100 [01:25<22:19, 14.25s/it]                                                                                    Best trial: 1. Best value: 0.551022:   6%|▌         | 6/100 [01:39<22:19, 14.25s/it]Best trial: 1. Best value: 0.551022:   6%|▌         | 6/100 [01:39<22:19, 14.25s/it]Best trial: 1. Best value: 0.551022:   7%|▋         | 7/100 [01:39<22:05, 14.25s/it]                                                                                    Best trial: 1. Best value: 0.551022:   7%|▋         | 7/100 [01:54<22:05, 14.25s/it]Best trial: 1. Best value: 0.551022:   7%|▋         | 7/100 [01:54<22:05, 14.25s/it]Best trial: 1. Best value: 0.551022:   8%|▊         | 8/100 [01:54<21:50, 14.24s/it]                                                                                    Best trial: 1. Best value: 0.551022:   8%|▊         | 8/100 [02:08<21:50, 14.24s/it]Best trial: 1. Best value: 0.551022:   8%|▊         | 8/100 [02:08<21:50, 14.24s/it]Best trial: 1. Best value: 0.551022:   9%|▉         | 9/100 [02:08<21:34, 14.23s/it]                                                                                    Best trial: 1. Best value: 0.551022:   9%|▉         | 9/100 [02:22<21:34, 14.23s/it]Best trial: 1. Best value: 0.551022:   9%|▉         | 9/100 [02:22<21:34, 14.23s/it]Best trial: 1. Best value: 0.551022:  10%|█         | 10/100 [02:22<21:24, 14.27s/it]                                                                                     Best trial: 1. Best value: 0.551022:  10%|█         | 10/100 [02:36<21:24, 14.27s/it]Best trial: 10. Best value: 0.551102:  10%|█         | 10/100 [02:36<21:24, 14.27s/it]Best trial: 10. Best value: 0.551102:  11%|█         | 11/100 [02:36<21:08, 14.25s/it]                                                                                      Best trial: 10. Best value: 0.551102:  11%|█         | 11/100 [02:51<21:08, 14.25s/it]Best trial: 11. Best value: 0.55111:  11%|█         | 11/100 [02:51<21:08, 14.25s/it] Best trial: 11. Best value: 0.55111:  12%|█▏        | 12/100 [02:51<20:53, 14.24s/it]                                                                                     Best trial: 11. Best value: 0.55111:  12%|█▏        | 12/100 [03:05<20:53, 14.24s/it]Best trial: 12. Best value: 0.551112:  12%|█▏        | 12/100 [03:05<20:53, 14.24s/it]Best trial: 12. Best value: 0.551112:  13%|█▎        | 13/100 [03:05<20:36, 14.21s/it]                                                                                      Best trial: 12. Best value: 0.551112:  13%|█▎        | 13/100 [03:19<20:36, 14.21s/it]Best trial: 12. Best value: 0.551112:  13%|█▎        | 13/100 [03:19<20:36, 14.21s/it]Best trial: 12. Best value: 0.551112:  14%|█▍        | 14/100 [03:19<20:23, 14.22s/it]                                                                                      Best trial: 12. Best value: 0.551112:  14%|█▍        | 14/100 [03:33<20:23, 14.22s/it]Best trial: 12. Best value: 0.551112:  14%|█▍        | 14/100 [03:33<20:23, 14.22s/it]Best trial: 12. Best value: 0.551112:  15%|█▌        | 15/100 [03:33<20:08, 14.21s/it]                                                                                      Best trial: 12. Best value: 0.551112:  15%|█▌        | 15/100 [03:47<20:08, 14.21s/it]Best trial: 12. Best value: 0.551112:  15%|█▌        | 15/100 [03:47<20:08, 14.21s/it]Best trial: 12. Best value: 0.551112:  16%|█▌        | 16/100 [03:47<19:53, 14.21s/it]                                                                                      Best trial: 12. Best value: 0.551112:  16%|█▌        | 16/100 [04:02<19:53, 14.21s/it]Best trial: 12. Best value: 0.551112:  16%|█▌        | 16/100 [04:02<19:53, 14.21s/it]Best trial: 12. Best value: 0.551112:  17%|█▋        | 17/100 [04:02<19:39, 14.21s/it]                                                                                      Best trial: 12. Best value: 0.551112:  17%|█▋        | 17/100 [04:16<19:39, 14.21s/it]Best trial: 12. Best value: 0.551112:  17%|█▋        | 17/100 [04:16<19:39, 14.21s/it]Best trial: 12. Best value: 0.551112:  18%|█▊        | 18/100 [04:16<19:23, 14.19s/it]                                                                                      Best trial: 12. Best value: 0.551112:  18%|█▊        | 18/100 [04:30<19:23, 14.19s/it]Best trial: 12. Best value: 0.551112:  18%|█▊        | 18/100 [04:30<19:23, 14.19s/it]Best trial: 12. Best value: 0.551112:  19%|█▉        | 19/100 [04:30<19:09, 14.19s/it]                                                                                      Best trial: 12. Best value: 0.551112:  19%|█▉        | 19/100 [04:44<19:09, 14.19s/it]Best trial: 12. Best value: 0.551112:  19%|█▉        | 19/100 [04:44<19:09, 14.19s/it]Best trial: 12. Best value: 0.551112:  20%|██        | 20/100 [04:44<18:56, 14.20s/it]                                                                                      Best trial: 12. Best value: 0.551112:  20%|██        | 20/100 [04:58<18:56, 14.20s/it]Best trial: 12. Best value: 0.551112:  20%|██        | 20/100 [04:58<18:56, 14.20s/it]Best trial: 12. Best value: 0.551112:  21%|██        | 21/100 [04:58<18:41, 14.19s/it]                                                                                      Best trial: 12. Best value: 0.551112:  21%|██        | 21/100 [05:12<18:41, 14.19s/it]Best trial: 12. Best value: 0.551112:  21%|██        | 21/100 [05:12<18:41, 14.19s/it]Best trial: 12. Best value: 0.551112:  22%|██▏       | 22/100 [05:12<18:25, 14.17s/it]                                                                                      Best trial: 12. Best value: 0.551112:  22%|██▏       | 22/100 [05:27<18:25, 14.17s/it]Best trial: 12. Best value: 0.551112:  22%|██▏       | 22/100 [05:27<18:25, 14.17s/it]Best trial: 12. Best value: 0.551112:  23%|██▎       | 23/100 [05:27<18:10, 14.17s/it]                                                                                      Best trial: 12. Best value: 0.551112:  23%|██▎       | 23/100 [05:41<18:10, 14.17s/it]Best trial: 12. Best value: 0.551112:  23%|██▎       | 23/100 [05:41<18:10, 14.17s/it]Best trial: 12. Best value: 0.551112:  24%|██▍       | 24/100 [05:41<17:56, 14.16s/it]                                                                                      Best trial: 12. Best value: 0.551112:  24%|██▍       | 24/100 [05:55<17:56, 14.16s/it]Best trial: 12. Best value: 0.551112:  24%|██▍       | 24/100 [05:55<17:56, 14.16s/it]Best trial: 12. Best value: 0.551112:  25%|██▌       | 25/100 [05:55<17:42, 14.17s/it]                                                                                      Best trial: 12. Best value: 0.551112:  25%|██▌       | 25/100 [06:09<17:42, 14.17s/it]Best trial: 25. Best value: 0.551112:  25%|██▌       | 25/100 [06:09<17:42, 14.17s/it]Best trial: 25. Best value: 0.551112:  26%|██▌       | 26/100 [06:09<17:27, 14.16s/it]                                                                                      Best trial: 25. Best value: 0.551112:  26%|██▌       | 26/100 [06:23<17:27, 14.16s/it]Best trial: 25. Best value: 0.551112:  26%|██▌       | 26/100 [06:23<17:27, 14.16s/it]Best trial: 25. Best value: 0.551112:  27%|██▋       | 27/100 [06:23<17:15, 14.19s/it]                                                                                      Best trial: 25. Best value: 0.551112:  27%|██▋       | 27/100 [06:38<17:15, 14.19s/it]Best trial: 25. Best value: 0.551112:  27%|██▋       | 27/100 [06:38<17:15, 14.19s/it]Best trial: 25. Best value: 0.551112:  28%|██▊       | 28/100 [06:38<17:00, 14.18s/it]                                                                                      Best trial: 25. Best value: 0.551112:  28%|██▊       | 28/100 [06:52<17:00, 14.18s/it]Best trial: 25. Best value: 0.551112:  28%|██▊       | 28/100 [06:52<17:00, 14.18s/it]Best trial: 25. Best value: 0.551112:  29%|██▉       | 29/100 [06:52<16:45, 14.17s/it]                                                                                      Best trial: 25. Best value: 0.551112:  29%|██▉       | 29/100 [07:06<16:45, 14.17s/it]Best trial: 25. Best value: 0.551112:  29%|██▉       | 29/100 [07:06<16:45, 14.17s/it]Best trial: 25. Best value: 0.551112:  30%|███       | 30/100 [07:06<16:30, 14.16s/it]                                                                                      Best trial: 25. Best value: 0.551112:  30%|███       | 30/100 [07:20<16:30, 14.16s/it]Best trial: 25. Best value: 0.551112:  30%|███       | 30/100 [07:20<16:30, 14.16s/it]Best trial: 25. Best value: 0.551112:  31%|███       | 31/100 [07:20<16:17, 14.16s/it]                                                                                      Best trial: 25. Best value: 0.551112:  31%|███       | 31/100 [07:34<16:17, 14.16s/it]Best trial: 25. Best value: 0.551112:  31%|███       | 31/100 [07:34<16:17, 14.16s/it]Best trial: 25. Best value: 0.551112:  32%|███▏      | 32/100 [07:34<16:02, 14.15s/it]                                                                                      Best trial: 25. Best value: 0.551112:  32%|███▏      | 32/100 [07:48<16:02, 14.15s/it]Best trial: 25. Best value: 0.551112:  32%|███▏      | 32/100 [07:48<16:02, 14.15s/it]Best trial: 25. Best value: 0.551112:  33%|███▎      | 33/100 [07:48<15:47, 14.15s/it]                                                                                      Best trial: 25. Best value: 0.551112:  33%|███▎      | 33/100 [08:02<15:47, 14.15s/it]Best trial: 25. Best value: 0.551112:  33%|███▎      | 33/100 [08:02<15:47, 14.15s/it]Best trial: 25. Best value: 0.551112:  34%|███▍      | 34/100 [08:02<15:33, 14.14s/it]                                                                                      Best trial: 25. Best value: 0.551112:  34%|███▍      | 34/100 [08:16<15:33, 14.14s/it]Best trial: 25. Best value: 0.551112:  34%|███▍      | 34/100 [08:16<15:33, 14.14s/it]Best trial: 25. Best value: 0.551112:  35%|███▌      | 35/100 [08:16<15:18, 14.14s/it]                                                                                      Best trial: 25. Best value: 0.551112:  35%|███▌      | 35/100 [08:31<15:18, 14.14s/it]Best trial: 25. Best value: 0.551112:  35%|███▌      | 35/100 [08:31<15:18, 14.14s/it]Best trial: 25. Best value: 0.551112:  36%|███▌      | 36/100 [08:31<15:05, 14.15s/it]                                                                                      Best trial: 25. Best value: 0.551112:  36%|███▌      | 36/100 [08:45<15:05, 14.15s/it]Best trial: 25. Best value: 0.551112:  36%|███▌      | 36/100 [08:45<15:05, 14.15s/it]Best trial: 25. Best value: 0.551112:  37%|███▋      | 37/100 [08:45<14:51, 14.15s/it]                                                                                      Best trial: 25. Best value: 0.551112:  37%|███▋      | 37/100 [08:59<14:51, 14.15s/it]Best trial: 25. Best value: 0.551112:  37%|███▋      | 37/100 [08:59<14:51, 14.15s/it]Best trial: 25. Best value: 0.551112:  38%|███▊      | 38/100 [08:59<14:36, 14.14s/it]                                                                                      Best trial: 25. Best value: 0.551112:  38%|███▊      | 38/100 [09:13<14:36, 14.14s/it]Best trial: 25. Best value: 0.551112:  38%|███▊      | 38/100 [09:13<14:36, 14.14s/it]Best trial: 25. Best value: 0.551112:  39%|███▉      | 39/100 [09:13<14:22, 14.15s/it]                                                                                      Best trial: 25. Best value: 0.551112:  39%|███▉      | 39/100 [09:27<14:22, 14.15s/it]Best trial: 25. Best value: 0.551112:  39%|███▉      | 39/100 [09:27<14:22, 14.15s/it]Best trial: 25. Best value: 0.551112:  40%|████      | 40/100 [09:27<14:09, 14.15s/it]                                                                                      Best trial: 25. Best value: 0.551112:  40%|████      | 40/100 [09:41<14:09, 14.15s/it]Best trial: 25. Best value: 0.551112:  40%|████      | 40/100 [09:41<14:09, 14.15s/it]Best trial: 25. Best value: 0.551112:  41%|████      | 41/100 [09:41<13:54, 14.15s/it]                                                                                      Best trial: 25. Best value: 0.551112:  41%|████      | 41/100 [09:55<13:54, 14.15s/it]Best trial: 25. Best value: 0.551112:  41%|████      | 41/100 [09:55<13:54, 14.15s/it]Best trial: 25. Best value: 0.551112:  42%|████▏     | 42/100 [09:55<13:39, 14.13s/it]                                                                                      Best trial: 25. Best value: 0.551112:  42%|████▏     | 42/100 [10:10<13:39, 14.13s/it]Best trial: 25. Best value: 0.551112:  42%|████▏     | 42/100 [10:10<13:39, 14.13s/it]Best trial: 25. Best value: 0.551112:  43%|████▎     | 43/100 [10:10<13:28, 14.19s/it]                                                                                      Best trial: 25. Best value: 0.551112:  43%|████▎     | 43/100 [10:24<13:28, 14.19s/it]Best trial: 25. Best value: 0.551112:  43%|████▎     | 43/100 [10:24<13:28, 14.19s/it]Best trial: 25. Best value: 0.551112:  44%|████▍     | 44/100 [10:24<13:13, 14.17s/it]                                                                                      Best trial: 25. Best value: 0.551112:  44%|████▍     | 44/100 [10:38<13:13, 14.17s/it]Best trial: 25. Best value: 0.551112:  44%|████▍     | 44/100 [10:38<13:13, 14.17s/it]Best trial: 25. Best value: 0.551112:  45%|████▌     | 45/100 [10:38<12:58, 14.16s/it]                                                                                      Best trial: 25. Best value: 0.551112:  45%|████▌     | 45/100 [10:52<12:58, 14.16s/it]Best trial: 25. Best value: 0.551112:  45%|████▌     | 45/100 [10:52<12:58, 14.16s/it]Best trial: 25. Best value: 0.551112:  46%|████▌     | 46/100 [10:52<12:44, 14.16s/it]                                                                                      Best trial: 25. Best value: 0.551112:  46%|████▌     | 46/100 [11:06<12:44, 14.16s/it]Best trial: 25. Best value: 0.551112:  46%|████▌     | 46/100 [11:06<12:44, 14.16s/it]Best trial: 25. Best value: 0.551112:  47%|████▋     | 47/100 [11:06<12:29, 14.14s/it]                                                                                      Best trial: 25. Best value: 0.551112:  47%|████▋     | 47/100 [11:20<12:29, 14.14s/it]Best trial: 25. Best value: 0.551112:  47%|████▋     | 47/100 [11:20<12:29, 14.14s/it]Best trial: 25. Best value: 0.551112:  48%|████▊     | 48/100 [11:20<12:15, 14.14s/it]                                                                                      Best trial: 25. Best value: 0.551112:  48%|████▊     | 48/100 [11:35<12:15, 14.14s/it]Best trial: 25. Best value: 0.551112:  48%|████▊     | 48/100 [11:35<12:15, 14.14s/it]Best trial: 25. Best value: 0.551112:  49%|████▉     | 49/100 [11:35<12:00, 14.14s/it]                                                                                      Best trial: 25. Best value: 0.551112:  49%|████▉     | 49/100 [11:49<12:00, 14.14s/it]Best trial: 25. Best value: 0.551112:  49%|████▉     | 49/100 [11:49<12:00, 14.14s/it]Best trial: 25. Best value: 0.551112:  50%|█████     | 50/100 [11:49<11:46, 14.14s/it]                                                                                      Best trial: 25. Best value: 0.551112:  50%|█████     | 50/100 [12:03<11:46, 14.14s/it]Best trial: 25. Best value: 0.551112:  50%|█████     | 50/100 [12:03<11:46, 14.14s/it]Best trial: 25. Best value: 0.551112:  51%|█████     | 51/100 [12:03<11:32, 14.13s/it]                                                                                      Best trial: 25. Best value: 0.551112:  51%|█████     | 51/100 [12:17<11:32, 14.13s/it]Best trial: 25. Best value: 0.551112:  51%|█████     | 51/100 [12:17<11:32, 14.13s/it]Best trial: 25. Best value: 0.551112:  52%|█████▏    | 52/100 [12:17<11:17, 14.12s/it]                                                                                      Best trial: 25. Best value: 0.551112:  52%|█████▏    | 52/100 [12:31<11:17, 14.12s/it]Best trial: 25. Best value: 0.551112:  52%|█████▏    | 52/100 [12:31<11:17, 14.12s/it]Best trial: 25. Best value: 0.551112:  53%|█████▎    | 53/100 [12:31<11:03, 14.12s/it]                                                                                      Best trial: 25. Best value: 0.551112:  53%|█████▎    | 53/100 [12:45<11:03, 14.12s/it]Best trial: 25. Best value: 0.551112:  53%|█████▎    | 53/100 [12:45<11:03, 14.12s/it]Best trial: 25. Best value: 0.551112:  54%|█████▍    | 54/100 [12:45<10:49, 14.13s/it]                                                                                      Best trial: 25. Best value: 0.551112:  54%|█████▍    | 54/100 [12:59<10:49, 14.13s/it]Best trial: 54. Best value: 0.551113:  54%|█████▍    | 54/100 [12:59<10:49, 14.13s/it]Best trial: 54. Best value: 0.551113:  55%|█████▌    | 55/100 [12:59<10:35, 14.11s/it]                                                                                      Best trial: 54. Best value: 0.551113:  55%|█████▌    | 55/100 [13:13<10:35, 14.11s/it]Best trial: 54. Best value: 0.551113:  55%|█████▌    | 55/100 [13:13<10:35, 14.11s/it]Best trial: 54. Best value: 0.551113:  56%|█████▌    | 56/100 [13:13<10:21, 14.12s/it]                                                                                      Best trial: 54. Best value: 0.551113:  56%|█████▌    | 56/100 [13:28<10:21, 14.12s/it]Best trial: 54. Best value: 0.551113:  56%|█████▌    | 56/100 [13:28<10:21, 14.12s/it]Best trial: 54. Best value: 0.551113:  57%|█████▋    | 57/100 [13:28<10:07, 14.13s/it]                                                                                      Best trial: 54. Best value: 0.551113:  57%|█████▋    | 57/100 [13:42<10:07, 14.13s/it]Best trial: 54. Best value: 0.551113:  57%|█████▋    | 57/100 [13:42<10:07, 14.13s/it]Best trial: 54. Best value: 0.551113:  58%|█████▊    | 58/100 [13:42<09:53, 14.12s/it]                                                                                      Best trial: 54. Best value: 0.551113:  58%|█████▊    | 58/100 [13:56<09:53, 14.12s/it]Best trial: 54. Best value: 0.551113:  58%|█████▊    | 58/100 [13:56<09:53, 14.12s/it]Best trial: 54. Best value: 0.551113:  59%|█████▉    | 59/100 [13:56<09:38, 14.12s/it]                                                                                      Best trial: 54. Best value: 0.551113:  59%|█████▉    | 59/100 [14:10<09:38, 14.12s/it]Best trial: 54. Best value: 0.551113:  59%|█████▉    | 59/100 [14:10<09:38, 14.12s/it]Best trial: 54. Best value: 0.551113:  60%|██████    | 60/100 [14:10<09:26, 14.15s/it]                                                                                      Best trial: 54. Best value: 0.551113:  60%|██████    | 60/100 [14:24<09:26, 14.15s/it]Best trial: 54. Best value: 0.551113:  60%|██████    | 60/100 [14:24<09:26, 14.15s/it]Best trial: 54. Best value: 0.551113:  61%|██████    | 61/100 [14:24<09:11, 14.15s/it]                                                                                      Best trial: 54. Best value: 0.551113:  61%|██████    | 61/100 [14:38<09:11, 14.15s/it]Best trial: 54. Best value: 0.551113:  61%|██████    | 61/100 [14:38<09:11, 14.15s/it]Best trial: 54. Best value: 0.551113:  62%|██████▏   | 62/100 [14:38<08:57, 14.15s/it]                                                                                      Best trial: 54. Best value: 0.551113:  62%|██████▏   | 62/100 [14:52<08:57,