[I 2025-05-13 16:43:00,328] Trial 0 finished with value: 0.5478262560867484 and parameters: {'interp_param': 0.563671757407851}. Best is trial 0 with value: 0.5478262560867484.
[I 2025-05-13 16:43:18,199] Trial 1 finished with value: 0.547808862713713 and parameters: {'interp_param': 0.5602919057318504}. Best is trial 0 with value: 0.5478262560867484.
[I 2025-05-13 16:43:36,086] Trial 2 finished with value: 0.5468125293097631 and parameters: {'interp_param': 0.32495131292207946}. Best is trial 0 with value: 0.5478262560867484.
[I 2025-05-13 16:43:53,961] Trial 3 finished with value: 0.5466189879245815 and parameters: {'interp_param': 0.27149834494795244}. Best is trial 0 with value: 0.5478262560867484.
[I 2025-05-13 16:44:11,803] Trial 4 finished with value: 0.5460668272956241 and parameters: {'interp_param': 0.11432484963521494}. Best is trial 0 with value: 0.5478262560867484.
[I 2025-05-13 16:44:29,853] Trial 5 finished with value: 0.5493576146066269 and parameters: {'interp_param': 0.7905818929785408}. Best is trial 5 with value: 0.5493576146066269.
[I 2025-05-13 16:44:47,754] Trial 6 finished with value: 0.5456949057897669 and parameters: {'interp_param': 0.0020962382502284216}. Best is trial 5 with value: 0.5493576146066269.
[I 2025-05-13 16:45:05,603] Trial 7 finished with value: 0.5467929856805467 and parameters: {'interp_param': 0.3196090636362582}. Best is trial 5 with value: 0.5493576146066269.
[I 2025-05-13 16:45:23,463] Trial 8 finished with value: 0.5475338425880155 and parameters: {'interp_param': 0.5029385309415727}. Best is trial 5 with value: 0.5493576146066269.
[I 2025-05-13 16:45:41,310] Trial 9 finished with value: 0.5473333013205282 and parameters: {'interp_param': 0.45662438665096894}. Best is trial 5 with value: 0.5493576146066269.
[I 2025-05-13 16:45:59,145] Trial 10 finished with value: 0.550671763356323 and parameters: {'interp_param': 0.9217370579438053}. Best is trial 10 with value: 0.550671763356323.
[I 2025-05-13 16:46:17,004] Trial 11 finished with value: 0.5511888022973896 and parameters: {'interp_param': 0.9541955302620275}. Best is trial 11 with value: 0.5511888022973896.
[I 2025-05-13 16:46:34,865] Trial 12 finished with value: 0.5514360933079114 and parameters: {'interp_param': 0.9671530592969391}. Best is trial 12 with value: 0.5514360933079114.
[I 2025-05-13 16:46:52,751] Trial 13 finished with value: 0.5509486588046983 and parameters: {'interp_param': 0.9998176297448056}. Best is trial 12 with value: 0.5514360933079114.
[I 2025-05-13 16:47:10,634] Trial 14 finished with value: 0.548955918681198 and parameters: {'interp_param': 0.7415170355385245}. Best is trial 12 with value: 0.5514360933079114.
[I 2025-05-13 16:47:28,496] Trial 15 finished with value: 0.5494899625732645 and parameters: {'interp_param': 0.8062502576496524}. Best is trial 12 with value: 0.5514360933079114.
[I 2025-05-13 16:47:46,359] Trial 16 finished with value: 0.550566217263376 and parameters: {'interp_param': 0.913760592566387}. Best is trial 12 with value: 0.5514360933079114.
[I 2025-05-13 16:48:04,293] Trial 17 finished with value: 0.5484505946692403 and parameters: {'interp_param': 0.6716271462270546}. Best is trial 12 with value: 0.5514360933079114.
[I 2025-05-13 16:48:22,175] Trial 18 finished with value: 0.5518878474683991 and parameters: {'interp_param': 0.9929044476297723}. Best is trial 18 with value: 0.5518878474683991.
[I 2025-05-13 16:48:40,182] Trial 19 finished with value: 0.5497447591428728 and parameters: {'interp_param': 0.8352866821859264}. Best is trial 18 with value: 0.5518878474683991.
[I 2025-05-13 16:48:57,969] Trial 20 finished with value: 0.5485481508681904 and parameters: {'interp_param': 0.6861792022237028}. Best is trial 18 with value: 0.5518878474683991.
[I 2025-05-13 16:49:15,815] Trial 21 finished with value: 0.551833858563033 and parameters: {'interp_param': 0.9859597917884644}. Best is trial 18 with value: 0.5518878474683991.
[I 2025-05-13 16:49:33,703] Trial 22 finished with value: 0.5500481981027705 and parameters: {'interp_param': 0.8674032041860891}. Best is trial 18 with value: 0.5518878474683991.
[I 2025-05-13 16:49:51,614] Trial 23 finished with value: 0.551859030420011 and parameters: {'interp_param': 0.9948644340559651}. Best is trial 18 with value: 0.5518878474683991.
[I 2025-05-13 16:50:09,360] Trial 24 finished with value: 0.5518907705513578 and parameters: {'interp_param': 0.9922575802371595}. Best is trial 24 with value: 0.5518907705513578.
[I 2025-05-13 16:50:27,214] Trial 25 finished with value: 0.5499941946347167 and parameters: {'interp_param': 0.8618538958257227}. Best is trial 24 with value: 0.5518907705513578.
[I 2025-05-13 16:50:45,130] Trial 26 finished with value: 0.5487965453789359 and parameters: {'interp_param': 0.7207416918443804}. Best is trial 24 with value: 0.5518907705513578.
[I 2025-05-13 16:51:03,007] Trial 27 finished with value: 0.5502741243948559 and parameters: {'interp_param': 0.8889281970562994}. Best is trial 24 with value: 0.5518907705513578.
[I 2025-05-13 16:51:20,873] Trial 28 finished with value: 0.548134355859991 and parameters: {'interp_param': 0.620693884534258}. Best is trial 24 with value: 0.5518907705513578.
[I 2025-05-13 16:51:38,740] Trial 29 finished with value: 0.5493136028999835 and parameters: {'interp_param': 0.7852896860790703}. Best is trial 24 with value: 0.5518907705513578.
[I 2025-05-13 16:51:56,548] Trial 30 finished with value: 0.5518344646721434 and parameters: {'interp_param': 0.9956106688996839}. Best is trial 24 with value: 0.5518907705513578.
[I 2025-05-13 16:52:14,400] Trial 31 finished with value: 0.5503855924801293 and parameters: {'interp_param': 0.8988963011982368}. Best is trial 24 with value: 0.5518907705513578.
[I 2025-05-13 16:52:32,228] Trial 32 finished with value: 0.5518906671060582 and parameters: {'interp_param': 0.9911497341641619}. Best is trial 24 with value: 0.5518907705513578.
[I 2025-05-13 16:52:50,088] Trial 33 finished with value: 0.5507695809304114 and parameters: {'interp_param': 0.9286654931287034}. Best is trial 24 with value: 0.5518907705513578.
[I 2025-05-13 16:53:08,137] Trial 34 finished with value: 0.5498358773784023 and parameters: {'interp_param': 0.8451741370426752}. Best is trial 24 with value: 0.5518907705513578.
[I 2025-05-13 16:53:26,010] Trial 35 finished with value: 0.5509404168255537 and parameters: {'interp_param': 0.939679828070787}. Best is trial 24 with value: 0.5518907705513578.
[I 2025-05-13 16:53:43,906] Trial 36 finished with value: 0.5471909246835989 and parameters: {'interp_param': 0.4224650633266742}. Best is trial 24 with value: 0.5518907705513578.
[I 2025-05-13 16:54:01,798] Trial 37 finished with value: 0.5491539232791156 and parameters: {'interp_param': 0.7658814483619182}. Best is trial 24 with value: 0.5518907705513578.
[I 2025-05-13 16:54:19,651] Trial 38 finished with value: 0.5463227856162073 and parameters: {'interp_param': 0.18832744291580594}. Best is trial 24 with value: 0.5518907705513578.
[I 2025-05-13 16:54:37,558] Trial 39 finished with value: 0.5499292176792285 and parameters: {'interp_param': 0.855051172245351}. Best is trial 24 with value: 0.5518907705513578.
[I 2025-05-13 16:54:55,413] Trial 40 finished with value: 0.5495546301971769 and parameters: {'interp_param': 0.813860749452447}. Best is trial 24 with value: 0.5518907705513578.
[I 2025-05-13 16:55:13,185] Trial 41 finished with value: 0.5507635037701355 and parameters: {'interp_param': 0.9999769855149708}. Best is trial 24 with value: 0.5518907705513578.
[I 2025-05-13 16:55:31,065] Trial 42 finished with value: 0.5511108540043469 and parameters: {'interp_param': 0.9498387348175954}. Best is trial 24 with value: 0.5518907705513578.
[I 2025-05-13 16:55:48,926] Trial 43 finished with value: 0.5512342298488023 and parameters: {'interp_param': 0.9993222537646508}. Best is trial 24 with value: 0.5518907705513578.
[I 2025-05-13 16:56:06,803] Trial 44 finished with value: 0.5503178076877809 and parameters: {'interp_param': 0.8929168017475089}. Best is trial 24 with value: 0.5518907705513578.
[I 2025-05-13 16:56:24,646] Trial 45 finished with value: 0.5508235628055145 and parameters: {'interp_param': 0.9323517351675419}. Best is trial 24 with value: 0.5518907705513578.
[I 2025-05-13 16:56:42,514] Trial 46 finished with value: 0.5479327560357476 and parameters: {'interp_param': 0.584343890463932}. Best is trial 24 with value: 0.5518907705513578.
[I 2025-05-13 16:57:00,394] Trial 47 finished with value: 0.551269733681708 and parameters: {'interp_param': 0.958610320113979}. Best is trial 24 with value: 0.5518907705513578.
[I 2025-05-13 16:57:18,228] Trial 48 finished with value: 0.545850658255459 and parameters: {'interp_param': 0.05010654151234761}. Best is trial 24 with value: 0.5518907705513578.
[I 2025-05-13 16:57:36,252] Trial 49 finished with value: 0.547051723465857 and parameters: {'interp_param': 0.38727018293766946}. Best is trial 24 with value: 0.5518907705513578.
[I 2025-05-13 16:57:54,077] Trial 50 finished with value: 0.5514945743003083 and parameters: {'interp_param': 0.9699714109004319}. Best is trial 24 with value: 0.5518907705513578.
[I 2025-05-13 16:58:11,942] Trial 51 finished with value: 0.5518719927186562 and parameters: {'interp_param': 0.9887396104802798}. Best is trial 24 with value: 0.5518907705513578.
[I 2025-05-13 16:58:29,864] Trial 52 finished with value: 0.5504750827075928 and parameters: {'interp_param': 0.906486561278517}. Best is trial 24 with value: 0.5518907705513578.
[I 2025-05-13 16:58:47,715] Trial 53 finished with value: 0.5513798941380474 and parameters: {'interp_param': 0.9642363341791368}. Best is trial 24 with value: 0.5518907705513578.
[I 2025-05-13 16:59:05,646] Trial 54 finished with value: 0.5518453086018721 and parameters: {'interp_param': 0.9953228687675606}. Best is trial 24 with value: 0.5518907705513578.
[I 2025-05-13 16:59:23,593] Trial 55 finished with value: 0.5475408941929713 and parameters: {'interp_param': 0.5046191310896517}. Best is trial 24 with value: 0.5518907705513578.
[I 2025-05-13 16:59:41,504] Trial 56 finished with value: 0.55020565515618 and parameters: {'interp_param': 0.8827744328452661}. Best is trial 24 with value: 0.5518907705513578.
[I 2025-05-13 16:59:59,450] Trial 57 finished with value: 0.5496454446249087 and parameters: {'interp_param': 0.8242356580206589}. Best is trial 24 with value: 0.5518907705513578.
[I 2025-05-13 17:00:17,342] Trial 58 finished with value: 0.5507025556575571 and parameters: {'interp_param': 0.9239435606287151}. Best is trial 24 with value: 0.5518907705513578.
[I 2025-05-13 17:00:35,226] Trial 59 finished with value: 0.5511237123555304 and parameters: {'interp_param': 0.9505396593929172}. Best is trial 24 with value: 0.5518907705513578.
[I 2025-05-13 17:00:53,110] Trial 60 finished with value: 0.5490948442121947 and parameters: {'interp_param': 0.7586685693079376}. Best is trial 24 with value: 0.5518907705513578.
[I 2025-05-13 17:01:11,014] Trial 61 finished with value: 0.5508687033715447 and parameters: {'interp_param': 0.9998976597184847}. Best is trial 24 with value: 0.5518907705513578.
[I 2025-05-13 17:01:28,906] Trial 62 finished with value: 0.551549540914405 and parameters: {'interp_param': 0.9724189060154718}. Best is trial 24 with value: 0.5518907705513578.
[I 2025-05-13 17:01:46,788] Trial 63 finished with value: 0.5505952035402396 and parameters: {'interp_param': 0.9159803995544211}. Best is trial 24 with value: 0.5518907705513578.
[I 2025-05-13 17:02:04,849] Trial 64 finished with value: 0.5500557455923546 and parameters: {'interp_param': 0.868173475472888}. Best is trial 24 with value: 0.5518907705513578.
[I 2025-05-13 17:02:22,712] Trial 65 finished with value: 0.5516140262536386 and parameters: {'interp_param': 0.9752674834050303}. Best is trial 24 with value: 0.5518907705513578.
[I 2025-05-13 17:02:40,570] Trial 66 finished with value: 0.5506398929140284 and parameters: {'interp_param': 0.919357605686956}. Best is trial 24 with value: 0.5518907705513578.
[I 2025-05-13 17:02:58,432] Trial 67 finished with value: 0.5465124852136933 and parameters: {'interp_param': 0.24225844700114219}. Best is trial 24 with value: 0.5518907705513578.
[I 2025-05-13 17:03:16,329] Trial 68 finished with value: 0.5510136274745192 and parameters: {'interp_param': 0.9440836993002669}. Best is trial 24 with value: 0.5518907705513578.
[I 2025-05-13 17:03:34,237] Trial 69 finished with value: 0.5502047485033229 and parameters: {'interp_param': 0.8826861947341181}. Best is trial 24 with value: 0.5518907705513578.
[I 2025-05-13 17:03:52,101] Trial 70 finished with value: 0.5498482308060479 and parameters: {'interp_param': 0.8464687520323428}. Best is trial 24 with value: 0.5518907705513578.
[I 2025-05-13 17:04:10,027] Trial 71 finished with value: 0.5517704897802258 and parameters: {'interp_param': 0.9824423421799129}. Best is trial 24 with value: 0.5518907705513578.
[I 2025-05-13 17:04:27,902] Trial 72 finished with value: 0.550808702837998 and parameters: {'interp_param': 0.9999456934382421}. Best is trial 24 with value: 0.5518907705513578.
[I 2025-05-13 17:04:45,789] Trial 73 finished with value: 0.5510152863655267 and parameters: {'interp_param': 0.9442035911993027}. Best is trial 24 with value: 0.5518907705513578.
[I 2025-05-13 17:05:03,695] Trial 74 finished with value: 0.5515740574504311 and parameters: {'interp_param': 0.9735354389489972}. Best is trial 24 with value: 0.5518907705513578.
[I 2025-05-13 17:05:21,565] Trial 75 finished with value: 0.5503961004637149 and parameters: {'interp_param': 0.8998473926618222}. Best is trial 24 with value: 0.5518907705513578.
[I 2025-05-13 17:05:39,476] Trial 76 finished with value: 0.5509108204222866 and parameters: {'interp_param': 0.9378459204774354}. Best is trial 24 with value: 0.5518907705513578.
[I 2025-05-13 17:05:57,433] Trial 77 finished with value: 0.5494499915103296 and parameters: {'interp_param': 0.8014825463023671}. Best is trial 24 with value: 0.5518907705513578.
[I 2025-05-13 17:06:15,444] Trial 78 finished with value: 0.5516410357711712 and parameters: {'interp_param': 0.9764181412631471}. Best is trial 24 with value: 0.5518907705513578.
[I 2025-05-13 17:06:33,316] Trial 79 finished with value: 0.5513203247102763 and parameters: {'interp_param': 0.9991051919114263}. Best is trial 24 with value: 0.5518907705513578.
[I 2025-05-13 17:06:51,186] Trial 80 finished with value: 0.5500939678773471 and parameters: {'interp_param': 0.8720773618177524}. Best is trial 24 with value: 0.5518907705513578.
[I 2025-05-13 17:07:09,098] Trial 81 finished with value: 0.5516059723340316 and parameters: {'interp_param': 0.9748940856268407}. Best is trial 24 with value: 0.5518907705513578.
[I 2025-05-13 17:07:26,942] Trial 82 finished with value: 0.5505264726753446 and parameters: {'interp_param': 0.9105849304516183}. Best is trial 24 with value: 0.5518907705513578.
[I 2025-05-13 17:07:44,813] Trial 83 finished with value: 0.5516856558466523 and parameters: {'interp_param': 0.9783416972963407}. Best is trial 24 with value: 0.5518907705513578.
[I 2025-05-13 17:08:02,726] Trial 84 finished with value: 0.551116052381737 and parameters: {'interp_param': 0.9501118491461453}. Best is trial 24 with value: 0.5518907705513578.
[I 2025-05-13 17:08:20,605] Trial 85 finished with value: 0.5508126146772435 and parameters: {'interp_param': 0.9316297750361632}. Best is trial 24 with value: 0.5518907705513578.
[I 2025-05-13 17:08:38,471] Trial 86 finished with value: 0.5512754583245062 and parameters: {'interp_param': 0.9992235025891286}. Best is trial 24 with value: 0.5518907705513578.
[I 2025-05-13 17:08:56,351] Trial 87 finished with value: 0.5505293751696757 and parameters: {'interp_param': 0.9107883272316234}. Best is trial 24 with value: 0.5518907705513578.
[I 2025-05-13 17:09:14,248] Trial 88 finished with value: 0.5511844307291545 and parameters: {'interp_param': 0.9539481157816564}. Best is trial 24 with value: 0.5518907705513578.
[I 2025-05-13 17:09:32,102] Trial 89 finished with value: 0.5486923106811352 and parameters: {'interp_param': 0.7067301096053125}. Best is trial 24 with value: 0.5518907705513578.
[I 2025-05-13 17:09:49,963] Trial 90 finished with value: 0.5503144517414809 and parameters: {'interp_param': 0.8926059085425371}. Best is trial 24 with value: 0.5518907705513578.
[I 2025-05-13 17:10:07,822] Trial 91 finished with value: 0.5517290760068734 and parameters: {'interp_param': 0.9803936919241619}. Best is trial 24 with value: 0.5518907705513578.
[I 2025-05-13 17:10:25,748] Trial 92 finished with value: 0.5517023645222795 and parameters: {'interp_param': 0.9791478377545159}. Best is trial 24 with value: 0.5518907705513578.
[I 2025-05-13 17:10:43,753] Trial 93 finished with value: 0.5512564879128121 and parameters: {'interp_param': 0.9578651778545225}. Best is trial 24 with value: 0.5518907705513578.
[I 2025-05-13 17:11:01,660] Trial 94 finished with value: 0.5517872295898751 and parameters: {'interp_param': 0.9833430494374161}. Best is trial 24 with value: 0.5518907705513578.
[I 2025-05-13 17:11:19,528] Trial 95 finished with value: 0.5508130216792599 and parameters: {'interp_param': 0.9316611093659471}. Best is trial 24 with value: 0.5518907705513578.
[I 2025-05-13 17:11:37,341] Trial 96 finished with value: 0.5499517577070044 and parameters: {'interp_param': 0.8574671636043323}. Best is trial 24 with value: 0.5518907705513578.
[I 2025-05-13 17:11:55,217] Trial 97 finished with value: 0.5518410412321791 and parameters: {'interp_param': 0.9863787391186116}. Best is trial 24 with value: 0.5518907705513578.
[I 2025-05-13 17:12:13,104] Trial 98 finished with value: 0.5512009305055355 and parameters: {'interp_param': 0.9548664829655898}. Best is trial 24 with value: 0.5518907705513578.
