[I 2025-05-13 16:42:59,186] Trial 0 finished with value: 0.5584063071503111 and parameters: {'interp_param': 0.4291370035539708}. Best is trial 0 with value: 0.5584063071503111.
[I 2025-05-13 16:43:17,177] Trial 1 finished with value: 0.5595584206388438 and parameters: {'interp_param': 0.7203340889426076}. Best is trial 1 with value: 0.5595584206388438.
[I 2025-05-13 16:43:35,141] Trial 2 finished with value: 0.5593810327895864 and parameters: {'interp_param': 0.6839799308174285}. Best is trial 1 with value: 0.5595584206388438.
[I 2025-05-13 16:43:53,101] Trial 3 finished with value: 0.5598531729554568 and parameters: {'interp_param': 0.7749377326218547}. Best is trial 3 with value: 0.5598531729554568.
[I 2025-05-13 16:44:11,084] Trial 4 finished with value: 0.5585264927618105 and parameters: {'interp_param': 0.4657684716098738}. Best is trial 3 with value: 0.5598531729554568.
[I 2025-05-13 16:44:29,190] Trial 5 finished with value: 0.5580664371160229 and parameters: {'interp_param': 0.319145346305321}. Best is trial 3 with value: 0.5598531729554568.
[I 2025-05-13 16:44:47,178] Trial 6 finished with value: 0.5584099874930365 and parameters: {'interp_param': 0.43026221840008516}. Best is trial 3 with value: 0.5598531729554568.
[I 2025-05-13 16:45:05,120] Trial 7 finished with value: 0.5593237406648934 and parameters: {'interp_param': 0.6715381522294434}. Best is trial 3 with value: 0.5598531729554568.
[I 2025-05-13 16:45:23,116] Trial 8 finished with value: 0.5585020377405864 and parameters: {'interp_param': 0.4585362528452881}. Best is trial 3 with value: 0.5598531729554568.
[I 2025-05-13 16:45:41,088] Trial 9 finished with value: 0.5589448019521535 and parameters: {'interp_param': 0.5820329681852922}. Best is trial 3 with value: 0.5598531729554568.
[I 2025-05-13 16:45:59,046] Trial 10 finished with value: 0.5616386403345652 and parameters: {'interp_param': 0.977372505408262}. Best is trial 10 with value: 0.5616386403345652.
[I 2025-05-13 16:46:17,024] Trial 11 finished with value: 0.5618810212084835 and parameters: {'interp_param': 0.9953932842808697}. Best is trial 11 with value: 0.5618810212084835.
[I 2025-05-13 16:46:35,024] Trial 12 finished with value: 0.5605457342152547 and parameters: {'interp_param': 0.875304645140335}. Best is trial 11 with value: 0.5618810212084835.
[I 2025-05-13 16:46:53,025] Trial 13 finished with value: 0.5618812775620051 and parameters: {'interp_param': 0.9954135116912888}. Best is trial 13 with value: 0.5618812775620051.
[I 2025-05-13 16:47:10,977] Trial 14 finished with value: 0.5574540763442632 and parameters: {'interp_param': 0.10828275322632819}. Best is trial 13 with value: 0.5618812775620051.
[I 2025-05-13 16:47:28,943] Trial 15 finished with value: 0.5612271226294439 and parameters: {'interp_param': 0.941187836309882}. Best is trial 13 with value: 0.5618812775620051.
[I 2025-05-13 16:47:46,933] Trial 16 finished with value: 0.5603442104685011 and parameters: {'interp_param': 0.8502754902745329}. Best is trial 13 with value: 0.5618812775620051.
[I 2025-05-13 16:48:04,930] Trial 17 finished with value: 0.5618714246482907 and parameters: {'interp_param': 0.9942223546851606}. Best is trial 13 with value: 0.5618812775620051.
[I 2025-05-13 16:48:22,905] Trial 18 finished with value: 0.5601723180252494 and parameters: {'interp_param': 0.8260535157925379}. Best is trial 13 with value: 0.5618812775620051.
[I 2025-05-13 16:48:41,023] Trial 19 finished with value: 0.5573541057521048 and parameters: {'interp_param': 0.07233123872276859}. Best is trial 13 with value: 0.5618812775620051.
[I 2025-05-13 16:48:58,986] Trial 20 finished with value: 0.5579916205541039 and parameters: {'interp_param': 0.29466303102743696}. Best is trial 13 with value: 0.5618812775620051.
[I 2025-05-13 16:49:16,959] Trial 21 finished with value: 0.5614376418488964 and parameters: {'interp_param': 0.9593921657191838}. Best is trial 13 with value: 0.5618812775620051.
[I 2025-05-13 16:49:34,960] Trial 22 finished with value: 0.5616452658553617 and parameters: {'interp_param': 0.9779122855916564}. Best is trial 13 with value: 0.5618812775620051.
[I 2025-05-13 16:49:52,966] Trial 23 finished with value: 0.5607924921811862 and parameters: {'interp_param': 0.9018274350304246}. Best is trial 13 with value: 0.5618812775620051.
[I 2025-05-13 16:50:10,878] Trial 24 finished with value: 0.5600201489850842 and parameters: {'interp_param': 0.8027622127369908}. Best is trial 13 with value: 0.5618812775620051.
[I 2025-05-13 16:50:28,874] Trial 25 finished with value: 0.5590275365989533 and parameters: {'interp_param': 0.6024666870145547}. Best is trial 13 with value: 0.5618812775620051.
[I 2025-05-13 16:50:46,862] Trial 26 finished with value: 0.5618772200958815 and parameters: {'interp_param': 0.9948925785083358}. Best is trial 13 with value: 0.5618812775620051.
[I 2025-05-13 16:51:04,846] Trial 27 finished with value: 0.5597804682343526 and parameters: {'interp_param': 0.7622668574202425}. Best is trial 13 with value: 0.5618812775620051.
[I 2025-05-13 16:51:22,876] Trial 28 finished with value: 0.5607516857723482 and parameters: {'interp_param': 0.8976719520947214}. Best is trial 13 with value: 0.5618812775620051.
[I 2025-05-13 16:51:40,854] Trial 29 finished with value: 0.5571690556693266 and parameters: {'interp_param': 0.0033718333069101547}. Best is trial 13 with value: 0.5618812775620051.
[I 2025-05-13 16:51:58,878] Trial 30 finished with value: 0.5589836115151943 and parameters: {'interp_param': 0.5916767483776532}. Best is trial 13 with value: 0.5618812775620051.
[I 2025-05-13 16:52:16,848] Trial 31 finished with value: 0.5617135523071973 and parameters: {'interp_param': 0.9832239950294852}. Best is trial 13 with value: 0.5618812775620051.
[I 2025-05-13 16:52:34,840] Trial 32 finished with value: 0.5608943021914649 and parameters: {'interp_param': 0.9116357566304195}. Best is trial 13 with value: 0.5618812775620051.
[I 2025-05-13 16:52:52,824] Trial 33 finished with value: 0.5618821809508117 and parameters: {'interp_param': 0.9957563832377521}. Best is trial 33 with value: 0.5618821809508117.
[I 2025-05-13 16:53:10,962] Trial 34 finished with value: 0.5595863817527011 and parameters: {'interp_param': 0.7258658651387538}. Best is trial 33 with value: 0.5618821809508117.
[I 2025-05-13 16:53:28,949] Trial 35 finished with value: 0.5602719232948081 and parameters: {'interp_param': 0.8403197676570054}. Best is trial 33 with value: 0.5618821809508117.
[I 2025-05-13 16:53:46,931] Trial 36 finished with value: 0.5609909484735071 and parameters: {'interp_param': 0.9206019076081948}. Best is trial 33 with value: 0.5618821809508117.
[I 2025-05-13 16:54:04,883] Trial 37 finished with value: 0.5616766414173513 and parameters: {'interp_param': 0.9998872122021507}. Best is trial 33 with value: 0.5618821809508117.
[I 2025-05-13 16:54:22,870] Trial 38 finished with value: 0.5598148381862549 and parameters: {'interp_param': 0.768426651896728}. Best is trial 33 with value: 0.5618821809508117.
[I 2025-05-13 16:54:40,836] Trial 39 finished with value: 0.5581184326907234 and parameters: {'interp_param': 0.33656933833287705}. Best is trial 33 with value: 0.5618821809508117.
[I 2025-05-13 16:54:58,787] Trial 40 finished with value: 0.5593438231135592 and parameters: {'interp_param': 0.6760830200279592}. Best is trial 33 with value: 0.5618821809508117.
[I 2025-05-13 16:55:16,691] Trial 41 finished with value: 0.5612527700335037 and parameters: {'interp_param': 0.9433081372088413}. Best is trial 33 with value: 0.5618821809508117.
[I 2025-05-13 16:55:34,616] Trial 42 finished with value: 0.561788158965547 and parameters: {'interp_param': 0.9990517801742437}. Best is trial 33 with value: 0.5618821809508117.
[I 2025-05-13 16:55:52,498] Trial 43 finished with value: 0.5603831892600177 and parameters: {'interp_param': 0.8554195852692617}. Best is trial 33 with value: 0.5618821809508117.
[I 2025-05-13 16:56:10,427] Trial 44 finished with value: 0.5611438167737683 and parameters: {'interp_param': 0.9340652631494648}. Best is trial 33 with value: 0.5618821809508117.
[I 2025-05-13 16:56:28,342] Trial 45 finished with value: 0.5605299183830394 and parameters: {'interp_param': 0.8734331331674214}. Best is trial 33 with value: 0.5618821809508117.
[I 2025-05-13 16:56:46,259] Trial 46 finished with value: 0.5600674167078596 and parameters: {'interp_param': 0.8102126918120616}. Best is trial 33 with value: 0.5618821809508117.
[I 2025-05-13 16:57:04,183] Trial 47 finished with value: 0.5587075858107948 and parameters: {'interp_param': 0.5185096755651895}. Best is trial 33 with value: 0.5618821809508117.
[I 2025-05-13 16:57:22,068] Trial 48 finished with value: 0.5612796831359995 and parameters: {'interp_param': 0.9455141708407663}. Best is trial 33 with value: 0.5618821809508117.
[I 2025-05-13 16:57:40,145] Trial 49 finished with value: 0.5606454158133842 and parameters: {'interp_param': 0.8865205254448935}. Best is trial 33 with value: 0.5618821809508117.
[I 2025-05-13 16:57:58,054] Trial 50 finished with value: 0.559609674018627 and parameters: {'interp_param': 0.7302859668920605}. Best is trial 33 with value: 0.5618821809508117.
[I 2025-05-13 16:58:15,958] Trial 51 finished with value: 0.5617306559329613 and parameters: {'interp_param': 0.9846364169851074}. Best is trial 33 with value: 0.5618821809508117.
[I 2025-05-13 16:58:33,892] Trial 52 finished with value: 0.5618816674905256 and parameters: {'interp_param': 0.9955723407901658}. Best is trial 33 with value: 0.5618821809508117.
[I 2025-05-13 16:58:51,791] Trial 53 finished with value: 0.5613336891148617 and parameters: {'interp_param': 0.950126501161833}. Best is trial 33 with value: 0.5618821809508117.
[I 2025-05-13 16:59:09,718] Trial 54 finished with value: 0.560860579525928 and parameters: {'interp_param': 0.9084293493265343}. Best is trial 33 with value: 0.5618821809508117.
[I 2025-05-13 16:59:27,633] Trial 55 finished with value: 0.561430029078298 and parameters: {'interp_param': 0.9586818532354306}. Best is trial 33 with value: 0.5618821809508117.
[I 2025-05-13 16:59:45,514] Trial 56 finished with value: 0.5604658257342152 and parameters: {'interp_param': 0.865830138796226}. Best is trial 33 with value: 0.5618821809508117.
[I 2025-05-13 17:00:03,437] Trial 57 finished with value: 0.5618813995872859 and parameters: {'interp_param': 0.9965023932619653}. Best is trial 33 with value: 0.5618821809508117.
[I 2025-05-13 17:00:21,386] Trial 58 finished with value: 0.5600262545174932 and parameters: {'interp_param': 0.8037397696359252}. Best is trial 33 with value: 0.5618821809508117.
[I 2025-05-13 17:00:39,303] Trial 59 finished with value: 0.5609999095481331 and parameters: {'interp_param': 0.9214276906655477}. Best is trial 33 with value: 0.5618821809508117.
[I 2025-05-13 17:00:57,255] Trial 60 finished with value: 0.5578800445040761 and parameters: {'interp_param': 0.2567303092485975}. Best is trial 33 with value: 0.5618821809508117.
[I 2025-05-13 17:01:15,207] Trial 61 finished with value: 0.561514501706565 and parameters: {'interp_param': 0.9664852783178804}. Best is trial 33 with value: 0.5618821809508117.
[I 2025-05-13 17:01:33,148] Trial 62 finished with value: 0.5618170759441031 and parameters: {'interp_param': 0.9985935254493479}. Best is trial 33 with value: 0.5618821809508117.
[I 2025-05-13 17:01:51,094] Trial 63 finished with value: 0.560675966825946 and parameters: {'interp_param': 0.8897294218988112}. Best is trial 33 with value: 0.5618821809508117.
[I 2025-05-13 17:02:09,148] Trial 64 finished with value: 0.5614188976610252 and parameters: {'interp_param': 0.9576640875119513}. Best is trial 33 with value: 0.5618821809508117.
[I 2025-05-13 17:02:27,108] Trial 65 finished with value: 0.5610839380144215 and parameters: {'interp_param': 0.9288291072118655}. Best is trial 33 with value: 0.5618821809508117.
[I 2025-05-13 17:02:45,028] Trial 66 finished with value: 0.5616030950733235 and parameters: {'interp_param': 0.9743344915785255}. Best is trial 33 with value: 0.5618821809508117.
[I 2025-05-13 17:03:02,922] Trial 67 finished with value: 0.5618449534480459 and parameters: {'interp_param': 0.9980786000492448}. Best is trial 33 with value: 0.5618821809508117.
[I 2025-05-13 17:03:20,831] Trial 68 finished with value: 0.5603086566705113 and parameters: {'interp_param': 0.8454627685448844}. Best is trial 33 with value: 0.5618821809508117.
[I 2025-05-13 17:03:38,759] Trial 69 finished with value: 0.559201902690488 and parameters: {'interp_param': 0.6439277541962183}. Best is trial 33 with value: 0.5618821809508117.
[I 2025-05-13 17:03:56,716] Trial 70 finished with value: 0.5608275212202527 and parameters: {'interp_param': 0.9051658837461422}. Best is trial 33 with value: 0.5618821809508117.
[I 2025-05-13 17:04:14,646] Trial 71 finished with value: 0.5615882833133254 and parameters: {'interp_param': 0.9731374603305755}. Best is trial 33 with value: 0.5618821809508117.
[I 2025-05-13 17:04:32,524] Trial 72 finished with value: 0.5611148982887273 and parameters: {'interp_param': 0.9314815599198011}. Best is trial 33 with value: 0.5618821809508117.
[I 2025-05-13 17:04:50,430] Trial 73 finished with value: 0.5618838561620726 and parameters: {'interp_param': 0.9960758339038382}. Best is trial 73 with value: 0.5618838561620726.
[I 2025-05-13 17:05:08,246] Trial 74 finished with value: 0.5614342279029259 and parameters: {'interp_param': 0.9590624807665101}. Best is trial 73 with value: 0.5618838561620726.
[I 2025-05-13 17:05:26,173] Trial 75 finished with value: 0.5605312423322271 and parameters: {'interp_param': 0.8736025059638768}. Best is trial 73 with value: 0.5618838561620726.
[I 2025-05-13 17:05:44,139] Trial 76 finished with value: 0.5618822987077183 and parameters: {'interp_param': 0.9962964860337629}. Best is trial 73 with value: 0.5618838561620726.
[I 2025-05-13 17:06:02,042] Trial 77 finished with value: 0.5610560866228844 and parameters: {'interp_param': 0.9263400884786309}. Best is trial 73 with value: 0.5618838561620726.
[I 2025-05-13 17:06:20,112] Trial 78 finished with value: 0.5615839833031251 and parameters: {'interp_param': 0.9727265632771295}. Best is trial 73 with value: 0.5618838561620726.
[I 2025-05-13 17:06:38,041] Trial 79 finished with value: 0.5601846317821246 and parameters: {'interp_param': 0.8278126295418263}. Best is trial 73 with value: 0.5618838561620726.
[I 2025-05-13 17:06:55,944] Trial 80 finished with value: 0.5606805229385872 and parameters: {'interp_param': 0.8902514553975195}. Best is trial 73 with value: 0.5618838561620726.
[I 2025-05-13 17:07:13,855] Trial 81 finished with value: 0.5618372264356722 and parameters: {'interp_param': 0.9917574111058233}. Best is trial 73 with value: 0.5618838561620726.
[I 2025-05-13 17:07:31,733] Trial 82 finished with value: 0.5617779753783866 and parameters: {'interp_param': 0.9991802808836847}. Best is trial 73 with value: 0.5618838561620726.
[I 2025-05-13 17:07:49,671] Trial 83 finished with value: 0.5613431990521699 and parameters: {'interp_param': 0.9509592378419384}. Best is trial 73 with value: 0.5618838561620726.
[I 2025-05-13 17:08:07,615] Trial 84 finished with value: 0.5608913027799355 and parameters: {'interp_param': 0.9113534918266699}. Best is trial 73 with value: 0.5618838561620726.
[I 2025-05-13 17:08:25,499] Trial 85 finished with value: 0.5582034697486837 and parameters: {'interp_param': 0.36445579098962394}. Best is trial 73 with value: 0.5618838561620726.
[I 2025-05-13 17:08:43,411] Trial 86 finished with value: 0.5612662819480734 and parameters: {'interp_param': 0.9444000773986809}. Best is trial 73 with value: 0.5618838561620726.
[I 2025-05-13 17:09:01,327] Trial 87 finished with value: 0.561574893926198 and parameters: {'interp_param': 0.9719461660842964}. Best is trial 73 with value: 0.5618838561620726.
[I 2025-05-13 17:09:19,261] Trial 88 finished with value: 0.5611806540969329 and parameters: {'interp_param': 0.9372006555446613}. Best is trial 73 with value: 0.5618838561620726.
[I 2025-05-13 17:09:37,184] Trial 89 finished with value: 0.5587537389857904 and parameters: {'interp_param': 0.5312750219620523}. Best is trial 73 with value: 0.5618838561620726.
[I 2025-05-13 17:09:55,140] Trial 90 finished with value: 0.5616661726023744 and parameters: {'interp_param': 0.9796595323482015}. Best is trial 73 with value: 0.5618838561620726.
[I 2025-05-13 17:10:12,968] Trial 91 finished with value: 0.5618838677117906 and parameters: {'interp_param': 0.9960586167152496}. Best is trial 91 with value: 0.5618838677117906.
[I 2025-05-13 17:10:30,904] Trial 92 finished with value: 0.5614417317044466 and parameters: {'interp_param': 0.9598033326694578}. Best is trial 91 with value: 0.5618838677117906.
[I 2025-05-13 17:10:48,977] Trial 93 finished with value: 0.5609507009705843 and parameters: {'interp_param': 0.9168735355500522}. Best is trial 91 with value: 0.5618838677117906.
[I 2025-05-13 17:11:06,846] Trial 94 finished with value: 0.5616684016979341 and parameters: {'interp_param': 0.9798402978765611}. Best is trial 91 with value: 0.5618838677117906.
[I 2025-05-13 17:11:24,849] Trial 95 finished with value: 0.5575267983899442 and parameters: {'interp_param': 0.1343758929455563}. Best is trial 91 with value: 0.5618838677117906.
[I 2025-05-13 17:11:42,752] Trial 96 finished with value: 0.5618356257954162 and parameters: {'interp_param': 0.9982698333240556}. Best is trial 91 with value: 0.5618838677117906.
[I 2025-05-13 17:12:00,666] Trial 97 finished with value: 0.5606630193410698 and parameters: {'interp_param': 0.8883998188589779}. Best is trial 91 with value: 0.5618838677117906.
[I 2025-05-13 17:12:18,567] Trial 98 finished with value: 0.5612591881615392 and parameters: {'interp_param': 0.9438341710708409}. Best is trial 91 with value: 0.5618838677117906.
