This job can be monitored from: https://job.c3se.chalmers.se/alvis/4319690
/usr/share/lmod/lmod/init/bash: /usr/share/lmod/lmod/libexec/addto: /usr/bin/lua: bad interpreter: No such file or directory
no change     /opt/conda/condabin/conda
no change     /opt/conda/bin/conda
no change     /opt/conda/bin/conda-env
no change     /opt/conda/bin/activate
no change     /opt/conda/bin/deactivate
no change     /opt/conda/etc/profile.d/conda.sh
no change     /opt/conda/etc/fish/conf.d/conda.fish
no change     /opt/conda/shell/condabin/Conda.psm1
no change     /opt/conda/shell/condabin/conda-hook.ps1
no change     /opt/conda/lib/python3.12/site-packages/xontrib/conda.xsh
no change     /opt/conda/etc/profile.d/conda.csh
no change     /cephyr/users/lassila/Alvis/.bashrc
No action taken.
Overwriting config seed with seed=7754
Running MIA...

attacks:
  MLP-attack-0hop:
    attack: mlp-attack
    edge_dropout: 0.0
    mlp_attack_queries:
    - 0
    mlp_hidden_dim:
    - 128
    - 64
  MLP-attack-comb:
    attack: mlp-attack
    edge_dropout: 0.5
    mlp_attack_queries:
    - 0
    - 2
    mlp_hidden_dim:
    - 128
    - 64
  graph-lset-MI:
    attack: graph-lset
    num_sampled_graphs: 16
    prior: 0.5
    sampling_strategy: model-independent
  graph-lset-MI-offline:
    attack: graph-lset
    num_sampled_graphs: 16
    offline: true
    prior: 0.5
    sampling_strategy: model-independent
    threshold_scale_factor: 0.9
  lira:
    attack: lira
  lira-offline:
    attack: lira
    offline: true
  lset:
    attack: lset
  lset-offline:
    attack: lset
    offline: true
  rmia:
    Z_frac: 0.5
    attack: rmia
    rmia_gamma: 1
  rmia-offline:
    Z_frac: 0.5
    attack: rmia
    offline: true
    rmia_gamma: 1
batch_size: 32768
datadir: ./data
dataset: flickr
device: cuda
dropout: 0.0
early_stopping: 0
epochs: 800
epochs_mlp: 1000
frac_target_nodes: 0.1
hidden_dim:
- 128
hidden_dim_mlp:
- 128
hyperparam_search: false
inductive_inference: true
inductive_split: true
lr: 0.001
max_num_nodes: null
model: GCN
name: flickr-GCN
num_audits: 1
num_processes: 1
num_shadow_models: 128
offline: false
optimizer: Adam
pretrain_shadow_models: true
savedir: large_N_results
seed: 7754
target_fpr:
- 0.01
- 0.001
train_frac: 0.5
val_frac: 0.0
weight_decay: 0.0001

Dataset properties
#Nodes: 89250
#Edges: 899756
#Features: 500
#Classes: 7
#Class distribution: [0.0590, 0.0953, 0.0719, 0.0549, 0.2573, 0.0390, 0.4226]
Average degree: 10.0813
Fraction isolated nodes: 0.0

Training 128 shadow models:   0%|          | 0/128 [00:00<?, ?it/s]Training 128 shadow models:   1%|          | 1/128 [00:10<22:50, 10.79s/it]Training 128 shadow models:   2%|▏         | 2/128 [00:18<18:23,  8.76s/it]Training 128 shadow models:   2%|▏         | 3/128 [00:25<16:52,  8.10s/it]Training 128 shadow models:   3%|▎         | 4/128 [00:32<16:06,  7.79s/it]Training 128 shadow models:   4%|▍         | 5/128 [00:40<15:38,  7.63s/it]Training 128 shadow models:   5%|▍         | 6/128 [00:47<15:18,  7.53s/it]Training 128 shadow models:   5%|▌         | 7/128 [00:54<15:03,  7.47s/it]Training 128 shadow models:   6%|▋         | 8/128 [01:02<14:51,  7.43s/it]Training 128 shadow models:   7%|▋         | 9/128 [01:09<14:39,  7.39s/it]Training 128 shadow models:   8%|▊         | 10/128 [01:16<14:29,  7.37s/it]Training 128 shadow models:   9%|▊         | 11/128 [01:24<14:21,  7.36s/it]Training 128 shadow models:   9%|▉         | 12/128 [01:31<14:13,  7.36s/it]Training 128 shadow models:  10%|█         | 13/128 [01:38<14:05,  7.35s/it]Training 128 shadow models:  11%|█         | 14/128 [01:46<13:58,  7.35s/it]Training 128 shadow models:  12%|█▏        | 15/128 [01:53<13:50,  7.35s/it]Training 128 shadow models:  12%|█▎        | 16/128 [02:00<13:42,  7.34s/it]Training 128 shadow models:  13%|█▎        | 17/128 [02:08<13:34,  7.34s/it]Training 128 shadow models:  14%|█▍        | 18/128 [02:15<13:26,  7.34s/it]Training 128 shadow models:  15%|█▍        | 19/128 [02:22<13:19,  7.34s/it]Training 128 shadow models:  16%|█▌        | 20/128 [02:30<13:12,  7.34s/it]Training 128 shadow models:  16%|█▋        | 21/128 [02:37<13:04,  7.34s/it]Training 128 shadow models:  17%|█▋        | 22/128 [02:44<12:57,  7.34s/it]Training 128 shadow models:  18%|█▊        | 23/128 [02:52<12:49,  7.33s/it]Training 128 shadow models:  19%|█▉        | 24/128 [02:59<12:42,  7.33s/it]Training 128 shadow models:  20%|█▉        | 25/128 [03:06<12:35,  7.33s/it]Training 128 shadow models:  20%|██        | 26/128 [03:14<12:28,  7.33s/it]Training 128 shadow models:  21%|██        | 27/128 [03:21<12:20,  7.33s/it]Training 128 shadow models:  22%|██▏       | 28/128 [03:28<12:12,  7.32s/it]Training 128 shadow models:  23%|██▎       | 29/128 [03:36<12:04,  7.32s/it]Training 128 shadow models:  23%|██▎       | 30/128 [03:43<11:56,  7.32s/it]Training 128 shadow models:  24%|██▍       | 31/128 [03:50<11:50,  7.32s/it]Training 128 shadow models:  25%|██▌       | 32/128 [03:58<11:42,  7.32s/it]Training 128 shadow models:  26%|██▌       | 33/128 [04:05<11:35,  7.32s/it]Training 128 shadow models:  27%|██▋       | 34/128 [04:12<11:28,  7.32s/it]Training 128 shadow models:  27%|██▋       | 35/128 [04:20<11:21,  7.32s/it]Training 128 shadow models:  28%|██▊       | 36/128 [04:27<11:13,  7.33s/it]Training 128 shadow models:  29%|██▉       | 37/128 [04:34<11:06,  7.33s/it]Training 128 shadow models:  30%|██▉       | 38/128 [04:42<10:59,  7.33s/it]Training 128 shadow models:  30%|███       | 39/128 [04:49<10:52,  7.33s/it]Training 128 shadow models:  31%|███▏      | 40/128 [04:56<10:45,  7.33s/it]Training 128 shadow models:  32%|███▏      | 41/128 [05:04<10:37,  7.33s/it]Training 128 shadow models:  33%|███▎      | 42/128 [05:11<10:30,  7.33s/it]Training 128 shadow models:  34%|███▎      | 43/128 [05:18<10:22,  7.33s/it]Training 128 shadow models:  34%|███▍      | 44/128 [05:25<10:15,  7.33s/it]Training 128 shadow models:  35%|███▌      | 45/128 [05:33<10:08,  7.33s/it]Training 128 shadow models:  36%|███▌      | 46/128 [05:40<10:00,  7.33s/it]Training 128 shadow models:  37%|███▋      | 47/128 [05:47<09:53,  7.32s/it]Training 128 shadow models:  38%|███▊      | 48/128 [05:55<09:45,  7.32s/it]Training 128 shadow models:  38%|███▊      | 49/128 [06:02<09:38,  7.32s/it]Training 128 shadow models:  39%|███▉      | 50/128 [06:09<09:31,  7.32s/it]Training 128 shadow models:  40%|███▉      | 51/128 [06:17<09:23,  7.32s/it]Training 128 shadow models:  41%|████      | 52/128 [06:24<09:16,  7.32s/it]Training 128 shadow models:  41%|████▏     | 53/128 [06:31<09:09,  7.32s/it]Training 128 shadow models:  42%|████▏     | 54/128 [06:39<09:02,  7.33s/it]Training 128 shadow models:  43%|████▎     | 55/128 [06:46<08:55,  7.33s/it]Training 128 shadow models:  44%|████▍     | 56/128 [06:53<08:47,  7.33s/it]Training 128 shadow models:  45%|████▍     | 57/128 [07:01<08:40,  7.33s/it]Training 128 shadow models:  45%|████▌     | 58/128 [07:08<08:33,  7.33s/it]Training 128 shadow models:  46%|████▌     | 59/128 [07:15<08:25,  7.33s/it]Training 128 shadow models:  47%|████▋     | 60/128 [07:23<08:18,  7.32s/it]Training 128 shadow models:  48%|████▊     | 61/128 [07:30<08:10,  7.33s/it]Training 128 shadow models:  48%|████▊     | 62/128 [07:37<08:03,  7.32s/it]Training 128 shadow models:  49%|████▉     | 63/128 [07:45<07:55,  7.32s/it]Training 128 shadow models:  50%|█████     | 64/128 [07:52<07:48,  7.32s/it]Training 128 shadow models:  51%|█████     | 65/128 [07:59<07:41,  7.32s/it]Training 128 shadow models:  52%|█████▏    | 66/128 [08:07<07:34,  7.33s/it]Training 128 shadow models:  52%|█████▏    | 67/128 [08:14<07:26,  7.33s/it]Training 128 shadow models:  53%|█████▎    | 68/128 [08:21<07:19,  7.32s/it]Training 128 shadow models:  54%|█████▍    | 69/128 [08:29<07:12,  7.33s/it]Training 128 shadow models:  55%|█████▍    | 70/128 [08:36<07:04,  7.33s/it]Training 128 shadow models:  55%|█████▌    | 71/128 [08:43<06:57,  7.33s/it]Training 128 shadow models:  56%|█████▋    | 72/128 [08:51<06:50,  7.33s/it]Training 128 shadow models:  57%|█████▋    | 73/128 [08:58<06:43,  7.33s/it]Training 128 shadow models:  58%|█████▊    | 74/128 [09:05<06:35,  7.33s/it]Training 128 shadow models:  59%|█████▊    | 75/128 [09:13<06:28,  7.33s/it]Training 128 shadow models:  59%|█████▉    | 76/128 [09:20<06:21,  7.33s/it]Training 128 shadow models:  60%|██████    | 77/128 [09:27<06:13,  7.33s/it]Training 128 shadow models:  61%|██████    | 78/128 [09:35<06:06,  7.32s/it]Training 128 shadow models:  62%|██████▏   | 79/128 [09:42<05:59,  7.33s/it]Training 128 shadow models:  62%|██████▎   | 80/128 [09:49<05:51,  7.33s/it]Training 128 shadow models:  63%|██████▎   | 81/128 [09:57<05:44,  7.33s/it]Training 128 shadow models:  64%|██████▍   | 82/128 [10:04<05:36,  7.32s/it]Training 128 shadow models:  65%|██████▍   | 83/128 [10:11<05:29,  7.32s/it]Training 128 shadow models:  66%|██████▌   | 84/128 [10:19<05:22,  7.32s/it]Training 128 shadow models:  66%|██████▋   | 85/128 [10:26<05:15,  7.33s/it]Training 128 shadow models:  67%|██████▋   | 86/128 [10:33<05:07,  7.33s/it]Training 128 shadow models:  68%|██████▊   | 87/128 [10:41<05:00,  7.33s/it]Training 128 shadow models:  69%|██████▉   | 88/128 [10:48<04:53,  7.33s/it]Training 128 shadow models:  70%|██████▉   | 89/128 [10:55<04:45,  7.32s/it]Training 128 shadow models:  70%|███████   | 90/128 [11:02<04:38,  7.32s/it]Training 128 shadow models:  71%|███████   | 91/128 [11:10<04:30,  7.32s/it]Training 128 shadow models:  72%|███████▏  | 92/128 [11:17<04:23,  7.32s/it]Training 128 shadow models:  73%|███████▎  | 93/128 [11:24<04:16,  7.32s/it]Training 128 shadow models:  73%|███████▎  | 94/128 [11:32<04:09,  7.33s/it]Training 128 shadow models:  74%|███████▍  | 95/128 [11:39<04:01,  7.33s/it]Training 128 shadow models:  75%|███████▌  | 96/128 [11:46<03:54,  7.33s/it]Training 128 shadow models:  76%|███████▌  | 97/128 [11:54<03:47,  7.33s/it]Training 128 shadow models:  77%|███████▋  | 98/128 [12:01<03:39,  7.33s/it]Training 128 shadow models:  77%|███████▋  | 99/128 [12:08<03:32,  7.33s/it]Training 128 shadow models:  78%|███████▊  | 100/128 [12:16<03:25,  7.32s/it]Training 128 shadow models:  79%|███████▉  | 101/128 [12:23<03:17,  7.33s/it]Training 128 shadow models:  80%|███████▉  | 102/128 [12:30<03:10,  7.33s/it]Training 128 shadow models:  80%|████████  | 103/128 [12:38<03:03,  7.33s/it]Training 128 shadow models:  81%|████████▏ | 104/128 [12:45<02:56,  7.34s/it]Training 128 shadow models:  82%|████████▏ | 105/128 [12:52<02:48,  7.34s/it]Training 128 shadow models:  83%|████████▎ | 106/128 [13:00<02:41,  7.35s/it]Training 128 shadow models:  84%|████████▎ | 107/128 [13:07<02:34,  7.35s/it]Training 128 shadow models:  84%|████████▍ | 108/128 [13:14<02:26,  7.35s/it]Training 128 shadow models:  85%|████████▌ | 109/128 [13:22<02:19,  7.35s/it]Training 128 shadow models:  86%|████████▌ | 110/128 [13:29<02:12,  7.35s/it]Training 128 shadow models:  87%|████████▋ | 111/128 [13:37<02:04,  7.35s/it]Training 128 shadow models:  88%|████████▊ | 112/128 [13:44<01:57,  7.35s/it]Training 128 shadow models:  88%|████████▊ | 113/128 [13:51<01:50,  7.35s/it]Training 128 shadow models:  89%|████████▉ | 114/128 [13:59<01:42,  7.35s/it]Training 128 shadow models:  90%|████████▉ | 115/128 [14:06<01:35,  7.36s/it]Training 128 shadow models:  91%|█████████ | 116/128 [14:13<01:28,  7.36s/it]Training 128 shadow models:  91%|█████████▏| 117/128 [14:21<01:20,  7.35s/it]Training 128 shadow models:  92%|█████████▏| 118/128 [14:28<01:13,  7.35s/it]Training 128 shadow models:  93%|█████████▎| 119/128 [14:35<01:06,  7.34s/it]Training 128 shadow models:  94%|█████████▍| 120/128 [14:43<00:58,  7.34s/it]Training 128 shadow models:  95%|█████████▍| 121/128 [14:50<00:51,  7.35s/it]Training 128 shadow models:  95%|█████████▌| 122/128 [14:57<00:44,  7.35s/it]Training 128 shadow models:  96%|█████████▌| 123/128 [15:05<00:36,  7.35s/it]Training 128 shadow models:  97%|█████████▋| 124/128 [15:12<00:29,  7.34s/it]Training 128 shadow models:  98%|█████████▊| 125/128 [15:19<00:22,  7.34s/it]Training 128 shadow models:  98%|█████████▊| 126/128 [15:27<00:14,  7.34s/it]Training 128 shadow models:  99%|█████████▉| 127/128 [15:34<00:07,  7.34s/it]Training 128 shadow models: 100%|██████████| 128/128 [15:41<00:00,  7.34s/it]Training 128 shadow models: 100%|██████████| 128/128 [15:41<00:00,  7.36s/it]
[I 2025-05-13 16:42:40,307] A new study created in memory with name: no-name-8537da4f-d9a5-4e36-bb18-ca1048c94c8f
Tuning interpolation parameter for offline RMIA using optuna
  0%|          | 0/100 [00:00<?, ?it/s]                                         0%|          | 0/100 [00:17<?, ?it/s]Best trial: 0. Best value: 0.556599:   0%|          | 0/100 [00:17<?, ?it/s]Best trial: 0. Best value: 0.556599:   1%|          | 1/100 [00:17<29:32, 17.90s/it]                                                                                    Best trial: 0. Best value: 0.556599:   1%|          | 1/100 [00:35<29:32, 17.90s/it]Best trial: 0. Best value: 0.556599:   1%|          | 1/100 [00:35<29:32, 17.90s/it]Best trial: 0. Best value: 0.556599:   2%|▏         | 2/100 [00:35<29:11, 17.87s/it]                                                                                    Best trial: 0. Best value: 0.556599:   2%|▏         | 2/100 [00:53<29:11, 17.87s/it]Best trial: 2. Best value: 0.55737:   2%|▏         | 2/100 [00:53<29:11, 17.87s/it] Best trial: 2. Best value: 0.55737:   3%|▎         | 3/100 [00:53<28:52, 17.86s/it]                                                                                   Best trial: 2. Best value: 0.55737:   3%|▎         | 3/100 [01:11<28:52, 17.86s/it]Best trial: 2. Best value: 0.55737:   3%|▎         | 3/100 [01:11<28:52, 17.86s/it]Best trial: 2. Best value: 0.55737:   4%|▍         | 4/100 [01:11<28:32, 17.84s/it]                                                                                   Best trial: 2. Best value: 0.55737:   4%|▍         | 4/100 [01:29<28:32, 17.84s/it]Best trial: 2. Best value: 0.55737:   4%|▍         | 4/100 [01:29<28:32, 17.84s/it]Best trial: 2. Best value: 0.55737:   5%|▌         | 5/100 [01:29<28:15, 17.85s/it]                                                                                   Best trial: 2. Best value: 0.55737:   5%|▌         | 5/100 [01:47<28:15, 17.85s/it]Best trial: 2. Best value: 0.55737:   5%|▌         | 5/100 [01:47<28:15, 17.85s/it]Best trial: 2. Best value: 0.55737:   6%|▌         | 6/100 [01:47<28:01, 17.89s/it]                                                                                   Best trial: 2. Best value: 0.55737:   6%|▌         | 6/100 [02:05<28:01, 17.89s/it]Best trial: 2. Best value: 0.55737:   6%|▌         | 6/100 [02:05<28:01, 17.89s/it]Best trial: 2. Best value: 0.55737:   7%|▋         | 7/100 [02:05<27:41, 17.86s/it]                                                                                   Best trial: 2. Best value: 0.55737:   7%|▋         | 7/100 [02:22<27:41, 17.86s/it]Best trial: 7. Best value: 0.55786:   7%|▋         | 7/100 [02:22<27:41, 17.86s/it]Best trial: 7. Best value: 0.55786:   8%|▊         | 8/100 [02:22<27:25, 17.88s/it]                                                                                   Best trial: 7. Best value: 0.55786:   8%|▊         | 8/100 [02:40<27:25, 17.88s/it]Best trial: 7. Best value: 0.55786:   8%|▊         | 8/100 [02:40<27:25, 17.88s/it]Best trial: 7. Best value: 0.55786:   9%|▉         | 9/100 [02:40<27:05, 17.86s/it]                                                                                   Best trial: 7. Best value: 0.55786:   9%|▉         | 9/100 [02:58<27:05, 17.86s/it]Best trial: 7. Best value: 0.55786:   9%|▉         | 9/100 [02:58<27:05, 17.86s/it]Best trial: 7. Best value: 0.55786:  10%|█         | 10/100 [02:58<26:47, 17.87s/it]                                                                                    Best trial: 7. Best value: 0.55786:  10%|█         | 10/100 [03:16<26:47, 17.87s/it]Best trial: 7. Best value: 0.55786:  10%|█         | 10/100 [03:16<26:47, 17.87s/it]Best trial: 7. Best value: 0.55786:  11%|█         | 11/100 [03:16<26:30, 17.87s/it]                                                                                    Best trial: 7. Best value: 0.55786:  11%|█         | 11/100 [03:34<26:30, 17.87s/it]Best trial: 11. Best value: 0.558287:  11%|█         | 11/100 [03:34<26:30, 17.87s/it]Best trial: 11. Best value: 0.558287:  12%|█▏        | 12/100 [03:34<26:11, 17.85s/it]                                                                                      Best trial: 11. Best value: 0.558287:  12%|█▏        | 12/100 [03:52<26:11, 17.85s/it]Best trial: 11. Best value: 0.558287:  12%|█▏        | 12/100 [03:52<26:11, 17.85s/it]Best trial: 11. Best value: 0.558287:  13%|█▎        | 13/100 [03:52<25:52, 17.85s/it]                                                                                      Best trial: 11. Best value: 0.558287:  13%|█▎        | 13/100 [04:10<25:52, 17.85s/it]Best trial: 11. Best value: 0.558287:  13%|█▎        | 13/100 [04:10<25:52, 17.85s/it]Best trial: 11. Best value: 0.558287:  14%|█▍        | 14/100 [04:10<25:34, 17.84s/it]                                                                                      Best trial: 11. Best value: 0.558287:  14%|█▍        | 14/100 [04:27<25:34, 17.84s/it]Best trial: 11. Best value: 0.558287:  14%|█▍        | 14/100 [04:27<25:34, 17.84s/it]Best trial: 11. Best value: 0.558287:  15%|█▌        | 15/100 [04:27<25:15, 17.84s/it]                                                                                      Best trial: 11. Best value: 0.558287:  15%|█▌        | 15/100 [04:45<25:15, 17.84s/it]Best trial: 11. Best value: 0.558287:  15%|█▌        | 15/100 [04:45<25:15, 17.84s/it]Best trial: 11. Best value: 0.558287:  16%|█▌        | 16/100 [04:45<24:57, 17.83s/it]                                                                                      Best trial: 11. Best value: 0.558287:  16%|█▌        | 16/100 [05:03<24:57, 17.83s/it]Best trial: 11. Best value: 0.558287:  16%|█▌        | 16/100 [05:03<24:57, 17.83s/it]Best trial: 11. Best value: 0.558287:  17%|█▋        | 17/100 [05:03<24:39, 17.83s/it]                                                                                      Best trial: 11. Best value: 0.558287:  17%|█▋        | 17/100 [05:21<24:39, 17.83s/it]Best trial: 11. Best value: 0.558287:  17%|█▋        | 17/100 [05:21<24:39, 17.83s/it]Best trial: 11. Best value: 0.558287:  18%|█▊        | 18/100 [05:21<24:20, 17.81s/it]                                                                                      Best trial: 11. Best value: 0.558287:  18%|█▊        | 18/100 [05:39<24:20, 17.81s/it]Best trial: 11. Best value: 0.558287:  18%|█▊        | 18/100 [05:39<24:20, 17.81s/it]Best trial: 11. Best value: 0.558287:  19%|█▉        | 19/100 [05:39<24:02, 17.81s/it]                                                                                      Best trial: 11. Best value: 0.558287:  19%|█▉        | 19/100 [05:57<24:02, 17.81s/it]Best trial: 11. Best value: 0.558287:  19%|█▉        | 19/100 [05:57<24:02, 17.81s/it]Best trial: 11. Best value: 0.558287:  20%|██        | 20/100 [05:57<23:48, 17.86s/it]                                                                                      Best trial: 11. Best value: 0.558287:  20%|██        | 20/100 [06:14<23:48, 17.86s/it]Best trial: 11. Best value: 0.558287:  20%|██        | 20/100 [06:14<23:48, 17.86s/it]Best trial: 11. Best value: 0.558287:  21%|██        | 21/100 [06:14<23:30, 17.86s/it]                                                                                      Best trial: 11. Best value: 0.558287:  21%|██        | 21/100 [06:32<23:30, 17.86s/it]Best trial: 11. Best value: 0.558287:  21%|██        | 21/100 [06:32<23:30, 17.86s/it]Best trial: 11. Best value: 0.558287:  22%|██▏       | 22/100 [06:32<23:11, 17.84s/it]                                                                                      Best trial: 11. Best value: 0.558287:  22%|██▏       | 22/100 [06:50<23:11, 17.84s/it]Best trial: 11. Best value: 0.558287:  22%|██▏       | 22/100 [06:50<23:11, 17.84s/it]Best trial: 11. Best value: 0.558287:  23%|██▎       | 23/100 [06:50<22:52, 17.82s/it]                                                                                      Best trial: 11. Best value: 0.558287:  23%|██▎       | 23/100 [07:08<22:52, 17.82s/it]Best trial: 11. Best value: 0.558287:  23%|██▎       | 23/100 [07:08<22:52, 17.82s/it]Best trial: 11. Best value: 0.558287:  24%|██▍       | 24/100 [07:08<22:34, 17.82s/it]                                                                                      Best trial: 11. Best value: 0.558287:  24%|██▍       | 24/100 [07:25<22:34, 17.82s/it]Best trial: 11. Best value: 0.558287:  24%|██▍       | 24/100 [07:25<22:34, 17.82s/it]Best trial: 11. Best value: 0.558287:  25%|██▌       | 25/100 [07:25<22:13, 17.79s/it]                                                                                      Best trial: 11. Best value: 0.558287:  25%|██▌       | 25/100 [07:43<22:13, 17.79s/it]Best trial: 11. Best value: 0.558287:  25%|██▌       | 25/100 [07:43<22:13, 17.79s/it]Best trial: 11. Best value: 0.558287:  26%|██▌       | 26/100 [07:43<21:56, 17.79s/it]                                                                                      Best trial: 11. Best value: 0.558287:  26%|██▌       | 26/100 [08:01<21:56, 17.79s/it]Best trial: 11. Best value: 0.558287:  26%|██▌       | 26/100 [08:01<21:56, 17.79s/it]Best trial: 11. Best value: 0.558287:  27%|██▋       | 27/100 [08:01<21:38, 17.79s/it]                                                                           