This job can be monitored from: https://job.c3se.chalmers.se/alvis/4319687
/usr/share/lmod/lmod/init/bash: /usr/share/lmod/lmod/libexec/addto: /usr/bin/lua: bad interpreter: No such file or directory
no change     /opt/conda/condabin/conda
no change     /opt/conda/bin/conda
no change     /opt/conda/bin/conda-env
no change     /opt/conda/bin/activate
no change     /opt/conda/bin/deactivate
no change     /opt/conda/etc/profile.d/conda.sh
no change     /opt/conda/etc/fish/conf.d/conda.fish
no change     /opt/conda/shell/condabin/Conda.psm1
no change     /opt/conda/shell/condabin/conda-hook.ps1
no change     /opt/conda/lib/python3.12/site-packages/xontrib/conda.xsh
no change     /opt/conda/etc/profile.d/conda.csh
no change     /cephyr/users/lassila/Alvis/.bashrc
No action taken.
Overwriting config seed with seed=907
Running MIA...

attacks:
  MLP-attack-0hop:
    attack: mlp-attack
    edge_dropout: 0.0
    mlp_attack_queries:
    - 0
    mlp_hidden_dim:
    - 128
    - 64
  MLP-attack-comb:
    attack: mlp-attack
    edge_dropout: 0.5
    mlp_attack_queries:
    - 0
    - 2
    mlp_hidden_dim:
    - 128
    - 64
  graph-lset-MI:
    attack: graph-lset
    num_sampled_graphs: 16
    prior: 0.5
    sampling_strategy: model-independent
  graph-lset-MI-offline:
    attack: graph-lset
    num_sampled_graphs: 16
    offline: true
    prior: 0.5
    sampling_strategy: model-independent
    threshold_scale_factor: 0.9
  lira:
    attack: lira
  lira-offline:
    attack: lira
    offline: true
  lset:
    attack: lset
  lset-offline:
    attack: lset
    offline: true
  rmia:
    Z_frac: 0.5
    attack: rmia
    rmia_gamma: 1
  rmia-offline:
    Z_frac: 0.5
    attack: rmia
    offline: true
    rmia_gamma: 1
batch_size: 32768
datadir: ./data
dataset: flickr
device: cuda
dropout: 0.0
early_stopping: 0
epochs: 800
epochs_mlp: 1000
frac_target_nodes: 0.1
hidden_dim:
- 128
hidden_dim_mlp:
- 128
hyperparam_search: false
inductive_inference: true
inductive_split: true
lr: 0.001
max_num_nodes: null
model: GCN
name: flickr-GCN
num_audits: 1
num_processes: 1
num_shadow_models: 128
offline: false
optimizer: Adam
pretrain_shadow_models: true
savedir: large_N_results
seed: 907
target_fpr:
- 0.01
- 0.001
train_frac: 0.5
val_frac: 0.0
weight_decay: 0.0001

Dataset properties
#Nodes: 89250
#Edges: 899756
#Features: 500
#Classes: 7
#Class distribution: [0.0590, 0.0953, 0.0719, 0.0549, 0.2573, 0.0390, 0.4226]
Average degree: 10.0813
Fraction isolated nodes: 0.0

Training 128 shadow models:   0%|          | 0/128 [00:00<?, ?it/s]Training 128 shadow models:   1%|          | 1/128 [00:10<21:51, 10.33s/it]Training 128 shadow models:   2%|▏         | 2/128 [00:17<18:01,  8.58s/it]Training 128 shadow models:   2%|▏         | 3/128 [00:25<16:43,  8.03s/it]Training 128 shadow models:   3%|▎         | 4/128 [00:32<16:02,  7.76s/it]Training 128 shadow models:   4%|▍         | 5/128 [00:39<15:37,  7.62s/it]Training 128 shadow models:   5%|▍         | 6/128 [00:47<15:19,  7.53s/it]Training 128 shadow models:   5%|▌         | 7/128 [00:54<15:04,  7.48s/it]Training 128 shadow models:   6%|▋         | 8/128 [01:01<14:52,  7.44s/it]Training 128 shadow models:   7%|▋         | 9/128 [01:09<14:42,  7.41s/it]Training 128 shadow models:   8%|▊         | 10/128 [01:16<14:32,  7.40s/it]Training 128 shadow models:   9%|▊         | 11/128 [01:23<14:24,  7.39s/it]Training 128 shadow models:   9%|▉         | 12/128 [01:31<14:15,  7.38s/it]Training 128 shadow models:  10%|█         | 13/128 [01:38<14:08,  7.38s/it]Training 128 shadow models:  11%|█         | 14/128 [01:46<14:00,  7.37s/it]Training 128 shadow models:  12%|█▏        | 15/128 [01:53<13:53,  7.37s/it]Training 128 shadow models:  12%|█▎        | 16/128 [02:00<13:45,  7.37s/it]Training 128 shadow models:  13%|█▎        | 17/128 [02:08<13:37,  7.37s/it]Training 128 shadow models:  14%|█▍        | 18/128 [02:15<13:29,  7.36s/it]Training 128 shadow models:  15%|█▍        | 19/128 [02:22<13:22,  7.36s/it]Training 128 shadow models:  16%|█▌        | 20/128 [02:30<13:15,  7.36s/it]Training 128 shadow models:  16%|█▋        | 21/128 [02:37<13:07,  7.36s/it]Training 128 shadow models:  17%|█▋        | 22/128 [02:44<13:00,  7.37s/it]Training 128 shadow models:  18%|█▊        | 23/128 [02:52<12:53,  7.37s/it]Training 128 shadow models:  19%|█▉        | 24/128 [02:59<12:45,  7.36s/it]Training 128 shadow models:  20%|█▉        | 25/128 [03:07<12:38,  7.36s/it]Training 128 shadow models:  20%|██        | 26/128 [03:14<12:30,  7.36s/it]Training 128 shadow models:  21%|██        | 27/128 [03:21<12:22,  7.35s/it]Training 128 shadow models:  22%|██▏       | 28/128 [03:29<12:14,  7.35s/it]Training 128 shadow models:  23%|██▎       | 29/128 [03:36<12:07,  7.34s/it]Training 128 shadow models:  23%|██▎       | 30/128 [03:43<11:59,  7.34s/it]Training 128 shadow models:  24%|██▍       | 31/128 [03:51<11:51,  7.34s/it]Training 128 shadow models:  25%|██▌       | 32/128 [03:58<11:44,  7.34s/it]Training 128 shadow models:  26%|██▌       | 33/128 [04:05<11:37,  7.34s/it]Training 128 shadow models:  27%|██▋       | 34/128 [04:13<11:29,  7.34s/it]Training 128 shadow models:  27%|██▋       | 35/128 [04:20<11:23,  7.35s/it]Training 128 shadow models:  28%|██▊       | 36/128 [04:27<11:16,  7.35s/it]Training 128 shadow models:  29%|██▉       | 37/128 [04:35<11:09,  7.36s/it]Training 128 shadow models:  30%|██▉       | 38/128 [04:42<11:02,  7.36s/it]Training 128 shadow models:  30%|███       | 39/128 [04:49<10:55,  7.37s/it]Training 128 shadow models:  31%|███▏      | 40/128 [04:57<10:48,  7.36s/it]Training 128 shadow models:  32%|███▏      | 41/128 [05:04<10:40,  7.37s/it]Training 128 shadow models:  33%|███▎      | 42/128 [05:12<10:33,  7.37s/it]Training 128 shadow models:  34%|███▎      | 43/128 [05:19<10:26,  7.37s/it]Training 128 shadow models:  34%|███▍      | 44/128 [05:26<10:18,  7.37s/it]Training 128 shadow models:  35%|███▌      | 45/128 [05:34<10:11,  7.36s/it]Training 128 shadow models:  36%|███▌      | 46/128 [05:41<10:03,  7.36s/it]Training 128 shadow models:  37%|███▋      | 47/128 [05:48<09:55,  7.36s/it]Training 128 shadow models:  38%|███▊      | 48/128 [05:56<09:48,  7.35s/it]Training 128 shadow models:  38%|███▊      | 49/128 [06:03<09:40,  7.35s/it]Training 128 shadow models:  39%|███▉      | 50/128 [06:10<09:32,  7.34s/it]Training 128 shadow models:  40%|███▉      | 51/128 [06:18<09:25,  7.34s/it]Training 128 shadow models:  41%|████      | 52/128 [06:25<09:17,  7.34s/it]Training 128 shadow models:  41%|████▏     | 53/128 [06:32<09:10,  7.34s/it]Training 128 shadow models:  42%|████▏     | 54/128 [06:40<09:03,  7.34s/it]Training 128 shadow models:  43%|████▎     | 55/128 [06:47<08:55,  7.34s/it]Training 128 shadow models:  44%|████▍     | 56/128 [06:54<08:48,  7.34s/it]Training 128 shadow models:  45%|████▍     | 57/128 [07:02<08:41,  7.34s/it]Training 128 shadow models:  45%|████▌     | 58/128 [07:09<08:34,  7.34s/it]Training 128 shadow models:  46%|████▌     | 59/128 [07:16<08:27,  7.35s/it]Training 128 shadow models:  47%|████▋     | 60/128 [07:24<08:19,  7.35s/it]Training 128 shadow models:  48%|████▊     | 61/128 [07:31<08:12,  7.35s/it]Training 128 shadow models:  48%|████▊     | 62/128 [07:38<08:05,  7.35s/it]Training 128 shadow models:  49%|████▉     | 63/128 [07:46<07:58,  7.36s/it]Training 128 shadow models:  50%|█████     | 64/128 [07:53<07:51,  7.36s/it]Training 128 shadow models:  51%|█████     | 65/128 [08:01<07:43,  7.36s/it]Training 128 shadow models:  52%|█████▏    | 66/128 [08:08<07:36,  7.36s/it]Training 128 shadow models:  52%|█████▏    | 67/128 [08:15<07:29,  7.36s/it]Training 128 shadow models:  53%|█████▎    | 68/128 [08:23<07:21,  7.36s/it]Training 128 shadow models:  54%|█████▍    | 69/128 [08:30<07:14,  7.37s/it]Training 128 shadow models:  55%|█████▍    | 70/128 [08:37<07:07,  7.37s/it]Training 128 shadow models:  55%|█████▌    | 71/128 [08:45<06:59,  7.37s/it]Training 128 shadow models:  56%|█████▋    | 72/128 [08:52<06:52,  7.36s/it]Training 128 shadow models:  57%|█████▋    | 73/128 [08:59<06:44,  7.36s/it]Training 128 shadow models:  58%|█████▊    | 74/128 [09:07<06:37,  7.36s/it]Training 128 shadow models:  59%|█████▊    | 75/128 [09:14<06:30,  7.36s/it]Training 128 shadow models:  59%|█████▉    | 76/128 [09:22<06:22,  7.36s/it]Training 128 shadow models:  60%|██████    | 77/128 [09:29<06:15,  7.36s/it]Training 128 shadow models:  61%|██████    | 78/128 [09:36<06:07,  7.36s/it]Training 128 shadow models:  62%|██████▏   | 79/128 [09:44<06:00,  7.36s/it]Training 128 shadow models:  62%|██████▎   | 80/128 [09:51<05:53,  7.36s/it]Training 128 shadow models:  63%|██████▎   | 81/128 [09:58<05:46,  7.36s/it]Training 128 shadow models:  64%|██████▍   | 82/128 [10:06<05:38,  7.36s/it]Training 128 shadow models:  65%|██████▍   | 83/128 [10:13<05:31,  7.36s/it]Training 128 shadow models:  66%|██████▌   | 84/128 [10:20<05:23,  7.36s/it]Training 128 shadow models:  66%|██████▋   | 85/128 [10:28<05:16,  7.36s/it]Training 128 shadow models:  67%|██████▋   | 86/128 [10:35<05:08,  7.35s/it]Training 128 shadow models:  68%|██████▊   | 87/128 [10:42<05:01,  7.35s/it]Training 128 shadow models:  69%|██████▉   | 88/128 [10:50<04:53,  7.34s/it]Training 128 shadow models:  70%|██████▉   | 89/128 [10:57<04:46,  7.34s/it]Training 128 shadow models:  70%|███████   | 90/128 [11:04<04:38,  7.34s/it]Training 128 shadow models:  71%|███████   | 91/128 [11:12<04:31,  7.34s/it]Training 128 shadow models:  72%|███████▏  | 92/128 [11:19<04:24,  7.34s/it]Training 128 shadow models:  73%|███████▎  | 93/128 [11:26<04:16,  7.34s/it]Training 128 shadow models:  73%|███████▎  | 94/128 [11:34<04:09,  7.33s/it]Training 128 shadow models:  74%|███████▍  | 95/128 [11:41<04:02,  7.34s/it]Training 128 shadow models:  75%|███████▌  | 96/128 [11:48<03:54,  7.34s/it]Training 128 shadow models:  76%|███████▌  | 97/128 [11:56<03:47,  7.34s/it]Training 128 shadow models:  77%|███████▋  | 98/128 [12:03<03:40,  7.35s/it]Training 128 shadow models:  77%|███████▋  | 99/128 [12:11<03:33,  7.36s/it]Training 128 shadow models:  78%|███████▊  | 100/128 [12:18<03:26,  7.37s/it]Training 128 shadow models:  79%|███████▉  | 101/128 [12:25<03:18,  7.37s/it]Training 128 shadow models:  80%|███████▉  | 102/128 [12:33<03:11,  7.36s/it]Training 128 shadow models:  80%|████████  | 103/128 [12:40<03:04,  7.36s/it]Training 128 shadow models:  81%|████████▏ | 104/128 [12:47<02:56,  7.37s/it]Training 128 shadow models:  82%|████████▏ | 105/128 [12:55<02:49,  7.37s/it]Training 128 shadow models:  83%|████████▎ | 106/128 [13:02<02:41,  7.36s/it]Training 128 shadow models:  84%|████████▎ | 107/128 [13:09<02:34,  7.35s/it]Training 128 shadow models:  84%|████████▍ | 108/128 [13:17<02:26,  7.35s/it]Training 128 shadow models:  85%|████████▌ | 109/128 [13:24<02:19,  7.35s/it]Training 128 shadow models:  86%|████████▌ | 110/128 [13:31<02:12,  7.34s/it]Training 128 shadow models:  87%|████████▋ | 111/128 [13:39<02:04,  7.34s/it]Training 128 shadow models:  88%|████████▊ | 112/128 [13:46<01:57,  7.34s/it]Training 128 shadow models:  88%|████████▊ | 113/128 [13:54<01:50,  7.34s/it]Training 128 shadow models:  89%|████████▉ | 114/128 [14:01<01:42,  7.34s/it]Training 128 shadow models:  90%|████████▉ | 115/128 [14:08<01:35,  7.34s/it]Training 128 shadow models:  91%|█████████ | 116/128 [14:16<01:28,  7.34s/it]Training 128 shadow models:  91%|█████████▏| 117/128 [14:23<01:20,  7.34s/it]Training 128 shadow models:  92%|█████████▏| 118/128 [14:30<01:13,  7.34s/it]Training 128 shadow models:  93%|█████████▎| 119/128 [14:38<01:06,  7.34s/it]Training 128 shadow models:  94%|█████████▍| 120/128 [14:45<00:58,  7.34s/it]Training 128 shadow models:  95%|█████████▍| 121/128 [14:52<00:51,  7.34s/it]Training 128 shadow models:  95%|█████████▌| 122/128 [15:00<00:43,  7.33s/it]Training 128 shadow models:  96%|█████████▌| 123/128 [15:07<00:36,  7.33s/it]Training 128 shadow models:  97%|█████████▋| 124/128 [15:14<00:29,  7.33s/it]Training 128 shadow models:  98%|█████████▊| 125/128 [15:22<00:21,  7.33s/it]Training 128 shadow models:  98%|█████████▊| 126/128 [15:29<00:14,  7.33s/it]Training 128 shadow models:  99%|█████████▉| 127/128 [15:36<00:07,  7.33s/it]Training 128 shadow models: 100%|██████████| 128/128 [15:44<00:00,  7.33s/it]Training 128 shadow models: 100%|██████████| 128/128 [15:44<00:00,  7.38s/it]
[I 2025-05-13 16:42:42,452] A new study created in memory with name: no-name-f2818aef-90f6-422f-a523-de4397aa2d56
Tuning interpolation parameter for offline RMIA using optuna
  0%|          | 0/100 [00:00<?, ?it/s]                                         0%|          | 0/100 [00:17<?, ?it/s]Best trial: 0. Best value: 0.547826:   0%|          | 0/100 [00:17<?, ?it/s]Best trial: 0. Best value: 0.547826:   1%|          | 1/100 [00:17<29:29, 17.88s/it]                                                                                    Best trial: 0. Best value: 0.547826:   1%|          | 1/100 [00:35<29:29, 17.88s/it]Best trial: 0. Best value: 0.547826:   1%|          | 1/100 [00:35<29:29, 17.88s/it]Best trial: 0. Best value: 0.547826:   2%|▏         | 2/100 [00:35<29:11, 17.87s/it]                                                                                    Best trial: 0. Best value: 0.547826:   2%|▏         | 2/100 [00:53<29:11, 17.87s/it]Best trial: 0. Best value: 0.547826:   2%|▏         | 2/100 [00:53<29:11, 17.87s/it]Best trial: 0. Best value: 0.547826:   3%|▎         | 3/100 [00:53<28:54, 17.88s/it]                                                                                    Best trial: 0. Best value: 0.547826:   3%|▎         | 3/100 [01:11<28:54, 17.88s/it]Best trial: 0. Best value: 0.547826:   3%|▎         | 3/100 [01:11<28:54, 17.88s/it]Best trial: 0. Best value: 0.547826:   4%|▍         | 4/100 [01:11<28:36, 17.88s/it]                                                                                    Best trial: 0. Best value: 0.547826:   4%|▍         | 4/100 [01:29<28:36, 17.88s/it]Best trial: 0. Best value: 0.547826:   4%|▍         | 4/100 [01:29<28:36, 17.88s/it]Best trial: 0. Best value: 0.547826:   5%|▌         | 5/100 [01:29<28:17, 17.86s/it]                                                                                    Best trial: 0. Best value: 0.547826:   5%|▌         | 5/100 [01:47<28:17, 17.86s/it]Best trial: 5. Best value: 0.549358:   5%|▌         | 5/100 [01:47<28:17, 17.86s/it]Best trial: 5. Best value: 0.549358:   6%|▌         | 6/100 [01:47<28:05, 17.93s/it]                                                                                    Best trial: 5. Best value: 0.549358:   6%|▌         | 6/100 [02:05<28:05, 17.93s/it]Best trial: 5. Best value: 0.549358:   6%|▌         | 6/100 [02:05<28:05, 17.93s/it]Best trial: 5. Best value: 0.549358:   7%|▋         | 7/100 [02:05<27:46, 17.92s/it]                                                                                    Best trial: 5. Best value: 0.549358:   7%|▋         | 7/100 [02:23<27:46, 17.92s/it]Best trial: 5. Best value: 0.549358:   7%|▋         | 7/100 [02:23<27:46, 17.92s/it]Best trial: 5. Best value: 0.549358:   8%|▊         | 8/100 [02:23<27:26, 17.90s/it]                                                                                    Best trial: 5. Best value: 0.549358:   8%|▊         | 8/100 [02:41<27:26, 17.90s/it]Best trial: 5. Best value: 0.549358:   8%|▊         | 8/100 [02:41<27:26, 17.90s/it]Best trial: 5. Best value: 0.549358:   9%|▉         | 9/100 [02:41<27:07, 17.89s/it]                                                                                    Best trial: 5. Best value: 0.549358:   9%|▉         | 9/100 [02:58<27:07, 17.89s/it]Best trial: 5. Best value: 0.549358:   9%|▉         | 9/100 [02:58<27:07, 17.89s/it]Best trial: 5. Best value: 0.549358:  10%|█         | 10/100 [02:58<26:48, 17.87s/it]                                                                                     Best trial: 5. Best value: 0.549358:  10%|█         | 10/100 [03:16<26:48, 17.87s/it]Best trial: 10. Best value: 0.550672:  10%|█         | 10/100 [03:16<26:48, 17.87s/it]Best trial: 10. Best value: 0.550672:  11%|█         | 11/100 [03:16<26:29, 17.86s/it]                                                                                      Best trial: 10. Best value: 0.550672:  11%|█         | 11/100 [03:34<26:29, 17.86s/it]Best trial: 11. Best value: 0.551189:  11%|█         | 11/100 [03:34<26:29, 17.86s/it]Best trial: 11. Best value: 0.551189:  12%|█▏        | 12/100 [03:34<26:11, 17.86s/it]                                                                                      Best trial: 11. Best value: 0.551189:  12%|█▏        | 12/100 [03:52<26:11, 17.86s/it]Best trial: 12. Best value: 0.551436:  12%|█▏        | 12/100 [03:52<26:11, 17.86s/it]Best trial: 12. Best value: 0.551436:  13%|█▎        | 13/100 [03:52<25:53, 17.86s/it]                                                                                      Best trial: 12. Best value: 0.551436:  13%|█▎        | 13/100 [04:10<25:53, 17.86s/it]Best trial: 12. Best value: 0.551436:  13%|█▎        | 13/100 [04:10<25:53, 17.86s/it]Best trial: 12. Best value: 0.551436:  14%|█▍        | 14/100 [04:10<25:36, 17.87s/it]                                                                                      Best trial: 12. Best value: 0.551436:  14%|█▍        | 14/100 [04:28<25:36, 17.87s/it]Best trial: 12. Best value: 0.551436:  14%|█▍        | 14/100 [04:28<25:36, 17.87s/it]Best trial: 12. Best value: 0.551436:  15%|█▌        | 15/100 [04:28<25:19, 17.87s/it]                                                                                      Best trial: 12. Best value: 0.551436:  15%|█▌        | 15/100 [04:46<25:19, 17.87s/it]Best trial: 12. Best value: 0.551436:  15%|█▌        | 15/100 [04:46<25:19, 17.87s/it]Best trial: 12. Best value: 0.551436:  16%|█▌        | 16/100 [04:46<25:01, 17.87s/it]                                                                                      Best trial: 12. Best value: 0.551436:  16%|█▌        | 16/100 [05:03<25:01, 17.87s/it]Best trial: 12. Best value: 0.551436:  16%|█▌        | 16/100 [05:03<25:01, 17.87s/it]Best trial: 12. Best value: 0.551436:  17%|█▋        | 17/100 [05:03<24:43, 17.87s/it]                                                                                      Best trial: 12. Best value: 0.551436:  17%|█▋        | 17/100 [05:21<24:43, 17.87s/it]Best trial: 12. Best value: 0.551436:  17%|█▋        | 17/100 [05:21<24:43, 17.87s/it]Best trial: 12. Best value: 0.551436:  18%|█▊        | 18/100 [05:21<24:26, 17.89s/it]                                                                                      Best trial: 12. Best value: 0.551436:  18%|█▊        | 18/100 [05:39<24:26, 17.89s/it]Best trial: 18. Best value: 0.551888:  18%|█▊        | 18/100 [05:39<24:26, 17.89s/it]Best trial: 18. Best value: 0.551888:  19%|█▉        | 19/100 [05:39<24:08, 17.89s/it]                                                                                      Best trial: 18. Best value: 0.551888:  19%|█▉        | 19/100 [05:57<24:08, 17.89s/it]Best trial: 18. Best value: 0.551888:  19%|█▉        | 19/100 [05:57<24:08, 17.89s/it]Best trial: 18. Best value: 0.551888:  20%|██        | 20/100 [05:57<23:53, 17.92s/it]                                                                                      Best trial: 18. Best value: 0.551888:  20%|██        | 20/100 [06:15<23:53, 17.92s/it]Best trial: 18. Best value: 0.551888:  20%|██        | 20/100 [06:15<23:53, 17.92s/it]Best trial: 18. Best value: 0.551888:  21%|██        | 21/100 [06:15<23:32, 17.88s/it]                                                                                      Best trial: 18. Best value: 0.551888:  21%|██        | 21/100 [06:33<23:32, 17.88s/it]Best trial: 18. Best value: 0.551888:  21%|██        | 21/100 [06:33<23:32, 17.88s/it]Best trial: 18. Best value: 0.551888:  22%|██▏       | 22/100 [06:33<23:13, 17.87s/it]                                                                                      Best trial: 18. Best value: 0.551888:  22%|██▏       | 22/100 [06:51<23:13, 17.87s/it]Best trial: 18. Best value: 0.551888:  22%|██▏       | 22/100 [06:51<23:13, 17.87s/it]Best trial: 18. Best value: 0.551888:  23%|██▎       | 23/100 [06:51<22:56, 17.88s/it]                                                                                      Best trial: 18. Best value: 0.551888:  23%|██▎       | 23/100 [07:09<22:56, 17.88s/it]Best trial: 18. Best value: 0.551888:  23%|██▎       | 23/100 [07:09<22:56, 17.88s/it]Best trial: 18. Best value: 0.551888:  24%|██▍       | 24/100 [07:09<22:39, 17.89s/it]                                                                                      Best trial: 18. Best value: 0.551888:  24%|██▍       | 24/100 [07:26<22:39, 17.89s/it]Best trial: 24. Best value: 0.551891:  24%|██▍       | 24/100 [07:26<22:39, 17.89s/it]Best trial: 24. Best value: 0.551891:  25%|██▌       | 25/100 [07:26<22:18, 17.84s/it]                                                                                      Best trial: 24. Best value: 0.551891:  25%|██▌       | 25/100 [07:44<22:18, 17.84s/it]Best trial: 24. Best value: 0.551891:  25%|██▌       | 25/100 [07:44<22:18, 17.84s/it]Best trial: 24. Best value: 0.551891:  26%|██▌       | 26/100 [07:44<22:00, 17.85s/it]                                                                                      Best trial: 24. Best value: 0.551891:  26%|██▌       | 26/100 [08:02<22:00, 17.85s/it]Best trial: 24. Best value: 0.551891:  26%|██▌       | 26/100 [08:02<22:00, 17.85s/it]Best trial: 24. Best value: 0.551891:  27%|██▋       | 27/100 [08:02<21:44, 17.87s/it]                                      