[I 2025-05-13 17:36:50,164] Trial 99 finished with value: 0.5625231717157451 and parameters: {'threshold_scale_factor': 0.6607010101175839}. Best is trial 52 with value: 0.5625286643598616.
Best hyperparameters: {'threshold_scale_factor': 0.6817719575115009}
Best optimized value: 0.5625286643598616
Running audit 1/1
Training a GCN target model on flickr...
Training GCN on cuda:   0%|          | 0/800 [00:00<?, ?it/s]Training GCN on cuda:   1%|▏         | 10/800 [00:00<00:08, 93.91it/s]Training GCN on cuda:   2%|▎         | 20/800 [00:00<00:08, 94.11it/s]Training GCN on cuda:   4%|▍         | 30/800 [00:00<00:08, 95.90it/s]Training GCN on cuda:   5%|▌         | 41/800 [00:00<00:07, 100.80it/s]Training GCN on cuda:   6%|▋         | 52/800 [00:00<00:07, 103.61it/s]Training GCN on cuda:   8%|▊         | 63/800 [00:00<00:06, 105.41it/s]Training GCN on cuda:   9%|▉         | 74/800 [00:00<00:06, 106.20it/s]Training GCN on cuda:  11%|█         | 85/800 [00:00<00:06, 106.96it/s]Training GCN on cuda:  12%|█▏        | 96/800 [00:00<00:06, 107.56it/s]Training GCN on cuda:  13%|█▎        | 107/800 [00:01<00:06, 107.88it/s]Training GCN on cuda:  15%|█▍        | 118/800 [00:01<00:06, 107.96it/s]Training GCN on cuda:  16%|█▌        | 129/800 [00:01<00:06, 108.10it/s]Training GCN on cuda:  18%|█▊        | 140/800 [00:01<00:06, 108.32it/s]Training GCN on cuda:  19%|█▉        | 151/800 [00:01<00:05, 108.44it/s]Training GCN on cuda:  20%|██        | 162/800 [00:01<00:05, 108.23it/s]Training GCN on cuda:  22%|██▏       | 173/800 [00:01<00:05, 108.47it/s]Training GCN on cuda:  23%|██▎       | 184/800 [00:01<00:05, 108.48it/s]Training GCN on cuda:  24%|██▍       | 195/800 [00:01<00:05, 108.45it/s]Training GCN on cuda:  26%|██▌       | 206/800 [00:01<00:05, 108.35it/s]Training GCN on cuda:  27%|██▋       | 217/800 [00:02<00:05, 108.42it/s]Training GCN on cuda:  28%|██▊       | 228/800 [00:02<00:05, 108.60it/s]Training GCN on cuda:  30%|██▉       | 239/800 [00:02<00:05, 108.48it/s]Training GCN on cuda:  31%|███▏      | 250/800 [00:02<00:05, 108.45it/s]Training GCN on cuda:  33%|███▎      | 261/800 [00:02<00:04, 108.50it/s]Training GCN on cuda:  34%|███▍      | 272/800 [00:02<00:04, 108.58it/s]Training GCN on cuda:  35%|███▌      | 283/800 [00:02<00:04, 108.58it/s]Training GCN on cuda:  37%|███▋      | 294/800 [00:02<00:04, 108.41it/s]Training GCN on cuda:  38%|███▊      | 305/800 [00:02<00:04, 108.60it/s]Training GCN on cuda:  40%|███▉      | 316/800 [00:02<00:04, 108.57it/s]Training GCN on cuda:  41%|████      | 327/800 [00:03<00:04, 108.36it/s]Training GCN on cuda:  42%|████▏     | 338/800 [00:03<00:04, 108.51it/s]Training GCN on cuda:  44%|████▎     | 349/800 [00:03<00:04, 108.55it/s]Training GCN on cuda:  45%|████▌     | 360/800 [00:03<00:04, 108.57it/s]Training GCN on cuda:  46%|████▋     | 371/800 [00:03<00:03, 108.43it/s]Training GCN on cuda:  48%|████▊     | 382/800 [00:03<00:03, 108.60it/s]Training GCN on cuda:  49%|████▉     | 393/800 [00:03<00:03, 108.60it/s]Training GCN on cuda:  50%|█████     | 404/800 [00:03<00:03, 108.50it/s]Training GCN on cuda:  52%|█████▏    | 415/800 [00:03<00:03, 108.48it/s]Training GCN on cuda:  53%|█████▎    | 426/800 [00:03<00:03, 108.50it/s]Training GCN on cuda:  55%|█████▍    | 437/800 [00:04<00:03, 108.51it/s]Training GCN on cuda:  56%|█████▌    | 448/800 [00:04<00:03, 108.41it/s]Training GCN on cuda:  57%|█████▋    | 459/800 [00:04<00:03, 108.49it/s]Training GCN on cuda:  59%|█████▉    | 470/800 [00:04<00:03, 108.57it/s]Training GCN on cuda:  60%|██████    | 481/800 [00:04<00:02, 108.44it/s]Training GCN on cuda:  62%|██████▏   | 492/800 [00:04<00:02, 108.40it/s]Training GCN on cuda:  63%|██████▎   | 503/800 [00:04<00:02, 108.47it/s]Training GCN on cuda:  64%|██████▍   | 514/800 [00:04<00:02, 108.60it/s]Training GCN on cuda:  66%|██████▌   | 525/800 [00:04<00:02, 108.45it/s]Training GCN on cuda:  67%|██████▋   | 536/800 [00:04<00:02, 108.34it/s]Training GCN on cuda:  68%|██████▊   | 547/800 [00:05<00:02, 108.55it/s]Training GCN on cuda:  70%|██████▉   | 558/800 [00:05<00:02, 108.57it/s]Training GCN on cuda:  71%|███████   | 569/800 [00:05<00:02, 108.45it/s]Training GCN on cuda:  72%|███████▎  | 580/800 [00:05<00:02, 108.48it/s]Training GCN on cuda:  74%|███████▍  | 591/800 [00:05<00:01, 108.51it/s]Training GCN on cuda:  75%|███████▌  | 602/800 [00:05<00:01, 108.57it/s]Training GCN on cuda:  77%|███████▋  | 613/800 [00:05<00:01, 108.34it/s]Training GCN on cuda:  78%|███████▊  | 624/800 [00:05<00:01, 108.48it/s]Training GCN on cuda:  79%|███████▉  | 635/800 [00:05<00:01, 108.57it/s]Training GCN on cuda:  81%|████████  | 646/800 [00:05<00:01, 108.47it/s]Training GCN on cuda:  82%|████████▏ | 657/800 [00:06<00:01, 108.42it/s]Training GCN on cuda:  84%|████████▎ | 668/800 [00:06<00:01, 108.48it/s]Training GCN on cuda:  85%|████████▍ | 679/800 [00:06<00:01, 108.63it/s]Training GCN on cuda:  86%|████████▋ | 690/800 [00:06<00:01, 108.45it/s]Training GCN on cuda:  88%|████████▊ | 701/800 [00:06<00:00, 108.38it/s]Training GCN on cuda:  89%|████████▉ | 712/800 [00:06<00:00, 108.49it/s]Training GCN on cuda:  90%|█████████ | 723/800 [00:06<00:00, 108.53it/s]Training GCN on cuda:  92%|█████████▏| 734/800 [00:06<00:00, 108.54it/s]Training GCN on cuda:  93%|█████████▎| 745/800 [00:06<00:00, 108.44it/s]Training GCN on cuda:  94%|█████████▍| 756/800 [00:07<00:00, 108.58it/s]Training GCN on cuda:  96%|█████████▌| 767/800 [00:07<00:00, 108.60it/s]Training GCN on cuda:  97%|█████████▋| 778/800 [00:07<00:00, 108.45it/s]Training GCN on cuda:  99%|█████████▊| 789/800 [00:07<00:00, 108.51it/s]Training GCN on cuda: 100%|██████████| 800/800 [00:07<00:00, 108.49it/s]Training GCN on cuda: 100%|██████████| 800/800 [00:07<00:00, 107.94it/s]
Train accuracy: 0.5757 | Test accuracy: 0.4686
Training MLP on cuda:   0%|          | 0/1000 [00:00<?, ?it/s]Training MLP on cuda:   0%|          | 1/1000 [01:48<30:08:02, 108.59s/it]Training MLP on cuda:   0%|          | 2/1000 [03:37<30:11:08, 108.89s/it]Training MLP on cuda:   0%|          | 3/1000 [05:26<30:07:02, 108.75s/it]Training MLP on cuda:   0%|          | 4/1000 [07:15<30:06:20, 108.82s/it]Training MLP on cuda:   0%|          | 5/1000 [09:04<30:05:54, 108.90s/it]Training MLP on cuda:   1%|          | 6/1000 [10:53<30:04:28, 108.92s/it]Training MLP on cuda:   1%|          | 7/1000 [12:43<30:09:19, 109.32s/it]Training MLP on cuda:   1%|          | 8/1000 [14:33<30:13:42, 109.70s/it]Training MLP on cuda:   1%|          | 9/1000 [16:24<30:16:36, 109.99s/it]Training MLP on cuda:   1%|          | 10/1000 [18:15<30:19:12, 110.26s/it]Training MLP on cuda:   1%|          | 11/1000 [20:04<30:11:21, 109.89s/it]Training MLP on cuda:   1%|          | 12/1000 [21:53<30:03:27, 109.52s/it]Training MLP on cuda:   1%|▏         | 13/1000 [23:42<29:59:12, 109.37s/it]Training MLP on cuda:   1%|▏         | 14/1000 [25:30<29:54:49, 109.22s/it]Training MLP on cuda:   2%|▏         | 15/1000 [27:19<29:49:59, 109.04s/it]Training MLP on cuda:   2%|▏         | 16/1000 [29:08<29:46:59, 108.96s/it]Training MLP on cuda:   2%|▏         | 17/1000 [30:56<29:41:55, 108.76s/it]Training MLP on cuda:   2%|▏         | 18/1000 [32:44<29:35:41, 108.49s/it]Training MLP on cuda:   2%|▏         | 19/1000 [34:32<29:31:43, 108.36s/it]Training MLP on cuda:   2%|▏         | 20/1000 [36:20<29:26:52, 108.18s/it]Training MLP on cuda:   2%|▏         | 21/1000 [38:07<29:20:35, 107.90s/it]Training MLP on cuda:   2%|▏         | 22/1000 [39:54<29:14:20, 107.63s/it]Training MLP on cuda:   2%|▏         | 23/1000 [41:41<29:09:11, 107.42s/it]Training MLP on cuda:   2%|▏         | 24/1000 [43:28<29:05:13, 107.29s/it]Training MLP on cuda:   2%|▎         | 25/1000 [45:15<29:01:50, 107.19s/it]Training MLP on cuda:   3%|▎         | 26/1000 [47:02<28:57:36, 107.04s/it]Training MLP on cuda:   3%|▎         | 27/1000 [48:48<28:54:22, 106.95s/it]Training MLP on cuda:   3%|▎         | 28/1000 [50:35<28:52:38, 106.95s/it]Training MLP on cuda:   3%|▎         | 29/1000 [52:22<28:50:12, 106.91s/it]Training MLP on cuda:   3%|▎         | 30/1000 [54:09<28:49:11, 106.96s/it]Training MLP on cuda:   3%|▎         | 31/1000 [55:57<28:53:01, 107.31s/it]Training MLP on cuda:   3%|▎         | 32/1000 [57:45<28:54:43, 107.52s/it]Training MLP on cuda:   3%|▎         | 33/1000 [59:34<28:57:54, 107.83s/it]Training MLP on cuda:   3%|▎         | 34/1000 [1:01:22<28:56:49, 107.88s/it]Training MLP on cuda:   4%|▎         | 35/1000 [1:03:10<28:55:07, 107.88s/it]Training MLP on cuda:   4%|▎         | 36/1000 [1:04:58<28:52:20, 107.82s/it]Training MLP on cuda:   4%|▎         | 37/1000 [1:06:46<28:53:03, 107.98s/it]Training MLP on cuda:   4%|▍         | 38/1000 [1:08:34<28:52:36, 108.06s/it]Training MLP on cuda:   4%|▍         | 39/1000 [1:10:22<28:50:22, 108.04s/it]Training MLP on cuda:   4%|▍         | 40/1000 [1:12:10<28:49:14, 108.08s/it]Training MLP on cuda:   4%|▍         | 41/1000 [1:13:59<28:49:03, 108.18s/it]Training MLP on cuda:   4%|▍         | 42/1000 [1:15:47<28:46:31, 108.13s/it]Training MLP on cuda:   4%|▍         | 43/1000 [1:17:35<28:45:18, 108.17s/it]Training MLP on cuda:   4%|▍         | 44/1000 [1:19:21<28:35:03, 107.64s/it]Training MLP on cuda:   4%|▍         | 45/1000 [1:21:09<28:30:59, 107.50s/it]Training MLP on cuda:   5%|▍         | 46/1000 [1:22:55<28:24:50, 107.22s/it]Training MLP on cuda:   5%|▍         | 47/1000 [1:24:41<28:18:27, 106.93s/it]Training MLP on cuda:   5%|▍         | 48/1000 [1:26:29<28:18:26, 107.04s/it]Training MLP on cuda:   5%|▍         | 49/1000 [1:28:16<28:18:38, 107.17s/it]Training MLP on cuda:   5%|▌         | 50/1000 [1:30:04<28:18:56, 107.30s/it]Training MLP on cuda:   5%|▌         | 51/1000 [1:31:51<28:18:00, 107.36s/it]Training MLP on cuda:   5%|▌         | 52/1000 [1:33:39<28:19:59, 107.59s/it]Training MLP on cuda:   5%|▌         | 53/1000 [1:35:28<28:21:16, 107.79s/it]Training MLP on cuda:   5%|▌         | 54/1000 [1:37:15<28:17:31, 107.67s/it]Training MLP on cuda:   6%|▌         | 55/1000 [1:39:02<28:14:19, 107.58s/it]Training MLP on cuda:   6%|▌         | 56/1000 [1:40:50<28:12:45, 107.59s/it]Training MLP on cuda:   6%|▌         | 57/1000 [1:42:38<28:11:21, 107.62s/it]Training MLP on cuda:   6%|▌         | 58/1000 [1:44:25<28:09:36, 107.62s/it]Training MLP on cuda:   6%|▌         | 59/1000 [1:46:13<28:06:09, 107.51s/it]Training MLP on cuda:   6%|▌         | 60/1000 [1:48:00<28:05:11, 107.57s/it]Training MLP on cuda:   6%|▌         | 61/1000 [1:49:48<28:02:16, 107.49s/it]Training MLP on cuda:   6%|▌         | 62/1000 [1:51:35<27:59:36, 107.44s/it]Training MLP on cuda:   6%|▋         | 63/1000 [1:53:22<27:57:46, 107.43s/it]Training MLP on cuda:   6%|▋         | 64/1000 [1:55:10<27:57:05, 107.51s/it]Training MLP on cuda:   6%|▋         | 65/1000 [1:56:58<27:56:16, 107.57s/it]Training MLP on cuda:   7%|▋         | 66/1000 [1:58:45<27:51:23, 107.37s/it]Training MLP on cuda:   7%|▋         | 66/1000 [2:00:31<28:25:41, 109.57s/it]
Training MLP on cuda:   0%|          | 0/1000 [00:00<?, ?it/s]Training MLP on cuda:   0%|          | 1/1000 [01:48<30:14:25, 108.97s/it]Training MLP on cuda:   0%|          | 2/1000 [03:38<30:14:51, 109.11s/it]Training MLP on cuda:   0%|          | 3/1000 [05:27<30:11:13, 109.00s/it]Training MLP on cuda:   0%|          | 4/1000 [07:16<30:10:33, 109.07s/it]Training MLP on cuda:   0%|          | 5/1000 [09:03<29:59:37, 108.52s/it]Training MLP on cuda:   1%|          | 6/1000 [10:51<29:53:03, 108.23s/it]Training MLP on cuda:   1%|          | 7/1000 [12:38<29:47:13, 107.99s/it]Training MLP on cuda:   1%|          | 8/1000 [14:26<29:41:43, 107.77s/it]Training MLP on cuda:   1%|          | 9/1000 [16:13<29:38:19, 107.67s/it]Training MLP on cuda:   1%|          | 10/1000 [18:01<29:39:21, 107.84s/it]Training MLP on cuda:   1%|          | 11/1000 [19:50<29:41:34, 108.08s/it]Training MLP on cuda:   1%|          | 12/1000 [21:39<29:43:48, 108.33s/it]Training MLP on cuda:   1%|▏         | 13/1000 [23:28<29:43:57, 108.45s/it]Training MLP on cuda:   1%|▏         | 14/1000 [25:16<29:43:21, 108.52s/it]Training MLP on cuda:   2%|▏         | 15/1000 [27:05<29:42:49, 108.60s/it]Training MLP on cuda:   2%|▏         | 16/1000 [28:54<29:43:38, 108.76s/it]Training MLP on cuda:   2%|▏         | 17/1000 [30:44<29:48:04, 109.14s/it]Training MLP on cuda:   2%|▏         | 18/1000 [32:33<29:46:24, 109.15s/it]Training MLP on cuda:   2%|▏         | 19/1000 [34:23<29:45:40, 109.22s/it]Training MLP on cuda:   2%|▏         | 20/1000 [36:12<29:43:23, 109.19s/it]Training MLP on cuda:   2%|▏         | 21/1000 [38:01<29:40:01, 109.09s/it]Training MLP on cuda:   2%|▏         | 22/1000 [39:50<29:40:27, 109.23s/it]Training MLP on cuda:   2%|▏         | 23/1000 [41:40<29:38:39, 109.23s/it]Training MLP on cuda:   2%|▏         | 24/1000 [43:29<29:35:37, 109.16s/it]Training MLP on cuda:   2%|▎         | 25/1000 [45:18<29:34:01, 109.17s/it]Training MLP on cuda:   3%|▎         | 26/1000 [47:07<29:33:19, 109.24s/it]Training MLP on cuda:   3%|▎         | 27/1000 [48:57<29:32:06, 109.28s/it]Training MLP on cuda:   3%|▎         | 28/1000 [50:46<29:29:02, 109.20s/it]Training MLP on cuda:   3%|▎         | 29/1000 [52:35<29:28:33, 109.28s/it]Training MLP on cuda:   3%|▎         | 30/1000 [54:24<29:26:26, 109.26s/it]Training MLP on cuda:   3%|▎         | 31/1000 [56:13<29:24:26, 109.25s/it]Training MLP on cuda:   3%|▎         | 32/1000 [58:03<29:23:35, 109.31s/it]Training MLP on cuda:   3%|▎         | 33/1000 [59:52<29:18:39, 109.12s/it]Training MLP on cuda:   3%|▎         | 34/1000 [1:01:40<29:14:29, 108.97s/it]Training MLP on cuda:   4%|▎         | 35/1000 [1:03:29<29:11:19, 108.89s/it]Training MLP on cuda:   4%|▎         | 36/1000 [1:05:17<29:06:28, 108.70s/it]Training MLP on cuda:   4%|▎         | 37/1000 [1:07:06<29:04:09, 108.67s/it]Training MLP on cuda:   4%|▍         | 38/1000 [1:08:54<29:00:23, 108.55s/it]Training MLP on cuda:   4%|▍         | 39/1000 [1:10:42<28:56:04, 108.39s/it]Training MLP on cuda:   4%|▍         | 40/1000 [1:12:30<28:50:56, 108.18s/it]Training MLP on cuda:   4%|▍         | 41/1000 [1:14:18<28:47:23, 108.07s/it]Training MLP on cuda:   4%|▍         | 42/1000 [1:16:06<28:46:08, 108.11s/it]Training MLP on cuda:   4%|▍         | 43/1000 [1:17:54<28:44:04, 108.09s/it]Training MLP on cuda:   4%|▍         | 44/1000 [1:19:42<28:40:10, 107.96s/it]Training MLP on cuda:   4%|▍         | 45/1000 [1:21:29<28:37:15, 107.89s/it]Training MLP on cuda:   5%|▍         | 46/1000 [1:23:17<28:36:38, 107.97s/it]Training MLP on cuda:   5%|▍         | 47/1000 [1:25:05<28:34:32, 107.95s/it]Training MLP on cuda:   5%|▍         | 48/1000 [1:26:53<28:32:15, 107.92s/it]Training MLP on cuda:   5%|▍         | 49/1000 [1:28:41<28:30:13, 107.90s/it]Training MLP on cuda:   5%|▌         | 50/1000 [1:30:29<28:29:37, 107.98s/it]Training MLP on cuda:   5%|▌         | 51/1000 [1:32:17<28:27:03, 107.93s/it]Training MLP on cuda:   5%|▌         | 52/1000 [1:34:05<28:23:58, 107.85s/it]Training MLP on cuda:   5%|▌         | 53/1000 [1:35:53<28:25:15, 108.04s/it]Training MLP on cuda:   5%|▌         | 54/1000 [1:37:41<28:23:41, 108.06s/it]Training MLP on cuda:   6%|▌         | 55/1000 [1:39:29<28:21:46, 108.05s/it]Training MLP on cuda:   6%|▌         | 56/1000 [1:41:17<28:19:08, 108.00s/it]Training MLP on cuda:   6%|▌         | 57/1000 [1:43:06<28:20:31, 108.20s/it]Training MLP on cuda:   6%|▌         | 58/1000 [1:44:54<28:18:47, 108.20s/it]Training MLP on cuda:   6%|▌         | 59/1000 [1:46:42<28:17:36, 108.24s/it]Training MLP on cuda:   6%|▌         | 60/1000 [1:48:30<28:13:45, 108.11s/it]Training MLP on cuda:   6%|▌         | 61/1000 [1:50:18<28:11:23, 108.08s/it]Training MLP on cuda:   6%|▌         | 62/1000 [1:52:07<28:12:02, 108.23s/it]Training MLP on cuda:   6%|▋         | 63/1000 [1:53:55<28:08:47, 108.14s/it]Training MLP on cuda:   6%|▋         | 64/1000 [1:55:42<28:04:54, 108.01s/it]Training MLP on cuda:   6%|▋         | 65/1000 [1:57:30<28:03:18, 108.02s/it]Training MLP on cuda:   7%|▋         | 66/1000 [1:59:19<28:02:38, 108.09s/it]Training MLP on cuda:   7%|▋         | 67/1000 [2:01:06<27:59:37, 108.01s/it]Training MLP on cuda:   7%|▋         | 68/1000 [2:02:54<27:55:50, 107.89s/it]Training MLP on cuda:   7%|▋         | 69/1000 [2:04:42<27:53:26, 107.85s/it]Training MLP on cuda:   7%|▋         | 70/1000 [2:06:30<27:51:37, 107.85s/it]Training MLP on cuda:   7%|▋         | 71/1000 [2:08:18<27:51:41, 107.97s/it]Training MLP on cuda:   7%|▋         | 72/1000 [2:10:06<27:50:45, 108.02s/it]Training MLP on cuda:   7%|▋         | 73/1000 [2:11:54<27:49:02, 108.03s/it]Training MLP on cuda:   7%|▋         | 74/1000 [2:13:42<27:48:48, 108.13s/it]Training MLP on cuda:   8%|▊         | 75/1000 [2:15:31<27:46:43, 108.11s/it]Training MLP on cuda:   8%|▊         | 76/1000 [2:17:19<27:45:38, 108.16s/it]Training MLP on cuda:   8%|▊         | 77/1000 [2:19:07<27:44:53, 108.23s/it]Training MLP on cuda:   8%|▊         | 78/1000 [2:20:56<27:44:27, 108.32s/it]Training MLP on cuda:   8%|▊         | 79/1000 [2:22:44<27:44:02, 108.41s/it]Training MLP on cuda:   8%|▊         | 80/1000 [2:24:33<27:42:05, 108.40s/it]Training MLP on cuda:   8%|▊         | 81/1000 [2:26:22<27:43:16, 108.59s/it]Training MLP on cuda:   8%|▊         | 82/1000 [2:28:10<27:41:30, 108.60s/it]Training MLP on cuda:   8%|▊         | 83/1000 [2:29:59<27:40:23, 108.64s/it]Training MLP on cuda:   8%|▊         | 84/1000 [2:31:48<27:38:20, 108.63s/it]Training MLP on cuda:   8%|▊         | 85/1000 [2:33:36<27:36:24, 108.62s/it]Training MLP on cuda:   9%|▊         | 86/1000 [2:35:25<27:35:44, 108.69s/it]Training MLP on cuda:   9%|▊         | 87/1000 [2:37:14<27:33:27, 108.66s/it]Training MLP on cuda:   9%|▉         | 88/1000 [2:39:03<27:32:10, 108.70s/it]Training MLP on cuda:   9%|▉         | 89/1000 [2:40:52<27:32:18, 108.82s/it]Training MLP on cuda:   9%|▉         | 90/1000 [2:42:41<27:31:27, 108.89s/it]Training MLP on cuda:   9%|▉         | 91/1000 [2:44:29<27:28:04, 108.78s/it]Training MLP on cuda:   9%|▉         | 92/1000 [2:46:17<27:23:49, 108.62s/it]Training MLP on cuda:   9%|▉         | 93/1000 [2:48:06<27:23:06, 108.70s/it]Training MLP on cuda:   9%|▉         | 94/1000 [2:49:55<27:22:39, 108.79s/it]Training MLP on cuda:  10%|▉         | 95/1000 [2:51:44<27:21:42, 108.84s/it]Training MLP on cuda:  10%|▉         | 96/1000 [2:53:33<27:19:14, 108.80s/it]Training MLP on cuda:  10%|▉         | 97/1000 [2:55:21<27:15:36, 108.68s/it]Training MLP on cuda:  10%|▉         | 98/1000 [2:57:11<27:16:19, 108.85s/it]Training MLP on cuda:  10%|▉         | 99/1000 [2:58:59<27:13:55, 108.81s/it]Training MLP on cuda:  10%|█         | 100/1000 [3:00:48<27:10:50, 108.72s/it]Training MLP on cuda:  10%|█         | 101/1000 [3:02:37<27:09:01, 108.72s/it]Training MLP on cuda:  10%|█         | 102/1000 [3:04:26<27:09:46, 108.89s/it]Training MLP on cuda:  10%|█         | 103/1000 [3:06:14<27:06:22, 108.79s/it]Training MLP on cuda:  10%|█         | 104/1000 [3:08:03<27:05:11, 108.83s/it]Training MLP on cuda:  10%|█         | 105/1000 [3:09:52<27:04:09, 108.88s/it]Training MLP on cuda:  11%|█         | 106/1000 [3:11:42<27:05:19, 109.08s/it]Training MLP on cuda:  11%|█         | 107/1000 [3:13:31<27:01:29, 108.95s/it]Training MLP on cuda:  11%|█         | 108/1000 [3:15:19<26:57:32, 108.80s/it]Training MLP on cuda:  11%|█         | 109/1000 [3:17:08<26:55:40, 108.80s/it]Training MLP on cuda:  11%|█         | 110/1000 [3:18:57<26:54:33, 108.85s/it]Training MLP on cuda:  11%|█         | 111/1000 [3:20:45<26:51:56, 108.79s/it]Training MLP on cuda:  11%|█         | 112/1000 [3:22:34<26:47:58, 108.65s/it]Training MLP on cuda:  11%|█▏        | 113/1000 [3:24:23<26:46:54, 108.70s/it]Training MLP on cuda:  11%|█▏        | 114/1000 [3:26:11<26:46:01, 108.76s/it]Training MLP on cuda:  12%|█▏        | 115/1000 [3:28:00<26:43:27, 108.71s/it]Training MLP on cuda:  12%|█▏        | 116/1000 [3:29:48<26:40:24, 108.62s/it]Training MLP on cuda:  12%|█▏        | 117/1000 [3:31:37<26:38:34, 108.62s/it]Training MLP on cuda:  12%|█▏        | 118/1000 [3:33:26<26:37:33, 108.68s/it]Training MLP on cuda:  12%|█▏        | 119/1000 [3:35:14<26:34:13, 108.57s/it]Training MLP on cuda:  12%|█▏        | 120/1000 [3:37:03<26:34:07, 108.69s/it]Training MLP on cuda:  12%|█▏        | 121/1000 [3:38:51<26:30:10, 108.54s/it]Training MLP on cuda:  12%|█▏        | 122/1000 [3:40:40<26:28:11, 108.53s/it]Training MLP on cuda:  12%|█▏        | 123/1000 [3:42:29<26:27:30, 108.61s/it]Training MLP on cuda:  12%|█▏        | 124/1000 [3:44:17<26:24:20, 108.52s/it]Training MLP on cuda:  12%|█▎        | 125/1000 [3:46:05<26:22:03, 108.48s/it]Training MLP on cuda:  13%|█▎        | 126/1000 [3:47:54<26:21:48, 108.59s/it]Training MLP on cuda:  13%|█▎        | 127/1000 [3:49:42<26:17:33, 108.42s/it]Training MLP on cuda:  13%|█▎        | 128/1000 [3:51:31<26:15:42, 108.42s/it]Training MLP on cuda:  13%|█▎        | 129/1000 [3:53:19<26:12:43, 108.34s/it]Training MLP on cuda:  13%|█▎        | 130/1000 [3:55:07<26:10:32, 108.31s/it]Training MLP on cuda:  13%|█▎        | 131/1000 [3:56:55<26:08:09, 108.27s/it]Training MLP on cuda:  13%|█▎        | 132/1000 [3:58:43<26:05:00, 108.18s/it]Training MLP on cuda:  13%|█▎        | 133/1000 [4:00:31<26:03:20, 108.19s/it]Training MLP on cuda:  13%|█▎        | 134/1000 [4:02:19<26:00:08, 108.09s/it]Training MLP on cuda:  14%|█▎        | 135/1000 [4:04:08<25:58:43, 108.12s/it]Training MLP on cuda:  14%|█▎        | 136/1000 [4:05:56<25:56:33, 108.09s/it]Training MLP on cuda:  14%|█▎        | 137/1000 [4:07:44<25:55:16, 108.13s/it]Training MLP on cuda:  14%|█▍        | 138/1000 [4:09:33<25:57:00, 108.38s/it]Training MLP on cuda:  14%|█▍        | 139/1000 [4:11:21<25:53:35, 108.26s/it]Training MLP on cuda:  14%|█▍        | 140/1000 [4:13:0