[I 2025-05-13 16:42:58,210] Trial 0 finished with value: 0.5565985608674842 and parameters: {'interp_param': 0.7300636204351706}. Best is trial 0 with value: 0.5565985608674842.
[I 2025-05-13 16:43:16,062] Trial 1 finished with value: 0.5555952815636058 and parameters: {'interp_param': 0.3504688362496673}. Best is trial 0 with value: 0.5565985608674842.
[I 2025-05-13 16:43:33,907] Trial 2 finished with value: 0.5573704144559785 and parameters: {'interp_param': 0.9125870087341976}. Best is trial 2 with value: 0.5573704144559785.
[I 2025-05-13 16:43:51,724] Trial 3 finished with value: 0.5558477242504845 and parameters: {'interp_param': 0.45632670463757397}. Best is trial 2 with value: 0.5573704144559785.
[I 2025-05-13 16:44:09,575] Trial 4 finished with value: 0.5562368844635893 and parameters: {'interp_param': 0.6069850614660459}. Best is trial 2 with value: 0.5573704144559785.
[I 2025-05-13 16:44:27,543] Trial 5 finished with value: 0.5569159441031315 and parameters: {'interp_param': 0.8251717398106245}. Best is trial 2 with value: 0.5573704144559785.
[I 2025-05-13 16:44:45,358] Trial 6 finished with value: 0.556370904879599 and parameters: {'interp_param': 0.6537967221345953}. Best is trial 2 with value: 0.5573704144559785.
[I 2025-05-13 16:45:03,285] Trial 7 finished with value: 0.5578599100816797 and parameters: {'interp_param': 0.963890321452821}. Best is trial 7 with value: 0.5578599100816797.
[I 2025-05-13 16:45:21,107] Trial 8 finished with value: 0.555989293662563 and parameters: {'interp_param': 0.5129123691104065}. Best is trial 7 with value: 0.5578599100816797.
[I 2025-05-13 16:45:38,976] Trial 9 finished with value: 0.5569806883066952 and parameters: {'interp_param': 0.8419522541705657}. Best is trial 7 with value: 0.5578599100816797.
[I 2025-05-13 16:45:56,840] Trial 10 finished with value: 0.5552192250076501 and parameters: {'interp_param': 0.17503952499267517}. Best is trial 7 with value: 0.5578599100816797.
[I 2025-05-13 16:46:14,665] Trial 11 finished with value: 0.5582873802069848 and parameters: {'interp_param': 0.9956405722405164}. Best is trial 11 with value: 0.5582873802069848.
[I 2025-05-13 16:46:32,506] Trial 12 finished with value: 0.5579686592127047 and parameters: {'interp_param': 0.9994697992972694}. Best is trial 11 with value: 0.5582873802069848.
[I 2025-05-13 16:46:50,326] Trial 13 finished with value: 0.558028758923177 and parameters: {'interp_param': 0.9752370315363662}. Best is trial 11 with value: 0.5582873802069848.
[I 2025-05-13 16:47:08,149] Trial 14 finished with value: 0.5550709155819191 and parameters: {'interp_param': 0.0994984584320876}. Best is trial 11 with value: 0.5582873802069848.
[I 2025-05-13 16:47:25,955] Trial 15 finished with value: 0.5567565017536427 and parameters: {'interp_param': 0.7794635848221458}. Best is trial 11 with value: 0.5582873802069848.
[I 2025-05-13 16:47:43,780] Trial 16 finished with value: 0.5555014375946457 and parameters: {'interp_param': 0.3071243917935783}. Best is trial 11 with value: 0.5582873802069848.
[I 2025-05-13 16:48:01,569] Trial 17 finished with value: 0.5572478902776797 and parameters: {'interp_param': 0.8943121149808008}. Best is trial 11 with value: 0.5582873802069848.
[I 2025-05-13 16:48:19,355] Trial 18 finished with value: 0.5565700694709256 and parameters: {'interp_param': 0.7207035969345479}. Best is trial 11 with value: 0.5582873802069848.
[I 2025-05-13 16:48:37,329] Trial 19 finished with value: 0.5561981130648338 and parameters: {'interp_param': 0.5932111840022188}. Best is trial 11 with value: 0.5582873802069848.
[I 2025-05-13 16:48:55,195] Trial 20 finished with value: 0.5579848782807241 and parameters: {'interp_param': 0.9994124219974883}. Best is trial 11 with value: 0.5582873802069848.
[I 2025-05-13 16:49:12,988] Trial 21 finished with value: 0.5581233960564618 and parameters: {'interp_param': 0.9806969618701084}. Best is trial 11 with value: 0.5582873802069848.
[I 2025-05-13 16:49:30,764] Trial 22 finished with value: 0.5572377461102087 and parameters: {'interp_param': 0.8928298594682058}. Best is trial 11 with value: 0.5582873802069848.
[I 2025-05-13 16:49:48,594] Trial 23 finished with value: 0.5568641082158354 and parameters: {'interp_param': 0.8110816486963368}. Best is trial 11 with value: 0.5582873802069848.
[I 2025-05-13 16:50:06,290] Trial 24 finished with value: 0.5572223068992304 and parameters: {'interp_param': 0.8902889293553192}. Best is trial 11 with value: 0.5582873802069848.
[I 2025-05-13 16:50:24,102] Trial 25 finished with value: 0.5565442023711444 and parameters: {'interp_param': 0.7124700576115579}. Best is trial 11 with value: 0.5582873802069848.
[I 2025-05-13 16:50:41,886] Trial 26 finished with value: 0.5576112469144521 and parameters: {'interp_param': 0.9411056847271483}. Best is trial 11 with value: 0.5582873802069848.
[I 2025-05-13 16:50:59,704] Trial 27 finished with value: 0.5567824353898422 and parameters: {'interp_param': 0.7876688371744665}. Best is trial 11 with value: 0.5582873802069848.
[I 2025-05-13 16:51:17,523] Trial 28 finished with value: 0.5582964828911957 and parameters: {'interp_param': 0.9941430002094487}. Best is trial 28 with value: 0.5582964828911957.
[I 2025-05-13 16:51:35,315] Trial 29 finished with value: 0.5564842703826629 and parameters: {'interp_param': 0.6925897381725428}. Best is trial 28 with value: 0.5582964828911957.
[I 2025-05-13 16:51:53,064] Trial 30 finished with value: 0.557021263470094 and parameters: {'interp_param': 0.851601236296885}. Best is trial 28 with value: 0.5582964828911957.
[I 2025-05-13 16:52:10,932] Trial 31 finished with value: 0.5577555448218503 and parameters: {'interp_param': 0.955082217884817}. Best is trial 28 with value: 0.5582964828911957.
[I 2025-05-13 16:52:28,695] Trial 32 finished with value: 0.5582966518685906 and parameters: {'interp_param': 0.9943046975312089}. Best is trial 32 with value: 0.5582966518685906.
[I 2025-05-13 16:52:46,467] Trial 33 finished with value: 0.5573572289464805 and parameters: {'interp_param': 0.9107672138419032}. Best is trial 32 with value: 0.5582966518685906.
[I 2025-05-13 16:53:04,437] Trial 34 finished with value: 0.5580239459548526 and parameters: {'interp_param': 0.9992534142744974}. Best is trial 32 with value: 0.5582966518685906.
[I 2025-05-13 16:53:22,301] Trial 35 finished with value: 0.5571147107313513 and parameters: {'interp_param': 0.870907378115891}. Best is trial 32 with value: 0.5582966518685906.
[I 2025-05-13 16:53:40,148] Trial 36 finished with value: 0.5575258914860062 and parameters: {'interp_param': 0.9318036172890761}. Best is trial 32 with value: 0.5582966518685906.
[I 2025-05-13 16:53:57,976] Trial 37 finished with value: 0.5556296444852451 and parameters: {'interp_param': 0.3653471967759066}. Best is trial 32 with value: 0.5582966518685906.
[I 2025-05-13 16:54:15,765] Trial 38 finished with value: 0.556722227965696 and parameters: {'interp_param': 0.7687662665071997}. Best is trial 32 with value: 0.5582966518685906.
[I 2025-05-13 16:54:33,581] Trial 39 finished with value: 0.5562705167400294 and parameters: {'interp_param': 0.6188675932464408}. Best is trial 32 with value: 0.5582966518685906.
[I 2025-05-13 16:54:51,406] Trial 40 finished with value: 0.5559739177239523 and parameters: {'interp_param': 0.5070714019317939}. Best is trial 32 with value: 0.5582966518685906.
[I 2025-05-13 16:55:09,142] Trial 41 finished with value: 0.5577333319523888 and parameters: {'interp_param': 0.9531058437050994}. Best is trial 32 with value: 0.5582966518685906.
[I 2025-05-13 16:55:26,949] Trial 42 finished with value: 0.5569981364153505 and parameters: {'interp_param': 0.8461976848762164}. Best is trial 32 with value: 0.5582966518685906.
[I 2025-05-13 16:55:44,782] Trial 43 finished with value: 0.5578330105375484 and parameters: {'interp_param': 0.961756925321457}. Best is trial 32 with value: 0.5582966518685906.
[I 2025-05-13 16:56:02,654] Trial 44 finished with value: 0.5574237269496034 and parameters: {'interp_param': 0.9195388916624608}. Best is trial 32 with value: 0.5582966518685906.
[I 2025-05-13 16:56:20,504] Trial 45 finished with value: 0.5582108746243595 and parameters: {'interp_param': 0.9855945540986382}. Best is trial 32 with value: 0.5582966518685906.
[I 2025-05-13 16:56:38,308] Trial 46 finished with value: 0.5549218079702469 and parameters: {'interp_param': 0.021922055452151867}. Best is trial 32 with value: 0.5582966518685906.
[I 2025-05-13 16:56:56,105] Trial 47 finished with value: 0.5570462045837944 and parameters: {'interp_param': 0.8570511161726422}. Best is trial 32 with value: 0.5582966518685906.
[I 2025-05-13 16:57:13,964] Trial 48 finished with value: 0.5568737349057269 and parameters: {'interp_param': 0.8135441548107235}. Best is trial 32 with value: 0.5582966518685906.
[I 2025-05-13 16:57:31,991] Trial 49 finished with value: 0.5558316123939773 and parameters: {'interp_param': 0.44999655120675947}. Best is trial 32 with value: 0.5582966518685906.
[I 2025-05-13 16:57:49,827] Trial 50 finished with value: 0.5566727032773894 and parameters: {'interp_param': 0.753587299274497}. Best is trial 32 with value: 0.5582966518685906.
[I 2025-05-13 16:58:07,634] Trial 51 finished with value: 0.5582260306161682 and parameters: {'interp_param': 0.997572495469007}. Best is trial 32 with value: 0.5582966518685906.
[I 2025-05-13 16:58:25,464] Trial 52 finished with value: 0.5582265149510784 and parameters: {'interp_param': 0.9865540055326197}. Best is trial 32 with value: 0.5582966518685906.
[I 2025-05-13 16:58:43,268] Trial 53 finished with value: 0.5582967317122928 and parameters: {'interp_param': 0.9943002406082511}. Best is trial 53 with value: 0.5582967317122928.
[I 2025-05-13 16:59:01,044] Trial 54 finished with value: 0.5574912712065219 and parameters: {'interp_param': 0.9276803570010266}. Best is trial 53 with value: 0.5582967317122928.
[I 2025-05-13 16:59:18,886] Trial 55 finished with value: 0.5572587133677 and parameters: {'interp_param': 0.8961094064451735}. Best is trial 53 with value: 0.5582967317122928.
[I 2025-05-13 16:59:36,720] Trial 56 finished with value: 0.5576692543684141 and parameters: {'interp_param': 0.9469615825423652}. Best is trial 53 with value: 0.5582967317122928.
[I 2025-05-13 16:59:54,546] Trial 57 finished with value: 0.5582847945766543 and parameters: {'interp_param': 0.9913622309027581}. Best is trial 53 with value: 0.5582967317122928.
[I 2025-05-13 17:00:12,320] Trial 58 finished with value: 0.5571459921380316 and parameters: {'interp_param': 0.8768334487729963}. Best is trial 53 with value: 0.5582967317122928.
[I 2025-05-13 17:00:30,153] Trial 59 finished with value: 0.5573946781536144 and parameters: {'interp_param': 0.9157526802003084}. Best is trial 53 with value: 0.5582967317122928.
[I 2025-05-13 17:00:47,992] Trial 60 finished with value: 0.5579406255364892 and parameters: {'interp_param': 0.9696559828933475}. Best is trial 53 with value: 0.5582967317122928.
[I 2025-05-13 17:01:05,821] Trial 61 finished with value: 0.5582803476841717 and parameters: {'interp_param': 0.9960481225158238}. Best is trial 53 with value: 0.5582967317122928.
[I 2025-05-13 17:01:23,670] Trial 62 finished with value: 0.5576433440827311 and parameters: {'interp_param': 0.9443588252770432}. Best is trial 53 with value: 0.5582967317122928.
[I 2025-05-13 17:01:41,464] Trial 63 finished with value: 0.5553491141397736 and parameters: {'interp_param': 0.23666244223505284}. Best is trial 53 with value: 0.5582967317122928.
[I 2025-05-13 17:01:59,445] Trial 64 finished with value: 0.5581324661001655 and parameters: {'interp_param': 0.9986324202719373}. Best is trial 53 with value: 0.5582967317122928.
[I 2025-05-13 17:02:17,232] Trial 65 finished with value: 0.5569172366672159 and parameters: {'interp_param': 0.825508714972528}. Best is trial 53 with value: 0.5582967317122928.
[I 2025-05-13 17:02:35,048] Trial 66 finished with value: 0.5579410948065501 and parameters: {'interp_param': 0.9696849074482039}. Best is trial 53 with value: 0.5582967317122928.
[I 2025-05-13 17:02:52,844] Trial 67 finished with value: 0.5572438832788017 and parameters: {'interp_param': 0.8937445772365127}. Best is trial 53 with value: 0.5582967317122928.
[I 2025-05-13 17:03:10,668] Trial 68 finished with value: 0.5575044931227393 and parameters: {'interp_param': 0.9293111341497262}. Best is trial 53 with value: 0.5582967317122928.
[I 2025-05-13 17:03:28,460] Trial 69 finished with value: 0.5561022182676993 and parameters: {'interp_param': 0.5575449847456044}. Best is trial 53 with value: 0.5582967317122928.
[I 2025-05-13 17:03:46,234] Trial 70 finished with value: 0.5579205202394684 and parameters: {'interp_param': 0.968220809707405}. Best is trial 53 with value: 0.5582967317122928.
[I 2025-05-13 17:04:04,071] Trial 71 finished with value: 0.5580841609114233 and parameters: {'interp_param': 0.998959978289498}. Best is trial 53 with value: 0.5582967317122928.
[I 2025-05-13 17:04:21,870] Trial 72 finished with value: 0.5579794032122654 and parameters: {'interp_param': 0.9722566767982882}. Best is trial 53 with value: 0.5582967317122928.
[I 2025-05-13 17:04:39,674] Trial 73 finished with value: 0.5573951901074155 and parameters: {'interp_param': 0.9158170219328249}. Best is trial 53 with value: 0.5582967317122928.
[I 2025-05-13 17:04:57,519] Trial 74 finished with value: 0.5571540181876673 and parameters: {'interp_param': 0.8783320837514146}. Best is trial 53 with value: 0.5582967317122928.
[I 2025-05-13 17:05:15,254] Trial 75 finished with value: 0.5578439006661489 and parameters: {'interp_param': 0.9998157772969086}. Best is trial 53 with value: 0.5582967317122928.
[I 2025-05-13 17:05:33,106] Trial 76 finished with value: 0.5575983657149135 and parameters: {'interp_param': 0.9398385195051806}. Best is trial 53 with value: 0.5582967317122928.
[I 2025-05-13 17:05:50,962] Trial 77 finished with value: 0.5578803701559055 and parameters: {'interp_param': 0.9653617220313822}. Best is trial 53 with value: 0.5582967317122928.
[I 2025-05-13 17:06:08,908] Trial 78 finished with value: 0.5572993666172351 and parameters: {'interp_param': 0.9023142971005177}. Best is trial 53 with value: 0.5582967317122928.
[I 2025-05-13 17:06:26,692] Trial 79 finished with value: 0.5570418385393373 and parameters: {'interp_param': 0.8561491869182253}. Best is trial 53 with value: 0.5582967317122928.
[I 2025-05-13 17:06:44,573] Trial 80 finished with value: 0.5575498488650362 and parameters: {'interp_param': 0.9346371674443236}. Best is trial 53 with value: 0.5582967317122928.
[I 2025-05-13 17:07:02,396] Trial 81 finished with value: 0.5581501193418544 and parameters: {'interp_param': 0.9822588965189956}. Best is trial 53 with value: 0.5582967317122928.
[I 2025-05-13 17:07:20,215] Trial 82 finished with value: 0.558183376001381 and parameters: {'interp_param': 0.9840372920910696}. Best is trial 53 with value: 0.5582967317122928.
[I 2025-05-13 17:07:38,059] Trial 83 finished with value: 0.5577304716396363 and parameters: {'interp_param': 0.9528654562771589}. Best is trial 53 with value: 0.5582967317122928.
[I 2025-05-13 17:07:55,878] Trial 84 finished with value: 0.5581633420113143 and parameters: {'interp_param': 0.9829738009496928}. Best is trial 53 with value: 0.5582967317122928.
[I 2025-05-13 17:08:13,700] Trial 85 finished with value: 0.5578477522459965 and parameters: {'interp_param': 0.9998087014666851}. Best is trial 53 with value: 0.5582967317122928.
[I 2025-05-13 17:08:31,564] Trial 86 finished with value: 0.5573913839731971 and parameters: {'interp_param': 0.9153526238570319}. Best is trial 53 with value: 0.5582967317122928.
[I 2025-05-13 17:08:49,434] Trial 87 finished with value: 0.5576711997426421 and parameters: {'interp_param': 0.9471369532223127}. Best is trial 53 with value: 0.5582967317122928.
[I 2025-05-13 17:09:07,327] Trial 88 finished with value: 0.5557991252971777 and parameters: {'interp_param': 0.4365520179149168}. Best is trial 53 with value: 0.5582967317122928.
[I 2025-05-13 17:09:25,069] Trial 89 finished with value: 0.5571496845326366 and parameters: {'interp_param': 0.8775257298142238}. Best is trial 53 with value: 0.5582967317122928.
[I 2025-05-13 17:09:42,875] Trial 90 finished with value: 0.5567984701645363 and parameters: {'interp_param': 0.792777071400029}. Best is trial 53 with value: 0.5582967317122928.
[I 2025-05-13 17:10:00,664] Trial 91 finished with value: 0.5579253997442114 and parameters: {'interp_param': 0.9685548517980518}. Best is trial 53 with value: 0.5582967317122928.
[I 2025-05-13 17:10:18,496] Trial 92 finished with value: 0.5580246394400898 and parameters: {'interp_param': 0.9749861194474491}. Best is trial 53 with value: 0.5582967317122928.
[I 2025-05-13 17:10:36,438] Trial 93 finished with value: 0.5574955571561958 and parameters: {'interp_param': 0.9282273314397607}. Best is trial 53 with value: 0.5582967317122928.
[I 2025-05-13 17:10:54,278] Trial 94 finished with value: 0.5577509929775831 and parameters: {'interp_param': 0.9546936509496126}. Best is trial 53 with value: 0.5582967317122928.
[I 2025-05-13 17:11:12,084] Trial 95 finished with value: 0.5582561786440066 and parameters: {'interp_param': 0.9886510585830357}. Best is trial 53 with value: 0.5582967317122928.
[I 2025-05-13 17:11:29,866] Trial 96 finished with value: 0.5564022691429513 and parameters: {'interp_param': 0.6646091255011102}. Best is trial 53 with value: 0.5582967317122928.
[I 2025-05-13 17:11:47,610] Trial 97 finished with value: 0.5572880913306499 and parameters: {'interp_param': 0.9006756669975002}. Best is trial 53 with value: 0.5582967317122928.
[I 2025-05-13 17:12:05,389] Trial 98 finished with value: 0.5582335140801419 and parameters: {'interp_param': 0.9870382354800903}. Best is trial 53 with value: 0.5582967317122928.
