[I 2025-05-13 17:12:30,944] Trial 99 finished with value: 0.5497309647623756 and parameters: {'interp_param': 0.8337963260739856}. Best is trial 24 with value: 0.5518907705513578.
Best hyperparameters: {'interp_param': 0.9922575802371595}
Best optimized value: 0.5518907705513578
Tuning threshold scale factor for offline LSET using optuna
  0%|          | 0/100 [00:00<?, ?it/s]                                         0%|          | 0/100 [00:14<?, ?it/s]Best trial: 0. Best value: 0.551353:   0%|          | 0/100 [00:14<?, ?it/s]Best trial: 0. Best value: 0.551353:   1%|          | 1/100 [00:14<23:56, 14.51s/it]                                                                                    Best trial: 0. Best value: 0.551353:   1%|          | 1/100 [00:29<23:56, 14.51s/it]Best trial: 1. Best value: 0.551951:   1%|          | 1/100 [00:29<23:56, 14.51s/it]Best trial: 1. Best value: 0.551951:   2%|▏         | 2/100 [00:29<23:42, 14.51s/it]                                                                                    Best trial: 1. Best value: 0.551951:   2%|▏         | 2/100 [00:43<23:42, 14.51s/it]Best trial: 1. Best value: 0.551951:   2%|▏         | 2/100 [00:43<23:42, 14.51s/it]Best trial: 1. Best value: 0.551951:   3%|▎         | 3/100 [00:43<23:26, 14.50s/it]                                                                                    Best trial: 1. Best value: 0.551951:   3%|▎         | 3/100 [00:57<23:26, 14.50s/it]Best trial: 1. Best value: 0.551951:   3%|▎         | 3/100 [00:57<23:26, 14.50s/it]Best trial: 1. Best value: 0.551951:   4%|▍         | 4/100 [00:57<23:08, 14.46s/it]                                                                                    Best trial: 1. Best value: 0.551951:   4%|▍         | 4/100 [01:12<23:08, 14.46s/it]Best trial: 1. Best value: 0.551951:   4%|▍         | 4/100 [01:12<23:08, 14.46s/it]Best trial: 1. Best value: 0.551951:   5%|▌         | 5/100 [01:12<22:56, 14.49s/it]                                                                                    Best trial: 1. Best value: 0.551951:   5%|▌         | 5/100 [01:26<22:56, 14.49s/it]Best trial: 1. Best value: 0.551951:   5%|▌         | 5/100 [01:26<22:56, 14.49s/it]Best trial: 1. Best value: 0.551951:   6%|▌         | 6/100 [01:26<22:42, 14.49s/it]                                                                                    Best trial: 1. Best value: 0.551951:   6%|▌         | 6/100 [01:41<22:42, 14.49s/it]Best trial: 1. Best value: 0.551951:   6%|▌         | 6/100 [01:41<22:42, 14.49s/it]Best trial: 1. Best value: 0.551951:   7%|▋         | 7/100 [01:41<22:26, 14.48s/it]                                                                                    Best trial: 1. Best value: 0.551951:   7%|▋         | 7/100 [01:55<22:26, 14.48s/it]Best trial: 1. Best value: 0.551951:   7%|▋         | 7/100 [01:55<22:26, 14.48s/it]Best trial: 1. Best value: 0.551951:   8%|▊         | 8/100 [01:55<22:12, 14.48s/it]                                                                                    Best trial: 1. Best value: 0.551951:   8%|▊         | 8/100 [02:10<22:12, 14.48s/it]Best trial: 1. Best value: 0.551951:   8%|▊         | 8/100 [02:10<22:12, 14.48s/it]Best trial: 1. Best value: 0.551951:   9%|▉         | 9/100 [02:10<21:57, 14.47s/it]                                                                                    Best trial: 1. Best value: 0.551951:   9%|▉         | 9/100 [02:24<21:57, 14.47s/it]Best trial: 1. Best value: 0.551951:   9%|▉         | 9/100 [02:24<21:57, 14.47s/it]Best trial: 1. Best value: 0.551951:  10%|█         | 10/100 [02:24<21:46, 14.52s/it]                                                                                     Best trial: 1. Best value: 0.551951:  10%|█         | 10/100 [02:39<21:46, 14.52s/it]Best trial: 1. Best value: 0.551951:  10%|█         | 10/100 [02:39<21:46, 14.52s/it]Best trial: 1. Best value: 0.551951:  11%|█         | 11/100 [02:39<21:31, 14.51s/it]                                                                                     Best trial: 1. Best value: 0.551951:  11%|█         | 11/100 [02:53<21:31, 14.51s/it]Best trial: 1. Best value: 0.551951:  11%|█         | 11/100 [02:53<21:31, 14.51s/it]Best trial: 1. Best value: 0.551951:  12%|█▏        | 12/100 [02:53<21:15, 14.50s/it]                                                                                     Best trial: 1. Best value: 0.551951:  12%|█▏        | 12/100 [03:08<21:15, 14.50s/it]Best trial: 12. Best value: 0.551951:  12%|█▏        | 12/100 [03:08<21:15, 14.50s/it]Best trial: 12. Best value: 0.551951:  13%|█▎        | 13/100 [03:08<21:01, 14.50s/it]                                                                                      Best trial: 12. Best value: 0.551951:  13%|█▎        | 13/100 [03:22<21:01, 14.50s/it]Best trial: 12. Best value: 0.551951:  13%|█▎        | 13/100 [03:22<21:01, 14.50s/it]Best trial: 12. Best value: 0.551951:  14%|█▍        | 14/100 [03:22<20:47, 14.50s/it]                                                                                      Best trial: 12. Best value: 0.551951:  14%|█▍        | 14/100 [03:37<20:47, 14.50s/it]Best trial: 12. Best value: 0.551951:  14%|█▍        | 14/100 [03:37<20:47, 14.50s/it]Best trial: 12. Best value: 0.551951:  15%|█▌        | 15/100 [03:37<20:32, 14.50s/it]                                                                                      Best trial: 12. Best value: 0.551951:  15%|█▌        | 15/100 [03:51<20:32, 14.50s/it]Best trial: 12. Best value: 0.551951:  15%|█▌        | 15/100 [03:51<20:32, 14.50s/it]Best trial: 12. Best value: 0.551951:  16%|█▌        | 16/100 [03:51<20:16, 14.48s/it]                                                                                      Best trial: 12. Best value: 0.551951:  16%|█▌        | 16/100 [04:06<20:16, 14.48s/it]Best trial: 12. Best value: 0.551951:  16%|█▌        | 16/100 [04:06<20:16, 14.48s/it]Best trial: 12. Best value: 0.551951:  17%|█▋        | 17/100 [04:06<20:02, 14.49s/it]                                                                                      Best trial: 12. Best value: 0.551951:  17%|█▋        | 17/100 [04:20<20:02, 14.49s/it]Best trial: 12. Best value: 0.551951:  17%|█▋        | 17/100 [04:20<20:02, 14.49s/it]Best trial: 12. Best value: 0.551951:  18%|█▊        | 18/100 [04:20<19:48, 14.49s/it]                                                                                      Best trial: 12. Best value: 0.551951:  18%|█▊        | 18/100 [04:35<19:48, 14.49s/it]Best trial: 12. Best value: 0.551951:  18%|█▊        | 18/100 [04:35<19:48, 14.49s/it]Best trial: 12. Best value: 0.551951:  19%|█▉        | 19/100 [04:35<19:32, 14.48s/it]                                                                                      Best trial: 12. Best value: 0.551951:  19%|█▉        | 19/100 [04:49<19:32, 14.48s/it]Best trial: 12. Best value: 0.551951:  19%|█▉        | 19/100 [04:49<19:32, 14.48s/it]Best trial: 12. Best value: 0.551951:  20%|██        | 20/100 [04:49<19:16, 14.46s/it]                                                                                      Best trial: 12. Best value: 0.551951:  20%|██        | 20/100 [05:04<19:16, 14.46s/it]Best trial: 12. Best value: 0.551951:  20%|██        | 20/100 [05:04<19:16, 14.46s/it]Best trial: 12. Best value: 0.551951:  21%|██        | 21/100 [05:04<19:00, 14.43s/it]                                                                                      Best trial: 12. Best value: 0.551951:  21%|██        | 21/100 [05:18<19:00, 14.43s/it]Best trial: 12. Best value: 0.551951:  21%|██        | 21/100 [05:18<19:00, 14.43s/it]Best trial: 12. Best value: 0.551951:  22%|██▏       | 22/100 [05:18<18:44, 14.42s/it]                                                                                      Best trial: 12. Best value: 0.551951:  22%|██▏       | 22/100 [05:32<18:44, 14.42s/it]Best trial: 12. Best value: 0.551951:  22%|██▏       | 22/100 [05:32<18:44, 14.42s/it]Best trial: 12. Best value: 0.551951:  23%|██▎       | 23/100 [05:32<18:30, 14.42s/it]                                                                                      Best trial: 12. Best value: 0.551951:  23%|██▎       | 23/100 [05:47<18:30, 14.42s/it]Best trial: 12. Best value: 0.551951:  23%|██▎       | 23/100 [05:47<18:30, 14.42s/it]Best trial: 12. Best value: 0.551951:  24%|██▍       | 24/100 [05:47<18:15, 14.42s/it]                                                                                      Best trial: 12. Best value: 0.551951:  24%|██▍       | 24/100 [06:01<18:15, 14.42s/it]Best trial: 12. Best value: 0.551951:  24%|██▍       | 24/100 [06:01<18:15, 14.42s/it]Best trial: 12. Best value: 0.551951:  25%|██▌       | 25/100 [06:01<18:02, 14.44s/it]                                                                                      Best trial: 12. Best value: 0.551951:  25%|██▌       | 25/100 [06:16<18:02, 14.44s/it]Best trial: 12. Best value: 0.551951:  25%|██▌       | 25/100 [06:16<18:02, 14.44s/it]Best trial: 12. Best value: 0.551951:  26%|██▌       | 26/100 [06:16<17:48, 14.44s/it]                                                                                      Best trial: 12. Best value: 0.551951:  26%|██▌       | 26/100 [06:30<17:48, 14.44s/it]Best trial: 12. Best value: 0.551951:  26%|██▌       | 26/100 [06:30<17:48, 14.44s/it]Best trial: 12. Best value: 0.551951:  27%|██▋       | 27/100 [06:30<17:36, 14.47s/it]                                                                                      Best trial: 12. Best value: 0.551951:  27%|██▋       | 27/100 [06:45<17:36, 14.47s/it]Best trial: 12. Best value: 0.551951:  27%|██▋       | 27/100 [06:45<17:36, 14.47s/it]Best trial: 12. Best value: 0.551951:  28%|██▊       | 28/100 [06:45<17:20, 14.45s/it]                                                                                      Best trial: 12. Best value: 0.551951:  28%|██▊       | 28/100 [06:59<17:20, 14.45s/it]Best trial: 12. Best value: 0.551951:  28%|██▊       | 28/100 [06:59<17:20, 14.45s/it]Best trial: 12. Best value: 0.551951:  29%|██▉       | 29/100 [06:59<17:04, 14.44s/it]                                                                                      Best trial: 12. Best value: 0.551951:  29%|██▉       | 29/100 [07:14<17:04, 14.44s/it]Best trial: 12. Best value: 0.551951:  29%|██▉       | 29/100 [07:14<17:04, 14.44s/it]Best trial: 12. Best value: 0.551951:  30%|███       | 30/100 [07:14<16:50, 14.43s/it]                                                                                      Best trial: 12. Best value: 0.551951:  30%|███       | 30/100 [07:28<16:50, 14.43s/it]Best trial: 12. Best value: 0.551951:  30%|███       | 30/100 [07:28<16:50, 14.43s/it]Best trial: 12. Best value: 0.551951:  31%|███       | 31/100 [07:28<16:35, 14.43s/it]                                                                                      Best trial: 12. Best value: 0.551951:  31%|███       | 31/100 [07:42<16:35, 14.43s/it]Best trial: 12. Best value: 0.551951:  31%|███       | 31/100 [07:42<16:35, 14.43s/it]Best trial: 12. Best value: 0.551951:  32%|███▏      | 32/100 [07:42<16:21, 14.43s/it]                                                                                      Best trial: 12. Best value: 0.551951:  32%|███▏      | 32/100 [07:57<16:21, 14.43s/it]Best trial: 12. Best value: 0.551951:  32%|███▏      | 32/100 [07:57<16:21, 14.43s/it]Best trial: 12. Best value: 0.551951:  33%|███▎      | 33/100 [07:57<16:07, 14.44s/it]                                                                                      Best trial: 12. Best value: 0.551951:  33%|███▎      | 33/100 [08:11<16:07, 14.44s/it]Best trial: 12. Best value: 0.551951:  33%|███▎      | 33/100 [08:11<16:07, 14.44s/it]Best trial: 12. Best value: 0.551951:  34%|███▍      | 34/100 [08:11<15:53, 14.44s/it]                                                                                      Best trial: 12. Best value: 0.551951:  34%|███▍      | 34/100 [08:26<15:53, 14.44s/it]Best trial: 12. Best value: 0.551951:  34%|███▍      | 34/100 [08:26<15:53, 14.44s/it]Best trial: 12. Best value: 0.551951:  35%|███▌      | 35/100 [08:26<15:39, 14.45s/it]                                                                                      Best trial: 12. Best value: 0.551951:  35%|███▌      | 35/100 [08:40<15:39, 14.45s/it]Best trial: 12. Best value: 0.551951:  35%|███▌      | 35/100 [08:40<15:39, 14.45s/it]Best trial: 12. Best value: 0.551951:  36%|███▌      | 36/100 [08:40<15:23, 14.43s/it]                                                                                      Best trial: 12. Best value: 0.551951:  36%|███▌      | 36/100 [08:55<15:23, 14.43s/it]Best trial: 12. Best value: 0.551951:  36%|███▌      | 36/100 [08:55<15:23, 14.43s/it]Best trial: 12. Best value: 0.551951:  37%|███▋      | 37/100 [08:55<15:08, 14.43s/it]                                                                                      Best trial: 12. Best value: 0.551951:  37%|███▋      | 37/100 [09:09<15:08, 14.43s/it]Best trial: 12. Best value: 0.551951:  37%|███▋      | 37/100 [09:09<15:08, 14.43s/it]Best trial: 12. Best value: 0.551951:  38%|███▊      | 38/100 [09:09<14:54, 14.42s/it]                                                                                      Best trial: 12. Best value: 0.551951:  38%|███▊      | 38/100 [09:23<14:54, 14.42s/it]Best trial: 12. Best value: 0.551951:  38%|███▊      | 38/100 [09:23<14:54, 14.42s/it]Best trial: 12. Best value: 0.551951:  39%|███▉      | 39/100 [09:23<14:38, 14.40s/it]                                                                                      Best trial: 12. Best value: 0.551951:  39%|███▉      | 39/100 [09:38<14:38, 14.40s/it]Best trial: 12. Best value: 0.551951:  39%|███▉      | 39/100 [09:38<14:38, 14.40s/it]Best trial: 12. Best value: 0.551951:  40%|████      | 40/100 [09:38<14:24, 14.40s/it]                                                                                      Best trial: 12. Best value: 0.551951:  40%|████      | 40/100 [09:52<14:24, 14.40s/it]Best trial: 12. Best value: 0.551951:  40%|████      | 40/100 [09:52<14:24, 14.40s/it]Best trial: 12. Best value: 0.551951:  41%|████      | 41/100 [09:52<14:08, 14.39s/it]                                                                                      Best trial: 12. Best value: 0.551951:  41%|████      | 41/100 [10:06<14:08, 14.39s/it]Best trial: 12. Best value: 0.551951:  41%|████      | 41/100 [10:06<14:08, 14.39s/it]Best trial: 12. Best value: 0.551951:  42%|████▏     | 42/100 [10:06<13:54, 14.40s/it]                                                                                      Best trial: 12. Best value: 0.551951:  42%|████▏     | 42/100 [10:21<13:54, 14.40s/it]Best trial: 12. Best value: 0.551951:  42%|████▏     | 42/100 [10:21<13:54, 14.40s/it]Best trial: 12. Best value: 0.551951:  43%|████▎     | 43/100 [10:21<13:42, 14.43s/it]                                                                                      Best trial: 12. Best value: 0.551951:  43%|████▎     | 43/100 [10:35<13:42, 14.43s/it]Best trial: 12. Best value: 0.551951:  43%|████▎     | 43/100 [10:35<13:42, 14.43s/it]Best trial: 12. Best value: 0.551951:  44%|████▍     | 44/100 [10:35<13:26, 14.40s/it]                                                                                      Best trial: 12. Best value: 0.551951:  44%|████▍     | 44/100 [10:50<13:26, 14.40s/it]Best trial: 12. Best value: 0.551951:  44%|████▍     | 44/100 [10:50<13:26, 14.40s/it]Best trial: 12. Best value: 0.551951:  45%|████▌     | 45/100 [10:50<13:12, 14.41s/it]                                                                                      Best trial: 12. Best value: 0.551951:  45%|████▌     | 45/100 [11:04<13:12, 14.41s/it]Best trial: 12. Best value: 0.551951:  45%|████▌     | 45/100 [11:04<13:12, 14.41s/it]Best trial: 12. Best value: 0.551951:  46%|████▌     | 46/100 [11:04<12:55, 14.36s/it]                                                                                      Best trial: 12. Best value: 0.551951:  46%|████▌     | 46/100 [11:18<12:55, 14.36s/it]Best trial: 12. Best value: 0.551951:  46%|████▌     | 46/100 [11:18<12:55, 14.36s/it]Best trial: 12. Best value: 0.551951:  47%|████▋     | 47/100 [11:18<12:41, 14.37s/it]                                                                                      Best trial: 12. Best value: 0.551951:  47%|████▋     | 47/100 [11:33<12:41, 14.37s/it]Best trial: 12. Best value: 0.551951:  47%|████▋     | 47/100 [11:33<12:41, 14.37s/it]Best trial: 12. Best value: 0.551951:  48%|████▊     | 48/100 [11:33<12:27, 14.37s/it]                                                                                      Best trial: 12. Best value: 0.551951:  48%|████▊     | 48/100 [11:47<12:27, 14.37s/it]Best trial: 12. Best value: 0.551951:  48%|████▊     | 48/100 [11:47<12:27, 14.37s/it]Best trial: 12. Best value: 0.551951:  49%|████▉     | 49/100 [11:47<12:13, 14.37s/it]                                                                                      Best trial: 12. Best value: 0.551951:  49%|████▉     | 49/100 [12:02<12:13, 14.37s/it]Best trial: 12. Best value: 0.551951:  49%|████▉     | 49/100 [12:02<12:13, 14.37s/it]Best trial: 12. Best value: 0.551951:  50%|█████     | 50/100 [12:02<11:59, 14.39s/it]                                                                                      Best trial: 12. Best value: 0.551951:  50%|█████     | 50/100 [12:16<11:59, 14.39s/it]Best trial: 12. Best value: 0.551951:  50%|█████     | 50/100 [12:16<11:59, 14.39s/it]Best trial: 12. Best value: 0.551951:  51%|█████     | 51/100 [12:16<11:45, 14.40s/it]                                                                                      Best trial: 12. Best value: 0.551951:  51%|█████     | 51/100 [12:30<11:45, 14.40s/it]Best trial: 12. Best value: 0.551951:  51%|█████     | 51/100 [12:30<11:45, 14.40s/it]Best trial: 12. Best value: 0.551951:  52%|█████▏    | 52/100 [12:30<11:32, 14.42s/it]                                                                                      Best trial: 12. Best value: 0.551951:  52%|█████▏    | 52/100 [12:45<11:32, 14.42s/it]Best trial: 12. Best value: 0.551951:  52%|█████▏    | 52/100 [12:45<11:32, 14.42s/it]Best trial: 12. Best value: 0.551951:  53%|█████▎    | 53/100 [12:45<11:16, 14.40s/it]                                                                                      Best trial: 12. Best value: 0.551951:  53%|█████▎    | 53/100 [12:59<11:16, 14.40s/it]Best trial: 12. Best value: 0.551951:  53%|█████▎    | 53/100 [12:59<11:16, 14.40s/it]Best trial: 12. Best value: 0.551951:  54%|█████▍    | 54/100 [12:59<11:02, 14.39s/it]                                                                                      Best trial: 12. Best value: 0.551951:  54%|█████▍    | 54/100 [13:14<11:02, 14.39s/it]Best trial: 12. Best value: 0.551951:  54%|█████▍    | 54/100 [13:14<11:02, 14.39s/it]Best trial: 12. Best value: 0.551951:  55%|█████▌    | 55/100 [13:14<10:48, 14.41s/it]                                                                                      Best trial: 12. Best value: 0.551951:  55%|█████▌    | 55/100 [13:28<10:48, 14.41s/it]Best trial: 12. Best value: 0.551951:  55%|█████▌    | 55/100 [13:28<10:48, 14.41s/it]Best trial: 12. Best value: 0.551951:  56%|█████▌    | 56/100 [13:28<10:33, 14.39s/it]                                                                                      Best trial: 12. Best value: 0.551951:  56%|█████▌    | 56/100 [13:42<10:33, 14.39s/it]Best trial: 12. Best value: 0.551951:  56%|█████▌    | 56/100 [13:42<10:33, 14.39s/it]Best trial: 12. Best value: 0.551951:  57%|█████▋    | 57/100 [13:42<10:18, 14.39s/it]                                                                                      Best trial: 12. Best value: 0.551951:  57%|█████▋    | 57/100 [13:57<10:18, 14.39s/it]Best trial: 12. Best value: 0.551951:  57%|█████▋    | 57/100 [13:57<10:18, 14.39s/it]Best trial: 12. Best value: 0.551951:  58%|█████▊    | 58/100 [13:57<10:03, 14.38s/it]                                                                                      Best trial: 12. Best value: 0.551951:  58%|█████▊    | 58/100 [14:11<10:03, 14.38s/it]Best trial: 12. Best value: 0.551951:  58%|█████▊    | 58/100 [14:11<10:03, 14.38s/it]Best trial: 12. Best value: 0.551951:  59%|█████▉    | 59/100 [14:11<09:49, 14.38s/it]                                                                                      Best trial: 12. Best value: 0.551951:  59%|█████▉    | 59/100 [14:26<09:49, 14.38s/it]Best trial: 12. Best value: 0.551951:  59%|█████▉    | 59/100 [14:26<09:49, 14.38s/it]Best trial: 12. Best value: 0.551951:  60%|██████    | 60/100 [14:26<09:36, 14.42s/it]                                                                                      Best trial: 12. Best value: 0.551951:  60%|██████    | 60/100 [14:40<09:36, 14.42s/it]Best trial: 12. Best value: 0.551951:  60%|██████    | 60/100 [14:40<09:36, 14.42s/it]Best trial: 12. Best value: 0.551951:  61%|██████    | 61/100 [14:40<09:21, 14.41s/it]                                                                                      Best trial: 12. Best value: 0.551951:  61%|██████    | 61/100 [14:54<09:21, 14.41s/it]Best trial: 12. Best value: 0.551951:  61%|██████    | 61/100 [14:54<09:21, 14.41s/it]Best trial: 12. Best value: 0.551951:  62%|██████▏   | 62/100 [14:54<09:06, 14.39s/it]                                                                                      Best trial: 12. Best value: 0.551951:  62%|██████▏   | 62/100 [15:09<09:06, 14.3