[I 2025-05-13 17:12:20,290] Trial 0 finished with value: 0.5508150797887783 and parameters: {'threshold_scale_factor': 0.8551199580866404}. Best is trial 0 with value: 0.5508150797887783.
[I 2025-05-13 17:12:34,569] Trial 1 finished with value: 0.5510222475813855 and parameters: {'threshold_scale_factor': 0.7793109454934085}. Best is trial 1 with value: 0.5510222475813855.
[I 2025-05-13 17:12:48,887] Trial 2 finished with value: 0.5505921463801207 and parameters: {'threshold_scale_factor': 0.5020089651386876}. Best is trial 1 with value: 0.5510222475813855.
[I 2025-05-13 17:13:03,131] Trial 3 finished with value: 0.547331730809971 and parameters: {'threshold_scale_factor': 0.11261296188488978}. Best is trial 1 with value: 0.5510222475813855.
[I 2025-05-13 17:13:17,362] Trial 4 finished with value: 0.5506063733728785 and parameters: {'threshold_scale_factor': 0.9058434497246858}. Best is trial 1 with value: 0.5510222475813855.
[I 2025-05-13 17:13:31,586] Trial 5 finished with value: 0.5504375797691626 and parameters: {'threshold_scale_factor': 0.4623349839289652}. Best is trial 1 with value: 0.5510222475813855.
[I 2025-05-13 17:13:45,832] Trial 6 finished with value: 0.5506437603119678 and parameters: {'threshold_scale_factor': 0.5150143972943758}. Best is trial 1 with value: 0.5510222475813855.
[I 2025-05-13 17:14:00,060] Trial 7 finished with value: 0.5507302360630526 and parameters: {'threshold_scale_factor': 0.8782993019060286}. Best is trial 1 with value: 0.5510222475813855.
[I 2025-05-13 17:14:14,262] Trial 8 finished with value: 0.5481075027658122 and parameters: {'threshold_scale_factor': 0.17325480357537415}. Best is trial 1 with value: 0.5510222475813855.
[I 2025-05-13 17:14:28,616] Trial 9 finished with value: 0.5504812660750575 and parameters: {'threshold_scale_factor': 0.9302633791624411}. Best is trial 1 with value: 0.5510222475813855.
[I 2025-05-13 17:14:42,825] Trial 10 finished with value: 0.5511021821748308 and parameters: {'threshold_scale_factor': 0.713382456468743}. Best is trial 10 with value: 0.5511021821748308.
[I 2025-05-13 17:14:57,047] Trial 11 finished with value: 0.5511096450501769 and parameters: {'threshold_scale_factor': 0.6739219421887251}. Best is trial 11 with value: 0.5511096450501769.
[I 2025-05-13 17:15:11,200] Trial 12 finished with value: 0.5511117634190931 and parameters: {'threshold_scale_factor': 0.6778818274569925}. Best is trial 12 with value: 0.5511117634190931.
[I 2025-05-13 17:15:25,443] Trial 13 finished with value: 0.5510714795094509 and parameters: {'threshold_scale_factor': 0.6395857899777841}. Best is trial 12 with value: 0.5511117634190931.
[I 2025-05-13 17:15:39,634] Trial 14 finished with value: 0.5493423529097914 and parameters: {'threshold_scale_factor': 0.2992244880909369}. Best is trial 12 with value: 0.5511117634190931.
[I 2025-05-13 17:15:53,833] Trial 15 finished with value: 0.5510540710715659 and parameters: {'threshold_scale_factor': 0.6304606084034046}. Best is trial 12 with value: 0.5511117634190931.
[I 2025-05-13 17:16:08,048] Trial 16 finished with value: 0.5498002962126027 and parameters: {'threshold_scale_factor': 0.3579668931549769}. Best is trial 12 with value: 0.5511117634190931.
[I 2025-05-13 17:16:22,206] Trial 17 finished with value: 0.5510336320881293 and parameters: {'threshold_scale_factor': 0.6208918454065913}. Best is trial 12 with value: 0.5511117634190931.
[I 2025-05-13 17:16:36,396] Trial 18 finished with value: 0.551069144708864 and parameters: {'threshold_scale_factor': 0.7539034973948715}. Best is trial 12 with value: 0.5511117634190931.
[I 2025-05-13 17:16:50,622] Trial 19 finished with value: 0.5503031526022174 and parameters: {'threshold_scale_factor': 0.43490977021139554}. Best is trial 12 with value: 0.5511117634190931.
[I 2025-05-13 17:17:04,792] Trial 20 finished with value: 0.5491084974852686 and parameters: {'threshold_scale_factor': 0.2732889267275297}. Best is trial 12 with value: 0.5511117634190931.
[I 2025-05-13 17:17:18,916] Trial 21 finished with value: 0.5510993758444555 and parameters: {'threshold_scale_factor': 0.7174849469133551}. Best is trial 12 with value: 0.5511117634190931.
[I 2025-05-13 17:17:33,069] Trial 22 finished with value: 0.5509226641558584 and parameters: {'threshold_scale_factor': 0.5819230781527212}. Best is trial 12 with value: 0.5511117634190931.
[I 2025-05-13 17:17:47,225] Trial 23 finished with value: 0.5511046997622578 and parameters: {'threshold_scale_factor': 0.7109035022683599}. Best is trial 12 with value: 0.5511117634190931.
[I 2025-05-13 17:18:01,402] Trial 24 finished with value: 0.5509638597399744 and parameters: {'threshold_scale_factor': 0.804209170301173}. Best is trial 12 with value: 0.5511117634190931.
[I 2025-05-13 17:18:15,545] Trial 25 finished with value: 0.5511124579086537 and parameters: {'threshold_scale_factor': 0.6825021785858559}. Best is trial 25 with value: 0.5511124579086537.
[I 2025-05-13 17:18:29,806] Trial 26 finished with value: 0.5500649482067337 and parameters: {'threshold_scale_factor': 0.994699584924372}. Best is trial 25 with value: 0.5511124579086537.
[I 2025-05-13 17:18:43,949] Trial 27 finished with value: 0.550831451262858 and parameters: {'threshold_scale_factor': 0.5588965404126227}. Best is trial 25 with value: 0.5511124579086537.
[I 2025-05-13 17:18:58,090] Trial 28 finished with value: 0.55091777084167 and parameters: {'threshold_scale_factor': 0.8221186497247623}. Best is trial 25 with value: 0.5511124579086537.
[I 2025-05-13 17:19:12,227] Trial 29 finished with value: 0.5511101414369669 and parameters: {'threshold_scale_factor': 0.6750535780404754}. Best is trial 25 with value: 0.5511124579086537.
[I 2025-05-13 17:19:26,402] Trial 30 finished with value: 0.5508640659087165 and parameters: {'threshold_scale_factor': 0.5668741274139744}. Best is trial 25 with value: 0.5511124579086537.
[I 2025-05-13 17:19:40,527] Trial 31 finished with value: 0.5511019951196164 and parameters: {'threshold_scale_factor': 0.663591385098797}. Best is trial 25 with value: 0.5511124579086537.
[I 2025-05-13 17:19:54,664] Trial 32 finished with value: 0.5510624102189896 and parameters: {'threshold_scale_factor': 0.7592536450911306}. Best is trial 25 with value: 0.5511124579086537.
[I 2025-05-13 17:20:08,785] Trial 33 finished with value: 0.5511047688094846 and parameters: {'threshold_scale_factor': 0.666519034122197}. Best is trial 25 with value: 0.5511124579086537.
[I 2025-05-13 17:20:22,915] Trial 34 finished with value: 0.5508286517116651 and parameters: {'threshold_scale_factor': 0.8510100444943441}. Best is trial 25 with value: 0.5511124579086537.
[I 2025-05-13 17:20:37,082] Trial 35 finished with value: 0.5506428293042708 and parameters: {'threshold_scale_factor': 0.5148194633963549}. Best is trial 25 with value: 0.5511124579086537.
[I 2025-05-13 17:20:51,236] Trial 36 finished with value: 0.5511058115481486 and parameters: {'threshold_scale_factor': 0.7088737161327412}. Best is trial 25 with value: 0.5511124579086537.
[I 2025-05-13 17:21:05,360] Trial 37 finished with value: 0.5503547125516873 and parameters: {'threshold_scale_factor': 0.444306678534545}. Best is trial 25 with value: 0.5511124579086537.
[I 2025-05-13 17:21:19,516] Trial 38 finished with value: 0.5510044258644634 and parameters: {'threshold_scale_factor': 0.7873826297243702}. Best is trial 25 with value: 0.5511124579086537.
[I 2025-05-13 17:21:33,681] Trial 39 finished with value: 0.5509475369755745 and parameters: {'threshold_scale_factor': 0.5897788607732322}. Best is trial 25 with value: 0.5511124579086537.
[I 2025-05-13 17:21:47,815] Trial 40 finished with value: 0.550291180817425 and parameters: {'threshold_scale_factor': 0.9617442011547698}. Best is trial 25 with value: 0.5511124579086537.
[I 2025-05-13 17:22:01,924] Trial 41 finished with value: 0.5511120996163171 and parameters: {'threshold_scale_factor': 0.6813814121677222}. Best is trial 25 with value: 0.5511124579086537.
[I 2025-05-13 17:22:16,229] Trial 42 finished with value: 0.5511118204144403 and parameters: {'threshold_scale_factor': 0.6913358217279244}. Best is trial 25 with value: 0.5511124579086537.
[I 2025-05-13 17:22:30,369] Trial 43 finished with value: 0.5507849839857512 and parameters: {'threshold_scale_factor': 0.8638402391350624}. Best is trial 25 with value: 0.5511124579086537.
[I 2025-05-13 17:22:44,512] Trial 44 finished with value: 0.545865431600091 and parameters: {'threshold_scale_factor': 0.0293990109550597}. Best is trial 25 with value: 0.5511124579086537.
[I 2025-05-13 17:22:58,654] Trial 45 finished with value: 0.5510637030341549 and parameters: {'threshold_scale_factor': 0.7583190987402516}. Best is trial 25 with value: 0.5511124579086537.
[I 2025-05-13 17:23:12,768] Trial 46 finished with value: 0.550704418426194 and parameters: {'threshold_scale_factor': 0.529458211557737}. Best is trial 25 with value: 0.5511124579086537.
[I 2025-05-13 17:23:26,885] Trial 47 finished with value: 0.5510192617282208 and parameters: {'threshold_scale_factor': 0.6147696473518461}. Best is trial 25 with value: 0.5511124579086537.
[I 2025-05-13 17:23:41,024] Trial 48 finished with value: 0.5505073270092351 and parameters: {'threshold_scale_factor': 0.47961537308565116}. Best is trial 25 with value: 0.5511124579086537.
[I 2025-05-13 17:23:55,166] Trial 49 finished with value: 0.5511100781645992 and parameters: {'threshold_scale_factor': 0.6749439608248127}. Best is trial 25 with value: 0.5511124579086537.
[I 2025-05-13 17:24:09,290] Trial 50 finished with value: 0.5510885010317853 and parameters: {'threshold_scale_factor': 0.7320744222712815}. Best is trial 25 with value: 0.5511124579086537.
[I 2025-05-13 17:24:23,363] Trial 51 finished with value: 0.5511122999788151 and parameters: {'threshold_scale_factor': 0.6823326268843853}. Best is trial 25 with value: 0.5511124579086537.
[I 2025-05-13 17:24:37,497] Trial 52 finished with value: 0.5505856998799519 and parameters: {'threshold_scale_factor': 0.9101532439135649}. Best is trial 25 with value: 0.5511124579086537.
[I 2025-05-13 17:24:51,635] Trial 53 finished with value: 0.5509055231190515 and parameters: {'threshold_scale_factor': 0.8264003492720504}. Best is trial 25 with value: 0.5511124579086537.
[I 2025-05-13 17:25:05,717] Trial 54 finished with value: 0.5511127358551264 and parameters: {'threshold_scale_factor': 0.6882403529437222}. Best is trial 54 with value: 0.5511127358551264.
[I 2025-05-13 17:25:19,847] Trial 55 finished with value: 0.5510277999827381 and parameters: {'threshold_scale_factor': 0.618217675832364}. Best is trial 54 with value: 0.5511127358551264.
[I 2025-05-13 17:25:33,999] Trial 56 finished with value: 0.5511108449654372 and parameters: {'threshold_scale_factor': 0.6976250608044773}. Best is trial 54 with value: 0.5511127358551264.
[I 2025-05-13 17:25:48,114] Trial 57 finished with value: 0.5510832444036438 and parameters: {'threshold_scale_factor': 0.6468380525179701}. Best is trial 54 with value: 0.5511127358551264.
[I 2025-05-13 17:26:02,225] Trial 58 finished with value: 0.5500378118933847 and parameters: {'threshold_scale_factor': 0.3923701124705254}. Best is trial 54 with value: 0.5511127358551264.
[I 2025-05-13 17:26:16,459] Trial 59 finished with value: 0.5510261646933283 and parameters: {'threshold_scale_factor': 0.7775717291572017}. Best is trial 54 with value: 0.5511127358551264.
[I 2025-05-13 17:26:30,598] Trial 60 finished with value: 0.5509568889830443 and parameters: {'threshold_scale_factor': 0.5928987859522103}. Best is trial 54 with value: 0.5511127358551264.
[I 2025-05-13 17:26:44,761] Trial 61 finished with value: 0.551106393302419 and parameters: {'threshold_scale_factor': 0.7075942048534035}. Best is trial 54 with value: 0.5511127358551264.
[I 2025-05-13 17:26:58,905] Trial 62 finished with value: 0.550766522765969 and parameters: {'threshold_scale_factor': 0.543597814697635}. Best is trial 54 with value: 0.5511127358551264.
[I 2025-05-13 17:27:13,030] Trial 63 finished with value: 0.5511129003130664 and parameters: {'threshold_scale_factor': 0.6875488199728368}. Best is trial 63 with value: 0.5511129003130664.
[I 2025-05-13 17:27:27,143] Trial 64 finished with value: 0.551078134155623 and parameters: {'threshold_scale_factor': 0.7446982543754501}. Best is trial 63 with value: 0.5511129003130664.
[I 2025-05-13 17:27:41,291] Trial 65 finished with value: 0.5510710499101601 and parameters: {'threshold_scale_factor': 0.6393170397605235}. Best is trial 63 with value: 0.5511129003130664.
[I 2025-05-13 17:27:55,437] Trial 66 finished with value: 0.550943924173591 and parameters: {'threshold_scale_factor': 0.8119863869806443}. Best is trial 63 with value: 0.5511129003130664.
[I 2025-05-13 17:28:09,576] Trial 67 finished with value: 0.551017681927673 and parameters: {'threshold_scale_factor': 0.781126535890287}. Best is trial 63 with value: 0.5511129003130664.
[I 2025-05-13 17:28:23,733] Trial 68 finished with value: 0.5511127243054085 and parameters: {'threshold_scale_factor': 0.6887112622580127}. Best is trial 63 with value: 0.5511129003130664.
[I 2025-05-13 17:28:37,874] Trial 69 finished with value: 0.5509718192531915 and parameters: {'threshold_scale_factor': 0.5981092340883132}. Best is trial 63 with value: 0.5511129003130664.
[I 2025-05-13 17:28:52,015] Trial 70 finished with value: 0.5510856505111849 and parameters: {'threshold_scale_factor': 0.6488142203983738}. Best is trial 63 with value: 0.5511129003130664.
[I 2025-05-13 17:29:06,143] Trial 71 finished with value: 0.5511126278903719 and parameters: {'threshold_scale_factor': 0.6896945567987272}. Best is trial 63 with value: 0.5511129003130664.
[I 2025-05-13 17:29:20,272] Trial 72 finished with value: 0.5511124385754302 and parameters: {'threshold_scale_factor': 0.6899598736771578}. Best is trial 63 with value: 0.5511129003130664.
[I 2025-05-13 17:29:34,405] Trial 73 finished with value: 0.5511001358661112 and parameters: {'threshold_scale_factor': 0.7163083543473073}. Best is trial 63 with value: 0.5511129003130664.
[I 2025-05-13 17:29:48,557] Trial 74 finished with value: 0.5510717260708204 and parameters: {'threshold_scale_factor': 0.7519599933639814}. Best is trial 63 with value: 0.5511129003130664.
[I 2025-05-13 17:30:02,767] Trial 75 finished with value: 0.5508671225666737 and parameters: {'threshold_scale_factor': 0.5676149720641399}. Best is trial 63 with value: 0.5511129003130664.
[I 2025-05-13 17:30:16,879] Trial 76 finished with value: 0.5511123070090781 and parameters: {'threshold_scale_factor': 0.6802228006983424}. Best is trial 63 with value: 0.5511129003130664.
[I 2025-05-13 17:30:30,981] Trial 77 finished with value: 0.551086833352949 and parameters: {'threshold_scale_factor': 0.7335626252976701}. Best is trial 63 with value: 0.5511129003130664.
[I 2025-05-13 17:30:45,117] Trial 78 finished with value: 0.551026282450235 and parameters: {'threshold_scale_factor': 0.6175762755029042}. Best is trial 63 with value: 0.5511129003130664.
[I 2025-05-13 17:30:59,223] Trial 79 finished with value: 0.550873675525112 and parameters: {'threshold_scale_factor': 0.8368392483503408}. Best is trial 63 with value: 0.5511129003130664.
[I 2025-05-13 17:31:13,343] Trial 80 finished with value: 0.5507168434118745 and parameters: {'threshold_scale_factor': 0.8815652629250295}. Best is trial 63 with value: 0.5511129003130664.
[I 2025-05-13 17:31:27,449] Trial 81 finished with value: 0.5511126951800328 and parameters: {'threshold_scale_factor': 0.6834911423626295}. Best is trial 63 with value: 0.5511129003130664.
[I 2025-05-13 17:31:41,580] Trial 82 finished with value: 0.5510990537077576 and parameters: {'threshold_scale_factor': 0.6599908793598211}. Best is trial 63 with value: 0.5511129003130664.
[I 2025-05-13 17:31:55,712] Trial 83 finished with value: 0.5511131202598687 and parameters: {'threshold_scale_factor': 0.6846908348841618}. Best is trial 83 with value: 0.5511131202598687.
[I 2025-05-13 17:32:09,833] Trial 84 finished with value: 0.5509900836256071 and parameters: {'threshold_scale_factor': 0.7935490110920354}. Best is trial 83 with value: 0.5511131202598687.
[I 2025-05-13 17:32:23,961] Trial 85 finished with value: 0.551091159224474 and parameters: {'threshold_scale_factor': 0.7275598675990516}. Best is trial 83 with value: 0.5511131202598687.
[I 2025-05-13 17:32:38,090] Trial 86 finished with value: 0.5510604013213128 and parameters: {'threshold_scale_factor': 0.6333873714783904}. Best is trial 83 with value: 0.5511131202598687.
[I 2025-05-13 17:32:52,243] Trial 87 finished with value: 0.548815934844526 and parameters: {'threshold_scale_factor': 0.24094320727858876}. Best is trial 83 with value: 0.5511131202598687.
[I 2025-05-13 17:33:06,400] Trial 88 finished with value: 0.5510524377908026 and parameters: {'threshold_scale_factor': 0.7642227708148358}. Best is trial 83 with value: 0.5511131202598687.
[I 2025-05-13 17:33:20,529] Trial 89 finished with value: 0.5511110787216847 and parameters: {'threshold_scale_factor': 0.6938431061230649}. Best is trial 83 with value: 0.5511131202598687.
[I 2025-05-13 17:33:34,653] Trial 90 finished with value: 0.5511007002958046 and parameters: {'threshold_scale_factor': 0.6618377690053227}. Best is trial 83 with value: 0.5511131202598687.
[I 2025-05-13 17:33:48,779] Trial 91 finished with value: 0.5511106227589075 and parameters: {'threshold_scale_factor': 0.6974211437532889}. Best is trial 83 with value: 0.5511131202598687.
[I 2025-05-13 17:34:03,052] Trial 92 finished with value: 0.551112491804565 and parameters: {'threshold_scale_factor': 0.6827146038306361}. Best is trial 83 with value: 0.5511131202598687.
[I 2025-05-13 17:34:17,178] Trial 93 finished with value: 0.5510962787624853 and parameters: {'threshold_scale_factor': 0.7212788973642655}. Best is trial 83 with value: 0.5511131202598687.
[I 2025-05-13 17:34:31,336] Trial 94 finished with value: 0.5509884892623715 and parameters: {'threshold_scale_factor': 0.6038777765396992}. Best is trial 83 with value: 0.5511131202598687.
[I 2025-05-13 17:34:45,509] Trial 95 finished with value: 0.5510802944550369 and parameters: {'threshold_scale_factor': 0.6451138210848615}. Best is trial 83 with value: 0.5511131202598687.
[I 2025-05-13 17:34:59,648] Trial 96 finished with value: 0.5508909398426037 and parameters: {'threshold_scale_factor': 0.5732485155492236}. Best is trial 83 with value: 0.5511131202598687.
[I 2025-05-13 17:35:13,745] Trial 97 finished with value: 0.5511096912490486 and parameters: {'threshold_scale_factor': 0.6743172727942709}. Best is trial 83 with value: 0.5511131202598687.
[I 2025-05-13 17:35:27,885] Trial 98 finished with value: 0.5510343685081875 and parameters: {'threshold_scale_factor': 0.6213089439914471}. Best is trial 83 with value: 0.5511131202598687.
