[I 2025-05-13 17:36:24,159] Trial 99 finished with value: 0.5592065394000737 and parameters: {'threshold_scale_factor': 0.6445994377810486}. Best is trial 99 with value: 0.5592065394000737.
Best hyperparameters: {'threshold_scale_factor': 0.6445994377810486}
Best optimized value: 0.5592065394000737
Running audit 1/1
Training a GCN target model on flickr...
Training GCN on cuda:   0%|          | 0/800 [00:00<?, ?it/s]Training GCN on cuda:   1%|▏         | 10/800 [00:00<00:08, 93.89it/s]Training GCN on cuda:   2%|▎         | 20/800 [00:00<00:08, 95.47it/s]Training GCN on cuda:   4%|▍         | 31/800 [00:00<00:07, 101.65it/s]Training GCN on cuda:   5%|▌         | 42/800 [00:00<00:07, 104.47it/s]Training GCN on cuda:   7%|▋         | 53/800 [00:00<00:07, 106.16it/s]Training GCN on cuda:   8%|▊         | 64/800 [00:00<00:06, 107.19it/s]Training GCN on cuda:   9%|▉         | 75/800 [00:00<00:06, 107.87it/s]Training GCN on cuda:  11%|█         | 86/800 [00:00<00:06, 108.34it/s]Training GCN on cuda:  12%|█▏        | 97/800 [00:00<00:06, 108.66it/s]Training GCN on cuda:  14%|█▎        | 108/800 [00:01<00:06, 108.85it/s]Training GCN on cuda:  15%|█▍        | 119/800 [00:01<00:06, 108.97it/s]Training GCN on cuda:  16%|█▋        | 130/800 [00:01<00:06, 109.07it/s]Training GCN on cuda:  18%|█▊        | 141/800 [00:01<00:06, 109.14it/s]Training GCN on cuda:  19%|█▉        | 152/800 [00:01<00:05, 109.17it/s]Training GCN on cuda:  20%|██        | 163/800 [00:01<00:05, 109.20it/s]Training GCN on cuda:  22%|██▏       | 174/800 [00:01<00:05, 109.22it/s]Training GCN on cuda:  23%|██▎       | 185/800 [00:01<00:05, 109.22it/s]Training GCN on cuda:  24%|██▍       | 196/800 [00:01<00:05, 109.23it/s]Training GCN on cuda:  26%|██▌       | 207/800 [00:01<00:05, 109.24it/s]Training GCN on cuda:  27%|██▋       | 218/800 [00:02<00:05, 109.24it/s]Training GCN on cuda:  29%|██▊       | 229/800 [00:02<00:05, 109.23it/s]Training GCN on cuda:  30%|███       | 240/800 [00:02<00:05, 109.05it/s]Training GCN on cuda:  31%|███▏      | 251/800 [00:02<00:05, 109.13it/s]Training GCN on cuda:  33%|███▎      | 262/800 [00:02<00:04, 109.15it/s]Training GCN on cuda:  34%|███▍      | 273/800 [00:02<00:04, 109.14it/s]Training GCN on cuda:  36%|███▌      | 284/800 [00:02<00:04, 109.14it/s]Training GCN on cuda:  37%|███▋      | 295/800 [00:02<00:04, 109.17it/s]Training GCN on cuda:  38%|███▊      | 306/800 [00:02<00:04, 108.92it/s]Training GCN on cuda:  40%|███▉      | 317/800 [00:02<00:04, 109.01it/s]Training GCN on cuda:  41%|████      | 328/800 [00:03<00:04, 109.10it/s]Training GCN on cuda:  42%|████▏     | 339/800 [00:03<00:04, 109.15it/s]Training GCN on cuda:  44%|████▍     | 350/800 [00:03<00:04, 109.18it/s]Training GCN on cuda:  45%|████▌     | 361/800 [00:03<00:04, 109.23it/s]Training GCN on cuda:  46%|████▋     | 372/800 [00:03<00:03, 109.25it/s]Training GCN on cuda:  48%|████▊     | 383/800 [00:03<00:03, 109.23it/s]Training GCN on cuda:  49%|████▉     | 394/800 [00:03<00:03, 109.26it/s]Training GCN on cuda:  51%|█████     | 405/800 [00:03<00:03, 109.25it/s]Training GCN on cuda:  52%|█████▏    | 416/800 [00:03<00:03, 109.24it/s]Training GCN on cuda:  53%|█████▎    | 427/800 [00:03<00:03, 109.22it/s]Training GCN on cuda:  55%|█████▍    | 438/800 [00:04<00:03, 109.14it/s]Training GCN on cuda:  56%|█████▌    | 449/800 [00:04<00:03, 109.17it/s]Training GCN on cuda:  57%|█████▊    | 460/800 [00:04<00:03, 109.18it/s]Training GCN on cuda:  59%|█████▉    | 471/800 [00:04<00:03, 109.20it/s]Training GCN on cuda:  60%|██████    | 482/800 [00:04<00:02, 109.22it/s]Training GCN on cuda:  62%|██████▏   | 493/800 [00:04<00:02, 109.23it/s]Training GCN on cuda:  63%|██████▎   | 504/800 [00:04<00:02, 109.16it/s]Training GCN on cuda:  64%|██████▍   | 515/800 [00:04<00:02, 109.18it/s]Training GCN on cuda:  66%|██████▌   | 526/800 [00:04<00:02, 109.15it/s]Training GCN on cuda:  67%|██████▋   | 537/800 [00:04<00:02, 109.20it/s]Training GCN on cuda:  68%|██████▊   | 548/800 [00:05<00:02, 109.23it/s]Training GCN on cuda:  70%|██████▉   | 559/800 [00:05<00:02, 109.24it/s]Training GCN on cuda:  71%|███████▏  | 570/800 [00:05<00:02, 109.27it/s]Training GCN on cuda:  73%|███████▎  | 581/800 [00:05<00:02, 109.24it/s]Training GCN on cuda:  74%|███████▍  | 592/800 [00:05<00:01, 109.26it/s]Training GCN on cuda:  75%|███████▌  | 603/800 [00:05<00:01, 109.29it/s]Training GCN on cuda:  77%|███████▋  | 614/800 [00:05<00:01, 109.23it/s]Training GCN on cuda:  78%|███████▊  | 625/800 [00:05<00:01, 109.23it/s]Training GCN on cuda:  80%|███████▉  | 636/800 [00:05<00:01, 109.11it/s]Training GCN on cuda:  81%|████████  | 647/800 [00:05<00:01, 109.16it/s]Training GCN on cuda:  82%|████████▏ | 658/800 [00:06<00:01, 109.18it/s]Training GCN on cuda:  84%|████████▎ | 669/800 [00:06<00:01, 109.17it/s]Training GCN on cuda:  85%|████████▌ | 680/800 [00:06<00:01, 109.21it/s]Training GCN on cuda:  86%|████████▋ | 691/800 [00:06<00:00, 109.24it/s]Training GCN on cuda:  88%|████████▊ | 702/800 [00:06<00:00, 109.24it/s]Training GCN on cuda:  89%|████████▉ | 713/800 [00:06<00:00, 109.27it/s]Training GCN on cuda:  90%|█████████ | 724/800 [00:06<00:00, 109.28it/s]Training GCN on cuda:  92%|█████████▏| 735/800 [00:06<00:00, 109.27it/s]Training GCN on cuda:  93%|█████████▎| 746/800 [00:06<00:00, 109.29it/s]Training GCN on cuda:  95%|█████████▍| 757/800 [00:06<00:00, 109.29it/s]Training GCN on cuda:  96%|█████████▌| 768/800 [00:07<00:00, 109.27it/s]Training GCN on cuda:  97%|█████████▋| 779/800 [00:07<00:00, 109.28it/s]Training GCN on cuda:  99%|█████████▉| 790/800 [00:07<00:00, 109.25it/s]Training GCN on cuda: 100%|██████████| 800/800 [00:07<00:00, 108.81it/s]
Train accuracy: 0.5764 | Test accuracy: 0.4701
Training MLP on cuda:   0%|          | 0/1000 [00:00<?, ?it/s]Training MLP on cuda:   0%|          | 1/1000 [01:48<30:01:51, 108.22s/it]Training MLP on cuda:   0%|          | 2/1000 [03:37<30:10:45, 108.86s/it]Training MLP on cuda:   0%|          | 3/1000 [05:27<30:14:58, 109.23s/it]Training MLP on cuda:   0%|          | 4/1000 [07:15<30:08:05, 108.92s/it]Training MLP on cuda:   0%|          | 5/1000 [09:03<30:02:35, 108.70s/it]Training MLP on cuda:   1%|          | 6/1000 [10:52<29:58:58, 108.59s/it]Training MLP on cuda:   1%|          | 7/1000 [12:40<29:53:38, 108.38s/it]Training MLP on cuda:   1%|          | 8/1000 [14:28<29:50:37, 108.30s/it]Training MLP on cuda:   1%|          | 9/1000 [16:16<29:47:58, 108.25s/it]Training MLP on cuda:   1%|          | 10/1000 [18:04<29:43:15, 108.08s/it]Training MLP on cuda:   1%|          | 11/1000 [19:52<29:40:58, 108.05s/it]Training MLP on cuda:   1%|          | 12/1000 [21:40<29:38:17, 107.99s/it]Training MLP on cuda:   1%|▏         | 13/1000 [23:28<29:37:13, 108.04s/it]Training MLP on cuda:   1%|▏         | 14/1000 [25:16<29:35:49, 108.06s/it]Training MLP on cuda:   2%|▏         | 15/1000 [27:03<29:29:27, 107.78s/it]Training MLP on cuda:   2%|▏         | 16/1000 [28:50<29:26:14, 107.70s/it]Training MLP on cuda:   2%|▏         | 17/1000 [30:38<29:25:07, 107.74s/it]Training MLP on cuda:   2%|▏         | 18/1000 [32:26<29:21:13, 107.61s/it]Training MLP on cuda:   2%|▏         | 19/1000 [34:13<29:17:34, 107.50s/it]Training MLP on cuda:   2%|▏         | 20/1000 [36:00<29:14:09, 107.40s/it]Training MLP on cuda:   2%|▏         | 21/1000 [37:47<29:11:20, 107.34s/it]Training MLP on cuda:   2%|▏         | 22/1000 [39:34<29:08:11, 107.25s/it]Training MLP on cuda:   2%|▏         | 23/1000 [41:21<29:04:15, 107.12s/it]Training MLP on cuda:   2%|▏         | 24/1000 [43:08<29:02:12, 107.10s/it]Training MLP on cuda:   2%|▎         | 25/1000 [44:55<29:01:16, 107.15s/it]Training MLP on cuda:   3%|▎         | 26/1000 [46:43<28:59:10, 107.14s/it]Training MLP on cuda:   3%|▎         | 27/1000 [48:30<28:57:11, 107.12s/it]Training MLP on cuda:   3%|▎         | 28/1000 [50:17<28:56:37, 107.20s/it]Training MLP on cuda:   3%|▎         | 29/1000 [52:04<28:55:25, 107.24s/it]Training MLP on cuda:   3%|▎         | 30/1000 [53:52<28:55:15, 107.34s/it]Training MLP on cuda:   3%|▎         | 31/1000 [55:39<28:51:20, 107.20s/it]Training MLP on cuda:   3%|▎         | 32/1000 [57:26<28:51:07, 107.30s/it]Training MLP on cuda:   3%|▎         | 33/1000 [59:14<28:49:22, 107.30s/it]Training MLP on cuda:   3%|▎         | 34/1000 [1:01:01<28:47:33, 107.30s/it]Training MLP on cuda:   4%|▎         | 35/1000 [1:02:48<28:45:33, 107.29s/it]Training MLP on cuda:   4%|▎         | 36/1000 [1:04:36<28:44:50, 107.36s/it]Training MLP on cuda:   4%|▎         | 37/1000 [1:06:23<28:43:23, 107.38s/it]Training MLP on cuda:   4%|▍         | 38/1000 [1:08:11<28:43:09, 107.47s/it]Training MLP on cuda:   4%|▍         | 39/1000 [1:09:58<28:40:32, 107.42s/it]Training MLP on cuda:   4%|▍         | 40/1000 [1:11:46<28:39:10, 107.45s/it]Training MLP on cuda:   4%|▍         | 41/1000 [1:13:35<28:45:09, 107.94s/it]Training MLP on cuda:   4%|▍         | 42/1000 [1:15:23<28:47:02, 108.17s/it]Training MLP on cuda:   4%|▍         | 43/1000 [1:17:11<28:44:57, 108.15s/it]Training MLP on cuda:   4%|▍         | 44/1000 [1:18:59<28:41:57, 108.07s/it]Training MLP on cuda:   4%|▍         | 45/1000 [1:20:48<28:43:08, 108.26s/it]Training MLP on cuda:   5%|▍         | 46/1000 [1:22:36<28:40:30, 108.21s/it]Training MLP on cuda:   5%|▍         | 47/1000 [1:24:24<28:38:17, 108.18s/it]Training MLP on cuda:   5%|▍         | 48/1000 [1:26:12<28:35:43, 108.13s/it]Training MLP on cuda:   5%|▍         | 49/1000 [1:28:00<28:33:48, 108.13s/it]Training MLP on cuda:   5%|▌         | 50/1000 [1:29:49<28:32:42, 108.17s/it]Training MLP on cuda:   5%|▌         | 51/1000 [1:31:36<28:27:50, 107.98s/it]Training MLP on cuda:   5%|▌         | 52/1000 [1:33:24<28:26:14, 107.99s/it]Training MLP on cuda:   5%|▌         | 53/1000 [1:35:12<28:25:31, 108.06s/it]Training MLP on cuda:   5%|▌         | 54/1000 [1:37:01<28:25:14, 108.15s/it]Training MLP on cuda:   6%|▌         | 55/1000 [1:38:49<28:22:42, 108.11s/it]Training MLP on cuda:   6%|▌         | 56/1000 [1:40:37<28:20:29, 108.08s/it]Training MLP on cuda:   6%|▌         | 57/1000 [1:42:25<28:19:23, 108.13s/it]Training MLP on cuda:   6%|▌         | 58/1000 [1:44:13<28:17:02, 108.09s/it]Training MLP on cuda:   6%|▌         | 59/1000 [1:46:01<28:14:08, 108.02s/it]Training MLP on cuda:   6%|▌         | 60/1000 [1:47:49<28:12:20, 108.02s/it]Training MLP on cuda:   6%|▌         | 61/1000 [1:49:37<28:11:48, 108.10s/it]Training MLP on cuda:   6%|▌         | 62/1000 [1:51:25<28:08:17, 107.99s/it]Training MLP on cuda:   6%|▋         | 63/1000 [1:53:13<28:05:59, 107.96s/it]Training MLP on cuda:   6%|▋         | 64/1000 [1:55:01<28:04:05, 107.95s/it]Training MLP on cuda:   6%|▋         | 64/1000 [1:56:49<28:28:39, 109.53s/it]
Training MLP on cuda:   0%|          | 0/1000 [00:00<?, ?it/s]Training MLP on cuda:   0%|          | 1/1000 [01:48<30:04:17, 108.37s/it]Training MLP on cuda:   0%|          | 2/1000 [03:37<30:07:34, 108.67s/it]Training MLP on cuda:   0%|          | 3/1000 [05:26<30:08:19, 108.83s/it]Training MLP on cuda:   0%|          | 4/1000 [07:15<30:08:49, 108.97s/it]Training MLP on cuda:   0%|          | 5/1000 [09:04<30:07:44, 109.01s/it]Training MLP on cuda:   1%|          | 6/1000 [10:53<30:05:46, 109.00s/it]Training MLP on cuda:   1%|          | 7/1000 [12:42<30:05:07, 109.07s/it]Training MLP on cuda:   1%|          | 8/1000 [14:32<30:05:08, 109.18s/it]Training MLP on cuda:   1%|          | 9/1000 [16:21<30:02:20, 109.12s/it]Training MLP on cuda:   1%|          | 10/1000 [18:10<30:01:37, 109.19s/it]Training MLP on cuda:   1%|          | 11/1000 [19:59<29:57:27, 109.05s/it]Training MLP on cuda:   1%|          | 12/1000 [21:48<29:57:58, 109.19s/it]Training MLP on cuda:   1%|▏         | 13/1000 [23:37<29:55:20, 109.14s/it]Training MLP on cuda:   1%|▏         | 14/1000 [25:26<29:49:58, 108.92s/it]Training MLP on cuda:   2%|▏         | 15/1000 [27:15<29:49:05, 108.98s/it]Training MLP on cuda:   2%|▏         | 16/1000 [29:04<29:48:05, 109.03s/it]Training MLP on cuda:   2%|▏         | 17/1000 [30:52<29:43:13, 108.84s/it]Training MLP on cuda:   2%|▏         | 18/1000 [32:41<29:39:31, 108.73s/it]Training MLP on cuda:   2%|▏         | 19/1000 [34:30<29:38:33, 108.78s/it]Training MLP on cuda:   2%|▏         | 20/1000 [36:18<29:35:14, 108.69s/it]Training MLP on cuda:   2%|▏         | 21/1000 [38:06<29:31:07, 108.55s/it]Training MLP on cuda:   2%|▏         | 22/1000 [39:55<29:30:01, 108.59s/it]Training MLP on cuda:   2%|▏         | 23/1000 [41:44<29:28:03, 108.58s/it]Training MLP on cuda:   2%|▏         | 24/1000 [43:32<29:22:57, 108.38s/it]Training MLP on cuda:   2%|▎         | 25/1000 [45:20<29:20:16, 108.32s/it]Training MLP on cuda:   3%|▎         | 26/1000 [47:06<29:10:01, 107.80s/it]Training MLP on cuda:   3%|▎         | 27/1000 [48:53<29:04:08, 107.55s/it]Training MLP on cuda:   3%|▎         | 28/1000 [50:40<29:00:32, 107.44s/it]Training MLP on cuda:   3%|▎         | 29/1000 [52:28<29:00:06, 107.52s/it]Training MLP on cuda:   3%|▎         | 30/1000 [54:15<28:53:03, 107.20s/it]Training MLP on cuda:   3%|▎         | 31/1000 [56:01<28:48:13, 107.01s/it]Training MLP on cuda:   3%|▎         | 32/1000 [57:48<28:45:52, 106.98s/it]Training MLP on cuda:   3%|▎         | 33/1000 [59:35<28:44:16, 106.99s/it]Training MLP on cuda:   3%|▎         | 34/1000 [1:01:22<28:42:09, 106.97s/it]Training MLP on cuda:   4%|▎         | 35/1000 [1:03:10<28:44:28, 107.22s/it]Training MLP on cuda:   4%|▎         | 36/1000 [1:04:57<28:42:39, 107.22s/it]Training MLP on cuda:   4%|▎         | 37/1000 [1:06:44<28:39:40, 107.14s/it]Training MLP on cuda:   4%|▍         | 38/1000 [1:08:31<28:38:12, 107.17s/it]Training MLP on cuda:   4%|▍         | 39/1000 [1:10:19<28:40:17, 107.41s/it]Training MLP on cuda:   4%|▍         | 40/1000 [1:12:07<28:37:59, 107.37s/it]Training MLP on cuda:   4%|▍         | 41/1000 [1:13:54<28:34:49, 107.29s/it]Training MLP on cuda:   4%|▍         | 42/1000 [1:15:41<28:32:39, 107.27s/it]Training MLP on cuda:   4%|▍         | 43/1000 [1:17:28<28:30:53, 107.27s/it]Training MLP on cuda:   4%|▍         | 44/1000 [1:19:15<28:29:11, 107.27s/it]Training MLP on cuda:   4%|▍         | 45/1000 [1:21:03<28:27:37, 107.28s/it]Training MLP on cuda:   5%|▍         | 46/1000 [1:22:50<28:25:04, 107.24s/it]Training MLP on cuda:   5%|▍         | 47/1000 [1:24:37<28:23:21, 107.24s/it]Training MLP on cuda:   5%|▍         | 48/1000 [1:26:25<28:23:24, 107.36s/it]Training MLP on cuda:   5%|▍         | 49/1000 [1:28:12<28:23:41, 107.49s/it]Training MLP on cuda:   5%|▌         | 50/1000 [1:30:00<28:20:32, 107.40s/it]Training MLP on cuda:   5%|▌         | 51/1000 [1:31:47<28:17:19, 107.31s/it]Training MLP on cuda:   5%|▌         | 52/1000 [1:33:33<28:12:31, 107.12s/it]Training MLP on cuda:   5%|▌         | 53/1000 [1:35:20<28:08:30, 106.98s/it]Training MLP on cuda:   5%|▌         | 54/1000 [1:37:07<28:06:08, 106.94s/it]Training MLP on cuda:   6%|▌         | 55/1000 [1:38:54<28:03:05, 106.86s/it]Training MLP on cuda:   6%|▌         | 56/1000 [1:40:40<27:59:52, 106.77s/it]Training MLP on cuda:   6%|▌         | 57/1000 [1:42:27<27:57:21, 106.72s/it]Training MLP on cuda:   6%|▌         | 58/1000 [1:44:13<27:54:23, 106.65s/it]Training MLP on cuda:   6%|▌         | 59/1000 [1:46:00<27:55:02, 106.80s/it]Training MLP on cuda:   6%|▌         | 60/1000 [1:47:47<27:54:03, 106.85s/it]Training MLP on cuda:   6%|▌         | 61/1000 [1:49:34<27:52:20, 106.86s/it]Training MLP on cuda:   6%|▌         | 62/1000 [1:51:21<27:51:37, 106.93s/it]Training MLP on cuda:   6%|▋         | 63/1000 [1:53:08<27:48:27, 106.84s/it]Training MLP on cuda:   6%|▋         | 64/1000 [1:54:55<27:47:03, 106.86s/it]Training MLP on cuda:   6%|▋         | 65/1000 [1:56:42<27:47:11, 106.99s/it]Training MLP on cuda:   7%|▋         | 66/1000 [1:58:30<27:47:15, 107.10s/it]Training MLP on cuda:   7%|▋         | 67/1000 [2:00:17<27:46:55, 107.20s/it]Training MLP on cuda:   7%|▋         | 68/1000 [2:02:04<27:44:50, 107.18s/it]Training MLP on cuda:   7%|▋         | 69/1000 [2:03:51<27:42:53, 107.17s/it]Training MLP on cuda:   7%|▋         | 70/1000 [2:05:38<27:37:36, 106.94s/it]Training MLP on cuda:   7%|▋         | 71/1000 [2:07:25<27:35:49, 106.94s/it]Training MLP on cuda:   7%|▋         | 72/1000 [2:09:11<27:33:01, 106.88s/it]Training MLP on cuda:   7%|▋         | 73/1000 [2:10:58<27:29:49, 106.78s/it]Training MLP on cuda:   7%|▋         | 74/1000 [2:12:44<27:26:29, 106.68s/it]Training MLP on cuda:   8%|▊         | 75/1000 [2:14:32<27:28:29, 106.93s/it]Training MLP on cuda:   8%|▊         | 76/1000 [2:16:19<27:25:51, 106.87s/it]Training MLP on cuda:   8%|▊         | 77/1000 [2:18:07<27:31:21, 107.35s/it]Training MLP on cuda:   8%|▊         | 78/1000 [2:19:54<27:29:35, 107.35s/it]Training MLP on cuda:   8%|▊         | 79/1000 [2:21:41<27:24:51, 107.16s/it]Training MLP on cuda:   8%|▊         | 80/1000 [2:23:28<27:22:22, 107.11s/it]Training MLP on cuda:   8%|▊         | 81/1000 [2:25:15<27:17:59, 106.94s/it]Training MLP on cuda:   8%|▊         | 82/1000 [2:27:01<27:14:54, 106.86s/it]Training MLP on cuda:   8%|▊         | 83/1000 [2:28:48<27:12:04, 106.79s/it]Training MLP on cuda:   8%|▊         | 84/1000 [2:30:35<27:10:21, 106.79s/it]Training MLP on cuda:   8%|▊         | 85/1000 [2:32:22<27:08:55, 106.81s/it]Training MLP on cuda:   9%|▊         | 86/1000 [2:34:08<27:05:10, 106.69s/it]Training MLP on cuda:   9%|▊         | 87/1000 [2:35:54<27:02:00, 106.59s/it]Training MLP on cuda:   9%|▉         | 88/1000 [2:37:41<27:00:16, 106.60s/it]Training MLP on cuda:   9%|▉         | 89/1000 [2:39:28<26:59:21, 106.65s/it]Training MLP on cuda:   9%|▉         | 90/1000 [2:41:14<26:57:20, 106.64s/it]Training MLP on cuda:   9%|▉         | 91/1000 [2:43:01<26:55:11, 106.61s/it]Training MLP on cuda:   9%|▉         | 92/1000 [2:44:48<26:53:45, 106.64s/it]Training MLP on cuda:   9%|▉         | 93/1000 [2:46:34<26:51:55, 106.63s/it]Training MLP on cuda:   9%|▉         | 94/1000 [2:48:21<26:49:34, 106.59s/it]Training MLP on cuda:  10%|▉         | 95/1000 [2:50:07<26:48:04, 106.61s/it]Training MLP on cuda:  10%|▉         | 96/1000 [2:51:54<26:47:08, 106.67s/it]Training MLP on cuda:  10%|▉         | 97/1000 [2:53:41<26:46:35, 106.75s/it]Training MLP on cuda:  10%|▉         | 98/1000 [2:55:28<26:43:23, 106.66s/it]Training MLP on cuda:  10%|▉         | 99/1000 [2:57:14<26:41:09, 106.63s/it]Training MLP on cuda:  10%|█         | 100/1000 [2:59:01<26:39:45, 106.65s/it]Training MLP on cuda:  10%|█         | 101/1000 [3:00:47<26:37:38, 106.63s/it]Training MLP on cuda:  10%|█         | 102/1000 [3:02:34<26:33:33, 106.47s/it]Training MLP on cuda:  10%|█         | 103/1000 [3:04:20<26:31:29, 106.45s/it]Training MLP on cuda:  10%|█         | 104/1000 [3:06:06<26:29:57, 106.47s/it]Training MLP on cuda:  10%|█         | 105/1000 [3:07:53<26:27:34, 106.43s/it]Training MLP on cuda:  11%|█         | 106/1000 [3:09:39<26:24:47, 106.36s/it]Training MLP on cuda:  11%|█         | 107/1000 [3:11:25<26:22:55, 106.36s/it]Training MLP on cuda:  11%|█         | 108/1000 [3:13:12<26:22:12, 106.43s/it]Training MLP on cuda:  11%|█         | 109/1000 [3:14:58<26:20:19, 106.42s/it]Training MLP on cuda:  11%|█         | 110/1000 [3:16:45<26:17:25, 106.34s/it]Training MLP on cuda:  11%|█         | 111/1000 [3:18:31<26:16:43, 106.42s/it]Training MLP on cuda:  11%|█         | 112/1000 [3:20:19<26:21:10, 106.84s/it]Training MLP on cuda:  11%|█▏        | 113/1000 [3:22:07<26:23:15, 107.10s/it]Training MLP on cuda:  11%|█▏        | 114/1000 [3:23:53<26:17:29, 106.83s/it]Training MLP on cuda:  12%|█▏        | 115/1000 [3:25:39<26:13:12, 106.66s/it]Training MLP on cuda:  12%|█▏        | 116/1000 [3:27:26<26:10:25, 106.59s/it]Training MLP on cuda:  12%|█▏        | 117/1000 [3:29:12<26:06:59, 106.48s/it]Training MLP on cuda:  12%|█▏        | 118/1000 [3:30:58<26:03:58, 106.39s/it]Training MLP on cuda:  12%|█▏        | 119/1000 [3:32:44<26:01:47, 106.37s/it]Training MLP on cuda:  12%|█▏        | 120/1000 [3:34:31<26:00:03, 106.37s/it]Training MLP on cuda:  12%|█▏        | 121/1000 [3:36:17<25:58:06, 106.36s/it]Training MLP on cuda:  12%|█▏        | 122/1000 [3:38:03<25:55:31, 106.30s/it]Training MLP on cuda:  12%|█▏        | 123/1000 [3:39:49<25:53:21, 106.27s/it]Training MLP on cuda:  12%|█▏        | 124/1000 [3:41:36<25:52:49, 106.36s/it]Training MLP on cuda:  12%|█▎        | 125/1000 [3:43:22<25:50:43, 106.33s/it]Training MLP on cuda:  13%|█▎        | 126/1000 [3:45:08<25:48:17, 106.29s/it]Training MLP on cuda:  13%|█▎        | 127/1000 [3:46:55<25:46:33, 106.29s/it]Training MLP on cuda:  13%|█▎        | 128/1000 [3:48:41<25:45:45, 106.36s/it]Training MLP on cuda:  13%|█▎        | 129/1000 [3:50:27<25:43:46, 106.35s/it]Training MLP on cuda:  13%|█▎        | 130/1000 [3:52:14<25:41:22, 106.30s/it]Training MLP on cuda:  13%|█▎        | 131/1000 [3:54:00<25:40:40, 106.38s/it]Training MLP on cuda:  13%|█▎        | 132/1000 [3:55:47<25:39:28, 106.42s/it]Training MLP on cuda:  13%|█▎        | 133/1000 [3:57:33<25:37:19, 106.39s/it]Training MLP on cuda:  13%|█▎        | 134/1000 [3:59:19<25:34:49, 106.34s/it]Training MLP on cuda:  14%|█▎        | 135/1000 [4:01:06<25:33:38, 106.38s/it]Training MLP on cuda:  14%|█▎        | 136/1000 [4:02:54<25:38:31, 106.84s/it]Training MLP on cuda:  14%|█▎        | 137/1000 [4:04:43<25:45:24, 107.44s/it]Training MLP on cuda:  14%|█▎        | 137/1000 [4:06:32<25:53:00, 107.97s/it]
Computing expactation over sampled graphs:   0%|          | 0/16 [00:00<?, ?it/s]Computing expactation over sampled graphs:   6%|▋         | 1/16 [35:21<8:50:24, 2121.61s/it]Computing expactation over sampled graphs:  12%|█▎        | 2/16 [1:12:12<8:27:15, 2173.99s/it]Computing expactation over sampled graphs:  19%|█▉        | 3/16 [1:48:04<7:48:49, 2163.8