[I 2025-05-13 17:12:36,499] Trial 99 finished with value: 0.5614993391866551 and parameters: {'interp_param': 0.9650464612757772}. Best is trial 91 with value: 0.5618838677117906.
Best hyperparameters: {'interp_param': 0.9960586167152496}
Best optimized value: 0.5618838677117906
Tuning threshold scale factor for offline LSET using optuna
  0%|          | 0/100 [00:00<?, ?it/s]                                         0%|          | 0/100 [00:14<?, ?it/s]Best trial: 0. Best value: 0.561971:   0%|          | 0/100 [00:14<?, ?it/s]Best trial: 0. Best value: 0.561971:   1%|          | 1/100 [00:14<24:03, 14.58s/it]                                                                                    Best trial: 0. Best value: 0.561971:   1%|          | 1/100 [00:29<24:03, 14.58s/it]Best trial: 0. Best value: 0.561971:   1%|          | 1/100 [00:29<24:03, 14.58s/it]Best trial: 0. Best value: 0.561971:   2%|▏         | 2/100 [00:29<23:47, 14.56s/it]                                                                                    Best trial: 0. Best value: 0.561971:   2%|▏         | 2/100 [00:43<23:47, 14.56s/it]Best trial: 0. Best value: 0.561971:   2%|▏         | 2/100 [00:43<23:47, 14.56s/it]Best trial: 0. Best value: 0.561971:   3%|▎         | 3/100 [00:43<23:29, 14.53s/it]                                                                                    Best trial: 0. Best value: 0.561971:   3%|▎         | 3/100 [00:58<23:29, 14.53s/it]Best trial: 3. Best value: 0.562509:   3%|▎         | 3/100 [00:58<23:29, 14.53s/it]Best trial: 3. Best value: 0.562509:   4%|▍         | 4/100 [00:58<23:13, 14.52s/it]                                                                                    Best trial: 3. Best value: 0.562509:   4%|▍         | 4/100 [01:12<23:13, 14.52s/it]Best trial: 3. Best value: 0.562509:   4%|▍         | 4/100 [01:12<23:13, 14.52s/it]Best trial: 3. Best value: 0.562509:   5%|▌         | 5/100 [01:12<22:59, 14.52s/it]                                                                                    Best trial: 3. Best value: 0.562509:   5%|▌         | 5/100 [01:27<22:59, 14.52s/it]Best trial: 3. Best value: 0.562509:   5%|▌         | 5/100 [01:27<22:59, 14.52s/it]Best trial: 3. Best value: 0.562509:   6%|▌         | 6/100 [01:27<22:43, 14.50s/it]                                                                                    Best trial: 3. Best value: 0.562509:   6%|▌         | 6/100 [01:41<22:43, 14.50s/it]Best trial: 3. Best value: 0.562509:   6%|▌         | 6/100 [01:41<22:43, 14.50s/it]Best trial: 3. Best value: 0.562509:   7%|▋         | 7/100 [01:41<22:27, 14.49s/it]                                                                                    Best trial: 3. Best value: 0.562509:   7%|▋         | 7/100 [01:56<22:27, 14.49s/it]Best trial: 3. Best value: 0.562509:   7%|▋         | 7/100 [01:56<22:27, 14.49s/it]Best trial: 3. Best value: 0.562509:   8%|▊         | 8/100 [01:56<22:14, 14.51s/it]                                                                                    Best trial: 3. Best value: 0.562509:   8%|▊         | 8/100 [02:10<22:14, 14.51s/it]Best trial: 3. Best value: 0.562509:   8%|▊         | 8/100 [02:10<22:14, 14.51s/it]Best trial: 3. Best value: 0.562509:   9%|▉         | 9/100 [02:10<22:00, 14.51s/it]                                                                                    Best trial: 3. Best value: 0.562509:   9%|▉         | 9/100 [02:25<22:00, 14.51s/it]Best trial: 3. Best value: 0.562509:   9%|▉         | 9/100 [02:25<22:00, 14.51s/it]Best trial: 3. Best value: 0.562509:  10%|█         | 10/100 [02:25<21:50, 14.56s/it]                                                                                     Best trial: 3. Best value: 0.562509:  10%|█         | 10/100 [02:39<21:50, 14.56s/it]Best trial: 10. Best value: 0.562522:  10%|█         | 10/100 [02:39<21:50, 14.56s/it]Best trial: 10. Best value: 0.562522:  11%|█         | 11/100 [02:39<21:34, 14.55s/it]                                                                                      Best trial: 10. Best value: 0.562522:  11%|█         | 11/100 [02:54<21:34, 14.55s/it]Best trial: 11. Best value: 0.562523:  11%|█         | 11/100 [02:54<21:34, 14.55s/it]Best trial: 11. Best value: 0.562523:  12%|█▏        | 12/100 [02:54<21:19, 14.54s/it]                                                                                      Best trial: 11. Best value: 0.562523:  12%|█▏        | 12/100 [03:08<21:19, 14.54s/it]Best trial: 11. Best value: 0.562523:  12%|█▏        | 12/100 [03:08<21:19, 14.54s/it]Best trial: 11. Best value: 0.562523:  13%|█▎        | 13/100 [03:08<21:04, 14.53s/it]                                                                                      Best trial: 11. Best value: 0.562523:  13%|█▎        | 13/100 [03:23<21:04, 14.53s/it]Best trial: 11. Best value: 0.562523:  13%|█▎        | 13/100 [03:23<21:04, 14.53s/it]Best trial: 11. Best value: 0.562523:  14%|█▍        | 14/100 [03:23<20:49, 14.53s/it]                                                                                      Best trial: 11. Best value: 0.562523:  14%|█▍        | 14/100 [03:37<20:49, 14.53s/it]Best trial: 11. Best value: 0.562523:  14%|█▍        | 14/100 [03:37<20:49, 14.53s/it]Best trial: 11. Best value: 0.562523:  15%|█▌        | 15/100 [03:37<20:35, 14.53s/it]                                                                                      Best trial: 11. Best value: 0.562523:  15%|█▌        | 15/100 [03:52<20:35, 14.53s/it]Best trial: 11. Best value: 0.562523:  15%|█▌        | 15/100 [03:52<20:35, 14.53s/it]Best trial: 11. Best value: 0.562523:  16%|█▌        | 16/100 [03:52<20:20, 14.53s/it]                                                                                      Best trial: 11. Best value: 0.562523:  16%|█▌        | 16/100 [04:06<20:20, 14.53s/it]Best trial: 11. Best value: 0.562523:  16%|█▌        | 16/100 [04:06<20:20, 14.53s/it]Best trial: 11. Best value: 0.562523:  17%|█▋        | 17/100 [04:06<20:05, 14.53s/it]                                                                                      Best trial: 11. Best value: 0.562523:  17%|█▋        | 17/100 [04:21<20:05, 14.53s/it]Best trial: 11. Best value: 0.562523:  17%|█▋        | 17/100 [04:21<20:05, 14.53s/it]Best trial: 11. Best value: 0.562523:  18%|█▊        | 18/100 [04:21<19:51, 14.54s/it]                                                                                      Best trial: 11. Best value: 0.562523:  18%|█▊        | 18/100 [04:36<19:51, 14.54s/it]Best trial: 11. Best value: 0.562523:  18%|█▊        | 18/100 [04:36<19:51, 14.54s/it]Best trial: 11. Best value: 0.562523:  19%|█▉        | 19/100 [04:36<19:37, 14.53s/it]                                                                                      Best trial: 11. Best value: 0.562523:  19%|█▉        | 19/100 [04:50<19:37, 14.53s/it]Best trial: 11. Best value: 0.562523:  19%|█▉        | 19/100 [04:50<19:37, 14.53s/it]Best trial: 11. Best value: 0.562523:  20%|██        | 20/100 [04:50<19:21, 14.52s/it]                                                                                      Best trial: 11. Best value: 0.562523:  20%|██        | 20/100 [05:05<19:21, 14.52s/it]Best trial: 11. Best value: 0.562523:  20%|██        | 20/100 [05:05<19:21, 14.52s/it]Best trial: 11. Best value: 0.562523:  21%|██        | 21/100 [05:05<19:07, 14.53s/it]                                                                                      Best trial: 11. Best value: 0.562523:  21%|██        | 21/100 [05:19<19:07, 14.53s/it]Best trial: 11. Best value: 0.562523:  21%|██        | 21/100 [05:19<19:07, 14.53s/it]Best trial: 11. Best value: 0.562523:  22%|██▏       | 22/100 [05:19<18:53, 14.53s/it]                                                                                      Best trial: 11. Best value: 0.562523:  22%|██▏       | 22/100 [05:34<18:53, 14.53s/it]Best trial: 22. Best value: 0.562526:  22%|██▏       | 22/100 [05:34<18:53, 14.53s/it]Best trial: 22. Best value: 0.562526:  23%|██▎       | 23/100 [05:34<18:39, 14.54s/it]                                                                                      Best trial: 22. Best value: 0.562526:  23%|██▎       | 23/100 [05:48<18:39, 14.54s/it]Best trial: 22. Best value: 0.562526:  23%|██▎       | 23/100 [05:48<18:39, 14.54s/it]Best trial: 22. Best value: 0.562526:  24%|██▍       | 24/100 [05:48<18:24, 14.54s/it]                                                                                      Best trial: 22. Best value: 0.562526:  24%|██▍       | 24/100 [06:03<18:24, 14.54s/it]Best trial: 22. Best value: 0.562526:  24%|██▍       | 24/100 [06:03<18:24, 14.54s/it]Best trial: 22. Best value: 0.562526:  25%|██▌       | 25/100 [06:03<18:10, 14.55s/it]                                                                                      Best trial: 22. Best value: 0.562526:  25%|██▌       | 25/100 [06:17<18:10, 14.55s/it]Best trial: 22. Best value: 0.562526:  25%|██▌       | 25/100 [06:17<18:10, 14.55s/it]Best trial: 22. Best value: 0.562526:  26%|██▌       | 26/100 [06:17<17:56, 14.54s/it]                                                                                      Best trial: 22. Best value: 0.562526:  26%|██▌       | 26/100 [06:32<17:56, 14.54s/it]Best trial: 22. Best value: 0.562526:  26%|██▌       | 26/100 [06:32<17:56, 14.54s/it]Best trial: 22. Best value: 0.562526:  27%|██▋       | 27/100 [06:32<17:45, 14.60s/it]                                                                                      Best trial: 22. Best value: 0.562526:  27%|██▋       | 27/100 [06:47<17:45, 14.60s/it]Best trial: 22. Best value: 0.562526:  27%|██▋       | 27/100 [06:47<17:45, 14.60s/it]Best trial: 22. Best value: 0.562526:  28%|██▊       | 28/100 [06:47<17:30, 14.59s/it]                                                                                      Best trial: 22. Best value: 0.562526:  28%|██▊       | 28/100 [07:01<17:30, 14.59s/it]Best trial: 22. Best value: 0.562526:  28%|██▊       | 28/100 [07:01<17:30, 14.59s/it]Best trial: 22. Best value: 0.562526:  29%|██▉       | 29/100 [07:01<17:14, 14.57s/it]                                                                                      Best trial: 22. Best value: 0.562526:  29%|██▉       | 29/100 [07:16<17:14, 14.57s/it]Best trial: 22. Best value: 0.562526:  29%|██▉       | 29/100 [07:16<17:14, 14.57s/it]Best trial: 22. Best value: 0.562526:  30%|███       | 30/100 [07:16<16:59, 14.56s/it]                                                                                      Best trial: 22. Best value: 0.562526:  30%|███       | 30/100 [07:30<16:59, 14.56s/it]Best trial: 22. Best value: 0.562526:  30%|███       | 30/100 [07:30<16:59, 14.56s/it]Best trial: 22. Best value: 0.562526:  31%|███       | 31/100 [07:30<16:43, 14.54s/it]                                                                                      Best trial: 22. Best value: 0.562526:  31%|███       | 31/100 [07:45<16:43, 14.54s/it]Best trial: 22. Best value: 0.562526:  31%|███       | 31/100 [07:45<16:43, 14.54s/it]Best trial: 22. Best value: 0.562526:  32%|███▏      | 32/100 [07:45<16:28, 14.54s/it]                                                                                      Best trial: 22. Best value: 0.562526:  32%|███▏      | 32/100 [07:59<16:28, 14.54s/it]Best trial: 22. Best value: 0.562526:  32%|███▏      | 32/100 [07:59<16:28, 14.54s/it]Best trial: 22. Best value: 0.562526:  33%|███▎      | 33/100 [07:59<16:12, 14.52s/it]                                                                                      Best trial: 22. Best value: 0.562526:  33%|███▎      | 33/100 [08:14<16:12, 14.52s/it]Best trial: 22. Best value: 0.562526:  33%|███▎      | 33/100 [08:14<16:12, 14.52s/it]Best trial: 22. Best value: 0.562526:  34%|███▍      | 34/100 [08:14<15:59, 14.53s/it]                                                                                      Best trial: 22. Best value: 0.562526:  34%|███▍      | 34/100 [08:28<15:59, 14.53s/it]Best trial: 22. Best value: 0.562526:  34%|███▍      | 34/100 [08:28<15:59, 14.53s/it]Best trial: 22. Best value: 0.562526:  35%|███▌      | 35/100 [08:28<15:44, 14.53s/it]                                                                                      Best trial: 22. Best value: 0.562526:  35%|███▌      | 35/100 [08:43<15:44, 14.53s/it]Best trial: 22. Best value: 0.562526:  35%|███▌      | 35/100 [08:43<15:44, 14.53s/it]Best trial: 22. Best value: 0.562526:  36%|███▌      | 36/100 [08:43<15:29, 14.52s/it]                                                                                      Best trial: 22. Best value: 0.562526:  36%|███▌      | 36/100 [08:57<15:29, 14.52s/it]Best trial: 36. Best value: 0.562527:  36%|███▌      | 36/100 [08:57<15:29, 14.52s/it]Best trial: 36. Best value: 0.562527:  37%|███▋      | 37/100 [08:57<15:15, 14.53s/it]                                                                                      Best trial: 36. Best value: 0.562527:  37%|███▋      | 37/100 [09:12<15:15, 14.53s/it]Best trial: 36. Best value: 0.562527:  37%|███▋      | 37/100 [09:12<15:15, 14.53s/it]Best trial: 36. Best value: 0.562527:  38%|███▊      | 38/100 [09:12<15:00, 14.53s/it]                                                                                      Best trial: 36. Best value: 0.562527:  38%|███▊      | 38/100 [09:26<15:00, 14.53s/it]Best trial: 36. Best value: 0.562527:  38%|███▊      | 38/100 [09:26<15:00, 14.53s/it]Best trial: 36. Best value: 0.562527:  39%|███▉      | 39/100 [09:26<14:46, 14.53s/it]                                                                                      Best trial: 36. Best value: 0.562527:  39%|███▉      | 39/100 [09:41<14:46, 14.53s/it]Best trial: 39. Best value: 0.562527:  39%|███▉      | 39/100 [09:41<14:46, 14.53s/it]Best trial: 39. Best value: 0.562527:  40%|████      | 40/100 [09:41<14:32, 14.54s/it]                                                                                      Best trial: 39. Best value: 0.562527:  40%|████      | 40/100 [09:56<14:32, 14.54s/it]Best trial: 39. Best value: 0.562527:  40%|████      | 40/100 [09:56<14:32, 14.54s/it]Best trial: 39. Best value: 0.562527:  41%|████      | 41/100 [09:56<14:18, 14.54s/it]                                                                                      Best trial: 39. Best value: 0.562527:  41%|████      | 41/100 [10:10<14:18, 14.54s/it]Best trial: 41. Best value: 0.562528:  41%|████      | 41/100 [10:10<14:18, 14.54s/it]Best trial: 41. Best value: 0.562528:  42%|████▏     | 42/100 [10:10<14:03, 14.54s/it]                                                                                      Best trial: 41. Best value: 0.562528:  42%|████▏     | 42/100 [10:25<14:03, 14.54s/it]Best trial: 42. Best value: 0.562528:  42%|████▏     | 42/100 [10:25<14:03, 14.54s/it]Best trial: 42. Best value: 0.562528:  43%|████▎     | 43/100 [10:25<13:51, 14.59s/it]                                                                                      Best trial: 42. Best value: 0.562528:  43%|████▎     | 43/100 [10:39<13:51, 14.59s/it]Best trial: 42. Best value: 0.562528:  43%|████▎     | 43/100 [10:39<13:51, 14.59s/it]Best trial: 42. Best value: 0.562528:  44%|████▍     | 44/100 [10:39<13:36, 14.58s/it]                                                                                      Best trial: 42. Best value: 0.562528:  44%|████▍     | 44/100 [10:54<13:36, 14.58s/it]Best trial: 42. Best value: 0.562528:  44%|████▍     | 44/100 [10:54<13:36, 14.58s/it]Best trial: 42. Best value: 0.562528:  45%|████▌     | 45/100 [10:54<13:21, 14.57s/it]                                                                                      Best trial: 42. Best value: 0.562528:  45%|████▌     | 45/100 [11:08<13:21, 14.57s/it]Best trial: 42. Best value: 0.562528:  45%|████▌     | 45/100 [11:08<13:21, 14.57s/it]Best trial: 42. Best value: 0.562528:  46%|████▌     | 46/100 [11:08<13:06, 14.57s/it]                                                                                      Best trial: 42. Best value: 0.562528:  46%|████▌     | 46/100 [11:23<13:06, 14.57s/it]Best trial: 46. Best value: 0.562528:  46%|████▌     | 46/100 [11:23<13:06, 14.57s/it]Best trial: 46. Best value: 0.562528:  47%|████▋     | 47/100 [11:23<12:51, 14.56s/it]                                                                                      Best trial: 46. Best value: 0.562528:  47%|████▋     | 47/100 [11:37<12:51, 14.56s/it]Best trial: 46. Best value: 0.562528:  47%|████▋     | 47/100 [11:37<12:51, 14.56s/it]Best trial: 46. Best value: 0.562528:  48%|████▊     | 48/100 [11:37<12:36, 14.55s/it]                                                                                      Best trial: 46. Best value: 0.562528:  48%|████▊     | 48/100 [11:52<12:36, 14.55s/it]Best trial: 46. Best value: 0.562528:  48%|████▊     | 48/100 [11:52<12:36, 14.55s/it]Best trial: 46. Best value: 0.562528:  49%|████▉     | 49/100 [11:52<12:21, 14.53s/it]                                                                                      Best trial: 46. Best value: 0.562528:  49%|████▉     | 49/100 [12:06<12:21, 14.53s/it]Best trial: 46. Best value: 0.562528:  49%|████▉     | 49/100 [12:06<12:21, 14.53s/it]Best trial: 46. Best value: 0.562528:  50%|█████     | 50/100 [12:06<12:05, 14.52s/it]                                                                                      Best trial: 46. Best value: 0.562528:  50%|█████     | 50/100 [12:21<12:05, 14.52s/it]Best trial: 46. Best value: 0.562528:  50%|█████     | 50/100 [12:21<12:05, 14.52s/it]Best trial: 46. Best value: 0.562528:  51%|█████     | 51/100 [12:21<11:51, 14.53s/it]                                                                                      Best trial: 46. Best value: 0.562528:  51%|█████     | 51/100 [12:36<11:51, 14.53s/it]Best trial: 46. Best value: 0.562528:  51%|█████     | 51/100 [12:36<11:51, 14.53s/it]Best trial: 46. Best value: 0.562528:  52%|█████▏    | 52/100 [12:36<11:36, 14.51s/it]                                                                                      Best trial: 46. Best value: 0.562528:  52%|█████▏    | 52/100 [12:50<11:36, 14.51s/it]Best trial: 52. Best value: 0.562529:  52%|█████▏    | 52/100 [12:50<11:36, 14.51s/it]Best trial: 52. Best value: 0.562529:  53%|█████▎    | 53/100 [12:50<11:22, 14.52s/it]                                                                                      Best trial: 52. Best value: 0.562529:  53%|█████▎    | 53/100 [13:05<11:22, 14.52s/it]Best trial: 52. Best value: 0.562529:  53%|█████▎    | 53/100 [13:05<11:22, 14.52s/it]Best trial: 52. Best value: 0.562529:  54%|█████▍    | 54/100 [13:05<11:08, 14.53s/it]                                                                                      Best trial: 52. Best value: 0.562529:  54%|█████▍    | 54/100 [13:19<11:08, 14.53s/it]Best trial: 52. Best value: 0.562529:  54%|█████▍    | 54/100 [13:19<11:08, 14.53s/it]Best trial: 52. Best value: 0.562529:  55%|█████▌    | 55/100 [13:19<10:53, 14.53s/it]                                                                                      Best trial: 52. Best value: 0.562529:  55%|█████▌    | 55/100 [13:34<10:53, 14.53s/it]Best trial: 52. Best value: 0.562529:  55%|█████▌    | 55/100 [13:34<10:53, 14.53s/it]Best trial: 52. Best value: 0.562529:  56%|█████▌    | 56/100 [13:34<10:39, 14.53s/it]                                                                                      Best trial: 52. Best value: 0.562529:  56%|█████▌    | 56/100 [13:48<10:39, 14.53s/it]Best trial: 52. Best value: 0.562529:  56%|█████▌    | 56/100 [13:48<10:39, 14.53s/it]Best trial: 52. Best value: 0.562529:  57%|█████▋    | 57/100 [13:48<10:24, 14.53s/it]                                                                                      Best trial: 52. Best value: 0.562529:  57%|█████▋    | 57/100 [14:03<10:24, 14.53s/it]Best trial: 52. Best value: 0.562529:  57%|█████▋    | 57/100 [14:03<10:24, 14.53s/it]Best trial: 52. Best value: 0.562529:  58%|█████▊    | 58/100 [14:03<10:09, 14.52s/it]                                                                                      Best trial: 52. Best value: 0.562529:  58%|█████▊    | 58/100 [14:17<10:09, 14.52s/it]Best trial: 52. Best value: 0.562529:  58%|█████▊    | 58/100 [14:17<10:09, 14.52s/it]Best trial: 52. Best value: 0.562529:  59%|█████▉    | 59/100 [14:17<09:54, 14.50s/it]                                                                                      Best trial: 52. Best value: 0.562529:  59%|█████▉    | 59/100 [14:32<09:54, 14.50s/it]Best trial: 52. Best value: 0.562529:  59%|█████▉    | 59/100 [14:32<09:54, 14.50s/it]Best trial: 52. Best value: 0.562529:  60%|██████    | 60/100 [14:32<09:42, 14.57s/it]                                                                                      Best trial: 52. Best value: 0.562529:  60%|██████    | 60/100 [14:46<09:42, 14.57s/it]Best trial: 52. Best value: 0.562529:  60%|██████    | 60/100 [14:46<09:42, 14.57s/it]Best trial: 52. Best value: 0.562529:  61%|██████    | 61/100 [14:46<09:28, 14.57s/it]                                                                                      Best trial: 52. Best value: 0.562529:  61%|██████    | 61/100 [15:01<09:28, 14.57s/it]Best trial: 52. Best value: 0.562529:  61%|██████    | 61/100 [15:01<09:28, 14.57s/it]Best trial: 52. Best value: 0.562529:  62%|██████▏   | 62/100 [15:01<09:13, 14.56s/it]                                                                                      Best trial: 52. Best value: 0.562529:  62%|██████▏   | 62/100 [15:15<09: