[I 2025-05-13 16:42:58,533] Trial 0 finished with value: 0.5536986564351231 and parameters: {'interp_param': 0.691856742466136}. Best is trial 0 with value: 0.5536986564351231.
[I 2025-05-13 16:43:16,432] Trial 1 finished with value: 0.5552956284003798 and parameters: {'interp_param': 0.9086641004676335}. Best is trial 1 with value: 0.5552956284003798.
[I 2025-05-13 16:43:34,349] Trial 2 finished with value: 0.5536589736129746 and parameters: {'interp_param': 0.6850219741802438}. Best is trial 1 with value: 0.5552956284003798.
[I 2025-05-13 16:43:52,141] Trial 3 finished with value: 0.55182368024857 and parameters: {'interp_param': 0.17407763952837652}. Best is trial 1 with value: 0.5552956284003798.
[I 2025-05-13 16:44:10,022] Trial 4 finished with value: 0.55304928509443 and parameters: {'interp_param': 0.5648590975485162}. Best is trial 1 with value: 0.5552956284003798.
[I 2025-05-13 16:44:28,081] Trial 5 finished with value: 0.5518666580043783 and parameters: {'interp_param': 0.19081719827378796}. Best is trial 1 with value: 0.5552956284003798.
[I 2025-05-13 16:44:45,941] Trial 6 finished with value: 0.554365528109283 and parameters: {'interp_param': 0.7972386755614469}. Best is trial 1 with value: 0.5552956284003798.
[I 2025-05-13 16:45:03,886] Trial 7 finished with value: 0.5520511235709971 and parameters: {'interp_param': 0.2613414853077678}. Best is trial 1 with value: 0.5552956284003798.
[I 2025-05-13 16:45:21,812] Trial 8 finished with value: 0.5542795344333812 and parameters: {'interp_param': 0.7845173238570101}. Best is trial 1 with value: 0.5552956284003798.
[I 2025-05-13 16:45:39,717] Trial 9 finished with value: 0.5536730017497195 and parameters: {'interp_param': 0.687423447386711}. Best is trial 1 with value: 0.5552956284003798.
[I 2025-05-13 16:45:57,596] Trial 10 finished with value: 0.5562503737808848 and parameters: {'interp_param': 0.9840185500473942}. Best is trial 10 with value: 0.5562503737808848.
[I 2025-05-13 16:46:15,440] Trial 11 finished with value: 0.5560808580687178 and parameters: {'interp_param': 0.9705567684964018}. Best is trial 10 with value: 0.5562503737808848.
[I 2025-05-13 16:46:33,435] Trial 12 finished with value: 0.5559864218000925 and parameters: {'interp_param': 0.9643975859713763}. Best is trial 10 with value: 0.5562503737808848.
[I 2025-05-13 16:46:51,330] Trial 13 finished with value: 0.5523897075693023 and parameters: {'interp_param': 0.3824846761889249}. Best is trial 10 with value: 0.5562503737808848.
[I 2025-05-13 16:47:09,199] Trial 14 finished with value: 0.5562720177011982 and parameters: {'interp_param': 0.9941761449345219}. Best is trial 14 with value: 0.5562720177011982.
[I 2025-05-13 16:47:27,109] Trial 15 finished with value: 0.5527438902149094 and parameters: {'interp_param': 0.4906036470943016}. Best is trial 14 with value: 0.5562720177011982.
[I 2025-05-13 16:47:45,000] Trial 16 finished with value: 0.5547464169667867 and parameters: {'interp_param': 0.8487668636008077}. Best is trial 14 with value: 0.5562720177011982.
[I 2025-05-13 16:48:02,923] Trial 17 finished with value: 0.5514817094210234 and parameters: {'interp_param': 0.041393835779708454}. Best is trial 14 with value: 0.5562720177011982.
[I 2025-05-13 16:48:20,774] Trial 18 finished with value: 0.5562156186709978 and parameters: {'interp_param': 0.9804183566428188}. Best is trial 14 with value: 0.5562720177011982.
[I 2025-05-13 16:48:38,773] Trial 19 finished with value: 0.553181616740814 and parameters: {'interp_param': 0.5931238719861165}. Best is trial 14 with value: 0.5562720177011982.
[I 2025-05-13 16:48:56,676] Trial 20 finished with value: 0.5547395418716505 and parameters: {'interp_param': 0.8479139146586159}. Best is trial 14 with value: 0.5562720177011982.
[I 2025-05-13 16:49:14,508] Trial 21 finished with value: 0.5561536692480914 and parameters: {'interp_param': 0.9755310129559317}. Best is trial 14 with value: 0.5562720177011982.
[I 2025-05-13 16:49:32,381] Trial 22 finished with value: 0.5562752445919544 and parameters: {'interp_param': 0.9920229564979055}. Best is trial 22 with value: 0.5562752445919544.
[I 2025-05-13 16:49:50,273] Trial 23 finished with value: 0.5552877675619267 and parameters: {'interp_param': 0.9079262548374358}. Best is trial 22 with value: 0.5562752445919544.
[I 2025-05-13 16:50:08,043] Trial 24 finished with value: 0.5541820666148812 and parameters: {'interp_param': 0.7699492543027673}. Best is trial 22 with value: 0.5562752445919544.
[I 2025-05-13 16:50:25,924] Trial 25 finished with value: 0.5550249401721472 and parameters: {'interp_param': 0.8811107877933386}. Best is trial 22 with value: 0.5562752445919544.
[I 2025-05-13 16:50:43,825] Trial 26 finished with value: 0.5562722622539211 and parameters: {'interp_param': 0.9940867221876396}. Best is trial 22 with value: 0.5562752445919544.
[I 2025-05-13 16:51:01,676] Trial 27 finished with value: 0.5540900354494739 and parameters: {'interp_param': 0.7556836579074065}. Best is trial 22 with value: 0.5562752445919544.
[I 2025-05-13 16:51:19,589] Trial 28 finished with value: 0.5552066297891706 and parameters: {'interp_param': 0.9001428381688383}. Best is trial 22 with value: 0.5562752445919544.
[I 2025-05-13 16:51:37,459] Trial 29 finished with value: 0.5524323820194745 and parameters: {'interp_param': 0.39678681542048677}. Best is trial 22 with value: 0.5562752445919544.
[I 2025-05-13 16:51:55,357] Trial 30 finished with value: 0.5533629375201061 and parameters: {'interp_param': 0.6297490535346615}. Best is trial 22 with value: 0.5562752445919544.
[I 2025-05-13 16:52:13,227] Trial 31 finished with value: 0.5562706661331199 and parameters: {'interp_param': 0.9945137312005139}. Best is trial 22 with value: 0.5562752445919544.
[I 2025-05-13 16:52:31,076] Trial 32 finished with value: 0.556010554684619 and parameters: {'interp_param': 0.9991992473254704}. Best is trial 22 with value: 0.5562752445919544.
[I 2025-05-13 16:52:48,950] Trial 33 finished with value: 0.5546715120244177 and parameters: {'interp_param': 0.8392470433459727}. Best is trial 22 with value: 0.5562752445919544.
[I 2025-05-13 16:53:06,961] Trial 34 finished with value: 0.5554270892984645 and parameters: {'interp_param': 0.9203174231233853}. Best is trial 22 with value: 0.5562752445919544.
[I 2025-05-13 16:53:24,826] Trial 35 finished with value: 0.5538566605936492 and parameters: {'interp_param': 0.7186284175377344}. Best is trial 22 with value: 0.5562752445919544.
[I 2025-05-13 16:53:42,657] Trial 36 finished with value: 0.5553141938187041 and parameters: {'interp_param': 0.9102706311694573}. Best is trial 22 with value: 0.5562752445919544.
[I 2025-05-13 16:54:00,537] Trial 37 finished with value: 0.5545197479776225 and parameters: {'interp_param': 0.8188065820477052}. Best is trial 22 with value: 0.5562752445919544.
[I 2025-05-13 16:54:18,375] Trial 38 finished with value: 0.5556290170342647 and parameters: {'interp_param': 0.9374416042067693}. Best is trial 22 with value: 0.5562752445919544.
[I 2025-05-13 16:54:36,256] Trial 39 finished with value: 0.5539179454056132 and parameters: {'interp_param': 0.7286548544301478}. Best is trial 22 with value: 0.5562752445919544.
[I 2025-05-13 16:54:54,091] Trial 40 finished with value: 0.5549067569302231 and parameters: {'interp_param': 0.8680904400915996}. Best is trial 22 with value: 0.5562752445919544.
[I 2025-05-13 16:55:11,885] Trial 41 finished with value: 0.5556081652739526 and parameters: {'interp_param': 0.9356637031076561}. Best is trial 22 with value: 0.5562752445919544.
[I 2025-05-13 16:55:29,739] Trial 42 finished with value: 0.5561447789782579 and parameters: {'interp_param': 0.998273747908626}. Best is trial 22 with value: 0.5562752445919544.
[I 2025-05-13 16:55:47,545] Trial 43 finished with value: 0.5556592315985218 and parameters: {'interp_param': 0.9400609174863531}. Best is trial 22 with value: 0.5562752445919544.
[I 2025-05-13 16:56:05,429] Trial 44 finished with value: 0.5559868707326068 and parameters: {'interp_param': 0.9992961764089076}. Best is trial 22 with value: 0.5562752445919544.
[I 2025-05-13 16:56:23,245] Trial 45 finished with value: 0.5549386936578553 and parameters: {'interp_param': 0.8716337776501049}. Best is trial 22 with value: 0.5562752445919544.
[I 2025-05-13 16:56:41,050] Trial 46 finished with value: 0.5556639044637462 and parameters: {'interp_param': 0.940426072911964}. Best is trial 22 with value: 0.5562752445919544.
[I 2025-05-13 16:56:58,893] Trial 47 finished with value: 0.5545596085649946 and parameters: {'interp_param': 0.8243232862333201}. Best is trial 22 with value: 0.5562752445919544.
[I 2025-05-13 16:57:16,701] Trial 48 finished with value: 0.5543389228318778 and parameters: {'interp_param': 0.79333872052414}. Best is trial 22 with value: 0.5562752445919544.
[I 2025-05-13 16:57:34,667] Trial 49 finished with value: 0.5514532278166169 and parameters: {'interp_param': 0.030245104953741553}. Best is trial 22 with value: 0.5562752445919544.
[I 2025-05-13 16:57:52,501] Trial 50 finished with value: 0.5519913585512637 and parameters: {'interp_param': 0.238537669931713}. Best is trial 22 with value: 0.5562752445919544.
[I 2025-05-13 16:58:10,335] Trial 51 finished with value: 0.5559611467488956 and parameters: {'interp_param': 0.9626961701583414}. Best is trial 22 with value: 0.5562752445919544.
[I 2025-05-13 16:58:28,178] Trial 52 finished with value: 0.5560211523040589 and parameters: {'interp_param': 0.9667329964860979}. Best is trial 22 with value: 0.5562752445919544.
[I 2025-05-13 16:58:46,019] Trial 53 finished with value: 0.5551488668879316 and parameters: {'interp_param': 0.8943308096953149}. Best is trial 22 with value: 0.5562752445919544.
[I 2025-05-13 16:59:03,873] Trial 54 finished with value: 0.5559329252642233 and parameters: {'interp_param': 0.96077672832973}. Best is trial 22 with value: 0.5562752445919544.
[I 2025-05-13 16:59:21,774] Trial 55 finished with value: 0.5526700784784502 and parameters: {'interp_param': 0.4703787272854495}. Best is trial 22 with value: 0.5562752445919544.
[I 2025-05-13 16:59:39,587] Trial 56 finished with value: 0.5562606003028662 and parameters: {'interp_param': 0.9956406888614447}. Best is trial 22 with value: 0.5562752445919544.
[I 2025-05-13 16:59:57,425] Trial 57 finished with value: 0.5549538554245228 and parameters: {'interp_param': 0.8733364492260804}. Best is trial 22 with value: 0.5562752445919544.
[I 2025-05-13 17:00:15,234] Trial 58 finished with value: 0.5534656057246428 and parameters: {'interp_param': 0.6495123833998214}. Best is trial 22 with value: 0.5562752445919544.
[I 2025-05-13 17:00:33,036] Trial 59 finished with value: 0.5555029119412471 and parameters: {'interp_param': 0.926941460179156}. Best is trial 22 with value: 0.5562752445919544.
[I 2025-05-13 17:00:50,891] Trial 60 finished with value: 0.5558273038470289 and parameters: {'interp_param': 0.9532858455210814}. Best is trial 22 with value: 0.5562752445919544.
[I 2025-05-13 17:01:08,743] Trial 61 finished with value: 0.5562713691594285 and parameters: {'interp_param': 0.9944114548697593}. Best is trial 22 with value: 0.5562752445919544.
[I 2025-05-13 17:01:26,553] Trial 62 finished with value: 0.5562728389865751 and parameters: {'interp_param': 0.9938078864071975}. Best is trial 22 with value: 0.5562752445919544.
[I 2025-05-13 17:01:44,394] Trial 63 finished with value: 0.5562411154265627 and parameters: {'interp_param': 0.9965744441526887}. Best is trial 22 with value: 0.5562752445919544.
[I 2025-05-13 17:02:02,392] Trial 64 finished with value: 0.5516324319845586 and parameters: {'interp_param': 0.09905087686336767}. Best is trial 22 with value: 0.5562752445919544.
[I 2025-05-13 17:02:20,238] Trial 65 finished with value: 0.5552400900752459 and parameters: {'interp_param': 0.9033540387321335}. Best is trial 22 with value: 0.5562752445919544.
[I 2025-05-13 17:02:38,109] Trial 66 finished with value: 0.555968739684109 and parameters: {'interp_param': 0.963209801683964}. Best is trial 22 with value: 0.5562752445919544.
[I 2025-05-13 17:02:55,950] Trial 67 finished with value: 0.5547129360920838 and parameters: {'interp_param': 0.8446307883289953}. Best is trial 22 with value: 0.5562752445919544.
[I 2025-05-13 17:03:13,833] Trial 68 finished with value: 0.5553691468744362 and parameters: {'interp_param': 0.9152836885273801}. Best is trial 22 with value: 0.5562752445919544.
[I 2025-05-13 17:03:31,688] Trial 69 finished with value: 0.5561670576308955 and parameters: {'interp_param': 0.9765343545241907}. Best is trial 22 with value: 0.5562752445919544.
[I 2025-05-13 17:03:49,524] Trial 70 finished with value: 0.5522636504327221 and parameters: {'interp_param': 0.3392629661569122}. Best is trial 22 with value: 0.5562752445919544.
[I 2025-05-13 17:04:07,400] Trial 71 finished with value: 0.5558332331206992 and parameters: {'interp_param': 0.9998425318056413}. Best is trial 22 with value: 0.5562752445919544.
[I 2025-05-13 17:04:25,201] Trial 72 finished with value: 0.5556471347754788 and parameters: {'interp_param': 0.9389253959382727}. Best is trial 22 with value: 0.5562752445919544.
[I 2025-05-13 17:04:43,011] Trial 73 finished with value: 0.5549904620044096 and parameters: {'interp_param': 0.8773759549855119}. Best is trial 22 with value: 0.5562752445919544.
[I 2025-05-13 17:05:00,868] Trial 74 finished with value: 0.5562241293066246 and parameters: {'interp_param': 0.9812037190482772}. Best is trial 22 with value: 0.5562752445919544.
[I 2025-05-13 17:05:18,688] Trial 75 finished with value: 0.5553861510721936 and parameters: {'interp_param': 0.9167891984023385}. Best is trial 22 with value: 0.5562752445919544.
[I 2025-05-13 17:05:36,518] Trial 76 finished with value: 0.5559366733987712 and parameters: {'interp_param': 0.961047335465271}. Best is trial 22 with value: 0.5562752445919544.
[I 2025-05-13 17:05:54,362] Trial 77 finished with value: 0.5551321986363174 and parameters: {'interp_param': 0.892584760063834}. Best is trial 22 with value: 0.5562752445919544.
[I 2025-05-13 17:06:12,337] Trial 78 finished with value: 0.5556098141217272 and parameters: {'interp_param': 0.9358326898861423}. Best is trial 22 with value: 0.5562752445919544.
[I 2025-05-13 17:06:30,159] Trial 79 finished with value: 0.5529337841489537 and parameters: {'interp_param': 0.5386164930700645}. Best is trial 22 with value: 0.5562752445919544.
[I 2025-05-13 17:06:48,012] Trial 80 finished with value: 0.5559714757118533 and parameters: {'interp_param': 0.9634067583211536}. Best is trial 22 with value: 0.5562752445919544.
[I 2025-05-13 17:07:05,902] Trial 81 finished with value: 0.5562428298064324 and parameters: {'interp_param': 0.9831932119515111}. Best is trial 22 with value: 0.5562752445919544.
[I 2025-05-13 17:07:23,773] Trial 82 finished with value: 0.5562653939379674 and parameters: {'interp_param': 0.9862552626450245}. Best is trial 22 with value: 0.5562752445919544.
[I 2025-05-13 17:07:41,600] Trial 83 finished with value: 0.5544880816640382 and parameters: {'interp_param': 0.814585675685197}. Best is trial 22 with value: 0.5562752445919544.
[I 2025-05-13 17:07:59,382] Trial 84 finished with value: 0.5548610609734089 and parameters: {'interp_param': 0.8627080836021309}. Best is trial 22 with value: 0.5562752445919544.
[I 2025-05-13 17:08:17,226] Trial 85 finished with value: 0.5559356399500976 and parameters: {'interp_param': 0.9994762801777287}. Best is trial 22 with value: 0.5562752445919544.
[I 2025-05-13 17:08:35,035] Trial 86 finished with value: 0.5557032299978815 and parameters: {'interp_param': 0.9435443728220765}. Best is trial 22 with value: 0.5562752445919544.
[I 2025-05-13 17:08:52,862] Trial 87 finished with value: 0.5553572315828292 and parameters: {'interp_param': 0.914231972556156}. Best is trial 22 with value: 0.5562752445919544.
[I 2025-05-13 17:09:10,702] Trial 88 finished with value: 0.5562130990749241 and parameters: {'interp_param': 0.9801806130713189}. Best is trial 22 with value: 0.5562752445919544.
[I 2025-05-13 17:09:28,477] Trial 89 finished with value: 0.5551255588039137 and parameters: {'interp_param': 0.8918894849202345}. Best is trial 22 with value: 0.5562752445919544.
[I 2025-05-13 17:09:46,350] Trial 90 finished with value: 0.5557757795510361 and parameters: {'interp_param': 0.9493478857396971}. Best is trial 22 with value: 0.5562752445919544.
[I 2025-05-13 17:10:04,151] Trial 91 finished with value: 0.556237258322937 and parameters: {'interp_param': 0.9825112757191441}. Best is trial 22 with value: 0.5562752445919544.
[I 2025-05-13 17:10:21,951] Trial 92 finished with value: 0.5561238820233976 and parameters: {'interp_param': 0.973529701993299}. Best is trial 22 with value: 0.5562752445919544.
[I 2025-05-13 17:10:39,968] Trial 93 finished with value: 0.5555073618466995 and parameters: {'interp_param': 0.9273012906411219}. Best is trial 22 with value: 0.5562752445919544.
[I 2025-05-13 17:10:57,766] Trial 94 finished with value: 0.5562050303415483 and parameters: {'interp_param': 0.9794725907829783}. Best is trial 22 with value: 0.5562752445919544.
[I 2025-05-13 17:11:15,617] Trial 95 finished with value: 0.555791362631327 and parameters: {'interp_param': 0.9506047470567545}. Best is trial 22 with value: 0.5562752445919544.
[I 2025-05-13 17:11:33,424] Trial 96 finished with value: 0.5554396051754036 and parameters: {'interp_param': 0.9213480257043496}. Best is trial 22 with value: 0.5562752445919544.
[I 2025-05-13 17:11:51,248] Trial 97 finished with value: 0.5562670975213615 and parameters: {'interp_param': 0.9950349188853035}. Best is trial 22 with value: 0.5562752445919544.
[I 2025-05-13 17:12:09,126] Trial 98 finished with value: 0.5551715081012797 and parameters: {'interp_param': 0.8966531949132149}. Best is trial 22 with value: 0.5562752445919544.
