[I 2025-05-13 16:42:58,161] Trial 0 finished with value: 0.548850524241069 and parameters: {'interp_param': 0.7247885837081643}. Best is trial 0 with value: 0.548850524241069.
[I 2025-05-13 16:43:15,797] Trial 1 finished with value: 0.5481100647945453 and parameters: {'interp_param': 0.43964558713617163}. Best is trial 0 with value: 0.548850524241069.
[I 2025-05-13 16:43:33,422] Trial 2 finished with value: 0.5482542873776962 and parameters: {'interp_param': 0.5080827227008804}. Best is trial 0 with value: 0.548850524241069.
[I 2025-05-13 16:43:51,022] Trial 3 finished with value: 0.5481895820916601 and parameters: {'interp_param': 0.477710839368102}. Best is trial 0 with value: 0.548850524241069.
[I 2025-05-13 16:44:08,717] Trial 4 finished with value: 0.5480433229919419 and parameters: {'interp_param': 0.4056979832490465}. Best is trial 0 with value: 0.548850524241069.
[I 2025-05-13 16:44:26,485] Trial 5 finished with value: 0.5484547638663309 and parameters: {'interp_param': 0.5971101252930174}. Best is trial 0 with value: 0.548850524241069.
[I 2025-05-13 16:44:44,101] Trial 6 finished with value: 0.5480012405903538 and parameters: {'interp_param': 0.3838888691679979}. Best is trial 0 with value: 0.548850524241069.
[I 2025-05-13 16:45:01,720] Trial 7 finished with value: 0.547467385762148 and parameters: {'interp_param': 0.0902577329099683}. Best is trial 0 with value: 0.548850524241069.
[I 2025-05-13 16:45:19,317] Trial 8 finished with value: 0.5482519380144214 and parameters: {'interp_param': 0.5071216193163706}. Best is trial 0 with value: 0.548850524241069.
[I 2025-05-13 16:45:36,934] Trial 9 finished with value: 0.5473304939858297 and parameters: {'interp_param': 0.010431896338608526}. Best is trial 0 with value: 0.548850524241069.
[I 2025-05-13 16:45:54,602] Trial 10 finished with value: 0.5501736523942911 and parameters: {'interp_param': 0.9624807359079817}. Best is trial 10 with value: 0.5501736523942911.
[I 2025-05-13 16:46:12,241] Trial 11 finished with value: 0.5504038495712009 and parameters: {'interp_param': 0.9980137041581073}. Best is trial 11 with value: 0.5504038495712009.
[I 2025-05-13 16:46:29,882] Trial 12 finished with value: 0.550247666250814 and parameters: {'interp_param': 0.9777302860956517}. Best is trial 11 with value: 0.5504038495712009.
[I 2025-05-13 16:46:47,517] Trial 13 finished with value: 0.5502398189707256 and parameters: {'interp_param': 0.9765627370569123}. Best is trial 11 with value: 0.5504038495712009.
[I 2025-05-13 16:47:05,159] Trial 14 finished with value: 0.5492951705544963 and parameters: {'interp_param': 0.8165860393555059}. Best is trial 11 with value: 0.5504038495712009.
[I 2025-05-13 16:47:22,828] Trial 15 finished with value: 0.5493660770347355 and parameters: {'interp_param': 0.8286669642300152}. Best is trial 11 with value: 0.5504038495712009.
[I 2025-05-13 16:47:40,476] Trial 16 finished with value: 0.5493681348931729 and parameters: {'interp_param': 0.8290500784365477}. Best is trial 11 with value: 0.5504038495712009.
[I 2025-05-13 16:47:58,084] Trial 17 finished with value: 0.5477163502263651 and parameters: {'interp_param': 0.23382035038413995}. Best is trial 11 with value: 0.5504038495712009.
[I 2025-05-13 16:48:15,699] Trial 18 finished with value: 0.5487359520435625 and parameters: {'interp_param': 0.6943227365874143}. Best is trial 11 with value: 0.5504038495712009.
[I 2025-05-13 16:48:33,481] Trial 19 finished with value: 0.5498777759888269 and parameters: {'interp_param': 0.9119015992269411}. Best is trial 11 with value: 0.5504038495712009.
[I 2025-05-13 16:48:51,120] Trial 20 finished with value: 0.548858174673791 and parameters: {'interp_param': 0.7267533578498993}. Best is trial 11 with value: 0.5504038495712009.
[I 2025-05-13 16:49:08,736] Trial 21 finished with value: 0.5504148328507874 and parameters: {'interp_param': 0.9990179804047583}. Best is trial 21 with value: 0.5504148328507874.
[I 2025-05-13 16:49:26,331] Trial 22 finished with value: 0.5503914220747123 and parameters: {'interp_param': 0.9962232482915998}. Best is trial 21 with value: 0.5504148328507874.
[I 2025-05-13 16:49:43,914] Trial 23 finished with value: 0.5497903526587105 and parameters: {'interp_param': 0.8977745830233838}. Best is trial 21 with value: 0.5504148328507874.
[I 2025-05-13 16:50:01,501] Trial 24 finished with value: 0.549705508932985 and parameters: {'interp_param': 0.8842209004571333}. Best is trial 21 with value: 0.5504148328507874.
[I 2025-05-13 16:50:19,130] Trial 25 finished with value: 0.5503801746580985 and parameters: {'interp_param': 0.9937025983179781}. Best is trial 21 with value: 0.5504148328507874.
[I 2025-05-13 16:50:36,750] Trial 26 finished with value: 0.5485049014429301 and parameters: {'interp_param': 0.6175108074258169}. Best is trial 21 with value: 0.5504148328507874.
[I 2025-05-13 16:50:54,351] Trial 27 finished with value: 0.549168286859842 and parameters: {'interp_param': 0.7935917830659079}. Best is trial 21 with value: 0.5504148328507874.
[I 2025-05-13 16:51:11,951] Trial 28 finished with value: 0.5497634126905664 and parameters: {'interp_param': 0.8935486666806084}. Best is trial 21 with value: 0.5504148328507874.
[I 2025-05-13 16:51:29,599] Trial 29 finished with value: 0.5488729896978399 and parameters: {'interp_param': 0.7305521867778033}. Best is trial 21 with value: 0.5504148328507874.
[I 2025-05-13 16:51:47,220] Trial 30 finished with value: 0.5485057016375178 and parameters: {'interp_param': 0.6177825107419641}. Best is trial 21 with value: 0.5504148328507874.
[I 2025-05-13 16:52:04,870] Trial 31 finished with value: 0.5501967307393545 and parameters: {'interp_param': 0.9677833821784957}. Best is trial 21 with value: 0.5504148328507874.
[I 2025-05-13 16:52:22,518] Trial 32 finished with value: 0.5503269907178557 and parameters: {'interp_param': 0.9881153617014624}. Best is trial 21 with value: 0.5504148328507874.
[I 2025-05-13 16:52:40,143] Trial 33 finished with value: 0.5498592462239797 and parameters: {'interp_param': 0.9087842263406786}. Best is trial 21 with value: 0.5504148328507874.
[I 2025-05-13 16:52:57,913] Trial 34 finished with value: 0.5490834905883922 and parameters: {'interp_param': 0.7768252997027867}. Best is trial 21 with value: 0.5504148328507874.
[I 2025-05-13 16:53:15,552] Trial 35 finished with value: 0.5503992399783444 and parameters: {'interp_param': 0.997539146781845}. Best is trial 21 with value: 0.5504148328507874.
[I 2025-05-13 16:53:33,191] Trial 36 finished with value: 0.5495898490533468 and parameters: {'interp_param': 0.8657707093864574}. Best is trial 21 with value: 0.5504148328507874.
[I 2025-05-13 16:53:50,832] Trial 37 finished with value: 0.5500238882062629 and parameters: {'interp_param': 0.9350060251726021}. Best is trial 21 with value: 0.5504148328507874.
[I 2025-05-13 16:54:08,442] Trial 38 finished with value: 0.5486759831461996 and parameters: {'interp_param': 0.676530760108137}. Best is trial 21 with value: 0.5504148328507874.
[I 2025-05-13 16:54:26,085] Trial 39 finished with value: 0.5477745620601182 and parameters: {'interp_param': 0.26481629550147884}. Best is trial 21 with value: 0.5504148328507874.
[I 2025-05-13 16:54:43,702] Trial 40 finished with value: 0.5495397589310234 and parameters: {'interp_param': 0.8578092687472452}. Best is trial 21 with value: 0.5504148328507874.
[I 2025-05-13 16:55:01,321] Trial 41 finished with value: 0.5504075417147251 and parameters: {'interp_param': 0.9984260626667093}. Best is trial 21 with value: 0.5504148328507874.
[I 2025-05-13 16:55:18,965] Trial 42 finished with value: 0.5501559338715878 and parameters: {'interp_param': 0.9582862507245421}. Best is trial 21 with value: 0.5504148328507874.
[I 2025-05-13 16:55:36,618] Trial 43 finished with value: 0.5500082458708975 and parameters: {'interp_param': 0.9325167287004089}. Best is trial 21 with value: 0.5504148328507874.
[I 2025-05-13 16:55:54,232] Trial 44 finished with value: 0.550395207620303 and parameters: {'interp_param': 0.9971642821220563}. Best is trial 21 with value: 0.5504148328507874.
[I 2025-05-13 16:56:11,881] Trial 45 finished with value: 0.5500167605238173 and parameters: {'interp_param': 0.9338423741518411}. Best is trial 21 with value: 0.5504148328507874.
[I 2025-05-13 16:56:29,464] Trial 46 finished with value: 0.5494718729531027 and parameters: {'interp_param': 0.8467811664809138}. Best is trial 21 with value: 0.5504148328507874.
[I 2025-05-13 16:56:47,088] Trial 47 finished with value: 0.5490418536041868 and parameters: {'interp_param': 0.7684971572331483}. Best is trial 21 with value: 0.5504148328507874.
[I 2025-05-13 16:57:04,747] Trial 48 finished with value: 0.5503604053072209 and parameters: {'interp_param': 0.9996591193044884}. Best is trial 21 with value: 0.5504148328507874.
[I 2025-05-13 16:57:22,550] Trial 49 finished with value: 0.548114980706008 and parameters: {'interp_param': 0.4421201002166074}. Best is trial 21 with value: 0.5504148328507874.
[I 2025-05-13 16:57:40,191] Trial 50 finished with value: 0.5479391618608227 and parameters: {'interp_param': 0.3523655433017088}. Best is trial 21 with value: 0.5504148328507874.
[I 2025-05-13 16:57:57,864] Trial 51 finished with value: 0.5501030328994343 and parameters: {'interp_param': 0.9479454034736606}. Best is trial 21 with value: 0.5504148328507874.
[I 2025-05-13 16:58:15,464] Trial 52 finished with value: 0.5503918707561456 and parameters: {'interp_param': 0.9963270947291121}. Best is trial 21 with value: 0.5504148328507874.
[I 2025-05-13 16:58:33,118] Trial 53 finished with value: 0.5500675453867822 and parameters: {'interp_param': 0.9417178165576888}. Best is trial 21 with value: 0.5504148328507874.
[I 2025-05-13 16:58:50,761] Trial 54 finished with value: 0.5497267242583308 and parameters: {'interp_param': 0.8876202421302928}. Best is trial 21 with value: 0.5504148328507874.
[I 2025-05-13 16:59:08,364] Trial 55 finished with value: 0.5492794752410768 and parameters: {'interp_param': 0.8137543346578269}. Best is trial 21 with value: 0.5504148328507874.
[I 2025-05-13 16:59:26,006] Trial 56 finished with value: 0.5499321967532111 and parameters: {'interp_param': 0.9206993381056582}. Best is trial 21 with value: 0.5504148328507874.
[I 2025-05-13 16:59:43,622] Trial 57 finished with value: 0.5501483436982636 and parameters: {'interp_param': 0.9566131533109434}. Best is trial 21 with value: 0.5504148328507874.
[I 2025-05-13 17:00:01,271] Trial 58 finished with value: 0.5475035599808551 and parameters: {'interp_param': 0.11187546463034848}. Best is trial 21 with value: 0.5504148328507874.
[I 2025-05-13 17:00:18,923] Trial 59 finished with value: 0.5483286032844511 and parameters: {'interp_param': 0.5434027818107638}. Best is trial 21 with value: 0.5504148328507874.
[I 2025-05-13 17:00:36,535] Trial 60 finished with value: 0.5504097908967509 and parameters: {'interp_param': 0.9985996287087787}. Best is trial 21 with value: 0.5504148328507874.
[I 2025-05-13 17:00:54,157] Trial 61 finished with value: 0.5504055272932703 and parameters: {'interp_param': 0.998193165869192}. Best is trial 21 with value: 0.5504148328507874.
[I 2025-05-13 17:01:11,792] Trial 62 finished with value: 0.5496697025476858 and parameters: {'interp_param': 0.8786540831233958}. Best is trial 21 with value: 0.5504148328507874.
[I 2025-05-13 17:01:29,431] Trial 63 finished with value: 0.5501302292211002 and parameters: {'interp_param': 0.9532468797307622}. Best is trial 21 with value: 0.5504148328507874.
[I 2025-05-13 17:01:47,219] Trial 64 finished with value: 0.55039696995661 and parameters: {'interp_param': 0.9994633741092673}. Best is trial 21 with value: 0.5504148328507874.
[I 2025-05-13 17:02:04,851] Trial 65 finished with value: 0.5499367099310313 and parameters: {'interp_param': 0.9212966892321834}. Best is trial 21 with value: 0.5504148328507874.
[I 2025-05-13 17:02:22,466] Trial 66 finished with value: 0.5501748603441377 and parameters: {'interp_param': 0.9626907037240606}. Best is trial 21 with value: 0.5504148328507874.
[I 2025-05-13 17:02:40,070] Trial 67 finished with value: 0.549451995135309 and parameters: {'interp_param': 0.8431679150897039}. Best is trial 21 with value: 0.5504148328507874.
[I 2025-05-13 17:02:57,709] Trial 68 finished with value: 0.5497170122009588 and parameters: {'interp_param': 0.8860256045540295}. Best is trial 21 with value: 0.5504148328507874.
[I 2025-05-13 17:03:15,326] Trial 69 finished with value: 0.5498561009344914 and parameters: {'interp_param': 0.9082557297684994}. Best is trial 21 with value: 0.5504148328507874.
[I 2025-05-13 17:03:32,951] Trial 70 finished with value: 0.5502194477791116 and parameters: {'interp_param': 0.9728643377219077}. Best is trial 21 with value: 0.5504148328507874.
[I 2025-05-13 17:03:50,581] Trial 71 finished with value: 0.5503948051377414 and parameters: {'interp_param': 0.9971116274230052}. Best is trial 21 with value: 0.5504148328507874.
[I 2025-05-13 17:04:08,188] Trial 72 finished with value: 0.5502325057395507 and parameters: {'interp_param': 0.9754568038140865}. Best is trial 21 with value: 0.5504148328507874.
[I 2025-05-13 17:04:25,802] Trial 73 finished with value: 0.549906196580593 and parameters: {'interp_param': 0.9164740131883772}. Best is trial 21 with value: 0.5504148328507874.
[I 2025-05-13 17:04:43,427] Trial 74 finished with value: 0.5503999196541361 and parameters: {'interp_param': 0.9976198442574264}. Best is trial 21 with value: 0.5504148328507874.
[I 2025-05-13 17:05:01,054] Trial 75 finished with value: 0.5502168920273992 and parameters: {'interp_param': 0.9723200145670226}. Best is trial 21 with value: 0.5504148328507874.
[I 2025-05-13 17:05:18,745] Trial 76 finished with value: 0.5500830451082394 and parameters: {'interp_param': 0.9443572589876037}. Best is trial 21 with value: 0.5504148328507874.
[I 2025-05-13 17:05:36,459] Trial 77 finished with value: 0.5498126024370533 and parameters: {'interp_param': 0.9013936081272329}. Best is trial 21 with value: 0.5504148328507874.
[I 2025-05-13 17:05:54,322] Trial 78 finished with value: 0.5495370206435516 and parameters: {'interp_param': 0.8574179137510081}. Best is trial 21 with value: 0.5504148328507874.
[I 2025-05-13 17:06:11,983] Trial 79 finished with value: 0.5492872961576787 and parameters: {'interp_param': 0.815226385244481}. Best is trial 21 with value: 0.5504148328507874.
[I 2025-05-13 17:06:29,699] Trial 80 finished with value: 0.5502175008983985 and parameters: {'interp_param': 0.9724479033647258}. Best is trial 21 with value: 0.5504148328507874.
[I 2025-05-13 17:06:47,412] Trial 81 finished with value: 0.5503916719001325 and parameters: {'interp_param': 0.9960053107580711}. Best is trial 21 with value: 0.5504148328507874.
[I 2025-05-13 17:07:05,071] Trial 82 finished with value: 0.5500151332689939 and parameters: {'interp_param': 0.9336331860808893}. Best is trial 21 with value: 0.5504148328507874.
[I 2025-05-13 17:07:22,799] Trial 83 finished with value: 0.5503950371364232 and parameters: {'interp_param': 0.9971552131862556}. Best is trial 21 with value: 0.5504148328507874.
[I 2025-05-13 17:07:40,513] Trial 84 finished with value: 0.5501830280033582 and parameters: {'interp_param': 0.9644102564264964}. Best is trial 21 with value: 0.5504148328507874.
[I 2025-05-13 17:07:58,212] Trial 85 finished with value: 0.5500461640970113 and parameters: {'interp_param': 0.9384936427588307}. Best is trial 21 with value: 0.5504148328507874.
[I 2025-05-13 17:08:15,920] Trial 86 finished with value: 0.5498528705286037 and parameters: {'interp_param': 0.9077047111854762}. Best is trial 21 with value: 0.5504148328507874.
[I 2025-05-13 17:08:33,605] Trial 87 finished with value: 0.5502294382851179 and parameters: {'interp_param': 0.9748168114688351}. Best is trial 21 with value: 0.5504148328507874.
[I 2025-05-13 17:08:51,286] Trial 88 finished with value: 0.5501166216447363 and parameters: {'interp_param': 0.9505868332102003}. Best is trial 21 with value: 0.5504148328507874.
[I 2025-05-13 17:09:09,003] Trial 89 finished with value: 0.5496031952545724 and parameters: {'interp_param': 0.8678008735120188}. Best is trial 21 with value: 0.5504148328507874.
[I 2025-05-13 17:09:26,674] Trial 90 finished with value: 0.5503525058023209 and parameters: {'interp_param': 0.9996858147602876}. Best is trial 21 with value: 0.5504148328507874.
[I 2025-05-13 17:09:44,400] Trial 91 finished with value: 0.5502860517383424 and parameters: {'interp_param': 0.9833047351651597}. Best is trial 21 with value: 0.5504148328507874.
[I 2025-05-13 17:10:02,068] Trial 92 finished with value: 0.5499781982753886 and parameters: {'interp_param': 0.9278899775400637}. Best is trial 21 with value: 0.5504148328507874.
[I 2025-05-13 17:10:19,955] Trial 93 finished with value: 0.5502606370862071 and parameters: {'interp_param': 0.9797247133771403}. Best is trial 21 with value: 0.5504148328507874.
[I 2025-05-13 17:10:37,653] Trial 94 finished with value: 0.5501289951588478 and parameters: {'interp_param': 0.9529206140095663}. Best is trial 21 with value: 0.5504148328507874.
[I 2025-05-13 17:10:55,305] Trial 95 finished with value: 0.550402474903687 and parameters: {'interp_param': 0.9979013725673691}. Best is trial 21 with value: 0.5504148328507874.
[I 2025-05-13 17:11:12,967] Trial 96 finished with value: 0.5497862098251065 and parameters: {'interp_param': 0.8970746817554296}. Best is trial 21 with value: 0.5504148328507874.
[I 2025-05-13 17:11:30,633] Trial 97 finished with value: 0.5499682361415155 and parameters: {'interp_param': 0.9262688150726195}. Best is trial 21 with value: 0.5504148328507874.
[I 2025-05-13 17:11:48,276] Trial 98 finished with value: 0.550131076367802 and parameters: {'interp_param': 0.9534037311084661}. Best is trial 21 with value: 0.5504148328507874.
