[I 2025-05-13 17:36:36,330] Trial 99 finished with value: 0.5566541293223172 and parameters: {'threshold_scale_factor': 0.6433192416031117}. Best is trial 64 with value: 0.556795636717432.
Best hyperparameters: {'threshold_scale_factor': 0.7346131122760632}
Best optimized value: 0.556795636717432
Running audit 1/1
Training a GCN target model on flickr...
Training GCN on cuda:   0%|          | 0/800 [00:00<?, ?it/s]Training GCN on cuda:   1%|▏         | 10/800 [00:00<00:08, 93.60it/s]Training GCN on cuda:   3%|▎         | 21/800 [00:00<00:07, 100.47it/s]Training GCN on cuda:   4%|▍         | 32/800 [00:00<00:07, 104.13it/s]Training GCN on cuda:   5%|▌         | 43/800 [00:00<00:07, 105.98it/s]Training GCN on cuda:   7%|▋         | 54/800 [00:00<00:06, 106.99it/s]Training GCN on cuda:   8%|▊         | 65/800 [00:00<00:06, 107.76it/s]Training GCN on cuda:  10%|▉         | 76/800 [00:00<00:06, 108.20it/s]Training GCN on cuda:  11%|█         | 87/800 [00:00<00:06, 108.43it/s]Training GCN on cuda:  12%|█▏        | 98/800 [00:00<00:06, 108.65it/s]Training GCN on cuda:  14%|█▎        | 109/800 [00:01<00:06, 108.71it/s]Training GCN on cuda:  15%|█▌        | 120/800 [00:01<00:06, 108.74it/s]Training GCN on cuda:  16%|█▋        | 131/800 [00:01<00:06, 108.69it/s]Training GCN on cuda:  18%|█▊        | 142/800 [00:01<00:06, 108.75it/s]Training GCN on cuda:  19%|█▉        | 153/800 [00:01<00:05, 108.87it/s]Training GCN on cuda:  20%|██        | 164/800 [00:01<00:05, 108.96it/s]Training GCN on cuda:  22%|██▏       | 175/800 [00:01<00:05, 108.98it/s]Training GCN on cuda:  23%|██▎       | 186/800 [00:01<00:05, 108.99it/s]Training GCN on cuda:  25%|██▍       | 197/800 [00:01<00:05, 109.03it/s]Training GCN on cuda:  26%|██▌       | 208/800 [00:01<00:05, 109.00it/s]Training GCN on cuda:  27%|██▋       | 219/800 [00:02<00:05, 109.02it/s]Training GCN on cuda:  29%|██▉       | 230/800 [00:02<00:05, 109.04it/s]Training GCN on cuda:  30%|███       | 241/800 [00:02<00:05, 109.06it/s]Training GCN on cuda:  32%|███▏      | 252/800 [00:02<00:05, 109.09it/s]Training GCN on cuda:  33%|███▎      | 263/800 [00:02<00:04, 109.04it/s]Training GCN on cuda:  34%|███▍      | 274/800 [00:02<00:04, 109.06it/s]Training GCN on cuda:  36%|███▌      | 285/800 [00:02<00:04, 109.05it/s]Training GCN on cuda:  37%|███▋      | 296/800 [00:02<00:04, 109.05it/s]Training GCN on cuda:  38%|███▊      | 307/800 [00:02<00:04, 109.04it/s]Training GCN on cuda:  40%|███▉      | 318/800 [00:02<00:04, 108.96it/s]Training GCN on cuda:  41%|████      | 329/800 [00:03<00:04, 108.88it/s]Training GCN on cuda:  42%|████▎     | 340/800 [00:03<00:04, 108.91it/s]Training GCN on cuda:  44%|████▍     | 351/800 [00:03<00:04, 108.96it/s]Training GCN on cuda:  45%|████▌     | 362/800 [00:03<00:04, 108.93it/s]Training GCN on cuda:  47%|████▋     | 373/800 [00:03<00:03, 109.01it/s]Training GCN on cuda:  48%|████▊     | 384/800 [00:03<00:03, 109.00it/s]Training GCN on cuda:  49%|████▉     | 395/800 [00:03<00:03, 109.01it/s]Training GCN on cuda:  51%|█████     | 406/800 [00:03<00:03, 109.04it/s]Training GCN on cuda:  52%|█████▏    | 417/800 [00:03<00:03, 109.02it/s]Training GCN on cuda:  54%|█████▎    | 428/800 [00:03<00:03, 109.04it/s]Training GCN on cuda:  55%|█████▍    | 439/800 [00:04<00:03, 109.08it/s]Training GCN on cuda:  56%|█████▋    | 450/800 [00:04<00:03, 109.10it/s]Training GCN on cuda:  58%|█████▊    | 461/800 [00:04<00:03, 109.09it/s]Training GCN on cuda:  59%|█████▉    | 472/800 [00:04<00:03, 109.05it/s]Training GCN on cuda:  60%|██████    | 483/800 [00:04<00:02, 109.07it/s]Training GCN on cuda:  62%|██████▏   | 494/800 [00:04<00:02, 109.10it/s]Training GCN on cuda:  63%|██████▎   | 505/800 [00:04<00:02, 109.08it/s]Training GCN on cuda:  64%|██████▍   | 516/800 [00:04<00:02, 108.94it/s]Training GCN on cuda:  66%|██████▌   | 527/800 [00:04<00:02, 108.88it/s]Training GCN on cuda:  67%|██████▋   | 538/800 [00:04<00:02, 108.91it/s]Training GCN on cuda:  69%|██████▊   | 549/800 [00:05<00:02, 108.94it/s]Training GCN on cuda:  70%|███████   | 560/800 [00:05<00:02, 108.98it/s]Training GCN on cuda:  71%|███████▏  | 571/800 [00:05<00:02, 108.99it/s]Training GCN on cuda:  73%|███████▎  | 582/800 [00:05<00:02, 108.95it/s]Training GCN on cuda:  74%|███████▍  | 593/800 [00:05<00:01, 108.99it/s]Training GCN on cuda:  76%|███████▌  | 604/800 [00:05<00:01, 108.98it/s]Training GCN on cuda:  77%|███████▋  | 615/800 [00:05<00:01, 109.02it/s]Training GCN on cuda:  78%|███████▊  | 626/800 [00:05<00:01, 109.01it/s]Training GCN on cuda:  80%|███████▉  | 637/800 [00:05<00:01, 109.05it/s]Training GCN on cuda:  81%|████████  | 648/800 [00:05<00:01, 109.02it/s]Training GCN on cuda:  82%|████████▏ | 659/800 [00:06<00:01, 109.04it/s]Training GCN on cuda:  84%|████████▍ | 670/800 [00:06<00:01, 109.00it/s]Training GCN on cuda:  85%|████████▌ | 681/800 [00:06<00:01, 109.02it/s]Training GCN on cuda:  86%|████████▋ | 692/800 [00:06<00:00, 109.05it/s]Training GCN on cuda:  88%|████████▊ | 703/800 [00:06<00:00, 109.08it/s]Training GCN on cuda:  89%|████████▉ | 714/800 [00:06<00:00, 108.92it/s]Training GCN on cuda:  91%|█████████ | 725/800 [00:06<00:00, 108.92it/s]Training GCN on cuda:  92%|█████████▏| 736/800 [00:06<00:00, 108.97it/s]Training GCN on cuda:  93%|█████████▎| 747/800 [00:06<00:00, 108.99it/s]Training GCN on cuda:  95%|█████████▍| 758/800 [00:06<00:00, 108.99it/s]Training GCN on cuda:  96%|█████████▌| 769/800 [00:07<00:00, 109.01it/s]Training GCN on cuda:  98%|█████████▊| 780/800 [00:07<00:00, 109.00it/s]Training GCN on cuda:  99%|█████████▉| 791/800 [00:07<00:00, 109.03it/s]Training GCN on cuda: 100%|██████████| 800/800 [00:07<00:00, 108.72it/s]
Train accuracy: 0.5815 | Test accuracy: 0.4734
Training MLP on cuda:   0%|          | 0/1000 [00:00<?, ?it/s]Training MLP on cuda:   0%|          | 1/1000 [01:48<30:07:50, 108.58s/it]Training MLP on cuda:   0%|          | 2/1000 [03:37<30:09:52, 108.81s/it]Training MLP on cuda:   0%|          | 3/1000 [05:26<30:09:17, 108.88s/it]Training MLP on cuda:   0%|          | 4/1000 [07:15<30:09:21, 109.00s/it]Training MLP on cuda:   0%|          | 5/1000 [09:04<30:08:04, 109.03s/it]Training MLP on cuda:   1%|          | 6/1000 [10:53<30:06:00, 109.01s/it]Training MLP on cuda:   1%|          | 7/1000 [12:43<30:10:21, 109.39s/it]Training MLP on cuda:   1%|          | 8/1000 [14:34<30:14:18, 109.74s/it]Training MLP on cuda:   1%|          | 9/1000 [16:22<30:06:26, 109.37s/it]Training MLP on cuda:   1%|          | 10/1000 [18:10<29:56:25, 108.87s/it]Training MLP on cuda:   1%|          | 11/1000 [19:58<29:49:12, 108.55s/it]Training MLP on cuda:   1%|          | 12/1000 [21:46<29:45:12, 108.41s/it]Training MLP on cuda:   1%|▏         | 13/1000 [23:35<29:43:44, 108.43s/it]Training MLP on cuda:   1%|▏         | 14/1000 [25:22<29:39:07, 108.26s/it]Training MLP on cuda:   2%|▏         | 15/1000 [27:11<29:37:42, 108.29s/it]Training MLP on cuda:   2%|▏         | 16/1000 [28:59<29:35:30, 108.26s/it]Training MLP on cuda:   2%|▏         | 17/1000 [30:47<29:32:18, 108.18s/it]Training MLP on cuda:   2%|▏         | 18/1000 [32:35<29:30:02, 108.15s/it]Training MLP on cuda:   2%|▏         | 19/1000 [34:23<29:26:50, 108.06s/it]Training MLP on cuda:   2%|▏         | 20/1000 [36:12<29:27:46, 108.23s/it]Training MLP on cuda:   2%|▏         | 21/1000 [38:00<29:27:45, 108.34s/it]Training MLP on cuda:   2%|▏         | 22/1000 [39:48<29:23:37, 108.20s/it]Training MLP on cuda:   2%|▏         | 23/1000 [41:36<29:19:05, 108.03s/it]Training MLP on cuda:   2%|▏         | 24/1000 [43:24<29:16:29, 107.98s/it]Training MLP on cuda:   2%|▎         | 25/1000 [45:12<29:16:10, 108.07s/it]Training MLP on cuda:   3%|▎         | 26/1000 [47:00<29:13:36, 108.03s/it]Training MLP on cuda:   3%|▎         | 27/1000 [48:48<29:12:30, 108.07s/it]Training MLP on cuda:   3%|▎         | 28/1000 [50:36<29:09:33, 108.00s/it]Training MLP on cuda:   3%|▎         | 29/1000 [52:24<29:07:51, 108.00s/it]Training MLP on cuda:   3%|▎         | 30/1000 [54:12<29:04:51, 107.93s/it]Training MLP on cuda:   3%|▎         | 31/1000 [56:00<29:06:25, 108.14s/it]Training MLP on cuda:   3%|▎         | 32/1000 [57:49<29:05:56, 108.22s/it]Training MLP on cuda:   3%|▎         | 33/1000 [59:38<29:08:46, 108.51s/it]Training MLP on cuda:   3%|▎         | 34/1000 [1:01:26<29:07:00, 108.51s/it]Training MLP on cuda:   4%|▎         | 35/1000 [1:03:15<29:05:35, 108.53s/it]Training MLP on cuda:   4%|▎         | 36/1000 [1:05:04<29:06:54, 108.73s/it]Training MLP on cuda:   4%|▎         | 37/1000 [1:06:53<29:05:56, 108.78s/it]Training MLP on cuda:   4%|▍         | 38/1000 [1:08:42<29:03:15, 108.73s/it]Training MLP on cuda:   4%|▍         | 39/1000 [1:10:30<28:59:51, 108.63s/it]Training MLP on cuda:   4%|▍         | 40/1000 [1:12:19<28:59:46, 108.74s/it]Training MLP on cuda:   4%|▍         | 41/1000 [1:14:08<28:57:21, 108.70s/it]Training MLP on cuda:   4%|▍         | 42/1000 [1:15:57<28:57:27, 108.82s/it]Training MLP on cuda:   4%|▍         | 43/1000 [1:17:45<28:54:14, 108.73s/it]Training MLP on cuda:   4%|▍         | 44/1000 [1:19:34<28:50:57, 108.64s/it]Training MLP on cuda:   4%|▍         | 45/1000 [1:21:22<28:48:31, 108.60s/it]Training MLP on cuda:   5%|▍         | 46/1000 [1:23:11<28:47:22, 108.64s/it]Training MLP on cuda:   5%|▍         | 47/1000 [1:24:59<28:43:54, 108.54s/it]Training MLP on cuda:   5%|▍         | 48/1000 [1:26:48<28:42:09, 108.54s/it]Training MLP on cuda:   5%|▍         | 49/1000 [1:28:36<28:40:47, 108.57s/it]Training MLP on cuda:   5%|▌         | 50/1000 [1:30:25<28:41:43, 108.74s/it]Training MLP on cuda:   5%|▌         | 51/1000 [1:32:14<28:37:43, 108.60s/it]Training MLP on cuda:   5%|▌         | 52/1000 [1:34:02<28:33:37, 108.46s/it]Training MLP on cuda:   5%|▌         | 53/1000 [1:35:50<28:32:28, 108.50s/it]Training MLP on cuda:   5%|▌         | 54/1000 [1:37:40<28:33:50, 108.70s/it]Training MLP on cuda:   6%|▌         | 55/1000 [1:39:28<28:32:08, 108.71s/it]Training MLP on cuda:   6%|▌         | 56/1000 [1:41:17<28:30:13, 108.70s/it]Training MLP on cuda:   6%|▌         | 57/1000 [1:43:06<28:29:18, 108.76s/it]Training MLP on cuda:   6%|▌         | 58/1000 [1:44:55<28:26:47, 108.71s/it]Training MLP on cuda:   6%|▌         | 59/1000 [1:46:43<28:23:41, 108.63s/it]Training MLP on cuda:   6%|▌         | 60/1000 [1:48:32<28:22:51, 108.69s/it]Training MLP on cuda:   6%|▌         | 61/1000 [1:50:21<28:21:44, 108.74s/it]Training MLP on cuda:   6%|▌         | 62/1000 [1:52:09<28:19:29, 108.71s/it]Training MLP on cuda:   6%|▋         | 63/1000 [1:53:58<28:18:36, 108.77s/it]Training MLP on cuda:   6%|▋         | 64/1000 [1:55:47<28:15:23, 108.68s/it]Training MLP on cuda:   6%|▋         | 65/1000 [1:57:35<28:13:58, 108.70s/it]Training MLP on cuda:   7%|▋         | 66/1000 [1:59:24<28:11:35, 108.67s/it]Training MLP on cuda:   7%|▋         | 67/1000 [2:01:12<28:08:30, 108.59s/it]Training MLP on cuda:   7%|▋         | 68/1000 [2:03:01<28:07:47, 108.66s/it]Training MLP on cuda:   7%|▋         | 69/1000 [2:04:51<28:10:36, 108.95s/it]Training MLP on cuda:   7%|▋         | 70/1000 [2:06:40<28:10:46, 109.08s/it]Training MLP on cuda:   7%|▋         | 71/1000 [2:08:30<28:10:26, 109.18s/it]Training MLP on cuda:   7%|▋         | 71/1000 [2:10:20<28:25:20, 110.14s/it]
Training MLP on cuda:   0%|          | 0/1000 [00:00<?, ?it/s]Training MLP on cuda:   0%|          | 1/1000 [01:50<30:36:19, 110.29s/it]Training MLP on cuda:   0%|          | 2/1000 [03:41<30:40:41, 110.66s/it]Training MLP on cuda:   0%|          | 3/1000 [05:31<30:38:49, 110.66s/it]Training MLP on cuda:   0%|          | 4/1000 [07:22<30:38:54, 110.78s/it]Training MLP on cuda:   0%|          | 5/1000 [09:12<30:32:54, 110.53s/it]Training MLP on cuda:   1%|          | 6/1000 [11:02<30:28:07, 110.35s/it]Training MLP on cuda:   1%|          | 7/1000 [12:52<30:24:32, 110.24s/it]Training MLP on cuda:   1%|          | 8/1000 [14:43<30:23:42, 110.30s/it]Training MLP on cuda:   1%|          | 9/1000 [16:33<30:21:18, 110.27s/it]Training MLP on cuda:   1%|          | 10/1000 [18:24<30:21:03, 110.37s/it]Training MLP on cuda:   1%|          | 11/1000 [20:14<30:18:30, 110.32s/it]Training MLP on cuda:   1%|          | 12/1000 [22:04<30:16:07, 110.29s/it]Training MLP on cuda:   1%|▏         | 13/1000 [23:54<30:13:40, 110.25s/it]Training MLP on cuda:   1%|▏         | 14/1000 [25:45<30:12:37, 110.30s/it]Training MLP on cuda:   2%|▏         | 15/1000 [27:35<30:09:43, 110.24s/it]Training MLP on cuda:   2%|▏         | 16/1000 [29:25<30:06:47, 110.17s/it]Training MLP on cuda:   2%|▏         | 17/1000 [31:15<30:03:37, 110.09s/it]Training MLP on cuda:   2%|▏         | 18/1000 [33:05<30:01:53, 110.10s/it]Training MLP on cuda:   2%|▏         | 19/1000 [34:55<29:59:28, 110.06s/it]Training MLP on cuda:   2%|▏         | 20/1000 [36:45<29:56:32, 109.99s/it]Training MLP on cuda:   2%|▏         | 21/1000 [38:35<29:54:43, 109.99s/it]Training MLP on cuda:   2%|▏         | 22/1000 [40:25<29:54:38, 110.10s/it]Training MLP on cuda:   2%|▏         | 23/1000 [42:15<29:51:47, 110.04s/it]Training MLP on cuda:   2%|▏         | 24/1000 [44:05<29:49:35, 110.02s/it]Training MLP on cuda:   2%|▎         | 25/1000 [45:55<29:50:03, 110.16s/it]Training MLP on cuda:   3%|▎         | 26/1000 [47:45<29:47:59, 110.14s/it]Training MLP on cuda:   3%|▎         | 27/1000 [49:36<29:46:52, 110.19s/it]Training MLP on cuda:   3%|▎         | 28/1000 [51:26<29:43:35, 110.10s/it]Training MLP on cuda:   3%|▎         | 29/1000 [53:16<29:41:45, 110.10s/it]Training MLP on cuda:   3%|▎         | 30/1000 [55:06<29:43:03, 110.29s/it]Training MLP on cuda:   3%|▎         | 31/1000 [56:57<29:40:08, 110.23s/it]Training MLP on cuda:   3%|▎         | 32/1000 [58:46<29:35:44, 110.07s/it]Training MLP on cuda:   3%|▎         | 33/1000 [1:00:36<29:33:16, 110.03s/it]Training MLP on cuda:   3%|▎         | 34/1000 [1:02:27<29:34:36, 110.22s/it]Training MLP on cuda:   4%|▎         | 35/1000 [1:04:17<29:33:47, 110.29s/it]Training MLP on cuda:   4%|▎         | 36/1000 [1:06:07<29:30:21, 110.19s/it]Training MLP on cuda:   4%|▎         | 37/1000 [1:07:57<29:28:23, 110.18s/it]Training MLP on cuda:   4%|▍         | 38/1000 [1:09:47<29:26:15, 110.16s/it]Training MLP on cuda:   4%|▍         | 39/1000 [1:11:38<29:23:49, 110.12s/it]Training MLP on cuda:   4%|▍         | 40/1000 [1:13:28<29:23:02, 110.19s/it]Training MLP on cuda:   4%|▍         | 41/1000 [1:15:18<29:20:19, 110.14s/it]Training MLP on cuda:   4%|▍         | 42/1000 [1:17:08<29:18:06, 110.11s/it]Training MLP on cuda:   4%|▍         | 43/1000 [1:18:58<29:16:35, 110.13s/it]Training MLP on cuda:   4%|▍         | 44/1000 [1:20:48<29:13:19, 110.04s/it]Training MLP on cuda:   4%|▍         | 45/1000 [1:22:38<29:10:43, 109.99s/it]Training MLP on cuda:   5%|▍         | 46/1000 [1:24:28<29:09:15, 110.02s/it]Training MLP on cuda:   5%|▍         | 47/1000 [1:26:18<29:06:56, 109.99s/it]Training MLP on cuda:   5%|▍         | 48/1000 [1:28:08<29:04:21, 109.94s/it]Training MLP on cuda:   5%|▍         | 49/1000 [1:29:58<29:02:28, 109.94s/it]Training MLP on cuda:   5%|▌         | 50/1000 [1:31:48<29:01:55, 110.02s/it]Training MLP on cuda:   5%|▌         | 51/1000 [1:33:38<29:02:08, 110.15s/it]Training MLP on cuda:   5%|▌         | 52/1000 [1:35:28<28:59:30, 110.10s/it]Training MLP on cuda:   5%|▌         | 53/1000 [1:37:18<28:58:10, 110.13s/it]Training MLP on cuda:   5%|▌         | 54/1000 [1:39:09<28:58:03, 110.24s/it]Training MLP on cuda:   6%|▌         | 55/1000 [1:40:59<28:54:44, 110.14s/it]Training MLP on cuda:   6%|▌         | 56/1000 [1:42:49<28:51:39, 110.06s/it]Training MLP on cuda:   6%|▌         | 57/1000 [1:44:39<28:49:35, 110.05s/it]Training MLP on cuda:   6%|▌         | 58/1000 [1:46:29<28:49:40, 110.17s/it]Training MLP on cuda:   6%|▌         | 59/1000 [1:48:19<28:46:29, 110.08s/it]Training MLP on cuda:   6%|▌         | 60/1000 [1:50:09<28:43:14, 109.99s/it]Training MLP on cuda:   6%|▌         | 61/1000 [1:51:59<28:41:06, 109.97s/it]Training MLP on cuda:   6%|▌         | 62/1000 [1:53:49<28:42:39, 110.19s/it]Training MLP on cuda:   6%|▋         | 63/1000 [1:55:39<28:39:50, 110.13s/it]Training MLP on cuda:   6%|▋         | 64/1000 [1:57:30<28:38:06, 110.13s/it]Training MLP on cuda:   6%|▋         | 65/1000 [1:59:19<28:35:06, 110.06s/it]Training MLP on cuda:   7%|▋         | 66/1000 [2:01:10<28:35:13, 110.19s/it]Training MLP on cuda:   7%|▋         | 67/1000 [2:03:00<28:32:22, 110.12s/it]Training MLP on cuda:   7%|▋         | 68/1000 [2:04:50<28:29:29, 110.05s/it]Training MLP on cuda:   7%|▋         | 69/1000 [2:06:40<28:27:02, 110.01s/it]Training MLP on cuda:   7%|▋         | 70/1000 [2:08:30<28:26:21, 110.09s/it]Training MLP on cuda:   7%|▋         | 71/1000 [2:10:20<28:24:16, 110.07s/it]Training MLP on cuda:   7%|▋         | 72/1000 [2:12:10<28:22:13, 110.06s/it]Training MLP on cuda:   7%|▋         | 73/1000 [2:14:00<28:19:55, 110.03s/it]Training MLP on cuda:   7%|▋         | 74/1000 [2:15:50<28:18:40, 110.07s/it]Training MLP on cuda:   8%|▊         | 75/1000 [2:17:40<28:16:29, 110.04s/it]Training MLP on cuda:   8%|▊         | 76/1000 [2:19:30<28:13:20, 109.96s/it]Training MLP on cuda:   8%|▊         | 77/1000 [2:21:20<28:11:23, 109.95s/it]Training MLP on cuda:   8%|▊         | 78/1000 [2:23:10<28:10:25, 110.01s/it]Training MLP on cuda:   8%|▊         | 79/1000 [2:25:00<28:08:19, 109.99s/it]Training MLP on cuda:   8%|▊         | 80/1000 [2:26:50<28:05:43, 109.94s/it]Training MLP on cuda:   8%|▊         | 81/1000 [2:28:40<28:03:07, 109.89s/it]Training MLP on cuda:   8%|▊         | 82/1000 [2:30:30<28:03:44, 110.05s/it]Training MLP on cuda:   8%|▊         | 83/1000 [2:32:20<28:01:21, 110.01s/it]Training MLP on cuda:   8%|▊         | 84/1000 [2:34:10<27:58:48, 109.97s/it]Training MLP on cuda:   8%|▊         | 85/1000 [2:36:00<27:56:37, 109.94s/it]Training MLP on cuda:   9%|▊         | 86/1000 [2:37:50<27:55:25, 109.98s/it]Training MLP on cuda:   9%|▊         | 87/1000 [2:39:40<27:53:15, 109.96s/it]Training MLP on cuda:   9%|▉         | 88/1000 [2:41:29<27:50:51, 109.93s/it]Training MLP on cuda:   9%|▉         | 89/1000 [2:43:19<27:49:00, 109.92s/it]Training MLP on cuda:   9%|▉         | 90/1000 [2:45:09<27:47:59, 109.98s/it]Training MLP on cuda:   9%|▉         | 91/1000 [2:47:00<27:49:58, 110.23s/it]Training MLP on cuda:   9%|▉         | 92/1000 [2:48:50<27:47:15, 110.17s/it]Training MLP on cuda:   9%|▉         | 93/1000 [2:50:41<27:48:05, 110.35s/it]Training MLP on cuda:   9%|▉         | 94/1000 [2:52:31<27:45:49, 110.32s/it]Training MLP on cuda:  10%|▉         | 95/1000 [2:54:21<27:42:41, 110.23s/it]Training MLP on cuda:  10%|▉         | 96/1000 [2:56:11<27:39:48, 110.16s/it]Training MLP on cuda:  10%|▉         | 97/1000 [2:58:02<27:38:31, 110.20s/it]Training MLP on cuda:  10%|▉         | 98/1000 [2:59:52<27:37:28, 110.25s/it]Training MLP on cuda:  10%|▉         | 99/1000 [3:01:42<27:33:30, 110.11s/it]Training MLP on cuda:  10%|█         | 100/1000 [3:03:32<27:30:06, 110.01s/it]Training MLP on cuda:  10%|█         | 101/1000 [3:05:22<27:29:17, 110.08s/it]Training MLP on cuda:  10%|█         | 102/1000 [3:07:12<27:28:25, 110.14s/it]Training MLP on cuda:  10%|█         | 103/1000 [3:09:02<27:23:47, 109.95s/it]Training MLP on cuda:  10%|█         | 104/1000 [3:10:50<27:16:43, 109.60s/it]Training MLP on cuda:  10%|█         | 105/1000 [3:12:39<27:10:15, 109.29s/it]Training MLP on cuda:  11%|█         | 106/1000 [3:14:28<27:08:21, 109.29s/it]Training MLP on cuda:  11%|█         | 107/1000 [3:16:17<27:03:51, 109.11s/it]Training MLP on cuda:  11%|█         | 108/1000 [3:18:06<26:59:45, 108.95s/it]Training MLP on cuda:  11%|█         | 109/1000 [3:19:54<26:54:38, 108.73s/it]Training MLP on cuda:  11%|█         | 110/1000 [3:21:42<26:50:19, 108.56s/it]Training MLP on cuda:  11%|█         | 111/1000 [3:23:29<26:42:48, 108.18s/it]Training MLP on cuda:  11%|█         | 112/1000 [3:25:16<26:36:40, 107.88s/it]Training MLP on cuda:  11%|█▏        | 113/1000 [3:27:03<26:30:43, 107.60s/it]Training MLP on cuda:  11%|█▏        | 114/1000 [3:28:51<26:27:51, 107.53s/it]Training MLP on cuda:  12%|█▏        | 115/1000 [3:30:38<26:24:05, 107.40s/it]Training MLP on cuda:  12%|█▏        | 116/1000 [3:32:25<26:20:06, 107.25s/it]Training MLP on cuda:  12%|█▏        | 117/1000 [3:34:12<26:17:42, 107.21s/it]Training MLP on cuda:  12%|█▏        | 118/1000 [3:35:59<26:15:34, 107.18s/it]Training MLP on cuda:  12%|█▏        | 119/1000 [3:37:46<26:13:10, 107.14s/it]Training MLP on cuda:  12%|█▏        | 120/1000 [3:39:33<26:10:04, 107.05s/it]Training MLP on cuda:  12%|█▏        | 121/1000 [3:41:20<26:09:08, 107.11s/it]Training MLP on cuda:  12%|█▏        | 122/1000 [3:43:07<26:07:04, 107.09s/it]Training MLP on cuda:  12%|█▏        | 123/1000 [3:44:54<26:04:50, 107.06s/it]Training MLP on cuda:  12%|█▏        | 124/1000 [3:46:41<26:02:58, 107.05s/it]Training MLP on cuda:  12%|█▎        | 125/1000 [3:48:28<26:01:13, 107.06s/it]Training MLP on cuda:  13%|█▎        | 126/1000 [3:50:15<25:59:49, 107.08s/it]Training MLP on cuda:  13%|█▎        | 127/1000 [3:52:02<25:57:28, 107.04s/it]Training MLP on cuda:  13%|█▎        | 128/1000 [3:53:50<25:57:33, 107.17s/it]Training MLP on cuda:  13%|█▎        | 129/1000 [3:55:37<25:55:08, 107.13s/it]Training MLP on cuda:  13%|█▎        | 130/1000 [3:57:24<25:53:28, 107.14s/it]Training MLP on cuda:  13%|█▎        | 131/1000 [3:59:11<25:51:44, 107.14s/it]Training MLP on cuda:  13%|█▎        | 132/1000 [4:00:58<25:50:29, 107.18s/it]Training MLP on cuda:  13%|█▎        | 133/1000 [4:02:45<25:48:27, 107.16s/it]Training MLP on cuda:  13%|█▎        | 134/1000 [4:04:33<25:46:27, 107.15s/it]Training MLP on cuda:  14%|█▎        | 135/1000 [4:06:20<25:44:03, 107.10s/it]Training MLP on cuda:  14%|█▎        | 136/1000 [4:0