[I 2025-05-13 17:12:51,078] Trial 0 finished with value: 0.5619713615956187 and parameters: {'threshold_scale_factor': 0.9223824696347283}. Best is trial 0 with value: 0.5619713615956187.
[I 2025-05-13 17:13:05,634] Trial 1 finished with value: 0.5611856332807632 and parameters: {'threshold_scale_factor': 0.3846802261244846}. Best is trial 0 with value: 0.5619713615956187.
[I 2025-05-13 17:13:20,118] Trial 2 finished with value: 0.5599480122088051 and parameters: {'threshold_scale_factor': 0.2853924194834102}. Best is trial 0 with value: 0.5619713615956187.
[I 2025-05-13 17:13:34,626] Trial 3 finished with value: 0.5625090361164073 and parameters: {'threshold_scale_factor': 0.644486472100663}. Best is trial 3 with value: 0.5625090361164073.
[I 2025-05-13 17:13:49,136] Trial 4 finished with value: 0.5624769904196973 and parameters: {'threshold_scale_factor': 0.6249062912696979}. Best is trial 3 with value: 0.5625090361164073.
[I 2025-05-13 17:14:03,616] Trial 5 finished with value: 0.5554356822886017 and parameters: {'threshold_scale_factor': 0.028515346693497534}. Best is trial 3 with value: 0.5625090361164073.
[I 2025-05-13 17:14:18,081] Trial 6 finished with value: 0.5616431334259193 and parameters: {'threshold_scale_factor': 0.4393261025848768}. Best is trial 3 with value: 0.5625090361164073.
[I 2025-05-13 17:14:32,634] Trial 7 finished with value: 0.5616429559117765 and parameters: {'threshold_scale_factor': 0.9822261353971655}. Best is trial 3 with value: 0.5625090361164073.
[I 2025-05-13 17:14:47,130] Trial 8 finished with value: 0.5624629276337986 and parameters: {'threshold_scale_factor': 0.7761207742658639}. Best is trial 3 with value: 0.5625090361164073.
[I 2025-05-13 17:15:01,822] Trial 9 finished with value: 0.5619910500984707 and parameters: {'threshold_scale_factor': 0.9179363115746618}. Best is trial 3 with value: 0.5625090361164073.
[I 2025-05-13 17:15:16,337] Trial 10 finished with value: 0.5625217377931564 and parameters: {'threshold_scale_factor': 0.6582415113080965}. Best is trial 10 with value: 0.5625217377931564.
[I 2025-05-13 17:15:30,864] Trial 11 finished with value: 0.5625230057513202 and parameters: {'threshold_scale_factor': 0.6600800509378306}. Best is trial 11 with value: 0.5625230057513202.
[I 2025-05-13 17:15:45,379] Trial 12 finished with value: 0.5625079183045768 and parameters: {'threshold_scale_factor': 0.6435639869755909}. Best is trial 11 with value: 0.5625230057513202.
[I 2025-05-13 17:15:59,910] Trial 13 finished with value: 0.5624396316016602 and parameters: {'threshold_scale_factor': 0.7896105544383297}. Best is trial 11 with value: 0.5625230057513202.
[I 2025-05-13 17:16:14,443] Trial 14 finished with value: 0.5622605610087172 and parameters: {'threshold_scale_factor': 0.5544112404329606}. Best is trial 11 with value: 0.5625230057513202.
[I 2025-05-13 17:16:28,966] Trial 15 finished with value: 0.5593005327621245 and parameters: {'threshold_scale_factor': 0.23864464875187674}. Best is trial 11 with value: 0.5625230057513202.
[I 2025-05-13 17:16:43,490] Trial 16 finished with value: 0.5625089256408445 and parameters: {'threshold_scale_factor': 0.745484378362099}. Best is trial 11 with value: 0.5625230057513202.
[I 2025-05-13 17:16:58,046] Trial 17 finished with value: 0.5621212678953935 and parameters: {'threshold_scale_factor': 0.5234178206057012}. Best is trial 11 with value: 0.5625230057513202.
[I 2025-05-13 17:17:12,571] Trial 18 finished with value: 0.5623332868206106 and parameters: {'threshold_scale_factor': 0.8284489230017065}. Best is trial 11 with value: 0.5625230057513202.
[I 2025-05-13 17:17:27,075] Trial 19 finished with value: 0.5608492399626517 and parameters: {'threshold_scale_factor': 0.3529502772433738}. Best is trial 11 with value: 0.5625230057513202.
[I 2025-05-13 17:17:41,609] Trial 20 finished with value: 0.5563568651931361 and parameters: {'threshold_scale_factor': 0.06786884816359318}. Best is trial 11 with value: 0.5625230057513202.
[I 2025-05-13 17:17:56,145] Trial 21 finished with value: 0.5624998400301296 and parameters: {'threshold_scale_factor': 0.6376947896050589}. Best is trial 11 with value: 0.5625230057513202.
[I 2025-05-13 17:18:10,706] Trial 22 finished with value: 0.5625258683238001 and parameters: {'threshold_scale_factor': 0.6990899221232506}. Best is trial 22 with value: 0.5625258683238001.
[I 2025-05-13 17:18:25,241] Trial 23 finished with value: 0.5625252983703285 and parameters: {'threshold_scale_factor': 0.7106019239395195}. Best is trial 22 with value: 0.5625258683238001.
[I 2025-05-13 17:18:39,807] Trial 24 finished with value: 0.5625251853839576 and parameters: {'threshold_scale_factor': 0.7193446336697286}. Best is trial 22 with value: 0.5625258683238001.
[I 2025-05-13 17:18:54,340] Trial 25 finished with value: 0.5625195049313843 and parameters: {'threshold_scale_factor': 0.7318942191772843}. Best is trial 22 with value: 0.5625258683238001.
[I 2025-05-13 17:19:09,064] Trial 26 finished with value: 0.562212090106631 and parameters: {'threshold_scale_factor': 0.861816721188054}. Best is trial 22 with value: 0.5625258683238001.
[I 2025-05-13 17:19:23,634] Trial 27 finished with value: 0.5622992565810638 and parameters: {'threshold_scale_factor': 0.5637367038745409}. Best is trial 22 with value: 0.5625258683238001.
[I 2025-05-13 17:19:38,157] Trial 28 finished with value: 0.562525217522303 and parameters: {'threshold_scale_factor': 0.7184926394715465}. Best is trial 22 with value: 0.5625258683238001.
[I 2025-05-13 17:19:52,703] Trial 29 finished with value: 0.5621399498152202 and parameters: {'threshold_scale_factor': 0.8813387818732892}. Best is trial 22 with value: 0.5625258683238001.
[I 2025-05-13 17:20:07,204] Trial 30 finished with value: 0.561820649577478 and parameters: {'threshold_scale_factor': 0.9525184163175028}. Best is trial 22 with value: 0.5625258683238001.
[I 2025-05-13 17:20:21,739] Trial 31 finished with value: 0.5625255660224874 and parameters: {'threshold_scale_factor': 0.7162565781318503}. Best is trial 22 with value: 0.5625258683238001.
[I 2025-05-13 17:20:36,210] Trial 32 finished with value: 0.5618257974876225 and parameters: {'threshold_scale_factor': 0.4669604125724851}. Best is trial 22 with value: 0.5625258683238001.
[I 2025-05-13 17:20:50,774] Trial 33 finished with value: 0.5623601803388022 and parameters: {'threshold_scale_factor': 0.8204034078834564}. Best is trial 22 with value: 0.5625258683238001.
[I 2025-05-13 17:21:05,313] Trial 34 finished with value: 0.5625252858162872 and parameters: {'threshold_scale_factor': 0.7198687273524059}. Best is trial 22 with value: 0.5625258683238001.
[I 2025-05-13 17:21:19,811] Trial 35 finished with value: 0.5624046801465685 and parameters: {'threshold_scale_factor': 0.5949404950643993}. Best is trial 22 with value: 0.5625258683238001.
[I 2025-05-13 17:21:34,355] Trial 36 finished with value: 0.5625271433122269 and parameters: {'threshold_scale_factor': 0.6943672996369623}. Best is trial 36 with value: 0.5625271433122269.
[I 2025-05-13 17:21:48,881] Trial 37 finished with value: 0.5619834860375522 and parameters: {'threshold_scale_factor': 0.49529790262628115}. Best is trial 36 with value: 0.5625271433122269.
[I 2025-05-13 17:22:03,407] Trial 38 finished with value: 0.56120102629287 and parameters: {'threshold_scale_factor': 0.3863003040703632}. Best is trial 36 with value: 0.5625271433122269.
[I 2025-05-13 17:22:17,969] Trial 39 finished with value: 0.5625271623943695 and parameters: {'threshold_scale_factor': 0.6919145254979951}. Best is trial 39 with value: 0.5625271623943695.
[I 2025-05-13 17:22:32,529] Trial 40 finished with value: 0.5624463254164411 and parameters: {'threshold_scale_factor': 0.7861248689134173}. Best is trial 39 with value: 0.5625271623943695.
[I 2025-05-13 17:22:47,041] Trial 41 finished with value: 0.5625278950482153 and parameters: {'threshold_scale_factor': 0.6868689413489699}. Best is trial 41 with value: 0.5625278950482153.
[I 2025-05-13 17:23:01,766] Trial 42 finished with value: 0.5625281195144725 and parameters: {'threshold_scale_factor': 0.6823168766532292}. Best is trial 42 with value: 0.5625281195144725.
[I 2025-05-13 17:23:16,313] Trial 43 finished with value: 0.5624186251755604 and parameters: {'threshold_scale_factor': 0.6003374865224369}. Best is trial 42 with value: 0.5625281195144725.
[I 2025-05-13 17:23:30,859] Trial 44 finished with value: 0.5625258068089981 and parameters: {'threshold_scale_factor': 0.6690194047925929}. Best is trial 42 with value: 0.5625281195144725.
[I 2025-05-13 17:23:45,442] Trial 45 finished with value: 0.5623389692818304 and parameters: {'threshold_scale_factor': 0.5741653091293019}. Best is trial 42 with value: 0.5625281195144725.
[I 2025-05-13 17:23:59,976] Trial 46 finished with value: 0.5625282325008435 and parameters: {'threshold_scale_factor': 0.6840892506766172}. Best is trial 46 with value: 0.5625282325008435.
[I 2025-05-13 17:24:14,500] Trial 47 finished with value: 0.562482706023586 and parameters: {'threshold_scale_factor': 0.7656065830238443}. Best is trial 46 with value: 0.5625282325008435.
[I 2025-05-13 17:24:28,988] Trial 48 finished with value: 0.5620893961976947 and parameters: {'threshold_scale_factor': 0.8940262930922297}. Best is trial 46 with value: 0.5625282325008435.
[I 2025-05-13 17:24:43,480] Trial 49 finished with value: 0.5623245205847045 and parameters: {'threshold_scale_factor': 0.8307741909630305}. Best is trial 46 with value: 0.5625282325008435.
[I 2025-05-13 17:24:58,031] Trial 50 finished with value: 0.5621564302583778 and parameters: {'threshold_scale_factor': 0.5308466609803014}. Best is trial 46 with value: 0.5625282325008435.
[I 2025-05-13 17:25:12,511] Trial 51 finished with value: 0.5625241685066182 and parameters: {'threshold_scale_factor': 0.6641388685016896}. Best is trial 46 with value: 0.5625282325008435.
[I 2025-05-13 17:25:27,053] Trial 52 finished with value: 0.5625286643598616 and parameters: {'threshold_scale_factor': 0.6817719575115009}. Best is trial 52 with value: 0.5625286643598616.
[I 2025-05-13 17:25:41,585] Trial 53 finished with value: 0.5625280118007988 and parameters: {'threshold_scale_factor': 0.6860090800311159}. Best is trial 52 with value: 0.5625286643598616.
[I 2025-05-13 17:25:56,114] Trial 54 finished with value: 0.5624866803819567 and parameters: {'threshold_scale_factor': 0.6302058486264659}. Best is trial 52 with value: 0.5625286643598616.
[I 2025-05-13 17:26:10,643] Trial 55 finished with value: 0.5624401405424915 and parameters: {'threshold_scale_factor': 0.60869128573586}. Best is trial 52 with value: 0.5625286643598616.
[I 2025-05-13 17:26:25,167] Trial 56 finished with value: 0.5623899580224246 and parameters: {'threshold_scale_factor': 0.8101689734376865}. Best is trial 52 with value: 0.5625286643598616.
[I 2025-05-13 17:26:39,663] Trial 57 finished with value: 0.56249266840854 and parameters: {'threshold_scale_factor': 0.7589838822665649}. Best is trial 52 with value: 0.5625286643598616.
[I 2025-05-13 17:26:54,140] Trial 58 finished with value: 0.5625272515280622 and parameters: {'threshold_scale_factor': 0.6756366225983876}. Best is trial 52 with value: 0.5625286643598616.
[I 2025-05-13 17:27:08,850] Trial 59 finished with value: 0.558897095089016 and parameters: {'threshold_scale_factor': 0.2098460926566943}. Best is trial 52 with value: 0.5625286643598616.
[I 2025-05-13 17:27:23,419] Trial 60 finished with value: 0.5621750564382616 and parameters: {'threshold_scale_factor': 0.534859952085824}. Best is trial 52 with value: 0.5625286643598616.
[I 2025-05-13 17:27:37,977] Trial 61 finished with value: 0.5625274599251465 and parameters: {'threshold_scale_factor': 0.6729067471823168}. Best is trial 52 with value: 0.5625286643598616.
[I 2025-05-13 17:27:52,473] Trial 62 finished with value: 0.5625243030859403 and parameters: {'threshold_scale_factor': 0.6646411659449367}. Best is trial 52 with value: 0.5625286643598616.
[I 2025-05-13 17:28:06,995] Trial 63 finished with value: 0.5624819947116102 and parameters: {'threshold_scale_factor': 0.6277358033108852}. Best is trial 52 with value: 0.5625286643598616.
[I 2025-05-13 17:28:21,537] Trial 64 finished with value: 0.5623477802101232 and parameters: {'threshold_scale_factor': 0.5765822700861156}. Best is trial 52 with value: 0.5625286643598616.
[I 2025-05-13 17:28:36,051] Trial 65 finished with value: 0.5624941593264757 and parameters: {'threshold_scale_factor': 0.7581521454301426}. Best is trial 52 with value: 0.5625286643598616.
[I 2025-05-13 17:28:50,542] Trial 66 finished with value: 0.5625271857448861 and parameters: {'threshold_scale_factor': 0.6755992647383395}. Best is trial 52 with value: 0.5625286643598616.
[I 2025-05-13 17:29:05,060] Trial 67 finished with value: 0.5624987857417476 and parameters: {'threshold_scale_factor': 0.637112055015313}. Best is trial 52 with value: 0.5625286643598616.
[I 2025-05-13 17:29:19,536] Trial 68 finished with value: 0.562428485119538 and parameters: {'threshold_scale_factor': 0.7945282204344007}. Best is trial 52 with value: 0.5625286643598616.
[I 2025-05-13 17:29:34,029] Trial 69 finished with value: 0.5625114221374824 and parameters: {'threshold_scale_factor': 0.7434167622575839}. Best is trial 52 with value: 0.5625286643598616.
[I 2025-05-13 17:29:48,542] Trial 70 finished with value: 0.5622682802375852 and parameters: {'threshold_scale_factor': 0.8464457767647652}. Best is trial 52 with value: 0.5625286643598616.
[I 2025-05-13 17:30:03,051] Trial 71 finished with value: 0.5625277893431883 and parameters: {'threshold_scale_factor': 0.683051151041511}. Best is trial 52 with value: 0.5625286643598616.
[I 2025-05-13 17:30:17,539] Trial 72 finished with value: 0.5625281471333632 and parameters: {'threshold_scale_factor': 0.684562233975511}. Best is trial 52 with value: 0.5625286643598616.
[I 2025-05-13 17:30:32,099] Trial 73 finished with value: 0.5624386684556176 and parameters: {'threshold_scale_factor': 0.6081025539482494}. Best is trial 52 with value: 0.5625286643598616.
[I 2025-05-13 17:30:46,670] Trial 74 finished with value: 0.5625268477900964 and parameters: {'threshold_scale_factor': 0.6957259288714902}. Best is trial 52 with value: 0.5625286643598616.
[I 2025-05-13 17:31:01,323] Trial 75 finished with value: 0.5625181232336072 and parameters: {'threshold_scale_factor': 0.7338612005534253}. Best is trial 52 with value: 0.5625286643598616.
[I 2025-05-13 17:31:15,866] Trial 76 finished with value: 0.5625079032397272 and parameters: {'threshold_scale_factor': 0.6433331042617548}. Best is trial 52 with value: 0.5625286643598616.
[I 2025-05-13 17:31:30,431] Trial 77 finished with value: 0.562447707365299 and parameters: {'threshold_scale_factor': 0.7855995470538615}. Best is trial 52 with value: 0.5625286643598616.
[I 2025-05-13 17:31:44,948] Trial 78 finished with value: 0.5619613263972255 and parameters: {'threshold_scale_factor': 0.49113942122861626}. Best is trial 52 with value: 0.5625286643598616.
[I 2025-05-13 17:31:59,482] Trial 79 finished with value: 0.5623939549780698 and parameters: {'threshold_scale_factor': 0.5912351189995786}. Best is trial 52 with value: 0.5625286643598616.
[I 2025-05-13 17:32:14,007] Trial 80 finished with value: 0.5625271651562586 and parameters: {'threshold_scale_factor': 0.6896519419200514}. Best is trial 52 with value: 0.5625286643598616.
[I 2025-05-13 17:32:28,536] Trial 81 finished with value: 0.5625143904149895 and parameters: {'threshold_scale_factor': 0.6502539621741342}. Best is trial 52 with value: 0.5625286643598616.
[I 2025-05-13 17:32:43,010] Trial 82 finished with value: 0.5625252993746519 and parameters: {'threshold_scale_factor': 0.7137037880082789}. Best is trial 52 with value: 0.5625286643598616.
[I 2025-05-13 17:32:57,587] Trial 83 finished with value: 0.5625091604014155 and parameters: {'threshold_scale_factor': 0.74518890080518}. Best is trial 52 with value: 0.5625286643598616.
[I 2025-05-13 17:33:12,117] Trial 84 finished with value: 0.5625279628400379 and parameters: {'threshold_scale_factor': 0.6790532945207655}. Best is trial 52 with value: 0.5625286643598616.
[I 2025-05-13 17:33:26,628] Trial 85 finished with value: 0.5622211824965281 and parameters: {'threshold_scale_factor': 0.5452809107996979}. Best is trial 52 with value: 0.5625286643598616.
[I 2025-05-13 17:33:41,171] Trial 86 finished with value: 0.5624505792277695 and parameters: {'threshold_scale_factor': 0.6128292774873139}. Best is trial 52 with value: 0.5625286643598616.
[I 2025-05-13 17:33:55,725] Trial 87 finished with value: 0.5625255456849406 and parameters: {'threshold_scale_factor': 0.7083620795043033}. Best is trial 52 with value: 0.5625286643598616.
[I 2025-05-13 17:34:10,234] Trial 88 finished with value: 0.5624710277522774 and parameters: {'threshold_scale_factor': 0.7718465465558908}. Best is trial 52 with value: 0.5625286643598616.
[I 2025-05-13 17:34:24,720] Trial 89 finished with value: 0.561567509388069 and parameters: {'threshold_scale_factor': 0.4291019987718415}. Best is trial 52 with value: 0.5625286643598616.
[I 2025-05-13 17:34:39,225] Trial 90 finished with value: 0.5625279987445959 and parameters: {'threshold_scale_factor': 0.6833727106985735}. Best is trial 52 with value: 0.5625286643598616.
[I 2025-05-13 17:34:53,791] Trial 91 finished with value: 0.5625286143947775 and parameters: {'threshold_scale_factor': 0.6815151649039739}. Best is trial 52 with value: 0.5625286643598616.
[I 2025-05-13 17:35:08,432] Trial 92 finished with value: 0.5625104195717503 and parameters: {'threshold_scale_factor': 0.6454710717668679}. Best is trial 52 with value: 0.5625286643598616.
[I 2025-05-13 17:35:22,949] Trial 93 finished with value: 0.5625151901074155 and parameters: {'threshold_scale_factor': 0.7388773669851032}. Best is trial 52 with value: 0.5625286643598616.
[I 2025-05-13 17:35:37,502] Trial 94 finished with value: 0.5625272178832317 and parameters: {'threshold_scale_factor': 0.6922648387751462}. Best is trial 52 with value: 0.5625286643598616.
[I 2025-05-13 17:35:52,021] Trial 95 finished with value: 0.5624072956555172 and parameters: {'threshold_scale_factor': 0.8036918538780602}. Best is trial 52 with value: 0.5625286643598616.
[I 2025-05-13 17:36:06,591] Trial 96 finished with value: 0.5623297503471978 and parameters: {'threshold_scale_factor': 0.571532448887541}. Best is trial 52 with value: 0.5625286643598616.
[I 2025-05-13 17:36:21,089] Trial 97 finished with value: 0.5624735594002307 and parameters: {'threshold_scale_factor': 0.6230510132942022}. Best is trial 52 with value: 0.5625286643598616.
[I 2025-05-13 17:36:35,590] Trial 98 finished with value: 0.5625243229213255 and parameters: {'threshold_scale_factor': 0.7220843088829764}. Best is trial 52 with value: 0.5625286643598616.
