[I 2025-05-13 17:36:32,983] Trial 99 finished with value: 0.5519187904181281 and parameters: {'threshold_scale_factor': 0.7589643964042441}. Best is trial 12 with value: 0.5519507537603277.
Best hyperparameters: {'threshold_scale_factor': 0.7264282366448724}
Best optimized value: 0.5519507537603277
Running audit 1/1
Training a GCN target model on flickr...
Training GCN on cuda:   0%|          | 0/800 [00:00<?, ?it/s]Training GCN on cuda:   1%|▏         | 10/800 [00:00<00:08, 93.49it/s]Training GCN on cuda:   2%|▎         | 20/800 [00:00<00:08, 95.04it/s]Training GCN on cuda:   4%|▍         | 31/800 [00:00<00:07, 101.36it/s]Training GCN on cuda:   5%|▌         | 42/800 [00:00<00:07, 104.48it/s]Training GCN on cuda:   7%|▋         | 53/800 [00:00<00:07, 106.26it/s]Training GCN on cuda:   8%|▊         | 64/800 [00:00<00:06, 107.29it/s]Training GCN on cuda:   9%|▉         | 75/800 [00:00<00:06, 107.98it/s]Training GCN on cuda:  11%|█         | 86/800 [00:00<00:06, 108.37it/s]Training GCN on cuda:  12%|█▏        | 97/800 [00:00<00:06, 108.66it/s]Training GCN on cuda:  14%|█▎        | 108/800 [00:01<00:06, 108.85it/s]Training GCN on cuda:  15%|█▍        | 119/800 [00:01<00:06, 108.99it/s]Training GCN on cuda:  16%|█▋        | 130/800 [00:01<00:06, 109.08it/s]Training GCN on cuda:  18%|█▊        | 141/800 [00:01<00:06, 109.03it/s]Training GCN on cuda:  19%|█▉        | 152/800 [00:01<00:05, 109.12it/s]Training GCN on cuda:  20%|██        | 163/800 [00:01<00:05, 109.21it/s]Training GCN on cuda:  22%|██▏       | 174/800 [00:01<00:05, 109.24it/s]Training GCN on cuda:  23%|██▎       | 185/800 [00:01<00:05, 109.27it/s]Training GCN on cuda:  24%|██▍       | 196/800 [00:01<00:05, 109.28it/s]Training GCN on cuda:  26%|██▌       | 207/800 [00:01<00:05, 109.33it/s]Training GCN on cuda:  27%|██▋       | 218/800 [00:02<00:05, 109.35it/s]Training GCN on cuda:  29%|██▊       | 229/800 [00:02<00:05, 109.37it/s]Training GCN on cuda:  30%|███       | 240/800 [00:02<00:05, 109.36it/s]Training GCN on cuda:  31%|███▏      | 251/800 [00:02<00:05, 109.35it/s]Training GCN on cuda:  33%|███▎      | 262/800 [00:02<00:04, 109.37it/s]Training GCN on cuda:  34%|███▍      | 273/800 [00:02<00:04, 109.37it/s]Training GCN on cuda:  36%|███▌      | 284/800 [00:02<00:04, 109.39it/s]Training GCN on cuda:  37%|███▋      | 295/800 [00:02<00:04, 109.35it/s]Training GCN on cuda:  38%|███▊      | 306/800 [00:02<00:04, 109.35it/s]Training GCN on cuda:  40%|███▉      | 317/800 [00:02<00:04, 109.35it/s]Training GCN on cuda:  41%|████      | 328/800 [00:03<00:04, 109.28it/s]Training GCN on cuda:  42%|████▏     | 339/800 [00:03<00:04, 109.28it/s]Training GCN on cuda:  44%|████▍     | 350/800 [00:03<00:04, 109.27it/s]Training GCN on cuda:  45%|████▌     | 361/800 [00:03<00:04, 109.31it/s]Training GCN on cuda:  46%|████▋     | 372/800 [00:03<00:03, 109.33it/s]Training GCN on cuda:  48%|████▊     | 383/800 [00:03<00:03, 109.31it/s]Training GCN on cuda:  49%|████▉     | 394/800 [00:03<00:03, 109.32it/s]Training GCN on cuda:  51%|█████     | 405/800 [00:03<00:03, 109.32it/s]Training GCN on cuda:  52%|█████▏    | 416/800 [00:03<00:03, 109.31it/s]Training GCN on cuda:  53%|█████▎    | 427/800 [00:03<00:03, 109.29it/s]Training GCN on cuda:  55%|█████▍    | 438/800 [00:04<00:03, 109.29it/s]Training GCN on cuda:  56%|█████▌    | 449/800 [00:04<00:03, 109.31it/s]Training GCN on cuda:  57%|█████▊    | 460/800 [00:04<00:03, 109.30it/s]Training GCN on cuda:  59%|█████▉    | 471/800 [00:04<00:03, 109.35it/s]Training GCN on cuda:  60%|██████    | 482/800 [00:04<00:02, 109.34it/s]Training GCN on cuda:  62%|██████▏   | 493/800 [00:04<00:02, 109.33it/s]Training GCN on cuda:  63%|██████▎   | 504/800 [00:04<00:02, 109.33it/s]Training GCN on cuda:  64%|██████▍   | 515/800 [00:04<00:02, 109.36it/s]Training GCN on cuda:  66%|██████▌   | 526/800 [00:04<00:02, 109.35it/s]Training GCN on cuda:  67%|██████▋   | 537/800 [00:04<00:02, 109.36it/s]Training GCN on cuda:  68%|██████▊   | 548/800 [00:05<00:02, 109.36it/s]Training GCN on cuda:  70%|██████▉   | 559/800 [00:05<00:02, 109.31it/s]Training GCN on cuda:  71%|███████▏  | 570/800 [00:05<00:02, 109.27it/s]Training GCN on cuda:  73%|███████▎  | 581/800 [00:05<00:02, 109.30it/s]Training GCN on cuda:  74%|███████▍  | 592/800 [00:05<00:01, 109.30it/s]Training GCN on cuda:  75%|███████▌  | 603/800 [00:05<00:01, 109.34it/s]Training GCN on cuda:  77%|███████▋  | 614/800 [00:05<00:01, 109.34it/s]Training GCN on cuda:  78%|███████▊  | 625/800 [00:05<00:01, 109.37it/s]Training GCN on cuda:  80%|███████▉  | 636/800 [00:05<00:01, 109.31it/s]Training GCN on cuda:  81%|████████  | 647/800 [00:05<00:01, 109.31it/s]Training GCN on cuda:  82%|████████▏ | 658/800 [00:06<00:01, 109.29it/s]Training GCN on cuda:  84%|████████▎ | 669/800 [00:06<00:01, 109.29it/s]Training GCN on cuda:  85%|████████▌ | 680/800 [00:06<00:01, 109.29it/s]Training GCN on cuda:  86%|████████▋ | 691/800 [00:06<00:00, 109.27it/s]Training GCN on cuda:  88%|████████▊ | 702/800 [00:06<00:00, 109.29it/s]Training GCN on cuda:  89%|████████▉ | 713/800 [00:06<00:00, 109.31it/s]Training GCN on cuda:  90%|█████████ | 724/800 [00:06<00:00, 109.35it/s]Training GCN on cuda:  92%|█████████▏| 735/800 [00:06<00:00, 109.37it/s]Training GCN on cuda:  93%|█████████▎| 746/800 [00:06<00:00, 109.40it/s]Training GCN on cuda:  95%|█████████▍| 757/800 [00:06<00:00, 109.41it/s]Training GCN on cuda:  96%|█████████▌| 768/800 [00:07<00:00, 109.41it/s]Training GCN on cuda:  97%|█████████▋| 779/800 [00:07<00:00, 109.37it/s]Training GCN on cuda:  99%|█████████▉| 790/800 [00:07<00:00, 109.39it/s]Training GCN on cuda: 100%|██████████| 800/800 [00:07<00:00, 108.91it/s]
Train accuracy: 0.5679 | Test accuracy: 0.4744
Training MLP on cuda:   0%|          | 0/1000 [00:00<?, ?it/s]Training MLP on cuda:   0%|          | 1/1000 [01:45<29:11:59, 105.23s/it]Training MLP on cuda:   0%|          | 2/1000 [03:30<29:15:18, 105.53s/it]Training MLP on cuda:   0%|          | 3/1000 [05:17<29:20:13, 105.93s/it]Training MLP on cuda:   0%|          | 4/1000 [07:04<29:23:29, 106.23s/it]Training MLP on cuda:   0%|          | 5/1000 [08:51<29:27:55, 106.61s/it]Training MLP on cuda:   1%|          | 6/1000 [10:37<29:26:12, 106.61s/it]Training MLP on cuda:   1%|          | 7/1000 [12:24<29:23:51, 106.58s/it]Training MLP on cuda:   1%|          | 8/1000 [14:10<29:21:04, 106.52s/it]Training MLP on cuda:   1%|          | 9/1000 [15:57<29:20:55, 106.61s/it]Training MLP on cuda:   1%|          | 10/1000 [17:44<29:19:50, 106.66s/it]Training MLP on cuda:   1%|          | 11/1000 [19:31<29:17:52, 106.65s/it]Training MLP on cuda:   1%|          | 12/1000 [21:17<29:15:47, 106.63s/it]Training MLP on cuda:   1%|▏         | 13/1000 [23:04<29:14:48, 106.68s/it]Training MLP on cuda:   1%|▏         | 14/1000 [24:51<29:13:00, 106.67s/it]Training MLP on cuda:   2%|▏         | 15/1000 [26:38<29:12:26, 106.75s/it]Training MLP on cuda:   2%|▏         | 16/1000 [28:24<29:11:11, 106.78s/it]Training MLP on cuda:   2%|▏         | 17/1000 [30:11<29:10:53, 106.87s/it]Training MLP on cuda:   2%|▏         | 18/1000 [31:59<29:11:25, 107.01s/it]Training MLP on cuda:   2%|▏         | 19/1000 [33:46<29:08:27, 106.94s/it]Training MLP on cuda:   2%|▏         | 20/1000 [35:32<29:06:26, 106.93s/it]Training MLP on cuda:   2%|▏         | 21/1000 [37:19<29:02:41, 106.80s/it]Training MLP on cuda:   2%|▏         | 22/1000 [39:06<29:02:06, 106.88s/it]Training MLP on cuda:   2%|▏         | 23/1000 [40:53<28:58:25, 106.76s/it]Training MLP on cuda:   2%|▏         | 24/1000 [42:40<28:58:02, 106.85s/it]Training MLP on cuda:   2%|▎         | 25/1000 [44:26<28:55:44, 106.81s/it]Training MLP on cuda:   3%|▎         | 26/1000 [46:13<28:52:45, 106.74s/it]Training MLP on cuda:   3%|▎         | 27/1000 [48:00<28:51:01, 106.74s/it]Training MLP on cuda:   3%|▎         | 28/1000 [49:46<28:47:10, 106.62s/it]Training MLP on cuda:   3%|▎         | 29/1000 [51:33<28:49:04, 106.84s/it]Training MLP on cuda:   3%|▎         | 30/1000 [53:20<28:47:10, 106.84s/it]Training MLP on cuda:   3%|▎         | 31/1000 [55:06<28:42:08, 106.63s/it]Training MLP on cuda:   3%|▎         | 32/1000 [56:53<28:39:28, 106.58s/it]Training MLP on cuda:   3%|▎         | 33/1000 [58:39<28:38:04, 106.60s/it]Training MLP on cuda:   3%|▎         | 34/1000 [1:00:26<28:38:22, 106.73s/it]Training MLP on cuda:   4%|▎         | 35/1000 [1:02:13<28:34:18, 106.59s/it]Training MLP on cuda:   4%|▎         | 36/1000 [1:03:59<28:32:05, 106.56s/it]Training MLP on cuda:   4%|▎         | 37/1000 [1:05:46<28:32:23, 106.69s/it]Training MLP on cuda:   4%|▍         | 38/1000 [1:07:33<28:32:26, 106.81s/it]Training MLP on cuda:   4%|▍         | 39/1000 [1:09:21<28:33:16, 106.97s/it]Training MLP on cuda:   4%|▍         | 40/1000 [1:11:07<28:31:05, 106.94s/it]Training MLP on cuda:   4%|▍         | 41/1000 [1:12:55<28:30:42, 107.03s/it]Training MLP on cuda:   4%|▍         | 42/1000 [1:14:42<28:27:54, 106.97s/it]Training MLP on cuda:   4%|▍         | 43/1000 [1:16:28<28:23:31, 106.80s/it]Training MLP on cuda:   4%|▍         | 44/1000 [1:18:15<28:21:04, 106.76s/it]Training MLP on cuda:   4%|▍         | 45/1000 [1:20:01<28:19:01, 106.75s/it]Training MLP on cuda:   5%|▍         | 46/1000 [1:21:48<28:16:18, 106.69s/it]Training MLP on cuda:   5%|▍         | 47/1000 [1:23:34<28:13:18, 106.61s/it]Training MLP on cuda:   5%|▍         | 48/1000 [1:25:21<28:11:49, 106.63s/it]Training MLP on cuda:   5%|▍         | 49/1000 [1:27:08<28:10:03, 106.63s/it]Training MLP on cuda:   5%|▌         | 50/1000 [1:28:55<28:10:02, 106.74s/it]Training MLP on cuda:   5%|▌         | 51/1000 [1:30:41<28:08:38, 106.76s/it]Training MLP on cuda:   5%|▌         | 52/1000 [1:32:29<28:08:47, 106.89s/it]Training MLP on cuda:   5%|▌         | 53/1000 [1:34:16<28:08:28, 106.98s/it]Training MLP on cuda:   5%|▌         | 54/1000 [1:36:03<28:07:44, 107.04s/it]Training MLP on cuda:   6%|▌         | 55/1000 [1:37:50<28:06:08, 107.06s/it]Training MLP on cuda:   6%|▌         | 56/1000 [1:39:37<28:04:28, 107.06s/it]Training MLP on cuda:   6%|▌         | 57/1000 [1:41:24<28:03:36, 107.12s/it]Training MLP on cuda:   6%|▌         | 58/1000 [1:43:12<28:02:05, 107.14s/it]Training MLP on cuda:   6%|▌         | 59/1000 [1:44:59<28:01:40, 107.23s/it]Training MLP on cuda:   6%|▌         | 60/1000 [1:46:46<28:00:01, 107.24s/it]Training MLP on cuda:   6%|▌         | 61/1000 [1:48:34<28:00:28, 107.38s/it]Training MLP on cuda:   6%|▌         | 62/1000 [1:50:21<27:58:44, 107.38s/it]Training MLP on cuda:   6%|▋         | 63/1000 [1:52:08<27:55:17, 107.28s/it]Training MLP on cuda:   6%|▋         | 64/1000 [1:53:55<27:52:31, 107.21s/it]Training MLP on cuda:   6%|▋         | 65/1000 [1:55:42<27:48:42, 107.08s/it]Training MLP on cuda:   7%|▋         | 66/1000 [1:57:29<27:45:48, 107.01s/it]Training MLP on cuda:   7%|▋         | 67/1000 [1:59:16<27:41:46, 106.87s/it]Training MLP on cuda:   7%|▋         | 68/1000 [2:01:02<27:38:29, 106.77s/it]Training MLP on cuda:   7%|▋         | 69/1000 [2:02:49<27:36:05, 106.73s/it]Training MLP on cuda:   7%|▋         | 70/1000 [2:04:36<27:34:07, 106.72s/it]Training MLP on cuda:   7%|▋         | 71/1000 [2:06:23<27:33:36, 106.80s/it]Training MLP on cuda:   7%|▋         | 72/1000 [2:08:09<27:29:30, 106.65s/it]Training MLP on cuda:   7%|▋         | 73/1000 [2:09:55<27:26:37, 106.58s/it]Training MLP on cuda:   7%|▋         | 74/1000 [2:11:41<27:23:22, 106.48s/it]Training MLP on cuda:   8%|▊         | 75/1000 [2:13:28<27:20:10, 106.39s/it]Training MLP on cuda:   8%|▊         | 76/1000 [2:15:15<27:20:54, 106.55s/it]Training MLP on cuda:   8%|▊         | 77/1000 [2:17:01<27:17:55, 106.47s/it]Training MLP on cuda:   8%|▊         | 78/1000 [2:18:47<27:15:58, 106.46s/it]Training MLP on cuda:   8%|▊         | 79/1000 [2:20:33<27:12:43, 106.37s/it]Training MLP on cuda:   8%|▊         | 80/1000 [2:22:20<27:11:37, 106.41s/it]Training MLP on cuda:   8%|▊         | 81/1000 [2:24:06<27:10:06, 106.43s/it]Training MLP on cuda:   8%|▊         | 82/1000 [2:25:53<27:07:19, 106.36s/it]Training MLP on cuda:   8%|▊         | 83/1000 [2:27:39<27:05:08, 106.33s/it]Training MLP on cuda:   8%|▊         | 84/1000 [2:29:25<27:02:11, 106.26s/it]Training MLP on cuda:   8%|▊         | 85/1000 [2:31:11<27:01:36, 106.33s/it]Training MLP on cuda:   9%|▊         | 86/1000 [2:32:57<26:55:23, 106.04s/it]Training MLP on cuda:   9%|▊         | 87/1000 [2:34:42<26:48:53, 105.73s/it]Training MLP on cuda:   9%|▉         | 88/1000 [2:36:27<26:44:15, 105.54s/it]Training MLP on cuda:   9%|▉         | 89/1000 [2:38:12<26:41:32, 105.48s/it]Training MLP on cuda:   9%|▉         | 90/1000 [2:39:58<26:39:01, 105.43s/it]Training MLP on cuda:   9%|▉         | 91/1000 [2:41:43<26:36:20, 105.37s/it]Training MLP on cuda:   9%|▉         | 92/1000 [2:43:28<26:34:52, 105.39s/it]Training MLP on cuda:   9%|▉         | 93/1000 [2:45:14<26:34:55, 105.51s/it]Training MLP on cuda:   9%|▉         | 94/1000 [2:46:59<26:32:44, 105.48s/it]Training MLP on cuda:  10%|▉         | 95/1000 [2:48:45<26:30:06, 105.42s/it]Training MLP on cuda:  10%|▉         | 96/1000 [2:50:30<26:27:47, 105.38s/it]Training MLP on cuda:  10%|▉         | 97/1000 [2:52:16<26:27:52, 105.51s/it]Training MLP on cuda:  10%|▉         | 98/1000 [2:54:02<26:29:53, 105.76s/it]Training MLP on cuda:  10%|▉         | 99/1000 [2:55:48<26:29:30, 105.85s/it]Training MLP on cuda:  10%|█         | 100/1000 [2:57:34<26:29:18, 105.95s/it]Training MLP on cuda:  10%|█         | 101/1000 [2:59:21<26:30:20, 106.14s/it]Training MLP on cuda:  10%|█         | 102/1000 [3:01:07<26:27:59, 106.10s/it]Training MLP on cuda:  10%|█         | 103/1000 [3:02:52<26:23:10, 105.90s/it]Training MLP on cuda:  10%|█         | 104/1000 [3:04:38<26:18:55, 105.73s/it]Training MLP on cuda:  10%|█         | 105/1000 [3:06:23<26:15:21, 105.61s/it]Training MLP on cuda:  11%|█         | 106/1000 [3:08:09<26:12:37, 105.55s/it]Training MLP on cuda:  11%|█         | 107/1000 [3:09:54<26:12:14, 105.64s/it]Training MLP on cuda:  11%|█         | 108/1000 [3:11:40<26:09:32, 105.58s/it]Training MLP on cuda:  11%|█         | 109/1000 [3:13:25<26:06:45, 105.51s/it]Training MLP on cuda:  11%|█         | 110/1000 [3:15:11<26:04:36, 105.48s/it]Training MLP on cuda:  11%|█         | 111/1000 [3:16:56<26:01:13, 105.37s/it]Training MLP on cuda:  11%|█         | 112/1000 [3:18:41<25:58:31, 105.31s/it]Training MLP on cuda:  11%|█▏        | 113/1000 [3:20:26<25:57:20, 105.34s/it]Training MLP on cuda:  11%|█▏        | 114/1000 [3:22:12<25:55:59, 105.37s/it]Training MLP on cuda:  12%|█▏        | 115/1000 [3:23:57<25:53:51, 105.35s/it]Training MLP on cuda:  12%|█▏        | 116/1000 [3:25:43<25:53:40, 105.45s/it]Training MLP on cuda:  12%|█▏        | 117/1000 [3:27:29<25:54:43, 105.64s/it]Training MLP on cuda:  12%|█▏        | 118/1000 [3:29:14<25:51:40, 105.56s/it]Training MLP on cuda:  12%|█▏        | 119/1000 [3:30:59<25:48:25, 105.45s/it]Training MLP on cuda:  12%|█▏        | 120/1000 [3:32:45<25:46:14, 105.43s/it]Training MLP on cuda:  12%|█▏        | 121/1000 [3:34:31<25:46:39, 105.57s/it]Training MLP on cuda:  12%|█▏        | 122/1000 [3:36:16<25:45:11, 105.59s/it]Training MLP on cuda:  12%|█▏        | 123/1000 [3:38:01<25:41:20, 105.45s/it]Training MLP on cuda:  12%|█▏        | 124/1000 [3:39:47<25:39:02, 105.41s/it]Training MLP on cuda:  12%|█▎        | 125/1000 [3:41:32<25:37:31, 105.43s/it]Training MLP on cuda:  13%|█▎        | 126/1000 [3:43:18<25:35:46, 105.43s/it]Training MLP on cuda:  13%|█▎        | 127/1000 [3:45:03<25:34:26, 105.46s/it]Training MLP on cuda:  13%|█▎        | 128/1000 [3:46:49<25:35:30, 105.65s/it]Training MLP on cuda:  13%|█▎        | 129/1000 [3:48:36<25:37:35, 105.92s/it]Training MLP on cuda:  13%|█▎        | 130/1000 [3:50:22<25:36:39, 105.98s/it]Training MLP on cuda:  13%|█▎        | 131/1000 [3:52:08<25:37:18, 106.14s/it]Training MLP on cuda:  13%|█▎        | 132/1000 [3:53:55<25:36:15, 106.19s/it]Training MLP on cuda:  13%|█▎        | 133/1000 [3:55:41<25:35:32, 106.27s/it]Training MLP on cuda:  13%|█▎        | 134/1000 [3:57:28<25:36:12, 106.44s/it]Training MLP on cuda:  13%|█▎        | 134/1000 [3:59:15<25:46:11, 107.13s/it]
Training MLP on cuda:   0%|          | 0/1000 [00:00<?, ?it/s]Training MLP on cuda:   0%|          | 1/1000 [01:45<29:23:33, 105.92s/it]Training MLP on cuda:   0%|          | 2/1000 [03:31<29:21:06, 105.88s/it]Training MLP on cuda:   0%|          | 3/1000 [05:17<29:19:24, 105.88s/it]Training MLP on cuda:   0%|          | 4/1000 [07:03<29:17:57, 105.90s/it]Training MLP on cuda:   0%|          | 5/1000 [08:49<29:17:48, 106.00s/it]Training MLP on cuda:   1%|          | 6/1000 [10:36<29:17:59, 106.12s/it]Training MLP on cuda:   1%|          | 7/1000 [12:22<29:16:17, 106.12s/it]Training MLP on cuda:   1%|          | 8/1000 [14:08<29:13:35, 106.06s/it]Training MLP on cuda:   1%|          | 9/1000 [15:54<29:11:11, 106.03s/it]Training MLP on cuda:   1%|          | 10/1000 [17:40<29:09:03, 106.00s/it]Training MLP on cuda:   1%|          | 11/1000 [19:26<29:08:30, 106.08s/it]Training MLP on cuda:   1%|          | 12/1000 [21:12<29:07:28, 106.12s/it]Training MLP on cuda:   1%|▏         | 13/1000 [22:58<29:05:04, 106.08s/it]Training MLP on cuda:   1%|▏         | 14/1000 [24:45<29:07:38, 106.35s/it]Training MLP on cuda:   2%|▏         | 15/1000 [26:31<29:06:04, 106.36s/it]Training MLP on cuda:   2%|▏         | 16/1000 [28:18<29:06:34, 106.50s/it]Training MLP on cuda:   2%|▏         | 17/1000 [30:05<29:06:08, 106.58s/it]Training MLP on cuda:   2%|▏         | 18/1000 [31:51<29:02:41, 106.48s/it]Training MLP on cuda:   2%|▏         | 19/1000 [33:38<29:04:25, 106.69s/it]Training MLP on cuda:   2%|▏         | 20/1000 [35:25<29:01:32, 106.62s/it]Training MLP on cuda:   2%|▏         | 21/1000 [37:11<28:59:13, 106.59s/it]Training MLP on cuda:   2%|▏         | 22/1000 [38:58<28:55:21, 106.46s/it]Training MLP on cuda:   2%|▏         | 23/1000 [40:45<28:56:47, 106.66s/it]Training MLP on cuda:   2%|▏         | 24/1000 [42:31<28:53:32, 106.57s/it]Training MLP on cuda:   2%|▎         | 25/1000 [44:17<28:50:07, 106.47s/it]Training MLP on cuda:   3%|▎         | 26/1000 [46:03<28:45:50, 106.32s/it]Training MLP on cuda:   3%|▎         | 27/1000 [47:50<28:45:55, 106.43s/it]Training MLP on cuda:   3%|▎         | 28/1000 [49:37<28:46:20, 106.56s/it]Training MLP on cuda:   3%|▎         | 29/1000 [51:23<28:43:03, 106.47s/it]Training MLP on cuda:   3%|▎         | 30/1000 [53:09<28:40:07, 106.40s/it]Training MLP on cuda:   3%|▎         | 31/1000 [54:56<28:37:49, 106.37s/it]Training MLP on cuda:   3%|▎         | 32/1000 [56:42<28:34:51, 106.29s/it]Training MLP on cuda:   3%|▎         | 33/1000 [58:28<28:31:48, 106.21s/it]Training MLP on cuda:   3%|▎         | 34/1000 [1:00:14<28:29:53, 106.20s/it]Training MLP on cuda:   4%|▎         | 35/1000 [1:02:01<28:31:00, 106.38s/it]Training MLP on cuda:   4%|▎         | 36/1000 [1:03:47<28:29:03, 106.37s/it]Training MLP on cuda:   4%|▎         | 37/1000 [1:05:33<28:26:05, 106.30s/it]Training MLP on cuda:   4%|▍         | 38/1000 [1:07:19<28:23:44, 106.26s/it]Training MLP on cuda:   4%|▍         | 39/1000 [1:09:06<28:22:07, 106.27s/it]Training MLP on cuda:   4%|▍         | 40/1000 [1:10:51<28:18:11, 106.14s/it]Training MLP on cuda:   4%|▍         | 41/1000 [1:12:37<28:15:20, 106.07s/it]Training MLP on cuda:   4%|▍         | 42/1000 [1:14:24<28:13:59, 106.10s/it]Training MLP on cuda:   4%|▍         | 43/1000 [1:16:10<28:12:26, 106.11s/it]Training MLP on cuda:   4%|▍         | 44/1000 [1:17:56<28:10:25, 106.09s/it]Training MLP on cuda:   4%|▍         | 45/1000 [1:19:42<28:08:12, 106.07s/it]Training MLP on cuda:   5%|▍         | 46/1000 [1:21:28<28:06:24, 106.06s/it]Training MLP on cuda:   5%|▍         | 47/1000 [1:23:14<28:05:47, 106.14s/it]Training MLP on cuda:   5%|▍         | 48/1000 [1:25:01<28:06:45, 106.31s/it]Training MLP on cuda:   5%|▍         | 49/1000 [1:26:47<28:04:52, 106.30s/it]Training MLP on cuda:   5%|▌         | 50/1000 [1:28:33<28:02:39, 106.27s/it]Training MLP on cuda:   5%|▌         | 51/1000 [1:30:21<28:08:18, 106.74s/it]Training MLP on cuda:   5%|▌         | 52/1000 [1:32:08<28:08:45, 106.88s/it]Training MLP on cuda:   5%|▌         | 53/1000 [1:33:55<28:07:17, 106.90s/it]Training MLP on cuda:   5%|▌         | 54/1000 [1:35:43<28:06:59, 107.00s/it]Training MLP on cuda:   6%|▌         | 55/1000 [1:37:30<28:06:20, 107.07s/it]Training MLP on cuda:   6%|▌         | 56/1000 [1:39:17<28:04:49, 107.09s/it]Training MLP on cuda:   6%|▌         | 57/1000 [1:41:05<28:06:07, 107.28s/it]Training MLP on cuda:   6%|▌         | 58/1000 [1:42:52<28:03:25, 107.22s/it]Training MLP on cuda:   6%|▌         | 59/1000 [1:44:39<28:03:23, 107.34s/it]Training MLP on cuda:   6%|▌         | 60/1000 [1:46:26<27:58:55, 107.16s/it]Training MLP on cuda:   6%|▌         | 61/1000 [1:48:12<27:52:04, 106.84s/it]Training MLP on cuda:   6%|▌         | 62/1000 [1:49:58<27:47:09, 106.64s/it]Training MLP on cuda:   6%|▋         | 63/1000 [1:51:45<27:44:35, 106.59s/it]Training MLP on cuda:   6%|▋         | 64/1000 [1:53:30<27:38:25, 106.31s/it]Training MLP on cuda:   6%|▋         | 65/1000 [1:55:16<27:32:46, 106.06s/it]Training MLP on cuda:   7%|▋         | 66/1000 [1:57:02<27:29:44, 105.98s/it]Training MLP on cuda:   7%|▋         | 67/1000 [1:58:47<27:26:56, 105.91s/it]Training MLP on cuda:   7%|▋         | 68/1000 [2:00:33<27:23:11, 105.79s/it]Training MLP on cuda:   7%|▋         | 69/1000 [2:02:19<27:20:27, 105.72s/it]Training MLP on cuda:   7%|▋         | 70/1000 [2:04:04<27:19:34, 105.78s/it]Training MLP on cuda:   7%|▋         | 71/1000 [2:05:50<27:17:50, 105.78s/it]Training MLP on cuda:   7%|▋         | 72/1000 [2:07:36<27:15:49, 105.76s/it]Training MLP on cuda:   7%|▋         | 73/1000 [2:09: