[I 2025-05-13 17:12:41,411] Trial 0 finished with value: 0.5567835047430737 and parameters: {'threshold_scale_factor': 0.7086295144518514}. Best is trial 0 with value: 0.5567835047430737.
[I 2025-05-13 17:12:55,921] Trial 1 finished with value: 0.5519698047689664 and parameters: {'threshold_scale_factor': 0.13673617192387766}. Best is trial 0 with value: 0.5567835047430737.
[I 2025-05-13 17:13:10,429] Trial 2 finished with value: 0.5518718224858571 and parameters: {'threshold_scale_factor': 0.1314911276028916}. Best is trial 0 with value: 0.5567835047430737.
[I 2025-05-13 17:13:24,951] Trial 3 finished with value: 0.5535866932184639 and parameters: {'threshold_scale_factor': 0.24336928889615506}. Best is trial 0 with value: 0.5567835047430737.
[I 2025-05-13 17:13:39,464] Trial 4 finished with value: 0.5563097330540059 and parameters: {'threshold_scale_factor': 0.536203570317454}. Best is trial 0 with value: 0.5567835047430737.
[I 2025-05-13 17:13:53,918] Trial 5 finished with value: 0.5506732773736946 and parameters: {'threshold_scale_factor': 0.07071223127839832}. Best is trial 0 with value: 0.5567835047430737.
[I 2025-05-13 17:14:08,375] Trial 6 finished with value: 0.5564872718028389 and parameters: {'threshold_scale_factor': 0.5777196969284466}. Best is trial 0 with value: 0.5567835047430737.
[I 2025-05-13 17:14:22,870] Trial 7 finished with value: 0.5564901060031856 and parameters: {'threshold_scale_factor': 0.5788781607700305}. Best is trial 0 with value: 0.5567835047430737.
[I 2025-05-13 17:14:37,362] Trial 8 finished with value: 0.5560614962220183 and parameters: {'threshold_scale_factor': 0.49299942117502416}. Best is trial 0 with value: 0.5567835047430737.
[I 2025-05-13 17:14:52,004] Trial 9 finished with value: 0.5511827949375829 and parameters: {'threshold_scale_factor': 0.0960189650532135}. Best is trial 0 with value: 0.5567835047430737.
[I 2025-05-13 17:15:06,436] Trial 10 finished with value: 0.5556848330547906 and parameters: {'threshold_scale_factor': 0.9916820654870859}. Best is trial 0 with value: 0.5567835047430737.
[I 2025-05-13 17:15:20,991] Trial 11 finished with value: 0.5567277411984402 and parameters: {'threshold_scale_factor': 0.7868993403015745}. Best is trial 0 with value: 0.5567835047430737.
[I 2025-05-13 17:15:35,507] Trial 12 finished with value: 0.5564542991157247 and parameters: {'threshold_scale_factor': 0.8651599459858698}. Best is trial 0 with value: 0.5567835047430737.
[I 2025-05-13 17:15:50,006] Trial 13 finished with value: 0.5567792745333427 and parameters: {'threshold_scale_factor': 0.7604452715389844}. Best is trial 0 with value: 0.5567835047430737.
[I 2025-05-13 17:16:04,508] Trial 14 finished with value: 0.5567952415162143 and parameters: {'threshold_scale_factor': 0.7383588262440984}. Best is trial 14 with value: 0.5567952415162143.
[I 2025-05-13 17:16:18,968] Trial 15 finished with value: 0.5567569012232344 and parameters: {'threshold_scale_factor': 0.6894613910574667}. Best is trial 14 with value: 0.5567952415162143.
[I 2025-05-13 17:16:33,524] Trial 16 finished with value: 0.5557687530541628 and parameters: {'threshold_scale_factor': 0.9790945894682893}. Best is trial 14 with value: 0.5567952415162143.
[I 2025-05-13 17:16:47,982] Trial 17 finished with value: 0.5548406734615415 and parameters: {'threshold_scale_factor': 0.35620510811964046}. Best is trial 14 with value: 0.5567952415162143.
[I 2025-05-13 17:17:02,444] Trial 18 finished with value: 0.5567225262497155 and parameters: {'threshold_scale_factor': 0.6715124995947792}. Best is trial 14 with value: 0.5567952415162143.
[I 2025-05-13 17:17:16,917] Trial 19 finished with value: 0.5554535921348931 and parameters: {'threshold_scale_factor': 0.4130997045524136}. Best is trial 14 with value: 0.5567952415162143.
[I 2025-05-13 17:17:31,372] Trial 20 finished with value: 0.5564014840132131 and parameters: {'threshold_scale_factor': 0.8765532433877401}. Best is trial 14 with value: 0.5567952415162143.
[I 2025-05-13 17:17:45,850] Trial 21 finished with value: 0.5567900961168781 and parameters: {'threshold_scale_factor': 0.716234838515822}. Best is trial 14 with value: 0.5567952415162143.
[I 2025-05-13 17:18:00,358] Trial 22 finished with value: 0.5566924359704666 and parameters: {'threshold_scale_factor': 0.657843669887965}. Best is trial 14 with value: 0.5567952415162143.
[I 2025-05-13 17:18:14,812] Trial 23 finished with value: 0.5567163112460671 and parameters: {'threshold_scale_factor': 0.7915697544895076}. Best is trial 14 with value: 0.5567952415162143.
[I 2025-05-13 17:18:29,284] Trial 24 finished with value: 0.5564025139467552 and parameters: {'threshold_scale_factor': 0.8763516168603535}. Best is trial 14 with value: 0.5567952415162143.
[I 2025-05-13 17:18:43,755] Trial 25 finished with value: 0.5567946667922071 and parameters: {'threshold_scale_factor': 0.7287047365291905}. Best is trial 14 with value: 0.5567952415162143.
[I 2025-05-13 17:18:58,382] Trial 26 finished with value: 0.5565550837119162 and parameters: {'threshold_scale_factor': 0.6046350308553199}. Best is trial 14 with value: 0.5567952415162143.
[I 2025-05-13 17:19:12,877] Trial 27 finished with value: 0.555948636144654 and parameters: {'threshold_scale_factor': 0.47557201602840654}. Best is trial 14 with value: 0.5567952415162143.
[I 2025-05-13 17:19:27,343] Trial 28 finished with value: 0.5567832888135646 and parameters: {'threshold_scale_factor': 0.756085828954048}. Best is trial 14 with value: 0.5567952415162143.
[I 2025-05-13 17:19:41,838] Trial 29 finished with value: 0.5561862977033951 and parameters: {'threshold_scale_factor': 0.9160277993848608}. Best is trial 14 with value: 0.5567952415162143.
[I 2025-05-13 17:19:56,318] Trial 30 finished with value: 0.5567935394393051 and parameters: {'threshold_scale_factor': 0.7243509736601812}. Best is trial 14 with value: 0.5567952415162143.
[I 2025-05-13 17:20:10,734] Trial 31 finished with value: 0.5567938437492644 and parameters: {'threshold_scale_factor': 0.724949184431492}. Best is trial 14 with value: 0.5567952415162143.
[I 2025-05-13 17:20:25,240] Trial 32 finished with value: 0.5565787699236557 and parameters: {'threshold_scale_factor': 0.6144803728347693}. Best is trial 14 with value: 0.5567952415162143.
[I 2025-05-13 17:20:39,770] Trial 33 finished with value: 0.5567953429528674 and parameters: {'threshold_scale_factor': 0.7370345191212898}. Best is trial 33 with value: 0.5567953429528674.
[I 2025-05-13 17:20:54,282] Trial 34 finished with value: 0.5565012253685787 and parameters: {'threshold_scale_factor': 0.8548616573597458}. Best is trial 33 with value: 0.5567953429528674.
[I 2025-05-13 17:21:08,753] Trial 35 finished with value: 0.5566440579682853 and parameters: {'threshold_scale_factor': 0.8177219066351233}. Best is trial 33 with value: 0.5567953429528674.
[I 2025-05-13 17:21:23,195] Trial 36 finished with value: 0.5534673718271622 and parameters: {'threshold_scale_factor': 0.23473846990622882}. Best is trial 33 with value: 0.5567953429528674.
[I 2025-05-13 17:21:37,664] Trial 37 finished with value: 0.5561680855557909 and parameters: {'threshold_scale_factor': 0.9191696469052016}. Best is trial 33 with value: 0.5567953429528674.
[I 2025-05-13 17:21:52,174] Trial 38 finished with value: 0.5563048902070632 and parameters: {'threshold_scale_factor': 0.5352865684202788}. Best is trial 33 with value: 0.5567953429528674.
[I 2025-05-13 17:22:06,643] Trial 39 finished with value: 0.5566495129502782 and parameters: {'threshold_scale_factor': 0.64157822461805}. Best is trial 33 with value: 0.5567953429528674.
[I 2025-05-13 17:22:21,134] Trial 40 finished with value: 0.55679231366272 and parameters: {'threshold_scale_factor': 0.7199259475823768}. Best is trial 33 with value: 0.5567953429528674.
[I 2025-05-13 17:22:35,584] Trial 41 finished with value: 0.5567789571671806 and parameters: {'threshold_scale_factor': 0.7605582208185316}. Best is trial 33 with value: 0.5567953429528674.
[I 2025-05-13 17:22:50,241] Trial 42 finished with value: 0.5567872363062873 and parameters: {'threshold_scale_factor': 0.7129998708353785}. Best is trial 33 with value: 0.5567953429528674.
[I 2025-05-13 17:23:04,763] Trial 43 finished with value: 0.5566565944338521 and parameters: {'threshold_scale_factor': 0.8132807481261588}. Best is trial 33 with value: 0.5567953429528674.
[I 2025-05-13 17:23:19,245] Trial 44 finished with value: 0.556388633445535 and parameters: {'threshold_scale_factor': 0.5522562133083906}. Best is trial 33 with value: 0.5567953429528674.
[I 2025-05-13 17:23:33,746] Trial 45 finished with value: 0.5566649147502137 and parameters: {'threshold_scale_factor': 0.6470569669674705}. Best is trial 33 with value: 0.5567953429528674.
[I 2025-05-13 17:23:48,208] Trial 46 finished with value: 0.5567954335930451 and parameters: {'threshold_scale_factor': 0.7357141295769904}. Best is trial 46 with value: 0.5567954335930451.
[I 2025-05-13 17:24:02,697] Trial 47 finished with value: 0.5560747811595227 and parameters: {'threshold_scale_factor': 0.9340664226940446}. Best is trial 46 with value: 0.5567954335930451.
[I 2025-05-13 17:24:17,215] Trial 48 finished with value: 0.5566487408767429 and parameters: {'threshold_scale_factor': 0.8160580694669685}. Best is trial 46 with value: 0.5567954335930451.
[I 2025-05-13 17:24:31,705] Trial 49 finished with value: 0.5492790032091268 and parameters: {'threshold_scale_factor': 0.01578425404310868}. Best is trial 46 with value: 0.5567954335930451.
[I 2025-05-13 17:24:46,189] Trial 50 finished with value: 0.5558875167949533 and parameters: {'threshold_scale_factor': 0.46630832498978697}. Best is trial 46 with value: 0.5567954335930451.
[I 2025-05-13 17:25:00,719] Trial 51 finished with value: 0.5567942796255757 and parameters: {'threshold_scale_factor': 0.7401719010967875}. Best is trial 46 with value: 0.5567954335930451.
[I 2025-05-13 17:25:15,201] Trial 52 finished with value: 0.5567591642147055 and parameters: {'threshold_scale_factor': 0.6906216957764079}. Best is trial 46 with value: 0.5567954335930451.
[I 2025-05-13 17:25:29,642] Trial 53 finished with value: 0.5567895487606808 and parameters: {'threshold_scale_factor': 0.7493559430420127}. Best is trial 46 with value: 0.5567954335930451.
[I 2025-05-13 17:25:44,115] Trial 54 finished with value: 0.5565612419712983 and parameters: {'threshold_scale_factor': 0.6072684388934314}. Best is trial 46 with value: 0.5567954335930451.
[I 2025-05-13 17:25:58,596] Trial 55 finished with value: 0.5565632563927532 and parameters: {'threshold_scale_factor': 0.8403330547386553}. Best is trial 46 with value: 0.5567954335930451.
[I 2025-05-13 17:26:13,094] Trial 56 finished with value: 0.5567614686345126 and parameters: {'threshold_scale_factor': 0.7725882498041658}. Best is trial 46 with value: 0.5567954335930451.
[I 2025-05-13 17:26:27,595] Trial 57 finished with value: 0.5567020194744564 and parameters: {'threshold_scale_factor': 0.6620850137448532}. Best is trial 46 with value: 0.5567954335930451.
[I 2025-05-13 17:26:42,086] Trial 58 finished with value: 0.5564114697486837 and parameters: {'threshold_scale_factor': 0.557368247532229}. Best is trial 46 with value: 0.5567954335930451.
[I 2025-05-13 17:26:56,727] Trial 59 finished with value: 0.5567577453569663 and parameters: {'threshold_scale_factor': 0.6898714523038738}. Best is trial 46 with value: 0.5567954335930451.
[I 2025-05-13 17:27:11,195] Trial 60 finished with value: 0.5567214571475649 and parameters: {'threshold_scale_factor': 0.7894684596453677}. Best is trial 46 with value: 0.5567954335930451.
[I 2025-05-13 17:27:25,619] Trial 61 finished with value: 0.5567933476135551 and parameters: {'threshold_scale_factor': 0.7225190610901685}. Best is trial 46 with value: 0.5567954335930451.
[I 2025-05-13 17:27:40,114] Trial 62 finished with value: 0.5567912654002778 and parameters: {'threshold_scale_factor': 0.746413866702127}. Best is trial 46 with value: 0.5567954335930451.
[I 2025-05-13 17:27:54,584] Trial 63 finished with value: 0.5566335617854985 and parameters: {'threshold_scale_factor': 0.6354008252100247}. Best is trial 46 with value: 0.5567954335930451.
[I 2025-05-13 17:28:09,051] Trial 64 finished with value: 0.556795636717432 and parameters: {'threshold_scale_factor': 0.7346131122760632}. Best is trial 64 with value: 0.556795636717432.
[I 2025-05-13 17:28:23,535] Trial 65 finished with value: 0.5565696850661833 and parameters: {'threshold_scale_factor': 0.8386116003999916}. Best is trial 64 with value: 0.556795636717432.
[I 2025-05-13 17:28:37,992] Trial 66 finished with value: 0.5567327776286985 and parameters: {'threshold_scale_factor': 0.6764345251333606}. Best is trial 64 with value: 0.556795636717432.
[I 2025-05-13 17:28:52,517] Trial 67 finished with value: 0.5563385598945461 and parameters: {'threshold_scale_factor': 0.8888248340212512}. Best is trial 64 with value: 0.556795636717432.
[I 2025-05-13 17:29:07,021] Trial 68 finished with value: 0.5558400763285707 and parameters: {'threshold_scale_factor': 0.9685788628286276}. Best is trial 64 with value: 0.556795636717432.
[I 2025-05-13 17:29:21,521] Trial 69 finished with value: 0.5567463402615949 and parameters: {'threshold_scale_factor': 0.7797931500914623}. Best is trial 64 with value: 0.556795636717432.
[I 2025-05-13 17:29:36,009] Trial 70 finished with value: 0.5565077680327033 and parameters: {'threshold_scale_factor': 0.5852383803947013}. Best is trial 64 with value: 0.556795636717432.
[I 2025-05-13 17:29:50,506] Trial 71 finished with value: 0.5567948063931455 and parameters: {'threshold_scale_factor': 0.730762464707607}. Best is trial 64 with value: 0.556795636717432.
[I 2025-05-13 17:30:04,940] Trial 72 finished with value: 0.556794008960447 and parameters: {'threshold_scale_factor': 0.741458564572313}. Best is trial 64 with value: 0.556795636717432.
[I 2025-05-13 17:30:19,473] Trial 73 finished with value: 0.5566676058344906 and parameters: {'threshold_scale_factor': 0.8097347568673389}. Best is trial 64 with value: 0.556795636717432.
[I 2025-05-13 17:30:33,980] Trial 74 finished with value: 0.556793363682728 and parameters: {'threshold_scale_factor': 0.7430731925864169}. Best is trial 64 with value: 0.556795636717432.
[I 2025-05-13 17:30:48,642] Trial 75 finished with value: 0.5567607990019537 and parameters: {'threshold_scale_factor': 0.6918117983580321}. Best is trial 64 with value: 0.556795636717432.
[I 2025-05-13 17:31:03,122] Trial 76 finished with value: 0.5567269535578937 and parameters: {'threshold_scale_factor': 0.7873001662351863}. Best is trial 64 with value: 0.556795636717432.
[I 2025-05-13 17:31:17,644] Trial 77 finished with value: 0.5566079661040887 and parameters: {'threshold_scale_factor': 0.6256427189711927}. Best is trial 64 with value: 0.556795636717432.
[I 2025-05-13 17:31:32,118] Trial 78 finished with value: 0.556772725090036 and parameters: {'threshold_scale_factor': 0.7001416217228836}. Best is trial 64 with value: 0.556795636717432.
[I 2025-05-13 17:31:46,588] Trial 79 finished with value: 0.5567952543213364 and parameters: {'threshold_scale_factor': 0.7383562413906588}. Best is trial 64 with value: 0.556795636717432.
[I 2025-05-13 17:32:01,055] Trial 80 finished with value: 0.5537017382011629 and parameters: {'threshold_scale_factor': 0.25227007458251144}. Best is trial 64 with value: 0.556795636717432.
[I 2025-05-13 17:32:15,563] Trial 81 finished with value: 0.5567139842289857 and parameters: {'threshold_scale_factor': 0.6677258497516774}. Best is trial 64 with value: 0.556795636717432.
[I 2025-05-13 17:32:30,053] Trial 82 finished with value: 0.5567936790402436 and parameters: {'threshold_scale_factor': 0.7266137242983998}. Best is trial 64 with value: 0.556795636717432.
[I 2025-05-13 17:32:44,546] Trial 83 finished with value: 0.5565897044935622 and parameters: {'threshold_scale_factor': 0.8337247397149712}. Best is trial 64 with value: 0.556795636717432.
[I 2025-05-13 17:32:59,027] Trial 84 finished with value: 0.5567731647325597 and parameters: {'threshold_scale_factor': 0.7652488317005133}. Best is trial 64 with value: 0.556795636717432.
[I 2025-05-13 17:33:13,539] Trial 85 finished with value: 0.5567947124889172 and parameters: {'threshold_scale_factor': 0.7396076737791122}. Best is trial 64 with value: 0.556795636717432.
[I 2025-05-13 17:33:28,027] Trial 86 finished with value: 0.556460093810073 and parameters: {'threshold_scale_factor': 0.8639061783842708}. Best is trial 64 with value: 0.556795636717432.
[I 2025-05-13 17:33:42,543] Trial 87 finished with value: 0.5566939007759967 and parameters: {'threshold_scale_factor': 0.8000384625948853}. Best is trial 64 with value: 0.556795636717432.
[I 2025-05-13 17:33:57,019] Trial 88 finished with value: 0.5567781810763521 and parameters: {'threshold_scale_factor': 0.704422988842989}. Best is trial 64 with value: 0.556795636717432.
[I 2025-05-13 17:34:11,481] Trial 89 finished with value: 0.556696463809053 and parameters: {'threshold_scale_factor': 0.6596520659083713}. Best is trial 64 with value: 0.556795636717432.
[I 2025-05-13 17:34:25,919] Trial 90 finished with value: 0.5562746507858045 and parameters: {'threshold_scale_factor': 0.9005953284091273}. Best is trial 64 with value: 0.556795636717432.
[I 2025-05-13 17:34:40,410] Trial 91 finished with value: 0.556794666792207 and parameters: {'threshold_scale_factor': 0.7396937278915432}. Best is trial 64 with value: 0.556795636717432.
[I 2025-05-13 17:34:55,068] Trial 92 finished with value: 0.5567702665066027 and parameters: {'threshold_scale_factor': 0.7673416381011255}. Best is trial 64 with value: 0.556795636717432.
[I 2025-05-13 17:35:09,460] Trial 93 finished with value: 0.5567955837393781 and parameters: {'threshold_scale_factor': 0.7329127565972963}. Best is trial 64 with value: 0.556795636717432.
[I 2025-05-13 17:35:23,960] Trial 94 finished with value: 0.5567816921906017 and parameters: {'threshold_scale_factor': 0.7067007851783517}. Best is trial 64 with value: 0.556795636717432.
[I 2025-05-13 17:35:38,422] Trial 95 finished with value: 0.5566147410179758 and parameters: {'threshold_scale_factor': 0.8267673963597986}. Best is trial 64 with value: 0.556795636717432.
[I 2025-05-13 17:35:52,927] Trial 96 finished with value: 0.5567360906401776 and parameters: {'threshold_scale_factor': 0.6778461990249766}. Best is trial 64 with value: 0.556795636717432.
[I 2025-05-13 17:36:07,402] Trial 97 finished with value: 0.5567049340206671 and parameters: {'threshold_scale_factor': 0.7957011749433925}. Best is trial 64 with value: 0.556795636717432.
[I 2025-05-13 17:36:21,834] Trial 98 finished with value: 0.5567948679079475 and parameters: {'threshold_scale_factor': 0.7309296937615771}. Best is trial 64 with value: 0.556795636717432.
